SVS client starting: /ndn/be-site/be/svs_core/be
Sending Sync interest
Received update: /ndn/nl-site/nl/svs_core/nl=1, 1741652701155
Received update: /ndn/is-site/is/svs_core/is=1, 1741652702744
Received update: /ndn/de2-site/de2/svs_core/de2=1, 1741652702744
Received update: /ndn/lu-site/lu/svs_core/lu=1, 1741652703683
Received update: /ndn/ch-site/ch/svs_core/ch=1, 1741652705155
Received update: /ndn/mk-site/mk/svs_core/mk=1, 1741652705155
Received update: /ndn/pt-site/pt/svs_core/pt=1, 1741652707987
Received update: /ndn/de1-site/de1/svs_core/de1=1, 1741652707987
Received update: /ndn/al-site/al/svs_core/al=1, 1741652709157
Received update: /ndn/me-site/me/svs_core/me=1, 1741652712612
Received update: /ndn/fr1-site/fr1/svs_core/fr1=1, 1741652712612
Received update: /ndn/tr-site/tr/svs_core/tr=1, 1741652712866
Received update: /ndn/by-site/by/svs_core/by=1, 1741652714009
Received update: /ndn/cz-site/cz/svs_core/cz=1, 1741652714120
Received update: /ndn/hu-site/hu/svs_core/hu=1, 1741652717371
Received update: /ndn/pl-site/pl/svs_core/pl=1, 1741652717371
Received update: /ndn/hr-site/hr/svs_core/hr=1, 1741652720622
Received update: /ndn/it-site/it/svs_core/it=1, 1741652720622
Received update: /ndn/lt-site/lt/svs_core/lt=1, 1741652720622
Received update: /ndn/ro-site/ro/svs_core/ro=1, 1741652720622
Received update: /ndn/ua-site/ua/svs_core/ua=1, 1741652720622
Received update: /ndn/az-site/az/svs_core/az=1, 1741652721845
Received update: /ndn/bg-site/bg/svs_core/bg=1, 1741652721845
Received update: /ndn/md-site/md/svs_core/md=1, 1741652721845
Received update: /ndn/mt-site/mt/svs_core/mt=1, 1741652721845
Received update: /ndn/cy-site/cy/svs_core/cy=1, 1741652723706
Received update: /ndn/dk-site/dk/svs_core/dk=1, 1741652726152
Received update: /ndn/gr-site/gr/svs_core/gr=1, 1741652726152
Received update: /ndn/sk-site/sk/svs_core/sk=1, 1741652726152
Received update: /ndn/ge-site/ge/svs_core/ge=1, 1741652729304
Received update: /ndn/fr2-site/fr2/svs_core/fr2=1, 1741652735847
Received update: /ndn/ee-site/ee/svs_core/ee=1, 1741652736112
Received update: /ndn/lv-site/lv/svs_core/lv=1, 1741652736112
Received update: /ndn/uk-site/uk/svs_core/uk=1, 1741652736230
Published sequence number: /ndn/be-site/be/svs_core/be=1, 1741652737765
Sending Sync interest
Received update: /ndn/ie-site/ie/svs_core/ie=1, 1741652740073
Sending Sync interest
Received update: /ndn/si-site/si/svs_core/si=1, 1741652740403
Sending Sync interest
Received update: /ndn/es-site/es/svs_core/es=1, 1741652740814
Sending Sync interest
Received update: /ndn/il-site/il/svs_core/il=1, 1741652741312
Sending Sync interest
Received update: /ndn/at-site/at/svs_core/at=1, 1741652741399
Received update: /ndn/pt-site/pt/svs_core/pt=2, 1741652750990
Sending Sync interest
Received update: /ndn/by-site/by/svs_core/by=2, 1741652758985
Received update: /ndn/me-site/me/svs_core/me=2, 1741652759056
Sending Sync interest
Received update: /ndn/ch-site/ch/svs_core/ch=2, 1741652759625
Received update: /ndn/cz-site/cz/svs_core/cz=2, 1741652759625
Received update: /ndn/lu-site/lu/svs_core/lu=2, 1741652759625
Received update: /ndn/tr-site/tr/svs_core/tr=2, 1741652759625
Received update: /ndn/de1-site/de1/svs_core/de1=2, 1741652759625
Received update: /ndn/de2-site/de2/svs_core/de2=2, 1741652759625
Sending Sync interest
Received update: /ndn/bg-site/bg/svs_core/bg=2, 1741652767196
Received update: /ndn/fi-site/fi/svs_core/fi=1, 1741652767196
Received update: /ndn/hr-site/hr/svs_core/hr=2, 1741652767196
Received update: /ndn/is-site/is/svs_core/is=2, 1741652767196
Received update: /ndn/no-site/no/svs_core/no=1, 1741652767196
Received update: /ndn/pl-site/pl/svs_core/pl=2, 1741652767196
Received update: /ndn/se-site/se/svs_core/se=1, 1741652767196
Received update: /ndn/az-site/az/svs_core/az=2, 1741652767381
Received update: /ndn/hu-site/hu/svs_core/hu=2, 1741652767381
Received update: /ndn/ua-site/ua/svs_core/ua=2, 1741652767381
Received update: /ndn/fr1-site/fr1/svs_core/fr1=2, 1741652767381
Received update: /ndn/it-site/it/svs_core/it=2, 1741652767429
Sending Sync interest
Sending Sync interest
Received update: /ndn/dk-site/dk/svs_core/dk=2, 1741652770523
Sending Sync interest
Received update: /ndn/cy-site/cy/svs_core/cy=2, 1741652773529
Received update: /ndn/mk-site/mk/svs_core/mk=2, 1741652773529
Received update: /ndn/mt-site/mt/svs_core/mt=2, 1741652773529
Received update: /ndn/ro-site/ro/svs_core/ro=2, 1741652773529
Received update: /ndn/sk-site/sk/svs_core/sk=2, 1741652773529
Received update: /ndn/uk-site/uk/svs_core/uk=2, 1741652781232
Published sequence number: /ndn/be-site/be/svs_core/be=2, 1741652782769
Sending Sync interest
Received update: /ndn/is-site/is/svs_core/is=3, 1741652791306
Sending Sync interest
Max suppression time updated to: 52
Received update: /ndn/ee-site/ee/svs_core/ee=2, 1741652791736
Received update: /ndn/gr-site/gr/svs_core/gr=2, 1741652791736
Received update: /ndn/nl-site/nl/svs_core/nl=2, 1741652791736
Received update: /ndn/nl-site/nl/svs_core/nl=3, 1741652791736
Received update: /ndn/al-site/al/svs_core/al=2, 1741652795086
Received update: /ndn/me-site/me/svs_core/me=3, 1741652795086
Received update: /ndn/de2-site/de2/svs_core/de2=3, 1741652795086
Sending Sync interest
Received update: /ndn/al-site/al/svs_core/al=3, 1741652802632
Received update: /ndn/at-site/at/svs_core/at=2, 1741652802632
Received update: /ndn/ch-site/ch/svs_core/ch=3, 1741652802632
Received update: /ndn/es-site/es/svs_core/es=2, 1741652802632
Received update: /ndn/ie-site/ie/svs_core/ie=2, 1741652802632
Received update: /ndn/il-site/il/svs_core/il=2, 1741652802632
Received update: /ndn/rs-site/rs/svs_core/rs=1, 1741652802632
Received update: /ndn/rs-site/rs/svs_core/rs=2, 1741652802632
Received update: /ndn/tr-site/tr/svs_core/tr=3, 1741652802632
Received update: /ndn/fr1-site/fr1/svs_core/fr1=3, 1741652802632
Received update: /ndn/fr2-site/fr2/svs_core/fr2=2, 1741652802632
Sending Sync interest
Received update: /ndn/pt-site/pt/svs_core/pt=3, 1741652802986
Sending Sync interest
Received update: /ndn/ge-site/ge/svs_core/ge=2, 1741652806761
Received update: /ndn/hr-site/hr/svs_core/hr=3, 1741652806761
Received update: /ndn/hu-site/hu/svs_core/hu=3, 1741652806761
Sending Sync interest
Received update: /ndn/cz-site/cz/svs_core/cz=3, 1741652810590
Received update: /ndn/lt-site/lt/svs_core/lt=2, 1741652810590
Received update: /ndn/ro-site/ro/svs_core/ro=3, 1741652810590
Received update: /ndn/am-site/am/svs_core/am=1, 1741652813872
Received update: /ndn/am-site/am/svs_core/am=2, 1741652813872
Received update: /ndn/az-site/az/svs_core/az=3, 1741652813872
Received update: /ndn/bg-site/bg/svs_core/bg=3, 1741652813872
Received update: /ndn/by-site/by/svs_core/by=3, 1741652813872
Received update: /ndn/cy-site/cy/svs_core/cy=3, 1741652813872
Received update: /ndn/it-site/it/svs_core/it=3, 1741652813872
Received update: /ndn/lu-site/lu/svs_core/lu=3, 1741652813872
Received update: /ndn/mk-site/mk/svs_core/mk=3, 1741652813872
Received update: /ndn/pl-site/pl/svs_core/pl=3, 1741652813872
Received update: /ndn/si-site/si/svs_core/si=2, 1741652813872
Received update: /ndn/ua-site/ua/svs_core/ua=3, 1741652813872
Published sequence number: /ndn/be-site/be/svs_core/be=3, 1741652827774
Sending Sync interest
Received update: /ndn/es-site/es/svs_core/es=3, 1741652832927
Received update: /ndn/fr2-site/fr2/svs_core/fr2=3, 1741652832927
Sending Sync interest
Max suppression time updated to: 52
Received update: /ndn/lv-site/lv/svs_core/lv=2, 1741652833060
Received update: /ndn/lv-site/lv/svs_core/lv=3, 1741652833060
Received update: /ndn/de1-site/de1/svs_core/de1=3, 1741652833060
Received update: /ndn/nl-site/nl/svs_core/nl=4, 1741652836203
Received update: /ndn/pt-site/pt/svs_core/pt=4, 1741652840996
Received update: /ndn/uk-site/uk/svs_core/uk=3, 1741652840996
Received update: /ndn/at-site/at/svs_core/at=3, 1741652860541
Received update: /ndn/az-site/az/svs_core/az=4, 1741652860541
Received update: /ndn/by-site/by/svs_core/by=4, 1741652860541
Received update: /ndn/ch-site/ch/svs_core/ch=4, 1741652860541
Received update: /ndn/cz-site/cz/svs_core/cz=4, 1741652860541
Received update: /ndn/dk-site/dk/svs_core/dk=3, 1741652860541
Received update: /ndn/dk-site/dk/svs_core/dk=4, 1741652860541
Received update: /ndn/fi-site/fi/svs_core/fi=2, 1741652860541
Received update: /ndn/fi-site/fi/svs_core/fi=3, 1741652860541
Received update: /ndn/ge-site/ge/svs_core/ge=3, 1741652860541
Received update: /ndn/hu-site/hu/svs_core/hu=4, 1741652860541
Received update: /ndn/is-site/is/svs_core/is=4, 1741652860541
Received update: /ndn/lt-site/lt/svs_core/lt=3, 1741652860541
Received update: /ndn/lu-site/lu/svs_core/lu=4, 1741652860541
Received update: /ndn/me-site/me/svs_core/me=4, 1741652860541
Received update: /ndn/mt-site/mt/svs_core/mt=3, 1741652860541
Received update: /ndn/mt-site/mt/svs_core/mt=4, 1741652860541
Received update: /ndn/no-site/no/svs_core/no=2, 1741652860541
Received update: /ndn/no-site/no/svs_core/no=3, 1741652860541
Received update: /ndn/pl-site/pl/svs_core/pl=4, 1741652860541
Received update: /ndn/se-site/se/svs_core/se=2, 1741652860541
Received update: /ndn/se-site/se/svs_core/se=3, 1741652860541
Received update: /ndn/tr-site/tr/svs_core/tr=4, 1741652860541
Received update: /ndn/de2-site/de2/svs_core/de2=4, 1741652860541
Received update: /ndn/fr1-site/fr1/svs_core/fr1=4, 1741652860541
Published sequence number: /ndn/be-site/be/svs_core/be=4, 1741652872779
Sending Sync interest
Max suppression time updated to: 52
Received update: /ndn/al-site/al/svs_core/al=4, 1741652873119
Received update: /ndn/it-site/it/svs_core/it=4, 1741652873119
Received update: /ndn/rs-site/rs/svs_core/rs=3, 1741652873119
Received update: /ndn/sk-site/sk/svs_core/sk=3, 1741652873119
Received update: /ndn/uk-site/uk/svs_core/uk=4, 1741652873119
Received update: /ndn/de1-site/de1/svs_core/de1=4, 1741652873119
Received update: /ndn/am-site/am/svs_core/am=3, 1741652887809
Received update: /ndn/am-site/am/svs_core/am=4, 1741652887809
Received update: /ndn/hr-site/hr/svs_core/hr=4, 1741652887809
Received update: /ndn/il-site/il/svs_core/il=3, 1741652887809
Received update: /ndn/il-site/il/svs_core/il=4, 1741652887809
Received update: /ndn/is-site/is/svs_core/is=5, 1741652887809
Received update: /ndn/nl-site/nl/svs_core/nl=5, 1741652887809
Received update: /ndn/sk-site/sk/svs_core/sk=4, 1741652887809
Received update: /ndn/ua-site/ua/svs_core/ua=4, 1741652887809
Received update: /ndn/de1-site/de1/svs_core/de1=5, 1741652887809
Received update: /ndn/at-site/at/svs_core/at=4, 1741652894232
Received update: /ndn/bg-site/bg/svs_core/bg=4, 1741652894232
Received update: /ndn/ch-site/ch/svs_core/ch=5, 1741652894232
Received update: /ndn/cz-site/cz/svs_core/cz=5, 1741652894232
Received update: /ndn/ge-site/ge/svs_core/ge=4, 1741652894232
Received update: /ndn/gr-site/gr/svs_core/gr=3, 1741652894232
Received update: /ndn/gr-site/gr/svs_core/gr=4, 1741652894232
Received update: /ndn/md-site/md/svs_core/md=2, 1741652894232
Received update: /ndn/md-site/md/svs_core/md=3, 1741652894232
Received update: /ndn/md-site/md/svs_core/md=4, 1741652894232
Received update: /ndn/ro-site/ro/svs_core/ro=4, 1741652894232
Received update: /ndn/rs-site/rs/svs_core/rs=4, 1741652894232
Received update: /ndn/tr-site/tr/svs_core/tr=5, 1741652894232
Received update: /ndn/de2-site/de2/svs_core/de2=5, 1741652894232
Received update: /ndn/fr1-site/fr1/svs_core/fr1=5, 1741652894232
Received update: /ndn/hu-site/hu/svs_core/hu=5, 1741652896108
Received update: /ndn/lu-site/lu/svs_core/lu=5, 1741652896108
Received update: /ndn/fr2-site/fr2/svs_core/fr2=4, 1741652896108
Sending Sync interest
Received update: /ndn/it-site/it/svs_core/it=5, 1741652898773
Sending Sync interest
Sending Sync interest
Received update: /ndn/ee-site/ee/svs_core/ee=3, 1741652898882
Received update: /ndn/ee-site/ee/svs_core/ee=4, 1741652898882
Received update: /ndn/lt-site/lt/svs_core/lt=4, 1741652898882
Sending Sync interest
Received update: /ndn/md-site/md/svs_core/md=5, 1741652899828
Received update: /ndn/si-site/si/svs_core/si=3, 1741652899828
Received update: /ndn/si-site/si/svs_core/si=4, 1741652899828
Sending Sync interest
Received update: /ndn/hr-site/hr/svs_core/hr=5, 1741652900108
Received update: /ndn/pl-site/pl/svs_core/pl=5, 1741652901146
Received update: /ndn/cy-site/cy/svs_core/cy=4, 1741652902262
Received update: /ndn/me-site/me/svs_core/me=5, 1741652902262
Received update: /ndn/mk-site/mk/svs_core/mk=4, 1741652902262
Received update: /ndn/mk-site/mk/svs_core/mk=5, 1741652902262
Published sequence number: /ndn/be-site/be/svs_core/be=5, 1741652917785
Sending Sync interest
Received update: /ndn/nl-site/nl/svs_core/nl=6, 1741652926184
Sending Sync interest
Received update: /ndn/at-site/at/svs_core/at=5, 1741652928541
Received update: /ndn/az-site/az/svs_core/az=5, 1741652928541
Received update: /ndn/bg-site/bg/svs_core/bg=5, 1741652928541
Received update: /ndn/ch-site/ch/svs_core/ch=6, 1741652928541
Received update: /ndn/il-site/il/svs_core/il=5, 1741652928541
Received update: /ndn/pt-site/pt/svs_core/pt=5, 1741652928541
Received update: /ndn/ua-site/ua/svs_core/ua=5, 1741652928541
Received update: /ndn/uk-site/uk/svs_core/uk=5, 1741652928541
Received update: /ndn/de2-site/de2/svs_core/de2=6, 1741652928541
Sending Sync interest
Received update: /ndn/cy-site/cy/svs_core/cy=5, 1741652929531
Received update: /ndn/ge-site/ge/svs_core/ge=5, 1741652929531
Received update: /ndn/gr-site/gr/svs_core/gr=5, 1741652929531
Received update: /ndn/lu-site/lu/svs_core/lu=6, 1741652929531
Received update: /ndn/ro-site/ro/svs_core/ro=5, 1741652929531
Received update: /ndn/rs-site/rs/svs_core/rs=5, 1741652929531
Received update: /ndn/sk-site/sk/svs_core/sk=5, 1741652929531
Received update: /ndn/al-site/al/svs_core/al=5, 1741652938326
Received update: /ndn/al-site/al/svs_core/al=6, 1741652938326
Received update: /ndn/es-site/es/svs_core/es=4, 1741652938326
Received update: /ndn/es-site/es/svs_core/es=5, 1741652938326
Received update: /ndn/mk-site/mk/svs_core/mk=6, 1741652938326
Received update: /ndn/fr1-site/fr1/svs_core/fr1=6, 1741652938326
Received update: /ndn/fr2-site/fr2/svs_core/fr2=5, 1741652938326
Received update: /ndn/cz-site/cz/svs_core/cz=6, 1741652954448
Received update: /ndn/dk-site/dk/svs_core/dk=5, 1741652954448
Received update: /ndn/ge-site/ge/svs_core/ge=6, 1741652954448
Received update: /ndn/hr-site/hr/svs_core/hr=6, 1741652954448
Received update: /ndn/hu-site/hu/svs_core/hu=6, 1741652954448
Received update: /ndn/no-site/no/svs_core/no=4, 1741652954448
Received update: /ndn/no-site/no/svs_core/no=5, 1741652954448
Received update: /ndn/se-site/se/svs_core/se=4, 1741652954448
Received update: /ndn/se-site/se/svs_core/se=5, 1741652954448
Received update: /ndn/tr-site/tr/svs_core/tr=6, 1741652954448
Received update: /ndn/de1-site/de1/svs_core/de1=6, 1741652954448
Received update: /ndn/is-site/is/svs_core/is=6, 1741652954912
Received update: /ndn/pl-site/pl/svs_core/pl=6, 1741652956416
Sending Sync interest
Received update: /ndn/am-site/am/svs_core/am=5, 1741652956854
Received update: /ndn/az-site/az/svs_core/az=6, 1741652956854
Received update: /ndn/cy-site/cy/svs_core/cy=6, 1741652956854
Received update: /ndn/mt-site/mt/svs_core/mt=5, 1741652956854
Received update: /ndn/mt-site/mt/svs_core/mt=6, 1741652956854
Sending Sync interest
Received update: /ndn/dk-site/dk/svs_core/dk=6, 1741652957282
Received update: /ndn/ee-site/ee/svs_core/ee=5, 1741652957282
Received update: /ndn/fi-site/fi/svs_core/fi=4, 1741652957282
Received update: /ndn/fi-site/fi/svs_core/fi=5, 1741652957282
Received update: /ndn/lv-site/lv/svs_core/lv=4, 1741652957282
Received update: /ndn/lv-site/lv/svs_core/lv=5, 1741652957282
Published sequence number: /ndn/be-site/be/svs_core/be=6, 1741652962790
Sending Sync interest
Received update: /ndn/bg-site/bg/svs_core/bg=6, 1741652971178
Received update: /ndn/gr-site/gr/svs_core/gr=6, 1741652971178
Received update: /ndn/il-site/il/svs_core/il=6, 1741652971178
Received update: /ndn/it-site/it/svs_core/it=6, 1741652971178
Received update: /ndn/md-site/md/svs_core/md=6, 1741652971178
Received update: /ndn/me-site/me/svs_core/me=6, 1741652971178
Received update: /ndn/nl-site/nl/svs_core/nl=7, 1741652971178
Received update: /ndn/ro-site/ro/svs_core/ro=6, 1741652971178
Received update: /ndn/si-site/si/svs_core/si=5, 1741652971178
Received update: /ndn/sk-site/sk/svs_core/sk=6, 1741652971178
Received update: /ndn/uk-site/uk/svs_core/uk=6, 1741652971178
Sending Sync interest
Max suppression time updated to: 240
Received update: /ndn/pt-site/pt/svs_core/pt=6, 1741652973582
Received update: /ndn/de2-site/de2/svs_core/de2=7, 1741652973854
Received update: /ndn/at-site/at/svs_core/at=6, 1741652988979
Received update: /ndn/ch-site/ch/svs_core/ch=7, 1741652988979
Received update: /ndn/cz-site/cz/svs_core/cz=7, 1741652988979
Received update: /ndn/hu-site/hu/svs_core/hu=7, 1741652988979
Received update: /ndn/it-site/it/svs_core/it=7, 1741652988979
Received update: /ndn/pl-site/pl/svs_core/pl=7, 1741652988979
Received update: /ndn/tr-site/tr/svs_core/tr=7, 1741652988979
Received update: /ndn/ua-site/ua/svs_core/ua=6, 1741652988979
Received update: /ndn/fr2-site/fr2/svs_core/fr2=6, 1741652988979
Received update: /ndn/am-site/am/svs_core/am=6, 1741652990773
Received update: /ndn/ee-site/ee/svs_core/ee=6, 1741652990773
Received update: /ndn/hr-site/hr/svs_core/hr=7, 1741652990773
Received update: /ndn/lt-site/lt/svs_core/lt=5, 1741652990773
Received update: /ndn/lt-site/lt/svs_core/lt=6, 1741652990773
Received update: /ndn/lt-site/lt/svs_core/lt=7, 1741652990773
Received update: /ndn/lu-site/lu/svs_core/lu=7, 1741652990773
Received update: /ndn/lv-site/lv/svs_core/lv=6, 1741652990773
Received update: /ndn/de1-site/de1/svs_core/de1=7, 1741652990773
Received update: /ndn/me-site/me/svs_core/me=7, 1741652990811
Received update: /ndn/bg-site/bg/svs_core/bg=7, 1741652999821
Received update: /ndn/cy-site/cy/svs_core/cy=7, 1741652999821
Received update: /ndn/dk-site/dk/svs_core/dk=7, 1741652999821
Received update: /ndn/es-site/es/svs_core/es=6, 1741652999821
Received update: /ndn/ge-site/ge/svs_core/ge=7, 1741652999821
Received update: /ndn/ie-site/ie/svs_core/ie=3, 1741652999821
Received update: /ndn/ie-site/ie/svs_core/ie=4, 1741652999821
Received update: /ndn/ie-site/ie/svs_core/ie=5, 1741652999821
Received update: /ndn/ie-site/ie/svs_core/ie=6, 1741652999821
Received update: /ndn/mk-site/mk/svs_core/mk=7, 1741652999821
Received update: /ndn/ro-site/ro/svs_core/ro=7, 1741652999821
Received update: /ndn/sk-site/sk/svs_core/sk=7, 1741652999821
Received update: /ndn/fr1-site/fr1/svs_core/fr1=7, 1741652999821
Received update: /ndn/fi-site/fi/svs_core/fi=6, 1741653004742
Received update: /ndn/is-site/is/svs_core/is=7, 1741653004742
Received update: /ndn/se-site/se/svs_core/se=6, 1741653004742
Received update: /ndn/se-site/se/svs_core/se=7, 1741653004742
Sending Sync interest
Received update: /ndn/az-site/az/svs_core/az=7, 1741653006265
Received update: /ndn/gr-site/gr/svs_core/gr=7, 1741653006265
Received update: /ndn/il-site/il/svs_core/il=7, 1741653006265
Received update: /ndn/uk-site/uk/svs_core/uk=7, 1741653006265
Received update: /ndn/fr2-site/fr2/svs_core/fr2=7, 1741653006265
Received update: /ndn/si-site/si/svs_core/si=6, 1741653006959
Received update: /ndn/si-site/si/svs_core/si=7, 1741653006959
Received update: /ndn/am-site/am/svs_core/am=7, 1741653007172
Published sequence number: /ndn/be-site/be/svs_core/be=7, 1741653007796
Sending Sync interest
Received update: /ndn/at-site/at/svs_core/at=7, 1741653016285
Received update: /ndn/de2-site/de2/svs_core/de2=8, 1741653016285
Sending Sync interest
Received update: /ndn/ch-site/ch/svs_core/ch=8, 1741653018706
Sending Sync interest
Received update: /ndn/is-site/is/svs_core/is=8, 1741653019181
Received update: /ndn/md-site/md/svs_core/md=7, 1741653019181
Received update: /ndn/nl-site/nl/svs_core/nl=8, 1741653019181
Received update: /ndn/ua-site/ua/svs_core/ua=7, 1741653019181
Sending Sync interest
Received update: /ndn/pt-site/pt/svs_core/pt=7, 1741653021010
Received update: /ndn/pt-site/pt/svs_core/pt=8, 1741653021010
Sending Sync interest
Received update: /ndn/hu-site/hu/svs_core/hu=8, 1741653032078
Received update: /ndn/ie-site/ie/svs_core/ie=7, 1741653032078
Received update: /ndn/lu-site/lu/svs_core/lu=8, 1741653032078
Received update: /ndn/me-site/me/svs_core/me=8, 1741653032078
Received update: /ndn/mk-site/mk/svs_core/mk=8, 1741653032078
Received update: /ndn/hr-site/hr/svs_core/hr=8, 1741653034041
Received update: /ndn/it-site/it/svs_core/it=8, 1741653034041
Received update: /ndn/mt-site/mt/svs_core/mt=7, 1741653034041
Received update: /ndn/tr-site/tr/svs_core/tr=8, 1741653034041
Received update: /ndn/de1-site/de1/svs_core/de1=8, 1741653034236
Sending Sync interest
Received update: /ndn/cy-site/cy/svs_core/cy=8, 1741653038723
Received update: /ndn/ro-site/ro/svs_core/ro=8, 1741653038723
Received update: /ndn/fr1-site/fr1/svs_core/fr1=8, 1741653038723
Received update: /ndn/bg-site/bg/svs_core/bg=8, 1741653038867
Received update: /ndn/by-site/by/svs_core/by=5, 1741653038867
Received update: /ndn/by-site/by/svs_core/by=6, 1741653038867
Received update: /ndn/by-site/by/svs_core/by=7, 1741653038867
Received update: /ndn/by-site/by/svs_core/by=8, 1741653038867
Received update: /ndn/pl-site/pl/svs_core/pl=8, 1741653038867
Received update: /ndn/az-site/az/svs_core/az=8, 1741653051250
Received update: /ndn/dk-site/dk/svs_core/dk=8, 1741653051250
Received update: /ndn/ee-site/ee/svs_core/ee=7, 1741653051250
Received update: /ndn/ee-site/ee/svs_core/ee=8, 1741653051250
Received update: /ndn/lt-site/lt/svs_core/lt=8, 1741653051250
Received update: /ndn/lv-site/lv/svs_core/lv=7, 1741653051250
Received update: /ndn/lv-site/lv/svs_core/lv=8, 1741653051250
Received update: /ndn/rs-site/rs/svs_core/rs=6, 1741653051250
Received update: /ndn/rs-site/rs/svs_core/rs=7, 1741653051250
Received update: /ndn/uk-site/uk/svs_core/uk=8, 1741653051250
Received update: /ndn/fr2-site/fr2/svs_core/fr2=8, 1741653052118
Sending Sync interest
Received update: /ndn/cz-site/cz/svs_core/cz=8, 1741653052391
Published sequence number: /ndn/be-site/be/svs_core/be=8, 1741653052802
Sending Sync interest
Received update: /ndn/at-site/at/svs_core/at=8, 1741653063537
Received update: /ndn/ch-site/ch/svs_core/ch=9, 1741653063537
Received update: /ndn/ge-site/ge/svs_core/ge=8, 1741653063537
Received update: /ndn/rs-site/rs/svs_core/rs=8, 1741653063537
Sending Sync interest
Received update: /ndn/ie-site/ie/svs_core/ie=8, 1741653065352
Received update: /ndn/ua-site/ua/svs_core/ua=8, 1741653065352
Received update: /ndn/de2-site/de2/svs_core/de2=9, 1741653065352
Received update: /ndn/nl-site/nl/svs_core/nl=9, 1741653065538
Received update: /ndn/by-site/by/svs_core/by=9, 1741653074210
Received update: /ndn/lu-site/lu/svs_core/lu=9, 1741653074210
Received update: /ndn/tr-site/tr/svs_core/tr=9, 1741653074210
Sending Sync interest
Received update: /ndn/cz-site/cz/svs_core/cz=9, 1741653075054
Received update: /ndn/gr-site/gr/svs_core/gr=8, 1741653075054
Received update: /ndn/hu-site/hu/svs_core/hu=9, 1741653075054
Received update: /ndn/me-site/me/svs_core/me=9, 1741653075054
Received update: /ndn/sk-site/sk/svs_core/sk=8, 1741653075054
Sending Sync interest
Received update: /ndn/am-site/am/svs_core/am=8, 1741653080379
Received update: /ndn/hr-site/hr/svs_core/hr=9, 1741653080379
Received update: /ndn/ro-site/ro/svs_core/ro=9, 1741653080379
Received update: /ndn/si-site/si/svs_core/si=8, 1741653080379
Sending Sync interest
Received update: /ndn/bg-site/bg/svs_core/bg=9, 1741653082500
Received update: /ndn/il-site/il/svs_core/il=8, 1741653082500
Received update: /ndn/it-site/it/svs_core/it=9, 1741653082500
Received update: /ndn/lt-site/lt/svs_core/lt=9, 1741653082500
Received update: /ndn/mk-site/mk/svs_core/mk=9, 1741653082500
Received update: /ndn/pl-site/pl/svs_core/pl=9, 1741653082500
Received update: /ndn/ua-site/ua/svs_core/ua=9, 1741653082500
Received update: /ndn/dk-site/dk/svs_core/dk=9, 1741653089157
Received update: /ndn/fi-site/fi/svs_core/fi=7, 1741653089157
Received update: /ndn/fi-site/fi/svs_core/fi=8, 1741653089157
Received update: /ndn/is-site/is/svs_core/is=9, 1741653089157
Received update: /ndn/no-site/no/svs_core/no=6, 1741653089157
Received update: /ndn/no-site/no/svs_core/no=7, 1741653089157
Received update: /ndn/no-site/no/svs_core/no=8, 1741653089157
Received update: /ndn/no-site/no/svs_core/no=9, 1741653089157
Received update: /ndn/se-site/se/svs_core/se=8, 1741653089157
Received update: /ndn/se-site/se/svs_core/se=9, 1741653089157
Received update: /ndn/de1-site/de1/svs_core/de1=9, 1741653089157
Received update: /ndn/lv-site/lv/svs_core/lv=9, 1741653090365
Received update: /ndn/fr1-site/fr1/svs_core/fr1=9, 1741653090365
Sending Sync interest
Received update: /ndn/az-site/az/svs_core/az=9, 1741653094177
Received update: /ndn/si-site/si/svs_core/si=9, 1741653094177
Received update: /ndn/sk-site/sk/svs_core/sk=9, 1741653094177
Sending Sync interest
Published sequence number: /ndn/be-site/be/svs_core/be=9, 1741653097804
Sending Sync interest
Received update: /ndn/al-site/al/svs_core/al=7, 1741653106636
Received update: /ndn/al-site/al/svs_core/al=8, 1741653106636
Received update: /ndn/al-site/al/svs_core/al=9, 1741653106636
Received update: /ndn/at-site/at/svs_core/at=9, 1741653106636
Received update: /ndn/es-site/es/svs_core/es=7, 1741653106636
Received update: /ndn/es-site/es/svs_core/es=8, 1741653106636
Received update: /ndn/ge-site/ge/svs_core/ge=9, 1741653106636
Received update: /ndn/gr-site/gr/svs_core/gr=9, 1741653106636
Received update: /ndn/mt-site/mt/svs_core/mt=8, 1741653106636
Received update: /ndn/mt-site/mt/svs_core/mt=9, 1741653106636
Received update: /ndn/rs-site/rs/svs_core/rs=9, 1741653106636
Received update: /ndn/de2-site/de2/svs_core/de2=10, 1741653106636
Received update: /ndn/fr2-site/fr2/svs_core/fr2=9, 1741653106636
Sending Sync interest
Received update: /ndn/nl-site/nl/svs_core/nl=10, 1741653107924
Received update: /ndn/uk-site/uk/svs_core/uk=9, 1741653107924
Received update: /ndn/md-site/md/svs_core/md=8, 1741653118076
Received update: /ndn/md-site/md/svs_core/md=9, 1741653118076
Received update: /ndn/am-site/am/svs_core/am=9, 1741653126255
Received update: /ndn/az-site/az/svs_core/az=10, 1741653126255
Received update: /ndn/by-site/by/svs_core/by=10, 1741653126255
Received update: /ndn/ch-site/ch/svs_core/ch=10, 1741653126255
Received update: /ndn/cy-site/cy/svs_core/cy=9, 1741653126255
Received update: /ndn/ee-site/ee/svs_core/ee=9, 1741653126255
Received update: /ndn/es-site/es/svs_core/es=9, 1741653126255
Received update: /ndn/hr-site/hr/svs_core/hr=10, 1741653126255
Received update: /ndn/hu-site/hu/svs_core/hu=10, 1741653126255
Received update: /ndn/it-site/it/svs_core/it=10, 1741653126255
Received update: /ndn/lu-site/lu/svs_core/lu=10, 1741653126255
Received update: /ndn/me-site/me/svs_core/me=10, 1741653126255
Received update: /ndn/mk-site/mk/svs_core/mk=10, 1741653126255
Received update: /ndn/pl-site/pl/svs_core/pl=10, 1741653126255
Received update: /ndn/tr-site/tr/svs_core/tr=10, 1741653126255
Received update: /ndn/de1-site/de1/svs_core/de1=10, 1741653126255
Received update: /ndn/fr1-site/fr1/svs_core/fr1=10, 1741653126255
Received update: /ndn/am-site/am/svs_core/am=10, 1741653141816
Received update: /ndn/bg-site/bg/svs_core/bg=10, 1741653141816
Received update: /ndn/cz-site/cz/svs_core/cz=10, 1741653141816
Received update: /ndn/lt-site/lt/svs_core/lt=10, 1741653141816
Received update: /ndn/lv-site/lv/svs_core/lv=10, 1741653141816
Received update: /ndn/mt-site/mt/svs_core/mt=10, 1741653141816
Received update: /ndn/ro-site/ro/svs_core/ro=10, 1741653141816
Received update: /ndn/sk-site/sk/svs_core/sk=10, 1741653141816
Received update: /ndn/ua-site/ua/svs_core/ua=10, 1741653141816
Received update: /ndn/uk-site/uk/svs_core/uk=10, 1741653141816
Received update: /ndn/fr2-site/fr2/svs_core/fr2=10, 1741653141816
Received update: /ndn/ge-site/ge/svs_core/ge=10, 1741653142083
Received update: /ndn/il-site/il/svs_core/il=9, 1741653142083
Received update: /ndn/il-site/il/svs_core/il=10, 1741653142083
Published sequence number: /ndn/be-site/be/svs_core/be=10, 1741653142808
Sending Sync interest
Received update: /ndn/cy-site/cy/svs_core/cy=10, 1741653147011
Received update: /ndn/es-site/es/svs_core/es=10, 1741653147011
Received update: /ndn/ie-site/ie/svs_core/ie=9, 1741653147011
Received update: /ndn/at-site/at/svs_core/at=10, 1741653147032
Received update: /ndn/gr-site/gr/svs_core/gr=10, 1741653147032
Sending Sync interest
Received update: /ndn/nl-site/nl/svs_core/nl=11, 1741653151206
Sending Sync interest
Received update: /ndn/pt-site/pt/svs_core/pt=9, 1741653151555
Received update: /ndn/pt-site/pt/svs_core/pt=10, 1741653151555
Sending Sync interest
Received update: /ndn/is-site/is/svs_core/is=10, 1741653155184
Received update: /ndn/is-site/is/svs_core/is=11, 1741653155184
Received update: /ndn/me-site/me/svs_core/me=11, 1741653155184
Received update: /ndn/de2-site/de2/svs_core/de2=11, 1741653155184
Sending Sync interest
Received update: /ndn/ee-site/ee/svs_core/ee=10, 1741653157826
Received update: /ndn/lu-site/lu/svs_core/lu=11, 1741653157826
Received update: /ndn/de1-site/de1/svs_core/de1=11, 1741653157826
Received update: /ndn/ch-site/ch/svs_core/ch=11, 1741653165249
Received update: /ndn/cz-site/cz/svs_core/cz=11, 1741653165249
Received update: /ndn/hu-site/hu/svs_core/hu=11, 1741653165249
Received update: /ndn/mk-site/mk/svs_core/mk=11, 1741653165249
Received update: /ndn/rs-site/rs/svs_core/rs=10, 1741653165249
Received update: /ndn/si-site/si/svs_core/si=10, 1741653165249
Received update: /ndn/pt-site/pt/svs_core/pt=11, 1741653165408
Sending Sync interest
Received update: /ndn/al-site/al/svs_core/al=10, 1741653173974
Received update: /ndn/al-site/al/svs_core/al=11, 1741653173974
Received update: /ndn/cy-site/cy/svs_core/cy=11, 1741653173974
Received update: /ndn/it-site/it/svs_core/it=11, 1741653173974
Received update: /ndn/mt-site/mt/svs_core/mt=11, 1741653173974
Received update: /ndn/ro-site/ro/svs_core/ro=11, 1741653173974
Received update: /ndn/tr-site/tr/svs_core/tr=11, 1741653173974
Sending Sync interest
Received update: /ndn/az-site/az/svs_core/az=11, 1741653175337
Received update: /ndn/uk-site/uk/svs_core/uk=11, 1741653186261
Published sequence number: /ndn/be-site/be/svs_core/be=11, 1741653187811
Sending Sync interest
Received update: /ndn/is-site/is/svs_core/is=12, 1741653196333
Sending Sync interest
Received update: /ndn/am-site/am/svs_core/am=11, 1741653197563
Received update: /ndn/bg-site/bg/svs_core/bg=11, 1741653197563
Received update: /ndn/ge-site/ge/svs_core/ge=11, 1741653197563
Received update: /ndn/hr-site/hr/svs_core/hr=11, 1741653197563
Received update: /ndn/pl-site/pl/svs_core/pl=11, 1741653197563
Received update: /ndn/ua-site/ua/svs_core/ua=11, 1741653197563
Received update: /ndn/fr1-site/fr1/svs_core/fr1=11, 1741653197563
Received update: /ndn/fr2-site/fr2/svs_core/fr2=11, 1741653197563
Sending Sync interest
Received update: /ndn/at-site/at/svs_core/at=11, 1741653202847
Received update: /ndn/gr-site/gr/svs_core/gr=11, 1741653202847
Received update: /ndn/lu-site/lu/svs_core/lu=12, 1741653202847
Received update: /ndn/nl-site/nl/svs_core/nl=12, 1741653202847
Received update: /ndn/de1-site/de1/svs_core/de1=12, 1741653202847
Received update: /ndn/de2-site/de2/svs_core/de2=12, 1741653202847
Received update: /ndn/ch-site/ch/svs_core/ch=12, 1741653202937
Received update: /ndn/lt-site/lt/svs_core/lt=11, 1741653202937
Sending Sync interest
Received update: /ndn/cz-site/cz/svs_core/cz=12, 1741653209027
Sending Sync interest
Received update: /ndn/al-site/al/svs_core/al=12, 1741653212513
Received update: /ndn/hu-site/hu/svs_core/hu=12, 1741653212513
Received update: /ndn/il-site/il/svs_core/il=11, 1741653212513
Received update: /ndn/lv-site/lv/svs_core/lv=11, 1741653212513
Received update: /ndn/pl-site/pl/svs_core/pl=12, 1741653212513
Received update: /ndn/sk-site/sk/svs_core/sk=11, 1741653212513
Sending Sync interest
Received update: /ndn/bg-site/bg/svs_core/bg=12, 1741653225357
Received update: /ndn/by-site/by/svs_core/by=11, 1741653225357
Received update: /ndn/by-site/by/svs_core/by=12, 1741653225357
Received update: /ndn/cy-site/cy/svs_core/cy=12, 1741653225357
Received update: /ndn/hr-site/hr/svs_core/hr=12, 1741653225357
Received update: /ndn/it-site/it/svs_core/it=12, 1741653225357
Received update: /ndn/lv-site/lv/svs_core/lv=12, 1741653225357
Received update: /ndn/md-site/md/svs_core/md=10, 1741653225357
Received update: /ndn/md-site/md/svs_core/md=11, 1741653225357
Received update: /ndn/me-site/me/svs_core/me=12, 1741653225357
Received update: /ndn/mk-site/mk/svs_core/mk=12, 1741653225357
Received update: /ndn/mt-site/mt/svs_core/mt=12, 1741653225357
Received update: /ndn/ro-site/ro/svs_core/ro=12, 1741653225357
Received update: /ndn/rs-site/rs/svs_core/rs=11, 1741653225357
Received update: /ndn/sk-site/sk/svs_core/sk=12, 1741653225357
Received update: /ndn/tr-site/tr/svs_core/tr=12, 1741653225357
Received update: /ndn/ua-site/ua/svs_core/ua=12, 1741653225357
Sending Sync interest
Received update: /ndn/az-site/az/svs_core/az=12, 1741653228189
Received update: /ndn/dk-site/dk/svs_core/dk=10, 1741653228189
Received update: /ndn/dk-site/dk/svs_core/dk=11, 1741653228189
Received update: /ndn/ee-site/ee/svs_core/ee=11, 1741653228189
Received update: /ndn/ee-site/ee/svs_core/ee=12, 1741653228189
Received update: /ndn/fi-site/fi/svs_core/fi=9, 1741653228189
Received update: /ndn/fi-site/fi/svs_core/fi=10, 1741653228189
Received update: /ndn/ge-site/ge/svs_core/ge=12, 1741653228189
Received update: /ndn/gr-site/gr/svs_core/gr=12, 1741653228189
Received update: /ndn/se-site/se/svs_core/se=10, 1741653228189
Received update: /ndn/fr1-site/fr1/svs_core/fr1=12, 1741653228189
Sending Sync interest
Received update: /ndn/uk-site/uk/svs_core/uk=12, 1741653231268
Published sequence number: /ndn/be-site/be/svs_core/be=12, 1741653232817
Sending Sync interest
Received update: /ndn/at-site/at/svs_core/at=12, 1741653241218
Received update: /ndn/nl-site/nl/svs_core/nl=13, 1741653241218
Sending Sync interest
Max suppression time updated to: 204
Received update: /ndn/pt-site/pt/svs_core/pt=12, 1741653241690
Received update: /ndn/is-site/is/svs_core/is=13, 1741653242216
Received update: /ndn/fr2-site/fr2/svs_core/fr2=12, 1741653242216
Received update: /ndn/am-site/am/svs_core/am=12, 1741653257508
Received update: /ndn/il-site/il/svs_core/il=12, 1741653257508
Received update: /ndn/lt-site/lt/svs_core/lt=12, 1741653257508
Received update: /ndn/pl-site/pl/svs_core/pl=13, 1741653257508
Received update: /ndn/de2-site/de2/svs_core/de2=13, 1741653257508
Received update: /ndn/al-site/al/svs_core/al=13, 1741653262807
Received update: /ndn/bg-site/bg/svs_core/bg=13, 1741653262807
Received update: /ndn/ch-site/ch/svs_core/ch=13, 1741653262807
Received update: /ndn/cz-site/cz/svs_core/cz=13, 1741653262807
Received update: /ndn/hu-site/hu/svs_core/hu=13, 1741653262807
Received update: /ndn/lt-site/lt/svs_core/lt=13, 1741653262807
Received update: /ndn/lu-site/lu/svs_core/lu=13, 1741653262807
Received update: /ndn/mk-site/mk/svs_core/mk=13, 1741653262807
Received update: /ndn/si-site/si/svs_core/si=11, 1741653262807
Received update: /ndn/si-site/si/svs_core/si=12, 1741653262807
Received update: /ndn/tr-site/tr/svs_core/tr=13, 1741653262807
Received update: /ndn/az-site/az/svs_core/az=13, 1741653276270
Received update: /ndn/ge-site/ge/svs_core/ge=13, 1741653276270
Received update: /ndn/uk-site/uk/svs_core/uk=13, 1741653276270
Published sequence number: /ndn/be-site/be/svs_core/be=13, 1741653277822
Sending Sync interest
Received update: /ndn/at-site/at/svs_core/at=13, 1741653280892
Received update: /ndn/by-site/by/svs_core/by=13, 1741653280892
Received update: /ndn/cy-site/cy/svs_core/cy=13, 1741653280892
Received update: /ndn/hr-site/hr/svs_core/hr=13, 1741653280892
Received update: /ndn/il-site/il/svs_core/il=13, 1741653280892
Received update: /ndn/it-site/it/svs_core/it=13, 1741653280892
Received update: /ndn/fr2-site/fr2/svs_core/fr2=13, 1741653280892
Sending Sync interest
Received update: /ndn/am-site/am/svs_core/am=13, 1741653281095
Sending Sync interest
Received update: /ndn/es-site/es/svs_core/es=11, 1741653281552
Received update: /ndn/es-site/es/svs_core/es=12, 1741653281552
Received update: /ndn/es-site/es/svs_core/es=13, 1741653281552
Received update: /ndn/sk-site/sk/svs_core/sk=13, 1741653281552
Received update: /ndn/fr1-site/fr1/svs_core/fr1=13, 1741653281552
Sending Sync interest
Received update: /ndn/me-site/me/svs_core/me=13, 1741653286213
Received update: /ndn/mt-site/mt/svs_core/mt=13, 1741653286213
Received update: /ndn/nl-site/nl/svs_core/nl=14, 1741653286213
Sending Sync interest
Received update: /ndn/is-site/is/svs_core/is=14, 1741653286537
Sending Sync interest
Received update: /ndn/dk-site/dk/svs_core/dk=12, 1741653287188
Received update: /ndn/dk-site/dk/svs_core/dk=13, 1741653287188
Received update: /ndn/fi-site/fi/svs_core/fi=11, 1741653287188
Received update: /ndn/ie-site/ie/svs_core/ie=10, 1741653287188
Received update: /ndn/ie-site/ie/svs_core/ie=11, 1741653287188
Received update: /ndn/ie-site/ie/svs_core/ie=12, 1741653287188
Received update: /ndn/ie-site/ie/svs_core/ie=13, 1741653287188
Received update: /ndn/no-site/no/svs_core/no=10, 1741653287188
Received update: /ndn/no-site/no/svs_core/no=11, 1741653287188
Received update: /ndn/no-site/no/svs_core/no=12, 1741653287188
Received update: /ndn/se-site/se/svs_core/se=11, 1741653287188
Received update: /ndn/se-site/se/svs_core/se=12, 1741653287188
Received update: /ndn/de1-site/de1/svs_core/de1=13, 1741653287188
Received update: /ndn/de2-site/de2/svs_core/de2=14, 1741653287188
Sending Sync interest
Received update: /ndn/ch-site/ch/svs_core/ch=14, 1741653288741
Received update: /ndn/lu-site/lu/svs_core/lu=14, 1741653288741
Sending Sync interest
Received update: /ndn/by-site/by/svs_core/by=14, 1741653300190
Received update: /ndn/gr-site/gr/svs_core/gr=13, 1741653300190
Received update: /ndn/hu-site/hu/svs_core/hu=14, 1741653300190
Received update: /ndn/md-site/md/svs_core/md=12, 1741653300190
Received update: /ndn/md-site/md/svs_core/md=13, 1741653300190
Received update: /ndn/me-site/me/svs_core/me=14, 1741653300190
Received update: /ndn/mk-site/mk/svs_core/mk=14, 1741653300190
Received update: /ndn/pt-site/pt/svs_core/pt=13, 1741653300190
Received update: /ndn/pt-site/pt/svs_core/pt=14, 1741653300190
Received update: /ndn/ro-site/ro/svs_core/ro=13, 1741653300190
Received update: /ndn/si-site/si/svs_core/si=13, 1741653300190
Received update: /ndn/tr-site/tr/svs_core/tr=14, 1741653300190
Received update: /ndn/ua-site/ua/svs_core/ua=13, 1741653300190
Received update: /ndn/al-site/al/svs_core/al=14, 1741653316388
Received update: /ndn/az-site/az/svs_core/az=14, 1741653316388
Received update: /ndn/bg-site/bg/svs_core/bg=14, 1741653316388
Received update: /ndn/cy-site/cy/svs_core/cy=14, 1741653316388
Received update: /ndn/cz-site/cz/svs_core/cz=14, 1741653316388
Received update: /ndn/dk-site/dk/svs_core/dk=14, 1741653316388
Received update: /ndn/fi-site/fi/svs_core/fi=12, 1741653316388
Received update: /ndn/fi-site/fi/svs_core/fi=13, 1741653316388
Received update: /ndn/ge-site/ge/svs_core/ge=14, 1741653316388
Received update: /ndn/gr-site/gr/svs_core/gr=14, 1741653316388
Received update: /ndn/hr-site/hr/svs_core/hr=14, 1741653316388
Received update: /ndn/il-site/il/svs_core/il=14, 1741653316388
Received update: /ndn/it-site/it/svs_core/it=14, 1741653316388
Received update: /ndn/mt-site/mt/svs_core/mt=14, 1741653316388
Received update: /ndn/no-site/no/svs_core/no=13, 1741653316388
Received update: /ndn/no-site/no/svs_core/no=14, 1741653316388
Received update: /ndn/ro-site/ro/svs_core/ro=14, 1741653316388
Received update: /ndn/se-site/se/svs_core/se=13, 1741653316388
Received update: /ndn/se-site/se/svs_core/se=14, 1741653316388
Received update: /ndn/fr1-site/fr1/svs_core/fr1=14, 1741653316388
Received update: /ndn/am-site/am/svs_core/am=14, 1741653321624
Published sequence number: /ndn/be-site/be/svs_core/be=14, 1741653322825
Sending Sync interest
Received update: /ndn/at-site/at/svs_core/at=14, 1741653331216
Received update: /ndn/nl-site/nl/svs_core/nl=15, 1741653331216
Received update: /ndn/pl-site/pl/svs_core/pl=14, 1741653331216
Received update: /ndn/sk-site/sk/svs_core/sk=14, 1741653331216
Received update: /ndn/ua-site/ua/svs_core/ua=14, 1741653331216
Received update: /ndn/fr2-site/fr2/svs_core/fr2=14, 1741653331216
Sending Sync interest
Max suppression time updated to: 204
Received update: /ndn/uk-site/uk/svs_core/uk=14, 1741653331646
Received update: /ndn/de2-site/de2/svs_core/de2=15, 1741653331865
Received update: /ndn/ch-site/ch/svs_core/ch=15, 1741653353871
Received update: /ndn/cy-site/cy/svs_core/cy=15, 1741653353871
Received update: /ndn/cz-site/cz/svs_core/cz=15, 1741653353871
Received update: /ndn/hu-site/hu/svs_core/hu=15, 1741653353871
Received update: /ndn/ie-site/ie/svs_core/ie=14, 1741653353871
Received update: /ndn/is-site/is/svs_core/is=15, 1741653353871
Received update: /ndn/pt-site/pt/svs_core/pt=15, 1741653353871
Published sequence number: /ndn/be-site/be/svs_core/be=15, 1741653367825
Sending Sync interest
Received update: /ndn/by-site/by/svs_core/by=15, 1741653368387
Received update: /ndn/dk-site/dk/svs_core/dk=15, 1741653368387
Received update: /ndn/ee-site/ee/svs_core/ee=13, 1741653368387
Received update: /ndn/es-site/es/svs_core/es=14, 1741653368387
Received update: /ndn/fi-site/fi/svs_core/fi=14, 1741653368387
Received update: /ndn/fi-site/fi/svs_core/fi=15, 1741653368387
Received update: /ndn/gr-site/gr/svs_core/gr=15, 1741653368387
Received update: /ndn/hr-site/hr/svs_core/hr=15, 1741653368387
Received update: /ndn/lu-site/lu/svs_core/lu=15, 1741653368387
Received update: /ndn/me-site/me/svs_core/me=15, 1741653368387
Received update: /ndn/pl-site/pl/svs_core/pl=15, 1741653368387
Received update: /ndn/ro-site/ro/svs_core/ro=15, 1741653368387
Received update: /ndn/rs-site/rs/svs_core/rs=12, 1741653368387
Received update: /ndn/rs-site/rs/svs_core/rs=13, 1741653368387
Received update: /ndn/rs-site/rs/svs_core/rs=14, 1741653368387
Received update: /ndn/se-site/se/svs_core/se=15, 1741653368387
Received update: /ndn/sk-site/sk/svs_core/sk=15, 1741653368387
Received update: /ndn/tr-site/tr/svs_core/tr=15, 1741653368387
Received update: /ndn/uk-site/uk/svs_core/uk=15, 1741653368387
Received update: /ndn/de1-site/de1/svs_core/de1=14, 1741653368387
Received update: /ndn/de1-site/de1/svs_core/de1=15, 1741653368387
Received update: /ndn/fr1-site/fr1/svs_core/fr1=15, 1741653368387
Received update: /ndn/al-site/al/svs_core/al=15, 1741653369822
Received update: /ndn/it-site/it/svs_core/it=15, 1741653369822
Received update: /ndn/fr2-site/fr2/svs_core/fr2=15, 1741653369822
Received update: /ndn/ch-site/ch/svs_core/ch=16, 1741653378820
Received update: /ndn/ge-site/ge/svs_core/ge=15, 1741653378820
Received update: /ndn/si-site/si/svs_core/si=14, 1741653378820
Received update: /ndn/si-site/si/svs_core/si=15, 1741653378820
Received update: /ndn/de2-site/de2/svs_core/de2=16, 1741653378820
Received update: /ndn/at-site/at/svs_core/at=15, 1741653378918
Received update: /ndn/bg-site/bg/svs_core/bg=15, 1741653378918
Received update: /ndn/mk-site/mk/svs_core/mk=15, 1741653378918
Sending Sync interest
Received update: /ndn/lu-site/lu/svs_core/lu=16, 1741653379101
Received update: /ndn/nl-site/nl/svs_core/nl=16, 1741653379101
Received update: /ndn/fr1-site/fr1/svs_core/fr1=16, 1741653387681
Received update: /ndn/az-site/az/svs_core/az=15, 1741653391798
Received update: /ndn/cz-site/cz/svs_core/cz=16, 1741653391798
Received update: /ndn/hr-site/hr/svs_core/hr=16, 1741653391798
Received update: /ndn/am-site/am/svs_core/am=15, 1741653396857
Received update: /ndn/bg-site/bg/svs_core/bg=16, 1741653396857
Received update: /ndn/hu-site/hu/svs_core/hu=16, 1741653396857
Received update: /ndn/it-site/it/svs_core/it=16, 1741653396857
Received update: /ndn/md-site/md/svs_core/md=14, 1741653396857
Received update: /ndn/md-site/md/svs_core/md=15, 1741653396857
Received update: /ndn/mk-site/mk/svs_core/mk=16, 1741653396857
Received update: /ndn/ro-site/ro/svs_core/ro=16, 1741653396857
Received update: /ndn/tr-site/tr/svs_core/tr=16, 1741653396857
Received update: /ndn/il-site/il/svs_core/il=15, 1741653396907
Received update: /ndn/uk-site/uk/svs_core/uk=16, 1741653411282
Published sequence number: /ndn/be-site/be/svs_core/be=16, 1741653412827
Sending Sync interest
Max suppression time updated to: 184
Received update: /ndn/de1-site/de1/svs_core/de1=16, 1741653413058
Received update: /ndn/by-site/by/svs_core/by=16, 1741653415713
Received update: /ndn/cy-site/cy/svs_core/cy=16, 1741653415713
Received update: /ndn/ee-site/ee/svs_core/ee=14, 1741653415713
Received update: /ndn/ee-site/ee/svs_core/ee=15, 1741653415713
Received update: /ndn/ie-site/ie/svs_core/ie=15, 1741653415713
Received update: /ndn/ie-site/ie/svs_core/ie=16, 1741653415713
Received update: /ndn/lt-site/lt/svs_core/lt=14, 1741653415713
Received update: /ndn/lv-site/lv/svs_core/lv=13, 1741653415713
Received update: /ndn/lv-site/lv/svs_core/lv=14, 1741653415713
Received update: /ndn/lv-site/lv/svs_core/lv=15, 1741653415713
Received update: /ndn/mt-site/mt/svs_core/mt=15, 1741653415713
Received update: /ndn/mt-site/mt/svs_core/mt=16, 1741653415713
Received update: /ndn/pl-site/pl/svs_core/pl=16, 1741653415713
Received update: /ndn/rs-site/rs/svs_core/rs=15, 1741653415713
Received update: /ndn/rs-site/rs/svs_core/rs=16, 1741653415713
Sending Sync interest
Sending Sync interest
Stopping SVS client: /ndn/be-site/be/svs_core/be
