SVS client starting: /ndn/no-site/no/svs_core/no
Max suppression time updated to: 63
Max suppression time updated to: 93
Max suppression time updated to: 147
Max suppression time updated to: 141
Max suppression time updated to: 162
Max suppression time updated to: 177
Max suppression time updated to: 195
Max suppression time updated to: 204
Max suppression time updated to: 201
Max suppression time updated to: 207
Sending Sync interest
Max suppression time updated to: 219
Max suppression time updated to: 231
Max suppression time updated to: 231
Max suppression time updated to: 228
Max suppression time updated to: 231
Max suppression time updated to: 237
Max suppression time updated to: 237
Max suppression time updated to: 234
Max suppression time updated to: 237
Max suppression time updated to: 243
Max suppression time updated to: 246
Max suppression time updated to: 240
Max suppression time updated to: 243
Max suppression time updated to: 246
Max suppression time updated to: 249
Max suppression time updated to: 249
Max suppression time updated to: 249
Max suppression time updated to: 252
Max suppression time updated to: 258
Max suppression time updated to: 258
Max suppression time updated to: 264
Max suppression time updated to: 267
Max suppression time updated to: 270
Max suppression time updated to: 267
Received update: /ndn/is-site/is/svs_core/is=1, 1742595985436
Max suppression time updated to: 267
Received update: /ndn/pl-site/pl/svs_core/pl=1, 1742595985599
Max suppression time updated to: 270
Received update: /ndn/mk-site/mk/svs_core/mk=1, 1742595986369
Max suppression time updated to: 270
Received update: /ndn/fr1-site/fr1/svs_core/fr1=1, 1742595986642
Max suppression time updated to: 273
Received update: /ndn/si-site/si/svs_core/si=1, 1742595987413
Max suppression time updated to: 276
Received update: /ndn/fr2-site/fr2/svs_core/fr2=1, 1742595987826
Max suppression time updated to: 276
Received update: /ndn/pt-site/pt/svs_core/pt=1, 1742595988024
Max suppression time updated to: 279
Received update: /ndn/lt-site/lt/svs_core/lt=1, 1742595988177
Max suppression time updated to: 282
Received update: /ndn/hr-site/hr/svs_core/hr=1, 1742595988752
Max suppression time updated to: 279
Received update: /ndn/de1-site/de1/svs_core/de1=1, 1742595988830
Max suppression time updated to: 282
Received update: /ndn/gr-site/gr/svs_core/gr=1, 1742595991548
Max suppression time updated to: 285
Received update: /ndn/it-site/it/svs_core/it=1, 1742595994998
Max suppression time updated to: 288
Received update: /ndn/by-site/by/svs_core/by=1, 1742595995315
Max suppression time updated to: 288
Received update: /ndn/ie-site/ie/svs_core/ie=1, 1742595995444
Max suppression time updated to: 288
Max suppression time updated to: 291
Received update: /ndn/me-site/me/svs_core/me=1, 1742595995771
Max suppression time updated to: 291
Received update: /ndn/ua-site/ua/svs_core/ua=1, 1742595996466
Max suppression time updated to: 291
Received update: /ndn/sk-site/sk/svs_core/sk=1, 1742595998369
Max suppression time updated to: 297
Received update: /ndn/al-site/al/svs_core/al=1, 1742595998716
Max suppression time updated to: 297
Received update: /ndn/ge-site/ge/svs_core/ge=1, 1742596001637
Received update: /ndn/ro-site/ro/svs_core/ro=1, 1742596001637
Max suppression time updated to: 300
Received update: /ndn/bg-site/bg/svs_core/bg=1, 1742596003076
Max suppression time updated to: 300
Received update: /ndn/az-site/az/svs_core/az=1, 1742596005385
Received update: /ndn/es-site/es/svs_core/es=1, 1742596005385
Max suppression time updated to: 297
Received update: /ndn/hu-site/hu/svs_core/hu=1, 1742596005547
Max suppression time updated to: 300
Received update: /ndn/md-site/md/svs_core/md=1, 1742596005717
Max suppression time updated to: 300
Received update: /ndn/tr-site/tr/svs_core/tr=1, 1742596007813
Max suppression time updated to: 303
Received update: /ndn/lv-site/lv/svs_core/lv=1, 1742596008257
Received update: /ndn/rs-site/rs/svs_core/rs=1, 1742596008257
Max suppression time updated to: 303
Received update: /ndn/de2-site/de2/svs_core/de2=1, 1742596008617
Max suppression time updated to: 306
Received update: /ndn/mt-site/mt/svs_core/mt=1, 1742596010224
Max suppression time updated to: 306
Received update: /ndn/am-site/am/svs_core/am=1, 1742596011167
Max suppression time updated to: 306
Received update: /ndn/il-site/il/svs_core/il=1, 1742596011547
Max suppression time updated to: 306
Received update: /ndn/at-site/at/svs_core/at=1, 1742596013637
Max suppression time updated to: 303
Received update: /ndn/se-site/se/svs_core/se=1, 1742596014446
Max suppression time updated to: 303
Received update: /ndn/uk-site/uk/svs_core/uk=1, 1742596015761
Max suppression time updated to: 303
Received update: /ndn/cy-site/cy/svs_core/cy=1, 1742596015793
Max suppression time updated to: 303
Received update: /ndn/lu-site/lu/svs_core/lu=1, 1742596017222
Max suppression time updated to: 303
Received update: /ndn/cz-site/cz/svs_core/cz=1, 1742596019336
Max suppression time updated to: 303
Received update: /ndn/be-site/be/svs_core/be=1, 1742596019623
Published sequence number: /ndn/no-site/no/svs_core/no=1, 1742596021543
Sending Sync interest
Max suppression time updated to: 300
Received update: /ndn/fi-site/fi/svs_core/fi=1, 1742596023124
Sending Sync interest
Max suppression time updated to: 297
Received update: /ndn/ch-site/ch/svs_core/ch=1, 1742596023373
Received update: /ndn/ee-site/ee/svs_core/ee=1, 1742596023373
Max suppression time updated to: 294
Received update: /ndn/nl-site/nl/svs_core/nl=1, 1742596023441
Sending Sync interest
Max suppression time updated to: 294
Max suppression time updated to: 291
Sending Sync interest
Max suppression time updated to: 288
Max suppression time updated to: 285
Received update: /ndn/dk-site/dk/svs_core/dk=1, 1742596026034
Max suppression time updated to: 285
Received update: /ndn/is-site/is/svs_core/is=2, 1742596030596
Received update: /ndn/pl-site/pl/svs_core/pl=2, 1742596030596
Max suppression time updated to: 291
Received update: /ndn/mk-site/mk/svs_core/mk=2, 1742596031509
Max suppression time updated to: 291
Received update: /ndn/si-site/si/svs_core/si=2, 1742596032487
Max suppression time updated to: 291
Received update: /ndn/pt-site/pt/svs_core/pt=2, 1742596033027
Received update: /ndn/fr1-site/fr1/svs_core/fr1=2, 1742596033027
Max suppression time updated to: 291
Received update: /ndn/lt-site/lt/svs_core/lt=2, 1742596033190
Max suppression time updated to: 294
Received update: /ndn/hr-site/hr/svs_core/hr=2, 1742596033794
Max suppression time updated to: 294
Received update: /ndn/fr2-site/fr2/svs_core/fr2=2, 1742596033839
Max suppression time updated to: 297
Max suppression time updated to: 294
Received update: /ndn/gr-site/gr/svs_core/gr=2, 1742596040232
Received update: /ndn/it-site/it/svs_core/it=2, 1742596040232
Received update: /ndn/de1-site/de1/svs_core/de1=2, 1742596040232
Max suppression time updated to: 294
Received update: /ndn/by-site/by/svs_core/by=2, 1742596040370
Max suppression time updated to: 294
Received update: /ndn/ie-site/ie/svs_core/ie=2, 1742596040654
Max suppression time updated to: 297
Received update: /ndn/me-site/me/svs_core/me=2, 1742596040783
Max suppression time updated to: 297
Max suppression time updated to: 297
Received update: /ndn/al-site/al/svs_core/al=2, 1742596041266
Max suppression time updated to: 300
Max suppression time updated to: 300
Max suppression time updated to: 300
Received update: /ndn/ro-site/ro/svs_core/ro=2, 1742596045633
Max suppression time updated to: 303
Received update: /ndn/sk-site/sk/svs_core/sk=2, 1742596045807
Max suppression time updated to: 303
Received update: /ndn/ge-site/ge/svs_core/ge=2, 1742596046653
Received update: /ndn/ua-site/ua/svs_core/ua=2, 1742596046653
Max suppression time updated to: 306
Received update: /ndn/bg-site/bg/svs_core/bg=2, 1742596050079
Received update: /ndn/md-site/md/svs_core/md=2, 1742596050079
Max suppression time updated to: 306
Received update: /ndn/es-site/es/svs_core/es=2, 1742596050268
Max suppression time updated to: 309
Received update: /ndn/az-site/az/svs_core/az=2, 1742596050417
Max suppression time updated to: 309
Received update: /ndn/hu-site/hu/svs_core/hu=2, 1742596050607
Max suppression time updated to: 312
Received update: /ndn/rs-site/rs/svs_core/rs=2, 1742596053924
Received update: /ndn/tr-site/tr/svs_core/tr=2, 1742596053924
Received update: /ndn/de2-site/de2/svs_core/de2=2, 1742596053924
Max suppression time updated to: 312
Received update: /ndn/lv-site/lv/svs_core/lv=2, 1742596054486
Max suppression time updated to: 315
Received update: /ndn/mt-site/mt/svs_core/mt=2, 1742596055225
Max suppression time updated to: 315
Received update: /ndn/il-site/il/svs_core/il=2, 1742596056537
Max suppression time updated to: 315
Max suppression time updated to: 315
Max suppression time updated to: 315
Received update: /ndn/am-site/am/svs_core/am=2, 1742596056992
Max suppression time updated to: 315
Received update: /ndn/at-site/at/svs_core/at=2, 1742596058642
Max suppression time updated to: 315
Received update: /ndn/be-site/be/svs_core/be=2, 1742596060142
Received update: /ndn/se-site/se/svs_core/se=2, 1742596060142
Max suppression time updated to: 315
Received update: /ndn/uk-site/uk/svs_core/uk=2, 1742596060767
Max suppression time updated to: 312
Received update: /ndn/cy-site/cy/svs_core/cy=2, 1742596060897
Max suppression time updated to: 312
Max suppression time updated to: 312
Received update: /ndn/lu-site/lu/svs_core/lu=2, 1742596062227
Max suppression time updated to: 315
Received update: /ndn/cz-site/cz/svs_core/cz=2, 1742596064417
Max suppression time updated to: 315
Received update: /ndn/ch-site/ch/svs_core/ch=2, 1742596064785
Max suppression time updated to: 312
Received update: /ndn/ee-site/ee/svs_core/ee=2, 1742596066285
Published sequence number: /ndn/no-site/no/svs_core/no=2, 1742596066551
Sending Sync interest
Max suppression time updated to: 312
Received update: /ndn/nl-site/nl/svs_core/nl=2, 1742596067390
Max suppression time updated to: 312
Received update: /ndn/fi-site/fi/svs_core/fi=2, 1742596068116
Sending Sync interest
Max suppression time updated to: 312
Received update: /ndn/dk-site/dk/svs_core/dk=2, 1742596075648
Received update: /ndn/is-site/is/svs_core/is=3, 1742596075648
Max suppression time updated to: 312
Received update: /ndn/si-site/si/svs_core/si=3, 1742596077416
Max suppression time updated to: 312
Received update: /ndn/mk-site/mk/svs_core/mk=3, 1742596078102
Received update: /ndn/pl-site/pl/svs_core/pl=3, 1742596078102
Received update: /ndn/pt-site/pt/svs_core/pt=3, 1742596078102
Received update: /ndn/fr1-site/fr1/svs_core/fr1=3, 1742596078102
Received update: /ndn/fr2-site/fr2/svs_core/fr2=3, 1742596078102
Max suppression time updated to: 309
Received update: /ndn/hr-site/hr/svs_core/hr=3, 1742596078838
Received update: /ndn/de1-site/de1/svs_core/de1=3, 1742596078838
Max suppression time updated to: 312
Received update: /ndn/lt-site/lt/svs_core/lt=3, 1742596079197
Max suppression time updated to: 309
Received update: /ndn/by-site/by/svs_core/by=3, 1742596082660
Received update: /ndn/gr-site/gr/svs_core/gr=3, 1742596082660
Max suppression time updated to: 309
Received update: /ndn/it-site/it/svs_core/it=3, 1742596084976
Max suppression time updated to: 309
Received update: /ndn/al-site/al/svs_core/al=3, 1742596088458
Received update: /ndn/me-site/me/svs_core/me=3, 1742596088458
Received update: /ndn/sk-site/sk/svs_core/sk=3, 1742596088458
Max suppression time updated to: 312
Max suppression time updated to: 312
Received update: /ndn/ie-site/ie/svs_core/ie=3, 1742596089423
Received update: /ndn/ua-site/ua/svs_core/ua=3, 1742596089423
Max suppression time updated to: 315
Received update: /ndn/ro-site/ro/svs_core/ro=3, 1742596090791
Max suppression time updated to: 315
Received update: /ndn/es-site/es/svs_core/es=3, 1742596095277
Received update: /ndn/md-site/md/svs_core/md=3, 1742596095277
Max suppression time updated to: 315
Received update: /ndn/bg-site/bg/svs_core/bg=3, 1742596095406
Max suppression time updated to: 315
Received update: /ndn/ge-site/ge/svs_core/ge=3, 1742596095416
Max suppression time updated to: 318
Max suppression time updated to: 318
Max suppression time updated to: 321
Received update: /ndn/hu-site/hu/svs_core/hu=3, 1742596095894
Max suppression time updated to: 321
Max suppression time updated to: 321
Sending Sync interest
Max suppression time updated to: 321
Max suppression time updated to: 324
Max suppression time updated to: 324
Received update: /ndn/tr-site/tr/svs_core/tr=3, 1742596097846
Max suppression time updated to: 324
Received update: /ndn/az-site/az/svs_core/az=3, 1742596098086
Max suppression time updated to: 327
Received update: /ndn/rs-site/rs/svs_core/rs=3, 1742596098290
Max suppression time updated to: 327
Received update: /ndn/am-site/am/svs_core/am=3, 1742596101164
Max suppression time updated to: 327
Received update: /ndn/de2-site/de2/svs_core/de2=3, 1742596101441
Max suppression time updated to: 327
Received update: /ndn/lv-site/lv/svs_core/lv=3, 1742596101465
Max suppression time updated to: 327
Received update: /ndn/il-site/il/svs_core/il=3, 1742596101920
Max suppression time updated to: 327
Max suppression time updated to: 330
Received update: /ndn/at-site/at/svs_core/at=3, 1742596103712
Received update: /ndn/mt-site/mt/svs_core/mt=3, 1742596103712
Max suppression time updated to: 327
Received update: /ndn/se-site/se/svs_core/se=3, 1742596104445
Max suppression time updated to: 327
Received update: /ndn/be-site/be/svs_core/be=3, 1742596105141
Max suppression time updated to: 327
Max suppression time updated to: 324
Max suppression time updated to: 324
Received update: /ndn/uk-site/uk/svs_core/uk=3, 1742596105767
Max suppression time updated to: 324
Received update: /ndn/cy-site/cy/svs_core/cy=3, 1742596105817
Max suppression time updated to: 324
Received update: /ndn/cz-site/cz/svs_core/cz=3, 1742596109378
Max suppression time updated to: 324
Max suppression time updated to: 324
Received update: /ndn/lu-site/lu/svs_core/lu=3, 1742596109545
Max suppression time updated to: 327
Received update: /ndn/ch-site/ch/svs_core/ch=3, 1742596109975
Max suppression time updated to: 327
Received update: /ndn/ee-site/ee/svs_core/ee=3, 1742596111360
Published sequence number: /ndn/no-site/no/svs_core/no=3, 1742596111552
Sending Sync interest
Max suppression time updated to: 327
Max suppression time updated to: 324
Received update: /ndn/fi-site/fi/svs_core/fi=3, 1742596113130
Max suppression time updated to: 324
Sending Sync interest
Max suppression time updated to: 324
Received update: /ndn/nl-site/nl/svs_core/nl=3, 1742596113560
Max suppression time updated to: 327
Max suppression time updated to: 324
Received update: /ndn/dk-site/dk/svs_core/dk=3, 1742596116028
Max suppression time updated to: 324
Received update: /ndn/is-site/is/svs_core/is=4, 1742596120464
Max suppression time updated to: 324
Received update: /ndn/pl-site/pl/svs_core/pl=4, 1742596120641
Max suppression time updated to: 324
Received update: /ndn/mk-site/mk/svs_core/mk=4, 1742596121646
Received update: /ndn/fr1-site/fr1/svs_core/fr1=4, 1742596121646
Max suppression time updated to: 324
Received update: /ndn/si-site/si/svs_core/si=4, 1742596122431
Max suppression time updated to: 327
Max suppression time updated to: 327
Max suppression time updated to: 327
Received update: /ndn/pt-site/pt/svs_core/pt=4, 1742596123050
Max suppression time updated to: 327
Received update: /ndn/gr-site/gr/svs_core/gr=4, 1742596126583
Received update: /ndn/hr-site/hr/svs_core/hr=4, 1742596126583
Received update: /ndn/lt-site/lt/svs_core/lt=4, 1742596126583
Received update: /ndn/de1-site/de1/svs_core/de1=4, 1742596126583
Received update: /ndn/fr2-site/fr2/svs_core/fr2=4, 1742596126583
Max suppression time updated to: 327
Received update: /ndn/it-site/it/svs_core/it=4, 1742596130304
Max suppression time updated to: 327
Received update: /ndn/al-site/al/svs_core/al=4, 1742596131293
Max suppression time updated to: 330
Received update: /ndn/ie-site/ie/svs_core/ie=4, 1742596131336
Received update: /ndn/me-site/me/svs_core/me=4, 1742596131336
Max suppression time updated to: 330
Max suppression time updated to: 330
Max suppression time updated to: 330
Received update: /ndn/by-site/by/svs_core/by=4, 1742596131691
Sending Sync interest
Max suppression time updated to: 330
Max suppression time updated to: 330
Received update: /ndn/ua-site/ua/svs_core/ua=4, 1742596132173
Max suppression time updated to: 330
Received update: /ndn/ro-site/ro/svs_core/ro=4, 1742596135623
Received update: /ndn/sk-site/sk/svs_core/sk=4, 1742596135623
Max suppression time updated to: 330
Received update: /ndn/ge-site/ge/svs_core/ge=4, 1742596136648
Max suppression time updated to: 330
Received update: /ndn/bg-site/bg/svs_core/bg=4, 1742596140866
Received update: /ndn/es-site/es/svs_core/es=4, 1742596140866
Received update: /ndn/hu-site/hu/svs_core/hu=4, 1742596140866
Max suppression time updated to: 330
Received update: /ndn/lv-site/lv/svs_core/lv=4, 1742596142879
Max suppression time updated to: 330
Received update: /ndn/md-site/md/svs_core/md=4, 1742596143156
Max suppression time updated to: 330
Max suppression time updated to: 333
Received update: /ndn/tr-site/tr/svs_core/tr=4, 1742596143249
Max suppression time updated to: 333
Received update: /ndn/de2-site/de2/svs_core/de2=4, 1742596143587
Max suppression time updated to: 333
Received update: /ndn/am-site/am/svs_core/am=4, 1742596146165
Max suppression time updated to: 330
Received update: /ndn/il-site/il/svs_core/il=4, 1742596146772
Received update: /ndn/rs-site/rs/svs_core/rs=4, 1742596146772
Max suppression time updated to: 330
Max suppression time updated to: 330
Max suppression time updated to: 330
Received update: /ndn/az-site/az/svs_core/az=4, 1742596146826
Max suppression time updated to: 333
Received update: /ndn/mt-site/mt/svs_core/mt=4, 1742596147031
Max suppression time updated to: 333
Max suppression time updated to: 333
Max suppression time updated to: 333
Max suppression time updated to: 333
Max suppression time updated to: 333
Received update: /ndn/at-site/at/svs_core/at=4, 1742596148677
Max suppression time updated to: 333
Received update: /ndn/se-site/se/svs_core/se=4, 1742596149440
Max suppression time updated to: 333
Received update: /ndn/be-site/be/svs_core/be=4, 1742596150123
Max suppression time updated to: 333
Received update: /ndn/uk-site/uk/svs_core/uk=4, 1742596150776
Max suppression time updated to: 333
Received update: /ndn/lu-site/lu/svs_core/lu=4, 1742596152229
Max suppression time updated to: 333
Received update: /ndn/cy-site/cy/svs_core/cy=4, 1742596152282
Max suppression time updated to: 330
Max suppression time updated to: 330
Published sequence number: /ndn/no-site/no/svs_core/no=4, 1742596156555
Sending Sync interest
Max suppression time updated to: 330
Received update: /ndn/ch-site/ch/svs_core/ch=4, 1742596156845
Received update: /ndn/cz-site/cz/svs_core/cz=4, 1742596156845
Received update: /ndn/ee-site/ee/svs_core/ee=4, 1742596156845
Max suppression time updated to: 330
Received update: /ndn/nl-site/nl/svs_core/nl=4, 1742596157375
Max suppression time updated to: 330
Received update: /ndn/dk-site/dk/svs_core/dk=4, 1742596161037
Max suppression time updated to: 330
Received update: /ndn/is-site/is/svs_core/is=5, 1742596165456
Max suppression time updated to: 330
Received update: /ndn/fi-site/fi/svs_core/fi=4, 1742596165598
Max suppression time updated to: 330
Received update: /ndn/pl-site/pl/svs_core/pl=5, 1742596165620
Max suppression time updated to: 330
Max suppression time updated to: 330
Max suppression time updated to: 330
Max suppression time updated to: 330
Received update: /ndn/fr1-site/fr1/svs_core/fr1=5, 1742596167948
Received update: /ndn/fr2-site/fr2/svs_core/fr2=5, 1742596167948
Max suppression time updated to: 330
Received update: /ndn/de1-site/de1/svs_core/de1=5, 1742596168838
Max suppression time updated to: 330
Received update: /ndn/lt-site/lt/svs_core/lt=5, 1742596169133
Max suppression time updated to: 330
Received update: /ndn/mk-site/mk/svs_core/mk=5, 1742596169146
Max suppression time updated to: 333
Received update: /ndn/pt-site/pt/svs_core/pt=5, 1742596169254
Max suppression time updated to: 333
Received update: /ndn/gr-site/gr/svs_core/gr=5, 1742596171603
Received update: /ndn/si-site/si/svs_core/si=5, 1742596171603
Max suppression time updated to: 330
Received update: /ndn/hr-site/hr/svs_core/hr=5, 1742596171624
Max suppression time updated to: 333
Max suppression time updated to: 333
Max suppression time updated to: 333
Received update: /ndn/by-site/by/svs_core/by=5, 1742596172607
Max suppression time updated to: 333
Max suppression time updated to: 330
Max suppression time updated to: 333
Received update: /ndn/ie-site/ie/svs_core/ie=5, 1742596175575
Received update: /ndn/it-site/it/svs_core/it=5, 1742596175575
Max suppression time updated to: 333
Max suppression time updated to: 333
Received update: /ndn/me-site/me/svs_core/me=5, 1742596175812
Max suppression time updated to: 333
Received update: /ndn/al-site/al/svs_core/al=5, 1742596176250
Max suppression time updated to: 336
Received update: /ndn/ro-site/ro/svs_core/ro=5, 1742596180677
Received update: /ndn/sk-site/sk/svs_core/sk=5, 1742596180677
Max suppression time updated to: 336
Received update: /ndn/ge-site/ge/svs_core/ge=5, 1742596181679
Received update: /ndn/ua-site/ua/svs_core/ua=5, 1742596181679
Max suppression time updated to: 336
Received update: /ndn/bg-site/bg/svs_core/bg=5, 1742596183115
Max suppression time updated to: 336
Received update: /ndn/es-site/es/svs_core/es=5, 1742596184293
Max suppression time updated to: 333
Received update: /ndn/md-site/md/svs_core/md=5, 1742596185174
Max suppression time updated to: 333
Max suppression time updated to: 336
Max suppression time updated to: 336
Received update: /ndn/az-site/az/svs_core/az=5, 1742596185431
Max suppression time updated to: 336
Received update: /ndn/hu-site/hu/svs_core/hu=5, 1742596185652
Max suppression time updated to: 336
Received update: /ndn/lv-site/lv/svs_core/lv=5, 1742596188441
Received update: /ndn/rs-site/rs/svs_core/rs=5, 1742596188441
Received update: /ndn/tr-site/tr/svs_core/tr=5, 1742596188441
Max suppression time updated to: 336
Max suppression time updated to: 336
Received update: /ndn/de2-site/de2/svs_core/de2=5, 1742596188606
Max suppression time updated to: 336
Max suppression time updated to: 336
Max suppression time updated to: 336
Max suppression time updated to: 339
Received update: /ndn/am-site/am/svs_core/am=5, 1742596191215
Max suppression time updated to: 339
Received update: /ndn/at-site/at/svs_core/at=5, 1742596193663
Max suppression time updated to: 339
Received update: /ndn/mt-site/mt/svs_core/mt=5, 1742596195834
Received update: /ndn/uk-site/uk/svs_core/uk=5, 1742596195834
Max suppression time updated to: 339
Received update: /ndn/cy-site/cy/svs_core/cy=5, 1742596195962
Received update: /ndn/il-site/il/svs_core/il=5, 1742596195962
Max suppression time updated to: 339
Received update: /ndn/be-site/be/svs_core/be=5, 1742596195986
Received update: /ndn/se-site/se/svs_core/se=5, 1742596195986
Max suppression time updated to: 339
Received update: /ndn/ch-site/ch/svs_core/ch=5, 1742596199800
Received update: /ndn/cz-site/cz/svs_core/cz=5, 1742596199800
Received update: /ndn/lu-site/lu/svs_core/lu=5, 1742596199800
Max suppression time updated to: 339
Published sequence number: /ndn/no-site/no/svs_core/no=5, 1742596201556
Sending Sync interest
Max suppression time updated to: 336
Received update: /ndn/fi-site/fi/svs_core/fi=5, 1742596203131
Sending Sync interest
Max suppression time updated to: 336
Received update: /ndn/nl-site/nl/svs_core/nl=5, 1742596203302
Sending Sync interest
Max suppression time updated to: 336
Max suppression time updated to: 336
Max suppression time updated to: 336
Sending Sync interest
Max suppression time updated to: 336
Received update: /ndn/dk-site/dk/svs_core/dk=5, 1742596206057
Max suppression time updated to: 336
Received update: /ndn/ee-site/ee/svs_core/ee=5, 1742596206186
Max suppression time updated to: 336
Received update: /ndn/pl-site/pl/svs_core/pl=6, 1742596210622
Max suppression time updated to: 336
Received update: /ndn/is-site/is/svs_core/is=6, 1742596211670
Received update: /ndn/mk-site/mk/svs_core/mk=6, 1742596211670
Max suppression time updated to: 336
Max suppression time updated to: 336
Received update: /ndn/si-site/si/svs_core/si=6, 1742596212997
Received update: /ndn/fr2-site/fr2/svs_core/fr2=6, 1742596212997
Max suppression time updated to: 336
Received update: /ndn/pt-site/pt/svs_core/pt=6, 1742596213051
Max suppression time updated to: 336
Received update: /ndn/lt-site/lt/svs_core/lt=6, 1742596213188
Max suppression time updated to: 339
Received update: /ndn/hr-site/hr/svs_core/hr=6, 1742596213864
Received update: /ndn/de1-site/de1/svs_core/de1=6, 1742596213864
Received update: /ndn/fr1-site/fr1/svs_core/fr1=6, 1742596213864
Max suppression time updated to: 339
Received update: /ndn/by-site/by/svs_core/by=6, 1742596220392
Received update: /ndn/gr-site/gr/svs_core/gr=6, 1742596220392
Received update: /ndn/it-site/it/svs_core/it=6, 1742596220392
Max suppression time updated to: 339
Received update: /ndn/me-site/me/svs_core/me=6, 1742596220792
Max suppression time updated to: 339
Received update: /ndn/bg-site/bg/svs_core/bg=6, 1742596228152
Received update: /ndn/sk-site/sk/svs_core/sk=6, 1742596228152
Max suppression time updated to: 339
Received update: /ndn/al-site/al/svs_core/al=6, 1742596228745
Received update: /ndn/ge-site/ge/svs_core/ge=6, 1742596228745
Max suppression time updated to: 339
Received update: /ndn/ro-site/ro/svs_core/ro=6, 1742596229103
Max suppression time updated to: 339
Received update: /ndn/es-site/es/svs_core/es=6, 1742596229304
Max suppression time updated to: 342
Received update: /ndn/md-site/md/svs_core/md=6, 1742596230172
Max suppression time updated to: 342
Max suppression time updated to: 342
Max suppression time updated to: 342
Received update: /ndn/ua-site/ua/svs_core/ua=6, 1742596230511
Max suppression time updated to: 345
Received update: /ndn/hu-site/hu/svs_core/hu=6, 1742596230728
Max suppression time updated to: 345
Received update: /ndn/ie-site/ie/svs_core/ie=6, 1742596230729
Max suppression time updated to: 345
Received update: /ndn/az-site/az/svs_core/az=6, 1742596231391
Max suppression time updated to: 345
Received update: /ndn/tr-site/tr/svs_core/tr=6, 1742596233595
Received update: /ndn/de2-site/de2/svs_core/de2=6, 1742596233595
Max suppression time updated to: 345
Received update: /ndn/rs-site/rs/svs_core/rs=6, 1742596234374
Max suppression time updated to: 345
Max suppression time updated to: 348
Max suppression time updated to: 345
Max suppression time updated to: 345
Received update: /ndn/am-site/am/svs_core/am=6, 1742596236212
Received update: /ndn/lv-site/lv/svs_core/lv=6, 1742596236212
Max suppression time updated to: 345
Received update: /ndn/il-site/il/svs_core/il=6, 1742596236551
Max suppression time updated to: 345
Received update: /ndn/at-site/at/svs_core/at=6, 1742596238704
Received update: /ndn/mt-site/mt/svs_core/mt=6, 1742596238704
Max suppression time updated to: 345
Received update: /ndn/se-site/se/svs_core/se=6, 1742596239452
Max suppression time updated to: 345
Received update: /ndn/cy-site/cy/svs_core/cy=6, 1742596240819
Max suppression time updated to: 345
Received update: /ndn/cz-site/cz/svs_core/cz=6, 1742596244373
Received update: /ndn/uk-site/uk/svs_core/uk=6, 1742596244373
Max suppression time updated to: 342
Received update: /ndn/be-site/be/svs_core/be=6, 1742596244763
Received update: /ndn/lu-site/lu/svs_core/lu=6, 1742596244763
Max suppression time updated to: 342
Received update: /ndn/ch-site/ch/svs_core/ch=6, 1742596246336
Received update: /ndn/ee-site/ee/svs_core/ee=6, 1742596246336
Max suppression time updated to: 342
Published sequence number: /ndn/no-site/no/svs_core/no=6, 1742596246563
Max suppression time updated to: 345
Received update: /ndn/fi-site/fi/svs_core/fi=6, 1742596248175
Sending Sync interest
Max suppression time updated to: 345
Received update: /ndn/nl-site/nl/svs_core/nl=6, 1742596248737
Max suppression time updated to: 345
Sending Sync interest
Max suppression time updated to: 342
Received update: /ndn/dk-site/dk/svs_core/dk=6, 1742596255727
Received update: /ndn/is-site/is/svs_core/is=7, 1742596255727
Received update: /ndn/pl-site/pl/svs_core/pl=7, 1742596255727
Max suppression time updated to: 345
Max suppression time updated to: 345
Max suppression time updated to: 345
Max suppression time updated to: 345
Max suppression time updated to: 345
Received update: /ndn/mk-site/mk/svs_core/mk=7, 1742596257045
Received update: /ndn/fr1-site/fr1/svs_core/fr1=7, 1742596257045
Max suppression time updated to: 345
Received update: /ndn/lt-site/lt/svs_core/lt=7, 1742596258274
Received update: /ndn/pt-site/pt/svs_core/pt=7, 1742596258274
Received update: /ndn/si-site/si/svs_core/si=7, 1742596258274
Received update: /ndn/fr2-site/fr2/svs_core/fr2=7, 1742596258274
Max suppression time updated to: 345
Max suppression time updated to: 345
Received update: /ndn/de1-site/de1/svs_core/de1=7, 1742596258835
Max suppression time updated to: 345
Received update: /ndn/hr-site/hr/svs_core/hr=7, 1742596265848
Received update: /ndn/ie-site/ie/svs_core/ie=7, 1742596265848
Received update: /ndn/it-site/it/svs_core/it=7, 1742596265848
Received update: /ndn/me-site/me/svs_core/me=7, 1742596265848
Max suppression time updated to: 348
Received update: /ndn/gr-site/gr/svs_core/gr=7, 1742596265859
Max suppression time updated to: 348
Received update: /ndn/ua-site/ua/svs_core/ua=7, 1742596266509
Max suppression time updated to: 348
Max suppression time updated to: 348
Received update: /ndn/al-site/al/svs_core/al=7, 1742596266816
Max suppression time updated to: 348
Max suppression time updated to: 348
Received update: /ndn/sk-site/sk/svs_core/sk=7, 1742596268528
Max suppression time updated to: 348
Received update: /ndn/ro-site/ro/svs_core/ro=7, 1742596270700
Max suppression time updated to: 351
Max suppression time updated to: 351
Received update: /ndn/ge-site/ge/svs_core/ge=7, 1742596271686
Max suppression time updated to: 351
Received update: /ndn/es-site/es/svs_core/es=7, 1742596274342
Max suppression time updated to: 351
Max suppression time updated to: 351
Max suppression time updated to: 351
Received update: /ndn/md-site/md/svs_core/md=7, 1742596277850
Received update: /ndn/tr-site/tr/svs_core/tr=7, 1742596277850
Max suppression time updated to: 351
Received update: /ndn/bg-site/bg/svs_core/bg=7, 1742596278033
Received update: /ndn/hu-site/hu/svs_core/hu=7, 1742596278033
Max suppression time updated to: 351
Received update: /ndn/az-site/az/svs_core/az=7, 1742596278215
Max suppression time updated to: 351
Max suppression time updated to: 351
Received update: /ndn/lv-site/lv/svs_core/lv=7, 1742596278611
Max suppression time updated to: 351
Received update: /ndn/de2-site/de2/svs_core/de2=7, 1742596278612
Max suppression time updated to: 354
Max suppression time updated to: 354
Received update: /ndn/mt-site/mt/svs_core/mt=7, 1742596280206
Received update: /ndn/rs-site/rs/svs_core/rs=7, 1742596280206
Max suppression time updated to: 354
Received update: /ndn/am-site/am/svs_core/am=7, 1742596281187
Max suppression time updated to: 354
Max suppression time updated to: 354
Max suppression time updated to: 351
Max suppression time updated to: 351
Received update: /ndn/at-site/at/svs_core/at=7, 1742596283672
Max suppression time updated to: 351
Received update: /ndn/il-site/il/svs_core/il=7, 1742596284035
Max suppression time updated to: 351
Received update: /ndn/se-site/se/svs_core/se=7, 1742596284454
Max suppression time updated to: 351
Received update: /ndn/be-site/be/svs_core/be=7, 1742596285240
Max suppression time updated to: 351
Max suppression time updated to: 354
Max suppression time updated to: 354
Max suppression time updated to: 354
Max suppression time updated to: 354
Received update: /ndn/uk-site/uk/svs_core/uk=7, 1742596285806
Max suppression time updated to: 354
Received update: /ndn/cy-site/cy/svs_core/cy=7, 1742596285850
Max suppression time updated to: 354
Received update: /ndn/cz-site/cz/svs_core/cz=7, 1742596289389
Max suppression time updated to: 354
Received update: /ndn/lu-site/lu/svs_core/lu=7, 1742596289670
Published sequence number: /ndn/no-site/no/svs_core/no=7, 1742596291565
Sending Sync interest
Max suppression time updated to: 354
Received update: /ndn/ch-site/ch/svs_core/ch=7, 1742596293324
Received update: /ndn/ee-site/ee/svs_core/ee=7, 1742596293324
Received update: /ndn/fi-site/fi/svs_core/fi=7, 1742596293324
Received update: /ndn/nl-site/nl/svs_core/nl=7, 1742596293324
Sending Sync interest
Max suppression time updated to: 354
Received update: /ndn/by-site/by/svs_core/by=7, 1742596301590
Received update: /ndn/dk-site/dk/svs_core/dk=7, 1742596301590
Received update: /ndn/mk-site/mk/svs_core/mk=8, 1742596301590
Received update: /ndn/pl-site/pl/svs_core/pl=8, 1742596301590
Max suppression time updated to: 354
Received update: /ndn/fr1-site/fr1/svs_core/fr1=8, 1742596301676
Max suppression time updated to: 354
Received update: /ndn/si-site/si/svs_core/si=8, 1742596302456
Max suppression time updated to: 354
Received update: /ndn/is-site/is/svs_core/is=8, 1742596302589
Max suppression time updated to: 354
Max suppression time updated to: 354
Max suppression time updated to: 354
Received update: /ndn/pt-site/pt/svs_core/pt=8, 1742596303054
Received update: /ndn/fr2-site/fr2/svs_core/fr2=8, 1742596303054
Max suppression time updated to: 354
Received update: /ndn/hr-site/hr/svs_core/hr=8, 1742596303765
Max suppression time updated to: 357
Received update: /ndn/gr-site/gr/svs_core/gr=8, 1742596306640
Received update: /ndn/de1-site/de1/svs_core/de1=8, 1742596306640
Max suppression time updated to: 357
Received update: /ndn/by-site/by/svs_core/by=8, 1742596307957
Received update: /ndn/lt-site/lt/svs_core/lt=8, 1742596307957
Max suppression time updated to: 354
Received update: /ndn/it-site/it/svs_core/it=8, 1742596310923
Received update: /ndn/me-site/me/svs_core/me=8, 1742596310923
Max suppression time updated to: 357
Max suppression time updated to: 357
Received update: /ndn/al-site/al/svs_core/al=8, 1742596311318
Max suppression time updated to: 357
Received update: /ndn/ua-site/ua/svs_core/ua=8, 1742596311754
Max suppression time updated to: 357
Received update: /ndn/sk-site/sk/svs_core/sk=8, 1742596313551
Max suppression time updated to: 357
Received update: /ndn/ro-site/ro/svs_core/ro=8, 1742596315730
Max suppression time updated to: 360
Received update: /ndn/bg-site/bg/svs_core/bg=8, 1742596318447
Received update: /ndn/ge-site/ge/svs_core/ge=8, 1742596318447
Received update: /ndn/ie-site/ie/svs_core/ie=8, 1742596318447
Max suppression time updated to: 357
Received update: /ndn/es-site/es/svs_core/es=8, 1742596319440
Max suppression time updated to: 357
Max suppression time updated to: 357
Max suppression time updated to: 357
Received update: /ndn/md-site/md/svs_core/md=8, 1742596320116
Max suppression time updated to: 357
Received update: /ndn/az-site/az/svs_core/az=8, 1742596320456
Max suppression time updated to: 357
Received update: /ndn/hu-site/hu/svs_core/hu=8, 1742596320579
Max suppression time updated to: 357
Received update: /ndn/tr-site/tr/svs_core/tr=8, 1742596323604
Received update: /ndn/de2-site/de2/svs_core/de2=8, 1742596323604
Max suppression time updated to: 357
Received update: /ndn/il-site/il/svs_core/il=8, 1742596326568
Max suppression time updated to: 357
Received update: /ndn/lv-site/lv/svs_core/lv=8, 1742596326932
Max suppression time updated to: 357
Received update: /ndn/se-site/se/svs_core/se=8, 1742596329461
Max suppression time updated to: 357
Received update: /ndn/am-site/am/svs_core/am=8, 1742596329584
Max suppression time updated to: 357
Received update: /ndn/at-site/at/svs_core/at=8, 1742596329800
Max suppression time updated to: 357
Max suppression time updated to: 357
Received update: /ndn/rs-site/rs/svs_core/rs=8, 1742596330218
Max suppression time updated to: 357
Received update: /ndn/mt-site/mt/svs_core/mt=8, 1742596330772
Max suppression time updated to: 357
Received update: /ndn/uk-site/uk/svs_core/uk=8, 1742596330849
Max suppression time updated to: 357
Received update: /ndn/be-site/be/svs_core/be=8, 1742596332562
Received update: /ndn/cy-site/cy/svs_core/cy=8, 1742596332562
Received update: /ndn/lu-site/lu/svs_core/lu=8, 1742596332562
Max suppression time updated to: 360
Received update: /ndn/ch-site/ch/svs_core/ch=8, 1742596336446
Received update: /ndn/cz-site/cz/svs_core/cz=8, 1742596336446
Received update: /ndn/ee-site/ee/svs_core/ee=8, 1742596336446
Published sequence number: /ndn/no-site/no/svs_core/no=8, 1742596336576
Sending Sync interest
Max suppression time updated to: 360
Received update: /ndn/nl-site/nl/svs_core/nl=8, 1742596337415
Sending Sync interest
Max suppression time updated to: 360
Max suppression time updated to: 360
Received update: /ndn/fi-site/fi/svs_core/fi=8, 1742596338149
Max suppression time updated to: 360
Max suppression time updated to: 360
Max suppression time updated to: 360
Received update: /ndn/dk-site/dk/svs_core/dk=8, 1742596341044
Max suppression time updated to: 360
Received update: /ndn/is-site/is/svs_core/is=9, 1742596345483
Max suppression time updated to: 360
Received update: /ndn/mk-site/mk/svs_core/mk=9, 1742596346449
Max suppression time updated to: 363
Received update: /ndn/pl-site/pl/svs_core/pl=9, 1742596346831
Received update: /ndn/fr1-site/fr1/svs_core/fr1=9, 1742596346831
Max suppression time updated to: 363
Received update: /ndn/fr2-site/fr2/svs_core/fr2=9, 1742596347944
Max suppression time updated to: 363
Received update: /ndn/pt-site/pt/svs_core/pt=9, 1742596348050
Max suppression time updated to: 363
Received update: /ndn/hr-site/hr/svs_core/hr=9, 1742596348774
Max suppression time updated to: 363
Max suppression time updated to: 363
Received update: /ndn/si-site/si/svs_core/si=9, 1742596349084
Received update: /ndn/de1-site/de1/svs_core/de1=9, 1742596349084
Max suppression time updated to: 363
Max suppression time updated to: 363
Received update: /ndn/lt-site/lt/svs_core/lt=9, 1742596349481
Max suppression time updated to: 363
Sending Sync interest
Max suppression time updated to: 363
Received update: /ndn/ie-site/ie/svs_core/ie=9, 1742596355467
Max suppression time updated to: 363
Received update: /ndn/gr-site/gr/svs_core/gr=9, 1742596356253
Received update: /ndn/me-site/me/svs_core/me=9, 1742596356253
Max suppression time updated to: 363
Received update: /ndn/it-site/it/svs_core/it=9, 1742596356285
Max suppression time updated to: 363
Received update: /ndn/ua-site/ua/svs_core/ua=9, 1742596356554
Max suppression time updated to: 363
Received update: /ndn/by-site/by/svs_core/by=9, 1742596358175
Max suppression time updated to: 363
Received update: /ndn/al-site/al/svs_core/al=9, 1742596361970
Received update: /ndn/ge-site/ge/svs_core/ge=9, 1742596361970
Received update: /ndn/sk-site/sk/svs_core/sk=9, 1742596361970
Max suppression time updated to: 363
Received update: /ndn/bg-site/bg/svs_core/bg=9, 1742596364365
Received update: /ndn/es-site/es/svs_core/es=9, 1742596364365
Max suppression time updated to: 363
Received update: /ndn/az-site/az/svs_core/az=9, 1742596365410
Max suppression time updated to: 363
Received update: /ndn/ro-site/ro/svs_core/ro=9, 1742596365855
Max suppression time updated to: 363
Received update: /ndn/hu-site/hu/svs_core/hu=9, 1742596367894
Received update: /ndn/tr-site/tr/svs_core/tr=9, 1742596367894
Max suppression time updated to: 363
Received update: /ndn/lv-site/lv/svs_core/lv=9, 1742596367895
Max suppression time updated to: 363
Received update: /ndn/rs-site/rs/svs_core/rs=9, 1742596368608
Received update: /ndn/de2-site/de2/svs_core/de2=9, 1742596368608
Max suppression time updated to: 363
Received update: /ndn/am-site/am/svs_core/am=9, 1742596371256
Max suppression time updated to: 363
Max suppression time updated to: 363
Max suppression time updated to: 363
Max suppression time updated to: 363
Received update: /ndn/md-site/md/svs_core/md=9, 1742596372168
Received update: /ndn/mt-site/mt/svs_core/mt=9, 1742596372168
Max suppression time updated to: 363
Received update: /ndn/at-site/at/svs_core/at=9, 1742596373710
Max suppression time updated to: 363
Received update: /ndn/se-site/se/svs_core/se=9, 1742596374466
Max suppression time updated to: 363
Received update: /ndn/be-site/be/svs_core/be=9, 1742596375792
Received update: /ndn/il-site/il/svs_core/il=9, 1742596375792
Received update: /ndn/uk-site/uk/svs_core/uk=9, 1742596375792
Max suppression time updated to: 363
Received update: /ndn/cy-site/cy/svs_core/cy=9, 1742596375854
Sending Sync interest
Max suppression time updated to: 363
Received update: /ndn/lu-site/lu/svs_core/lu=9, 1742596377294
Max suppression time updated to: 363
Max suppression time updated to: 363
Max suppression time updated to: 363
Received update: /ndn/cz-site/cz/svs_core/cz=9, 1742596379421
Max suppression time updated to: 363
Received update: /ndn/ch-site/ch/svs_core/ch=9, 1742596379817
Max suppression time updated to: 363
Max suppression time updated to: 360
Max suppression time updated to: 360
Published sequence number: /ndn/no-site/no/svs_core/no=9, 1742596381587
Sending Sync interest
Max suppression time updated to: 363
Received update: /ndn/dk-site/dk/svs_core/dk=9, 1742596386067
Received update: /ndn/ee-site/ee/svs_core/ee=9, 1742596386067
Received update: /ndn/nl-site/nl/svs_core/nl=9, 1742596386067
Max suppression time updated to: 360
Received update: /ndn/fi-site/fi/svs_core/fi=9, 1742596386178
Max suppression time updated to: 363
Received update: /ndn/pl-site/pl/svs_core/pl=10, 1742596390678
Max suppression time updated to: 363
Received update: /ndn/is-site/is/svs_core/is=10, 1742596390802
Max suppression time updated to: 363
Max suppression time updated to: 360
Max suppression time updated to: 360
Received update: /ndn/fr1-site/fr1/svs_core/fr1=10, 1742596391696
Max suppression time updated to: 360
Received update: /ndn/si-site/si/svs_core/si=10, 1742596392473
Sending Sync interest
Max suppression time updated to: 360
Received update: /ndn/mk-site/mk/svs_core/mk=10, 1742596393395
Received update: /ndn/pt-site/pt/svs_core/pt=10, 1742596393395
Max suppression time updated to: 360
Received update: /ndn/gr-site/gr/svs_core/gr=10, 1742596396620
Received update: /ndn/fr2-site/fr2/svs_core/fr2=10, 1742596396620
Max suppression time updated to: 360
Received update: /ndn/de1-site/de1/svs_core/de1=10, 1742596396657
Max suppression time updated to: 360
Received update: /ndn/by-site/by/svs_core/by=10, 1742596400639
Received update: /ndn/it-site/it/svs_core/it=10, 1742596400639
Max suppression time updated to: 360
Received update: /ndn/hr-site/hr/svs_core/hr=10, 1742596400992
Received update: /ndn/me-site/me/svs_core/me=10, 1742596400992
Max suppression time updated to: 360
Received update: /ndn/lt-site/lt/svs_core/lt=10, 1742596401262
Max suppression time updated to: 360
Received update: /ndn/al-site/al/svs_core/al=10, 1742596401263
Max suppression time updated to: 360
Received update: /ndn/ie-site/ie/svs_core/ie=10, 1742596401264
Max suppression time updated to: 360
Max suppression time updated to: 360
Max suppression time updated to: 360
Max suppression time updated to: 360
Received update: /ndn/ua-site/ua/svs_core/ua=10, 1742596402065
Max suppression time updated to: 360
Max suppression time updated to: 360
Max suppression time updated to: 363
Received update: /ndn/sk-site/sk/svs_core/sk=10, 1742596403435
Max suppression time updated to: 363
Received update: /ndn/ro-site/ro/svs_core/ro=10, 1742596405668
Max suppression time updated to: 363
Received update: /ndn/bg-site/bg/svs_core/bg=10, 1742596408171
Max suppression time updated to: 363
Received update: /ndn/ge-site/ge/svs_core/ge=10, 1742596408440
Max suppression time updated to: 363
Received update: /ndn/es-site/es/svs_core/es=10, 1742596409345
Sending Sync interest
Max suppression time updated to: 366
Max suppression time updated to: 366
Received update: /ndn/hu-site/hu/svs_core/hu=10, 1742596413957
Received update: /ndn/md-site/md/svs_core/md=10, 1742596413957
Received update: /ndn/rs-site/rs/svs_core/rs=10, 1742596413957
Received update: /ndn/tr-site/tr/svs_core/tr=10, 1742596413957
Received update: /ndn/de2-site/de2/svs_core/de2=10, 1742596413957
Max suppression time updated to: 366
Received update: /ndn/lv-site/lv/svs_core/lv=10, 1742596414000
Max suppression time updated to: 366
Received update: /ndn/mt-site/mt/svs_core/mt=10, 1742596415374
Max suppression time updated to: 366
Received update: /ndn/am-site/am/svs_core/am=10, 1742596416556
Received update: /ndn/az-site/az/svs_core/az=10, 1742596416556
Received update: /ndn/il-site/il/svs_core/il=10, 1742596416556
Max suppression time updated to: 366
Received update: /ndn/se-site/se/svs_core/se=10, 1742596419466
Max suppression time updated to: 366
Received update: /ndn/at-site/at/svs_core/at=10, 1742596420798
Received update: /ndn/uk-site/uk/svs_core/uk=10, 1742596420798
Max suppression time updated to: 366
Received update: /ndn/cy-site/cy/svs_core/cy=10, 1742596420829
Sending Sync interest
Max suppression time updated to: 366
Max suppression time updated to: 366
Received update: /ndn/be-site/be/svs_core/be=10, 1742596421440
Max suppression time updated to: 366
Max suppression time updated to: 366
Received update: /ndn/ch-site/ch/svs_core/ch=10, 1742596424797
Received update: /ndn/cz-site/cz/svs_core/cz=10, 1742596424797
Received update: /ndn/lu-site/lu/svs_core/lu=10, 1742596424797
Published sequence number: /ndn/no-site/no/svs_core/no=10, 1742596426591
Sending Sync interest
Max suppression time updated to: 366
Received update: /ndn/ee-site/ee/svs_core/ee=10, 1742596426739
Max suppression time updated to: 366
Received update: /ndn/nl-site/nl/svs_core/nl=10, 1742596427465
Max suppression time updated to: 366
Received update: /ndn/fi-site/fi/svs_core/fi=10, 1742596428170
Max suppression time updated to: 366
Max suppression time updated to: 366
Max suppression time updated to: 366
Received update: /ndn/dk-site/dk/svs_core/dk=10, 1742596431048
Max suppression time updated to: 363
Received update: /ndn/is-site/is/svs_core/is=11, 1742596435485
Max suppression time updated to: 366
Received update: /ndn/pl-site/pl/svs_core/pl=11, 1742596436860
Received update: /ndn/fr1-site/fr1/svs_core/fr1=11, 1742596436860
Max suppression time updated to: 366
Received update: /ndn/mk-site/mk/svs_core/mk=11, 1742596437035
Max suppression time updated to: 366
Received update: /ndn/si-site/si/svs_core/si=11, 1742596437892
Received update: /ndn/fr2-site/fr2/svs_core/fr2=11, 1742596437892
Max suppression time updated to: 366
Received update: /ndn/hr-site/hr/svs_core/hr=11, 1742596438847
Received update: /ndn/pt-site/pt/svs_core/pt=11, 1742596438847
Received update: /ndn/de1-site/de1/svs_core/de1=11, 1742596438847
Max suppression time updated to: 366
Received update: /ndn/by-site/by/svs_core/by=11, 1742596442618
Max suppression time updated to: 366
Received update: /ndn/lt-site/lt/svs_core/lt=11, 1742596442773
Max suppression time updated to: 366
Max suppression time updated to: 366
Max suppression time updated to: 366
Max suppression time updated to: 366
Received update: /ndn/me-site/me/svs_core/me=11, 1742596445811
Max suppression time updated to: 366
Received update: /ndn/gr-site/gr/svs_core/gr=11, 1742596446492
Received update: /ndn/ie-site/ie/svs_core/ie=11, 1742596446492
Received update: /ndn/it-site/it/svs_core/it=11, 1742596446492
Max suppression time updated to: 363
Received update: /ndn/ua-site/ua/svs_core/ua=11, 1742596446493
Max suppression time updated to: 363
Max suppression time updated to: 363
Max suppression time updated to: 363
Max suppression time updated to: 363
Max suppression time updated to: 363
Max suppression time updated to: 363
Received update: /ndn/al-site/al/svs_core/al=11, 1742596446925
Max suppression time updated to: 363
Max suppression time updated to: 363
Max suppression time updated to: 363
Max suppression time updated to: 363
Received update: /ndn/ge-site/ge/svs_core/ge=11, 1742596451682
Received update: /ndn/ro-site/ro/svs_core/ro=11, 1742596451682
Max suppression time updated to: 363
Received update: /ndn/bg-site/bg/svs_core/bg=11, 1742596455616
Received update: /ndn/hu-site/hu/svs_core/hu=11, 1742596455616
Received update: /ndn/sk-site/sk/svs_core/sk=11, 1742596455616
Max suppression time updated to: 363
Received update: /ndn/es-site/es/svs_core/es=11, 1742596456057
Received update: /ndn/md-site/md/svs_core/md=11, 1742596456057
Max suppression time updated to: 363
Received update: /ndn/tr-site/tr/svs_core/tr=11, 1742596457891
Max suppression time updated to: 360
Max suppression time updated to: 360
Received update: /ndn/lv-site/lv/svs_core/lv=11, 1742596458218
Max suppression time updated to: 360
Received update: /ndn/rs-site/rs/svs_core/rs=11, 1742596458573
Max suppression time updated to: 360
Received update: /ndn/az-site/az/svs_core/az=11, 1742596458617
Received update: /ndn/de2-site/de2/svs_core/de2=11, 1742596458617
Max suppression time updated to: 360
Max suppression time updated to: 360
Received update: /ndn/at-site/at/svs_core/at=11, 1742596463729
Received update: /ndn/il-site/il/svs_core/il=11, 1742596463729
Max suppression time updated to: 360
Received update: /ndn/se-site/se/svs_core/se=11, 1742596464471
Max suppression time updated to: 363
Received update: /ndn/mt-site/mt/svs_core/mt=11, 1742596464833
Max suppression time updated to: 363
Received update: /ndn/am-site/am/svs_core/am=11, 1742596465101
Max suppression time updated to: 363
Max suppression time updated to: 363
Max suppression time updated to: 363
Received update: /ndn/be-site/be/svs_core/be=11, 1742596465883
Received update: /ndn/cy-site/cy/svs_core/cy=11, 1742596465883
Max suppression time updated to: 363
Received update: /ndn/lu-site/lu/svs_core/lu=11, 1742596467461
Max suppression time updated to: 363
Received update: /ndn/cz-site/cz/svs_core/cz=11, 1742596469429
Received update: /ndn/uk-site/uk/svs_core/uk=11, 1742596469429
Max suppression time updated to: 363
Received update: /ndn/ch-site/ch/svs_core/ch=11, 1742596469798
Published sequence number: /ndn/no-site/no/svs_core/no=11, 1742596471592
Sending Sync interest
Max suppression time updated to: 363
Received update: /ndn/dk-site/dk/svs_core/dk=11, 1742596476043
Max suppression time updated to: 363
Received update: /ndn/ee-site/ee/svs_core/ee=11, 1742596476319
Max suppression time updated to: 363
Received update: /ndn/nl-site/nl/svs_core/nl=11, 1742596476406
Max suppression time updated to: 363
Received update: /ndn/is-site/is/svs_core/is=12, 1742596480506
Max suppression time updated to: 363
Received update: /ndn/fi-site/fi/svs_core/fi=11, 1742596482179
Received update: /ndn/mk-site/mk/svs_core/mk=12, 1742596482179
Received update: /ndn/pl-site/pl/svs_core/pl=12, 1742596482179
Received update: /ndn/fr1-site/fr1/svs_core/fr1=12, 1742596482179
Max suppression time updated to: 360
Received update: /ndn/si-site/si/svs_core/si=12, 1742596482454
Max suppression time updated to: 360
Received update: /ndn/hr-site/hr/svs_core/hr=12, 1742596483822
Received update: /ndn/fr2-site/fr2/svs_core/fr2=12, 1742596483822
Max suppression time updated to: 363
Received update: /ndn/pt-site/pt/svs_core/pt=12, 1742596484351
Received update: /ndn/de1-site/de1/svs_core/de1=12, 1742596484351
Max suppression time updated to: 363
Max suppression time updated to: 363
Received update: /ndn/gr-site/gr/svs_core/gr=12, 1742596486738
Received update: /ndn/lt-site/lt/svs_core/lt=12, 1742596486738
Max suppression time updated to: 363
Received update: /ndn/by-site/by/svs_core/by=12, 1742596490070
Received update: /ndn/it-site/it/svs_core/it=12, 1742596490070
Max suppression time updated to: 363
Received update: /ndn/me-site/me/svs_core/me=12, 1742596490784
Max suppression time updated to: 363
Max suppression time updated to: 360
Received update: /ndn/ie-site/ie/svs_core/ie=12, 1742596491052
Max suppression time updated to: 360
Received update: /ndn/sk-site/sk/svs_core/sk=12, 1742596493418
Max suppression time updated to: 360
Received update: /ndn/al-site/al/svs_core/al=12, 1742596495712
Received update: /ndn/ro-site/ro/svs_core/ro=12, 1742596495712
Received update: /ndn/ua-site/ua/svs_core/ua=12, 1742596495712
Max suppression time updated to: 360
Max suppression time updated to: 360
Max suppression time updated to: 360
Received update: /ndn/bg-site/bg/svs_core/bg=12, 1742596498205
Max suppression time updated to: 360
Received update: /ndn/ge-site/ge/svs_core/ge=12, 1742596501034
Received update: /ndn/hu-site/hu/svs_core/hu=12, 1742596501034
Received update: /ndn/md-site/md/svs_core/md=12, 1742596501034
Max suppression time updated to: 360
Received update: /ndn/es-site/es/svs_core/es=12, 1742596501077
Max suppression time updated to: 360
Received update: /ndn/rs-site/rs/svs_core/rs=12, 1742596503328
Max suppression time updated to: 357
Received update: /ndn/az-site/az/svs_core/az=12, 1742596503600
Received update: /ndn/tr-site/tr/svs_core/tr=12, 1742596503600
Max suppression time updated to: 360
Received update: /ndn/de2-site/de2/svs_core/de2=12, 1742596503665
Max suppression time updated to: 360
Received update: /ndn/lv-site/lv/svs_core/lv=12, 1742596503687
Max suppression time updated to: 360
Max suppression time updated to: 360
Received update: /ndn/mt-site/mt/svs_core/mt=12, 1742596505284
Max suppression time updated to: 360
Received update: /ndn/am-site/am/svs_core/am=12, 1742596506239
Max suppression time updated to: 360
Received update: /ndn/il-site/il/svs_core/il=12, 1742596506569
Max suppression time updated to: 360
Max suppression time updated to: 360
Max suppression time updated to: 360
Received update: /ndn/at-site/at/svs_core/at=12, 1742596508734
Max suppression time updated to: 360
Received update: /ndn/se-site/se/svs_core/se=12, 1742596509473
Max suppression time updated to: 363
Received update: /ndn/be-site/be/svs_core/be=12, 1742596510264
Max suppression time updated to: 363
Received update: /ndn/uk-site/uk/svs_core/uk=12, 1742596510797
Max suppression time updated to: 363
Received update: /ndn/cy-site/cy/svs_core/cy=12, 1742596512284
Received update: /ndn/lu-site/lu/svs_core/lu=12, 1742596512284
Max suppression time updated to: 363
Received update: /ndn/cz-site/cz/svs_core/cz=12, 1742596514412
Max suppression time updated to: 363
Max suppression time updated to: 363
Max suppression time updated to: 363
Max suppression time updated to: 363
Max suppression time updated to: 363
Max suppression time updated to: 363
Received update: /ndn/ch-site/ch/svs_core/ch=12, 1742596515314
Published sequence number: /ndn/no-site/no/svs_core/no=12, 1742596516593
Sending Sync interest
Max suppression time updated to: 363
Received update: /ndn/nl-site/nl/svs_core/nl=12, 1742596517418
Max suppression time updated to: 363
Received update: /ndn/ee-site/ee/svs_core/ee=12, 1742596517517
Max suppression time updated to: 363
Max suppression time updated to: 363
Received update: /ndn/dk-site/dk/svs_core/dk=12, 1742596521043
Max suppression time updated to: 363
Received update: /ndn/is-site/is/svs_core/is=13, 1742596525485
Max suppression time updated to: 363
Received update: /ndn/mk-site/mk/svs_core/mk=13, 1742596527680
Received update: /ndn/si-site/si/svs_core/si=13, 1742596527680
Received update: /ndn/fr1-site/fr1/svs_core/fr1=13, 1742596527680
Max suppression time updated to: 363
Max suppression time updated to: 363
Received update: /ndn/fi-site/fi/svs_core/fi=12, 1742596528131
Max suppression time updated to: 363
Received update: /ndn/lt-site/lt/svs_core/lt=13, 1742596528223
Received update: /ndn/pl-site/pl/svs_core/pl=13, 1742596528223
Received update: /ndn/fr2-site/fr2/svs_core/fr2=13, 1742596528223
Max suppression time updated to: 363
Max suppression time updated to: 360
Received update: /ndn/pt-site/pt/svs_core/pt=13, 1742596528567
Max suppression time updated to: 360
Received update: /ndn/hr-site/hr/svs_core/hr=13, 1742596528794
Max suppression time updated to: 360
Received update: /ndn/gr-site/gr/svs_core/gr=13, 1742596531731
Received update: /ndn/de1-site/de1/svs_core/de1=13, 1742596531731
Max suppression time updated to: 360
Received update: /ndn/by-site/by/svs_core/by=13, 1742596535059
Received update: /ndn/it-site/it/svs_core/it=13, 1742596535059
Max suppression time updated to: 360
Received update: /ndn/al-site/al/svs_core/al=13, 1742596536378
Received update: /ndn/me-site/me/svs_core/me=13, 1742596536378
Max suppression time updated to: 360
Max suppression time updated to: 360
Received update: /ndn/ie-site/ie/svs_core/ie=13, 1742596538468
Received update: /ndn/sk-site/sk/svs_core/sk=13, 1742596538468
Max suppression time updated to: 360
Received update: /ndn/ro-site/ro/svs_core/ro=13, 1742596540665
Max suppression time updated to: 360
Received update: /ndn/ge-site/ge/svs_core/ge=13, 1742596541685
Max suppression time updated to: 360
Received update: /ndn/bg-site/bg/svs_core/bg=13, 1742596543143
Received update: /ndn/ua-site/ua/svs_core/ua=13, 1742596543143
Max suppression time updated to: 360
Received update: /ndn/es-site/es/svs_core/es=13, 1742596544513
Max suppression time updated to: 357
Max suppression time updated to: 357
Received update: /ndn/hu-site/hu/svs_core/hu=13, 1742596545620
Max suppression time updated to: 360
Received update: /ndn/az-site/az/svs_core/az=13, 1742596547588
Max suppression time updated to: 360
Max suppression time updated to: 360
Max suppression time updated to: 360
Max suppression time updated to: 360
Received update: /ndn/tr-site/tr/svs_core/tr=13, 1742596547963
Max suppression time updated to: 360
Received update: /ndn/md-site/md/svs_core/md=13, 1742596548006
Max suppression time updated to: 360
Received update: /ndn/mt-site/mt/svs_core/mt=13, 1742596550447
Received update: /ndn/de2-site/de2/svs_core/de2=13, 1742596550447
Max suppression time updated to: 357
Received update: /ndn/rs-site/rs/svs_core/rs=13, 1742596550738
Max suppression time updated to: 360
Received update: /ndn/am-site/am/svs_core/am=13, 1742596553736
Received update: /ndn/at-site/at/svs_core/at=13, 1742596553736
Received update: /ndn/lv-site/lv/svs_core/lv=13, 1742596553736
Max suppression time updated to: 360
Received update: /ndn/cy-site/cy/svs_core/cy=13, 1742596555856
Received update: /ndn/il-site/il/svs_core/il=13, 1742596555856
Max suppression time updated to: 357
Received update: /ndn/be-site/be/svs_core/be=13, 1742596555966
Received update: /ndn/uk-site/uk/svs_core/uk=13, 1742596555966
Max suppression time updated to: 357
Received update: /ndn/se-site/se/svs_core/se=13, 1742596556181
Max suppression time updated to: 357
Max suppression time updated to: 357
Max suppression time updated to: 357
Max suppression time updated to: 357
Max suppression time updated to: 357
Max suppression time updated to: 357
Received update: /ndn/cz-site/cz/svs_core/cz=13, 1742596559485
Max suppression time updated to: 357
Received update: /ndn/ch-site/ch/svs_core/ch=13, 1742596559823
Received update: /ndn/lu-site/lu/svs_core/lu=13, 1742596559823
Max suppression time updated to: 357
Received update: /ndn/ee-site/ee/svs_core/ee=13, 1742596561354
Published sequence number: /ndn/no-site/no/svs_core/no=13, 1742596561594
Sending Sync interest
Max suppression time updated to: 357
Received update: /ndn/fi-site/fi/svs_core/fi=13, 1742596563176
Sending Sync interest
Max suppression time updated to: 357
Received update: /ndn/dk-site/dk/svs_core/dk=13, 1742596566165
Received update: /ndn/nl-site/nl/svs_core/nl=13, 1742596566165
Max suppression time updated to: 357
Received update: /ndn/is-site/is/svs_core/is=14, 1742596571188
Received update: /ndn/pl-site/pl/svs_core/pl=14, 1742596571188
Max suppression time updated to: 354
Received update: /ndn/fr1-site/fr1/svs_core/fr1=14, 1742596571701
Max suppression time updated to: 357
Max suppression time updated to: 354
Max suppression time updated to: 354
Max suppression time updated to: 354
Max suppression time updated to: 354
Received update: /ndn/si-site/si/svs_core/si=14, 1742596572462
Max suppression time updated to: 354
Received update: /ndn/mk-site/mk/svs_core/mk=14, 1742596572523
Max suppression time updated to: 354
Received update: /ndn/lt-site/lt/svs_core/lt=14, 1742596573207
Received update: /ndn/fr2-site/fr2/svs_core/fr2=14, 1742596573207
Max suppression time updated to: 354
Received update: /ndn/gr-site/gr/svs_core/gr=14, 1742596576628
Received update: /ndn/hr-site/hr/svs_core/hr=14, 1742596576628
Received update: /ndn/de1-site/de1/svs_core/de1=14, 1742596576628
Max suppression time updated to: 354
Received update: /ndn/pt-site/pt/svs_core/pt=14, 1742596576741
Max suppression time updated to: 354
Received update: /ndn/it-site/it/svs_core/it=14, 1742596580086
Max suppression time updated to: 354
Received update: /ndn/by-site/by/svs_core/by=14, 1742596581054
Received update: /ndn/ie-site/ie/svs_core/ie=14, 1742596581054
Max suppression time updated to: 354
Received update: /ndn/al-site/al/svs_core/al=14, 1742596581294
Max suppression time updated to: 354
Received update: /ndn/me-site/me/svs_core/me=14, 1742596581614
Received update: /ndn/ua-site/ua/svs_core/ua=14, 1742596581614
Max suppression time updated to: 354
Received update: /ndn/sk-site/sk/svs_core/sk=14, 1742596583421
Max suppression time updated to: 354
Received update: /ndn/ge-site/ge/svs_core/ge=14, 1742596586719
Received update: /ndn/ro-site/ro/svs_core/ro=14, 1742596586719
Max suppression time updated to: 354
Received update: /ndn/bg-site/bg/svs_core/bg=14, 1742596588144
Max suppression time updated to: 354
Received update: /ndn/az-site/az/svs_core/az=14, 1742596590608
Received update: /ndn/es-site/es/svs_core/es=14, 1742596590608
Received update: /ndn/md-site/md/svs_core/md=14, 1742596590608
Max suppression time updated to: 354
Received update: /ndn/hu-site/hu/svs_core/hu=14, 1742596593666
Received update: /ndn/tr-site/tr/svs_core/tr=14, 1742596593666
Received update: /ndn/de2-site/de2/svs_core/de2=14, 1742596593666
Max suppression time updated to: 354
Received update: /ndn/lv-site/lv/svs_core/lv=14, 1742596593786
Max suppression time updated to: 354
Received update: /ndn/rs-site/rs/svs_core/rs=14, 1742596593870
Max suppression time updated to: 351
Max suppression time updated to: 354
Received update: /ndn/mt-site/mt/svs_core/mt=14, 1742596595640
Max suppression time updated to: 354
Max suppression time updated to: 354
Received update: /ndn/am-site/am/svs_core/am=14, 1742596599138
Received update: /ndn/at-site/at/svs_core/at=14, 1742596599138
Received update: /ndn/il-site/il/svs_core/il=14, 1742596599138
Max suppression time updated to: 354
Received update: /ndn/be-site/be/svs_core/be=14, 1742596600409
Received update: /ndn/se-site/se/svs_core/se=14, 1742596600409
Max suppression time updated to: 354
Received update: /ndn/uk-site/uk/svs_core/uk=14, 1742596600823
Max suppression time updated to: 354
Received update: /ndn/cy-site/cy/svs_core/cy=14, 1742596600840
Max suppression time updated to: 354
Received update: /ndn/ch-site/ch/svs_core/ch=14, 1742596605074
Max suppression time updated to: 354
Max suppression time updated to: 354
Received update: /ndn/lu-site/lu/svs_core/lu=14, 1742596605125
Published sequence number: /ndn/no-site/no/svs_core/no=14, 1742596606595
Sending Sync interest
Max suppression time updated to: 354
Received update: /ndn/cz-site/cz/svs_core/cz=14, 1742596607430
Received update: /ndn/nl-site/nl/svs_core/nl=14, 1742596607430
Max suppression time updated to: 354
Received update: /ndn/dk-site/dk/svs_core/dk=14, 1742596611069
Max suppression time updated to: 354
Received update: /ndn/ee-site/ee/svs_core/ee=14, 1742596611528
Max suppression time updated to: 354
Received update: /ndn/pl-site/pl/svs_core/pl=15, 1742596616747
Received update: /ndn/fr1-site/fr1/svs_core/fr1=15, 1742596616747
Max suppression time updated to: 354
Received update: /ndn/mk-site/mk/svs_core/mk=15, 1742596617181
Max suppression time updated to: 354
Received update: /ndn/si-site/si/svs_core/si=15, 1742596617485
Max suppression time updated to: 354
Received update: /ndn/is-site/is/svs_core/is=15, 1742596618350
Received update: /ndn/lt-site/lt/svs_core/lt=15, 1742596618350
Max suppression time updated to: 351
Max suppression time updated to: 351
Received update: /ndn/fr2-site/fr2/svs_core/fr2=15, 1742596618600
Max suppression time updated to: 351
Received update: /ndn/pt-site/pt/svs_core/pt=15, 1742596618704
Max suppression time updated to: 351
Received update: /ndn/hr-site/hr/svs_core/hr=15, 1742596618804
Max suppression time updated to: 351
Received update: /ndn/fi-site/fi/svs_core/fi=14, 1742596619224
Received update: /ndn/de1-site/de1/svs_core/de1=15, 1742596619224
Max suppression time updated to: 351
Received update: /ndn/by-site/by/svs_core/by=15, 1742596625063
Received update: /ndn/gr-site/gr/svs_core/gr=15, 1742596625063
Received update: /ndn/it-site/it/svs_core/it=15, 1742596625063
Sending Sync interest
Max suppression time updated to: 351
Received update: /ndn/ie-site/ie/svs_core/ie=15, 1742596628431
Received update: /ndn/sk-site/sk/svs_core/sk=15, 1742596628431
Received update: /ndn/ua-site/ua/svs_core/ua=15, 1742596628431
Max suppression time updated to: 351
Received update: /ndn/al-site/al/svs_core/al=15, 1742596634782
Received update: /ndn/es-site/es/svs_core/es=15, 1742596634782
Received update: /ndn/ro-site/ro/svs_core/ro=15, 1742596634782
Max suppression time updated to: 351
Max suppression time updated to: 351
Received update: /ndn/me-site/me/svs_core/me=15, 1742596635057
Max suppression time updated to: 348
Received update: /ndn/bg-site/bg/svs_core/bg=15, 1742596635261
Received update: /ndn/ge-site/ge/svs_core/ge=15, 1742596635261
Max suppression time updated to: 351
Max suppression time updated to: 351
Max suppression time updated to: 351
Received update: /ndn/az-site/az/svs_core/az=15, 1742596635446
Max suppression time updated to: 351
Received update: /ndn/hu-site/hu/svs_core/hu=15, 1742596635990
Max suppression time updated to: 351
Received update: /ndn/md-site/md/svs_core/md=15, 1742596639024
Received update: /ndn/rs-site/rs/svs_core/rs=15, 1742596639024
Received update: /ndn/tr-site/tr/svs_core/tr=15, 1742596639024
Received update: /ndn/de2-site/de2/svs_core/de2=15, 1742596639024
Max suppression time updated to: 354
Received update: /ndn/am-site/am/svs_core/am=15, 1742596641257
Max suppression time updated to: 354
Max suppression time updated to: 354
Max suppression time updated to: 354
Received update: /ndn/il-site/il/svs_core/il=15, 1742596641600
Max suppression time updated to: 354
Received update: /ndn/at-site/at/svs_core/at=15, 1742596643738
Max suppression time updated to: 354
Received update: /ndn/se-site/se/svs_core/se=15, 1742596644502
Max suppression time updated to: 354
Received update: /ndn/mt-site/mt/svs_core/mt=15, 1742596645295
Max suppression time updated to: 354
Max suppression time updated to: 354
Received update: /ndn/be-site/be/svs_core/be=15, 1742596645808
Received update: /ndn/uk-site/uk/svs_core/uk=15, 1742596645808
Max suppression time updated to: 354
Received update: /ndn/lv-site/lv/svs_core/lv=15, 1742596645958
Max suppression time updated to: 357
Received update: /ndn/cy-site/cy/svs_core/cy=15, 1742596645984
Max suppression time updated to: 357
Max suppression time updated to: 357
Max suppression time updated to: 357
Max suppression time updated to: 357
Received update: /ndn/lu-site/lu/svs_core/lu=15, 1742596647302
Max suppression time updated to: 357
Received update: /ndn/ch-site/ch/svs_core/ch=15, 1742596649987
Received update: /ndn/cz-site/cz/svs_core/cz=15, 1742596649987
Max suppression time updated to: 357
Received update: /ndn/ee-site/ee/svs_core/ee=15, 1742596651360
Published sequence number: /ndn/no-site/no/svs_core/no=15, 1742596651598
Sending Sync interest
Max suppression time updated to: 357
Received update: /ndn/nl-site/nl/svs_core/nl=15, 1742596652401
Max suppression time updated to: 357
Max suppression time updated to: 357
Received update: /ndn/dk-site/dk/svs_core/dk=15, 1742596656076
Max suppression time updated to: 354
Received update: /ndn/fi-site/fi/svs_core/fi=15, 1742596656263
Max suppression time updated to: 354
Received update: /ndn/mk-site/mk/svs_core/mk=16, 1742596661721
Received update: /ndn/pl-site/pl/svs_core/pl=16, 1742596661721
Received update: /ndn/fr1-site/fr1/svs_core/fr1=16, 1742596661721
Max suppression time updated to: 354
Received update: /ndn/is-site/is/svs_core/is=16, 1742596661897
Max suppression time updated to: 354
Max suppression time updated to: 354
Received update: /ndn/si-site/si/svs_core/si=16, 1742596662471
Max suppression time updated to: 354
Max suppression time updated to: 354
Received update: /ndn/pt-site/pt/svs_core/pt=16, 1742596663164
Max suppression time updated to: 354
Received update: /ndn/lt-site/lt/svs_core/lt=16, 1742596663208
Max suppression time updated to: 354
Max suppression time updated to: 354
Max suppression time updated to: 354
Received update: /ndn/fr2-site/fr2/svs_core/fr2=16, 1742596663568
Max suppression time updated to: 354
Max suppression time updated to: 351
Received update: /ndn/hr-site/hr/svs_core/hr=16, 1742596663887
Received update: /ndn/de1-site/de1/svs_core/de1=16, 1742596663887
Max suppression time updated to: 351
Received update: /ndn/gr-site/gr/svs_core/gr=16, 1742596666620
Max suppression time updated to: 351
Received update: /ndn/by-site/by/svs_core/by=16, 1742596670523
Received update: /ndn/ie-site/ie/svs_core/ie=16, 1742596670523
Max suppression time updated to: 354
Received update: /ndn/it-site/it/svs_core/it=16, 1742596670666
Max suppression time updated to: 351
Received update: /ndn/ua-site/ua/svs_core/ua=16, 1742596671548
Max suppression time updated to: 351
Received update: /ndn/al-site/al/svs_core/al=16, 1742596671779
Received update: /ndn/me-site/me/svs_core/me=16, 1742596671779
Max suppression time updated to: 351
Received update: /ndn/ge-site/ge/svs_core/ge=16, 1742596676682
Received update: /ndn/ro-site/ro/svs_core/ro=16, 1742596676682
Max suppression time updated to: 351
Received update: /ndn/sk-site/sk/svs_core/sk=16, 1742596677017
Max suppression time updated to: 351
Received update: /ndn/bg-site/bg/svs_core/bg=16, 1742596679319
Received update: /ndn/es-site/es/svs_core/es=16, 1742596679319
Max suppression time updated to: 348
Received update: /ndn/md-site/md/svs_core/md=16, 1742596680151
Max suppression time updated to: 348
Max suppression time updated to: 348
Max suppression time updated to: 351
Received update: /ndn/tr-site/tr/svs_core/tr=16, 1742596682951
Max suppression time updated to: 351
Received update: /ndn/az-site/az/svs_core/az=16, 1742596683133
Received update: /ndn/hu-site/hu/svs_core/hu=16, 1742596683133
Max suppression time updated to: 351
Received update: /ndn/mt-site/mt/svs_core/mt=16, 1742596685263
Max suppression time updated to: 351
Max suppression time updated to: 351
Received update: /ndn/de2-site/de2/svs_core/de2=16, 1742596685625
Max suppression time updated to: 351
Max suppression time updated to: 351
Max suppression time updated to: 351
Max suppression time updated to: 351
Received update: /ndn/lv-site/lv/svs_core/lv=16, 1742596686303
Max suppression time updated to: 351
Received update: /ndn/am-site/am/svs_core/am=16, 1742596686336
Received update: /ndn/rs-site/rs/svs_core/rs=16, 1742596686336
Max suppression time updated to: 351
Max suppression time updated to: 351
Max suppression time updated to: 351
Max suppression time updated to: 351
Max suppression time updated to: 351
Max suppression time updated to: 354
Max suppression time updated to: 354
Received update: /ndn/il-site/il/svs_core/il=16, 1742596687211
Max suppression time updated to: 354
Received update: /ndn/at-site/at/svs_core/at=16, 1742596688916
Max suppression time updated to: 354
Max suppression time updated to: 354
Received update: /ndn/se-site/se/svs_core/se=16, 1742596689487
Max suppression time updated to: 354
Received update: /ndn/be-site/be/svs_core/be=16, 1742596690213
Max suppression time updated to: 354
Received update: /ndn/uk-site/uk/svs_core/uk=16, 1742596690833
Max suppression time updated to: 354
Received update: /ndn/cy-site/cy/svs_core/cy=16, 1742596694425
Received update: /ndn/cz-site/cz/svs_core/cz=16, 1742596694425
Received update: /ndn/lu-site/lu/svs_core/lu=16, 1742596694425
Published sequence number: /ndn/no-site/no/svs_core/no=16, 1742596696598
Sending Sync interest
Max suppression time updated to: 351
Received update: /ndn/ee-site/ee/svs_core/ee=16, 1742596696615
Max suppression time updated to: 354
Received update: /ndn/ch-site/ch/svs_core/ch=16, 1742596696936
Max suppression time updated to: 351
Max suppression time updated to: 351
Max suppression time updated to: 351
Received update: /ndn/nl-site/nl/svs_core/nl=16, 1742596697408
Max suppression time updated to: 351
Received update: /ndn/dk-site/dk/svs_core/dk=16, 1742596701052
Max suppression time updated to: 351
Max suppression time updated to: 351
Received update: /ndn/fi-site/fi/svs_core/fi=16, 1742596725342
Max suppression time updated to: 351
Stopping SVS client: /ndn/no-site/no/svs_core/no
