SVS client starting: /ndn/cy-site/cy/svs_core/cy
Sending Sync interest
Received update: /ndn/pl-site/pl/svs_core/pl=1, 1741667998398
Received update: /ndn/ch-site/ch/svs_core/ch=1, 1741667998615
Received update: /ndn/de1-site/de1/svs_core/de1=1, 1741667998900
Received update: /ndn/sk-site/sk/svs_core/sk=1, 1741667998981
Received update: /ndn/uk-site/uk/svs_core/uk=1, 1741668001286
Received update: /ndn/am-site/am/svs_core/am=1, 1741668001504
Received update: /ndn/az-site/az/svs_core/az=1, 1741668003665
Received update: /ndn/fr2-site/fr2/svs_core/fr2=1, 1741668003665
Received update: /ndn/de2-site/de2/svs_core/de2=1, 1741668007525
Received update: /ndn/nl-site/nl/svs_core/nl=1, 1741668007749
Received update: /ndn/fr1-site/fr1/svs_core/fr1=1, 1741668007804
Sending Sync interest
Received update: /ndn/hu-site/hu/svs_core/hu=1, 1741668008200
Received update: /ndn/is-site/is/svs_core/is=1, 1741668009081
Received update: /ndn/il-site/il/svs_core/il=1, 1741668009600
Received update: /ndn/it-site/it/svs_core/it=1, 1741668009852
Received update: /ndn/rs-site/rs/svs_core/rs=1, 1741668009864
Published sequence number: /ndn/cy-site/cy/svs_core/cy=1, 1741668010998
Sending Sync interest
Sending Sync interest
Sending Sync interest
Received update: /ndn/ie-site/ie/svs_core/ie=1, 1741668012937
Received update: /ndn/ge-site/ge/svs_core/ge=1, 1741668016487
Received update: /ndn/dk-site/dk/svs_core/dk=1, 1741668018244
Received update: /ndn/be-site/be/svs_core/be=1, 1741668018416
Received update: /ndn/ua-site/ua/svs_core/ua=1, 1741668018416
Received update: /ndn/ro-site/ro/svs_core/ro=1, 1741668018647
Received update: /ndn/md-site/md/svs_core/md=1, 1741668018661
Received update: /ndn/hr-site/hr/svs_core/hr=1, 1741668018875
Received update: /ndn/fi-site/fi/svs_core/fi=1, 1741668020549
Received update: /ndn/tr-site/tr/svs_core/tr=1, 1741668022657
Received update: /ndn/me-site/me/svs_core/me=1, 1741668023117
Received update: /ndn/si-site/si/svs_core/si=1, 1741668025405
Received update: /ndn/at-site/at/svs_core/at=1, 1741668028237
Received update: /ndn/mt-site/mt/svs_core/mt=1, 1741668028237
Received update: /ndn/lv-site/lv/svs_core/lv=1, 1741668029668
Received update: /ndn/pt-site/pt/svs_core/pt=1, 1741668035180
Received update: /ndn/ch-site/ch/svs_core/ch=2, 1741668042899
Received update: /ndn/gr-site/gr/svs_core/gr=1, 1741668043344
Received update: /ndn/sk-site/sk/svs_core/sk=2, 1741668043344
Received update: /ndn/ee-site/ee/svs_core/ee=1, 1741668043381
Received update: /ndn/se-site/se/svs_core/se=1, 1741668043381
Received update: /ndn/pl-site/pl/svs_core/pl=2, 1741668043388
Received update: /ndn/de1-site/de1/svs_core/de1=2, 1741668043508
Received update: /ndn/az-site/az/svs_core/az=2, 1741668043844
Sending Sync interest
Received update: /ndn/es-site/es/svs_core/es=1, 1741668054635
Received update: /ndn/rs-site/rs/svs_core/rs=2, 1741668054635
Published sequence number: /ndn/cy-site/cy/svs_core/cy=2, 1741668055999
Sending Sync interest
Received update: /ndn/by-site/by/svs_core/by=1, 1741668064297
Received update: /ndn/ge-site/ge/svs_core/ge=2, 1741668064297
Received update: /ndn/hr-site/hr/svs_core/hr=2, 1741668064297
Received update: /ndn/hu-site/hu/svs_core/hu=2, 1741668064297
Received update: /ndn/il-site/il/svs_core/il=2, 1741668064297
Received update: /ndn/it-site/it/svs_core/it=2, 1741668064297
Received update: /ndn/ua-site/ua/svs_core/ua=2, 1741668064297
Received update: /ndn/de2-site/de2/svs_core/de2=2, 1741668064297
Sending Sync interest
Sending Sync interest
Received update: /ndn/se-site/se/svs_core/se=2, 1741668067558
Sending Sync interest
Received update: /ndn/fi-site/fi/svs_core/fi=2, 1741668086698
Received update: /ndn/fi-site/fi/svs_core/fi=3, 1741668086698
Received update: /ndn/al-site/al/svs_core/al=1, 1741668086877
Received update: /ndn/al-site/al/svs_core/al=2, 1741668086877
Received update: /ndn/at-site/at/svs_core/at=2, 1741668086877
Received update: /ndn/be-site/be/svs_core/be=2, 1741668086877
Received update: /ndn/cz-site/cz/svs_core/cz=1, 1741668086877
Received update: /ndn/dk-site/dk/svs_core/dk=2, 1741668086877
Received update: /ndn/ie-site/ie/svs_core/ie=2, 1741668086877
Received update: /ndn/is-site/is/svs_core/is=2, 1741668086877
Received update: /ndn/lu-site/lu/svs_core/lu=1, 1741668086877
Received update: /ndn/lu-site/lu/svs_core/lu=2, 1741668086877
Received update: /ndn/nl-site/nl/svs_core/nl=2, 1741668086877
Received update: /ndn/si-site/si/svs_core/si=2, 1741668086877
Received update: /ndn/tr-site/tr/svs_core/tr=2, 1741668086877
Received update: /ndn/uk-site/uk/svs_core/uk=2, 1741668086877
Sending Sync interest
Received update: /ndn/am-site/am/svs_core/am=2, 1741668096435
Received update: /ndn/gr-site/gr/svs_core/gr=2, 1741668096435
Received update: /ndn/hu-site/hu/svs_core/hu=3, 1741668096435
Received update: /ndn/pl-site/pl/svs_core/pl=3, 1741668096435
Published sequence number: /ndn/cy-site/cy/svs_core/cy=3, 1741668101002
Sending Sync interest
Received update: /ndn/ge-site/ge/svs_core/ge=3, 1741668106477
Received update: /ndn/rs-site/rs/svs_core/rs=3, 1741668106477
Sending Sync interest
Received update: /ndn/de2-site/de2/svs_core/de2=3, 1741668106681
Sending Sync interest
Received update: /ndn/ie-site/ie/svs_core/ie=3, 1741668136055
Received update: /ndn/nl-site/nl/svs_core/nl=3, 1741668136055
Received update: /ndn/uk-site/uk/svs_core/uk=3, 1741668136055
Received update: /ndn/uk-site/uk/svs_core/uk=4, 1741668136055
Sending Sync interest
Received update: /ndn/al-site/al/svs_core/al=3, 1741668138246
Received update: /ndn/at-site/at/svs_core/at=3, 1741668138246
Received update: /ndn/gr-site/gr/svs_core/gr=3, 1741668138246
Received update: /ndn/il-site/il/svs_core/il=3, 1741668138246
Received update: /ndn/it-site/it/svs_core/it=3, 1741668138246
Received update: /ndn/ua-site/ua/svs_core/ua=3, 1741668138246
Sending Sync interest
Received update: /ndn/lu-site/lu/svs_core/lu=3, 1741668138828
Received update: /ndn/dk-site/dk/svs_core/dk=3, 1741668140087
Received update: /ndn/ee-site/ee/svs_core/ee=2, 1741668140087
Received update: /ndn/hr-site/hr/svs_core/hr=3, 1741668140087
Received update: /ndn/me-site/me/svs_core/me=2, 1741668140087
Received update: /ndn/me-site/me/svs_core/me=3, 1741668140087
Received update: /ndn/pl-site/pl/svs_core/pl=4, 1741668140087
Received update: /ndn/sk-site/sk/svs_core/sk=3, 1741668140087
Received update: /ndn/sk-site/sk/svs_core/sk=4, 1741668140087
Received update: /ndn/de1-site/de1/svs_core/de1=3, 1741668140087
Received update: /ndn/de1-site/de1/svs_core/de1=4, 1741668140307
Received update: /ndn/cz-site/cz/svs_core/cz=2, 1741668140447
Received update: /ndn/cz-site/cz/svs_core/cz=3, 1741668140447
Received update: /ndn/hu-site/hu/svs_core/hu=4, 1741668140447
Received update: /ndn/tr-site/tr/svs_core/tr=3, 1741668140447
Published sequence number: /ndn/cy-site/cy/svs_core/cy=4, 1741668146005
Sending Sync interest
Received update: /ndn/am-site/am/svs_core/am=3, 1741668151882
Received update: /ndn/am-site/am/svs_core/am=4, 1741668151882
Received update: /ndn/az-site/az/svs_core/az=3, 1741668151882
Received update: /ndn/az-site/az/svs_core/az=4, 1741668151882
Received update: /ndn/be-site/be/svs_core/be=3, 1741668151882
Received update: /ndn/by-site/by/svs_core/by=2, 1741668151882
Received update: /ndn/by-site/by/svs_core/by=3, 1741668151882
Received update: /ndn/ge-site/ge/svs_core/ge=4, 1741668151882
Received update: /ndn/it-site/it/svs_core/it=4, 1741668151882
Received update: /ndn/nl-site/nl/svs_core/nl=4, 1741668151882
Received update: /ndn/rs-site/rs/svs_core/rs=4, 1741668151882
Received update: /ndn/de2-site/de2/svs_core/de2=4, 1741668151882
Sending Sync interest
Max suppression time updated to: 164
Received update: /ndn/ee-site/ee/svs_core/ee=3, 1741668152259
Received update: /ndn/lt-site/lt/svs_core/lt=1, 1741668152259
Received update: /ndn/lt-site/lt/svs_core/lt=2, 1741668152259
Received update: /ndn/lv-site/lv/svs_core/lv=2, 1741668152259
Received update: /ndn/lv-site/lv/svs_core/lv=3, 1741668152259
Received update: /ndn/dk-site/dk/svs_core/dk=4, 1741668153501
Received update: /ndn/il-site/il/svs_core/il=4, 1741668153501
Received update: /ndn/bg-site/bg/svs_core/bg=1, 1741668153713
Received update: /ndn/bg-site/bg/svs_core/bg=2, 1741668153713
Received update: /ndn/md-site/md/svs_core/md=2, 1741668153713
Received update: /ndn/md-site/md/svs_core/md=3, 1741668153713
Received update: /ndn/md-site/md/svs_core/md=4, 1741668153713
Received update: /ndn/mk-site/mk/svs_core/mk=1, 1741668153713
Received update: /ndn/mk-site/mk/svs_core/mk=2, 1741668153713
Received update: /ndn/ro-site/ro/svs_core/ro=2, 1741668153713
Received update: /ndn/ro-site/ro/svs_core/ro=3, 1741668153713
Received update: /ndn/ro-site/ro/svs_core/ro=4, 1741668153713
Sending Sync interest
Received update: /ndn/bg-site/bg/svs_core/bg=3, 1741668156486
Received update: /ndn/bg-site/bg/svs_core/bg=4, 1741668156486
Received update: /ndn/mk-site/mk/svs_core/mk=3, 1741668156486
Received update: /ndn/mk-site/mk/svs_core/mk=4, 1741668156486
Received update: /ndn/si-site/si/svs_core/si=3, 1741668156486
Sending Sync interest
Received update: /ndn/be-site/be/svs_core/be=4, 1741668156804
Sending Sync interest
Received update: /ndn/by-site/by/svs_core/by=4, 1741668165024
Received update: /ndn/tr-site/tr/svs_core/tr=4, 1741668165024
Received update: /ndn/al-site/al/svs_core/al=4, 1741668178398
Received update: /ndn/at-site/at/svs_core/at=4, 1741668178398
Received update: /ndn/ch-site/ch/svs_core/ch=3, 1741668178398
Received update: /ndn/ch-site/ch/svs_core/ch=4, 1741668178398
Received update: /ndn/es-site/es/svs_core/es=2, 1741668178398
Received update: /ndn/gr-site/gr/svs_core/gr=4, 1741668178398
Received update: /ndn/mt-site/mt/svs_core/mt=2, 1741668178398
Received update: /ndn/mt-site/mt/svs_core/mt=3, 1741668178398
Received update: /ndn/mt-site/mt/svs_core/mt=4, 1741668178398
Received update: /ndn/pl-site/pl/svs_core/pl=5, 1741668178398
Received update: /ndn/fr1-site/fr1/svs_core/fr1=2, 1741668178398
Received update: /ndn/fr1-site/fr1/svs_core/fr1=3, 1741668178398
Received update: /ndn/fr1-site/fr1/svs_core/fr1=4, 1741668178398
Received update: /ndn/sk-site/sk/svs_core/sk=5, 1741668179176
Received update: /ndn/fr2-site/fr2/svs_core/fr2=2, 1741668179176
Received update: /ndn/fr2-site/fr2/svs_core/fr2=3, 1741668179176
Received update: /ndn/fr2-site/fr2/svs_core/fr2=4, 1741668179176
Received update: /ndn/ch-site/ch/svs_core/ch=5, 1741668189152
Received update: /ndn/ee-site/ee/svs_core/ee=4, 1741668189152
Received update: /ndn/es-site/es/svs_core/es=3, 1741668189152
Received update: /ndn/es-site/es/svs_core/es=4, 1741668189152
Received update: /ndn/it-site/it/svs_core/it=5, 1741668189152
Received update: /ndn/de1-site/de1/svs_core/de1=5, 1741668189152
Received update: /ndn/de2-site/de2/svs_core/de2=5, 1741668189152
Received update: /ndn/lv-site/lv/svs_core/lv=4, 1741668189473
Received update: /ndn/il-site/il/svs_core/il=5, 1741668189629
Received update: /ndn/fr1-site/fr1/svs_core/fr1=5, 1741668189785
Sending Sync interest
Published sequence number: /ndn/cy-site/cy/svs_core/cy=5, 1741668191011
Sending Sync interest
Received update: /ndn/be-site/be/svs_core/be=5, 1741668197267
Received update: /ndn/ie-site/ie/svs_core/ie=4, 1741668197267
Received update: /ndn/ie-site/ie/svs_core/ie=5, 1741668197267
Received update: /ndn/nl-site/nl/svs_core/nl=5, 1741668197267
Received update: /ndn/pt-site/pt/svs_core/pt=2, 1741668197267
Received update: /ndn/pt-site/pt/svs_core/pt=3, 1741668197267
Received update: /ndn/pt-site/pt/svs_core/pt=4, 1741668197267
Received update: /ndn/uk-site/uk/svs_core/uk=5, 1741668197267
Received update: /ndn/ge-site/ge/svs_core/ge=5, 1741668197351
Received update: /ndn/lt-site/lt/svs_core/lt=3, 1741668197351
Received update: /ndn/lt-site/lt/svs_core/lt=4, 1741668197351
Received update: /ndn/lt-site/lt/svs_core/lt=5, 1741668197351
Received update: /ndn/az-site/az/svs_core/az=5, 1741668197425
Received update: /ndn/cz-site/cz/svs_core/cz=4, 1741668197425
Received update: /ndn/hr-site/hr/svs_core/hr=4, 1741668197425
Received update: /ndn/hr-site/hr/svs_core/hr=5, 1741668197425
Received update: /ndn/hu-site/hu/svs_core/hu=5, 1741668197425
Received update: /ndn/lu-site/lu/svs_core/lu=4, 1741668197425
Received update: /ndn/me-site/me/svs_core/me=4, 1741668197425
Received update: /ndn/rs-site/rs/svs_core/rs=5, 1741668197425
Received update: /ndn/si-site/si/svs_core/si=4, 1741668197425
Sending Sync interest
Sending Sync interest
Received update: /ndn/sk-site/sk/svs_core/sk=6, 1741668223335
Received update: /ndn/at-site/at/svs_core/at=5, 1741668225861
Received update: /ndn/me-site/me/svs_core/me=5, 1741668225861
Received update: /ndn/pl-site/pl/svs_core/pl=6, 1741668225861
Received update: /ndn/de1-site/de1/svs_core/de1=6, 1741668225861
Received update: /ndn/al-site/al/svs_core/al=5, 1741668225863
Received update: /ndn/ch-site/ch/svs_core/ch=6, 1741668225863
Received update: /ndn/az-site/az/svs_core/az=6, 1741668226025
Received update: /ndn/md-site/md/svs_core/md=5, 1741668226106
Received update: /ndn/ro-site/ro/svs_core/ro=5, 1741668226106
Received update: /ndn/tr-site/tr/svs_core/tr=5, 1741668226106
Sending Sync interest
Received update: /ndn/am-site/am/svs_core/am=5, 1741668226520
Received update: /ndn/am-site/am/svs_core/am=6, 1741668226520
Sending Sync interest
Received update: /ndn/lu-site/lu/svs_core/lu=5, 1741668228967
Received update: /ndn/nl-site/nl/svs_core/nl=6, 1741668228967
Received update: /ndn/gr-site/gr/svs_core/gr=5, 1741668232675
Received update: /ndn/de2-site/de2/svs_core/de2=6, 1741668232675
Sending Sync interest
Max suppression time updated to: 108
Received update: /ndn/uk-site/uk/svs_core/uk=6, 1741668232961
Published sequence number: /ndn/cy-site/cy/svs_core/cy=6, 1741668236017
Sending Sync interest
Received update: /ndn/at-site/at/svs_core/at=6, 1741668251207
Received update: /ndn/hr-site/hr/svs_core/hr=6, 1741668251207
Sending Sync interest
Received update: /ndn/cz-site/cz/svs_core/cz=5, 1741668252837
Received update: /ndn/tr-site/tr/svs_core/tr=6, 1741668252837
Received update: /ndn/it-site/it/svs_core/it=6, 1741668253219
Received update: /ndn/lt-site/lt/svs_core/lt=6, 1741668253219
Received update: /ndn/lv-site/lv/svs_core/lv=5, 1741668253219
Received update: /ndn/lv-site/lv/svs_core/lv=6, 1741668253219
Received update: /ndn/si-site/si/svs_core/si=5, 1741668253219
Received update: /ndn/si-site/si/svs_core/si=6, 1741668253219
Received update: /ndn/fr2-site/fr2/svs_core/fr2=5, 1741668253219
Received update: /ndn/ie-site/ie/svs_core/ie=6, 1741668253288
Received update: /ndn/be-site/be/svs_core/be=6, 1741668253348
Received update: /ndn/ge-site/ge/svs_core/ge=6, 1741668253637
Received update: /ndn/hu-site/hu/svs_core/hu=6, 1741668253637
Received update: /ndn/al-site/al/svs_core/al=6, 1741668260496
Received update: /ndn/bg-site/bg/svs_core/bg=5, 1741668260496
Received update: /ndn/bg-site/bg/svs_core/bg=6, 1741668260496
Received update: /ndn/es-site/es/svs_core/es=5, 1741668260496
Received update: /ndn/md-site/md/svs_core/md=6, 1741668260496
Received update: /ndn/ro-site/ro/svs_core/ro=6, 1741668260496
Received update: /ndn/fr1-site/fr1/svs_core/fr1=6, 1741668260496
Received update: /ndn/fr2-site/fr2/svs_core/fr2=6, 1741668260496
Received update: /ndn/pt-site/pt/svs_core/pt=5, 1741668260755
Received update: /ndn/pt-site/pt/svs_core/pt=6, 1741668260755
Sending Sync interest
Received update: /ndn/by-site/by/svs_core/by=5, 1741668268404
Received update: /ndn/by-site/by/svs_core/by=6, 1741668268404
Received update: /ndn/pl-site/pl/svs_core/pl=7, 1741668268404
Sending Sync interest
Received update: /ndn/am-site/am/svs_core/am=7, 1741668271970
Received update: /ndn/ch-site/ch/svs_core/ch=7, 1741668271970
Received update: /ndn/gr-site/gr/svs_core/gr=6, 1741668271970
Received update: /ndn/me-site/me/svs_core/me=6, 1741668271970
Received update: /ndn/de1-site/de1/svs_core/de1=7, 1741668271970
Received update: /ndn/il-site/il/svs_core/il=6, 1741668279591
Received update: /ndn/il-site/il/svs_core/il=7, 1741668279591
Published sequence number: /ndn/cy-site/cy/svs_core/cy=7, 1741668281020
Sending Sync interest
Received update: /ndn/at-site/at/svs_core/at=7, 1741668296447
Received update: /ndn/dk-site/dk/svs_core/dk=5, 1741668296447
Received update: /ndn/dk-site/dk/svs_core/dk=6, 1741668296447
Received update: /ndn/fi-site/fi/svs_core/fi=4, 1741668296447
Received update: /ndn/fi-site/fi/svs_core/fi=5, 1741668296447
Received update: /ndn/fi-site/fi/svs_core/fi=6, 1741668296447
Received update: /ndn/is-site/is/svs_core/is=3, 1741668296447
Received update: /ndn/is-site/is/svs_core/is=4, 1741668296447
Received update: /ndn/is-site/is/svs_core/is=5, 1741668296447
Received update: /ndn/is-site/is/svs_core/is=6, 1741668296447
Received update: /ndn/md-site/md/svs_core/md=7, 1741668296447
Received update: /ndn/nl-site/nl/svs_core/nl=7, 1741668296447
Received update: /ndn/no-site/no/svs_core/no=1, 1741668296447
Received update: /ndn/no-site/no/svs_core/no=2, 1741668296447
Received update: /ndn/no-site/no/svs_core/no=3, 1741668296447
Received update: /ndn/no-site/no/svs_core/no=4, 1741668296447
Received update: /ndn/no-site/no/svs_core/no=5, 1741668296447
Received update: /ndn/rs-site/rs/svs_core/rs=6, 1741668296447
Received update: /ndn/se-site/se/svs_core/se=3, 1741668296447
Received update: /ndn/se-site/se/svs_core/se=4, 1741668296447
Received update: /ndn/se-site/se/svs_core/se=5, 1741668296447
Received update: /ndn/se-site/se/svs_core/se=6, 1741668296447
Received update: /ndn/uk-site/uk/svs_core/uk=7, 1741668296447
Received update: /ndn/de2-site/de2/svs_core/de2=7, 1741668296447
Sending Sync interest
Received update: /ndn/pt-site/pt/svs_core/pt=7, 1741668305194
Sending Sync interest
Received update: /ndn/az-site/az/svs_core/az=7, 1741668305379
Sending Sync interest
Received update: /ndn/cz-site/cz/svs_core/cz=6, 1741668307332
Received update: /ndn/es-site/es/svs_core/es=6, 1741668307332
Received update: /ndn/hu-site/hu/svs_core/hu=7, 1741668307332
Received update: /ndn/it-site/it/svs_core/it=7, 1741668307332
Received update: /ndn/me-site/me/svs_core/me=7, 1741668307332
Received update: /ndn/mt-site/mt/svs_core/mt=5, 1741668307332
Received update: /ndn/mt-site/mt/svs_core/mt=6, 1741668307332
Received update: /ndn/ro-site/ro/svs_core/ro=7, 1741668307332
Received update: /ndn/sk-site/sk/svs_core/sk=7, 1741668307332
Received update: /ndn/tr-site/tr/svs_core/tr=7, 1741668307332
Received update: /ndn/fr1-site/fr1/svs_core/fr1=7, 1741668307332
Received update: /ndn/fr2-site/fr2/svs_core/fr2=7, 1741668307332
Received update: /ndn/ge-site/ge/svs_core/ge=7, 1741668307335
Sending Sync interest
Received update: /ndn/ch-site/ch/svs_core/ch=8, 1741668313073
Sending Sync interest
Received update: /ndn/lu-site/lu/svs_core/lu=6, 1741668313815
Received update: /ndn/lu-site/lu/svs_core/lu=7, 1741668313815
Received update: /ndn/pl-site/pl/svs_core/pl=8, 1741668313815
Received update: /ndn/sk-site/sk/svs_core/sk=8, 1741668313815
Received update: /ndn/dk-site/dk/svs_core/dk=7, 1741668316829
Received update: /ndn/gr-site/gr/svs_core/gr=7, 1741668316829
Received update: /ndn/is-site/is/svs_core/is=7, 1741668316829
Received update: /ndn/rs-site/rs/svs_core/rs=7, 1741668316829
Received update: /ndn/se-site/se/svs_core/se=7, 1741668316829
Received update: /ndn/de1-site/de1/svs_core/de1=8, 1741668316829
Received update: /ndn/be-site/be/svs_core/be=7, 1741668322562
Received update: /ndn/ie-site/ie/svs_core/ie=7, 1741668322562
Received update: /ndn/de2-site/de2/svs_core/de2=8, 1741668322562
Published sequence number: /ndn/cy-site/cy/svs_core/cy=8, 1741668326024
Sending Sync interest
Received update: /ndn/ie-site/ie/svs_core/ie=8, 1741668326294
Received update: /ndn/fr1-site/fr1/svs_core/fr1=8, 1741668326294
Received update: /ndn/am-site/am/svs_core/am=8, 1741668326361
Received update: /ndn/az-site/az/svs_core/az=8, 1741668326414
Max suppression time updated to: 104
Received update: /ndn/nl-site/nl/svs_core/nl=8, 1741668326418
Received update: /ndn/uk-site/uk/svs_core/uk=8, 1741668326418
Received update: /ndn/al-site/al/svs_core/al=7, 1741668328768
Received update: /ndn/cz-site/cz/svs_core/cz=7, 1741668328768
Received update: /ndn/it-site/it/svs_core/it=8, 1741668328768
Received update: /ndn/si-site/si/svs_core/si=7, 1741668328768
Received update: /ndn/hr-site/hr/svs_core/hr=7, 1741668328847
Sending Sync interest
Max suppression time updated to: 104
Received update: /ndn/il-site/il/svs_core/il=8, 1741668329128
Received update: /ndn/rs-site/rs/svs_core/rs=8, 1741668329128
Received update: /ndn/at-site/at/svs_core/at=8, 1741668358185
Received update: /ndn/be-site/be/svs_core/be=8, 1741668358185
Received update: /ndn/by-site/by/svs_core/by=7, 1741668358185
Received update: /ndn/by-site/by/svs_core/by=8, 1741668358185
Received update: /ndn/hr-site/hr/svs_core/hr=8, 1741668358185
Received update: /ndn/ch-site/ch/svs_core/ch=9, 1741668358306
Received update: /ndn/gr-site/gr/svs_core/gr=8, 1741668358306
Received update: /ndn/tr-site/tr/svs_core/tr=8, 1741668358370
Received update: /ndn/uk-site/uk/svs_core/uk=9, 1741668361066
Sending Sync interest
Received update: /ndn/al-site/al/svs_core/al=8, 1741668364826
Received update: /ndn/ge-site/ge/svs_core/ge=8, 1741668364826
Received update: /ndn/hu-site/hu/svs_core/hu=8, 1741668364826
Received update: /ndn/hu-site/hu/svs_core/hu=9, 1741668364826
Received update: /ndn/pl-site/pl/svs_core/pl=9, 1741668364826
Received update: /ndn/ua-site/ua/svs_core/ua=4, 1741668364826
Received update: /ndn/ua-site/ua/svs_core/ua=5, 1741668364826
Received update: /ndn/ua-site/ua/svs_core/ua=6, 1741668364826
Received update: /ndn/ua-site/ua/svs_core/ua=7, 1741668364826
Received update: /ndn/ua-site/ua/svs_core/ua=8, 1741668364826
Received update: /ndn/fr2-site/fr2/svs_core/fr2=8, 1741668364826
Sending Sync interest
Received update: /ndn/az-site/az/svs_core/az=9, 1741668364919
Sending Sync interest
Received update: /ndn/am-site/am/svs_core/am=9, 1741668365026
Sending Sync interest
Sending Sync interest
Received update: /ndn/cz-site/cz/svs_core/cz=8, 1741668370012
Received update: /ndn/lu-site/lu/svs_core/lu=8, 1741668370012
Received update: /ndn/nl-site/nl/svs_core/nl=9, 1741668370012
Received update: /ndn/rs-site/rs/svs_core/rs=9, 1741668370012
Received update: /ndn/si-site/si/svs_core/si=8, 1741668370012
Received update: /ndn/de2-site/de2/svs_core/de2=9, 1741668370012
Received update: /ndn/fr1-site/fr1/svs_core/fr1=9, 1741668370012
Received update: /ndn/fr2-site/fr2/svs_core/fr2=9, 1741668370308
Published sequence number: /ndn/cy-site/cy/svs_core/cy=9, 1741668371027
Sending Sync interest
Received update: /ndn/ie-site/ie/svs_core/ie=9, 1741668371335
Sending Sync interest
Received update: /ndn/bg-site/bg/svs_core/bg=7, 1741668372007
Received update: /ndn/bg-site/bg/svs_core/bg=8, 1741668372007
Received update: /ndn/md-site/md/svs_core/md=8, 1741668372007
Received update: /ndn/mk-site/mk/svs_core/mk=5, 1741668372007
Received update: /ndn/mk-site/mk/svs_core/mk=6, 1741668372007
Received update: /ndn/mk-site/mk/svs_core/mk=7, 1741668372007
Received update: /ndn/mk-site/mk/svs_core/mk=8, 1741668372007
Received update: /ndn/ro-site/ro/svs_core/ro=8, 1741668372007
Received update: /ndn/ro-site/ro/svs_core/ro=9, 1741668372007
Received update: /ndn/dk-site/dk/svs_core/dk=8, 1741668372084
Received update: /ndn/ee-site/ee/svs_core/ee=5, 1741668372084
Received update: /ndn/ee-site/ee/svs_core/ee=6, 1741668372084
Received update: /ndn/ee-site/ee/svs_core/ee=7, 1741668372084
Received update: /ndn/ee-site/ee/svs_core/ee=8, 1741668372084
Received update: /ndn/fi-site/fi/svs_core/fi=7, 1741668372084
Received update: /ndn/fi-site/fi/svs_core/fi=8, 1741668372084
Received update: /ndn/il-site/il/svs_core/il=9, 1741668372084
Received update: /ndn/is-site/is/svs_core/is=8, 1741668372084
Received update: /ndn/lv-site/lv/svs_core/lv=7, 1741668372084
Received update: /ndn/se-site/se/svs_core/se=8, 1741668372084
Received update: /ndn/de1-site/de1/svs_core/de1=9, 1741668372084
Sending Sync interest
Received update: /ndn/hr-site/hr/svs_core/hr=9, 1741668374123
Received update: /ndn/it-site/it/svs_core/it=9, 1741668374123
Sending Sync interest
Received update: /ndn/at-site/at/svs_core/at=9, 1741668386098
Received update: /ndn/ge-site/ge/svs_core/ge=9, 1741668386098
Received update: /ndn/me-site/me/svs_core/me=8, 1741668386098
Received update: /ndn/mt-site/mt/svs_core/mt=7, 1741668388671
Received update: /ndn/mt-site/mt/svs_core/mt=8, 1741668388671
Received update: /ndn/mt-site/mt/svs_core/mt=9, 1741668388671
Received update: /ndn/tr-site/tr/svs_core/tr=9, 1741668388671
Received update: /ndn/lu-site/lu/svs_core/lu=9, 1741668395790
Sending Sync interest
Received update: /ndn/be-site/be/svs_core/be=9, 1741668396539
Sending Sync interest
Received update: /ndn/sk-site/sk/svs_core/sk=9, 1741668398380
Received update: /ndn/ua-site/ua/svs_core/ua=9, 1741668398380
Received update: /ndn/me-site/me/svs_core/me=9, 1741668398481
Received update: /ndn/uk-site/uk/svs_core/uk=10, 1741668406071
Sending Sync interest
Received update: /ndn/pl-site/pl/svs_core/pl=10, 1741668406204
Received update: /ndn/az-site/az/svs_core/az=10, 1741668406363
Received update: /ndn/de1-site/de1/svs_core/de1=10, 1741668406462
Sending Sync interest
Received update: /ndn/nl-site/nl/svs_core/nl=10, 1741668408999
Sending Sync interest
Published sequence number: /ndn/cy-site/cy/svs_core/cy=10, 1741668416029
Sending Sync interest
Received update: /ndn/ch-site/ch/svs_core/ch=10, 1741668416370
Received update: /ndn/ee-site/ee/svs_core/ee=9, 1741668416370
Received update: /ndn/gr-site/gr/svs_core/gr=9, 1741668416370
Received update: /ndn/hu-site/hu/svs_core/hu=10, 1741668416370
Received update: /ndn/si-site/si/svs_core/si=9, 1741668416370
Received update: /ndn/sk-site/sk/svs_core/sk=10, 1741668416370
Received update: /ndn/de2-site/de2/svs_core/de2=10, 1741668416446
Received update: /ndn/ee-site/ee/svs_core/ee=10, 1741668441798
Sending Sync interest
Max suppression time updated to: 92
Received update: /ndn/am-site/am/svs_core/am=10, 1741668442096
Received update: /ndn/bg-site/bg/svs_core/bg=9, 1741668442096
Received update: /ndn/ge-site/ge/svs_core/ge=10, 1741668442096
Received update: /ndn/hr-site/hr/svs_core/hr=10, 1741668442096
Received update: /ndn/il-site/il/svs_core/il=10, 1741668442096
Received update: /ndn/it-site/it/svs_core/it=10, 1741668442096
Received update: /ndn/lu-site/lu/svs_core/lu=10, 1741668442096
Received update: /ndn/ro-site/ro/svs_core/ro=10, 1741668442096
Received update: /ndn/tr-site/tr/svs_core/tr=10, 1741668442096
Received update: /ndn/at-site/at/svs_core/at=10, 1741668444028
Received update: /ndn/bg-site/bg/svs_core/bg=10, 1741668444028
Received update: /ndn/gr-site/gr/svs_core/gr=10, 1741668444028
Received update: /ndn/pt-site/pt/svs_core/pt=8, 1741668444028
Received update: /ndn/pt-site/pt/svs_core/pt=9, 1741668444028
Received update: /ndn/ie-site/ie/svs_core/ie=10, 1741668444177
Received update: /ndn/fr1-site/fr1/svs_core/fr1=10, 1741668446592
Sending Sync interest
Max suppression time updated to: 92
Received update: /ndn/si-site/si/svs_core/si=10, 1741668446749
Received update: /ndn/uk-site/uk/svs_core/uk=11, 1741668451075
Sending Sync interest
Max suppression time updated to: 88
Received update: /ndn/be-site/be/svs_core/be=10, 1741668451307
Received update: /ndn/pl-site/pl/svs_core/pl=11, 1741668451307
Received update: /ndn/de1-site/de1/svs_core/de1=11, 1741668453226
Sending Sync interest
Published sequence number: /ndn/cy-site/cy/svs_core/cy=11, 1741668461032
Sending Sync interest
Received update: /ndn/hu-site/hu/svs_core/hu=11, 1741668462212
Received update: /ndn/nl-site/nl/svs_core/nl=11, 1741668462212
Received update: /ndn/rs-site/rs/svs_core/rs=10, 1741668462212
Received update: /ndn/rs-site/rs/svs_core/rs=11, 1741668462212
Received update: /ndn/sk-site/sk/svs_core/sk=11, 1741668462212
Received update: /ndn/ua-site/ua/svs_core/ua=10, 1741668462212
Received update: /ndn/de2-site/de2/svs_core/de2=11, 1741668462212
Received update: /ndn/am-site/am/svs_core/am=11, 1741668462688
Received update: /ndn/il-site/il/svs_core/il=11, 1741668464079
Received update: /ndn/it-site/it/svs_core/it=11, 1741668464079
Received update: /ndn/pt-site/pt/svs_core/pt=10, 1741668464334
Received update: /ndn/al-site/al/svs_core/al=9, 1741668485973
Received update: /ndn/al-site/al/svs_core/al=10, 1741668485973
Received update: /ndn/al-site/al/svs_core/al=11, 1741668485973
Received update: /ndn/hr-site/hr/svs_core/hr=11, 1741668485973
Received update: /ndn/lu-site/lu/svs_core/lu=11, 1741668485973
Received update: /ndn/at-site/at/svs_core/at=11, 1741668486319
Received update: /ndn/cz-site/cz/svs_core/cz=9, 1741668486319
Received update: /ndn/cz-site/cz/svs_core/cz=10, 1741668486319
Received update: /ndn/ge-site/ge/svs_core/ge=11, 1741668486408
Received update: /ndn/tr-site/tr/svs_core/tr=11, 1741668486408
Received update: /ndn/dk-site/dk/svs_core/dk=9, 1741668493887
Received update: /ndn/dk-site/dk/svs_core/dk=10, 1741668493887
Received update: /ndn/dk-site/dk/svs_core/dk=11, 1741668493887
Received update: /ndn/fi-site/fi/svs_core/fi=9, 1741668493887
Received update: /ndn/fi-site/fi/svs_core/fi=10, 1741668493887
Received update: /ndn/is-site/is/svs_core/is=9, 1741668493887
Received update: /ndn/is-site/is/svs_core/is=10, 1741668493887
Received update: /ndn/no-site/no/svs_core/no=6, 1741668493887
Received update: /ndn/no-site/no/svs_core/no=7, 1741668493887
Received update: /ndn/no-site/no/svs_core/no=8, 1741668493887
Received update: /ndn/no-site/no/svs_core/no=9, 1741668493887
Received update: /ndn/se-site/se/svs_core/se=9, 1741668493887
Received update: /ndn/se-site/se/svs_core/se=10, 1741668493887
Received update: /ndn/de1-site/de1/svs_core/de1=12, 1741668493887
Received update: /ndn/mk-site/mk/svs_core/mk=9, 1741668493944
Received update: /ndn/mk-site/mk/svs_core/mk=10, 1741668493944
Received update: /ndn/mk-site/mk/svs_core/mk=11, 1741668493944
Received update: /ndn/ro-site/ro/svs_core/ro=11, 1741668493944
Received update: /ndn/be-site/be/svs_core/be=11, 1741668494178
Received update: /ndn/uk-site/uk/svs_core/uk=12, 1741668496077
Received update: /ndn/az-site/az/svs_core/az=11, 1741668502563
Received update: /ndn/az-site/az/svs_core/az=12, 1741668502563
Received update: /ndn/by-site/by/svs_core/by=9, 1741668502563
Received update: /ndn/by-site/by/svs_core/by=10, 1741668502563
Received update: /ndn/by-site/by/svs_core/by=11, 1741668502563
Received update: /ndn/cz-site/cz/svs_core/cz=11, 1741668502563
Received update: /ndn/me-site/me/svs_core/me=10, 1741668502563
Received update: /ndn/me-site/me/svs_core/me=11, 1741668502563
Received update: /ndn/pl-site/pl/svs_core/pl=12, 1741668502563
Received update: /ndn/de2-site/de2/svs_core/de2=12, 1741668502563
Received update: /ndn/gr-site/gr/svs_core/gr=11, 1741668504631
Received update: /ndn/it-site/it/svs_core/it=12, 1741668504631
Received update: /ndn/mt-site/mt/svs_core/mt=10, 1741668504631
Received update: /ndn/mt-site/mt/svs_core/mt=11, 1741668504631
Received update: /ndn/sk-site/sk/svs_core/sk=12, 1741668504631
Received update: /ndn/fr2-site/fr2/svs_core/fr2=10, 1741668504631
Received update: /ndn/fr2-site/fr2/svs_core/fr2=11, 1741668504631
Received update: /ndn/fr2-site/fr2/svs_core/fr2=12, 1741668504631
Published sequence number: /ndn/cy-site/cy/svs_core/cy=12, 1741668506035
Sending Sync interest
Received update: /ndn/ie-site/ie/svs_core/ie=11, 1741668506097
Received update: /ndn/ie-site/ie/svs_core/ie=12, 1741668506097
Sending Sync interest
Received update: /ndn/ge-site/ge/svs_core/ge=12, 1741668517698
Received update: /ndn/hu-site/hu/svs_core/hu=12, 1741668517698
Received update: /ndn/tr-site/tr/svs_core/tr=12, 1741668517698
Sending Sync interest
Max suppression time updated to: 80
Received update: /ndn/nl-site/nl/svs_core/nl=12, 1741668517954
Received update: /ndn/dk-site/dk/svs_core/dk=12, 1741668518276
Received update: /ndn/by-site/by/svs_core/by=12, 1741668526121
Received update: /ndn/il-site/il/svs_core/il=12, 1741668526121
Received update: /ndn/lu-site/lu/svs_core/lu=12, 1741668530960
Received update: /ndn/pt-site/pt/svs_core/pt=11, 1741668530960
Received update: /ndn/pt-site/pt/svs_core/pt=12, 1741668530960
Received update: /ndn/de1-site/de1/svs_core/de1=13, 1741668538539
Sending Sync interest
Received update: /ndn/be-site/be/svs_core/be=12, 1741668549072
Received update: /ndn/ch-site/ch/svs_core/ch=11, 1741668549072
Received update: /ndn/ch-site/ch/svs_core/ch=12, 1741668549072
Received update: /ndn/ch-site/ch/svs_core/ch=13, 1741668549072
Received update: /ndn/es-site/es/svs_core/es=7, 1741668549072
Received update: /ndn/es-site/es/svs_core/es=8, 1741668549072
Received update: /ndn/es-site/es/svs_core/es=9, 1741668549072
Received update: /ndn/es-site/es/svs_core/es=10, 1741668549072
Received update: /ndn/gr-site/gr/svs_core/gr=12, 1741668549072
Received update: /ndn/hr-site/hr/svs_core/hr=12, 1741668549072
Received update: /ndn/md-site/md/svs_core/md=9, 1741668549072
Received update: /ndn/md-site/md/svs_core/md=10, 1741668549072
Received update: /ndn/md-site/md/svs_core/md=11, 1741668549072
Received update: /ndn/me-site/me/svs_core/me=12, 1741668549072
Received update: /ndn/pl-site/pl/svs_core/pl=13, 1741668549072
Received update: /ndn/ro-site/ro/svs_core/ro=12, 1741668549072
Received update: /ndn/rs-site/rs/svs_core/rs=12, 1741668549072
Received update: /ndn/si-site/si/svs_core/si=11, 1741668549072
Received update: /ndn/si-site/si/svs_core/si=12, 1741668549072
Received update: /ndn/uk-site/uk/svs_core/uk=13, 1741668549072
Received update: /ndn/de2-site/de2/svs_core/de2=13, 1741668549072
Received update: /ndn/fr1-site/fr1/svs_core/fr1=11, 1741668549072
Received update: /ndn/at-site/at/svs_core/at=12, 1741668549549
Received update: /ndn/cz-site/cz/svs_core/cz=12, 1741668549549
Received update: /ndn/hu-site/hu/svs_core/hu=13, 1741668549549
Received update: /ndn/nl-site/nl/svs_core/nl=13, 1741668549549
Received update: /ndn/rs-site/rs/svs_core/rs=13, 1741668549549
Received update: /ndn/sk-site/sk/svs_core/sk=13, 1741668549549
Published sequence number: /ndn/cy-site/cy/svs_core/cy=13, 1741668551039
Sending Sync interest
Received update: /ndn/by-site/by/svs_core/by=13, 1741668570294
Received update: /ndn/ge-site/ge/svs_core/ge=13, 1741668570294
Received update: /ndn/hr-site/hr/svs_core/hr=13, 1741668570294
Received update: /ndn/tr-site/tr/svs_core/tr=13, 1741668570294
Received update: /ndn/ua-site/ua/svs_core/ua=11, 1741668570294
Received update: /ndn/ua-site/ua/svs_core/ua=12, 1741668570294
Received update: /ndn/ua-site/ua/svs_core/ua=13, 1741668570294
Sending Sync interest
Received update: /ndn/am-site/am/svs_core/am=12, 1741668583559
Received update: /ndn/am-site/am/svs_core/am=13, 1741668583559
Received update: /ndn/at-site/at/svs_core/at=13, 1741668583559
Received update: /ndn/sk-site/sk/svs_core/sk=14, 1741668583559
Sending Sync interest
Received update: /ndn/be-site/be/svs_core/be=13, 1741668586124
Received update: /ndn/il-site/il/svs_core/il=13, 1741668586124
Received update: /ndn/uk-site/uk/svs_core/uk=14, 1741668586124
Received update: /ndn/ee-site/ee/svs_core/ee=11, 1741668586285
Received update: /ndn/ee-site/ee/svs_core/ee=12, 1741668586285
Received update: /ndn/lv-site/lv/svs_core/lv=8, 1741668586285
Received update: /ndn/lv-site/lv/svs_core/lv=9, 1741668586285
Received update: /ndn/lv-site/lv/svs_core/lv=10, 1741668586285
Received update: /ndn/lv-site/lv/svs_core/lv=11, 1741668586285
Received update: /ndn/de1-site/de1/svs_core/de1=14, 1741668586285
Received update: /ndn/de2-site/de2/svs_core/de2=14, 1741668592568
Received update: /ndn/az-site/az/svs_core/az=13, 1741668593905
Received update: /ndn/az-site/az/svs_core/az=14, 1741668593905
Received update: /ndn/si-site/si/svs_core/si=13, 1741668593905
Received update: /ndn/am-site/am/svs_core/am=14, 1741668595018
Received update: /ndn/ch-site/ch/svs_core/ch=14, 1741668595018
Received update: /ndn/es-site/es/svs_core/es=11, 1741668595018
Received update: /ndn/gr-site/gr/svs_core/gr=13, 1741668595018
Received update: /ndn/hu-site/hu/svs_core/hu=14, 1741668595018
Received update: /ndn/it-site/it/svs_core/it=13, 1741668595018
Received update: /ndn/it-site/it/svs_core/it=14, 1741668595018
Received update: /ndn/lu-site/lu/svs_core/lu=13, 1741668595018
Received update: /ndn/nl-site/nl/svs_core/nl=14, 1741668595018
Received update: /ndn/pl-site/pl/svs_core/pl=14, 1741668595018
Received update: /ndn/fr1-site/fr1/svs_core/fr1=12, 1741668595018
Received update: /ndn/fr1-site/fr1/svs_core/fr1=13, 1741668595018
Received update: /ndn/fr1-site/fr1/svs_core/fr1=14, 1741668595018
Published sequence number: /ndn/cy-site/cy/svs_core/cy=14, 1741668596044
Sending Sync interest
Sending Sync interest
Received update: /ndn/bg-site/bg/svs_core/bg=11, 1741668601714
Received update: /ndn/bg-site/bg/svs_core/bg=12, 1741668601714
Received update: /ndn/cz-site/cz/svs_core/cz=13, 1741668601714
Received update: /ndn/dk-site/dk/svs_core/dk=13, 1741668601714
Received update: /ndn/ee-site/ee/svs_core/ee=13, 1741668601714
Received update: /ndn/ge-site/ge/svs_core/ge=14, 1741668601714
Received update: /ndn/is-site/is/svs_core/is=11, 1741668601714
Received update: /ndn/is-site/is/svs_core/is=12, 1741668601714
Received update: /ndn/is-site/is/svs_core/is=13, 1741668601714
Received update: /ndn/is-site/is/svs_core/is=14, 1741668601714
Received update: /ndn/md-site/md/svs_core/md=12, 1741668601714
Received update: /ndn/md-site/md/svs_core/md=13, 1741668601714
Received update: /ndn/mk-site/mk/svs_core/mk=12, 1741668601714
Received update: /ndn/mk-site/mk/svs_core/mk=13, 1741668601714
Received update: /ndn/mt-site/mt/svs_core/mt=12, 1741668601714
Received update: /ndn/mt-site/mt/svs_core/mt=13, 1741668601714
Received update: /ndn/no-site/no/svs_core/no=10, 1741668601714
Received update: /ndn/no-site/no/svs_core/no=11, 1741668601714
Received update: /ndn/no-site/no/svs_core/no=12, 1741668601714
Received update: /ndn/ro-site/ro/svs_core/ro=13, 1741668601714
Received update: /ndn/ro-site/ro/svs_core/ro=14, 1741668601714
Received update: /ndn/se-site/se/svs_core/se=11, 1741668601714
Received update: /ndn/se-site/se/svs_core/se=12, 1741668601714
Received update: /ndn/se-site/se/svs_core/se=13, 1741668601714
Sending Sync interest
Max suppression time updated to: 88
Received update: /ndn/il-site/il/svs_core/il=14, 1741668601997
Received update: /ndn/bg-site/bg/svs_core/bg=13, 1741668603540
Received update: /ndn/dk-site/dk/svs_core/dk=14, 1741668603540
Received update: /ndn/me-site/me/svs_core/me=13, 1741668603540
Received update: /ndn/mk-site/mk/svs_core/mk=14, 1741668603540
Sending Sync interest
Received update: /ndn/at-site/at/svs_core/at=14, 1741668611404
Received update: /ndn/bg-site/bg/svs_core/bg=14, 1741668611404
Received update: /ndn/rs-site/rs/svs_core/rs=14, 1741668611404
Received update: /ndn/si-site/si/svs_core/si=14, 1741668611404
Received update: /ndn/tr-site/tr/svs_core/tr=14, 1741668611404
Sending Sync interest
Received update: /ndn/be-site/be/svs_core/be=14, 1741668628756
Received update: /ndn/ch-site/ch/svs_core/ch=15, 1741668628756
Received update: /ndn/ie-site/ie/svs_core/ie=13, 1741668628756
Received update: /ndn/ie-site/ie/svs_core/ie=14, 1741668628756
Received update: /ndn/me-site/me/svs_core/me=14, 1741668628756
Received update: /ndn/fr2-site/fr2/svs_core/fr2=13, 1741668628756
Received update: /ndn/fr2-site/fr2/svs_core/fr2=14, 1741668628756
Received update: /ndn/gr-site/gr/svs_core/gr=14, 1741668633994
Received update: /ndn/hr-site/hr/svs_core/hr=14, 1741668633994
Received update: /ndn/nl-site/nl/svs_core/nl=15, 1741668633994
Received update: /ndn/sk-site/sk/svs_core/sk=15, 1741668633994
Received update: /ndn/az-site/az/svs_core/az=15, 1741668634140
Received update: /ndn/cz-site/cz/svs_core/cz=14, 1741668634140
Received update: /ndn/fr2-site/fr2/svs_core/fr2=15, 1741668634784
Received update: /ndn/al-site/al/svs_core/al=12, 1741668635024
Received update: /ndn/al-site/al/svs_core/al=13, 1741668635024
Received update: /ndn/al-site/al/svs_core/al=14, 1741668635024
Received update: /ndn/hu-site/hu/svs_core/hu=15, 1741668635024
Received update: /ndn/mt-site/mt/svs_core/mt=14, 1741668635024
Received update: /ndn/pl-site/pl/svs_core/pl=15, 1741668635024
Received update: /ndn/am-site/am/svs_core/am=15, 1741668637571
Received update: /ndn/lu-site/lu/svs_core/lu=14, 1741668637571
Received update: /ndn/de1-site/de1/svs_core/de1=15, 1741668637571
Received update: /ndn/de2-site/de2/svs_core/de2=15, 1741668637571
Received update: /ndn/il-site/il/svs_core/il=15, 1741668639947
Received update: /ndn/uk-site/uk/svs_core/uk=15, 1741668639947
Published sequence number: /ndn/cy-site/cy/svs_core/cy=15, 1741668641047
Sending Sync interest
Received update: /ndn/rs-site/rs/svs_core/rs=15, 1741668668791
Sending Sync interest
Received update: /ndn/at-site/at/svs_core/at=15, 1741668668982
Received update: /ndn/hr-site/hr/svs_core/hr=15, 1741668668982
Received update: /ndn/it-site/it/svs_core/it=15, 1741668668982
Received update: /ndn/ua-site/ua/svs_core/ua=14, 1741668668982
Received update: /ndn/ua-site/ua/svs_core/ua=15, 1741668668982
Sending Sync interest
Received update: /ndn/al-site/al/svs_core/al=15, 1741668673350
Received update: /ndn/ch-site/ch/svs_core/ch=16, 1741668673350
Received update: /ndn/gr-site/gr/svs_core/gr=15, 1741668673350
Received update: /ndn/lu-site/lu/svs_core/lu=15, 1741668673374
Sending Sync interest
Max suppression time updated to: 84
Received update: /ndn/tr-site/tr/svs_core/tr=15, 1741668673653
Received update: /ndn/be-site/be/svs_core/be=15, 1741668673895
Received update: /ndn/ie-site/ie/svs_core/ie=15, 1741668673895
Received update: /ndn/pt-site/pt/svs_core/pt=13, 1741668673895
Received update: /ndn/pt-site/pt/svs_core/pt=14, 1741668673895
Received update: /ndn/pt-site/pt/svs_core/pt=15, 1741668673895
Sending Sync interest
Sending Sync interest
Received update: /ndn/ge-site/ge/svs_core/ge=15, 1741668676444
Received update: /ndn/uk-site/uk/svs_core/uk=16, 1741668676676
Received update: /ndn/pl-site/pl/svs_core/pl=16, 1741668682587
Received update: /ndn/si-site/si/svs_core/si=15, 1741668682587
Received update: /ndn/de2-site/de2/svs_core/de2=16, 1741668682587
Received update: /ndn/hu-site/hu/svs_core/hu=16, 1741668682698
Received update: /ndn/az-site/az/svs_core/az=16, 1741668685538
Received update: /ndn/me-site/me/svs_core/me=15, 1741668685538
Received update: /ndn/de1-site/de1/svs_core/de1=16, 1741668685579
Received update: /ndn/es-site/es/svs_core/es=12, 1741668685932
Received update: /ndn/es-site/es/svs_core/es=13, 1741668685932
Received update: /ndn/es-site/es/svs_core/es=14, 1741668685932
Received update: /ndn/es-site/es/svs_core/es=15, 1741668685932
Received update: /ndn/it-site/it/svs_core/it=16, 1741668685932
Received update: /ndn/fr1-site/fr1/svs_core/fr1=15, 1741668685932
Received update: /ndn/fr1-site/fr1/svs_core/fr1=16, 1741668685932
Received update: /ndn/fr2-site/fr2/svs_core/fr2=16, 1741668685932
Published sequence number: /ndn/cy-site/cy/svs_core/cy=16, 1741668686050
Sending Sync interest
Received update: /ndn/nl-site/nl/svs_core/nl=16, 1741668686216
Sending Sync interest
Received update: /ndn/dk-site/dk/svs_core/dk=15, 1741668687193
Received update: /ndn/is-site/is/svs_core/is=15, 1741668687193
Received update: /ndn/is-site/is/svs_core/is=16, 1741668687193
Received update: /ndn/mk-site/mk/svs_core/mk=15, 1741668687193
Received update: /ndn/mk-site/mk/svs_core/mk=16, 1741668687193
Received update: /ndn/ro-site/ro/svs_core/ro=15, 1741668687193
Received update: /ndn/ro-site/ro/svs_core/ro=16, 1741668687193
Received update: /ndn/ua-site/ua/svs_core/ua=16, 1741668693239
Sending Sync interest
Received update: /ndn/ge-site/ge/svs_core/ge=16, 1741668693860
Received update: /ndn/hr-site/hr/svs_core/hr=16, 1741668693860
Received update: /ndn/tr-site/tr/svs_core/tr=16, 1741668697711
Received update: /ndn/at-site/at/svs_core/at=16, 1741668701296
Received update: /ndn/by-site/by/svs_core/by=14, 1741668701296
Received update: /ndn/by-site/by/svs_core/by=15, 1741668701296
Received update: /ndn/me-site/me/svs_core/me=16, 1741668701296
Received update: /ndn/rs-site/rs/svs_core/rs=16, 1741668701296
Received update: /ndn/si-site/si/svs_core/si=16, 1741668701296
Received update: /ndn/by-site/by/svs_core/by=16, 1741668705083
Received update: /ndn/dk-site/dk/svs_core/dk=16, 1741668705199
Received update: /ndn/no-site/no/svs_core/no=13, 1741668705199
Received update: /ndn/no-site/no/svs_core/no=14, 1741668705199
Received update: /ndn/se-site/se/svs_core/se=14, 1741668705199
Received update: /ndn/se-site/se/svs_core/se=15, 1741668705199
Received update: /ndn/mt-site/mt/svs_core/mt=15, 1741668705249
Received update: /ndn/mt-site/mt/svs_core/mt=16, 1741668705249
Received update: /ndn/sk-site/sk/svs_core/sk=16, 1741668705249
Received update: /ndn/am-site/am/svs_core/am=16, 1741668705432
Received update: /ndn/be-site/be/svs_core/be=16, 1741668705484
Sending Sync interest
Received update: /ndn/ie-site/ie/svs_core/ie=16, 1741668706115
Received update: /ndn/ee-site/ee/svs_core/ee=14, 1741668706669
Received update: /ndn/ee-site/ee/svs_core/ee=15, 1741668706669
Received update: /ndn/lt-site/lt/svs_core/lt=7, 1741668706669
Received update: /ndn/lt-site/lt/svs_core/lt=8, 1741668706669
Received update: /ndn/lt-site/lt/svs_core/lt=9, 1741668706669
Received update: /ndn/lt-site/lt/svs_core/lt=10, 1741668706669
Received update: /ndn/lt-site/lt/svs_core/lt=11, 1741668706669
Received update: /ndn/lt-site/lt/svs_core/lt=12, 1741668706669
Received update: /ndn/lt-site/lt/svs_core/lt=13, 1741668706669
Received update: /ndn/lt-site/lt/svs_core/lt=14, 1741668706669
Received update: /ndn/lt-site/lt/svs_core/lt=15, 1741668706669
Received update: /ndn/lv-site/lv/svs_core/lv=12, 1741668706669
Received update: /ndn/lv-site/lv/svs_core/lv=13, 1741668706669
Received update: /ndn/lv-site/lv/svs_core/lv=14, 1741668706669
Received update: /ndn/lv-site/lv/svs_core/lv=15, 1741668706669
Received update: /ndn/lv-site/lv/svs_core/lv=16, 1741668706669
Received update: /ndn/no-site/no/svs_core/no=15, 1741668706669
Sending Sync interest
Received update: /ndn/il-site/il/svs_core/il=16, 1741668706877
Received update: /ndn/fi-site/fi/svs_core/fi=11, 1741668710830
Received update: /ndn/fi-site/fi/svs_core/fi=12, 1741668710830
Received update: /ndn/fi-site/fi/svs_core/fi=13, 1741668710830
Received update: /ndn/fi-site/fi/svs_core/fi=14, 1741668710830
Received update: /ndn/fi-site/fi/svs_core/fi=15, 1741668710830
Received update: /ndn/fi-site/fi/svs_core/fi=16, 1741668710830
Received update: /ndn/lu-site/lu/svs_core/lu=16, 1741668710830
Received update: /ndn/se-site/se/svs_core/se=16, 1741668710830
Stopping SVS client: /ndn/cy-site/cy/svs_core/cy
