SVS client starting: /ndn/at-site/at/svs_core/at
Sending Sync interest
Received update: /ndn/dk-site/dk/svs_core/dk=1, 1741612832178
Received update: /ndn/ch-site/ch/svs_core/ch=1, 1741612833690
Received update: /ndn/fi-site/fi/svs_core/fi=1, 1741612834249
Received update: /ndn/ie-site/ie/svs_core/ie=1, 1741612836429
Received update: /ndn/ee-site/ee/svs_core/ee=1, 1741612837068
Received update: /ndn/be-site/be/svs_core/be=1, 1741612839921
Received update: /ndn/il-site/il/svs_core/il=1, 1741612840480
Received update: /ndn/az-site/az/svs_core/az=1, 1741612840709
Received update: /ndn/ro-site/ro/svs_core/ro=1, 1741612841628
Received update: /ndn/fr2-site/fr2/svs_core/fr2=1, 1741612843221
Received update: /ndn/es-site/es/svs_core/es=1, 1741612844008
Received update: /ndn/se-site/se/svs_core/se=1, 1741612844915
Received update: /ndn/me-site/me/svs_core/me=1, 1741612845786
Published sequence number: /ndn/at-site/at/svs_core/at=1, 1741612845941
Sending Sync interest
Received update: /ndn/tr-site/tr/svs_core/tr=1, 1741612846439
Received update: /ndn/hr-site/hr/svs_core/hr=1, 1741612849562
Received update: /ndn/al-site/al/svs_core/al=1, 1741612849817
Received update: /ndn/ge-site/ge/svs_core/ge=1, 1741612849893
Received update: /ndn/cz-site/cz/svs_core/cz=1, 1741612850131
Received update: /ndn/pt-site/pt/svs_core/pt=1, 1741612850863
Received update: /ndn/mt-site/mt/svs_core/mt=1, 1741612852503
Received update: /ndn/nl-site/nl/svs_core/nl=1, 1741612853104
Received update: /ndn/lv-site/lv/svs_core/lv=1, 1741612853276
Received update: /ndn/it-site/it/svs_core/it=1, 1741612854537
Received update: /ndn/hu-site/hu/svs_core/hu=1, 1741612856464
Received update: /ndn/am-site/am/svs_core/am=1, 1741612856707
Received update: /ndn/is-site/is/svs_core/is=1, 1741612858105
Received update: /ndn/sk-site/sk/svs_core/sk=1, 1741612858911
Received update: /ndn/de1-site/de1/svs_core/de1=1, 1741612860704
Received update: /ndn/bg-site/bg/svs_core/bg=1, 1741612860846
Received update: /ndn/lu-site/lu/svs_core/lu=1, 1741612861537
Received update: /ndn/pl-site/pl/svs_core/pl=1, 1741612862037
Received update: /ndn/rs-site/rs/svs_core/rs=1, 1741612862298
Received update: /ndn/md-site/md/svs_core/md=1, 1741612863744
Received update: /ndn/de2-site/de2/svs_core/de2=1, 1741612868303
Received update: /ndn/si-site/si/svs_core/si=1, 1741612868559
Received update: /ndn/gr-site/gr/svs_core/gr=1, 1741612868665
Received update: /ndn/lt-site/lt/svs_core/lt=1, 1741612868801
Received update: /ndn/uk-site/uk/svs_core/uk=1, 1741612871435
Received update: /ndn/ua-site/ua/svs_core/ua=1, 1741612875290
Received update: /ndn/cy-site/cy/svs_core/cy=1, 1741612875483
Received update: /ndn/by-site/by/svs_core/by=1, 1741612875554
Received update: /ndn/fr1-site/fr1/svs_core/fr1=1, 1741612875803
Received update: /ndn/mk-site/mk/svs_core/mk=1, 1741612875961
Received update: /ndn/no-site/no/svs_core/no=1, 1741612877034
Received update: /ndn/dk-site/dk/svs_core/dk=2, 1741612877170
Received update: /ndn/ch-site/ch/svs_core/ch=2, 1741612878687
Received update: /ndn/ie-site/ie/svs_core/ie=2, 1741612881446
Received update: /ndn/fi-site/fi/svs_core/fi=2, 1741612881697
Received update: /ndn/ee-site/ee/svs_core/ee=2, 1741612882072
Received update: /ndn/be-site/be/svs_core/be=2, 1741612884950
Received update: /ndn/il-site/il/svs_core/il=2, 1741612885505
Received update: /ndn/az-site/az/svs_core/az=2, 1741612885726
Received update: /ndn/fr2-site/fr2/svs_core/fr2=2, 1741612888239
Received update: /ndn/se-site/se/svs_core/se=2, 1741612889909
Received update: /ndn/es-site/es/svs_core/es=2, 1741612890339
Received update: /ndn/ro-site/ro/svs_core/ro=2, 1741612890437
Published sequence number: /ndn/at-site/at/svs_core/at=2, 1741612890943
Sending Sync interest
Received update: /ndn/tr-site/tr/svs_core/tr=2, 1741612891453
Received update: /ndn/al-site/al/svs_core/al=2, 1741612893936
Received update: /ndn/hr-site/hr/svs_core/hr=2, 1741612894562
Received update: /ndn/ge-site/ge/svs_core/ge=2, 1741612894884
Received update: /ndn/cz-site/cz/svs_core/cz=2, 1741612895132
Received update: /ndn/me-site/me/svs_core/me=2, 1741612895380
Received update: /ndn/pt-site/pt/svs_core/pt=2, 1741612895888
Received update: /ndn/am-site/am/svs_core/am=2, 1741612896060
Received update: /ndn/mt-site/mt/svs_core/mt=2, 1741612897440
Received update: /ndn/lv-site/lv/svs_core/lv=2, 1741612897618
Received update: /ndn/it-site/it/svs_core/it=2, 1741612899543
Received update: /ndn/nl-site/nl/svs_core/nl=2, 1741612899813
Received update: /ndn/hu-site/hu/svs_core/hu=2, 1741612901453
Received update: /ndn/sk-site/sk/svs_core/sk=2, 1741612903918
Received update: /ndn/bg-site/bg/svs_core/bg=2, 1741612905853
Received update: /ndn/de1-site/de1/svs_core/de1=2, 1741612906108
Received update: /ndn/lu-site/lu/svs_core/lu=2, 1741612906561
Received update: /ndn/is-site/is/svs_core/is=2, 1741612906738
Received update: /ndn/pl-site/pl/svs_core/pl=2, 1741612907041
Received update: /ndn/rs-site/rs/svs_core/rs=2, 1741612907292
Received update: /ndn/de2-site/de2/svs_core/de2=2, 1741612913310
Received update: /ndn/md-site/md/svs_core/md=2, 1741612913540
Received update: /ndn/si-site/si/svs_core/si=2, 1741612913558
Received update: /ndn/gr-site/gr/svs_core/gr=2, 1741612913666
Received update: /ndn/uk-site/uk/svs_core/uk=2, 1741612916443
Received update: /ndn/fr1-site/fr1/svs_core/fr1=2, 1741612917555
Received update: /ndn/lt-site/lt/svs_core/lt=2, 1741612917818
Received update: /ndn/cy-site/cy/svs_core/cy=2, 1741612920282
Received update: /ndn/ua-site/ua/svs_core/ua=2, 1741612920295
Received update: /ndn/by-site/by/svs_core/by=2, 1741612920542
Sending Sync interest
Received update: /ndn/no-site/no/svs_core/no=2, 1741612921812
Received update: /ndn/dk-site/dk/svs_core/dk=3, 1741612924462
Received update: /ndn/fi-site/fi/svs_core/fi=3, 1741612924462
Received update: /ndn/mk-site/mk/svs_core/mk=2, 1741612924697
Received update: /ndn/ch-site/ch/svs_core/ch=3, 1741612924890
Received update: /ndn/ie-site/ie/svs_core/ie=3, 1741612926463
Received update: /ndn/ee-site/ee/svs_core/ee=3, 1741612927092
Received update: /ndn/be-site/be/svs_core/be=3, 1741612929963
Received update: /ndn/az-site/az/svs_core/az=3, 1741612930172
Received update: /ndn/il-site/il/svs_core/il=3, 1741612930499
Received update: /ndn/ro-site/ro/svs_core/ro=3, 1741612931635
Received update: /ndn/fr2-site/fr2/svs_core/fr2=3, 1741612933289
Received update: /ndn/es-site/es/svs_core/es=3, 1741612934031
Published sequence number: /ndn/at-site/at/svs_core/at=3, 1741612935944
Sending Sync interest
Received update: /ndn/se-site/se/svs_core/se=3, 1741612936115
Received update: /ndn/tr-site/tr/svs_core/tr=3, 1741612936443
Received update: /ndn/al-site/al/svs_core/al=3, 1741612938761
Received update: /ndn/hr-site/hr/svs_core/hr=3, 1741612939570
Received update: /ndn/ge-site/ge/svs_core/ge=3, 1741612939890
Received update: /ndn/me-site/me/svs_core/me=3, 1741612940556
Received update: /ndn/cz-site/cz/svs_core/cz=3, 1741612940772
Received update: /ndn/am-site/am/svs_core/am=3, 1741612941072
Received update: /ndn/mt-site/mt/svs_core/mt=3, 1741612942521
Received update: /ndn/lv-site/lv/svs_core/lv=3, 1741612942586
Received update: /ndn/pt-site/pt/svs_core/pt=3, 1741612942739
Received update: /ndn/it-site/it/svs_core/it=3, 1741612944551
Received update: /ndn/hu-site/hu/svs_core/hu=3, 1741612946467
Received update: /ndn/nl-site/nl/svs_core/nl=3, 1741612946755
Received update: /ndn/is-site/is/svs_core/is=3, 1741612948114
Received update: /ndn/sk-site/sk/svs_core/sk=3, 1741612948906
Received update: /ndn/de1-site/de1/svs_core/de1=3, 1741612950698
Received update: /ndn/bg-site/bg/svs_core/bg=3, 1741612950857
Received update: /ndn/lu-site/lu/svs_core/lu=3, 1741612951543
Received update: /ndn/pl-site/pl/svs_core/pl=3, 1741612952039
Received update: /ndn/rs-site/rs/svs_core/rs=3, 1741612952305
Received update: /ndn/md-site/md/svs_core/md=3, 1741612953750
Received update: /ndn/de2-site/de2/svs_core/de2=3, 1741612958305
Received update: /ndn/si-site/si/svs_core/si=3, 1741612958561
Received update: /ndn/gr-site/gr/svs_core/gr=3, 1741612958668
Received update: /ndn/uk-site/uk/svs_core/uk=3, 1741612961448
Received update: /ndn/fr1-site/fr1/svs_core/fr1=3, 1741612962554
Received update: /ndn/by-site/by/svs_core/by=3, 1741612963970
Received update: /ndn/cy-site/cy/svs_core/cy=3, 1741612965299
Received update: /ndn/ua-site/ua/svs_core/ua=3, 1741612965299
Received update: /ndn/lt-site/lt/svs_core/lt=3, 1741612965529
Received update: /ndn/mk-site/mk/svs_core/mk=3, 1741612965971
Received update: /ndn/dk-site/dk/svs_core/dk=4, 1741612967178
Received update: /ndn/no-site/no/svs_core/no=3, 1741612967414
Received update: /ndn/ch-site/ch/svs_core/ch=4, 1741612968709
Received update: /ndn/ie-site/ie/svs_core/ie=4, 1741612971437
Received update: /ndn/ee-site/ee/svs_core/ee=4, 1741612972084
Received update: /ndn/il-site/il/svs_core/il=4, 1741612975515
Received update: /ndn/be-site/be/svs_core/be=4, 1741612975773
Received update: /ndn/fr2-site/fr2/svs_core/fr2=4, 1741612978253
Received update: /ndn/ro-site/ro/svs_core/ro=4, 1741612978509
Received update: /ndn/az-site/az/svs_core/az=4, 1741612978524
Received update: /ndn/se-site/se/svs_core/se=4, 1741612979948
Received update: /ndn/es-site/es/svs_core/es=4, 1741612980159
Received update: /ndn/me-site/me/svs_core/me=4, 1741612980814
Received update: /ndn/fi-site/fi/svs_core/fi=4, 1741612980940
Published sequence number: /ndn/at-site/at/svs_core/at=4, 1741612980956
Sending Sync interest
Received update: /ndn/tr-site/tr/svs_core/tr=4, 1741612981462
Received update: /ndn/al-site/al/svs_core/al=4, 1741612983733
Received update: /ndn/hr-site/hr/svs_core/hr=4, 1741612984580
Received update: /ndn/ge-site/ge/svs_core/ge=4, 1741612984904
Received update: /ndn/cz-site/cz/svs_core/cz=4, 1741612985148
Received update: /ndn/pt-site/pt/svs_core/pt=4, 1741612985901
Received update: /ndn/mt-site/mt/svs_core/mt=4, 1741612987483
Received update: /ndn/am-site/am/svs_core/am=4, 1741612987680
Received update: /ndn/nl-site/nl/svs_core/nl=4, 1741612988126
Received update: /ndn/lv-site/lv/svs_core/lv=4, 1741612988403
Received update: /ndn/it-site/it/svs_core/it=4, 1741612989556
Received update: /ndn/hu-site/hu/svs_core/hu=4, 1741612991477
Received update: /ndn/is-site/is/svs_core/is=4, 1741612993129
Received update: /ndn/sk-site/sk/svs_core/sk=4, 1741612993940
Received update: /ndn/de1-site/de1/svs_core/de1=4, 1741612995710
Received update: /ndn/bg-site/bg/svs_core/bg=4, 1741612995872
Received update: /ndn/de2-site/de2/svs_core/de2=4, 1741613003327
Received update: /ndn/pl-site/pl/svs_core/pl=4, 1741613003550
Received update: /ndn/rs-site/rs/svs_core/rs=4, 1741613003575
Received update: /ndn/gr-site/gr/svs_core/gr=4, 1741613003691
Received update: /ndn/lu-site/lu/svs_core/lu=4, 1741613003771
Received update: /ndn/lt-site/lt/svs_core/lt=4, 1741613003792
Received update: /ndn/md-site/md/svs_core/md=4, 1741613003843
Received update: /ndn/si-site/si/svs_core/si=4, 1741613003970
Received update: /ndn/uk-site/uk/svs_core/uk=4, 1741613006471
Received update: /ndn/fr1-site/fr1/svs_core/fr1=4, 1741613007593
Received update: /ndn/by-site/by/svs_core/by=4, 1741613008995
Received update: /ndn/cy-site/cy/svs_core/cy=4, 1741613010355
Received update: /ndn/mk-site/mk/svs_core/mk=4, 1741613010993
Received update: /ndn/no-site/no/svs_core/no=4, 1741613011863
Received update: /ndn/ua-site/ua/svs_core/ua=4, 1741613012090
Received update: /ndn/dk-site/dk/svs_core/dk=5, 1741613012189
Received update: /ndn/ch-site/ch/svs_core/ch=5, 1741613013752
Received update: /ndn/fi-site/fi/svs_core/fi=5, 1741613014285
Received update: /ndn/ie-site/ie/svs_core/ie=5, 1741613016464
Received update: /ndn/be-site/be/svs_core/be=5, 1741613019988
Received update: /ndn/ee-site/ee/svs_core/ee=5, 1741613020149
Received update: /ndn/az-site/az/svs_core/az=5, 1741613020202
Received update: /ndn/il-site/il/svs_core/il=5, 1741613020528
Received update: /ndn/ro-site/ro/svs_core/ro=5, 1741613021661
Received update: /ndn/fr2-site/fr2/svs_core/fr2=5, 1741613023257
Received update: /ndn/es-site/es/svs_core/es=5, 1741613024044
Received update: /ndn/se-site/se/svs_core/se=5, 1741613024961
Published sequence number: /ndn/at-site/at/svs_core/at=5, 1741613025973
Sending Sync interest
Received update: /ndn/me-site/me/svs_core/me=5, 1741613026162
Received update: /ndn/tr-site/tr/svs_core/tr=5, 1741613026481
Received update: /ndn/al-site/al/svs_core/al=5, 1741613028825
Received update: /ndn/hr-site/hr/svs_core/hr=5, 1741613029612
Received update: /ndn/ge-site/ge/svs_core/ge=5, 1741613029922
Received update: /ndn/cz-site/cz/svs_core/cz=5, 1741613030159
Received update: /ndn/pt-site/pt/svs_core/pt=5, 1741613030905
Received update: /ndn/mt-site/mt/svs_core/mt=5, 1741613032486
Received update: /ndn/lv-site/lv/svs_core/lv=5, 1741613032614
Received update: /ndn/am-site/am/svs_core/am=5, 1741613032859
Received update: /ndn/nl-site/nl/svs_core/nl=5, 1741613033162
Received update: /ndn/it-site/it/svs_core/it=5, 1741613034612
Received update: /ndn/hu-site/hu/svs_core/hu=5, 1741613036509
Received update: /ndn/is-site/is/svs_core/is=5, 1741613038160
Received update: /ndn/sk-site/sk/svs_core/sk=5, 1741613038938
Received update: /ndn/de1-site/de1/svs_core/de1=5, 1741613040770
Received update: /ndn/bg-site/bg/svs_core/bg=5, 1741613040902
Received update: /ndn/rs-site/rs/svs_core/rs=5, 1741613042321
Received update: /ndn/pl-site/pl/svs_core/pl=5, 1741613042563
Received update: /ndn/lu-site/lu/svs_core/lu=5, 1741613042581
Received update: /ndn/md-site/md/svs_core/md=5, 1741613043977
Received update: /ndn/de2-site/de2/svs_core/de2=5, 1741613048335
Received update: /ndn/si-site/si/svs_core/si=5, 1741613048594
Received update: /ndn/gr-site/gr/svs_core/gr=5, 1741613048698
Received update: /ndn/lt-site/lt/svs_core/lt=5, 1741613048797
Received update: /ndn/uk-site/uk/svs_core/uk=5, 1741613051491
Received update: /ndn/fr1-site/fr1/svs_core/fr1=5, 1741613052588
Received update: /ndn/cy-site/cy/svs_core/cy=5, 1741613055314
Received update: /ndn/ua-site/ua/svs_core/ua=5, 1741613055327
Received update: /ndn/by-site/by/svs_core/by=5, 1741613055903
Received update: /ndn/no-site/no/svs_core/no=5, 1741613056873
Received update: /ndn/mk-site/mk/svs_core/mk=5, 1741613056939
Received update: /ndn/dk-site/dk/svs_core/dk=6, 1741613057205
Received update: /ndn/ch-site/ch/svs_core/ch=6, 1741613058728
Received update: /ndn/fi-site/fi/svs_core/fi=6, 1741613059301
Received update: /ndn/ie-site/ie/svs_core/ie=6, 1741613061475
Received update: /ndn/be-site/be/svs_core/be=6, 1741613064983
Received update: /ndn/az-site/az/svs_core/az=6, 1741613065217
Received update: /ndn/il-site/il/svs_core/il=6, 1741613065528
Received update: /ndn/ee-site/ee/svs_core/ee=6, 1741613065673
Received update: /ndn/fr2-site/fr2/svs_core/fr2=6, 1741613068356
Received update: /ndn/ro-site/ro/svs_core/ro=6, 1741613068613
Received update: /ndn/se-site/se/svs_core/se=6, 1741613069960
Sending Sync interest
Received update: /ndn/es-site/es/svs_core/es=6, 1741613070374
Received update: /ndn/me-site/me/svs_core/me=6, 1741613070836
Published sequence number: /ndn/at-site/at/svs_core/at=6, 1741613070977
Received update: /ndn/tr-site/tr/svs_core/tr=6, 1741613071497
Sending Sync interest
Received update: /ndn/al-site/al/svs_core/al=6, 1741613073753
Received update: /ndn/hr-site/hr/svs_core/hr=6, 1741613074610
Received update: /ndn/ge-site/ge/svs_core/ge=6, 1741613074927
Received update: /ndn/cz-site/cz/svs_core/cz=6, 1741613075167
Received update: /ndn/pt-site/pt/svs_core/pt=6, 1741613075903
Received update: /ndn/lv-site/lv/svs_core/lv=6, 1741613077649
Received update: /ndn/mt-site/mt/svs_core/mt=6, 1741613077781
Received update: /ndn/it-site/it/svs_core/it=6, 1741613079631
Received update: /ndn/nl-site/nl/svs_core/nl=6, 1741613079850
Received update: /ndn/am-site/am/svs_core/am=6, 1741613079870
Received update: /ndn/hu-site/hu/svs_core/hu=6, 1741613081502
Received update: /ndn/is-site/is/svs_core/is=6, 1741613083156
Received update: /ndn/sk-site/sk/svs_core/sk=6, 1741613083947
Received update: /ndn/de1-site/de1/svs_core/de1=6, 1741613085735
Received update: /ndn/lu-site/lu/svs_core/lu=6, 1741613086591
Received update: /ndn/bg-site/bg/svs_core/bg=6, 1741613086822
Received update: /ndn/pl-site/pl/svs_core/pl=6, 1741613087078
Received update: /ndn/rs-site/rs/svs_core/rs=6, 1741613087336
Sending Sync interest
Received update: /ndn/de2-site/de2/svs_core/de2=6, 1741613093340
Received update: /ndn/si-site/si/svs_core/si=6, 1741613093596
Received update: /ndn/uk-site/uk/svs_core/uk=6, 1741613096491
Sending Sync interest
Received update: /ndn/gr-site/gr/svs_core/gr=6, 1741613096704
Received update: /ndn/lt-site/lt/svs_core/lt=6, 1741613096775
Received update: /ndn/md-site/md/svs_core/md=6, 1741613097322
Received update: /ndn/fr1-site/fr1/svs_core/fr1=6, 1741613097646
Received update: /ndn/by-site/by/svs_core/by=6, 1741613099007
Received update: /ndn/cy-site/cy/svs_core/cy=6, 1741613100330
Received update: /ndn/mk-site/mk/svs_core/mk=6, 1741613101049
Received update: /ndn/no-site/no/svs_core/no=6, 1741613101860
Received update: /ndn/ua-site/ua/svs_core/ua=6, 1741613102198
Received update: /ndn/dk-site/dk/svs_core/dk=7, 1741613102207
Received update: /ndn/ch-site/ch/svs_core/ch=7, 1741613103732
Received update: /ndn/ie-site/ie/svs_core/ie=7, 1741613106504
Received update: /ndn/ee-site/ee/svs_core/ee=7, 1741613107109
Received update: /ndn/be-site/be/svs_core/be=7, 1741613110022
Received update: /ndn/il-site/il/svs_core/il=7, 1741613110532
Received update: /ndn/fi-site/fi/svs_core/fi=7, 1741613110766
Received update: /ndn/az-site/az/svs_core/az=7, 1741613111013
Received update: /ndn/es-site/es/svs_core/es=7, 1741613114063
Received update: /ndn/fr2-site/fr2/svs_core/fr2=7, 1741613114236
Received update: /ndn/ro-site/ro/svs_core/ro=7, 1741613114308
Received update: /ndn/se-site/se/svs_core/se=7, 1741613115013
Received update: /ndn/me-site/me/svs_core/me=7, 1741613115841
Published sequence number: /ndn/at-site/at/svs_core/at=7, 1741613115982
Sending Sync interest
Received update: /ndn/tr-site/tr/svs_core/tr=7, 1741613116510
Received update: /ndn/al-site/al/svs_core/al=7, 1741613118769
Received update: /ndn/ge-site/ge/svs_core/ge=7, 1741613119947
Received update: /ndn/cz-site/cz/svs_core/cz=7, 1741613120194
Received update: /ndn/hr-site/hr/svs_core/hr=7, 1741613120378
Received update: /ndn/pt-site/pt/svs_core/pt=7, 1741613120930
Received update: /ndn/am-site/am/svs_core/am=7, 1741613121345
Received update: /ndn/nl-site/nl/svs_core/nl=7, 1741613123197
Received update: /ndn/mt-site/mt/svs_core/mt=7, 1741613123358
Received update: /ndn/lv-site/lv/svs_core/lv=7, 1741613123360
Received update: /ndn/it-site/it/svs_core/it=7, 1741613124583
Received update: /ndn/is-site/is/svs_core/is=7, 1741613128163
Received update: /ndn/hu-site/hu/svs_core/hu=7, 1741613128348
Received update: /ndn/de1-site/de1/svs_core/de1=7, 1741613130738
Received update: /ndn/sk-site/sk/svs_core/sk=7, 1741613130977
Received update: /ndn/lu-site/lu/svs_core/lu=7, 1741613131583
Received update: /ndn/pl-site/pl/svs_core/pl=7, 1741613132079
Received update: /ndn/bg-site/bg/svs_core/bg=7, 1741613132302
Received update: /ndn/md-site/md/svs_core/md=7, 1741613133773
Received update: /ndn/rs-site/rs/svs_core/rs=7, 1741613133999
Received update: /ndn/de2-site/de2/svs_core/de2=7, 1741613138342
Received update: /ndn/lt-site/lt/svs_core/lt=7, 1741613139012
Received update: /ndn/si-site/si/svs_core/si=7, 1741613139229
Received update: /ndn/gr-site/gr/svs_core/gr=7, 1741613139242
Received update: /ndn/uk-site/uk/svs_core/uk=7, 1741613141497
Received update: /ndn/fr1-site/fr1/svs_core/fr1=7, 1741613142586
Received update: /ndn/by-site/by/svs_core/by=7, 1741613144009
Received update: /ndn/ua-site/ua/svs_core/ua=7, 1741613145332
Received update: /ndn/cy-site/cy/svs_core/cy=7, 1741613145344
Received update: /ndn/mk-site/mk/svs_core/mk=7, 1741613146010
Received update: /ndn/no-site/no/svs_core/no=7, 1741613146864
Received update: /ndn/ch-site/ch/svs_core/ch=8, 1741613148737
Received update: /ndn/dk-site/dk/svs_core/dk=8, 1741613148992
Received update: /ndn/ie-site/ie/svs_core/ie=8, 1741613151498
Received update: /ndn/ee-site/ee/svs_core/ee=8, 1741613152115
Received update: /ndn/fi-site/fi/svs_core/fi=8, 1741613152115
Received update: /ndn/be-site/be/svs_core/be=8, 1741613154998
Received update: /ndn/az-site/az/svs_core/az=8, 1741613155229
Received update: /ndn/il-site/il/svs_core/il=8, 1741613155523
Received update: /ndn/ro-site/ro/svs_core/ro=8, 1741613156693
Received update: /ndn/fr2-site/fr2/svs_core/fr2=8, 1741613158273
Received update: /ndn/es-site/es/svs_core/es=8, 1741613159072
Received update: /ndn/me-site/me/svs_core/me=8, 1741613160845
Published sequence number: /ndn/at-site/at/svs_core/at=8, 1741613160984
Sending Sync interest
Received update: /ndn/se-site/se/svs_core/se=8, 1741613161081
Received update: /ndn/tr-site/tr/svs_core/tr=8, 1741613161492
Received update: /ndn/hr-site/hr/svs_core/hr=8, 1741613164620
Received update: /ndn/ge-site/ge/svs_core/ge=8, 1741613164954
Received update: /ndn/cz-site/cz/svs_core/cz=8, 1741613165189
Received update: /ndn/am-site/am/svs_core/am=8, 1741613166069
Received update: /ndn/pt-site/pt/svs_core/pt=8, 1741613166325
Received update: /ndn/al-site/al/svs_core/al=8, 1741613166563
Received update: /ndn/lv-site/lv/svs_core/lv=8, 1741613167680
Received update: /ndn/it-site/it/svs_core/it=8, 1741613169602
Received update: /ndn/mt-site/mt/svs_core/mt=8, 1741613169602
Received update: /ndn/nl-site/nl/svs_core/nl=8, 1741613169857
Received update: /ndn/hu-site/hu/svs_core/hu=8, 1741613171506
Received update: /ndn/sk-site/sk/svs_core/sk=8, 1741613173989
Received update: /ndn/de1-site/de1/svs_core/de1=8, 1741613175787
Received update: /ndn/bg-site/bg/svs_core/bg=8, 1741613175901
Received update: /ndn/is-site/is/svs_core/is=8, 1741613175977
Received update: /ndn/lu-site/lu/svs_core/lu=8, 1741613176585
Received update: /ndn/pl-site/pl/svs_core/pl=8, 1741613177084
Received update: /ndn/rs-site/rs/svs_core/rs=8, 1741613177330
Sending Sync interest
Received update: /ndn/de2-site/de2/svs_core/de2=8, 1741613183357
Received update: /ndn/si-site/si/svs_core/si=8, 1741613183600
Received update: /ndn/gr-site/gr/svs_core/gr=8, 1741613183705
Received update: /ndn/uk-site/uk/svs_core/uk=8, 1741613186491
Received update: /ndn/fr1-site/fr1/svs_core/fr1=8, 1741613187591
Received update: /ndn/lt-site/lt/svs_core/lt=8, 1741613187864
Received update: /ndn/by-site/by/svs_core/by=8, 1741613189089
Sending Sync interest
Received update: /ndn/md-site/md/svs_core/md=8, 1741613189208
Received update: /ndn/cy-site/cy/svs_core/cy=8, 1741613190335
Received update: /ndn/mk-site/mk/svs_core/mk=8, 1741613191011
Received update: /ndn/no-site/no/svs_core/no=8, 1741613191885
Received update: /ndn/ua-site/ua/svs_core/ua=8, 1741613192307
Received update: /ndn/ch-site/ch/svs_core/ch=9, 1741613193760
Received update: /ndn/ie-site/ie/svs_core/ie=9, 1741613196482
Received update: /ndn/dk-site/dk/svs_core/dk=9, 1741613197119
Received update: /ndn/ee-site/ee/svs_core/ee=9, 1741613197119
Received update: /ndn/fi-site/fi/svs_core/fi=9, 1741613197157
Received update: /ndn/be-site/be/svs_core/be=9, 1741613200002
Received update: /ndn/ro-site/ro/svs_core/ro=9, 1741613201695
Received update: /ndn/az-site/az/svs_core/az=9, 1741613201892
Received update: /ndn/il-site/il/svs_core/il=9, 1741613202148
Received update: /ndn/fr2-site/fr2/svs_core/fr2=9, 1741613203279
Received update: /ndn/es-site/es/svs_core/es=9, 1741613204052
Sending Sync interest
Received update: /ndn/se-site/se/svs_core/se=9, 1741613204986
Published sequence number: /ndn/at-site/at/svs_core/at=9, 1741613205988
Sending Sync interest
Received update: /ndn/al-site/al/svs_core/al=9, 1741613208756
Received update: /ndn/me-site/me/svs_core/me=9, 1741613209030
Sending Sync interest
Received update: /ndn/tr-site/tr/svs_core/tr=9, 1741613209455
Received update: /ndn/ge-site/ge/svs_core/ge=9, 1741613209955
Received update: /ndn/hr-site/hr/svs_core/hr=9, 1741613210045
Received update: /ndn/cz-site/cz/svs_core/cz=9, 1741613210179
Received update: /ndn/pt-site/pt/svs_core/pt=9, 1741613210920
Received update: /ndn/nl-site/nl/svs_core/nl=9, 1741613213194
Received update: /ndn/am-site/am/svs_core/am=9, 1741613213421
Received update: /ndn/lv-site/lv/svs_core/lv=9, 1741613213437
Received update: /ndn/mt-site/mt/svs_core/mt=9, 1741613213462
Received update: /ndn/it-site/it/svs_core/it=9, 1741613214621
Received update: /ndn/is-site/is/svs_core/is=9, 1741613218167
Received update: /ndn/hu-site/hu/svs_core/hu=9, 1741613218365
Received update: /ndn/sk-site/sk/svs_core/sk=9, 1741613218972
Received update: /ndn/de1-site/de1/svs_core/de1=9, 1741613220756
Received update: /ndn/bg-site/bg/svs_core/bg=9, 1741613220914
Received update: /ndn/lu-site/lu/svs_core/lu=9, 1741613221592
Received update: /ndn/rs-site/rs/svs_core/rs=9, 1741613222348
Received update: /ndn/md-site/md/svs_core/md=9, 1741613223812
Received update: /ndn/pl-site/pl/svs_core/pl=9, 1741613223981
Received update: /ndn/de2-site/de2/svs_core/de2=9, 1741613228353
Received update: /ndn/gr-site/gr/svs_core/gr=9, 1741613228726
Received update: /ndn/lt-site/lt/svs_core/lt=9, 1741613228805
Received update: /ndn/si-site/si/svs_core/si=9, 1741613229046
Received update: /ndn/uk-site/uk/svs_core/uk=9, 1741613231494
Received update: /ndn/fr1-site/fr1/svs_core/fr1=9, 1741613232623
Received update: /ndn/cy-site/cy/svs_core/cy=9, 1741613235331
Received update: /ndn/by-site/by/svs_core/by=9, 1741613235598
Received update: /ndn/no-site/no/svs_core/no=9, 1741613236908
Received update: /ndn/dk-site/dk/svs_core/dk=10, 1741613237203
Received update: /ndn/mk-site/mk/svs_core/mk=9, 1741613237422
Received update: /ndn/ch-site/ch/svs_core/ch=10, 1741613238740
Received update: /ndn/ua-site/ua/svs_core/ua=9, 1741613238969
Received update: /ndn/ie-site/ie/svs_core/ie=10, 1741613241503
Received update: /ndn/ee-site/ee/svs_core/ee=10, 1741613242147
Received update: /ndn/fi-site/fi/svs_core/fi=10, 1741613242373
Received update: /ndn/be-site/be/svs_core/be=10, 1741613245001
Received update: /ndn/il-site/il/svs_core/il=10, 1741613245549
Received update: /ndn/ro-site/ro/svs_core/ro=10, 1741613246696
Received update: /ndn/es-site/es/svs_core/es=10, 1741613249051
Received update: /ndn/fr2-site/fr2/svs_core/fr2=10, 1741613249051
Received update: /ndn/se-site/se/svs_core/se=10, 1741613249972
Received update: /ndn/az-site/az/svs_core/az=10, 1741613250210
Received update: /ndn/me-site/me/svs_core/me=10, 1741613250850
Published sequence number: /ndn/at-site/at/svs_core/at=10, 1741613250992
Sending Sync interest
Received update: /ndn/tr-site/tr/svs_core/tr=10, 1741613251515
Received update: /ndn/hr-site/hr/svs_core/hr=10, 1741613254625
Received update: /ndn/al-site/al/svs_core/al=10, 1741613254903
Received update: /ndn/ge-site/ge/svs_core/ge=10, 1741613254946
Received update: /ndn/cz-site/cz/svs_core/cz=10, 1741613255201
Received update: /ndn/pt-site/pt/svs_core/pt=10, 1741613255933
Received update: /ndn/am-site/am/svs_core/am=10, 1741613256067
Received update: /ndn/lv-site/lv/svs_core/lv=10, 1741613257641
Received update: /ndn/nl-site/nl/svs_core/nl=10, 1741613258202
Received update: /ndn/mt-site/mt/svs_core/mt=10, 1741613258408
Received update: /ndn/it-site/it/svs_core/it=10, 1741613259604
Received update: /ndn/hu-site/hu/svs_core/hu=10, 1741613261511
Received update: /ndn/is-site/is/svs_core/is=10, 1741613263155
Received update: /ndn/sk-site/sk/svs_core/sk=10, 1741613263957
Received update: /ndn/de1-site/de1/svs_core/de1=10, 1741613265768
Received update: /ndn/bg-site/bg/svs_core/bg=10, 1741613265903
Received update: /ndn/pl-site/pl/svs_core/pl=10, 1741613267094
Received update: /ndn/lu-site/lu/svs_core/lu=10, 1741613267349
Received update: /ndn/de2-site/de2/svs_core/de2=10, 1741613273354
Received update: /ndn/si-site/si/svs_core/si=10, 1741613273607
Received update: /ndn/gr-site/gr/svs_core/gr=10, 1741613273722
Received update: /ndn/rs-site/rs/svs_core/rs=10, 1741613273793
Received update: /ndn/md-site/md/svs_core/md=10, 1741613274213
Received update: /ndn/lt-site/lt/svs_core/lt=10, 1741613274233
Received update: /ndn/uk-site/uk/svs_core/uk=10, 1741613276539
Received update: /ndn/fr1-site/fr1/svs_core/fr1=10, 1741613277627
Received update: /ndn/ua-site/ua/svs_core/ua=10, 1741613280350
Received update: /ndn/cy-site/cy/svs_core/cy=10, 1741613280356
Received update: /ndn/no-site/no/svs_core/no=10, 1741613281878
Received update: /ndn/by-site/by/svs_core/by=10, 1741613282192
Received update: /ndn/dk-site/dk/svs_core/dk=11, 1741613282224
Received update: /ndn/mk-site/mk/svs_core/mk=10, 1741613282433
Sending Sync interest
Received update: /ndn/ch-site/ch/svs_core/ch=11, 1741613283756
Received update: /ndn/fi-site/fi/svs_core/fi=11, 1741613284310
Received update: /ndn/ie-site/ie/svs_core/ie=11, 1741613286508
Received update: /ndn/ee-site/ee/svs_core/ee=11, 1741613287137
Received update: /ndn/be-site/be/svs_core/be=11, 1741613289999
Received update: /ndn/il-site/il/svs_core/il=11, 1741613290574
Received update: /ndn/ro-site/ro/svs_core/ro=11, 1741613291708
Received update: /ndn/fr2-site/fr2/svs_core/fr2=11, 1741613293303
Received update: /ndn/es-site/es/svs_core/es=11, 1741613294069
Received update: /ndn/se-site/se/svs_core/se=11, 1741613295014
Received update: /ndn/az-site/az/svs_core/az=11, 1741613295237
Published sequence number: /ndn/at-site/at/svs_core/at=11, 1741613295997
Sending Sync interest
Received update: /ndn/tr-site/tr/svs_core/tr=11, 1741613296510
Received update: /ndn/al-site/al/svs_core/al=11, 1741613298761
Received update: /ndn/me-site/me/svs_core/me=11, 1741613299010
Received update: /ndn/hr-site/hr/svs_core/hr=11, 1741613299633
Received update: /ndn/ge-site/ge/svs_core/ge=11, 1741613299942
Received update: /ndn/cz-site/cz/svs_core/cz=11, 1741613300192
Received update: /ndn/pt-site/pt/svs_core/pt=11, 1741613300927
Received update: /ndn/am-site/am/svs_core/am=11, 1741613301086
Received update: /ndn/mt-site/mt/svs_core/mt=11, 1741613302519
Received update: /ndn/lv-site/lv/svs_core/lv=11, 1741613302644
Received update: /ndn/nl-site/nl/svs_core/nl=11, 1741613303219
Received update: /ndn/it-site/it/svs_core/it=11, 1741613304602
Received update: /ndn/hu-site/hu/svs_core/hu=11, 1741613306525
Received update: /ndn/is-site/is/svs_core/is=11, 1741613308162
Received update: /ndn/de1-site/de1/svs_core/de1=11, 1741613310762
Received update: /ndn/lu-site/lu/svs_core/lu=11, 1741613311648
Received update: /ndn/bg-site/bg/svs_core/bg=11, 1741613311790
Received update: /ndn/pl-site/pl/svs_core/pl=11, 1741613312096
Received update: /ndn/de2-site/de2/svs_core/de2=11, 1741613318385
Received update: /ndn/sk-site/sk/svs_core/sk=11, 1741613318594
Received update: /ndn/rs-site/rs/svs_core/rs=11, 1741613318615
Received update: /ndn/si-site/si/svs_core/si=11, 1741613319087
Received update: /ndn/gr-site/gr/svs_core/gr=11, 1741613319324
Received update: /ndn/lt-site/lt/svs_core/lt=11, 1741613319592
Received update: /ndn/md-site/md/svs_core/md=11, 1741613319865
Received update: /ndn/uk-site/uk/svs_core/uk=11, 1741613321520
Received update: /ndn/fr1-site/fr1/svs_core/fr1=11, 1741613322609
Received update: /ndn/cy-site/cy/svs_core/cy=11, 1741613325351
Received update: /ndn/ua-site/ua/svs_core/ua=11, 1741613325352
Received update: /ndn/by-site/by/svs_core/by=11, 1741613326531
Received update: /ndn/mk-site/mk/svs_core/mk=11, 1741613326776
Received update: /ndn/no-site/no/svs_core/no=11, 1741613326965
Received update: /ndn/dk-site/dk/svs_core/dk=12, 1741613327243
Received update: /ndn/ch-site/ch/svs_core/ch=12, 1741613329030
Received update: /ndn/be-site/be/svs_core/be=12, 1741613335001
Received update: /ndn/fi-site/fi/svs_core/fi=12, 1741613335253
Received update: /ndn/ee-site/ee/svs_core/ee=12, 1741613335508
Received update: /ndn/ie-site/ie/svs_core/ie=12, 1741613335516
Received update: /ndn/il-site/il/svs_core/il=12, 1741613335535
Received update: /ndn/az-site/az/svs_core/az=12, 1741613335745
Received update: /ndn/ro-site/ro/svs_core/ro=12, 1741613336698
Received update: /ndn/es-site/es/svs_core/es=12, 1741613339075
Sending Sync interest
Received update: /ndn/fr2-site/fr2/svs_core/fr2=12, 1741613339261
Sending Sync interest
Received update: /ndn/se-site/se/svs_core/se=12, 1741613339979
Received update: /ndn/me-site/me/svs_core/me=12, 1741613340854
Published sequence number: /ndn/at-site/at/svs_core/at=12, 1741613341003
Sending Sync interest
Received update: /ndn/al-site/al/svs_core/al=12, 1741613343776
Received update: /ndn/tr-site/tr/svs_core/tr=12, 1741613343993
Received update: /ndn/hr-site/hr/svs_core/hr=12, 1741613344662
Received update: /ndn/cz-site/cz/svs_core/cz=12, 1741613345201
Received update: /ndn/ge-site/ge/svs_core/ge=12, 1741613345447
Received update: /ndn/pt-site/pt/svs_core/pt=12, 1741613345936
Received update: /ndn/am-site/am/svs_core/am=12, 1741613346088
Received update: /ndn/mt-site/mt/svs_core/mt=12, 1741613347510
Received update: /ndn/lv-site/lv/svs_core/lv=12, 1741613347646
Sending Sync interest
Received update: /ndn/nl-site/nl/svs_core/nl=12, 1741613348209
Received update: /ndn/it-site/it/svs_core/it=12, 1741613349603
Received update: /ndn/hu-site/hu/svs_core/hu=12, 1741613351515
Received update: /ndn/is-site/is/svs_core/is=12, 1741613353207
Received update: /ndn/sk-site/sk/svs_core/sk=12, 1741613353961
Received update: /ndn/bg-site/bg/svs_core/bg=12, 1741613355911
Received update: /ndn/de1-site/de1/svs_core/de1=12, 1741613356133
Received update: /ndn/lu-site/lu/svs_core/lu=12, 1741613356626
Received update: /ndn/pl-site/pl/svs_core/pl=12, 1741613357112
Received update: /ndn/md-site/md/svs_core/md=12, 1741613358796
Received update: /ndn/de2-site/de2/svs_core/de2=12, 1741613363356
Received update: /ndn/si-site/si/svs_core/si=12, 1741613363614
Received update: /ndn/gr-site/gr/svs_core/gr=12, 1741613363721
Received update: /ndn/rs-site/rs/svs_core/rs=12, 1741613363995
Received update: /ndn/lt-site/lt/svs_core/lt=12, 1741613364231
Received update: /ndn/uk-site/uk/svs_core/uk=12, 1741613366534
Received update: /ndn/cy-site/cy/svs_core/cy=12, 1741613370342
Received update: /ndn/ua-site/ua/svs_core/ua=12, 1741613370355
Received update: /ndn/fr1-site/fr1/svs_core/fr1=12, 1741613370647
Received update: /ndn/mk-site/mk/svs_core/mk=12, 1741613371027
Received update: /ndn/ch-site/ch/svs_core/ch=13, 1741613373791
Received update: /ndn/by-site/by/svs_core/by=12, 1741613373963
Received update: /ndn/dk-site/dk/svs_core/dk=13, 1741613374013
Received update: /ndn/ie-site/ie/svs_core/ie=13, 1741613376509
Received update: /ndn/fi-site/fi/svs_core/fi=13, 1741613376734
Received update: /ndn/no-site/no/svs_core/no=12, 1741613376734
Received update: /ndn/be-site/be/svs_core/be=13, 1741613380018
Received update: /ndn/az-site/az/svs_core/az=13, 1741613380229
Received update: /ndn/ee-site/ee/svs_core/ee=13, 1741613380263
Received update: /ndn/il-site/il/svs_core/il=13, 1741613380557
Received update: /ndn/ro-site/ro/svs_core/ro=13, 1741613381701
Received update: /ndn/es-site/es/svs_core/es=13, 1741613384088
Received update: /ndn/fr2-site/fr2/svs_core/fr2=13, 1741613384088
Received update: /ndn/me-site/me/svs_core/me=13, 1741613385882
Published sequence number: /ndn/at-site/at/svs_core/at=13, 1741613386010
Sending Sync interest
Received update: /ndn/se-site/se/svs_core/se=13, 1741613386213
Received update: /ndn/tr-site/tr/svs_core/tr=13, 1741613386509
Received update: /ndn/hr-site/hr/svs_core/hr=13, 1741613389643
Received update: /ndn/cz-site/cz/svs_core/cz=13, 1741613390200
Received update: /ndn/ge-site/ge/svs_core/ge=13, 1741613390460
Received update: /ndn/am-site/am/svs_core/am=13, 1741613391080
Received update: /ndn/mt-site/mt/svs_core/mt=13, 1741613392510
Received update: /ndn/nl-site/nl/svs_core/nl=13, 1741613393250
Received update: /ndn/it-site/it/svs_core/it=13, 1741613394610
Sending Sync interest
Received update: /ndn/lv-site/lv/svs_core/lv=13, 1741613395085
Received update: /ndn/al-site/al/svs_core/al=13, 1741613395086
Received update: /ndn/pt-site/pt/svs_core/pt=13, 1741613395093
Received update: /ndn/hu-site/hu/svs_core/hu=13, 1741613396522
Received update: /ndn/sk-site/sk/svs_core/sk=13, 1741613398991
Received update: /ndn/de1-site/de1/svs_core/de1=13, 1741613400756
Received update: /ndn/bg-site/bg/svs_core/bg=13, 1741613400917
Received update: /ndn/is-site/is/svs_core/is=13, 1741613401210
Received update: /ndn/lu-site/lu/svs_core/lu=13, 1741613401624
Received update: /ndn/pl-site/pl/svs_core/pl=13, 1741613402102
Received update: /ndn/rs-site/rs/svs_core/rs=13, 1741613402345
Received update: /ndn/de2-site/de2/svs_core/de2=13, 1741613408362
Received update: /ndn/lt-site/lt/svs_core/lt=13, 1741613408860
Received update: /ndn/gr-site/gr/svs_core/gr=13, 1741613408885
Received update: /ndn/si-site/si/svs_core/si=13, 1741613409087
Received update: /ndn/uk-site/uk/svs_core/uk=13, 1741613411515
Received update: /ndn/md-site/md/svs_core/md=13, 1741613411771
Received update: /ndn/fr1-site/fr1/svs_core/fr1=13, 1741613412637
Received update: /ndn/by-site/by/svs_core/by=13, 1741613414049
Received update: /ndn/cy-site/cy/svs_core/cy=13, 1741613415355
Received update: /ndn/mk-site/mk/svs_core/mk=13, 1741613416044
Received update: /ndn/dk-site/dk/svs_core/dk=14, 1741613417226
Received update: /ndn/no-site/no/svs_core/no=13, 1741613417500
Received update: /ndn/ua-site/ua/svs_core/ua=13, 1741613417659
Received update: /ndn/ch-site/ch/svs_core/ch=14, 1741613418762
Received update: /ndn/fi-site/fi/svs_core/fi=14, 1741613419534
Received update: /ndn/be-site/be/svs_core/be=14, 1741613424999
Received update: /ndn/az-site/az/svs_core/az=14, 1741613425227
Received update: /ndn/ie-site/ie/svs_core/ie=14, 1741613425237
Received update: /ndn/ee-site/ee/svs_core/ee=14, 1741613425282
Received update: /ndn/il-site/il/svs_core/il=14, 1741613425585
Received update: /ndn/ro-site/ro/svs_core/ro=14, 1741613426705
Received update: /ndn/es-site/es/svs_core/es=14, 1741613429077
Published sequence number: /ndn/at-site/at/svs_core/at=14, 1741613431011
Sending Sync interest
Received update: /ndn/se-site/se/svs_core/se=14, 1741613431134
Received update: /ndn/fr2-site/fr2/svs_core/fr2=14, 1741613431263
Received update: /ndn/tr-site/tr/svs_core/tr=14, 1741613431511
Received update: /ndn/me-site/me/svs_core/me=14, 1741613431524
Received update: /ndn/al-site/al/svs_core/al=14, 1741613433826
Received update: /ndn/hr-site/hr/svs_core/hr=14, 1741613434648
Received update: /ndn/ge-site/ge/svs_core/ge=14, 1741613434950
Received update: /ndn/cz-site/cz/svs_core/cz=14, 1741613435202
Received update: /ndn/pt-site/pt/svs_core/pt=14, 1741613435953
Received update: /ndn/am-site/am/svs_core/am=14, 1741613436098
Received update: /ndn/lv-site/lv/svs_core/lv=14, 1741613437691
Received update: /ndn/mt-site/mt/svs_core/mt=14, 1741613438039
Received update: /ndn/nl-site/nl/svs_core/nl=14, 1741613438182
Received update: /ndn/it-site/it/svs_core/it=14, 1741613439612
Received update: /ndn/hu-site/hu/svs_core/hu=14, 1741613441535
Received update: /ndn/is-site/is/svs_core/is=14, 1741613443182
Received update: /ndn/sk-site/sk/svs_core/sk=14, 1741613443971
Received update: /ndn/de1-site/de1/svs_core/de1=14, 1741613445754
Received update: /ndn/lu-site/lu/svs_core/lu=14, 1741613446604
Received update: /ndn/bg-site/bg/svs_core/bg=14, 1741613446797
Received update: /ndn/pl-site/pl/svs_core/pl=14, 1741613447103
Received update: /ndn/md-site/md/svs_core/md=14, 1741613448804
Received update: /ndn/de2-site/de2/svs_core/de2=14, 1741613453364
Received update: /ndn/rs-site/rs/svs_core/rs=14, 1741613453563
Received update: /ndn/si-site/si/svs_core/si=14, 1741613453656
Received update: /ndn/gr-site/gr/svs_core/gr=14, 1741613453731
Received update: /ndn/lt-site/lt/svs_core/lt=14, 1741613453817
Received update: /ndn/uk-site/uk/svs_core/uk=14, 1741613456521
Sending Sync interest
Received update: /ndn/fr1-site/fr1/svs_core/fr1=14, 1741613457616
Received update: /ndn/by-site/by/svs_core/by=14, 1741613459074
Received update: /ndn/ua-site/ua/svs_core/ua=14, 1741613460354
Received update: /ndn/cy-site/cy/svs_core/cy=14, 1741613460361
Received update: /ndn/mk-site/mk/svs_core/mk=14, 1741613461036
Received update: /ndn/no-site/no/svs_core/no=14, 1741613461909
Received update: /ndn/dk-site/dk/svs_core/dk=15, 1741613462221
Received update: /ndn/ch-site/ch/svs_core/ch=15, 1741613463766
Sending Sync interest
Received update: /ndn/be-site/be/svs_core/be=15, 1741613470033
Received update: /ndn/fi-site/fi/svs_core/fi=15, 1741613470341
Received update: /ndn/ee-site/ee/svs_core/ee=15, 1741613470581
Received update: /ndn/ie-site/ie/svs_core/ie=15, 1741613470596
Received update: /ndn/az-site/az/svs_core/az=15, 1741613470653
Received update: /ndn/il-site/il/svs_core/il=15, 1741613470854
Received update: /ndn/ro-site/ro/svs_core/ro=15, 1741613471711
Received update: /ndn/fr2-site/fr2/svs_core/fr2=15, 1741613473306
Received update: /ndn/es-site/es/svs_core/es=15, 1741613474101
Received update: /ndn/se-site/se/svs_core/se=15, 1741613474978
Published sequence number: /ndn/at-site/at/svs_core/at=15, 1741613476016
Sending Sync interest
Received update: /ndn/tr-site/tr/svs_core/tr=15, 1741613476522
Received update: /ndn/hr-site/hr/svs_core/hr=15, 1741613479650
Received update: /ndn/ge-site/ge/svs_core/ge=15, 1741613479949
Received update: /ndn/am-site/am/svs_core/am=15, 1741613481098
Received update: /ndn/cz-site/cz/svs_core/cz=15, 1741613481318
Received update: /ndn/pt-site/pt/svs_core/pt=15, 1741613481365
Received update: /ndn/me-site/me/svs_core/me=15, 1741613482040
Received update: /ndn/lv-site/lv/svs_core/lv=15, 1741613483202
Received update: /ndn/nl-site/nl/svs_core/nl=15, 1741613483202
Received update: /ndn/it-site/it/svs_core/it=15, 1741613484614
Received update: /ndn/hu-site/hu/svs_core/hu=15, 1741613486531
Received update: /ndn/mt-site/mt/svs_core/mt=15, 1741613486655
Received update: /ndn/is-site/is/svs_core/is=15, 1741613488202
Received update: /ndn/sk-site/sk/svs_core/sk=15, 1741613488971
Received update: /ndn/de1-site/de1/svs_core/de1=15, 1741613490812
Received update: /ndn/bg-site/bg/svs_core/bg=15, 1741613490936
Received update: /ndn/pl-site/pl/svs_core/pl=15, 1741613492123
Received update: /ndn/lu-site/lu/svs_core/lu=15, 1741613492361
Received update: /ndn/rs-site/rs/svs_core/rs=15, 1741613492374
Received update: /ndn/md-site/md/svs_core/md=15, 1741613493807
Received update: /ndn/de2-site/de2/svs_core/de2=15, 1741613498393
Received update: /ndn/si-site/si/svs_core/si=15, 1741613498623
Received update: /ndn/gr-site/gr/svs_core/gr=15, 1741613498734
Received update: /ndn/lt-site/lt/svs_core/lt=15, 1741613498827
Received update: /ndn/uk-site/uk/svs_core/uk=15, 1741613501522
Received update: /ndn/fr1-site/fr1/svs_core/fr1=15, 1741613502621
Received update: /ndn/by-site/by/svs_core/by=15, 1741613504045
Received update: /ndn/cy-site/cy/svs_core/cy=15, 1741613505353
Received update: /ndn/mk-site/mk/svs_core/mk=15, 1741613506050
Received update: /ndn/no-site/no/svs_core/no=15, 1741613506898
Received update: /ndn/dk-site/dk/svs_core/dk=16, 1741613507247
Received update: /ndn/ua-site/ua/svs_core/ua=15, 1741613507478
Received update: /ndn/ch-site/ch/svs_core/ch=16, 1741613508763
Sending Sync interest
Received update: /ndn/ee-site/ee/svs_core/ee=16, 1741613512151
Received update: /ndn/al-site/al/svs_core/al=15, 1741613512463
Received update: /ndn/fi-site/fi/svs_core/fi=16, 1741613512740
Received update: /ndn/il-site/il/svs_core/il=16, 1741613515559
Received update: /ndn/az-site/az/svs_core/az=16, 1741613515790
Received update: /ndn/be-site/be/svs_core/be=16, 1741613515809
Received update: /ndn/ie-site/ie/svs_core/ie=16, 1741613516290
Received update: /ndn/ro-site/ro/svs_core/ro=16, 1741613516716
Received update: /ndn/fr2-site/fr2/svs_core/fr2=16, 1741613518344
Received update: /ndn/es-site/es/svs_core/es=16, 1741613519067
Published sequence number: /ndn/at-site/at/svs_core/at=16, 1741613521018
Sending Sync interest
Received update: /ndn/al-site/al/svs_core/al=16, 1741613523776
Received update: /ndn/se-site/se/svs_core/se=16, 1741613524098
Received update: /ndn/tr-site/tr/svs_core/tr=16, 1741613524134
Received update: /ndn/hr-site/hr/svs_core/hr=16, 1741613524648
Received update: /ndn/me-site/me/svs_core/me=16, 1741613524806
Received update: /ndn/ge-site/ge/svs_core/ge=16, 1741613524969
Received update: /ndn/pt-site/pt/svs_core/pt=16, 1741613525945
Received update: /ndn/am-site/am/svs_core/am=16, 1741613526092
Received update: /ndn/cz-site/cz/svs_core/cz=16, 1741613526203
Received update: /ndn/nl-site/nl/svs_core/nl=16, 1741613528227
Received update: /ndn/is-site/is/svs_core/is=16, 1741613533180
Received update: /ndn/hu-site/hu/svs_core/hu=16, 1741613533294
Received update: /ndn/it-site/it/svs_core/it=16, 1741613533363
Received update: /ndn/mt-site/mt/svs_core/mt=16, 1741613533417
Received update: /ndn/de1-site/de1/svs_core/de1=16, 1741613535758
Received update: /ndn/bg-site/bg/svs_core/bg=16, 1741613535930
Received update: /ndn/sk-site/sk/svs_core/sk=16, 1741613536100
Received update: /ndn/lv-site/lv/svs_core/lv=16, 1741613536119
Received update: /ndn/pl-site/pl/svs_core/pl=16, 1741613537125
Received update: /ndn/lu-site/lu/svs_core/lu=16, 1741613537403
Received update: /ndn/rs-site/rs/svs_core/rs=16, 1741613538557
Received update: /ndn/de2-site/de2/svs_core/de2=16, 1741613543374
Received update: /ndn/si-site/si/svs_core/si=16, 1741613543633
Received update: /ndn/lt-site/lt/svs_core/lt=16, 1741613543847
Sending Sync interest
Received update: /ndn/gr-site/gr/svs_core/gr=16, 1741613544072
Received update: /ndn/uk-site/uk/svs_core/uk=16, 1741613546531
Received update: /ndn/md-site/md/svs_core/md=16, 1741613546795
Received update: /ndn/fr1-site/fr1/svs_core/fr1=16, 1741613547621
Received update: /ndn/by-site/by/svs_core/by=16, 1741613549250
Received update: /ndn/cy-site/cy/svs_core/cy=16, 1741613550355
Received update: /ndn/mk-site/mk/svs_core/mk=16, 1741613551039
Received update: /ndn/ua-site/ua/svs_core/ua=16, 1741613551267
Stopping SVS client: /ndn/at-site/at/svs_core/at
