SVS client starting: /ndn/fi-site/fi/svs_core/fi
Sending Sync interest
Max suppression time updated to: 66
Max suppression time updated to: 114
Max suppression time updated to: 132
Max suppression time updated to: 126
Max suppression time updated to: 132
Max suppression time updated to: 138
Max suppression time updated to: 135
Max suppression time updated to: 147
Max suppression time updated to: 153
Max suppression time updated to: 156
Max suppression time updated to: 156
Max suppression time updated to: 162
Max suppression time updated to: 165
Max suppression time updated to: 165
Max suppression time updated to: 168
Max suppression time updated to: 168
Max suppression time updated to: 168
Max suppression time updated to: 168
Max suppression time updated to: 174
Max suppression time updated to: 168
Max suppression time updated to: 165
Max suppression time updated to: 168
Max suppression time updated to: 171
Max suppression time updated to: 174
Max suppression time updated to: 174
Max suppression time updated to: 177
Max suppression time updated to: 177
Max suppression time updated to: 180
Max suppression time updated to: 177
Max suppression time updated to: 180
Max suppression time updated to: 180
Max suppression time updated to: 183
Max suppression time updated to: 183
Max suppression time updated to: 183
Max suppression time updated to: 186
Received update: /ndn/cy-site/cy/svs_core/cy=1, 1741620094299
Max suppression time updated to: 186
Received update: /ndn/cz-site/cz/svs_core/cz=1, 1741620094841
Max suppression time updated to: 186
Published sequence number: /ndn/fi-site/fi/svs_core/fi=1, 1741620094913
Sending Sync interest
Max suppression time updated to: 186
Received update: /ndn/at-site/at/svs_core/at=1, 1741620095709
Received update: /ndn/lt-site/lt/svs_core/lt=1, 1741620095709
Max suppression time updated to: 189
Max suppression time updated to: 189
Received update: /ndn/ee-site/ee/svs_core/ee=1, 1741620097668
Max suppression time updated to: 189
Received update: /ndn/ua-site/ua/svs_core/ua=1, 1741620097820
Max suppression time updated to: 192
Received update: /ndn/bg-site/bg/svs_core/bg=1, 1741620098543
Max suppression time updated to: 192
Received update: /ndn/lv-site/lv/svs_core/lv=1, 1741620103603
Max suppression time updated to: 195
Max suppression time updated to: 195
Received update: /ndn/si-site/si/svs_core/si=1, 1741620103748
Max suppression time updated to: 195
Max suppression time updated to: 195
Max suppression time updated to: 195
Received update: /ndn/uk-site/uk/svs_core/uk=1, 1741620104880
Max suppression time updated to: 195
Received update: /ndn/hu-site/hu/svs_core/hu=1, 1741620107068
Max suppression time updated to: 198
Received update: /ndn/gr-site/gr/svs_core/gr=1, 1741620107748
Max suppression time updated to: 198
Received update: /ndn/md-site/md/svs_core/md=1, 1741620107749
Max suppression time updated to: 198
Max suppression time updated to: 198
Max suppression time updated to: 198
Received update: /ndn/pt-site/pt/svs_core/pt=1, 1741620108818
Max suppression time updated to: 198
Received update: /ndn/hr-site/hr/svs_core/hr=1, 1741620112120
Max suppression time updated to: 198
Received update: /ndn/no-site/no/svs_core/no=1, 1741620112168
Max suppression time updated to: 198
Max suppression time updated to: 198
Max suppression time updated to: 195
Received update: /ndn/se-site/se/svs_core/se=1, 1741620114097
Max suppression time updated to: 198
Received update: /ndn/mk-site/mk/svs_core/mk=1, 1741620114343
Received update: /ndn/rs-site/rs/svs_core/rs=1, 1741620114343
Max suppression time updated to: 198
Received update: /ndn/by-site/by/svs_core/by=1, 1741620117147
Max suppression time updated to: 198
Received update: /ndn/is-site/is/svs_core/is=1, 1741620117388
Max suppression time updated to: 198
Received update: /ndn/ge-site/ge/svs_core/ge=1, 1741620117670
Max suppression time updated to: 195
Received update: /ndn/ch-site/ch/svs_core/ch=1, 1741620119142
Received update: /ndn/de1-site/de1/svs_core/de1=1, 1741620119142
Max suppression time updated to: 195
Received update: /ndn/am-site/am/svs_core/am=1, 1741620119187
Max suppression time updated to: 195
Max suppression time updated to: 195
Received update: /ndn/tr-site/tr/svs_core/tr=1, 1741620122940
Received update: /ndn/fr1-site/fr1/svs_core/fr1=1, 1741620122940
Max suppression time updated to: 195
Max suppression time updated to: 198
Received update: /ndn/lu-site/lu/svs_core/lu=1, 1741620124938
Received update: /ndn/ro-site/ro/svs_core/ro=1, 1741620124938
Max suppression time updated to: 198
Received update: /ndn/il-site/il/svs_core/il=1, 1741620125116
Max suppression time updated to: 198
Received update: /ndn/al-site/al/svs_core/al=1, 1741620125706
Received update: /ndn/fr2-site/fr2/svs_core/fr2=1, 1741620125706
Max suppression time updated to: 198
Received update: /ndn/dk-site/dk/svs_core/dk=1, 1741620127445
Max suppression time updated to: 198
Received update: /ndn/es-site/es/svs_core/es=1, 1741620129084
Max suppression time updated to: 198
Max suppression time updated to: 198
Max suppression time updated to: 201
Received update: /ndn/az-site/az/svs_core/az=1, 1741620133500
Received update: /ndn/be-site/be/svs_core/be=1, 1741620133500
Received update: /ndn/nl-site/nl/svs_core/nl=1, 1741620133500
Max suppression time updated to: 198
Received update: /ndn/me-site/me/svs_core/me=1, 1741620134391
Received update: /ndn/pl-site/pl/svs_core/pl=1, 1741620134391
Max suppression time updated to: 201
Received update: /ndn/ie-site/ie/svs_core/ie=1, 1741620137175
Received update: /ndn/mt-site/mt/svs_core/mt=1, 1741620137175
Received update: /ndn/sk-site/sk/svs_core/sk=1, 1741620137175
Received update: /ndn/de2-site/de2/svs_core/de2=1, 1741620137175
Published sequence number: /ndn/fi-site/fi/svs_core/fi=2, 1741620139915
Sending Sync interest
Max suppression time updated to: 201
Received update: /ndn/at-site/at/svs_core/at=2, 1741620142884
Received update: /ndn/cy-site/cy/svs_core/cy=2, 1741620142884
Received update: /ndn/cz-site/cz/svs_core/cz=2, 1741620142884
Received update: /ndn/it-site/it/svs_core/it=1, 1741620142884
Received update: /ndn/lt-site/lt/svs_core/lt=2, 1741620142884
Received update: /ndn/ua-site/ua/svs_core/ua=2, 1741620142884
Max suppression time updated to: 201
Max suppression time updated to: 201
Max suppression time updated to: 201
Received update: /ndn/bg-site/bg/svs_core/bg=2, 1741620143540
Max suppression time updated to: 201
Received update: /ndn/ee-site/ee/svs_core/ee=2, 1741620143682
Max suppression time updated to: 201
Received update: /ndn/si-site/si/svs_core/si=2, 1741620149907
Received update: /ndn/uk-site/uk/svs_core/uk=2, 1741620149907
Max suppression time updated to: 204
Received update: /ndn/pt-site/pt/svs_core/pt=2, 1741620153837
Max suppression time updated to: 204
Received update: /ndn/gr-site/gr/svs_core/gr=2, 1741620153995
Received update: /ndn/lv-site/lv/svs_core/lv=2, 1741620153995
Max suppression time updated to: 207
Received update: /ndn/hr-site/hr/svs_core/hr=2, 1741620157414
Received update: /ndn/hu-site/hu/svs_core/hu=2, 1741620157414
Received update: /ndn/md-site/md/svs_core/md=2, 1741620157414
Received update: /ndn/no-site/no/svs_core/no=2, 1741620157414
Max suppression time updated to: 204
Received update: /ndn/se-site/se/svs_core/se=2, 1741620159103
Max suppression time updated to: 204
Received update: /ndn/mk-site/mk/svs_core/mk=2, 1741620159292
Max suppression time updated to: 204
Max suppression time updated to: 204
Received update: /ndn/by-site/by/svs_core/by=2, 1741620163401
Received update: /ndn/ge-site/ge/svs_core/ge=2, 1741620163401
Received update: /ndn/is-site/is/svs_core/is=2, 1741620163401
Received update: /ndn/de1-site/de1/svs_core/de1=2, 1741620163401
Max suppression time updated to: 204
Received update: /ndn/am-site/am/svs_core/am=2, 1741620169911
Received update: /ndn/ch-site/ch/svs_core/ch=2, 1741620169911
Received update: /ndn/ro-site/ro/svs_core/ro=2, 1741620169911
Received update: /ndn/rs-site/rs/svs_core/rs=2, 1741620169911
Received update: /ndn/tr-site/tr/svs_core/tr=2, 1741620169911
Received update: /ndn/fr1-site/fr1/svs_core/fr1=2, 1741620169911
Max suppression time updated to: 204
Received update: /ndn/lu-site/lu/svs_core/lu=2, 1741620170051
Max suppression time updated to: 204
Max suppression time updated to: 204
Received update: /ndn/fr2-site/fr2/svs_core/fr2=2, 1741620170352
Max suppression time updated to: 204
Received update: /ndn/il-site/il/svs_core/il=2, 1741620170531
Max suppression time updated to: 201
Received update: /ndn/al-site/al/svs_core/al=2, 1741620172449
Received update: /ndn/dk-site/dk/svs_core/dk=2, 1741620172449
Max suppression time updated to: 201
Received update: /ndn/es-site/es/svs_core/es=2, 1741620174145
Max suppression time updated to: 201
Max suppression time updated to: 201
Max suppression time updated to: 201
Max suppression time updated to: 201
Max suppression time updated to: 201
Max suppression time updated to: 201
Received update: /ndn/be-site/be/svs_core/be=2, 1741620180861
Received update: /ndn/nl-site/nl/svs_core/nl=2, 1741620180861
Received update: /ndn/pl-site/pl/svs_core/pl=2, 1741620180861
Received update: /ndn/sk-site/sk/svs_core/sk=2, 1741620180861
Received update: /ndn/de2-site/de2/svs_core/de2=2, 1741620180861
Max suppression time updated to: 201
Received update: /ndn/az-site/az/svs_core/az=2, 1741620180984
Max suppression time updated to: 201
Received update: /ndn/ie-site/ie/svs_core/ie=2, 1741620181068
Max suppression time updated to: 201
Max suppression time updated to: 201
Max suppression time updated to: 204
Received update: /ndn/me-site/me/svs_core/me=2, 1741620181326
Max suppression time updated to: 204
Max suppression time updated to: 204
Max suppression time updated to: 207
Published sequence number: /ndn/fi-site/fi/svs_core/fi=3, 1741620184921
Sending Sync interest
Max suppression time updated to: 207
Received update: /ndn/at-site/at/svs_core/at=3, 1741620189625
Received update: /ndn/cy-site/cy/svs_core/cy=3, 1741620189625
Received update: /ndn/cz-site/cz/svs_core/cz=3, 1741620189625
Received update: /ndn/it-site/it/svs_core/it=2, 1741620189625
Received update: /ndn/mt-site/mt/svs_core/mt=2, 1741620189625
Received update: /ndn/si-site/si/svs_core/si=3, 1741620189625
Sending Sync interest
Max suppression time updated to: 207
Received update: /ndn/bg-site/bg/svs_core/bg=3, 1741620197065
Received update: /ndn/ee-site/ee/svs_core/ee=3, 1741620197065
Received update: /ndn/hu-site/hu/svs_core/hu=3, 1741620197065
Received update: /ndn/lt-site/lt/svs_core/lt=3, 1741620197065
Received update: /ndn/ua-site/ua/svs_core/ua=3, 1741620197065
Received update: /ndn/uk-site/uk/svs_core/uk=3, 1741620197065
Max suppression time updated to: 207
Received update: /ndn/lv-site/lv/svs_core/lv=3, 1741620197162
Sending Sync interest
Max suppression time updated to: 207
Received update: /ndn/md-site/md/svs_core/md=3, 1741620201194
Received update: /ndn/no-site/no/svs_core/no=3, 1741620201194
Max suppression time updated to: 207
Max suppression time updated to: 207
Max suppression time updated to: 207
Sending Sync interest
Max suppression time updated to: 207
Received update: /ndn/gr-site/gr/svs_core/gr=3, 1741620201515
Received update: /ndn/pt-site/pt/svs_core/pt=3, 1741620201515
Max suppression time updated to: 207
Max suppression time updated to: 207
Received update: /ndn/hr-site/hr/svs_core/hr=3, 1741620207394
Received update: /ndn/is-site/is/svs_core/is=3, 1741620207394
Received update: /ndn/mk-site/mk/svs_core/mk=3, 1741620207394
Received update: /ndn/se-site/se/svs_core/se=3, 1741620207394
Max suppression time updated to: 207
Received update: /ndn/am-site/am/svs_core/am=3, 1741620209600
Received update: /ndn/by-site/by/svs_core/by=3, 1741620209600
Received update: /ndn/ge-site/ge/svs_core/ge=3, 1741620209600
Received update: /ndn/de1-site/de1/svs_core/de1=3, 1741620209600
Max suppression time updated to: 207
Received update: /ndn/ch-site/ch/svs_core/ch=3, 1741620209994
Received update: /ndn/fr1-site/fr1/svs_core/fr1=3, 1741620209994
Max suppression time updated to: 210
Received update: /ndn/rs-site/rs/svs_core/rs=3, 1741620210611
Sending Sync interest
Max suppression time updated to: 210
Max suppression time updated to: 210
Received update: /ndn/il-site/il/svs_core/il=3, 1741620215114
Received update: /ndn/lu-site/lu/svs_core/lu=3, 1741620215114
Received update: /ndn/tr-site/tr/svs_core/tr=3, 1741620215114
Max suppression time updated to: 210
Received update: /ndn/ro-site/ro/svs_core/ro=3, 1741620215194
Max suppression time updated to: 210
Received update: /ndn/dk-site/dk/svs_core/dk=3, 1741620219097
Received update: /ndn/es-site/es/svs_core/es=3, 1741620219097
Received update: /ndn/fr2-site/fr2/svs_core/fr2=3, 1741620219097
Max suppression time updated to: 210
Received update: /ndn/be-site/be/svs_core/be=3, 1741620222249
Received update: /ndn/nl-site/nl/svs_core/nl=3, 1741620222249
Max suppression time updated to: 213
Received update: /ndn/ie-site/ie/svs_core/ie=3, 1741620222521
Max suppression time updated to: 210
Max suppression time updated to: 210
Max suppression time updated to: 210
Max suppression time updated to: 210
Received update: /ndn/al-site/al/svs_core/al=3, 1741620222846
Max suppression time updated to: 210
Received update: /ndn/az-site/az/svs_core/az=3, 1741620223549
Received update: /ndn/pl-site/pl/svs_core/pl=3, 1741620223549
Max suppression time updated to: 210
Received update: /ndn/sk-site/sk/svs_core/sk=3, 1741620225888
Received update: /ndn/de2-site/de2/svs_core/de2=3, 1741620225888
Max suppression time updated to: 213
Received update: /ndn/mt-site/mt/svs_core/mt=3, 1741620227118
Max suppression time updated to: 213
Received update: /ndn/cz-site/cz/svs_core/cz=4, 1741620229064
Received update: /ndn/it-site/it/svs_core/it=3, 1741620229064
Max suppression time updated to: 213
Received update: /ndn/cy-site/cy/svs_core/cy=4, 1741620229333
Published sequence number: /ndn/fi-site/fi/svs_core/fi=4, 1741620229923
Sending Sync interest
Max suppression time updated to: 213
Received update: /ndn/at-site/at/svs_core/at=4, 1741620230212
Received update: /ndn/me-site/me/svs_core/me=3, 1741620230212
Max suppression time updated to: 213
Max suppression time updated to: 213
Max suppression time updated to: 213
Received update: /ndn/bg-site/bg/svs_core/bg=4, 1741620239899
Received update: /ndn/ee-site/ee/svs_core/ee=4, 1741620239899
Received update: /ndn/lt-site/lt/svs_core/lt=4, 1741620239899
Received update: /ndn/uk-site/uk/svs_core/uk=4, 1741620239899
Max suppression time updated to: 216
Received update: /ndn/hu-site/hu/svs_core/hu=4, 1741620242306
Received update: /ndn/lv-site/lv/svs_core/lv=4, 1741620242306
Received update: /ndn/si-site/si/svs_core/si=4, 1741620242306
Received update: /ndn/ua-site/ua/svs_core/ua=4, 1741620242306
Max suppression time updated to: 216
Received update: /ndn/pt-site/pt/svs_core/pt=4, 1741620243975
Max suppression time updated to: 213
Max suppression time updated to: 216
Max suppression time updated to: 213
Received update: /ndn/gr-site/gr/svs_core/gr=4, 1741620245990
Received update: /ndn/no-site/no/svs_core/no=4, 1741620245990
Max suppression time updated to: 216
Received update: /ndn/hr-site/hr/svs_core/hr=4, 1741620247157
Received update: /ndn/md-site/md/svs_core/md=4, 1741620247157
Max suppression time updated to: 213
Received update: /ndn/se-site/se/svs_core/se=4, 1741620249102
Max suppression time updated to: 216
Received update: /ndn/mk-site/mk/svs_core/mk=4, 1741620249267
Received update: /ndn/rs-site/rs/svs_core/rs=4, 1741620249267
Max suppression time updated to: 216
Received update: /ndn/by-site/by/svs_core/by=4, 1741620252221
Max suppression time updated to: 216
Received update: /ndn/is-site/is/svs_core/is=4, 1741620252406
Max suppression time updated to: 213
Received update: /ndn/ge-site/ge/svs_core/ge=4, 1741620253202
Received update: /ndn/de1-site/de1/svs_core/de1=4, 1741620253202
Max suppression time updated to: 213
Received update: /ndn/ch-site/ch/svs_core/ch=4, 1741620254038
Max suppression time updated to: 213
Received update: /ndn/tr-site/tr/svs_core/tr=4, 1741620257910
Received update: /ndn/fr1-site/fr1/svs_core/fr1=4, 1741620257910
Max suppression time updated to: 213
Received update: /ndn/lu-site/lu/svs_core/lu=4, 1741620260022
Received update: /ndn/ro-site/ro/svs_core/ro=4, 1741620260022
Max suppression time updated to: 213
Received update: /ndn/al-site/al/svs_core/al=4, 1741620260911
Received update: /ndn/am-site/am/svs_core/am=4, 1741620260911
Received update: /ndn/il-site/il/svs_core/il=4, 1741620260911
Received update: /ndn/fr2-site/fr2/svs_core/fr2=4, 1741620260911
Max suppression time updated to: 213
Received update: /ndn/dk-site/dk/svs_core/dk=4, 1741620262448
Max suppression time updated to: 213
Received update: /ndn/be-site/be/svs_core/be=4, 1741620268083
Received update: /ndn/es-site/es/svs_core/es=4, 1741620268083
Received update: /ndn/nl-site/nl/svs_core/nl=4, 1741620268083
Received update: /ndn/pl-site/pl/svs_core/pl=4, 1741620268083
Max suppression time updated to: 213
Received update: /ndn/az-site/az/svs_core/az=4, 1741620273496
Received update: /ndn/ie-site/ie/svs_core/ie=4, 1741620273496
Received update: /ndn/it-site/it/svs_core/it=4, 1741620273496
Received update: /ndn/me-site/me/svs_core/me=4, 1741620273496
Received update: /ndn/sk-site/sk/svs_core/sk=4, 1741620273496
Received update: /ndn/de2-site/de2/svs_core/de2=4, 1741620273496
Max suppression time updated to: 213
Received update: /ndn/cy-site/cy/svs_core/cy=5, 1741620274334
Published sequence number: /ndn/fi-site/fi/svs_core/fi=5, 1741620274932
Sending Sync interest
Max suppression time updated to: 213
Received update: /ndn/cz-site/cz/svs_core/cz=5, 1741620275130
Received update: /ndn/mt-site/mt/svs_core/mt=4, 1741620275130
Max suppression time updated to: 213
Received update: /ndn/at-site/at/svs_core/at=5, 1741620275229
Max suppression time updated to: 213
Received update: /ndn/ee-site/ee/svs_core/ee=5, 1741620277689
Max suppression time updated to: 213
Received update: /ndn/ua-site/ua/svs_core/ua=5, 1741620277877
Max suppression time updated to: 213
Received update: /ndn/bg-site/bg/svs_core/bg=5, 1741620278679
Received update: /ndn/lt-site/lt/svs_core/lt=5, 1741620278679
Max suppression time updated to: 213
Max suppression time updated to: 216
Received update: /ndn/si-site/si/svs_core/si=5, 1741620285148
Received update: /ndn/uk-site/uk/svs_core/uk=5, 1741620285148
Max suppression time updated to: 216
Received update: /ndn/hu-site/hu/svs_core/hu=5, 1741620287126
Received update: /ndn/lv-site/lv/svs_core/lv=5, 1741620287126
Max suppression time updated to: 216
Received update: /ndn/gr-site/gr/svs_core/gr=5, 1741620292265
Received update: /ndn/hr-site/hr/svs_core/hr=5, 1741620292265
Max suppression time updated to: 216
Received update: /ndn/se-site/se/svs_core/se=5, 1741620294106
Max suppression time updated to: 216
Received update: /ndn/by-site/by/svs_core/by=5, 1741620297212
Max suppression time updated to: 216
Received update: /ndn/md-site/md/svs_core/md=5, 1741620297308
Max suppression time updated to: 216
Max suppression time updated to: 216
Received update: /ndn/is-site/is/svs_core/is=5, 1741620297656
Received update: /ndn/rs-site/rs/svs_core/rs=5, 1741620297656
Max suppression time updated to: 219
Received update: /ndn/mk-site/mk/svs_core/mk=5, 1741620297850
Max suppression time updated to: 219
Received update: /ndn/ge-site/ge/svs_core/ge=5, 1741620297954
Received update: /ndn/no-site/no/svs_core/no=5, 1741620297954
Max suppression time updated to: 216
Sending Sync interest
Max suppression time updated to: 219
Received update: /ndn/pt-site/pt/svs_core/pt=5, 1741620298371
Max suppression time updated to: 219
Received update: /ndn/am-site/am/svs_core/am=5, 1741620305042
Received update: /ndn/ch-site/ch/svs_core/ch=5, 1741620305042
Received update: /ndn/lu-site/lu/svs_core/lu=5, 1741620305042
Received update: /ndn/ro-site/ro/svs_core/ro=5, 1741620305042
Received update: /ndn/tr-site/tr/svs_core/tr=5, 1741620305042
Received update: /ndn/de1-site/de1/svs_core/de1=5, 1741620305042
Received update: /ndn/fr1-site/fr1/svs_core/fr1=5, 1741620305042
Max suppression time updated to: 219
Received update: /ndn/fr2-site/fr2/svs_core/fr2=5, 1741620305371
Max suppression time updated to: 219
Received update: /ndn/al-site/al/svs_core/al=5, 1741620305719
Sending Sync interest
Max suppression time updated to: 219
Received update: /ndn/dk-site/dk/svs_core/dk=5, 1741620307472
Received update: /ndn/il-site/il/svs_core/il=5, 1741620307472
Max suppression time updated to: 219
Received update: /ndn/be-site/be/svs_core/be=5, 1741620311475
Received update: /ndn/es-site/es/svs_core/es=5, 1741620311475
Max suppression time updated to: 219
Max suppression time updated to: 219
Max suppression time updated to: 219
Received update: /ndn/nl-site/nl/svs_core/nl=5, 1741620312287
Max suppression time updated to: 219
Received update: /ndn/az-site/az/svs_core/az=5, 1741620313610
Received update: /ndn/pl-site/pl/svs_core/pl=5, 1741620313610
Max suppression time updated to: 219
Max suppression time updated to: 219
Received update: /ndn/me-site/me/svs_core/me=5, 1741620314355
Max suppression time updated to: 219
Max suppression time updated to: 222
Received update: /ndn/mt-site/mt/svs_core/mt=5, 1741620317172
Max suppression time updated to: 222
Received update: /ndn/sk-site/sk/svs_core/sk=5, 1741620317221
Max suppression time updated to: 222
Received update: /ndn/de2-site/de2/svs_core/de2=5, 1741620317244
Max suppression time updated to: 222
Max suppression time updated to: 222
Max suppression time updated to: 222
Published sequence number: /ndn/fi-site/fi/svs_core/fi=6, 1741620319936
Sending Sync interest
Max suppression time updated to: 222
Received update: /ndn/at-site/at/svs_core/at=6, 1741620320016
Received update: /ndn/cy-site/cy/svs_core/cy=6, 1741620320016
Received update: /ndn/cz-site/cz/svs_core/cz=6, 1741620320016
Received update: /ndn/ie-site/ie/svs_core/ie=5, 1741620320016
Received update: /ndn/it-site/it/svs_core/it=5, 1741620320016
Max suppression time updated to: 222
Received update: /ndn/bg-site/bg/svs_core/bg=6, 1741620333307
Received update: /ndn/ee-site/ee/svs_core/ee=6, 1741620333307
Received update: /ndn/gr-site/gr/svs_core/gr=6, 1741620333307
Received update: /ndn/hu-site/hu/svs_core/hu=6, 1741620333307
Received update: /ndn/lt-site/lt/svs_core/lt=6, 1741620333307
Received update: /ndn/lv-site/lv/svs_core/lv=6, 1741620333307
Received update: /ndn/md-site/md/svs_core/md=6, 1741620333307
Received update: /ndn/si-site/si/svs_core/si=6, 1741620333307
Received update: /ndn/ua-site/ua/svs_core/ua=6, 1741620333307
Received update: /ndn/uk-site/uk/svs_core/uk=6, 1741620333307
Max suppression time updated to: 222
Max suppression time updated to: 225
Received update: /ndn/pt-site/pt/svs_core/pt=6, 1741620333869
Max suppression time updated to: 222
Received update: /ndn/hr-site/hr/svs_core/hr=6, 1741620338466
Received update: /ndn/rs-site/rs/svs_core/rs=6, 1741620338466
Max suppression time updated to: 222
Received update: /ndn/no-site/no/svs_core/no=6, 1741620338672
Max suppression time updated to: 225
Received update: /ndn/by-site/by/svs_core/by=6, 1741620342210
Received update: /ndn/se-site/se/svs_core/se=6, 1741620342210
Max suppression time updated to: 222
Max suppression time updated to: 222
Received update: /ndn/is-site/is/svs_core/is=6, 1741620342406
Max suppression time updated to: 222
Received update: /ndn/mk-site/mk/svs_core/mk=6, 1741620343246
Received update: /ndn/de1-site/de1/svs_core/de1=6, 1741620343246
Max suppression time updated to: 222
Received update: /ndn/ch-site/ch/svs_core/ch=6, 1741620344071
Max suppression time updated to: 225
Received update: /ndn/ge-site/ge/svs_core/ge=6, 1741620344314
Max suppression time updated to: 225
Received update: /ndn/am-site/am/svs_core/am=6, 1741620344694
Received update: /ndn/fr1-site/fr1/svs_core/fr1=6, 1741620344694
Max suppression time updated to: 225
Received update: /ndn/il-site/il/svs_core/il=6, 1741620350289
Received update: /ndn/lu-site/lu/svs_core/lu=6, 1741620350289
Received update: /ndn/tr-site/tr/svs_core/tr=6, 1741620350289
Max suppression time updated to: 225
Received update: /ndn/al-site/al/svs_core/al=6, 1741620352474
Received update: /ndn/dk-site/dk/svs_core/dk=6, 1741620352474
Received update: /ndn/ro-site/ro/svs_core/ro=6, 1741620352474
Received update: /ndn/fr2-site/fr2/svs_core/fr2=6, 1741620352474
Max suppression time updated to: 225
Received update: /ndn/es-site/es/svs_core/es=6, 1741620354091
Max suppression time updated to: 225
Received update: /ndn/be-site/be/svs_core/be=6, 1741620357295
Received update: /ndn/nl-site/nl/svs_core/nl=6, 1741620357295
Max suppression time updated to: 225
Received update: /ndn/ie-site/ie/svs_core/ie=6, 1741620357547
Max suppression time updated to: 225
Max suppression time updated to: 225
Received update: /ndn/pl-site/pl/svs_core/pl=6, 1741620357959
Max suppression time updated to: 225
Max suppression time updated to: 225
Received update: /ndn/az-site/az/svs_core/az=6, 1741620358490
Max suppression time updated to: 225
Received update: /ndn/sk-site/sk/svs_core/sk=6, 1741620360842
Max suppression time updated to: 225
Received update: /ndn/me-site/me/svs_core/me=6, 1741620361082
Received update: /ndn/de2-site/de2/svs_core/de2=6, 1741620361082
Max suppression time updated to: 225
Received update: /ndn/it-site/it/svs_core/it=6, 1741620363495
Published sequence number: /ndn/fi-site/fi/svs_core/fi=7, 1741620364943
Sending Sync interest
Max suppression time updated to: 225
Received update: /ndn/at-site/at/svs_core/at=7, 1741620375158
Received update: /ndn/cy-site/cy/svs_core/cy=7, 1741620375158
Received update: /ndn/cz-site/cz/svs_core/cz=7, 1741620375158
Received update: /ndn/lt-site/lt/svs_core/lt=7, 1741620375158
Received update: /ndn/mt-site/mt/svs_core/mt=6, 1741620375158
Received update: /ndn/uk-site/uk/svs_core/uk=7, 1741620375158
Max suppression time updated to: 225
Received update: /ndn/bg-site/bg/svs_core/bg=7, 1741620375413
Max suppression time updated to: 225
Received update: /ndn/ee-site/ee/svs_core/ee=7, 1741620381019
Received update: /ndn/hu-site/hu/svs_core/hu=7, 1741620381019
Received update: /ndn/lv-site/lv/svs_core/lv=7, 1741620381019
Received update: /ndn/no-site/no/svs_core/no=7, 1741620381019
Received update: /ndn/si-site/si/svs_core/si=7, 1741620381019
Received update: /ndn/ua-site/ua/svs_core/ua=7, 1741620381019
Max suppression time updated to: 225
Received update: /ndn/gr-site/gr/svs_core/gr=7, 1741620382469
Received update: /ndn/hr-site/hr/svs_core/hr=7, 1741620382469
Received update: /ndn/md-site/md/svs_core/md=7, 1741620382469
Max suppression time updated to: 225
Max suppression time updated to: 225
Received update: /ndn/pt-site/pt/svs_core/pt=7, 1741620382966
Max suppression time updated to: 225
Received update: /ndn/se-site/se/svs_core/se=7, 1741620384124
Max suppression time updated to: 225
Received update: /ndn/by-site/by/svs_core/by=7, 1741620387422
Received update: /ndn/is-site/is/svs_core/is=7, 1741620387422
Sending Sync interest
Max suppression time updated to: 225
Received update: /ndn/mk-site/mk/svs_core/mk=7, 1741620387767
Received update: /ndn/rs-site/rs/svs_core/rs=7, 1741620387767
Max suppression time updated to: 225
Received update: /ndn/ch-site/ch/svs_core/ch=7, 1741620389126
Received update: /ndn/de1-site/de1/svs_core/de1=7, 1741620389126
Max suppression time updated to: 225
Received update: /ndn/tr-site/tr/svs_core/tr=7, 1741620392934
Received update: /ndn/fr1-site/fr1/svs_core/fr1=7, 1741620392934
Max suppression time updated to: 225
Received update: /ndn/lu-site/lu/svs_core/lu=7, 1741620393397
Max suppression time updated to: 225
Received update: /ndn/am-site/am/svs_core/am=7, 1741620395140
Received update: /ndn/ge-site/ge/svs_core/ge=7, 1741620395140
Received update: /ndn/il-site/il/svs_core/il=7, 1741620395140
Max suppression time updated to: 225
Received update: /ndn/fr2-site/fr2/svs_core/fr2=7, 1741620395400
Max suppression time updated to: 225
Received update: /ndn/dk-site/dk/svs_core/dk=7, 1741620399154
Received update: /ndn/es-site/es/svs_core/es=7, 1741620399154
Received update: /ndn/ro-site/ro/svs_core/ro=7, 1741620399154
Max suppression time updated to: 225
Max suppression time updated to: 225
Received update: /ndn/be-site/be/svs_core/be=7, 1741620402497
Received update: /ndn/nl-site/nl/svs_core/nl=7, 1741620402497
Max suppression time updated to: 225
Received update: /ndn/al-site/al/svs_core/al=7, 1741620402860
Received update: /ndn/pl-site/pl/svs_core/pl=7, 1741620402860
Max suppression time updated to: 225
Received update: /ndn/az-site/az/svs_core/az=7, 1741620405963
Received update: /ndn/ie-site/ie/svs_core/ie=7, 1741620405963
Received update: /ndn/sk-site/sk/svs_core/sk=7, 1741620405963
Max suppression time updated to: 225
Received update: /ndn/it-site/it/svs_core/it=7, 1741620408535
Received update: /ndn/de2-site/de2/svs_core/de2=7, 1741620408535
Published sequence number: /ndn/fi-site/fi/svs_core/fi=8, 1741620409947
Sending Sync interest
Max suppression time updated to: 225
Received update: /ndn/at-site/at/svs_core/at=8, 1741620410042
Received update: /ndn/cz-site/cz/svs_core/cz=8, 1741620410042
Max suppression time updated to: 225
Received update: /ndn/cy-site/cy/svs_core/cy=8, 1741620410214
Max suppression time updated to: 225
Received update: /ndn/me-site/me/svs_core/me=7, 1741620410245
Sending Sync interest
Max suppression time updated to: 225
Received update: /ndn/bg-site/bg/svs_core/bg=8, 1741620413580
Received update: /ndn/mt-site/mt/svs_core/mt=7, 1741620413580
Sending Sync interest
Max suppression time updated to: 225
Received update: /ndn/ee-site/ee/svs_core/ee=8, 1741620413876
Received update: /ndn/lt-site/lt/svs_core/lt=8, 1741620413876
Max suppression time updated to: 225
Max suppression time updated to: 225
Max suppression time updated to: 225
Received update: /ndn/hu-site/hu/svs_core/hu=8, 1741620422099
Received update: /ndn/si-site/si/svs_core/si=8, 1741620422099
Received update: /ndn/ua-site/ua/svs_core/ua=8, 1741620422099
Max suppression time updated to: 225
Received update: /ndn/gr-site/gr/svs_core/gr=8, 1741620422973
Received update: /ndn/uk-site/uk/svs_core/uk=8, 1741620422973
Max suppression time updated to: 225
Max suppression time updated to: 225
Received update: /ndn/hr-site/hr/svs_core/hr=8, 1741620429001
Received update: /ndn/lv-site/lv/svs_core/lv=8, 1741620429001
Received update: /ndn/md-site/md/svs_core/md=8, 1741620429001
Received update: /ndn/no-site/no/svs_core/no=8, 1741620429001
Received update: /ndn/pt-site/pt/svs_core/pt=8, 1741620429001
Received update: /ndn/rs-site/rs/svs_core/rs=8, 1741620429001
Max suppression time updated to: 225
Received update: /ndn/se-site/se/svs_core/se=8, 1741620429123
Max suppression time updated to: 225
Received update: /ndn/by-site/by/svs_core/by=8, 1741620432297
Max suppression time updated to: 225
Max suppression time updated to: 225
Received update: /ndn/mk-site/mk/svs_core/mk=8, 1741620432384
Max suppression time updated to: 225
Received update: /ndn/is-site/is/svs_core/is=8, 1741620432436
Max suppression time updated to: 225
Received update: /ndn/ge-site/ge/svs_core/ge=8, 1741620433214
Received update: /ndn/de1-site/de1/svs_core/de1=8, 1741620433214
Max suppression time updated to: 225
Received update: /ndn/am-site/am/svs_core/am=8, 1741620434519
Received update: /ndn/ch-site/ch/svs_core/ch=8, 1741620434519
Received update: /ndn/fr1-site/fr1/svs_core/fr1=8, 1741620434519
Max suppression time updated to: 225
Received update: /ndn/ro-site/ro/svs_core/ro=8, 1741620439952
Received update: /ndn/tr-site/tr/svs_core/tr=8, 1741620439952
Max suppression time updated to: 225
Max suppression time updated to: 225
Received update: /ndn/al-site/al/svs_core/al=8, 1741620440836
Received update: /ndn/lu-site/lu/svs_core/lu=8, 1741620440836
Max suppression time updated to: 225
Received update: /ndn/dk-site/dk/svs_core/dk=8, 1741620442715
Received update: /ndn/il-site/il/svs_core/il=8, 1741620442715
Max suppression time updated to: 225
Received update: /ndn/fr2-site/fr2/svs_core/fr2=8, 1741620442773
Max suppression time updated to: 225
Max suppression time updated to: 225
Received update: /ndn/es-site/es/svs_core/es=8, 1741620444072
Max suppression time updated to: 225
Received update: /ndn/nl-site/nl/svs_core/nl=8, 1741620447302
Max suppression time updated to: 225
Received update: /ndn/ie-site/ie/svs_core/ie=8, 1741620447528
Max suppression time updated to: 225
Received update: /ndn/be-site/be/svs_core/be=8, 1741620447778
Max suppression time updated to: 225
Received update: /ndn/pl-site/pl/svs_core/pl=8, 1741620447873
Max suppression time updated to: 225
Received update: /ndn/cz-site/cz/svs_core/cz=9, 1741620453901
Received update: /ndn/it-site/it/svs_core/it=8, 1741620453901
Received update: /ndn/de2-site/de2/svs_core/de2=8, 1741620453901
Max suppression time updated to: 228
Received update: /ndn/az-site/az/svs_core/az=8, 1741620454048
Max suppression time updated to: 228
Received update: /ndn/sk-site/sk/svs_core/sk=8, 1741620454314
Published sequence number: /ndn/fi-site/fi/svs_core/fi=9, 1741620454951
Sending Sync interest
Max suppression time updated to: 228
Received update: /ndn/at-site/at/svs_core/at=9, 1741620457790
Received update: /ndn/cy-site/cy/svs_core/cy=9, 1741620457790
Received update: /ndn/ee-site/ee/svs_core/ee=9, 1741620457790
Received update: /ndn/me-site/me/svs_core/me=8, 1741620457790
Received update: /ndn/mt-site/mt/svs_core/mt=8, 1741620457790
Max suppression time updated to: 228
Max suppression time updated to: 228
Sending Sync interest
Max suppression time updated to: 228
Max suppression time updated to: 228
Received update: /ndn/lt-site/lt/svs_core/lt=9, 1741620458255
Max suppression time updated to: 228
Max suppression time updated to: 228
Received update: /ndn/lv-site/lv/svs_core/lv=9, 1741620463825
Received update: /ndn/ua-site/ua/svs_core/ua=9, 1741620463825
Max suppression time updated to: 228
Received update: /ndn/si-site/si/svs_core/si=9, 1741620464035
Max suppression time updated to: 228
Received update: /ndn/bg-site/bg/svs_core/bg=9, 1741620464057
Max suppression time updated to: 228
Max suppression time updated to: 228
Received update: /ndn/hu-site/hu/svs_core/hu=9, 1741620467110
Received update: /ndn/uk-site/uk/svs_core/uk=9, 1741620467110
Max suppression time updated to: 228
Received update: /ndn/gr-site/gr/svs_core/gr=9, 1741620471414
Received update: /ndn/no-site/no/svs_core/no=9, 1741620471414
Received update: /ndn/pt-site/pt/svs_core/pt=9, 1741620471414
Max suppression time updated to: 228
Received update: /ndn/hr-site/hr/svs_core/hr=9, 1741620472221
Max suppression time updated to: 228
Received update: /ndn/rs-site/rs/svs_core/rs=9, 1741620473519
Max suppression time updated to: 228
Max suppression time updated to: 228
Received update: /ndn/se-site/se/svs_core/se=9, 1741620474126
Max suppression time updated to: 228
Received update: /ndn/by-site/by/svs_core/by=9, 1741620477718
Received update: /ndn/ge-site/ge/svs_core/ge=9, 1741620477718
Received update: /ndn/is-site/is/svs_core/is=9, 1741620477718
Received update: /ndn/md-site/md/svs_core/md=9, 1741620477718
Received update: /ndn/mk-site/mk/svs_core/mk=9, 1741620477718
Max suppression time updated to: 228
Received update: /ndn/ch-site/ch/svs_core/ch=9, 1741620479081
Received update: /ndn/de1-site/de1/svs_core/de1=9, 1741620479081
Max suppression time updated to: 228
Received update: /ndn/am-site/am/svs_core/am=9, 1741620482940
Received update: /ndn/tr-site/tr/svs_core/tr=9, 1741620482940
Received update: /ndn/fr1-site/fr1/svs_core/fr1=9, 1741620482940
Max suppression time updated to: 228
Received update: /ndn/lu-site/lu/svs_core/lu=9, 1741620483387
Max suppression time updated to: 228
Max suppression time updated to: 228
Received update: /ndn/ro-site/ro/svs_core/ro=9, 1741620484986
Max suppression time updated to: 228
Received update: /ndn/al-site/al/svs_core/al=9, 1741620491507
Received update: /ndn/be-site/be/svs_core/be=9, 1741620491507
Received update: /ndn/dk-site/dk/svs_core/dk=9, 1741620491507
Received update: /ndn/es-site/es/svs_core/es=9, 1741620491507
Received update: /ndn/il-site/il/svs_core/il=9, 1741620491507
Received update: /ndn/fr2-site/fr2/svs_core/fr2=9, 1741620491507
Max suppression time updated to: 228
Received update: /ndn/ie-site/ie/svs_core/ie=9, 1741620492551
Received update: /ndn/nl-site/nl/svs_core/nl=9, 1741620492551
Max suppression time updated to: 228
Received update: /ndn/az-site/az/svs_core/az=9, 1741620496043
Received update: /ndn/me-site/me/svs_core/me=9, 1741620496043
Received update: /ndn/pl-site/pl/svs_core/pl=9, 1741620496043
Received update: /ndn/sk-site/sk/svs_core/sk=9, 1741620496043
Received update: /ndn/de2-site/de2/svs_core/de2=9, 1741620496043
Max suppression time updated to: 228
Received update: /ndn/mt-site/mt/svs_core/mt=9, 1741620497316
Published sequence number: /ndn/fi-site/fi/svs_core/fi=10, 1741620499952
Sending Sync interest
Max suppression time updated to: 228
Received update: /ndn/cy-site/cy/svs_core/cy=10, 1741620500721
Received update: /ndn/cz-site/cz/svs_core/cz=10, 1741620500721
Received update: /ndn/it-site/it/svs_core/it=9, 1741620500721
Received update: /ndn/lt-site/lt/svs_core/lt=10, 1741620500721
Max suppression time updated to: 228
Received update: /ndn/at-site/at/svs_core/at=10, 1741620500873
Sending Sync interest
Max suppression time updated to: 228
Received update: /ndn/bg-site/bg/svs_core/bg=10, 1741620504847
Received update: /ndn/ee-site/ee/svs_core/ee=10, 1741620504847
Received update: /ndn/si-site/si/svs_core/si=10, 1741620504847
Received update: /ndn/ua-site/ua/svs_core/ua=10, 1741620504847
Max suppression time updated to: 228
Received update: /ndn/gr-site/gr/svs_core/gr=10, 1741620513048
Received update: /ndn/hu-site/hu/svs_core/hu=10, 1741620513048
Received update: /ndn/md-site/md/svs_core/md=10, 1741620513048
Received update: /ndn/uk-site/uk/svs_core/uk=10, 1741620513048
Max suppression time updated to: 228
Received update: /ndn/lv-site/lv/svs_core/lv=10, 1741620513205
Max suppression time updated to: 228
Received update: /ndn/hr-site/hr/svs_core/hr=10, 1741620518842
Received update: /ndn/no-site/no/svs_core/no=10, 1741620518842
Received update: /ndn/pt-site/pt/svs_core/pt=10, 1741620518842
Received update: /ndn/rs-site/rs/svs_core/rs=10, 1741620518842
Max suppression time updated to: 228
Received update: /ndn/is-site/is/svs_core/is=10, 1741620522450
Received update: /ndn/mk-site/mk/svs_core/mk=10, 1741620522450
Max suppression time updated to: 228
Max suppression time updated to: 228
Received update: /ndn/se-site/se/svs_core/se=10, 1741620522621
Max suppression time updated to: 228
Received update: /ndn/ge-site/ge/svs_core/ge=10, 1741620522729
Max suppression time updated to: 231
Received update: /ndn/am-site/am/svs_core/am=10, 1741620529450
Received update: /ndn/ch-site/ch/svs_core/ch=10, 1741620529450
Received update: /ndn/lu-site/lu/svs_core/lu=10, 1741620529450
Received update: /ndn/de1-site/de1/svs_core/de1=10, 1741620529450
Max suppression time updated to: 231
Received update: /ndn/tr-site/tr/svs_core/tr=10, 1741620529451
Max suppression time updated to: 231
Received update: /ndn/by-site/by/svs_core/by=10, 1741620529986
Received update: /ndn/ro-site/ro/svs_core/ro=10, 1741620529986
Received update: /ndn/fr1-site/fr1/svs_core/fr1=10, 1741620529986
Max suppression time updated to: 231
Received update: /ndn/il-site/il/svs_core/il=10, 1741620530471
Received update: /ndn/fr2-site/fr2/svs_core/fr2=10, 1741620530471
Max suppression time updated to: 231
Received update: /ndn/al-site/al/svs_core/al=10, 1741620532520
Received update: /ndn/dk-site/dk/svs_core/dk=10, 1741620532520
Max suppression time updated to: 231
Received update: /ndn/be-site/be/svs_core/be=10, 1741620537567
Received update: /ndn/es-site/es/svs_core/es=10, 1741620537567
Received update: /ndn/ie-site/ie/svs_core/ie=10, 1741620537567
Max suppression time updated to: 231
Received update: /ndn/nl-site/nl/svs_core/nl=10, 1741620537646
Max suppression time updated to: 231
Max suppression time updated to: 231
Received update: /ndn/az-site/az/svs_core/az=10, 1741620542186
Received update: /ndn/me-site/me/svs_core/me=10, 1741620542186
Received update: /ndn/mt-site/mt/svs_core/mt=10, 1741620542186
Received update: /ndn/pl-site/pl/svs_core/pl=10, 1741620542186
Received update: /ndn/sk-site/sk/svs_core/sk=10, 1741620542186
Received update: /ndn/de2-site/de2/svs_core/de2=10, 1741620542186
Max suppression time updated to: 234
Received update: /ndn/it-site/it/svs_core/it=10, 1741620543568
Max suppression time updated to: 234
Received update: /ndn/cy-site/cy/svs_core/cy=11, 1741620544368
Received update: /ndn/cz-site/cz/svs_core/cz=11, 1741620544368
Published sequence number: /ndn/fi-site/fi/svs_core/fi=11, 1741620544961
Sending Sync interest
Max suppression time updated to: 234
Received update: /ndn/at-site/at/svs_core/at=11, 1741620557820
Received update: /ndn/bg-site/bg/svs_core/bg=11, 1741620557820
Received update: /ndn/ee-site/ee/svs_core/ee=11, 1741620557820
Received update: /ndn/gr-site/gr/svs_core/gr=11, 1741620557820
Received update: /ndn/hu-site/hu/svs_core/hu=11, 1741620557820
Received update: /ndn/lt-site/lt/svs_core/lt=11, 1741620557820
Received update: /ndn/lv-site/lv/svs_core/lv=11, 1741620557820
Received update: /ndn/si-site/si/svs_core/si=11, 1741620557820
Received update: /ndn/ua-site/ua/svs_core/ua=11, 1741620557820
Received update: /ndn/uk-site/uk/svs_core/uk=11, 1741620557820
Max suppression time updated to: 234
Received update: /ndn/md-site/md/svs_core/md=11, 1741620557860
Sending Sync interest
Max suppression time updated to: 234
Received update: /ndn/no-site/no/svs_core/no=11, 1741620561282
Received update: /ndn/pt-site/pt/svs_core/pt=11, 1741620561282
Max suppression time updated to: 234
Max suppression time updated to: 234
Received update: /ndn/hr-site/hr/svs_core/hr=11, 1741620564141
Received update: /ndn/se-site/se/svs_core/se=11, 1741620564141
Max suppression time updated to: 234
Received update: /ndn/mk-site/mk/svs_core/mk=11, 1741620564292
Max suppression time updated to: 234
Received update: /ndn/rs-site/rs/svs_core/rs=11, 1741620564484
Max suppression time updated to: 234
Max suppression time updated to: 234
Received update: /ndn/ge-site/ge/svs_core/ge=11, 1741620568245
Received update: /ndn/is-site/is/svs_core/is=11, 1741620568245
Received update: /ndn/de1-site/de1/svs_core/de1=11, 1741620568245
Max suppression time updated to: 234
Received update: /ndn/by-site/by/svs_core/by=11, 1741620568543
Max suppression time updated to: 234
Received update: /ndn/tr-site/tr/svs_core/tr=11, 1741620572952
Max suppression time updated to: 234
Received update: /ndn/ch-site/ch/svs_core/ch=11, 1741620573185
Received update: /ndn/fr1-site/fr1/svs_core/fr1=11, 1741620573185
Max suppression time updated to: 234
Received update: /ndn/lu-site/lu/svs_core/lu=11, 1741620573400
Max suppression time updated to: 234
Received update: /ndn/il-site/il/svs_core/il=11, 1741620575223
Received update: /ndn/ro-site/ro/svs_core/ro=11, 1741620575223
Max suppression time updated to: 234
Received update: /ndn/fr2-site/fr2/svs_core/fr2=11, 1741620575384
Max suppression time updated to: 234
Received update: /ndn/al-site/al/svs_core/al=11, 1741620582334
Received update: /ndn/am-site/am/svs_core/am=11, 1741620582334
Received update: /ndn/dk-site/dk/svs_core/dk=11, 1741620582334
Received update: /ndn/nl-site/nl/svs_core/nl=11, 1741620582334
Max suppression time updated to: 234
Received update: /ndn/be-site/be/svs_core/be=11, 1741620582371
Max suppression time updated to: 234
Received update: /ndn/es-site/es/svs_core/es=11, 1741620582678
Received update: /ndn/ie-site/ie/svs_core/ie=11, 1741620582678
Max suppression time updated to: 234
Received update: /ndn/pl-site/pl/svs_core/pl=11, 1741620582869
Max suppression time updated to: 234
Received update: /ndn/me-site/me/svs_core/me=11, 1741620584269
Published sequence number: /ndn/fi-site/fi/svs_core/fi=12, 1741620589963
Sending Sync interest
Max suppression time updated to: 234
Received update: /ndn/at-site/at/svs_core/at=12, 1741620592928
Received update: /ndn/az-site/az/svs_core/az=11, 1741620592928
Received update: /ndn/cy-site/cy/svs_core/cy=12, 1741620592928
Received update: /ndn/cz-site/cz/svs_core/cz=12, 1741620592928
Received update: /ndn/ee-site/ee/svs_core/ee=12, 1741620592928
Received update: /ndn/it-site/it/svs_core/it=11, 1741620592928
Received update: /ndn/mt-site/mt/svs_core/mt=11, 1741620592928
Received update: /ndn/sk-site/sk/svs_core/sk=11, 1741620592928
Received update: /ndn/ua-site/ua/svs_core/ua=12, 1741620592928
Received update: /ndn/de2-site/de2/svs_core/de2=11, 1741620592928
Sending Sync interest
Max suppression time updated to: 234
Received update: /ndn/bg-site/bg/svs_core/bg=12, 1741620598862
Received update: /ndn/lt-site/lt/svs_core/lt=12, 1741620598862
Received update: /ndn/lv-site/lv/svs_core/lv=12, 1741620598862
Received update: /ndn/si-site/si/svs_core/si=12, 1741620598862
Sending Sync interest
Max suppression time updated to: 234
Received update: /ndn/uk-site/uk/svs_core/uk=12, 1741620599977
Sending Sync interest
Max suppression time updated to: 234
Received update: /ndn/gr-site/gr/svs_core/gr=12, 1741620606484
Received update: /ndn/hu-site/hu/svs_core/hu=12, 1741620606484
Received update: /ndn/md-site/md/svs_core/md=12, 1741620606484
Received update: /ndn/no-site/no/svs_core/no=12, 1741620606484
Received update: /ndn/pt-site/pt/svs_core/pt=12, 1741620606484
Sending Sync interest
Max suppression time updated to: 234
Received update: /ndn/se-site/se/svs_core/se=12, 1741620609161
Sending Sync interest
Max suppression time updated to: 234
Received update: /ndn/by-site/by/svs_core/by=12, 1741620612359
Received update: /ndn/hr-site/hr/svs_core/hr=12, 1741620612359
Received update: /ndn/mk-site/mk/svs_core/mk=12, 1741620612359
Max suppression time updated to: 234
Max suppression time updated to: 234
Received update: /ndn/ge-site/ge/svs_core/ge=12, 1741620612761
Max suppression time updated to: 234
Received update: /ndn/ch-site/ch/svs_core/ch=12, 1741620614092
Received update: /ndn/is-site/is/svs_core/is=12, 1741620614092
Received update: /ndn/de1-site/de1/svs_core/de1=12, 1741620614092
Max suppression time updated to: 234
Received update: /ndn/am-site/am/svs_core/am=12, 1741620614250
Max suppression time updated to: 234
Max suppression time updated to: 234
Received update: /ndn/rs-site/rs/svs_core/rs=12, 1741620614433
Max suppression time updated to: 234
Received update: /ndn/fr1-site/fr1/svs_core/fr1=12, 1741620614540
Max suppression time updated to: 234
Received update: /ndn/lu-site/lu/svs_core/lu=12, 1741620620062
Received update: /ndn/ro-site/ro/svs_core/ro=12, 1741620620062
Received update: /ndn/tr-site/tr/svs_core/tr=12, 1741620620062
Max suppression time updated to: 234
Max suppression time updated to: 234
Max suppression time updated to: 234
Max suppression time updated to: 234
Received update: /ndn/dk-site/dk/svs_core/dk=12, 1741620624285
Received update: /ndn/es-site/es/svs_core/es=12, 1741620624285
Received update: /ndn/il-site/il/svs_core/il=12, 1741620624285
Received update: /ndn/fr2-site/fr2/svs_core/fr2=12, 1741620624285
Max suppression time updated to: 234
Received update: /ndn/al-site/al/svs_core/al=12, 1741620630895
Received update: /ndn/sk-site/sk/svs_core/sk=12, 1741620630895
Max suppression time updated to: 234
Received update: /ndn/nl-site/nl/svs_core/nl=12, 1741620631071
Received update: /ndn/pl-site/pl/svs_core/pl=12, 1741620631071
Received update: /ndn/de2-site/de2/svs_core/de2=12, 1741620631071
Max suppression time updated to: 234
Received update: /ndn/az-site/az/svs_core/az=12, 1741620631265
Max suppression time updated to: 234
Received update: /ndn/be-site/be/svs_core/be=12, 1741620631395
Received update: /ndn/ie-site/ie/svs_core/ie=12, 1741620631395
Max suppression time updated to: 234
Received update: /ndn/me-site/me/svs_core/me=12, 1741620631655
Max suppression time updated to: 234
Max suppression time updated to: 234
Received update: /ndn/cy-site/cy/svs_core/cy=13, 1741620634394
Received update: /ndn/cz-site/cz/svs_core/cz=13, 1741620634394
Received update: /ndn/it-site/it/svs_core/it=12, 1741620634394
Max suppression time updated to: 234
Received update: /ndn/mt-site/mt/svs_core/mt=12, 1741620634639
Published sequence number: /ndn/fi-site/fi/svs_core/fi=13, 1741620634973
Sending Sync interest
Max suppression time updated to: 234
Received update: /ndn/at-site/at/svs_core/at=13, 1741620635055
Max suppression time updated to: 234
Received update: /ndn/lt-site/lt/svs_core/lt=13, 1741620636129
Max suppression time updated to: 234
Max suppression time updated to: 234
Received update: /ndn/ee-site/ee/svs_core/ee=13, 1741620637794
Max suppression time updated to: 234
Max suppression time updated to: 234
Received update: /ndn/lv-site/lv/svs_core/lv=13, 1741620645130
Received update: /ndn/uk-site/uk/svs_core/uk=13, 1741620645130
Max suppression time updated to: 234
Max suppression time updated to: 234
Max suppression time updated to: 234
Received update: /ndn/bg-site/bg/svs_core/bg=13, 1741620645206
Max suppression time updated to: 234
Received update: /ndn/gr-site/gr/svs_core/gr=13, 1741620651223
Received update: /ndn/hu-site/hu/svs_core/hu=13, 1741620651223
Received update: /ndn/no-site/no/svs_core/no=13, 1741620651223
Received update: /ndn/pt-site/pt/svs_core/pt=13, 1741620651223
Received update: /ndn/si-site/si/svs_core/si=13, 1741620651223
Max suppression time updated to: 234
Max suppression time updated to: 234
Max suppression time updated to: 234
Max suppression time updated to: 234
Received update: /ndn/md-site/md/svs_core/md=13, 1741620651502
Max suppression time updated to: 234
Received update: /ndn/ua-site/ua/svs_core/ua=13, 1741620651604
Max suppression time updated to: 231
Received update: /ndn/hr-site/hr/svs_core/hr=13, 1741620652293
Max suppression time updated to: 234
Received update: /ndn/rs-site/rs/svs_core/rs=13, 1741620653481
Max suppression time updated to: 234
Max suppression time updated to: 234
Max suppression time updated to: 234
Max suppression time updated to: 234
Max suppression time updated to: 234
Received update: /ndn/se-site/se/svs_core/se=13, 1741620654162
Max suppression time updated to: 234
Received update: /ndn/by-site/by/svs_core/by=13, 1741620657436
Received update: /ndn/is-site/is/svs_core/is=13, 1741620657436
Max suppression time updated to: 234
Received update: /ndn/am-site/am/svs_core/am=13, 1741620659366
Received update: /ndn/ch-site/ch/svs_core/ch=13, 1741620659366
Received update: /ndn/ge-site/ge/svs_core/ge=13, 1741620659366
Received update: /ndn/mk-site/mk/svs_core/mk=13, 1741620659366
Received update: /ndn/de1-site/de1/svs_core/de1=13, 1741620659366
Max suppression time updated to: 234
Max suppression time updated to: 234
Max suppression time updated to: 234
Received update: /ndn/lu-site/lu/svs_core/lu=13, 1741620666054
Received update: /ndn/fr1-site/fr1/svs_core/fr1=13, 1741620666054
Max suppression time updated to: 234
Received update: /ndn/tr-site/tr/svs_core/tr=13, 1741620666132
Max suppression time updated to: 234
Max suppression time updated to: 234
Max suppression time updated to: 234
Received update: /ndn/dk-site/dk/svs_core/dk=13, 1741620670304
Received update: /ndn/il-site/il/svs_core/il=13, 1741620670304
Received update: /ndn/ro-site/ro/svs_core/ro=13, 1741620670304
Received update: /ndn/fr2-site/fr2/svs_core/fr2=13, 1741620670304
Max suppression time updated to: 234
Received update: /ndn/al-site/al/svs_core/al=13, 1741620679837
Received update: /ndn/az-site/az/svs_core/az=13, 1741620679837
Received update: /ndn/be-site/be/svs_core/be=13, 1741620679837
Received update: /ndn/es-site/es/svs_core/es=13, 1741620679837
Received update: /ndn/ie-site/ie/svs_core/ie=13, 1741620679837
Received update: /ndn/me-site/me/svs_core/me=13, 1741620679837
Received update: /ndn/mt-site/mt/svs_core/mt=13, 1741620679837
Received update: /ndn/nl-site/nl/svs_core/nl=13, 1741620679837
Received update: /ndn/pl-site/pl/svs_core/pl=13, 1741620679837
Received update: /ndn/sk-site/sk/svs_core/sk=13, 1741620679837
Received update: /ndn/de2-site/de2/svs_core/de2=13, 1741620679837
Max suppression time updated to: 234
Received update: /ndn/cz-site/cz/svs_core/cz=14, 1741620681556
Received update: /ndn/it-site/it/svs_core/it=13, 1741620681556
Published sequence number: /ndn/fi-site/fi/svs_core/fi=14, 1741620682575
Sending Sync interest
Max suppression time updated to: 234
Received update: /ndn/at-site/at/svs_core/at=14, 1741620682826
Received update: /ndn/cy-site/cy/svs_core/cy=14, 1741620682826
Max suppression time updated to: 234
Max suppression time updated to: 234
Received update: /ndn/ee-site/ee/svs_core/ee=14, 1741620685557
Received update: /ndn/ua-site/ua/svs_core/ua=14, 1741620685557
Max suppression time updated to: 234
Received update: /ndn/bg-site/bg/svs_core/bg=14, 1741620710144
Received update: /ndn/hu-site/hu/svs_core/hu=14, 1741620710144
Received update: /ndn/lt-site/lt/svs_core/lt=14, 1741620710144
Received update: /ndn/si-site/si/svs_core/si=14, 1741620710144
Received update: /ndn/uk-site/uk/svs_core/uk=14, 1741620710144
Max suppression time updated to: 234
Received update: /ndn/lv-site/lv/svs_core/lv=14, 1741620710305
Max suppression time updated to: 234
Max suppression time updated to: 234
Received update: /ndn/gr-site/gr/svs_core/gr=14, 1741620711883
Received update: /ndn/md-site/md/svs_core/md=14, 1741620711883
Received update: /ndn/pt-site/pt/svs_core/pt=14, 1741620711883
Max suppression time updated to: 234
Received update: /ndn/by-site/by/svs_core/by=14, 1741620720237
Received update: /ndn/hr-site/hr/svs_core/hr=14, 1741620720237
Received update: /ndn/mk-site/mk/svs_core/mk=14, 1741620720237
Received update: /ndn/no-site/no/svs_core/no=14, 1741620720237
Max suppression time updated to: 234
Received update: /ndn/am-site/am/svs_core/am=14, 1741620722288
Received update: /ndn/ch-site/ch/svs_core/ch=14, 1741620722288
Received update: /ndn/ge-site/ge/svs_core/ge=14, 1741620722288
Received update: /ndn/is-site/is/svs_core/is=14, 1741620722288
Received update: /ndn/rs-site/rs/svs_core/rs=14, 1741620722288
Received update: /ndn/se-site/se/svs_core/se=14, 1741620722288
Received update: /ndn/de1-site/de1/svs_core/de1=14, 1741620722288
Max suppression time updated to: 234
Received update: /ndn/fr1-site/fr1/svs_core/fr1=14, 1741620722589
Max suppression time updated to: 234
Max suppression time updated to: 234
Received update: /ndn/lu-site/lu/svs_core/lu=14, 1741620726422
Received update: /ndn/tr-site/tr/svs_core/tr=14, 1741620726422
Max suppression time updated to: 234
Received update: /ndn/al-site/al/svs_core/al=14, 1741620728862
Received update: /ndn/il-site/il/svs_core/il=14, 1741620728862
Received update: /ndn/ro-site/ro/svs_core/ro=14, 1741620728862
Received update: /ndn/fr2-site/fr2/svs_core/fr2=14, 1741620728862
Max suppression time updated to: 234
Received update: /ndn/dk-site/dk/svs_core/dk=14, 1741620730501
Max suppression time updated to: 234
Received update: /ndn/be-site/be/svs_core/be=14, 1741620735524
Received update: /ndn/es-site/es/svs_core/es=14, 1741620735524
Received update: /ndn/nl-site/nl/svs_core/nl=14, 1741620735524
Max suppression time updated to: 234
Max suppression time updated to: 234
Received update: /ndn/az-site/az/svs_core/az=14, 1741620741709
Received update: /ndn/it-site/it/svs_core/it=14, 1741620741709
Received update: /ndn/pl-site/pl/svs_core/pl=14, 1741620741709
Received update: /ndn/sk-site/sk/svs_core/sk=14, 1741620741709
Received update: /ndn/de2-site/de2/svs_core/de2=14, 1741620741709
Published sequence number: /ndn/fi-site/fi/svs_core/fi=15, 1741620742964
Sending Sync interest
Max suppression time updated to: 234
Received update: /ndn/cz-site/cz/svs_core/cz=15, 1741620745726
Received update: /ndn/ee-site/ee/svs_core/ee=15, 1741620745726
Received update: /ndn/ie-site/ie/svs_core/ie=14, 1741620745726
Received update: /ndn/mt-site/mt/svs_core/mt=14, 1741620745726
Max suppression time updated to: 234
Received update: /ndn/at-site/at/svs_core/at=15, 1741620745763
Received update: /ndn/cy-site/cy/svs_core/cy=15, 1741620745763
Received update: /ndn/me-site/me/svs_core/me=14, 1741620745763
Max suppression time updated to: 234
Sending Sync interest
Max suppression time updated to: 234
Received update: /ndn/bg-site/bg/svs_core/bg=15, 1741620746853
Received update: /ndn/lt-site/lt/svs_core/lt=15, 1741620746853
Received update: /ndn/ua-site/ua/svs_core/ua=15, 1741620746853
Sending Sync interest
Max suppression time updated to: 234
Received update: /ndn/lv-site/lv/svs_core/lv=15, 1741620751662
Sending Sync interest
Max suppression time updated to: 234
Received update: /ndn/si-site/si/svs_core/si=15, 1741620753004
Received update: /ndn/uk-site/uk/svs_core/uk=15, 1741620753004
Sending Sync interest
Max suppression time updated to: 234
Received update: /ndn/gr-site/gr/svs_core/gr=15, 1741620762151
Received update: /ndn/hr-site/hr/svs_core/hr=15, 1741620762151
Received update: /ndn/hu-site/hu/svs_core/hu=15, 1741620762151
Received update: /ndn/md-site/md/svs_core/md=15, 1741620762151
Received update: /ndn/pt-site/pt/svs_core/pt=15, 1741620762151
Received update: /ndn/se-site/se/svs_core/se=15, 1741620762151
Sending Sync interest
Max suppression time updated to: 234
Received update: /ndn/mk-site/mk/svs_core/mk=15, 1741620762570
Received update: /ndn/no-site/no/svs_core/no=15, 1741620762570
Received update: /ndn/rs-site/rs/svs_core/rs=15, 1741620762570
Max suppression time updated to: 234
Sending Sync interest
Max suppression time updated to: 234
Received update: /ndn/is-site/is/svs_core/is=15, 1741620765445
Max suppression time updated to: 234
Received update: /ndn/ge-site/ge/svs_core/ge=15, 1741620766260
Received update: /ndn/de1-site/de1/svs_core/de1=15, 1741620766260
Max suppression time updated to: 234
Received update: /ndn/by-site/by/svs_core/by=15, 1741620766471
Max suppression time updated to: 234
Max suppression time updated to: 234
Max suppression time updated to: 234
Received update: /ndn/ch-site/ch/svs_core/ch=15, 1741620786432
Received update: /ndn/tr-site/tr/svs_core/tr=15, 1741620786432
Max suppression time updated to: 231
Received update: /ndn/lu-site/lu/svs_core/lu=15, 1741620786883
Max suppression time updated to: 231
Received update: /ndn/ro-site/ro/svs_core/ro=15, 1741620788457
Max suppression time updated to: 231
Max suppression time updated to: 231
Received update: /ndn/fr1-site/fr1/svs_core/fr1=15, 1741620788647
Max suppression time updated to: 231
Received update: /ndn/am-site/am/svs_core/am=15, 1741620788878
Max suppression time updated to: 231
Received update: /ndn/il-site/il/svs_core/il=15, 1741620788965
Max suppression time updated to: 231
Max suppression time updated to: 231
Max suppression time updated to: 231
Max suppression time updated to: 231
Received update: /ndn/fr2-site/fr2/svs_core/fr2=15, 1741620789302
Max suppression time updated to: 231
Received update: /ndn/al-site/al/svs_core/al=15, 1741620796354
Received update: /ndn/dk-site/dk/svs_core/dk=15, 1741620796354
Received update: /ndn/es-site/es/svs_core/es=15, 1741620796354
Received update: /ndn/nl-site/nl/svs_core/nl=15, 1741620796354
Received update: /ndn/pl-site/pl/svs_core/pl=15, 1741620796354
Max suppression time updated to: 231
Received update: /ndn/ie-site/ie/svs_core/ie=15, 1741620796604
Max suppression time updated to: 231
Received update: /ndn/az-site/az/svs_core/az=15, 1741620796984
Received update: /ndn/be-site/be/svs_core/be=15, 1741620796984
Max suppression time updated to: 231
Received update: /ndn/me-site/me/svs_core/me=15, 1741620797799
Max suppression time updated to: 231
Max suppression time updated to: 231
Received update: /ndn/it-site/it/svs_core/it=15, 1741620802159
Received update: /ndn/de2-site/de2/svs_core/de2=15, 1741620802159
Max suppression time updated to: 231
Received update: /ndn/sk-site/sk/svs_core/sk=15, 1741620802266
Max suppression time updated to: 231
Received update: /ndn/cz-site/cz/svs_core/cz=16, 1741620802610
Received update: /ndn/mt-site/mt/svs_core/mt=15, 1741620802610
Max suppression time updated to: 231
Received update: /ndn/cy-site/cy/svs_core/cy=16, 1741620802842
Published sequence number: /ndn/fi-site/fi/svs_core/fi=16, 1741620803454
Sending Sync interest
Max suppression time updated to: 231
Received update: /ndn/at-site/at/svs_core/at=16, 1741620804232
Received update: /ndn/lt-site/lt/svs_core/lt=16, 1741620804232
Max suppression time updated to: 231
Max suppression time updated to: 231
Received update: /ndn/ua-site/ua/svs_core/ua=16, 1741620806512
Sending Sync interest
Max suppression time updated to: 234
Received update: /ndn/bg-site/bg/svs_core/bg=16, 1741620808822
Received update: /ndn/ee-site/ee/svs_core/ee=16, 1741620808822
Received update: /ndn/si-site/si/svs_core/si=16, 1741620808822
Max suppression time updated to: 234
Max suppression time updated to: 234
Received update: /ndn/gr-site/gr/svs_core/gr=16, 1741620832971
Received update: /ndn/hu-site/hu/svs_core/hu=16, 1741620832971
Received update: /ndn/pt-site/pt/svs_core/pt=16, 1741620832971
Received update: /ndn/uk-site/uk/svs_core/uk=16, 1741620832971
Max suppression time updated to: 234
Received update: /ndn/lv-site/lv/svs_core/lv=16, 1741620833686
Received update: /ndn/md-site/md/svs_core/md=16, 1741620833686
Max suppression time updated to: 234
Received update: /ndn/hr-site/hr/svs_core/hr=16, 1741620836266
Max suppression time updated to: 234
Received update: /ndn/no-site/no/svs_core/no=16, 1741620836470
Max suppression time updated to: 234
Received update: /ndn/se-site/se/svs_core/se=16, 1741620838208
Max suppression time updated to: 234
Received update: /ndn/rs-site/rs/svs_core/rs=16, 1741620838374
Max suppression time updated to: 234
Received update: /ndn/is-site/is/svs_core/is=16, 1741620841490
Max suppression time updated to: 234
Received update: /ndn/by-site/by/svs_core/by=16, 1741620841770
Max suppression time updated to: 234
Received update: /ndn/mk-site/mk/svs_core/mk=16, 1741620841784
Max suppression time updated to: 231
Max suppression time updated to: 234
Received update: /ndn/de1-site/de1/svs_core/de1=16, 1741620842324
Max suppression time updated to: 234
Received update: /ndn/ge-site/ge/svs_core/ge=16, 1741620842708
Sending Sync interest
Max suppression time updated to: 234
Received update: /ndn/ch-site/ch/svs_core/ch=16, 1741620843738
Received update: /ndn/fr1-site/fr1/svs_core/fr1=16, 1741620843738
Max suppression time updated to: 234
Received update: /ndn/am-site/am/svs_core/am=16, 1741620849769
Received update: /ndn/il-site/il/svs_core/il=16, 1741620849769
Received update: /ndn/tr-site/tr/svs_core/tr=16, 1741620849769
Received update: /ndn/fr2-site/fr2/svs_core/fr2=16, 1741620849769
Max suppression time updated to: 234
Received update: /ndn/lu-site/lu/svs_core/lu=16, 1741620849998
Received update: /ndn/ro-site/ro/svs_core/ro=16, 1741620849998
Max suppression time updated to: 234
Max suppression time updated to: 234
Received update: /ndn/dk-site/dk/svs_core/dk=16, 1741620851563
Max suppression time updated to: 234
Received update: /ndn/al-site/al/svs_core/al=16, 1741620857020
Received update: /ndn/be-site/be/svs_core/be=16, 1741620857020
Received update: /ndn/es-site/es/svs_core/es=16, 1741620857020
Received update: /ndn/ie-site/ie/svs_core/ie=16, 1741620857020
Received update: /ndn/nl-site/nl/svs_core/nl=16, 1741620857020
Received update: /ndn/pl-site/pl/svs_core/pl=16, 1741620857020
Max suppression time updated to: 234
Max suppression time updated to: 234
Received update: /ndn/me-site/me/svs_core/me=16, 1741620858307
Max suppression time updated to: 234
Received update: /ndn/az-site/az/svs_core/az=16, 1741620861435
Received update: /ndn/mt-site/mt/svs_core/mt=16, 1741620861435
Received update: /ndn/sk-site/sk/svs_core/sk=16, 1741620861435
Received update: /ndn/de2-site/de2/svs_core/de2=16, 1741620861435
Max suppression time updated to: 234
Received update: /ndn/it-site/it/svs_core/it=16, 1741620862634
Stopping SVS client: /ndn/fi-site/fi/svs_core/fi
