SVS client starting: /ndn/pl-site/pl/svs_core/pl
Max suppression time updated to: 66
Max suppression time updated to: 48
Max suppression time updated to: 54
Max suppression time updated to: 57
Max suppression time updated to: 60
Max suppression time updated to: 57
Max suppression time updated to: 63
Max suppression time updated to: 63
Max suppression time updated to: 63
Max suppression time updated to: 69
Max suppression time updated to: 69
Max suppression time updated to: 72
Max suppression time updated to: 75
Max suppression time updated to: 75
Max suppression time updated to: 75
Max suppression time updated to: 75
Max suppression time updated to: 75
Max suppression time updated to: 78
Max suppression time updated to: 75
Max suppression time updated to: 78
Max suppression time updated to: 81
Max suppression time updated to: 81
Max suppression time updated to: 81
Max suppression time updated to: 81
Max suppression time updated to: 81
Sending Sync interest
Max suppression time updated to: 84
Max suppression time updated to: 84
Max suppression time updated to: 87
Max suppression time updated to: 93
Max suppression time updated to: 93
Max suppression time updated to: 93
Max suppression time updated to: 93
Max suppression time updated to: 96
Max suppression time updated to: 96
Max suppression time updated to: 96
Max suppression time updated to: 96
Max suppression time updated to: 93
Max suppression time updated to: 93
Max suppression time updated to: 96
Max suppression time updated to: 96
Max suppression time updated to: 96
Max suppression time updated to: 99
Received update: /ndn/cy-site/cy/svs_core/cy=1, 1741620094289
Max suppression time updated to: 99
Received update: /ndn/cz-site/cz/svs_core/cz=1, 1741620094422
Max suppression time updated to: 96
Max suppression time updated to: 96
Max suppression time updated to: 96
Received update: /ndn/at-site/at/svs_core/at=1, 1741620094949
Max suppression time updated to: 96
Received update: /ndn/lt-site/lt/svs_core/lt=1, 1741620095582
Max suppression time updated to: 96
Received update: /ndn/fi-site/fi/svs_core/fi=1, 1741620095678
Max suppression time updated to: 96
Max suppression time updated to: 96
Max suppression time updated to: 96
Received update: /ndn/ee-site/ee/svs_core/ee=1, 1741620097770
Received update: /ndn/ua-site/ua/svs_core/ua=1, 1741620097770
Max suppression time updated to: 96
Received update: /ndn/bg-site/bg/svs_core/bg=1, 1741620098463
Max suppression time updated to: 96
Received update: /ndn/si-site/si/svs_core/si=1, 1741620099560
Max suppression time updated to: 96
Received update: /ndn/lv-site/lv/svs_core/lv=1, 1741620103563
Max suppression time updated to: 96
Max suppression time updated to: 93
Max suppression time updated to: 93
Max suppression time updated to: 93
Max suppression time updated to: 93
Max suppression time updated to: 93
Max suppression time updated to: 93
Max suppression time updated to: 93
Received update: /ndn/uk-site/uk/svs_core/uk=1, 1741620104857
Max suppression time updated to: 93
Received update: /ndn/hu-site/hu/svs_core/hu=1, 1741620107019
Max suppression time updated to: 93
Received update: /ndn/gr-site/gr/svs_core/gr=1, 1741620107674
Max suppression time updated to: 93
Received update: /ndn/md-site/md/svs_core/md=1, 1741620107715
Max suppression time updated to: 96
Max suppression time updated to: 96
Max suppression time updated to: 96
Max suppression time updated to: 96
Received update: /ndn/pt-site/pt/svs_core/pt=1, 1741620108807
Max suppression time updated to: 99
Received update: /ndn/no-site/no/svs_core/no=1, 1741620111026
Max suppression time updated to: 99
Received update: /ndn/hr-site/hr/svs_core/hr=1, 1741620112085
Max suppression time updated to: 99
Max suppression time updated to: 96
Max suppression time updated to: 99
Max suppression time updated to: 99
Received update: /ndn/se-site/se/svs_core/se=1, 1741620114132
Max suppression time updated to: 99
Received update: /ndn/mk-site/mk/svs_core/mk=1, 1741620114180
Max suppression time updated to: 99
Received update: /ndn/rs-site/rs/svs_core/rs=1, 1741620114310
Max suppression time updated to: 99
Received update: /ndn/by-site/by/svs_core/by=1, 1741620117066
Max suppression time updated to: 99
Received update: /ndn/is-site/is/svs_core/is=1, 1741620117404
Max suppression time updated to: 99
Received update: /ndn/ge-site/ge/svs_core/ge=1, 1741620117635
Max suppression time updated to: 99
Received update: /ndn/ch-site/ch/svs_core/ch=1, 1741620118981
Max suppression time updated to: 99
Received update: /ndn/de1-site/de1/svs_core/de1=1, 1741620119142
Max suppression time updated to: 99
Received update: /ndn/am-site/am/svs_core/am=1, 1741620119149
Max suppression time updated to: 99
Max suppression time updated to: 99
Max suppression time updated to: 99
Received update: /ndn/fr1-site/fr1/svs_core/fr1=1, 1741620119435
Max suppression time updated to: 99
Received update: /ndn/tr-site/tr/svs_core/tr=1, 1741620122862
Max suppression time updated to: 99
Max suppression time updated to: 99
Max suppression time updated to: 99
Max suppression time updated to: 99
Received update: /ndn/lu-site/lu/svs_core/lu=1, 1741620123317
Max suppression time updated to: 99
Received update: /ndn/ro-site/ro/svs_core/ro=1, 1741620124874
Max suppression time updated to: 99
Received update: /ndn/il-site/il/svs_core/il=1, 1741620125081
Max suppression time updated to: 99
Received update: /ndn/fr2-site/fr2/svs_core/fr2=1, 1741620125303
Max suppression time updated to: 99
Received update: /ndn/al-site/al/svs_core/al=1, 1741620125656
Max suppression time updated to: 102
Received update: /ndn/dk-site/dk/svs_core/dk=1, 1741620127456
Max suppression time updated to: 102
Received update: /ndn/es-site/es/svs_core/es=1, 1741620129002
Max suppression time updated to: 102
Max suppression time updated to: 102
Max suppression time updated to: 102
Max suppression time updated to: 108
Max suppression time updated to: 108
Received update: /ndn/be-site/be/svs_core/be=1, 1741620131212
Max suppression time updated to: 108
Received update: /ndn/nl-site/nl/svs_core/nl=1, 1741620132226
Published sequence number: /ndn/pl-site/pl/svs_core/pl=1, 1741620132737
Max suppression time updated to: 108
Received update: /ndn/az-site/az/svs_core/az=1, 1741620133386
Sending Sync interest
Max suppression time updated to: 108
Received update: /ndn/me-site/me/svs_core/me=1, 1741620134223
Max suppression time updated to: 108
Max suppression time updated to: 108
Max suppression time updated to: 108
Received update: /ndn/ie-site/ie/svs_core/ie=1, 1741620134370
Max suppression time updated to: 108
Received update: /ndn/sk-site/sk/svs_core/sk=1, 1741620135776
Max suppression time updated to: 108
Received update: /ndn/de2-site/de2/svs_core/de2=1, 1741620135835
Max suppression time updated to: 111
Received update: /ndn/mt-site/mt/svs_core/mt=1, 1741620137084
Max suppression time updated to: 111
Received update: /ndn/it-site/it/svs_core/it=1, 1741620138449
Max suppression time updated to: 111
Received update: /ndn/cz-site/cz/svs_core/cz=2, 1741620138776
Max suppression time updated to: 111
Received update: /ndn/cy-site/cy/svs_core/cy=2, 1741620139283
Max suppression time updated to: 111
Max suppression time updated to: 111
Received update: /ndn/at-site/at/svs_core/at=2, 1741620140005
Max suppression time updated to: 111
Received update: /ndn/lt-site/lt/svs_core/lt=2, 1741620140586
Max suppression time updated to: 111
Received update: /ndn/ua-site/ua/svs_core/ua=2, 1741620142781
Max suppression time updated to: 111
Max suppression time updated to: 111
Max suppression time updated to: 111
Received update: /ndn/fi-site/fi/svs_core/fi=2, 1741620143028
Max suppression time updated to: 111
Received update: /ndn/bg-site/bg/svs_core/bg=2, 1741620143467
Max suppression time updated to: 111
Received update: /ndn/ee-site/ee/svs_core/ee=2, 1741620143698
Max suppression time updated to: 111
Received update: /ndn/si-site/si/svs_core/si=2, 1741620144565
Max suppression time updated to: 111
Received update: /ndn/lv-site/lv/svs_core/lv=2, 1741620150097
Received update: /ndn/uk-site/uk/svs_core/uk=2, 1741620150097
Max suppression time updated to: 111
Received update: /ndn/hu-site/hu/svs_core/hu=2, 1741620152032
Max suppression time updated to: 111
Received update: /ndn/pt-site/pt/svs_core/pt=2, 1741620153811
Sending Sync interest
Max suppression time updated to: 114
Max suppression time updated to: 114
Max suppression time updated to: 114
Received update: /ndn/gr-site/gr/svs_core/gr=2, 1741620154019
Max suppression time updated to: 114
Max suppression time updated to: 114
Max suppression time updated to: 114
Received update: /ndn/no-site/no/svs_core/no=2, 1741620156000
Max suppression time updated to: 114
Received update: /ndn/hr-site/hr/svs_core/hr=2, 1741620157278
Received update: /ndn/md-site/md/svs_core/md=2, 1741620157278
Max suppression time updated to: 114
Max suppression time updated to: 114
Received update: /ndn/mk-site/mk/svs_core/mk=2, 1741620159259
Max suppression time updated to: 114
Max suppression time updated to: 114
Received update: /ndn/se-site/se/svs_core/se=2, 1741620159311
Max suppression time updated to: 114
Max suppression time updated to: 114
Received update: /ndn/is-site/is/svs_core/is=2, 1741620162405
Max suppression time updated to: 114
Received update: /ndn/ge-site/ge/svs_core/ge=2, 1741620162635
Max suppression time updated to: 114
Received update: /ndn/de1-site/de1/svs_core/de1=2, 1741620163176
Max suppression time updated to: 114
Received update: /ndn/by-site/by/svs_core/by=2, 1741620163343
Max suppression time updated to: 114
Received update: /ndn/ch-site/ch/svs_core/ch=2, 1741620164478
Received update: /ndn/rs-site/rs/svs_core/rs=2, 1741620164478
Received update: /ndn/fr1-site/fr1/svs_core/fr1=2, 1741620164478
Max suppression time updated to: 114
Received update: /ndn/tr-site/tr/svs_core/tr=2, 1741620167862
Max suppression time updated to: 114
Received update: /ndn/am-site/am/svs_core/am=2, 1741620168033
Max suppression time updated to: 114
Received update: /ndn/ro-site/ro/svs_core/ro=2, 1741620169863
Max suppression time updated to: 114
Received update: /ndn/lu-site/lu/svs_core/lu=2, 1741620170018
Max suppression time updated to: 114
Received update: /ndn/il-site/il/svs_core/il=2, 1741620170071
Max suppression time updated to: 117
Received update: /ndn/fr2-site/fr2/svs_core/fr2=2, 1741620170315
Max suppression time updated to: 114
Max suppression time updated to: 114
Max suppression time updated to: 117
Received update: /ndn/al-site/al/svs_core/al=2, 1741620170675
Max suppression time updated to: 117
Received update: /ndn/es-site/es/svs_core/es=2, 1741620174101
Max suppression time updated to: 117
Max suppression time updated to: 117
Received update: /ndn/dk-site/dk/svs_core/dk=2, 1741620174218
Max suppression time updated to: 117
Sending Sync interest
Max suppression time updated to: 117
Max suppression time updated to: 117
Max suppression time updated to: 117
Max suppression time updated to: 117
Max suppression time updated to: 117
Max suppression time updated to: 117
Max suppression time updated to: 117
Received update: /ndn/be-site/be/svs_core/be=2, 1741620177246
Received update: /ndn/nl-site/nl/svs_core/nl=2, 1741620177246
Published sequence number: /ndn/pl-site/pl/svs_core/pl=2, 1741620177747
Sending Sync interest
Max suppression time updated to: 117
Received update: /ndn/sk-site/sk/svs_core/sk=2, 1741620180771
Max suppression time updated to: 117
Received update: /ndn/de2-site/de2/svs_core/de2=2, 1741620180826
Max suppression time updated to: 117
Received update: /ndn/az-site/az/svs_core/az=2, 1741620180948
Max suppression time updated to: 117
Received update: /ndn/ie-site/ie/svs_core/ie=2, 1741620181038
Max suppression time updated to: 117
Max suppression time updated to: 117
Max suppression time updated to: 117
Max suppression time updated to: 117
Max suppression time updated to: 117
Max suppression time updated to: 117
Received update: /ndn/me-site/me/svs_core/me=2, 1741620181552
Max suppression time updated to: 117
Max suppression time updated to: 117
Max suppression time updated to: 117
Received update: /ndn/it-site/it/svs_core/it=2, 1741620183622
Received update: /ndn/mt-site/mt/svs_core/mt=2, 1741620183622
Max suppression time updated to: 117
Received update: /ndn/cz-site/cz/svs_core/cz=3, 1741620183790
Max suppression time updated to: 117
Received update: /ndn/at-site/at/svs_core/at=3, 1741620184954
Received update: /ndn/cy-site/cy/svs_core/cy=3, 1741620184954
Max suppression time updated to: 117
Received update: /ndn/bg-site/bg/svs_core/bg=3, 1741620189745
Received update: /ndn/si-site/si/svs_core/si=3, 1741620189745
Max suppression time updated to: 117
Received update: /ndn/lt-site/lt/svs_core/lt=3, 1741620189929
Max suppression time updated to: 117
Received update: /ndn/ee-site/ee/svs_core/ee=3, 1741620190002
Max suppression time updated to: 117
Max suppression time updated to: 117
Max suppression time updated to: 117
Received update: /ndn/ua-site/ua/svs_core/ua=3, 1741620190174
Max suppression time updated to: 117
Max suppression time updated to: 117
Max suppression time updated to: 117
Received update: /ndn/uk-site/uk/svs_core/uk=3, 1741620194876
Max suppression time updated to: 117
Received update: /ndn/lv-site/lv/svs_core/lv=3, 1741620195082
Max suppression time updated to: 117
Received update: /ndn/hu-site/hu/svs_core/hu=3, 1741620197030
Max suppression time updated to: 117
Max suppression time updated to: 117
Max suppression time updated to: 117
Max suppression time updated to: 117
Max suppression time updated to: 120
Received update: /ndn/md-site/md/svs_core/md=3, 1741620197752
Max suppression time updated to: 120
Received update: /ndn/no-site/no/svs_core/no=3, 1741620201069
Sending Sync interest
Max suppression time updated to: 120
Max suppression time updated to: 120
Max suppression time updated to: 120
Max suppression time updated to: 120
Received update: /ndn/pt-site/pt/svs_core/pt=3, 1741620201228
Max suppression time updated to: 120
Received update: /ndn/gr-site/gr/svs_core/gr=3, 1741620201340
Max suppression time updated to: 120
Received update: /ndn/fi-site/fi/svs_core/fi=3, 1741620201454
Sending Sync interest
Max suppression time updated to: 120
Max suppression time updated to: 120
Max suppression time updated to: 120
Max suppression time updated to: 123
Max suppression time updated to: 123
Max suppression time updated to: 123
Max suppression time updated to: 123
Received update: /ndn/hr-site/hr/svs_core/hr=3, 1741620202082
Max suppression time updated to: 123
Max suppression time updated to: 123
Received update: /ndn/se-site/se/svs_core/se=3, 1741620204175
Max suppression time updated to: 123
Received update: /ndn/mk-site/mk/svs_core/mk=3, 1741620204198
Max suppression time updated to: 123
Received update: /ndn/am-site/am/svs_core/am=3, 1741620209348
Received update: /ndn/ge-site/ge/svs_core/ge=3, 1741620209348
Received update: /ndn/is-site/is/svs_core/is=3, 1741620209348
Received update: /ndn/de1-site/de1/svs_core/de1=3, 1741620209348
Max suppression time updated to: 123
Received update: /ndn/by-site/by/svs_core/by=3, 1741620209539
Max suppression time updated to: 123
Received update: /ndn/ch-site/ch/svs_core/ch=3, 1741620209969
Received update: /ndn/fr1-site/fr1/svs_core/fr1=3, 1741620209969
Max suppression time updated to: 126
Received update: /ndn/rs-site/rs/svs_core/rs=3, 1741620210564
Max suppression time updated to: 129
Max suppression time updated to: 132
Sending Sync interest
Max suppression time updated to: 132
Max suppression time updated to: 132
Max suppression time updated to: 132
Max suppression time updated to: 132
Max suppression time updated to: 132
Max suppression time updated to: 132
Max suppression time updated to: 132
Received update: /ndn/tr-site/tr/svs_core/tr=3, 1741620212865
Max suppression time updated to: 132
Received update: /ndn/lu-site/lu/svs_core/lu=3, 1741620213340
Max suppression time updated to: 132
Max suppression time updated to: 132
Max suppression time updated to: 132
Max suppression time updated to: 132
Received update: /ndn/il-site/il/svs_core/il=3, 1741620215081
Max suppression time updated to: 132
Received update: /ndn/ro-site/ro/svs_core/ro=3, 1741620215157
Max suppression time updated to: 132
Received update: /ndn/fr2-site/fr2/svs_core/fr2=3, 1741620215304
Max suppression time updated to: 132
Received update: /ndn/dk-site/dk/svs_core/dk=3, 1741620217456
Max suppression time updated to: 132
Received update: /ndn/es-site/es/svs_core/es=3, 1741620219057
Max suppression time updated to: 132
Received update: /ndn/be-site/be/svs_core/be=3, 1741620222239
Received update: /ndn/nl-site/nl/svs_core/nl=3, 1741620222239
Max suppression time updated to: 132
Received update: /ndn/ie-site/ie/svs_core/ie=3, 1741620222510
Max suppression time updated to: 132
Max suppression time updated to: 132
Published sequence number: /ndn/pl-site/pl/svs_core/pl=3, 1741620222750
Sending Sync interest
Max suppression time updated to: 132
Max suppression time updated to: 132
Received update: /ndn/az-site/az/svs_core/az=3, 1741620223422
Max suppression time updated to: 132
Received update: /ndn/al-site/al/svs_core/al=3, 1741620223514
Max suppression time updated to: 132
Max suppression time updated to: 132
Max suppression time updated to: 132
Received update: /ndn/sk-site/sk/svs_core/sk=3, 1741620225774
Max suppression time updated to: 132
Received update: /ndn/de2-site/de2/svs_core/de2=3, 1741620225829
Max suppression time updated to: 132
Received update: /ndn/mt-site/mt/svs_core/mt=3, 1741620227071
Max suppression time updated to: 132
Received update: /ndn/it-site/it/svs_core/it=3, 1741620228432
Max suppression time updated to: 132
Received update: /ndn/cz-site/cz/svs_core/cz=4, 1741620228797
Max suppression time updated to: 132
Max suppression time updated to: 132
Max suppression time updated to: 132
Received update: /ndn/cy-site/cy/svs_core/cy=4, 1741620229298
Max suppression time updated to: 132
Received update: /ndn/me-site/me/svs_core/me=3, 1741620229502
Max suppression time updated to: 132
Received update: /ndn/at-site/at/svs_core/at=4, 1741620229960
Max suppression time updated to: 132
Received update: /ndn/fi-site/fi/svs_core/fi=4, 1741620229991
Sending Sync interest
Max suppression time updated to: 132
Max suppression time updated to: 132
Max suppression time updated to: 132
Max suppression time updated to: 132
Max suppression time updated to: 132
Max suppression time updated to: 132
Received update: /ndn/ee-site/ee/svs_core/ee=4, 1741620232664
Received update: /ndn/lt-site/lt/svs_core/lt=4, 1741620232664
Max suppression time updated to: 132
Received update: /ndn/bg-site/bg/svs_core/bg=4, 1741620233482
Max suppression time updated to: 132
Received update: /ndn/uk-site/uk/svs_core/uk=4, 1741620239889
Max suppression time updated to: 132
Received update: /ndn/si-site/si/svs_core/si=4, 1741620240083
Max suppression time updated to: 132
Received update: /ndn/lv-site/lv/svs_core/lv=4, 1741620240313
Max suppression time updated to: 132
Received update: /ndn/hu-site/hu/svs_core/hu=4, 1741620242040
Max suppression time updated to: 132
Received update: /ndn/ua-site/ua/svs_core/ua=4, 1741620242282
Max suppression time updated to: 132
Received update: /ndn/pt-site/pt/svs_core/pt=4, 1741620243963
Max suppression time updated to: 132
Max suppression time updated to: 132
Received update: /ndn/gr-site/gr/svs_core/gr=4, 1741620243968
Max suppression time updated to: 132
Max suppression time updated to: 132
Max suppression time updated to: 132
Max suppression time updated to: 132
Max suppression time updated to: 132
Max suppression time updated to: 132
Received update: /ndn/no-site/no/svs_core/no=4, 1741620246030
Max suppression time updated to: 132
Received update: /ndn/md-site/md/svs_core/md=4, 1741620246297
Max suppression time updated to: 132
Received update: /ndn/hr-site/hr/svs_core/hr=4, 1741620248378
Received update: /ndn/rs-site/rs/svs_core/rs=4, 1741620248378
Max suppression time updated to: 132
Received update: /ndn/mk-site/mk/svs_core/mk=4, 1741620249197
Max suppression time updated to: 132
Received update: /ndn/by-site/by/svs_core/by=4, 1741620252081
Max suppression time updated to: 132
Received update: /ndn/se-site/se/svs_core/se=4, 1741620252290
Max suppression time updated to: 132
Received update: /ndn/is-site/is/svs_core/is=4, 1741620252419
Max suppression time updated to: 132
Received update: /ndn/ch-site/ch/svs_core/ch=4, 1741620254005
Received update: /ndn/ge-site/ge/svs_core/ge=4, 1741620254005
Received update: /ndn/de1-site/de1/svs_core/de1=4, 1741620254005
Max suppression time updated to: 132
Received update: /ndn/fr1-site/fr1/svs_core/fr1=4, 1741620254511
Max suppression time updated to: 132
Received update: /ndn/tr-site/tr/svs_core/tr=4, 1741620257865
Max suppression time updated to: 132
Received update: /ndn/lu-site/lu/svs_core/lu=4, 1741620259984
Received update: /ndn/ro-site/ro/svs_core/ro=4, 1741620259984
Max suppression time updated to: 132
Max suppression time updated to: 132
Received update: /ndn/il-site/il/svs_core/il=4, 1741620260121
Max suppression time updated to: 132
Received update: /ndn/am-site/am/svs_core/am=4, 1741620260195
Max suppression time updated to: 132
Received update: /ndn/al-site/al/svs_core/al=4, 1741620260747
Received update: /ndn/fr2-site/fr2/svs_core/fr2=4, 1741620260747
Max suppression time updated to: 135
Max suppression time updated to: 135
Max suppression time updated to: 135
Received update: /ndn/dk-site/dk/svs_core/dk=4, 1741620264457
Received update: /ndn/es-site/es/svs_core/es=4, 1741620264457
Published sequence number: /ndn/pl-site/pl/svs_core/pl=4, 1741620267751
Sending Sync interest
Max suppression time updated to: 135
Received update: /ndn/be-site/be/svs_core/be=4, 1741620267922
Received update: /ndn/nl-site/nl/svs_core/nl=4, 1741620267922
Max suppression time updated to: 135
Max suppression time updated to: 135
Max suppression time updated to: 135
Max suppression time updated to: 135
Max suppression time updated to: 135
Received update: /ndn/ie-site/ie/svs_core/ie=4, 1741620268025
Max suppression time updated to: 135
Max suppression time updated to: 135
Max suppression time updated to: 135
Received update: /ndn/az-site/az/svs_core/az=4, 1741620268411
Max suppression time updated to: 135
Received update: /ndn/sk-site/sk/svs_core/sk=4, 1741620270837
Received update: /ndn/de2-site/de2/svs_core/de2=4, 1741620270837
Max suppression time updated to: 135
Received update: /ndn/it-site/it/svs_core/it=4, 1741620273438
Received update: /ndn/me-site/me/svs_core/me=4, 1741620273438
Max suppression time updated to: 138
Received update: /ndn/cy-site/cy/svs_core/cy=5, 1741620274310
Max suppression time updated to: 138
Received update: /ndn/cz-site/cz/svs_core/cz=5, 1741620274423
Max suppression time updated to: 138
Max suppression time updated to: 138
Received update: /ndn/mt-site/mt/svs_core/mt=4, 1741620274703
Max suppression time updated to: 135
Received update: /ndn/at-site/at/svs_core/at=5, 1741620274964
Max suppression time updated to: 138
Received update: /ndn/fi-site/fi/svs_core/fi=5, 1741620275037
Max suppression time updated to: 138
Max suppression time updated to: 138
Max suppression time updated to: 138
Max suppression time updated to: 138
Max suppression time updated to: 138
Received update: /ndn/ee-site/ee/svs_core/ee=5, 1741620277676
Max suppression time updated to: 138
Received update: /ndn/ua-site/ua/svs_core/ua=5, 1741620277793
Max suppression time updated to: 138
Received update: /ndn/lt-site/lt/svs_core/lt=5, 1741620277843
Max suppression time updated to: 138
Max suppression time updated to: 138
Received update: /ndn/bg-site/bg/svs_core/bg=5, 1741620278492
Max suppression time updated to: 138
Max suppression time updated to: 138
Max suppression time updated to: 138
Max suppression time updated to: 138
Max suppression time updated to: 138
Received update: /ndn/uk-site/uk/svs_core/uk=5, 1741620284896
Max suppression time updated to: 138
Received update: /ndn/lv-site/lv/svs_core/lv=5, 1741620285115
Max suppression time updated to: 138
Received update: /ndn/si-site/si/svs_core/si=5, 1741620285321
Max suppression time updated to: 138
Received update: /ndn/hu-site/hu/svs_core/hu=5, 1741620287046
Max suppression time updated to: 138
Received update: /ndn/gr-site/gr/svs_core/gr=5, 1741620287702
Max suppression time updated to: 138
Received update: /ndn/hr-site/hr/svs_core/hr=5, 1741620292106
Max suppression time updated to: 138
Max suppression time updated to: 138
Max suppression time updated to: 138
Max suppression time updated to: 138
Received update: /ndn/md-site/md/svs_core/md=5, 1741620292350
Max suppression time updated to: 138
Received update: /ndn/by-site/by/svs_core/by=5, 1741620297080
Sending Sync interest
Max suppression time updated to: 138
Max suppression time updated to: 135
Received update: /ndn/rs-site/rs/svs_core/rs=5, 1741620297359
Max suppression time updated to: 135
Received update: /ndn/is-site/is/svs_core/is=5, 1741620297406
Max suppression time updated to: 135
Received update: /ndn/se-site/se/svs_core/se=5, 1741620297443
Max suppression time updated to: 135
Received update: /ndn/no-site/no/svs_core/no=5, 1741620297632
Max suppression time updated to: 135
Max suppression time updated to: 135
Received update: /ndn/ge-site/ge/svs_core/ge=5, 1741620297813
Max suppression time updated to: 135
Received update: /ndn/mk-site/mk/svs_core/mk=5, 1741620297814
Max suppression time updated to: 135
Max suppression time updated to: 135
Max suppression time updated to: 135
Received update: /ndn/pt-site/pt/svs_core/pt=5, 1741620298009
Max suppression time updated to: 135
Max suppression time updated to: 135
Max suppression time updated to: 135
Max suppression time updated to: 135
Max suppression time updated to: 135
Received update: /ndn/am-site/am/svs_core/am=5, 1741620299172
Max suppression time updated to: 135
Received update: /ndn/ch-site/ch/svs_core/ch=5, 1741620299393
Max suppression time updated to: 135
Received update: /ndn/fr1-site/fr1/svs_core/fr1=5, 1741620299465
Max suppression time updated to: 135
Received update: /ndn/de1-site/de1/svs_core/de1=5, 1741620299887
Max suppression time updated to: 135
Received update: /ndn/tr-site/tr/svs_core/tr=5, 1741620302873
Max suppression time updated to: 135
Received update: /ndn/lu-site/lu/svs_core/lu=5, 1741620303378
Max suppression time updated to: 135
Received update: /ndn/ro-site/ro/svs_core/ro=5, 1741620304994
Max suppression time updated to: 135
Max suppression time updated to: 135
Max suppression time updated to: 135
Received update: /ndn/fr2-site/fr2/svs_core/fr2=5, 1741620305323
Max suppression time updated to: 135
Received update: /ndn/al-site/al/svs_core/al=5, 1741620305684
Sending Sync interest
Max suppression time updated to: 135
Max suppression time updated to: 135
Max suppression time updated to: 135
Received update: /ndn/be-site/be/svs_core/be=5, 1741620311228
Received update: /ndn/il-site/il/svs_core/il=5, 1741620311228
Max suppression time updated to: 135
Received update: /ndn/dk-site/dk/svs_core/dk=5, 1741620311427
Max suppression time updated to: 135
Received update: /ndn/es-site/es/svs_core/es=5, 1741620311463
Max suppression time updated to: 135
Max suppression time updated to: 135
Received update: /ndn/nl-site/nl/svs_core/nl=5, 1741620312262
Published sequence number: /ndn/pl-site/pl/svs_core/pl=5, 1741620312761
Sending Sync interest
Max suppression time updated to: 135
Received update: /ndn/az-site/az/svs_core/az=5, 1741620313410
Sending Sync interest
Max suppression time updated to: 132
Max suppression time updated to: 132
Received update: /ndn/me-site/me/svs_core/me=5, 1741620314242
Max suppression time updated to: 132
Max suppression time updated to: 135
Max suppression time updated to: 135
Max suppression time updated to: 132
Received update: /ndn/sk-site/sk/svs_core/sk=5, 1741620315843
Received update: /ndn/de2-site/de2/svs_core/de2=5, 1741620315843
Max suppression time updated to: 132
Received update: /ndn/mt-site/mt/svs_core/mt=5, 1741620317091
Max suppression time updated to: 132
Max suppression time updated to: 132
Max suppression time updated to: 132
Sending Sync interest
Max suppression time updated to: 132
Max suppression time updated to: 132
Max suppression time updated to: 132
Max suppression time updated to: 132
Max suppression time updated to: 132
Received update: /ndn/ie-site/ie/svs_core/ie=5, 1741620317689
Max suppression time updated to: 132
Received update: /ndn/cz-site/cz/svs_core/cz=6, 1741620318938
Max suppression time updated to: 132
Received update: /ndn/it-site/it/svs_core/it=5, 1741620318942
Max suppression time updated to: 132
Max suppression time updated to: 132
Received update: /ndn/cy-site/cy/svs_core/cy=6, 1741620319337
Max suppression time updated to: 132
Received update: /ndn/at-site/at/svs_core/at=6, 1741620319981
Max suppression time updated to: 132
Received update: /ndn/lt-site/lt/svs_core/lt=6, 1741620320623
Max suppression time updated to: 132
Max suppression time updated to: 132
Max suppression time updated to: 132
Received update: /ndn/fi-site/fi/svs_core/fi=6, 1741620320909
Max suppression time updated to: 132
Max suppression time updated to: 132
Received update: /ndn/ua-site/ua/svs_core/ua=6, 1741620322797
Max suppression time updated to: 132
Received update: /ndn/ee-site/ee/svs_core/ee=6, 1741620322996
Max suppression time updated to: 132
Max suppression time updated to: 132
Received update: /ndn/bg-site/bg/svs_core/bg=6, 1741620323496
Max suppression time updated to: 132
Received update: /ndn/si-site/si/svs_core/si=6, 1741620324602
Max suppression time updated to: 132
Received update: /ndn/lv-site/lv/svs_core/lv=6, 1741620328580
Sending Sync interest
Max suppression time updated to: 132
Received update: /ndn/uk-site/uk/svs_core/uk=6, 1741620329978
Max suppression time updated to: 132
Received update: /ndn/hu-site/hu/svs_core/hu=6, 1741620332051
Max suppression time updated to: 132
Received update: /ndn/md-site/md/svs_core/md=6, 1741620333181
Max suppression time updated to: 132
Received update: /ndn/gr-site/gr/svs_core/gr=6, 1741620333258
Max suppression time updated to: 135
Max suppression time updated to: 135
Max suppression time updated to: 135
Received update: /ndn/hr-site/hr/svs_core/hr=6, 1741620337110
Received update: /ndn/pt-site/pt/svs_core/pt=6, 1741620337110
Max suppression time updated to: 135
Received update: /ndn/rs-site/rs/svs_core/rs=6, 1741620338346
Max suppression time updated to: 135
Max suppression time updated to: 132
Received update: /ndn/no-site/no/svs_core/no=6, 1741620339150
Received update: /ndn/se-site/se/svs_core/se=6, 1741620339150
Max suppression time updated to: 132
Received update: /ndn/by-site/by/svs_core/by=6, 1741620342081
Sending Sync interest
Max suppression time updated to: 132
Max suppression time updated to: 132
Max suppression time updated to: 132
Received update: /ndn/is-site/is/svs_core/is=6, 1741620342419
Max suppression time updated to: 132
Received update: /ndn/mk-site/mk/svs_core/mk=6, 1741620342507
Max suppression time updated to: 132
Received update: /ndn/ge-site/ge/svs_core/ge=6, 1741620343371
Received update: /ndn/de1-site/de1/svs_core/de1=6, 1741620343371
Max suppression time updated to: 132
Received update: /ndn/ch-site/ch/svs_core/ch=6, 1741620344023
Max suppression time updated to: 132
Max suppression time updated to: 132
Max suppression time updated to: 132
Received update: /ndn/fr1-site/fr1/svs_core/fr1=6, 1741620344534
Max suppression time updated to: 135
Received update: /ndn/am-site/am/svs_core/am=6, 1741620344694
Max suppression time updated to: 135
Received update: /ndn/lu-site/lu/svs_core/lu=6, 1741620348555
Received update: /ndn/tr-site/tr/svs_core/tr=6, 1741620348555
Max suppression time updated to: 135
Received update: /ndn/il-site/il/svs_core/il=6, 1741620350093
Max suppression time updated to: 135
Max suppression time updated to: 135
Max suppression time updated to: 135
Max suppression time updated to: 135
Received update: /ndn/al-site/al/svs_core/al=6, 1741620350698
Max suppression time updated to: 135
Received update: /ndn/ro-site/ro/svs_core/ro=6, 1741620350839
Max suppression time updated to: 135
Received update: /ndn/fr2-site/fr2/svs_core/fr2=6, 1741620350864
Max suppression time updated to: 135
Max suppression time updated to: 135
Received update: /ndn/dk-site/dk/svs_core/dk=6, 1741620352474
Max suppression time updated to: 135
Received update: /ndn/es-site/es/svs_core/es=6, 1741620354069
Max suppression time updated to: 135
Received update: /ndn/be-site/be/svs_core/be=6, 1741620356239
Max suppression time updated to: 135
Received update: /ndn/nl-site/nl/svs_core/nl=6, 1741620357262
Published sequence number: /ndn/pl-site/pl/svs_core/pl=6, 1741620357763
Sending Sync interest
Max suppression time updated to: 135
Received update: /ndn/ie-site/ie/svs_core/ie=6, 1741620357834
Max suppression time updated to: 135
Max suppression time updated to: 135
Max suppression time updated to: 135
Max suppression time updated to: 135
Max suppression time updated to: 135
Received update: /ndn/az-site/az/svs_core/az=6, 1741620358412
Max suppression time updated to: 135
Received update: /ndn/sk-site/sk/svs_core/sk=6, 1741620360794
Max suppression time updated to: 135
Received update: /ndn/de2-site/de2/svs_core/de2=6, 1741620360831
Max suppression time updated to: 135
Received update: /ndn/me-site/me/svs_core/me=6, 1741620360992
Max suppression time updated to: 135
Max suppression time updated to: 135
Received update: /ndn/it-site/it/svs_core/it=6, 1741620363449
Max suppression time updated to: 135
Received update: /ndn/cz-site/cz/svs_core/cz=7, 1741620364049
Received update: /ndn/mt-site/mt/svs_core/mt=6, 1741620364049
Max suppression time updated to: 135
Received update: /ndn/cy-site/cy/svs_core/cy=7, 1741620364327
Max suppression time updated to: 135
Received update: /ndn/at-site/at/svs_core/at=7, 1741620364975
Max suppression time updated to: 135
Received update: /ndn/lt-site/lt/svs_core/lt=7, 1741620365630
Max suppression time updated to: 135
Received update: /ndn/fi-site/fi/svs_core/fi=7, 1741620374951
Received update: /ndn/uk-site/uk/svs_core/uk=7, 1741620374951
Sending Sync interest
Max suppression time updated to: 135
Received update: /ndn/bg-site/bg/svs_core/bg=7, 1741620375136
Max suppression time updated to: 135
Received update: /ndn/si-site/si/svs_core/si=7, 1741620375258
Max suppression time updated to: 135
Received update: /ndn/ua-site/ua/svs_core/ua=7, 1741620375314
Max suppression time updated to: 135
Received update: /ndn/ee-site/ee/svs_core/ee=7, 1741620375324
Max suppression time updated to: 135
Max suppression time updated to: 135
Received update: /ndn/lv-site/lv/svs_core/lv=7, 1741620375339
Max suppression time updated to: 135
Max suppression time updated to: 135
Received update: /ndn/hu-site/hu/svs_core/hu=7, 1741620377058
Max suppression time updated to: 135
Received update: /ndn/hr-site/hr/svs_core/hr=7, 1741620382117
Max suppression time updated to: 135
Received update: /ndn/gr-site/gr/svs_core/gr=7, 1741620382152
Max suppression time updated to: 135
Received update: /ndn/md-site/md/svs_core/md=7, 1741620382400
Max suppression time updated to: 135
Received update: /ndn/pt-site/pt/svs_core/pt=7, 1741620382424
Max suppression time updated to: 135
Max suppression time updated to: 135
Max suppression time updated to: 135
Max suppression time updated to: 135
Max suppression time updated to: 135
Max suppression time updated to: 135
Received update: /ndn/no-site/no/svs_core/no=7, 1741620383005
Max suppression time updated to: 135
Received update: /ndn/by-site/by/svs_core/by=7, 1741620387086
Max suppression time updated to: 135
Received update: /ndn/mk-site/mk/svs_core/mk=7, 1741620387310
Max suppression time updated to: 135
Received update: /ndn/rs-site/rs/svs_core/rs=7, 1741620387325
Max suppression time updated to: 135
Received update: /ndn/is-site/is/svs_core/is=7, 1741620387423
Max suppression time updated to: 135
Max suppression time updated to: 135
Received update: /ndn/se-site/se/svs_core/se=7, 1741620387818
Max suppression time updated to: 135
Received update: /ndn/de1-site/de1/svs_core/de1=7, 1741620388211
Max suppression time updated to: 135
Received update: /ndn/ch-site/ch/svs_core/ch=7, 1741620389051
Max suppression time updated to: 135
Received update: /ndn/fr1-site/fr1/svs_core/fr1=7, 1741620389538
Max suppression time updated to: 135
Received update: /ndn/tr-site/tr/svs_core/tr=7, 1741620392877
Max suppression time updated to: 135
Received update: /ndn/lu-site/lu/svs_core/lu=7, 1741620393413
Max suppression time updated to: 135
Received update: /ndn/ge-site/ge/svs_core/ge=7, 1741620393416
Max suppression time updated to: 135
Max suppression time updated to: 138
Max suppression time updated to: 138
Received update: /ndn/am-site/am/svs_core/am=7, 1741620393797
Max suppression time updated to: 138
Max suppression time updated to: 138
Received update: /ndn/dk-site/dk/svs_core/dk=7, 1741620397488
Received update: /ndn/il-site/il/svs_core/il=7, 1741620397488
Received update: /ndn/fr2-site/fr2/svs_core/fr2=7, 1741620397488
Max suppression time updated to: 138
Received update: /ndn/es-site/es/svs_core/es=7, 1741620399062
Sending Sync interest
Max suppression time updated to: 138
Received update: /ndn/ro-site/ro/svs_core/ro=7, 1741620399211
Max suppression time updated to: 138
Max suppression time updated to: 138
Max suppression time updated to: 138
Received update: /ndn/nl-site/nl/svs_core/nl=7, 1741620402297
Max suppression time updated to: 138
Received update: /ndn/be-site/be/svs_core/be=7, 1741620402497
Max suppression time updated to: 138
Received update: /ndn/al-site/al/svs_core/al=7, 1741620402546
Published sequence number: /ndn/pl-site/pl/svs_core/pl=7, 1741620402769
Sending Sync interest
Max suppression time updated to: 138
Received update: /ndn/ie-site/ie/svs_core/ie=7, 1741620402984
Max suppression time updated to: 138
Received update: /ndn/sk-site/sk/svs_core/sk=7, 1741620405796
Max suppression time updated to: 138
Received update: /ndn/az-site/az/svs_core/az=7, 1741620405832
Received update: /ndn/de2-site/de2/svs_core/de2=7, 1741620405832
Max suppression time updated to: 138
Max suppression time updated to: 135
Max suppression time updated to: 135
Max suppression time updated to: 135
Received update: /ndn/it-site/it/svs_core/it=7, 1741620408462
Max suppression time updated to: 135
Received update: /ndn/cz-site/cz/svs_core/cz=8, 1741620408815
Max suppression time updated to: 135
Received update: /ndn/at-site/at/svs_core/at=8, 1741620410183
Received update: /ndn/cy-site/cy/svs_core/cy=8, 1741620410183
Max suppression time updated to: 135
Received update: /ndn/me-site/me/svs_core/me=7, 1741620410208
Max suppression time updated to: 135
Max suppression time updated to: 135
Received update: /ndn/lt-site/lt/svs_core/lt=8, 1741620410893
Received update: /ndn/mt-site/mt/svs_core/mt=7, 1741620410893
Max suppression time updated to: 135
Received update: /ndn/bg-site/bg/svs_core/bg=8, 1741620413515
Max suppression time updated to: 135
Max suppression time updated to: 135
Max suppression time updated to: 135
Received update: /ndn/fi-site/fi/svs_core/fi=8, 1741620413892
Max suppression time updated to: 135
Received update: /ndn/ee-site/ee/svs_core/ee=8, 1741620413894
Max suppression time updated to: 135
Max suppression time updated to: 138
Max suppression time updated to: 138
Max suppression time updated to: 138
Received update: /ndn/si-site/si/svs_core/si=8, 1741620414683
Max suppression time updated to: 138
Received update: /ndn/ua-site/ua/svs_core/ua=8, 1741620414790
Max suppression time updated to: 138
Received update: /ndn/hu-site/hu/svs_core/hu=8, 1741620422065
Max suppression time updated to: 138
Received update: /ndn/gr-site/gr/svs_core/gr=8, 1741620422726
Max suppression time updated to: 138
Received update: /ndn/uk-site/uk/svs_core/uk=8, 1741620422932
Max suppression time updated to: 138
Max suppression time updated to: 138
Max suppression time updated to: 138
Max suppression time updated to: 138
Max suppression time updated to: 138
Received update: /ndn/lv-site/lv/svs_core/lv=8, 1741620423137
Max suppression time updated to: 138
Received update: /ndn/md-site/md/svs_core/md=8, 1741620423200
Max suppression time updated to: 138
Max suppression time updated to: 138
Received update: /ndn/hr-site/hr/svs_core/hr=8, 1741620428535
Received update: /ndn/rs-site/rs/svs_core/rs=8, 1741620428535
Max suppression time updated to: 135
Received update: /ndn/no-site/no/svs_core/no=8, 1741620428658
Max suppression time updated to: 138
Max suppression time updated to: 135
Max suppression time updated to: 138
Received update: /ndn/pt-site/pt/svs_core/pt=8, 1741620428867
Max suppression time updated to: 138
Max suppression time updated to: 138
Max suppression time updated to: 138
Max suppression time updated to: 138
Received update: /ndn/se-site/se/svs_core/se=8, 1741620429164
Max suppression time updated to: 138
Received update: /ndn/by-site/by/svs_core/by=8, 1741620432094
Sending Sync interest
Max suppression time updated to: 138
Max suppression time updated to: 135
Max suppression time updated to: 135
Max suppression time updated to: 135
Received update: /ndn/mk-site/mk/svs_core/mk=8, 1741620432320
Max suppression time updated to: 135
Received update: /ndn/is-site/is/svs_core/is=8, 1741620432436
Max suppression time updated to: 135
Received update: /ndn/ge-site/ge/svs_core/ge=8, 1741620432673
Max suppression time updated to: 135
Received update: /ndn/ch-site/ch/svs_core/ch=8, 1741620434051
Max suppression time updated to: 135
Received update: /ndn/am-site/am/svs_core/am=8, 1741620434187
Max suppression time updated to: 135
Received update: /ndn/de1-site/de1/svs_core/de1=8, 1741620434200
Max suppression time updated to: 135
Received update: /ndn/fr1-site/fr1/svs_core/fr1=8, 1741620434498
Max suppression time updated to: 138
Received update: /ndn/ro-site/ro/svs_core/ro=8, 1741620439916
Received update: /ndn/tr-site/tr/svs_core/tr=8, 1741620439916
Max suppression time updated to: 138
Max suppression time updated to: 138
Max suppression time updated to: 138
Received update: /ndn/lu-site/lu/svs_core/lu=8, 1741620440322
Max suppression time updated to: 138
Received update: /ndn/al-site/al/svs_core/al=8, 1741620440706
Max suppression time updated to: 138
Max suppression time updated to: 138
Max suppression time updated to: 138
Max suppression time updated to: 135
Received update: /ndn/dk-site/dk/svs_core/dk=8, 1741620442712
Received update: /ndn/il-site/il/svs_core/il=8, 1741620442712
Max suppression time updated to: 135
Max suppression time updated to: 135
Received update: /ndn/fr2-site/fr2/svs_core/fr2=8, 1741620442728
Max suppression time updated to: 135
Max suppression time updated to: 135
Max suppression time updated to: 135
Max suppression time updated to: 138
Received update: /ndn/es-site/es/svs_core/es=8, 1741620444096
Max suppression time updated to: 138
Received update: /ndn/nl-site/nl/svs_core/nl=8, 1741620447312
Max suppression time updated to: 138
Received update: /ndn/be-site/be/svs_core/be=8, 1741620447527
Max suppression time updated to: 135
Received update: /ndn/ie-site/ie/svs_core/ie=8, 1741620447571
Max suppression time updated to: 135
Published sequence number: /ndn/pl-site/pl/svs_core/pl=8, 1741620447770
Sending Sync interest
Max suppression time updated to: 135
Received update: /ndn/de2-site/de2/svs_core/de2=8, 1741620450858
Max suppression time updated to: 135
Received update: /ndn/cz-site/cz/svs_core/cz=9, 1741620453827
Received update: /ndn/it-site/it/svs_core/it=8, 1741620453827
Max suppression time updated to: 135
Received update: /ndn/az-site/az/svs_core/az=8, 1741620454030
Max suppression time updated to: 135
Received update: /ndn/me-site/me/svs_core/me=8, 1741620454244
Max suppression time updated to: 135
Received update: /ndn/cy-site/cy/svs_core/cy=9, 1741620454314
Received update: /ndn/sk-site/sk/svs_core/sk=8, 1741620454314
Max suppression time updated to: 135
Received update: /ndn/mt-site/mt/svs_core/mt=8, 1741620454327
Max suppression time updated to: 135
Received update: /ndn/at-site/at/svs_core/at=9, 1741620454991
Max suppression time updated to: 135
Received update: /ndn/ee-site/ee/svs_core/ee=9, 1741620457680
Max suppression time updated to: 135
Max suppression time updated to: 135
Max suppression time updated to: 135
Received update: /ndn/fi-site/fi/svs_core/fi=9, 1741620457883
Max suppression time updated to: 135
Max suppression time updated to: 135
Max suppression time updated to: 135
Max suppression time updated to: 135
Received update: /ndn/lt-site/lt/svs_core/lt=9, 1741620458082
Max suppression time updated to: 135
Max suppression time updated to: 135
Max suppression time updated to: 135
Max suppression time updated to: 135
Max suppression time updated to: 135
Max suppression time updated to: 135
Max suppression time updated to: 135
Received update: /ndn/ua-site/ua/svs_core/ua=9, 1741620458255
Max suppression time updated to: 135
Received update: /ndn/lv-site/lv/svs_core/lv=9, 1741620463601
Sending Sync interest
Max suppression time updated to: 135
Max suppression time updated to: 135
Received update: /ndn/si-site/si/svs_core/si=9, 1741620463980
Max suppression time updated to: 135
Received update: /ndn/bg-site/bg/svs_core/bg=9, 1741620464003
Max suppression time updated to: 135
Max suppression time updated to: 135
Max suppression time updated to: 135
Received update: /ndn/uk-site/uk/svs_core/uk=9, 1741620464928
Max suppression time updated to: 135
Received update: /ndn/hu-site/hu/svs_core/hu=9, 1741620467076
Max suppression time updated to: 135
Received update: /ndn/gr-site/gr/svs_core/gr=9, 1741620471056
Received update: /ndn/no-site/no/svs_core/no=9, 1741620471056
Max suppression time updated to: 135
Received update: /ndn/pt-site/pt/svs_core/pt=9, 1741620471366
Max suppression time updated to: 135
Received update: /ndn/hr-site/hr/svs_core/hr=9, 1741620472133
Max suppression time updated to: 135
Received update: /ndn/rs-site/rs/svs_core/rs=9, 1741620473366
Max suppression time updated to: 135
Max suppression time updated to: 135
Max suppression time updated to: 135
Max suppression time updated to: 135
Max suppression time updated to: 135
Received update: /ndn/mk-site/mk/svs_core/mk=9, 1741620474226
Max suppression time updated to: 135
Received update: /ndn/md-site/md/svs_core/md=9, 1741620474473
Max suppression time updated to: 135
Received update: /ndn/se-site/se/svs_core/se=9, 1741620474792
Max suppression time updated to: 135
Received update: /ndn/by-site/by/svs_core/by=9, 1741620477103
Max suppression time updated to: 135
Max suppression time updated to: 135
Received update: /ndn/is-site/is/svs_core/is=9, 1741620477434
Max suppression time updated to: 135
Received update: /ndn/ge-site/ge/svs_core/ge=9, 1741620477691
Max suppression time updated to: 135
Received update: /ndn/de1-site/de1/svs_core/de1=9, 1741620478210
Max suppression time updated to: 135
Received update: /ndn/am-site/am/svs_core/am=9, 1741620479205
Max suppression time updated to: 135
Received update: /ndn/ch-site/ch/svs_core/ch=9, 1741620479241
Max suppression time updated to: 135
Max suppression time updated to: 135
Max suppression time updated to: 135
Max suppression time updated to: 135
Max suppression time updated to: 135
Max suppression time updated to: 135
Received update: /ndn/fr1-site/fr1/svs_core/fr1=9, 1741620479677
Max suppression time updated to: 135
Received update: /ndn/tr-site/tr/svs_core/tr=9, 1741620482906
Max suppression time updated to: 135
Received update: /ndn/lu-site/lu/svs_core/lu=9, 1741620483477
Max suppression time updated to: 135
Max suppression time updated to: 135
Max suppression time updated to: 135
Received update: /ndn/ro-site/ro/svs_core/ro=9, 1741620484906
Max suppression time updated to: 135
Received update: /ndn/il-site/il/svs_core/il=9, 1741620485158
Max suppression time updated to: 135
Received update: /ndn/al-site/al/svs_core/al=9, 1741620485698
Max suppression time updated to: 135
Received update: /ndn/fr2-site/fr2/svs_core/fr2=9, 1741620485758
Max suppression time updated to: 135
Received update: /ndn/dk-site/dk/svs_core/dk=9, 1741620487548
Max suppression time updated to: 135
Received update: /ndn/be-site/be/svs_core/be=9, 1741620491266
Max suppression time updated to: 135
Received update: /ndn/es-site/es/svs_core/es=9, 1741620491528
Max suppression time updated to: 135
Received update: /ndn/nl-site/nl/svs_core/nl=9, 1741620492330
Max suppression time updated to: 138
Received update: /ndn/ie-site/ie/svs_core/ie=9, 1741620492585
Published sequence number: /ndn/pl-site/pl/svs_core/pl=9, 1741620492782
Sending Sync interest
Max suppression time updated to: 138
Received update: /ndn/sk-site/sk/svs_core/sk=9, 1741620495812
Max suppression time updated to: 138
Received update: /ndn/de2-site/de2/svs_core/de2=9, 1741620495835
Max suppression time updated to: 138
Received update: /ndn/me-site/me/svs_core/me=9, 1741620495936
Max suppression time updated to: 138
Received update: /ndn/az-site/az/svs_core/az=9, 1741620495999
Max suppression time updated to: 138
Received update: /ndn/mt-site/mt/svs_core/mt=9, 1741620497154
Max suppression time updated to: 138
Max suppression time updated to: 138
Max suppression time updated to: 138
Received update: /ndn/cz-site/cz/svs_core/cz=10, 1741620498843
Received update: /ndn/it-site/it/svs_core/it=9, 1741620498843
Max suppression time updated to: 138
Received update: /ndn/cy-site/cy/svs_core/cy=10, 1741620499351
Max suppression time updated to: 138
Max suppression time updated to: 138
Max suppression time updated to: 138
Max suppression time updated to: 138
Max suppression time updated to: 138
Received update: /ndn/at-site/at/svs_core/at=10, 1741620500013
Max suppression time updated to: 138
Received update: /ndn/lt-site/lt/svs_core/lt=10, 1741620500653
Max suppression time updated to: 138
Max suppression time updated to: 138
Max suppression time updated to: 135
Max suppression time updated to: 135
Received update: /ndn/fi-site/fi/svs_core/fi=10, 1741620501002
Max suppression time updated to: 135
Received update: /ndn/ee-site/ee/svs_core/ee=10, 1741620502710
Max suppression time updated to: 135
Received update: /ndn/bg-site/bg/svs_core/bg=10, 1741620504632
Received update: /ndn/si-site/si/svs_core/si=10, 1741620504632
Max suppression time updated to: 135
Received update: /ndn/ua-site/ua/svs_core/ua=10, 1741620504812
Max suppression time updated to: 135
Received update: /ndn/uk-site/uk/svs_core/uk=10, 1741620509958
Max suppression time updated to: 135
Received update: /ndn/gr-site/gr/svs_core/gr=10, 1741620512743
Received update: /ndn/hu-site/hu/svs_core/hu=10, 1741620512743
Max suppression time updated to: 135
Received update: /ndn/md-site/md/svs_core/md=10, 1741620512867
Max suppression time updated to: 135
Received update: /ndn/lv-site/lv/svs_core/lv=10, 1741620512904
Max suppression time updated to: 135
Max suppression time updated to: 135
Max suppression time updated to: 135
Max suppression time updated to: 135
Max suppression time updated to: 135
Received update: /ndn/pt-site/pt/svs_core/pt=10, 1741620513856
Max suppression time updated to: 135
Received update: /ndn/rs-site/rs/svs_core/rs=10, 1741620518385
Max suppression time updated to: 135
Received update: /ndn/hr-site/hr/svs_core/hr=10, 1741620518569
Max suppression time updated to: 135
Received update: /ndn/no-site/no/svs_core/no=10, 1741620518898
Max suppression time updated to: 135
Received update: /ndn/mk-site/mk/svs_core/mk=10, 1741620519246
Max suppression time updated to: 135
Received update: /ndn/is-site/is/svs_core/is=10, 1741620522462
Max suppression time updated to: 135
Max suppression time updated to: 138
Received update: /ndn/se-site/se/svs_core/se=10, 1741620522671
Max suppression time updated to: 138
Received update: /ndn/ge-site/ge/svs_core/ge=10, 1741620522972
Max suppression time updated to: 138
Received update: /ndn/de1-site/de1/svs_core/de1=10, 1741620523241
Max suppression time updated to: 138
Received update: /ndn/ch-site/ch/svs_core/ch=10, 1741620524070
Max suppression time updated to: 138
Received update: /ndn/am-site/am/svs_core/am=10, 1741620524213
Max suppression time updated to: 138
Received update: /ndn/lu-site/lu/svs_core/lu=10, 1741620528443
Max suppression time updated to: 138
Received update: /ndn/fr1-site/fr1/svs_core/fr1=10, 1741620528598
Max suppression time updated to: 138
Max suppression time updated to: 138
Received update: /ndn/tr-site/tr/svs_core/tr=10, 1741620528604
Max suppression time updated to: 138
Received update: /ndn/by-site/by/svs_core/by=10, 1741620528630
Max suppression time updated to: 135
Received update: /ndn/ro-site/ro/svs_core/ro=10, 1741620529911
Max suppression time updated to: 135
Received update: /ndn/fr2-site/fr2/svs_core/fr2=10, 1741620530359
Max suppression time updated to: 135
Received update: /ndn/il-site/il/svs_core/il=10, 1741620530435
Max suppression time updated to: 135
Max suppression time updated to: 135
Received update: /ndn/al-site/al/svs_core/al=10, 1741620530709
Max suppression time updated to: 135
Received update: /ndn/dk-site/dk/svs_core/dk=10, 1741620532554
Max suppression time updated to: 135
Received update: /ndn/es-site/es/svs_core/es=10, 1741620534091
Max suppression time updated to: 135
Max suppression time updated to: 135
Received update: /ndn/be-site/be/svs_core/be=10, 1741620536268
Max suppression time updated to: 135
Received update: /ndn/ie-site/ie/svs_core/ie=10, 1741620537559
Max suppression time updated to: 138
Received update: /ndn/nl-site/nl/svs_core/nl=10, 1741620537623
Max suppression time updated to: 135
Max suppression time updated to: 135
Max suppression time updated to: 135
Published sequence number: /ndn/pl-site/pl/svs_core/pl=10, 1741620537784
Sending Sync interest
Max suppression time updated to: 135
Received update: /ndn/me-site/me/svs_core/me=10, 1741620539218
Max suppression time updated to: 135
Received update: /ndn/de2-site/de2/svs_core/de2=10, 1741620540841
Max suppression time updated to: 138
Received update: /ndn/sk-site/sk/svs_core/sk=10, 1741620540852
Max suppression time updated to: 138
Received update: /ndn/az-site/az/svs_core/az=10, 1741620540912
Max suppression time updated to: 138
Received update: /ndn/cz-site/cz/svs_core/cz=11, 1741620543846
Received update: /ndn/it-site/it/svs_core/it=10, 1741620543846
Received update: /ndn/mt-site/mt/svs_core/mt=10, 1741620543846
Max suppression time updated to: 138
Received update: /ndn/cy-site/cy/svs_core/cy=11, 1741620544324
Max suppression time updated to: 138
Received update: /ndn/at-site/at/svs_core/at=11, 1741620545033
Max suppression time updated to: 138
Received update: /ndn/lt-site/lt/svs_core/lt=11, 1741620546013
Max suppression time updated to: 138
Received update: /ndn/bg-site/bg/svs_core/bg=11, 1741620548561
Max suppression time updated to: 138
Received update: /ndn/ua-site/ua/svs_core/ua=11, 1741620548741
Max suppression time updated to: 138
Received update: /ndn/si-site/si/svs_core/si=11, 1741620549640
Max suppression time updated to: 138
Received update: /ndn/lv-site/lv/svs_core/lv=11, 1741620553610
Max suppression time updated to: 138
Received update: /ndn/hu-site/hu/svs_core/hu=11, 1741620557083
Received update: /ndn/uk-site/uk/svs_core/uk=11, 1741620557083
Sending Sync interest
Max suppression time updated to: 138
Received update: /ndn/ee-site/ee/svs_core/ee=11, 1741620557353
Max suppression time updated to: 138
Received update: /ndn/gr-site/gr/svs_core/gr=11, 1741620557750
Max suppression time updated to: 135
Received update: /ndn/md-site/md/svs_core/md=11, 1741620557774
Max suppression time updated to: 135
Max suppression time updated to: 135
Max suppression time updated to: 135
Max suppression time updated to: 135
Max suppression time updated to: 135
Max suppression time updated to: 135
Received update: /ndn/fi-site/fi/svs_core/fi=11, 1741620558155
Max suppression time updated to: 135
Received update: /ndn/pt-site/pt/svs_core/pt=11, 1741620558892
Max suppression time updated to: 135
Received update: /ndn/no-site/no/svs_core/no=11, 1741620561076
Max suppression time updated to: 135
Max suppression time updated to: 135
Max suppression time updated to: 135
Max suppression time updated to: 135
Received update: /ndn/hr-site/hr/svs_core/hr=11, 1741620564259
Received update: /ndn/mk-site/mk/svs_core/mk=11, 1741620564259
Max suppression time updated to: 135
Received update: /ndn/rs-site/rs/svs_core/rs=11, 1741620564449
Max suppression time updated to: 135
Received update: /ndn/se-site/se/svs_core/se=11, 1741620564568
Max suppression time updated to: 135
Max suppression time updated to: 135
Received update: /ndn/ge-site/ge/svs_core/ge=11, 1741620567715
Received update: /ndn/is-site/is/svs_core/is=11, 1741620567715
Max suppression time updated to: 135
Received update: /ndn/de1-site/de1/svs_core/de1=11, 1741620568246
Max suppression time updated to: 135
Received update: /ndn/by-site/by/svs_core/by=11, 1741620568423
Max suppression time updated to: 135
Received update: /ndn/ch-site/ch/svs_core/ch=11, 1741620569692
Received update: /ndn/fr1-site/fr1/svs_core/fr1=11, 1741620569692
Max suppression time updated to: 135
Received update: /ndn/tr-site/tr/svs_core/tr=11, 1741620572915
Max suppression time updated to: 135
Max suppression time updated to: 135
Max suppression time updated to: 135
Received update: /ndn/lu-site/lu/svs_core/lu=11, 1741620573390
Max suppression time updated to: 135
Received update: /ndn/ro-site/ro/svs_core/ro=11, 1741620574908
Max suppression time updated to: 135
Received update: /ndn/il-site/il/svs_core/il=11, 1741620575200
Max suppression time updated to: 135
Received update: /ndn/fr2-site/fr2/svs_core/fr2=11, 1741620575352
Max suppression time updated to: 135
Received update: /ndn/am-site/am/svs_core/am=11, 1741620575365
Max suppression time updated to: 135
Received update: /ndn/dk-site/dk/svs_core/dk=11, 1741620577525
Max suppression time updated to: 135
Received update: /ndn/al-site/al/svs_core/al=11, 1741620577825
Max suppression time updated to: 135
Received update: /ndn/nl-site/nl/svs_core/nl=11, 1741620582358
Max suppression time updated to: 135
Received update: /ndn/ie-site/ie/svs_core/ie=11, 1741620582545
Max suppression time updated to: 135
Received update: /ndn/es-site/es/svs_core/es=11, 1741620582609
Max suppression time updated to: 135
Received update: /ndn/be-site/be/svs_core/be=11, 1741620582668
Published sequence number: /ndn/pl-site/pl/svs_core/pl=11, 1741620582786
Sending Sync interest
Max suppression time updated to: 135
Received update: /ndn/me-site/me/svs_core/me=11, 1741620585828
Received update: /ndn/sk-site/sk/svs_core/sk=11, 1741620585828
Max suppression time updated to: 135
Received update: /ndn/cz-site/cz/svs_core/cz=12, 1741620588846
Received update: /ndn/mt-site/mt/svs_core/mt=11, 1741620588846
Received update: /ndn/de2-site/de2/svs_core/de2=11, 1741620588846
Max suppression time updated to: 135
Received update: /ndn/it-site/it/svs_core/it=11, 1741620589058
Max suppression time updated to: 135
Received update: /ndn/at-site/at/svs_core/at=12, 1741620590000
Max suppression time updated to: 135
Received update: /ndn/az-site/az/svs_core/az=11, 1741620590190
Max suppression time updated to: 135
Received update: /ndn/cy-site/cy/svs_core/cy=12, 1741620590356
Max suppression time updated to: 135
Received update: /ndn/ee-site/ee/svs_core/ee=12, 1741620592700
Max suppression time updated to: 135
Received update: /ndn/bg-site/bg/svs_core/bg=12, 1741620594647
Received update: /ndn/si-site/si/svs_core/si=12, 1741620594647
Received update: /ndn/ua-site/ua/svs_core/ua=12, 1741620594647
Max suppression time updated to: 135
Received update: /ndn/lt-site/lt/svs_core/lt=12, 1741620598621
Received update: /ndn/lv-site/lv/svs_core/lv=12, 1741620598621
Sending Sync interest
Max suppression time updated to: 135
Received update: /ndn/hu-site/hu/svs_core/hu=12, 1741620602098
Received update: /ndn/uk-site/uk/svs_core/uk=12, 1741620602098
Max suppression time updated to: 135
Received update: /ndn/gr-site/gr/svs_core/gr=12, 1741620602766
Max suppression time updated to: 135
Received update: /ndn/pt-site/pt/svs_core/pt=12, 1741620603872
Max suppression time updated to: 135
Max suppression time updated to: 135
Max suppression time updated to: 135
Max suppression time updated to: 135
Received update: /ndn/md-site/md/svs_core/md=12, 1741620604204
Max suppression time updated to: 135
Received update: /ndn/no-site/no/svs_core/no=12, 1741620606269
Max suppression time updated to: 135
Max suppression time updated to: 135
Max suppression time updated to: 135
Max suppression time updated to: 135
Max suppression time updated to: 135
Received update: /ndn/hr-site/hr/svs_core/hr=12, 1741620607164
Max suppression time updated to: 135
Received update: /ndn/fi-site/fi/svs_core/fi=12, 1741620609878
Received update: /ndn/mk-site/mk/svs_core/mk=12, 1741620609878
Received update: /ndn/se-site/se/svs_core/se=12, 1741620609878
Max suppression time updated to: 135
Received update: /ndn/by-site/by/svs_core/by=12, 1741620612125
Sending Sync interest
Max suppression time updated to: 135
Max suppression time updated to: 135
Max suppression time updated to: 135
Max suppression time updated to: 135
Received update: /ndn/ge-site/ge/svs_core/ge=12, 1741620612704
Max suppression time updated to: 135
Received update: /ndn/is-site/is/svs_core/is=12, 1741620612842
Max suppression time updated to: 135
Received update: /ndn/ch-site/ch/svs_core/ch=12, 1741620614068
Received update: /ndn/de1-site/de1/svs_core/de1=12, 1741620614068
Max suppression time updated to: 135
Received update: /ndn/rs-site/rs/svs_core/rs=12, 1741620614238
Max suppression time updated to: 135
Received update: /ndn/am-site/am/svs_core/am=12, 1741620614241
Max suppression time updated to: 135
Max suppression time updated to: 135
Max suppression time updated to: 135
Received update: /ndn/fr1-site/fr1/svs_core/fr1=12, 1741620614535
Max suppression time updated to: 135
Received update: /ndn/tr-site/tr/svs_core/tr=12, 1741620617947
Max suppression time updated to: 135
Received update: /ndn/ro-site/ro/svs_core/ro=12, 1741620619925
Max suppression time updated to: 135
Received update: /ndn/lu-site/lu/svs_core/lu=12, 1741620620041
Max suppression time updated to: 135
Max suppression time updated to: 135
Max suppression time updated to: 135
Max suppression time updated to: 135
Received update: /ndn/fr2-site/fr2/svs_core/fr2=12, 1741620620397
Max suppression time updated to: 135
Received update: /ndn/es-site/es/svs_core/es=12, 1741620624097
Received update: /ndn/il-site/il/svs_core/il=12, 1741620624097
Max suppression time updated to: 135
Received update: /ndn/al-site/al/svs_core/al=12, 1741620624313
Max suppression time updated to: 135
Received update: /ndn/dk-site/dk/svs_core/dk=12, 1741620624325
Max suppression time updated to: 135
Published sequence number: /ndn/pl-site/pl/svs_core/pl=12, 1741620627789
Sending Sync interest
Max suppression time updated to: 135
Received update: /ndn/sk-site/sk/svs_core/sk=12, 1741620630856
Sending Sync interest
Max suppression time updated to: 135
Received update: /ndn/az-site/az/svs_core/az=12, 1741620631018
Received update: /ndn/de2-site/de2/svs_core/de2=12, 1741620631018
Max suppression time updated to: 135
Received update: /ndn/nl-site/nl/svs_core/nl=12, 1741620631037
Max suppression time updated to: 135
Max suppression time updated to: 135
Received update: /ndn/be-site/be/svs_core/be=12, 1741620631078
Max suppression time updated to: 132
Max suppression time updated to: 132
Max suppression time updated to: 132
Received update: /ndn/ie-site/ie/svs_core/ie=12, 1741620631215
Sending Sync interest
Max suppression time updated to: 132
Max suppression time updated to: 132
Max suppression time updated to: 132
Max suppression time updated to: 132
Max suppression time updated to: 132
Received update: /ndn/me-site/me/svs_core/me=12, 1741620631447
Max suppression time updated to: 132
Max suppression time updated to: 132
Max suppression time updated to: 132
Max suppression time updated to: 132
Max suppression time updated to: 132
Max suppression time updated to: 132
Max suppression time updated to: 132
Max suppression time updated to: 132
Max suppression time updated to: 132
Received update: /ndn/cz-site/cz/svs_core/cz=13, 1741620633854
Received update: /ndn/it-site/it/svs_core/it=12, 1741620633854
Max suppression time updated to: 132
Received update: /ndn/cy-site/cy/svs_core/cy=13, 1741620634336
Max suppression time updated to: 132
Received update: /ndn/mt-site/mt/svs_core/mt=12, 1741620634579
Max suppression time updated to: 132
Received update: /ndn/at-site/at/svs_core/at=13, 1741620635008
Max suppression time updated to: 132
Received update: /ndn/lt-site/lt/svs_core/lt=13, 1741620635748
Max suppression time updated to: 132
Max suppression time updated to: 132
Max suppression time updated to: 132
Max suppression time updated to: 132
Max suppression time updated to: 132
Max suppression time updated to: 132
Max suppression time updated to: 132
Received update: /ndn/fi-site/fi/svs_core/fi=13, 1741620636215
Max suppression time updated to: 132
Received update: /ndn/ee-site/ee/svs_core/ee=13, 1741620637708
Max suppression time updated to: 132
Max suppression time updated to: 132
Max suppression time updated to: 132
Received update: /ndn/lv-site/lv/svs_core/lv=13, 1741620643621
Max suppression time updated to: 132
Received update: /ndn/uk-site/uk/svs_core/uk=13, 1741620644969
Max suppression time updated to: 132
Max suppression time updated to: 132
Max suppression time updated to: 132
Max suppression time updated to: 132
Max suppression time updated to: 132
Received update: /ndn/bg-site/bg/svs_core/bg=13, 1741620645134
Max suppression time updated to: 132
Received update: /ndn/si-site/si/svs_core/si=13, 1741620645170
Max suppression time updated to: 132
Received update: /ndn/hu-site/hu/svs_core/hu=13, 1741620647110
Max suppression time updated to: 132
Received update: /ndn/gr-site/gr/svs_core/gr=13, 1741620647778
Max suppression time updated to: 132
Received update: /ndn/pt-site/pt/svs_core/pt=13, 1741620648891
Max suppression time updated to: 132
Received update: /ndn/no-site/no/svs_core/no=13, 1741620651083
Max suppression time updated to: 132
Max suppression time updated to: 132
Max suppression time updated to: 132
Max suppression time updated to: 132
Max suppression time updated to: 132
Max suppression time updated to: 132
Max suppression time updated to: 132
Max suppression time updated to: 132
Received update: /ndn/md-site/md/svs_core/md=13, 1741620651466
Max suppression time updated to: 132
Received update: /ndn/ua-site/ua/svs_core/ua=13, 1741620651532
Max suppression time updated to: 132
Received update: /ndn/hr-site/hr/svs_core/hr=13, 1741620652177
Max suppression time updated to: 132
Max suppression time updated to: 132
Max suppression time updated to: 132
Max suppression time updated to: 132
Received update: /ndn/rs-site/rs/svs_core/rs=13, 1741620653387
Max suppression time updated to: 132
Max suppression time updated to: 132
Max suppression time updated to: 132
Max suppression time updated to: 132
Max suppression time updated to: 132
Received update: /ndn/se-site/se/svs_core/se=13, 1741620654201
Max suppression time updated to: 132
Max suppression time updated to: 135
Max suppression time updated to: 138
Max suppression time updated to: 141
Max suppression time updated to: 141
Max suppression time updated to: 141
Received update: /ndn/by-site/by/svs_core/by=13, 1741620657143
Max suppression time updated to: 141
Received update: /ndn/is-site/is/svs_core/is=13, 1741620657451
Max suppression time updated to: 141
Received update: /ndn/de1-site/de1/svs_core/de1=13, 1741620658254
Max suppression time updated to: 141
Received update: /ndn/ge-site/ge/svs_core/ge=13, 1741620658439
Max suppression time updated to: 141
Received update: /ndn/ch-site/ch/svs_core/ch=13, 1741620659085
Received update: /ndn/mk-site/mk/svs_core/mk=13, 1741620659085
Max suppression time updated to: 141
Received update: /ndn/am-site/am/svs_core/am=13, 1741620659229
Max suppression time updated to: 141
Max suppression time updated to: 141
Max suppression time updated to: 141
Max suppression time updated to: 141
Max suppression time updated to: 141
Max suppression time updated to: 141
Max suppression time updated to: 141
Max suppression time updated to: 141
Max suppression time updated to: 141
Received update: /ndn/fr1-site/fr1/svs_core/fr1=13, 1741620662509
Max suppression time updated to: 141
Received update: /ndn/tr-site/tr/svs_core/tr=13, 1741620665538
Max suppression time updated to: 141
Received update: /ndn/lu-site/lu/svs_core/lu=13, 1741620665992
Max suppression time updated to: 141
Max suppression time updated to: 141
Max suppression time updated to: 141
Max suppression time updated to: 141
Received update: /ndn/il-site/il/svs_core/il=13, 1741620668007
Received update: /ndn/ro-site/ro/svs_core/ro=13, 1741620668007
Received update: /ndn/fr2-site/fr2/svs_core/fr2=13, 1741620668007
Max suppression time updated to: 141
Received update: /ndn/dk-site/dk/svs_core/dk=13, 1741620670186
Max suppression time updated to: 141
Max suppression time updated to: 141
Max suppression time updated to: 141
Max suppression time updated to: 141
Max suppression time updated to: 141
Max suppression time updated to: 141
Received update: /ndn/be-site/be/svs_core/be=13, 1741620673898
Max suppression time updated to: 141
Received update: /ndn/ie-site/ie/svs_core/ie=13, 1741620675162
Received update: /ndn/nl-site/nl/svs_core/nl=13, 1741620675162
Max suppression time updated to: 141
Received update: /ndn/es-site/es/svs_core/es=13, 1741620675185
Max suppression time updated to: 141
Published sequence number: /ndn/pl-site/pl/svs_core/pl=13, 1741620675392
Max suppression time updated to: 141
Max suppression time updated to: 141
Received update: /ndn/al-site/al/svs_core/al=13, 1741620675413
Max suppression time updated to: 141
Sending Sync interest
Max suppression time updated to: 141
Received update: /ndn/az-site/az/svs_core/az=13, 1741620678602
Received update: /ndn/me-site/me/svs_core/me=13, 1741620678602
Received update: /ndn/de2-site/de2/svs_core/de2=13, 1741620678602
Max suppression time updated to: 141
Received update: /ndn/sk-site/sk/svs_core/sk=13, 1741620678781
Max suppression time updated to: 141
Received update: /ndn/mt-site/mt/svs_core/mt=13, 1741620679781
Max suppression time updated to: 141
Received update: /ndn/it-site/it/svs_core/it=13, 1741620681109
Max suppression time updated to: 141
Received update: /ndn/cz-site/cz/svs_core/cz=14, 1741620681496
Max suppression time updated to: 141
Received update: /ndn/at-site/at/svs_core/at=14, 1741620682621
Received update: /ndn/cy-site/cy/svs_core/cy=14, 1741620682621
Max suppression time updated to: 141
Received update: /ndn/fi-site/fi/svs_core/fi=14, 1741620682678
Max suppression time updated to: 141
Max suppression time updated to: 141
Max suppression time updated to: 141
Max suppression time updated to: 141
Max suppression time updated to: 141
Received update: /ndn/ee-site/ee/svs_core/ee=14, 1741620685311
Max suppression time updated to: 141
Received update: /ndn/ua-site/ua/svs_core/ua=14, 1741620685445
Max suppression time updated to: 141
Received update: /ndn/lt-site/lt/svs_core/lt=14, 1741620685446
Max suppression time updated to: 141
Max suppression time updated to: 141
Sending Sync interest
Max suppression time updated to: 141
Max suppression time updated to: 141
Received update: /ndn/bg-site/bg/svs_core/bg=14, 1741620686223
Max suppression time updated to: 141
Received update: /ndn/si-site/si/svs_core/si=14, 1741620687254
Max suppression time updated to: 141
Received update: /ndn/uk-site/uk/svs_core/uk=14, 1741620707983
Max suppression time updated to: 141
Received update: /ndn/hu-site/hu/svs_core/hu=14, 1741620710099
Max suppression time updated to: 141
Received update: /ndn/lv-site/lv/svs_core/lv=14, 1741620710335
Max suppression time updated to: 141
Max suppression time updated to: 141
Max suppression time updated to: 141
Max suppression time updated to: 141
Received update: /ndn/md-site/md/svs_core/md=14, 1741620710798
Max suppression time updated to: 141
Received update: /ndn/gr-site/gr/svs_core/gr=14, 1741620711110
Max suppression time updated to: 141
Received update: /ndn/pt-site/pt/svs_core/pt=14, 1741620711862
Max suppression time updated to: 141
Received update: /ndn/no-site/no/svs_core/no=14, 1741620714103
Max suppression time updated to: 141
Max suppression time updated to: 141
Max suppression time updated to: 141
Max suppression time updated to: 141
Received update: /ndn/hr-site/hr/svs_core/hr=14, 1741620717420
Received update: /ndn/mk-site/mk/svs_core/mk=14, 1741620717420
Max suppression time updated to: 141
Received update: /ndn/by-site/by/svs_core/by=14, 1741620720114
Max suppression time updated to: 141
Received update: /ndn/se-site/se/svs_core/se=14, 1741620720425
Max suppression time updated to: 141
Received update: /ndn/is-site/is/svs_core/is=14, 1741620720436
Max suppression time updated to: 141
Received update: /ndn/rs-site/rs/svs_core/rs=14, 1741620720654
Max suppression time updated to: 141
Received update: /ndn/ge-site/ge/svs_core/ge=14, 1741620720712
Max suppression time updated to: 144
Received update: /ndn/ch-site/ch/svs_core/ch=14, 1741620722122
Max suppression time updated to: 144
Received update: /ndn/am-site/am/svs_core/am=14, 1741620722202
Max suppression time updated to: 144
Received update: /ndn/de1-site/de1/svs_core/de1=14, 1741620722276
Max suppression time updated to: 144
Received update: /ndn/fr1-site/fr1/svs_core/fr1=14, 1741620722505
Max suppression time updated to: 144
Max suppression time updated to: 144
Max suppression time updated to: 144
Max suppression time updated to: 144
Received update: /ndn/lu-site/lu/svs_core/lu=14, 1741620726399
Received update: /ndn/tr-site/tr/svs_core/tr=14, 1741620726399
Max suppression time updated to: 144
Received update: /ndn/il-site/il/svs_core/il=14, 1741620728175
Max suppression time updated to: 144
Received update: /ndn/al-site/al/svs_core/al=14, 1741620728787
Received update: /ndn/ro-site/ro/svs_core/ro=14, 1741620728787
Received update: /ndn/fr2-site/fr2/svs_core/fr2=14, 1741620728787
Max suppression time updated to: 144
Max suppression time updated to: 144
Received update: /ndn/be-site/be/svs_core/be=14, 1741620734281
Received update: /ndn/dk-site/dk/svs_core/dk=14, 1741620734281
Max suppression time updated to: 144
Received update: /ndn/nl-site/nl/svs_core/nl=14, 1741620735300
Max suppression time updated to: 144
Received update: /ndn/es-site/es/svs_core/es=14, 1741620735512
Max suppression time updated to: 144
Max suppression time updated to: 144
Published sequence number: /ndn/pl-site/pl/svs_core/pl=14, 1741620735775
Sending Sync interest
Max suppression time updated to: 147
Received update: /ndn/az-site/az/svs_core/az=14, 1741620736527
Max suppression time updated to: 147
Received update: /ndn/de2-site/de2/svs_core/de2=14, 1741620738866
Max suppression time updated to: 147
Received update: /ndn/it-site/it/svs_core/it=14, 1741620741696
Received update: /ndn/mt-site/mt/svs_core/mt=14, 1741620741696
Max suppression time updated to: 144
Received update: /ndn/cz-site/cz/svs_core/cz=15, 1741620741849
Received update: /ndn/sk-site/sk/svs_core/sk=14, 1741620741849
Max suppression time updated to: 144
Received update: /ndn/ie-site/ie/svs_core/ie=14, 1741620741924
Max suppression time updated to: 144
Sending Sync interest
Max suppression time updated to: 144
Max suppression time updated to: 144
Max suppression time updated to: 144
Received update: /ndn/me-site/me/svs_core/me=14, 1741620742330
Max suppression time updated to: 144
Received update: /ndn/cy-site/cy/svs_core/cy=15, 1741620742353
Max suppression time updated to: 144
Received update: /ndn/at-site/at/svs_core/at=15, 1741620743007
Max suppression time updated to: 144
Received update: /ndn/ee-site/ee/svs_core/ee=15, 1741620745704
Max suppression time updated to: 144
Max suppression time updated to: 144
Max suppression time updated to: 144
Received update: /ndn/lt-site/lt/svs_core/lt=15, 1741620745902
Max suppression time updated to: 144
Max suppression time updated to: 144
Max suppression time updated to: 144
Received update: /ndn/bg-site/bg/svs_core/bg=15, 1741620746783
Received update: /ndn/ua-site/ua/svs_core/ua=15, 1741620746783
Max suppression time updated to: 144
Received update: /ndn/lv-site/lv/svs_core/lv=15, 1741620751653
Max suppression time updated to: 144
Received update: /ndn/si-site/si/svs_core/si=15, 1741620751778
Max suppression time updated to: 144
Max suppression time updated to: 144
Max suppression time updated to: 144
Received update: /ndn/gr-site/gr/svs_core/gr=15, 1741620755778
Received update: /ndn/hu-site/hu/svs_core/hu=15, 1741620755778
Received update: /ndn/uk-site/uk/svs_core/uk=15, 1741620755778
Max suppression time updated to: 144
Received update: /ndn/pt-site/pt/svs_core/pt=15, 1741620756868
Max suppression time updated to: 144
Received update: /ndn/md-site/md/svs_core/md=15, 1741620756999
Max suppression time updated to: 144
Received update: /ndn/mk-site/mk/svs_core/mk=15, 1741620762236
Max suppression time updated to: 144
Received update: /ndn/hr-site/hr/svs_core/hr=15, 1741620762368
Max suppression time updated to: 144
Max suppression time updated to: 144
Received update: /ndn/rs-site/rs/svs_core/rs=15, 1741620762483
Max suppression time updated to: 144
Received update: /ndn/fi-site/fi/svs_core/fi=15, 1741620762626
Received update: /ndn/no-site/no/svs_core/no=15, 1741620762626
Received update: /ndn/se-site/se/svs_core/se=15, 1741620762626
Max suppression time updated to: 144
Received update: /ndn/is-site/is/svs_core/is=15, 1741620765448
Max suppression time updated to: 144
Received update: /ndn/ge-site/ge/svs_core/ge=15, 1741620765725
Max suppression time updated to: 144
Max suppression time updated to: 144
Max suppression time updated to: 144
Received update: /ndn/by-site/by/svs_core/by=15, 1741620766184
Max suppression time updated to: 144
Received update: /ndn/de1-site/de1/svs_core/de1=15, 1741620766251
Max suppression time updated to: 144
Max suppression time updated to: 144
Max suppression time updated to: 144
Max suppression time updated to: 144
Max suppression time updated to: 147
Max suppression time updated to: 147
Received update: /ndn/ch-site/ch/svs_core/ch=15, 1741620767112
Max suppression time updated to: 147
Received update: /ndn/tr-site/tr/svs_core/tr=15, 1741620786387
Max suppression time updated to: 147
Received update: /ndn/lu-site/lu/svs_core/lu=15, 1741620786873
Max suppression time updated to: 147
Received update: /ndn/ro-site/ro/svs_core/ro=15, 1741620788411
Max suppression time updated to: 147
Max suppression time updated to: 147
Received update: /ndn/il-site/il/svs_core/il=15, 1741620788625
Max suppression time updated to: 147
Received update: /ndn/fr1-site/fr1/svs_core/fr1=15, 1741620788638
Max suppression time updated to: 147
Received update: /ndn/am-site/am/svs_core/am=15, 1741620788821
Max suppression time updated to: 147
Max suppression time updated to: 147
Max suppression time updated to: 147
Max suppression time updated to: 147
Max suppression time updated to: 147
Max suppression time updated to: 147
Received update: /ndn/fr2-site/fr2/svs_core/fr2=15, 1741620789294
Max suppression time updated to: 147
Received update: /ndn/dk-site/dk/svs_core/dk=15, 1741620791033
Max suppression time updated to: 147
Received update: /ndn/al-site/al/svs_core/al=15, 1741620791216
Max suppression time updated to: 147
Received update: /ndn/nl-site/nl/svs_core/nl=15, 1741620795805
Max suppression time updated to: 147
Max suppression time updated to: 147
Max suppression time updated to: 147
Received update: /ndn/es-site/es/svs_core/es=15, 1741620796190
Published sequence number: /ndn/pl-site/pl/svs_core/pl=15, 1741620796264
Sending Sync interest
Max suppression time updated to: 147
Received update: /ndn/be-site/be/svs_core/be=15, 1741620796567
Max suppression time updated to: 147
Received update: /ndn/ie-site/ie/svs_core/ie=15, 1741620796616
Max suppression time updated to: 147
Max suppression time updated to: 147
Received update: /ndn/me-site/me/svs_core/me=15, 1741620797713
Sending Sync interest
Max suppression time updated to: 147
Received update: /ndn/az-site/az/svs_core/az=15, 1741620797863
Max suppression time updated to: 147
Max suppression time updated to: 147
Max suppression time updated to: 147
Max suppression time updated to: 147
Max suppression time updated to: 147
Received update: /ndn/it-site/it/svs_core/it=15, 1741620801994
Max suppression time updated to: 147
Received update: /ndn/de2-site/de2/svs_core/de2=15, 1741620802116
Max suppression time updated to: 147
Received update: /ndn/sk-site/sk/svs_core/sk=15, 1741620802182
Max suppression time updated to: 147
Received update: /ndn/cz-site/cz/svs_core/cz=16, 1741620802333
Max suppression time updated to: 147
Received update: /ndn/mt-site/mt/svs_core/mt=15, 1741620802395
Max suppression time updated to: 147
Max suppression time updated to: 147
Max suppression time updated to: 147
Max suppression time updated to: 147
Received update: /ndn/cy-site/cy/svs_core/cy=16, 1741620802811
Max suppression time updated to: 147
Received update: /ndn/at-site/at/svs_core/at=16, 1741620803501
Max suppression time updated to: 147
Received update: /ndn/lt-site/lt/svs_core/lt=16, 1741620804168
Max suppression time updated to: 147
Received update: /ndn/ua-site/ua/svs_core/ua=16, 1741620806316
Sending Sync interest
Max suppression time updated to: 147
Max suppression time updated to: 147
Received update: /ndn/bg-site/bg/svs_core/bg=16, 1741620807074
Max suppression time updated to: 147
Received update: /ndn/fi-site/fi/svs_core/fi=16, 1741620807371
Max suppression time updated to: 147
Received update: /ndn/ee-site/ee/svs_core/ee=16, 1741620807590
Max suppression time updated to: 147
Sending Sync interest
Max suppression time updated to: 147
Received update: /ndn/si-site/si/svs_core/si=16, 1741620808835
Max suppression time updated to: 147
Max suppression time updated to: 147
Max suppression time updated to: 147
Max suppression time updated to: 147
Received update: /ndn/uk-site/uk/svs_core/uk=16, 1741620829148
Max suppression time updated to: 147
Received update: /ndn/hu-site/hu/svs_core/hu=16, 1741620831151
Max suppression time updated to: 147
Received update: /ndn/gr-site/gr/svs_core/gr=16, 1741620831822
Max suppression time updated to: 147
Received update: /ndn/pt-site/pt/svs_core/pt=16, 1741620832939
Max suppression time updated to: 147
Received update: /ndn/lv-site/lv/svs_core/lv=16, 1741620833187
Max suppression time updated to: 147
Received update: /ndn/md-site/md/svs_core/md=16, 1741620833452
Sending Sync interest
Max suppression time updated to: 147
Max suppression time updated to: 147
Received update: /ndn/hr-site/hr/svs_core/hr=16, 1741620836217
Max suppression time updated to: 147
Received update: /ndn/no-site/no/svs_core/no=16, 1741620837434
Received update: /ndn/rs-site/rs/svs_core/rs=16, 1741620837434
Max suppression time updated to: 147
Received update: /ndn/se-site/se/svs_core/se=16, 1741620838300
Max suppression time updated to: 147
Received update: /ndn/mk-site/mk/svs_core/mk=16, 1741620838326
Max suppression time updated to: 147
Max suppression time updated to: 147
Max suppression time updated to: 147
Received update: /ndn/is-site/is/svs_core/is=16, 1741620841502
Max suppression time updated to: 147
Max suppression time updated to: 147
Received update: /ndn/by-site/by/svs_core/by=16, 1741620841715
Max suppression time updated to: 147
Max suppression time updated to: 147
Max suppression time updated to: 147
Max suppression time updated to: 147
Max suppression time updated to: 147
Max suppression time updated to: 147
Received update: /ndn/de1-site/de1/svs_core/de1=16, 1741620842348
Max suppression time updated to: 147
Received update: /ndn/ge-site/ge/svs_core/ge=16, 1741620842535
Max suppression time updated to: 150
Sending Sync interest
Max suppression time updated to: 150
Max suppression time updated to: 150
Received update: /ndn/fr1-site/fr1/svs_core/fr1=16, 1741620843569
Max suppression time updated to: 150
Received update: /ndn/ch-site/ch/svs_core/ch=16, 1741620849205
Received update: /ndn/il-site/il/svs_core/il=16, 1741620849205
Max suppression time updated to: 150
Received update: /ndn/ro-site/ro/svs_core/ro=16, 1741620849413
Max suppression time updated to: 150
Received update: /ndn/tr-site/tr/svs_core/tr=16, 1741620849573
Max suppression time updated to: 150
Received update: /ndn/lu-site/lu/svs_core/lu=16, 1741620849605
Max suppression time updated to: 150
Received update: /ndn/am-site/am/svs_core/am=16, 1741620849733
Received update: /ndn/fr2-site/fr2/svs_core/fr2=16, 1741620849733
Max suppression time updated to: 150
Max suppression time updated to: 150
Max suppression time updated to: 150
Max suppression time updated to: 150
Max suppression time updated to: 150
Max suppression time updated to: 150
Max suppression time updated to: 150
Received update: /ndn/dk-site/dk/svs_core/dk=16, 1741620851578
Max suppression time updated to: 150
Received update: /ndn/es-site/es/svs_core/es=16, 1741620853176
Max suppression time updated to: 150
Received update: /ndn/be-site/be/svs_core/be=16, 1741620855337
Max suppression time updated to: 150
Max suppression time updated to: 150
Max suppression time updated to: 150
Received update: /ndn/al-site/al/svs_core/al=16, 1741620855504
Max suppression time updated to: 150
Max suppression time updated to: 150
Max suppression time updated to: 150
Max suppression time updated to: 150
Received update: /ndn/nl-site/nl/svs_core/nl=16, 1741620856370
Published sequence number: /ndn/pl-site/pl/svs_core/pl=16, 1741620856838
Sending Sync interest
Max suppression time updated to: 150
Received update: /ndn/ie-site/ie/svs_core/ie=16, 1741620856987
Max suppression time updated to: 150
Max suppression time updated to: 150
Max suppression time updated to: 150
Max suppression time updated to: 150
Received update: /ndn/me-site/me/svs_core/me=16, 1741620858272
Max suppression time updated to: 150
Received update: /ndn/sk-site/sk/svs_core/sk=16, 1741620859904
Max suppression time updated to: 150
Received update: /ndn/mt-site/mt/svs_core/mt=16, 1741620861217
Received update: /ndn/de2-site/de2/svs_core/de2=16, 1741620861217
Max suppression time updated to: 150
Received update: /ndn/az-site/az/svs_core/az=16, 1741620862540
Received update: /ndn/it-site/it/svs_core/it=16, 1741620862540
Max suppression time updated to: 150
Max suppression time updated to: 150
Max suppression time updated to: 150
Stopping SVS client: /ndn/pl-site/pl/svs_core/pl
