SVS client starting: /ndn/pt-site/pt/svs_core/pt
Max suppression time updated to: 66
Max suppression time updated to: 99
Max suppression time updated to: 99
Max suppression time updated to: 105
Max suppression time updated to: 111
Max suppression time updated to: 99
Max suppression time updated to: 99
Max suppression time updated to: 99
Max suppression time updated to: 102
Max suppression time updated to: 108
Max suppression time updated to: 108
Max suppression time updated to: 114
Max suppression time updated to: 108
Max suppression time updated to: 105
Max suppression time updated to: 108
Max suppression time updated to: 105
Max suppression time updated to: 117
Max suppression time updated to: 114
Max suppression time updated to: 111
Max suppression time updated to: 117
Max suppression time updated to: 117
Max suppression time updated to: 120
Max suppression time updated to: 120
Max suppression time updated to: 120
Sending Sync interest
Max suppression time updated to: 123
Max suppression time updated to: 120
Max suppression time updated to: 123
Max suppression time updated to: 129
Max suppression time updated to: 132
Max suppression time updated to: 135
Max suppression time updated to: 135
Max suppression time updated to: 132
Max suppression time updated to: 135
Max suppression time updated to: 135
Max suppression time updated to: 138
Max suppression time updated to: 138
Max suppression time updated to: 141
Max suppression time updated to: 141
Max suppression time updated to: 144
Max suppression time updated to: 144
Max suppression time updated to: 147
Max suppression time updated to: 150
Received update: /ndn/cy-site/cy/svs_core/cy=1, 1741620094316
Max suppression time updated to: 150
Received update: /ndn/cz-site/cz/svs_core/cz=1, 1741620094456
Max suppression time updated to: 150
Max suppression time updated to: 150
Max suppression time updated to: 150
Received update: /ndn/at-site/at/svs_core/at=1, 1741620094982
Max suppression time updated to: 150
Received update: /ndn/fi-site/fi/svs_core/fi=1, 1741620095697
Received update: /ndn/lt-site/lt/svs_core/lt=1, 1741620095697
Max suppression time updated to: 150
Max suppression time updated to: 150
Max suppression time updated to: 153
Received update: /ndn/ee-site/ee/svs_core/ee=1, 1741620097681
Max suppression time updated to: 153
Received update: /ndn/ua-site/ua/svs_core/ua=1, 1741620097807
Max suppression time updated to: 156
Received update: /ndn/bg-site/bg/svs_core/bg=1, 1741620098543
Max suppression time updated to: 159
Received update: /ndn/si-site/si/svs_core/si=1, 1741620099598
Max suppression time updated to: 159
Received update: /ndn/lv-site/lv/svs_core/lv=1, 1741620103614
Max suppression time updated to: 159
Max suppression time updated to: 159
Max suppression time updated to: 159
Max suppression time updated to: 159
Max suppression time updated to: 156
Max suppression time updated to: 156
Max suppression time updated to: 156
Max suppression time updated to: 153
Received update: /ndn/uk-site/uk/svs_core/uk=1, 1741620104833
Max suppression time updated to: 153
Received update: /ndn/hu-site/hu/svs_core/hu=1, 1741620107053
Max suppression time updated to: 156
Received update: /ndn/gr-site/gr/svs_core/gr=1, 1741620107726
Max suppression time updated to: 156
Received update: /ndn/md-site/md/svs_core/md=1, 1741620107737
Max suppression time updated to: 156
Max suppression time updated to: 156
Max suppression time updated to: 156
Published sequence number: /ndn/pt-site/pt/svs_core/pt=1, 1741620108743
Sending Sync interest
Max suppression time updated to: 156
Received update: /ndn/no-site/no/svs_core/no=1, 1741620111026
Max suppression time updated to: 159
Received update: /ndn/hr-site/hr/svs_core/hr=1, 1741620112134
Max suppression time updated to: 159
Max suppression time updated to: 159
Max suppression time updated to: 159
Max suppression time updated to: 159
Received update: /ndn/se-site/se/svs_core/se=1, 1741620114131
Max suppression time updated to: 159
Received update: /ndn/mk-site/mk/svs_core/mk=1, 1741620114214
Max suppression time updated to: 159
Received update: /ndn/rs-site/rs/svs_core/rs=1, 1741620114343
Max suppression time updated to: 162
Received update: /ndn/by-site/by/svs_core/by=1, 1741620117121
Max suppression time updated to: 159
Received update: /ndn/is-site/is/svs_core/is=1, 1741620117375
Max suppression time updated to: 159
Received update: /ndn/ge-site/ge/svs_core/ge=1, 1741620117660
Max suppression time updated to: 159
Received update: /ndn/ch-site/ch/svs_core/ch=1, 1741620118993
Max suppression time updated to: 159
Received update: /ndn/de1-site/de1/svs_core/de1=1, 1741620119142
Max suppression time updated to: 159
Received update: /ndn/am-site/am/svs_core/am=1, 1741620119174
Max suppression time updated to: 159
Max suppression time updated to: 159
Received update: /ndn/tr-site/tr/svs_core/tr=1, 1741620122885
Max suppression time updated to: 159
Received update: /ndn/fr1-site/fr1/svs_core/fr1=1, 1741620122929
Max suppression time updated to: 159
Max suppression time updated to: 159
Received update: /ndn/lu-site/lu/svs_core/lu=1, 1741620123354
Max suppression time updated to: 162
Received update: /ndn/ro-site/ro/svs_core/ro=1, 1741620124912
Max suppression time updated to: 162
Received update: /ndn/il-site/il/svs_core/il=1, 1741620125094
Max suppression time updated to: 159
Received update: /ndn/fr2-site/fr2/svs_core/fr2=1, 1741620125279
Max suppression time updated to: 162
Received update: /ndn/al-site/al/svs_core/al=1, 1741620125693
Max suppression time updated to: 159
Received update: /ndn/es-site/es/svs_core/es=1, 1741620128960
Max suppression time updated to: 159
Received update: /ndn/dk-site/dk/svs_core/dk=1, 1741620129074
Max suppression time updated to: 159
Max suppression time updated to: 159
Max suppression time updated to: 159
Max suppression time updated to: 159
Received update: /ndn/be-site/be/svs_core/be=1, 1741620131232
Max suppression time updated to: 162
Received update: /ndn/nl-site/nl/svs_core/nl=1, 1741620132240
Max suppression time updated to: 162
Received update: /ndn/az-site/az/svs_core/az=1, 1741620133424
Max suppression time updated to: 162
Received update: /ndn/pl-site/pl/svs_core/pl=1, 1741620133591
Max suppression time updated to: 162
Received update: /ndn/me-site/me/svs_core/me=1, 1741620134245
Max suppression time updated to: 162
Max suppression time updated to: 165
Received update: /ndn/ie-site/ie/svs_core/ie=1, 1741620134429
Max suppression time updated to: 165
Received update: /ndn/sk-site/sk/svs_core/sk=1, 1741620135822
Max suppression time updated to: 165
Received update: /ndn/de2-site/de2/svs_core/de2=1, 1741620135873
Max suppression time updated to: 168
Received update: /ndn/mt-site/mt/svs_core/mt=1, 1741620137121
Max suppression time updated to: 168
Received update: /ndn/cy-site/cy/svs_core/cy=2, 1741620139700
Received update: /ndn/cz-site/cz/svs_core/cz=2, 1741620139700
Received update: /ndn/it-site/it/svs_core/it=1, 1741620139700
Max suppression time updated to: 168
Received update: /ndn/at-site/at/svs_core/at=2, 1741620140654
Received update: /ndn/lt-site/lt/svs_core/lt=2, 1741620140654
Max suppression time updated to: 168
Received update: /ndn/ua-site/ua/svs_core/ua=2, 1741620142873
Max suppression time updated to: 168
Max suppression time updated to: 168
Received update: /ndn/bg-site/bg/svs_core/bg=2, 1741620143503
Received update: /ndn/fi-site/fi/svs_core/fi=2, 1741620143503
Max suppression time updated to: 168
Received update: /ndn/ee-site/ee/svs_core/ee=2, 1741620144590
Received update: /ndn/si-site/si/svs_core/si=2, 1741620144590
Published sequence number: /ndn/pt-site/pt/svs_core/pt=2, 1741620153746
Sending Sync interest
Max suppression time updated to: 168
Received update: /ndn/gr-site/gr/svs_core/gr=2, 1741620154053
Received update: /ndn/hu-site/hu/svs_core/hu=2, 1741620154053
Received update: /ndn/lv-site/lv/svs_core/lv=2, 1741620154053
Received update: /ndn/uk-site/uk/svs_core/uk=2, 1741620154053
Max suppression time updated to: 168
Max suppression time updated to: 168
Max suppression time updated to: 168
Received update: /ndn/no-site/no/svs_core/no=2, 1741620156000
Max suppression time updated to: 171
Received update: /ndn/hr-site/hr/svs_core/hr=2, 1741620157303
Received update: /ndn/md-site/md/svs_core/md=2, 1741620157303
Max suppression time updated to: 171
Max suppression time updated to: 171
Received update: /ndn/se-site/se/svs_core/se=2, 1741620159144
Max suppression time updated to: 171
Received update: /ndn/mk-site/mk/svs_core/mk=2, 1741620159220
Sending Sync interest
Max suppression time updated to: 171
Max suppression time updated to: 171
Max suppression time updated to: 171
Received update: /ndn/is-site/is/svs_core/is=2, 1741620162382
Max suppression time updated to: 171
Received update: /ndn/ge-site/ge/svs_core/ge=2, 1741620163202
Received update: /ndn/de1-site/de1/svs_core/de1=2, 1741620163202
Max suppression time updated to: 171
Received update: /ndn/by-site/by/svs_core/by=2, 1741620163403
Max suppression time updated to: 171
Received update: /ndn/ch-site/ch/svs_core/ch=2, 1741620164006
Max suppression time updated to: 171
Received update: /ndn/rs-site/rs/svs_core/rs=2, 1741620164245
Max suppression time updated to: 174
Received update: /ndn/fr1-site/fr1/svs_core/fr1=2, 1741620164528
Max suppression time updated to: 174
Received update: /ndn/am-site/am/svs_core/am=2, 1741620168045
Received update: /ndn/tr-site/tr/svs_core/tr=2, 1741620168045
Max suppression time updated to: 174
Received update: /ndn/ro-site/ro/svs_core/ro=2, 1741620169901
Max suppression time updated to: 174
Received update: /ndn/lu-site/lu/svs_core/lu=2, 1741620170018
Max suppression time updated to: 174
Received update: /ndn/fr2-site/fr2/svs_core/fr2=2, 1741620170316
Max suppression time updated to: 174
Received update: /ndn/il-site/il/svs_core/il=2, 1741620170354
Max suppression time updated to: 171
Max suppression time updated to: 171
Received update: /ndn/es-site/es/svs_core/es=2, 1741620173994
Sending Sync interest
Max suppression time updated to: 171
Max suppression time updated to: 171
Received update: /ndn/al-site/al/svs_core/al=2, 1741620174171
Max suppression time updated to: 171
Max suppression time updated to: 171
Max suppression time updated to: 171
Received update: /ndn/dk-site/dk/svs_core/dk=2, 1741620174196
Max suppression time updated to: 171
Max suppression time updated to: 171
Max suppression time updated to: 171
Max suppression time updated to: 171
Max suppression time updated to: 171
Max suppression time updated to: 171
Max suppression time updated to: 171
Max suppression time updated to: 171
Received update: /ndn/be-site/be/svs_core/be=2, 1741620177221
Received update: /ndn/nl-site/nl/svs_core/nl=2, 1741620177221
Max suppression time updated to: 171
Received update: /ndn/pl-site/pl/svs_core/pl=2, 1741620180831
Received update: /ndn/sk-site/sk/svs_core/sk=2, 1741620180831
Max suppression time updated to: 171
Received update: /ndn/de2-site/de2/svs_core/de2=2, 1741620180862
Max suppression time updated to: 171
Received update: /ndn/ie-site/ie/svs_core/ie=2, 1741620181014
Max suppression time updated to: 171
Received update: /ndn/az-site/az/svs_core/az=2, 1741620181082
Max suppression time updated to: 171
Max suppression time updated to: 171
Max suppression time updated to: 171
Max suppression time updated to: 171
Received update: /ndn/me-site/me/svs_core/me=2, 1741620181523
Max suppression time updated to: 171
Max suppression time updated to: 171
Max suppression time updated to: 171
Received update: /ndn/it-site/it/svs_core/it=2, 1741620183656
Received update: /ndn/mt-site/mt/svs_core/mt=2, 1741620183656
Max suppression time updated to: 171
Received update: /ndn/cz-site/cz/svs_core/cz=3, 1741620183810
Max suppression time updated to: 171
Received update: /ndn/cy-site/cy/svs_core/cy=3, 1741620184294
Max suppression time updated to: 171
Received update: /ndn/at-site/at/svs_core/at=3, 1741620189611
Received update: /ndn/si-site/si/svs_core/si=3, 1741620189611
Max suppression time updated to: 171
Received update: /ndn/bg-site/bg/svs_core/bg=3, 1741620189794
Max suppression time updated to: 171
Received update: /ndn/lt-site/lt/svs_core/lt=3, 1741620189977
Max suppression time updated to: 171
Received update: /ndn/ee-site/ee/svs_core/ee=3, 1741620189989
Max suppression time updated to: 171
Received update: /ndn/ua-site/ua/svs_core/ua=3, 1741620190174
Max suppression time updated to: 174
Max suppression time updated to: 171
Max suppression time updated to: 171
Max suppression time updated to: 174
Received update: /ndn/lv-site/lv/svs_core/lv=3, 1741620195118
Received update: /ndn/uk-site/uk/svs_core/uk=3, 1741620195118
Max suppression time updated to: 174
Received update: /ndn/hu-site/hu/svs_core/hu=3, 1741620197065
Sending Sync interest
Max suppression time updated to: 174
Max suppression time updated to: 174
Received update: /ndn/md-site/md/svs_core/md=3, 1741620197775
Published sequence number: /ndn/pt-site/pt/svs_core/pt=3, 1741620198752
Sending Sync interest
Max suppression time updated to: 174
Received update: /ndn/no-site/no/svs_core/no=3, 1741620201010
Max suppression time updated to: 174
Max suppression time updated to: 174
Max suppression time updated to: 174
Max suppression time updated to: 174
Max suppression time updated to: 171
Max suppression time updated to: 174
Max suppression time updated to: 174
Sending Sync interest
Max suppression time updated to: 174
Received update: /ndn/fi-site/fi/svs_core/fi=3, 1741620201559
Max suppression time updated to: 174
Received update: /ndn/gr-site/gr/svs_core/gr=3, 1741620201770
Max suppression time updated to: 174
Received update: /ndn/hr-site/hr/svs_core/hr=3, 1741620204222
Received update: /ndn/mk-site/mk/svs_core/mk=3, 1741620204222
Max suppression time updated to: 174
Received update: /ndn/is-site/is/svs_core/is=3, 1741620207382
Received update: /ndn/se-site/se/svs_core/se=3, 1741620207382
Max suppression time updated to: 174
Received update: /ndn/am-site/am/svs_core/am=3, 1741620209183
Received update: /ndn/de1-site/de1/svs_core/de1=3, 1741620209183
Max suppression time updated to: 171
Received update: /ndn/ge-site/ge/svs_core/ge=3, 1741620209360
Max suppression time updated to: 171
Received update: /ndn/ch-site/ch/svs_core/ch=3, 1741620209540
Max suppression time updated to: 171
Received update: /ndn/by-site/by/svs_core/by=3, 1741620209752
Max suppression time updated to: 171
Received update: /ndn/fr1-site/fr1/svs_core/fr1=3, 1741620209903
Max suppression time updated to: 174
Received update: /ndn/rs-site/rs/svs_core/rs=3, 1741620210622
Max suppression time updated to: 174
Max suppression time updated to: 174
Max suppression time updated to: 174
Max suppression time updated to: 174
Max suppression time updated to: 174
Max suppression time updated to: 174
Max suppression time updated to: 174
Received update: /ndn/tr-site/tr/svs_core/tr=3, 1741620212887
Max suppression time updated to: 174
Received update: /ndn/lu-site/lu/svs_core/lu=3, 1741620213454
Max suppression time updated to: 174
Max suppression time updated to: 174
Received update: /ndn/il-site/il/svs_core/il=3, 1741620215111
Max suppression time updated to: 174
Received update: /ndn/ro-site/ro/svs_core/ro=3, 1741620215182
Max suppression time updated to: 174
Received update: /ndn/fr2-site/fr2/svs_core/fr2=3, 1741620215315
Max suppression time updated to: 174
Received update: /ndn/dk-site/dk/svs_core/dk=3, 1741620219058
Received update: /ndn/es-site/es/svs_core/es=3, 1741620219058
Max suppression time updated to: 174
Received update: /ndn/be-site/be/svs_core/be=3, 1741620221243
Max suppression time updated to: 174
Received update: /ndn/nl-site/nl/svs_core/nl=3, 1741620222250
Max suppression time updated to: 174
Received update: /ndn/ie-site/ie/svs_core/ie=3, 1741620222586
Max suppression time updated to: 174
Received update: /ndn/az-site/az/svs_core/az=3, 1741620223422
Received update: /ndn/pl-site/pl/svs_core/pl=3, 1741620223422
Max suppression time updated to: 174
Received update: /ndn/al-site/al/svs_core/al=3, 1741620223536
Max suppression time updated to: 174
Max suppression time updated to: 174
Max suppression time updated to: 174
Max suppression time updated to: 174
Received update: /ndn/sk-site/sk/svs_core/sk=3, 1741620225817
Max suppression time updated to: 174
Received update: /ndn/de2-site/de2/svs_core/de2=3, 1741620225854
Max suppression time updated to: 174
Received update: /ndn/it-site/it/svs_core/it=3, 1741620228446
Received update: /ndn/mt-site/mt/svs_core/mt=3, 1741620228446
Max suppression time updated to: 174
Received update: /ndn/cz-site/cz/svs_core/cz=4, 1741620228820
Max suppression time updated to: 177
Max suppression time updated to: 177
Max suppression time updated to: 177
Max suppression time updated to: 177
Received update: /ndn/cy-site/cy/svs_core/cy=4, 1741620229319
Max suppression time updated to: 177
Received update: /ndn/me-site/me/svs_core/me=3, 1741620229537
Max suppression time updated to: 177
Received update: /ndn/at-site/at/svs_core/at=4, 1741620230005
Max suppression time updated to: 177
Received update: /ndn/fi-site/fi/svs_core/fi=4, 1741620230127
Max suppression time updated to: 177
Max suppression time updated to: 177
Max suppression time updated to: 177
Max suppression time updated to: 177
Max suppression time updated to: 177
Max suppression time updated to: 177
Received update: /ndn/bg-site/bg/svs_core/bg=4, 1741620233522
Received update: /ndn/ee-site/ee/svs_core/ee=4, 1741620233522
Received update: /ndn/lt-site/lt/svs_core/lt=4, 1741620233522
Max suppression time updated to: 177
Received update: /ndn/uk-site/uk/svs_core/uk=4, 1741620239924
Max suppression time updated to: 177
Received update: /ndn/si-site/si/svs_core/si=4, 1741620240121
Max suppression time updated to: 180
Received update: /ndn/lv-site/lv/svs_core/lv=4, 1741620240362
Max suppression time updated to: 180
Received update: /ndn/hu-site/hu/svs_core/hu=4, 1741620242074
Published sequence number: /ndn/pt-site/pt/svs_core/pt=4, 1741620243760
Sending Sync interest
Max suppression time updated to: 180
Received update: /ndn/ua-site/ua/svs_core/ua=4, 1741620243968
Max suppression time updated to: 177
Max suppression time updated to: 177
Max suppression time updated to: 180
Max suppression time updated to: 180
Received update: /ndn/gr-site/gr/svs_core/gr=4, 1741620244021
Max suppression time updated to: 180
Max suppression time updated to: 180
Received update: /ndn/no-site/no/svs_core/no=4, 1741620246050
Max suppression time updated to: 180
Received update: /ndn/hr-site/hr/svs_core/hr=4, 1741620248364
Received update: /ndn/md-site/md/svs_core/md=4, 1741620248364
Received update: /ndn/rs-site/rs/svs_core/rs=4, 1741620248364
Max suppression time updated to: 180
Received update: /ndn/mk-site/mk/svs_core/mk=4, 1741620249246
Max suppression time updated to: 180
Received update: /ndn/by-site/by/svs_core/by=4, 1741620252394
Received update: /ndn/is-site/is/svs_core/is=4, 1741620252394
Received update: /ndn/se-site/se/svs_core/se=4, 1741620252394
Max suppression time updated to: 180
Received update: /ndn/ge-site/ge/svs_core/ge=4, 1741620253215
Received update: /ndn/de1-site/de1/svs_core/de1=4, 1741620253215
Max suppression time updated to: 180
Received update: /ndn/ch-site/ch/svs_core/ch=4, 1741620254015
Max suppression time updated to: 180
Received update: /ndn/fr1-site/fr1/svs_core/fr1=4, 1741620254452
Max suppression time updated to: 180
Received update: /ndn/tr-site/tr/svs_core/tr=4, 1741620257909
Max suppression time updated to: 180
Received update: /ndn/lu-site/lu/svs_core/lu=4, 1741620258391
Max suppression time updated to: 180
Received update: /ndn/ro-site/ro/svs_core/ro=4, 1741620259903
Max suppression time updated to: 180
Max suppression time updated to: 180
Max suppression time updated to: 180
Max suppression time updated to: 180
Received update: /ndn/am-site/am/svs_core/am=4, 1741620260190
Received update: /ndn/il-site/il/svs_core/il=4, 1741620260190
Max suppression time updated to: 180
Received update: /ndn/fr2-site/fr2/svs_core/fr2=4, 1741620260336
Max suppression time updated to: 180
Received update: /ndn/al-site/al/svs_core/al=4, 1741620260725
Max suppression time updated to: 180
Max suppression time updated to: 180
Max suppression time updated to: 180
Received update: /ndn/dk-site/dk/svs_core/dk=4, 1741620264478
Received update: /ndn/es-site/es/svs_core/es=4, 1741620264478
Max suppression time updated to: 180
Received update: /ndn/be-site/be/svs_core/be=4, 1741620266200
Max suppression time updated to: 180
Received update: /ndn/nl-site/nl/svs_core/nl=4, 1741620267289
Max suppression time updated to: 180
Received update: /ndn/pl-site/pl/svs_core/pl=4, 1741620267942
Max suppression time updated to: 180
Max suppression time updated to: 180
Max suppression time updated to: 180
Received update: /ndn/ie-site/ie/svs_core/ie=4, 1741620267979
Max suppression time updated to: 180
Max suppression time updated to: 180
Max suppression time updated to: 180
Max suppression time updated to: 180
Max suppression time updated to: 180
Received update: /ndn/az-site/az/svs_core/az=4, 1741620268455
Max suppression time updated to: 180
Received update: /ndn/sk-site/sk/svs_core/sk=4, 1741620270873
Received update: /ndn/de2-site/de2/svs_core/de2=4, 1741620270873
Max suppression time updated to: 180
Received update: /ndn/me-site/me/svs_core/me=4, 1741620271010
Max suppression time updated to: 180
Received update: /ndn/it-site/it/svs_core/it=4, 1741620273462
Max suppression time updated to: 180
Received update: /ndn/cy-site/cy/svs_core/cy=5, 1741620274464
Received update: /ndn/cz-site/cz/svs_core/cz=5, 1741620274464
Max suppression time updated to: 180
Received update: /ndn/mt-site/mt/svs_core/mt=4, 1741620274742
Max suppression time updated to: 180
Received update: /ndn/at-site/at/svs_core/at=5, 1741620274998
Max suppression time updated to: 183
Received update: /ndn/fi-site/fi/svs_core/fi=5, 1741620275024
Max suppression time updated to: 180
Max suppression time updated to: 180
Max suppression time updated to: 180
Max suppression time updated to: 180
Max suppression time updated to: 180
Received update: /ndn/ee-site/ee/svs_core/ee=5, 1741620277711
Max suppression time updated to: 180
Received update: /ndn/ua-site/ua/svs_core/ua=5, 1741620277832
Max suppression time updated to: 183
Received update: /ndn/lt-site/lt/svs_core/lt=5, 1741620278124
Max suppression time updated to: 183
Received update: /ndn/bg-site/bg/svs_core/bg=5, 1741620278646
Max suppression time updated to: 183
Max suppression time updated to: 183
Max suppression time updated to: 183
Max suppression time updated to: 183
Received update: /ndn/uk-site/uk/svs_core/uk=5, 1741620284871
Max suppression time updated to: 183
Received update: /ndn/lv-site/lv/svs_core/lv=5, 1741620285135
Max suppression time updated to: 180
Received update: /ndn/gr-site/gr/svs_core/gr=5, 1741620287726
Received update: /ndn/hu-site/hu/svs_core/hu=5, 1741620287726
Received update: /ndn/si-site/si/svs_core/si=5, 1741620287726
Published sequence number: /ndn/pt-site/pt/svs_core/pt=5, 1741620288762
Sending Sync interest
Max suppression time updated to: 180
Received update: /ndn/hr-site/hr/svs_core/hr=5, 1741620292243
Max suppression time updated to: 180
Max suppression time updated to: 180
Max suppression time updated to: 180
Received update: /ndn/md-site/md/svs_core/md=5, 1741620292384
Sending Sync interest
Max suppression time updated to: 180
Received update: /ndn/by-site/by/svs_core/by=5, 1741620297270
Max suppression time updated to: 180
Max suppression time updated to: 180
Received update: /ndn/rs-site/rs/svs_core/rs=5, 1741620297382
Max suppression time updated to: 180
Received update: /ndn/is-site/is/svs_core/is=5, 1741620297384
Sending Sync interest
Max suppression time updated to: 180
Received update: /ndn/se-site/se/svs_core/se=5, 1741620297476
Max suppression time updated to: 183
Max suppression time updated to: 183
Received update: /ndn/no-site/no/svs_core/no=5, 1741620297654
Sending Sync interest
Max suppression time updated to: 183
Max suppression time updated to: 183
Sending Sync interest
Max suppression time updated to: 183
Received update: /ndn/ge-site/ge/svs_core/ge=5, 1741620297947
Received update: /ndn/mk-site/mk/svs_core/mk=5, 1741620297947
Max suppression time updated to: 183
Sending Sync interest
Max suppression time updated to: 183
Max suppression time updated to: 183
Max suppression time updated to: 183
Max suppression time updated to: 183
Received update: /ndn/am-site/am/svs_core/am=5, 1741620299220
Max suppression time updated to: 180
Received update: /ndn/fr1-site/fr1/svs_core/fr1=5, 1741620299452
Max suppression time updated to: 180
Received update: /ndn/ch-site/ch/svs_core/ch=5, 1741620299647
Max suppression time updated to: 183
Received update: /ndn/tr-site/tr/svs_core/tr=5, 1741620302908
Received update: /ndn/de1-site/de1/svs_core/de1=5, 1741620302908
Max suppression time updated to: 183
Received update: /ndn/lu-site/lu/svs_core/lu=5, 1741620303375
Max suppression time updated to: 183
Received update: /ndn/ro-site/ro/svs_core/ro=5, 1741620305044
Max suppression time updated to: 183
Received update: /ndn/fr2-site/fr2/svs_core/fr2=5, 1741620305337
Max suppression time updated to: 183
Received update: /ndn/al-site/al/svs_core/al=5, 1741620305719
Max suppression time updated to: 183
Max suppression time updated to: 183
Max suppression time updated to: 183
Received update: /ndn/il-site/il/svs_core/il=5, 1741620305865
Max suppression time updated to: 183
Received update: /ndn/be-site/be/svs_core/be=5, 1741620311207
Max suppression time updated to: 183
Received update: /ndn/es-site/es/svs_core/es=5, 1741620311440
Max suppression time updated to: 183
Received update: /ndn/dk-site/dk/svs_core/dk=5, 1741620311475
Max suppression time updated to: 183
Received update: /ndn/nl-site/nl/svs_core/nl=5, 1741620312246
Max suppression time updated to: 183
Received update: /ndn/az-site/az/svs_core/az=5, 1741620313434
Max suppression time updated to: 183
Received update: /ndn/pl-site/pl/svs_core/pl=5, 1741620313610
Max suppression time updated to: 183
Max suppression time updated to: 183
Received update: /ndn/me-site/me/svs_core/me=5, 1741620314286
Max suppression time updated to: 183
Max suppression time updated to: 183
Max suppression time updated to: 186
Received update: /ndn/mt-site/mt/svs_core/mt=5, 1741620317151
Max suppression time updated to: 186
Received update: /ndn/sk-site/sk/svs_core/sk=5, 1741620317210
Max suppression time updated to: 183
Received update: /ndn/de2-site/de2/svs_core/de2=5, 1741620317227
Max suppression time updated to: 183
Max suppression time updated to: 183
Max suppression time updated to: 183
Max suppression time updated to: 183
Max suppression time updated to: 183
Max suppression time updated to: 183
Max suppression time updated to: 183
Max suppression time updated to: 183
Received update: /ndn/cz-site/cz/svs_core/cz=6, 1741620318862
Max suppression time updated to: 186
Received update: /ndn/ie-site/ie/svs_core/ie=5, 1741620318948
Max suppression time updated to: 183
Received update: /ndn/it-site/it/svs_core/it=5, 1741620318954
Max suppression time updated to: 186
Max suppression time updated to: 186
Received update: /ndn/cy-site/cy/svs_core/cy=6, 1741620319348
Max suppression time updated to: 186
Received update: /ndn/at-site/at/svs_core/at=6, 1741620320005
Max suppression time updated to: 186
Received update: /ndn/lt-site/lt/svs_core/lt=6, 1741620320672
Sending Sync interest
Max suppression time updated to: 186
Max suppression time updated to: 186
Received update: /ndn/fi-site/fi/svs_core/fi=6, 1741620321137
Max suppression time updated to: 186
Received update: /ndn/ua-site/ua/svs_core/ua=6, 1741620322831
Max suppression time updated to: 186
Received update: /ndn/ee-site/ee/svs_core/ee=6, 1741620322982
Max suppression time updated to: 186
Received update: /ndn/bg-site/bg/svs_core/bg=6, 1741620323569
Max suppression time updated to: 186
Received update: /ndn/lv-site/lv/svs_core/lv=6, 1741620328765
Received update: /ndn/si-site/si/svs_core/si=6, 1741620328765
Max suppression time updated to: 186
Received update: /ndn/uk-site/uk/svs_core/uk=6, 1741620329880
Max suppression time updated to: 186
Received update: /ndn/gr-site/gr/svs_core/gr=6, 1741620333284
Received update: /ndn/hu-site/hu/svs_core/hu=6, 1741620333284
Received update: /ndn/md-site/md/svs_core/md=6, 1741620333284
Max suppression time updated to: 186
Published sequence number: /ndn/pt-site/pt/svs_core/pt=6, 1741620333766
Sending Sync interest
Max suppression time updated to: 186
Received update: /ndn/hr-site/hr/svs_core/hr=6, 1741620337145
Max suppression time updated to: 183
Received update: /ndn/rs-site/rs/svs_core/rs=6, 1741620338369
Sending Sync interest
Max suppression time updated to: 183
Received update: /ndn/no-site/no/svs_core/no=6, 1741620338733
Max suppression time updated to: 183
Received update: /ndn/se-site/se/svs_core/se=6, 1741620339150
Max suppression time updated to: 183
Received update: /ndn/by-site/by/svs_core/by=6, 1741620342174
Max suppression time updated to: 183
Max suppression time updated to: 183
Received update: /ndn/ge-site/ge/svs_core/ge=6, 1741620343407
Received update: /ndn/is-site/is/svs_core/is=6, 1741620343407
Received update: /ndn/mk-site/mk/svs_core/mk=6, 1741620343407
Received update: /ndn/de1-site/de1/svs_core/de1=6, 1741620343407
Max suppression time updated to: 183
Received update: /ndn/ch-site/ch/svs_core/ch=6, 1741620344033
Sending Sync interest
Max suppression time updated to: 183
Max suppression time updated to: 183
Received update: /ndn/fr1-site/fr1/svs_core/fr1=6, 1741620344456
Max suppression time updated to: 183
Received update: /ndn/am-site/am/svs_core/am=6, 1741620344684
Max suppression time updated to: 183
Received update: /ndn/lu-site/lu/svs_core/lu=6, 1741620348365
Max suppression time updated to: 183
Received update: /ndn/il-site/il/svs_core/il=6, 1741620350231
Received update: /ndn/tr-site/tr/svs_core/tr=6, 1741620350231
Max suppression time updated to: 183
Received update: /ndn/al-site/al/svs_core/al=6, 1741620350686
Max suppression time updated to: 183
Received update: /ndn/fr2-site/fr2/svs_core/fr2=6, 1741620350889
Max suppression time updated to: 183
Received update: /ndn/dk-site/dk/svs_core/dk=6, 1741620352474
Received update: /ndn/ro-site/ro/svs_core/ro=6, 1741620352474
Max suppression time updated to: 183
Received update: /ndn/be-site/be/svs_core/be=6, 1741620356299
Received update: /ndn/es-site/es/svs_core/es=6, 1741620356299
Max suppression time updated to: 183
Received update: /ndn/ie-site/ie/svs_core/ie=6, 1741620357496
Max suppression time updated to: 183
Received update: /ndn/nl-site/nl/svs_core/nl=6, 1741620357826
Received update: /ndn/pl-site/pl/svs_core/pl=6, 1741620357826
Max suppression time updated to: 183
Max suppression time updated to: 183
Max suppression time updated to: 183
Max suppression time updated to: 183
Max suppression time updated to: 183
Received update: /ndn/az-site/az/svs_core/az=6, 1741620358447
Max suppression time updated to: 183
Received update: /ndn/sk-site/sk/svs_core/sk=6, 1741620360828
Max suppression time updated to: 183
Received update: /ndn/de2-site/de2/svs_core/de2=6, 1741620360854
Max suppression time updated to: 183
Received update: /ndn/me-site/me/svs_core/me=6, 1741620361029
Max suppression time updated to: 183
Max suppression time updated to: 183
Received update: /ndn/it-site/it/svs_core/it=6, 1741620363471
Max suppression time updated to: 183
Received update: /ndn/cz-site/cz/svs_core/cz=7, 1741620363837
Max suppression time updated to: 183
Received update: /ndn/mt-site/mt/svs_core/mt=6, 1741620364085
Max suppression time updated to: 183
Received update: /ndn/at-site/at/svs_core/at=7, 1741620365034
Received update: /ndn/cy-site/cy/svs_core/cy=7, 1741620365034
Max suppression time updated to: 183
Received update: /ndn/fi-site/fi/svs_core/fi=7, 1741620365437
Max suppression time updated to: 183
Received update: /ndn/uk-site/uk/svs_core/uk=7, 1741620374894
Max suppression time updated to: 183
Received update: /ndn/bg-site/bg/svs_core/bg=7, 1741620375169
Max suppression time updated to: 183
Received update: /ndn/lt-site/lt/svs_core/lt=7, 1741620375290
Received update: /ndn/si-site/si/svs_core/si=7, 1741620375290
Max suppression time updated to: 183
Max suppression time updated to: 183
Received update: /ndn/ee-site/ee/svs_core/ee=7, 1741620375390
Max suppression time updated to: 186
Received update: /ndn/lv-site/lv/svs_core/lv=7, 1741620375415
Max suppression time updated to: 186
Received update: /ndn/ua-site/ua/svs_core/ua=7, 1741620375479
Max suppression time updated to: 186
Received update: /ndn/hu-site/hu/svs_core/hu=7, 1741620377119
Published sequence number: /ndn/pt-site/pt/svs_core/pt=7, 1741620378774
Sending Sync interest
Max suppression time updated to: 186
Received update: /ndn/hr-site/hr/svs_core/hr=7, 1741620382177
Max suppression time updated to: 186
Received update: /ndn/gr-site/gr/svs_core/gr=7, 1741620382198
Sending Sync interest
Max suppression time updated to: 186
Received update: /ndn/md-site/md/svs_core/md=7, 1741620382769
Max suppression time updated to: 186
Max suppression time updated to: 186
Max suppression time updated to: 186
Received update: /ndn/no-site/no/svs_core/no=7, 1741620382995
Max suppression time updated to: 186
Received update: /ndn/by-site/by/svs_core/by=7, 1741620387135
Max suppression time updated to: 186
Received update: /ndn/rs-site/rs/svs_core/rs=7, 1741620387369
Max suppression time updated to: 186
Received update: /ndn/is-site/is/svs_core/is=7, 1741620387456
Max suppression time updated to: 186
Received update: /ndn/mk-site/mk/svs_core/mk=7, 1741620387780
Received update: /ndn/se-site/se/svs_core/se=7, 1741620387780
Max suppression time updated to: 186
Received update: /ndn/de1-site/de1/svs_core/de1=7, 1741620388210
Max suppression time updated to: 189
Received update: /ndn/ch-site/ch/svs_core/ch=7, 1741620389120
Max suppression time updated to: 186
Received update: /ndn/fr1-site/fr1/svs_core/fr1=7, 1741620389488
Max suppression time updated to: 186
Received update: /ndn/tr-site/tr/svs_core/tr=7, 1741620392934
Max suppression time updated to: 186
Received update: /ndn/ge-site/ge/svs_core/ge=7, 1741620393076
Max suppression time updated to: 186
Received update: /ndn/lu-site/lu/svs_core/lu=7, 1741620393449
Max suppression time updated to: 186
Max suppression time updated to: 186
Received update: /ndn/am-site/am/svs_core/am=7, 1741620394131
Max suppression time updated to: 186
Received update: /ndn/il-site/il/svs_core/il=7, 1741620395351
Received update: /ndn/fr2-site/fr2/svs_core/fr2=7, 1741620395351
Max suppression time updated to: 186
Received update: /ndn/dk-site/dk/svs_core/dk=7, 1741620397759
Received update: /ndn/ro-site/ro/svs_core/ro=7, 1741620397759
Max suppression time updated to: 189
Received update: /ndn/es-site/es/svs_core/es=7, 1741620399096
Max suppression time updated to: 189
Max suppression time updated to: 186
Max suppression time updated to: 186
Max suppression time updated to: 189
Max suppression time updated to: 186
Received update: /ndn/nl-site/nl/svs_core/nl=7, 1741620402271
Max suppression time updated to: 186
Received update: /ndn/be-site/be/svs_core/be=7, 1741620402473
Max suppression time updated to: 186
Received update: /ndn/al-site/al/svs_core/al=7, 1741620402543
Max suppression time updated to: 186
Received update: /ndn/ie-site/ie/svs_core/ie=7, 1741620402721
Max suppression time updated to: 186
Received update: /ndn/pl-site/pl/svs_core/pl=7, 1741620402824
Max suppression time updated to: 186
Max suppression time updated to: 186
Max suppression time updated to: 186
Received update: /ndn/az-site/az/svs_core/az=7, 1741620403453
Max suppression time updated to: 186
Received update: /ndn/sk-site/sk/svs_core/sk=7, 1741620405830
Max suppression time updated to: 186
Max suppression time updated to: 186
Received update: /ndn/de2-site/de2/svs_core/de2=7, 1741620406077
Max suppression time updated to: 186
Max suppression time updated to: 186
Received update: /ndn/it-site/it/svs_core/it=7, 1741620408473
Max suppression time updated to: 186
Received update: /ndn/at-site/at/svs_core/at=8, 1741620410042
Received update: /ndn/cz-site/cz/svs_core/cz=8, 1741620410042
Max suppression time updated to: 186
Received update: /ndn/cy-site/cy/svs_core/cy=8, 1741620410212
Max suppression time updated to: 186
Received update: /ndn/me-site/me/svs_core/me=7, 1741620410234
Max suppression time updated to: 186
Received update: /ndn/mt-site/mt/svs_core/mt=7, 1741620410281
Max suppression time updated to: 186
Received update: /ndn/lt-site/lt/svs_core/lt=8, 1741620410905
Max suppression time updated to: 186
Received update: /ndn/bg-site/bg/svs_core/bg=8, 1741620413570
Max suppression time updated to: 186
Max suppression time updated to: 186
Received update: /ndn/ee-site/ee/svs_core/ee=8, 1741620413892
Max suppression time updated to: 186
Received update: /ndn/fi-site/fi/svs_core/fi=8, 1741620414017
Max suppression time updated to: 186
Received update: /ndn/si-site/si/svs_core/si=8, 1741620414636
Max suppression time updated to: 186
Received update: /ndn/ua-site/ua/svs_core/ua=8, 1741620414825
Max suppression time updated to: 186
Received update: /ndn/hu-site/hu/svs_core/hu=8, 1741620422099
Max suppression time updated to: 186
Received update: /ndn/gr-site/gr/svs_core/gr=8, 1741620422759
Max suppression time updated to: 186
Received update: /ndn/uk-site/uk/svs_core/uk=8, 1741620422933
Max suppression time updated to: 186
Max suppression time updated to: 186
Received update: /ndn/lv-site/lv/svs_core/lv=8, 1741620423200
Max suppression time updated to: 186
Received update: /ndn/md-site/md/svs_core/md=8, 1741620423465
Published sequence number: /ndn/pt-site/pt/svs_core/pt=8, 1741620423785
Sending Sync interest
Max suppression time updated to: 186
Received update: /ndn/rs-site/rs/svs_core/rs=8, 1741620428407
Sending Sync interest
Max suppression time updated to: 186
Received update: /ndn/hr-site/hr/svs_core/hr=8, 1741620428598
Sending Sync interest
Max suppression time updated to: 186
Received update: /ndn/no-site/no/svs_core/no=8, 1741620428835
Sending Sync interest
Max suppression time updated to: 186
Received update: /ndn/se-site/se/svs_core/se=8, 1741620429163
Max suppression time updated to: 186
Received update: /ndn/by-site/by/svs_core/by=8, 1741620432162
Max suppression time updated to: 186
Max suppression time updated to: 186
Max suppression time updated to: 186
Received update: /ndn/mk-site/mk/svs_core/mk=8, 1741620432353
Max suppression time updated to: 186
Max suppression time updated to: 186
Received update: /ndn/is-site/is/svs_core/is=8, 1741620432459
Max suppression time updated to: 186
Received update: /ndn/ch-site/ch/svs_core/ch=8, 1741620434051
Received update: /ndn/ge-site/ge/svs_core/ge=8, 1741620434051
Max suppression time updated to: 186
Received update: /ndn/de1-site/de1/svs_core/de1=8, 1741620434222
Max suppression time updated to: 186
Received update: /ndn/am-site/am/svs_core/am=8, 1741620434232
Max suppression time updated to: 186
Received update: /ndn/fr1-site/fr1/svs_core/fr1=8, 1741620434473
Max suppression time updated to: 186
Received update: /ndn/tr-site/tr/svs_core/tr=8, 1741620437952
Max suppression time updated to: 186
Received update: /ndn/ro-site/ro/svs_core/ro=8, 1741620439927
Max suppression time updated to: 186
Max suppression time updated to: 186
Max suppression time updated to: 186
Received update: /ndn/al-site/al/svs_core/al=8, 1741620440801
Received update: /ndn/lu-site/lu/svs_core/lu=8, 1741620440801
Max suppression time updated to: 186
Max suppression time updated to: 186
Max suppression time updated to: 186
Received update: /ndn/il-site/il/svs_core/il=8, 1741620440981
Max suppression time updated to: 186
Received update: /ndn/dk-site/dk/svs_core/dk=8, 1741620442542
Max suppression time updated to: 186
Max suppression time updated to: 186
Max suppression time updated to: 186
Max suppression time updated to: 186
Received update: /ndn/fr2-site/fr2/svs_core/fr2=8, 1741620442716
Max suppression time updated to: 186
Max suppression time updated to: 186
Max suppression time updated to: 186
Received update: /ndn/es-site/es/svs_core/es=8, 1741620444012
Max suppression time updated to: 183
Received update: /ndn/be-site/be/svs_core/be=8, 1741620447481
Received update: /ndn/nl-site/nl/svs_core/nl=8, 1741620447481
Max suppression time updated to: 186
Received update: /ndn/ie-site/ie/svs_core/ie=8, 1741620447607
Max suppression time updated to: 186
Max suppression time updated to: 186
Received update: /ndn/cz-site/cz/svs_core/cz=9, 1741620453864
Received update: /ndn/it-site/it/svs_core/it=8, 1741620453864
Received update: /ndn/pl-site/pl/svs_core/pl=8, 1741620453864
Received update: /ndn/de2-site/de2/svs_core/de2=8, 1741620453864
Max suppression time updated to: 186
Received update: /ndn/az-site/az/svs_core/az=8, 1741620454277
Received update: /ndn/sk-site/sk/svs_core/sk=8, 1741620454277
Max suppression time updated to: 186
Received update: /ndn/me-site/me/svs_core/me=8, 1741620454287
Max suppression time updated to: 186
Received update: /ndn/cy-site/cy/svs_core/cy=9, 1741620454303
Max suppression time updated to: 186
Received update: /ndn/mt-site/mt/svs_core/mt=8, 1741620454335
Max suppression time updated to: 186
Received update: /ndn/at-site/at/svs_core/at=9, 1741620455042
Max suppression time updated to: 183
Received update: /ndn/ee-site/ee/svs_core/ee=9, 1741620457691
Max suppression time updated to: 183
Max suppression time updated to: 183
Max suppression time updated to: 183
Received update: /ndn/fi-site/fi/svs_core/fi=9, 1741620457870
Max suppression time updated to: 183
Max suppression time updated to: 183
Max suppression time updated to: 183
Max suppression time updated to: 183
Max suppression time updated to: 183
Max suppression time updated to: 183
Max suppression time updated to: 183
Max suppression time updated to: 183
Received update: /ndn/lt-site/lt/svs_core/lt=9, 1741620458245
Max suppression time updated to: 183
Received update: /ndn/lv-site/lv/svs_core/lv=9, 1741620463818
Received update: /ndn/ua-site/ua/svs_core/ua=9, 1741620463818
Max suppression time updated to: 183
Max suppression time updated to: 183
Received update: /ndn/si-site/si/svs_core/si=9, 1741620464024
Max suppression time updated to: 183
Received update: /ndn/bg-site/bg/svs_core/bg=9, 1741620464026
Max suppression time updated to: 183
Max suppression time updated to: 183
Received update: /ndn/hu-site/hu/svs_core/hu=9, 1741620467099
Received update: /ndn/uk-site/uk/svs_core/uk=9, 1741620467099
Published sequence number: /ndn/pt-site/pt/svs_core/pt=9, 1741620468792
Sending Sync interest
Max suppression time updated to: 183
Received update: /ndn/gr-site/gr/svs_core/gr=9, 1741620471120
Received update: /ndn/no-site/no/svs_core/no=9, 1741620471120
Sending Sync interest
Max suppression time updated to: 183
Received update: /ndn/hr-site/hr/svs_core/hr=9, 1741620472183
Max suppression time updated to: 183
Received update: /ndn/rs-site/rs/svs_core/rs=9, 1741620473490
Max suppression time updated to: 183
Max suppression time updated to: 183
Max suppression time updated to: 183
Max suppression time updated to: 183
Max suppression time updated to: 183
Received update: /ndn/mk-site/mk/svs_core/mk=9, 1741620474273
Max suppression time updated to: 183
Received update: /ndn/md-site/md/svs_core/md=9, 1741620474509
Max suppression time updated to: 183
Received update: /ndn/se-site/se/svs_core/se=9, 1741620474770
Max suppression time updated to: 183
Received update: /ndn/by-site/by/svs_core/by=9, 1741620477163
Max suppression time updated to: 183
Max suppression time updated to: 183
Max suppression time updated to: 183
Max suppression time updated to: 186
Received update: /ndn/is-site/is/svs_core/is=9, 1741620477434
Max suppression time updated to: 186
Received update: /ndn/ge-site/ge/svs_core/ge=9, 1741620478240
Received update: /ndn/de1-site/de1/svs_core/de1=9, 1741620478240
Max suppression time updated to: 186
Received update: /ndn/ch-site/ch/svs_core/ch=9, 1741620479072
Max suppression time updated to: 186
Received update: /ndn/am-site/am/svs_core/am=9, 1741620479226
Max suppression time updated to: 186
Max suppression time updated to: 186
Max suppression time updated to: 186
Received update: /ndn/fr1-site/fr1/svs_core/fr1=9, 1741620479465
Max suppression time updated to: 183
Max suppression time updated to: 183
Max suppression time updated to: 186
Max suppression time updated to: 183
Received update: /ndn/lu-site/lu/svs_core/lu=9, 1741620483401
Max suppression time updated to: 186
Received update: /ndn/tr-site/tr/svs_core/tr=9, 1741620483510
Max suppression time updated to: 186
Max suppression time updated to: 186
Received update: /ndn/ro-site/ro/svs_core/ro=9, 1741620484946
Max suppression time updated to: 186
Received update: /ndn/il-site/il/svs_core/il=9, 1741620485143
Max suppression time updated to: 183
Received update: /ndn/al-site/al/svs_core/al=9, 1741620485710
Max suppression time updated to: 183
Received update: /ndn/dk-site/dk/svs_core/dk=9, 1741620487521
Received update: /ndn/fr2-site/fr2/svs_core/fr2=9, 1741620487521
Max suppression time updated to: 183
Received update: /ndn/es-site/es/svs_core/es=9, 1741620489024
Max suppression time updated to: 183
Received update: /ndn/be-site/be/svs_core/be=9, 1741620491253
Sending Sync interest
Max suppression time updated to: 183
Max suppression time updated to: 183
Received update: /ndn/nl-site/nl/svs_core/nl=9, 1741620492333
Max suppression time updated to: 183
Received update: /ndn/ie-site/ie/svs_core/ie=9, 1741620492835
Received update: /ndn/pl-site/pl/svs_core/pl=9, 1741620492835
Max suppression time updated to: 183
Received update: /ndn/sk-site/sk/svs_core/sk=9, 1741620495859
Received update: /ndn/de2-site/de2/svs_core/de2=9, 1741620495859
Max suppression time updated to: 183
Max suppression time updated to: 186
Received update: /ndn/me-site/me/svs_core/me=9, 1741620495971
Max suppression time updated to: 183
Received update: /ndn/az-site/az/svs_core/az=9, 1741620496022
Max suppression time updated to: 183
Received update: /ndn/mt-site/mt/svs_core/mt=9, 1741620497139
Sending Sync interest
Max suppression time updated to: 183
Received update: /ndn/it-site/it/svs_core/it=9, 1741620498497
Max suppression time updated to: 183
Received update: /ndn/cz-site/cz/svs_core/cz=10, 1741620498875
Max suppression time updated to: 183
Received update: /ndn/cy-site/cy/svs_core/cy=10, 1741620499337
Max suppression time updated to: 183
Max suppression time updated to: 183
Max suppression time updated to: 183
Received update: /ndn/at-site/at/svs_core/at=10, 1741620500025
Max suppression time updated to: 183
Received update: /ndn/lt-site/lt/svs_core/lt=10, 1741620500723
Max suppression time updated to: 183
Max suppression time updated to: 183
Max suppression time updated to: 183
Received update: /ndn/fi-site/fi/svs_core/fi=10, 1741620501002
Max suppression time updated to: 183
Received update: /ndn/bg-site/bg/svs_core/bg=10, 1741620503587
Received update: /ndn/ee-site/ee/svs_core/ee=10, 1741620503587
Max suppression time updated to: 183
Received update: /ndn/si-site/si/svs_core/si=10, 1741620504836
Received update: /ndn/ua-site/ua/svs_core/ua=10, 1741620504836
Max suppression time updated to: 183
Received update: /ndn/uk-site/uk/svs_core/uk=10, 1741620509920
Max suppression time updated to: 183
Received update: /ndn/hu-site/hu/svs_core/hu=10, 1741620512103
Max suppression time updated to: 183
Received update: /ndn/gr-site/gr/svs_core/gr=10, 1741620512777
Max suppression time updated to: 183
Received update: /ndn/md-site/md/svs_core/md=10, 1741620512827
Max suppression time updated to: 183
Max suppression time updated to: 183
Received update: /ndn/lv-site/lv/svs_core/lv=10, 1741620512977
Max suppression time updated to: 183
Max suppression time updated to: 183
Max suppression time updated to: 186
Published sequence number: /ndn/pt-site/pt/svs_core/pt=10, 1741620513803
Sending Sync interest
Max suppression time updated to: 183
Received update: /ndn/rs-site/rs/svs_core/rs=10, 1741620518397
Max suppression time updated to: 183
Received update: /ndn/hr-site/hr/svs_core/hr=10, 1741620518604
Max suppression time updated to: 186
Received update: /ndn/no-site/no/svs_core/no=10, 1741620518931
Max suppression time updated to: 186
Received update: /ndn/is-site/is/svs_core/is=10, 1741620522408
Max suppression time updated to: 186
Received update: /ndn/mk-site/mk/svs_core/mk=10, 1741620522485
Max suppression time updated to: 186
Max suppression time updated to: 186
Received update: /ndn/se-site/se/svs_core/se=10, 1741620522706
Max suppression time updated to: 186
Received update: /ndn/ge-site/ge/svs_core/ge=10, 1741620522707
Max suppression time updated to: 186
Max suppression time updated to: 183
Received update: /ndn/de1-site/de1/svs_core/de1=10, 1741620523241
Max suppression time updated to: 183
Received update: /ndn/ch-site/ch/svs_core/ch=10, 1741620524071
Max suppression time updated to: 183
Received update: /ndn/am-site/am/svs_core/am=10, 1741620524234
Max suppression time updated to: 183
Received update: /ndn/lu-site/lu/svs_core/lu=10, 1741620528382
Max suppression time updated to: 183
Received update: /ndn/fr1-site/fr1/svs_core/fr1=10, 1741620528604
Max suppression time updated to: 183
Max suppression time updated to: 183
Received update: /ndn/by-site/by/svs_core/by=10, 1741620528674
Received update: /ndn/tr-site/tr/svs_core/tr=10, 1741620528674
Max suppression time updated to: 183
Received update: /ndn/ro-site/ro/svs_core/ro=10, 1741620530408
Received update: /ndn/fr2-site/fr2/svs_core/fr2=10, 1741620530408
Max suppression time updated to: 183
Received update: /ndn/il-site/il/svs_core/il=10, 1741620530435
Max suppression time updated to: 183
Max suppression time updated to: 183
Received update: /ndn/al-site/al/svs_core/al=10, 1741620534028
Received update: /ndn/es-site/es/svs_core/es=10, 1741620534028
Max suppression time updated to: 183
Received update: /ndn/dk-site/dk/svs_core/dk=10, 1741620534174
Max suppression time updated to: 183
Received update: /ndn/be-site/be/svs_core/be=10, 1741620536247
Max suppression time updated to: 183
Received update: /ndn/nl-site/nl/svs_core/nl=10, 1741620537314
Max suppression time updated to: 183
Received update: /ndn/ie-site/ie/svs_core/ie=10, 1741620537521
Sending Sync interest
Max suppression time updated to: 183
Max suppression time updated to: 183
Max suppression time updated to: 183
Received update: /ndn/pl-site/pl/svs_core/pl=10, 1741620537889
Max suppression time updated to: 183
Received update: /ndn/me-site/me/svs_core/me=10, 1741620540873
Received update: /ndn/sk-site/sk/svs_core/sk=10, 1741620540873
Max suppression time updated to: 183
Received update: /ndn/az-site/az/svs_core/az=10, 1741620540955
Received update: /ndn/de2-site/de2/svs_core/de2=10, 1741620540955
Max suppression time updated to: 183
Received update: /ndn/mt-site/mt/svs_core/mt=10, 1741620542198
Max suppression time updated to: 183
Received update: /ndn/it-site/it/svs_core/it=10, 1741620543509
Max suppression time updated to: 186
Received update: /ndn/cz-site/cz/svs_core/cz=11, 1741620543910
Max suppression time updated to: 186
Received update: /ndn/at-site/at/svs_core/at=11, 1741620545054
Received update: /ndn/cy-site/cy/svs_core/cy=11, 1741620545054
Max suppression time updated to: 186
Received update: /ndn/lt-site/lt/svs_core/lt=11, 1741620546026
Max suppression time updated to: 186
Received update: /ndn/bg-site/bg/svs_core/bg=11, 1741620548763
Received update: /ndn/ua-site/ua/svs_core/ua=11, 1741620548763
Max suppression time updated to: 186
Received update: /ndn/si-site/si/svs_core/si=11, 1741620554927
Received update: /ndn/uk-site/uk/svs_core/uk=11, 1741620554927
Max suppression time updated to: 186
Received update: /ndn/ee-site/ee/svs_core/ee=11, 1741620557798
Received update: /ndn/gr-site/gr/svs_core/gr=11, 1741620557798
Received update: /ndn/hu-site/hu/svs_core/hu=11, 1741620557798
Received update: /ndn/lv-site/lv/svs_core/lv=11, 1741620557798
Max suppression time updated to: 186
Received update: /ndn/md-site/md/svs_core/md=11, 1741620558028
Max suppression time updated to: 186
Max suppression time updated to: 186
Received update: /ndn/fi-site/fi/svs_core/fi=11, 1741620558189
Published sequence number: /ndn/pt-site/pt/svs_core/pt=11, 1741620558809
Sending Sync interest
Max suppression time updated to: 186
Received update: /ndn/no-site/no/svs_core/no=11, 1741620561078
Max suppression time updated to: 186
Max suppression time updated to: 186
Max suppression time updated to: 186
Received update: /ndn/hr-site/hr/svs_core/hr=11, 1741620564289
Received update: /ndn/mk-site/mk/svs_core/mk=11, 1741620564289
Max suppression time updated to: 186
Received update: /ndn/rs-site/rs/svs_core/rs=11, 1741620564489
Max suppression time updated to: 186
Received update: /ndn/se-site/se/svs_core/se=11, 1741620564629
Max suppression time updated to: 186
Received update: /ndn/ge-site/ge/svs_core/ge=11, 1741620567755
Received update: /ndn/is-site/is/svs_core/is=11, 1741620567755
Max suppression time updated to: 186
Received update: /ndn/de1-site/de1/svs_core/de1=11, 1741620568270
Max suppression time updated to: 189
Received update: /ndn/by-site/by/svs_core/by=11, 1741620568507
Max suppression time updated to: 189
Max suppression time updated to: 189
Received update: /ndn/ch-site/ch/svs_core/ch=11, 1741620569653
Received update: /ndn/fr1-site/fr1/svs_core/fr1=11, 1741620569653
Max suppression time updated to: 189
Received update: /ndn/tr-site/tr/svs_core/tr=11, 1741620573146
Max suppression time updated to: 189
Received update: /ndn/lu-site/lu/svs_core/lu=11, 1741620573389
Max suppression time updated to: 189
Received update: /ndn/il-site/il/svs_core/il=11, 1741620575223
Received update: /ndn/ro-site/ro/svs_core/ro=11, 1741620575223
Max suppression time updated to: 189
Received update: /ndn/fr2-site/fr2/svs_core/fr2=11, 1741620575365
Max suppression time updated to: 189
Received update: /ndn/al-site/al/svs_core/al=11, 1741620582299
Received update: /ndn/am-site/am/svs_core/am=11, 1741620582299
Received update: /ndn/dk-site/dk/svs_core/dk=11, 1741620582299
Received update: /ndn/nl-site/nl/svs_core/nl=11, 1741620582299
Max suppression time updated to: 189
Received update: /ndn/es-site/es/svs_core/es=11, 1741620582514
Max suppression time updated to: 189
Received update: /ndn/ie-site/ie/svs_core/ie=11, 1741620582631
Max suppression time updated to: 189
Received update: /ndn/be-site/be/svs_core/be=11, 1741620582659
Max suppression time updated to: 189
Received update: /ndn/pl-site/pl/svs_core/pl=11, 1741620582859
Max suppression time updated to: 189
Received update: /ndn/me-site/me/svs_core/me=11, 1741620585889
Received update: /ndn/sk-site/sk/svs_core/sk=11, 1741620585889
Max suppression time updated to: 189
Received update: /ndn/mt-site/mt/svs_core/mt=11, 1741620587181
Max suppression time updated to: 189
Received update: /ndn/at-site/at/svs_core/at=12, 1741620590036
Received update: /ndn/cz-site/cz/svs_core/cz=12, 1741620590036
Received update: /ndn/it-site/it/svs_core/it=11, 1741620590036
Received update: /ndn/de2-site/de2/svs_core/de2=11, 1741620590036
Max suppression time updated to: 192
Received update: /ndn/az-site/az/svs_core/az=11, 1741620592746
Received update: /ndn/cy-site/cy/svs_core/cy=12, 1741620592746
Received update: /ndn/ee-site/ee/svs_core/ee=12, 1741620592746
Max suppression time updated to: 192
Received update: /ndn/ua-site/ua/svs_core/ua=12, 1741620592866
Max suppression time updated to: 189
Received update: /ndn/bg-site/bg/svs_core/bg=12, 1741620593587
Max suppression time updated to: 189
Received update: /ndn/si-site/si/svs_core/si=12, 1741620594684
Max suppression time updated to: 189
Received update: /ndn/lt-site/lt/svs_core/lt=12, 1741620599938
Received update: /ndn/lv-site/lv/svs_core/lv=12, 1741620599938
Received update: /ndn/uk-site/uk/svs_core/uk=12, 1741620599938
Max suppression time updated to: 192
Received update: /ndn/hu-site/hu/svs_core/hu=12, 1741620602136
Published sequence number: /ndn/pt-site/pt/svs_core/pt=12, 1741620603817
Sending Sync interest
Max suppression time updated to: 189
Received update: /ndn/gr-site/gr/svs_core/gr=12, 1741620604003
Max suppression time updated to: 192
Max suppression time updated to: 189
Received update: /ndn/md-site/md/svs_core/md=12, 1741620604257
Max suppression time updated to: 189
Received update: /ndn/no-site/no/svs_core/no=12, 1741620606319
Max suppression time updated to: 189
Max suppression time updated to: 189
Received update: /ndn/hr-site/hr/svs_core/hr=12, 1741620607192
Max suppression time updated to: 189
Received update: /ndn/fi-site/fi/svs_core/fi=12, 1741620609659
Received update: /ndn/se-site/se/svs_core/se=12, 1741620609659
Max suppression time updated to: 189
Received update: /ndn/mk-site/mk/svs_core/mk=12, 1741620609931
Max suppression time updated to: 189
Received update: /ndn/by-site/by/svs_core/by=12, 1741620612190
Max suppression time updated to: 189
Max suppression time updated to: 189
Max suppression time updated to: 189
Max suppression time updated to: 189
Max suppression time updated to: 189
Received update: /ndn/ge-site/ge/svs_core/ge=12, 1741620612817
Received update: /ndn/is-site/is/svs_core/is=12, 1741620612817
Max suppression time updated to: 189
Received update: /ndn/ch-site/ch/svs_core/ch=12, 1741620614079
Received update: /ndn/de1-site/de1/svs_core/de1=12, 1741620614079
Max suppression time updated to: 189
Received update: /ndn/rs-site/rs/svs_core/rs=12, 1741620614288
Max suppression time updated to: 189
Received update: /ndn/am-site/am/svs_core/am=12, 1741620614405
Max suppression time updated to: 189
Max suppression time updated to: 189
Received update: /ndn/fr1-site/fr1/svs_core/fr1=12, 1741620614482
Max suppression time updated to: 189
Received update: /ndn/lu-site/lu/svs_core/lu=12, 1741620618412
Received update: /ndn/tr-site/tr/svs_core/tr=12, 1741620618412
Max suppression time updated to: 189
Received update: /ndn/ro-site/ro/svs_core/ro=12, 1741620619957
Max suppression time updated to: 189
Max suppression time updated to: 189
Max suppression time updated to: 189
Max suppression time updated to: 189
Received update: /ndn/il-site/il/svs_core/il=12, 1741620620525
Received update: /ndn/fr2-site/fr2/svs_core/fr2=12, 1741620620525
Max suppression time updated to: 189
Received update: /ndn/es-site/es/svs_core/es=12, 1741620624052
Max suppression time updated to: 189
Received update: /ndn/al-site/al/svs_core/al=12, 1741620624332
Max suppression time updated to: 189
Received update: /ndn/dk-site/dk/svs_core/dk=12, 1741620624568
Max suppression time updated to: 189
Received update: /ndn/pl-site/pl/svs_core/pl=12, 1741620630885
Received update: /ndn/de2-site/de2/svs_core/de2=12, 1741620630885
Max suppression time updated to: 189
Received update: /ndn/sk-site/sk/svs_core/sk=12, 1741620630886
Max suppression time updated to: 189
Max suppression time updated to: 189
Received update: /ndn/az-site/az/svs_core/az=12, 1741620631038
Max suppression time updated to: 189
Max suppression time updated to: 189
Max suppression time updated to: 189
Max suppression time updated to: 189
Received update: /ndn/ie-site/ie/svs_core/ie=12, 1741620631192
Received update: /ndn/nl-site/nl/svs_core/nl=12, 1741620631192
Max suppression time updated to: 189
Max suppression time updated to: 189
Received update: /ndn/be-site/be/svs_core/be=12, 1741620631298
Max suppression time updated to: 189
Max suppression time updated to: 189
Max suppression time updated to: 189
Received update: /ndn/me-site/me/svs_core/me=12, 1741620631637
Max suppression time updated to: 189
Max suppression time updated to: 189
Max suppression time updated to: 189
Max suppression time updated to: 189
Max suppression time updated to: 192
Max suppression time updated to: 192
Max suppression time updated to: 192
Received update: /ndn/cz-site/cz/svs_core/cz=13, 1741620635748
Received update: /ndn/it-site/it/svs_core/it=12, 1741620635748
Received update: /ndn/lt-site/lt/svs_core/lt=13, 1741620635748
Max suppression time updated to: 192
Received update: /ndn/at-site/at/svs_core/at=13, 1741620635889
Received update: /ndn/cy-site/cy/svs_core/cy=13, 1741620635889
Received update: /ndn/mt-site/mt/svs_core/mt=12, 1741620635889
Max suppression time updated to: 192
Max suppression time updated to: 192
Max suppression time updated to: 192
Received update: /ndn/fi-site/fi/svs_core/fi=13, 1741620636177
Max suppression time updated to: 192
Received update: /ndn/ee-site/ee/svs_core/ee=13, 1741620637758
Sending Sync interest
Max suppression time updated to: 192
Received update: /ndn/lv-site/lv/svs_core/lv=13, 1741620645161
Received update: /ndn/uk-site/uk/svs_core/uk=13, 1741620645161
Max suppression time updated to: 192
Received update: /ndn/bg-site/bg/svs_core/bg=13, 1741620645183
Max suppression time updated to: 192
Received update: /ndn/si-site/si/svs_core/si=13, 1741620645194
Max suppression time updated to: 192
Received update: /ndn/gr-site/gr/svs_core/gr=13, 1741620647817
Received update: /ndn/hu-site/hu/svs_core/hu=13, 1741620647817
Published sequence number: /ndn/pt-site/pt/svs_core/pt=13, 1741620648826
Sending Sync interest
Max suppression time updated to: 192
Received update: /ndn/no-site/no/svs_core/no=13, 1741620651223
Max suppression time updated to: 192
Max suppression time updated to: 192
Max suppression time updated to: 192
Received update: /ndn/md-site/md/svs_core/md=13, 1741620651490
Max suppression time updated to: 192
Received update: /ndn/hr-site/hr/svs_core/hr=13, 1741620652205
Received update: /ndn/ua-site/ua/svs_core/ua=13, 1741620652205
Max suppression time updated to: 192
Max suppression time updated to: 192
Max suppression time updated to: 192
Max suppression time updated to: 192
Received update: /ndn/rs-site/rs/svs_core/rs=13, 1741620653581
Max suppression time updated to: 192
Max suppression time updated to: 192
Max suppression time updated to: 192
Max suppression time updated to: 192
Max suppression time updated to: 192
Received update: /ndn/by-site/by/svs_core/by=13, 1741620658319
Received update: /ndn/is-site/is/svs_core/is=13, 1741620658319
Received update: /ndn/se-site/se/svs_core/se=13, 1741620658319
Received update: /ndn/de1-site/de1/svs_core/de1=13, 1741620658319
Max suppression time updated to: 192
Received update: /ndn/ge-site/ge/svs_core/ge=13, 1741620658462
Max suppression time updated to: 192
Received update: /ndn/mk-site/mk/svs_core/mk=13, 1741620658702
Max suppression time updated to: 192
Received update: /ndn/ch-site/ch/svs_core/ch=13, 1741620659084
Max suppression time updated to: 192
Received update: /ndn/am-site/am/svs_core/am=13, 1741620659472
Sending Sync interest
Max suppression time updated to: 192
Received update: /ndn/fr1-site/fr1/svs_core/fr1=13, 1741620659660
Max suppression time updated to: 192
Max suppression time updated to: 192
Max suppression time updated to: 195
Max suppression time updated to: 195
Received update: /ndn/tr-site/tr/svs_core/tr=13, 1741620665559
Max suppression time updated to: 195
Received update: /ndn/lu-site/lu/svs_core/lu=13, 1741620666018
Max suppression time updated to: 195
Max suppression time updated to: 195
Max suppression time updated to: 195
Max suppression time updated to: 195
Received update: /ndn/il-site/il/svs_core/il=13, 1741620667753
Received update: /ndn/ro-site/ro/svs_core/ro=13, 1741620667753
Max suppression time updated to: 195
Received update: /ndn/fr2-site/fr2/svs_core/fr2=13, 1741620667980
Max suppression time updated to: 195
Received update: /ndn/dk-site/dk/svs_core/dk=13, 1741620670137
Max suppression time updated to: 195
Max suppression time updated to: 195
Max suppression time updated to: 195
Max suppression time updated to: 195
Received update: /ndn/es-site/es/svs_core/es=13, 1741620671654
Max suppression time updated to: 195
Received update: /ndn/be-site/be/svs_core/be=13, 1741620674920
Received update: /ndn/nl-site/nl/svs_core/nl=13, 1741620674920
Sending Sync interest
Max suppression time updated to: 195
Received update: /ndn/ie-site/ie/svs_core/ie=13, 1741620675137
Sending Sync interest
Max suppression time updated to: 195
Max suppression time updated to: 195
Received update: /ndn/al-site/al/svs_core/al=13, 1741620675413
Max suppression time updated to: 195
Max suppression time updated to: 195
Received update: /ndn/pl-site/pl/svs_core/pl=13, 1741620675846
Max suppression time updated to: 195
Received update: /ndn/az-site/az/svs_core/az=13, 1741620676097
Max suppression time updated to: 195
Received update: /ndn/de2-site/de2/svs_core/de2=13, 1741620678482
Max suppression time updated to: 195
Received update: /ndn/me-site/me/svs_core/me=13, 1741620679787
Received update: /ndn/mt-site/mt/svs_core/mt=13, 1741620679787
Received update: /ndn/sk-site/sk/svs_core/sk=13, 1741620679787
Max suppression time updated to: 195
Received update: /ndn/it-site/it/svs_core/it=13, 1741620681174
Max suppression time updated to: 195
Received update: /ndn/cz-site/cz/svs_core/cz=14, 1741620681532
Max suppression time updated to: 195
Received update: /ndn/cy-site/cy/svs_core/cy=14, 1741620681940
Max suppression time updated to: 195
Received update: /ndn/at-site/at/svs_core/at=14, 1741620682655
Max suppression time updated to: 195
Received update: /ndn/fi-site/fi/svs_core/fi=14, 1741620682689
Max suppression time updated to: 195
Max suppression time updated to: 195
Max suppression time updated to: 195
Max suppression time updated to: 195
Max suppression time updated to: 195
Received update: /ndn/ee-site/ee/svs_core/ee=14, 1741620685336
Max suppression time updated to: 195
Received update: /ndn/lt-site/lt/svs_core/lt=14, 1741620685912
Received update: /ndn/ua-site/ua/svs_core/ua=14, 1741620685912
Max suppression time updated to: 195
Received update: /ndn/bg-site/bg/svs_core/bg=14, 1741620686256
Max suppression time updated to: 195
Received update: /ndn/si-site/si/svs_core/si=14, 1741620687307
Max suppression time updated to: 195
Received update: /ndn/uk-site/uk/svs_core/uk=14, 1741620707934
Max suppression time updated to: 195
Received update: /ndn/hu-site/hu/svs_core/hu=14, 1741620710136
Max suppression time updated to: 195
Received update: /ndn/lv-site/lv/svs_core/lv=14, 1741620710289
Max suppression time updated to: 195
Max suppression time updated to: 195
Max suppression time updated to: 195
Received update: /ndn/md-site/md/svs_core/md=14, 1741620710850
Max suppression time updated to: 195
Received update: /ndn/gr-site/gr/svs_core/gr=14, 1741620711145
Published sequence number: /ndn/pt-site/pt/svs_core/pt=14, 1741620711803
Sending Sync interest
Max suppression time updated to: 195
Received update: /ndn/no-site/no/svs_core/no=14, 1741620714184
Max suppression time updated to: 195
Max suppression time updated to: 195
Max suppression time updated to: 195
Max suppression time updated to: 195
Max suppression time updated to: 195
Received update: /ndn/mk-site/mk/svs_core/mk=14, 1741620717265
Max suppression time updated to: 195
Received update: /ndn/hr-site/hr/svs_core/hr=14, 1741620717456
Max suppression time updated to: 195
Received update: /ndn/by-site/by/svs_core/by=14, 1741620720458
Received update: /ndn/se-site/se/svs_core/se=14, 1741620720458
Max suppression time updated to: 195
Received update: /ndn/is-site/is/svs_core/is=14, 1741620720688
Received update: /ndn/rs-site/rs/svs_core/rs=14, 1741620720688
Max suppression time updated to: 195
Received update: /ndn/ge-site/ge/svs_core/ge=14, 1741620720728
Max suppression time updated to: 195
Received update: /ndn/ch-site/ch/svs_core/ch=14, 1741620722069
Max suppression time updated to: 195
Received update: /ndn/am-site/am/svs_core/am=14, 1741620722237
Max suppression time updated to: 195
Received update: /ndn/fr1-site/fr1/svs_core/fr1=14, 1741620722469
Max suppression time updated to: 195
Received update: /ndn/de1-site/de1/svs_core/de1=14, 1741620722578
Max suppression time updated to: 195
Max suppression time updated to: 195
Received update: /ndn/tr-site/tr/svs_core/tr=14, 1741620725916
Max suppression time updated to: 195
Received update: /ndn/lu-site/lu/svs_core/lu=14, 1741620726390
Max suppression time updated to: 192
Received update: /ndn/il-site/il/svs_core/il=14, 1741620728131
Max suppression time updated to: 192
Received update: /ndn/fr2-site/fr2/svs_core/fr2=14, 1741620728338
Max suppression time updated to: 192
Received update: /ndn/ro-site/ro/svs_core/ro=14, 1741620728412
Max suppression time updated to: 192
Received update: /ndn/al-site/al/svs_core/al=14, 1741620728723
Max suppression time updated to: 192
Max suppression time updated to: 192
Received update: /ndn/dk-site/dk/svs_core/dk=14, 1741620730511
Max suppression time updated to: 192
Received update: /ndn/es-site/es/svs_core/es=14, 1741620732040
Max suppression time updated to: 192
Received update: /ndn/be-site/be/svs_core/be=14, 1741620734258
Sending Sync interest
Max suppression time updated to: 192
Received update: /ndn/nl-site/nl/svs_core/nl=14, 1741620735299
Sending Sync interest
Max suppression time updated to: 192
Max suppression time updated to: 192
Received update: /ndn/pl-site/pl/svs_core/pl=14, 1741620735846
Max suppression time updated to: 195
Received update: /ndn/az-site/az/svs_core/az=14, 1741620736596
Max suppression time updated to: 195
Received update: /ndn/de2-site/de2/svs_core/de2=14, 1741620738907
Max suppression time updated to: 195
Received update: /ndn/it-site/it/svs_core/it=14, 1741620741524
Max suppression time updated to: 192
Received update: /ndn/ie-site/ie/svs_core/ie=14, 1741620741900
Received update: /ndn/sk-site/sk/svs_core/sk=14, 1741620741900
Max suppression time updated to: 192
Received update: /ndn/mt-site/mt/svs_core/mt=14, 1741620741998
Max suppression time updated to: 192
Received update: /ndn/cz-site/cz/svs_core/cz=15, 1741620742030
Max suppression time updated to: 192
Max suppression time updated to: 192
Received update: /ndn/cy-site/cy/svs_core/cy=15, 1741620742363
Max suppression time updated to: 192
Received update: /ndn/me-site/me/svs_core/me=14, 1741620742364
Max suppression time updated to: 192
Received update: /ndn/at-site/at/svs_core/at=15, 1741620743044
Max suppression time updated to: 192
Received update: /ndn/ee-site/ee/svs_core/ee=15, 1741620745726
Max suppression time updated to: 192
Max suppression time updated to: 192
Max suppression time updated to: 192
Max suppression time updated to: 192
Received update: /ndn/lt-site/lt/svs_core/lt=15, 1741620745948
Max suppression time updated to: 192
Max suppression time updated to: 192
Received update: /ndn/bg-site/bg/svs_core/bg=15, 1741620746635
Max suppression time updated to: 192
Received update: /ndn/ua-site/ua/svs_core/ua=15, 1741620746818
Max suppression time updated to: 192
Received update: /ndn/si-site/si/svs_core/si=15, 1741620747692
Max suppression time updated to: 192
Received update: /ndn/lv-site/lv/svs_core/lv=15, 1741620751662
Max suppression time updated to: 192
Max suppression time updated to: 192
Max suppression time updated to: 192
Max suppression time updated to: 192
Received update: /ndn/uk-site/uk/svs_core/uk=15, 1741620752934
Max suppression time updated to: 192
Received update: /ndn/hu-site/hu/svs_core/hu=15, 1741620755119
Max suppression time updated to: 192
Received update: /ndn/gr-site/gr/svs_core/gr=15, 1741620755811
Published sequence number: /ndn/pt-site/pt/svs_core/pt=15, 1741620756808
Sending Sync interest
Max suppression time updated to: 192
Received update: /ndn/md-site/md/svs_core/md=15, 1741620757033
Max suppression time updated to: 192
Received update: /ndn/hr-site/hr/svs_core/hr=15, 1741620760230
Max suppression time updated to: 192
Received update: /ndn/mk-site/mk/svs_core/mk=15, 1741620762283
Max suppression time updated to: 192
Max suppression time updated to: 192
Max suppression time updated to: 192
Max suppression time updated to: 192
Received update: /ndn/rs-site/rs/svs_core/rs=15, 1741620762510
Max suppression time updated to: 192
Received update: /ndn/fi-site/fi/svs_core/fi=15, 1741620762614
Received update: /ndn/no-site/no/svs_core/no=15, 1741620762614
Received update: /ndn/se-site/se/svs_core/se=15, 1741620762614
Max suppression time updated to: 192
Received update: /ndn/is-site/is/svs_core/is=15, 1741620765487
Max suppression time updated to: 192
Received update: /ndn/ge-site/ge/svs_core/ge=15, 1741620765797
Max suppression time updated to: 192
Received update: /ndn/de1-site/de1/svs_core/de1=15, 1741620766274
Max suppression time updated to: 192
Received update: /ndn/by-site/by/svs_core/by=15, 1741620766459
Max suppression time updated to: 192
Max suppression time updated to: 189
Max suppression time updated to: 189
Received update: /ndn/ch-site/ch/svs_core/ch=15, 1741620767070
Max suppression time updated to: 189
Received update: /ndn/tr-site/tr/svs_core/tr=15, 1741620786396
Max suppression time updated to: 189
Received update: /ndn/lu-site/lu/svs_core/lu=15, 1741620786873
Max suppression time updated to: 189
Received update: /ndn/ro-site/ro/svs_core/ro=15, 1741620788446
Max suppression time updated to: 189
Max suppression time updated to: 189
Max suppression time updated to: 189
Received update: /ndn/fr1-site/fr1/svs_core/fr1=15, 1741620788614
Max suppression time updated to: 189
Received update: /ndn/am-site/am/svs_core/am=15, 1741620788845
Max suppression time updated to: 189
Received update: /ndn/il-site/il/svs_core/il=15, 1741620788951
Max suppression time updated to: 189
Max suppression time updated to: 189
Max suppression time updated to: 186
Received update: /ndn/fr2-site/fr2/svs_core/fr2=15, 1741620789230
Max suppression time updated to: 189
Received update: /ndn/dk-site/dk/svs_core/dk=15, 1741620791033
Max suppression time updated to: 189
Received update: /ndn/al-site/al/svs_core/al=15, 1741620795974
Received update: /ndn/nl-site/nl/svs_core/nl=15, 1741620795974
Max suppression time updated to: 189
Received update: /ndn/es-site/es/svs_core/es=15, 1741620796344
Received update: /ndn/pl-site/pl/svs_core/pl=15, 1741620796344
Max suppression time updated to: 189
Received update: /ndn/ie-site/ie/svs_core/ie=15, 1741620796545
Max suppression time updated to: 189
Received update: /ndn/be-site/be/svs_core/be=15, 1741620796758
Max suppression time updated to: 189
Received update: /ndn/me-site/me/svs_core/me=15, 1741620797736
Max suppression time updated to: 189
Max suppression time updated to: 189
Received update: /ndn/az-site/az/svs_core/az=15, 1741620797874
Max suppression time updated to: 189
Max suppression time updated to: 189
Max suppression time updated to: 189
Received update: /ndn/it-site/it/svs_core/it=15, 1741620802003
Max suppression time updated to: 189
Received update: /ndn/de2-site/de2/svs_core/de2=15, 1741620802171
Max suppression time updated to: 189
Received update: /ndn/cz-site/cz/svs_core/cz=16, 1741620802369
Received update: /ndn/sk-site/sk/svs_core/sk=15, 1741620802369
Max suppression time updated to: 189
Received update: /ndn/mt-site/mt/svs_core/mt=15, 1741620802570
Max suppression time updated to: 189
Received update: /ndn/cy-site/cy/svs_core/cy=16, 1741620802831
Max suppression time updated to: 189
Received update: /ndn/at-site/at/svs_core/at=16, 1741620803535
Max suppression time updated to: 189
Received update: /ndn/lt-site/lt/svs_core/lt=16, 1741620804232
Max suppression time updated to: 189
Received update: /ndn/ua-site/ua/svs_core/ua=16, 1741620806353
Max suppression time updated to: 189
Max suppression time updated to: 189
Max suppression time updated to: 189
Max suppression time updated to: 189
Received update: /ndn/bg-site/bg/svs_core/bg=16, 1741620808152
Received update: /ndn/ee-site/ee/svs_core/ee=16, 1741620808152
Received update: /ndn/fi-site/fi/svs_core/fi=16, 1741620808152
Received update: /ndn/si-site/si/svs_core/si=16, 1741620808152
Max suppression time updated to: 189
Max suppression time updated to: 189
Max suppression time updated to: 189
Max suppression time updated to: 189
Max suppression time updated to: 189
Max suppression time updated to: 189
Received update: /ndn/uk-site/uk/svs_core/uk=16, 1741620829191
Max suppression time updated to: 189
Received update: /ndn/gr-site/gr/svs_core/gr=16, 1741620831860
Received update: /ndn/hu-site/hu/svs_core/hu=16, 1741620831860
Published sequence number: /ndn/pt-site/pt/svs_core/pt=16, 1741620832863
Sending Sync interest
Max suppression time updated to: 189
Received update: /ndn/lv-site/lv/svs_core/lv=16, 1741620833236
Max suppression time updated to: 189
Received update: /ndn/md-site/md/svs_core/md=16, 1741620833511
Max suppression time updated to: 189
Max suppression time updated to: 189
Max suppression time updated to: 189
Max suppression time updated to: 189
Received update: /ndn/hr-site/hr/svs_core/hr=16, 1741620836251
Max suppression time updated to: 189
Received update: /ndn/no-site/no/svs_core/no=16, 1741620836510
Max suppression time updated to: 189
Received update: /ndn/rs-site/rs/svs_core/rs=16, 1741620837470
Max suppression time updated to: 189
Received update: /ndn/mk-site/mk/svs_core/mk=16, 1741620838362
Max suppression time updated to: 189
Received update: /ndn/is-site/is/svs_core/is=16, 1741620841478
Received update: /ndn/se-site/se/svs_core/se=16, 1741620841478
Max suppression time updated to: 189
Max suppression time updated to: 189
Max suppression time updated to: 189
Received update: /ndn/by-site/by/svs_core/by=16, 1741620841886
Max suppression time updated to: 189
Max suppression time updated to: 189
Received update: /ndn/ge-site/ge/svs_core/ge=16, 1741620842558
Received update: /ndn/de1-site/de1/svs_core/de1=16, 1741620842558
Max suppression time updated to: 189
Max suppression time updated to: 189
Max suppression time updated to: 189
Max suppression time updated to: 189
Max suppression time updated to: 189
Received update: /ndn/ch-site/ch/svs_core/ch=16, 1741620843727
Received update: /ndn/fr1-site/fr1/svs_core/fr1=16, 1741620843727
Max suppression time updated to: 189
Received update: /ndn/il-site/il/svs_core/il=16, 1741620849192
Max suppression time updated to: 189
Received update: /ndn/ro-site/ro/svs_core/ro=16, 1741620849573
Received update: /ndn/tr-site/tr/svs_core/tr=16, 1741620849573
Max suppression time updated to: 189
Received update: /ndn/am-site/am/svs_core/am=16, 1741620849574
Max suppression time updated to: 189
Received update: /ndn/fr2-site/fr2/svs_core/fr2=16, 1741620849754
Max suppression time updated to: 189
Received update: /ndn/lu-site/lu/svs_core/lu=16, 1741620849790
Max suppression time updated to: 189
Max suppression time updated to: 189
Max suppression time updated to: 189
Max suppression time updated to: 189
Max suppression time updated to: 189
Received update: /ndn/dk-site/dk/svs_core/dk=16, 1741620853104
Received update: /ndn/es-site/es/svs_core/es=16, 1741620853104
Max suppression time updated to: 192
Received update: /ndn/be-site/be/svs_core/be=16, 1741620855468
Max suppression time updated to: 192
Received update: /ndn/al-site/al/svs_core/al=16, 1741620855539
Max suppression time updated to: 192
Max suppression time updated to: 192
Max suppression time updated to: 192
Received update: /ndn/nl-site/nl/svs_core/nl=16, 1741620856368
Max suppression time updated to: 192
Received update: /ndn/ie-site/ie/svs_core/ie=16, 1741620856576
Max suppression time updated to: 192
Received update: /ndn/pl-site/pl/svs_core/pl=16, 1741620857008
Max suppression time updated to: 192
Max suppression time updated to: 192
Received update: /ndn/me-site/me/svs_core/me=16, 1741620858319
Max suppression time updated to: 192
Received update: /ndn/de2-site/de2/svs_core/de2=16, 1741620859919
Max suppression time updated to: 189
Received update: /ndn/mt-site/mt/svs_core/mt=16, 1741620861218
Received update: /ndn/sk-site/sk/svs_core/sk=16, 1741620861218
Max suppression time updated to: 189
Received update: /ndn/az-site/az/svs_core/az=16, 1741620861447
Max suppression time updated to: 189
Received update: /ndn/it-site/it/svs_core/it=16, 1741620862603
Stopping SVS client: /ndn/pt-site/pt/svs_core/pt
