SVS client starting: /ndn/ie-site/ie/svs_core/ie
Max suppression time updated to: 42
Max suppression time updated to: 39
Max suppression time updated to: 48
Max suppression time updated to: 48
Max suppression time updated to: 51
Max suppression time updated to: 51
Max suppression time updated to: 48
Max suppression time updated to: 48
Max suppression time updated to: 45
Max suppression time updated to: 45
Sending Sync interest
Max suppression time updated to: 45
Max suppression time updated to: 45
Max suppression time updated to: 48
Max suppression time updated to: 48
Max suppression time updated to: 45
Max suppression time updated to: 45
Max suppression time updated to: 45
Max suppression time updated to: 42
Max suppression time updated to: 45
Max suppression time updated to: 45
Max suppression time updated to: 45
Max suppression time updated to: 45
Max suppression time updated to: 45
Max suppression time updated to: 45
Max suppression time updated to: 45
Max suppression time updated to: 42
Max suppression time updated to: 42
Max suppression time updated to: 45
Max suppression time updated to: 45
Received update: /ndn/pl-site/pl/svs_core/pl=1, 1741741059256
Max suppression time updated to: 45
Received update: /ndn/hu-site/hu/svs_core/hu=1, 1741741063035
Received update: /ndn/ro-site/ro/svs_core/ro=1, 1741741063035
Max suppression time updated to: 45
Received update: /ndn/lt-site/lt/svs_core/lt=1, 1741741063715
Max suppression time updated to: 45
Max suppression time updated to: 45
Max suppression time updated to: 45
Max suppression time updated to: 45
Received update: /ndn/si-site/si/svs_core/si=1, 1741741064331
Max suppression time updated to: 45
Received update: /ndn/ge-site/ge/svs_core/ge=1, 1741741066187
Max suppression time updated to: 45
Received update: /ndn/de1-site/de1/svs_core/de1=1, 1741741066401
Max suppression time updated to: 45
Received update: /ndn/ua-site/ua/svs_core/ua=1, 1741741066467
Max suppression time updated to: 45
Received update: /ndn/ch-site/ch/svs_core/ch=1, 1741741066917
Max suppression time updated to: 45
Received update: /ndn/by-site/by/svs_core/by=1, 1741741066974
Max suppression time updated to: 48
Received update: /ndn/se-site/se/svs_core/se=1, 1741741068170
Max suppression time updated to: 48
Received update: /ndn/me-site/me/svs_core/me=1, 1741741069458
Max suppression time updated to: 45
Received update: /ndn/il-site/il/svs_core/il=1, 1741741069547
Max suppression time updated to: 45
Received update: /ndn/be-site/be/svs_core/be=1, 1741741069634
Max suppression time updated to: 48
Received update: /ndn/mk-site/mk/svs_core/mk=1, 1741741070109
Max suppression time updated to: 48
Received update: /ndn/cz-site/cz/svs_core/cz=1, 1741741070855
Max suppression time updated to: 45
Received update: /ndn/fi-site/fi/svs_core/fi=1, 1741741071561
Received update: /ndn/lu-site/lu/svs_core/lu=1, 1741741071561
Max suppression time updated to: 45
Received update: /ndn/dk-site/dk/svs_core/dk=1, 1741741075397
Received update: /ndn/is-site/is/svs_core/is=1, 1741741075397
Max suppression time updated to: 45
Received update: /ndn/cy-site/cy/svs_core/cy=1, 1741741076843
Max suppression time updated to: 48
Received update: /ndn/lv-site/lv/svs_core/lv=1, 1741741079125
Max suppression time updated to: 48
Received update: /ndn/am-site/am/svs_core/am=1, 1741741079182
Max suppression time updated to: 48
Received update: /ndn/hr-site/hr/svs_core/hr=1, 1741741081876
Received update: /ndn/md-site/md/svs_core/md=1, 1741741081876
Received update: /ndn/fr2-site/fr2/svs_core/fr2=1, 1741741081876
Max suppression time updated to: 48
Received update: /ndn/uk-site/uk/svs_core/uk=1, 1741741082204
Published sequence number: /ndn/ie-site/ie/svs_core/ie=1, 1741741085712
Sending Sync interest
Max suppression time updated to: 48
Received update: /ndn/ee-site/ee/svs_core/ee=1, 1741741085901
Received update: /ndn/it-site/it/svs_core/it=1, 1741741085901
Sending Sync interest
Max suppression time updated to: 48
Received update: /ndn/de2-site/de2/svs_core/de2=1, 1741741086307
Max suppression time updated to: 48
Received update: /ndn/rs-site/rs/svs_core/rs=1, 1741741088728
Max suppression time updated to: 48
Received update: /ndn/tr-site/tr/svs_core/tr=1, 1741741092049
Max suppression time updated to: 48
Received update: /ndn/az-site/az/svs_core/az=1, 1741741092192
Max suppression time updated to: 48
Max suppression time updated to: 48
Max suppression time updated to: 48
Received update: /ndn/fr1-site/fr1/svs_core/fr1=1, 1741741092312
Max suppression time updated to: 45
Received update: /ndn/al-site/al/svs_core/al=1, 1741741093035
Max suppression time updated to: 45
Max suppression time updated to: 45
Max suppression time updated to: 45
Max suppression time updated to: 45
Max suppression time updated to: 48
Received update: /ndn/bg-site/bg/svs_core/bg=1, 1741741094859
Received update: /ndn/mt-site/mt/svs_core/mt=1, 1741741094859
Max suppression time updated to: 48
Received update: /ndn/at-site/at/svs_core/at=1, 1741741095393
Max suppression time updated to: 48
Received update: /ndn/no-site/no/svs_core/no=1, 1741741095589
Max suppression time updated to: 48
Received update: /ndn/es-site/es/svs_core/es=1, 1741741097119
Received update: /ndn/gr-site/gr/svs_core/gr=1, 1741741097119
Received update: /ndn/pt-site/pt/svs_core/pt=1, 1741741097119
Max suppression time updated to: 48
Received update: /ndn/sk-site/sk/svs_core/sk=1, 1741741097170
Max suppression time updated to: 48
Received update: /ndn/nl-site/nl/svs_core/nl=1, 1741741099287
Max suppression time updated to: 48
Received update: /ndn/pl-site/pl/svs_core/pl=2, 1741741104264
Max suppression time updated to: 48
Received update: /ndn/hu-site/hu/svs_core/hu=2, 1741741105686
Max suppression time updated to: 48
Received update: /ndn/ro-site/ro/svs_core/ro=2, 1741741109337
Received update: /ndn/si-site/si/svs_core/si=2, 1741741109337
Max suppression time updated to: 48
Received update: /ndn/lt-site/lt/svs_core/lt=2, 1741741109395
Max suppression time updated to: 48
Received update: /ndn/ua-site/ua/svs_core/ua=2, 1741741109949
Max suppression time updated to: 48
Max suppression time updated to: 48
Received update: /ndn/ge-site/ge/svs_core/ge=2, 1741741111414
Received update: /ndn/de1-site/de1/svs_core/de1=2, 1741741111414
Max suppression time updated to: 48
Received update: /ndn/se-site/se/svs_core/se=2, 1741741113174
Max suppression time updated to: 48
Received update: /ndn/ch-site/ch/svs_core/ch=2, 1741741114637
Received update: /ndn/il-site/il/svs_core/il=2, 1741741114637
Received update: /ndn/me-site/me/svs_core/me=2, 1741741114637
Max suppression time updated to: 48
Received update: /ndn/be-site/be/svs_core/be=2, 1741741114740
Received update: /ndn/by-site/by/svs_core/by=2, 1741741114740
Max suppression time updated to: 48
Received update: /ndn/mk-site/mk/svs_core/mk=2, 1741741115123
Max suppression time updated to: 48
Received update: /ndn/cz-site/cz/svs_core/cz=2, 1741741115864
Max suppression time updated to: 48
Received update: /ndn/fi-site/fi/svs_core/fi=2, 1741741116568
Received update: /ndn/lu-site/lu/svs_core/lu=2, 1741741116568
Max suppression time updated to: 48
Received update: /ndn/dk-site/dk/svs_core/dk=2, 1741741120404
Max suppression time updated to: 48
Received update: /ndn/cy-site/cy/svs_core/cy=2, 1741741121975
Received update: /ndn/is-site/is/svs_core/is=2, 1741741121975
Max suppression time updated to: 48
Received update: /ndn/am-site/am/svs_core/am=2, 1741741124213
Max suppression time updated to: 48
Received update: /ndn/hr-site/hr/svs_core/hr=2, 1741741124242
Published sequence number: /ndn/ie-site/ie/svs_core/ie=2, 1741741130715
Sending Sync interest
Max suppression time updated to: 48
Received update: /ndn/it-site/it/svs_core/it=2, 1741741130766
Received update: /ndn/lv-site/lv/svs_core/lv=2, 1741741130766
Received update: /ndn/uk-site/uk/svs_core/uk=2, 1741741130766
Received update: /ndn/fr2-site/fr2/svs_core/fr2=2, 1741741130766
Max suppression time updated to: 48
Max suppression time updated to: 48
Max suppression time updated to: 48
Received update: /ndn/ee-site/ee/svs_core/ee=2, 1741741130915
Max suppression time updated to: 48
Received update: /ndn/rs-site/rs/svs_core/rs=2, 1741741133733
Received update: /ndn/de2-site/de2/svs_core/de2=2, 1741741133733
Max suppression time updated to: 48
Received update: /ndn/al-site/al/svs_core/al=2, 1741741138003
Received update: /ndn/tr-site/tr/svs_core/tr=2, 1741741138003
Max suppression time updated to: 48
Received update: /ndn/md-site/md/svs_core/md=2, 1741741138032
Max suppression time updated to: 48
Received update: /ndn/fr1-site/fr1/svs_core/fr1=2, 1741741138045
Max suppression time updated to: 48
Received update: /ndn/at-site/at/svs_core/at=2, 1741741141839
Received update: /ndn/az-site/az/svs_core/az=2, 1741741141839
Received update: /ndn/bg-site/bg/svs_core/bg=2, 1741741141839
Received update: /ndn/es-site/es/svs_core/es=2, 1741741141839
Received update: /ndn/gr-site/gr/svs_core/gr=2, 1741741141839
Received update: /ndn/mt-site/mt/svs_core/mt=2, 1741741141839
Max suppression time updated to: 48
Received update: /ndn/no-site/no/svs_core/no=2, 1741741141979
Received update: /ndn/sk-site/sk/svs_core/sk=2, 1741741141979
Max suppression time updated to: 48
Received update: /ndn/nl-site/nl/svs_core/nl=2, 1741741144286
Max suppression time updated to: 48
Received update: /ndn/pl-site/pl/svs_core/pl=3, 1741741149330
Received update: /ndn/pt-site/pt/svs_core/pt=2, 1741741149330
Max suppression time updated to: 48
Received update: /ndn/hu-site/hu/svs_core/hu=3, 1741741150696
Max suppression time updated to: 48
Received update: /ndn/ro-site/ro/svs_core/ro=3, 1741741153047
Max suppression time updated to: 48
Received update: /ndn/lt-site/lt/svs_core/lt=3, 1741741153715
Max suppression time updated to: 48
Received update: /ndn/by-site/by/svs_core/by=3, 1741741159528
Received update: /ndn/ch-site/ch/svs_core/ch=3, 1741741159528
Received update: /ndn/ge-site/ge/svs_core/ge=3, 1741741159528
Received update: /ndn/me-site/me/svs_core/me=3, 1741741159528
Received update: /ndn/si-site/si/svs_core/si=3, 1741741159528
Received update: /ndn/ua-site/ua/svs_core/ua=3, 1741741159528
Received update: /ndn/de1-site/de1/svs_core/de1=3, 1741741159528
Max suppression time updated to: 48
Max suppression time updated to: 48
Received update: /ndn/il-site/il/svs_core/il=3, 1741741159551
Max suppression time updated to: 48
Received update: /ndn/se-site/se/svs_core/se=3, 1741741159583
Max suppression time updated to: 48
Max suppression time updated to: 48
Max suppression time updated to: 48
Max suppression time updated to: 48
Received update: /ndn/cz-site/cz/svs_core/cz=3, 1741741165443
Received update: /ndn/dk-site/dk/svs_core/dk=3, 1741741165443
Max suppression time updated to: 48
Received update: /ndn/lu-site/lu/svs_core/lu=3, 1741741165454
Max suppression time updated to: 48
Max suppression time updated to: 48
Received update: /ndn/mk-site/mk/svs_core/mk=3, 1741741165482
Max suppression time updated to: 48
Received update: /ndn/is-site/is/svs_core/is=3, 1741741165495
Max suppression time updated to: 48
Max suppression time updated to: 48
Received update: /ndn/be-site/be/svs_core/be=3, 1741741165562
Max suppression time updated to: 48
Max suppression time updated to: 48
Max suppression time updated to: 48
Received update: /ndn/cy-site/cy/svs_core/cy=3, 1741741169170
Received update: /ndn/lv-site/lv/svs_core/lv=3, 1741741169170
Max suppression time updated to: 48
Max suppression time updated to: 48
Received update: /ndn/am-site/am/svs_core/am=3, 1741741171879
Received update: /ndn/hr-site/hr/svs_core/hr=3, 1741741171879
Received update: /ndn/md-site/md/svs_core/md=3, 1741741171879
Max suppression time updated to: 48
Received update: /ndn/uk-site/uk/svs_core/uk=3, 1741741172213
Max suppression time updated to: 48
Received update: /ndn/fr2-site/fr2/svs_core/fr2=3, 1741741172297
Published sequence number: /ndn/ie-site/ie/svs_core/ie=3, 1741741175716
Sending Sync interest
Max suppression time updated to: 48
Received update: /ndn/it-site/it/svs_core/it=3, 1741741176397
Received update: /ndn/de2-site/de2/svs_core/de2=3, 1741741176397
Sending Sync interest
Max suppression time updated to: 48
Received update: /ndn/tr-site/tr/svs_core/tr=3, 1741741182053
Max suppression time updated to: 48
Received update: /ndn/ee-site/ee/svs_core/ee=3, 1741741182129
Max suppression time updated to: 48
Received update: /ndn/az-site/az/svs_core/az=3, 1741741182322
Received update: /ndn/rs-site/rs/svs_core/rs=3, 1741741182322
Received update: /ndn/fr1-site/fr1/svs_core/fr1=3, 1741741182322
Max suppression time updated to: 48
Received update: /ndn/mt-site/mt/svs_core/mt=3, 1741741184585
Max suppression time updated to: 48
Received update: /ndn/al-site/al/svs_core/al=3, 1741741184623
Max suppression time updated to: 48
Received update: /ndn/at-site/at/svs_core/at=3, 1741741185408
Received update: /ndn/bg-site/bg/svs_core/bg=3, 1741741185408
Max suppression time updated to: 48
Received update: /ndn/gr-site/gr/svs_core/gr=3, 1741741185529
Max suppression time updated to: 48
Received update: /ndn/es-site/es/svs_core/es=3, 1741741186842
Received update: /ndn/no-site/no/svs_core/no=3, 1741741186842
Received update: /ndn/sk-site/sk/svs_core/sk=3, 1741741186842
Max suppression time updated to: 48
Received update: /ndn/nl-site/nl/svs_core/nl=3, 1741741189305
Max suppression time updated to: 48
Received update: /ndn/pt-site/pt/svs_core/pt=3, 1741741189387
Max suppression time updated to: 48
Received update: /ndn/pl-site/pl/svs_core/pl=4, 1741741194277
Max suppression time updated to: 48
Received update: /ndn/hu-site/hu/svs_core/hu=4, 1741741195689
Max suppression time updated to: 48
Received update: /ndn/fi-site/fi/svs_core/fi=3, 1741741198064
Received update: /ndn/ro-site/ro/svs_core/ro=4, 1741741198064
Max suppression time updated to: 48
Received update: /ndn/ge-site/ge/svs_core/ge=4, 1741741201209
Received update: /ndn/lt-site/lt/svs_core/lt=4, 1741741201209
Received update: /ndn/si-site/si/svs_core/si=4, 1741741201209
Max suppression time updated to: 51
Received update: /ndn/ua-site/ua/svs_core/ua=4, 1741741201439
Received update: /ndn/de1-site/de1/svs_core/de1=4, 1741741201439
Max suppression time updated to: 51
Received update: /ndn/by-site/by/svs_core/by=4, 1741741201936
Received update: /ndn/ch-site/ch/svs_core/ch=4, 1741741201936
Max suppression time updated to: 51
Received update: /ndn/se-site/se/svs_core/se=4, 1741741203188
Max suppression time updated to: 51
Max suppression time updated to: 51
Max suppression time updated to: 51
Max suppression time updated to: 51
Max suppression time updated to: 51
Received update: /ndn/il-site/il/svs_core/il=4, 1741741204664
Received update: /ndn/me-site/me/svs_core/me=4, 1741741204664
Max suppression time updated to: 51
Received update: /ndn/cz-site/cz/svs_core/cz=4, 1741741205876
Max suppression time updated to: 51
Received update: /ndn/be-site/be/svs_core/be=4, 1741741205939
Max suppression time updated to: 51
Received update: /ndn/dk-site/dk/svs_core/dk=4, 1741741210488
Received update: /ndn/lu-site/lu/svs_core/lu=4, 1741741210488
Received update: /ndn/mk-site/mk/svs_core/mk=4, 1741741210488
Max suppression time updated to: 51
Received update: /ndn/cy-site/cy/svs_core/cy=4, 1741741211862
Received update: /ndn/is-site/is/svs_core/is=4, 1741741211862
Max suppression time updated to: 51
Received update: /ndn/fi-site/fi/svs_core/fi=4, 1741741211999
Max suppression time updated to: 51
Received update: /ndn/hr-site/hr/svs_core/hr=4, 1741741212428
Max suppression time updated to: 51
Max suppression time updated to: 51
Received update: /ndn/fr2-site/fr2/svs_core/fr2=4, 1741741216608
Max suppression time updated to: 51
Received update: /ndn/lv-site/lv/svs_core/lv=4, 1741741216672
Max suppression time updated to: 51
Received update: /ndn/uk-site/uk/svs_core/uk=4, 1741741217224
Max suppression time updated to: 51
Received update: /ndn/it-site/it/svs_core/it=4, 1741741218712
Published sequence number: /ndn/ie-site/ie/svs_core/ie=4, 1741741220722
Sending Sync interest
Max suppression time updated to: 51
Received update: /ndn/am-site/am/svs_core/am=4, 1741741220820
Max suppression time updated to: 51
Received update: /ndn/md-site/md/svs_core/md=4, 1741741220901
Max suppression time updated to: 51
Received update: /ndn/ee-site/ee/svs_core/ee=4, 1741741221323
Received update: /ndn/de2-site/de2/svs_core/de2=4, 1741741221323
Max suppression time updated to: 51
Received update: /ndn/tr-site/tr/svs_core/tr=4, 1741741227053
Max suppression time updated to: 51
Received update: /ndn/mt-site/mt/svs_core/mt=4, 1741741229583
Max suppression time updated to: 51
Received update: /ndn/bg-site/bg/svs_core/bg=4, 1741741229875
Received update: /ndn/fr1-site/fr1/svs_core/fr1=4, 1741741229875
Max suppression time updated to: 51
Received update: /ndn/rs-site/rs/svs_core/rs=4, 1741741229948
Max suppression time updated to: 51
Received update: /ndn/al-site/al/svs_core/al=4, 1741741230101
Received update: /ndn/az-site/az/svs_core/az=4, 1741741230101
Max suppression time updated to: 51
Received update: /ndn/at-site/at/svs_core/at=4, 1741741230415
Max suppression time updated to: 54
Received update: /ndn/gr-site/gr/svs_core/gr=4, 1741741230559
Max suppression time updated to: 51
Received update: /ndn/nl-site/nl/svs_core/nl=4, 1741741234314
Max suppression time updated to: 51
Received update: /ndn/es-site/es/svs_core/es=4, 1741741234368
Received update: /ndn/pt-site/pt/svs_core/pt=4, 1741741234368
Max suppression time updated to: 51
Max suppression time updated to: 51
Max suppression time updated to: 51
Received update: /ndn/sk-site/sk/svs_core/sk=4, 1741741234404
Max suppression time updated to: 51
Max suppression time updated to: 51
Received update: /ndn/no-site/no/svs_core/no=4, 1741741239268
Received update: /ndn/pl-site/pl/svs_core/pl=5, 1741741239268
Max suppression time updated to: 51
Received update: /ndn/hu-site/hu/svs_core/hu=5, 1741741244352
Received update: /ndn/ro-site/ro/svs_core/ro=5, 1741741244352
Received update: /ndn/si-site/si/svs_core/si=5, 1741741244352
Max suppression time updated to: 54
Received update: /ndn/lt-site/lt/svs_core/lt=5, 1741741244425
Max suppression time updated to: 54
Received update: /ndn/ge-site/ge/svs_core/ge=5, 1741741246424
Received update: /ndn/de1-site/de1/svs_core/de1=5, 1741741246424
Max suppression time updated to: 54
Received update: /ndn/by-site/by/svs_core/by=5, 1741741246751
Received update: /ndn/ua-site/ua/svs_core/ua=5, 1741741246751
Max suppression time updated to: 54
Received update: /ndn/ch-site/ch/svs_core/ch=5, 1741741246954
Max suppression time updated to: 54
Received update: /ndn/me-site/me/svs_core/me=5, 1741741249483
Max suppression time updated to: 54
Received update: /ndn/se-site/se/svs_core/se=5, 1741741249505
Max suppression time updated to: 54
Max suppression time updated to: 54
Max suppression time updated to: 54
Received update: /ndn/il-site/il/svs_core/il=5, 1741741249572
Max suppression time updated to: 54
Max suppression time updated to: 54
Received update: /ndn/be-site/be/svs_core/be=5, 1741741249649
Max suppression time updated to: 54
Max suppression time updated to: 54
Max suppression time updated to: 54
Received update: /ndn/cz-site/cz/svs_core/cz=5, 1741741252317
Received update: /ndn/is-site/is/svs_core/is=5, 1741741252317
Received update: /ndn/lu-site/lu/svs_core/lu=5, 1741741252317
Received update: /ndn/mk-site/mk/svs_core/mk=5, 1741741252317
Max suppression time updated to: 54
Received update: /ndn/cy-site/cy/svs_core/cy=5, 1741741256875
Received update: /ndn/dk-site/dk/svs_core/dk=5, 1741741256875
Received update: /ndn/fi-site/fi/svs_core/fi=5, 1741741256875
Max suppression time updated to: 54
Received update: /ndn/hr-site/hr/svs_core/hr=5, 1741741257430
Max suppression time updated to: 54
Max suppression time updated to: 54
Max suppression time updated to: 54
Received update: /ndn/am-site/am/svs_core/am=5, 1741741259193
Received update: /ndn/lv-site/lv/svs_core/lv=5, 1741741259193
Max suppression time updated to: 54
Received update: /ndn/fr2-site/fr2/svs_core/fr2=5, 1741741261631
Max suppression time updated to: 54
Received update: /ndn/it-site/it/svs_core/it=5, 1741741263727
Received update: /ndn/uk-site/uk/svs_core/uk=5, 1741741263727
Published sequence number: /ndn/ie-site/ie/svs_core/ie=5, 1741741265726
Sending Sync interest
Max suppression time updated to: 54
Received update: /ndn/de2-site/de2/svs_core/de2=5, 1741741266382
Max suppression time updated to: 54
Received update: /ndn/ee-site/ee/svs_core/ee=5, 1741741272339
Received update: /ndn/fr1-site/fr1/svs_core/fr1=5, 1741741272339
Max suppression time updated to: 54
Received update: /ndn/al-site/al/svs_core/al=5, 1741741273059
Max suppression time updated to: 54
Max suppression time updated to: 54
Received update: /ndn/rs-site/rs/svs_core/rs=5, 1741741273099
Sending Sync interest
Max suppression time updated to: 54
Max suppression time updated to: 54
Received update: /ndn/tr-site/tr/svs_core/tr=5, 1741741273120
Max suppression time updated to: 54
Max suppression time updated to: 54
Max suppression time updated to: 54
Received update: /ndn/az-site/az/svs_core/az=5, 1741741273268
Received update: /ndn/md-site/md/svs_core/md=5, 1741741273268
Max suppression time updated to: 54
Received update: /ndn/at-site/at/svs_core/at=5, 1741741275424
Received update: /ndn/bg-site/bg/svs_core/bg=5, 1741741275424
Max suppression time updated to: 54
Received update: /ndn/es-site/es/svs_core/es=5, 1741741276856
Received update: /ndn/gr-site/gr/svs_core/gr=5, 1741741276856
Received update: /ndn/mt-site/mt/svs_core/mt=5, 1741741276856
Received update: /ndn/no-site/no/svs_core/no=5, 1741741276856
Received update: /ndn/sk-site/sk/svs_core/sk=5, 1741741276856
Max suppression time updated to: 54
Received update: /ndn/pt-site/pt/svs_core/pt=5, 1741741277140
Max suppression time updated to: 54
Received update: /ndn/nl-site/nl/svs_core/nl=5, 1741741279305
Max suppression time updated to: 54
Received update: /ndn/lt-site/lt/svs_core/lt=6, 1741741288741
Max suppression time updated to: 54
Received update: /ndn/hu-site/hu/svs_core/hu=6, 1741741288792
Received update: /ndn/pl-site/pl/svs_core/pl=6, 1741741288792
Max suppression time updated to: 54
Received update: /ndn/ro-site/ro/svs_core/ro=6, 1741741288826
Max suppression time updated to: 54
Received update: /ndn/si-site/si/svs_core/si=6, 1741741291429
Received update: /ndn/de1-site/de1/svs_core/de1=6, 1741741291429
Max suppression time updated to: 54
Received update: /ndn/ge-site/ge/svs_core/ge=6, 1741741291498
Max suppression time updated to: 54
Received update: /ndn/by-site/by/svs_core/by=6, 1741741294565
Received update: /ndn/ch-site/ch/svs_core/ch=6, 1741741294565
Received update: /ndn/il-site/il/svs_core/il=6, 1741741294565
Received update: /ndn/ua-site/ua/svs_core/ua=6, 1741741294565
Max suppression time updated to: 54
Received update: /ndn/me-site/me/svs_core/me=6, 1741741294631
Max suppression time updated to: 54
Received update: /ndn/be-site/be/svs_core/be=6, 1741741294656
Received update: /ndn/se-site/se/svs_core/se=6, 1741741294656
Max suppression time updated to: 54
Max suppression time updated to: 54
Max suppression time updated to: 54
Received update: /ndn/mk-site/mk/svs_core/mk=6, 1741741295139
Max suppression time updated to: 54
Received update: /ndn/cz-site/cz/svs_core/cz=6, 1741741295890
Max suppression time updated to: 54
Received update: /ndn/lu-site/lu/svs_core/lu=6, 1741741296605
Max suppression time updated to: 54
Received update: /ndn/is-site/is/svs_core/is=6, 1741741297248
Max suppression time updated to: 54
Received update: /ndn/dk-site/dk/svs_core/dk=6, 1741741300436
Max suppression time updated to: 54
Received update: /ndn/cy-site/cy/svs_core/cy=6, 1741741301887
Max suppression time updated to: 54
Max suppression time updated to: 54
Max suppression time updated to: 54
Received update: /ndn/hr-site/hr/svs_core/hr=6, 1741741302440
Max suppression time updated to: 54
Received update: /ndn/lv-site/lv/svs_core/lv=6, 1741741304149
Max suppression time updated to: 54
Max suppression time updated to: 54
Max suppression time updated to: 54
Max suppression time updated to: 54
Received update: /ndn/md-site/md/svs_core/md=6, 1741741306900
Received update: /ndn/fr2-site/fr2/svs_core/fr2=6, 1741741306900
Max suppression time updated to: 54
Received update: /ndn/am-site/am/svs_core/am=6, 1741741307238
Received update: /ndn/uk-site/uk/svs_core/uk=6, 1741741307238
Published sequence number: /ndn/ie-site/ie/svs_core/ie=6, 1741741310736
Sending Sync interest
Max suppression time updated to: 54
Received update: /ndn/ee-site/ee/svs_core/ee=6, 1741741311079
Received update: /ndn/it-site/it/svs_core/it=6, 1741741311079
Sending Sync interest
Max suppression time updated to: 54
Received update: /ndn/tr-site/tr/svs_core/tr=6, 1741741317063
Received update: /ndn/de2-site/de2/svs_core/de2=6, 1741741317063
Max suppression time updated to: 54
Received update: /ndn/rs-site/rs/svs_core/rs=6, 1741741317105
Sending Sync interest
Max suppression time updated to: 54
Received update: /ndn/al-site/al/svs_core/al=6, 1741741318054
Received update: /ndn/az-site/az/svs_core/az=6, 1741741318054
Received update: /ndn/fi-site/fi/svs_core/fi=6, 1741741318054
Received update: /ndn/fr1-site/fr1/svs_core/fr1=6, 1741741318054
Max suppression time updated to: 54
Max suppression time updated to: 54
Sending Sync interest
Max suppression time updated to: 54
Received update: /ndn/mt-site/mt/svs_core/mt=6, 1741741319639
Max suppression time updated to: 54
Max suppression time updated to: 54
Max suppression time updated to: 54
Received update: /ndn/at-site/at/svs_core/at=6, 1741741320424
Received update: /ndn/bg-site/bg/svs_core/bg=6, 1741741320424
Max suppression time updated to: 54
Received update: /ndn/sk-site/sk/svs_core/sk=6, 1741741321442
Max suppression time updated to: 54
Max suppression time updated to: 54
Max suppression time updated to: 54
Max suppression time updated to: 54
Max suppression time updated to: 54
Max suppression time updated to: 54
Received update: /ndn/no-site/no/svs_core/no=6, 1741741321451
Max suppression time updated to: 54
Max suppression time updated to: 54
Max suppression time updated to: 54
Max suppression time updated to: 54
Received update: /ndn/gr-site/gr/svs_core/gr=6, 1741741321620
Max suppression time updated to: 57
Received update: /ndn/es-site/es/svs_core/es=6, 1741741321879
Max suppression time updated to: 57
Received update: /ndn/pt-site/pt/svs_core/pt=6, 1741741322159
Max suppression time updated to: 57
Received update: /ndn/nl-site/nl/svs_core/nl=6, 1741741329339
Received update: /ndn/pl-site/pl/svs_core/pl=7, 1741741329339
Max suppression time updated to: 57
Received update: /ndn/hu-site/hu/svs_core/hu=7, 1741741333122
Received update: /ndn/ro-site/ro/svs_core/ro=7, 1741741333122
Max suppression time updated to: 57
Received update: /ndn/ge-site/ge/svs_core/ge=7, 1741741336570
Received update: /ndn/lt-site/lt/svs_core/lt=7, 1741741336570
Received update: /ndn/de1-site/de1/svs_core/de1=7, 1741741336570
Max suppression time updated to: 57
Received update: /ndn/by-site/by/svs_core/by=7, 1741741336656
Max suppression time updated to: 57
Received update: /ndn/si-site/si/svs_core/si=7, 1741741336686
Received update: /ndn/ua-site/ua/svs_core/ua=7, 1741741336686
Max suppression time updated to: 57
Max suppression time updated to: 57
Received update: /ndn/se-site/se/svs_core/se=7, 1741741338212
Max suppression time updated to: 57
Received update: /ndn/ch-site/ch/svs_core/ch=7, 1741741338273
Max suppression time updated to: 57
Received update: /ndn/be-site/be/svs_core/be=7, 1741741339676
Max suppression time updated to: 57
Received update: /ndn/me-site/me/svs_core/me=7, 1741741339780
Max suppression time updated to: 57
Received update: /ndn/cz-site/cz/svs_core/cz=7, 1741741340886
Received update: /ndn/il-site/il/svs_core/il=7, 1741741340886
Max suppression time updated to: 57
Received update: /ndn/fi-site/fi/svs_core/fi=7, 1741741341235
Received update: /ndn/mk-site/mk/svs_core/mk=7, 1741741341235
Max suppression time updated to: 57
Received update: /ndn/lu-site/lu/svs_core/lu=7, 1741741341608
Max suppression time updated to: 57
Received update: /ndn/is-site/is/svs_core/is=7, 1741741342306
Max suppression time updated to: 57
Max suppression time updated to: 57
Max suppression time updated to: 57
Received update: /ndn/dk-site/dk/svs_core/dk=7, 1741741347474
Received update: /ndn/hr-site/hr/svs_core/hr=7, 1741741347474
Max suppression time updated to: 57
Max suppression time updated to: 57
Received update: /ndn/cy-site/cy/svs_core/cy=7, 1741741347533
Max suppression time updated to: 57
Received update: /ndn/lv-site/lv/svs_core/lv=7, 1741741352243
Received update: /ndn/uk-site/uk/svs_core/uk=7, 1741741352243
Received update: /ndn/fr2-site/fr2/svs_core/fr2=7, 1741741352243
Max suppression time updated to: 57
Received update: /ndn/it-site/it/svs_core/it=7, 1741741353734
Max suppression time updated to: 57
Received update: /ndn/am-site/am/svs_core/am=7, 1741741353778
Published sequence number: /ndn/ie-site/ie/svs_core/ie=7, 1741741355738
Sending Sync interest
Max suppression time updated to: 57
Received update: /ndn/rs-site/rs/svs_core/rs=7, 1741741358767
Max suppression time updated to: 57
Received update: /ndn/de2-site/de2/svs_core/de2=7, 1741741358806
Max suppression time updated to: 57
Max suppression time updated to: 57
Sending Sync interest
Max suppression time updated to: 57
Received update: /ndn/ee-site/ee/svs_core/ee=7, 1741741358872
Max suppression time updated to: 57
Received update: /ndn/az-site/az/svs_core/az=7, 1741741362485
Received update: /ndn/md-site/md/svs_core/md=7, 1741741362485
Received update: /ndn/tr-site/tr/svs_core/tr=7, 1741741362485
Received update: /ndn/fr1-site/fr1/svs_core/fr1=7, 1741741362485
Max suppression time updated to: 57
Received update: /ndn/mt-site/mt/svs_core/mt=7, 1741741364632
Max suppression time updated to: 57
Max suppression time updated to: 57
Max suppression time updated to: 57
Max suppression time updated to: 57
Max suppression time updated to: 57
Max suppression time updated to: 57
Received update: /ndn/al-site/al/svs_core/al=7, 1741741365433
Received update: /ndn/at-site/at/svs_core/at=7, 1741741365433
Received update: /ndn/bg-site/bg/svs_core/bg=7, 1741741365433
Max suppression time updated to: 57
Received update: /ndn/gr-site/gr/svs_core/gr=7, 1741741365576
Max suppression time updated to: 57
Received update: /ndn/no-site/no/svs_core/no=7, 1741741365663
Max suppression time updated to: 57
Received update: /ndn/es-site/es/svs_core/es=7, 1741741366877
Max suppression time updated to: 57
Received update: /ndn/pt-site/pt/svs_core/pt=7, 1741741367178
Max suppression time updated to: 57
Received update: /ndn/pl-site/pl/svs_core/pl=8, 1741741374291
Received update: /ndn/sk-site/sk/svs_core/sk=7, 1741741374291
Max suppression time updated to: 57
Received update: /ndn/nl-site/nl/svs_core/nl=7, 1741741374321
Max suppression time updated to: 57
Received update: /ndn/hu-site/hu/svs_core/hu=8, 1741741375716
Max suppression time updated to: 57
Received update: /ndn/ro-site/ro/svs_core/ro=8, 1741741378100
Max suppression time updated to: 57
Received update: /ndn/lt-site/lt/svs_core/lt=8, 1741741378749
Max suppression time updated to: 57
Received update: /ndn/ua-site/ua/svs_core/ua=8, 1741741379968
Max suppression time updated to: 57
Received update: /ndn/si-site/si/svs_core/si=8, 1741741380004
Max suppression time updated to: 57
Max suppression time updated to: 57
Received update: /ndn/ge-site/ge/svs_core/ge=8, 1741741381223
Max suppression time updated to: 57
Received update: /ndn/de1-site/de1/svs_core/de1=8, 1741741381435
Max suppression time updated to: 57
Received update: /ndn/ch-site/ch/svs_core/ch=8, 1741741381946
Max suppression time updated to: 57
Received update: /ndn/se-site/se/svs_core/se=8, 1741741383271
Max suppression time updated to: 57
Max suppression time updated to: 57
Received update: /ndn/by-site/by/svs_core/by=8, 1741741383340
Max suppression time updated to: 57
Received update: /ndn/me-site/me/svs_core/me=8, 1741741384504
Max suppression time updated to: 57
Received update: /ndn/be-site/be/svs_core/be=8, 1741741384693
Max suppression time updated to: 57
Max suppression time updated to: 57
Received update: /ndn/cz-site/cz/svs_core/cz=8, 1741741386147
Received update: /ndn/fi-site/fi/svs_core/fi=8, 1741741386147
Received update: /ndn/il-site/il/svs_core/il=8, 1741741386147
Max suppression time updated to: 57
Max suppression time updated to: 57
Max suppression time updated to: 57
Received update: /ndn/dk-site/dk/svs_core/dk=8, 1741741390436
Received update: /ndn/is-site/is/svs_core/is=8, 1741741390436
Received update: /ndn/lu-site/lu/svs_core/lu=8, 1741741390436
Received update: /ndn/mk-site/mk/svs_core/mk=8, 1741741390436
Max suppression time updated to: 57
Received update: /ndn/cy-site/cy/svs_core/cy=8, 1741741392438
Received update: /ndn/hr-site/hr/svs_core/hr=8, 1741741392438
Max suppression time updated to: 57
Received update: /ndn/lv-site/lv/svs_core/lv=8, 1741741394173
Max suppression time updated to: 57
Received update: /ndn/am-site/am/svs_core/am=8, 1741741394211
Max suppression time updated to: 57
Max suppression time updated to: 57
Max suppression time updated to: 57
Received update: /ndn/md-site/md/svs_core/md=8, 1741741396897
Max suppression time updated to: 57
Received update: /ndn/uk-site/uk/svs_core/uk=8, 1741741397314
Received update: /ndn/fr2-site/fr2/svs_core/fr2=8, 1741741397314
Published sequence number: /ndn/ie-site/ie/svs_core/ie=8, 1741741400744
Sending Sync interest
Max suppression time updated to: 57
Received update: /ndn/ee-site/ee/svs_core/ee=8, 1741741401429
Received update: /ndn/it-site/it/svs_core/it=8, 1741741401429
Received update: /ndn/de2-site/de2/svs_core/de2=8, 1741741401429
Sending Sync interest
Max suppression time updated to: 57
Received update: /ndn/bg-site/bg/svs_core/bg=8, 1741741409897
Received update: /ndn/rs-site/rs/svs_core/rs=8, 1741741409897
Received update: /ndn/tr-site/tr/svs_core/tr=8, 1741741409897
Max suppression time updated to: 57
Received update: /ndn/az-site/az/svs_core/az=8, 1741741409957
Max suppression time updated to: 57
Received update: /ndn/fr1-site/fr1/svs_core/fr1=8, 1741741409983
Max suppression time updated to: 57
Max suppression time updated to: 57
Received update: /ndn/al-site/al/svs_core/al=8, 1741741410123
Max suppression time updated to: 57
Received update: /ndn/gr-site/gr/svs_core/gr=8, 1741741410579
Max suppression time updated to: 57
Received update: /ndn/at-site/at/svs_core/at=8, 1741741410614
Max suppression time updated to: 57
Max suppression time updated to: 57
Received update: /ndn/no-site/no/svs_core/no=8, 1741741411404
Received update: /ndn/sk-site/sk/svs_core/sk=8, 1741741411404
Max suppression time updated to: 57
Received update: /ndn/nl-site/nl/svs_core/nl=8, 1741741414312
Max suppression time updated to: 57
Received update: /ndn/es-site/es/svs_core/es=8, 1741741414354
Received update: /ndn/mt-site/mt/svs_core/mt=8, 1741741414354
Max suppression time updated to: 57
Received update: /ndn/pl-site/pl/svs_core/pl=9, 1741741419325
Received update: /ndn/pt-site/pt/svs_core/pt=8, 1741741419325
Max suppression time updated to: 57
Received update: /ndn/hu-site/hu/svs_core/hu=9, 1741741420774
Max suppression time updated to: 57
Received update: /ndn/lt-site/lt/svs_core/lt=9, 1741741423855
Received update: /ndn/ro-site/ro/svs_core/ro=9, 1741741423855
Max suppression time updated to: 57
Max suppression time updated to: 57
Max suppression time updated to: 57
Received update: /ndn/si-site/si/svs_core/si=9, 1741741424964
Received update: /ndn/ua-site/ua/svs_core/ua=9, 1741741424964
Max suppression time updated to: 57
Received update: /ndn/ch-site/ch/svs_core/ch=9, 1741741426952
Received update: /ndn/de1-site/de1/svs_core/de1=9, 1741741426952
Max suppression time updated to: 57
Received update: /ndn/ge-site/ge/svs_core/ge=9, 1741741427015
Max suppression time updated to: 57
Max suppression time updated to: 57
Received update: /ndn/by-site/by/svs_core/by=9, 1741741428273
Received update: /ndn/se-site/se/svs_core/se=9, 1741741428273
Max suppression time updated to: 57
Received update: /ndn/me-site/me/svs_core/me=9, 1741741429536
Max suppression time updated to: 57
Max suppression time updated to: 57
Max suppression time updated to: 57
Received update: /ndn/mk-site/mk/svs_core/mk=9, 1741741430137
Max suppression time updated to: 57
Received update: /ndn/be-site/be/svs_core/be=9, 1741741430239
Received update: /ndn/il-site/il/svs_core/il=9, 1741741430239
Max suppression time updated to: 57
Received update: /ndn/cz-site/cz/svs_core/cz=9, 1741741435439
Received update: /ndn/dk-site/dk/svs_core/dk=9, 1741741435439
Received update: /ndn/is-site/is/svs_core/is=9, 1741741435439
Received update: /ndn/lu-site/lu/svs_core/lu=9, 1741741435439
Max suppression time updated to: 57
Received update: /ndn/cy-site/cy/svs_core/cy=9, 1741741436896
Max suppression time updated to: 57
Max suppression time updated to: 57
Max suppression time updated to: 57
Max suppression time updated to: 57
Received update: /ndn/fi-site/fi/svs_core/fi=9, 1741741437004
Max suppression time updated to: 57
Received update: /ndn/am-site/am/svs_core/am=9, 1741741441703
Received update: /ndn/hr-site/hr/svs_core/hr=9, 1741741441703
Received update: /ndn/fr2-site/fr2/svs_core/fr2=9, 1741741441703
Max suppression time updated to: 57
Received update: /ndn/lv-site/lv/svs_core/lv=9, 1741741442321
Received update: /ndn/uk-site/uk/svs_core/uk=9, 1741741442321
Published sequence number: /ndn/ie-site/ie/svs_core/ie=9, 1741741445748
Sending Sync interest
Max suppression time updated to: 57
Received update: /ndn/it-site/it/svs_core/it=9, 1741741445789
Max suppression time updated to: 57
Max suppression time updated to: 57
Max suppression time updated to: 57
Received update: /ndn/md-site/md/svs_core/md=9, 1741741445865
Max suppression time updated to: 57
Received update: /ndn/de2-site/de2/svs_core/de2=9, 1741741446360
Max suppression time updated to: 57
Max suppression time updated to: 57
Received update: /ndn/rs-site/rs/svs_core/rs=9, 1741741448771
Max suppression time updated to: 57
Received update: /ndn/tr-site/tr/svs_core/tr=9, 1741741452060
Max suppression time updated to: 57
Received update: /ndn/az-site/az/svs_core/az=9, 1741741452231
Max suppression time updated to: 57
Max suppression time updated to: 57
Received update: /ndn/ee-site/ee/svs_core/ee=9, 1741741452281
Max suppression time updated to: 57
Max suppression time updated to: 57
Max suppression time updated to: 57
Received update: /ndn/al-site/al/svs_core/al=9, 1741741455455
Received update: /ndn/at-site/at/svs_core/at=9, 1741741455455
Received update: /ndn/bg-site/bg/svs_core/bg=9, 1741741455455
Received update: /ndn/fr1-site/fr1/svs_core/fr1=9, 1741741455455
Max suppression time updated to: 57
Received update: /ndn/gr-site/gr/svs_core/gr=9, 1741741455585
Max suppression time updated to: 57
Received update: /ndn/no-site/no/svs_core/no=9, 1741741455634
Max suppression time updated to: 57
Received update: /ndn/sk-site/sk/svs_core/sk=9, 1741741456407
Max suppression time updated to: 57
Received update: /ndn/es-site/es/svs_core/es=9, 1741741459380
Received update: /ndn/mt-site/mt/svs_core/mt=9, 1741741459380
Received update: /ndn/nl-site/nl/svs_core/nl=9, 1741741459380
Received update: /ndn/pt-site/pt/svs_core/pt=9, 1741741459380
Max suppression time updated to: 57
Received update: /ndn/ua-site/ua/svs_core/ua=10, 1741741469974
Max suppression time updated to: 57
Received update: /ndn/hu-site/hu/svs_core/hu=10, 1741741469990
Received update: /ndn/pl-site/pl/svs_core/pl=10, 1741741469990
Max suppression time updated to: 57
Max suppression time updated to: 57
Received update: /ndn/lt-site/lt/svs_core/lt=10, 1741741470057
Max suppression time updated to: 57
Received update: /ndn/si-site/si/svs_core/si=10, 1741741470080
Max suppression time updated to: 57
Received update: /ndn/ro-site/ro/svs_core/ro=10, 1741741470146
Max suppression time updated to: 57
Received update: /ndn/ge-site/ge/svs_core/ge=10, 1741741471444
Received update: /ndn/de1-site/de1/svs_core/de1=10, 1741741471444
Max suppression time updated to: 57
Received update: /ndn/by-site/by/svs_core/by=10, 1741741471680
Max suppression time updated to: 57
Max suppression time updated to: 57
Received update: /ndn/ch-site/ch/svs_core/ch=10, 1741741471957
Max suppression time updated to: 57
Received update: /ndn/me-site/me/svs_core/me=10, 1741741474513
Max suppression time updated to: 57
Received update: /ndn/se-site/se/svs_core/se=10, 1741741474555
Max suppression time updated to: 57
Max suppression time updated to: 57
Max suppression time updated to: 57
Max suppression time updated to: 57
Received update: /ndn/il-site/il/svs_core/il=10, 1741741474587
Max suppression time updated to: 57
Received update: /ndn/mk-site/mk/svs_core/mk=10, 1741741475175
Max suppression time updated to: 54
Max suppression time updated to: 54
Max suppression time updated to: 54
Received update: /ndn/be-site/be/svs_core/be=10, 1741741475249
Max suppression time updated to: 57
Max suppression time updated to: 57
Max suppression time updated to: 57
Max suppression time updated to: 57
Received update: /ndn/cz-site/cz/svs_core/cz=10, 1741741475893
Max suppression time updated to: 57
Received update: /ndn/fi-site/fi/svs_core/fi=10, 1741741476177
Max suppression time updated to: 57
Received update: /ndn/is-site/is/svs_core/is=10, 1741741477269
Received update: /ndn/lu-site/lu/svs_core/lu=10, 1741741477269
Max suppression time updated to: 57
Received update: /ndn/cy-site/cy/svs_core/cy=10, 1741741482586
Received update: /ndn/dk-site/dk/svs_core/dk=10, 1741741482586
Received update: /ndn/hr-site/hr/svs_core/hr=10, 1741741482586
Max suppression time updated to: 57
Received update: /ndn/lv-site/lv/svs_core/lv=10, 1741741484164
Max suppression time updated to: 57
Received update: /ndn/am-site/am/svs_core/am=10, 1741741484194
Max suppression time updated to: 57
Received update: /ndn/uk-site/uk/svs_core/uk=10, 1741741487261
Max suppression time updated to: 57
Received update: /ndn/fr2-site/fr2/svs_core/fr2=10, 1741741487340
Max suppression time updated to: 57
Received update: /ndn/it-site/it/svs_core/it=10, 1741741488765
Published sequence number: /ndn/ie-site/ie/svs_core/ie=10, 1741741490754
Sending Sync interest
Max suppression time updated to: 57
Received update: /ndn/ee-site/ee/svs_core/ee=10, 1741741491443
Received update: /ndn/de2-site/de2/svs_core/de2=10, 1741741491443
Sending Sync interest
Max suppression time updated to: 57
Received update: /ndn/rs-site/rs/svs_core/rs=10, 1741741493773
Sending Sync interest
Max suppression time updated to: 57
Received update: /ndn/tr-site/tr/svs_core/tr=10, 1741741497070
Max suppression time updated to: 57
Max suppression time updated to: 57
Sending Sync interest
Max suppression time updated to: 57
Received update: /ndn/az-site/az/svs_core/az=10, 1741741497267
Max suppression time updated to: 57
Received update: /ndn/fr1-site/fr1/svs_core/fr1=10, 1741741497376
Max suppression time updated to: 57
Received update: /ndn/al-site/al/svs_core/al=10, 1741741499620
Received update: /ndn/mt-site/mt/svs_core/mt=10, 1741741499620
Max suppression time updated to: 57
Received update: /ndn/bg-site/bg/svs_core/bg=10, 1741741499914
Max suppression time updated to: 57
Received update: /ndn/at-site/at/svs_core/at=10, 1741741500452
Max suppression time updated to: 57
Received update: /ndn/gr-site/gr/svs_core/gr=10, 1741741500583
Max suppression time updated to: 57
Received update: /ndn/no-site/no/svs_core/no=10, 1741741501414
Received update: /ndn/sk-site/sk/svs_core/sk=10, 1741741501414
Max suppression time updated to: 57
Received update: /ndn/es-site/es/svs_core/es=10, 1741741501890
Max suppression time updated to: 57
Received update: /ndn/nl-site/nl/svs_core/nl=10, 1741741504319
Received update: /ndn/pt-site/pt/svs_core/pt=10, 1741741504319
Max suppression time updated to: 57
Received update: /ndn/hu-site/hu/svs_core/hu=11, 1741741513746
Received update: /ndn/lt-site/lt/svs_core/lt=11, 1741741513746
Received update: /ndn/pl-site/pl/svs_core/pl=11, 1741741513746
Max suppression time updated to: 57
Received update: /ndn/ro-site/ro/svs_core/ro=11, 1741741513816
Max suppression time updated to: 57
Received update: /ndn/si-site/si/svs_core/si=11, 1741741514375
Max suppression time updated to: 57
Received update: /ndn/ua-site/ua/svs_core/ua=11, 1741741514974
Max suppression time updated to: 57
Max suppression time updated to: 57
Received update: /ndn/ge-site/ge/svs_core/ge=11, 1741741516233
Max suppression time updated to: 57
Received update: /ndn/ch-site/ch/svs_core/ch=11, 1741741516974
Received update: /ndn/de1-site/de1/svs_core/de1=11, 1741741516974
Max suppression time updated to: 57
Received update: /ndn/by-site/by/svs_core/by=11, 1741741517021
Max suppression time updated to: 57
Received update: /ndn/me-site/me/svs_core/me=11, 1741741519530
Received update: /ndn/se-site/se/svs_core/se=11, 1741741519530
Max suppression time updated to: 57
Received update: /ndn/il-site/il/svs_core/il=11, 1741741519587
Max suppression time updated to: 57
Received update: /ndn/be-site/be/svs_core/be=11, 1741741519671
Max suppression time updated to: 57
Received update: /ndn/mk-site/mk/svs_core/mk=11, 1741741520161
Max suppression time updated to: 57
Received update: /ndn/lu-site/lu/svs_core/lu=11, 1741741521619
Max suppression time updated to: 57
Received update: /ndn/cz-site/cz/svs_core/cz=11, 1741741521630
Max suppression time updated to: 57
Max suppression time updated to: 57
Received update: /ndn/cy-site/cy/svs_core/cy=11, 1741741526994
Received update: /ndn/dk-site/dk/svs_core/dk=11, 1741741526994
Received update: /ndn/is-site/is/svs_core/is=11, 1741741526994
Max suppression time updated to: 57
Received update: /ndn/hr-site/hr/svs_core/hr=11, 1741741527526
Received update: /ndn/md-site/md/svs_core/md=10, 1741741527526
Max suppression time updated to: 57
Received update: /ndn/am-site/am/svs_core/am=11, 1741741529235
Max suppression time updated to: 57
Max suppression time updated to: 57
Max suppression time updated to: 57
Received update: /ndn/lv-site/lv/svs_core/lv=11, 1741741531645
Received update: /ndn/fr2-site/fr2/svs_core/fr2=11, 1741741531645
Max suppression time updated to: 57
Received update: /ndn/uk-site/uk/svs_core/uk=11, 1741741532268
Published sequence number: /ndn/ie-site/ie/svs_core/ie=11, 1741741535760
Sending Sync interest
Max suppression time updated to: 57
Received update: /ndn/it-site/it/svs_core/it=11, 1741741535850
Max suppression time updated to: 57
Max suppression time updated to: 57
Received update: /ndn/fi-site/fi/svs_core/fi=11, 1741741535940
Received update: /ndn/md-site/md/svs_core/md=11, 1741741535940
Max suppression time updated to: 57
Max suppression time updated to: 57
Received update: /ndn/ee-site/ee/svs_core/ee=11, 1741741536454
Received update: /ndn/de2-site/de2/svs_core/de2=11, 1741741536454
Max suppression time updated to: 57
Received update: /ndn/rs-site/rs/svs_core/rs=11, 1741741538779
Max suppression time updated to: 57
Max suppression time updated to: 57
Max suppression time updated to: 57
Max suppression time updated to: 57
Max suppression time updated to: 57
Max suppression time updated to: 57
Max suppression time updated to: 57
Max suppression time updated to: 54
Received update: /ndn/tr-site/tr/svs_core/tr=11, 1741741542073
Max suppression time updated to: 54
Received update: /ndn/az-site/az/svs_core/az=11, 1741741542244
Max suppression time updated to: 57
Received update: /ndn/fr1-site/fr1/svs_core/fr1=11, 1741741542393
Max suppression time updated to: 57
Received update: /ndn/al-site/al/svs_core/al=11, 1741741544689
Received update: /ndn/mt-site/mt/svs_core/mt=11, 1741741544689
Max suppression time updated to: 57
Received update: /ndn/at-site/at/svs_core/at=11, 1741741545593
Received update: /ndn/bg-site/bg/svs_core/bg=11, 1741741545593
Received update: /ndn/gr-site/gr/svs_core/gr=11, 1741741545593
Max suppression time updated to: 57
Received update: /ndn/sk-site/sk/svs_core/sk=11, 1741741546412
Max suppression time updated to: 57
Received update: /ndn/no-site/no/svs_core/no=11, 1741741546506
Max suppression time updated to: 57
Received update: /ndn/es-site/es/svs_core/es=11, 1741741546941
Max suppression time updated to: 57
Max suppression time updated to: 57
Received update: /ndn/nl-site/nl/svs_core/nl=11, 1741741549330
Max suppression time updated to: 57
Received update: /ndn/hu-site/hu/svs_core/hu=12, 1741741555736
Max suppression time updated to: 57
Received update: /ndn/pl-site/pl/svs_core/pl=12, 1741741555786
Max suppression time updated to: 57
Received update: /ndn/pt-site/pt/svs_core/pt=11, 1741741555797
Max suppression time updated to: 57
Received update: /ndn/ua-site/ua/svs_core/ua=12, 1741741560002
Max suppression time updated to: 57
Received update: /ndn/lt-site/lt/svs_core/lt=12, 1741741560071
Max suppression time updated to: 57
Received update: /ndn/ro-site/ro/svs_core/ro=12, 1741741560073
Max suppression time updated to: 57
Received update: /ndn/si-site/si/svs_core/si=12, 1741741560128
Max suppression time updated to: 57
Max suppression time updated to: 57
Received update: /ndn/de1-site/de1/svs_core/de1=12, 1741741561451
Max suppression time updated to: 57
Received update: /ndn/by-site/by/svs_core/by=12, 1741741561660
Received update: /ndn/ge-site/ge/svs_core/ge=12, 1741741561660
Max suppression time updated to: 57
Received update: /ndn/ch-site/ch/svs_core/ch=12, 1741741561962
Max suppression time updated to: 57
Received update: /ndn/me-site/me/svs_core/me=12, 1741741564590
Received update: /ndn/se-site/se/svs_core/se=12, 1741741564590
Max suppression time updated to: 57
Received update: /ndn/il-site/il/svs_core/il=12, 1741741564593
Max suppression time updated to: 57
Received update: /ndn/be-site/be/svs_core/be=12, 1741741564672
Max suppression time updated to: 57
Received update: /ndn/cz-site/cz/svs_core/cz=12, 1741741565899
Max suppression time updated to: 57
Received update: /ndn/mk-site/mk/svs_core/mk=12, 1741741565930
Max suppression time updated to: 57
Received update: /ndn/is-site/is/svs_core/is=12, 1741741567277
Max suppression time updated to: 57
Received update: /ndn/lu-site/lu/svs_core/lu=12, 1741741567336
Max suppression time updated to: 57
Received update: /ndn/cy-site/cy/svs_core/cy=12, 1741741571910
Received update: /ndn/dk-site/dk/svs_core/dk=12, 1741741571910
Max suppression time updated to: 57
Received update: /ndn/am-site/am/svs_core/am=12, 1741741577357
Received update: /ndn/uk-site/uk/svs_core/uk=12, 1741741577357
Max suppression time updated to: 57
Received update: /ndn/lv-site/lv/svs_core/lv=12, 1741741577370
Received update: /ndn/fr2-site/fr2/svs_core/fr2=12, 1741741577370
Max suppression time updated to: 57
Received update: /ndn/hr-site/hr/svs_core/hr=12, 1741741577418
Max suppression time updated to: 57
Max suppression time updated to: 57
Max suppression time updated to: 57
Max suppression time updated to: 57
Received update: /ndn/fi-site/fi/svs_core/fi=12, 1741741577513
Received update: /ndn/md-site/md/svs_core/md=12, 1741741577513
Max suppression time updated to: 57
Max suppression time updated to: 54
Max suppression time updated to: 54
Received update: /ndn/it-site/it/svs_core/it=12, 1741741578754
Published sequence number: /ndn/ie-site/ie/svs_core/ie=12, 1741741580762
Sending Sync interest
Max suppression time updated to: 54
Received update: /ndn/ee-site/ee/svs_core/ee=12, 1741741580947
Max suppression time updated to: 54
Sending Sync interest
Max suppression time updated to: 54
Max suppression time updated to: 54
Sending Sync interest
Max suppression time updated to: 57
Received update: /ndn/de2-site/de2/svs_core/de2=12, 1741741581393
Sending Sync interest
Max suppression time updated to: 57
Received update: /ndn/tr-site/tr/svs_core/tr=12, 1741741587087
Sending Sync interest
Max suppression time updated to: 57
Received update: /ndn/rs-site/rs/svs_core/rs=12, 1741741587372
Received update: /ndn/fr1-site/fr1/svs_core/fr1=12, 1741741587372
Max suppression time updated to: 57
Received update: /ndn/az-site/az/svs_core/az=12, 1741741587446
Max suppression time updated to: 57
Received update: /ndn/al-site/al/svs_core/al=12, 1741741589631
Received update: /ndn/mt-site/mt/svs_core/mt=12, 1741741589631
Max suppression time updated to: 57
Received update: /ndn/bg-site/bg/svs_core/bg=12, 1741741589944
Max suppression time updated to: 57
Received update: /ndn/at-site/at/svs_core/at=12, 1741741590463
Max suppression time updated to: 57
Received update: /ndn/no-site/no/svs_core/no=12, 1741741590681
Max suppression time updated to: 57
Received update: /ndn/gr-site/gr/svs_core/gr=12, 1741741592175
Received update: /ndn/pt-site/pt/svs_core/pt=12, 1741741592175
Received update: /ndn/sk-site/sk/svs_core/sk=12, 1741741592175
Max suppression time updated to: 57
Received update: /ndn/es-site/es/svs_core/es=12, 1741741594400
Received update: /ndn/nl-site/nl/svs_core/nl=12, 1741741594400
Max suppression time updated to: 57
Received update: /ndn/pl-site/pl/svs_core/pl=13, 1741741599297
Max suppression time updated to: 57
Received update: /ndn/ge-site/ge/svs_core/ge=13, 1741741606246
Received update: /ndn/hu-site/hu/svs_core/hu=13, 1741741606246
Received update: /ndn/ro-site/ro/svs_core/ro=13, 1741741606246
Max suppression time updated to: 57
Received update: /ndn/lt-site/lt/svs_core/lt=13, 1741741606311
Max suppression time updated to: 57
Received update: /ndn/si-site/si/svs_core/si=13, 1741741606361
Received update: /ndn/ua-site/ua/svs_core/ua=13, 1741741606361
Max suppression time updated to: 57
Max suppression time updated to: 57
Max suppression time updated to: 57
Received update: /ndn/ch-site/ch/svs_core/ch=13, 1741741606963
Max suppression time updated to: 57
Received update: /ndn/se-site/se/svs_core/se=13, 1741741608251
Received update: /ndn/de1-site/de1/svs_core/de1=13, 1741741608251
Max suppression time updated to: 57
Received update: /ndn/by-site/by/svs_core/by=13, 1741741608260
Max suppression time updated to: 57
Received update: /ndn/il-site/il/svs_core/il=13, 1741741609593
Max suppression time updated to: 57
Received update: /ndn/be-site/be/svs_core/be=13, 1741741609680
Max suppression time updated to: 57
Received update: /ndn/cz-site/cz/svs_core/cz=13, 1741741611003
Received update: /ndn/mk-site/mk/svs_core/mk=13, 1741741611003
Max suppression time updated to: 54
Max suppression time updated to: 54
Max suppression time updated to: 54
Received update: /ndn/lu-site/lu/svs_core/lu=13, 1741741611690
Received update: /ndn/me-site/me/svs_core/me=13, 1741741611690
Max suppression time updated to: 54
Received update: /ndn/is-site/is/svs_core/is=13, 1741741612281
Max suppression time updated to: 54
Received update: /ndn/fi-site/fi/svs_core/fi=13, 1741741612396
Max suppression time updated to: 54
Received update: /ndn/cy-site/cy/svs_core/cy=13, 1741741616947
Received update: /ndn/dk-site/dk/svs_core/dk=13, 1741741616947
Max suppression time updated to: 54
Max suppression time updated to: 54
Received update: /ndn/hr-site/hr/svs_core/hr=13, 1741741617449
Max suppression time updated to: 54
Received update: /ndn/fr2-site/fr2/svs_core/fr2=13, 1741741621687
Max suppression time updated to: 54
Received update: /ndn/lv-site/lv/svs_core/lv=13, 1741741621698
Max suppression time updated to: 54
Max suppression time updated to: 54
Max suppression time updated to: 54
Received update: /ndn/it-site/it/svs_core/it=13, 1741741623758
Received update: /ndn/uk-site/uk/svs_core/uk=13, 1741741623758
Max suppression time updated to: 54
Received update: /ndn/md-site/md/svs_core/md=13, 1741741623849
Published sequence number: /ndn/ie-site/ie/svs_core/ie=13, 1741741625765
Sending Sync interest
Max suppression time updated to: 54
Received update: /ndn/am-site/am/svs_core/am=13, 1741741625977
Received update: /ndn/ee-site/ee/svs_core/ee=13, 1741741625977
Max suppression time updated to: 54
Sending Sync interest
Max suppression time updated to: 54
Received update: /ndn/de2-site/de2/svs_core/de2=13, 1741741626376
Sending Sync interest
Max suppression time updated to: 54
Received update: /ndn/tr-site/tr/svs_core/tr=13, 1741741632075
Max suppression time updated to: 54
Received update: /ndn/az-site/az/svs_core/az=13, 1741741632281
Max suppression time updated to: 54
Received update: /ndn/bg-site/bg/svs_core/bg=13, 1741741634927
Received update: /ndn/fr1-site/fr1/svs_core/fr1=13, 1741741634927
Max suppression time updated to: 54
Received update: /ndn/at-site/at/svs_core/at=13, 1741741635466
Max suppression time updated to: 54
Received update: /ndn/no-site/no/svs_core/no=13, 1741741636494
Received update: /ndn/sk-site/sk/svs_core/sk=13, 1741741636494
Max suppression time updated to: 54
Received update: /ndn/al-site/al/svs_core/al=13, 1741741636497
Max suppression time updated to: 54
Received update: /ndn/gr-site/gr/svs_core/gr=13, 1741741636542
Received update: /ndn/rs-site/rs/svs_core/rs=13, 1741741636542
Max suppression time updated to: 54
Max suppression time updated to: 54
Received update: /ndn/mt-site/mt/svs_core/mt=13, 1741741636626
Max suppression time updated to: 54
Max suppression time updated to: 54
Max suppression time updated to: 54
Received update: /ndn/es-site/es/svs_core/es=13, 1741741636900
Max suppression time updated to: 54
Received update: /ndn/pt-site/pt/svs_core/pt=13, 1741741637197
Max suppression time updated to: 54
Received update: /ndn/nl-site/nl/svs_core/nl=13, 1741741639338
Max suppression time updated to: 54
Received update: /ndn/pl-site/pl/svs_core/pl=14, 1741741644305
Max suppression time updated to: 54
Received update: /ndn/ro-site/ro/svs_core/ro=14, 1741741648106
Max suppression time updated to: 54
Received update: /ndn/hu-site/hu/svs_core/hu=14, 1741741648128
Max suppression time updated to: 54
Max suppression time updated to: 54
Max suppression time updated to: 54
Received update: /ndn/si-site/si/svs_core/si=14, 1741741649391
Max suppression time updated to: 54
Received update: /ndn/lt-site/lt/svs_core/lt=14, 1741741650032
Received update: /ndn/ua-site/ua/svs_core/ua=14, 1741741650032
Max suppression time updated to: 54
Received update: /ndn/ge-site/ge/svs_core/ge=14, 1741741651275
Max suppression time updated to: 54
Received update: /ndn/de1-site/de1/svs_core/de1=14, 1741741651462
Max suppression time updated to: 54
Max suppression time updated to: 54
Received update: /ndn/by-site/by/svs_core/by=14, 1741741651669
Max suppression time updated to: 54
Received update: /ndn/ch-site/ch/svs_core/ch=14, 1741741651978
Max suppression time updated to: 54
Max suppression time updated to: 54
Max suppression time updated to: 54
Received update: /ndn/se-site/se/svs_core/se=14, 1741741653227
Max suppression time updated to: 54
Received update: /ndn/il-site/il/svs_core/il=14, 1741741654599
Max suppression time updated to: 54
Max suppression time updated to: 54
Received update: /ndn/be-site/be/svs_core/be=14, 1741741656129
Received update: /ndn/cz-site/cz/svs_core/cz=14, 1741741656129
Received update: /ndn/fi-site/fi/svs_core/fi=14, 1741741656129
Max suppression time updated to: 54
Received update: /ndn/lu-site/lu/svs_core/lu=14, 1741741656631
Max suppression time updated to: 54
Received update: /ndn/mk-site/mk/svs_core/mk=14, 1741741656708
Max suppression time updated to: 54
Max suppression time updated to: 54
Received update: /ndn/dk-site/dk/svs_core/dk=14, 1741741660458
Received update: /ndn/is-site/is/svs_core/is=14, 1741741660458
Received update: /ndn/me-site/me/svs_core/me=14, 1741741660458
Max suppression time updated to: 54
Received update: /ndn/hr-site/hr/svs_core/hr=14, 1741741662451
Max suppression time updated to: 54
Received update: /ndn/cy-site/cy/svs_core/cy=14, 1741741662471
Max suppression time updated to: 54
Max suppression time updated to: 54
Max suppression time updated to: 54
Max suppression time updated to: 54
Max suppression time updated to: 54
Received update: /ndn/lv-site/lv/svs_core/lv=14, 1741741664184
Max suppression time updated to: 54
Received update: /ndn/am-site/am/svs_core/am=14, 1741741664199
Max suppression time updated to: 54
Received update: /ndn/fr2-site/fr2/svs_core/fr2=14, 1741741666654
Max suppression time updated to: 54
Received update: /ndn/md-site/md/svs_core/md=14, 1741741666917
Max suppression time updated to: 54
Max suppression time updated to: 54
Max suppression time updated to: 54
Received update: /ndn/uk-site/uk/svs_core/uk=14, 1741741667279
Max suppression time updated to: 54
Received update: /ndn/it-site/it/svs_core/it=14, 1741741668756
Published sequence number: /ndn/ie-site/ie/svs_core/ie=14, 1741741670769
Sending Sync interest
Max suppression time updated to: 54
Received update: /ndn/de2-site/de2/svs_core/de2=14, 1741741671381
Max suppression time updated to: 54
Received update: /ndn/rs-site/rs/svs_core/rs=14, 1741741673798
Max suppression time updated to: 54
Received update: /ndn/tr-site/tr/svs_core/tr=14, 1741741677087
Max suppression time updated to: 54
Received update: /ndn/ee-site/ee/svs_core/ee=14, 1741741677091
Max suppression time updated to: 54
Max suppression time updated to: 54
Max suppression time updated to: 54
Max suppression time updated to: 54
Received update: /ndn/fr1-site/fr1/svs_core/fr1=14, 1741741677383
Max suppression time updated to: 54
Received update: /ndn/al-site/al/svs_core/al=14, 1741741678173
Received update: /ndn/az-site/az/svs_core/az=14, 1741741678173
Max suppression time updated to: 54
Max suppression time updated to: 54
Received update: /ndn/bg-site/bg/svs_core/bg=14, 1741741679981
Received update: /ndn/mt-site/mt/svs_core/mt=14, 1741741679981
Max suppression time updated to: 54
Received update: /ndn/at-site/at/svs_core/at=14, 1741741680475
Max suppression time updated to: 54
Received update: /ndn/no-site/no/svs_core/no=14, 1741741680651
Sending Sync interest
Max suppression time updated to: 54
Max suppression time updated to: 54
Max suppression time updated to: 54
Max suppression time updated to: 54
Received update: /ndn/sk-site/sk/svs_core/sk=14, 1741741681425
Max suppression time updated to: 54
Received update: /ndn/es-site/es/svs_core/es=14, 1741741681949
Received update: /ndn/gr-site/gr/svs_core/gr=14, 1741741681949
Max suppression time updated to: 54
Max suppression time updated to: 54
Max suppression time updated to: 54
Received update: /ndn/pt-site/pt/svs_core/pt=14, 1741741682219
Max suppression time updated to: 54
Sending Sync interest
Max suppression time updated to: 54
Received update: /ndn/nl-site/nl/svs_core/nl=14, 1741741689314
Received update: /ndn/pl-site/pl/svs_core/pl=15, 1741741689314
Max suppression time updated to: 54
Received update: /ndn/lt-site/lt/svs_core/lt=15, 1741741693761
Max suppression time updated to: 54
Max suppression time updated to: 54
Received update: /ndn/hu-site/hu/svs_core/hu=15, 1741741693849
Received update: /ndn/ro-site/ro/svs_core/ro=15, 1741741693849
Max suppression time updated to: 54
Received update: /ndn/si-site/si/svs_core/si=15, 1741741694403
Max suppression time updated to: 54
Received update: /ndn/ua-site/ua/svs_core/ua=15, 1741741695037
Max suppression time updated to: 54
Max suppression time updated to: 54
Received update: /ndn/ch-site/ch/svs_core/ch=15, 1741741698231
Received update: /ndn/ge-site/ge/svs_core/ge=15, 1741741698231
Received update: /ndn/se-site/se/svs_core/se=15, 1741741698231
Received update: /ndn/de1-site/de1/svs_core/de1=15, 1741741698231
Max suppression time updated to: 54
Received update: /ndn/by-site/by/svs_core/by=15, 1741741698314
Max suppression time updated to: 54
Received update: /ndn/me-site/me/svs_core/me=15, 1741741699541
Max suppression time updated to: 54
Max suppression time updated to: 54
Max suppression time updated to: 54
Received update: /ndn/mk-site/mk/svs_core/mk=15, 1741741700173
Max suppression time updated to: 54
Received update: /ndn/be-site/be/svs_core/be=15, 1741741700240
Max suppression time updated to: 54
Received update: /ndn/il-site/il/svs_core/il=15, 1741741700309
Max suppression time updated to: 54
Received update: /ndn/dk-site/dk/svs_core/dk=15, 1741741705466
Received update: /ndn/lu-site/lu/svs_core/lu=15, 1741741705466
Max suppression time updated to: 54
Received update: /ndn/is-site/is/svs_core/is=15, 1741741705515
Max suppression time updated to: 54
Received update: /ndn/cz-site/cz/svs_core/cz=15, 1741741711672
Received update: /ndn/hr-site/hr/svs_core/hr=15, 1741741711672
Received update: /ndn/fr2-site/fr2/svs_core/fr2=15, 1741741711672
Max suppression time updated to: 54
Received update: /ndn/cy-site/cy/svs_core/cy=15, 1741741711730
Max suppression time updated to: 54
Received update: /ndn/lv-site/lv/svs_core/lv=15, 1741741711749
Max suppression time updated to: 54
Received update: /ndn/fi-site/fi/svs_core/fi=15, 1741741711808
Max suppression time updated to: 54
Received update: /ndn/am-site/am/svs_core/am=15, 1741741711842
Max suppression time updated to: 57
Max suppression time updated to: 57
Max suppression time updated to: 54
Received update: /ndn/md-site/md/svs_core/md=15, 1741741711970
Published sequence number: /ndn/ie-site/ie/svs_core/ie=15, 1741741715774
Sending Sync interest
Max suppression time updated to: 54
Received update: /ndn/it-site/it/svs_core/it=15, 1741741715826
Received update: /ndn/uk-site/uk/svs_core/uk=15, 1741741715826
Max suppression time updated to: 54
Received update: /ndn/ee-site/ee/svs_core/ee=15, 1741741715959
Max suppression time updated to: 54
Received update: /ndn/de2-site/de2/svs_core/de2=15, 1741741716391
Max suppression time updated to: 54
Max suppression time updated to: 54
Max suppression time updated to: 54
Received update: /ndn/fr1-site/fr1/svs_core/fr1=15, 1741741722394
Max suppression time updated to: 54
Received update: /ndn/tr-site/tr/svs_core/tr=15, 1741741722455
Max suppression time updated to: 54
Received update: /ndn/al-site/al/svs_core/al=15, 1741741723037
Max suppression time updated to: 54
Max suppression time updated to: 54
Max suppression time updated to: 54
Max suppression time updated to: 54
Received update: /ndn/rs-site/rs/svs_core/rs=15, 1741741723149
Max suppression time updated to: 54
Received update: /ndn/az-site/az/svs_core/az=15, 1741741723170
Max suppression time updated to: 54
Received update: /ndn/at-site/at/svs_core/at=15, 1741741725543
Received update: /ndn/bg-site/bg/svs_core/bg=15, 1741741725543
Max suppression time updated to: 54
Received update: /ndn/gr-site/gr/svs_core/gr=15, 1741741725619
Max suppression time updated to: 57
Received update: /ndn/es-site/es/svs_core/es=15, 1741741726937
Received update: /ndn/mt-site/mt/svs_core/mt=15, 1741741726937
Max suppression time updated to: 57
Received update: /ndn/sk-site/sk/svs_core/sk=15, 1741741726941
Max suppression time updated to: 57
Max suppression time updated to: 57
Max suppression time updated to: 57
Received update: /ndn/no-site/no/svs_core/no=15, 1741741727021
Max suppression time updated to: 57
Max suppression time updated to: 57
Max suppression time updated to: 57
Received update: /ndn/pt-site/pt/svs_core/pt=15, 1741741727191
Max suppression time updated to: 57
Received update: /ndn/nl-site/nl/svs_core/nl=15, 1741741729376
Max suppression time updated to: 57
Received update: /ndn/hu-site/hu/svs_core/hu=16, 1741741738121
Received update: /ndn/pl-site/pl/svs_core/pl=16, 1741741738121
Received update: /ndn/ro-site/ro/svs_core/ro=16, 1741741738121
Max suppression time updated to: 57
Received update: /ndn/ge-site/ge/svs_core/ge=16, 1741741741318
Received update: /ndn/si-site/si/svs_core/si=16, 1741741741318
Received update: /ndn/ua-site/ua/svs_core/ua=16, 1741741741318
Max suppression time updated to: 57
Max suppression time updated to: 57
Max suppression time updated to: 57
Max suppression time updated to: 57
Max suppression time updated to: 57
Received update: /ndn/me-site/me/svs_core/me=16, 1741741744548
Max suppression time updated to: 57
Received update: /ndn/de1-site/de1/svs_core/de1=16, 1741741744596
Max suppression time updated to: 57
Received update: /ndn/se-site/se/svs_core/se=16, 1741741744625
Max suppression time updated to: 57
Received update: /ndn/lt-site/lt/svs_core/lt=16, 1741741744674
Max suppression time updated to: 57
Received update: /ndn/be-site/be/svs_core/be=16, 1741741744693
Max suppression time updated to: 57
Received update: /ndn/by-site/by/svs_core/by=16, 1741741744767
Received update: /ndn/ch-site/ch/svs_core/ch=16, 1741741744767
Max suppression time updated to: 57
Max suppression time updated to: 57
Received update: /ndn/il-site/il/svs_core/il=16, 1741741744834
Max suppression time updated to: 57
Max suppression time updated to: 57
Received update: /ndn/mk-site/mk/svs_core/mk=16, 1741741745175
Max suppression time updated to: 57
Max suppression time updated to: 57
Max suppression time updated to: 57
Max suppression time updated to: 57
Received update: /ndn/cz-site/cz/svs_core/cz=16, 1741741745933
Max suppression time updated to: 57
Received update: /ndn/fi-site/fi/svs_core/fi=16, 1741741746204
Max suppression time updated to: 57
Received update: /ndn/lu-site/lu/svs_core/lu=16, 1741741746633
Max suppression time updated to: 57
Received update: /ndn/cy-site/cy/svs_core/cy=16, 1741741751943
Max suppression time updated to: 57
Received update: /ndn/dk-site/dk/svs_core/dk=16, 1741741752027
Max suppression time updated to: 57
Received update: /ndn/hr-site/hr/svs_core/hr=16, 1741741752476
Max suppression time updated to: 57
Received update: /ndn/is-site/is/svs_core/is=16, 1741741754205
Received update: /ndn/lv-site/lv/svs_core/lv=16, 1741741754205
Max suppression time updated to: 57
Received update: /ndn/am-site/am/svs_core/am=16, 1741741754207
Max suppression time updated to: 57
Max suppression time updated to: 57
Received update: /ndn/fr2-site/fr2/svs_core/fr2=16, 1741741756694
Max suppression time updated to: 57
Received update: /ndn/uk-site/uk/svs_core/uk=16, 1741741757294
Max suppression time updated to: 57
Received update: /ndn/md-site/md/svs_core/md=16, 1741741757410
Published sequence number: /ndn/ie-site/ie/svs_core/ie=16, 1741741760777
Sending Sync interest
Max suppression time updated to: 57
Received update: /ndn/it-site/it/svs_core/it=16, 1741741760880
Max suppression time updated to: 57
Received update: /ndn/tr-site/tr/svs_core/tr=16, 1741741767133
Received update: /ndn/de2-site/de2/svs_core/de2=16, 1741741767133
Max suppression time updated to: 57
Max suppression time updated to: 57
Max suppression time updated to: 57
Received update: /ndn/ee-site/ee/svs_core/ee=16, 1741741767285
Received update: /ndn/rs-site/rs/svs_core/rs=16, 1741741767285
Max suppression time updated to: 57
Max suppression time updated to: 57
Received update: /ndn/az-site/az/svs_core/az=16, 1741741767408
Max suppression time updated to: 57
Received update: /ndn/al-site/al/svs_core/al=16, 1741741768163
Max suppression time updated to: 57
Max suppression time updated to: 57
Received update: /ndn/fr1-site/fr1/svs_core/fr1=16, 1741741768225
Max suppression time updated to: 57
Received update: /ndn/bg-site/bg/svs_core/bg=16, 1741741769971
Received update: /ndn/mt-site/mt/svs_core/mt=16, 1741741769971
Max suppression time updated to: 54
Max suppression time updated to: 54
Max suppression time updated to: 54
Received update: /ndn/at-site/at/svs_core/at=16, 1741741770483
Max suppression time updated to: 54
Received update: /ndn/gr-site/gr/svs_core/gr=16, 1741741770697
Received update: /ndn/no-site/no/svs_core/no=16, 1741741770697
Max suppression time updated to: 54
Max suppression time updated to: 54
Max suppression time updated to: 54
Max suppression time updated to: 54
Received update: /ndn/sk-site/sk/svs_core/sk=16, 1741741771444
Max suppression time updated to: 54
Received update: /ndn/es-site/es/svs_core/es=16, 1741741774353
Received update: /ndn/nl-site/nl/svs_core/nl=16, 1741741774353
Received update: /ndn/pt-site/pt/svs_core/pt=16, 1741741774353
Max suppression time updated to: 54
Max suppression time updated to: 54
Max suppression time updated to: 54
Stopping SVS client: /ndn/ie-site/ie/svs_core/ie
