SVS client starting: /ndn/by-site/by/svs_core/by
Sending Sync interest
Max suppression time updated to: 66
Max suppression time updated to: 84
Max suppression time updated to: 99
Max suppression time updated to: 99
Max suppression time updated to: 99
Max suppression time updated to: 93
Max suppression time updated to: 93
Max suppression time updated to: 102
Max suppression time updated to: 102
Max suppression time updated to: 114
Max suppression time updated to: 117
Max suppression time updated to: 120
Max suppression time updated to: 117
Max suppression time updated to: 120
Max suppression time updated to: 117
Max suppression time updated to: 117
Max suppression time updated to: 120
Max suppression time updated to: 120
Max suppression time updated to: 120
Max suppression time updated to: 120
Max suppression time updated to: 117
Max suppression time updated to: 114
Max suppression time updated to: 120
Max suppression time updated to: 117
Max suppression time updated to: 117
Max suppression time updated to: 120
Max suppression time updated to: 120
Max suppression time updated to: 117
Max suppression time updated to: 117
Max suppression time updated to: 117
Max suppression time updated to: 117
Max suppression time updated to: 117
Max suppression time updated to: 120
Max suppression time updated to: 120
Max suppression time updated to: 120
Max suppression time updated to: 120
Max suppression time updated to: 123
Max suppression time updated to: 123
Max suppression time updated to: 123
Max suppression time updated to: 123
Max suppression time updated to: 123
Max suppression time updated to: 123
Max suppression time updated to: 126
Max suppression time updated to: 126
Max suppression time updated to: 126
Received update: /ndn/fr2-site/fr2/svs_core/fr2=1, 1741615411529
Max suppression time updated to: 129
Received update: /ndn/uk-site/uk/svs_core/uk=1, 1741615411948
Max suppression time updated to: 129
Received update: /ndn/ge-site/ge/svs_core/ge=1, 1741615413320
Max suppression time updated to: 129
Received update: /ndn/is-site/is/svs_core/is=1, 1741615413791
Max suppression time updated to: 132
Received update: /ndn/se-site/se/svs_core/se=1, 1741615415133
Max suppression time updated to: 129
Received update: /ndn/sk-site/sk/svs_core/sk=1, 1741615415725
Max suppression time updated to: 129
Received update: /ndn/de2-site/de2/svs_core/de2=1, 1741615415974
Max suppression time updated to: 129
Received update: /ndn/dk-site/dk/svs_core/dk=1, 1741615417110
Max suppression time updated to: 129
Received update: /ndn/lt-site/lt/svs_core/lt=1, 1741615417591
Max suppression time updated to: 129
Received update: /ndn/cz-site/cz/svs_core/cz=1, 1741615418357
Max suppression time updated to: 132
Received update: /ndn/es-site/es/svs_core/es=1, 1741615419923
Max suppression time updated to: 129
Received update: /ndn/de1-site/de1/svs_core/de1=1, 1741615423229
Max suppression time updated to: 129
Received update: /ndn/gr-site/gr/svs_core/gr=1, 1741615423240
Max suppression time updated to: 129
Received update: /ndn/al-site/al/svs_core/al=1, 1741615424165
Max suppression time updated to: 132
Received update: /ndn/am-site/am/svs_core/am=1, 1741615424616
Max suppression time updated to: 129
Received update: /ndn/hr-site/hr/svs_core/hr=1, 1741615425158
Max suppression time updated to: 129
Received update: /ndn/si-site/si/svs_core/si=1, 1741615425525
Max suppression time updated to: 129
Received update: /ndn/me-site/me/svs_core/me=1, 1741615425536
Max suppression time updated to: 132
Received update: /ndn/md-site/md/svs_core/md=1, 1741615425643
Max suppression time updated to: 132
Received update: /ndn/mt-site/mt/svs_core/mt=1, 1741615425743
Max suppression time updated to: 132
Received update: /ndn/rs-site/rs/svs_core/rs=1, 1741615426637
Max suppression time updated to: 132
Received update: /ndn/hu-site/hu/svs_core/hu=1, 1741615428867
Max suppression time updated to: 132
Received update: /ndn/be-site/be/svs_core/be=1, 1741615430465
Max suppression time updated to: 132
Received update: /ndn/az-site/az/svs_core/az=1, 1741615430674
Max suppression time updated to: 132
Received update: /ndn/fr1-site/fr1/svs_core/fr1=1, 1741615432833
Max suppression time updated to: 132
Received update: /ndn/cy-site/cy/svs_core/cy=1, 1741615432888
Max suppression time updated to: 135
Received update: /ndn/ie-site/ie/svs_core/ie=1, 1741615433526
Max suppression time updated to: 135
Received update: /ndn/fi-site/fi/svs_core/fi=1, 1741615435220
Published sequence number: /ndn/by-site/by/svs_core/by=1, 1741615435480
Sending Sync interest
Max suppression time updated to: 141
Received update: /ndn/lv-site/lv/svs_core/lv=1, 1741615735554
Max suppression time updated to: 141
Received update: /ndn/at-site/at/svs_core/at=1, 1741615736296
Max suppression time updated to: 141
Received update: /ndn/ee-site/ee/svs_core/ee=1, 1741615736691
Max suppression time updated to: 141
Received update: /ndn/pl-site/pl/svs_core/pl=1, 1741615736981
Max suppression time updated to: 141
Received update: /ndn/no-site/no/svs_core/no=1, 1741615738032
Max suppression time updated to: 141
Received update: /ndn/ua-site/ua/svs_core/ua=1, 1741615739189
Max suppression time updated to: 141
Received update: /ndn/bg-site/bg/svs_core/bg=1, 1741615739899
Max suppression time updated to: 141
Received update: /ndn/mk-site/mk/svs_core/mk=1, 1741615741240
Max suppression time updated to: 141
Received update: /ndn/it-site/it/svs_core/it=1, 1741615743875
Max suppression time updated to: 141
Received update: /ndn/il-site/il/svs_core/il=1, 1741615743927
Max suppression time updated to: 138
Received update: /ndn/lu-site/lu/svs_core/lu=1, 1741615743962
Max suppression time updated to: 138
Received update: /ndn/tr-site/tr/svs_core/tr=1, 1741615744703
Max suppression time updated to: 138
Received update: /ndn/nl-site/nl/svs_core/nl=1, 1741615746213
Max suppression time updated to: 138
Received update: /ndn/ch-site/ch/svs_core/ch=1, 1741615749835
Max suppression time updated to: 138
Received update: /ndn/ro-site/ro/svs_core/ro=1, 1741615750647
Max suppression time updated to: 138
Received update: /ndn/pt-site/pt/svs_core/pt=1, 1741615751716
Max suppression time updated to: 138
Received update: /ndn/fr2-site/fr2/svs_core/fr2=2, 1741615755268
Max suppression time updated to: 138
Received update: /ndn/uk-site/uk/svs_core/uk=2, 1741615755687
Max suppression time updated to: 138
Received update: /ndn/ge-site/ge/svs_core/ge=2, 1741615757065
Max suppression time updated to: 141
Received update: /ndn/is-site/is/svs_core/is=2, 1741615757530
Max suppression time updated to: 141
Received update: /ndn/se-site/se/svs_core/se=2, 1741615758859
Max suppression time updated to: 141
Received update: /ndn/sk-site/sk/svs_core/sk=2, 1741615759459
Max suppression time updated to: 141
Received update: /ndn/de2-site/de2/svs_core/de2=2, 1741615759711
Max suppression time updated to: 141
Received update: /ndn/dk-site/dk/svs_core/dk=2, 1741615760853
Max suppression time updated to: 141
Received update: /ndn/lt-site/lt/svs_core/lt=2, 1741615761335
Max suppression time updated to: 138
Received update: /ndn/cz-site/cz/svs_core/cz=2, 1741615762092
Max suppression time updated to: 141
Received update: /ndn/es-site/es/svs_core/es=2, 1741615763655
Max suppression time updated to: 141
Received update: /ndn/de1-site/de1/svs_core/de1=2, 1741615766975
Max suppression time updated to: 138
Received update: /ndn/gr-site/gr/svs_core/gr=2, 1741615766982
Max suppression time updated to: 141
Received update: /ndn/al-site/al/svs_core/al=2, 1741615767915
Max suppression time updated to: 141
Received update: /ndn/am-site/am/svs_core/am=2, 1741615768355
Max suppression time updated to: 138
Received update: /ndn/hr-site/hr/svs_core/hr=2, 1741615768904
Max suppression time updated to: 138
Received update: /ndn/si-site/si/svs_core/si=2, 1741615769256
Max suppression time updated to: 138
Received update: /ndn/me-site/me/svs_core/me=2, 1741615769267
Max suppression time updated to: 141
Received update: /ndn/md-site/md/svs_core/md=2, 1741615769389
Max suppression time updated to: 141
Received update: /ndn/mt-site/mt/svs_core/mt=2, 1741615769487
Max suppression time updated to: 141
Received update: /ndn/rs-site/rs/svs_core/rs=2, 1741615770385
Max suppression time updated to: 141
Received update: /ndn/hu-site/hu/svs_core/hu=2, 1741615772833
Max suppression time updated to: 141
Received update: /ndn/be-site/be/svs_core/be=2, 1741615774200
Max suppression time updated to: 141
Received update: /ndn/az-site/az/svs_core/az=2, 1741615774409
Max suppression time updated to: 141
Received update: /ndn/fr1-site/fr1/svs_core/fr1=2, 1741615776570
Max suppression time updated to: 141
Received update: /ndn/cy-site/cy/svs_core/cy=2, 1741615776624
Max suppression time updated to: 141
Received update: /ndn/ie-site/ie/svs_core/ie=2, 1741615777268
Max suppression time updated to: 141
Received update: /ndn/fi-site/fi/svs_core/fi=2, 1741615778997
Published sequence number: /ndn/by-site/by/svs_core/by=2, 1741615779227
Sending Sync interest
Max suppression time updated to: 141
Received update: /ndn/lv-site/lv/svs_core/lv=2, 1741615780565
Max suppression time updated to: 141
Received update: /ndn/at-site/at/svs_core/at=2, 1741615781297
Max suppression time updated to: 141
Received update: /ndn/ee-site/ee/svs_core/ee=2, 1741615781703
Max suppression time updated to: 141
Received update: /ndn/pl-site/pl/svs_core/pl=2, 1741615781985
Max suppression time updated to: 141
Received update: /ndn/no-site/no/svs_core/no=2, 1741615783047
Max suppression time updated to: 141
Received update: /ndn/ua-site/ua/svs_core/ua=2, 1741615784201
Max suppression time updated to: 141
Received update: /ndn/bg-site/bg/svs_core/bg=2, 1741615784905
Max suppression time updated to: 141
Received update: /ndn/mk-site/mk/svs_core/mk=2, 1741615786255
Max suppression time updated to: 141
Received update: /ndn/it-site/it/svs_core/it=2, 1741615788888
Max suppression time updated to: 141
Received update: /ndn/il-site/il/svs_core/il=2, 1741615788942
Max suppression time updated to: 141
Received update: /ndn/lu-site/lu/svs_core/lu=2, 1741615788973
Max suppression time updated to: 141
Received update: /ndn/tr-site/tr/svs_core/tr=2, 1741615789719
Max suppression time updated to: 141
Received update: /ndn/nl-site/nl/svs_core/nl=2, 1741615791230
Max suppression time updated to: 141
Received update: /ndn/ch-site/ch/svs_core/ch=2, 1741615794848
Max suppression time updated to: 141
Received update: /ndn/ro-site/ro/svs_core/ro=2, 1741615810162
Max suppression time updated to: 141
Received update: /ndn/pt-site/pt/svs_core/pt=2, 1741615811234
Max suppression time updated to: 141
Received update: /ndn/fr2-site/fr2/svs_core/fr2=3, 1741615814780
Max suppression time updated to: 141
Received update: /ndn/uk-site/uk/svs_core/uk=3, 1741615815196
Max suppression time updated to: 141
Received update: /ndn/ge-site/ge/svs_core/ge=3, 1741615816571
Max suppression time updated to: 141
Received update: /ndn/is-site/is/svs_core/is=3, 1741615817030
Max suppression time updated to: 141
Received update: /ndn/se-site/se/svs_core/se=3, 1741615818363
Max suppression time updated to: 141
Received update: /ndn/sk-site/sk/svs_core/sk=3, 1741615818975
Max suppression time updated to: 141
Received update: /ndn/de2-site/de2/svs_core/de2=3, 1741615819219
Max suppression time updated to: 141
Received update: /ndn/dk-site/dk/svs_core/dk=3, 1741615820354
Max suppression time updated to: 141
Received update: /ndn/lt-site/lt/svs_core/lt=3, 1741615820839
Max suppression time updated to: 141
Received update: /ndn/cz-site/cz/svs_core/cz=3, 1741615821598
Max suppression time updated to: 141
Received update: /ndn/es-site/es/svs_core/es=3, 1741615823165
Max suppression time updated to: 141
Received update: /ndn/de1-site/de1/svs_core/de1=3, 1741615826484
Max suppression time updated to: 141
Received update: /ndn/gr-site/gr/svs_core/gr=3, 1741615826487
Max suppression time updated to: 141
Received update: /ndn/al-site/al/svs_core/al=3, 1741615827406
Max suppression time updated to: 141
Received update: /ndn/am-site/am/svs_core/am=3, 1741615827845
Max suppression time updated to: 141
Received update: /ndn/hr-site/hr/svs_core/hr=3, 1741615828407
Max suppression time updated to: 138
Received update: /ndn/si-site/si/svs_core/si=3, 1741615828772
Max suppression time updated to: 141
Received update: /ndn/me-site/me/svs_core/me=3, 1741615828781
Max suppression time updated to: 141
Received update: /ndn/md-site/md/svs_core/md=3, 1741615828883
Max suppression time updated to: 141
Received update: /ndn/mt-site/mt/svs_core/mt=3, 1741615828980
Max suppression time updated to: 141
Received update: /ndn/rs-site/rs/svs_core/rs=3, 1741615829884
Max suppression time updated to: 141
Received update: /ndn/hu-site/hu/svs_core/hu=3, 1741615832118
Max suppression time updated to: 141
Received update: /ndn/be-site/be/svs_core/be=3, 1741615833699
Max suppression time updated to: 141
Received update: /ndn/az-site/az/svs_core/az=3, 1741615833916
Max suppression time updated to: 141
Received update: /ndn/fr1-site/fr1/svs_core/fr1=3, 1741615836077
Max suppression time updated to: 141
Received update: /ndn/cy-site/cy/svs_core/cy=3, 1741615836121
Max suppression time updated to: 141
Received update: /ndn/ie-site/ie/svs_core/ie=3, 1741615836765
Max suppression time updated to: 141
Received update: /ndn/fi-site/fi/svs_core/fi=3, 1741615838477
Published sequence number: /ndn/by-site/by/svs_core/by=3, 1741615838737
Sending Sync interest
Max suppression time updated to: 144
Received update: /ndn/lv-site/lv/svs_core/lv=3, 1741615855810
Max suppression time updated to: 144
Received update: /ndn/at-site/at/svs_core/at=3, 1741615856532
Max suppression time updated to: 144
Received update: /ndn/ee-site/ee/svs_core/ee=3, 1741615856936
Max suppression time updated to: 144
Received update: /ndn/pl-site/pl/svs_core/pl=3, 1741615857209
Max suppression time updated to: 144
Received update: /ndn/no-site/no/svs_core/no=3, 1741615858268
Max suppression time updated to: 144
Received update: /ndn/ua-site/ua/svs_core/ua=3, 1741615859421
Max suppression time updated to: 144
Received update: /ndn/bg-site/bg/svs_core/bg=3, 1741615860128
Max suppression time updated to: 144
Received update: /ndn/mk-site/mk/svs_core/mk=3, 1741615861474
Max suppression time updated to: 144
Received update: /ndn/it-site/it/svs_core/it=3, 1741615864107
Max suppression time updated to: 144
Received update: /ndn/il-site/il/svs_core/il=3, 1741615864157
Max suppression time updated to: 144
Received update: /ndn/lu-site/lu/svs_core/lu=3, 1741615864191
Max suppression time updated to: 141
Received update: /ndn/tr-site/tr/svs_core/tr=3, 1741615864940
Max suppression time updated to: 141
Received update: /ndn/nl-site/nl/svs_core/nl=3, 1741615866459
Max suppression time updated to: 141
Received update: /ndn/ch-site/ch/svs_core/ch=3, 1741615870070
Max suppression time updated to: 141
Received update: /ndn/ro-site/ro/svs_core/ro=3, 1741615870882
Max suppression time updated to: 144
Received update: /ndn/pt-site/pt/svs_core/pt=3, 1741615871958
Max suppression time updated to: 144
Received update: /ndn/fr2-site/fr2/svs_core/fr2=4, 1741615875508
Max suppression time updated to: 144
Received update: /ndn/uk-site/uk/svs_core/uk=4, 1741615875926
Max suppression time updated to: 144
Received update: /ndn/ge-site/ge/svs_core/ge=4, 1741615877301
Max suppression time updated to: 144
Received update: /ndn/is-site/is/svs_core/is=4, 1741615877754
Max suppression time updated to: 144
Received update: /ndn/se-site/se/svs_core/se=4, 1741615879091
Max suppression time updated to: 144
Received update: /ndn/sk-site/sk/svs_core/sk=4, 1741615879694
Max suppression time updated to: 144
Received update: /ndn/de2-site/de2/svs_core/de2=4, 1741615879946
Max suppression time updated to: 144
Received update: /ndn/dk-site/dk/svs_core/dk=4, 1741615881075
Max suppression time updated to: 144
Received update: /ndn/lt-site/lt/svs_core/lt=4, 1741615881570
Max suppression time updated to: 144
Received update: /ndn/cz-site/cz/svs_core/cz=4, 1741615882322
Max suppression time updated to: 144
Received update: /ndn/es-site/es/svs_core/es=4, 1741615883884
Max suppression time updated to: 144
Received update: /ndn/de1-site/de1/svs_core/de1=4, 1741615887203
Max suppression time updated to: 144
Received update: /ndn/gr-site/gr/svs_core/gr=4, 1741615887213
Max suppression time updated to: 144
Received update: /ndn/al-site/al/svs_core/al=4, 1741615888136
Max suppression time updated to: 141
Received update: /ndn/am-site/am/svs_core/am=4, 1741615888583
Max suppression time updated to: 141
Received update: /ndn/hr-site/hr/svs_core/hr=4, 1741615889144
Max suppression time updated to: 141
Received update: /ndn/si-site/si/svs_core/si=4, 1741615889490
Max suppression time updated to: 141
Received update: /ndn/me-site/me/svs_core/me=4, 1741615889499
Max suppression time updated to: 141
Received update: /ndn/md-site/md/svs_core/md=4, 1741615889608
Max suppression time updated to: 144
Received update: /ndn/mt-site/mt/svs_core/mt=4, 1741615889714
Max suppression time updated to: 144
Received update: /ndn/rs-site/rs/svs_core/rs=4, 1741615890610
Max suppression time updated to: 144
Received update: /ndn/hu-site/hu/svs_core/hu=4, 1741615892846
Max suppression time updated to: 144
Received update: /ndn/be-site/be/svs_core/be=4, 1741615894434
Max suppression time updated to: 144
Received update: /ndn/az-site/az/svs_core/az=4, 1741615894640
Max suppression time updated to: 144
Received update: /ndn/fr1-site/fr1/svs_core/fr1=4, 1741615896801
Max suppression time updated to: 141
Received update: /ndn/cy-site/cy/svs_core/cy=4, 1741615896846
Max suppression time updated to: 144
Received update: /ndn/ie-site/ie/svs_core/ie=4, 1741615897497
Max suppression time updated to: 144
Received update: /ndn/fi-site/fi/svs_core/fi=4, 1741615899213
Published sequence number: /ndn/by-site/by/svs_core/by=4, 1741615899462
Sending Sync interest
Max suppression time updated to: 144
Received update: /ndn/lv-site/lv/svs_core/lv=4, 1741615900800
Max suppression time updated to: 144
Received update: /ndn/at-site/at/svs_core/at=4, 1741615901541
Max suppression time updated to: 144
Received update: /ndn/ee-site/ee/svs_core/ee=4, 1741615901935
Max suppression time updated to: 141
Received update: /ndn/pl-site/pl/svs_core/pl=4, 1741615902226
Max suppression time updated to: 144
Received update: /ndn/no-site/no/svs_core/no=4, 1741615903280
Max suppression time updated to: 141
Received update: /ndn/ua-site/ua/svs_core/ua=4, 1741615904434
Max suppression time updated to: 141
Received update: /ndn/bg-site/bg/svs_core/bg=4, 1741615905142
Max suppression time updated to: 141
Received update: /ndn/mk-site/mk/svs_core/mk=4, 1741615906492
Max suppression time updated to: 141
Received update: /ndn/it-site/it/svs_core/it=4, 1741615909116
Max suppression time updated to: 141
Received update: /ndn/il-site/il/svs_core/il=4, 1741615909159
Max suppression time updated to: 141
Received update: /ndn/lu-site/lu/svs_core/lu=4, 1741615909194
Max suppression time updated to: 141
Received update: /ndn/tr-site/tr/svs_core/tr=4, 1741615909952
Max suppression time updated to: 141
Received update: /ndn/nl-site/nl/svs_core/nl=4, 1741615911472
Max suppression time updated to: 141
Received update: /ndn/ch-site/ch/svs_core/ch=4, 1741615915084
Max suppression time updated to: 141
Received update: /ndn/ro-site/ro/svs_core/ro=4, 1741615931586
Max suppression time updated to: 141
Received update: /ndn/pt-site/pt/svs_core/pt=4, 1741615932663
Max suppression time updated to: 141
Received update: /ndn/fr2-site/fr2/svs_core/fr2=5, 1741615936199
Max suppression time updated to: 141
Received update: /ndn/uk-site/uk/svs_core/uk=5, 1741615936618
Max suppression time updated to: 144
Received update: /ndn/ge-site/ge/svs_core/ge=5, 1741615937997
Max suppression time updated to: 144
Received update: /ndn/is-site/is/svs_core/is=5, 1741615938448
Max suppression time updated to: 144
Received update: /ndn/se-site/se/svs_core/se=5, 1741615939790
Max suppression time updated to: 144
Received update: /ndn/sk-site/sk/svs_core/sk=5, 1741615940401
Max suppression time updated to: 144
Received update: /ndn/de2-site/de2/svs_core/de2=5, 1741615940644
Max suppression time updated to: 144
Received update: /ndn/dk-site/dk/svs_core/dk=5, 1741615941770
Max suppression time updated to: 144
Received update: /ndn/lt-site/lt/svs_core/lt=5, 1741615942267
Max suppression time updated to: 144
Received update: /ndn/cz-site/cz/svs_core/cz=5, 1741615943014
Max suppression time updated to: 144
Received update: /ndn/es-site/es/svs_core/es=5, 1741615944577
Max suppression time updated to: 144
Received update: /ndn/de1-site/de1/svs_core/de1=5, 1741615947893
Max suppression time updated to: 144
Received update: /ndn/gr-site/gr/svs_core/gr=5, 1741615947905
Max suppression time updated to: 144
Received update: /ndn/al-site/al/svs_core/al=5, 1741615948832
Max suppression time updated to: 144
Received update: /ndn/am-site/am/svs_core/am=5, 1741615949278
Max suppression time updated to: 144
Received update: /ndn/hr-site/hr/svs_core/hr=5, 1741615949834
Max suppression time updated to: 144
Received update: /ndn/si-site/si/svs_core/si=5, 1741615950188
Max suppression time updated to: 144
Received update: /ndn/me-site/me/svs_core/me=5, 1741615950189
Max suppression time updated to: 144
Received update: /ndn/md-site/md/svs_core/md=5, 1741615950290
Max suppression time updated to: 144
Received update: /ndn/mt-site/mt/svs_core/mt=5, 1741615950399
Max suppression time updated to: 144
Received update: /ndn/rs-site/rs/svs_core/rs=5, 1741615951301
Max suppression time updated to: 144
Received update: /ndn/hu-site/hu/svs_core/hu=5, 1741615953540
Max suppression time updated to: 144
Received update: /ndn/be-site/be/svs_core/be=5, 1741615955124
Max suppression time updated to: 144
Received update: /ndn/az-site/az/svs_core/az=5, 1741615955342
Max suppression time updated to: 144
Received update: /ndn/fr1-site/fr1/svs_core/fr1=5, 1741615957494
Max suppression time updated to: 144
Received update: /ndn/cy-site/cy/svs_core/cy=5, 1741615957533
Max suppression time updated to: 144
Received update: /ndn/ie-site/ie/svs_core/ie=5, 1741615958220
Published sequence number: /ndn/by-site/by/svs_core/by=5, 1741615960150
Sending Sync interest
Max suppression time updated to: 144
Received update: /ndn/fi-site/fi/svs_core/fi=5, 1741615960276
Max suppression time updated to: 144
Max suppression time updated to: 144
Max suppression time updated to: 144
Received update: /ndn/lv-site/lv/svs_core/lv=5, 1741615961502
Max suppression time updated to: 147
Received update: /ndn/at-site/at/svs_core/at=5, 1741616260786
Max suppression time updated to: 147
Received update: /ndn/ee-site/ee/svs_core/ee=5, 1741616261176
Max suppression time updated to: 147
Received update: /ndn/pl-site/pl/svs_core/pl=5, 1741616261460
Max suppression time updated to: 147
Received update: /ndn/no-site/no/svs_core/no=5, 1741616262511
Max suppression time updated to: 147
Received update: /ndn/ua-site/ua/svs_core/ua=5, 1741616263678
Max suppression time updated to: 147
Received update: /ndn/bg-site/bg/svs_core/bg=5, 1741616264383
Max suppression time updated to: 147
Received update: /ndn/mk-site/mk/svs_core/mk=5, 1741616265726
Max suppression time updated to: 147
Received update: /ndn/it-site/it/svs_core/it=5, 1741616268355
Max suppression time updated to: 147
Received update: /ndn/lu-site/lu/svs_core/lu=5, 1741616268441
Max suppression time updated to: 147
Received update: /ndn/tr-site/tr/svs_core/tr=5, 1741616269194
Max suppression time updated to: 147
Received update: /ndn/il-site/il/svs_core/il=5, 1741616269344
Max suppression time updated to: 147
Received update: /ndn/nl-site/nl/svs_core/nl=5, 1741616270713
Max suppression time updated to: 147
Received update: /ndn/ch-site/ch/svs_core/ch=5, 1741616274328
Max suppression time updated to: 147
Received update: /ndn/ro-site/ro/svs_core/ro=5, 1741616275143
Max suppression time updated to: 147
Received update: /ndn/pt-site/pt/svs_core/pt=5, 1741616276205
Max suppression time updated to: 147
Received update: /ndn/fr2-site/fr2/svs_core/fr2=6, 1741616279756
Max suppression time updated to: 147
Received update: /ndn/uk-site/uk/svs_core/uk=6, 1741616280173
Max suppression time updated to: 147
Received update: /ndn/ge-site/ge/svs_core/ge=6, 1741616281553
Max suppression time updated to: 147
Received update: /ndn/is-site/is/svs_core/is=6, 1741616281997
Max suppression time updated to: 147
Received update: /ndn/se-site/se/svs_core/se=6, 1741616283342
Max suppression time updated to: 147
Received update: /ndn/sk-site/sk/svs_core/sk=6, 1741616283948
Max suppression time updated to: 147
Received update: /ndn/de2-site/de2/svs_core/de2=6, 1741616284202
Max suppression time updated to: 147
Received update: /ndn/dk-site/dk/svs_core/dk=6, 1741616285320
Max suppression time updated to: 147
Received update: /ndn/lt-site/lt/svs_core/lt=6, 1741616285825
Max suppression time updated to: 147
Received update: /ndn/cz-site/cz/svs_core/cz=6, 1741616286573
Max suppression time updated to: 147
Received update: /ndn/es-site/es/svs_core/es=6, 1741616288136
Max suppression time updated to: 147
Received update: /ndn/de1-site/de1/svs_core/de1=6, 1741616291437
Max suppression time updated to: 147
Received update: /ndn/gr-site/gr/svs_core/gr=6, 1741616291450
Max suppression time updated to: 147
Received update: /ndn/al-site/al/svs_core/al=6, 1741616292391
Max suppression time updated to: 147
Received update: /ndn/am-site/am/svs_core/am=6, 1741616292817
Max suppression time updated to: 147
Received update: /ndn/hr-site/hr/svs_core/hr=6, 1741616293387
Max suppression time updated to: 147
Received update: /ndn/si-site/si/svs_core/si=6, 1741616293739
Max suppression time updated to: 147
Received update: /ndn/me-site/me/svs_core/me=6, 1741616293748
Max suppression time updated to: 147
Received update: /ndn/md-site/md/svs_core/md=6, 1741616293843
Max suppression time updated to: 147
Received update: /ndn/mt-site/mt/svs_core/mt=6, 1741616293952
Max suppression time updated to: 147
Received update: /ndn/rs-site/rs/svs_core/rs=6, 1741616294862
Max suppression time updated to: 147
Received update: /ndn/hu-site/hu/svs_core/hu=6, 1741616297091
Max suppression time updated to: 147
Received update: /ndn/be-site/be/svs_core/be=6, 1741616298677
Max suppression time updated to: 147
Received update: /ndn/az-site/az/svs_core/az=6, 1741616298891
Max suppression time updated to: 147
Received update: /ndn/fr1-site/fr1/svs_core/fr1=6, 1741616301049
Max suppression time updated to: 147
Received update: /ndn/cy-site/cy/svs_core/cy=6, 1741616301085
Max suppression time updated to: 147
Received update: /ndn/ie-site/ie/svs_core/ie=6, 1741616301741
Max suppression time updated to: 147
Received update: /ndn/fi-site/fi/svs_core/fi=6, 1741616303462
Published sequence number: /ndn/by-site/by/svs_core/by=6, 1741616303700
Sending Sync interest
Max suppression time updated to: 144
Received update: /ndn/lv-site/lv/svs_core/lv=6, 1741616305052
Max suppression time updated to: 144
Received update: /ndn/at-site/at/svs_core/at=6, 1741616305919
Max suppression time updated to: 144
Received update: /ndn/ee-site/ee/svs_core/ee=6, 1741616306180
Max suppression time updated to: 144
Received update: /ndn/pl-site/pl/svs_core/pl=6, 1741616306463
Max suppression time updated to: 144
Received update: /ndn/no-site/no/svs_core/no=6, 1741616307518
Max suppression time updated to: 144
Received update: /ndn/ua-site/ua/svs_core/ua=6, 1741616308683
Max suppression time updated to: 144
Received update: /ndn/bg-site/bg/svs_core/bg=6, 1741616309394
Max suppression time updated to: 144
Received update: /ndn/mk-site/mk/svs_core/mk=6, 1741616310726
Max suppression time updated to: 144
Received update: /ndn/it-site/it/svs_core/it=6, 1741616313356
Max suppression time updated to: 144
Received update: /ndn/il-site/il/svs_core/il=6, 1741616313399
Max suppression time updated to: 144
Received update: /ndn/lu-site/lu/svs_core/lu=6, 1741616313433
Max suppression time updated to: 144
Received update: /ndn/tr-site/tr/svs_core/tr=6, 1741616314202
Max suppression time updated to: 144
Received update: /ndn/nl-site/nl/svs_core/nl=6, 1741616315712
Max suppression time updated to: 144
Received update: /ndn/ch-site/ch/svs_core/ch=6, 1741616319333
Max suppression time updated to: 147
Received update: /ndn/ro-site/ro/svs_core/ro=6, 1741616334718
Max suppression time updated to: 147
Received update: /ndn/pt-site/pt/svs_core/pt=6, 1741616335794
Max suppression time updated to: 147
Received update: /ndn/fr2-site/fr2/svs_core/fr2=7, 1741616339332
Max suppression time updated to: 147
Received update: /ndn/uk-site/uk/svs_core/uk=7, 1741616339751
Max suppression time updated to: 147
Received update: /ndn/ge-site/ge/svs_core/ge=7, 1741616341134
Max suppression time updated to: 147
Received update: /ndn/is-site/is/svs_core/is=7, 1741616341594
Max suppression time updated to: 147
Received update: /ndn/se-site/se/svs_core/se=7, 1741616342921
Max suppression time updated to: 147
Received update: /ndn/sk-site/sk/svs_core/sk=7, 1741616343529
Max suppression time updated to: 147
Received update: /ndn/de2-site/de2/svs_core/de2=7, 1741616343786
Max suppression time updated to: 147
Received update: /ndn/dk-site/dk/svs_core/dk=7, 1741616344907
Max suppression time updated to: 147
Received update: /ndn/lt-site/lt/svs_core/lt=7, 1741616345411
Max suppression time updated to: 147
Received update: /ndn/cz-site/cz/svs_core/cz=7, 1741616346157
Max suppression time updated to: 147
Received update: /ndn/es-site/es/svs_core/es=7, 1741616347724
Max suppression time updated to: 147
Received update: /ndn/de1-site/de1/svs_core/de1=7, 1741616351017
Max suppression time updated to: 147
Received update: /ndn/gr-site/gr/svs_core/gr=7, 1741616351028
Max suppression time updated to: 147
Received update: /ndn/al-site/al/svs_core/al=7, 1741616351976
Max suppression time updated to: 147
Received update: /ndn/am-site/am/svs_core/am=7, 1741616352420
Max suppression time updated to: 147
Received update: /ndn/hr-site/hr/svs_core/hr=7, 1741616352984
Max suppression time updated to: 147
Received update: /ndn/si-site/si/svs_core/si=7, 1741616353311
Max suppression time updated to: 147
Received update: /ndn/me-site/me/svs_core/me=7, 1741616353322
Max suppression time updated to: 147
Received update: /ndn/md-site/md/svs_core/md=7, 1741616353428
Max suppression time updated to: 147
Received update: /ndn/mt-site/mt/svs_core/mt=7, 1741616353535
Max suppression time updated to: 147
Received update: /ndn/rs-site/rs/svs_core/rs=7, 1741616354444
Max suppression time updated to: 147
Received update: /ndn/hu-site/hu/svs_core/hu=7, 1741616356670
Max suppression time updated to: 147
Received update: /ndn/be-site/be/svs_core/be=7, 1741616358270
Max suppression time updated to: 147
Received update: /ndn/az-site/az/svs_core/az=7, 1741616358479
Max suppression time updated to: 147
Received update: /ndn/fr1-site/fr1/svs_core/fr1=7, 1741616360634
Max suppression time updated to: 147
Received update: /ndn/cy-site/cy/svs_core/cy=7, 1741616360662
Max suppression time updated to: 147
Received update: /ndn/ie-site/ie/svs_core/ie=7, 1741616361328
Max suppression time updated to: 147
Received update: /ndn/fi-site/fi/svs_core/fi=7, 1741616363037
Published sequence number: /ndn/by-site/by/svs_core/by=7, 1741616363285
Sending Sync interest
Max suppression time updated to: 147
Received update: /ndn/lv-site/lv/svs_core/lv=7, 1741616364637
Max suppression time updated to: 147
Received update: /ndn/at-site/at/svs_core/at=7, 1741616365497
Max suppression time updated to: 147
Received update: /ndn/ee-site/ee/svs_core/ee=7, 1741616365772
Max suppression time updated to: 147
Received update: /ndn/pl-site/pl/svs_core/pl=7, 1741616366054
Max suppression time updated to: 147
Received update: /ndn/no-site/no/svs_core/no=7, 1741616367096
Max suppression time updated to: 147
Received update: /ndn/ua-site/ua/svs_core/ua=7, 1741616368262
Max suppression time updated to: 147
Received update: /ndn/bg-site/bg/svs_core/bg=7, 1741616368966
Max suppression time updated to: 147
Received update: /ndn/mk-site/mk/svs_core/mk=7, 1741616370300
Max suppression time updated to: 147
Received update: /ndn/it-site/it/svs_core/it=7, 1741616372943
Max suppression time updated to: 147
Received update: /ndn/il-site/il/svs_core/il=7, 1741616372973
Max suppression time updated to: 147
Received update: /ndn/lu-site/lu/svs_core/lu=7, 1741616373011
Max suppression time updated to: 147
Received update: /ndn/tr-site/tr/svs_core/tr=7, 1741616373782
Max suppression time updated to: 147
Received update: /ndn/nl-site/nl/svs_core/nl=7, 1741616375298
Max suppression time updated to: 147
Received update: /ndn/ch-site/ch/svs_core/ch=7, 1741616378917
Max suppression time updated to: 147
Received update: /ndn/ro-site/ro/svs_core/ro=7, 1741616379724
Max suppression time updated to: 147
Received update: /ndn/pt-site/pt/svs_core/pt=7, 1741616380792
Max suppression time updated to: 147
Received update: /ndn/fr2-site/fr2/svs_core/fr2=8, 1741616384352
Max suppression time updated to: 147
Received update: /ndn/uk-site/uk/svs_core/uk=8, 1741616384759
Max suppression time updated to: 147
Received update: /ndn/ge-site/ge/svs_core/ge=8, 1741616386138
Max suppression time updated to: 147
Received update: /ndn/is-site/is/svs_core/is=8, 1741616386588
Max suppression time updated to: 147
Received update: /ndn/se-site/se/svs_core/se=8, 1741616387924
Max suppression time updated to: 147
Received update: /ndn/sk-site/sk/svs_core/sk=8, 1741616388530
Max suppression time updated to: 147
Received update: /ndn/de2-site/de2/svs_core/de2=8, 1741616388788
Max suppression time updated to: 147
Received update: /ndn/dk-site/dk/svs_core/dk=8, 1741616389912
Max suppression time updated to: 147
Received update: /ndn/lt-site/lt/svs_core/lt=8, 1741616390414
Max suppression time updated to: 147
Received update: /ndn/cz-site/cz/svs_core/cz=8, 1741616391158
Max suppression time updated to: 147
Received update: /ndn/es-site/es/svs_core/es=8, 1741616392724
Max suppression time updated to: 147
Received update: /ndn/de1-site/de1/svs_core/de1=8, 1741616396024
Max suppression time updated to: 147
Received update: /ndn/gr-site/gr/svs_core/gr=8, 1741616396031
Max suppression time updated to: 147
Received update: /ndn/al-site/al/svs_core/al=8, 1741616396972
Max suppression time updated to: 147
Received update: /ndn/am-site/am/svs_core/am=8, 1741616397410
Max suppression time updated to: 147
Received update: /ndn/hr-site/hr/svs_core/hr=8, 1741616397975
Max suppression time updated to: 147
Received update: /ndn/si-site/si/svs_core/si=8, 1741616398313
Max suppression time updated to: 147
Received update: /ndn/me-site/me/svs_core/me=8, 1741616398322
Max suppression time updated to: 147
Received update: /ndn/md-site/md/svs_core/md=8, 1741616398420
Max suppression time updated to: 147
Received update: /ndn/mt-site/mt/svs_core/mt=8, 1741616398531
Max suppression time updated to: 147
Received update: /ndn/rs-site/rs/svs_core/rs=8, 1741616399480
Max suppression time updated to: 147
Received update: /ndn/hu-site/hu/svs_core/hu=8, 1741616401677
Max suppression time updated to: 147
Received update: /ndn/be-site/be/svs_core/be=8, 1741616403270
Max suppression time updated to: 147
Received update: /ndn/az-site/az/svs_core/az=8, 1741616403473
Max suppression time updated to: 147
Received update: /ndn/fr1-site/fr1/svs_core/fr1=8, 1741616405641
Max suppression time updated to: 147
Received update: /ndn/cy-site/cy/svs_core/cy=8, 1741616405659
Max suppression time updated to: 147
Received update: /ndn/ie-site/ie/svs_core/ie=8, 1741616406327
Max suppression time updated to: 147
Received update: /ndn/fi-site/fi/svs_core/fi=8, 1741616408048
Published sequence number: /ndn/by-site/by/svs_core/by=8, 1741616408289
Sending Sync interest
Max suppression time updated to: 144
Received update: /ndn/lv-site/lv/svs_core/lv=8, 1741616409633
Max suppression time updated to: 144
Received update: /ndn/at-site/at/svs_core/at=8, 1741616410503
Max suppression time updated to: 144
Received update: /ndn/ee-site/ee/svs_core/ee=8, 1741616410782
Max suppression time updated to: 144
Received update: /ndn/pl-site/pl/svs_core/pl=8, 1741616411051
Max suppression time updated to: 144
Received update: /ndn/no-site/no/svs_core/no=8, 1741616412103
Max suppression time updated to: 144
Received update: /ndn/ua-site/ua/svs_core/ua=8, 1741616413274
Max suppression time updated to: 144
Received update: /ndn/bg-site/bg/svs_core/bg=8, 1741616413975
Max suppression time updated to: 144
Received update: /ndn/mk-site/mk/svs_core/mk=8, 1741616415304
Max suppression time updated to: 144
Received update: /ndn/it-site/it/svs_core/it=8, 1741616417950
Max suppression time updated to: 144
Received update: /ndn/il-site/il/svs_core/il=8, 1741616417973
Max suppression time updated to: 144
Received update: /ndn/lu-site/lu/svs_core/lu=8, 1741616418012
Max suppression time updated to: 144
Received update: /ndn/tr-site/tr/svs_core/tr=8, 1741616418786
Max suppression time updated to: 144
Received update: /ndn/nl-site/nl/svs_core/nl=8, 1741616420300
Max suppression time updated to: 144
Received update: /ndn/ch-site/ch/svs_core/ch=8, 1741616423924
Max suppression time updated to: 144
Received update: /ndn/ro-site/ro/svs_core/ro=8, 1741616424719
Max suppression time updated to: 144
Received update: /ndn/pt-site/pt/svs_core/pt=8, 1741616425806
Max suppression time updated to: 144
Received update: /ndn/fr2-site/fr2/svs_core/fr2=9, 1741616429349
Max suppression time updated to: 144
Received update: /ndn/uk-site/uk/svs_core/uk=9, 1741616429771
Max suppression time updated to: 144
Received update: /ndn/ge-site/ge/svs_core/ge=9, 1741616431145
Max suppression time updated to: 144
Received update: /ndn/is-site/is/svs_core/is=9, 1741616431592
Max suppression time updated to: 144
Received update: /ndn/se-site/se/svs_core/se=9, 1741616432929
Max suppression time updated to: 144
Received update: /ndn/sk-site/sk/svs_core/sk=9, 1741616433536
Max suppression time updated to: 144
Received update: /ndn/de2-site/de2/svs_core/de2=9, 1741616433797
Max suppression time updated to: 144
Received update: /ndn/dk-site/dk/svs_core/dk=9, 1741616434921
Max suppression time updated to: 144
Received update: /ndn/lt-site/lt/svs_core/lt=9, 1741616435416
Max suppression time updated to: 144
Received update: /ndn/cz-site/cz/svs_core/cz=9, 1741616436174
Max suppression time updated to: 144
Received update: /ndn/es-site/es/svs_core/es=9, 1741616437736
Max suppression time updated to: 144
Received update: /ndn/de1-site/de1/svs_core/de1=9, 1741616441029
Max suppression time updated to: 144
Received update: /ndn/gr-site/gr/svs_core/gr=9, 1741616441030
Max suppression time updated to: 144
Received update: /ndn/al-site/al/svs_core/al=9, 1741616441987
Max suppression time updated to: 144
Received update: /ndn/am-site/am/svs_core/am=9, 1741616442410
Max suppression time updated to: 144
Received update: /ndn/hr-site/hr/svs_core/hr=9, 1741616442980
Max suppression time updated to: 144
Received update: /ndn/si-site/si/svs_core/si=9, 1741616443323
Max suppression time updated to: 144
Received update: /ndn/me-site/me/svs_core/me=9, 1741616443324
Max suppression time updated to: 144
Received update: /ndn/md-site/md/svs_core/md=9, 1741616443421
Max suppression time updated to: 144
Received update: /ndn/mt-site/mt/svs_core/mt=9, 1741616443545
Max suppression time updated to: 144
Received update: /ndn/rs-site/rs/svs_core/rs=9, 1741616444462
Max suppression time updated to: 144
Received update: /ndn/hu-site/hu/svs_core/hu=9, 1741616446689
Max suppression time updated to: 144
Received update: /ndn/be-site/be/svs_core/be=9, 1741616448277
Max suppression time updated to: 144
Received update: /ndn/az-site/az/svs_core/az=9, 1741616448481
Max suppression time updated to: 144
Received update: /ndn/fr1-site/fr1/svs_core/fr1=9, 1741616450654
Max suppression time updated to: 144
Received update: /ndn/cy-site/cy/svs_core/cy=9, 1741616450663
Max suppression time updated to: 144
Received update: /ndn/ie-site/ie/svs_core/ie=9, 1741616451332
Max suppression time updated to: 144
Received update: /ndn/fi-site/fi/svs_core/fi=9, 1741616453065
Published sequence number: /ndn/by-site/by/svs_core/by=9, 1741616453295
Sending Sync interest
Max suppression time updated to: 144
Received update: /ndn/lv-site/lv/svs_core/lv=9, 1741616454647
Max suppression time updated to: 144
Received update: /ndn/at-site/at/svs_core/at=9, 1741616455513
Max suppression time updated to: 144
Received update: /ndn/ee-site/ee/svs_core/ee=9, 1741616455788
Max suppression time updated to: 144
Received update: /ndn/pl-site/pl/svs_core/pl=9, 1741616456063
Max suppression time updated to: 144
Received update: /ndn/no-site/no/svs_core/no=9, 1741616457111
Max suppression time updated to: 144
Received update: /ndn/ua-site/ua/svs_core/ua=9, 1741616458282
Max suppression time updated to: 144
Received update: /ndn/bg-site/bg/svs_core/bg=9, 1741616458992
Max suppression time updated to: 144
Received update: /ndn/mk-site/mk/svs_core/mk=9, 1741616460313
Max suppression time updated to: 144
Received update: /ndn/it-site/it/svs_core/it=9, 1741616462952
Max suppression time updated to: 144
Received update: /ndn/il-site/il/svs_core/il=9, 1741616462976
Max suppression time updated to: 144
Received update: /ndn/lu-site/lu/svs_core/lu=9, 1741616463015
Max suppression time updated to: 144
Received update: /ndn/tr-site/tr/svs_core/tr=9, 1741616463788
Max suppression time updated to: 144
Received update: /ndn/nl-site/nl/svs_core/nl=9, 1741616465313
Max suppression time updated to: 144
Received update: /ndn/ch-site/ch/svs_core/ch=9, 1741616468936
Max suppression time updated to: 144
Received update: /ndn/ro-site/ro/svs_core/ro=9, 1741616469731
Max suppression time updated to: 144
Received update: /ndn/pt-site/pt/svs_core/pt=9, 1741616470808
Max suppression time updated to: 144
Received update: /ndn/fr2-site/fr2/svs_core/fr2=10, 1741616474350
Max suppression time updated to: 144
Received update: /ndn/uk-site/uk/svs_core/uk=10, 1741616474778
Max suppression time updated to: 144
Received update: /ndn/ge-site/ge/svs_core/ge=10, 1741616476152
Max suppression time updated to: 144
Received update: /ndn/is-site/is/svs_core/is=10, 1741616476608
Max suppression time updated to: 144
Received update: /ndn/se-site/se/svs_core/se=10, 1741616477940
Max suppression time updated to: 144
Received update: /ndn/sk-site/sk/svs_core/sk=10, 1741616478542
Max suppression time updated to: 144
Received update: /ndn/de2-site/de2/svs_core/de2=10, 1741616478804
Max suppression time updated to: 144
Received update: /ndn/dk-site/dk/svs_core/dk=10, 1741616479926
Max suppression time updated to: 144
Received update: /ndn/lt-site/lt/svs_core/lt=10, 1741616480423
Max suppression time updated to: 144
Received update: /ndn/cz-site/cz/svs_core/cz=10, 1741616481183
Max suppression time updated to: 144
Received update: /ndn/es-site/es/svs_core/es=10, 1741616482740
Max suppression time updated to: 144
Received update: /ndn/gr-site/gr/svs_core/gr=10, 1741616784099
Max suppression time updated to: 144
Received update: /ndn/de1-site/de1/svs_core/de1=10, 1741616784100
Max suppression time updated to: 144
Received update: /ndn/al-site/al/svs_core/al=10, 1741616785051
Max suppression time updated to: 144
Received update: /ndn/am-site/am/svs_core/am=10, 1741616785473
Max suppression time updated to: 144
Received update: /ndn/hr-site/hr/svs_core/hr=10, 1741616786042
Max suppression time updated to: 144
Received update: /ndn/si-site/si/svs_core/si=10, 1741616786390
Max suppression time updated to: 144
Received update: /ndn/me-site/me/svs_core/me=10, 1741616786391
Max suppression time updated to: 144
Received update: /ndn/md-site/md/svs_core/md=10, 1741616786485
Max suppression time updated to: 144
Received update: /ndn/mt-site/mt/svs_core/mt=10, 1741616786609
Max suppression time updated to: 144
Received update: /ndn/rs-site/rs/svs_core/rs=10, 1741616787535
Max suppression time updated to: 144
Received update: /ndn/hu-site/hu/svs_core/hu=10, 1741616789761
Max suppression time updated to: 144
Received update: /ndn/be-site/be/svs_core/be=10, 1741616791350
Max suppression time updated to: 144
Received update: /ndn/az-site/az/svs_core/az=10, 1741616791549
Max suppression time updated to: 144
Received update: /ndn/fr1-site/fr1/svs_core/fr1=10, 1741616793711
Max suppression time updated to: 144
Received update: /ndn/ie-site/ie/svs_core/ie=10, 1741616794404
Max suppression time updated to: 144
Received update: /ndn/cy-site/cy/svs_core/cy=10, 1741616794517
Max suppression time updated to: 141
Received update: /ndn/fi-site/fi/svs_core/fi=10, 1741616796129
Published sequence number: /ndn/by-site/by/svs_core/by=10, 1741616796364
Sending Sync interest
Max suppression time updated to: 141
Received update: /ndn/lv-site/lv/svs_core/lv=10, 1741616797709
Max suppression time updated to: 141
Received update: /ndn/at-site/at/svs_core/at=10, 1741616798578
Max suppression time updated to: 141
Received update: /ndn/ee-site/ee/svs_core/ee=10, 1741616798854
Max suppression time updated to: 141
Received update: /ndn/pl-site/pl/svs_core/pl=10, 1741616799126
Max suppression time updated to: 141
Received update: /ndn/no-site/no/svs_core/no=10, 1741616800168
Max suppression time updated to: 141
Received update: /ndn/ua-site/ua/svs_core/ua=10, 1741616801351
Max suppression time updated to: 141
Received update: /ndn/bg-site/bg/svs_core/bg=10, 1741616802060
Max suppression time updated to: 141
Received update: /ndn/mk-site/mk/svs_core/mk=10, 1741616803384
Max suppression time updated to: 141
Received update: /ndn/it-site/it/svs_core/it=10, 1741616806016
Max suppression time updated to: 141
Received update: /ndn/il-site/il/svs_core/il=10, 1741616806052
Max suppression time updated to: 141
Received update: /ndn/tr-site/tr/svs_core/tr=10, 1741616806861
Max suppression time updated to: 141
Received update: /ndn/lu-site/lu/svs_core/lu=10, 1741616807023
Max suppression time updated to: 141
Received update: /ndn/nl-site/nl/svs_core/nl=10, 1741616808383
Max suppression time updated to: 141
Received update: /ndn/ch-site/ch/svs_core/ch=10, 1741616812002
Max suppression time updated to: 141
Received update: /ndn/ro-site/ro/svs_core/ro=10, 1741616812787
Max suppression time updated to: 141
Received update: /ndn/pt-site/pt/svs_core/pt=10, 1741616813888
Max suppression time updated to: 141
Received update: /ndn/fr2-site/fr2/svs_core/fr2=11, 1741616817413
Max suppression time updated to: 141
Received update: /ndn/uk-site/uk/svs_core/uk=11, 1741616817849
Max suppression time updated to: 141
Received update: /ndn/ge-site/ge/svs_core/ge=11, 1741616819221
Max suppression time updated to: 141
Received update: /ndn/is-site/is/svs_core/is=11, 1741616819674
Max suppression time updated to: 141
Received update: /ndn/se-site/se/svs_core/se=11, 1741616821024
Max suppression time updated to: 141
Received update: /ndn/sk-site/sk/svs_core/sk=11, 1741616821614
Max suppression time updated to: 141
Received update: /ndn/de2-site/de2/svs_core/de2=11, 1741616821868
Max suppression time updated to: 141
Received update: /ndn/dk-site/dk/svs_core/dk=11, 1741616822992
Max suppression time updated to: 141
Received update: /ndn/lt-site/lt/svs_core/lt=11, 1741616823490
Max suppression time updated to: 141
Received update: /ndn/cz-site/cz/svs_core/cz=11, 1741616824254
Max suppression time updated to: 141
Received update: /ndn/es-site/es/svs_core/es=11, 1741616825803
Max suppression time updated to: 141
Received update: /ndn/de1-site/de1/svs_core/de1=11, 1741616829101
Max suppression time updated to: 141
Received update: /ndn/gr-site/gr/svs_core/gr=11, 1741616829101
Max suppression time updated to: 141
Received update: /ndn/al-site/al/svs_core/al=11, 1741616830054
Max suppression time updated to: 141
Received update: /ndn/am-site/am/svs_core/am=11, 1741616830481
Max suppression time updated to: 141
Received update: /ndn/hr-site/hr/svs_core/hr=11, 1741616831049
Max suppression time updated to: 141
Received update: /ndn/si-site/si/svs_core/si=11, 1741616831388
Max suppression time updated to: 141
Received update: /ndn/me-site/me/svs_core/me=11, 1741616831397
Max suppression time updated to: 141
Received update: /ndn/md-site/md/svs_core/md=11, 1741616831487
Max suppression time updated to: 141
Received update: /ndn/mt-site/mt/svs_core/mt=11, 1741616831612
Max suppression time updated to: 141
Received update: /ndn/rs-site/rs/svs_core/rs=11, 1741616832553
Max suppression time updated to: 141
Received update: /ndn/hu-site/hu/svs_core/hu=11, 1741616834767
Max suppression time updated to: 141
Received update: /ndn/be-site/be/svs_core/be=11, 1741616836352
Max suppression time updated to: 141
Received update: /ndn/az-site/az/svs_core/az=11, 1741616836557
Max suppression time updated to: 141
Received update: /ndn/fr1-site/fr1/svs_core/fr1=11, 1741616838731
Max suppression time updated to: 141
Received update: /ndn/cy-site/cy/svs_core/cy=11, 1741616838732
Max suppression time updated to: 141
Received update: /ndn/ie-site/ie/svs_core/ie=11, 1741616839424
Max suppression time updated to: 141
Received update: /ndn/fi-site/fi/svs_core/fi=11, 1741616841131
Published sequence number: /ndn/by-site/by/svs_core/by=11, 1741616841367
Sending Sync interest
Max suppression time updated to: 141
Received update: /ndn/lv-site/lv/svs_core/lv=11, 1741616842706
Max suppression time updated to: 141
Received update: /ndn/at-site/at/svs_core/at=11, 1741616843582
Max suppression time updated to: 141
Received update: /ndn/ee-site/ee/svs_core/ee=11, 1741616843866
Max suppression time updated to: 141
Received update: /ndn/pl-site/pl/svs_core/pl=11, 1741616844131
Max suppression time updated to: 141
Received update: /ndn/no-site/no/svs_core/no=11, 1741616845174
Max suppression time updated to: 141
Received update: /ndn/ua-site/ua/svs_core/ua=11, 1741616846360
Max suppression time updated to: 141
Received update: /ndn/bg-site/bg/svs_core/bg=11, 1741616847063
Max suppression time updated to: 141
Received update: /ndn/mk-site/mk/svs_core/mk=11, 1741616848386
Max suppression time updated to: 141
Received update: /ndn/it-site/it/svs_core/it=11, 1741616851028
Max suppression time updated to: 141
Received update: /ndn/il-site/il/svs_core/il=11, 1741616851044
Max suppression time updated to: 141
Received update: /ndn/lu-site/lu/svs_core/lu=11, 1741616851074
Max suppression time updated to: 141
Received update: /ndn/tr-site/tr/svs_core/tr=11, 1741616851875
Max suppression time updated to: 141
Received update: /ndn/nl-site/nl/svs_core/nl=11, 1741616853402
Max suppression time updated to: 141
Received update: /ndn/ch-site/ch/svs_core/ch=11, 1741616857015
Max suppression time updated to: 141
Received update: /ndn/ro-site/ro/svs_core/ro=11, 1741616857792
Max suppression time updated to: 141
Received update: /ndn/pt-site/pt/svs_core/pt=11, 1741616858886
Max suppression time updated to: 141
Received update: /ndn/fr2-site/fr2/svs_core/fr2=12, 1741616862421
Max suppression time updated to: 141
Received update: /ndn/uk-site/uk/svs_core/uk=12, 1741616862856
Max suppression time updated to: 141
Received update: /ndn/ge-site/ge/svs_core/ge=12, 1741616864231
Max suppression time updated to: 141
Received update: /ndn/is-site/is/svs_core/is=12, 1741616864675
Max suppression time updated to: 141
Received update: /ndn/se-site/se/svs_core/se=12, 1741616866020
Max suppression time updated to: 141
Received update: /ndn/sk-site/sk/svs_core/sk=12, 1741616866617
Max suppression time updated to: 141
Received update: /ndn/de2-site/de2/svs_core/de2=12, 1741616866877
Max suppression time updated to: 141
Received update: /ndn/dk-site/dk/svs_core/dk=12, 1741616868001
Max suppression time updated to: 141
Received update: /ndn/lt-site/lt/svs_core/lt=12, 1741616868500
Max suppression time updated to: 141
Received update: /ndn/cz-site/cz/svs_core/cz=12, 1741616869265
Max suppression time updated to: 141
Received update: /ndn/es-site/es/svs_core/es=12, 1741616870812
Max suppression time updated to: 141
Received update: /ndn/gr-site/gr/svs_core/gr=12, 1741616874106
Max suppression time updated to: 141
Received update: /ndn/de1-site/de1/svs_core/de1=12, 1741616874107
Max suppression time updated to: 141
Received update: /ndn/al-site/al/svs_core/al=12, 1741616875067
Max suppression time updated to: 141
Received update: /ndn/am-site/am/svs_core/am=12, 1741616875495
Max suppression time updated to: 141
Received update: /ndn/hr-site/hr/svs_core/hr=12, 1741616876061
Max suppression time updated to: 141
Received update: /ndn/si-site/si/svs_core/si=12, 1741616876401
Max suppression time updated to: 141
Received update: /ndn/me-site/me/svs_core/me=12, 1741616876411
Max suppression time updated to: 141
Received update: /ndn/md-site/md/svs_core/md=12, 1741616876487
Max suppression time updated to: 141
Received update: /ndn/mt-site/mt/svs_core/mt=12, 1741616876616
Max suppression time updated to: 141
Received update: /ndn/rs-site/rs/svs_core/rs=12, 1741616877544
Max suppression time updated to: 141
Received update: /ndn/hu-site/hu/svs_core/hu=12, 1741616879779
Max suppression time updated to: 141
Received update: /ndn/be-site/be/svs_core/be=12, 1741616881356
Max suppression time updated to: 141
Received update: /ndn/az-site/az/svs_core/az=12, 1741616881568
Max suppression time updated to: 141
Received update: /ndn/fr1-site/fr1/svs_core/fr1=12, 1741616883726
Max suppression time updated to: 138
Received update: /ndn/cy-site/cy/svs_core/cy=12, 1741616883730
Max suppression time updated to: 141
Received update: /ndn/ie-site/ie/svs_core/ie=12, 1741616884452
Max suppression time updated to: 141
Received update: /ndn/fi-site/fi/svs_core/fi=12, 1741616886141
Published sequence number: /ndn/by-site/by/svs_core/by=12, 1741616886373
Sending Sync interest
Max suppression time updated to: 141
Received update: /ndn/lv-site/lv/svs_core/lv=12, 1741616887716
Max suppression time updated to: 141
Received update: /ndn/at-site/at/svs_core/at=12, 1741616888585
Max suppression time updated to: 141
Received update: /ndn/ee-site/ee/svs_core/ee=12, 1741616888878
Max suppression time updated to: 141
Received update: /ndn/pl-site/pl/svs_core/pl=12, 1741616889141
Max suppression time updated to: 141
Received update: /ndn/no-site/no/svs_core/no=12, 1741616890189
Max suppression time updated to: 141
Received update: /ndn/ua-site/ua/svs_core/ua=12, 1741616891367
Max suppression time updated to: 141
Received update: /ndn/bg-site/bg/svs_core/bg=12, 1741616892070
Max suppression time updated to: 141
Received update: /ndn/mk-site/mk/svs_core/mk=12, 1741616893386
Max suppression time updated to: 141
Received update: /ndn/it-site/it/svs_core/it=12, 1741616896040
Max suppression time updated to: 141
Received update: /ndn/il-site/il/svs_core/il=12, 1741616896054
Max suppression time updated to: 141
Received update: /ndn/tr-site/tr/svs_core/tr=12, 1741616896880
Max suppression time updated to: 141
Received update: /ndn/lu-site/lu/svs_core/lu=12, 1741616897026
Max suppression time updated to: 141
Received update: /ndn/nl-site/nl/svs_core/nl=12, 1741616898396
Max suppression time updated to: 141
Received update: /ndn/ch-site/ch/svs_core/ch=12, 1741616902020
Max suppression time updated to: 141
Received update: /ndn/ro-site/ro/svs_core/ro=12, 1741616902795
Max suppression time updated to: 141
Received update: /ndn/pt-site/pt/svs_core/pt=12, 1741616903895
Max suppression time updated to: 141
Received update: /ndn/fr2-site/fr2/svs_core/fr2=13, 1741616907426
Max suppression time updated to: 141
Received update: /ndn/uk-site/uk/svs_core/uk=13, 1741616907858
Max suppression time updated to: 141
Received update: /ndn/ge-site/ge/svs_core/ge=13, 1741616909234
Max suppression time updated to: 141
Received update: /ndn/is-site/is/svs_core/is=13, 1741616909688
Max suppression time updated to: 141
Received update: /ndn/se-site/se/svs_core/se=13, 1741616911027
Max suppression time updated to: 141
Received update: /ndn/sk-site/sk/svs_core/sk=13, 1741616911630
Max suppression time updated to: 141
Received update: /ndn/de2-site/de2/svs_core/de2=13, 1741616911882
Max suppression time updated to: 141
Received update: /ndn/dk-site/dk/svs_core/dk=13, 1741616913007
Max suppression time updated to: 141
Received update: /ndn/lt-site/lt/svs_core/lt=13, 1741616913499
Max suppression time updated to: 141
Received update: /ndn/cz-site/cz/svs_core/cz=13, 1741616914274
Max suppression time updated to: 141
Received update: /ndn/es-site/es/svs_core/es=13, 1741616915818
Max suppression time updated to: 141
Received update: /ndn/gr-site/gr/svs_core/gr=13, 1741616919112
Max suppression time updated to: 141
Received update: /ndn/de1-site/de1/svs_core/de1=13, 1741616919112
Max suppression time updated to: 141
Received update: /ndn/al-site/al/svs_core/al=13, 1741616920081
Max suppression time updated to: 141
Received update: /ndn/am-site/am/svs_core/am=13, 1741616920498
Max suppression time updated to: 141
Received update: /ndn/hr-site/hr/svs_core/hr=13, 1741616921070
Max suppression time updated to: 141
Received update: /ndn/si-site/si/svs_core/si=13, 1741616921411
Max suppression time updated to: 141
Received update: /ndn/me-site/me/svs_core/me=13, 1741616921419
Max suppression time updated to: 141
Received update: /ndn/md-site/md/svs_core/md=13, 1741616921490
Max suppression time updated to: 141
Received update: /ndn/mt-site/mt/svs_core/mt=13, 1741616921628
Max suppression time updated to: 141
Received update: /ndn/rs-site/rs/svs_core/rs=13, 1741616922557
Max suppression time updated to: 141
Received update: /ndn/hu-site/hu/svs_core/hu=13, 1741616924791
Max suppression time updated to: 141
Received update: /ndn/be-site/be/svs_core/be=13, 1741616926664
Max suppression time updated to: 141
Received update: /ndn/cy-site/cy/svs_core/cy=13, 1741616928736
Max suppression time updated to: 141
Received update: /ndn/fr1-site/fr1/svs_core/fr1=13, 1741616928737
Max suppression time updated to: 141
Received update: /ndn/az-site/az/svs_core/az=13, 1741616928888
Max suppression time updated to: 141
Received update: /ndn/ie-site/ie/svs_core/ie=13, 1741616929430
Max suppression time updated to: 141
Received update: /ndn/fi-site/fi/svs_core/fi=13, 1741616931148
Published sequence number: /ndn/by-site/by/svs_core/by=13, 1741616931385
Sending Sync interest
Max suppression time updated to: 141
Received update: /ndn/lv-site/lv/svs_core/lv=13, 1741616932719
Max suppression time updated to: 141
Received update: /ndn/at-site/at/svs_core/at=13, 1741617231703
Max suppression time updated to: 141
Received update: /ndn/ee-site/ee/svs_core/ee=13, 1741617231987
Max suppression time updated to: 141
Received update: /ndn/pl-site/pl/svs_core/pl=13, 1741617232261
Max suppression time updated to: 141
Received update: /ndn/no-site/no/svs_core/no=13, 1741617233309
Max suppression time updated to: 141
Received update: /ndn/ua-site/ua/svs_core/ua=13, 1741617234489
Max suppression time updated to: 141
Received update: /ndn/bg-site/bg/svs_core/bg=13, 1741617235187
Max suppression time updated to: 141
Received update: /ndn/mk-site/mk/svs_core/mk=13, 1741617236497
Max suppression time updated to: 141
Received update: /ndn/it-site/it/svs_core/it=13, 1741617239151
Max suppression time updated to: 141
Received update: /ndn/il-site/il/svs_core/il=13, 1741617239170
Max suppression time updated to: 141
Received update: /ndn/tr-site/tr/svs_core/tr=13, 1741617240011
Max suppression time updated to: 141
Received update: /ndn/lu-site/lu/svs_core/lu=13, 1741617240167
Max suppression time updated to: 141
Received update: /ndn/nl-site/nl/svs_core/nl=13, 1741617241507
Max suppression time updated to: 141
Received update: /ndn/ch-site/ch/svs_core/ch=13, 1741617245143
Max suppression time updated to: 141
Received update: /ndn/ro-site/ro/svs_core/ro=13, 1741617245917
Max suppression time updated to: 141
Received update: /ndn/pt-site/pt/svs_core/pt=13, 1741617247021
Max suppression time updated to: 141
Received update: /ndn/fr2-site/fr2/svs_core/fr2=14, 1741617250542
Max suppression time updated to: 141
Received update: /ndn/uk-site/uk/svs_core/uk=14, 1741617250979
Max suppression time updated to: 144
Received update: /ndn/ge-site/ge/svs_core/ge=14, 1741617252368
Max suppression time updated to: 141
Received update: /ndn/is-site/is/svs_core/is=14, 1741617252803
Max suppression time updated to: 141
Received update: /ndn/se-site/se/svs_core/se=14, 1741617254134
Max suppression time updated to: 141
Received update: /ndn/sk-site/sk/svs_core/sk=14, 1741617254745
Max suppression time updated to: 141
Received update: /ndn/de2-site/de2/svs_core/de2=14, 1741617255004
Max suppression time updated to: 141
Received update: /ndn/dk-site/dk/svs_core/dk=14, 1741617256119
Max suppression time updated to: 141
Received update: /ndn/lt-site/lt/svs_core/lt=14, 1741617256622
Max suppression time updated to: 141
Received update: /ndn/cz-site/cz/svs_core/cz=14, 1741617257394
Max suppression time updated to: 141
Received update: /ndn/es-site/es/svs_core/es=14, 1741617258937
Max suppression time updated to: 141
Received update: /ndn/de1-site/de1/svs_core/de1=14, 1741617262224
Max suppression time updated to: 141
Received update: /ndn/gr-site/gr/svs_core/gr=14, 1741617262225
Max suppression time updated to: 141
Received update: /ndn/al-site/al/svs_core/al=14, 1741617263188
Max suppression time updated to: 141
Received update: /ndn/am-site/am/svs_core/am=14, 1741617263611
Max suppression time updated to: 141
Received update: /ndn/hr-site/hr/svs_core/hr=14, 1741617264187
Max suppression time updated to: 141
Received update: /ndn/si-site/si/svs_core/si=14, 1741617264522
Max suppression time updated to: 141
Received update: /ndn/me-site/me/svs_core/me=14, 1741617264533
Max suppression time updated to: 141
Received update: /ndn/md-site/md/svs_core/md=14, 1741617264606
Max suppression time updated to: 141
Received update: /ndn/mt-site/mt/svs_core/mt=14, 1741617264744
Max suppression time updated to: 144
Received update: /ndn/rs-site/rs/svs_core/rs=14, 1741617265706
Max suppression time updated to: 144
Received update: /ndn/hu-site/hu/svs_core/hu=14, 1741617267902
Max suppression time updated to: 144
Received update: /ndn/be-site/be/svs_core/be=14, 1741617269484
Max suppression time updated to: 144
Received update: /ndn/az-site/az/svs_core/az=14, 1741617269832
Max suppression time updated to: 144
Received update: /ndn/cy-site/cy/svs_core/cy=14, 1741617271853
Max suppression time updated to: 144
Received update: /ndn/fr1-site/fr1/svs_core/fr1=14, 1741617271862
Max suppression time updated to: 144
Received update: /ndn/ie-site/ie/svs_core/ie=14, 1741617272556
Max suppression time updated to: 144
Received update: /ndn/fi-site/fi/svs_core/fi=14, 1741617274263
Published sequence number: /ndn/by-site/by/svs_core/by=14, 1741617274502
Sending Sync interest
Max suppression time updated to: 144
Received update: /ndn/lv-site/lv/svs_core/lv=14, 1741617275839
Max suppression time updated to: 144
Received update: /ndn/at-site/at/svs_core/at=14, 1741617276705
Max suppression time updated to: 144
Received update: /ndn/ee-site/ee/svs_core/ee=14, 1741617276994
Max suppression time updated to: 144
Received update: /ndn/pl-site/pl/svs_core/pl=14, 1741617277270
Max suppression time updated to: 144
Received update: /ndn/no-site/no/svs_core/no=14, 1741617278312
Max suppression time updated to: 144
Received update: /ndn/ua-site/ua/svs_core/ua=14, 1741617279500
Max suppression time updated to: 144
Received update: /ndn/bg-site/bg/svs_core/bg=14, 1741617280198
Max suppression time updated to: 144
Received update: /ndn/mk-site/mk/svs_core/mk=14, 1741617281502
Max suppression time updated to: 144
Received update: /ndn/it-site/it/svs_core/it=14, 1741617284166
Max suppression time updated to: 144
Received update: /ndn/il-site/il/svs_core/il=14, 1741617284176
Max suppression time updated to: 144
Received update: /ndn/tr-site/tr/svs_core/tr=14, 1741617285006
Max suppression time updated to: 144
Received update: /ndn/lu-site/lu/svs_core/lu=14, 1741617285134
Max suppression time updated to: 144
Received update: /ndn/nl-site/nl/svs_core/nl=14, 1741617286511
Max suppression time updated to: 144
Received update: /ndn/ch-site/ch/svs_core/ch=14, 1741617290151
Max suppression time updated to: 144
Received update: /ndn/ro-site/ro/svs_core/ro=14, 1741617290922
Max suppression time updated to: 144
Received update: /ndn/pt-site/pt/svs_core/pt=14, 1741617292028
Max suppression time updated to: 144
Received update: /ndn/fr2-site/fr2/svs_core/fr2=15, 1741617295553
Max suppression time updated to: 144
Received update: /ndn/uk-site/uk/svs_core/uk=15, 1741617295984
Max suppression time updated to: 144
Received update: /ndn/ge-site/ge/svs_core/ge=15, 1741617297368
Max suppression time updated to: 144
Received update: /ndn/is-site/is/svs_core/is=15, 1741617297817
Max suppression time updated to: 144
Received update: /ndn/se-site/se/svs_core/se=15, 1741617299146
Max suppression time updated to: 144
Received update: /ndn/sk-site/sk/svs_core/sk=15, 1741617299756
Max suppression time updated to: 144
Received update: /ndn/de2-site/de2/svs_core/de2=15, 1741617300012
Max suppression time updated to: 144
Received update: /ndn/dk-site/dk/svs_core/dk=15, 1741617301124
Max suppression time updated to: 144
Received update: /ndn/lt-site/lt/svs_core/lt=15, 1741617301629
Max suppression time updated to: 144
Received update: /ndn/cz-site/cz/svs_core/cz=15, 1741617302396
Max suppression time updated to: 144
Received update: /ndn/es-site/es/svs_core/es=15, 1741617303945
Max suppression time updated to: 144
Received update: /ndn/gr-site/gr/svs_core/gr=15, 1741617307227
Max suppression time updated to: 144
Received update: /ndn/de1-site/de1/svs_core/de1=15, 1741617307228
Max suppression time updated to: 144
Received update: /ndn/al-site/al/svs_core/al=15, 1741617308196
Max suppression time updated to: 144
Received update: /ndn/am-site/am/svs_core/am=15, 1741617308615
Max suppression time updated to: 144
Received update: /ndn/hr-site/hr/svs_core/hr=15, 1741617309194
Max suppression time updated to: 144
Received update: /ndn/me-site/me/svs_core/me=15, 1741617309535
Max suppression time updated to: 144
Received update: /ndn/si-site/si/svs_core/si=15, 1741617309535
Max suppression time updated to: 144
Received update: /ndn/md-site/md/svs_core/md=15, 1741617309606
Max suppression time updated to: 144
Received update: /ndn/mt-site/mt/svs_core/mt=15, 1741617309757
Max suppression time updated to: 144
Received update: /ndn/rs-site/rs/svs_core/rs=15, 1741617310673
Max suppression time updated to: 144
Received update: /ndn/hu-site/hu/svs_core/hu=15, 1741617312910
Max suppression time updated to: 144
Received update: /ndn/be-site/be/svs_core/be=15, 1741617314493
Max suppression time updated to: 144
Received update: /ndn/az-site/az/svs_core/az=15, 1741617314821
Max suppression time updated to: 144
Received update: /ndn/cy-site/cy/svs_core/cy=15, 1741617316862
Max suppression time updated to: 144
Received update: /ndn/fr1-site/fr1/svs_core/fr1=15, 1741617316873
Max suppression time updated to: 144
Received update: /ndn/ie-site/ie/svs_core/ie=15, 1741617317562
Max suppression time updated to: 144
Received update: /ndn/fi-site/fi/svs_core/fi=15, 1741617319265
Published sequence number: /ndn/by-site/by/svs_core/by=15, 1741617319507
Sending Sync interest
Max suppression time updated to: 144
Received update: /ndn/lv-site/lv/svs_core/lv=15, 1741617320843
Max suppression time updated to: 144
Received update: /ndn/at-site/at/svs_core/at=15, 1741617321714
Max suppression time updated to: 144
Received update: /ndn/ee-site/ee/svs_core/ee=15, 1741617322007
Max suppression time updated to: 144
Received update: /ndn/pl-site/pl/svs_core/pl=15, 1741617322285
Max suppression time updated to: 144
Received update: /ndn/no-site/no/svs_core/no=15, 1741617323320
Max suppression time updated to: 144
Received update: /ndn/ua-site/ua/svs_core/ua=15, 1741617324502
Max suppression time updated to: 144
Received update: /ndn/bg-site/bg/svs_core/bg=15, 1741617325208
Max suppression time updated to: 144
Received update: /ndn/mk-site/mk/svs_core/mk=15, 1741617326505
Max suppression time updated to: 144
Received update: /ndn/it-site/it/svs_core/it=15, 1741617329171
Max suppression time updated to: 144
Received update: /ndn/il-site/il/svs_core/il=15, 1741617329177
Max suppression time updated to: 144
Received update: /ndn/tr-site/tr/svs_core/tr=15, 1741617330022
Max suppression time updated to: 144
Received update: /ndn/lu-site/lu/svs_core/lu=15, 1741617330130
Max suppression time updated to: 144
Received update: /ndn/nl-site/nl/svs_core/nl=15, 1741617331531
Max suppression time updated to: 144
Received update: /ndn/ch-site/ch/svs_core/ch=15, 1741617335158
Max suppression time updated to: 144
Received update: /ndn/ro-site/ro/svs_core/ro=15, 1741617335927
Max suppression time updated to: 144
Received update: /ndn/pt-site/pt/svs_core/pt=15, 1741617337037
Max suppression time updated to: 144
Received update: /ndn/fr2-site/fr2/svs_core/fr2=16, 1741617340566
Max suppression time updated to: 144
Received update: /ndn/uk-site/uk/svs_core/uk=16, 1741617340998
Max suppression time updated to: 144
Received update: /ndn/ge-site/ge/svs_core/ge=16, 1741617342367
Max suppression time updated to: 144
Received update: /ndn/is-site/is/svs_core/is=16, 1741617342835
Max suppression time updated to: 144
Received update: /ndn/se-site/se/svs_core/se=16, 1741617344152
Max suppression time updated to: 144
Received update: /ndn/sk-site/sk/svs_core/sk=16, 1741617344758
Max suppression time updated to: 144
Received update: /ndn/de2-site/de2/svs_core/de2=16, 1741617345019
Max suppression time updated to: 144
Received update: /ndn/dk-site/dk/svs_core/dk=16, 1741617346129
Max suppression time updated to: 144
Received update: /ndn/lt-site/lt/svs_core/lt=16, 1741617346636
Max suppression time updated to: 144
Received update: /ndn/cz-site/cz/svs_core/cz=16, 1741617347403
Max suppression time updated to: 144
Received update: /ndn/es-site/es/svs_core/es=16, 1741617348956
Max suppression time updated to: 144
Received update: /ndn/gr-site/gr/svs_core/gr=16, 1741617352237
Max suppression time updated to: 144
Received update: /ndn/de1-site/de1/svs_core/de1=16, 1741617352241
Max suppression time updated to: 144
Received update: /ndn/al-site/al/svs_core/al=16, 1741617353205
Max suppression time updated to: 144
Received update: /ndn/am-site/am/svs_core/am=16, 1741617353616
Max suppression time updated to: 144
Received update: /ndn/hr-site/hr/svs_core/hr=16, 1741617354203
Max suppression time updated to: 144
Received update: /ndn/me-site/me/svs_core/me=16, 1741617354534
Max suppression time updated to: 144
Received update: /ndn/si-site/si/svs_core/si=16, 1741617354540
Max suppression time updated to: 144
Received update: /ndn/md-site/md/svs_core/md=16, 1741617354605
Max suppression time updated to: 144
Received update: /ndn/mt-site/mt/svs_core/mt=16, 1741617354755
Max suppression time updated to: 141
Received update: /ndn/rs-site/rs/svs_core/rs=16, 1741617355682
Max suppression time updated to: 141
Received update: /ndn/hu-site/hu/svs_core/hu=16, 1741617357918
Max suppression time updated to: 141
Received update: /ndn/be-site/be/svs_core/be=16, 1741617359499
Max suppression time updated to: 141
Received update: /ndn/az-site/az/svs_core/az=16, 1741617359840
Max suppression time updated to: 141
Received update: /ndn/cy-site/cy/svs_core/cy=16, 1741617361869
Max suppression time updated to: 141
Received update: /ndn/fr1-site/fr1/svs_core/fr1=16, 1741617361874
Max suppression time updated to: 141
Received update: /ndn/ie-site/ie/svs_core/ie=16, 1741617362564
Max suppression time updated to: 141
Received update: /ndn/fi-site/fi/svs_core/fi=16, 1741617364282
Published sequence number: /ndn/by-site/by/svs_core/by=16, 1741617364516
Sending Sync interest
Max suppression time updated to: 141
Received update: /ndn/lv-site/lv/svs_core/lv=16, 1741617365844
Max suppression time updated to: 141
Received update: /ndn/at-site/at/svs_core/at=16, 1741617366722
Max suppression time updated to: 141
Received update: /ndn/ee-site/ee/svs_core/ee=16, 1741617367016
Max suppression time updated to: 141
Received update: /ndn/pl-site/pl/svs_core/pl=16, 1741617367289
Max suppression time updated to: 141
Received update: /ndn/no-site/no/svs_core/no=16, 1741617368335
Max suppression time updated to: 141
Received update: /ndn/ua-site/ua/svs_core/ua=16, 1741617369508
Max suppression time updated to: 141
Received update: /ndn/bg-site/bg/svs_core/bg=16, 1741617370218
Max suppression time updated to: 141
Received update: /ndn/mk-site/mk/svs_core/mk=16, 1741617371515
Max suppression time updated to: 141
Received update: /ndn/it-site/it/svs_core/it=16, 1741617374172
Max suppression time updated to: 141
Received update: /ndn/il-site/il/svs_core/il=16, 1741617374182
Max suppression time updated to: 141
Received update: /ndn/tr-site/tr/svs_core/tr=16, 1741617375029
Max suppression time updated to: 141
Received update: /ndn/lu-site/lu/svs_core/lu=16, 1741617375177
Max suppression time updated to: 141
Received update: /ndn/nl-site/nl/svs_core/nl=16, 1741617376524
Max suppression time updated to: 141
Received update: /ndn/ch-site/ch/svs_core/ch=16, 1741617380169
Max suppression time updated to: 141
Received update: /ndn/ro-site/ro/svs_core/ro=16, 1741617380927
Max suppression time updated to: 141
Received update: /ndn/pt-site/pt/svs_core/pt=16, 1741617679817
Max suppression time updated to: 141
Stopping SVS client: /ndn/by-site/by/svs_core/by
