SVS client starting: /ndn/be-site/be/svs_core/be
Sending Sync interest
Received update: /ndn/bg-site/bg/svs_core/bg=1, 1742599834289
Received update: /ndn/ee-site/ee/svs_core/ee=1, 1742599835554
Received update: /ndn/ch-site/ch/svs_core/ch=1, 1742599835625
Received update: /ndn/se-site/se/svs_core/se=1, 1742599838453
Received update: /ndn/hr-site/hr/svs_core/hr=1, 1742599842105
Received update: /ndn/pl-site/pl/svs_core/pl=1, 1742599842105
Received update: /ndn/lv-site/lv/svs_core/lv=1, 1742599842169
Received update: /ndn/lt-site/lt/svs_core/lt=1, 1742599842338
Received update: /ndn/by-site/by/svs_core/by=1, 1742599842904
Received update: /ndn/is-site/is/svs_core/is=1, 1742599843044
Received update: /ndn/es-site/es/svs_core/es=1, 1742599846948
Received update: /ndn/ro-site/ro/svs_core/ro=1, 1742599847458
Received update: /ndn/sk-site/sk/svs_core/sk=1, 1742599847805
Received update: /ndn/rs-site/rs/svs_core/rs=1, 1742599848193
Received update: /ndn/tr-site/tr/svs_core/tr=1, 1742599848193
Received update: /ndn/nl-site/nl/svs_core/nl=1, 1742599849366
Received update: /ndn/mk-site/mk/svs_core/mk=1, 1742599849860
Received update: /ndn/lu-site/lu/svs_core/lu=1, 1742599852982
Received update: /ndn/mt-site/mt/svs_core/mt=1, 1742599853305
Sending Sync interest
Received update: /ndn/pt-site/pt/svs_core/pt=1, 1742599853947
Received update: /ndn/it-site/it/svs_core/it=1, 1742599856921
Received update: /ndn/ge-site/ge/svs_core/ge=1, 1742599857255
Received update: /ndn/si-site/si/svs_core/si=1, 1742599857760
Received update: /ndn/cy-site/cy/svs_core/cy=1, 1742599858028
Received update: /ndn/al-site/al/svs_core/al=1, 1742599858108
Sending Sync interest
Max suppression time updated to: 456
Received update: /ndn/at-site/at/svs_core/at=1, 1742599858647
Max suppression time updated to: 393
Max suppression time updated to: 417
Max suppression time updated to: 438
Max suppression time updated to: 453
Max suppression time updated to: 462
Max suppression time updated to: 483
Max suppression time updated to: 498
Published sequence number: /ndn/be-site/be/svs_core/be=1, 1742599858908
Sending Sync interest
Received update: /ndn/uk-site/uk/svs_core/uk=1, 1742599859235
Received update: /ndn/de2-site/de2/svs_core/de2=1, 1742599863629
Received update: /ndn/dk-site/dk/svs_core/dk=1, 1742599867652
Received update: /ndn/md-site/md/svs_core/md=1, 1742599867924
Received update: /ndn/il-site/il/svs_core/il=1, 1742599868390
Received update: /ndn/ie-site/ie/svs_core/ie=1, 1742599868634
Received update: /ndn/cz-site/cz/svs_core/cz=1, 1742599869039
Received update: /ndn/az-site/az/svs_core/az=1, 1742599869460
Received update: /ndn/me-site/me/svs_core/me=1, 1742599869460
Received update: /ndn/hu-site/hu/svs_core/hu=1, 1742599869729
Received update: /ndn/fr2-site/fr2/svs_core/fr2=1, 1742599870103
Received update: /ndn/de1-site/de1/svs_core/de1=1, 1742599871126
Received update: /ndn/no-site/no/svs_core/no=1, 1742599874196
Received update: /ndn/fr1-site/fr1/svs_core/fr1=1, 1742599874196
Received update: /ndn/gr-site/gr/svs_core/gr=1, 1742599875136
Received update: /ndn/ua-site/ua/svs_core/ua=1, 1742599878718
Received update: /ndn/fi-site/fi/svs_core/fi=1, 1742599879002
Received update: /ndn/am-site/am/svs_core/am=1, 1742599879313
Received update: /ndn/ch-site/ch/svs_core/ch=2, 1742599880678
Received update: /ndn/ee-site/ee/svs_core/ee=2, 1742599880798
Received update: /ndn/bg-site/bg/svs_core/bg=2, 1742599880879
Received update: /ndn/pl-site/pl/svs_core/pl=2, 1742599885803
Received update: /ndn/se-site/se/svs_core/se=2, 1742599886615
Received update: /ndn/hr-site/hr/svs_core/hr=2, 1742599887392
Received update: /ndn/lt-site/lt/svs_core/lt=2, 1742599887393
Received update: /ndn/lv-site/lv/svs_core/lv=2, 1742599887393
Received update: /ndn/is-site/is/svs_core/is=2, 1742599888091
Received update: /ndn/by-site/by/svs_core/by=2, 1742599888431
Received update: /ndn/ro-site/ro/svs_core/ro=2, 1742599891766
Received update: /ndn/es-site/es/svs_core/es=2, 1742599892034
Received update: /ndn/tr-site/tr/svs_core/tr=2, 1742599892791
Received update: /ndn/sk-site/sk/svs_core/sk=2, 1742599892836
Received update: /ndn/rs-site/rs/svs_core/rs=2, 1742599893190
Received update: /ndn/nl-site/nl/svs_core/nl=2, 1742599894361
Received update: /ndn/mk-site/mk/svs_core/mk=2, 1742599895024
Received update: /ndn/lu-site/lu/svs_core/lu=2, 1742599897856
Received update: /ndn/mt-site/mt/svs_core/mt=2, 1742599898338
Received update: /ndn/pt-site/pt/svs_core/pt=2, 1742599898857
Received update: /ndn/ge-site/ge/svs_core/ge=2, 1742599899354
Received update: /ndn/al-site/al/svs_core/al=2, 1742599903160
Received update: /ndn/at-site/at/svs_core/at=2, 1742599903240
Received update: /ndn/it-site/it/svs_core/it=2, 1742599903240
Received update: /ndn/si-site/si/svs_core/si=2, 1742599903240
Received update: /ndn/cy-site/cy/svs_core/cy=2, 1742599903415
Published sequence number: /ndn/be-site/be/svs_core/be=2, 1742599903914
Sending Sync interest
Received update: /ndn/md-site/md/svs_core/md=2, 1742599912648
Received update: /ndn/uk-site/uk/svs_core/uk=2, 1742599912648
Received update: /ndn/de2-site/de2/svs_core/de2=2, 1742599912984
Sending Sync interest
Received update: /ndn/dk-site/dk/svs_core/dk=2, 1742599913322
Received update: /ndn/il-site/il/svs_core/il=2, 1742599913346
Sending Sync interest
Received update: /ndn/ie-site/ie/svs_core/ie=2, 1742599914026
Received update: /ndn/az-site/az/svs_core/az=2, 1742599914105
Received update: /ndn/cz-site/cz/svs_core/cz=2, 1742599914105
Received update: /ndn/fr2-site/fr2/svs_core/fr2=2, 1742599914620
Received update: /ndn/hu-site/hu/svs_core/hu=2, 1742599914728
Received update: /ndn/no-site/no/svs_core/no=2, 1742599919204
Received update: /ndn/de1-site/de1/svs_core/de1=2, 1742599919204
Received update: /ndn/fr1-site/fr1/svs_core/fr1=2, 1742599919684
Received update: /ndn/me-site/me/svs_core/me=2, 1742599919711
Received update: /ndn/gr-site/gr/svs_core/gr=2, 1742599920186
Received update: /ndn/am-site/am/svs_core/am=2, 1742599923866
Received update: /ndn/ua-site/ua/svs_core/ua=2, 1742599923866
Received update: /ndn/fi-site/fi/svs_core/fi=2, 1742599924088
Received update: /ndn/bg-site/bg/svs_core/bg=3, 1742599924793
Received update: /ndn/ch-site/ch/svs_core/ch=3, 1742599925638
Received update: /ndn/ee-site/ee/svs_core/ee=3, 1742599928551
Received update: /ndn/se-site/se/svs_core/se=3, 1742599928551
Received update: /ndn/pl-site/pl/svs_core/pl=3, 1742599930901
Received update: /ndn/lv-site/lv/svs_core/lv=3, 1742599932217
Received update: /ndn/hr-site/hr/svs_core/hr=3, 1742599932243
Received update: /ndn/by-site/by/svs_core/by=3, 1742599932908
Received update: /ndn/is-site/is/svs_core/is=3, 1742599933046
Received update: /ndn/lt-site/lt/svs_core/lt=3, 1742599933515
Received update: /ndn/sk-site/sk/svs_core/sk=3, 1742599937844
Received update: /ndn/rs-site/rs/svs_core/rs=3, 1742599938199
Received update: /ndn/es-site/es/svs_core/es=3, 1742599939003
Received update: /ndn/tr-site/tr/svs_core/tr=3, 1742599939003
Received update: /ndn/ro-site/ro/svs_core/ro=3, 1742599939176
Received update: /ndn/mk-site/mk/svs_core/mk=3, 1742599939582
Received update: /ndn/lu-site/lu/svs_core/lu=3, 1742599942857
Received update: /ndn/nl-site/nl/svs_core/nl=3, 1742599943202
Received update: /ndn/pt-site/pt/svs_core/pt=3, 1742599943862
Received update: /ndn/mt-site/mt/svs_core/mt=3, 1742599944356
Received update: /ndn/ge-site/ge/svs_core/ge=3, 1742599945039
Received update: /ndn/it-site/it/svs_core/it=3, 1742599948032
Received update: /ndn/si-site/si/svs_core/si=3, 1742599948032
Published sequence number: /ndn/be-site/be/svs_core/be=3, 1742599948917
Sending Sync interest
Received update: /ndn/uk-site/uk/svs_core/uk=3, 1742599949243
Max suppression time updated to: 492
Received update: /ndn/al-site/al/svs_core/al=3, 1742599949328
Received update: /ndn/at-site/at/svs_core/at=3, 1742599949328
Max suppression time updated to: 501
Max suppression time updated to: 510
Received update: /ndn/cy-site/cy/svs_core/cy=3, 1742599949905
Received update: /ndn/dk-site/dk/svs_core/dk=3, 1742599957652
Received update: /ndn/ie-site/ie/svs_core/ie=3, 1742599958686
Received update: /ndn/il-site/il/svs_core/il=3, 1742599958686
Received update: /ndn/md-site/md/svs_core/md=3, 1742599958686
Received update: /ndn/de2-site/de2/svs_core/de2=3, 1742599958686
Received update: /ndn/fr2-site/fr2/svs_core/fr2=3, 1742599959708
Received update: /ndn/az-site/az/svs_core/az=3, 1742599959963
Received update: /ndn/cz-site/cz/svs_core/cz=3, 1742599960472
Received update: /ndn/hu-site/hu/svs_core/hu=3, 1742599960472
Received update: /ndn/de1-site/de1/svs_core/de1=3, 1742599961171
Received update: /ndn/me-site/me/svs_core/me=3, 1742599961319
Received update: /ndn/ua-site/ua/svs_core/ua=3, 1742599968853
Received update: /ndn/am-site/am/svs_core/am=3, 1742599969057
Received update: /ndn/fr1-site/fr1/svs_core/fr1=3, 1742599969260
Received update: /ndn/fi-site/fi/svs_core/fi=3, 1742599969672
Received update: /ndn/no-site/no/svs_core/no=3, 1742599969672
Received update: /ndn/ee-site/ee/svs_core/ee=4, 1742599970406
Received update: /ndn/gr-site/gr/svs_core/gr=3, 1742599970406
Received update: /ndn/ch-site/ch/svs_core/ch=4, 1742599970632
Received update: /ndn/bg-site/bg/svs_core/bg=4, 1742599970671
Received update: /ndn/se-site/se/svs_core/se=4, 1742599973995
Received update: /ndn/pl-site/pl/svs_core/pl=4, 1742599975768
Received update: /ndn/lv-site/lv/svs_core/lv=4, 1742599977230
Received update: /ndn/lt-site/lt/svs_core/lt=4, 1742599977796
Received update: /ndn/hr-site/hr/svs_core/hr=4, 1742599979052
Received update: /ndn/is-site/is/svs_core/is=4, 1742599979136
Received update: /ndn/by-site/by/svs_core/by=4, 1742599979989
Received update: /ndn/ro-site/ro/svs_core/ro=4, 1742599981650
Received update: /ndn/tr-site/tr/svs_core/tr=4, 1742599982800
Received update: /ndn/es-site/es/svs_core/es=4, 1742599983532
Received update: /ndn/nl-site/nl/svs_core/nl=4, 1742599984370
Received update: /ndn/lu-site/lu/svs_core/lu=4, 1742599987896
Received update: /ndn/mk-site/mk/svs_core/mk=4, 1742599988392
Received update: /ndn/pt-site/pt/svs_core/pt=4, 1742599988866
Received update: /ndn/mt-site/mt/svs_core/mt=4, 1742599989248
Received update: /ndn/ge-site/ge/svs_core/ge=4, 1742599989628
Received update: /ndn/rs-site/rs/svs_core/rs=4, 1742599990516
Received update: /ndn/it-site/it/svs_core/it=4, 1742599991927
Received update: /ndn/si-site/si/svs_core/si=4, 1742599992779
Received update: /ndn/cy-site/cy/svs_core/cy=4, 1742599993037
Received update: /ndn/al-site/al/svs_core/al=4, 1742599993175
Received update: /ndn/at-site/at/svs_core/at=4, 1742599993252
Published sequence number: /ndn/be-site/be/svs_core/be=4, 1742599993920
Sending Sync interest
Received update: /ndn/uk-site/uk/svs_core/uk=4, 1742599998816
Received update: /ndn/de2-site/de2/svs_core/de2=4, 1742599998816
Received update: /ndn/dk-site/dk/svs_core/dk=4, 1742600002658
Received update: /ndn/il-site/il/svs_core/il=4, 1742600003436
Received update: /ndn/cz-site/cz/svs_core/cz=4, 1742600004056
Received update: /ndn/az-site/az/svs_core/az=4, 1742600004109
Received update: /ndn/ie-site/ie/svs_core/ie=4, 1742600004533
Received update: /ndn/fr2-site/fr2/svs_core/fr2=4, 1742600004582
Received update: /ndn/hu-site/hu/svs_core/hu=4, 1742600005276
Received update: /ndn/md-site/md/svs_core/md=4, 1742600005700
Received update: /ndn/de1-site/de1/svs_core/de1=4, 1742600006093
Received update: /ndn/gr-site/gr/svs_core/gr=4, 1742600010233
Received update: /ndn/no-site/no/svs_core/no=4, 1742600010233
Received update: /ndn/fr1-site/fr1/svs_core/fr1=4, 1742600010233
Received update: /ndn/bg-site/bg/svs_core/bg=5, 1742600014352
Received update: /ndn/ua-site/ua/svs_core/ua=4, 1742600014352
Received update: /ndn/am-site/am/svs_core/am=4, 1742600014436
Received update: /ndn/fi-site/fi/svs_core/fi=4, 1742600014495
Max suppression time updated to: 516
Received update: /ndn/sk-site/sk/svs_core/sk=4, 1742600015164
Received update: /ndn/ee-site/ee/svs_core/ee=5, 1742600015624
Received update: /ndn/ch-site/ch/svs_core/ch=5, 1742600015725
Received update: /ndn/se-site/se/svs_core/se=5, 1742600018516
Received update: /ndn/pl-site/pl/svs_core/pl=5, 1742600020874
Received update: /ndn/hr-site/hr/svs_core/hr=5, 1742600022471
Received update: /ndn/lv-site/lv/svs_core/lv=5, 1742600022642
Received update: /ndn/is-site/is/svs_core/is=5, 1742600023051
Received update: /ndn/by-site/by/svs_core/by=5, 1742600023069
Received update: /ndn/lt-site/lt/svs_core/lt=5, 1742600024298
Received update: /ndn/es-site/es/svs_core/es=5, 1742600027091
Received update: /ndn/ro-site/ro/svs_core/ro=5, 1742600027583
Received update: /ndn/rs-site/rs/svs_core/rs=5, 1742600028649
Received update: /ndn/sk-site/sk/svs_core/sk=5, 1742600028649
Received update: /ndn/tr-site/tr/svs_core/tr=5, 1742600028649
Received update: /ndn/nl-site/nl/svs_core/nl=5, 1742600029370
Received update: /ndn/mk-site/mk/svs_core/mk=5, 1742600029629
Received update: /ndn/lu-site/lu/svs_core/lu=5, 1742600032863
Received update: /ndn/pt-site/pt/svs_core/pt=5, 1742600033871
Received update: /ndn/ge-site/ge/svs_core/ge=5, 1742600035318
Received update: /ndn/mt-site/mt/svs_core/mt=5, 1742600035318
Received update: /ndn/it-site/it/svs_core/it=5, 1742600036978
Received update: /ndn/si-site/si/svs_core/si=5, 1742600037870
Received update: /ndn/me-site/me/svs_core/me=4, 1742600038076
Received update: /ndn/al-site/al/svs_core/al=5, 1742600038119
Published sequence number: /ndn/be-site/be/svs_core/be=5, 1742600038926
Sending Sync interest
Received update: /ndn/uk-site/uk/svs_core/uk=5, 1742600039250
Received update: /ndn/at-site/at/svs_core/at=5, 1742600039633
Received update: /ndn/cy-site/cy/svs_core/cy=5, 1742600039633
Received update: /ndn/de2-site/de2/svs_core/de2=5, 1742600043690
Received update: /ndn/dk-site/dk/svs_core/dk=5, 1742600048662
Received update: /ndn/il-site/il/svs_core/il=5, 1742600048662
Received update: /ndn/cz-site/cz/svs_core/cz=5, 1742600049051
Received update: /ndn/me-site/me/svs_core/me=5, 1742600049465
Received update: /ndn/fr2-site/fr2/svs_core/fr2=5, 1742600049681
Received update: /ndn/md-site/md/svs_core/md=5, 1742600049776
Received update: /ndn/hu-site/hu/svs_core/hu=5, 1742600050157
Received update: /ndn/az-site/az/svs_core/az=5, 1742600051093
Received update: /ndn/de1-site/de1/svs_core/de1=5, 1742600051093
Received update: /ndn/no-site/no/svs_core/no=5, 1742600054218
Received update: /ndn/fr1-site/fr1/svs_core/fr1=5, 1742600054539
Received update: /ndn/am-site/am/svs_core/am=5, 1742600057964
Received update: /ndn/gr-site/gr/svs_core/gr=5, 1742600057964
Received update: /ndn/ie-site/ie/svs_core/ie=5, 1742600057964
Received update: /ndn/ua-site/ua/svs_core/ua=5, 1742600058707
Received update: /ndn/fi-site/fi/svs_core/fi=5, 1742600059046
Received update: /ndn/se-site/se/svs_core/se=6, 1742600063472
Received update: /ndn/ch-site/ch/svs_core/ch=6, 1742600064140
Received update: /ndn/bg-site/bg/svs_core/bg=6, 1742600064934
Received update: /ndn/ee-site/ee/svs_core/ee=6, 1742600065537
Received update: /ndn/pl-site/pl/svs_core/pl=6, 1742600065822
Received update: /ndn/hr-site/hr/svs_core/hr=6, 1742600067117
Received update: /ndn/by-site/by/svs_core/by=6, 1742600068047
Received update: /ndn/is-site/is/svs_core/is=6, 1742600068093
Received update: /ndn/lv-site/lv/svs_core/lv=6, 1742600069093
Received update: /ndn/lt-site/lt/svs_core/lt=6, 1742600070305
Received update: /ndn/ro-site/ro/svs_core/ro=6, 1742600071691
Received update: /ndn/rs-site/rs/svs_core/rs=6, 1742600073289
Received update: /ndn/es-site/es/svs_core/es=6, 1742600073966
Received update: /ndn/nl-site/nl/svs_core/nl=6, 1742600074383
Received update: /ndn/sk-site/sk/svs_core/sk=6, 1742600074498
Received update: /ndn/tr-site/tr/svs_core/tr=6, 1742600074498
Received update: /ndn/mk-site/mk/svs_core/mk=6, 1742600075147
Received update: /ndn/lu-site/lu/svs_core/lu=6, 1742600077870
Received update: /ndn/ge-site/ge/svs_core/ge=6, 1742600079366
Received update: /ndn/mt-site/mt/svs_core/mt=6, 1742600082825
Received update: /ndn/pt-site/pt/svs_core/pt=6, 1742600082825
Received update: /ndn/si-site/si/svs_core/si=6, 1742600082825
Published sequence number: /ndn/be-site/be/svs_core/be=6, 1742600083929
Sending Sync interest
Max suppression time updated to: 501
Received update: /ndn/it-site/it/svs_core/it=6, 1742600084380
Received update: /ndn/uk-site/uk/svs_core/uk=6, 1742600084380
Max suppression time updated to: 501
Max suppression time updated to: 486
Max suppression time updated to: 483
Received update: /ndn/al-site/al/svs_core/al=6, 1742600085039
Received update: /ndn/at-site/at/svs_core/at=6, 1742600085039
Received update: /ndn/cy-site/cy/svs_core/cy=6, 1742600085039
Received update: /ndn/de2-site/de2/svs_core/de2=6, 1742600088685
Received update: /ndn/dk-site/dk/svs_core/dk=6, 1742600092625
Received update: /ndn/cz-site/cz/svs_core/cz=6, 1742600094017
Received update: /ndn/ie-site/ie/svs_core/ie=6, 1742600094017
Received update: /ndn/az-site/az/svs_core/az=6, 1742600094489
Received update: /ndn/il-site/il/svs_core/il=6, 1742600094489
Received update: /ndn/fr2-site/fr2/svs_core/fr2=6, 1742600094596
Received update: /ndn/hu-site/hu/svs_core/hu=6, 1742600095045
Received update: /ndn/me-site/me/svs_core/me=6, 1742600095636
Received update: /ndn/md-site/md/svs_core/md=6, 1742600096392
Received update: /ndn/de1-site/de1/svs_core/de1=6, 1742600096392
Received update: /ndn/fr1-site/fr1/svs_core/fr1=6, 1742600096392
Received update: /ndn/no-site/no/svs_core/no=6, 1742600099270
Received update: /ndn/gr-site/gr/svs_core/gr=6, 1742600100156
Received update: /ndn/ee-site/ee/svs_core/ee=7, 1742600105505
Sending Sync interest
Received update: /ndn/bg-site/bg/svs_core/bg=7, 1742600106084
Max suppression time updated to: 489
Received update: /ndn/ch-site/ch/svs_core/ch=7, 1742600106718
Received update: /ndn/ua-site/ua/svs_core/ua=6, 1742600106718
Max suppression time updated to: 495
Received update: /ndn/fi-site/fi/svs_core/fi=6, 1742600108250
Received update: /ndn/pl-site/pl/svs_core/pl=7, 1742600110784
Received update: /ndn/am-site/am/svs_core/am=6, 1742600112112
Received update: /ndn/lv-site/lv/svs_core/lv=7, 1742600112112
Received update: /ndn/se-site/se/svs_core/se=7, 1742600112852
Received update: /ndn/hr-site/hr/svs_core/hr=7, 1742600113335
Received update: /ndn/is-site/is/svs_core/is=7, 1742600113335
Received update: /ndn/lt-site/lt/svs_core/lt=7, 1742600113510
Received update: /ndn/ro-site/ro/svs_core/ro=7, 1742600116794
Received update: /ndn/by-site/by/svs_core/by=7, 1742600117534
Received update: /ndn/tr-site/tr/svs_core/tr=7, 1742600117771
Received update: /ndn/sk-site/sk/svs_core/sk=7, 1742600117855
Received update: /ndn/es-site/es/svs_core/es=7, 1742600118296
Received update: /ndn/rs-site/rs/svs_core/rs=7, 1742600119366
Received update: /ndn/lu-site/lu/svs_core/lu=7, 1742600123312
Received update: /ndn/mt-site/mt/svs_core/mt=7, 1742600123312
Received update: /ndn/nl-site/nl/svs_core/nl=7, 1742600123385
Received update: /ndn/mk-site/mk/svs_core/mk=7, 1742600124077
Received update: /ndn/ge-site/ge/svs_core/ge=7, 1742600124378
Received update: /ndn/pt-site/pt/svs_core/pt=7, 1742600124378
Received update: /ndn/it-site/it/svs_core/it=7, 1742600127025
Received update: /ndn/al-site/al/svs_core/al=7, 1742600128131
Received update: /ndn/at-site/at/svs_core/at=7, 1742600128300
Published sequence number: /ndn/be-site/be/svs_core/be=7, 1742600128930
Sending Sync interest
Received update: /ndn/cy-site/cy/svs_core/cy=7, 1742600128986
Received update: /ndn/si-site/si/svs_core/si=7, 1742600128986
Received update: /ndn/uk-site/uk/svs_core/uk=7, 1742600129254
Max suppression time updated to: 483
Max suppression time updated to: 474
Received update: /ndn/de2-site/de2/svs_core/de2=7, 1742600133650
Received update: /ndn/il-site/il/svs_core/il=7, 1742600138456
Received update: /ndn/dk-site/dk/svs_core/dk=7, 1742600138994
Received update: /ndn/cz-site/cz/svs_core/cz=7, 1742600139027
Received update: /ndn/me-site/me/svs_core/me=7, 1742600139382
Received update: /ndn/fr2-site/fr2/svs_core/fr2=7, 1742600139683
Received update: /ndn/md-site/md/svs_core/md=7, 1742600140163
Received update: /ndn/hu-site/hu/svs_core/hu=7, 1742600140496
Received update: /ndn/ie-site/ie/svs_core/ie=7, 1742600140821
Received update: /ndn/de1-site/de1/svs_core/de1=7, 1742600141133
Received update: /ndn/az-site/az/svs_core/az=7, 1742600141290
Received update: /ndn/fr1-site/fr1/svs_core/fr1=7, 1742600141589
Received update: /ndn/gr-site/gr/svs_core/gr=7, 1742600145200
Received update: /ndn/no-site/no/svs_core/no=7, 1742600146025
Received update: /ndn/am-site/am/svs_core/am=7, 1742600147972
Received update: /ndn/ua-site/ua/svs_core/ua=7, 1742600148742
Received update: /ndn/bg-site/bg/svs_core/bg=8, 1742600149359
Received update: /ndn/ch-site/ch/svs_core/ch=8, 1742600157171
Received update: /ndn/hr-site/hr/svs_core/hr=8, 1742600157171
Received update: /ndn/fi-site/fi/svs_core/fi=7, 1742600157776
Received update: /ndn/se-site/se/svs_core/se=8, 1742600157817
Received update: /ndn/is-site/is/svs_core/is=8, 1742600158020
Received update: /ndn/ee-site/ee/svs_core/ee=8, 1742600158072
Received update: /ndn/lt-site/lt/svs_core/lt=8, 1742600158072
Received update: /ndn/lv-site/lv/svs_core/lv=8, 1742600158072
Received update: /ndn/pl-site/pl/svs_core/pl=8, 1742600158072
Received update: /ndn/by-site/by/svs_core/by=8, 1742600161711
Received update: /ndn/ro-site/ro/svs_core/ro=8, 1742600161711
Received update: /ndn/tr-site/tr/svs_core/tr=8, 1742600162769
Received update: /ndn/sk-site/sk/svs_core/sk=8, 1742600162873
Received update: /ndn/rs-site/rs/svs_core/rs=8, 1742600163277
Received update: /ndn/es-site/es/svs_core/es=8, 1742600164377
Received update: /ndn/nl-site/nl/svs_core/nl=8, 1742600164377
Received update: /ndn/mk-site/mk/svs_core/mk=8, 1742600164516
Received update: /ndn/lu-site/lu/svs_core/lu=8, 1742600168262
Received update: /ndn/pt-site/pt/svs_core/pt=8, 1742600168924
Received update: /ndn/ge-site/ge/svs_core/ge=8, 1742600169341
Received update: /ndn/mt-site/mt/svs_core/mt=8, 1742600170335
Received update: /ndn/it-site/it/svs_core/it=8, 1742600171992
Received update: /ndn/si-site/si/svs_core/si=8, 1742600172876
Received update: /ndn/al-site/al/svs_core/al=8, 1742600173123
Received update: /ndn/at-site/at/svs_core/at=8, 1742600173338
Published sequence number: /ndn/be-site/be/svs_core/be=8, 1742600173936
Sending Sync interest
Received update: /ndn/cy-site/cy/svs_core/cy=8, 1742600174741
Received update: /ndn/uk-site/uk/svs_core/uk=8, 1742600174741
Sending Sync interest
Received update: /ndn/de2-site/de2/svs_core/de2=8, 1742600178693
Received update: /ndn/dk-site/dk/svs_core/dk=8, 1742600182631
Received update: /ndn/md-site/md/svs_core/md=8, 1742600182886
Received update: /ndn/il-site/il/svs_core/il=8, 1742600183461
Received update: /ndn/ie-site/ie/svs_core/ie=8, 1742600183667
Received update: /ndn/cz-site/cz/svs_core/cz=8, 1742600184067
Received update: /ndn/me-site/me/svs_core/me=8, 1742600184437
Received update: /ndn/hu-site/hu/svs_core/hu=8, 1742600185082
Received update: /ndn/fr2-site/fr2/svs_core/fr2=8, 1742600185082
Received update: /ndn/az-site/az/svs_core/az=8, 1742600185338
Received update: /ndn/de1-site/de1/svs_core/de1=8, 1742600186569
Received update: /ndn/fr1-site/fr1/svs_core/fr1=8, 1742600186569
Received update: /ndn/no-site/no/svs_core/no=8, 1742600189196
Received update: /ndn/gr-site/gr/svs_core/gr=8, 1742600190530
Received update: /ndn/am-site/am/svs_core/am=8, 1742600193028
Received update: /ndn/ua-site/ua/svs_core/ua=8, 1742600193751
Received update: /ndn/fi-site/fi/svs_core/fi=8, 1742600194018
Sending Sync interest
Received update: /ndn/bg-site/bg/svs_core/bg=9, 1742600194232
Received update: /ndn/ee-site/ee/svs_core/ee=9, 1742600195473
Received update: /ndn/se-site/se/svs_core/se=9, 1742600198483
Received update: /ndn/ch-site/ch/svs_core/ch=9, 1742600198893
Received update: /ndn/hr-site/hr/svs_core/hr=9, 1742600202168
Received update: /ndn/pl-site/pl/svs_core/pl=9, 1742600202168
Received update: /ndn/is-site/is/svs_core/is=9, 1742600203069
Received update: /ndn/lt-site/lt/svs_core/lt=9, 1742600206710
Received update: /ndn/ro-site/ro/svs_core/ro=9, 1742600206710
Received update: /ndn/by-site/by/svs_core/by=9, 1742600207702
Received update: /ndn/tr-site/tr/svs_core/tr=9, 1742600207810
Received update: /ndn/sk-site/sk/svs_core/sk=9, 1742600207867
Received update: /ndn/es-site/es/svs_core/es=9, 1742600208299
Received update: /ndn/rs-site/rs/svs_core/rs=9, 1742600208484
Received update: /ndn/nl-site/nl/svs_core/nl=9, 1742600209422
Received update: /ndn/mk-site/mk/svs_core/mk=9, 1742600209562
Received update: /ndn/lu-site/lu/svs_core/lu=9, 1742600212881
Received update: /ndn/pt-site/pt/svs_core/pt=9, 1742600213883
Received update: /ndn/ge-site/ge/svs_core/ge=9, 1742600214386
Received update: /ndn/it-site/it/svs_core/it=9, 1742600216995
Received update: /ndn/mt-site/mt/svs_core/mt=9, 1742600217609
Received update: /ndn/lv-site/lv/svs_core/lv=9, 1742600218144
Received update: /ndn/at-site/at/svs_core/at=9, 1742600218351
Published sequence number: /ndn/be-site/be/svs_core/be=9, 1742600218943
Sending Sync interest
Max suppression time updated to: 462
Received update: /ndn/cy-site/cy/svs_core/cy=9, 1742600219265
Received update: /ndn/uk-site/uk/svs_core/uk=9, 1742600219265
Max suppression time updated to: 453
Max suppression time updated to: 459
Received update: /ndn/al-site/al/svs_core/al=9, 1742600220261
Received update: /ndn/si-site/si/svs_core/si=9, 1742600220563
Received update: /ndn/dk-site/dk/svs_core/dk=9, 1742600227687
Received update: /ndn/de2-site/de2/svs_core/de2=9, 1742600227687
Received update: /ndn/il-site/il/svs_core/il=9, 1742600228375
Received update: /ndn/hu-site/hu/svs_core/hu=9, 1742600229753
Received update: /ndn/cz-site/cz/svs_core/cz=9, 1742600230863
Received update: /ndn/me-site/me/svs_core/me=9, 1742600230863
Received update: /ndn/de1-site/de1/svs_core/de1=9, 1742600231145
Received update: /ndn/md-site/md/svs_core/md=9, 1742600231261
Received update: /ndn/fr2-site/fr2/svs_core/fr2=9, 1742600231261
Received update: /ndn/fr1-site/fr1/svs_core/fr1=9, 1742600231390
Received update: /ndn/gr-site/gr/svs_core/gr=9, 1742600235164
Received update: /ndn/no-site/no/svs_core/no=9, 1742600235928
Received update: /ndn/am-site/am/svs_core/am=9, 1742600238024
Received update: /ndn/ua-site/ua/svs_core/ua=9, 1742600238746
Received update: /ndn/fi-site/fi/svs_core/fi=9, 1742600238976
Received update: /ndn/bg-site/bg/svs_core/bg=10, 1742600239281
Received update: /ndn/ie-site/ie/svs_core/ie=9, 1742600239281
Received update: /ndn/az-site/az/svs_core/az=9, 1742600239604
Received update: /ndn/ee-site/ee/svs_core/ee=10, 1742600240429
Received update: /ndn/ch-site/ch/svs_core/ch=10, 1742600240793
Received update: /ndn/pl-site/pl/svs_core/pl=10, 1742600246038
Received update: /ndn/lv-site/lv/svs_core/lv=10, 1742600247126
Received update: /ndn/se-site/se/svs_core/se=10, 1742600247126
Received update: /ndn/hr-site/hr/svs_core/hr=10, 1742600247510
Received update: /ndn/lt-site/lt/svs_core/lt=10, 1742600247510
Received update: /ndn/by-site/by/svs_core/by=10, 1742600247927
Sending Sync interest
Received update: /ndn/is-site/is/svs_core/is=10, 1742600249804
Received update: /ndn/ro-site/ro/svs_core/ro=10, 1742600251762
Received update: /ndn/es-site/es/svs_core/es=10, 1742600251978
Sending Sync interest
Received update: /ndn/tr-site/tr/svs_core/tr=10, 1742600252772
Received update: /ndn/sk-site/sk/svs_core/sk=10, 1742600252866
Received update: /ndn/rs-site/rs/svs_core/rs=10, 1742600253185
Received update: /ndn/mk-site/mk/svs_core/mk=10, 1742600254486
Received update: /ndn/nl-site/nl/svs_core/nl=10, 1742600254516
Received update: /ndn/lu-site/lu/svs_core/lu=10, 1742600257881
Received update: /ndn/pt-site/pt/svs_core/pt=10, 1742600258930
Received update: /ndn/ge-site/ge/svs_core/ge=10, 1742600259353
Received update: /ndn/it-site/it/svs_core/it=10, 1742600262454
Received update: /ndn/mt-site/mt/svs_core/mt=10, 1742600262454
Received update: /ndn/si-site/si/svs_core/si=10, 1742600262876
Received update: /ndn/cy-site/cy/svs_core/cy=10, 1742600263140
Received update: /ndn/al-site/al/svs_core/al=10, 1742600263181
Received update: /ndn/at-site/at/svs_core/at=10, 1742600263311
Published sequence number: /ndn/be-site/be/svs_core/be=10, 1742600263945
Sending Sync interest
Received update: /ndn/de2-site/de2/svs_core/de2=10, 1742600268659
Received update: /ndn/dk-site/dk/svs_core/dk=10, 1742600272685
Received update: /ndn/uk-site/uk/svs_core/uk=10, 1742600272685
Received update: /ndn/md-site/md/svs_core/md=10, 1742600273155
Received update: /ndn/ie-site/ie/svs_core/ie=10, 1742600274111
Received update: /ndn/il-site/il/svs_core/il=10, 1742600274111
Received update: /ndn/az-site/az/svs_core/az=10, 1742600274476
Received update: /ndn/me-site/me/svs_core/me=10, 1742600274476
Received update: /ndn/cz-site/cz/svs_core/cz=10, 1742600274659
Received update: /ndn/hu-site/hu/svs_core/hu=10, 1742600274708
Received update: /ndn/fr2-site/fr2/svs_core/fr2=10, 1742600274906
Received update: /ndn/de1-site/de1/svs_core/de1=10, 1742600276112
Received update: /ndn/no-site/no/svs_core/no=10, 1742600279235
Received update: /ndn/fr1-site/fr1/svs_core/fr1=10, 1742600279582
Received update: /ndn/gr-site/gr/svs_core/gr=10, 1742600280210
Received update: /ndn/ua-site/ua/svs_core/ua=10, 1742600283806
Received update: /ndn/bg-site/bg/svs_core/bg=11, 1742600284335
Received update: /ndn/am-site/am/svs_core/am=10, 1742600284450
Received update: /ndn/ch-site/ch/svs_core/ch=11, 1742600285672
Received update: /ndn/ee-site/ee/svs_core/ee=11, 1742600285898
Received update: /ndn/fi-site/fi/svs_core/fi=10, 1742600286410
Received update: /ndn/pl-site/pl/svs_core/pl=11, 1742600290894
Received update: /ndn/lt-site/lt/svs_core/lt=11, 1742600292506
Received update: /ndn/by-site/by/svs_core/by=11, 1742600293050
Received update: /ndn/hr-site/hr/svs_core/hr=11, 1742600297998
Received update: /ndn/is-site/is/svs_core/is=11, 1742600297998
Received update: /ndn/lv-site/lv/svs_core/lv=11, 1742600297998
Received update: /ndn/ro-site/ro/svs_core/ro=11, 1742600297998
Received update: /ndn/sk-site/sk/svs_core/sk=11, 1742600297998
Received update: /ndn/rs-site/rs/svs_core/rs=11, 1742600298366
Received update: /ndn/tr-site/tr/svs_core/tr=11, 1742600298366
Received update: /ndn/es-site/es/svs_core/es=11, 1742600298528
Received update: /ndn/se-site/se/svs_core/se=11, 1742600299291
Received update: /ndn/nl-site/nl/svs_core/nl=11, 1742600299385
Received update: /ndn/mk-site/mk/svs_core/mk=11, 1742600299538
Received update: /ndn/lu-site/lu/svs_core/lu=11, 1742600303936
Received update: /ndn/pt-site/pt/svs_core/pt=11, 1742600303936
Received update: /ndn/ge-site/ge/svs_core/ge=11, 1742600304399
Received update: /ndn/it-site/it/svs_core/it=11, 1742600307829
Received update: /ndn/mt-site/mt/svs_core/mt=11, 1742600307829
Received update: /ndn/si-site/si/svs_core/si=11, 1742600307829
Received update: /ndn/cy-site/cy/svs_core/cy=11, 1742600308102
Received update: /ndn/al-site/al/svs_core/al=11, 1742600308227
Received update: /ndn/at-site/at/svs_core/at=11, 1742600308441
Published sequence number: /ndn/be-site/be/svs_core/be=11, 1742600308950
Sending Sync interest
Received update: /ndn/uk-site/uk/svs_core/uk=11, 1742600309267
Received update: /ndn/de2-site/de2/svs_core/de2=11, 1742600313745
Received update: /ndn/dk-site/dk/svs_core/dk=11, 1742600317647
Received update: /ndn/il-site/il/svs_core/il=11, 1742600318467
Received update: /ndn/cz-site/cz/svs_core/cz=11, 1742600319116
Received update: /ndn/ie-site/ie/svs_core/ie=11, 1742600319116
Received update: /ndn/az-site/az/svs_core/az=11, 1742600319164
Received update: /ndn/fr2-site/fr2/svs_core/fr2=11, 1742600319660
Received update: /ndn/md-site/md/svs_core/md=11, 1742600319703
Received update: /ndn/hu-site/hu/svs_core/hu=11, 1742600319751
Sending Sync interest
Received update: /ndn/me-site/me/svs_core/me=11, 1742600320520
Max suppression time updated to: 465
Received update: /ndn/no-site/no/svs_core/no=11, 1742600324323
Received update: /ndn/de1-site/de1/svs_core/de1=11, 1742600324660
Received update: /ndn/fr1-site/fr1/svs_core/fr1=11, 1742600324660
Received update: /ndn/am-site/am/svs_core/am=11, 1742600327982
Received update: /ndn/fi-site/fi/svs_core/fi=11, 1742600329270
Received update: /ndn/bg-site/bg/svs_core/bg=12, 1742600329744
Received update: /ndn/gr-site/gr/svs_core/gr=11, 1742600329744
Received update: /ndn/ua-site/ua/svs_core/ua=11, 1742600329778
Sending Sync interest
Received update: /ndn/ch-site/ch/svs_core/ch=12, 1742600330667
Received update: /ndn/ee-site/ee/svs_core/ee=12, 1742600331620
Received update: /ndn/se-site/se/svs_core/se=12, 1742600333548
Received update: /ndn/lv-site/lv/svs_core/lv=12, 1742600337169
Received update: /ndn/pl-site/pl/svs_core/pl=12, 1742600337169
Received update: /ndn/hr-site/hr/svs_core/hr=12, 1742600338070
Received update: /ndn/is-site/is/svs_core/is=12, 1742600338070
Received update: /ndn/by-site/by/svs_core/by=12, 1742600338656
Received update: /ndn/lt-site/lt/svs_core/lt=12, 1742600339442
Received update: /ndn/tr-site/tr/svs_core/tr=12, 1742600342789
Received update: /ndn/es-site/es/svs_core/es=12, 1742600343389
Received update: /ndn/sk-site/sk/svs_core/sk=12, 1742600343878
Received update: /ndn/mk-site/mk/svs_core/mk=12, 1742600344592
Received update: /ndn/nl-site/nl/svs_core/nl=12, 1742600345393
Received update: /ndn/ro-site/ro/svs_core/ro=12, 1742600345393
Received update: /ndn/rs-site/rs/svs_core/rs=12, 1742600345393
Received update: /ndn/lu-site/lu/svs_core/lu=12, 1742600347884
Received update: /ndn/pt-site/pt/svs_core/pt=12, 1742600348900
Received update: /ndn/mt-site/mt/svs_core/mt=12, 1742600349910
Received update: /ndn/it-site/it/svs_core/it=12, 1742600352050
Received update: /ndn/cy-site/cy/svs_core/cy=12, 1742600353186
Received update: /ndn/al-site/al/svs_core/al=12, 1742600353315
Received update: /ndn/at-site/at/svs_core/at=12, 1742600353315
Received update: /ndn/ge-site/ge/svs_core/ge=12, 1742600353792
Received update: /ndn/si-site/si/svs_core/si=12, 1742600353792
Published sequence number: /ndn/be-site/be/svs_core/be=12, 1742600353952
Sending Sync interest
Received update: /ndn/uk-site/uk/svs_core/uk=12, 1742600354406
Received update: /ndn/de2-site/de2/svs_core/de2=12, 1742600358708
Sending Sync interest
Received update: /ndn/dk-site/dk/svs_core/dk=12, 1742600362649
Received update: /ndn/md-site/md/svs_core/md=12, 1742600362730
Sending Sync interest
Received update: /ndn/cz-site/cz/svs_core/cz=12, 1742600364440
Received update: /ndn/il-site/il/svs_core/il=12, 1742600364440
Received update: /ndn/me-site/me/svs_core/me=12, 1742600364440
Received update: /ndn/ie-site/ie/svs_core/ie=12, 1742600365223
Received update: /ndn/az-site/az/svs_core/az=12, 1742600365527
Received update: /ndn/hu-site/hu/svs_core/hu=12, 1742600365527
Received update: /ndn/de1-site/de1/svs_core/de1=12, 1742600366156
Received update: /ndn/fr2-site/fr2/svs_core/fr2=12, 1742600366156
Received update: /ndn/fr1-site/fr1/svs_core/fr1=12, 1742600366405
Received update: /ndn/no-site/no/svs_core/no=12, 1742600369200
Received update: /ndn/fi-site/fi/svs_core/fi=12, 1742600374472
Received update: /ndn/gr-site/gr/svs_core/gr=12, 1742600374472
Received update: /ndn/bg-site/bg/svs_core/bg=13, 1742600374865
Received update: /ndn/ua-site/ua/svs_core/ua=12, 1742600374880
Received update: /ndn/am-site/am/svs_core/am=12, 1742600375403
Received update: /ndn/ee-site/ee/svs_core/ee=13, 1742600375615
Received update: /ndn/ch-site/ch/svs_core/ch=13, 1742600375711
Sending Sync interest
Received update: /ndn/pl-site/pl/svs_core/pl=13, 1742600380821
Received update: /ndn/se-site/se/svs_core/se=13, 1742600381255
Received update: /ndn/lv-site/lv/svs_core/lv=13, 1742600382143
Received update: /ndn/hr-site/hr/svs_core/hr=13, 1742600382160
Received update: /ndn/es-site/es/svs_core/es=13, 1742600387795
Received update: /ndn/ro-site/ro/svs_core/ro=13, 1742600387795
Received update: /ndn/tr-site/tr/svs_core/tr=13, 1742600387949
Received update: /ndn/rs-site/rs/svs_core/rs=13, 1742600388279
Received update: /ndn/is-site/is/svs_core/is=13, 1742600388344
Received update: /ndn/lt-site/lt/svs_core/lt=13, 1742600388657
Received update: /ndn/by-site/by/svs_core/by=13, 1742600388700
Received update: /ndn/mk-site/mk/svs_core/mk=13, 1742600389636
Received update: /ndn/sk-site/sk/svs_core/sk=13, 1742600389905
Received update: /ndn/lu-site/lu/svs_core/lu=13, 1742600392894
Received update: /ndn/nl-site/nl/svs_core/nl=13, 1742600393408
Received update: /ndn/mt-site/mt/svs_core/mt=13, 1742600394077
Received update: /ndn/pt-site/pt/svs_core/pt=13, 1742600394163
Received update: /ndn/ge-site/ge/svs_core/ge=13, 1742600395453
Received update: /ndn/al-site/al/svs_core/al=13, 1742600398138
Received update: /ndn/cy-site/cy/svs_core/cy=13, 1742600398211
Received update: /ndn/it-site/it/svs_core/it=13, 1742600398211
Received update: /ndn/si-site/si/svs_core/si=13, 1742600398211
Received update: /ndn/at-site/at/svs_core/at=13, 1742600398405
Published sequence number: /ndn/be-site/be/svs_core/be=13, 1742600398954
Sending Sync interest
Received update: /ndn/de2-site/de2/svs_core/de2=13, 1742600403719
Received update: /ndn/uk-site/uk/svs_core/uk=13, 1742600404195
Received update: /ndn/dk-site/dk/svs_core/dk=13, 1742600407655
Received update: /ndn/md-site/md/svs_core/md=13, 1742600407788
Received update: /ndn/cz-site/cz/svs_core/cz=13, 1742600409045
Received update: /ndn/az-site/az/svs_core/az=13, 1742600409132
Received update: /ndn/me-site/me/svs_core/me=13, 1742600409477
Received update: /ndn/il-site/il/svs_core/il=13, 1742600409748
Received update: /ndn/hu-site/hu/svs_core/hu=13, 1742600410194
Received update: /ndn/fr2-site/fr2/svs_core/fr2=13, 1742600410194
Received update: /ndn/de1-site/de1/svs_core/de1=13, 1742600411118
Received update: /ndn/ie-site/ie/svs_core/ie=13, 1742600411533
Received update: /ndn/no-site/no/svs_core/no=13, 1742600414202
Received update: /ndn/gr-site/gr/svs_core/gr=13, 1742600415186
Received update: /ndn/am-site/am/svs_core/am=13, 1742600424344
Received update: /ndn/bg-site/bg/svs_core/bg=14, 1742600424344
Received update: /ndn/ch-site/ch/svs_core/ch=14, 1742600424344
Received update: /ndn/ee-site/ee/svs_core/ee=14, 1742600424344
Received update: /ndn/se-site/se/svs_core/se=14, 1742600424344
Received update: /ndn/fr1-site/fr1/svs_core/fr1=13, 1742600424344
Received update: /ndn/ua-site/ua/svs_core/ua=13, 1742600425110
Received update: /ndn/fi-site/fi/svs_core/fi=13, 1742600425237
Received update: /ndn/pl-site/pl/svs_core/pl=14, 1742600425817
Received update: /ndn/lv-site/lv/svs_core/lv=14, 1742600427223
Received update: /ndn/hr-site/hr/svs_core/hr=14, 1742600428068
Received update: /ndn/lt-site/lt/svs_core/lt=14, 1742600428068
Received update: /ndn/by-site/by/svs_core/by=14, 1742600428270
Received update: /ndn/is-site/is/svs_core/is=14, 1742600431682
Received update: /ndn/ro-site/ro/svs_core/ro=14, 1742600431682
Received update: /ndn/es-site/es/svs_core/es=14, 1742600432039
Received update: /ndn/sk-site/sk/svs_core/sk=14, 1742600432938
Received update: /ndn/rs-site/rs/svs_core/rs=14, 1742600433367
Received update: /ndn/tr-site/tr/svs_core/tr=14, 1742600433604
Received update: /ndn/lu-site/lu/svs_core/lu=14, 1742600437938
Received update: /ndn/nl-site/nl/svs_core/nl=14, 1742600438069
Received update: /ndn/mk-site/mk/svs_core/mk=14, 1742600438882
Received update: /ndn/pt-site/pt/svs_core/pt=14, 1742600439024
Received update: /ndn/ge-site/ge/svs_core/ge=14, 1742600439407
Received update: /ndn/mt-site/mt/svs_core/mt=14, 1742600442889
Received update: /ndn/si-site/si/svs_core/si=14, 1742600442889
Received update: /ndn/at-site/at/svs_core/at=14, 1742600443456
Received update: /ndn/cy-site/cy/svs_core/cy=14, 1742600443456
Received update: /ndn/it-site/it/svs_core/it=14, 1742600443761
Published sequence number: /ndn/be-site/be/svs_core/be=14, 1742600443959
Sending Sync interest
Received update: /ndn/uk-site/uk/svs_core/uk=14, 1742600444282
Max suppression time updated to: 468
Received update: /ndn/al-site/al/svs_core/al=14, 1742600445022
Received update: /ndn/de2-site/de2/svs_core/de2=14, 1742600448809
Received update: /ndn/az-site/az/svs_core/az=14, 1742600454130
Received update: /ndn/dk-site/dk/svs_core/dk=14, 1742600454130
Received update: /ndn/cz-site/cz/svs_core/cz=14, 1742600454134
Received update: /ndn/me-site/me/svs_core/me=14, 1742600454439
Received update: /ndn/il-site/il/svs_core/il=14, 1742600454547
Received update: /ndn/fr2-site/fr2/svs_core/fr2=14, 1742600454612
Received update: /ndn/hu-site/hu/svs_core/hu=14, 1742600454949
Received update: /ndn/ie-site/ie/svs_core/ie=14, 1742600454949
Received update: /ndn/de1-site/de1/svs_core/de1=14, 1742600456120
Received update: /ndn/fr1-site/fr1/svs_core/fr1=14, 1742600456636
Received update: /ndn/md-site/md/svs_core/md=14, 1742600457459
Received update: /ndn/no-site/no/svs_core/no=14, 1742600459209
Received update: /ndn/gr-site/gr/svs_core/gr=14, 1742600460225
Received update: /ndn/am-site/am/svs_core/am=14, 1742600463268
Received update: /ndn/bg-site/bg/svs_core/bg=15, 1742600464309
Received update: /ndn/ch-site/ch/svs_core/ch=15, 1742600465899
Received update: /ndn/fi-site/fi/svs_core/fi=14, 1742600466664
Received update: /ndn/ee-site/ee/svs_core/ee=15, 1742600467319
Received update: /ndn/hr-site/hr/svs_core/hr=15, 1742600472152
Received update: /ndn/by-site/by/svs_core/by=15, 1742600472983
Received update: /ndn/lv-site/lv/svs_core/lv=15, 1742600472983
Received update: /ndn/pl-site/pl/svs_core/pl=15, 1742600472983
Received update: /ndn/is-site/is/svs_core/is=15, 1742600473029
Received update: /ndn/se-site/se/svs_core/se=15, 1742600473029
Received update: /ndn/es-site/es/svs_core/es=15, 1742600477529
Received update: /ndn/lt-site/lt/svs_core/lt=15, 1742600477641
Received update: /ndn/ro-site/ro/svs_core/ro=15, 1742600477825
Received update: /ndn/tr-site/tr/svs_core/tr=15, 1742600477825
Received update: /ndn/sk-site/sk/svs_core/sk=15, 1742600477836
Received update: /ndn/rs-site/rs/svs_core/rs=15, 1742600478245
Received update: /ndn/ua-site/ua/svs_core/ua=14, 1742600478536
Received update: /ndn/nl-site/nl/svs_core/nl=15, 1742600479404
Received update: /ndn/mk-site/mk/svs_core/mk=15, 1742600479681
Received update: /ndn/lu-site/lu/svs_core/lu=15, 1742600482937
Received update: /ndn/mt-site/mt/svs_core/mt=15, 1742600483376
Received update: /ndn/ge-site/ge/svs_core/ge=15, 1742600484453
Received update: /ndn/it-site/it/svs_core/it=15, 1742600486985
Received update: /ndn/pt-site/pt/svs_core/pt=15, 1742600487758
Received update: /ndn/si-site/si/svs_core/si=15, 1742600487893
Received update: /ndn/cy-site/cy/svs_core/cy=15, 1742600488157
Received update: /ndn/al-site/al/svs_core/al=15, 1742600488202
Received update: /ndn/at-site/at/svs_core/at=15, 1742600488332
Published sequence number: /ndn/be-site/be/svs_core/be=15, 1742600488960
Sending Sync interest
Received update: /ndn/de2-site/de2/svs_core/de2=15, 1742600493680
Received update: /ndn/uk-site/uk/svs_core/uk=15, 1742600494112
Received update: /ndn/il-site/il/svs_core/il=15, 1742600498486
Received update: /ndn/dk-site/dk/svs_core/dk=15, 1742600499081
Received update: /ndn/cz-site/cz/svs_core/cz=15, 1742600499668
Received update: /ndn/fr2-site/fr2/svs_core/fr2=15, 1742600499668
Received update: /ndn/hu-site/hu/svs_core/hu=15, 1742600499796
Received update: /ndn/az-site/az/svs_core/az=15, 1742600499895
Received update: /ndn/ie-site/ie/svs_core/ie=15, 1742600500295
Received update: /ndn/de1-site/de1/svs_core/de1=15, 1742600501226
Received update: /ndn/me-site/me/svs_core/me=15, 1742600502001
Received update: /ndn/fr1-site/fr1/svs_core/fr1=15, 1742600502644
Received update: /ndn/no-site/no/svs_core/no=15, 1742600504254
Received update: /ndn/gr-site/gr/svs_core/gr=15, 1742600505328
Received update: /ndn/am-site/am/svs_core/am=15, 1742600508038
Received update: /ndn/bg-site/bg/svs_core/bg=16, 1742600511819
Received update: /ndn/ch-site/ch/svs_core/ch=16, 1742600511819
Received update: /ndn/ua-site/ua/svs_core/ua=15, 1742600511819
Received update: /ndn/md-site/md/svs_core/md=15, 1742600512635
Received update: /ndn/fi-site/fi/svs_core/fi=15, 1742600513727
Received update: /ndn/se-site/se/svs_core/se=16, 1742600513727
Sending Sync interest
Received update: /ndn/ee-site/ee/svs_core/ee=16, 1742600514250
Received update: /ndn/hr-site/hr/svs_core/hr=16, 1742600517155
Received update: /ndn/pl-site/pl/svs_core/pl=16, 1742600517501
Received update: /ndn/by-site/by/svs_core/by=16, 1742600518028
Received update: /ndn/lt-site/lt/svs_core/lt=16, 1742600518304
Received update: /ndn/lv-site/lv/svs_core/lv=16, 1742600518304
Received update: /ndn/is-site/is/svs_core/is=16, 1742600518927
Received update: /ndn/ro-site/ro/svs_core/ro=16, 1742600521784
Received update: /ndn/es-site/es/svs_core/es=16, 1742600522279
Received update: /ndn/tr-site/tr/svs_core/tr=16, 1742600522841
Received update: /ndn/sk-site/sk/svs_core/sk=16, 1742600522929
Received update: /ndn/rs-site/rs/svs_core/rs=16, 1742600523252
Received update: /ndn/nl-site/nl/svs_core/nl=16, 1742600524410
Received update: /ndn/lu-site/lu/svs_core/lu=16, 1742600529029
Received update: /ndn/mk-site/mk/svs_core/mk=16, 1742600529029
Received update: /ndn/pt-site/pt/svs_core/pt=16, 1742600529029
Received update: /ndn/mt-site/mt/svs_core/mt=16, 1742600529866
Received update: /ndn/ge-site/ge/svs_core/ge=16, 1742600530193
Received update: /ndn/it-site/it/svs_core/it=16, 1742600532031
Received update: /ndn/cy-site/cy/svs_core/cy=16, 1742600533110
Received update: /ndn/at-site/at/svs_core/at=16, 1742600533521
Received update: /ndn/si-site/si/svs_core/si=16, 1742600533521
Published sequence number: /ndn/be-site/be/svs_core/be=16, 1742600533963
Sending Sync interest
Received update: /ndn/al-site/al/svs_core/al=16, 1742600534096
Max suppression time updated to: 474
Received update: /ndn/uk-site/uk/svs_core/uk=16, 1742600538732
Received update: /ndn/de2-site/de2/svs_core/de2=16, 1742600538732
Received update: /ndn/dk-site/dk/svs_core/dk=16, 1742600542671
Received update: /ndn/md-site/md/svs_core/md=16, 1742600542754
Sending Sync interest
Received update: /ndn/ie-site/ie/svs_core/ie=16, 1742600543701
Received update: /ndn/cz-site/cz/svs_core/cz=16, 1742600544087
Received update: /ndn/hu-site/hu/svs_core/hu=16, 1742600544901
Received update: /ndn/il-site/il/svs_core/il=16, 1742600544901
Received update: /ndn/me-site/me/svs_core/me=16, 1742600544901
Received update: /ndn/az-site/az/svs_core/az=16, 1742600545344
Received update: /ndn/de1-site/de1/svs_core/de1=16, 1742600546131
Received update: /ndn/no-site/no/svs_core/no=16, 1742600549389
Received update: /ndn/fr1-site/fr1/svs_core/fr1=16, 1742600549389
Received update: /ndn/fr2-site/fr2/svs_core/fr2=16, 1742600550193
Received update: /ndn/am-site/am/svs_core/am=16, 1742600577312
Received update: /ndn/ua-site/ua/svs_core/ua=16, 1742600577552
Received update: /ndn/gr-site/gr/svs_core/gr=16, 1742600577911
Stopping SVS client: /ndn/be-site/be/svs_core/be
