SVS client starting: /ndn/pt-site/pt/svs_core/pt
Sending Sync interest
Received update: /ndn/bg-site/bg/svs_core/bg=1, 1742599834289
Max suppression time updated to: 600
Received update: /ndn/ee-site/ee/svs_core/ee=1, 1742599835555
Received update: /ndn/ch-site/ch/svs_core/ch=1, 1742599835624
Received update: /ndn/se-site/se/svs_core/se=1, 1742599838497
Received update: /ndn/pl-site/pl/svs_core/pl=1, 1742599840797
Received update: /ndn/hr-site/hr/svs_core/hr=1, 1742599842145
Received update: /ndn/lt-site/lt/svs_core/lt=1, 1742599842380
Received update: /ndn/lv-site/lv/svs_core/lv=1, 1742599842380
Received update: /ndn/is-site/is/svs_core/is=1, 1742599843088
Received update: /ndn/by-site/by/svs_core/by=1, 1742599843162
Received update: /ndn/es-site/es/svs_core/es=1, 1742599846864
Received update: /ndn/ro-site/ro/svs_core/ro=1, 1742599847499
Received update: /ndn/tr-site/tr/svs_core/tr=1, 1742599847737
Received update: /ndn/sk-site/sk/svs_core/sk=1, 1742599847847
Received update: /ndn/rs-site/rs/svs_core/rs=1, 1742599848397
Received update: /ndn/nl-site/nl/svs_core/nl=1, 1742599849399
Received update: /ndn/mk-site/mk/svs_core/mk=1, 1742599849902
Received update: /ndn/lu-site/lu/svs_core/lu=1, 1742599853065
Received update: /ndn/mt-site/mt/svs_core/mt=1, 1742599853305
Published sequence number: /ndn/pt-site/pt/svs_core/pt=1, 1742599853768
Sending Sync interest
Received update: /ndn/it-site/it/svs_core/it=1, 1742599856964
Received update: /ndn/ge-site/ge/svs_core/ge=1, 1742599857256
Received update: /ndn/si-site/si/svs_core/si=1, 1742599857803
Received update: /ndn/cy-site/cy/svs_core/cy=1, 1742599858028
Received update: /ndn/al-site/al/svs_core/al=1, 1742599858067
Received update: /ndn/at-site/at/svs_core/at=1, 1742599858651
Received update: /ndn/be-site/be/svs_core/be=1, 1742599859088
Received update: /ndn/uk-site/uk/svs_core/uk=1, 1742599859317
Received update: /ndn/de2-site/de2/svs_core/de2=1, 1742599863671
Received update: /ndn/dk-site/dk/svs_core/dk=1, 1742599867652
Received update: /ndn/md-site/md/svs_core/md=1, 1742599867924
Received update: /ndn/il-site/il/svs_core/il=1, 1742599868431
Received update: /ndn/ie-site/ie/svs_core/ie=1, 1742599868634
Received update: /ndn/cz-site/cz/svs_core/cz=1, 1742599869040
Received update: /ndn/az-site/az/svs_core/az=1, 1742599869146
Received update: /ndn/me-site/me/svs_core/me=1, 1742599869415
Received update: /ndn/hu-site/hu/svs_core/hu=1, 1742599869730
Received update: /ndn/fr2-site/fr2/svs_core/fr2=1, 1742599869897
Received update: /ndn/de1-site/de1/svs_core/de1=1, 1742599871214
Received update: /ndn/fr1-site/fr1/svs_core/fr1=1, 1742599871369
Received update: /ndn/gr-site/gr/svs_core/gr=1, 1742599875221
Received update: /ndn/no-site/no/svs_core/no=1, 1742599875221
Received update: /ndn/ua-site/ua/svs_core/ua=1, 1742599878719
Received update: /ndn/fi-site/fi/svs_core/fi=1, 1742599879224
Received update: /ndn/am-site/am/svs_core/am=1, 1742599879354
Received update: /ndn/ch-site/ch/svs_core/ch=2, 1742599880632
Received update: /ndn/ee-site/ee/svs_core/ee=2, 1742599880680
Received update: /ndn/bg-site/bg/svs_core/bg=2, 1742599880880
Received update: /ndn/pl-site/pl/svs_core/pl=2, 1742599886790
Received update: /ndn/se-site/se/svs_core/se=2, 1742599886790
Received update: /ndn/hr-site/hr/svs_core/hr=2, 1742599887147
Received update: /ndn/lv-site/lv/svs_core/lv=2, 1742599887222
Received update: /ndn/lt-site/lt/svs_core/lt=2, 1742599887391
Received update: /ndn/by-site/by/svs_core/by=2, 1742599887938
Received update: /ndn/is-site/is/svs_core/is=2, 1742599888136
Received update: /ndn/ro-site/ro/svs_core/ro=2, 1742599891724
Received update: /ndn/es-site/es/svs_core/es=2, 1742599891864
Received update: /ndn/tr-site/tr/svs_core/tr=2, 1742599892791
Received update: /ndn/sk-site/sk/svs_core/sk=2, 1742599892836
Received update: /ndn/rs-site/rs/svs_core/rs=2, 1742599893190
Received update: /ndn/nl-site/nl/svs_core/nl=2, 1742599894407
Received update: /ndn/mk-site/mk/svs_core/mk=2, 1742599894540
Received update: /ndn/mt-site/mt/svs_core/mt=2, 1742599898165
Received update: /ndn/lu-site/lu/svs_core/lu=2, 1742599898538
Published sequence number: /ndn/pt-site/pt/svs_core/pt=2, 1742599898770
Sending Sync interest
Received update: /ndn/ge-site/ge/svs_core/ge=2, 1742599899355
Received update: /ndn/it-site/it/svs_core/it=2, 1742599901965
Received update: /ndn/cy-site/cy/svs_core/cy=2, 1742599903039
Received update: /ndn/al-site/al/svs_core/al=2, 1742599903160
Received update: /ndn/at-site/at/svs_core/at=2, 1742599903280
Received update: /ndn/si-site/si/svs_core/si=2, 1742599903280
Received update: /ndn/uk-site/uk/svs_core/uk=2, 1742599908677
Received update: /ndn/de2-site/de2/svs_core/de2=2, 1742599908677
Received update: /ndn/md-site/md/svs_core/md=2, 1742599912690
Received update: /ndn/be-site/be/svs_core/be=2, 1742599913406
Received update: /ndn/dk-site/dk/svs_core/dk=2, 1742599913691
Received update: /ndn/il-site/il/svs_core/il=2, 1742599913691
Received update: /ndn/cz-site/cz/svs_core/cz=2, 1742599914043
Received update: /ndn/ie-site/ie/svs_core/ie=2, 1742599914110
Received update: /ndn/az-site/az/svs_core/az=2, 1742599914231
Received update: /ndn/fr2-site/fr2/svs_core/fr2=2, 1742599914620
Received update: /ndn/hu-site/hu/svs_core/hu=2, 1742599914728
Received update: /ndn/de1-site/de1/svs_core/de1=2, 1742599916373
Received update: /ndn/fr1-site/fr1/svs_core/fr1=2, 1742599916373
Received update: /ndn/no-site/no/svs_core/no=2, 1742599919287
Received update: /ndn/me-site/me/svs_core/me=2, 1742599920191
Received update: /ndn/gr-site/gr/svs_core/gr=2, 1742599920720
Received update: /ndn/ua-site/ua/svs_core/ua=2, 1742599923724
Received update: /ndn/am-site/am/svs_core/am=2, 1742599923866
Received update: /ndn/fi-site/fi/svs_core/fi=2, 1742599924087
Received update: /ndn/bg-site/bg/svs_core/bg=3, 1742599928637
Received update: /ndn/ch-site/ch/svs_core/ch=3, 1742599928637
Received update: /ndn/ee-site/ee/svs_core/ee=3, 1742599928637
Received update: /ndn/se-site/se/svs_core/se=3, 1742599928637
Received update: /ndn/lv-site/lv/svs_core/lv=3, 1742599932216
Received update: /ndn/pl-site/pl/svs_core/pl=3, 1742599932216
Received update: /ndn/hr-site/hr/svs_core/hr=3, 1742599932329
Received update: /ndn/by-site/by/svs_core/by=3, 1742599933032
Received update: /ndn/is-site/is/svs_core/is=3, 1742599933319
Received update: /ndn/lt-site/lt/svs_core/lt=3, 1742599933557
Received update: /ndn/sk-site/sk/svs_core/sk=3, 1742599937844
Received update: /ndn/es-site/es/svs_core/es=3, 1742599938580
Received update: /ndn/tr-site/tr/svs_core/tr=3, 1742599938580
Received update: /ndn/rs-site/rs/svs_core/rs=3, 1742599939090
Received update: /ndn/ro-site/ro/svs_core/ro=3, 1742599939176
Received update: /ndn/mk-site/mk/svs_core/mk=3, 1742599940157
Received update: /ndn/nl-site/nl/svs_core/nl=3, 1742599940564
Received update: /ndn/lu-site/lu/svs_core/lu=3, 1742599942982
Published sequence number: /ndn/pt-site/pt/svs_core/pt=3, 1742599943772
Sending Sync interest
Max suppression time updated to: 555
Received update: /ndn/mt-site/mt/svs_core/mt=3, 1742599944356
Received update: /ndn/ge-site/ge/svs_core/ge=3, 1742599944398
Sending Sync interest
Received update: /ndn/it-site/it/svs_core/it=3, 1742599946970
Received update: /ndn/si-site/si/svs_core/si=3, 1742599947905
Received update: /ndn/al-site/al/svs_core/al=3, 1742599949382
Received update: /ndn/at-site/at/svs_core/at=3, 1742599949382
Received update: /ndn/be-site/be/svs_core/be=3, 1742599949382
Received update: /ndn/cy-site/cy/svs_core/cy=3, 1742599949820
Received update: /ndn/uk-site/uk/svs_core/uk=3, 1742599949820
Received update: /ndn/de2-site/de2/svs_core/de2=3, 1742599953721
Received update: /ndn/dk-site/dk/svs_core/dk=3, 1742599957700
Received update: /ndn/md-site/md/svs_core/md=3, 1742599957853
Received update: /ndn/il-site/il/svs_core/il=3, 1742599958346
Received update: /ndn/ie-site/ie/svs_core/ie=3, 1742599958645
Received update: /ndn/az-site/az/svs_core/az=3, 1742599959190
Received update: /ndn/fr2-site/fr2/svs_core/fr2=3, 1742599960004
Received update: /ndn/cz-site/cz/svs_core/cz=3, 1742599960263
Received update: /ndn/hu-site/hu/svs_core/hu=3, 1742599960263
Received update: /ndn/me-site/me/svs_core/me=3, 1742599961361
Received update: /ndn/de1-site/de1/svs_core/de1=3, 1742599961629
Received update: /ndn/ua-site/ua/svs_core/ua=3, 1742599968853
Received update: /ndn/am-site/am/svs_core/am=3, 1742599969096
Received update: /ndn/fr1-site/fr1/svs_core/fr1=3, 1742599969159
Received update: /ndn/fi-site/fi/svs_core/fi=3, 1742599969672
Received update: /ndn/no-site/no/svs_core/no=3, 1742599969672
Received update: /ndn/ee-site/ee/svs_core/ee=4, 1742599970490
Received update: /ndn/gr-site/gr/svs_core/gr=3, 1742599970490
Received update: /ndn/ch-site/ch/svs_core/ch=4, 1742599970632
Received update: /ndn/bg-site/bg/svs_core/bg=4, 1742599970757
Received update: /ndn/se-site/se/svs_core/se=4, 1742599973591
Received update: /ndn/pl-site/pl/svs_core/pl=4, 1742599975811
Received update: /ndn/lv-site/lv/svs_core/lv=4, 1742599977231
Received update: /ndn/lt-site/lt/svs_core/lt=4, 1742599977531
Received update: /ndn/hr-site/hr/svs_core/hr=4, 1742599979053
Received update: /ndn/is-site/is/svs_core/is=4, 1742599979306
Received update: /ndn/by-site/by/svs_core/by=4, 1742599979899
Received update: /ndn/ro-site/ro/svs_core/ro=4, 1742599981690
Received update: /ndn/tr-site/tr/svs_core/tr=4, 1742599982843
Received update: /ndn/es-site/es/svs_core/es=4, 1742599983404
Received update: /ndn/nl-site/nl/svs_core/nl=4, 1742599984412
Received update: /ndn/mk-site/mk/svs_core/mk=4, 1742599984502
Received update: /ndn/lu-site/lu/svs_core/lu=4, 1742599987905
Sending Sync interest
Published sequence number: /ndn/pt-site/pt/svs_core/pt=4, 1742599988775
Sending Sync interest
Received update: /ndn/ge-site/ge/svs_core/ge=4, 1742599989408
Received update: /ndn/mt-site/mt/svs_core/mt=4, 1742599989408
Sending Sync interest
Received update: /ndn/rs-site/rs/svs_core/rs=4, 1742599990517
Received update: /ndn/it-site/it/svs_core/it=4, 1742599991928
Received update: /ndn/si-site/si/svs_core/si=4, 1742599992866
Received update: /ndn/cy-site/cy/svs_core/cy=4, 1742599993037
Received update: /ndn/al-site/al/svs_core/al=4, 1742599993083
Received update: /ndn/at-site/at/svs_core/at=4, 1742599993299
Received update: /ndn/be-site/be/svs_core/be=4, 1742599998687
Received update: /ndn/uk-site/uk/svs_core/uk=4, 1742599998687
Received update: /ndn/de2-site/de2/svs_core/de2=4, 1742599998687
Received update: /ndn/dk-site/dk/svs_core/dk=4, 1742600003520
Received update: /ndn/il-site/il/svs_core/il=4, 1742600003520
Received update: /ndn/cz-site/cz/svs_core/cz=4, 1742600004096
Received update: /ndn/az-site/az/svs_core/az=4, 1742600004501
Received update: /ndn/fr2-site/fr2/svs_core/fr2=4, 1742600004501
Received update: /ndn/ie-site/ie/svs_core/ie=4, 1742600004533
Received update: /ndn/md-site/md/svs_core/md=4, 1742600004833
Received update: /ndn/hu-site/hu/svs_core/hu=4, 1742600005233
Received update: /ndn/de1-site/de1/svs_core/de1=4, 1742600006310
Received update: /ndn/fr1-site/fr1/svs_core/fr1=4, 1742600006376
Received update: /ndn/no-site/no/svs_core/no=4, 1742600009437
Received update: /ndn/gr-site/gr/svs_core/gr=4, 1742600010322
Received update: /ndn/ua-site/ua/svs_core/ua=4, 1742600013813
Received update: /ndn/am-site/am/svs_core/am=4, 1742600014437
Received update: /ndn/fi-site/fi/svs_core/fi=4, 1742600014539
Received update: /ndn/bg-site/bg/svs_core/bg=5, 1742600014882
Max suppression time updated to: 570
Received update: /ndn/sk-site/sk/svs_core/sk=4, 1742600015164
Received update: /ndn/ee-site/ee/svs_core/ee=5, 1742600015665
Received update: /ndn/ch-site/ch/svs_core/ch=5, 1742600015765
Received update: /ndn/se-site/se/svs_core/se=5, 1742600018559
Received update: /ndn/pl-site/pl/svs_core/pl=5, 1742600020873
Received update: /ndn/hr-site/hr/svs_core/hr=5, 1742600022771
Received update: /ndn/lv-site/lv/svs_core/lv=5, 1742600022895
Received update: /ndn/by-site/by/svs_core/by=5, 1742600023070
Received update: /ndn/is-site/is/svs_core/is=5, 1742600023093
Received update: /ndn/es-site/es/svs_core/es=5, 1742600026873
Received update: /ndn/lt-site/lt/svs_core/lt=5, 1742600027626
Received update: /ndn/ro-site/ro/svs_core/ro=5, 1742600027626
Received update: /ndn/tr-site/tr/svs_core/tr=5, 1742600027793
Received update: /ndn/nl-site/nl/svs_core/nl=5, 1742600029538
Received update: /ndn/rs-site/rs/svs_core/rs=5, 1742600029538
Received update: /ndn/sk-site/sk/svs_core/sk=5, 1742600029538
Received update: /ndn/mk-site/mk/svs_core/mk=5, 1742600029546
Received update: /ndn/lu-site/lu/svs_core/lu=5, 1742600032949
Published sequence number: /ndn/pt-site/pt/svs_core/pt=5, 1742600033779
Sending Sync interest
Received update: /ndn/ge-site/ge/svs_core/ge=5, 1742600034409
Received update: /ndn/mt-site/mt/svs_core/mt=5, 1742600035403
Received update: /ndn/al-site/al/svs_core/al=5, 1742600038120
Received update: /ndn/it-site/it/svs_core/it=5, 1742600038120
Received update: /ndn/si-site/si/svs_core/si=5, 1742600038120
Received update: /ndn/be-site/be/svs_core/be=5, 1742600039021
Received update: /ndn/me-site/me/svs_core/me=4, 1742600039021
Received update: /ndn/cy-site/cy/svs_core/cy=5, 1742600039572
Received update: /ndn/uk-site/uk/svs_core/uk=5, 1742600039572
Received update: /ndn/at-site/at/svs_core/at=5, 1742600039676
Received update: /ndn/de2-site/de2/svs_core/de2=5, 1742600043690
Received update: /ndn/dk-site/dk/svs_core/dk=5, 1742600047660
Received update: /ndn/il-site/il/svs_core/il=5, 1742600048921
Received update: /ndn/fr2-site/fr2/svs_core/fr2=5, 1742600049508
Received update: /ndn/cz-site/cz/svs_core/cz=5, 1742600049771
Received update: /ndn/me-site/me/svs_core/me=5, 1742600049771
Received update: /ndn/hu-site/hu/svs_core/hu=5, 1742600049777
Received update: /ndn/md-site/md/svs_core/md=5, 1742600049818
Received update: /ndn/az-site/az/svs_core/az=5, 1742600051135
Received update: /ndn/de1-site/de1/svs_core/de1=5, 1742600051135
Received update: /ndn/fr1-site/fr1/svs_core/fr1=5, 1742600051509
Received update: /ndn/no-site/no/svs_core/no=5, 1742600054218
Received update: /ndn/gr-site/gr/svs_core/gr=5, 1742600055233
Received update: /ndn/am-site/am/svs_core/am=5, 1742600058007
Received update: /ndn/ie-site/ie/svs_core/ie=5, 1742600058007
Received update: /ndn/ua-site/ua/svs_core/ua=5, 1742600058782
Received update: /ndn/fi-site/fi/svs_core/fi=5, 1742600059132
Received update: /ndn/se-site/se/svs_core/se=6, 1742600063515
Received update: /ndn/ch-site/ch/svs_core/ch=6, 1742600064142
Received update: /ndn/bg-site/bg/svs_core/bg=6, 1742600065061
Received update: /ndn/ee-site/ee/svs_core/ee=6, 1742600065537
Received update: /ndn/pl-site/pl/svs_core/pl=6, 1742600065822
Received update: /ndn/hr-site/hr/svs_core/hr=6, 1742600067169
Received update: /ndn/by-site/by/svs_core/by=6, 1742600068048
Received update: /ndn/is-site/is/svs_core/is=6, 1742600068198
Received update: /ndn/lv-site/lv/svs_core/lv=6, 1742600069177
Received update: /ndn/lt-site/lt/svs_core/lt=6, 1742600070432
Received update: /ndn/ro-site/ro/svs_core/ro=6, 1742600071775
Sending Sync interest
Max suppression time updated to: 462
Received update: /ndn/es-site/es/svs_core/es=6, 1742600073058
Received update: /ndn/rs-site/rs/svs_core/rs=6, 1742600073289
Received update: /ndn/nl-site/nl/svs_core/nl=6, 1742600074499
Received update: /ndn/mk-site/mk/svs_core/mk=6, 1742600074516
Received update: /ndn/sk-site/sk/svs_core/sk=6, 1742600074541
Received update: /ndn/tr-site/tr/svs_core/tr=6, 1742600074541
Received update: /ndn/lu-site/lu/svs_core/lu=6, 1742600077912
Published sequence number: /ndn/pt-site/pt/svs_core/pt=6, 1742600078783
Sending Sync interest
Max suppression time updated to: 489
Received update: /ndn/ge-site/ge/svs_core/ge=6, 1742600079834
Received update: /ndn/mt-site/mt/svs_core/mt=6, 1742600079834
Received update: /ndn/it-site/it/svs_core/it=6, 1742600081978
Received update: /ndn/si-site/si/svs_core/si=6, 1742600082867
Received update: /ndn/be-site/be/svs_core/be=6, 1742600084018
Sending Sync interest
Max suppression time updated to: 492
Received update: /ndn/cy-site/cy/svs_core/cy=6, 1742600084866
Received update: /ndn/uk-site/uk/svs_core/uk=6, 1742600084866
Received update: /ndn/al-site/al/svs_core/al=6, 1742600085039
Received update: /ndn/at-site/at/svs_core/at=6, 1742600085039
Max suppression time updated to: 483
Max suppression time updated to: 495
Received update: /ndn/de2-site/de2/svs_core/de2=6, 1742600088683
Received update: /ndn/dk-site/dk/svs_core/dk=6, 1742600092668
Received update: /ndn/ie-site/ie/svs_core/ie=6, 1742600093661
Received update: /ndn/cz-site/cz/svs_core/cz=6, 1742600094060
Received update: /ndn/az-site/az/svs_core/az=6, 1742600094158
Received update: /ndn/il-site/il/svs_core/il=6, 1742600094445
Received update: /ndn/fr2-site/fr2/svs_core/fr2=6, 1742600094511
Received update: /ndn/hu-site/hu/svs_core/hu=6, 1742600095092
Received update: /ndn/me-site/me/svs_core/me=6, 1742600095678
Received update: /ndn/md-site/md/svs_core/md=6, 1742600096345
Received update: /ndn/de1-site/de1/svs_core/de1=6, 1742600096382
Received update: /ndn/fr1-site/fr1/svs_core/fr1=6, 1742600096382
Received update: /ndn/no-site/no/svs_core/no=6, 1742600099269
Received update: /ndn/gr-site/gr/svs_core/gr=6, 1742600100157
Received update: /ndn/ee-site/ee/svs_core/ee=7, 1742600105505
Received update: /ndn/bg-site/bg/svs_core/bg=7, 1742600105776
Received update: /ndn/ch-site/ch/svs_core/ch=7, 1742600106718
Received update: /ndn/ua-site/ua/svs_core/ua=6, 1742600106718
Received update: /ndn/am-site/am/svs_core/am=6, 1742600112241
Received update: /ndn/fi-site/fi/svs_core/fi=6, 1742600112241
Received update: /ndn/lv-site/lv/svs_core/lv=7, 1742600112241
Received update: /ndn/pl-site/pl/svs_core/pl=7, 1742600112241
Received update: /ndn/se-site/se/svs_core/se=7, 1742600112852
Received update: /ndn/hr-site/hr/svs_core/hr=7, 1742600113554
Received update: /ndn/is-site/is/svs_core/is=7, 1742600113554
Received update: /ndn/lt-site/lt/svs_core/lt=7, 1742600113554
Received update: /ndn/ro-site/ro/svs_core/ro=7, 1742600116835
Received update: /ndn/by-site/by/svs_core/by=7, 1742600117855
Received update: /ndn/sk-site/sk/svs_core/sk=7, 1742600117855
Received update: /ndn/es-site/es/svs_core/es=7, 1742600118209
Received update: /ndn/tr-site/tr/svs_core/tr=7, 1742600119025
Received update: /ndn/rs-site/rs/svs_core/rs=7, 1742600119367
Received update: /ndn/lu-site/lu/svs_core/lu=7, 1742600122913
Received update: /ndn/mt-site/mt/svs_core/mt=7, 1742600123184
Received update: /ndn/nl-site/nl/svs_core/nl=7, 1742600123431
Published sequence number: /ndn/pt-site/pt/svs_core/pt=7, 1742600123788
Sending Sync interest
Received update: /ndn/mk-site/mk/svs_core/mk=7, 1742600124162
Received update: /ndn/ge-site/ge/svs_core/ge=7, 1742600124420
Received update: /ndn/it-site/it/svs_core/it=7, 1742600127068
Received update: /ndn/cy-site/cy/svs_core/cy=7, 1742600128051
Received update: /ndn/al-site/al/svs_core/al=7, 1742600128093
Received update: /ndn/at-site/at/svs_core/at=7, 1742600128299
Received update: /ndn/si-site/si/svs_core/si=7, 1742600128956
Received update: /ndn/be-site/be/svs_core/be=7, 1742600129255
Received update: /ndn/uk-site/uk/svs_core/uk=7, 1742600129255
Received update: /ndn/de2-site/de2/svs_core/de2=7, 1742600133693
Received update: /ndn/il-site/il/svs_core/il=7, 1742600138540
Received update: /ndn/dk-site/dk/svs_core/dk=7, 1742600139036
Received update: /ndn/cz-site/cz/svs_core/cz=7, 1742600139068
Received update: /ndn/me-site/me/svs_core/me=7, 1742600139424
Received update: /ndn/fr2-site/fr2/svs_core/fr2=7, 1742600139595
Received update: /ndn/hu-site/hu/svs_core/hu=7, 1742600140497
Received update: /ndn/md-site/md/svs_core/md=7, 1742600140497
Received update: /ndn/ie-site/ie/svs_core/ie=7, 1742600140778
Received update: /ndn/de1-site/de1/svs_core/de1=7, 1742600141175
Received update: /ndn/az-site/az/svs_core/az=7, 1742600141382
Received update: /ndn/fr1-site/fr1/svs_core/fr1=7, 1742600141382
Received update: /ndn/gr-site/gr/svs_core/gr=7, 1742600145289
Received update: /ndn/no-site/no/svs_core/no=7, 1742600146069
Received update: /ndn/am-site/am/svs_core/am=7, 1742600148018
Received update: /ndn/ua-site/ua/svs_core/ua=7, 1742600148782
Received update: /ndn/bg-site/bg/svs_core/bg=8, 1742600149316
Received update: /ndn/ch-site/ch/svs_core/ch=8, 1742600150667
Received update: /ndn/fi-site/fi/svs_core/fi=7, 1742600157776
Received update: /ndn/hr-site/hr/svs_core/hr=8, 1742600157776
Received update: /ndn/ee-site/ee/svs_core/ee=8, 1742600158062
Received update: /ndn/lt-site/lt/svs_core/lt=8, 1742600158062
Received update: /ndn/lv-site/lv/svs_core/lv=8, 1742600158062
Received update: /ndn/pl-site/pl/svs_core/pl=8, 1742600158062
Received update: /ndn/se-site/se/svs_core/se=8, 1742600158439
Received update: /ndn/is-site/is/svs_core/is=8, 1742600158441
Received update: /ndn/by-site/by/svs_core/by=8, 1742600159745
Received update: /ndn/ro-site/ro/svs_core/ro=8, 1742600162771
Received update: /ndn/tr-site/tr/svs_core/tr=8, 1742600162771
Received update: /ndn/sk-site/sk/svs_core/sk=8, 1742600162873
Received update: /ndn/rs-site/rs/svs_core/rs=8, 1742600163277
Received update: /ndn/es-site/es/svs_core/es=8, 1742600163434
Received update: /ndn/nl-site/nl/svs_core/nl=8, 1742600164423
Received update: /ndn/mk-site/mk/svs_core/mk=8, 1742600164517
Received update: /ndn/lu-site/lu/svs_core/lu=8, 1742600168274
Published sequence number: /ndn/pt-site/pt/svs_core/pt=8, 1742600168792
Sending Sync interest
Received update: /ndn/ge-site/ge/svs_core/ge=8, 1742600169465
Received update: /ndn/mt-site/mt/svs_core/mt=8, 1742600170376
Received update: /ndn/it-site/it/svs_core/it=8, 1742600171952
Received update: /ndn/si-site/si/svs_core/si=8, 1742600173112
Received update: /ndn/al-site/al/svs_core/al=8, 1742600173124
Received update: /ndn/cy-site/cy/svs_core/cy=8, 1742600175199
Received update: /ndn/at-site/at/svs_core/at=8, 1742600175256
Received update: /ndn/be-site/be/svs_core/be=8, 1742600175256
Received update: /ndn/uk-site/uk/svs_core/uk=8, 1742600175256
Received update: /ndn/de2-site/de2/svs_core/de2=8, 1742600178693
Received update: /ndn/dk-site/dk/svs_core/dk=8, 1742600183376
Received update: /ndn/il-site/il/svs_core/il=8, 1742600183376
Received update: /ndn/md-site/md/svs_core/md=8, 1742600183376
Received update: /ndn/ie-site/ie/svs_core/ie=8, 1742600183667
Received update: /ndn/fr2-site/fr2/svs_core/fr2=8, 1742600184530
Received update: /ndn/cz-site/cz/svs_core/cz=8, 1742600184749
Received update: /ndn/hu-site/hu/svs_core/hu=8, 1742600184749
Received update: /ndn/me-site/me/svs_core/me=8, 1742600184749
Received update: /ndn/az-site/az/svs_core/az=8, 1742600185338
Received update: /ndn/de1-site/de1/svs_core/de1=8, 1742600186143
Received update: /ndn/fr1-site/fr1/svs_core/fr1=8, 1742600186611
Received update: /ndn/no-site/no/svs_core/no=8, 1742600189231
Received update: /ndn/gr-site/gr/svs_core/gr=8, 1742600190205
Sending Sync interest
Received update: /ndn/am-site/am/svs_core/am=8, 1742600193028
Received update: /ndn/ua-site/ua/svs_core/ua=8, 1742600193793
Received update: /ndn/fi-site/fi/svs_core/fi=8, 1742600194018
Received update: /ndn/bg-site/bg/svs_core/bg=9, 1742600194272
Received update: /ndn/se-site/se/svs_core/se=9, 1742600198527
Received update: /ndn/ee-site/ee/svs_core/ee=9, 1742600198867
Received update: /ndn/ch-site/ch/svs_core/ch=9, 1742600199040
Received update: /ndn/hr-site/hr/svs_core/hr=9, 1742600202208
Received update: /ndn/pl-site/pl/svs_core/pl=9, 1742600202208
Received update: /ndn/is-site/is/svs_core/is=9, 1742600203027
Sending Sync interest
Received update: /ndn/lt-site/lt/svs_core/lt=9, 1742600204051
Received update: /ndn/ro-site/ro/svs_core/ro=9, 1742600206752
Received update: /ndn/by-site/by/svs_core/by=9, 1742600207702
Received update: /ndn/tr-site/tr/svs_core/tr=9, 1742600207770
Received update: /ndn/sk-site/sk/svs_core/sk=9, 1742600207867
Received update: /ndn/es-site/es/svs_core/es=9, 1742600208300
Received update: /ndn/rs-site/rs/svs_core/rs=9, 1742600208383
Received update: /ndn/lu-site/lu/svs_core/lu=9, 1742600213575
Received update: /ndn/mk-site/mk/svs_core/mk=9, 1742600213575
Received update: /ndn/nl-site/nl/svs_core/nl=9, 1742600213575
Published sequence number: /ndn/pt-site/pt/svs_core/pt=9, 1742600213795
Sending Sync interest
Received update: /ndn/ge-site/ge/svs_core/ge=9, 1742600217037
Received update: /ndn/it-site/it/svs_core/it=9, 1742600217037
Received update: /ndn/mt-site/mt/svs_core/mt=9, 1742600217570
Received update: /ndn/cy-site/cy/svs_core/cy=9, 1742600218055
Received update: /ndn/lv-site/lv/svs_core/lv=9, 1742600218185
Received update: /ndn/at-site/at/svs_core/at=9, 1742600218349
Received update: /ndn/be-site/be/svs_core/be=9, 1742600219080
Sending Sync interest
Received update: /ndn/uk-site/uk/svs_core/uk=9, 1742600219487
Max suppression time updated to: 507
Received update: /ndn/si-site/si/svs_core/si=9, 1742600220045
Max suppression time updated to: 516
Received update: /ndn/al-site/al/svs_core/al=9, 1742600220263
Received update: /ndn/de2-site/de2/svs_core/de2=9, 1742600223708
Received update: /ndn/dk-site/dk/svs_core/dk=9, 1742600228376
Received update: /ndn/il-site/il/svs_core/il=9, 1742600228376
Received update: /ndn/hu-site/hu/svs_core/hu=9, 1742600229754
Received update: /ndn/cz-site/cz/svs_core/cz=9, 1742600230218
Received update: /ndn/fr2-site/fr2/svs_core/fr2=9, 1742600230788
Received update: /ndn/md-site/md/svs_core/md=9, 1742600231347
Received update: /ndn/me-site/me/svs_core/me=9, 1742600231347
Received update: /ndn/de1-site/de1/svs_core/de1=9, 1742600231477
Received update: /ndn/fr1-site/fr1/svs_core/fr1=9, 1742600231477
Received update: /ndn/gr-site/gr/svs_core/gr=9, 1742600235209
Received update: /ndn/no-site/no/svs_core/no=9, 1742600235920
Received update: /ndn/am-site/am/svs_core/am=9, 1742600238152
Received update: /ndn/ua-site/ua/svs_core/ua=9, 1742600238746
Received update: /ndn/ie-site/ie/svs_core/ie=9, 1742600238786
Received update: /ndn/fi-site/fi/svs_core/fi=9, 1742600239105
Received update: /ndn/bg-site/bg/svs_core/bg=10, 1742600239369
Received update: /ndn/az-site/az/svs_core/az=9, 1742600239533
Received update: /ndn/ee-site/ee/svs_core/ee=10, 1742600240513
Received update: /ndn/ch-site/ch/svs_core/ch=10, 1742600240749
Received update: /ndn/pl-site/pl/svs_core/pl=10, 1742600245893
Received update: /ndn/lv-site/lv/svs_core/lv=10, 1742600247210
Received update: /ndn/se-site/se/svs_core/se=10, 1742600247210
Received update: /ndn/hr-site/hr/svs_core/hr=10, 1742600247555
Received update: /ndn/lt-site/lt/svs_core/lt=10, 1742600247555
Received update: /ndn/by-site/by/svs_core/by=10, 1742600248303
Received update: /ndn/es-site/es/svs_core/es=10, 1742600251891
Received update: /ndn/is-site/is/svs_core/is=10, 1742600252189
Received update: /ndn/ro-site/ro/svs_core/ro=10, 1742600252189
Received update: /ndn/rs-site/rs/svs_core/rs=10, 1742600253556
Received update: /ndn/sk-site/sk/svs_core/sk=10, 1742600253556
Received update: /ndn/tr-site/tr/svs_core/tr=10, 1742600253556
Received update: /ndn/nl-site/nl/svs_core/nl=10, 1742600254515
Received update: /ndn/mk-site/mk/svs_core/mk=10, 1742600254569
Received update: /ndn/lu-site/lu/svs_core/lu=10, 1742600257925
Published sequence number: /ndn/pt-site/pt/svs_core/pt=10, 1742600258797
Sending Sync interest
Received update: /ndn/ge-site/ge/svs_core/ge=10, 1742600259398
Received update: /ndn/it-site/it/svs_core/it=10, 1742600261954
Received update: /ndn/al-site/al/svs_core/al=10, 1742600263097
Received update: /ndn/cy-site/cy/svs_core/cy=10, 1742600263144
Received update: /ndn/mt-site/mt/svs_core/mt=10, 1742600263144
Received update: /ndn/si-site/si/svs_core/si=10, 1742600263144
Received update: /ndn/at-site/at/svs_core/at=10, 1742600263312
Received update: /ndn/be-site/be/svs_core/be=10, 1742600264035
Received update: /ndn/de2-site/de2/svs_core/de2=10, 1742600268697
Received update: /ndn/uk-site/uk/svs_core/uk=10, 1742600269093
Received update: /ndn/md-site/md/svs_core/md=10, 1742600273200
Received update: /ndn/dk-site/dk/svs_core/dk=10, 1742600273370
Received update: /ndn/il-site/il/svs_core/il=10, 1742600273374
Received update: /ndn/ie-site/ie/svs_core/ie=10, 1742600273672
Received update: /ndn/az-site/az/svs_core/az=10, 1742600274749
Received update: /ndn/cz-site/cz/svs_core/cz=10, 1742600274749
Received update: /ndn/hu-site/hu/svs_core/hu=10, 1742600274749
Received update: /ndn/me-site/me/svs_core/me=10, 1742600274749
Received update: /ndn/de1-site/de1/svs_core/de1=10, 1742600276154
Received update: /ndn/fr2-site/fr2/svs_core/fr2=10, 1742600276154
Received update: /ndn/fr1-site/fr1/svs_core/fr1=10, 1742600277402
Received update: /ndn/no-site/no/svs_core/no=10, 1742600279281
Received update: /ndn/gr-site/gr/svs_core/gr=10, 1742600283759
Received update: /ndn/ua-site/ua/svs_core/ua=10, 1742600283759
Received update: /ndn/bg-site/bg/svs_core/bg=11, 1742600284376
Received update: /ndn/am-site/am/svs_core/am=10, 1742600284448
Received update: /ndn/ee-site/ee/svs_core/ee=11, 1742600285942
Received update: /ndn/ch-site/ch/svs_core/ch=11, 1742600286743
Received update: /ndn/fi-site/fi/svs_core/fi=10, 1742600286743
Received update: /ndn/pl-site/pl/svs_core/pl=11, 1742600290853
Received update: /ndn/lt-site/lt/svs_core/lt=11, 1742600292824
Received update: /ndn/lv-site/lv/svs_core/lv=11, 1742600292975
Received update: /ndn/is-site/is/svs_core/is=11, 1742600293025
Received update: /ndn/by-site/by/svs_core/by=11, 1742600293050
Received update: /ndn/hr-site/hr/svs_core/hr=11, 1742600293484
Received update: /ndn/ro-site/ro/svs_core/ro=11, 1742600296803
Received update: /ndn/tr-site/tr/svs_core/tr=11, 1742600297859
Received update: /ndn/sk-site/sk/svs_core/sk=11, 1742600297872
Received update: /ndn/es-site/es/svs_core/es=11, 1742600298445
Received update: /ndn/rs-site/rs/svs_core/rs=11, 1742600298445
Received update: /ndn/se-site/se/svs_core/se=11, 1742600299335
Received update: /ndn/lu-site/lu/svs_core/lu=11, 1742600303017
Received update: /ndn/mk-site/mk/svs_core/mk=11, 1742600303017
Received update: /ndn/nl-site/nl/svs_core/nl=11, 1742600303017
Published sequence number: /ndn/pt-site/pt/svs_core/pt=11, 1742600303799
Sending Sync interest
Received update: /ndn/ge-site/ge/svs_core/ge=11, 1742600304484
Received update: /ndn/it-site/it/svs_core/it=11, 1742600307833
Received update: /ndn/mt-site/mt/svs_core/mt=11, 1742600307833
Received update: /ndn/si-site/si/svs_core/si=11, 1742600307833
Received update: /ndn/al-site/al/svs_core/al=11, 1742600309042
Received update: /ndn/at-site/at/svs_core/at=11, 1742600309042
Received update: /ndn/be-site/be/svs_core/be=11, 1742600309042
Received update: /ndn/cy-site/cy/svs_core/cy=11, 1742600309042
Received update: /ndn/uk-site/uk/svs_core/uk=11, 1742600309268
Received update: /ndn/de2-site/de2/svs_core/de2=11, 1742600313745
Received update: /ndn/dk-site/dk/svs_core/dk=11, 1742600317737
Received update: /ndn/il-site/il/svs_core/il=11, 1742600318468
Received update: /ndn/ie-site/ie/svs_core/ie=11, 1742600318677
Received update: /ndn/az-site/az/svs_core/az=11, 1742600319164
Received update: /ndn/cz-site/cz/svs_core/cz=11, 1742600319164
Received update: /ndn/fr2-site/fr2/svs_core/fr2=11, 1742600319616
Received update: /ndn/md-site/md/svs_core/md=11, 1742600319793
Received update: /ndn/hu-site/hu/svs_core/hu=11, 1742600319836
Received update: /ndn/me-site/me/svs_core/me=11, 1742600320574
Received update: /ndn/de1-site/de1/svs_core/de1=11, 1742600321403
Received update: /ndn/fr1-site/fr1/svs_core/fr1=11, 1742600321403
Received update: /ndn/no-site/no/svs_core/no=11, 1742600324363
Sending Sync interest
Received update: /ndn/am-site/am/svs_core/am=11, 1742600329297
Received update: /ndn/bg-site/bg/svs_core/bg=12, 1742600329297
Received update: /ndn/fi-site/fi/svs_core/fi=11, 1742600329401
Received update: /ndn/gr-site/gr/svs_core/gr=11, 1742600329703
Received update: /ndn/ua-site/ua/svs_core/ua=11, 1742600329821
Received update: /ndn/ch-site/ch/svs_core/ch=12, 1742600330668
Received update: /ndn/ee-site/ee/svs_core/ee=12, 1742600331664
Received update: /ndn/pl-site/pl/svs_core/pl=12, 1742600335903
Received update: /ndn/se-site/se/svs_core/se=12, 1742600335903
Received update: /ndn/hr-site/hr/svs_core/hr=12, 1742600337192
Received update: /ndn/lv-site/lv/svs_core/lv=12, 1742600337253
Received update: /ndn/is-site/is/svs_core/is=12, 1742600338157
Received update: /ndn/by-site/by/svs_core/by=12, 1742600338699
Received update: /ndn/lt-site/lt/svs_core/lt=12, 1742600339523
Received update: /ndn/es-site/es/svs_core/es=12, 1742600341899
Received update: /ndn/tr-site/tr/svs_core/tr=12, 1742600342831
Sending Sync interest
Max suppression time updated to: 522
Received update: /ndn/sk-site/sk/svs_core/sk=12, 1742600343961
Received update: /ndn/nl-site/nl/svs_core/nl=12, 1742600344430
Received update: /ndn/mk-site/mk/svs_core/mk=12, 1742600344590
Received update: /ndn/rs-site/rs/svs_core/rs=12, 1742600344818
Received update: /ndn/ro-site/ro/svs_core/ro=12, 1742600345410
Published sequence number: /ndn/pt-site/pt/svs_core/pt=12, 1742600348802
Sending Sync interest
Max suppression time updated to: 522
Received update: /ndn/lu-site/lu/svs_core/lu=12, 1742600349526
Max suppression time updated to: 528
Max suppression time updated to: 534
Received update: /ndn/mt-site/mt/svs_core/mt=12, 1742600349997
Received update: /ndn/al-site/al/svs_core/al=12, 1742600353097
Received update: /ndn/it-site/it/svs_core/it=12, 1742600353097
Received update: /ndn/at-site/at/svs_core/at=12, 1742600353357
Received update: /ndn/cy-site/cy/svs_core/cy=12, 1742600353357
Received update: /ndn/si-site/si/svs_core/si=12, 1742600353703
Received update: /ndn/ge-site/ge/svs_core/ge=12, 1742600353832
Received update: /ndn/be-site/be/svs_core/be=12, 1742600359469
Received update: /ndn/uk-site/uk/svs_core/uk=12, 1742600359469
Received update: /ndn/de2-site/de2/svs_core/de2=12, 1742600359469
Received update: /ndn/dk-site/dk/svs_core/dk=12, 1742600362690
Received update: /ndn/md-site/md/svs_core/md=12, 1742600362774
Received update: /ndn/il-site/il/svs_core/il=12, 1742600363511
Received update: /ndn/cz-site/cz/svs_core/cz=12, 1742600364569
Received update: /ndn/me-site/me/svs_core/me=12, 1742600364569
Received update: /ndn/hu-site/hu/svs_core/hu=12, 1742600364757
Received update: /ndn/az-site/az/svs_core/az=12, 1742600365115
Received update: /ndn/ie-site/ie/svs_core/ie=12, 1742600365624
Received update: /ndn/fr2-site/fr2/svs_core/fr2=12, 1742600365939
Received update: /ndn/de1-site/de1/svs_core/de1=12, 1742600366201
Received update: /ndn/fr1-site/fr1/svs_core/fr1=12, 1742600366406
Received update: /ndn/no-site/no/svs_core/no=12, 1742600369329
Sending Sync interest
Received update: /ndn/fi-site/fi/svs_core/fi=12, 1742600374713
Received update: /ndn/gr-site/gr/svs_core/gr=12, 1742600374713
Received update: /ndn/bg-site/bg/svs_core/bg=13, 1742600374864
Received update: /ndn/ua-site/ua/svs_core/ua=12, 1742600375190
Received update: /ndn/am-site/am/svs_core/am=12, 1742600375445
Received update: /ndn/ch-site/ch/svs_core/ch=13, 1742600375713
Received update: /ndn/ee-site/ee/svs_core/ee=13, 1742600375713
Received update: /ndn/se-site/se/svs_core/se=13, 1742600378553
Received update: /ndn/pl-site/pl/svs_core/pl=13, 1742600380908
Received update: /ndn/lv-site/lv/svs_core/lv=13, 1742600382177
Received update: /ndn/es-site/es/svs_core/es=13, 1742600386907
Received update: /ndn/hr-site/hr/svs_core/hr=13, 1742600386907
Received update: /ndn/tr-site/tr/svs_core/tr=13, 1742600387827
Received update: /ndn/is-site/is/svs_core/is=13, 1742600388344
Received update: /ndn/lt-site/lt/svs_core/lt=13, 1742600388678
Received update: /ndn/ro-site/ro/svs_core/ro=13, 1742600388678
Received update: /ndn/rs-site/rs/svs_core/rs=13, 1742600388678
Received update: /ndn/by-site/by/svs_core/by=13, 1742600389035
Received update: /ndn/mk-site/mk/svs_core/mk=13, 1742600389637
Received update: /ndn/sk-site/sk/svs_core/sk=13, 1742600389945
Received update: /ndn/lu-site/lu/svs_core/lu=13, 1742600392936
Published sequence number: /ndn/pt-site/pt/svs_core/pt=13, 1742600393808
Sending Sync interest
Received update: /ndn/mt-site/mt/svs_core/mt=13, 1742600394121
Received update: /ndn/nl-site/nl/svs_core/nl=13, 1742600394121
Max suppression time updated to: 537
Received update: /ndn/ge-site/ge/svs_core/ge=13, 1742600395454
Received update: /ndn/it-site/it/svs_core/it=13, 1742600397871
Received update: /ndn/si-site/si/svs_core/si=13, 1742600397871
Received update: /ndn/cy-site/cy/svs_core/cy=13, 1742600398295
Received update: /ndn/al-site/al/svs_core/al=13, 1742600398405
Received update: /ndn/at-site/at/svs_core/at=13, 1742600398405
Received update: /ndn/be-site/be/svs_core/be=13, 1742600399045
Received update: /ndn/uk-site/uk/svs_core/uk=13, 1742600404153
Received update: /ndn/de2-site/de2/svs_core/de2=13, 1742600404153
Received update: /ndn/dk-site/dk/svs_core/dk=13, 1742600407708
Received update: /ndn/md-site/md/svs_core/md=13, 1742600407831
Received update: /ndn/cz-site/cz/svs_core/cz=13, 1742600409087
Received update: /ndn/az-site/az/svs_core/az=13, 1742600409567
Received update: /ndn/me-site/me/svs_core/me=13, 1742600409567
Received update: /ndn/hu-site/hu/svs_core/hu=13, 1742600409793
Received update: /ndn/fr2-site/fr2/svs_core/fr2=13, 1742600409793
Received update: /ndn/il-site/il/svs_core/il=13, 1742600410233
Received update: /ndn/no-site/no/svs_core/no=13, 1742600414244
Received update: /ndn/ie-site/ie/svs_core/ie=13, 1742600414446
Received update: /ndn/de1-site/de1/svs_core/de1=13, 1742600414446
Received update: /ndn/fr1-site/fr1/svs_core/fr1=13, 1742600414882
Received update: /ndn/gr-site/gr/svs_core/gr=13, 1742600415228
Received update: /ndn/bg-site/bg/svs_core/bg=14, 1742600419308
Received update: /ndn/ee-site/ee/svs_core/ee=14, 1742600420501
Received update: /ndn/ch-site/ch/svs_core/ch=14, 1742600423559
Received update: /ndn/se-site/se/svs_core/se=14, 1742600423559
Received update: /ndn/ua-site/ua/svs_core/ua=13, 1742600424323
Received update: /ndn/am-site/am/svs_core/am=13, 1742600424343
Received update: /ndn/fi-site/fi/svs_core/fi=13, 1742600425281
Received update: /ndn/pl-site/pl/svs_core/pl=14, 1742600425858
Received update: /ndn/lv-site/lv/svs_core/lv=14, 1742600427480
Received update: /ndn/by-site/by/svs_core/by=14, 1742600427981
Received update: /ndn/lt-site/lt/svs_core/lt=14, 1742600428351
Received update: /ndn/hr-site/hr/svs_core/hr=14, 1742600428404
Received update: /ndn/is-site/is/svs_core/is=14, 1742600428669
Received update: /ndn/es-site/es/svs_core/es=14, 1742600431908
Received update: /ndn/ro-site/ro/svs_core/ro=14, 1742600431908
Received update: /ndn/sk-site/sk/svs_core/sk=14, 1742600432985
Received update: /ndn/rs-site/rs/svs_core/rs=14, 1742600433327
Received update: /ndn/tr-site/tr/svs_core/tr=14, 1742600434163
Received update: /ndn/nl-site/nl/svs_core/nl=14, 1742600434530
Received update: /ndn/lu-site/lu/svs_core/lu=14, 1742600437980
Published sequence number: /ndn/pt-site/pt/svs_core/pt=14, 1742600438810
Sending Sync interest
Received update: /ndn/ge-site/ge/svs_core/ge=14, 1742600439449
Received update: /ndn/mk-site/mk/svs_core/mk=14, 1742600439449
Received update: /ndn/mt-site/mt/svs_core/mt=14, 1742600442890
Received update: /ndn/si-site/si/svs_core/si=14, 1742600442890
Received update: /ndn/cy-site/cy/svs_core/cy=14, 1742600443067
Received update: /ndn/at-site/at/svs_core/at=14, 1742600443846
Received update: /ndn/it-site/it/svs_core/it=14, 1742600443846
Received update: /ndn/be-site/be/svs_core/be=14, 1742600444179
Received update: /ndn/uk-site/uk/svs_core/uk=14, 1742600444282
Received update: /ndn/al-site/al/svs_core/al=14, 1742600445246
Received update: /ndn/de2-site/de2/svs_core/de2=14, 1742600448810
Received update: /ndn/dk-site/dk/svs_core/dk=14, 1742600452835
Received update: /ndn/cz-site/cz/svs_core/cz=14, 1742600454132
Received update: /ndn/az-site/az/svs_core/az=14, 1742600454298
Received update: /ndn/me-site/me/svs_core/me=14, 1742600454439
Received update: /ndn/il-site/il/svs_core/il=14, 1742600454529
Received update: /ndn/fr2-site/fr2/svs_core/fr2=14, 1742600454531
Received update: /ndn/hu-site/hu/svs_core/hu=14, 1742600454802
Received update: /ndn/ie-site/ie/svs_core/ie=14, 1742600454949
Received update: /ndn/de1-site/de1/svs_core/de1=14, 1742600456202
Received update: /ndn/fr1-site/fr1/svs_core/fr1=14, 1742600456636
Received update: /ndn/md-site/md/svs_core/md=14, 1742600457144
Received update: /ndn/no-site/no/svs_core/no=14, 1742600459338
Received update: /ndn/gr-site/gr/svs_core/gr=14, 1742600460312
Received update: /ndn/am-site/am/svs_core/am=14, 1742600463044
Received update: /ndn/bg-site/bg/svs_core/bg=15, 1742600466664
Received update: /ndn/ch-site/ch/svs_core/ch=15, 1742600466664
Received update: /ndn/fi-site/fi/svs_core/fi=14, 1742600466664
Received update: /ndn/ee-site/ee/svs_core/ee=15, 1742600467362
Received update: /ndn/hr-site/hr/svs_core/hr=15, 1742600472190
Received update: /ndn/lv-site/lv/svs_core/lv=15, 1742600472269
Received update: /ndn/by-site/by/svs_core/by=15, 1742600472983
Received update: /ndn/pl-site/pl/svs_core/pl=15, 1742600472983
Received update: /ndn/es-site/es/svs_core/es=15, 1742600476917
Received update: /ndn/is-site/is/svs_core/is=15, 1742600477631
Received update: /ndn/se-site/se/svs_core/se=15, 1742600477631
Received update: /ndn/lt-site/lt/svs_core/lt=15, 1742600477908
Received update: /ndn/ro-site/ro/svs_core/ro=15, 1742600477908
Received update: /ndn/tr-site/tr/svs_core/tr=15, 1742600477908
Received update: /ndn/rs-site/rs/svs_core/rs=15, 1742600478245
Received update: /ndn/sk-site/sk/svs_core/sk=15, 1742600478459
Received update: /ndn/ua-site/ua/svs_core/ua=14, 1742600478537
Received update: /ndn/nl-site/nl/svs_core/nl=15, 1742600479534
Received update: /ndn/mk-site/mk/svs_core/mk=15, 1742600479681
Received update: /ndn/mt-site/mt/svs_core/mt=15, 1742600483248
Received update: /ndn/lu-site/lu/svs_core/lu=15, 1742600483694
Published sequence number: /ndn/pt-site/pt/svs_core/pt=15, 1742600483811
Received update: /ndn/ge-site/ge/svs_core/ge=15, 1742600484454
Sending Sync interest
Received update: /ndn/it-site/it/svs_core/it=15, 1742600487029
Sending Sync interest
Received update: /ndn/cy-site/cy/svs_core/cy=15, 1742600488157
Received update: /ndn/si-site/si/svs_core/si=15, 1742600488157
Received update: /ndn/al-site/al/svs_core/al=15, 1742600488683
Received update: /ndn/at-site/at/svs_core/at=15, 1742600489124
Received update: /ndn/be-site/be/svs_core/be=15, 1742600493808
Received update: /ndn/de2-site/de2/svs_core/de2=15, 1742600493808
Received update: /ndn/uk-site/uk/svs_core/uk=15, 1742600494112
Received update: /ndn/il-site/il/svs_core/il=15, 1742600498528
Received update: /ndn/dk-site/dk/svs_core/dk=15, 1742600499125
Received update: /ndn/cz-site/cz/svs_core/cz=15, 1742600499797
Received update: /ndn/hu-site/hu/svs_core/hu=15, 1742600499797
Received update: /ndn/fr2-site/fr2/svs_core/fr2=15, 1742600499797
Received update: /ndn/az-site/az/svs_core/az=15, 1742600500294
Received update: /ndn/ie-site/ie/svs_core/ie=15, 1742600500294
Received update: /ndn/de1-site/de1/svs_core/de1=15, 1742600501225
Received update: /ndn/fr1-site/fr1/svs_core/fr1=15, 1742600501419
Received update: /ndn/me-site/me/svs_core/me=15, 1742600502001
Sending Sync interest
Received update: /ndn/no-site/no/svs_core/no=15, 1742600504255
Received update: /ndn/gr-site/gr/svs_core/gr=15, 1742600505329
Sending Sync interest
Received update: /ndn/am-site/am/svs_core/am=15, 1742600508038
Received update: /ndn/ch-site/ch/svs_core/ch=16, 1742600510689
Received update: /ndn/bg-site/bg/svs_core/bg=16, 1742600511256
Received update: /ndn/ua-site/ua/svs_core/ua=15, 1742600511773
Received update: /ndn/fi-site/fi/svs_core/fi=15, 1742600513772
Received update: /ndn/se-site/se/svs_core/se=16, 1742600513772
Received update: /ndn/md-site/md/svs_core/md=15, 1742600514014
Received update: /ndn/ee-site/ee/svs_core/ee=16, 1742600514291
Received update: /ndn/pl-site/pl/svs_core/pl=16, 1742600515882
Received update: /ndn/hr-site/hr/svs_core/hr=16, 1742600517204
Received update: /ndn/by-site/by/svs_core/by=16, 1742600518028
Received update: /ndn/lt-site/lt/svs_core/lt=16, 1742600518344
Received update: /ndn/lv-site/lv/svs_core/lv=16, 1742600518344
Received update: /ndn/is-site/is/svs_core/is=16, 1742600518928
Received update: /ndn/ro-site/ro/svs_core/ro=16, 1742600521869
Received update: /ndn/es-site/es/svs_core/es=16, 1742600521915
Sending Sync interest
Received update: /ndn/sk-site/sk/svs_core/sk=16, 1742600522929
Received update: /ndn/rs-site/rs/svs_core/rs=16, 1742600523305
Received update: /ndn/tr-site/tr/svs_core/tr=16, 1742600523390
Received update: /ndn/nl-site/nl/svs_core/nl=16, 1742600524627
Received update: /ndn/lu-site/lu/svs_core/lu=16, 1742600528032
Received update: /ndn/mk-site/mk/svs_core/mk=16, 1742600528032
Published sequence number: /ndn/pt-site/pt/svs_core/pt=16, 1742600528813
Sending Sync interest
Received update: /ndn/ge-site/ge/svs_core/ge=16, 1742600529585
Max suppression time updated to: 543
Received update: /ndn/mt-site/mt/svs_core/mt=16, 1742600529867
Received update: /ndn/it-site/it/svs_core/it=16, 1742600531944
Received update: /ndn/cy-site/cy/svs_core/cy=16, 1742600533066
Received update: /ndn/at-site/at/svs_core/at=16, 1742600533380
Received update: /ndn/si-site/si/svs_core/si=16, 1742600533571
Received update: /ndn/al-site/al/svs_core/al=16, 1742600534096
Received update: /ndn/be-site/be/svs_core/be=16, 1742600534288
Received update: /ndn/uk-site/uk/svs_core/uk=16, 1742600534288
Received update: /ndn/de2-site/de2/svs_core/de2=16, 1742600538734
Received update: /ndn/dk-site/dk/svs_core/dk=16, 1742600542712
Received update: /ndn/md-site/md/svs_core/md=16, 1742600543413
Received update: /ndn/cz-site/cz/svs_core/cz=16, 1742600544499
Received update: /ndn/ie-site/ie/svs_core/ie=16, 1742600544499
Received update: /ndn/me-site/me/svs_core/me=16, 1742600544499
Received update: /ndn/il-site/il/svs_core/il=16, 1742600544631
Received update: /ndn/hu-site/hu/svs_core/hu=16, 1742600544842
Received update: /ndn/az-site/az/svs_core/az=16, 1742600544937
Received update: /ndn/de1-site/de1/svs_core/de1=16, 1742600546549
Received update: /ndn/fr1-site/fr1/svs_core/fr1=16, 1742600546549
Received update: /ndn/no-site/no/svs_core/no=16, 1742600549389
Stopping SVS client: /ndn/pt-site/pt/svs_core/pt
