SVS client starting: /ndn/gr-site/gr/svs_core/gr
Sending Sync interest
Received update: /ndn/lu-site/lu/svs_core/lu=1, 1741736609162
Received update: /ndn/be-site/be/svs_core/be=1, 1741736609408
Received update: /ndn/ie-site/ie/svs_core/ie=1, 1741736611015
Received update: /ndn/am-site/am/svs_core/am=1, 1741736611270
Sending Sync interest
Received update: /ndn/no-site/no/svs_core/no=1, 1741736611723
Max suppression time updated to: 600
Max suppression time updated to: 600
Received update: /ndn/fr1-site/fr1/svs_core/fr1=1, 1741736613358
Received update: /ndn/tr-site/tr/svs_core/tr=1, 1741736613360
Received update: /ndn/at-site/at/svs_core/at=1, 1741736614134
Received update: /ndn/cz-site/cz/svs_core/cz=1, 1741736614798
Received update: /ndn/al-site/al/svs_core/al=1, 1741736616588
Received update: /ndn/lv-site/lv/svs_core/lv=1, 1741736617512
Received update: /ndn/it-site/it/svs_core/it=1, 1741736617870
Received update: /ndn/me-site/me/svs_core/me=1, 1741736619519
Received update: /ndn/hu-site/hu/svs_core/hu=1, 1741736619603
Received update: /ndn/ch-site/ch/svs_core/ch=1, 1741736619995
Received update: /ndn/pt-site/pt/svs_core/pt=1, 1741736620021
Received update: /ndn/rs-site/rs/svs_core/rs=1, 1741736620520
Received update: /ndn/fi-site/fi/svs_core/fi=1, 1741736621748
Received update: /ndn/lt-site/lt/svs_core/lt=1, 1741736623428
Received update: /ndn/mt-site/mt/svs_core/mt=1, 1741736624177
Received update: /ndn/by-site/by/svs_core/by=1, 1741736626341
Received update: /ndn/sk-site/sk/svs_core/sk=1, 1741736627132
Received update: /ndn/si-site/si/svs_core/si=1, 1741736627455
Received update: /ndn/hr-site/hr/svs_core/hr=1, 1741736630575
Received update: /ndn/nl-site/nl/svs_core/nl=1, 1741736630575
Received update: /ndn/fr2-site/fr2/svs_core/fr2=1, 1741736630709
Received update: /ndn/ge-site/ge/svs_core/ge=1, 1741736631695
Received update: /ndn/pl-site/pl/svs_core/pl=1, 1741736632794
Received update: /ndn/se-site/se/svs_core/se=1, 1741736633039
Published sequence number: /ndn/gr-site/gr/svs_core/gr=1, 1741736634083
Sending Sync interest
Received update: /ndn/is-site/is/svs_core/is=1, 1741736635278
Received update: /ndn/de1-site/de1/svs_core/de1=1, 1741736636013
Received update: /ndn/il-site/il/svs_core/il=1, 1741736638746
Received update: /ndn/uk-site/uk/svs_core/uk=1, 1741736641617
Received update: /ndn/md-site/md/svs_core/md=1, 1741736641959
Received update: /ndn/ee-site/ee/svs_core/ee=1, 1741736642133
Received update: /ndn/es-site/es/svs_core/es=1, 1741736646549
Received update: /ndn/ua-site/ua/svs_core/ua=1, 1741736646549
Received update: /ndn/cy-site/cy/svs_core/cy=1, 1741736649265
Received update: /ndn/de2-site/de2/svs_core/de2=1, 1741736649265
Received update: /ndn/ro-site/ro/svs_core/ro=1, 1741736649635
Received update: /ndn/bg-site/bg/svs_core/bg=1, 1741736652136
Received update: /ndn/mk-site/mk/svs_core/mk=1, 1741736652772
Received update: /ndn/az-site/az/svs_core/az=1, 1741736653119
Received update: /ndn/dk-site/dk/svs_core/dk=1, 1741736653119
Received update: /ndn/lu-site/lu/svs_core/lu=2, 1741736654246
Received update: /ndn/be-site/be/svs_core/be=2, 1741736656563
Received update: /ndn/no-site/no/svs_core/no=2, 1741736656563
Received update: /ndn/ie-site/ie/svs_core/ie=2, 1741736659141
Received update: /ndn/fr1-site/fr1/svs_core/fr1=2, 1741736659141
Received update: /ndn/at-site/at/svs_core/at=2, 1741736659188
Received update: /ndn/tr-site/tr/svs_core/tr=2, 1741736659527
Received update: /ndn/am-site/am/svs_core/am=2, 1741736659572
Received update: /ndn/al-site/al/svs_core/al=2, 1741736661588
Received update: /ndn/cz-site/cz/svs_core/cz=2, 1741736661892
Received update: /ndn/lv-site/lv/svs_core/lv=2, 1741736662496
Received update: /ndn/it-site/it/svs_core/it=2, 1741736662867
Received update: /ndn/hu-site/hu/svs_core/hu=2, 1741736664530
Received update: /ndn/ch-site/ch/svs_core/ch=2, 1741736665001
Received update: /ndn/me-site/me/svs_core/me=2, 1741736665416
Received update: /ndn/pt-site/pt/svs_core/pt=2, 1741736665613
Received update: /ndn/rs-site/rs/svs_core/rs=2, 1741736666587
Received update: /ndn/fi-site/fi/svs_core/fi=2, 1741736666931
Received update: /ndn/lt-site/lt/svs_core/lt=2, 1741736668638
Received update: /ndn/mt-site/mt/svs_core/mt=2, 1741736669234
Received update: /ndn/si-site/si/svs_core/si=2, 1741736672117
Received update: /ndn/by-site/by/svs_core/by=2, 1741736672158
Received update: /ndn/sk-site/sk/svs_core/sk=2, 1741736672338
Received update: /ndn/nl-site/nl/svs_core/nl=2, 1741736674138
Received update: /ndn/hr-site/hr/svs_core/hr=2, 1741736675623
Received update: /ndn/ge-site/ge/svs_core/ge=2, 1741736676757
Received update: /ndn/fr2-site/fr2/svs_core/fr2=2, 1741736676757
Received update: /ndn/pl-site/pl/svs_core/pl=2, 1741736677793
Received update: /ndn/se-site/se/svs_core/se=2, 1741736678617
Published sequence number: /ndn/gr-site/gr/svs_core/gr=2, 1741736679085
Sending Sync interest
Received update: /ndn/de1-site/de1/svs_core/de1=2, 1741736681075
Received update: /ndn/is-site/is/svs_core/is=2, 1741736681753
Received update: /ndn/md-site/md/svs_core/md=2, 1741736681753
Received update: /ndn/il-site/il/svs_core/il=2, 1741736683669
Received update: /ndn/uk-site/uk/svs_core/uk=2, 1741736686631
Received update: /ndn/ee-site/ee/svs_core/ee=2, 1741736687098
Received update: /ndn/es-site/es/svs_core/es=2, 1741736691480
Received update: /ndn/ua-site/ua/svs_core/ua=2, 1741736691480
Received update: /ndn/ro-site/ro/svs_core/ro=2, 1741736692087
Received update: /ndn/mk-site/mk/svs_core/mk=2, 1741736694257
Received update: /ndn/de2-site/de2/svs_core/de2=2, 1741736694258
Received update: /ndn/cy-site/cy/svs_core/cy=2, 1741736694777
Received update: /ndn/dk-site/dk/svs_core/dk=2, 1741736695399
Received update: /ndn/bg-site/bg/svs_core/bg=2, 1741736697132
Received update: /ndn/az-site/az/svs_core/az=2, 1741736697720
Received update: /ndn/lu-site/lu/svs_core/lu=3, 1741736699250
Received update: /ndn/ie-site/ie/svs_core/ie=3, 1741736700980
Received update: /ndn/be-site/be/svs_core/be=3, 1741736701182
Received update: /ndn/am-site/am/svs_core/am=3, 1741736701265
Received update: /ndn/no-site/no/svs_core/no=3, 1741736702220
Received update: /ndn/tr-site/tr/svs_core/tr=3, 1741736703418
Received update: /ndn/fr1-site/fr1/svs_core/fr1=3, 1741736703420
Received update: /ndn/at-site/at/svs_core/at=3, 1741736704767
Received update: /ndn/cz-site/cz/svs_core/cz=3, 1741736704767
Received update: /ndn/it-site/it/svs_core/it=3, 1741736707887
Received update: /ndn/lv-site/lv/svs_core/lv=3, 1741736708405
Received update: /ndn/al-site/al/svs_core/al=3, 1741736708992
Received update: /ndn/hu-site/hu/svs_core/hu=3, 1741736709638
Received update: /ndn/ch-site/ch/svs_core/ch=3, 1741736710062
Received update: /ndn/me-site/me/svs_core/me=3, 1741736710523
Received update: /ndn/rs-site/rs/svs_core/rs=3, 1741736710821
Received update: /ndn/pt-site/pt/svs_core/pt=3, 1741736711256
Received update: /ndn/fi-site/fi/svs_core/fi=3, 1741736711830
Received update: /ndn/lt-site/lt/svs_core/lt=3, 1741736713442
Received update: /ndn/si-site/si/svs_core/si=3, 1741736717362
Received update: /ndn/by-site/by/svs_core/by=3, 1741736717861
Received update: /ndn/mt-site/mt/svs_core/mt=3, 1741736718019
Received update: /ndn/sk-site/sk/svs_core/sk=3, 1741736718302
Received update: /ndn/nl-site/nl/svs_core/nl=3, 1741736719120
Received update: /ndn/hr-site/hr/svs_core/hr=3, 1741736720777
Received update: /ndn/fr2-site/fr2/svs_core/fr2=3, 1741736721120
Received update: /ndn/ge-site/ge/svs_core/ge=3, 1741736721706
Received update: /ndn/pl-site/pl/svs_core/pl=3, 1741736722936
Received update: /ndn/se-site/se/svs_core/se=3, 1741736723019
Published sequence number: /ndn/gr-site/gr/svs_core/gr=3, 1741736724094
Sending Sync interest
Received update: /ndn/is-site/is/svs_core/is=3, 1741736725285
Received update: /ndn/de1-site/de1/svs_core/de1=3, 1741736726022
Received update: /ndn/il-site/il/svs_core/il=3, 1741736731761
Received update: /ndn/uk-site/uk/svs_core/uk=3, 1741736731761
Received update: /ndn/ee-site/ee/svs_core/ee=3, 1741736732406
Received update: /ndn/md-site/md/svs_core/md=3, 1741736732430
Received update: /ndn/es-site/es/svs_core/es=3, 1741736736471
Received update: /ndn/cy-site/cy/svs_core/cy=3, 1741736738461
Received update: /ndn/ua-site/ua/svs_core/ua=3, 1741736738461
Received update: /ndn/ro-site/ro/svs_core/ro=3, 1741736739260
Received update: /ndn/de2-site/de2/svs_core/de2=3, 1741736739260
Received update: /ndn/bg-site/bg/svs_core/bg=3, 1741736742141
Received update: /ndn/dk-site/dk/svs_core/dk=3, 1741736742150
Received update: /ndn/mk-site/mk/svs_core/mk=3, 1741736742704
Received update: /ndn/az-site/az/svs_core/az=3, 1741736742714
Received update: /ndn/lu-site/lu/svs_core/lu=4, 1741736744272
Received update: /ndn/ie-site/ie/svs_core/ie=4, 1741736745993
Received update: /ndn/no-site/no/svs_core/no=4, 1741736746586
Received update: /ndn/tr-site/tr/svs_core/tr=4, 1741736748363
Received update: /ndn/am-site/am/svs_core/am=4, 1741736748898
Received update: /ndn/fr1-site/fr1/svs_core/fr1=4, 1741736748898
Received update: /ndn/be-site/be/svs_core/be=4, 1741736749153
Received update: /ndn/at-site/at/svs_core/at=4, 1741736749279
Received update: /ndn/cz-site/cz/svs_core/cz=4, 1741736749758
Received update: /ndn/al-site/al/svs_core/al=4, 1741736751650
Received update: /ndn/it-site/it/svs_core/it=4, 1741736752885
Received update: /ndn/ch-site/ch/svs_core/ch=4, 1741736755473
Received update: /ndn/hu-site/hu/svs_core/hu=4, 1741736755473
Received update: /ndn/me-site/me/svs_core/me=4, 1741736755473
Received update: /ndn/lv-site/lv/svs_core/lv=4, 1741736756424
Received update: /ndn/pt-site/pt/svs_core/pt=4, 1741736756827
Received update: /ndn/rs-site/rs/svs_core/rs=4, 1741736757090
Received update: /ndn/fi-site/fi/svs_core/fi=4, 1741736758087
Received update: /ndn/lt-site/lt/svs_core/lt=4, 1741736758390
Received update: /ndn/by-site/by/svs_core/by=4, 1741736762136
Received update: /ndn/si-site/si/svs_core/si=4, 1741736762136
Received update: /ndn/sk-site/sk/svs_core/sk=4, 1741736762182
Received update: /ndn/mt-site/mt/svs_core/mt=4, 1741736762605
Received update: /ndn/hr-site/hr/svs_core/hr=4, 1741736767803
Received update: /ndn/nl-site/nl/svs_core/nl=4, 1741736767803
Received update: /ndn/pl-site/pl/svs_core/pl=4, 1741736767803
Received update: /ndn/se-site/se/svs_core/se=4, 1741736768401
Received update: /ndn/fr2-site/fr2/svs_core/fr2=4, 1741736768402
Published sequence number: /ndn/gr-site/gr/svs_core/gr=4, 1741736769101
Sending Sync interest
Max suppression time updated to: 600
Received update: /ndn/ge-site/ge/svs_core/ge=4, 1741736769708
Max suppression time updated to: 600
Received update: /ndn/is-site/is/svs_core/is=4, 1741736770234
Received update: /ndn/il-site/il/svs_core/il=4, 1741736773684
Received update: /ndn/de1-site/de1/svs_core/de1=4, 1741736774259
Received update: /ndn/ee-site/ee/svs_core/ee=4, 1741736777174
Received update: /ndn/uk-site/uk/svs_core/uk=4, 1741736777716
Received update: /ndn/md-site/md/svs_core/md=4, 1741736778480
Received update: /ndn/cy-site/cy/svs_core/cy=4, 1741736783500
Received update: /ndn/es-site/es/svs_core/es=4, 1741736783500
Received update: /ndn/ro-site/ro/svs_core/ro=4, 1741736783500
Received update: /ndn/de2-site/de2/svs_core/de2=4, 1741736784304
Received update: /ndn/bg-site/bg/svs_core/bg=4, 1741736787144
Received update: /ndn/dk-site/dk/svs_core/dk=4, 1741736787144
Received update: /ndn/mk-site/mk/svs_core/mk=4, 1741736787144
Received update: /ndn/ua-site/ua/svs_core/ua=4, 1741736787144
Received update: /ndn/az-site/az/svs_core/az=4, 1741736787723
Received update: /ndn/lu-site/lu/svs_core/lu=5, 1741736789285
Received update: /ndn/be-site/be/svs_core/be=5, 1741736790616
Received update: /ndn/am-site/am/svs_core/am=5, 1741736791284
Received update: /ndn/ie-site/ie/svs_core/ie=5, 1741736791339
Received update: /ndn/tr-site/tr/svs_core/tr=5, 1741736793547
Received update: /ndn/at-site/at/svs_core/at=5, 1741736794161
Received update: /ndn/fr1-site/fr1/svs_core/fr1=5, 1741736794161
Received update: /ndn/no-site/no/svs_core/no=5, 1741736794249
Received update: /ndn/al-site/al/svs_core/al=5, 1741736796608
Received update: /ndn/it-site/it/svs_core/it=5, 1741736797881
Received update: /ndn/cz-site/cz/svs_core/cz=5, 1741736798667
Received update: /ndn/lv-site/lv/svs_core/lv=5, 1741736798683
Received update: /ndn/me-site/me/svs_core/me=5, 1741736799659
Received update: /ndn/ch-site/ch/svs_core/ch=5, 1741736800062
Received update: /ndn/hu-site/hu/svs_core/hu=5, 1741736800636
Received update: /ndn/mt-site/mt/svs_core/mt=5, 1741736804553
Received update: /ndn/lt-site/lt/svs_core/lt=5, 1741736805115
Received update: /ndn/by-site/by/svs_core/by=5, 1741736806864
Received update: /ndn/pt-site/pt/svs_core/pt=5, 1741736806864
Received update: /ndn/sk-site/sk/svs_core/sk=5, 1741736807196
Received update: /ndn/rs-site/rs/svs_core/rs=5, 1741736808026
Received update: /ndn/si-site/si/svs_core/si=5, 1741736808026
Received update: /ndn/fi-site/fi/svs_core/fi=5, 1741736811769
Received update: /ndn/ge-site/ge/svs_core/ge=5, 1741736811769
Received update: /ndn/nl-site/nl/svs_core/nl=5, 1741736811769
Received update: /ndn/hr-site/hr/svs_core/hr=5, 1741736811897
Received update: /ndn/fr2-site/fr2/svs_core/fr2=5, 1741736812730
Received update: /ndn/pl-site/pl/svs_core/pl=5, 1741736812858
Published sequence number: /ndn/gr-site/gr/svs_core/gr=5, 1741736814103
Received update: /ndn/se-site/se/svs_core/se=5, 1741736814313
Received update: /ndn/is-site/is/svs_core/is=5, 1741736815287
Sending Sync interest
Max suppression time updated to: 588
Received update: /ndn/md-site/md/svs_core/md=5, 1741736816460
Received update: /ndn/de1-site/de1/svs_core/de1=5, 1741736817061
Received update: /ndn/il-site/il/svs_core/il=5, 1741736818745
Received update: /ndn/uk-site/uk/svs_core/uk=5, 1741736821628
Received update: /ndn/es-site/es/svs_core/es=5, 1741736826958
Received update: /ndn/ro-site/ro/svs_core/ro=5, 1741736827018
Received update: /ndn/ee-site/ee/svs_core/ee=5, 1741736827682
Received update: /ndn/ua-site/ua/svs_core/ua=5, 1741736827997
Received update: /ndn/de2-site/de2/svs_core/de2=5, 1741736829279
Received update: /ndn/cy-site/cy/svs_core/cy=5, 1741736829970
Received update: /ndn/mk-site/mk/svs_core/mk=5, 1741736829970
Received update: /ndn/be-site/be/svs_core/be=6, 1741736834489
Received update: /ndn/bg-site/bg/svs_core/bg=5, 1741736834489
Received update: /ndn/dk-site/dk/svs_core/dk=5, 1741736834489
Received update: /ndn/ie-site/ie/svs_core/ie=6, 1741736836279
Received update: /ndn/am-site/am/svs_core/am=6, 1741736836316
Received update: /ndn/lu-site/lu/svs_core/lu=6, 1741736836489
Received update: /ndn/no-site/no/svs_core/no=6, 1741736837030
Received update: /ndn/az-site/az/svs_core/az=5, 1741736837174
Received update: /ndn/fr1-site/fr1/svs_core/fr1=6, 1741736838719
Received update: /ndn/at-site/at/svs_core/at=6, 1741736839174
Received update: /ndn/tr-site/tr/svs_core/tr=6, 1741736839781
Received update: /ndn/cz-site/cz/svs_core/cz=6, 1741736839901
Received update: /ndn/al-site/al/svs_core/al=6, 1741736842535
Received update: /ndn/lv-site/lv/svs_core/lv=6, 1741736842535
Received update: /ndn/it-site/it/svs_core/it=6, 1741736842894
Received update: /ndn/ch-site/ch/svs_core/ch=6, 1741736845153
Received update: /ndn/hu-site/hu/svs_core/hu=6, 1741736845367
Received update: /ndn/pt-site/pt/svs_core/pt=6, 1741736845622
Received update: /ndn/mt-site/mt/svs_core/mt=6, 1741736849210
Received update: /ndn/fi-site/fi/svs_core/fi=6, 1741736849399
Received update: /ndn/lt-site/lt/svs_core/lt=6, 1741736849399
Received update: /ndn/me-site/me/svs_core/me=6, 1741736849867
Received update: /ndn/rs-site/rs/svs_core/rs=6, 1741736852140
Received update: /ndn/si-site/si/svs_core/si=6, 1741736852140
Received update: /ndn/by-site/by/svs_core/by=6, 1741736852923
Received update: /ndn/sk-site/sk/svs_core/sk=6, 1741736853312
Received update: /ndn/fr2-site/fr2/svs_core/fr2=6, 1741736855625
Received update: /ndn/hr-site/hr/svs_core/hr=6, 1741736855755
Received update: /ndn/nl-site/nl/svs_core/nl=6, 1741736855755
Received update: /ndn/ge-site/ge/svs_core/ge=6, 1741736856773
Received update: /ndn/pl-site/pl/svs_core/pl=6, 1741736857814
Published sequence number: /ndn/gr-site/gr/svs_core/gr=6, 1741736859107
Sending Sync interest
Received update: /ndn/is-site/is/svs_core/is=6, 1741736860329
Max suppression time updated to: 591
Received update: /ndn/se-site/se/svs_core/se=6, 1741736860386
Received update: /ndn/md-site/md/svs_core/md=6, 1741736861080
Received update: /ndn/de1-site/de1/svs_core/de1=6, 1741736861080
Received update: /ndn/il-site/il/svs_core/il=6, 1741736863696
Received update: /ndn/uk-site/uk/svs_core/uk=6, 1741736866679
Received update: /ndn/ua-site/ua/svs_core/ua=6, 1741736870668
Received update: /ndn/es-site/es/svs_core/es=6, 1741736872722
Received update: /ndn/ro-site/ro/svs_core/ro=6, 1741736872722
Received update: /ndn/ee-site/ee/svs_core/ee=6, 1741736872807
Received update: /ndn/cy-site/cy/svs_core/cy=6, 1741736873326
Received update: /ndn/mk-site/mk/svs_core/mk=6, 1741736874312
Sending Sync interest
Received update: /ndn/de2-site/de2/svs_core/de2=6, 1741736874481
Received update: /ndn/dk-site/dk/svs_core/dk=6, 1741736875403
Received update: /ndn/bg-site/bg/svs_core/bg=6, 1741736877167
Received update: /ndn/az-site/az/svs_core/az=6, 1741736879211
Received update: /ndn/lu-site/lu/svs_core/lu=7, 1741736879211
Received update: /ndn/ie-site/ie/svs_core/ie=7, 1741736881437
Received update: /ndn/be-site/be/svs_core/be=7, 1741736881590
Received update: /ndn/no-site/no/svs_core/no=7, 1741736881592
Received update: /ndn/tr-site/tr/svs_core/tr=7, 1741736883456
Received update: /ndn/fr1-site/fr1/svs_core/fr1=7, 1741736883496
Received update: /ndn/at-site/at/svs_core/at=7, 1741736884186
Received update: /ndn/it-site/it/svs_core/it=7, 1741736887891
Received update: /ndn/cz-site/cz/svs_core/cz=7, 1741736888227
Received update: /ndn/lv-site/lv/svs_core/lv=7, 1741736888523
Received update: /ndn/am-site/am/svs_core/am=7, 1741736888933
Received update: /ndn/ch-site/ch/svs_core/ch=7, 1741736890070
Received update: /ndn/hu-site/hu/svs_core/hu=7, 1741736890070
Received update: /ndn/rs-site/rs/svs_core/rs=7, 1741736890512
Received update: /ndn/me-site/me/svs_core/me=7, 1741736890673
Received update: /ndn/al-site/al/svs_core/al=7, 1741736891600
Received update: /ndn/pt-site/pt/svs_core/pt=7, 1741736892062
Received update: /ndn/fi-site/fi/svs_core/fi=7, 1741736893013
Received update: /ndn/lt-site/lt/svs_core/lt=7, 1741736893479
Received update: /ndn/by-site/by/svs_core/by=7, 1741736896624
Received update: /ndn/si-site/si/svs_core/si=7, 1741736897160
Received update: /ndn/sk-site/sk/svs_core/sk=7, 1741736897204
Received update: /ndn/nl-site/nl/svs_core/nl=7, 1741736899106
Received update: /ndn/mt-site/mt/svs_core/mt=7, 1741736900629
Received update: /ndn/fr2-site/fr2/svs_core/fr2=7, 1741736900629
Received update: /ndn/hr-site/hr/svs_core/hr=7, 1741736900715
Received update: /ndn/ge-site/ge/svs_core/ge=7, 1741736901947
Received update: /ndn/pl-site/pl/svs_core/pl=7, 1741736902831
Published sequence number: /ndn/gr-site/gr/svs_core/gr=7, 1741736904117
Sending Sync interest
Received update: /ndn/md-site/md/svs_core/md=7, 1741736905704
Received update: /ndn/is-site/is/svs_core/is=7, 1741736905814
Received update: /ndn/se-site/se/svs_core/se=7, 1741736905814
Received update: /ndn/de1-site/de1/svs_core/de1=7, 1741736906461
Received update: /ndn/uk-site/uk/svs_core/uk=7, 1741736911728
Received update: /ndn/il-site/il/svs_core/il=7, 1741736912058
Received update: /ndn/ee-site/ee/svs_core/ee=7, 1741736912228
Received update: /ndn/ua-site/ua/svs_core/ua=7, 1741736915669
Received update: /ndn/es-site/es/svs_core/es=7, 1741736916498
Received update: /ndn/ro-site/ro/svs_core/ro=7, 1741736917028
Received update: /ndn/cy-site/cy/svs_core/cy=7, 1741736919279
Received update: /ndn/de2-site/de2/svs_core/de2=7, 1741736919279
Received update: /ndn/mk-site/mk/svs_core/mk=7, 1741736919322
Received update: /ndn/bg-site/bg/svs_core/bg=7, 1741736922264
Received update: /ndn/dk-site/dk/svs_core/dk=7, 1741736922264
Received update: /ndn/be-site/be/svs_core/be=8, 1741736924497
Received update: /ndn/no-site/no/svs_core/no=8, 1741736926482
Received update: /ndn/az-site/az/svs_core/az=7, 1741736926970
Received update: /ndn/ie-site/ie/svs_core/ie=8, 1741736927158
Received update: /ndn/lu-site/lu/svs_core/lu=8, 1741736927504
Received update: /ndn/fr1-site/fr1/svs_core/fr1=8, 1741736928383
Received update: /ndn/tr-site/tr/svs_core/tr=8, 1741736928386
Received update: /ndn/am-site/am/svs_core/am=8, 1741736928874
Received update: /ndn/at-site/at/svs_core/at=8, 1741736929237
Received update: /ndn/al-site/al/svs_core/al=8, 1741736931603
Received update: /ndn/cz-site/cz/svs_core/cz=8, 1741736932113
Received update: /ndn/it-site/it/svs_core/it=8, 1741736932902
Received update: /ndn/lv-site/lv/svs_core/lv=8, 1741736934425
Received update: /ndn/me-site/me/svs_core/me=8, 1741736934425
Received update: /ndn/hu-site/hu/svs_core/hu=8, 1741736934608
Received update: /ndn/ch-site/ch/svs_core/ch=8, 1741736935083
Received update: /ndn/pt-site/pt/svs_core/pt=8, 1741736935136
Received update: /ndn/fi-site/fi/svs_core/fi=8, 1741736936812
Received update: /ndn/lt-site/lt/svs_core/lt=8, 1741736938409
Received update: /ndn/si-site/si/svs_core/si=8, 1741736942243
Received update: /ndn/mt-site/mt/svs_core/mt=8, 1741736943024
Received update: /ndn/sk-site/sk/svs_core/sk=8, 1741736943024
Received update: /ndn/rs-site/rs/svs_core/rs=8, 1741736943116
Received update: /ndn/hr-site/hr/svs_core/hr=8, 1741736945729
Received update: /ndn/fr2-site/fr2/svs_core/fr2=8, 1741736946186
Received update: /ndn/nl-site/nl/svs_core/nl=8, 1741736946390
Received update: /ndn/by-site/by/svs_core/by=8, 1741736946731
Received update: /ndn/ge-site/ge/svs_core/ge=8, 1741736946731
Received update: /ndn/pl-site/pl/svs_core/pl=8, 1741736947875
Published sequence number: /ndn/gr-site/gr/svs_core/gr=8, 1741736949122
Sending Sync interest
Max suppression time updated to: 591
Received update: /ndn/se-site/se/svs_core/se=8, 1741736949631
Received update: /ndn/is-site/is/svs_core/is=8, 1741736950266
Received update: /ndn/de1-site/de1/svs_core/de1=8, 1741736951007
Received update: /ndn/il-site/il/svs_core/il=8, 1741736953835
Received update: /ndn/ee-site/ee/svs_core/ee=8, 1741736957146
Sending Sync interest
Received update: /ndn/uk-site/uk/svs_core/uk=8, 1741736957909
Max suppression time updated to: 591
Received update: /ndn/md-site/md/svs_core/md=8, 1741736958047
Max suppression time updated to: 594
Received update: /ndn/es-site/es/svs_core/es=8, 1741736961543
Received update: /ndn/ro-site/ro/svs_core/ro=8, 1741736962071
Received update: /ndn/ua-site/ua/svs_core/ua=8, 1741736962659
Received update: /ndn/cy-site/cy/svs_core/cy=8, 1741736963599
Received update: /ndn/mk-site/mk/svs_core/mk=8, 1741736964281
Received update: /ndn/de2-site/de2/svs_core/de2=8, 1741736964324
Received update: /ndn/dk-site/dk/svs_core/dk=8, 1741736965644
Received update: /ndn/bg-site/bg/svs_core/bg=8, 1741736967276
Received update: /ndn/lu-site/lu/svs_core/lu=9, 1741736969224
Received update: /ndn/az-site/az/svs_core/az=8, 1741736970224
Received update: /ndn/be-site/be/svs_core/be=9, 1741736970224
Received update: /ndn/ie-site/ie/svs_core/ie=9, 1741736971039
Received update: /ndn/no-site/no/svs_core/no=9, 1741736971512
Received update: /ndn/am-site/am/svs_core/am=9, 1741736972069
Received update: /ndn/fr1-site/fr1/svs_core/fr1=9, 1741736974009
Received update: /ndn/tr-site/tr/svs_core/tr=9, 1741736974172
Received update: /ndn/at-site/at/svs_core/at=9, 1741736974783
Received update: /ndn/cz-site/cz/svs_core/cz=9, 1741736974783
Received update: /ndn/lv-site/lv/svs_core/lv=9, 1741736977570
Received update: /ndn/it-site/it/svs_core/it=9, 1741736977900
Received update: /ndn/me-site/me/svs_core/me=9, 1741736979428
Received update: /ndn/hu-site/hu/svs_core/hu=9, 1741736979609
Received update: /ndn/al-site/al/svs_core/al=9, 1741736979912
Received update: /ndn/ch-site/ch/svs_core/ch=9, 1741736980229
Received update: /ndn/pt-site/pt/svs_core/pt=9, 1741736981403
Received update: /ndn/rs-site/rs/svs_core/rs=9, 1741736982120
Received update: /ndn/fi-site/fi/svs_core/fi=9, 1741736987510
Received update: /ndn/lt-site/lt/svs_core/lt=9, 1741736987510
Received update: /ndn/si-site/si/svs_core/si=9, 1741736987510
Received update: /ndn/sk-site/sk/svs_core/sk=9, 1741736987715
Received update: /ndn/mt-site/mt/svs_core/mt=9, 1741736987756
Received update: /ndn/by-site/by/svs_core/by=9, 1741736987772
Received update: /ndn/nl-site/nl/svs_core/nl=9, 1741736989582
Received update: /ndn/hr-site/hr/svs_core/hr=9, 1741736990641
Received update: /ndn/ge-site/ge/svs_core/ge=9, 1741736991732
Received update: /ndn/fr2-site/fr2/svs_core/fr2=9, 1741736992279
Received update: /ndn/pl-site/pl/svs_core/pl=9, 1741736992842
Received update: /ndn/se-site/se/svs_core/se=9, 1741736993060
Published sequence number: /ndn/gr-site/gr/svs_core/gr=9, 1741736994125
Sending Sync interest
Received update: /ndn/il-site/il/svs_core/il=9, 1741736998840
Received update: /ndn/is-site/is/svs_core/is=9, 1741736998937
Received update: /ndn/de1-site/de1/svs_core/de1=9, 1741736998937
Sending Sync interest
Received update: /ndn/uk-site/uk/svs_core/uk=9, 1741737001659
Received update: /ndn/ee-site/ee/svs_core/ee=9, 1741737002188
Received update: /ndn/ua-site/ua/svs_core/ua=9, 1741737005730
Received update: /ndn/md-site/md/svs_core/md=9, 1741737007326
Received update: /ndn/ro-site/ro/svs_core/ro=9, 1741737007326
Received update: /ndn/es-site/es/svs_core/es=9, 1741737007601
Received update: /ndn/cy-site/cy/svs_core/cy=9, 1741737008384
Received update: /ndn/mk-site/mk/svs_core/mk=9, 1741737009332
Received update: /ndn/de2-site/de2/svs_core/de2=9, 1741737009552
Received update: /ndn/dk-site/dk/svs_core/dk=9, 1741737010478
Received update: /ndn/bg-site/bg/svs_core/bg=9, 1741737012193
Received update: /ndn/lu-site/lu/svs_core/lu=10, 1741737014227
Received update: /ndn/be-site/be/svs_core/be=10, 1741737014446
Received update: /ndn/az-site/az/svs_core/az=9, 1741737014714
Received update: /ndn/ie-site/ie/svs_core/ie=10, 1741737015999
Received update: /ndn/am-site/am/svs_core/am=10, 1741737016338
Received update: /ndn/tr-site/tr/svs_core/tr=10, 1741737018398
Received update: /ndn/at-site/at/svs_core/at=10, 1741737019194
Received update: /ndn/no-site/no/svs_core/no=10, 1741737019194
Received update: /ndn/fr1-site/fr1/svs_core/fr1=10, 1741737019194
Received update: /ndn/al-site/al/svs_core/al=10, 1741737021613
Received update: /ndn/cz-site/cz/svs_core/cz=10, 1741737022478
Received update: /ndn/it-site/it/svs_core/it=10, 1741737023046
Received update: /ndn/lv-site/lv/svs_core/lv=10, 1741737023746
Received update: /ndn/hu-site/hu/svs_core/hu=10, 1741737024622
Received update: /ndn/ch-site/ch/svs_core/ch=10, 1741737025102
Received update: /ndn/by-site/by/svs_core/by=10, 1741737031346
Received update: /ndn/rs-site/rs/svs_core/rs=10, 1741737031655
Received update: /ndn/pt-site/pt/svs_core/pt=10, 1741737032079
Received update: /ndn/si-site/si/svs_core/si=10, 1741737032134
Received update: /ndn/fi-site/fi/svs_core/fi=10, 1741737032467
Received update: /ndn/lt-site/lt/svs_core/lt=10, 1741737032552
Received update: /ndn/me-site/me/svs_core/me=10, 1741737032555
Received update: /ndn/sk-site/sk/svs_core/sk=10, 1741737033275
Received update: /ndn/mt-site/mt/svs_core/mt=10, 1741737033318
Received update: /ndn/nl-site/nl/svs_core/nl=10, 1741737034169
Received update: /ndn/hr-site/hr/svs_core/hr=10, 1741737035636
Received update: /ndn/fr2-site/fr2/svs_core/fr2=10, 1741737035639
Received update: /ndn/pl-site/pl/svs_core/pl=10, 1741737037847
Received update: /ndn/se-site/se/svs_core/se=10, 1741737038111
Published sequence number: /ndn/gr-site/gr/svs_core/gr=10, 1741737039129
Sending Sync interest
Max suppression time updated to: 573
Received update: /ndn/ge-site/ge/svs_core/ge=10, 1741737039839
Received update: /ndn/is-site/is/svs_core/is=10, 1741737040329
Received update: /ndn/de1-site/de1/svs_core/de1=10, 1741737041044
Received update: /ndn/uk-site/uk/svs_core/uk=10, 1741737046759
Received update: /ndn/ee-site/ee/svs_core/ee=10, 1741737047155
Received update: /ndn/il-site/il/svs_core/il=10, 1741737047775
Received update: /ndn/md-site/md/svs_core/md=10, 1741737048314
Received update: /ndn/cy-site/cy/svs_core/cy=10, 1741737053338
Received update: /ndn/es-site/es/svs_core/es=10, 1741737053338
Received update: /ndn/ro-site/ro/svs_core/ro=10, 1741737054166
Received update: /ndn/de2-site/de2/svs_core/de2=10, 1741737054343
Received update: /ndn/mk-site/mk/svs_core/mk=10, 1741737054344
Received update: /ndn/dk-site/dk/svs_core/dk=10, 1741737055550
Received update: /ndn/ua-site/ua/svs_core/ua=10, 1741737055550
Received update: /ndn/lu-site/lu/svs_core/lu=11, 1741737059315
Received update: /ndn/be-site/be/svs_core/be=11, 1741737059490
Received update: /ndn/az-site/az/svs_core/az=10, 1741737059820
Received update: /ndn/bg-site/bg/svs_core/bg=10, 1741737061386
Received update: /ndn/ie-site/ie/svs_core/ie=11, 1741737061386
Received update: /ndn/no-site/no/svs_core/no=11, 1741737061528
Received update: /ndn/am-site/am/svs_core/am=11, 1741737062264
Received update: /ndn/fr1-site/fr1/svs_core/fr1=11, 1741737063517
Received update: /ndn/tr-site/tr/svs_core/tr=11, 1741737064565
Received update: /ndn/at-site/at/svs_core/at=11, 1741737064841
Received update: /ndn/cz-site/cz/svs_core/cz=11, 1741737064841
Received update: /ndn/lv-site/lv/svs_core/lv=11, 1741737067860
Received update: /ndn/it-site/it/svs_core/it=11, 1741737068235
Received update: /ndn/al-site/al/svs_core/al=11, 1741737068742
Received update: /ndn/hu-site/hu/svs_core/hu=11, 1741737069660
Received update: /ndn/ch-site/ch/svs_core/ch=11, 1741737070059
Received update: /ndn/pt-site/pt/svs_core/pt=11, 1741737070161
Received update: /ndn/me-site/me/svs_core/me=11, 1741737070866
Received update: /ndn/rs-site/rs/svs_core/rs=11, 1741737071499
Received update: /ndn/lt-site/lt/svs_core/lt=11, 1741737073430
Received update: /ndn/si-site/si/svs_core/si=11, 1741737077175
Received update: /ndn/sk-site/sk/svs_core/sk=11, 1741737077262
Received update: /ndn/fi-site/fi/svs_core/fi=11, 1741737078154
Received update: /ndn/by-site/by/svs_core/by=11, 1741737078573
Received update: /ndn/nl-site/nl/svs_core/nl=11, 1741737079262
Received update: /ndn/fr2-site/fr2/svs_core/fr2=11, 1741737080648
Received update: /ndn/ge-site/ge/svs_core/ge=11, 1741737081803
Received update: /ndn/hr-site/hr/svs_core/hr=11, 1741737081803
Received update: /ndn/mt-site/mt/svs_core/mt=11, 1741737083052
Received update: /ndn/se-site/se/svs_core/se=11, 1741737083109
Published sequence number: /ndn/gr-site/gr/svs_core/gr=11, 1741737084137
Sending Sync interest
Max suppression time updated to: 534
Received update: /ndn/pl-site/pl/svs_core/pl=11, 1741737084574
Max suppression time updated to: 513
Max suppression time updated to: 510
Max suppression time updated to: 501
Received update: /ndn/is-site/is/svs_core/is=11, 1741737085418
Received update: /ndn/il-site/il/svs_core/il=11, 1741737088720
Received update: /ndn/de1-site/de1/svs_core/de1=11, 1741737089380
Received update: /ndn/uk-site/uk/svs_core/uk=11, 1741737091674
Received update: /ndn/ee-site/ee/svs_core/ee=11, 1741737092211
Received update: /ndn/md-site/md/svs_core/md=11, 1741737093013
Received update: /ndn/ua-site/ua/svs_core/ua=11, 1741737095741
Received update: /ndn/es-site/es/svs_core/es=11, 1741737096645
Received update: /ndn/cy-site/cy/svs_core/cy=11, 1741737098431
Received update: /ndn/de2-site/de2/svs_core/de2=11, 1741737099386
Received update: /ndn/mk-site/mk/svs_core/mk=11, 1741737099510
Received update: /ndn/dk-site/dk/svs_core/dk=11, 1741737101295
Received update: /ndn/ro-site/ro/svs_core/ro=11, 1741737101295
Received update: /ndn/az-site/az/svs_core/az=11, 1741737104278
Received update: /ndn/lu-site/lu/svs_core/lu=12, 1741737104278
Received update: /ndn/be-site/be/svs_core/be=12, 1741737104489
Received update: /ndn/bg-site/bg/svs_core/bg=11, 1741737104493
Received update: /ndn/ie-site/ie/svs_core/ie=12, 1741737106052
Received update: /ndn/am-site/am/svs_core/am=12, 1741737107165
Received update: /ndn/no-site/no/svs_core/no=12, 1741737107202
Received update: /ndn/tr-site/tr/svs_core/tr=12, 1741737108414
Received update: /ndn/fr1-site/fr1/svs_core/fr1=12, 1741737108508
Received update: /ndn/at-site/at/svs_core/at=12, 1741737109195
Received update: /ndn/cz-site/cz/svs_core/cz=12, 1741737109879
Received update: /ndn/lv-site/lv/svs_core/lv=12, 1741737112606
Received update: /ndn/it-site/it/svs_core/it=12, 1741737112906
Received update: /ndn/me-site/me/svs_core/me=12, 1741737114441
Received update: /ndn/hu-site/hu/svs_core/hu=12, 1741737114620
Received update: /ndn/ch-site/ch/svs_core/ch=12, 1741737115379
Received update: /ndn/rs-site/rs/svs_core/rs=12, 1741737115606
Received update: /ndn/mt-site/mt/svs_core/mt=12, 1741737119266
Received update: /ndn/lt-site/lt/svs_core/lt=12, 1741737120034
Received update: /ndn/al-site/al/svs_core/al=12, 1741737120075
Received update: /ndn/pt-site/pt/svs_core/pt=12, 1741737120746
Received update: /ndn/si-site/si/svs_core/si=12, 1741737122131
Received update: /ndn/sk-site/sk/svs_core/sk=12, 1741737122259
Received update: /ndn/hr-site/hr/svs_core/hr=12, 1741737125703
Received update: /ndn/nl-site/nl/svs_core/nl=12, 1741737125703
Received update: /ndn/fi-site/fi/svs_core/fi=12, 1741737127286
Received update: /ndn/fr2-site/fr2/svs_core/fr2=12, 1741737127286
Received update: /ndn/ge-site/ge/svs_core/ge=12, 1741737127892
Received update: /ndn/se-site/se/svs_core/se=12, 1741737128162
Received update: /ndn/by-site/by/svs_core/by=12, 1741737128711
Received update: /ndn/pl-site/pl/svs_core/pl=12, 1741737128711
Published sequence number: /ndn/gr-site/gr/svs_core/gr=12, 1741737129148
Sending Sync interest
Received update: /ndn/is-site/is/svs_core/is=12, 1741737130405
Received update: /ndn/md-site/md/svs_core/md=12, 1741737131103
Received update: /ndn/de1-site/de1/svs_core/de1=12, 1741737131103
Received update: /ndn/il-site/il/svs_core/il=12, 1741737133818
Received update: /ndn/es-site/es/svs_core/es=12, 1741737141512
Received update: /ndn/uk-site/uk/svs_core/uk=12, 1741737141512
Received update: /ndn/ro-site/ro/svs_core/ro=12, 1741737142096
Received update: /ndn/ee-site/ee/svs_core/ee=12, 1741737142412
Received update: /ndn/cy-site/cy/svs_core/cy=12, 1741737144337
Received update: /ndn/de2-site/de2/svs_core/de2=12, 1741737144337
Received update: /ndn/mk-site/mk/svs_core/mk=12, 1741737144337
Received update: /ndn/ua-site/ua/svs_core/ua=12, 1741737144928
Received update: /ndn/bg-site/bg/svs_core/bg=12, 1741737147999
Received update: /ndn/dk-site/dk/svs_core/dk=12, 1741737147999
Received update: /ndn/am-site/am/svs_core/am=13, 1741737151675
Received update: /ndn/az-site/az/svs_core/az=12, 1741737152126
Received update: /ndn/lu-site/lu/svs_core/lu=13, 1741737152290
Received update: /ndn/be-site/be/svs_core/be=13, 1741737152828
Received update: /ndn/fr1-site/fr1/svs_core/fr1=13, 1741737153424
Received update: /ndn/tr-site/tr/svs_core/tr=13, 1741737153428
Received update: /ndn/no-site/no/svs_core/no=13, 1741737154053
Received update: /ndn/at-site/at/svs_core/at=13, 1741737154247
Received update: /ndn/cz-site/cz/svs_core/cz=13, 1741737154801
Received update: /ndn/ie-site/ie/svs_core/ie=13, 1741737155652
Received update: /ndn/al-site/al/svs_core/al=13, 1741737156621
Received update: /ndn/it-site/it/svs_core/it=13, 1741737157947
Received update: /ndn/hu-site/hu/svs_core/hu=13, 1741737159594
Received update: /ndn/ch-site/ch/svs_core/ch=13, 1741737160071
Received update: /ndn/pt-site/pt/svs_core/pt=13, 1741737160939
Received update: /ndn/rs-site/rs/svs_core/rs=13, 1741737160939
Received update: /ndn/me-site/me/svs_core/me=13, 1741737161660
Received update: /ndn/fi-site/fi/svs_core/fi=13, 1741737161961
Received update: /ndn/lv-site/lv/svs_core/lv=13, 1741737163071
Received update: /ndn/si-site/si/svs_core/si=13, 1741737167138
Received update: /ndn/lt-site/lt/svs_core/lt=13, 1741737167505
Received update: /ndn/mt-site/mt/svs_core/mt=13, 1741737168280
Received update: /ndn/sk-site/sk/svs_core/sk=13, 1741737168829
Received update: /ndn/nl-site/nl/svs_core/nl=13, 1741737169276
Received update: /ndn/hr-site/hr/svs_core/hr=13, 1741737170707
Received update: /ndn/fr2-site/fr2/svs_core/fr2=13, 1741737170751
Received update: /ndn/by-site/by/svs_core/by=13, 1741737172855
Received update: /ndn/pl-site/pl/svs_core/pl=13, 1741737172855
Received update: /ndn/se-site/se/svs_core/se=13, 1741737173112
Received update: /ndn/ge-site/ge/svs_core/ge=13, 1741737173356
Published sequence number: /ndn/gr-site/gr/svs_core/gr=13, 1741737174149
Sending Sync interest
Received update: /ndn/is-site/is/svs_core/is=13, 1741737175730
Received update: /ndn/de1-site/de1/svs_core/de1=13, 1741737176103
Received update: /ndn/il-site/il/svs_core/il=13, 1741737179611
Received update: /ndn/md-site/md/svs_core/md=13, 1741737179611
Received update: /ndn/ee-site/ee/svs_core/ee=13, 1741737182598
Received update: /ndn/uk-site/uk/svs_core/uk=13, 1741737182598
Received update: /ndn/es-site/es/svs_core/es=13, 1741737186705
Received update: /ndn/cy-site/cy/svs_core/cy=13, 1741737188395
Received update: /ndn/ro-site/ro/svs_core/ro=13, 1741737189342
Received update: /ndn/de2-site/de2/svs_core/de2=13, 1741737189342
Received update: /ndn/ua-site/ua/svs_core/ua=13, 1741737189673
Received update: /ndn/dk-site/dk/svs_core/dk=13, 1741737190467
Received update: /ndn/mk-site/mk/svs_core/mk=13, 1741737191118
Received update: /ndn/be-site/be/svs_core/be=14, 1741737194535
Received update: /ndn/bg-site/bg/svs_core/bg=13, 1741737194535
Received update: /ndn/ie-site/ie/svs_core/ie=14, 1741737196068
Received update: /ndn/lu-site/lu/svs_core/lu=14, 1741737196316
Received update: /ndn/am-site/am/svs_core/am=14, 1741737197432
Received update: /ndn/az-site/az/svs_core/az=13, 1741737198014
Received update: /ndn/no-site/no/svs_core/no=14, 1741737198095
Received update: /ndn/tr-site/tr/svs_core/tr=14, 1741737199180
Received update: /ndn/fr1-site/fr1/svs_core/fr1=14, 1741737199388
Received update: /ndn/at-site/at/svs_core/at=14, 1741737199804
Received update: /ndn/cz-site/cz/svs_core/cz=14, 1741737199804
Received update: /ndn/it-site/it/svs_core/it=14, 1741737202906
Received update: /ndn/lv-site/lv/svs_core/lv=14, 1741737202906
Received update: /ndn/al-site/al/svs_core/al=14, 1741737204679
Received update: /ndn/hu-site/hu/svs_core/hu=14, 1741737204679
Received update: /ndn/me-site/me/svs_core/me=14, 1741737204679
Received update: /ndn/ch-site/ch/svs_core/ch=14, 1741737205078
Received update: /ndn/pt-site/pt/svs_core/pt=14, 1741737205124
Received update: /ndn/rs-site/rs/svs_core/rs=14, 1741737206670
Received update: /ndn/mt-site/mt/svs_core/mt=14, 1741737209543
Received update: /ndn/fi-site/fi/svs_core/fi=14, 1741737210203
Received update: /ndn/lt-site/lt/svs_core/lt=14, 1741737210937
Received update: /ndn/by-site/by/svs_core/by=14, 1741737211370
Received update: /ndn/si-site/si/svs_core/si=14, 1741737212132
Received update: /ndn/sk-site/sk/svs_core/sk=14, 1741737212355
Received update: /ndn/nl-site/nl/svs_core/nl=14, 1741737214251
Received update: /ndn/hr-site/hr/svs_core/hr=14, 1741737215666
Received update: /ndn/fr2-site/fr2/svs_core/fr2=14, 1741737215889
Received update: /ndn/ge-site/ge/svs_core/ge=14, 1741737216778
Received update: /ndn/pl-site/pl/svs_core/pl=14, 1741737217861
Received update: /ndn/se-site/se/svs_core/se=14, 1741737218251
Published sequence number: /ndn/gr-site/gr/svs_core/gr=14, 1741737219150
Sending Sync interest
Received update: /ndn/is-site/is/svs_core/is=14, 1741737221069
Received update: /ndn/de1-site/de1/svs_core/de1=14, 1741737221069
Received update: /ndn/il-site/il/svs_core/il=14, 1741737225022
Received update: /ndn/md-site/md/svs_core/md=14, 1741737225022
Received update: /ndn/es-site/es/svs_core/es=14, 1741737231574
Received update: /ndn/uk-site/uk/svs_core/uk=14, 1741737231574
Received update: /ndn/ro-site/ro/svs_core/ro=14, 1741737232058
Received update: /ndn/ee-site/ee/svs_core/ee=14, 1741737232187
Received update: /ndn/cy-site/cy/svs_core/cy=14, 1741737233473
Received update: /ndn/mk-site/mk/svs_core/mk=14, 1741737234348
Received update: /ndn/de2-site/de2/svs_core/de2=14, 1741737234349
Received update: /ndn/dk-site/dk/svs_core/dk=14, 1741737235451
Received update: /ndn/bg-site/bg/svs_core/bg=14, 1741737237627
Received update: /ndn/ua-site/ua/svs_core/ua=14, 1741737238190
Received update: /ndn/lu-site/lu/svs_core/lu=15, 1741737239328
Received update: /ndn/be-site/be/svs_core/be=15, 1741737239523
Received update: /ndn/am-site/am/svs_core/am=15, 1741737241341
Received update: /ndn/ie-site/ie/svs_core/ie=15, 1741737241577
Received update: /ndn/no-site/no/svs_core/no=15, 1741737241714
Received update: /ndn/az-site/az/svs_core/az=14, 1741737242069
Received update: /ndn/at-site/at/svs_core/at=15, 1741737244218
Received update: /ndn/cz-site/cz/svs_core/cz=15, 1741737244906
Received update: /ndn/tr-site/tr/svs_core/tr=15, 1741737245192
Received update: /ndn/fr1-site/fr1/svs_core/fr1=15, 1741737245358
Received update: /ndn/al-site/al/svs_core/al=15, 1741737249643
Received update: /ndn/hu-site/hu/svs_core/hu=15, 1741737249643
Received update: /ndn/it-site/it/svs_core/it=15, 1741737249643
Received update: /ndn/lv-site/lv/svs_core/lv=15, 1741737249643
Received update: /ndn/rs-site/rs/svs_core/rs=15, 1741737250575
Received update: /ndn/ch-site/ch/svs_core/ch=15, 1741737251108
Received update: /ndn/pt-site/pt/svs_core/pt=15, 1741737251266
Received update: /ndn/me-site/me/svs_core/me=15, 1741737251826
Received update: /ndn/fi-site/fi/svs_core/fi=15, 1741737252018
Received update: /ndn/by-site/by/svs_core/by=15, 1741737256372
Received update: /ndn/lt-site/lt/svs_core/lt=15, 1741737256743
Received update: /ndn/si-site/si/svs_core/si=15, 1741737257174
Received update: /ndn/sk-site/sk/svs_core/sk=15, 1741737257187
Received update: /ndn/mt-site/mt/svs_core/mt=15, 1741737257383
Received update: /ndn/fr2-site/fr2/svs_core/fr2=15, 1741737260713
Received update: /ndn/nl-site/nl/svs_core/nl=15, 1741737261231
Received update: /ndn/hr-site/hr/svs_core/hr=15, 1741737261869
Received update: /ndn/pl-site/pl/svs_core/pl=15, 1741737262872
Received update: /ndn/ge-site/ge/svs_core/ge=15, 1741737263067
Received update: /ndn/se-site/se/svs_core/se=15, 1741737263415
Published sequence number: /ndn/gr-site/gr/svs_core/gr=15, 1741737264154
Sending Sync interest
Received update: /ndn/is-site/is/svs_core/is=15, 1741737265308
Sending Sync interest
Received update: /ndn/de1-site/de1/svs_core/de1=15, 1741737266167
Received update: /ndn/il-site/il/svs_core/il=15, 1741737268883
Received update: /ndn/uk-site/uk/svs_core/uk=15, 1741737271829
Received update: /ndn/ee-site/ee/svs_core/ee=15, 1741737272644
Received update: /ndn/ua-site/ua/svs_core/ua=15, 1741737276134
Received update: /ndn/es-site/es/svs_core/es=15, 1741737276707
Received update: /ndn/md-site/md/svs_core/md=15, 1741737276962
Received update: /ndn/cy-site/cy/svs_core/cy=15, 1741737278352
Received update: /ndn/mk-site/mk/svs_core/mk=15, 1741737279300
Received update: /ndn/ro-site/ro/svs_core/ro=15, 1741737279300
Received update: /ndn/de2-site/de2/svs_core/de2=15, 1741737279554
Received update: /ndn/dk-site/dk/svs_core/dk=15, 1741737280413
Received update: /ndn/bg-site/bg/svs_core/bg=15, 1741737282280
Received update: /ndn/lu-site/lu/svs_core/lu=16, 1741737284293
Received update: /ndn/be-site/be/svs_core/be=16, 1741737284510
Received update: /ndn/no-site/no/svs_core/no=16, 1741737286649
Received update: /ndn/am-site/am/svs_core/am=16, 1741737287400
Received update: /ndn/ie-site/ie/svs_core/ie=16, 1741737287400
Received update: /ndn/az-site/az/svs_core/az=15, 1741737288080
Received update: /ndn/tr-site/tr/svs_core/tr=16, 1741737288522
Received update: /ndn/fr1-site/fr1/svs_core/fr1=16, 1741737288523
Received update: /ndn/at-site/at/svs_core/at=16, 1741737289233
Received update: /ndn/cz-site/cz/svs_core/cz=16, 1741737289876
Received update: /ndn/al-site/al/svs_core/al=16, 1741737291886
Received update: /ndn/lv-site/lv/svs_core/lv=16, 1741737292876
Received update: /ndn/hu-site/hu/svs_core/hu=16, 1741737294605
Received update: /ndn/it-site/it/svs_core/it=16, 1741737294605
Received update: /ndn/me-site/me/svs_core/me=16, 1741737294605
Received update: /ndn/lt-site/lt/svs_core/lt=16, 1741737298454
Received update: /ndn/ch-site/ch/svs_core/ch=16, 1741737299168
Received update: /ndn/pt-site/pt/svs_core/pt=16, 1741737299208
Received update: /ndn/fi-site/fi/svs_core/fi=16, 1741737300626
Received update: /ndn/by-site/by/svs_core/by=16, 1741737301458
Received update: /ndn/rs-site/rs/svs_core/rs=16, 1741737302176
Received update: /ndn/si-site/si/svs_core/si=16, 1741737302176
Received update: /ndn/nl-site/nl/svs_core/nl=16, 1741737304708
Received update: /ndn/sk-site/sk/svs_core/sk=16, 1741737304708
Received update: /ndn/hr-site/hr/svs_core/hr=16, 1741737305661
Received update: /ndn/fr2-site/fr2/svs_core/fr2=16, 1741737306117
Received update: /ndn/mt-site/mt/svs_core/mt=16, 1741737306310
Received update: /ndn/ge-site/ge/svs_core/ge=16, 1741737307882
Received update: /ndn/pl-site/pl/svs_core/pl=16, 1741737307882
Received update: /ndn/se-site/se/svs_core/se=16, 1741737308087
Published sequence number: /ndn/gr-site/gr/svs_core/gr=16, 1741737309159
Sending Sync interest
Received update: /ndn/is-site/is/svs_core/is=16, 1741737310312
Received update: /ndn/de1-site/de1/svs_core/de1=16, 1741737311038
Received update: /ndn/il-site/il/svs_core/il=16, 1741737314212
Received update: /ndn/md-site/md/svs_core/md=16, 1741737316234
Received update: /ndn/ua-site/ua/svs_core/ua=16, 1741737320772
Received update: /ndn/uk-site/uk/svs_core/uk=16, 1741737320772
Received update: /ndn/ee-site/ee/svs_core/ee=16, 1741737321191
Received update: /ndn/es-site/es/svs_core/es=16, 1741737321670
Received update: /ndn/cy-site/cy/svs_core/cy=16, 1741737323350
Received update: /ndn/de2-site/de2/svs_core/de2=16, 1741737324358
Received update: /ndn/mk-site/mk/svs_core/mk=16, 1741737325087
Received update: /ndn/ro-site/ro/svs_core/ro=16, 1741737325087
Received update: /ndn/dk-site/dk/svs_core/dk=16, 1741737325418
Received update: /ndn/bg-site/bg/svs_core/bg=16, 1741737327226
Stopping SVS client: /ndn/gr-site/gr/svs_core/gr
