SVS client starting: /ndn/pt-site/pt/svs_core/pt
Sending Sync interest
Received update: /ndn/lu-site/lu/svs_core/lu=1, 1741736609162
Received update: /ndn/be-site/be/svs_core/be=1, 1741736609276
Received update: /ndn/ie-site/ie/svs_core/ie=1, 1741736610831
Received update: /ndn/am-site/am/svs_core/am=1, 1741736611312
Received update: /ndn/no-site/no/svs_core/no=1, 1741736611427
Received update: /ndn/fr1-site/fr1/svs_core/fr1=1, 1741736613272
Received update: /ndn/tr-site/tr/svs_core/tr=1, 1741736613359
Received update: /ndn/at-site/at/svs_core/at=1, 1741736614265
Received update: /ndn/cz-site/cz/svs_core/cz=1, 1741736614923
Received update: /ndn/al-site/al/svs_core/al=1, 1741736616777
Received update: /ndn/lv-site/lv/svs_core/lv=1, 1741736617511
Received update: /ndn/it-site/it/svs_core/it=1, 1741736617955
Received update: /ndn/me-site/me/svs_core/me=1, 1741736619558
Received update: /ndn/hu-site/hu/svs_core/hu=1, 1741736619605
Published sequence number: /ndn/pt-site/pt/svs_core/pt=1, 1741736619837
Sending Sync interest
Received update: /ndn/ch-site/ch/svs_core/ch=1, 1741736620039
Sending Sync interest
Received update: /ndn/rs-site/rs/svs_core/rs=1, 1741736620562
Received update: /ndn/fi-site/fi/svs_core/fi=1, 1741736621837
Received update: /ndn/lt-site/lt/svs_core/lt=1, 1741736623477
Received update: /ndn/mt-site/mt/svs_core/mt=1, 1741736624450
Received update: /ndn/by-site/by/svs_core/by=1, 1741736626383
Received update: /ndn/sk-site/sk/svs_core/sk=1, 1741736627256
Received update: /ndn/si-site/si/svs_core/si=1, 1741736627502
Received update: /ndn/nl-site/nl/svs_core/nl=1, 1741736630667
Received update: /ndn/fr2-site/fr2/svs_core/fr2=1, 1741736630667
Received update: /ndn/hr-site/hr/svs_core/hr=1, 1741736630704
Received update: /ndn/ge-site/ge/svs_core/ge=1, 1741736631736
Received update: /ndn/se-site/se/svs_core/se=1, 1741736632964
Received update: /ndn/pl-site/pl/svs_core/pl=1, 1741736632965
Received update: /ndn/gr-site/gr/svs_core/gr=1, 1741736634310
Received update: /ndn/is-site/is/svs_core/is=1, 1741736635090
Received update: /ndn/de1-site/de1/svs_core/de1=1, 1741736636012
Received update: /ndn/il-site/il/svs_core/il=1, 1741736638613
Received update: /ndn/uk-site/uk/svs_core/uk=1, 1741736641479
Received update: /ndn/md-site/md/svs_core/md=1, 1741736642132
Received update: /ndn/ee-site/ee/svs_core/ee=1, 1741736642299
Received update: /ndn/es-site/es/svs_core/es=1, 1741736646382
Received update: /ndn/ua-site/ua/svs_core/ua=1, 1741736646590
Received update: /ndn/cy-site/cy/svs_core/cy=1, 1741736648275
Received update: /ndn/de2-site/de2/svs_core/de2=1, 1741736649308
Received update: /ndn/bg-site/bg/svs_core/bg=1, 1741736652266
Received update: /ndn/ro-site/ro/svs_core/ro=1, 1741736652266
Received update: /ndn/az-site/az/svs_core/az=1, 1741736652831
Received update: /ndn/dk-site/dk/svs_core/dk=1, 1741736653348
Received update: /ndn/mk-site/mk/svs_core/mk=1, 1741736653348
Received update: /ndn/be-site/be/svs_core/be=2, 1741736654427
Received update: /ndn/lu-site/lu/svs_core/lu=2, 1741736654427
Received update: /ndn/no-site/no/svs_core/no=2, 1741736656390
Received update: /ndn/fr1-site/fr1/svs_core/fr1=2, 1741736658276
Received update: /ndn/at-site/at/svs_core/at=2, 1741736659327
Received update: /ndn/ie-site/ie/svs_core/ie=2, 1741736659327
Received update: /ndn/tr-site/tr/svs_core/tr=2, 1741736659371
Received update: /ndn/am-site/am/svs_core/am=2, 1741736659614
Received update: /ndn/cz-site/cz/svs_core/cz=2, 1741736659975
Received update: /ndn/al-site/al/svs_core/al=2, 1741736661989
Received update: /ndn/lv-site/lv/svs_core/lv=2, 1741736662504
Received update: /ndn/it-site/it/svs_core/it=2, 1741736662954
Received update: /ndn/hu-site/hu/svs_core/hu=2, 1741736664665
Published sequence number: /ndn/pt-site/pt/svs_core/pt=2, 1741736664847
Sending Sync interest
Received update: /ndn/ch-site/ch/svs_core/ch=2, 1741736665230
Sending Sync interest
Received update: /ndn/me-site/me/svs_core/me=2, 1741736665457
Sending Sync interest
Max suppression time updated to: 600
Received update: /ndn/rs-site/rs/svs_core/rs=2, 1741736666629
Received update: /ndn/fi-site/fi/svs_core/fi=2, 1741736667083
Received update: /ndn/by-site/by/svs_core/by=2, 1741736671740
Received update: /ndn/lt-site/lt/svs_core/lt=2, 1741736671740
Received update: /ndn/mt-site/mt/svs_core/mt=2, 1741736671740
Received update: /ndn/si-site/si/svs_core/si=2, 1741736672197
Received update: /ndn/sk-site/sk/svs_core/sk=2, 1741736672265
Received update: /ndn/nl-site/nl/svs_core/nl=2, 1741736674182
Received update: /ndn/hr-site/hr/svs_core/hr=2, 1741736675705
Received update: /ndn/pl-site/pl/svs_core/pl=2, 1741736677964
Received update: /ndn/fr2-site/fr2/svs_core/fr2=2, 1741736678100
Received update: /ndn/ge-site/ge/svs_core/ge=2, 1741736678156
Received update: /ndn/se-site/se/svs_core/se=2, 1741736678617
Received update: /ndn/gr-site/gr/svs_core/gr=2, 1741736679307
Received update: /ndn/de1-site/de1/svs_core/de1=2, 1741736681158
Received update: /ndn/is-site/is/svs_core/is=2, 1741736681650
Received update: /ndn/md-site/md/svs_core/md=2, 1741736681839
Received update: /ndn/uk-site/uk/svs_core/uk=2, 1741736686483
Received update: /ndn/il-site/il/svs_core/il=2, 1741736686783
Received update: /ndn/ee-site/ee/svs_core/ee=2, 1741736687142
Received update: /ndn/ua-site/ua/svs_core/ua=2, 1741736690770
Received update: /ndn/es-site/es/svs_core/es=2, 1741736691384
Received update: /ndn/ro-site/ro/svs_core/ro=2, 1741736694305
Received update: /ndn/de2-site/de2/svs_core/de2=2, 1741736694305
Received update: /ndn/mk-site/mk/svs_core/mk=2, 1741736694680
Received update: /ndn/cy-site/cy/svs_core/cy=2, 1741736694732
Received update: /ndn/dk-site/dk/svs_core/dk=2, 1741736695438
Received update: /ndn/bg-site/bg/svs_core/bg=2, 1741736697358
Received update: /ndn/az-site/az/svs_core/az=2, 1741736698174
Received update: /ndn/be-site/be/svs_core/be=3, 1741736699290
Received update: /ndn/lu-site/lu/svs_core/lu=3, 1741736699290
Received update: /ndn/ie-site/ie/svs_core/ie=3, 1741736701138
Received update: /ndn/am-site/am/svs_core/am=3, 1741736701305
Received update: /ndn/no-site/no/svs_core/no=3, 1741736703280
Received update: /ndn/fr1-site/fr1/svs_core/fr1=3, 1741736703280
Received update: /ndn/at-site/at/svs_core/at=3, 1741736704905
Received update: /ndn/cz-site/cz/svs_core/cz=3, 1741736704905
Received update: /ndn/tr-site/tr/svs_core/tr=3, 1741736704905
Received update: /ndn/al-site/al/svs_core/al=3, 1741736708865
Received update: /ndn/it-site/it/svs_core/it=3, 1741736708865
Received update: /ndn/lv-site/lv/svs_core/lv=3, 1741736708865
Published sequence number: /ndn/pt-site/pt/svs_core/pt=3, 1741736709848
Sending Sync interest
Received update: /ndn/ch-site/ch/svs_core/ch=3, 1741736710063
Received update: /ndn/hu-site/hu/svs_core/hu=3, 1741736710063
Received update: /ndn/rs-site/rs/svs_core/rs=3, 1741736710585
Received update: /ndn/me-site/me/svs_core/me=3, 1741736710952
Sending Sync interest
Sending Sync interest
Received update: /ndn/fi-site/fi/svs_core/fi=3, 1741736711703
Received update: /ndn/lt-site/lt/svs_core/lt=3, 1741736717212
Received update: /ndn/si-site/si/svs_core/si=3, 1741736717212
Received update: /ndn/mt-site/mt/svs_core/mt=3, 1741736717801
Received update: /ndn/by-site/by/svs_core/by=3, 1741736718029
Received update: /ndn/sk-site/sk/svs_core/sk=3, 1741736718517
Received update: /ndn/nl-site/nl/svs_core/nl=3, 1741736719034
Received update: /ndn/hr-site/hr/svs_core/hr=3, 1741736720875
Received update: /ndn/ge-site/ge/svs_core/ge=3, 1741736721748
Received update: /ndn/fr2-site/fr2/svs_core/fr2=3, 1741736721878
Received update: /ndn/pl-site/pl/svs_core/pl=3, 1741736722893
Received update: /ndn/se-site/se/svs_core/se=3, 1741736722977
Received update: /ndn/gr-site/gr/svs_core/gr=3, 1741736724276
Received update: /ndn/ee-site/ee/svs_core/ee=3, 1741736732183
Received update: /ndn/il-site/il/svs_core/il=3, 1741736732183
Received update: /ndn/is-site/is/svs_core/is=3, 1741736732183
Received update: /ndn/de1-site/de1/svs_core/de1=3, 1741736732183
Received update: /ndn/uk-site/uk/svs_core/uk=3, 1741736732321
Received update: /ndn/md-site/md/svs_core/md=3, 1741736732726
Received update: /ndn/es-site/es/svs_core/es=3, 1741736736960
Received update: /ndn/ua-site/ua/svs_core/ua=3, 1741736736960
Received update: /ndn/cy-site/cy/svs_core/cy=3, 1741736738505
Received update: /ndn/ro-site/ro/svs_core/ro=3, 1741736739230
Received update: /ndn/de2-site/de2/svs_core/de2=3, 1741736739394
Received update: /ndn/dk-site/dk/svs_core/dk=3, 1741736740310
Received update: /ndn/bg-site/bg/svs_core/bg=3, 1741736742324
Received update: /ndn/az-site/az/svs_core/az=3, 1741736742838
Received update: /ndn/mk-site/mk/svs_core/mk=3, 1741736743573
Received update: /ndn/lu-site/lu/svs_core/lu=4, 1741736744180
Received update: /ndn/ie-site/ie/svs_core/ie=4, 1741736746500
Received update: /ndn/no-site/no/svs_core/no=4, 1741736746500
Received update: /ndn/fr1-site/fr1/svs_core/fr1=4, 1741736748307
Received update: /ndn/be-site/be/svs_core/be=4, 1741736749153
Received update: /ndn/am-site/am/svs_core/am=4, 1741736749324
Received update: /ndn/at-site/at/svs_core/at=4, 1741736749324
Received update: /ndn/tr-site/tr/svs_core/tr=4, 1741736749324
Received update: /ndn/cz-site/cz/svs_core/cz=4, 1741736749984
Received update: /ndn/al-site/al/svs_core/al=4, 1741736751732
Received update: /ndn/it-site/it/svs_core/it=4, 1741736753020
Received update: /ndn/me-site/me/svs_core/me=4, 1741736754632
Published sequence number: /ndn/pt-site/pt/svs_core/pt=4, 1741736754853
Sending Sync interest
Received update: /ndn/ch-site/ch/svs_core/ch=4, 1741736755062
Received update: /ndn/hu-site/hu/svs_core/hu=4, 1741736755431
Sending Sync interest
Received update: /ndn/lv-site/lv/svs_core/lv=4, 1741736756424
Max suppression time updated to: 498
Max suppression time updated to: 531
Max suppression time updated to: 528
Max suppression time updated to: 543
Received update: /ndn/fi-site/fi/svs_core/fi=4, 1741736757835
Received update: /ndn/rs-site/rs/svs_core/rs=4, 1741736757949
Received update: /ndn/lt-site/lt/svs_core/lt=4, 1741736758516
Received update: /ndn/by-site/by/svs_core/by=4, 1741736761427
Received update: /ndn/si-site/si/svs_core/si=4, 1741736762221
Received update: /ndn/mt-site/mt/svs_core/mt=4, 1741736762693
Received update: /ndn/sk-site/sk/svs_core/sk=4, 1741736762693
Received update: /ndn/nl-site/nl/svs_core/nl=4, 1741736765605
Received update: /ndn/fr2-site/fr2/svs_core/fr2=4, 1741736765605
Received update: /ndn/hr-site/hr/svs_core/hr=4, 1741736765823
Received update: /ndn/pl-site/pl/svs_core/pl=4, 1741736767930
Received update: /ndn/se-site/se/svs_core/se=4, 1741736768111
Sending Sync interest
Received update: /ndn/ge-site/ge/svs_core/ge=4, 1741736769064
Received update: /ndn/gr-site/gr/svs_core/gr=4, 1741736769370
Received update: /ndn/is-site/is/svs_core/is=4, 1741736770100
Received update: /ndn/il-site/il/svs_core/il=4, 1741736773772
Received update: /ndn/uk-site/uk/svs_core/uk=4, 1741736776496
Received update: /ndn/ee-site/ee/svs_core/ee=4, 1741736777353
Received update: /ndn/de1-site/de1/svs_core/de1=4, 1741736777353
Received update: /ndn/md-site/md/svs_core/md=4, 1741736777850
Received update: /ndn/es-site/es/svs_core/es=4, 1741736781401
Received update: /ndn/ro-site/ro/svs_core/ro=4, 1741736782278
Sending Sync interest
Received update: /ndn/cy-site/cy/svs_core/cy=4, 1741736783279
Received update: /ndn/ua-site/ua/svs_core/ua=4, 1741736784761
Received update: /ndn/de2-site/de2/svs_core/de2=4, 1741736784761
Received update: /ndn/dk-site/dk/svs_core/dk=4, 1741736785307
Received update: /ndn/mk-site/mk/svs_core/mk=4, 1741736785307
Received update: /ndn/bg-site/bg/svs_core/bg=4, 1741736787358
Received update: /ndn/az-site/az/svs_core/az=4, 1741736787765
Received update: /ndn/lu-site/lu/svs_core/lu=5, 1741736789577
Received update: /ndn/be-site/be/svs_core/be=5, 1741736790431
Received update: /ndn/am-site/am/svs_core/am=5, 1741736791366
Received update: /ndn/ie-site/ie/svs_core/ie=5, 1741736791508
Received update: /ndn/tr-site/tr/svs_core/tr=5, 1741736793377
Received update: /ndn/fr1-site/fr1/svs_core/fr1=5, 1741736793560
Received update: /ndn/no-site/no/svs_core/no=5, 1741736794237
Received update: /ndn/at-site/at/svs_core/at=5, 1741736794695
Received update: /ndn/al-site/al/svs_core/al=5, 1741736796783
Received update: /ndn/it-site/it/svs_core/it=5, 1741736798765
Received update: /ndn/lv-site/lv/svs_core/lv=5, 1741736798765
Published sequence number: /ndn/pt-site/pt/svs_core/pt=5, 1741736799861
Sending Sync interest
Received update: /ndn/ch-site/ch/svs_core/ch=5, 1741736800153
Received update: /ndn/cz-site/cz/svs_core/cz=5, 1741736800153
Received update: /ndn/me-site/me/svs_core/me=5, 1741736800153
Received update: /ndn/hu-site/hu/svs_core/hu=5, 1741736804597
Received update: /ndn/mt-site/mt/svs_core/mt=5, 1741736804597
Sending Sync interest
Received update: /ndn/lt-site/lt/svs_core/lt=5, 1741736805236
Sending Sync interest
Received update: /ndn/by-site/by/svs_core/by=5, 1741736806448
Received update: /ndn/si-site/si/svs_core/si=5, 1741736807892
Received update: /ndn/sk-site/sk/svs_core/sk=5, 1741736807925
Received update: /ndn/rs-site/rs/svs_core/rs=5, 1741736807973
Received update: /ndn/nl-site/nl/svs_core/nl=5, 1741736809162
Received update: /ndn/fi-site/fi/svs_core/fi=5, 1741736811948
Received update: /ndn/ge-site/ge/svs_core/ge=5, 1741736811948
Received update: /ndn/hr-site/hr/svs_core/hr=5, 1741736812985
Received update: /ndn/fr2-site/fr2/svs_core/fr2=5, 1741736812985
Received update: /ndn/pl-site/pl/svs_core/pl=5, 1741736813698
Received update: /ndn/se-site/se/svs_core/se=5, 1741736814270
Received update: /ndn/is-site/is/svs_core/is=5, 1741736815194
Received update: /ndn/gr-site/gr/svs_core/gr=5, 1741736816117
Received update: /ndn/md-site/md/svs_core/md=5, 1741736817110
Received update: /ndn/de1-site/de1/svs_core/de1=5, 1741736817110
Received update: /ndn/il-site/il/svs_core/il=5, 1741736818746
Received update: /ndn/es-site/es/svs_core/es=5, 1741736826916
Received update: /ndn/uk-site/uk/svs_core/uk=5, 1741736826916
Received update: /ndn/ro-site/ro/svs_core/ro=5, 1741736827230
Received update: /ndn/ee-site/ee/svs_core/ee=5, 1741736827751
Received update: /ndn/ua-site/ua/svs_core/ua=5, 1741736828080
Received update: /ndn/de2-site/de2/svs_core/de2=5, 1741736829394
Received update: /ndn/mk-site/mk/svs_core/mk=5, 1741736829439
Received update: /ndn/cy-site/cy/svs_core/cy=5, 1741736830005
Received update: /ndn/dk-site/dk/svs_core/dk=5, 1741736830315
Received update: /ndn/bg-site/bg/svs_core/bg=5, 1741736832328
Received update: /ndn/be-site/be/svs_core/be=6, 1741736834316
Received update: /ndn/ie-site/ie/svs_core/ie=6, 1741736836272
Received update: /ndn/am-site/am/svs_core/am=6, 1741736836399
Received update: /ndn/lu-site/lu/svs_core/lu=6, 1741736836573
Received update: /ndn/no-site/no/svs_core/no=6, 1741736836941
Received update: /ndn/az-site/az/svs_core/az=5, 1741736837111
Received update: /ndn/fr1-site/fr1/svs_core/fr1=6, 1741736838317
Received update: /ndn/at-site/at/svs_core/at=6, 1741736839780
Received update: /ndn/tr-site/tr/svs_core/tr=6, 1741736839780
Received update: /ndn/cz-site/cz/svs_core/cz=6, 1741736839860
Received update: /ndn/al-site/al/svs_core/al=6, 1741736841693
Received update: /ndn/it-site/it/svs_core/it=6, 1741736843074
Received update: /ndn/lv-site/lv/svs_core/lv=6, 1741736843074
Published sequence number: /ndn/pt-site/pt/svs_core/pt=6, 1741736844864
Sending Sync interest
Received update: /ndn/ch-site/ch/svs_core/ch=6, 1741736845067
Max suppression time updated to: 552
Received update: /ndn/hu-site/hu/svs_core/hu=6, 1741736846225
Received update: /ndn/fi-site/fi/svs_core/fi=6, 1741736849358
Received update: /ndn/lt-site/lt/svs_core/lt=6, 1741736849358
Received update: /ndn/mt-site/mt/svs_core/mt=6, 1741736849389
Received update: /ndn/me-site/me/svs_core/me=6, 1741736850264
Received update: /ndn/rs-site/rs/svs_core/rs=6, 1741736850974
Received update: /ndn/si-site/si/svs_core/si=6, 1741736852267
Received update: /ndn/by-site/by/svs_core/by=6, 1741736853060
Received update: /ndn/sk-site/sk/svs_core/sk=6, 1741736853352
Received update: /ndn/nl-site/nl/svs_core/nl=6, 1741736854145
Received update: /ndn/hr-site/hr/svs_core/hr=6, 1741736855853
Received update: /ndn/ge-site/ge/svs_core/ge=6, 1741736856772
Received update: /ndn/fr2-site/fr2/svs_core/fr2=6, 1741736857297
Received update: /ndn/pl-site/pl/svs_core/pl=6, 1741736857998
Received update: /ndn/gr-site/gr/svs_core/gr=6, 1741736859287
Received update: /ndn/is-site/is/svs_core/is=6, 1741736860108
Received update: /ndn/md-site/md/svs_core/md=6, 1741736860882
Received update: /ndn/se-site/se/svs_core/se=6, 1741736860882
Received update: /ndn/de1-site/de1/svs_core/de1=6, 1741736861081
Received update: /ndn/il-site/il/svs_core/il=6, 1741736863652
Received update: /ndn/uk-site/uk/svs_core/uk=6, 1741736866511
Received update: /ndn/ua-site/ua/svs_core/ua=6, 1741736870859
Received update: /ndn/es-site/es/svs_core/es=6, 1741736871400
Received update: /ndn/ro-site/ro/svs_core/ro=6, 1741736872156
Received update: /ndn/ee-site/ee/svs_core/ee=6, 1741736872639
Received update: /ndn/cy-site/cy/svs_core/cy=6, 1741736874313
Received update: /ndn/de2-site/de2/svs_core/de2=6, 1741736874313
Received update: /ndn/mk-site/mk/svs_core/mk=6, 1741736874710
Received update: /ndn/az-site/az/svs_core/az=6, 1741736879207
Received update: /ndn/bg-site/bg/svs_core/bg=6, 1741736879207
Received update: /ndn/dk-site/dk/svs_core/dk=6, 1741736879207
Received update: /ndn/lu-site/lu/svs_core/lu=7, 1741736879207
Received update: /ndn/ie-site/ie/svs_core/ie=7, 1741736880862
Received update: /ndn/be-site/be/svs_core/be=7, 1741736881503
Received update: /ndn/no-site/no/svs_core/no=7, 1741736882094
Received update: /ndn/fr1-site/fr1/svs_core/fr1=7, 1741736883330
Received update: /ndn/at-site/at/svs_core/at=7, 1741736884324
Received update: /ndn/tr-site/tr/svs_core/tr=7, 1741736884324
Received update: /ndn/cz-site/cz/svs_core/cz=7, 1741736888396
Received update: /ndn/it-site/it/svs_core/it=7, 1741736888396
Received update: /ndn/lv-site/lv/svs_core/lv=7, 1741736888396
Received update: /ndn/am-site/am/svs_core/am=7, 1741736888975
Published sequence number: /ndn/pt-site/pt/svs_core/pt=7, 1741736889865
Sending Sync interest
Received update: /ndn/ch-site/ch/svs_core/ch=7, 1741736890205
Received update: /ndn/hu-site/hu/svs_core/hu=7, 1741736890205
Received update: /ndn/rs-site/rs/svs_core/rs=7, 1741736891383
Received update: /ndn/me-site/me/svs_core/me=7, 1741736891429
Sending Sync interest
Max suppression time updated to: 531
Received update: /ndn/al-site/al/svs_core/al=7, 1741736892536
Max suppression time updated to: 531
Received update: /ndn/fi-site/fi/svs_core/fi=7, 1741736893315
Received update: /ndn/by-site/by/svs_core/by=7, 1741736896445
Received update: /ndn/lt-site/lt/svs_core/lt=7, 1741736896767
Received update: /ndn/sk-site/sk/svs_core/sk=7, 1741736897291
Received update: /ndn/si-site/si/svs_core/si=7, 1741736897328
Received update: /ndn/nl-site/nl/svs_core/nl=7, 1741736899062
Received update: /ndn/mt-site/mt/svs_core/mt=7, 1741736899294
Received update: /ndn/fr2-site/fr2/svs_core/fr2=7, 1741736900717
Received update: /ndn/hr-site/hr/svs_core/hr=7, 1741736900798
Received update: /ndn/ge-site/ge/svs_core/ge=7, 1741736903103
Received update: /ndn/pl-site/pl/svs_core/pl=7, 1741736903103
Received update: /ndn/se-site/se/svs_core/se=7, 1741736903825
Received update: /ndn/is-site/is/svs_core/is=7, 1741736905519
Received update: /ndn/md-site/md/svs_core/md=7, 1741736906092
Received update: /ndn/de1-site/de1/svs_core/de1=7, 1741736906092
Received update: /ndn/gr-site/gr/svs_core/gr=7, 1741736906154
Received update: /ndn/il-site/il/svs_core/il=7, 1741736911971
Received update: /ndn/uk-site/uk/svs_core/uk=7, 1741736911971
Received update: /ndn/ee-site/ee/svs_core/ee=7, 1741736912185
Received update: /ndn/ua-site/ua/svs_core/ua=7, 1741736915837
Received update: /ndn/es-site/es/svs_core/es=7, 1741736917500
Received update: /ndn/ro-site/ro/svs_core/ro=7, 1741736917500
Received update: /ndn/mk-site/mk/svs_core/mk=7, 1741736919407
Received update: /ndn/cy-site/cy/svs_core/cy=7, 1741736919755
Received update: /ndn/de2-site/de2/svs_core/de2=7, 1741736919755
Received update: /ndn/dk-site/dk/svs_core/dk=7, 1741736920455
Received update: /ndn/be-site/be/svs_core/be=8, 1741736924318
Received update: /ndn/bg-site/bg/svs_core/bg=7, 1741736924318
Received update: /ndn/no-site/no/svs_core/no=8, 1741736926482
Received update: /ndn/lu-site/lu/svs_core/lu=8, 1741736927009
Received update: /ndn/az-site/az/svs_core/az=7, 1741736927011
Received update: /ndn/ie-site/ie/svs_core/ie=8, 1741736927026
Sending Sync interest
Received update: /ndn/fr1-site/fr1/svs_core/fr1=8, 1741736928511
Received update: /ndn/tr-site/tr/svs_core/tr=8, 1741736928552
Received update: /ndn/am-site/am/svs_core/am=8, 1741736928918
Received update: /ndn/at-site/at/svs_core/at=8, 1741736929321
Received update: /ndn/cz-site/cz/svs_core/cz=8, 1741736929911
Received update: /ndn/al-site/al/svs_core/al=8, 1741736931690
Received update: /ndn/it-site/it/svs_core/it=8, 1741736932987
Received update: /ndn/lv-site/lv/svs_core/lv=8, 1741736934515
Received update: /ndn/me-site/me/svs_core/me=8, 1741736934515
Received update: /ndn/hu-site/hu/svs_core/hu=8, 1741736934732
Published sequence number: /ndn/pt-site/pt/svs_core/pt=8, 1741736934869
Sending Sync interest
Received update: /ndn/ch-site/ch/svs_core/ch=8, 1741736935082
Received update: /ndn/fi-site/fi/svs_core/fi=8, 1741736936814
Received update: /ndn/lt-site/lt/svs_core/lt=8, 1741736939702
Received update: /ndn/mt-site/mt/svs_core/mt=8, 1741736939702
Received update: /ndn/si-site/si/svs_core/si=8, 1741736942605
Received update: /ndn/rs-site/rs/svs_core/rs=8, 1741736943161
Received update: /ndn/fr2-site/fr2/svs_core/fr2=8, 1741736945636
Received update: /ndn/hr-site/hr/svs_core/hr=8, 1741736945864
Received update: /ndn/sk-site/sk/svs_core/sk=8, 1741736945864
Received update: /ndn/nl-site/nl/svs_core/nl=8, 1741736946348
Received update: /ndn/by-site/by/svs_core/by=8, 1741736946429
Received update: /ndn/ge-site/ge/svs_core/ge=8, 1741736946775
Received update: /ndn/pl-site/pl/svs_core/pl=8, 1741736947920
Received update: /ndn/gr-site/gr/svs_core/gr=8, 1741736949359
Received update: /ndn/se-site/se/svs_core/se=8, 1741736949547
Received update: /ndn/is-site/is/svs_core/is=8, 1741736950134
Received update: /ndn/de1-site/de1/svs_core/de1=8, 1741736951175
Received update: /ndn/il-site/il/svs_core/il=8, 1741736956520
Received update: /ndn/uk-site/uk/svs_core/uk=8, 1741736956520
Received update: /ndn/ee-site/ee/svs_core/ee=8, 1741736957548
Received update: /ndn/es-site/es/svs_core/es=8, 1741736961499
Received update: /ndn/md-site/md/svs_core/md=8, 1741736961499
Received update: /ndn/ro-site/ro/svs_core/ro=8, 1741736962117
Received update: /ndn/cy-site/cy/svs_core/cy=8, 1741736964325
Received update: /ndn/ua-site/ua/svs_core/ua=8, 1741736964325
Received update: /ndn/de2-site/de2/svs_core/de2=8, 1741736964325
Received update: /ndn/dk-site/dk/svs_core/dk=8, 1741736965334
Received update: /ndn/mk-site/mk/svs_core/mk=8, 1741736965909
Received update: /ndn/bg-site/bg/svs_core/bg=8, 1741736967458
Received update: /ndn/az-site/az/svs_core/az=8, 1741736969976
Received update: /ndn/be-site/be/svs_core/be=9, 1741736969976
Received update: /ndn/lu-site/lu/svs_core/lu=9, 1741736970277
Received update: /ndn/no-site/no/svs_core/no=9, 1741736971735
Received update: /ndn/ie-site/ie/svs_core/ie=9, 1741736971805
Received update: /ndn/am-site/am/svs_core/am=9, 1741736972026
Received update: /ndn/fr1-site/fr1/svs_core/fr1=9, 1741736973333
Received update: /ndn/tr-site/tr/svs_core/tr=9, 1741736974133
Received update: /ndn/at-site/at/svs_core/at=9, 1741736977655
Received update: /ndn/lv-site/lv/svs_core/lv=9, 1741736977655
Received update: /ndn/cz-site/cz/svs_core/cz=9, 1741736977987
Received update: /ndn/it-site/it/svs_core/it=9, 1741736978071
Received update: /ndn/hu-site/hu/svs_core/hu=9, 1741736979825
Received update: /ndn/me-site/me/svs_core/me=9, 1741736979825
Published sequence number: /ndn/pt-site/pt/svs_core/pt=9, 1741736979870
Sending Sync interest
Received update: /ndn/al-site/al/svs_core/al=9, 1741736979995
Sending Sync interest
Received update: /ndn/ch-site/ch/svs_core/ch=9, 1741736980705
Sending Sync interest
Received update: /ndn/rs-site/rs/svs_core/rs=9, 1741736981842
Sending Sync interest
Received update: /ndn/lt-site/lt/svs_core/lt=9, 1741736983764
Received update: /ndn/fi-site/fi/svs_core/fi=9, 1741736984232
Received update: /ndn/si-site/si/svs_core/si=9, 1741736987247
Received update: /ndn/sk-site/sk/svs_core/sk=9, 1741736987796
Received update: /ndn/mt-site/mt/svs_core/mt=9, 1741736988018
Received update: /ndn/by-site/by/svs_core/by=9, 1741736989672
Received update: /ndn/nl-site/nl/svs_core/nl=9, 1741736989672
Received update: /ndn/hr-site/hr/svs_core/hr=9, 1741736990770
Received update: /ndn/ge-site/ge/svs_core/ge=9, 1741736991825
Received update: /ndn/fr2-site/fr2/svs_core/fr2=9, 1741736992445
Received update: /ndn/pl-site/pl/svs_core/pl=9, 1741736993803
Received update: /ndn/se-site/se/svs_core/se=9, 1741736993803
Received update: /ndn/is-site/is/svs_core/is=9, 1741736995365
Received update: /ndn/il-site/il/svs_core/il=9, 1741736998663
Received update: /ndn/de1-site/de1/svs_core/de1=9, 1741736998937
Received update: /ndn/gr-site/gr/svs_core/gr=9, 1741736999487
Received update: /ndn/uk-site/uk/svs_core/uk=9, 1741737001524
Received update: /ndn/ee-site/ee/svs_core/ee=9, 1741737002146
Received update: /ndn/md-site/md/svs_core/md=9, 1741737006482
Received update: /ndn/ua-site/ua/svs_core/ua=9, 1741737006482
Received update: /ndn/ro-site/ro/svs_core/ro=9, 1741737007137
Received update: /ndn/es-site/es/svs_core/es=9, 1741737007557
Received update: /ndn/cy-site/cy/svs_core/cy=9, 1741737009332
Received update: /ndn/de2-site/de2/svs_core/de2=9, 1741737009332
Received update: /ndn/dk-site/dk/svs_core/dk=9, 1741737010395
Received update: /ndn/mk-site/mk/svs_core/mk=9, 1741737010395
Received update: /ndn/bg-site/bg/svs_core/bg=9, 1741737014225
Received update: /ndn/lu-site/lu/svs_core/lu=10, 1741737014225
Received update: /ndn/be-site/be/svs_core/be=10, 1741737014318
Received update: /ndn/az-site/az/svs_core/az=9, 1741737014758
Received update: /ndn/ie-site/ie/svs_core/ie=10, 1741737016127
Received update: /ndn/am-site/am/svs_core/am=10, 1741737016338
Received update: /ndn/tr-site/tr/svs_core/tr=10, 1741737018397
Received update: /ndn/no-site/no/svs_core/no=10, 1741737019239
Received update: /ndn/fr1-site/fr1/svs_core/fr1=10, 1741737019239
Received update: /ndn/at-site/at/svs_core/at=10, 1741737019371
Received update: /ndn/al-site/al/svs_core/al=10, 1741737021828
Received update: /ndn/cz-site/cz/svs_core/cz=10, 1741737023089
Received update: /ndn/it-site/it/svs_core/it=10, 1741737023089
Received update: /ndn/lv-site/lv/svs_core/lv=10, 1741737023878
Received update: /ndn/hu-site/hu/svs_core/hu=10, 1741737024715
Published sequence number: /ndn/pt-site/pt/svs_core/pt=10, 1741737024882
Sending Sync interest
Received update: /ndn/ch-site/ch/svs_core/ch=10, 1741737025104
Received update: /ndn/rs-site/rs/svs_core/rs=10, 1741737025628
Sending Sync interest
Received update: /ndn/by-site/by/svs_core/by=10, 1741737031824
Received update: /ndn/si-site/si/svs_core/si=10, 1741737032254
Received update: /ndn/fi-site/fi/svs_core/fi=10, 1741737032424
Received update: /ndn/me-site/me/svs_core/me=10, 1741737032555
Sending Sync interest
Received update: /ndn/lt-site/lt/svs_core/lt=10, 1741737032595
Sending Sync interest
Received update: /ndn/nl-site/nl/svs_core/nl=10, 1741737034171
Received update: /ndn/sk-site/sk/svs_core/sk=10, 1741737034171
Received update: /ndn/mt-site/mt/svs_core/mt=10, 1741737034393
Received update: /ndn/hr-site/hr/svs_core/hr=10, 1741737035763
Received update: /ndn/fr2-site/fr2/svs_core/fr2=10, 1741737035810
Received update: /ndn/pl-site/pl/svs_core/pl=10, 1741737038111
Received update: /ndn/se-site/se/svs_core/se=10, 1741737038463
Received update: /ndn/gr-site/gr/svs_core/gr=10, 1741737039349
Received update: /ndn/ge-site/ge/svs_core/ge=10, 1741737040066
Received update: /ndn/is-site/is/svs_core/is=10, 1741737040410
Received update: /ndn/de1-site/de1/svs_core/de1=10, 1741737041045
Received update: /ndn/uk-site/uk/svs_core/uk=10, 1741737046531
Received update: /ndn/ee-site/ee/svs_core/ee=10, 1741737047306
Received update: /ndn/il-site/il/svs_core/il=10, 1741737047775
Received update: /ndn/md-site/md/svs_core/md=10, 1741737048461
Received update: /ndn/es-site/es/svs_core/es=10, 1741737051413
Received update: /ndn/cy-site/cy/svs_core/cy=10, 1741737053295
Received update: /ndn/ro-site/ro/svs_core/ro=10, 1741737054205
Received update: /ndn/de2-site/de2/svs_core/de2=10, 1741737054478
Received update: /ndn/mk-site/mk/svs_core/mk=10, 1741737054512
Received update: /ndn/dk-site/dk/svs_core/dk=10, 1741737055334
Received update: /ndn/ua-site/ua/svs_core/ua=10, 1741737055688
Received update: /ndn/lu-site/lu/svs_core/lu=11, 1741737059224
Received update: /ndn/be-site/be/svs_core/be=11, 1741737059318
Received update: /ndn/bg-site/bg/svs_core/bg=10, 1741737059903
Received update: /ndn/ie-site/ie/svs_core/ie=11, 1741737060870
Received update: /ndn/az-site/az/svs_core/az=10, 1741737061262
Received update: /ndn/no-site/no/svs_core/no=11, 1741737061567
Received update: /ndn/am-site/am/svs_core/am=11, 1741737062346
Received update: /ndn/fr1-site/fr1/svs_core/fr1=11, 1741737063335
Received update: /ndn/tr-site/tr/svs_core/tr=11, 1741737063447
Received update: /ndn/at-site/at/svs_core/at=11, 1741737064377
Received update: /ndn/cz-site/cz/svs_core/cz=11, 1741737065021
Received update: /ndn/lv-site/lv/svs_core/lv=11, 1741737067556
Received update: /ndn/it-site/it/svs_core/it=11, 1741737067986
Received update: /ndn/al-site/al/svs_core/al=11, 1741737069139
Published sequence number: /ndn/pt-site/pt/svs_core/pt=11, 1741737069887
Sending Sync interest
Received update: /ndn/ch-site/ch/svs_core/ch=11, 1741737070144
Received update: /ndn/hu-site/hu/svs_core/hu=11, 1741737070144
Max suppression time updated to: 519
Max suppression time updated to: 525
Received update: /ndn/me-site/me/svs_core/me=11, 1741737070913
Max suppression time updated to: 534
Received update: /ndn/rs-site/rs/svs_core/rs=11, 1741737071620
Received update: /ndn/lt-site/lt/svs_core/lt=11, 1741737073830
Received update: /ndn/sk-site/sk/svs_core/sk=11, 1741737077310
Received update: /ndn/fi-site/fi/svs_core/fi=11, 1741737078101
Received update: /ndn/si-site/si/svs_core/si=11, 1741737078337
Received update: /ndn/by-site/by/svs_core/by=11, 1741737078709
Received update: /ndn/nl-site/nl/svs_core/nl=11, 1741737079083
Received update: /ndn/fr2-site/fr2/svs_core/fr2=11, 1741737080740
Received update: /ndn/hr-site/hr/svs_core/hr=11, 1741737080842
Received update: /ndn/ge-site/ge/svs_core/ge=11, 1741737081844
Sending Sync interest
Max suppression time updated to: 537
Received update: /ndn/mt-site/mt/svs_core/mt=11, 1741737083220
Received update: /ndn/gr-site/gr/svs_core/gr=11, 1741737084412
Received update: /ndn/se-site/se/svs_core/se=11, 1741737084412
Received update: /ndn/pl-site/pl/svs_core/pl=11, 1741737084699
Received update: /ndn/is-site/is/svs_core/is=11, 1741737085225
Received update: /ndn/il-site/il/svs_core/il=11, 1741737089334
Received update: /ndn/de1-site/de1/svs_core/de1=11, 1741737089334
Received update: /ndn/uk-site/uk/svs_core/uk=11, 1741737091531
Received update: /ndn/ee-site/ee/svs_core/ee=11, 1741737092296
Received update: /ndn/md-site/md/svs_core/md=11, 1741737093193
Received update: /ndn/ua-site/ua/svs_core/ua=11, 1741737095823
Received update: /ndn/es-site/es/svs_core/es=11, 1741737096419
Sending Sync interest
Received update: /ndn/cy-site/cy/svs_core/cy=11, 1741737098302
Received update: /ndn/de2-site/de2/svs_core/de2=11, 1741737099341
Received update: /ndn/mk-site/mk/svs_core/mk=11, 1741737099877
Received update: /ndn/ro-site/ro/svs_core/ro=11, 1741737100760
Received update: /ndn/dk-site/dk/svs_core/dk=11, 1741737101294
Received update: /ndn/az-site/az/svs_core/az=11, 1741737103219
Received update: /ndn/lu-site/lu/svs_core/lu=12, 1741737104230
Received update: /ndn/be-site/be/svs_core/be=12, 1741737105225
Received update: /ndn/bg-site/bg/svs_core/bg=11, 1741737105225
Received update: /ndn/ie-site/ie/svs_core/ie=12, 1741737105883
Sending Sync interest
Max suppression time updated to: 543
Received update: /ndn/no-site/no/svs_core/no=12, 1741737107075
Max suppression time updated to: 540
Received update: /ndn/am-site/am/svs_core/am=12, 1741737107162
Received update: /ndn/fr1-site/fr1/svs_core/fr1=12, 1741737108341
Received update: /ndn/at-site/at/svs_core/at=12, 1741737112991
Received update: /ndn/cz-site/cz/svs_core/cz=12, 1741737112991
Received update: /ndn/it-site/it/svs_core/it=12, 1741737112991
Received update: /ndn/lv-site/lv/svs_core/lv=12, 1741737112991
Received update: /ndn/tr-site/tr/svs_core/tr=12, 1741737112991
Received update: /ndn/me-site/me/svs_core/me=12, 1741737114529
Received update: /ndn/hu-site/hu/svs_core/hu=12, 1741737114720
Published sequence number: /ndn/pt-site/pt/svs_core/pt=12, 1741737114895
Sending Sync interest
Received update: /ndn/ch-site/ch/svs_core/ch=12, 1741737115114
Received update: /ndn/mt-site/mt/svs_core/mt=12, 1741737119396
Received update: /ndn/rs-site/rs/svs_core/rs=12, 1741737119754
Sending Sync interest
Received update: /ndn/lt-site/lt/svs_core/lt=12, 1741737120162
Sending Sync interest
Received update: /ndn/al-site/al/svs_core/al=12, 1741737120921
Max suppression time updated to: 543
Received update: /ndn/si-site/si/svs_core/si=12, 1741737122303
Received update: /ndn/sk-site/sk/svs_core/sk=12, 1741737122438
Received update: /ndn/hr-site/hr/svs_core/hr=12, 1741737125787
Received update: /ndn/nl-site/nl/svs_core/nl=12, 1741737125787
Received update: /ndn/fi-site/fi/svs_core/fi=12, 1741737126524
Received update: /ndn/fr2-site/fr2/svs_core/fr2=12, 1741737127027
Received update: /ndn/ge-site/ge/svs_core/ge=12, 1741737127894
Received update: /ndn/se-site/se/svs_core/se=12, 1741737128072
Received update: /ndn/by-site/by/svs_core/by=12, 1741737128547
Received update: /ndn/pl-site/pl/svs_core/pl=12, 1741737128547
Received update: /ndn/gr-site/gr/svs_core/gr=12, 1741737129459
Received update: /ndn/is-site/is/svs_core/is=12, 1741737130280
Received update: /ndn/md-site/md/svs_core/md=12, 1741737131004
Received update: /ndn/de1-site/de1/svs_core/de1=12, 1741737131008
Received update: /ndn/il-site/il/svs_core/il=12, 1741737133775
Received update: /ndn/es-site/es/svs_core/es=12, 1741737141507
Received update: /ndn/uk-site/uk/svs_core/uk=12, 1741737141507
Received update: /ndn/cy-site/cy/svs_core/cy=12, 1741737143379
Received update: /ndn/ee-site/ee/svs_core/ee=12, 1741737143379
Received update: /ndn/ro-site/ro/svs_core/ro=12, 1741737143379
Received update: /ndn/mk-site/mk/svs_core/mk=12, 1741737144554
Received update: /ndn/de2-site/de2/svs_core/de2=12, 1741737144721
Received update: /ndn/ua-site/ua/svs_core/ua=12, 1741737145013
Received update: /ndn/bg-site/bg/svs_core/bg=12, 1741737147437
Received update: /ndn/dk-site/dk/svs_core/dk=12, 1741737147998
Received update: /ndn/am-site/am/svs_core/am=13, 1741737151696
Received update: /ndn/be-site/be/svs_core/be=13, 1741737151696
Received update: /ndn/az-site/az/svs_core/az=12, 1741737152246
Sending Sync interest
Received update: /ndn/lu-site/lu/svs_core/lu=13, 1741737153591
Received update: /ndn/fr1-site/fr1/svs_core/fr1=13, 1741737153717
Received update: /ndn/at-site/at/svs_core/at=13, 1741737154332
Received update: /ndn/no-site/no/svs_core/no=13, 1741737154332
Received update: /ndn/tr-site/tr/svs_core/tr=13, 1741737154332
Received update: /ndn/cz-site/cz/svs_core/cz=13, 1741737155565
Received update: /ndn/ie-site/ie/svs_core/ie=13, 1741737155565
Received update: /ndn/al-site/al/svs_core/al=13, 1741737156708
Received update: /ndn/it-site/it/svs_core/it=13, 1741737158116
Received update: /ndn/hu-site/hu/svs_core/hu=13, 1741737159769
Published sequence number: /ndn/pt-site/pt/svs_core/pt=13, 1741737159898
Sending Sync interest
Received update: /ndn/ch-site/ch/svs_core/ch=13, 1741737160445
Received update: /ndn/rs-site/rs/svs_core/rs=13, 1741737160689
Sending Sync interest
Received update: /ndn/fi-site/fi/svs_core/fi=13, 1741737168372
Received update: /ndn/lt-site/lt/svs_core/lt=13, 1741737168372
Received update: /ndn/lv-site/lv/svs_core/lv=13, 1741737168372
Received update: /ndn/me-site/me/svs_core/me=13, 1741737168372
Received update: /ndn/mt-site/mt/svs_core/mt=13, 1741737168372
Received update: /ndn/si-site/si/svs_core/si=13, 1741737168372
Received update: /ndn/sk-site/sk/svs_core/sk=13, 1741737169088
Received update: /ndn/nl-site/nl/svs_core/nl=13, 1741737169093
Received update: /ndn/fr2-site/fr2/svs_core/fr2=13, 1741737170664
Received update: /ndn/hr-site/hr/svs_core/hr=13, 1741737170794
Received update: /ndn/by-site/by/svs_core/by=13, 1741737171976
Received update: /ndn/pl-site/pl/svs_core/pl=13, 1741737172984
Received update: /ndn/se-site/se/svs_core/se=13, 1741737173111
Received update: /ndn/ge-site/ge/svs_core/ge=13, 1741737173439
Received update: /ndn/gr-site/gr/svs_core/gr=13, 1741737175771
Received update: /ndn/is-site/is/svs_core/is=13, 1741737175771
Received update: /ndn/ee-site/ee/svs_core/ee=13, 1741737182239
Received update: /ndn/de1-site/de1/svs_core/de1=13, 1741737182239
Received update: /ndn/il-site/il/svs_core/il=13, 1741737182254
Received update: /ndn/md-site/md/svs_core/md=13, 1741737182254
Received update: /ndn/uk-site/uk/svs_core/uk=13, 1741737182254
Received update: /ndn/es-site/es/svs_core/es=13, 1741737186434
Received update: /ndn/cy-site/cy/svs_core/cy=13, 1741737189210
Received update: /ndn/ro-site/ro/svs_core/ro=13, 1741737189210
Received update: /ndn/de2-site/de2/svs_core/de2=13, 1741737189342
Received update: /ndn/ua-site/ua/svs_core/ua=13, 1741737189887
Received update: /ndn/dk-site/dk/svs_core/dk=13, 1741737190343
Received update: /ndn/mk-site/mk/svs_core/mk=13, 1741737190639
Received update: /ndn/be-site/be/svs_core/be=14, 1741737194402
Received update: /ndn/bg-site/bg/svs_core/bg=13, 1741737194402
Received update: /ndn/ie-site/ie/svs_core/ie=14, 1741737195897
Received update: /ndn/lu-site/lu/svs_core/lu=14, 1741737196275
Received update: /ndn/am-site/am/svs_core/am=14, 1741737197473
Received update: /ndn/no-site/no/svs_core/no=14, 1741737198014
Received update: /ndn/az-site/az/svs_core/az=13, 1741737198056
Received update: /ndn/fr1-site/fr1/svs_core/fr1=14, 1741737199181
Received update: /ndn/tr-site/tr/svs_core/tr=14, 1741737199264
Received update: /ndn/at-site/at/svs_core/at=14, 1741737199347
Received update: /ndn/cz-site/cz/svs_core/cz=14, 1741737199889
Received update: /ndn/lv-site/lv/svs_core/lv=14, 1741737202617
Received update: /ndn/it-site/it/svs_core/it=14, 1741737203080
Received update: /ndn/al-site/al/svs_core/al=14, 1741737203541
Received update: /ndn/me-site/me/svs_core/me=14, 1741737204636
Published sequence number: /ndn/pt-site/pt/svs_core/pt=14, 1741737204910
Sending Sync interest
Received update: /ndn/ch-site/ch/svs_core/ch=14, 1741737205389
Received update: /ndn/hu-site/hu/svs_core/hu=14, 1741737205389
Received update: /ndn/rs-site/rs/svs_core/rs=14, 1741737206760
Received update: /ndn/mt-site/mt/svs_core/mt=14, 1741737209368
Received update: /ndn/fi-site/fi/svs_core/fi=14, 1741737210162
Received update: /ndn/lt-site/lt/svs_core/lt=14, 1741737210312
Received update: /ndn/by-site/by/svs_core/by=14, 1741737212312
Received update: /ndn/sk-site/sk/svs_core/sk=14, 1741737212312
Received update: /ndn/si-site/si/svs_core/si=14, 1741737212398
Received update: /ndn/nl-site/nl/svs_core/nl=14, 1741737214111
Received update: /ndn/fr2-site/fr2/svs_core/fr2=14, 1741737215750
Received update: /ndn/hr-site/hr/svs_core/hr=14, 1741737215797
Received update: /ndn/ge-site/ge/svs_core/ge=14, 1741737216823
Received update: /ndn/pl-site/pl/svs_core/pl=14, 1741737218027
Received update: /ndn/se-site/se/svs_core/se=14, 1741737218075
Received update: /ndn/gr-site/gr/svs_core/gr=14, 1741737220248
Received update: /ndn/is-site/is/svs_core/is=14, 1741737220248
Received update: /ndn/de1-site/de1/svs_core/de1=14, 1741737221027
Received update: /ndn/il-site/il/svs_core/il=14, 1741737223703
Received update: /ndn/md-site/md/svs_core/md=14, 1741737224839
Received update: /ndn/uk-site/uk/svs_core/uk=14, 1741737226541
Received update: /ndn/es-site/es/svs_core/es=14, 1741737231536
Received update: /ndn/ro-site/ro/svs_core/ro=14, 1741737232141
Received update: /ndn/ee-site/ee/svs_core/ee=14, 1741737232273
Received update: /ndn/cy-site/cy/svs_core/cy=14, 1741737233615
Received update: /ndn/de2-site/de2/svs_core/de2=14, 1741737234400
Received update: /ndn/mk-site/mk/svs_core/mk=14, 1741737234524
Received update: /ndn/bg-site/bg/svs_core/bg=14, 1741737237359
Received update: /ndn/dk-site/dk/svs_core/dk=14, 1741737237627
Received update: /ndn/ua-site/ua/svs_core/ua=14, 1741737238313
Received update: /ndn/lu-site/lu/svs_core/lu=15, 1741737239286
Received update: /ndn/be-site/be/svs_core/be=15, 1741737240894
Received update: /ndn/ie-site/ie/svs_core/ie=15, 1741737240894
Received update: /ndn/am-site/am/svs_core/am=15, 1741737241431
Received update: /ndn/no-site/no/svs_core/no=15, 1741737241588
Received update: /ndn/az-site/az/svs_core/az=14, 1741737242069
Received update: /ndn/at-site/at/svs_core/at=15, 1741737245146
Received update: /ndn/cz-site/cz/svs_core/cz=15, 1741737245146
Received update: /ndn/tr-site/tr/svs_core/tr=15, 1741737245146
Received update: /ndn/fr1-site/fr1/svs_core/fr1=15, 1741737245151
Received update: /ndn/al-site/al/svs_core/al=15, 1741737246768
Received update: /ndn/it-site/it/svs_core/it=15, 1741737248001
Received update: /ndn/lv-site/lv/svs_core/lv=15, 1741737248001
Received update: /ndn/hu-site/hu/svs_core/hu=15, 1741737249685
Published sequence number: /ndn/pt-site/pt/svs_core/pt=15, 1741737249920
Sending Sync interest
Received update: /ndn/rs-site/rs/svs_core/rs=15, 1741737250668
Received update: /ndn/ch-site/ch/svs_core/ch=15, 1741737251149
Received update: /ndn/me-site/me/svs_core/me=15, 1741737251827
Received update: /ndn/fi-site/fi/svs_core/fi=15, 1741737252654
Received update: /ndn/by-site/by/svs_core/by=15, 1741737256503
Received update: /ndn/lt-site/lt/svs_core/lt=15, 1741737257311
Received update: /ndn/sk-site/sk/svs_core/sk=15, 1741737257311
Received update: /ndn/si-site/si/svs_core/si=15, 1741737257713
Received update: /ndn/mt-site/mt/svs_core/mt=15, 1741737260666
Received update: /ndn/fr2-site/fr2/svs_core/fr2=15, 1741737260666
Received update: /ndn/ge-site/ge/svs_core/ge=15, 1741737261870
Received update: /ndn/nl-site/nl/svs_core/nl=15, 1741737261870
Received update: /ndn/hr-site/hr/svs_core/hr=15, 1741737262006
Received update: /ndn/se-site/se/svs_core/se=15, 1741737263038
Received update: /ndn/pl-site/pl/svs_core/pl=15, 1741737263246
Received update: /ndn/gr-site/gr/svs_core/gr=15, 1741737266002
Received update: /ndn/is-site/is/svs_core/is=15, 1741737266002
Received update: /ndn/il-site/il/svs_core/il=15, 1741737271540
Received update: /ndn/uk-site/uk/svs_core/uk=15, 1741737271540
Received update: /ndn/de1-site/de1/svs_core/de1=15, 1741737271540
Received update: /ndn/ee-site/ee/svs_core/ee=15, 1741737272196
Received update: /ndn/ua-site/ua/svs_core/ua=15, 1741737276269
Received update: /ndn/es-site/es/svs_core/es=15, 1741737276444
Received update: /ndn/md-site/md/svs_core/md=15, 1741737277091
Received update: /ndn/cy-site/cy/svs_core/cy=15, 1741737278391
Received update: /ndn/ro-site/ro/svs_core/ro=15, 1741737278412
Received update: /ndn/dk-site/dk/svs_core/dk=15, 1741737280456
Received update: /ndn/mk-site/mk/svs_core/mk=15, 1741737280456
Received update: /ndn/de2-site/de2/svs_core/de2=15, 1741737280456
Received update: /ndn/bg-site/bg/svs_core/bg=15, 1741737282447
Received update: /ndn/lu-site/lu/svs_core/lu=16, 1741737284290
Received update: /ndn/be-site/be/svs_core/be=16, 1741737284340
Received update: /ndn/am-site/am/svs_core/am=16, 1741737286926
Received update: /ndn/ie-site/ie/svs_core/ie=16, 1741737286926
Received update: /ndn/no-site/no/svs_core/no=16, 1741737287394
Received update: /ndn/az-site/az/svs_core/az=15, 1741737288484
Received update: /ndn/fr1-site/fr1/svs_core/fr1=16, 1741737288484
Received update: /ndn/at-site/at/svs_core/at=16, 1741737289918
Received update: /ndn/cz-site/cz/svs_core/cz=16, 1741737289918
Received update: /ndn/tr-site/tr/svs_core/tr=16, 1741737289918
Received update: /ndn/al-site/al/svs_core/al=16, 1741737291757
Received update: /ndn/lv-site/lv/svs_core/lv=16, 1741737292673
Received update: /ndn/it-site/it/svs_core/it=16, 1741737293406
Received update: /ndn/hu-site/hu/svs_core/hu=16, 1741737294688
Received update: /ndn/me-site/me/svs_core/me=16, 1741737294688
Published sequence number: /ndn/pt-site/pt/svs_core/pt=16, 1741737294921
Sending Sync interest
Received update: /ndn/lt-site/lt/svs_core/lt=16, 1741737298538
Sending Sync interest
Max suppression time updated to: 549
Received update: /ndn/ch-site/ch/svs_core/ch=16, 1741737299871
Received update: /ndn/fi-site/fi/svs_core/fi=16, 1741737300496
Received update: /ndn/by-site/by/svs_core/by=16, 1741737304240
Received update: /ndn/nl-site/nl/svs_core/nl=16, 1741737304240
Received update: /ndn/rs-site/rs/svs_core/rs=16, 1741737304240
Received update: /ndn/si-site/si/svs_core/si=16, 1741737304240
Received update: /ndn/sk-site/sk/svs_core/sk=16, 1741737304842
Received update: /ndn/hr-site/hr/svs_core/hr=16, 1741737305993
Received update: /ndn/fr2-site/fr2/svs_core/fr2=16, 1741737306203
Received update: /ndn/mt-site/mt/svs_core/mt=16, 1741737307185
Received update: /ndn/ge-site/ge/svs_core/ge=16, 1741737308015
Received update: /ndn/pl-site/pl/svs_core/pl=16, 1741737308015
Received update: /ndn/se-site/se/svs_core/se=16, 1741737308211
Sending Sync interest
Received update: /ndn/gr-site/gr/svs_core/gr=16, 1741737309416
Received update: /ndn/is-site/is/svs_core/is=16, 1741737310455
Received update: /ndn/de1-site/de1/svs_core/de1=16, 1741737311168
Received update: /ndn/il-site/il/svs_core/il=16, 1741737314163
Received update: /ndn/md-site/md/svs_core/md=16, 1741737315186
Received update: /ndn/uk-site/uk/svs_core/uk=16, 1741737316550
Received update: /ndn/ua-site/ua/svs_core/ua=16, 1741737320856
Received update: /ndn/ee-site/ee/svs_core/ee=16, 1741737321321
Received update: /ndn/es-site/es/svs_core/es=16, 1741737321442
Received update: /ndn/cy-site/cy/svs_core/cy=16, 1741737323306
Received update: /ndn/mk-site/mk/svs_core/mk=16, 1741737325135
Received update: /ndn/ro-site/ro/svs_core/ro=16, 1741737325135
Received update: /ndn/de2-site/de2/svs_core/de2=16, 1741737325135
Received update: /ndn/dk-site/dk/svs_core/dk=16, 1741737325460
Received update: /ndn/bg-site/bg/svs_core/bg=16, 1741737327361
Stopping SVS client: /ndn/pt-site/pt/svs_core/pt
