SVS client starting: /ndn/al-site/al/svs_core/al
Sending Sync interest
Received update: /ndn/md-site/md/svs_core/md=1, 1742583896260
Received update: /ndn/it-site/it/svs_core/it=1, 1742583898575
Received update: /ndn/be-site/be/svs_core/be=1, 1742583901790
Received update: /ndn/is-site/is/svs_core/is=1, 1742583903417
Received update: /ndn/ie-site/ie/svs_core/ie=1, 1742583903761
Received update: /ndn/de1-site/de1/svs_core/de1=1, 1742583903867
Received update: /ndn/me-site/me/svs_core/me=1, 1742583903868
Received update: /ndn/at-site/at/svs_core/at=1, 1742583904905
Received update: /ndn/bg-site/bg/svs_core/bg=1, 1742583904905
Received update: /ndn/si-site/si/svs_core/si=1, 1742583905905
Received update: /ndn/am-site/am/svs_core/am=1, 1742583912221
Received update: /ndn/fr1-site/fr1/svs_core/fr1=1, 1742583912455
Published sequence number: /ndn/al-site/al/svs_core/al=1, 1742583913669
Received update: /ndn/by-site/by/svs_core/by=1, 1742583913670
Received update: /ndn/fr2-site/fr2/svs_core/fr2=1, 1742583913670
Received update: /ndn/uk-site/uk/svs_core/uk=1, 1742583913817
Received update: /ndn/az-site/az/svs_core/az=1, 1742583914414
Sending Sync interest
Received update: /ndn/ro-site/ro/svs_core/ro=1, 1742583914918
Received update: /ndn/nl-site/nl/svs_core/nl=1, 1742583918595
Received update: /ndn/cy-site/cy/svs_core/cy=1, 1742583918824
Received update: /ndn/lt-site/lt/svs_core/lt=1, 1742583918911
Received update: /ndn/de2-site/de2/svs_core/de2=1, 1742583919771
Received update: /ndn/mt-site/mt/svs_core/mt=1, 1742583921027
Received update: /ndn/lu-site/lu/svs_core/lu=1, 1742583921399
Received update: /ndn/mk-site/mk/svs_core/mk=1, 1742583927503
Received update: /ndn/gr-site/gr/svs_core/gr=1, 1742583927505
Received update: /ndn/ch-site/ch/svs_core/ch=1, 1742583927569
Received update: /ndn/pl-site/pl/svs_core/pl=1, 1742583929996
Received update: /ndn/ee-site/ee/svs_core/ee=1, 1742583930218
Received update: /ndn/es-site/es/svs_core/es=1, 1742583930268
Received update: /ndn/ge-site/ge/svs_core/ge=1, 1742583930889
Received update: /ndn/hr-site/hr/svs_core/hr=1, 1742583931769
Received update: /ndn/fi-site/fi/svs_core/fi=1, 1742583931970
Received update: /ndn/se-site/se/svs_core/se=1, 1742583932120
Received update: /ndn/rs-site/rs/svs_core/rs=1, 1742583934890
Received update: /ndn/tr-site/tr/svs_core/tr=1, 1742583934890
Received update: /ndn/dk-site/dk/svs_core/dk=1, 1742583934958
Received update: /ndn/hu-site/hu/svs_core/hu=1, 1742583934958
Received update: /ndn/no-site/no/svs_core/no=1, 1742583934958
Received update: /ndn/cz-site/cz/svs_core/cz=1, 1742583935127
Received update: /ndn/il-site/il/svs_core/il=1, 1742583935275
Received update: /ndn/pt-site/pt/svs_core/pt=1, 1742583935624
Received update: /ndn/sk-site/sk/svs_core/sk=1, 1742583938543
Received update: /ndn/md-site/md/svs_core/md=2, 1742583940728
Received update: /ndn/ua-site/ua/svs_core/ua=1, 1742583940728
Received update: /ndn/lv-site/lv/svs_core/lv=1, 1742583940797
Sending Sync interest
Received update: /ndn/it-site/it/svs_core/it=2, 1742583943574
Received update: /ndn/be-site/be/svs_core/be=2, 1742583946898
Received update: /ndn/ie-site/ie/svs_core/ie=2, 1742583946898
Received update: /ndn/de1-site/de1/svs_core/de1=2, 1742583948541
Received update: /ndn/me-site/me/svs_core/me=2, 1742583948888
Received update: /ndn/cz-site/cz/svs_core/cz=2, 1742583949254
Received update: /ndn/at-site/at/svs_core/at=2, 1742583949907
Received update: /ndn/fr1-site/fr1/svs_core/fr1=2, 1742583953796
Received update: /ndn/bg-site/bg/svs_core/bg=2, 1742583954265
Received update: /ndn/si-site/si/svs_core/si=2, 1742583954265
Received update: /ndn/am-site/am/svs_core/am=2, 1742583958594
Received update: /ndn/uk-site/uk/svs_core/uk=2, 1742583958594
Published sequence number: /ndn/al-site/al/svs_core/al=2, 1742583958671
Sending Sync interest
Received update: /ndn/by-site/by/svs_core/by=2, 1742583963607
Received update: /ndn/nl-site/nl/svs_core/nl=2, 1742583963607
Received update: /ndn/az-site/az/svs_core/az=2, 1742583966036
Received update: /ndn/cy-site/cy/svs_core/cy=2, 1742583966036
Received update: /ndn/mt-site/mt/svs_core/mt=2, 1742583966036
Received update: /ndn/de2-site/de2/svs_core/de2=2, 1742583966036
Received update: /ndn/fr2-site/fr2/svs_core/fr2=2, 1742583966115
Received update: /ndn/lu-site/lu/svs_core/lu=2, 1742583966404
Received update: /ndn/ro-site/ro/svs_core/ro=2, 1742583966462
Received update: /ndn/is-site/is/svs_core/is=2, 1742583966525
Received update: /ndn/es-site/es/svs_core/es=2, 1742583969168
Sending Sync interest
Received update: /ndn/ch-site/ch/svs_core/ch=2, 1742583975001
Received update: /ndn/pl-site/pl/svs_core/pl=2, 1742583975001
Received update: /ndn/ee-site/ee/svs_core/ee=2, 1742583975215
Received update: /ndn/gr-site/gr/svs_core/gr=2, 1742583975226
Received update: /ndn/ge-site/ge/svs_core/ge=2, 1742583975895
Received update: /ndn/pt-site/pt/svs_core/pt=2, 1742583978781
Received update: /ndn/il-site/il/svs_core/il=2, 1742583979049
Received update: /ndn/se-site/se/svs_core/se=2, 1742583979049
Received update: /ndn/tr-site/tr/svs_core/tr=2, 1742583979049
Received update: /ndn/mk-site/mk/svs_core/mk=2, 1742583979181
Received update: /ndn/fi-site/fi/svs_core/fi=2, 1742583979346
Received update: /ndn/hr-site/hr/svs_core/hr=2, 1742583979346
Received update: /ndn/no-site/no/svs_core/no=2, 1742583980914
Received update: /ndn/ua-site/ua/svs_core/ua=2, 1742583980914
Received update: /ndn/hu-site/hu/svs_core/hu=2, 1742583980999
Received update: /ndn/lt-site/lt/svs_core/lt=2, 1742583980999
Received update: /ndn/lv-site/lv/svs_core/lv=2, 1742583983806
Received update: /ndn/rs-site/rs/svs_core/rs=2, 1742583983851
Received update: /ndn/dk-site/dk/svs_core/dk=2, 1742583985617
Received update: /ndn/md-site/md/svs_core/md=3, 1742583985617
Received update: /ndn/it-site/it/svs_core/it=3, 1742583988586
Received update: /ndn/ie-site/ie/svs_core/ie=3, 1742583990402
Received update: /ndn/be-site/be/svs_core/be=3, 1742583991798
Received update: /ndn/me-site/me/svs_core/me=3, 1742583994000
Received update: /ndn/de1-site/de1/svs_core/de1=3, 1742583994000
Received update: /ndn/at-site/at/svs_core/at=3, 1742583998868
Received update: /ndn/fr1-site/fr1/svs_core/fr1=3, 1742583998868
Received update: /ndn/is-site/is/svs_core/is=3, 1742583999041
Received update: /ndn/si-site/si/svs_core/si=3, 1742583999139
Received update: /ndn/sk-site/sk/svs_core/sk=2, 1742583999139
Received update: /ndn/bg-site/bg/svs_core/bg=3, 1742583999617
Received update: /ndn/cz-site/cz/svs_core/cz=3, 1742583999617
Published sequence number: /ndn/al-site/al/svs_core/al=3, 1742584003673
Sending Sync interest
Received update: /ndn/az-site/az/svs_core/az=3, 1742584004478
Received update: /ndn/by-site/by/svs_core/by=3, 1742584004478
Received update: /ndn/uk-site/uk/svs_core/uk=3, 1742584004478
Sending Sync interest
Received update: /ndn/ro-site/ro/svs_core/ro=3, 1742584004899
Received update: /ndn/fr2-site/fr2/svs_core/fr2=3, 1742584005066
Received update: /ndn/am-site/am/svs_core/am=3, 1742584005666
Received update: /ndn/cy-site/cy/svs_core/cy=3, 1742584006214
Received update: /ndn/lu-site/lu/svs_core/lu=3, 1742584011404
Received update: /ndn/nl-site/nl/svs_core/nl=3, 1742584011404
Received update: /ndn/de2-site/de2/svs_core/de2=3, 1742584011491
Received update: /ndn/es-site/es/svs_core/es=3, 1742584017503
Received update: /ndn/gr-site/gr/svs_core/gr=3, 1742584017503
Received update: /ndn/ch-site/ch/svs_core/ch=3, 1742584017593
Received update: /ndn/mt-site/mt/svs_core/mt=3, 1742584017870
Received update: /ndn/pl-site/pl/svs_core/pl=3, 1742584020005
Received update: /ndn/hr-site/hr/svs_core/hr=3, 1742584021916
Received update: /ndn/se-site/se/svs_core/se=3, 1742584021916
Received update: /ndn/ee-site/ee/svs_core/ee=3, 1742584022420
Received update: /ndn/ge-site/ge/svs_core/ge=3, 1742584022420
Received update: /ndn/lt-site/lt/svs_core/lt=3, 1742584022420
Received update: /ndn/fi-site/fi/svs_core/fi=3, 1742584022993
Received update: /ndn/no-site/no/svs_core/no=3, 1742584022993
Received update: /ndn/hu-site/hu/svs_core/hu=3, 1742584025134
Received update: /ndn/il-site/il/svs_core/il=3, 1742584025134
Received update: /ndn/tr-site/tr/svs_core/tr=3, 1742584025134
Received update: /ndn/mk-site/mk/svs_core/mk=3, 1742584025285
Received update: /ndn/pt-site/pt/svs_core/pt=3, 1742584025492
Received update: /ndn/dk-site/dk/svs_core/dk=3, 1742584025686
Received update: /ndn/rs-site/rs/svs_core/rs=3, 1742584025867
Received update: /ndn/lv-site/lv/svs_core/lv=3, 1742584030565
Received update: /ndn/md-site/md/svs_core/md=4, 1742584030565
Received update: /ndn/ua-site/ua/svs_core/ua=3, 1742584030999
Received update: /ndn/sk-site/sk/svs_core/sk=3, 1742584031023
Received update: /ndn/it-site/it/svs_core/it=4, 1742584033586
Received update: /ndn/ie-site/ie/svs_core/ie=4, 1742584035217
Sending Sync interest
Received update: /ndn/be-site/be/svs_core/be=4, 1742584036811
Received update: /ndn/is-site/is/svs_core/is=4, 1742584038558
Received update: /ndn/de1-site/de1/svs_core/de1=4, 1742584038558
Received update: /ndn/me-site/me/svs_core/me=4, 1742584039017
Received update: /ndn/si-site/si/svs_core/si=4, 1742584040931
Received update: /ndn/at-site/at/svs_core/at=4, 1742584041136
Received update: /ndn/cz-site/cz/svs_core/cz=4, 1742584041384
Received update: /ndn/am-site/am/svs_core/am=4, 1742584048285
Received update: /ndn/by-site/by/svs_core/by=4, 1742584048285
Received update: /ndn/fr1-site/fr1/svs_core/fr1=4, 1742584048285
Received update: /ndn/uk-site/uk/svs_core/uk=4, 1742584048486
Published sequence number: /ndn/al-site/al/svs_core/al=4, 1742584048675
Sending Sync interest
Received update: /ndn/az-site/az/svs_core/az=4, 1742584049431
Sending Sync interest
Received update: /ndn/ro-site/ro/svs_core/ro=4, 1742584049898
Received update: /ndn/fr2-site/fr2/svs_core/fr2=4, 1742584050059
Received update: /ndn/lt-site/lt/svs_core/lt=4, 1742584050145
Received update: /ndn/cy-site/cy/svs_core/cy=4, 1742584051348
Received update: /ndn/bg-site/bg/svs_core/bg=4, 1742584053793
Received update: /ndn/nl-site/nl/svs_core/nl=4, 1742584053793
Received update: /ndn/de2-site/de2/svs_core/de2=4, 1742584054786
Received update: /ndn/mt-site/mt/svs_core/mt=4, 1742584056156
Received update: /ndn/pl-site/pl/svs_core/pl=4, 1742584065013
Received update: /ndn/lu-site/lu/svs_core/lu=4, 1742584065102
Received update: /ndn/ch-site/ch/svs_core/ch=4, 1742584065229
Received update: /ndn/es-site/es/svs_core/es=4, 1742584065229
Received update: /ndn/gr-site/gr/svs_core/gr=4, 1742584065229
Received update: /ndn/ee-site/ee/svs_core/ee=4, 1742584066048
Received update: /ndn/ge-site/ge/svs_core/ge=4, 1742584066048
Received update: /ndn/il-site/il/svs_core/il=4, 1742584068852
Received update: /ndn/tr-site/tr/svs_core/tr=4, 1742584068852
Received update: /ndn/dk-site/dk/svs_core/dk=4, 1742584069551
Received update: /ndn/hr-site/hr/svs_core/hr=4, 1742584069684
Received update: /ndn/fi-site/fi/svs_core/fi=4, 1742584069896
Received update: /ndn/se-site/se/svs_core/se=4, 1742584069896
Received update: /ndn/hu-site/hu/svs_core/hu=4, 1742584069930
Received update: /ndn/rs-site/rs/svs_core/rs=4, 1742584069930
Received update: /ndn/no-site/no/svs_core/no=4, 1742584069968
Received update: /ndn/pt-site/pt/svs_core/pt=4, 1742584070204
Received update: /ndn/ua-site/ua/svs_core/ua=4, 1742584070908
Received update: /ndn/it-site/it/svs_core/it=5, 1742584078595
Received update: /ndn/cz-site/cz/svs_core/cz=5, 1742584084150
Received update: /ndn/ie-site/ie/svs_core/ie=5, 1742584084217
Received update: /ndn/lv-site/lv/svs_core/lv=4, 1742584084217
Received update: /ndn/md-site/md/svs_core/md=5, 1742584084340
Received update: /ndn/sk-site/sk/svs_core/sk=4, 1742584084410
Received update: /ndn/bg-site/bg/svs_core/bg=5, 1742584084469
Received update: /ndn/mk-site/mk/svs_core/mk=4, 1742584084469
Received update: /ndn/be-site/be/svs_core/be=5, 1742584085947
Received update: /ndn/me-site/me/svs_core/me=5, 1742584085947
Received update: /ndn/si-site/si/svs_core/si=5, 1742584085947
Received update: /ndn/at-site/at/svs_core/at=5, 1742584086009
Received update: /ndn/is-site/is/svs_core/is=5, 1742584086151
Received update: /ndn/de1-site/de1/svs_core/de1=5, 1742584086151
Received update: /ndn/uk-site/uk/svs_core/uk=5, 1742584093491
Received update: /ndn/fr2-site/fr2/svs_core/fr2=5, 1742584093589
Published sequence number: /ndn/al-site/al/svs_core/al=5, 1742584093679
Sending Sync interest
Received update: /ndn/fr1-site/fr1/svs_core/fr1=5, 1742584093742
Received update: /ndn/az-site/az/svs_core/az=5, 1742584094505
Sending Sync interest
Received update: /ndn/am-site/am/svs_core/am=5, 1742584094980
Received update: /ndn/by-site/by/svs_core/by=5, 1742584094980
Received update: /ndn/cy-site/cy/svs_core/cy=5, 1742584098631
Received update: /ndn/nl-site/nl/svs_core/nl=5, 1742584098631
Received update: /ndn/ch-site/ch/svs_core/ch=5, 1742584107623
Received update: /ndn/de2-site/de2/svs_core/de2=5, 1742584107623
Received update: /ndn/ee-site/ee/svs_core/ee=5, 1742584110300
Received update: /ndn/gr-site/gr/svs_core/gr=5, 1742584110300
Received update: /ndn/lt-site/lt/svs_core/lt=5, 1742584110300
Received update: /ndn/ro-site/ro/svs_core/ro=5, 1742584110300
Received update: /ndn/es-site/es/svs_core/es=5, 1742584110398
Received update: /ndn/pl-site/pl/svs_core/pl=5, 1742584110398
Received update: /ndn/lu-site/lu/svs_core/lu=5, 1742584110543
Received update: /ndn/ge-site/ge/svs_core/ge=5, 1742584110929
Received update: /ndn/mk-site/mk/svs_core/mk=5, 1742584110929
Received update: /ndn/mt-site/mt/svs_core/mt=5, 1742584111194
Received update: /ndn/hr-site/hr/svs_core/hr=5, 1742584120585
Received update: /ndn/hu-site/hu/svs_core/hu=5, 1742584120585
Received update: /ndn/il-site/il/svs_core/il=5, 1742584120585
Received update: /ndn/md-site/md/svs_core/md=6, 1742584120585
Received update: /ndn/rs-site/rs/svs_core/rs=5, 1742584120585
Received update: /ndn/tr-site/tr/svs_core/tr=5, 1742584120585
Received update: /ndn/ua-site/ua/svs_core/ua=5, 1742584120585
Received update: /ndn/dk-site/dk/svs_core/dk=5, 1742584120697
Received update: /ndn/se-site/se/svs_core/se=5, 1742584120697
Received update: /ndn/fi-site/fi/svs_core/fi=5, 1742584120748
Received update: /ndn/no-site/no/svs_core/no=5, 1742584120748
Received update: /ndn/it-site/it/svs_core/it=6, 1742584123633
Received update: /ndn/sk-site/sk/svs_core/sk=5, 1742584123633
Received update: /ndn/pt-site/pt/svs_core/pt=5, 1742584123705
Received update: /ndn/be-site/be/svs_core/be=6, 1742584126845
Received update: /ndn/ie-site/ie/svs_core/ie=6, 1742584126927
Received update: /ndn/lv-site/lv/svs_core/lv=5, 1742584126972
Received update: /ndn/cz-site/cz/svs_core/cz=6, 1742584129273
Received update: /ndn/de1-site/de1/svs_core/de1=6, 1742584129273
Received update: /ndn/is-site/is/svs_core/is=6, 1742584129337
Received update: /ndn/bg-site/bg/svs_core/bg=6, 1742584129552
Received update: /ndn/me-site/me/svs_core/me=6, 1742584129810
Received update: /ndn/at-site/at/svs_core/at=6, 1742584129952
Received update: /ndn/si-site/si/svs_core/si=6, 1742584130984
Received update: /ndn/am-site/am/svs_core/am=6, 1742584137395
Received update: /ndn/by-site/by/svs_core/by=6, 1742584138161
Published sequence number: /ndn/al-site/al/svs_core/al=6, 1742584138716
Sending Sync interest
Received update: /ndn/cy-site/cy/svs_core/cy=6, 1742584141254
Received update: /ndn/az-site/az/svs_core/az=6, 1742584141325
Received update: /ndn/ro-site/ro/svs_core/ro=6, 1742584141362
Sending Sync interest
Received update: /ndn/mt-site/mt/svs_core/mt=6, 1742584146091
Received update: /ndn/uk-site/uk/svs_core/uk=6, 1742584146091
Received update: /ndn/fr1-site/fr1/svs_core/fr1=6, 1742584146091
Received update: /ndn/de2-site/de2/svs_core/de2=6, 1742584146260
Received update: /ndn/fr2-site/fr2/svs_core/fr2=6, 1742584146261
Received update: /ndn/lu-site/lu/svs_core/lu=6, 1742584146442
Received update: /ndn/nl-site/nl/svs_core/nl=6, 1742584146442
Received update: /ndn/ch-site/ch/svs_core/ch=6, 1742584152627
Received update: /ndn/lt-site/lt/svs_core/lt=6, 1742584152627
Received update: /ndn/gr-site/gr/svs_core/gr=6, 1742584155160
Received update: /ndn/pl-site/pl/svs_core/pl=6, 1742584155160
Received update: /ndn/ge-site/ge/svs_core/ge=6, 1742584155941
Received update: /ndn/hr-site/hr/svs_core/hr=6, 1742584156879
Received update: /ndn/il-site/il/svs_core/il=6, 1742584158748
Received update: /ndn/se-site/se/svs_core/se=6, 1742584158748
Received update: /ndn/tr-site/tr/svs_core/tr=6, 1742584158748
Received update: /ndn/fi-site/fi/svs_core/fi=6, 1742584158948
Received update: /ndn/ee-site/ee/svs_core/ee=6, 1742584158948
Received update: /ndn/dk-site/dk/svs_core/dk=6, 1742584159752
Received update: /ndn/no-site/no/svs_core/no=6, 1742584159752
Received update: /ndn/hu-site/hu/svs_core/hu=6, 1742584160229
Received update: /ndn/pt-site/pt/svs_core/pt=6, 1742584160229
Received update: /ndn/rs-site/rs/svs_core/rs=6, 1742584160229
Received update: /ndn/ua-site/ua/svs_core/ua=6, 1742584161090
Received update: /ndn/es-site/es/svs_core/es=6, 1742584161111
Received update: /ndn/lv-site/lv/svs_core/lv=6, 1742584164015
Received update: /ndn/mk-site/mk/svs_core/mk=6, 1742584164015
Received update: /ndn/be-site/be/svs_core/be=7, 1742584171851
Received update: /ndn/it-site/it/svs_core/it=7, 1742584171851
Received update: /ndn/sk-site/sk/svs_core/sk=6, 1742584171851
Received update: /ndn/at-site/at/svs_core/at=7, 1742584179027
Received update: /ndn/cz-site/cz/svs_core/cz=7, 1742584179027
Received update: /ndn/me-site/me/svs_core/me=7, 1742584179027
Received update: /ndn/de1-site/de1/svs_core/de1=7, 1742584179027
Received update: /ndn/fr1-site/fr1/svs_core/fr1=7, 1742584179027
Received update: /ndn/is-site/is/svs_core/is=7, 1742584179239
Received update: /ndn/bg-site/bg/svs_core/bg=7, 1742584179427
Received update: /ndn/md-site/md/svs_core/md=7, 1742584179427
Received update: /ndn/si-site/si/svs_core/si=7, 1742584179427
Published sequence number: /ndn/al-site/al/svs_core/al=7, 1742584183719
Sending Sync interest
Received update: /ndn/am-site/am/svs_core/am=7, 1742584184086
Received update: /ndn/by-site/by/svs_core/by=7, 1742584184086
Received update: /ndn/uk-site/uk/svs_core/uk=7, 1742584184086
Received update: /ndn/fr2-site/fr2/svs_core/fr2=7, 1742584184086
Received update: /ndn/az-site/az/svs_core/az=7, 1742584186275
Received update: /ndn/cy-site/cy/svs_core/cy=7, 1742584186275
Received update: /ndn/de2-site/de2/svs_core/de2=7, 1742584189869
Received update: /ndn/lu-site/lu/svs_core/lu=7, 1742584191453
Received update: /ndn/nl-site/nl/svs_core/nl=7, 1742584191611
Sending Sync interest
Max suppression time updated to: 195
Received update: /ndn/ro-site/ro/svs_core/ro=7, 1742584191873
Received update: /ndn/ch-site/ch/svs_core/ch=7, 1742584197670
Received update: /ndn/es-site/es/svs_core/es=7, 1742584197670
Received update: /ndn/mt-site/mt/svs_core/mt=7, 1742584197670
Received update: /ndn/pl-site/pl/svs_core/pl=7, 1742584200077
Received update: /ndn/ee-site/ee/svs_core/ee=7, 1742584201033
Received update: /ndn/ge-site/ge/svs_core/ge=7, 1742584201033
Received update: /ndn/gr-site/gr/svs_core/gr=7, 1742584201033
Received update: /ndn/mk-site/mk/svs_core/mk=7, 1742584202558
Received update: /ndn/hr-site/hr/svs_core/hr=7, 1742584202672
Received update: /ndn/tr-site/tr/svs_core/tr=7, 1742584202672
Received update: /ndn/fi-site/fi/svs_core/fi=7, 1742584203007
Received update: /ndn/ie-site/ie/svs_core/ie=7, 1742584203007
Received update: /ndn/se-site/se/svs_core/se=7, 1742584203007
Received update: /ndn/no-site/no/svs_core/no=7, 1742584203046
Received update: /ndn/lt-site/lt/svs_core/lt=7, 1742584203321
Received update: /ndn/il-site/il/svs_core/il=7, 1742584203710
Received update: /ndn/pt-site/pt/svs_core/pt=7, 1742584203856
Sending Sync interest
Received update: /ndn/hu-site/hu/svs_core/hu=7, 1742584208624
Received update: /ndn/rs-site/rs/svs_core/rs=7, 1742584208624
Received update: /ndn/sk-site/sk/svs_core/sk=7, 1742584208624
Received update: /ndn/it-site/it/svs_core/it=8, 1742584213644
Received update: /ndn/be-site/be/svs_core/be=8, 1742584216884
Received update: /ndn/dk-site/dk/svs_core/dk=7, 1742584216884
Received update: /ndn/lv-site/lv/svs_core/lv=7, 1742584219031
Received update: /ndn/md-site/md/svs_core/md=8, 1742584219031
Received update: /ndn/ua-site/ua/svs_core/ua=7, 1742584219031
Received update: /ndn/de1-site/de1/svs_core/de1=8, 1742584219031
Received update: /ndn/ie-site/ie/svs_core/ie=8, 1742584219228
Received update: /ndn/me-site/me/svs_core/me=8, 1742584219228
Received update: /ndn/cz-site/cz/svs_core/cz=8, 1742584219543
Received update: /ndn/bg-site/bg/svs_core/bg=8, 1742584219564
Received update: /ndn/is-site/is/svs_core/is=8, 1742584219804
Received update: /ndn/at-site/at/svs_core/at=8, 1742584219985
Received update: /ndn/si-site/si/svs_core/si=8, 1742584221005
Received update: /ndn/by-site/by/svs_core/by=8, 1742584228338
Received update: /ndn/fr1-site/fr1/svs_core/fr1=8, 1742584228338
Received update: /ndn/am-site/am/svs_core/am=8, 1742584228541
Received update: /ndn/uk-site/uk/svs_core/uk=8, 1742584228541
Published sequence number: /ndn/al-site/al/svs_core/al=8, 1742584228722
Sending Sync interest
Received update: /ndn/cy-site/cy/svs_core/cy=8, 1742584231363
Received update: /ndn/ro-site/ro/svs_core/ro=8, 1742584231363
Received update: /ndn/az-site/az/svs_core/az=8, 1742584231581
Received update: /ndn/lt-site/lt/svs_core/lt=8, 1742584231581
Received update: /ndn/fr2-site/fr2/svs_core/fr2=8, 1742584231634
Received update: /ndn/de2-site/de2/svs_core/de2=8, 1742584234844
Received update: /ndn/mt-site/mt/svs_core/mt=8, 1742584236112
Received update: /ndn/nl-site/nl/svs_core/nl=8, 1742584236281
Received update: /ndn/gr-site/gr/svs_core/gr=8, 1742584242578
Received update: /ndn/lu-site/lu/svs_core/lu=8, 1742584242578
Received update: /ndn/ch-site/ch/svs_core/ch=8, 1742584242687
Received update: /ndn/ee-site/ee/svs_core/ee=8, 1742584245276
Received update: /ndn/pl-site/pl/svs_core/pl=8, 1742584245297
Received update: /ndn/ge-site/ge/svs_core/ge=8, 1742584248683
Received update: /ndn/il-site/il/svs_core/il=8, 1742584248683
Received update: /ndn/tr-site/tr/svs_core/tr=8, 1742584248748
Received update: /ndn/se-site/se/svs_core/se=8, 1742584248880
Received update: /ndn/hr-site/hr/svs_core/hr=8, 1742584248931
Received update: /ndn/fi-site/fi/svs_core/fi=8, 1742584249050
Received update: /ndn/pt-site/pt/svs_core/pt=8, 1742584249167
Received update: /ndn/es-site/es/svs_core/es=8, 1742584249279
Received update: /ndn/hu-site/hu/svs_core/hu=8, 1742584254077
Received update: /ndn/lv-site/lv/svs_core/lv=8, 1742584254077
Received update: /ndn/mk-site/mk/svs_core/mk=8, 1742584254077
Received update: /ndn/rs-site/rs/svs_core/rs=8, 1742584254077
Received update: /ndn/ua-site/ua/svs_core/ua=8, 1742584254077
Received update: /ndn/it-site/it/svs_core/it=9, 1742584258653
Received update: /ndn/dk-site/dk/svs_core/dk=8, 1742584260278
Received update: /ndn/ie-site/ie/svs_core/ie=9, 1742584260278
Received update: /ndn/no-site/no/svs_core/no=8, 1742584260278
Received update: /ndn/sk-site/sk/svs_core/sk=8, 1742584260472
Received update: /ndn/be-site/be/svs_core/be=9, 1742584263563
Received update: /ndn/is-site/is/svs_core/is=9, 1742584263563
Received update: /ndn/cz-site/cz/svs_core/cz=9, 1742584264502
Received update: /ndn/md-site/md/svs_core/md=9, 1742584264502
Received update: /ndn/me-site/me/svs_core/me=9, 1742584264502
Received update: /ndn/de1-site/de1/svs_core/de1=9, 1742584264502
Received update: /ndn/bg-site/bg/svs_core/bg=9, 1742584273644
Received update: /ndn/fr2-site/fr2/svs_core/fr2=9, 1742584273644
Received update: /ndn/at-site/at/svs_core/at=9, 1742584273689
Published sequence number: /ndn/al-site/al/svs_core/al=9, 1742584273724
Sending Sync interest
Received update: /ndn/am-site/am/svs_core/am=9, 1742584273765
Received update: /ndn/fr1-site/fr1/svs_core/fr1=9, 1742584273765
Received update: /ndn/si-site/si/svs_core/si=9, 1742584273863
Received update: /ndn/uk-site/uk/svs_core/uk=9, 1742584273878
Received update: /ndn/by-site/by/svs_core/by=9, 1742584274235
Received update: /ndn/az-site/az/svs_core/az=9, 1742584274506
Received update: /ndn/ro-site/ro/svs_core/ro=9, 1742584275039
Sending Sync interest
Received update: /ndn/cy-site/cy/svs_core/cy=9, 1742584276287
Received update: /ndn/lt-site/lt/svs_core/lt=9, 1742584280041
Received update: /ndn/de2-site/de2/svs_core/de2=9, 1742584280041
Received update: /ndn/mk-site/mk/svs_core/mk=9, 1742584287577
Received update: /ndn/es-site/es/svs_core/es=9, 1742584287676
Received update: /ndn/ch-site/ch/svs_core/ch=9, 1742584287717
Received update: /ndn/nl-site/nl/svs_core/nl=9, 1742584287717
Received update: /ndn/lu-site/lu/svs_core/lu=9, 1742584287834
Received update: /ndn/gr-site/gr/svs_core/gr=9, 1742584287985
Received update: /ndn/pl-site/pl/svs_core/pl=9, 1742584290088
Received update: /ndn/mt-site/mt/svs_core/mt=9, 1742584290188
Received update: /ndn/ge-site/ge/svs_core/ge=9, 1742584291069
Received update: /ndn/hr-site/hr/svs_core/hr=9, 1742584292554
Received update: /ndn/tr-site/tr/svs_core/tr=9, 1742584292554
Received update: /ndn/ee-site/ee/svs_core/ee=9, 1742584292776
Received update: /ndn/dk-site/dk/svs_core/dk=9, 1742584294752
Received update: /ndn/fi-site/fi/svs_core/fi=9, 1742584294752
Received update: /ndn/no-site/no/svs_core/no=9, 1742584294752
Received update: /ndn/rs-site/rs/svs_core/rs=9, 1742584294752
Received update: /ndn/se-site/se/svs_core/se=9, 1742584294752
Received update: /ndn/hu-site/hu/svs_core/hu=9, 1742584294948
Received update: /ndn/il-site/il/svs_core/il=9, 1742584294948
Received update: /ndn/pt-site/pt/svs_core/pt=9, 1742584294948
Received update: /ndn/ua-site/ua/svs_core/ua=9, 1742584295986
Received update: /ndn/it-site/it/svs_core/it=10, 1742584303656
Received update: /ndn/lv-site/lv/svs_core/lv=9, 1742584304100
Received update: /ndn/md-site/md/svs_core/md=10, 1742584304100
Received update: /ndn/sk-site/sk/svs_core/sk=9, 1742584304149
Received update: /ndn/ie-site/ie/svs_core/ie=10, 1742584305300
Received update: /ndn/be-site/be/svs_core/be=10, 1742584306871
Received update: /ndn/is-site/is/svs_core/is=10, 1742584308451
Received update: /ndn/cz-site/cz/svs_core/cz=10, 1742584309216
Received update: /ndn/de1-site/de1/svs_core/de1=10, 1742584309314
Received update: /ndn/at-site/at/svs_core/at=10, 1742584311181
Received update: /ndn/me-site/me/svs_core/me=10, 1742584311181
Received update: /ndn/si-site/si/svs_core/si=10, 1742584311181
Received update: /ndn/bg-site/bg/svs_core/bg=10, 1742584318620
Received update: /ndn/uk-site/uk/svs_core/uk=10, 1742584318620
Received update: /ndn/fr2-site/fr2/svs_core/fr2=10, 1742584318643
Published sequence number: /ndn/al-site/al/svs_core/al=10, 1742584318726
Sending Sync interest
Received update: /ndn/fr1-site/fr1/svs_core/fr1=10, 1742584318815
Received update: /ndn/am-site/am/svs_core/am=10, 1742584319139
Received update: /ndn/ro-site/ro/svs_core/ro=10, 1742584319994
Sending Sync interest
Received update: /ndn/cy-site/cy/svs_core/cy=10, 1742584321293
Received update: /ndn/az-site/az/svs_core/az=10, 1742584321611
Received update: /ndn/nl-site/nl/svs_core/nl=10, 1742584323747
Received update: /ndn/lt-site/lt/svs_core/lt=10, 1742584324957
Received update: /ndn/de2-site/de2/svs_core/de2=10, 1742584324957
Received update: /ndn/lu-site/lu/svs_core/lu=10, 1742584326531
Received update: /ndn/mt-site/mt/svs_core/mt=10, 1742584326746
Received update: /ndn/gr-site/gr/svs_core/gr=10, 1742584332586
Received update: /ndn/ch-site/ch/svs_core/ch=10, 1742584332640
Received update: /ndn/ee-site/ee/svs_core/ee=10, 1742584336610
Received update: /ndn/pl-site/pl/svs_core/pl=10, 1742584336610
Received update: /ndn/se-site/se/svs_core/se=10, 1742584336610
Received update: /ndn/hr-site/hr/svs_core/hr=10, 1742584336862
Received update: /ndn/by-site/by/svs_core/by=10, 1742584337446
Received update: /ndn/es-site/es/svs_core/es=10, 1742584337446
Received update: /ndn/fi-site/fi/svs_core/fi=10, 1742584337446
Received update: /ndn/ge-site/ge/svs_core/ge=10, 1742584337446
Received update: /ndn/tr-site/tr/svs_core/tr=10, 1742584337446
Received update: /ndn/il-site/il/svs_core/il=10, 1742584339814
Received update: /ndn/rs-site/rs/svs_core/rs=10, 1742584339814
Received update: /ndn/mk-site/mk/svs_core/mk=10, 1742584340125
Received update: /ndn/hu-site/hu/svs_core/hu=10, 1742584340353
Received update: /ndn/pt-site/pt/svs_core/pt=10, 1742584340353
Received update: /ndn/dk-site/dk/svs_core/dk=10, 1742584340994
Received update: /ndn/ua-site/ua/svs_core/ua=10, 1742584340994
Received update: /ndn/it-site/it/svs_core/it=11, 1742584348659
Received update: /ndn/sk-site/sk/svs_core/sk=10, 1742584348659
Received update: /ndn/at-site/at/svs_core/at=11, 1742584354986
Received update: /ndn/be-site/be/svs_core/be=11, 1742584354986
Received update: /ndn/ie-site/ie/svs_core/ie=11, 1742584354986
Received update: /ndn/bg-site/bg/svs_core/bg=11, 1742584355975
Received update: /ndn/cz-site/cz/svs_core/cz=11, 1742584355975
Received update: /ndn/md-site/md/svs_core/md=11, 1742584355975
Received update: /ndn/me-site/me/svs_core/me=11, 1742584355975
Received update: /ndn/no-site/no/svs_core/no=10, 1742584355975
Received update: /ndn/de1-site/de1/svs_core/de1=11, 1742584355975
Received update: /ndn/uk-site/uk/svs_core/uk=11, 1742584363691
Received update: /ndn/fr2-site/fr2/svs_core/fr2=11, 1742584363691
Published sequence number: /ndn/al-site/al/svs_core/al=11, 1742584363729
Sending Sync interest
Received update: /ndn/si-site/si/svs_core/si=11, 1742584363836
Received update: /ndn/am-site/am/svs_core/am=11, 1742584364983
Received update: /ndn/ro-site/ro/svs_core/ro=11, 1742584364983
Sending Sync interest
Received update: /ndn/is-site/is/svs_core/is=11, 1742584365709
Received update: /ndn/lt-site/lt/svs_core/lt=11, 1742584365709
Received update: /ndn/lv-site/lv/svs_core/lv=10, 1742584365709
Received update: /ndn/fr1-site/fr1/svs_core/fr1=11, 1742584365709
Received update: /ndn/az-site/az/svs_core/az=11, 1742584366181
Received update: /ndn/by-site/by/svs_core/by=11, 1742584366181
Received update: /ndn/nl-site/nl/svs_core/nl=11, 1742584369916
Received update: /ndn/de2-site/de2/svs_core/de2=11, 1742584369916
Received update: /ndn/lu-site/lu/svs_core/lu=11, 1742584371681
Received update: /ndn/mt-site/mt/svs_core/mt=11, 1742584371681
Received update: /ndn/ch-site/ch/svs_core/ch=11, 1742584377705
Received update: /ndn/cy-site/cy/svs_core/cy=11, 1742584377842
Sending Sync interest
Received update: /ndn/gr-site/gr/svs_core/gr=11, 1742584378039
Received update: /ndn/mk-site/mk/svs_core/mk=11, 1742584378039
Received update: /ndn/es-site/es/svs_core/es=11, 1742584378192
Received update: /ndn/pl-site/pl/svs_core/pl=11, 1742584380098
Received update: /ndn/hr-site/hr/svs_core/hr=11, 1742584381886
Received update: /ndn/fi-site/fi/svs_core/fi=11, 1742584382044
Received update: /ndn/se-site/se/svs_core/se=11, 1742584382044
Received update: /ndn/ee-site/ee/svs_core/ee=11, 1742584382327
Received update: /ndn/ge-site/ge/svs_core/ge=11, 1742584382327
Received update: /ndn/no-site/no/svs_core/no=11, 1742584383304
Received update: /ndn/tr-site/tr/svs_core/tr=11, 1742584383304
Received update: /ndn/il-site/il/svs_core/il=11, 1742584383719
Received update: /ndn/dk-site/dk/svs_core/dk=11, 1742584384957
Received update: /ndn/hu-site/hu/svs_core/hu=11, 1742584384957
Received update: /ndn/pt-site/pt/svs_core/pt=11, 1742584384957
Received update: /ndn/lv-site/lv/svs_core/lv=11, 1742584388914
Received update: /ndn/ua-site/ua/svs_core/ua=11, 1742584389019
Received update: /ndn/it-site/it/svs_core/it=12, 1742584393673
Received update: /ndn/rs-site/rs/svs_core/rs=11, 1742584393673
Received update: /ndn/ie-site/ie/svs_core/ie=12, 1742584395420
Received update: /ndn/sk-site/sk/svs_core/sk=11, 1742584395420
Received update: /ndn/de1-site/de1/svs_core/de1=12, 1742584398651
Received update: /ndn/me-site/me/svs_core/me=12, 1742584398973
Received update: /ndn/md-site/md/svs_core/md=12, 1742584399052
Received update: /ndn/cz-site/cz/svs_core/cz=12, 1742584399220
Received update: /ndn/at-site/at/svs_core/at=12, 1742584401030
Received update: /ndn/si-site/si/svs_core/si=12, 1742584401030
Received update: /ndn/am-site/am/svs_core/am=12, 1742584407483
Received update: /ndn/be-site/be/svs_core/be=12, 1742584407483
Received update: /ndn/bg-site/bg/svs_core/bg=12, 1742584407483
Received update: /ndn/fr1-site/fr1/svs_core/fr1=12, 1742584407483
Received update: /ndn/by-site/by/svs_core/by=12, 1742584408591
Received update: /ndn/uk-site/uk/svs_core/uk=12, 1742584408591
Published sequence number: /ndn/al-site/al/svs_core/al=12, 1742584408730
Received update: /ndn/az-site/az/svs_core/az=12, 1742584409542
Sending Sync interest
Received update: /ndn/lt-site/lt/svs_core/lt=12, 1742584409990
Received update: /ndn/fr2-site/fr2/svs_core/fr2=12, 1742584410101
Received update: /ndn/is-site/is/svs_core/is=12, 1742584410489
Received update: /ndn/ro-site/ro/svs_core/ro=12, 1742584410489
Received update: /ndn/cy-site/cy/svs_core/cy=12, 1742584411318
Received update: /ndn/de2-site/de2/svs_core/de2=12, 1742584414872
Received update: /ndn/mt-site/mt/svs_core/mt=12, 1742584416167
Received update: /ndn/nl-site/nl/svs_core/nl=12, 1742584416167
Received update: /ndn/lu-site/lu/svs_core/lu=12, 1742584416550
Received update: /ndn/es-site/es/svs_core/es=12, 1742584419368
Received update: /ndn/ch-site/ch/svs_core/ch=12, 1742584422666
Received update: /ndn/ee-site/ee/svs_core/ee=12, 1742584425302
Received update: /ndn/gr-site/gr/svs_core/gr=12, 1742584425439
Received update: /ndn/mk-site/mk/svs_core/mk=12, 1742584425869
Received update: /ndn/pl-site/pl/svs_core/pl=12, 1742584425869
Received update: /ndn/ge-site/ge/svs_core/ge=12, 1742584427434
Received update: /ndn/tr-site/tr/svs_core/tr=12, 1742584427434
Received update: /ndn/no-site/no/svs_core/no=12, 1742584428200
Received update: /ndn/fi-site/fi/svs_core/fi=12, 1742584428437
Received update: /ndn/se-site/se/svs_core/se=12, 1742584428437
Received update: /ndn/hr-site/hr/svs_core/hr=12, 1742584428549
Received update: /ndn/hu-site/hu/svs_core/hu=12, 1742584430137
Received update: /ndn/il-site/il/svs_core/il=12, 1742584430137
Received update: /ndn/it-site/it/svs_core/it=13, 1742584438672
Received update: /ndn/rs-site/rs/svs_core/rs=12, 1742584439049
Received update: /ndn/ua-site/ua/svs_core/ua=12, 1742584439049
Received update: /ndn/dk-site/dk/svs_core/dk=12, 1742584440461
Received update: /ndn/ie-site/ie/svs_core/ie=13, 1742584440461
Received update: /ndn/be-site/be/svs_core/be=13, 1742584441901
Received update: /ndn/md-site/md/svs_core/md=13, 1742584441901
Received update: /ndn/pt-site/pt/svs_core/pt=12, 1742584441901
Received update: /ndn/sk-site/sk/svs_core/sk=12, 1742584441991
Received update: /ndn/de1-site/de1/svs_core/de1=13, 1742584443649
Received update: /ndn/at-site/at/svs_core/at=13, 1742584445002
Received update: /ndn/lv-site/lv/svs_core/lv=12, 1742584445002
Received update: /ndn/cz-site/cz/svs_core/cz=13, 1742584446035
Received update: /ndn/me-site/me/svs_core/me=13, 1742584446035
Received update: /ndn/si-site/si/svs_core/si=13, 1742584446035
Received update: /ndn/by-site/by/svs_core/by=13, 1742584453170
Received update: /ndn/is-site/is/svs_core/is=13, 1742584453305
Received update: /ndn/fr1-site/fr1/svs_core/fr1=13, 1742584453305
Received update: /ndn/am-site/am/svs_core/am=13, 1742584453710
Received update: /ndn/bg-site/bg/svs_core/bg=13, 1742584453710
Received update: /ndn/uk-site/uk/svs_core/uk=13, 1742584453710
Published sequence number: /ndn/al-site/al/svs_core/al=13, 1742584453731
Sending Sync interest
Received update: /ndn/fr2-site/fr2/svs_core/fr2=13, 1742584453915
Received update: /ndn/lt-site/lt/svs_core/lt=13, 1742584455022
Received update: /ndn/az-site/az/svs_core/az=13, 1742584458720
Received update: /ndn/cy-site/cy/svs_core/cy=13, 1742584458720
Received update: /ndn/nl-site/nl/svs_core/nl=13, 1742584458720
Received update: /ndn/ro-site/ro/svs_core/ro=13, 1742584458720
Received update: /ndn/gr-site/gr/svs_core/gr=13, 1742584467617
Received update: /ndn/de2-site/de2/svs_core/de2=13, 1742584467617
Received update: /ndn/ch-site/ch/svs_core/ch=13, 1742584470352
Received update: /ndn/es-site/es/svs_core/es=13, 1742584470352
Received update: /ndn/pl-site/pl/svs_core/pl=13, 1742584470352
Received update: /ndn/ge-site/ge/svs_core/ge=13, 1742584470982
Received update: /ndn/ee-site/ee/svs_core/ee=13, 1742584471134
Received update: /ndn/lu-site/lu/svs_core/lu=13, 1742584471158
Received update: /ndn/il-site/il/svs_core/il=13, 1742584473723
Received update: /ndn/mt-site/mt/svs_core/mt=13, 1742584473802
Received update: /ndn/tr-site/tr/svs_core/tr=13, 1742584473997
Received update: /ndn/hr-site/hr/svs_core/hr=13, 1742584474327
Received update: /ndn/mk-site/mk/svs_core/mk=13, 1742584474327
Received update: /ndn/fi-site/fi/svs_core/fi=13, 1742584476005
Received update: /ndn/hu-site/hu/svs_core/hu=13, 1742584476005
Received update: /ndn/no-site/no/svs_core/no=13, 1742584476005
Received update: /ndn/pt-site/pt/svs_core/pt=13, 1742584476005
Received update: /ndn/se-site/se/svs_core/se=13, 1742584476005
Received update: /ndn/ua-site/ua/svs_core/ua=13, 1742584476005
Received update: /ndn/rs-site/rs/svs_core/rs=13, 1742584476189
Received update: /ndn/sk-site/sk/svs_core/sk=13, 1742584478599
Received update: /ndn/dk-site/dk/svs_core/dk=13, 1742584480724
Received update: /ndn/md-site/md/svs_core/md=14, 1742584480724
Received update: /ndn/it-site/it/svs_core/it=14, 1742584483683
Received update: /ndn/be-site/be/svs_core/be=14, 1742584486877
Received update: /ndn/de1-site/de1/svs_core/de1=14, 1742584488650
Received update: /ndn/ie-site/ie/svs_core/ie=14, 1742584489338
Received update: /ndn/lv-site/lv/svs_core/lv=13, 1742584489338
Received update: /ndn/me-site/me/svs_core/me=14, 1742584489338
Received update: /ndn/at-site/at/svs_core/at=14, 1742584490003
Received update: /ndn/si-site/si/svs_core/si=14, 1742584491042
Received update: /ndn/is-site/is/svs_core/is=14, 1742584491133
Received update: /ndn/bg-site/bg/svs_core/bg=14, 1742584491447
Received update: /ndn/cz-site/cz/svs_core/cz=14, 1742584491447
Received update: /ndn/am-site/am/svs_core/am=14, 1742584497439
Published sequence number: /ndn/al-site/al/svs_core/al=14, 1742584498733
Sending Sync interest
Received update: /ndn/fr1-site/fr1/svs_core/fr1=14, 1742584498763
Received update: /ndn/fr2-site/fr2/svs_core/fr2=14, 1742584498763
Received update: /ndn/uk-site/uk/svs_core/uk=14, 1742584498903
Received update: /ndn/by-site/by/svs_core/by=14, 1742584498906
Received update: /ndn/az-site/az/svs_core/az=14, 1742584499543
Received update: /ndn/es-site/es/svs_core/es=14, 1742584509288
Received update: /ndn/cy-site/cy/svs_core/cy=14, 1742584509428
Received update: /ndn/nl-site/nl/svs_core/nl=14, 1742584509428
Received update: /ndn/ro-site/ro/svs_core/ro=14, 1742584509428
Received update: /ndn/mt-site/mt/svs_core/mt=14, 1742584509490
Received update: /ndn/de2-site/de2/svs_core/de2=14, 1742584509490
Received update: /ndn/gr-site/gr/svs_core/gr=14, 1742584512608
Received update: /ndn/lu-site/lu/svs_core/lu=14, 1742584512608
Received update: /ndn/ch-site/ch/svs_core/ch=14, 1742584512657
Received update: /ndn/pl-site/pl/svs_core/pl=14, 1742584515110
Received update: /ndn/ge-site/ge/svs_core/ge=14, 1742584516112
Received update: /ndn/mk-site/mk/svs_core/mk=14, 1742584516112
Received update: /ndn/dk-site/dk/svs_core/dk=14, 1742584519666
Received update: /ndn/se-site/se/svs_core/se=14, 1742584519666
Received update: /ndn/hr-site/hr/svs_core/hr=14, 1742584519834
Received update: /ndn/tr-site/tr/svs_core/tr=14, 1742584519906
Received update: /ndn/hu-site/hu/svs_core/hu=14, 1742584520033
Received update: /ndn/rs-site/rs/svs_core/rs=14, 1742584520033
Received update: /ndn/no-site/no/svs_core/no=14, 1742584520170
Received update: /ndn/ee-site/ee/svs_core/ee=14, 1742584520332
Received update: /ndn/fi-site/fi/svs_core/fi=14, 1742584520332
Received update: /ndn/il-site/il/svs_core/il=14, 1742584520332
Received update: /ndn/lt-site/lt/svs_core/lt=14, 1742584520332
Received update: /ndn/pt-site/pt/svs_core/pt=14, 1742584520332
Received update: /ndn/ua-site/ua/svs_core/ua=14, 1742584521063
Received update: /ndn/it-site/it/svs_core/it=15, 1742584528692
Received update: /ndn/md-site/md/svs_core/md=15, 1742584528914
Received update: /ndn/ie-site/ie/svs_core/ie=15, 1742584530306
Received update: /ndn/be-site/be/svs_core/be=15, 1742584531888
Received update: /ndn/bg-site/bg/svs_core/bg=15, 1742584534823
Received update: /ndn/me-site/me/svs_core/me=15, 1742584534823
Received update: /ndn/sk-site/sk/svs_core/sk=14, 1742584534823
Received update: /ndn/de1-site/de1/svs_core/de1=15, 1742584534823
Received update: /ndn/fr2-site/fr2/svs_core/fr2=15, 1742584543668
Published sequence number: /ndn/al-site/al/svs_core/al=15, 1742584543735
Sending Sync interest
Received update: /ndn/am-site/am/svs_core/am=15, 1742584543805
Received update: /ndn/cz-site/cz/svs_core/cz=15, 1742584543805
Received update: /ndn/uk-site/uk/svs_core/uk=15, 1742584543805
Received update: /ndn/lv-site/lv/svs_core/lv=14, 1742584543889
Received update: /ndn/at-site/at/svs_core/at=15, 1742584544012
Received update: /ndn/si-site/si/svs_core/si=15, 1742584544012
Received update: /ndn/is-site/is/svs_core/is=15, 1742584544262
Sending Sync interest
Received update: /ndn/fr1-site/fr1/svs_core/fr1=15, 1742584544461
Received update: /ndn/az-site/az/svs_core/az=15, 1742584544516
Received update: /ndn/by-site/by/svs_core/by=15, 1742584544823
Received update: /ndn/cy-site/cy/svs_core/cy=15, 1742584546313
Received update: /ndn/ro-site/ro/svs_core/ro=15, 1742584546313
Received update: /ndn/lt-site/lt/svs_core/lt=15, 1742584549887
Received update: /ndn/nl-site/nl/svs_core/nl=15, 1742584549887
Received update: /ndn/de2-site/de2/svs_core/de2=15, 1742584549887
Received update: /ndn/mt-site/mt/svs_core/mt=15, 1742584551144
Sending Sync interest
Received update: /ndn/lu-site/lu/svs_core/lu=15, 1742584551500
Received update: /ndn/es-site/es/svs_core/es=15, 1742584554431
Received update: /ndn/mk-site/mk/svs_core/mk=15, 1742584557520
Received update: /ndn/pl-site/pl/svs_core/pl=15, 1742584560101
Received update: /ndn/ch-site/ch/svs_core/ch=15, 1742584560390
Received update: /ndn/gr-site/gr/svs_core/gr=15, 1742584560390
Received update: /ndn/ge-site/ge/svs_core/ge=15, 1742584560984
Received update: /ndn/dk-site/dk/svs_core/dk=15, 1742584564835
Received update: /ndn/fi-site/fi/svs_core/fi=15, 1742584564835
Received update: /ndn/no-site/no/svs_core/no=15, 1742584564835
Received update: /ndn/se-site/se/svs_core/se=15, 1742584564835
Received update: /ndn/tr-site/tr/svs_core/tr=15, 1742584564934
Received update: /ndn/ee-site/ee/svs_core/ee=15, 1742584564948
Received update: /ndn/il-site/il/svs_core/il=15, 1742584565125
Received update: /ndn/pt-site/pt/svs_core/pt=15, 1742584565153
Received update: /ndn/hr-site/hr/svs_core/hr=15, 1742584565254
Received update: /ndn/hu-site/hu/svs_core/hu=15, 1742584565415
Received update: /ndn/rs-site/rs/svs_core/rs=15, 1742584565415
Received update: /ndn/ua-site/ua/svs_core/ua=15, 1742584566050
Received update: /ndn/sk-site/sk/svs_core/sk=15, 1742584568738
Received update: /ndn/lv-site/lv/svs_core/lv=15, 1742584569052
Received update: /ndn/it-site/it/svs_core/it=16, 1742584573703
Received update: /ndn/md-site/md/svs_core/md=16, 1742584573703
Received update: /ndn/be-site/be/svs_core/be=16, 1742584576914
Received update: /ndn/cz-site/cz/svs_core/cz=16, 1742584579413
Received update: /ndn/ie-site/ie/svs_core/ie=16, 1742584579413
Received update: /ndn/is-site/is/svs_core/is=16, 1742584579524
Received update: /ndn/me-site/me/svs_core/me=16, 1742584579524
Received update: /ndn/de1-site/de1/svs_core/de1=16, 1742584579524
Received update: /ndn/at-site/at/svs_core/at=16, 1742584581155
Received update: /ndn/si-site/si/svs_core/si=16, 1742584581155
Received update: /ndn/am-site/am/svs_core/am=16, 1742584587659
Received update: /ndn/fr1-site/fr1/svs_core/fr1=16, 1742584587659
Published sequence number: /ndn/al-site/al/svs_core/al=16, 1742584588741
Sending Sync interest
Received update: /ndn/bg-site/bg/svs_core/bg=16, 1742584591334
Received update: /ndn/by-site/by/svs_core/by=16, 1742584591334
Received update: /ndn/cy-site/cy/svs_core/cy=16, 1742584591334
Received update: /ndn/uk-site/uk/svs_core/uk=16, 1742584591392
Received update: /ndn/ro-site/ro/svs_core/ro=16, 1742584591515
Received update: /ndn/az-site/az/svs_core/az=16, 1742584591525
Sending Sync interest
Sending Sync interest
Received update: /ndn/fr2-site/fr2/svs_core/fr2=16, 1742584592535
Received update: /ndn/nl-site/nl/svs_core/nl=16, 1742584593748
Received update: /ndn/mt-site/mt/svs_core/mt=16, 1742584596147
Received update: /ndn/de2-site/de2/svs_core/de2=16, 1742584596433
Received update: /ndn/es-site/es/svs_core/es=16, 1742584599308
Sending Sync interest
Received update: /ndn/gr-site/gr/svs_core/gr=16, 1742584602617
Received update: /ndn/lu-site/lu/svs_core/lu=16, 1742584602773
Received update: /ndn/mk-site/mk/svs_core/mk=16, 1742584603016
Received update: /ndn/ch-site/ch/svs_core/ch=16, 1742584603153
Received update: /ndn/ee-site/ee/svs_core/ee=16, 1742584605326
Received update: /ndn/lt-site/lt/svs_core/lt=16, 1742584605326
Received update: /ndn/ge-site/ge/svs_core/ge=16, 1742584606007
Received update: /ndn/pl-site/pl/svs_core/pl=16, 1742584606007
Received update: /ndn/il-site/il/svs_core/il=16, 1742584608730
Received update: /ndn/pt-site/pt/svs_core/pt=16, 1742584609836
Received update: /ndn/rs-site/rs/svs_core/rs=16, 1742584609836
Received update: /ndn/tr-site/tr/svs_core/tr=16, 1742584609836
Received update: /ndn/hu-site/hu/svs_core/hu=16, 1742584609973
Stopping SVS client: /ndn/al-site/al/svs_core/al
