SVS client starting: /ndn/de2-site/de2/svs_core/de2
Sending Sync interest
Received update: /ndn/md-site/md/svs_core/md=1, 1742583896218
Received update: /ndn/it-site/it/svs_core/it=1, 1742583898603
Received update: /ndn/be-site/be/svs_core/be=1, 1742583901748
Received update: /ndn/is-site/is/svs_core/is=1, 1742583903366
Received update: /ndn/ie-site/ie/svs_core/ie=1, 1742583903723
Received update: /ndn/de1-site/de1/svs_core/de1=1, 1742583903831
Received update: /ndn/me-site/me/svs_core/me=1, 1742583903835
Received update: /ndn/bg-site/bg/svs_core/bg=1, 1742583904451
Received update: /ndn/at-site/at/svs_core/at=1, 1742583904905
Received update: /ndn/si-site/si/svs_core/si=1, 1742583905890
Received update: /ndn/am-site/am/svs_core/am=1, 1742583912182
Received update: /ndn/fr1-site/fr1/svs_core/fr1=1, 1742583912441
Received update: /ndn/by-site/by/svs_core/by=1, 1742583913052
Received update: /ndn/uk-site/uk/svs_core/uk=1, 1742583913426
Received update: /ndn/fr2-site/fr2/svs_core/fr2=1, 1742583913579
Sending Sync interest
Received update: /ndn/az-site/az/svs_core/az=1, 1742583914378
Received update: /ndn/al-site/al/svs_core/al=1, 1742583914632
Received update: /ndn/ro-site/ro/svs_core/ro=1, 1742583914891
Received update: /ndn/nl-site/nl/svs_core/nl=1, 1742583918557
Received update: /ndn/cy-site/cy/svs_core/cy=1, 1742583918785
Received update: /ndn/lt-site/lt/svs_core/lt=1, 1742583918852
Published sequence number: /ndn/de2-site/de2/svs_core/de2=1, 1742583919726
Sending Sync interest
Received update: /ndn/mt-site/mt/svs_core/mt=1, 1742583921037
Received update: /ndn/lu-site/lu/svs_core/lu=1, 1742583921356
Received update: /ndn/gr-site/gr/svs_core/gr=1, 1742583927504
Received update: /ndn/ch-site/ch/svs_core/ch=1, 1742583927556
Received update: /ndn/mk-site/mk/svs_core/mk=1, 1742583927556
Received update: /ndn/pl-site/pl/svs_core/pl=1, 1742583929973
Received update: /ndn/ee-site/ee/svs_core/ee=1, 1742583930177
Received update: /ndn/es-site/es/svs_core/es=1, 1742583930309
Received update: /ndn/ge-site/ge/svs_core/ge=1, 1742583930841
Received update: /ndn/hr-site/hr/svs_core/hr=1, 1742583931752
Received update: /ndn/fi-site/fi/svs_core/fi=1, 1742583931933
Received update: /ndn/se-site/se/svs_core/se=1, 1742583932083
Received update: /ndn/tr-site/tr/svs_core/tr=1, 1742583932274
Received update: /ndn/rs-site/rs/svs_core/rs=1, 1742583934675
Received update: /ndn/hu-site/hu/svs_core/hu=1, 1742583934858
Received update: /ndn/dk-site/dk/svs_core/dk=1, 1742583934925
Received update: /ndn/no-site/no/svs_core/no=1, 1742583934925
Received update: /ndn/cz-site/cz/svs_core/cz=1, 1742583935106
Received update: /ndn/il-site/il/svs_core/il=1, 1742583935147
Received update: /ndn/pt-site/pt/svs_core/pt=1, 1742583935379
Received update: /ndn/sk-site/sk/svs_core/sk=1, 1742583938519
Received update: /ndn/md-site/md/svs_core/md=2, 1742583940486
Received update: /ndn/ua-site/ua/svs_core/ua=1, 1742583940705
Received update: /ndn/lv-site/lv/svs_core/lv=1, 1742583940759
Received update: /ndn/ie-site/ie/svs_core/ie=2, 1742583945162
Received update: /ndn/it-site/it/svs_core/it=2, 1742583945285
Received update: /ndn/be-site/be/svs_core/be=2, 1742583946751
Received update: /ndn/de1-site/de1/svs_core/de1=2, 1742583948504
Received update: /ndn/me-site/me/svs_core/me=2, 1742583948848
Received update: /ndn/cz-site/cz/svs_core/cz=2, 1742583949192
Received update: /ndn/at-site/at/svs_core/at=2, 1742583949907
Received update: /ndn/fr1-site/fr1/svs_core/fr1=2, 1742583953781
Received update: /ndn/si-site/si/svs_core/si=2, 1742583954009
Received update: /ndn/bg-site/bg/svs_core/bg=2, 1742583954233
Received update: /ndn/am-site/am/svs_core/am=2, 1742583957184
Received update: /ndn/uk-site/uk/svs_core/uk=2, 1742583958433
Received update: /ndn/al-site/al/svs_core/al=2, 1742583958715
Received update: /ndn/by-site/by/svs_core/by=2, 1742583958785
Received update: /ndn/nl-site/nl/svs_core/nl=2, 1742583963569
Received update: /ndn/cy-site/cy/svs_core/cy=2, 1742583963685
Received update: /ndn/az-site/az/svs_core/az=2, 1742583963736
Published sequence number: /ndn/de2-site/de2/svs_core/de2=2, 1742583964729
Sending Sync interest
Max suppression time updated to: 123
Received update: /ndn/fr2-site/fr2/svs_core/fr2=2, 1742583964897
Received update: /ndn/mt-site/mt/svs_core/mt=2, 1742583966049
Received update: /ndn/lu-site/lu/svs_core/lu=2, 1742583966356
Received update: /ndn/ro-site/ro/svs_core/ro=2, 1742583966462
Received update: /ndn/is-site/is/svs_core/is=2, 1742583966487
Sending Sync interest
Received update: /ndn/es-site/es/svs_core/es=2, 1742583969152
Received update: /ndn/ch-site/ch/svs_core/ch=2, 1742583972581
Received update: /ndn/pl-site/pl/svs_core/pl=2, 1742583974987
Received update: /ndn/ee-site/ee/svs_core/ee=2, 1742583975180
Received update: /ndn/gr-site/gr/svs_core/gr=2, 1742583975237
Sending Sync interest
Received update: /ndn/ge-site/ge/svs_core/ge=2, 1742583975846
Received update: /ndn/tr-site/tr/svs_core/tr=2, 1742583977290
Received update: /ndn/pt-site/pt/svs_core/pt=2, 1742583978739
Received update: /ndn/il-site/il/svs_core/il=2, 1742583978852
Received update: /ndn/se-site/se/svs_core/se=2, 1742583979012
Received update: /ndn/mk-site/mk/svs_core/mk=2, 1742583979036
Received update: /ndn/fi-site/fi/svs_core/fi=2, 1742583979133
Received update: /ndn/hr-site/hr/svs_core/hr=2, 1742583979332
Received update: /ndn/no-site/no/svs_core/no=2, 1742583979463
Received update: /ndn/lt-site/lt/svs_core/lt=2, 1742583979607
Received update: /ndn/ua-site/ua/svs_core/ua=2, 1742583980889
Received update: /ndn/hu-site/hu/svs_core/hu=2, 1742583980988
Received update: /ndn/rs-site/rs/svs_core/rs=2, 1742583981057
Received update: /ndn/lv-site/lv/svs_core/lv=2, 1742583983770
Sending Sync interest
Received update: /ndn/dk-site/dk/svs_core/dk=2, 1742583984027
Received update: /ndn/md-site/md/svs_core/md=3, 1742583985572
Received update: /ndn/ie-site/ie/svs_core/ie=3, 1742583990161
Received update: /ndn/it-site/it/svs_core/it=3, 1742583990264
Received update: /ndn/be-site/be/svs_core/be=3, 1742583991760
Received update: /ndn/me-site/me/svs_core/me=3, 1742583993846
Received update: /ndn/de1-site/de1/svs_core/de1=3, 1742583993966
Received update: /ndn/fr1-site/fr1/svs_core/fr1=3, 1742583998818
Received update: /ndn/at-site/at/svs_core/at=3, 1742583998893
Received update: /ndn/is-site/is/svs_core/is=3, 1742583998933
Received update: /ndn/si-site/si/svs_core/si=3, 1742583999126
Received update: /ndn/sk-site/sk/svs_core/sk=2, 1742583999128
Received update: /ndn/cz-site/cz/svs_core/cz=3, 1742583999353
Received update: /ndn/bg-site/bg/svs_core/bg=3, 1742583999604
Received update: /ndn/by-site/by/svs_core/by=3, 1742584003059
Received update: /ndn/uk-site/uk/svs_core/uk=3, 1742584003448
Received update: /ndn/az-site/az/svs_core/az=3, 1742584004389
Received update: /ndn/ro-site/ro/svs_core/ro=3, 1742584004884
Received update: /ndn/al-site/al/svs_core/al=3, 1742584004979
Received update: /ndn/fr2-site/fr2/svs_core/fr2=3, 1742584005081
Received update: /ndn/am-site/am/svs_core/am=3, 1742584005509
Sending Sync interest
Received update: /ndn/cy-site/cy/svs_core/cy=3, 1742584006175
Received update: /ndn/nl-site/nl/svs_core/nl=3, 1742584008601
Published sequence number: /ndn/de2-site/de2/svs_core/de2=3, 1742584009734
Sending Sync interest
Received update: /ndn/lu-site/lu/svs_core/lu=3, 1742584011367
Received update: /ndn/es-site/es/svs_core/es=3, 1742584014382
Received update: /ndn/gr-site/gr/svs_core/gr=3, 1742584017515
Received update: /ndn/ch-site/ch/svs_core/ch=3, 1742584017560
Received update: /ndn/mt-site/mt/svs_core/mt=3, 1742584017882
Received update: /ndn/pl-site/pl/svs_core/pl=3, 1742584019982
Received update: /ndn/se-site/se/svs_core/se=3, 1742584021239
Received update: /ndn/hr-site/hr/svs_core/hr=3, 1742584021764
Received update: /ndn/ee-site/ee/svs_core/ee=3, 1742584021926
Received update: /ndn/lt-site/lt/svs_core/lt=3, 1742584021926
Received update: /ndn/ge-site/ge/svs_core/ge=3, 1742584022385
Received update: /ndn/fi-site/fi/svs_core/fi=3, 1742584022958
Received update: /ndn/no-site/no/svs_core/no=3, 1742584022958
Received update: /ndn/tr-site/tr/svs_core/tr=3, 1742584023205
Received update: /ndn/hu-site/hu/svs_core/hu=3, 1742584024875
Received update: /ndn/il-site/il/svs_core/il=3, 1742584025071
Received update: /ndn/mk-site/mk/svs_core/mk=3, 1742584025284
Received update: /ndn/pt-site/pt/svs_core/pt=3, 1742584025454
Received update: /ndn/dk-site/dk/svs_core/dk=3, 1742584025651
Received update: /ndn/rs-site/rs/svs_core/rs=3, 1742584025856
Received update: /ndn/lv-site/lv/svs_core/lv=3, 1742584028773
Received update: /ndn/md-site/md/svs_core/md=4, 1742584030501
Sending Sync interest
Received update: /ndn/sk-site/sk/svs_core/sk=3, 1742584030811
Received update: /ndn/ua-site/ua/svs_core/ua=3, 1742584030832
Max suppression time updated to: 141
Received update: /ndn/it-site/it/svs_core/it=4, 1742584033603
Received update: /ndn/ie-site/ie/svs_core/ie=4, 1742584035178
Received update: /ndn/be-site/be/svs_core/be=4, 1742584036760
Received update: /ndn/is-site/is/svs_core/is=4, 1742584038518
Received update: /ndn/de1-site/de1/svs_core/de1=4, 1742584038518
Received update: /ndn/me-site/me/svs_core/me=4, 1742584038980
Received update: /ndn/si-site/si/svs_core/si=4, 1742584040931
Received update: /ndn/at-site/at/svs_core/at=4, 1742584041124
Received update: /ndn/cz-site/cz/svs_core/cz=4, 1742584041371
Received update: /ndn/am-site/am/svs_core/am=4, 1742584047186
Received update: /ndn/by-site/by/svs_core/by=4, 1742584048061
Received update: /ndn/fr1-site/fr1/svs_core/fr1=4, 1742584048269
Received update: /ndn/uk-site/uk/svs_core/uk=4, 1742584048449
Received update: /ndn/az-site/az/svs_core/az=4, 1742584049391
Received update: /ndn/ro-site/ro/svs_core/ro=4, 1742584049885
Received update: /ndn/al-site/al/svs_core/al=4, 1742584050035
Received update: /ndn/fr2-site/fr2/svs_core/fr2=4, 1742584050070
Received update: /ndn/lt-site/lt/svs_core/lt=4, 1742584050109
Received update: /ndn/cy-site/cy/svs_core/cy=4, 1742584051169
Sending Sync interest
Received update: /ndn/nl-site/nl/svs_core/nl=4, 1742584053582
Received update: /ndn/bg-site/bg/svs_core/bg=4, 1742584053753
Published sequence number: /ndn/de2-site/de2/svs_core/de2=4, 1742584054743
Sending Sync interest
Received update: /ndn/mt-site/mt/svs_core/mt=4, 1742584056051
Received update: /ndn/lu-site/lu/svs_core/lu=4, 1742584056380
Received update: /ndn/ch-site/ch/svs_core/ch=4, 1742584062569
Received update: /ndn/pl-site/pl/svs_core/pl=4, 1742584064988
Received update: /ndn/es-site/es/svs_core/es=4, 1742584065069
Received update: /ndn/gr-site/gr/svs_core/gr=4, 1742584065229
Received update: /ndn/ge-site/ge/svs_core/ge=4, 1742584065854
Received update: /ndn/ee-site/ee/svs_core/ee=4, 1742584066012
Received update: /ndn/tr-site/tr/svs_core/tr=4, 1742584067301
Received update: /ndn/il-site/il/svs_core/il=4, 1742584068817
Received update: /ndn/dk-site/dk/svs_core/dk=4, 1742584069508
Received update: /ndn/fi-site/fi/svs_core/fi=4, 1742584069739
Received update: /ndn/se-site/se/svs_core/se=4, 1742584069739
Received update: /ndn/hu-site/hu/svs_core/hu=4, 1742584069883
Received update: /ndn/rs-site/rs/svs_core/rs=4, 1742584069883
Received update: /ndn/no-site/no/svs_core/no=4, 1742584069917
Received update: /ndn/pt-site/pt/svs_core/pt=4, 1742584069933
Received update: /ndn/hr-site/hr/svs_core/hr=4, 1742584070004
Received update: /ndn/ua-site/ua/svs_core/ua=4, 1742584070919
Received update: /ndn/it-site/it/svs_core/it=5, 1742584078607
Received update: /ndn/ie-site/ie/svs_core/ie=5, 1742584080177
Received update: /ndn/lv-site/lv/svs_core/lv=4, 1742584080309
Received update: /ndn/cz-site/cz/svs_core/cz=5, 1742584084139
Received update: /ndn/md-site/md/svs_core/md=5, 1742584084327
Received update: /ndn/sk-site/sk/svs_core/sk=4, 1742584084397
Received update: /ndn/bg-site/bg/svs_core/bg=5, 1742584084457
Received update: /ndn/mk-site/mk/svs_core/mk=4, 1742584084457
Received update: /ndn/me-site/me/svs_core/me=5, 1742584084590
Received update: /ndn/be-site/be/svs_core/be=5, 1742584084625
Received update: /ndn/at-site/at/svs_core/at=5, 1742584084930
Received update: /ndn/si-site/si/svs_core/si=5, 1742584085923
Sending Sync interest
Received update: /ndn/is-site/is/svs_core/is=5, 1742584086115
Received update: /ndn/de1-site/de1/svs_core/de1=5, 1742584086115
Received update: /ndn/uk-site/uk/svs_core/uk=5, 1742584093455
Received update: /ndn/fr2-site/fr2/svs_core/fr2=5, 1742584093603
Received update: /ndn/fr1-site/fr1/svs_core/fr1=5, 1742584093727
Received update: /ndn/am-site/am/svs_core/am=5, 1742584093799
Received update: /ndn/az-site/az/svs_core/az=5, 1742584094391
Received update: /ndn/by-site/by/svs_core/by=5, 1742584094579
Received update: /ndn/al-site/al/svs_core/al=5, 1742584094745
Sending Sync interest
Received update: /ndn/cy-site/cy/svs_core/cy=5, 1742584096201
Received update: /ndn/nl-site/nl/svs_core/nl=5, 1742584098593
Published sequence number: /ndn/de2-site/de2/svs_core/de2=5, 1742584099752
Sending Sync interest
Received update: /ndn/ch-site/ch/svs_core/ch=5, 1742584107611
Received update: /ndn/ro-site/ro/svs_core/ro=5, 1742584107855
Received update: /ndn/gr-site/gr/svs_core/gr=5, 1742584108098
Received update: /ndn/es-site/es/svs_core/es=5, 1742584110251
Received update: /ndn/pl-site/pl/svs_core/pl=5, 1742584110251
Received update: /ndn/ee-site/ee/svs_core/ee=5, 1742584110265
Received update: /ndn/lt-site/lt/svs_core/lt=5, 1742584110265
Received update: /ndn/lu-site/lu/svs_core/lu=5, 1742584110376
Received update: /ndn/ge-site/ge/svs_core/ge=5, 1742584110917
Received update: /ndn/mk-site/mk/svs_core/mk=5, 1742584110917
Received update: /ndn/mt-site/mt/svs_core/mt=5, 1742584111206
Received update: /ndn/hr-site/hr/svs_core/hr=5, 1742584111810
Received update: /ndn/tr-site/tr/svs_core/tr=5, 1742584112334
Received update: /ndn/rs-site/rs/svs_core/rs=5, 1742584114783
Received update: /ndn/hu-site/hu/svs_core/hu=5, 1742584114925
Received update: /ndn/il-site/il/svs_core/il=5, 1742584115042
Received update: /ndn/ua-site/ua/svs_core/ua=5, 1742584115938
Received update: /ndn/dk-site/dk/svs_core/dk=5, 1742584116168
Received update: /ndn/se-site/se/svs_core/se=5, 1742584116168
Received update: /ndn/md-site/md/svs_core/md=6, 1742584120551
Received update: /ndn/fi-site/fi/svs_core/fi=5, 1742584120713
Received update: /ndn/no-site/no/svs_core/no=5, 1742584120713
Received update: /ndn/sk-site/sk/svs_core/sk=5, 1742584120799
Received update: /ndn/pt-site/pt/svs_core/pt=5, 1742584120891
Received update: /ndn/it-site/it/svs_core/it=6, 1742584123716
Received update: /ndn/ie-site/ie/svs_core/ie=6, 1742584125219
Received update: /ndn/be-site/be/svs_core/be=6, 1742584126805
Received update: /ndn/lv-site/lv/svs_core/lv=5, 1742584126938
Received update: /ndn/de1-site/de1/svs_core/de1=6, 1742584128569
Received update: /ndn/cz-site/cz/svs_core/cz=6, 1742584129171
Received update: /ndn/is-site/is/svs_core/is=6, 1742584129299
Received update: /ndn/bg-site/bg/svs_core/bg=6, 1742584129493
Received update: /ndn/me-site/me/svs_core/me=6, 1742584129505
Received update: /ndn/at-site/at/svs_core/at=6, 1742584129939
Received update: /ndn/si-site/si/svs_core/si=6, 1742584130960
Received update: /ndn/am-site/am/svs_core/am=6, 1742584137231
Received update: /ndn/by-site/by/svs_core/by=6, 1742584138111
Received update: /ndn/az-site/az/svs_core/az=6, 1742584139432
Received update: /ndn/cy-site/cy/svs_core/cy=6, 1742584141219
Received update: /ndn/ro-site/ro/svs_core/ro=6, 1742584141362
Received update: /ndn/fr1-site/fr1/svs_core/fr1=6, 1742584141420
Received update: /ndn/al-site/al/svs_core/al=6, 1742584141454
Received update: /ndn/uk-site/uk/svs_core/uk=6, 1742584141543
Published sequence number: /ndn/de2-site/de2/svs_core/de2=6, 1742584144792
Sending Sync interest
Received update: /ndn/mt-site/mt/svs_core/mt=6, 1742584146103
Received update: /ndn/fr2-site/fr2/svs_core/fr2=6, 1742584146272
Received update: /ndn/nl-site/nl/svs_core/nl=6, 1742584146279
Received update: /ndn/lu-site/lu/svs_core/lu=6, 1742584146407
Sending Sync interest
Received update: /ndn/lt-site/lt/svs_core/lt=6, 1742584146996
Received update: /ndn/gr-site/gr/svs_core/gr=6, 1742584152564
Received update: /ndn/pl-site/pl/svs_core/pl=6, 1742584155032
Received update: /ndn/ch-site/ch/svs_core/ch=6, 1742584155148
Received update: /ndn/ge-site/ge/svs_core/ge=6, 1742584155900
Received update: /ndn/hr-site/hr/svs_core/hr=6, 1742584156842
Received update: /ndn/tr-site/tr/svs_core/tr=6, 1742584157369
Received update: /ndn/se-site/se/svs_core/se=6, 1742584157437
Received update: /ndn/il-site/il/svs_core/il=6, 1742584158617
Received update: /ndn/ee-site/ee/svs_core/ee=6, 1742584158910
Received update: /ndn/fi-site/fi/svs_core/fi=6, 1742584158911
Received update: /ndn/dk-site/dk/svs_core/dk=6, 1742584159556
Received update: /ndn/no-site/no/svs_core/no=6, 1742584159556
Received update: /ndn/pt-site/pt/svs_core/pt=6, 1742584159740
Received update: /ndn/hu-site/hu/svs_core/hu=6, 1742584159920
Received update: /ndn/rs-site/rs/svs_core/rs=6, 1742584160217
Received update: /ndn/ua-site/ua/svs_core/ua=6, 1742584160974
Received update: /ndn/es-site/es/svs_core/es=6, 1742584161078
Received update: /ndn/mk-site/mk/svs_core/mk=6, 1742584161179
Received update: /ndn/lv-site/lv/svs_core/lv=6, 1742584163839
Received update: /ndn/sk-site/sk/svs_core/sk=6, 1742584164231
Received update: /ndn/it-site/it/svs_core/it=7, 1742584168652
Received update: /ndn/be-site/be/svs_core/be=7, 1742584171814
Received update: /ndn/de1-site/de1/svs_core/de1=7, 1742584173577
Received update: /ndn/at-site/at/svs_core/at=7, 1742584174983
Received update: /ndn/fr1-site/fr1/svs_core/fr1=7, 1742584178852
Received update: /ndn/si-site/si/svs_core/si=7, 1742584178980
Received update: /ndn/cz-site/cz/svs_core/cz=7, 1742584179017
Received update: /ndn/me-site/me/svs_core/me=7, 1742584179017
Received update: /ndn/md-site/md/svs_core/md=7, 1742584179019
Received update: /ndn/bg-site/bg/svs_core/bg=7, 1742584179183
Received update: /ndn/is-site/is/svs_core/is=7, 1742584179206
Received update: /ndn/am-site/am/svs_core/am=7, 1742584182233
Received update: /ndn/by-site/by/svs_core/by=7, 1742584183120
Received update: /ndn/uk-site/uk/svs_core/uk=7, 1742584183503
Received update: /ndn/fr2-site/fr2/svs_core/fr2=7, 1742584183644
Received update: /ndn/al-site/al/svs_core/al=7, 1742584183766
Sending Sync interest
Received update: /ndn/az-site/az/svs_core/az=7, 1742584184433
Received update: /ndn/cy-site/cy/svs_core/cy=7, 1742584186234
Published sequence number: /ndn/de2-site/de2/svs_core/de2=7, 1742584189804
Sending Sync interest
Received update: /ndn/lu-site/lu/svs_core/lu=7, 1742584191415
Received update: /ndn/nl-site/nl/svs_core/nl=7, 1742584191573
Received update: /ndn/ro-site/ro/svs_core/ro=7, 1742584191849
Received update: /ndn/mt-site/mt/svs_core/mt=7, 1742584191952
Received update: /ndn/ch-site/ch/svs_core/ch=7, 1742584197624
Received update: /ndn/es-site/es/svs_core/es=7, 1742584197624
Received update: /ndn/pl-site/pl/svs_core/pl=7, 1742584200050
Received update: /ndn/ee-site/ee/svs_core/ee=7, 1742584200234
Received update: /ndn/gr-site/gr/svs_core/gr=7, 1742584200276
Received update: /ndn/ge-site/ge/svs_core/ge=7, 1742584200903
Received update: /ndn/tr-site/tr/svs_core/tr=7, 1742584202353
Received update: /ndn/mk-site/mk/svs_core/mk=7, 1742584202521
Received update: /ndn/hr-site/hr/svs_core/hr=7, 1742584202546
Received update: /ndn/ie-site/ie/svs_core/ie=7, 1742584202803
Received update: /ndn/fi-site/fi/svs_core/fi=7, 1742584202974
Received update: /ndn/se-site/se/svs_core/se=7, 1742584202974
Received update: /ndn/no-site/no/svs_core/no=7, 1742584203010
Received update: /ndn/lt-site/lt/svs_core/lt=7, 1742584203283
Received update: /ndn/il-site/il/svs_core/il=7, 1742584203649
Received update: /ndn/pt-site/pt/svs_core/pt=7, 1742584203813
Received update: /ndn/hu-site/hu/svs_core/hu=7, 1742584204923
Received update: /ndn/rs-site/rs/svs_core/rs=7, 1742584204923
Received update: /ndn/sk-site/sk/svs_core/sk=7, 1742584208589
Received update: /ndn/dk-site/dk/svs_core/dk=7, 1742584208784
Received update: /ndn/be-site/be/svs_core/be=8, 1742584216822
Received update: /ndn/it-site/it/svs_core/it=8, 1742584216885
Received update: /ndn/lv-site/lv/svs_core/lv=7, 1742584218596
Received update: /ndn/de1-site/de1/svs_core/de1=8, 1742584218596
Received update: /ndn/md-site/md/svs_core/md=8, 1742584218797
Received update: /ndn/ua-site/ua/svs_core/ua=7, 1742584218851
Received update: /ndn/me-site/me/svs_core/me=8, 1742584218926
Received update: /ndn/ie-site/ie/svs_core/ie=8, 1742584219085
Received update: /ndn/cz-site/cz/svs_core/cz=8, 1742584219190
Received update: /ndn/bg-site/bg/svs_core/bg=8, 1742584219542
Received update: /ndn/is-site/is/svs_core/is=8, 1742584219768
Received update: /ndn/at-site/at/svs_core/at=8, 1742584219973
Received update: /ndn/si-site/si/svs_core/si=8, 1742584220980
Sending Sync interest
Received update: /ndn/fr1-site/fr1/svs_core/fr1=8, 1742584223859
Received update: /ndn/by-site/by/svs_core/by=8, 1742584228124
Sending Sync interest
Max suppression time updated to: 105
Received update: /ndn/am-site/am/svs_core/am=8, 1742584228392
Received update: /ndn/uk-site/uk/svs_core/uk=8, 1742584228506
Received update: /ndn/al-site/al/svs_core/al=8, 1742584228765
Received update: /ndn/cy-site/cy/svs_core/cy=8, 1742584231240
Received update: /ndn/ro-site/ro/svs_core/ro=8, 1742584231339
Sending Sync interest
Received update: /ndn/fr2-site/fr2/svs_core/fr2=8, 1742584231453
Max suppression time updated to: 96
Received update: /ndn/lt-site/lt/svs_core/lt=8, 1742584231479
Max suppression time updated to: 84
Received update: /ndn/az-site/az/svs_core/az=8, 1742584231544
Sending Sync interest
Published sequence number: /ndn/de2-site/de2/svs_core/de2=8, 1742584234806
Sending Sync interest
Max suppression time updated to: 84
Received update: /ndn/nl-site/nl/svs_core/nl=8, 1742584234992
Received update: /ndn/mt-site/mt/svs_core/mt=8, 1742584236123
Sending Sync interest
Received update: /ndn/lu-site/lu/svs_core/lu=8, 1742584236621
Received update: /ndn/gr-site/gr/svs_core/gr=8, 1742584242591
Received update: /ndn/ch-site/ch/svs_core/ch=8, 1742584242622
Received update: /ndn/pl-site/pl/svs_core/pl=8, 1742584245042
Received update: /ndn/ee-site/ee/svs_core/ee=8, 1742584245236
Sending Sync interest
Received update: /ndn/ge-site/ge/svs_core/ge=8, 1742584245916
Received update: /ndn/tr-site/tr/svs_core/tr=8, 1742584247367
Received update: /ndn/il-site/il/svs_core/il=8, 1742584248636
Received update: /ndn/se-site/se/svs_core/se=8, 1742584248818
Received update: /ndn/hr-site/hr/svs_core/hr=8, 1742584248909
Received update: /ndn/fi-site/fi/svs_core/fi=8, 1742584249013
Received update: /ndn/es-site/es/svs_core/es=8, 1742584249069
Received update: /ndn/pt-site/pt/svs_core/pt=8, 1742584249156
Sending Sync interest
Received update: /ndn/rs-site/rs/svs_core/rs=8, 1742584249736
Received update: /ndn/mk-site/mk/svs_core/mk=8, 1742584249792
Received update: /ndn/hu-site/hu/svs_core/hu=8, 1742584249938
Received update: /ndn/lv-site/lv/svs_core/lv=8, 1742584253869
Received update: /ndn/ua-site/ua/svs_core/ua=8, 1742584254067
Received update: /ndn/dk-site/dk/svs_core/dk=8, 1742584254244
Received update: /ndn/no-site/no/svs_core/no=8, 1742584254244
Received update: /ndn/ie-site/ie/svs_core/ie=9, 1742584260236
Received update: /ndn/sk-site/sk/svs_core/sk=8, 1742584260393
Received update: /ndn/it-site/it/svs_core/it=9, 1742584260483
Received update: /ndn/be-site/be/svs_core/be=9, 1742584261815
Sending Sync interest
Received update: /ndn/is-site/is/svs_core/is=9, 1742584263521
Received update: /ndn/de1-site/de1/svs_core/de1=9, 1742584263582
Received update: /ndn/md-site/md/svs_core/md=9, 1742584263729
Sending Sync interest
Received update: /ndn/cz-site/cz/svs_core/cz=9, 1742584264194
Sending Sync interest
Max suppression time updated to: 87
Received update: /ndn/me-site/me/svs_core/me=9, 1742584264492
Received update: /ndn/bg-site/bg/svs_core/bg=9, 1742584264736
Received update: /ndn/at-site/at/svs_core/at=9, 1742584264959
Received update: /ndn/am-site/am/svs_core/am=9, 1742584272240
Received update: /ndn/si-site/si/svs_core/si=9, 1742584272447
Received update: /ndn/fr2-site/fr2/svs_core/fr2=9, 1742584273702
Received update: /ndn/fr1-site/fr1/svs_core/fr1=9, 1742584273776
Received update: /ndn/uk-site/uk/svs_core/uk=9, 1742584273844
Received update: /ndn/al-site/al/svs_core/al=9, 1742584273967
Received update: /ndn/by-site/by/svs_core/by=9, 1742584273978
Sending Sync interest
Received update: /ndn/az-site/az/svs_core/az=9, 1742584274453
Received update: /ndn/ro-site/ro/svs_core/ro=9, 1742584274981
Sending Sync interest
Received update: /ndn/cy-site/cy/svs_core/cy=9, 1742584276234
Published sequence number: /ndn/de2-site/de2/svs_core/de2=9, 1742584279809
Sending Sync interest
Max suppression time updated to: 81
Received update: /ndn/lt-site/lt/svs_core/lt=9, 1742584279986
Received update: /ndn/mk-site/mk/svs_core/mk=9, 1742584287529
Received update: /ndn/ch-site/ch/svs_core/ch=9, 1742584287624
Received update: /ndn/es-site/es/svs_core/es=9, 1742584287674
Received update: /ndn/nl-site/nl/svs_core/nl=9, 1742584287675
Received update: /ndn/lu-site/lu/svs_core/lu=9, 1742584287798
Received update: /ndn/gr-site/gr/svs_core/gr=9, 1742584288134
Received update: /ndn/pl-site/pl/svs_core/pl=9, 1742584290051
Received update: /ndn/mt-site/mt/svs_core/mt=9, 1742584290201
Received update: /ndn/ge-site/ge/svs_core/ge=9, 1742584290916
Sending Sync interest
Received update: /ndn/tr-site/tr/svs_core/tr=9, 1742584292407
Received update: /ndn/hr-site/hr/svs_core/hr=9, 1742584292541
Received update: /ndn/se-site/se/svs_core/se=9, 1742584292568
Received update: /ndn/ee-site/ee/svs_core/ee=9, 1742584292705
Received update: /ndn/fi-site/fi/svs_core/fi=9, 1742584293023
Received update: /ndn/no-site/no/svs_core/no=9, 1742584293023
Received update: /ndn/dk-site/dk/svs_core/dk=9, 1742584294562
Received update: /ndn/rs-site/rs/svs_core/rs=9, 1742584294741
Received update: /ndn/il-site/il/svs_core/il=9, 1742584294776
Received update: /ndn/pt-site/pt/svs_core/pt=9, 1742584294895
Received update: /ndn/hu-site/hu/svs_core/hu=9, 1742584294936
Received update: /ndn/ua-site/ua/svs_core/ua=9, 1742584295974
Sending Sync interest
Received update: /ndn/it-site/it/svs_core/it=10, 1742584303692
Received update: /ndn/lv-site/lv/svs_core/lv=9, 1742584303871
Received update: /ndn/md-site/md/svs_core/md=10, 1742584304087
Received update: /ndn/sk-site/sk/svs_core/sk=9, 1742584304087
Received update: /ndn/ie-site/ie/svs_core/ie=10, 1742584305243
Received update: /ndn/be-site/be/svs_core/be=10, 1742584306831
Received update: /ndn/is-site/is/svs_core/is=10, 1742584308412
Received update: /ndn/de1-site/de1/svs_core/de1=10, 1742584308586
Received update: /ndn/cz-site/cz/svs_core/cz=10, 1742584309203
Sending Sync interest
Received update: /ndn/me-site/me/svs_core/me=10, 1742584309489
Received update: /ndn/si-site/si/svs_core/si=10, 1742584311011
Received update: /ndn/at-site/at/svs_core/at=10, 1742584311146
Received update: /ndn/bg-site/bg/svs_core/bg=10, 1742584311294
Received update: /ndn/uk-site/uk/svs_core/uk=10, 1742584318519
Received update: /ndn/al-site/al/svs_core/al=10, 1742584318764
Received update: /ndn/fr2-site/fr2/svs_core/fr2=10, 1742584318764
Received update: /ndn/fr1-site/fr1/svs_core/fr1=10, 1742584318778
Received update: /ndn/am-site/am/svs_core/am=10, 1742584318873
Received update: /ndn/ro-site/ro/svs_core/ro=10, 1742584319957
Received update: /ndn/cy-site/cy/svs_core/cy=10, 1742584321253
Received update: /ndn/az-site/az/svs_core/az=10, 1742584321557
Received update: /ndn/nl-site/nl/svs_core/nl=10, 1742584323657
Published sequence number: /ndn/de2-site/de2/svs_core/de2=10, 1742584324811
Sending Sync interest
Max suppression time updated to: 81
Received update: /ndn/lt-site/lt/svs_core/lt=10, 1742584324914
Received update: /ndn/lu-site/lu/svs_core/lu=10, 1742584326426
Sending Sync interest
Received update: /ndn/mt-site/mt/svs_core/mt=10, 1742584326769
Received update: /ndn/ch-site/ch/svs_core/ch=10, 1742584332627
Received update: /ndn/gr-site/gr/svs_core/gr=10, 1742584332627
Received update: /ndn/ee-site/ee/svs_core/ee=10, 1742584335350
Received update: /ndn/pl-site/pl/svs_core/pl=10, 1742584335597
Received update: /ndn/se-site/se/svs_core/se=10, 1742584336445
Sending Sync interest
Received update: /ndn/ge-site/ge/svs_core/ge=10, 1742584336605
Received update: /ndn/es-site/es/svs_core/es=10, 1742584336814
Received update: /ndn/hr-site/hr/svs_core/hr=10, 1742584336838
Sending Sync interest
Received update: /ndn/fi-site/fi/svs_core/fi=10, 1742584337110
Max suppression time updated to: 81
Received update: /ndn/by-site/by/svs_core/by=10, 1742584337160
Received update: /ndn/tr-site/tr/svs_core/tr=10, 1742584337389
Received update: /ndn/il-site/il/svs_core/il=10, 1742584338654
Sending Sync interest
Received update: /ndn/rs-site/rs/svs_core/rs=10, 1742584339752
Received update: /ndn/mk-site/mk/svs_core/mk=10, 1742584340114
Received update: /ndn/hu-site/hu/svs_core/hu=10, 1742584340157
Received update: /ndn/pt-site/pt/svs_core/pt=10, 1742584340319
Sending Sync interest
Max suppression time updated to: 87
Received update: /ndn/dk-site/dk/svs_core/dk=10, 1742584340556
Received update: /ndn/ua-site/ua/svs_core/ua=10, 1742584340980
Received update: /ndn/sk-site/sk/svs_core/sk=10, 1742584343610
Received update: /ndn/be-site/be/svs_core/be=11, 1742584351844
Received update: /ndn/ie-site/ie/svs_core/ie=11, 1742584351844
Received update: /ndn/at-site/at/svs_core/at=11, 1742584354985
Received update: /ndn/it-site/it/svs_core/it=11, 1742584355047
Received update: /ndn/me-site/me/svs_core/me=11, 1742584355313
Received update: /ndn/cz-site/cz/svs_core/cz=11, 1742584355413
Received update: /ndn/md-site/md/svs_core/md=11, 1742584355511
Received update: /ndn/de1-site/de1/svs_core/de1=11, 1742584355577
Received update: /ndn/no-site/no/svs_core/no=10, 1742584355662
Received update: /ndn/bg-site/bg/svs_core/bg=11, 1742584355989
Received update: /ndn/uk-site/uk/svs_core/uk=11, 1742584363523
Received update: /ndn/fr2-site/fr2/svs_core/fr2=11, 1742584363735
Received update: /ndn/si-site/si/svs_core/si=11, 1742584363746
Received update: /ndn/am-site/am/svs_core/am=11, 1742584363817
Received update: /ndn/ro-site/ro/svs_core/ro=11, 1742584364969
Received update: /ndn/lt-site/lt/svs_core/lt=11, 1742584365194
Received update: /ndn/lv-site/lv/svs_core/lv=10, 1742584365194
Received update: /ndn/is-site/is/svs_core/is=11, 1742584365356
Received update: /ndn/fr1-site/fr1/svs_core/fr1=11, 1742584365383
Received update: /ndn/al-site/al/svs_core/al=11, 1742584365507
Received update: /ndn/az-site/az/svs_core/az=11, 1742584365814
Received update: /ndn/by-site/by/svs_core/by=11, 1742584365979
Sending Sync interest
Published sequence number: /ndn/de2-site/de2/svs_core/de2=11, 1742584369813
Sending Sync interest
Max suppression time updated to: 84
Received update: /ndn/nl-site/nl/svs_core/nl=11, 1742584369878
Received update: /ndn/lu-site/lu/svs_core/lu=11, 1742584371440
Received update: /ndn/ch-site/ch/svs_core/ch=11, 1742584377635
Received update: /ndn/cy-site/cy/svs_core/cy=11, 1742584377807
Received update: /ndn/mk-site/mk/svs_core/mk=11, 1742584378002
Received update: /ndn/es-site/es/svs_core/es=11, 1742584378258
Received update: /ndn/gr-site/gr/svs_core/gr=11, 1742584378258
Received update: /ndn/mt-site/mt/svs_core/mt=11, 1742584378258
Received update: /ndn/pl-site/pl/svs_core/pl=11, 1742584380061
Received update: /ndn/hr-site/hr/svs_core/hr=11, 1742584381848
Received update: /ndn/fi-site/fi/svs_core/fi=11, 1742584382009
Received update: /ndn/se-site/se/svs_core/se=11, 1742584382009
Sending Sync interest
Max suppression time updated to: 81
Received update: /ndn/ee-site/ee/svs_core/ee=11, 1742584382159
Max suppression time updated to: 81
Received update: /ndn/ge-site/ge/svs_core/ge=11, 1742584382202
Received update: /ndn/tr-site/tr/svs_core/tr=11, 1742584382379
Received update: /ndn/no-site/no/svs_core/no=11, 1742584383035
Sending Sync interest
Received update: /ndn/il-site/il/svs_core/il=11, 1742584383682
Received update: /ndn/pt-site/pt/svs_core/pt=11, 1742584383817
Received update: /ndn/dk-site/dk/svs_core/dk=11, 1742584384593
Received update: /ndn/hu-site/hu/svs_core/hu=11, 1742584384946
Received update: /ndn/ua-site/ua/svs_core/ua=11, 1742584385985
Received update: /ndn/lv-site/lv/svs_core/lv=11, 1742584388866
Sending Sync interest
Sending Sync interest
Received update: /ndn/rs-site/rs/svs_core/rs=11, 1742584389155
Received update: /ndn/it-site/it/svs_core/it=12, 1742584393688
Received update: /ndn/sk-site/sk/svs_core/sk=11, 1742584393876
Received update: /ndn/ie-site/ie/svs_core/ie=12, 1742584395386
Received update: /ndn/de1-site/de1/svs_core/de1=12, 1742584398603
Received update: /ndn/me-site/me/svs_core/me=12, 1742584398934
Received update: /ndn/md-site/md/svs_core/md=12, 1742584399016
Received update: /ndn/cz-site/cz/svs_core/cz=12, 1742584399209
Received update: /ndn/at-site/at/svs_core/at=12, 1742584401007
Received update: /ndn/si-site/si/svs_core/si=12, 1742584401007
Received update: /ndn/bg-site/bg/svs_core/bg=12, 1742584401194
Received update: /ndn/be-site/be/svs_core/be=12, 1742584401309
Received update: /ndn/am-site/am/svs_core/am=12, 1742584407253
Received update: /ndn/by-site/by/svs_core/by=12, 1742584408145
Received update: /ndn/uk-site/uk/svs_core/uk=12, 1742584408523
Received update: /ndn/fr1-site/fr1/svs_core/fr1=12, 1742584408772
Received update: /ndn/az-site/az/svs_core/az=12, 1742584409467
Sending Sync interest
Max suppression time updated to: 87
Received update: /ndn/al-site/al/svs_core/al=12, 1742584409822
Received update: /ndn/lt-site/lt/svs_core/lt=12, 1742584409957
Received update: /ndn/fr2-site/fr2/svs_core/fr2=12, 1742584409968
Received update: /ndn/is-site/is/svs_core/is=12, 1742584410146
Received update: /ndn/ro-site/ro/svs_core/ro=12, 1742584410334
Received update: /ndn/cy-site/cy/svs_core/cy=12, 1742584411266
Published sequence number: /ndn/de2-site/de2/svs_core/de2=12, 1742584414816
Sending Sync interest
Max suppression time updated to: 87
Received update: /ndn/nl-site/nl/svs_core/nl=12, 1742584414950
Received update: /ndn/mt-site/mt/svs_core/mt=12, 1742584416147
Sending Sync interest
Received update: /ndn/lu-site/lu/svs_core/lu=12, 1742584416437
Sending Sync interest
Received update: /ndn/es-site/es/svs_core/es=12, 1742584419382
Received update: /ndn/ch-site/ch/svs_core/ch=12, 1742584422653
Received update: /ndn/ee-site/ee/svs_core/ee=12, 1742584425262
Received update: /ndn/gr-site/gr/svs_core/gr=12, 1742584425457
Received update: /ndn/pl-site/pl/svs_core/pl=12, 1742584425537
Received update: /ndn/mk-site/mk/svs_core/mk=12, 1742584425618
Received update: /ndn/ge-site/ge/svs_core/ge=12, 1742584425937
Received update: /ndn/tr-site/tr/svs_core/tr=12, 1742584427385
Received update: /ndn/no-site/no/svs_core/no=12, 1742584428056
Sending Sync interest
Received update: /ndn/hr-site/hr/svs_core/hr=12, 1742584428329
Received update: /ndn/fi-site/fi/svs_core/fi=12, 1742584428401
Received update: /ndn/se-site/se/svs_core/se=12, 1742584428401
Received update: /ndn/hu-site/hu/svs_core/hu=12, 1742584429950
Received update: /ndn/il-site/il/svs_core/il=12, 1742584430110
Received update: /ndn/it-site/it/svs_core/it=13, 1742584438685
Received update: /ndn/rs-site/rs/svs_core/rs=12, 1742584438895
Received update: /ndn/ua-site/ua/svs_core/ua=12, 1742584439036
Received update: /ndn/ie-site/ie/svs_core/ie=13, 1742584440252
Received update: /ndn/dk-site/dk/svs_core/dk=12, 1742584440437
Received update: /ndn/md-site/md/svs_core/md=13, 1742584440448
Received update: /ndn/sk-site/sk/svs_core/sk=12, 1742584440966
Received update: /ndn/be-site/be/svs_core/be=13, 1742584441857
Received update: /ndn/pt-site/pt/svs_core/pt=12, 1742584441857
Sending Sync interest
Received update: /ndn/de1-site/de1/svs_core/de1=13, 1742584443609
Received update: /ndn/lv-site/lv/svs_core/lv=12, 1742584443674
Received update: /ndn/at-site/at/svs_core/at=13, 1742584444991
Received update: /ndn/cz-site/cz/svs_core/cz=13, 1742584445180
Received update: /ndn/me-site/me/svs_core/me=13, 1742584445180
Received update: /ndn/si-site/si/svs_core/si=13, 1742584446021
Received update: /ndn/fr1-site/fr1/svs_core/fr1=13, 1742584448877
Received update: /ndn/is-site/is/svs_core/is=13, 1742584449082
Received update: /ndn/by-site/by/svs_core/by=13, 1742584453181
Sending Sync interest
Received update: /ndn/bg-site/bg/svs_core/bg=13, 1742584453336
Received update: /ndn/uk-site/uk/svs_core/uk=13, 1742584453537
Received update: /ndn/am-site/am/svs_core/am=13, 1742584453632
Sending Sync interest
Received update: /ndn/al-site/al/svs_core/al=13, 1742584453777
Received update: /ndn/fr2-site/fr2/svs_core/fr2=13, 1742584453938
Received update: /ndn/az-site/az/svs_core/az=13, 1742584454480
Received update: /ndn/lt-site/lt/svs_core/lt=13, 1742584454987
Sending Sync interest
Max suppression time updated to: 90
Received update: /ndn/ro-site/ro/svs_core/ro=13, 1742584455267
Received update: /ndn/cy-site/cy/svs_core/cy=13, 1742584456257
Received update: /ndn/nl-site/nl/svs_core/nl=13, 1742584458680
Published sequence number: /ndn/de2-site/de2/svs_core/de2=13, 1742584459820
Sending Sync interest
Received update: /ndn/gr-site/gr/svs_core/gr=13, 1742584467617
Received update: /ndn/ch-site/ch/svs_core/ch=13, 1742584467638
Received update: /ndn/pl-site/pl/svs_core/pl=13, 1742584470068
Received update: /ndn/es-site/es/svs_core/es=13, 1742584470340
Received update: /ndn/ge-site/ge/svs_core/ge=13, 1742584470982
Received update: /ndn/ee-site/ee/svs_core/ee=13, 1742584471062
Received update: /ndn/lu-site/lu/svs_core/lu=13, 1742584471124
Received update: /ndn/tr-site/tr/svs_core/tr=13, 1742584472388
Received update: /ndn/il-site/il/svs_core/il=13, 1742584473689
Sending Sync interest
Received update: /ndn/mt-site/mt/svs_core/mt=13, 1742584473813
Received update: /ndn/hr-site/hr/svs_core/hr=13, 1742584474123
Received update: /ndn/mk-site/mk/svs_core/mk=13, 1742584474293
Received update: /ndn/pt-site/pt/svs_core/pt=13, 1742584474445
Received update: /ndn/fi-site/fi/svs_core/fi=13, 1742584474473
Received update: /ndn/se-site/se/svs_core/se=13, 1742584474473
Received update: /ndn/no-site/no/svs_core/no=13, 1742584474651
Received update: /ndn/hu-site/hu/svs_core/hu=13, 1742584474952
Received update: /ndn/ua-site/ua/svs_core/ua=13, 1742584475991
Received update: /ndn/rs-site/rs/svs_core/rs=13, 1742584476151
Received update: /ndn/sk-site/sk/svs_core/sk=13, 1742584478586
Received update: /ndn/dk-site/dk/svs_core/dk=13, 1742584478801
Received update: /ndn/md-site/md/svs_core/md=14, 1742584480598
Sending Sync interest
Received update: /ndn/be-site/be/svs_core/be=14, 1742584486842
Received update: /ndn/it-site/it/svs_core/it=14, 1742584486977
Received update: /ndn/de1-site/de1/svs_core/de1=14, 1742584488612
Received update: /ndn/me-site/me/svs_core/me=14, 1742584488945
Received update: /ndn/ie-site/ie/svs_core/ie=14, 1742584489111
Received update: /ndn/lv-site/lv/svs_core/lv=13, 1742584489222
Received update: /ndn/at-site/at/svs_core/at=14, 1742584489992
Received update: /ndn/is-site/is/svs_core/is=14, 1742584490280
Received update: /ndn/si-site/si/svs_core/si=14, 1742584491026
Received update: /ndn/bg-site/bg/svs_core/bg=14, 1742584491254
Received update: /ndn/cz-site/cz/svs_core/cz=14, 1742584491435
Received update: /ndn/am-site/am/svs_core/am=14, 1742584497253
Sending Sync interest
Received update: /ndn/uk-site/uk/svs_core/uk=14, 1742584498540
Received update: /ndn/by-site/by/svs_core/by=14, 1742584498787
Received update: /ndn/fr1-site/fr1/svs_core/fr1=14, 1742584498880
Received update: /ndn/fr2-site/fr2/svs_core/fr2=14, 1742584498880
Received update: /ndn/az-site/az/svs_core/az=14, 1742584499484
Sending Sync interest
Max suppression time updated to: 90
Received update: /ndn/al-site/al/svs_core/al=14, 1742584499620
Max suppression time updated to: 93
Max suppression time updated to: 105
Received update: /ndn/cy-site/cy/svs_core/cy=14, 1742584501285
Received update: /ndn/nl-site/nl/svs_core/nl=14, 1742584503685
Received update: /ndn/ro-site/ro/svs_core/ro=14, 1742584503895
Published sequence number: /ndn/de2-site/de2/svs_core/de2=14, 1742584504824
Sending Sync interest
Received update: /ndn/es-site/es/svs_core/es=14, 1742584509303
Sending Sync interest
Received update: /ndn/lu-site/lu/svs_core/lu=14, 1742584509603
Received update: /ndn/mt-site/mt/svs_core/mt=14, 1742584509615
Received update: /ndn/gr-site/gr/svs_core/gr=14, 1742584512619
Received update: /ndn/ch-site/ch/svs_core/ch=14, 1742584512698
Received update: /ndn/pl-site/pl/svs_core/pl=14, 1742584515073
Received update: /ndn/mk-site/mk/svs_core/mk=14, 1742584515336
Received update: /ndn/ge-site/ge/svs_core/ge=14, 1742584515942
Sending Sync interest
Received update: /ndn/dk-site/dk/svs_core/dk=14, 1742584519604
Received update: /ndn/se-site/se/svs_core/se=14, 1742584519604
Received update: /ndn/hr-site/hr/svs_core/hr=14, 1742584519833
Received update: /ndn/tr-site/tr/svs_core/tr=14, 1742584519874
Received update: /ndn/hu-site/hu/svs_core/hu=14, 1742584520009
Received update: /ndn/rs-site/rs/svs_core/rs=14, 1742584520009
Received update: /ndn/pt-site/pt/svs_core/pt=14, 1742584520034
Received update: /ndn/il-site/il/svs_core/il=14, 1742584520049
Received update: /ndn/ee-site/ee/svs_core/ee=14, 1742584520085
Received update: /ndn/lt-site/lt/svs_core/lt=14, 1742584520085
Received update: /ndn/no-site/no/svs_core/no=14, 1742584520134
Received update: /ndn/fi-site/fi/svs_core/fi=14, 1742584520183
Sending Sync interest
Received update: /ndn/ua-site/ua/svs_core/ua=14, 1742584521035
Sending Sync interest
Received update: /ndn/it-site/it/svs_core/it=15, 1742584528704
Received update: /ndn/md-site/md/svs_core/md=15, 1742584528895
Received update: /ndn/ie-site/ie/svs_core/ie=15, 1742584530257
Received update: /ndn/be-site/be/svs_core/be=15, 1742584531852
Received update: /ndn/bg-site/bg/svs_core/bg=15, 1742584534545
Received update: /ndn/me-site/me/svs_core/me=15, 1742584534545
Received update: /ndn/sk-site/sk/svs_core/sk=14, 1742584534689
Received update: /ndn/de1-site/de1/svs_core/de1=15, 1742584534713
Received update: /ndn/am-site/am/svs_core/am=15, 1742584542254
Received update: /ndn/cz-site/cz/svs_core/cz=15, 1742584542418
Received update: /ndn/uk-site/uk/svs_core/uk=15, 1742584543546
Received update: /ndn/fr2-site/fr2/svs_core/fr2=15, 1742584543683
Sending Sync interest
Max suppression time updated to: 102
Received update: /ndn/at-site/at/svs_core/at=15, 1742584543829
Received update: /ndn/lv-site/lv/svs_core/lv=14, 1742584543854
Max suppression time updated to: 102
Received update: /ndn/al-site/al/svs_core/al=15, 1742584543959
Received update: /ndn/fr1-site/fr1/svs_core/fr1=15, 1742584543959
Received update: /ndn/si-site/si/svs_core/si=15, 1742584544000
Sending Sync interest
Received update: /ndn/is-site/is/svs_core/is=15, 1742584544227
Sending Sync interest
Received update: /ndn/az-site/az/svs_core/az=15, 1742584544482
Received update: /ndn/by-site/by/svs_core/by=15, 1742584544703
Sending Sync interest
Received update: /ndn/ro-site/ro/svs_core/ro=15, 1742584544992
Sending Sync interest
Received update: /ndn/cy-site/cy/svs_core/cy=15, 1742584546277
Received update: /ndn/lt-site/lt/svs_core/lt=15, 1742584546437
Received update: /ndn/nl-site/nl/svs_core/nl=15, 1742584548748
Published sequence number: /ndn/de2-site/de2/svs_core/de2=15, 1742584549828
Sending Sync interest
Received update: /ndn/mt-site/mt/svs_core/mt=15, 1742584551178
Received update: /ndn/lu-site/lu/svs_core/lu=15, 1742584551461
Received update: /ndn/es-site/es/svs_core/es=15, 1742584554288
Sending Sync interest
Received update: /ndn/mk-site/mk/svs_core/mk=15, 1742584557473
Sending Sync interest
Received update: /ndn/pl-site/pl/svs_core/pl=15, 1742584560075
Received update: /ndn/ch-site/ch/svs_core/ch=15, 1742584560188
Received update: /ndn/gr-site/gr/svs_core/gr=15, 1742584560403
Received update: /ndn/ge-site/ge/svs_core/ge=15, 1742584560948
Received update: /ndn/tr-site/tr/svs_core/tr=15, 1742584562400
Received update: /ndn/dk-site/dk/svs_core/dk=15, 1742584564800
Received update: /ndn/fi-site/fi/svs_core/fi=15, 1742584564800
Received update: /ndn/no-site/no/svs_core/no=15, 1742584564800
Received update: /ndn/se-site/se/svs_core/se=15, 1742584564800
Received update: /ndn/ee-site/ee/svs_core/ee=15, 1742584564913
Received update: /ndn/il-site/il/svs_core/il=15, 1742584565090
Received update: /ndn/pt-site/pt/svs_core/pt=15, 1742584565119
Received update: /ndn/hu-site/hu/svs_core/hu=15, 1742584565128
Received update: /ndn/rs-site/rs/svs_core/rs=15, 1742584565216
Received update: /ndn/hr-site/hr/svs_core/hr=15, 1742584565242
Received update: /ndn/ua-site/ua/svs_core/ua=15, 1742584566013
Received update: /ndn/sk-site/sk/svs_core/sk=15, 1742584568592
Received update: /ndn/lv-site/lv/svs_core/lv=15, 1742584568901
Sending Sync interest
Received update: /ndn/md-site/md/svs_core/md=16, 1742584570618
Received update: /ndn/it-site/it/svs_core/it=16, 1742584573716
Received update: /ndn/be-site/be/svs_core/be=16, 1742584576864
Received update: /ndn/ie-site/ie/svs_core/ie=16, 1742584577055
Received update: /ndn/cz-site/cz/svs_core/cz=16, 1742584579235
Sending Sync interest
Received update: /ndn/de1-site/de1/svs_core/de1=16, 1742584579367
Received update: /ndn/is-site/is/svs_core/is=16, 1742584579393
Max suppression time updated to: 102
Received update: /ndn/me-site/me/svs_core/me=16, 1742584579455
Max suppression time updated to: 102
Sending Sync interest
Received update: /ndn/at-site/at/svs_core/at=16, 1742584580030
Received update: /ndn/si-site/si/svs_core/si=16, 1742584581183
Received update: /ndn/am-site/am/svs_core/am=16, 1742584587262
Sending Sync interest
Received update: /ndn/fr1-site/fr1/svs_core/fr1=16, 1742584587354
Sending Sync interest
Max suppression time updated to: 105
Received update: /ndn/bg-site/bg/svs_core/bg=16, 1742584587695
Received update: /ndn/by-site/by/svs_core/by=16, 1742584588175
Received update: /ndn/uk-site/uk/svs_core/uk=16, 1742584588542
Received update: /ndn/cy-site/cy/svs_core/cy=16, 1742584591286
Received update: /ndn/ro-site/ro/svs_core/ro=16, 1742584591480
Received update: /ndn/az-site/az/svs_core/az=16, 1742584591491
Received update: /ndn/al-site/al/svs_core/al=16, 1742584591705
Received update: /ndn/fr2-site/fr2/svs_core/fr2=16, 1742584592550
Received update: /ndn/nl-site/nl/svs_core/nl=16, 1742584593712
Published sequence number: /ndn/de2-site/de2/svs_core/de2=16, 1742584594837
Sending Sync interest
Received update: /ndn/mt-site/mt/svs_core/mt=16, 1742584596160
Sending Sync interest
Received update: /ndn/es-site/es/svs_core/es=16, 1742584599293
Received update: /ndn/lu-site/lu/svs_core/lu=16, 1742584599434
Received update: /ndn/gr-site/gr/svs_core/gr=16, 1742584602637
Received update: /ndn/ch-site/ch/svs_core/ch=16, 1742584602650
Received update: /ndn/mk-site/mk/svs_core/mk=16, 1742584602982
Received update: /ndn/ee-site/ee/svs_core/ee=16, 1742584605289
Received update: /ndn/lt-site/lt/svs_core/lt=16, 1742584605289
Received update: /ndn/pl-site/pl/svs_core/pl=16, 1742584605514
Received update: /ndn/ge-site/ge/svs_core/ge=16, 1742584605955
Received update: /ndn/il-site/il/svs_core/il=16, 1742584608691
Received update: /ndn/pt-site/pt/svs_core/pt=16, 1742584608850
Received update: /ndn/tr-site/tr/svs_core/tr=16, 1742584608989
Received update: /ndn/hu-site/hu/svs_core/hu=16, 1742584609962
Received update: /ndn/rs-site/rs/svs_core/rs=16, 1742584609962
Received update: /ndn/fi-site/fi/svs_core/fi=16, 1742584610090
Received update: /ndn/se-site/se/svs_core/se=16, 1742584610090
Sending Sync interest
Received update: /ndn/hr-site/hr/svs_core/hr=16, 1742584637423
Max suppression time updated to: 105
Received update: /ndn/dk-site/dk/svs_core/dk=16, 1742584637470
Max suppression time updated to: 105
Received update: /ndn/sk-site/sk/svs_core/sk=16, 1742584637484
Received update: /ndn/ua-site/ua/svs_core/ua=16, 1742584637484
Received update: /ndn/lv-site/lv/svs_core/lv=16, 1742584637542
Stopping SVS client: /ndn/de2-site/de2/svs_core/de2
