SVS client starting: /ndn/hu-site/hu/svs_core/hu
Sending Sync interest
Received update: /ndn/md-site/md/svs_core/md=1, 1742583896187
Received update: /ndn/it-site/it/svs_core/it=1, 1742583898603
Received update: /ndn/be-site/be/svs_core/be=1, 1742583901775
Received update: /ndn/is-site/is/svs_core/is=1, 1742583903378
Sending Sync interest
Received update: /ndn/ie-site/ie/svs_core/ie=1, 1742583903736
Received update: /ndn/me-site/me/svs_core/me=1, 1742583903812
Max suppression time updated to: 111
Received update: /ndn/de1-site/de1/svs_core/de1=1, 1742583903857
Max suppression time updated to: 132
Received update: /ndn/bg-site/bg/svs_core/bg=1, 1742583904425
Received update: /ndn/at-site/at/svs_core/at=1, 1742583904893
Received update: /ndn/si-site/si/svs_core/si=1, 1742583905891
Received update: /ndn/am-site/am/svs_core/am=1, 1742583912208
Received update: /ndn/fr1-site/fr1/svs_core/fr1=1, 1742583912466
Received update: /ndn/by-site/by/svs_core/by=1, 1742583913069
Received update: /ndn/fr2-site/fr2/svs_core/fr2=1, 1742583913602
Received update: /ndn/uk-site/uk/svs_core/uk=1, 1742583913804
Received update: /ndn/az-site/az/svs_core/az=1, 1742583914403
Received update: /ndn/al-site/al/svs_core/al=1, 1742583914661
Received update: /ndn/ro-site/ro/svs_core/ro=1, 1742583914848
Received update: /ndn/nl-site/nl/svs_core/nl=1, 1742583918579
Received update: /ndn/cy-site/cy/svs_core/cy=1, 1742583918799
Received update: /ndn/lt-site/lt/svs_core/lt=1, 1742583918883
Received update: /ndn/de2-site/de2/svs_core/de2=1, 1742583919758
Received update: /ndn/mt-site/mt/svs_core/mt=1, 1742583921037
Received update: /ndn/lu-site/lu/svs_core/lu=1, 1742583921388
Received update: /ndn/mk-site/mk/svs_core/mk=1, 1742583927461
Received update: /ndn/ch-site/ch/svs_core/ch=1, 1742583927581
Received update: /ndn/gr-site/gr/svs_core/gr=1, 1742583927581
Received update: /ndn/pl-site/pl/svs_core/pl=1, 1742583929985
Received update: /ndn/ee-site/ee/svs_core/ee=1, 1742583930206
Received update: /ndn/es-site/es/svs_core/es=1, 1742583930280
Received update: /ndn/ge-site/ge/svs_core/ge=1, 1742583930841
Received update: /ndn/hr-site/hr/svs_core/hr=1, 1742583931752
Received update: /ndn/fi-site/fi/svs_core/fi=1, 1742583931956
Received update: /ndn/se-site/se/svs_core/se=1, 1742583932108
Received update: /ndn/rs-site/rs/svs_core/rs=1, 1742583934646
Sending Sync interest
Published sequence number: /ndn/hu-site/hu/svs_core/hu=1, 1742583934833
Sending Sync interest
Max suppression time updated to: 111
Received update: /ndn/tr-site/tr/svs_core/tr=1, 1742583934859
Max suppression time updated to: 111
Max suppression time updated to: 117
Received update: /ndn/dk-site/dk/svs_core/dk=1, 1742583934948
Received update: /ndn/no-site/no/svs_core/no=1, 1742583934948
Received update: /ndn/cz-site/cz/svs_core/cz=1, 1742583935083
Received update: /ndn/il-site/il/svs_core/il=1, 1742583935301
Received update: /ndn/pt-site/pt/svs_core/pt=1, 1742583935406
Received update: /ndn/md-site/md/svs_core/md=2, 1742583940461
Received update: /ndn/sk-site/sk/svs_core/sk=1, 1742583940576
Received update: /ndn/ua-site/ua/svs_core/ua=1, 1742583940728
Received update: /ndn/lv-site/lv/svs_core/lv=1, 1742583940785
Received update: /ndn/ie-site/ie/svs_core/ie=2, 1742583945174
Received update: /ndn/it-site/it/svs_core/it=2, 1742583945309
Received update: /ndn/be-site/be/svs_core/be=2, 1742583946910
Sending Sync interest
Received update: /ndn/de1-site/de1/svs_core/de1=2, 1742583948531
Received update: /ndn/me-site/me/svs_core/me=2, 1742583948821
Received update: /ndn/cz-site/cz/svs_core/cz=2, 1742583949102
Sending Sync interest
Received update: /ndn/at-site/at/svs_core/at=2, 1742583949896
Received update: /ndn/fr1-site/fr1/svs_core/fr1=2, 1742583953809
Sending Sync interest
Received update: /ndn/si-site/si/svs_core/si=2, 1742583954010
Received update: /ndn/bg-site/bg/svs_core/bg=2, 1742583954206
Sending Sync interest
Received update: /ndn/am-site/am/svs_core/am=2, 1742583957211
Received update: /ndn/uk-site/uk/svs_core/uk=2, 1742583958617
Received update: /ndn/al-site/al/svs_core/al=2, 1742583963604
Received update: /ndn/by-site/by/svs_core/by=2, 1742583963604
Received update: /ndn/nl-site/nl/svs_core/nl=2, 1742583963604
Received update: /ndn/cy-site/cy/svs_core/cy=2, 1742583963701
Received update: /ndn/az-site/az/svs_core/az=2, 1742583963775
Received update: /ndn/de2-site/de2/svs_core/de2=2, 1742583964763
Received update: /ndn/fr2-site/fr2/svs_core/fr2=2, 1742583964897
Received update: /ndn/mt-site/mt/svs_core/mt=2, 1742583966049
Sending Sync interest
Received update: /ndn/ro-site/ro/svs_core/ro=2, 1742583966263
Received update: /ndn/lu-site/lu/svs_core/lu=2, 1742583966393
Received update: /ndn/is-site/is/svs_core/is=2, 1742583966511
Sending Sync interest
Received update: /ndn/es-site/es/svs_core/es=2, 1742583969230
Received update: /ndn/ch-site/ch/svs_core/ch=2, 1742583972581
Received update: /ndn/pl-site/pl/svs_core/pl=2, 1742583974987
Received update: /ndn/ee-site/ee/svs_core/ee=2, 1742583975203
Received update: /ndn/gr-site/gr/svs_core/gr=2, 1742583975274
Received update: /ndn/ge-site/ge/svs_core/ge=2, 1742583975846
Received update: /ndn/mk-site/mk/svs_core/mk=2, 1742583976412
Received update: /ndn/pt-site/pt/svs_core/pt=2, 1742583978770
Received update: /ndn/tr-site/tr/svs_core/tr=2, 1742583978793
Received update: /ndn/il-site/il/svs_core/il=2, 1742583979024
Received update: /ndn/se-site/se/svs_core/se=2, 1742583979024
Received update: /ndn/fi-site/fi/svs_core/fi=2, 1742583979157
Received update: /ndn/hr-site/hr/svs_core/hr=2, 1742583979373
Received update: /ndn/no-site/no/svs_core/no=2, 1742583979485
Received update: /ndn/lt-site/lt/svs_core/lt=2, 1742583979629
Published sequence number: /ndn/hu-site/hu/svs_core/hu=2, 1742583979836
Received update: /ndn/ua-site/ua/svs_core/ua=2, 1742583980889
Sending Sync interest
Max suppression time updated to: 105
Received update: /ndn/rs-site/rs/svs_core/rs=2, 1742583981035
Received update: /ndn/lv-site/lv/svs_core/lv=2, 1742583983794
Received update: /ndn/dk-site/dk/svs_core/dk=2, 1742583984062
Received update: /ndn/md-site/md/svs_core/md=3, 1742583985471
Sending Sync interest
Received update: /ndn/ie-site/ie/svs_core/ie=3, 1742583990197
Received update: /ndn/it-site/it/svs_core/it=3, 1742583990264
Received update: /ndn/be-site/be/svs_core/be=3, 1742583991786
Received update: /ndn/me-site/me/svs_core/me=3, 1742583993822
Sending Sync interest
Received update: /ndn/fr1-site/fr1/svs_core/fr1=3, 1742583998818
Received update: /ndn/at-site/at/svs_core/at=3, 1742583998880
Received update: /ndn/de1-site/de1/svs_core/de1=3, 1742583998880
Received update: /ndn/is-site/is/svs_core/is=3, 1742583998956
Received update: /ndn/cz-site/cz/svs_core/cz=3, 1742583999065
Received update: /ndn/si-site/si/svs_core/si=3, 1742583999115
Received update: /ndn/sk-site/sk/svs_core/sk=2, 1742583999129
Sending Sync interest
Max suppression time updated to: 102
Received update: /ndn/bg-site/bg/svs_core/bg=3, 1742583999580
Received update: /ndn/by-site/by/svs_core/by=3, 1742584003072
Received update: /ndn/uk-site/uk/svs_core/uk=3, 1742584003472
Received update: /ndn/az-site/az/svs_core/az=3, 1742584004415
Received update: /ndn/ro-site/ro/svs_core/ro=3, 1742584004854
Received update: /ndn/al-site/al/svs_core/al=3, 1742584004981
Received update: /ndn/fr2-site/fr2/svs_core/fr2=3, 1742584005081
Received update: /ndn/am-site/am/svs_core/am=3, 1742584005534
Sending Sync interest
Received update: /ndn/cy-site/cy/svs_core/cy=3, 1742584006175
Received update: /ndn/nl-site/nl/svs_core/nl=3, 1742584008628
Received update: /ndn/de2-site/de2/svs_core/de2=3, 1742584009761
Received update: /ndn/lu-site/lu/svs_core/lu=3, 1742584011393
Received update: /ndn/es-site/es/svs_core/es=3, 1742584017516
Received update: /ndn/gr-site/gr/svs_core/gr=3, 1742584017516
Received update: /ndn/ch-site/ch/svs_core/ch=3, 1742584017581
Received update: /ndn/mt-site/mt/svs_core/mt=3, 1742584017883
Received update: /ndn/pl-site/pl/svs_core/pl=3, 1742584019996
Received update: /ndn/hr-site/hr/svs_core/hr=3, 1742584021905
Received update: /ndn/se-site/se/svs_core/se=3, 1742584021905
Received update: /ndn/ee-site/ee/svs_core/ee=3, 1742584021949
Received update: /ndn/lt-site/lt/svs_core/lt=3, 1742584021949
Received update: /ndn/ge-site/ge/svs_core/ge=3, 1742584022385
Received update: /ndn/fi-site/fi/svs_core/fi=3, 1742584023194
Received update: /ndn/no-site/no/svs_core/no=3, 1742584023194
Received update: /ndn/tr-site/tr/svs_core/tr=3, 1742584023194
Published sequence number: /ndn/hu-site/hu/svs_core/hu=3, 1742584024844
Sending Sync interest
Max suppression time updated to: 111
Received update: /ndn/il-site/il/svs_core/il=3, 1742584025098
Received update: /ndn/mk-site/mk/svs_core/mk=3, 1742584025252
Received update: /ndn/pt-site/pt/svs_core/pt=3, 1742584025482
Received update: /ndn/dk-site/dk/svs_core/dk=3, 1742584025677
Received update: /ndn/rs-site/rs/svs_core/rs=3, 1742584025826
Received update: /ndn/md-site/md/svs_core/md=4, 1742584030473
Sending Sync interest
Received update: /ndn/lv-site/lv/svs_core/lv=3, 1742584030587
Max suppression time updated to: 114
Max suppression time updated to: 111
Received update: /ndn/sk-site/sk/svs_core/sk=3, 1742584030798
Received update: /ndn/ua-site/ua/svs_core/ua=3, 1742584030810
Received update: /ndn/it-site/it/svs_core/it=4, 1742584033603
Received update: /ndn/ie-site/ie/svs_core/ie=4, 1742584035207
Received update: /ndn/be-site/be/svs_core/be=4, 1742584036785
Received update: /ndn/is-site/is/svs_core/is=4, 1742584038546
Received update: /ndn/de1-site/de1/svs_core/de1=4, 1742584038546
Received update: /ndn/me-site/me/svs_core/me=4, 1742584038835
Sending Sync interest
Received update: /ndn/si-site/si/svs_core/si=4, 1742584040919
Received update: /ndn/at-site/at/svs_core/at=4, 1742584041124
Received update: /ndn/cz-site/cz/svs_core/cz=4, 1742584041346
Received update: /ndn/am-site/am/svs_core/am=4, 1742584047218
Received update: /ndn/by-site/by/svs_core/by=4, 1742584048119
Received update: /ndn/fr1-site/fr1/svs_core/fr1=4, 1742584048297
Received update: /ndn/uk-site/uk/svs_core/uk=4, 1742584048461
Received update: /ndn/az-site/az/svs_core/az=4, 1742584049418
Received update: /ndn/ro-site/ro/svs_core/ro=4, 1742584049859
Received update: /ndn/al-site/al/svs_core/al=4, 1742584050035
Received update: /ndn/fr2-site/fr2/svs_core/fr2=4, 1742584050094
Received update: /ndn/lt-site/lt/svs_core/lt=4, 1742584050131
Received update: /ndn/cy-site/cy/svs_core/cy=4, 1742584051198
Sending Sync interest
Received update: /ndn/bg-site/bg/svs_core/bg=4, 1742584051574
Received update: /ndn/nl-site/nl/svs_core/nl=4, 1742584053607
Sending Sync interest
Received update: /ndn/de2-site/de2/svs_core/de2=4, 1742584054775
Received update: /ndn/mt-site/mt/svs_core/mt=4, 1742584056195
Received update: /ndn/pl-site/pl/svs_core/pl=4, 1742584065003
Received update: /ndn/ch-site/ch/svs_core/ch=4, 1742584065091
Received update: /ndn/es-site/es/svs_core/es=4, 1742584065091
Received update: /ndn/lu-site/lu/svs_core/lu=4, 1742584065091
Received update: /ndn/gr-site/gr/svs_core/gr=4, 1742584065256
Received update: /ndn/ge-site/ge/svs_core/ge=4, 1742584065854
Received update: /ndn/ee-site/ee/svs_core/ee=4, 1742584066035
Received update: /ndn/tr-site/tr/svs_core/tr=4, 1742584067326
Received update: /ndn/il-site/il/svs_core/il=4, 1742584068832
Received update: /ndn/dk-site/dk/svs_core/dk=4, 1742584069538
Received update: /ndn/rs-site/rs/svs_core/rs=4, 1742584069657
Published sequence number: /ndn/hu-site/hu/svs_core/hu=4, 1742584069848
Sending Sync interest
Received update: /ndn/fi-site/fi/svs_core/fi=4, 1742584069871
Received update: /ndn/hr-site/hr/svs_core/hr=4, 1742584069871
Received update: /ndn/se-site/se/svs_core/se=4, 1742584069871
Received update: /ndn/no-site/no/svs_core/no=4, 1742584069929
Max suppression time updated to: 117
Received update: /ndn/pt-site/pt/svs_core/pt=4, 1742584069956
Max suppression time updated to: 117
Max suppression time updated to: 120
Received update: /ndn/ua-site/ua/svs_core/ua=4, 1742584070898
Max suppression time updated to: 156
Received update: /ndn/it-site/it/svs_core/it=5, 1742584078643
Received update: /ndn/cz-site/cz/svs_core/cz=5, 1742584084112
Received update: /ndn/ie-site/ie/svs_core/ie=5, 1742584084229
Received update: /ndn/lv-site/lv/svs_core/lv=4, 1742584084229
Received update: /ndn/md-site/md/svs_core/md=5, 1742584084301
Received update: /ndn/mk-site/mk/svs_core/mk=4, 1742584084412
Received update: /ndn/sk-site/sk/svs_core/sk=4, 1742584084421
Received update: /ndn/bg-site/bg/svs_core/bg=5, 1742584084434
Received update: /ndn/me-site/me/svs_core/me=5, 1742584084568
Received update: /ndn/be-site/be/svs_core/be=5, 1742584084776
Received update: /ndn/si-site/si/svs_core/si=5, 1742584085947
Received update: /ndn/at-site/at/svs_core/at=5, 1742584085997
Received update: /ndn/is-site/is/svs_core/is=5, 1742584086138
Received update: /ndn/de1-site/de1/svs_core/de1=5, 1742584086138
Received update: /ndn/uk-site/uk/svs_core/uk=5, 1742584093480
Received update: /ndn/fr2-site/fr2/svs_core/fr2=5, 1742584093603
Received update: /ndn/fr1-site/fr1/svs_core/fr1=5, 1742584093753
Received update: /ndn/am-site/am/svs_core/am=5, 1742584093822
Received update: /ndn/az-site/az/svs_core/az=5, 1742584094452
Received update: /ndn/al-site/al/svs_core/al=5, 1742584094744
Received update: /ndn/by-site/by/svs_core/by=5, 1742584094817
Received update: /ndn/cy-site/cy/svs_core/cy=5, 1742584096200
Received update: /ndn/nl-site/nl/svs_core/nl=5, 1742584098617
Received update: /ndn/de2-site/de2/svs_core/de2=5, 1742584099778
Received update: /ndn/ch-site/ch/svs_core/ch=5, 1742584107635
Received update: /ndn/ro-site/ro/svs_core/ro=5, 1742584107828
Received update: /ndn/gr-site/gr/svs_core/gr=5, 1742584108110
Received update: /ndn/es-site/es/svs_core/es=5, 1742584110276
Received update: /ndn/pl-site/pl/svs_core/pl=5, 1742584110276
Received update: /ndn/ee-site/ee/svs_core/ee=5, 1742584110312
Received update: /ndn/lt-site/lt/svs_core/lt=5, 1742584110312
Received update: /ndn/lu-site/lu/svs_core/lu=5, 1742584110528
Received update: /ndn/mk-site/mk/svs_core/mk=5, 1742584110566
Received update: /ndn/ge-site/ge/svs_core/ge=5, 1742584110891
Received update: /ndn/mt-site/mt/svs_core/mt=5, 1742584111206
Received update: /ndn/hr-site/hr/svs_core/hr=5, 1742584111846
Received update: /ndn/tr-site/tr/svs_core/tr=5, 1742584112334
Received update: /ndn/rs-site/rs/svs_core/rs=5, 1742584114700
Sending Sync interest
Published sequence number: /ndn/hu-site/hu/svs_core/hu=5, 1742584114883
Sending Sync interest
Max suppression time updated to: 153
Received update: /ndn/il-site/il/svs_core/il=5, 1742584115067
Received update: /ndn/ua-site/ua/svs_core/ua=5, 1742584115938
Received update: /ndn/dk-site/dk/svs_core/dk=5, 1742584116193
Received update: /ndn/se-site/se/svs_core/se=5, 1742584116193
Received update: /ndn/md-site/md/svs_core/md=6, 1742584120513
Sending Sync interest
Received update: /ndn/fi-site/fi/svs_core/fi=5, 1742584120736
Received update: /ndn/no-site/no/svs_core/no=5, 1742584120736
Received update: /ndn/sk-site/sk/svs_core/sk=5, 1742584120776
Max suppression time updated to: 153
Received update: /ndn/pt-site/pt/svs_core/pt=5, 1742584120918
Received update: /ndn/it-site/it/svs_core/it=6, 1742584123804
Received update: /ndn/be-site/be/svs_core/be=6, 1742584126835
Received update: /ndn/ie-site/ie/svs_core/ie=6, 1742584126904
Received update: /ndn/lv-site/lv/svs_core/lv=5, 1742584126961
Received update: /ndn/cz-site/cz/svs_core/cz=6, 1742584129149
Received update: /ndn/de1-site/de1/svs_core/de1=6, 1742584129245
Received update: /ndn/is-site/is/svs_core/is=6, 1742584129325
Received update: /ndn/bg-site/bg/svs_core/bg=6, 1742584129468
Received update: /ndn/me-site/me/svs_core/me=6, 1742584129482
Received update: /ndn/at-site/at/svs_core/at=6, 1742584129940
Received update: /ndn/si-site/si/svs_core/si=6, 1742584130960
Received update: /ndn/am-site/am/svs_core/am=6, 1742584137254
Received update: /ndn/by-site/by/svs_core/by=6, 1742584138135
Received update: /ndn/az-site/az/svs_core/az=6, 1742584139460
Received update: /ndn/ro-site/ro/svs_core/ro=6, 1742584139906
Received update: /ndn/cy-site/cy/svs_core/cy=6, 1742584141265
Sending Sync interest
Max suppression time updated to: 150
Received update: /ndn/al-site/al/svs_core/al=6, 1742584141455
Received update: /ndn/uk-site/uk/svs_core/uk=6, 1742584144820
Received update: /ndn/de2-site/de2/svs_core/de2=6, 1742584144820
Received update: /ndn/fr1-site/fr1/svs_core/fr1=6, 1742584144820
Received update: /ndn/mt-site/mt/svs_core/mt=6, 1742584146201
Received update: /ndn/fr2-site/fr2/svs_core/fr2=6, 1742584146442
Received update: /ndn/lu-site/lu/svs_core/lu=6, 1742584146442
Received update: /ndn/nl-site/nl/svs_core/nl=6, 1742584146442
Received update: /ndn/lt-site/lt/svs_core/lt=6, 1742584147020
Received update: /ndn/gr-site/gr/svs_core/gr=6, 1742584152564
Received update: /ndn/pl-site/pl/svs_core/pl=6, 1742584155087
Received update: /ndn/ch-site/ch/svs_core/ch=6, 1742584155929
Received update: /ndn/ge-site/ge/svs_core/ge=6, 1742584155929
Received update: /ndn/hr-site/hr/svs_core/hr=6, 1742584156830
Received update: /ndn/tr-site/tr/svs_core/tr=6, 1742584157354
Received update: /ndn/se-site/se/svs_core/se=6, 1742584157462
Received update: /ndn/il-site/il/svs_core/il=6, 1742584158736
Received update: /ndn/fi-site/fi/svs_core/fi=6, 1742584158934
Received update: /ndn/ee-site/ee/svs_core/ee=6, 1742584158937
Received update: /ndn/dk-site/dk/svs_core/dk=6, 1742584159586
Received update: /ndn/no-site/no/svs_core/no=6, 1742584159586
Published sequence number: /ndn/hu-site/hu/svs_core/hu=6, 1742584159890
Sending Sync interest
Max suppression time updated to: 150
Received update: /ndn/pt-site/pt/svs_core/pt=6, 1742584160071
Received update: /ndn/rs-site/rs/svs_core/rs=6, 1742584160190
Received update: /ndn/ua-site/ua/svs_core/ua=6, 1742584161000
Sending Sync interest
Received update: /ndn/mk-site/mk/svs_core/mk=6, 1742584161156
Max suppression time updated to: 153
Received update: /ndn/es-site/es/svs_core/es=6, 1742584161222
Received update: /ndn/lv-site/lv/svs_core/lv=6, 1742584163878
Sending Sync interest
Max suppression time updated to: 150
Received update: /ndn/sk-site/sk/svs_core/sk=6, 1742584164208
Received update: /ndn/it-site/it/svs_core/it=7, 1742584168678
Received update: /ndn/be-site/be/svs_core/be=7, 1742584173600
Received update: /ndn/de1-site/de1/svs_core/de1=7, 1742584173600
Received update: /ndn/at-site/at/svs_core/at=7, 1742584174959
Received update: /ndn/cz-site/cz/svs_core/cz=7, 1742584175167
Received update: /ndn/me-site/me/svs_core/me=7, 1742584175283
Received update: /ndn/fr1-site/fr1/svs_core/fr1=7, 1742584178877
Sending Sync interest
Received update: /ndn/md-site/md/svs_core/md=7, 1742584178991
Received update: /ndn/si-site/si/svs_core/si=7, 1742584179004
Received update: /ndn/bg-site/bg/svs_core/bg=7, 1742584179160
Max suppression time updated to: 153
Received update: /ndn/is-site/is/svs_core/is=7, 1742584179227
Received update: /ndn/am-site/am/svs_core/am=7, 1742584183134
Received update: /ndn/by-site/by/svs_core/by=7, 1742584183134
Received update: /ndn/fr2-site/fr2/svs_core/fr2=7, 1742584183644
Received update: /ndn/uk-site/uk/svs_core/uk=7, 1742584183775
Received update: /ndn/al-site/al/svs_core/al=7, 1742584183788
Sending Sync interest
Received update: /ndn/az-site/az/svs_core/az=7, 1742584184456
Received update: /ndn/cy-site/cy/svs_core/cy=7, 1742584186249
Received update: /ndn/de2-site/de2/svs_core/de2=7, 1742584189834
Received update: /ndn/lu-site/lu/svs_core/lu=7, 1742584191528
Received update: /ndn/nl-site/nl/svs_core/nl=7, 1742584191670
Received update: /ndn/ro-site/ro/svs_core/ro=7, 1742584191822
Received update: /ndn/ch-site/ch/svs_core/ch=7, 1742584197647
Received update: /ndn/es-site/es/svs_core/es=7, 1742584197647
Received update: /ndn/mt-site/mt/svs_core/mt=7, 1742584197647
Received update: /ndn/ee-site/ee/svs_core/ee=7, 1742584200260
Received update: /ndn/pl-site/pl/svs_core/pl=7, 1742584200260
Received update: /ndn/gr-site/gr/svs_core/gr=7, 1742584200275
Received update: /ndn/ge-site/ge/svs_core/ge=7, 1742584200903
Sending Sync interest
Sending Sync interest
Received update: /ndn/tr-site/tr/svs_core/tr=7, 1742584202376
Max suppression time updated to: 150
Received update: /ndn/mk-site/mk/svs_core/mk=7, 1742584202498
Received update: /ndn/hr-site/hr/svs_core/hr=7, 1742584202546
Received update: /ndn/ie-site/ie/svs_core/ie=7, 1742584202815
Received update: /ndn/fi-site/fi/svs_core/fi=7, 1742584203008
Received update: /ndn/se-site/se/svs_core/se=7, 1742584203008
Received update: /ndn/no-site/no/svs_core/no=7, 1742584203058
Sending Sync interest
Received update: /ndn/lt-site/lt/svs_core/lt=7, 1742584203297
Received update: /ndn/il-site/il/svs_core/il=7, 1742584203710
Received update: /ndn/pt-site/pt/svs_core/pt=7, 1742584203956
Received update: /ndn/rs-site/rs/svs_core/rs=7, 1742584204708
Published sequence number: /ndn/hu-site/hu/svs_core/hu=7, 1742584204894
Sending Sync interest
Received update: /ndn/sk-site/sk/svs_core/sk=7, 1742584208565
Received update: /ndn/dk-site/dk/svs_core/dk=7, 1742584208808
Received update: /ndn/be-site/be/svs_core/be=8, 1742584216834
Received update: /ndn/it-site/it/svs_core/it=8, 1742584217149
Received update: /ndn/lv-site/lv/svs_core/lv=7, 1742584218622
Received update: /ndn/de1-site/de1/svs_core/de1=8, 1742584218622
Received update: /ndn/md-site/md/svs_core/md=8, 1742584218773
Received update: /ndn/me-site/me/svs_core/me=8, 1742584218884
Received update: /ndn/ie-site/ie/svs_core/ie=8, 1742584219108
Received update: /ndn/cz-site/cz/svs_core/cz=8, 1742584219166
Received update: /ndn/ua-site/ua/svs_core/ua=7, 1742584219216
Received update: /ndn/bg-site/bg/svs_core/bg=8, 1742584219518
Sending Sync interest
Received update: /ndn/is-site/is/svs_core/is=8, 1742584219793
Received update: /ndn/at-site/at/svs_core/at=8, 1742584219997
Received update: /ndn/si-site/si/svs_core/si=8, 1742584220981
Received update: /ndn/fr1-site/fr1/svs_core/fr1=8, 1742584223886
Received update: /ndn/by-site/by/svs_core/by=8, 1742584228293
Received update: /ndn/am-site/am/svs_core/am=8, 1742584228421
Received update: /ndn/uk-site/uk/svs_core/uk=8, 1742584228552
Received update: /ndn/al-site/al/svs_core/al=8, 1742584228792
Received update: /ndn/cy-site/cy/svs_core/cy=8, 1742584231240
Received update: /ndn/ro-site/ro/svs_core/ro=8, 1742584231316
Received update: /ndn/fr2-site/fr2/svs_core/fr2=8, 1742584231490
Received update: /ndn/lt-site/lt/svs_core/lt=8, 1742584231499
Received update: /ndn/az-site/az/svs_core/az=8, 1742584231567
Received update: /ndn/de2-site/de2/svs_core/de2=8, 1742584234856
Received update: /ndn/nl-site/nl/svs_core/nl=8, 1742584235017
Received update: /ndn/mt-site/mt/svs_core/mt=8, 1742584236147
Sending Sync interest
Received update: /ndn/lu-site/lu/svs_core/lu=8, 1742584236657
Received update: /ndn/gr-site/gr/svs_core/gr=8, 1742584242591
Received update: /ndn/ch-site/ch/svs_core/ch=8, 1742584242648
Received update: /ndn/ee-site/ee/svs_core/ee=8, 1742584245263
Received update: /ndn/pl-site/pl/svs_core/pl=8, 1742584245303
Received update: /ndn/ge-site/ge/svs_core/ge=8, 1742584245916
Received update: /ndn/tr-site/tr/svs_core/tr=8, 1742584247367
Received update: /ndn/hr-site/hr/svs_core/hr=8, 1742584247574
Received update: /ndn/il-site/il/svs_core/il=8, 1742584248734
Received update: /ndn/se-site/se/svs_core/se=8, 1742584248842
Sending Sync interest
Received update: /ndn/fi-site/fi/svs_core/fi=8, 1742584249051
Max suppression time updated to: 153
Received update: /ndn/es-site/es/svs_core/es=8, 1742584249108
Max suppression time updated to: 153
Received update: /ndn/pt-site/pt/svs_core/pt=8, 1742584249128
Received update: /ndn/mk-site/mk/svs_core/mk=8, 1742584249191
Received update: /ndn/rs-site/rs/svs_core/rs=8, 1742584249710
Sending Sync interest
Published sequence number: /ndn/hu-site/hu/svs_core/hu=8, 1742584249906
Sending Sync interest
Received update: /ndn/lv-site/lv/svs_core/lv=8, 1742584253898
Received update: /ndn/ua-site/ua/svs_core/ua=8, 1742584254067
Received update: /ndn/dk-site/dk/svs_core/dk=8, 1742584260266
Received update: /ndn/ie-site/ie/svs_core/ie=9, 1742584260266
Received update: /ndn/no-site/no/svs_core/no=8, 1742584260266
Received update: /ndn/sk-site/sk/svs_core/sk=8, 1742584260392
Received update: /ndn/it-site/it/svs_core/it=9, 1742584260506
Received update: /ndn/be-site/be/svs_core/be=9, 1742584261944
Received update: /ndn/is-site/is/svs_core/is=9, 1742584263550
Received update: /ndn/de1-site/de1/svs_core/de1=9, 1742584263611
Received update: /ndn/md-site/md/svs_core/md=9, 1742584263701
Received update: /ndn/cz-site/cz/svs_core/cz=9, 1742584264169
Received update: /ndn/me-site/me/svs_core/me=9, 1742584264283
Sending Sync interest
Max suppression time updated to: 147
Received update: /ndn/bg-site/bg/svs_core/bg=9, 1742584264713
Received update: /ndn/at-site/at/svs_core/at=9, 1742584264960
Received update: /ndn/am-site/am/svs_core/am=9, 1742584272262
Received update: /ndn/si-site/si/svs_core/si=9, 1742584272478
Received update: /ndn/fr2-site/fr2/svs_core/fr2=9, 1742584273701
Received update: /ndn/fr1-site/fr1/svs_core/fr1=9, 1742584273776
Received update: /ndn/al-site/al/svs_core/al=9, 1742584273967
Received update: /ndn/uk-site/uk/svs_core/uk=9, 1742584273967
Received update: /ndn/by-site/by/svs_core/by=9, 1742584274000
Received update: /ndn/ro-site/ro/svs_core/ro=9, 1742584274924
Received update: /ndn/az-site/az/svs_core/az=9, 1742584275164
Received update: /ndn/cy-site/cy/svs_core/cy=9, 1742584276271
Received update: /ndn/de2-site/de2/svs_core/de2=9, 1742584279833
Received update: /ndn/lt-site/lt/svs_core/lt=9, 1742584280015
Received update: /ndn/mk-site/mk/svs_core/mk=9, 1742584287512
Received update: /ndn/ch-site/ch/svs_core/ch=9, 1742584287647
Received update: /ndn/es-site/es/svs_core/es=9, 1742584287687
Received update: /ndn/nl-site/nl/svs_core/nl=9, 1742584287693
Received update: /ndn/lu-site/lu/svs_core/lu=9, 1742584287823
Received update: /ndn/gr-site/gr/svs_core/gr=9, 1742584288135
Received update: /ndn/ge-site/ge/svs_core/ge=9, 1742584291030
Received update: /ndn/mt-site/mt/svs_core/mt=9, 1742584291030
Received update: /ndn/pl-site/pl/svs_core/pl=9, 1742584291030
Received update: /ndn/hr-site/hr/svs_core/hr=9, 1742584291842
Received update: /ndn/tr-site/tr/svs_core/tr=9, 1742584292377
Sending Sync interest
Max suppression time updated to: 150
Received update: /ndn/ee-site/ee/svs_core/ee=9, 1742584292742
Received update: /ndn/se-site/se/svs_core/se=9, 1742584292775
Received update: /ndn/fi-site/fi/svs_core/fi=9, 1742584293048
Received update: /ndn/no-site/no/svs_core/no=9, 1742584293048
Received update: /ndn/dk-site/dk/svs_core/dk=9, 1742584294586
Received update: /ndn/rs-site/rs/svs_core/rs=9, 1742584294716
Received update: /ndn/il-site/il/svs_core/il=9, 1742584294902
Received update: /ndn/pt-site/pt/svs_core/pt=9, 1742584294902
Published sequence number: /ndn/hu-site/hu/svs_core/hu=9, 1742584294907
Sending Sync interest
Received update: /ndn/ua-site/ua/svs_core/ua=9, 1742584296089
Received update: /ndn/md-site/md/svs_core/md=10, 1742584300543
Received update: /ndn/it-site/it/svs_core/it=10, 1742584303667
Sending Sync interest
Received update: /ndn/lv-site/lv/svs_core/lv=9, 1742584303897
Received update: /ndn/sk-site/sk/svs_core/sk=9, 1742584303912
Sending Sync interest
Received update: /ndn/ie-site/ie/svs_core/ie=10, 1742584305277
Received update: /ndn/be-site/be/svs_core/be=10, 1742584306859
Received update: /ndn/is-site/is/svs_core/is=10, 1742584308439
Received update: /ndn/cz-site/cz/svs_core/cz=10, 1742584309178
Received update: /ndn/de1-site/de1/svs_core/de1=10, 1742584309302
Received update: /ndn/me-site/me/svs_core/me=10, 1742584309466
Received update: /ndn/si-site/si/svs_core/si=10, 1742584311000
Received update: /ndn/at-site/at/svs_core/at=10, 1742584311121
Received update: /ndn/bg-site/bg/svs_core/bg=10, 1742584311270
Received update: /ndn/uk-site/uk/svs_core/uk=10, 1742584318531
Received update: /ndn/al-site/al/svs_core/al=10, 1742584318884
Received update: /ndn/fr1-site/fr1/svs_core/fr1=10, 1742584318884
Received update: /ndn/fr2-site/fr2/svs_core/fr2=10, 1742584318884
Received update: /ndn/am-site/am/svs_core/am=10, 1742584318899
Received update: /ndn/ro-site/ro/svs_core/ro=10, 1742584319932
Sending Sync interest
Received update: /ndn/az-site/az/svs_core/az=10, 1742584321585
Received update: /ndn/cy-site/cy/svs_core/cy=10, 1742584321585
Received update: /ndn/nl-site/nl/svs_core/nl=10, 1742584323723
Received update: /ndn/de2-site/de2/svs_core/de2=10, 1742584324840
Received update: /ndn/lt-site/lt/svs_core/lt=10, 1742584324931
Received update: /ndn/lu-site/lu/svs_core/lu=10, 1742584326531
Received update: /ndn/mt-site/mt/svs_core/mt=10, 1742584326792
Received update: /ndn/ch-site/ch/svs_core/ch=10, 1742584332652
Received update: /ndn/gr-site/gr/svs_core/gr=10, 1742584332652
Received update: /ndn/ee-site/ee/svs_core/ee=10, 1742584335625
Received update: /ndn/pl-site/pl/svs_core/pl=10, 1742584335625
Received update: /ndn/ge-site/ge/svs_core/ge=10, 1742584335925
Received update: /ndn/se-site/se/svs_core/se=10, 1742584336469
Sending Sync interest
Sending Sync interest
Received update: /ndn/hr-site/hr/svs_core/hr=10, 1742584336838
Received update: /ndn/es-site/es/svs_core/es=10, 1742584336928
Received update: /ndn/fi-site/fi/svs_core/fi=10, 1742584337148
Received update: /ndn/by-site/by/svs_core/by=10, 1742584337221
Received update: /ndn/tr-site/tr/svs_core/tr=10, 1742584337377
Received update: /ndn/il-site/il/svs_core/il=10, 1742584338681
Received update: /ndn/rs-site/rs/svs_core/rs=10, 1742584339726
Sending Sync interest
Published sequence number: /ndn/hu-site/hu/svs_core/hu=10, 1742584339909
Received update: /ndn/mk-site/mk/svs_core/mk=10, 1742584340088
Sending Sync interest
Max suppression time updated to: 147
Received update: /ndn/pt-site/pt/svs_core/pt=10, 1742584340343
Received update: /ndn/dk-site/dk/svs_core/dk=10, 1742584340567
Received update: /ndn/ua-site/ua/svs_core/ua=10, 1742584340980
Received update: /ndn/sk-site/sk/svs_core/sk=10, 1742584343606
Received update: /ndn/be-site/be/svs_core/be=11, 1742584351880
Received update: /ndn/ie-site/ie/svs_core/ie=11, 1742584351880
Received update: /ndn/at-site/at/svs_core/at=11, 1742584354973
Received update: /ndn/it-site/it/svs_core/it=11, 1742584355071
Received update: /ndn/cz-site/cz/svs_core/cz=11, 1742584355277
Received update: /ndn/me-site/me/svs_core/me=11, 1742584355290
Received update: /ndn/md-site/md/svs_core/md=11, 1742584355483
Received update: /ndn/no-site/no/svs_core/no=10, 1742584355688
Received update: /ndn/de1-site/de1/svs_core/de1=11, 1742584355688
Received update: /ndn/bg-site/bg/svs_core/bg=11, 1742584355934
Received update: /ndn/uk-site/uk/svs_core/uk=11, 1742584363546
Received update: /ndn/fr2-site/fr2/svs_core/fr2=11, 1742584363736
Received update: /ndn/si-site/si/svs_core/si=11, 1742584363746
Received update: /ndn/am-site/am/svs_core/am=11, 1742584363840
Received update: /ndn/ro-site/ro/svs_core/ro=11, 1742584364941
Received update: /ndn/lt-site/lt/svs_core/lt=11, 1742584365408
Received update: /ndn/lv-site/lv/svs_core/lv=10, 1742584365408
Received update: /ndn/fr1-site/fr1/svs_core/fr1=11, 1742584365408
Received update: /ndn/is-site/is/svs_core/is=11, 1742584365536
Received update: /ndn/al-site/al/svs_core/al=11, 1742584365546
Received update: /ndn/az-site/az/svs_core/az=11, 1742584365856
Received update: /ndn/by-site/by/svs_core/by=11, 1742584366141
Received update: /ndn/de2-site/de2/svs_core/de2=11, 1742584369844
Received update: /ndn/nl-site/nl/svs_core/nl=11, 1742584369904
Received update: /ndn/ch-site/ch/svs_core/ch=11, 1742584377665
Received update: /ndn/lu-site/lu/svs_core/lu=11, 1742584377665
Received update: /ndn/cy-site/cy/svs_core/cy=11, 1742584377807
Received update: /ndn/mk-site/mk/svs_core/mk=11, 1742584377969
Received update: /ndn/es-site/es/svs_core/es=11, 1742584379726
Received update: /ndn/gr-site/gr/svs_core/gr=11, 1742584379726
Received update: /ndn/mt-site/mt/svs_core/mt=11, 1742584379726
Received update: /ndn/pl-site/pl/svs_core/pl=11, 1742584380141
Received update: /ndn/hr-site/hr/svs_core/hr=11, 1742584381848
Received update: /ndn/fi-site/fi/svs_core/fi=11, 1742584382033
Received update: /ndn/se-site/se/svs_core/se=11, 1742584382033
Received update: /ndn/ge-site/ge/svs_core/ge=11, 1742584382202
Received update: /ndn/ee-site/ee/svs_core/ee=11, 1742584382356
Received update: /ndn/tr-site/tr/svs_core/tr=11, 1742584382379
Received update: /ndn/no-site/no/svs_core/no=11, 1742584383058
Received update: /ndn/il-site/il/svs_core/il=11, 1742584383706
Received update: /ndn/pt-site/pt/svs_core/pt=11, 1742584383840
Received update: /ndn/dk-site/dk/svs_core/dk=11, 1742584384617
Published sequence number: /ndn/hu-site/hu/svs_core/hu=11, 1742584384914
Sending Sync interest
Received update: /ndn/ua-site/ua/svs_core/ua=11, 1742584385985
Received update: /ndn/lv-site/lv/svs_core/lv=11, 1742584388993
Received update: /ndn/rs-site/rs/svs_core/rs=11, 1742584389129
Received update: /ndn/it-site/it/svs_core/it=12, 1742584393715
Received update: /ndn/sk-site/sk/svs_core/sk=11, 1742584393876
Received update: /ndn/ie-site/ie/svs_core/ie=12, 1742584395411
Received update: /ndn/de1-site/de1/svs_core/de1=12, 1742584398628
Received update: /ndn/me-site/me/svs_core/me=12, 1742584398908
Received update: /ndn/md-site/md/svs_core/md=12, 1742584398991
Received update: /ndn/cz-site/cz/svs_core/cz=12, 1742584399184
Received update: /ndn/at-site/at/svs_core/at=12, 1742584401007
Received update: /ndn/si-site/si/svs_core/si=12, 1742584401007
Received update: /ndn/bg-site/bg/svs_core/bg=12, 1742584401158
Received update: /ndn/be-site/be/svs_core/be=12, 1742584401333
Received update: /ndn/am-site/am/svs_core/am=12, 1742584407282
Received update: /ndn/by-site/by/svs_core/by=12, 1742584408170
Received update: /ndn/uk-site/uk/svs_core/uk=12, 1742584408551
Received update: /ndn/fr1-site/fr1/svs_core/fr1=12, 1742584408772
Received update: /ndn/az-site/az/svs_core/az=12, 1742584409491
Received update: /ndn/al-site/al/svs_core/al=12, 1742584409796
Received update: /ndn/lt-site/lt/svs_core/lt=12, 1742584409979
Received update: /ndn/fr2-site/fr2/svs_core/fr2=12, 1742584409990
Received update: /ndn/is-site/is/svs_core/is=12, 1742584410235
Received update: /ndn/ro-site/ro/svs_core/ro=12, 1742584410311
Received update: /ndn/cy-site/cy/svs_core/cy=12, 1742584411266
Received update: /ndn/de2-site/de2/svs_core/de2=12, 1742584414849
Received update: /ndn/mt-site/mt/svs_core/mt=12, 1742584416147
Received update: /ndn/nl-site/nl/svs_core/nl=12, 1742584416180
Received update: /ndn/lu-site/lu/svs_core/lu=12, 1742584416487
Received update: /ndn/ch-site/ch/svs_core/ch=12, 1742584425291
Received update: /ndn/ee-site/ee/svs_core/ee=12, 1742584425291
Received update: /ndn/es-site/es/svs_core/es=12, 1742584425291
Received update: /ndn/gr-site/gr/svs_core/gr=12, 1742584425440
Received update: /ndn/pl-site/pl/svs_core/pl=12, 1742584425512
Received update: /ndn/mk-site/mk/svs_core/mk=12, 1742584425594
Received update: /ndn/ge-site/ge/svs_core/ge=12, 1742584425937
Received update: /ndn/tr-site/tr/svs_core/tr=12, 1742584427388
Received update: /ndn/no-site/no/svs_core/no=12, 1742584428093
Sending Sync interest
Max suppression time updated to: 147
Received update: /ndn/hr-site/hr/svs_core/hr=12, 1742584428357
Received update: /ndn/fi-site/fi/svs_core/fi=12, 1742584428426
Received update: /ndn/se-site/se/svs_core/se=12, 1742584428426
Published sequence number: /ndn/hu-site/hu/svs_core/hu=12, 1742584429915
Sending Sync interest
Max suppression time updated to: 144
Received update: /ndn/rs-site/rs/svs_core/rs=12, 1742584429971
Received update: /ndn/il-site/il/svs_core/il=12, 1742584438709
Received update: /ndn/it-site/it/svs_core/it=13, 1742584438709
Sending Sync interest
Received update: /ndn/ua-site/ua/svs_core/ua=12, 1742584439059
Received update: /ndn/md-site/md/svs_core/md=13, 1742584439142
Received update: /ndn/ie-site/ie/svs_core/ie=13, 1742584440265
Sending Sync interest
Max suppression time updated to: 144
Received update: /ndn/dk-site/dk/svs_core/dk=12, 1742584440770
Received update: /ndn/sk-site/sk/svs_core/sk=12, 1742584440990
Received update: /ndn/be-site/be/svs_core/be=13, 1742584441867
Received update: /ndn/pt-site/pt/svs_core/pt=12, 1742584441867
Received update: /ndn/de1-site/de1/svs_core/de1=13, 1742584443635
Received update: /ndn/lv-site/lv/svs_core/lv=12, 1742584443699
Received update: /ndn/at-site/at/svs_core/at=13, 1742584445000
Received update: /ndn/cz-site/cz/svs_core/cz=13, 1742584445111
Received update: /ndn/me-site/me/svs_core/me=13, 1742584445157
Received update: /ndn/si-site/si/svs_core/si=13, 1742584446021
Received update: /ndn/fr1-site/fr1/svs_core/fr1=13, 1742584448901
Received update: /ndn/is-site/is/svs_core/is=13, 1742584449106
Received update: /ndn/by-site/by/svs_core/by=13, 1742584453155
Received update: /ndn/bg-site/bg/svs_core/bg=13, 1742584453313
Received update: /ndn/uk-site/uk/svs_core/uk=13, 1742584453563
Received update: /ndn/am-site/am/svs_core/am=13, 1742584453696
Received update: /ndn/al-site/al/svs_core/al=13, 1742584453777
Received update: /ndn/fr2-site/fr2/svs_core/fr2=13, 1742584453928
Received update: /ndn/lt-site/lt/svs_core/lt=13, 1742584455011
Received update: /ndn/az-site/az/svs_core/az=13, 1742584455103
Received update: /ndn/ro-site/ro/svs_core/ro=13, 1742584455240
Received update: /ndn/cy-site/cy/svs_core/cy=13, 1742584456281
Received update: /ndn/nl-site/nl/svs_core/nl=13, 1742584458708
Received update: /ndn/gr-site/gr/svs_core/gr=13, 1742584467640
Received update: /ndn/de2-site/de2/svs_core/de2=13, 1742584467640
Received update: /ndn/ch-site/ch/svs_core/ch=13, 1742584467661
Received update: /ndn/pl-site/pl/svs_core/pl=13, 1742584470083
Sending Sync interest
Max suppression time updated to: 144
Received update: /ndn/es-site/es/svs_core/es=13, 1742584470364
Received update: /ndn/ee-site/ee/svs_core/ee=13, 1742584470552
Received update: /ndn/ge-site/ge/svs_core/ge=13, 1742584470942
Received update: /ndn/lu-site/lu/svs_core/lu=13, 1742584471147
Received update: /ndn/tr-site/tr/svs_core/tr=13, 1742584472388
Received update: /ndn/il-site/il/svs_core/il=13, 1742584473805
Received update: /ndn/mt-site/mt/svs_core/mt=13, 1742584473813
Received update: /ndn/hr-site/hr/svs_core/hr=13, 1742584474122
Received update: /ndn/mk-site/mk/svs_core/mk=13, 1742584474270
Received update: /ndn/pt-site/pt/svs_core/pt=13, 1742584474471
Received update: /ndn/fi-site/fi/svs_core/fi=13, 1742584474562
Received update: /ndn/se-site/se/svs_core/se=13, 1742584474562
Received update: /ndn/no-site/no/svs_core/no=13, 1742584474675
Published sequence number: /ndn/hu-site/hu/svs_core/hu=13, 1742584474923
Sending Sync interest
Received update: /ndn/ua-site/ua/svs_core/ua=13, 1742584475991
Received update: /ndn/rs-site/rs/svs_core/rs=13, 1742584476126
Received update: /ndn/sk-site/sk/svs_core/sk=13, 1742584478586
Received update: /ndn/dk-site/dk/svs_core/dk=13, 1742584478843
Received update: /ndn/md-site/md/svs_core/md=14, 1742584480571
Received update: /ndn/be-site/be/svs_core/be=14, 1742584486865
Received update: /ndn/it-site/it/svs_core/it=14, 1742584487000
Received update: /ndn/de1-site/de1/svs_core/de1=14, 1742584488638
Received update: /ndn/me-site/me/svs_core/me=14, 1742584488922
Received update: /ndn/ie-site/ie/svs_core/ie=14, 1742584489133
Received update: /ndn/lv-site/lv/svs_core/lv=13, 1742584489259
Received update: /ndn/at-site/at/svs_core/at=14, 1742584489992
Received update: /ndn/is-site/is/svs_core/is=14, 1742584490304
Received update: /ndn/si-site/si/svs_core/si=14, 1742584491026
Received update: /ndn/bg-site/bg/svs_core/bg=14, 1742584491233
Received update: /ndn/cz-site/cz/svs_core/cz=14, 1742584491409
Received update: /ndn/am-site/am/svs_core/am=14, 1742584497279
Received update: /ndn/uk-site/uk/svs_core/uk=14, 1742584498565
Received update: /ndn/fr1-site/fr1/svs_core/fr1=14, 1742584498774
Received update: /ndn/fr2-site/fr2/svs_core/fr2=14, 1742584498774
Received update: /ndn/by-site/by/svs_core/by=14, 1742584498895
Received update: /ndn/al-site/al/svs_core/al=14, 1742584498984
Received update: /ndn/az-site/az/svs_core/az=14, 1742584499508
Received update: /ndn/cy-site/cy/svs_core/cy=14, 1742584503708
Received update: /ndn/nl-site/nl/svs_core/nl=14, 1742584503708
Received update: /ndn/ro-site/ro/svs_core/ro=14, 1742584503868
Received update: /ndn/de2-site/de2/svs_core/de2=14, 1742584504855
Received update: /ndn/es-site/es/svs_core/es=14, 1742584509426
Received update: /ndn/mt-site/mt/svs_core/mt=14, 1742584509616
Received update: /ndn/lu-site/lu/svs_core/lu=14, 1742584509628
Received update: /ndn/gr-site/gr/svs_core/gr=14, 1742584512644
Received update: /ndn/ch-site/ch/svs_core/ch=14, 1742584512672
Received update: /ndn/pl-site/pl/svs_core/pl=14, 1742584515097
Received update: /ndn/mk-site/mk/svs_core/mk=14, 1742584515309
Received update: /ndn/ge-site/ge/svs_core/ge=14, 1742584515968
Received update: /ndn/dk-site/dk/svs_core/dk=14, 1742584519632
Received update: /ndn/se-site/se/svs_core/se=14, 1742584519632
Received update: /ndn/hr-site/hr/svs_core/hr=14, 1742584519823
Received update: /ndn/tr-site/tr/svs_core/tr=14, 1742584519874
Published sequence number: /ndn/hu-site/hu/svs_core/hu=14, 1742584519925
Sending Sync interest
Max suppression time updated to: 141
Received update: /ndn/rs-site/rs/svs_core/rs=14, 1742584519983
Received update: /ndn/pt-site/pt/svs_core/pt=14, 1742584520056
Received update: /ndn/il-site/il/svs_core/il=14, 1742584520086
Received update: /ndn/ee-site/ee/svs_core/ee=14, 1742584520108
Received update: /ndn/lt-site/lt/svs_core/lt=14, 1742584520108
Received update: /ndn/no-site/no/svs_core/no=14, 1742584520161
Received update: /ndn/fi-site/fi/svs_core/fi=14, 1742584520211
Received update: /ndn/ua-site/ua/svs_core/ua=14, 1742584521007
Sending Sync interest
Received update: /ndn/it-site/it/svs_core/it=15, 1742584528705
Received update: /ndn/md-site/md/svs_core/md=15, 1742584528874
Received update: /ndn/ie-site/ie/svs_core/ie=15, 1742584530280
Received update: /ndn/be-site/be/svs_core/be=15, 1742584531877
Received update: /ndn/me-site/me/svs_core/me=15, 1742584533925
Received update: /ndn/bg-site/bg/svs_core/bg=15, 1742584534518
Received update: /ndn/sk-site/sk/svs_core/sk=14, 1742584534689
Received update: /ndn/cz-site/cz/svs_core/cz=15, 1742584534698
Received update: /ndn/de1-site/de1/svs_core/de1=15, 1742584534737
Received update: /ndn/am-site/am/svs_core/am=15, 1742584542437
Received update: /ndn/uk-site/uk/svs_core/uk=15, 1742584543560
Received update: /ndn/fr2-site/fr2/svs_core/fr2=15, 1742584543710
Received update: /ndn/at-site/at/svs_core/at=15, 1742584543806
Received update: /ndn/si-site/si/svs_core/si=15, 1742584543874
Received update: /ndn/lv-site/lv/svs_core/lv=14, 1742584543878
Received update: /ndn/al-site/al/svs_core/al=15, 1742584544232
Received update: /ndn/fr1-site/fr1/svs_core/fr1=15, 1742584544232
Received update: /ndn/is-site/is/svs_core/is=15, 1742584544251
Received update: /ndn/az-site/az/svs_core/az=15, 1742584544811
Received update: /ndn/by-site/by/svs_core/by=15, 1742584544811
Received update: /ndn/ro-site/ro/svs_core/ro=15, 1742584544966
Sending Sync interest
Received update: /ndn/cy-site/cy/svs_core/cy=15, 1742584546301
Received update: /ndn/lt-site/lt/svs_core/lt=15, 1742584548748
Received update: /ndn/nl-site/nl/svs_core/nl=15, 1742584548748
Received update: /ndn/mt-site/mt/svs_core/mt=15, 1742584551156
Received update: /ndn/de2-site/de2/svs_core/de2=15, 1742584551204
Received update: /ndn/lu-site/lu/svs_core/lu=15, 1742584551484
Received update: /ndn/es-site/es/svs_core/es=15, 1742584554314
Received update: /ndn/mk-site/mk/svs_core/mk=15, 1742584557445
Sending Sync interest
Received update: /ndn/pl-site/pl/svs_core/pl=15, 1742584560101
Received update: /ndn/ch-site/ch/svs_core/ch=15, 1742584560218
Received update: /ndn/gr-site/gr/svs_core/gr=15, 1742584560391
Received update: /ndn/ge-site/ge/svs_core/ge=15, 1742584562400
Received update: /ndn/tr-site/tr/svs_core/tr=15, 1742584562400
Received update: /ndn/dk-site/dk/svs_core/dk=15, 1742584564837
Received update: /ndn/fi-site/fi/svs_core/fi=15, 1742584564837
Received update: /ndn/no-site/no/svs_core/no=15, 1742584564837
Received update: /ndn/se-site/se/svs_core/se=15, 1742584564837
Published sequence number: /ndn/hu-site/hu/svs_core/hu=15, 1742584564926
Received update: /ndn/ee-site/ee/svs_core/ee=15, 1742584564936
Sending Sync interest
Received update: /ndn/il-site/il/svs_core/il=15, 1742584565114
Received update: /ndn/pt-site/pt/svs_core/pt=15, 1742584565141
Max suppression time updated to: 141
Received update: /ndn/rs-site/rs/svs_core/rs=15, 1742584565172
Received update: /ndn/hr-site/hr/svs_core/hr=15, 1742584565242
Sending Sync interest
Received update: /ndn/ua-site/ua/svs_core/ua=15, 1742584566013
Received update: /ndn/sk-site/sk/svs_core/sk=15, 1742584568592
Received update: /ndn/lv-site/lv/svs_core/lv=15, 1742584568928
Received update: /ndn/md-site/md/svs_core/md=16, 1742584570588
Received update: /ndn/it-site/it/svs_core/it=16, 1742584573716
Received update: /ndn/be-site/be/svs_core/be=16, 1742584576876
Received update: /ndn/ie-site/ie/svs_core/ie=16, 1742584577089
Received update: /ndn/cz-site/cz/svs_core/cz=16, 1742584579212
Sending Sync interest
Received update: /ndn/de1-site/de1/svs_core/de1=16, 1742584579389
Max suppression time updated to: 138
Received update: /ndn/me-site/me/svs_core/me=16, 1742584579429
Received update: /ndn/is-site/is/svs_core/is=16, 1742584579513
Received update: /ndn/at-site/at/svs_core/at=16, 1742584580058
Received update: /ndn/si-site/si/svs_core/si=16, 1742584581083
Received update: /ndn/am-site/am/svs_core/am=16, 1742584587330
Received update: /ndn/fr1-site/fr1/svs_core/fr1=16, 1742584587603
Received update: /ndn/bg-site/bg/svs_core/bg=16, 1742584587660
Received update: /ndn/by-site/by/svs_core/by=16, 1742584588202
Received update: /ndn/cy-site/cy/svs_core/cy=16, 1742584591299
Received update: /ndn/uk-site/uk/svs_core/uk=16, 1742584591365
Received update: /ndn/ro-site/ro/svs_core/ro=16, 1742584591455
Received update: /ndn/az-site/az/svs_core/az=16, 1742584591513
Received update: /ndn/al-site/al/svs_core/al=16, 1742584591703
Received update: /ndn/nl-site/nl/svs_core/nl=16, 1742584593736
Received update: /ndn/fr2-site/fr2/svs_core/fr2=16, 1742584593736
Received update: /ndn/mt-site/mt/svs_core/mt=16, 1742584596297
Received update: /ndn/de2-site/de2/svs_core/de2=16, 1742584596297
Received update: /ndn/es-site/es/svs_core/es=16, 1742584599317
Received update: /ndn/gr-site/gr/svs_core/gr=16, 1742584602614
Received update: /ndn/lu-site/lu/svs_core/lu=16, 1742584602798
Received update: /ndn/ch-site/ch/svs_core/ch=16, 1742584602867
Received update: /ndn/mk-site/mk/svs_core/mk=16, 1742584602943
Received update: /ndn/ee-site/ee/svs_core/ee=16, 1742584605315
Received update: /ndn/lt-site/lt/svs_core/lt=16, 1742584605315
Received update: /ndn/pl-site/pl/svs_core/pl=16, 1742584605538
Received update: /ndn/ge-site/ge/svs_core/ge=16, 1742584605955
Received update: /ndn/il-site/il/svs_core/il=16, 1742584608715
Received update: /ndn/tr-site/tr/svs_core/tr=16, 1742584608840
Received update: /ndn/pt-site/pt/svs_core/pt=16, 1742584608873
Received update: /ndn/rs-site/rs/svs_core/rs=16, 1742584609756
Sending Sync interest
Published sequence number: /ndn/hu-site/hu/svs_core/hu=16, 1742584609934
Sending Sync interest
Max suppression time updated to: 138
Received update: /ndn/fi-site/fi/svs_core/fi=16, 1742584610114
Received update: /ndn/se-site/se/svs_core/se=16, 1742584610114
Sending Sync interest
Max suppression time updated to: 135
Received update: /ndn/sk-site/sk/svs_core/sk=16, 1742584637401
Max suppression time updated to: 135
Received update: /ndn/hr-site/hr/svs_core/hr=16, 1742584637444
Max suppression time updated to: 138
Received update: /ndn/dk-site/dk/svs_core/dk=16, 1742584637494
Max suppression time updated to: 135
Received update: /ndn/ua-site/ua/svs_core/ua=16, 1742584637518
Received update: /ndn/lv-site/lv/svs_core/lv=16, 1742584637568
Stopping SVS client: /ndn/hu-site/hu/svs_core/hu
