SVS client starting: /ndn/fi-site/fi/svs_core/fi
Sending Sync interest
Max suppression time updated to: 69
Max suppression time updated to: 72
Max suppression time updated to: 93
Max suppression time updated to: 81
Max suppression time updated to: 87
Max suppression time updated to: 81
Received update: /ndn/cy-site/cy/svs_core/cy=1, 1742594443792
Max suppression time updated to: 81
Max suppression time updated to: 81
Max suppression time updated to: 78
Max suppression time updated to: 78
Max suppression time updated to: 75
Max suppression time updated to: 72
Max suppression time updated to: 72
Max suppression time updated to: 69
Max suppression time updated to: 69
Max suppression time updated to: 69
Max suppression time updated to: 69
Max suppression time updated to: 69
Max suppression time updated to: 69
Max suppression time updated to: 66
Max suppression time updated to: 66
Max suppression time updated to: 66
Max suppression time updated to: 87
Max suppression time updated to: 108
Max suppression time updated to: 108
Max suppression time updated to: 126
Max suppression time updated to: 144
Max suppression time updated to: 159
Max suppression time updated to: 174
Max suppression time updated to: 171
Max suppression time updated to: 168
Received update: /ndn/pl-site/pl/svs_core/pl=1, 1742594446747
Max suppression time updated to: 162
Received update: /ndn/bg-site/bg/svs_core/bg=1, 1742594449383
Received update: /ndn/se-site/se/svs_core/se=1, 1742594449383
Max suppression time updated to: 159
Received update: /ndn/ch-site/ch/svs_core/ch=1, 1742594449541
Max suppression time updated to: 156
Received update: /ndn/am-site/am/svs_core/am=1, 1742594450037
Published sequence number: /ndn/fi-site/fi/svs_core/fi=1, 1742594450113
Sending Sync interest
Max suppression time updated to: 156
Received update: /ndn/lt-site/lt/svs_core/lt=1, 1742594451900
Max suppression time updated to: 153
Received update: /ndn/ge-site/ge/svs_core/ge=1, 1742594454083
Received update: /ndn/gr-site/gr/svs_core/gr=1, 1742594454083
Max suppression time updated to: 150
Received update: /ndn/es-site/es/svs_core/es=1, 1742594454288
Max suppression time updated to: 147
Received update: /ndn/me-site/me/svs_core/me=1, 1742594454846
Received update: /ndn/de1-site/de1/svs_core/de1=1, 1742594454846
Max suppression time updated to: 147
Received update: /ndn/ee-site/ee/svs_core/ee=1, 1742594458365
Received update: /ndn/uk-site/uk/svs_core/uk=1, 1742594458365
Max suppression time updated to: 144
Received update: /ndn/ie-site/ie/svs_core/ie=1, 1742594461251
Max suppression time updated to: 144
Received update: /ndn/md-site/md/svs_core/md=1, 1742594461431
Max suppression time updated to: 141
Max suppression time updated to: 138
Received update: /ndn/no-site/no/svs_core/no=1, 1742594462211
Max suppression time updated to: 138
Received update: /ndn/cz-site/cz/svs_core/cz=1, 1742594463050
Max suppression time updated to: 135
Received update: /ndn/mt-site/mt/svs_core/mt=1, 1742594463529
Received update: /ndn/ua-site/ua/svs_core/ua=1, 1742594463529
Max suppression time updated to: 135
Received update: /ndn/al-site/al/svs_core/al=1, 1742594467519
Received update: /ndn/by-site/by/svs_core/by=1, 1742594467519
Received update: /ndn/is-site/is/svs_core/is=1, 1742594467519
Max suppression time updated to: 132
Received update: /ndn/hu-site/hu/svs_core/hu=1, 1742594468272
Received update: /ndn/fr1-site/fr1/svs_core/fr1=1, 1742594468272
Max suppression time updated to: 132
Received update: /ndn/de2-site/de2/svs_core/de2=1, 1742594468871
Max suppression time updated to: 129
Received update: /ndn/rs-site/rs/svs_core/rs=1, 1742594469780
Max suppression time updated to: 129
Received update: /ndn/il-site/il/svs_core/il=1, 1742594471562
Max suppression time updated to: 129
Received update: /ndn/at-site/at/svs_core/at=1, 1742594471814
Received update: /ndn/it-site/it/svs_core/it=1, 1742594471814
Max suppression time updated to: 126
Received update: /ndn/ro-site/ro/svs_core/ro=1, 1742594472725
Max suppression time updated to: 126
Received update: /ndn/mk-site/mk/svs_core/mk=1, 1742594472937
Max suppression time updated to: 126
Received update: /ndn/si-site/si/svs_core/si=1, 1742594476351
Max suppression time updated to: 123
Received update: /ndn/lv-site/lv/svs_core/lv=1, 1742594477966
Received update: /ndn/nl-site/nl/svs_core/nl=1, 1742594477966
Received update: /ndn/pt-site/pt/svs_core/pt=1, 1742594477966
Max suppression time updated to: 123
Received update: /ndn/be-site/be/svs_core/be=1, 1742594487744
Received update: /ndn/hr-site/hr/svs_core/hr=1, 1742594487744
Received update: /ndn/lu-site/lu/svs_core/lu=1, 1742594487744
Received update: /ndn/sk-site/sk/svs_core/sk=1, 1742594487744
Received update: /ndn/tr-site/tr/svs_core/tr=1, 1742594487744
Max suppression time updated to: 123
Received update: /ndn/cy-site/cy/svs_core/cy=2, 1742594488822
Received update: /ndn/fr2-site/fr2/svs_core/fr2=1, 1742594488822
Max suppression time updated to: 120
Max suppression time updated to: 120
Received update: /ndn/az-site/az/svs_core/az=1, 1742594488855
Received update: /ndn/dk-site/dk/svs_core/dk=1, 1742594488855
Max suppression time updated to: 117
Received update: /ndn/se-site/se/svs_core/se=2, 1742594494389
Max suppression time updated to: 117
Received update: /ndn/bg-site/bg/svs_core/bg=2, 1742594494419
Published sequence number: /ndn/fi-site/fi/svs_core/fi=2, 1742594495115
Sending Sync interest
Max suppression time updated to: 117
Received update: /ndn/am-site/am/svs_core/am=2, 1742594497669
Received update: /ndn/ch-site/ch/svs_core/ch=2, 1742594497669
Received update: /ndn/ge-site/ge/svs_core/ge=2, 1742594497669
Received update: /ndn/pl-site/pl/svs_core/pl=2, 1742594497669
Sending Sync interest
Max suppression time updated to: 114
Received update: /ndn/es-site/es/svs_core/es=2, 1742594499321
Received update: /ndn/gr-site/gr/svs_core/gr=2, 1742594499321
Received update: /ndn/lt-site/lt/svs_core/lt=2, 1742594499321
Max suppression time updated to: 114
Max suppression time updated to: 114
Max suppression time updated to: 114
Received update: /ndn/me-site/me/svs_core/me=2, 1742594499926
Received update: /ndn/de1-site/de1/svs_core/de1=2, 1742594499926
Max suppression time updated to: 111
Received update: /ndn/cz-site/cz/svs_core/cz=2, 1742594508053
Received update: /ndn/ee-site/ee/svs_core/ee=2, 1742594508053
Received update: /ndn/no-site/no/svs_core/no=2, 1742594508053
Received update: /ndn/ua-site/ua/svs_core/ua=2, 1742594508053
Received update: /ndn/uk-site/uk/svs_core/uk=2, 1742594508053
Max suppression time updated to: 111
Received update: /ndn/by-site/by/svs_core/by=2, 1742594509837
Max suppression time updated to: 111
Max suppression time updated to: 111
Received update: /ndn/ie-site/ie/svs_core/ie=2, 1742594509912
Max suppression time updated to: 108
Received update: /ndn/mt-site/mt/svs_core/mt=2, 1742594509929
Max suppression time updated to: 108
Received update: /ndn/al-site/al/svs_core/al=2, 1742594510028
Max suppression time updated to: 108
Received update: /ndn/is-site/is/svs_core/is=2, 1742594512428
Max suppression time updated to: 108
Received update: /ndn/hu-site/hu/svs_core/hu=2, 1742594513279
Sending Sync interest
Max suppression time updated to: 108
Received update: /ndn/il-site/il/svs_core/il=2, 1742594516570
Received update: /ndn/rs-site/rs/svs_core/rs=2, 1742594516570
Received update: /ndn/de2-site/de2/svs_core/de2=2, 1742594516570
Received update: /ndn/fr1-site/fr1/svs_core/fr1=2, 1742594516570
Max suppression time updated to: 105
Received update: /ndn/it-site/it/svs_core/it=2, 1742594516579
Max suppression time updated to: 105
Max suppression time updated to: 105
Max suppression time updated to: 105
Received update: /ndn/at-site/at/svs_core/at=2, 1742594523643
Received update: /ndn/hr-site/hr/svs_core/hr=2, 1742594523643
Received update: /ndn/lv-site/lv/svs_core/lv=2, 1742594523643
Received update: /ndn/mk-site/mk/svs_core/mk=2, 1742594523643
Received update: /ndn/nl-site/nl/svs_core/nl=2, 1742594523643
Received update: /ndn/pt-site/pt/svs_core/pt=2, 1742594523643
Received update: /ndn/ro-site/ro/svs_core/ro=2, 1742594523643
Received update: /ndn/si-site/si/svs_core/si=2, 1742594523643
Received update: /ndn/sk-site/sk/svs_core/sk=2, 1742594523643
Received update: /ndn/tr-site/tr/svs_core/tr=2, 1742594523643
Max suppression time updated to: 105
Received update: /ndn/fr2-site/fr2/svs_core/fr2=2, 1742594533545
Max suppression time updated to: 102
Received update: /ndn/dk-site/dk/svs_core/dk=2, 1742594533562
Max suppression time updated to: 102
Received update: /ndn/be-site/be/svs_core/be=2, 1742594533608
Received update: /ndn/lu-site/lu/svs_core/lu=2, 1742594533608
Max suppression time updated to: 102
Received update: /ndn/cy-site/cy/svs_core/cy=3, 1742594533792
Max suppression time updated to: 99
Received update: /ndn/az-site/az/svs_core/az=2, 1742594539390
Received update: /ndn/se-site/se/svs_core/se=3, 1742594539390
Max suppression time updated to: 99
Received update: /ndn/pl-site/pl/svs_core/pl=3, 1742594539421
Max suppression time updated to: 99
Received update: /ndn/bg-site/bg/svs_core/bg=3, 1742594539477
Published sequence number: /ndn/fi-site/fi/svs_core/fi=3, 1742594540116
Sending Sync interest
Max suppression time updated to: 99
Received update: /ndn/ch-site/ch/svs_core/ch=3, 1742594542553
Received update: /ndn/ge-site/ge/svs_core/ge=3, 1742594542553
Sending Sync interest
Max suppression time updated to: 99
Received update: /ndn/lt-site/lt/svs_core/lt=3, 1742594543062
Max suppression time updated to: 99
Received update: /ndn/md-site/md/svs_core/md=2, 1742594543159
Max suppression time updated to: 99
Received update: /ndn/es-site/es/svs_core/es=3, 1742594544298
Max suppression time updated to: 99
Received update: /ndn/am-site/am/svs_core/am=3, 1742594544376
Received update: /ndn/gr-site/gr/svs_core/gr=3, 1742594544376
Max suppression time updated to: 96
Received update: /ndn/de1-site/de1/svs_core/de1=3, 1742594544515
Max suppression time updated to: 96
Received update: /ndn/me-site/me/svs_core/me=3, 1742594546150
Received update: /ndn/uk-site/uk/svs_core/uk=3, 1742594546150
Max suppression time updated to: 96
Received update: /ndn/ie-site/ie/svs_core/ie=3, 1742594551263
Sending Sync interest
Max suppression time updated to: 96
Received update: /ndn/ee-site/ee/svs_core/ee=3, 1742594553399
Received update: /ndn/md-site/md/svs_core/md=3, 1742594553399
Received update: /ndn/no-site/no/svs_core/no=3, 1742594553399
Received update: /ndn/ua-site/ua/svs_core/ua=3, 1742594553399
Max suppression time updated to: 96
Received update: /ndn/cz-site/cz/svs_core/cz=3, 1742594553573
Max suppression time updated to: 96
Received update: /ndn/al-site/al/svs_core/al=3, 1742594558377
Received update: /ndn/hu-site/hu/svs_core/hu=3, 1742594558377
Received update: /ndn/is-site/is/svs_core/is=3, 1742594558377
Received update: /ndn/fr1-site/fr1/svs_core/fr1=3, 1742594558377
Max suppression time updated to: 96
Received update: /ndn/by-site/by/svs_core/by=3, 1742594558876
Received update: /ndn/de2-site/de2/svs_core/de2=3, 1742594558876
Max suppression time updated to: 93
Received update: /ndn/il-site/il/svs_core/il=3, 1742594561573
Max suppression time updated to: 93
Received update: /ndn/it-site/it/svs_core/it=3, 1742594561701
Received update: /ndn/rs-site/rs/svs_core/rs=3, 1742594561701
Max suppression time updated to: 93
Received update: /ndn/at-site/at/svs_core/at=3, 1742594567680
Received update: /ndn/mk-site/mk/svs_core/mk=3, 1742594567680
Received update: /ndn/mt-site/mt/svs_core/mt=3, 1742594567680
Received update: /ndn/nl-site/nl/svs_core/nl=3, 1742594567680
Received update: /ndn/pt-site/pt/svs_core/pt=3, 1742594567680
Received update: /ndn/ro-site/ro/svs_core/ro=3, 1742594567680
Received update: /ndn/si-site/si/svs_core/si=3, 1742594567680
Received update: /ndn/tr-site/tr/svs_core/tr=3, 1742594567680
Max suppression time updated to: 93
Received update: /ndn/az-site/az/svs_core/az=3, 1742594569225
Sending Sync interest
Max suppression time updated to: 93
Received update: /ndn/be-site/be/svs_core/be=3, 1742594569468
Received update: /ndn/hr-site/hr/svs_core/hr=3, 1742594569468
Received update: /ndn/lv-site/lv/svs_core/lv=3, 1742594569468
Received update: /ndn/sk-site/sk/svs_core/sk=3, 1742594569468
Max suppression time updated to: 93
Received update: /ndn/dk-site/dk/svs_core/dk=3, 1742594578600
Received update: /ndn/lu-site/lu/svs_core/lu=3, 1742594578600
Max suppression time updated to: 93
Received update: /ndn/pl-site/pl/svs_core/pl=4, 1742594581755
Max suppression time updated to: 93
Received update: /ndn/bg-site/bg/svs_core/bg=4, 1742594582196
Received update: /ndn/fr2-site/fr2/svs_core/fr2=3, 1742594582196
Max suppression time updated to: 93
Max suppression time updated to: 93
Received update: /ndn/ch-site/ch/svs_core/ch=4, 1742594584560
Received update: /ndn/cy-site/cy/svs_core/cy=4, 1742594584560
Received update: /ndn/se-site/se/svs_core/se=4, 1742594584560
Max suppression time updated to: 93
Received update: /ndn/am-site/am/svs_core/am=4, 1742594585046
Published sequence number: /ndn/fi-site/fi/svs_core/fi=4, 1742594585122
Sending Sync interest
Max suppression time updated to: 90
Received update: /ndn/ge-site/ge/svs_core/ge=4, 1742594589107
Received update: /ndn/gr-site/gr/svs_core/gr=4, 1742594589107
Received update: /ndn/lt-site/lt/svs_core/lt=4, 1742594589107
Max suppression time updated to: 90
Sending Sync interest
Max suppression time updated to: 90
Received update: /ndn/es-site/es/svs_core/es=4, 1742594590792
Received update: /ndn/ua-site/ua/svs_core/ua=4, 1742594590792
Received update: /ndn/de1-site/de1/svs_core/de1=4, 1742594590792
Max suppression time updated to: 90
Received update: /ndn/me-site/me/svs_core/me=4, 1742594590806
Max suppression time updated to: 90
Received update: /ndn/no-site/no/svs_core/no=4, 1742594597220
Max suppression time updated to: 90
Received update: /ndn/cz-site/cz/svs_core/cz=4, 1742594598247
Received update: /ndn/ie-site/ie/svs_core/ie=4, 1742594598247
Received update: /ndn/md-site/md/svs_core/md=4, 1742594598247
Received update: /ndn/uk-site/uk/svs_core/uk=4, 1742594598247
Max suppression time updated to: 90
Max suppression time updated to: 90
Max suppression time updated to: 90
Received update: /ndn/ee-site/ee/svs_core/ee=4, 1742594598368
Max suppression time updated to: 90
Received update: /ndn/by-site/by/svs_core/by=4, 1742594599853
Sending Sync interest
Max suppression time updated to: 90
Received update: /ndn/is-site/is/svs_core/is=4, 1742594603189
Received update: /ndn/fr1-site/fr1/svs_core/fr1=4, 1742594603189
Max suppression time updated to: 90
Received update: /ndn/mt-site/mt/svs_core/mt=4, 1742594603408
Max suppression time updated to: 90
Received update: /ndn/hu-site/hu/svs_core/hu=4, 1742594603411
Max suppression time updated to: 87
Received update: /ndn/al-site/al/svs_core/al=4, 1742594605291
Received update: /ndn/it-site/it/svs_core/it=4, 1742594605291
Max suppression time updated to: 87
Received update: /ndn/de2-site/de2/svs_core/de2=4, 1742594605338
Max suppression time updated to: 90
Received update: /ndn/il-site/il/svs_core/il=4, 1742594606576
Max suppression time updated to: 87
Max suppression time updated to: 84
Received update: /ndn/at-site/at/svs_core/at=4, 1742594606824
Max suppression time updated to: 84
Received update: /ndn/ro-site/ro/svs_core/ro=4, 1742594607731
Max suppression time updated to: 84
Received update: /ndn/rs-site/rs/svs_core/rs=4, 1742594607761
Max suppression time updated to: 84
Received update: /ndn/lv-site/lv/svs_core/lv=4, 1742594612998
Received update: /ndn/mk-site/mk/svs_core/mk=4, 1742594612998
Received update: /ndn/nl-site/nl/svs_core/nl=4, 1742594612998
Received update: /ndn/pt-site/pt/svs_core/pt=4, 1742594612998
Received update: /ndn/si-site/si/svs_core/si=4, 1742594612998
Received update: /ndn/tr-site/tr/svs_core/tr=4, 1742594612998
Max suppression time updated to: 84
Received update: /ndn/az-site/az/svs_core/az=4, 1742594623853
Received update: /ndn/be-site/be/svs_core/be=4, 1742594623853
Received update: /ndn/cy-site/cy/svs_core/cy=5, 1742594623853
Received update: /ndn/dk-site/dk/svs_core/dk=4, 1742594623853
Received update: /ndn/hr-site/hr/svs_core/hr=4, 1742594623853
Received update: /ndn/lu-site/lu/svs_core/lu=4, 1742594623853
Received update: /ndn/sk-site/sk/svs_core/sk=4, 1742594623853
Received update: /ndn/fr2-site/fr2/svs_core/fr2=4, 1742594623853
Max suppression time updated to: 84
Received update: /ndn/bg-site/bg/svs_core/bg=5, 1742594627196
Max suppression time updated to: 84
Max suppression time updated to: 84
Max suppression time updated to: 84
Received update: /ndn/se-site/se/svs_core/se=5, 1742594629403
Max suppression time updated to: 84
Received update: /ndn/ch-site/ch/svs_core/ch=5, 1742594629556
Sending Sync interest
Max suppression time updated to: 81
Published sequence number: /ndn/fi-site/fi/svs_core/fi=5, 1742594630127
Sending Sync interest
Max suppression time updated to: 81
Received update: /ndn/am-site/am/svs_core/am=5, 1742594630332
Received update: /ndn/pl-site/pl/svs_core/pl=5, 1742594630332
Max suppression time updated to: 81
Received update: /ndn/lt-site/lt/svs_core/lt=5, 1742594631937
Max suppression time updated to: 81
Received update: /ndn/es-site/es/svs_core/es=5, 1742594634310
Max suppression time updated to: 81
Max suppression time updated to: 81
Received update: /ndn/ge-site/ge/svs_core/ge=5, 1742594634448
Received update: /ndn/gr-site/gr/svs_core/gr=5, 1742594634448
Max suppression time updated to: 81
Received update: /ndn/de1-site/de1/svs_core/de1=5, 1742594634524
Max suppression time updated to: 81
Received update: /ndn/ee-site/ee/svs_core/ee=5, 1742594643542
Received update: /ndn/me-site/me/svs_core/me=5, 1742594643542
Received update: /ndn/mt-site/mt/svs_core/mt=5, 1742594643542
Received update: /ndn/ua-site/ua/svs_core/ua=5, 1742594643542
Received update: /ndn/uk-site/uk/svs_core/uk=5, 1742594643542
Max suppression time updated to: 81
Received update: /ndn/cz-site/cz/svs_core/cz=5, 1742594643606
Received update: /ndn/ie-site/ie/svs_core/ie=5, 1742594643606
Received update: /ndn/no-site/no/svs_core/no=5, 1742594643606
Max suppression time updated to: 81
Received update: /ndn/md-site/md/svs_core/md=5, 1742594643701
Max suppression time updated to: 81
Received update: /ndn/by-site/by/svs_core/by=5, 1742594644852
Max suppression time updated to: 78
Received update: /ndn/is-site/is/svs_core/is=5, 1742594647443
Max suppression time updated to: 78
Received update: /ndn/al-site/al/svs_core/al=5, 1742594648424
Received update: /ndn/hu-site/hu/svs_core/hu=5, 1742594648424
Received update: /ndn/fr1-site/fr1/svs_core/fr1=5, 1742594648424
Max suppression time updated to: 78
Max suppression time updated to: 78
Received update: /ndn/rs-site/rs/svs_core/rs=5, 1742594649867
Received update: /ndn/de2-site/de2/svs_core/de2=5, 1742594649867
Max suppression time updated to: 78
Received update: /ndn/il-site/il/svs_core/il=5, 1742594651574
Received update: /ndn/it-site/it/svs_core/it=5, 1742594651574
Max suppression time updated to: 81
Received update: /ndn/at-site/at/svs_core/at=5, 1742594653768
Received update: /ndn/ro-site/ro/svs_core/ro=5, 1742594653768
Max suppression time updated to: 81
Received update: /ndn/mk-site/mk/svs_core/mk=5, 1742594657184
Received update: /ndn/pt-site/pt/svs_core/pt=5, 1742594657184
Received update: /ndn/si-site/si/svs_core/si=5, 1742594657184
Max suppression time updated to: 81
Received update: /ndn/hr-site/hr/svs_core/hr=5, 1742594658593
Received update: /ndn/lv-site/lv/svs_core/lv=5, 1742594658593
Received update: /ndn/nl-site/nl/svs_core/nl=5, 1742594658593
Received update: /ndn/sk-site/sk/svs_core/sk=5, 1742594658593
Received update: /ndn/tr-site/tr/svs_core/tr=5, 1742594658593
Max suppression time updated to: 81
Received update: /ndn/be-site/be/svs_core/be=5, 1742594659176
Max suppression time updated to: 81
Received update: /ndn/az-site/az/svs_core/az=5, 1742594659229
Max suppression time updated to: 81
Received update: /ndn/cy-site/cy/svs_core/cy=6, 1742594668829
Received update: /ndn/dk-site/dk/svs_core/dk=5, 1742594668829
Received update: /ndn/lu-site/lu/svs_core/lu=5, 1742594668829
Received update: /ndn/fr2-site/fr2/svs_core/fr2=5, 1742594668829
Max suppression time updated to: 81
Received update: /ndn/se-site/se/svs_core/se=6, 1742594674407
Max suppression time updated to: 81
Received update: /ndn/am-site/am/svs_core/am=6, 1742594675092
Received update: /ndn/bg-site/bg/svs_core/bg=6, 1742594675092
Received update: /ndn/pl-site/pl/svs_core/pl=6, 1742594675092
Published sequence number: /ndn/fi-site/fi/svs_core/fi=6, 1742594675129
Sending Sync interest
Max suppression time updated to: 81
Received update: /ndn/ch-site/ch/svs_core/ch=6, 1742594679590
Received update: /ndn/ge-site/ge/svs_core/ge=6, 1742594679590
Received update: /ndn/gr-site/gr/svs_core/gr=6, 1742594679590
Received update: /ndn/lt-site/lt/svs_core/lt=6, 1742594679590
Received update: /ndn/de1-site/de1/svs_core/de1=6, 1742594679590
Max suppression time updated to: 81
Received update: /ndn/es-site/es/svs_core/es=6, 1742594680828
Received update: /ndn/ua-site/ua/svs_core/ua=6, 1742594680828
Max suppression time updated to: 81
Max suppression time updated to: 81
Max suppression time updated to: 81
Received update: /ndn/me-site/me/svs_core/me=6, 1742594680990
Max suppression time updated to: 81
Received update: /ndn/ie-site/ie/svs_core/ie=6, 1742594686265
Max suppression time updated to: 81
Received update: /ndn/ee-site/ee/svs_core/ee=6, 1742594686447
Received update: /ndn/md-site/md/svs_core/md=6, 1742594686447
Received update: /ndn/uk-site/uk/svs_core/uk=6, 1742594686447
Max suppression time updated to: 81
Received update: /ndn/cz-site/cz/svs_core/cz=6, 1742594688125
Max suppression time updated to: 81
Max suppression time updated to: 81
Received update: /ndn/no-site/no/svs_core/no=6, 1742594688210
Max suppression time updated to: 81
Received update: /ndn/mt-site/mt/svs_core/mt=6, 1742594688557
Max suppression time updated to: 81
Max suppression time updated to: 81
Received update: /ndn/is-site/is/svs_core/is=6, 1742594693218
Received update: /ndn/fr1-site/fr1/svs_core/fr1=6, 1742594693218
Max suppression time updated to: 81
Received update: /ndn/al-site/al/svs_core/al=6, 1742594693410
Received update: /ndn/by-site/by/svs_core/by=6, 1742594693410
Received update: /ndn/hu-site/hu/svs_core/hu=6, 1742594693410
Max suppression time updated to: 81
Received update: /ndn/at-site/at/svs_core/at=6, 1742594696889
Received update: /ndn/il-site/il/svs_core/il=6, 1742594696889
Received update: /ndn/it-site/it/svs_core/it=6, 1742594696889
Received update: /ndn/de2-site/de2/svs_core/de2=6, 1742594696889
Max suppression time updated to: 81
Received update: /ndn/mk-site/mk/svs_core/mk=6, 1742594702614
Received update: /ndn/pt-site/pt/svs_core/pt=6, 1742594702614
Received update: /ndn/ro-site/ro/svs_core/ro=6, 1742594702614
Received update: /ndn/rs-site/rs/svs_core/rs=6, 1742594702614
Received update: /ndn/si-site/si/svs_core/si=6, 1742594702614
Received update: /ndn/tr-site/tr/svs_core/tr=6, 1742594702614
Max suppression time updated to: 81
Max suppression time updated to: 81
Received update: /ndn/nl-site/nl/svs_core/nl=6, 1742594702694
Max suppression time updated to: 81
Received update: /ndn/lv-site/lv/svs_core/lv=6, 1742594703004
Max suppression time updated to: 81
Received update: /ndn/hr-site/hr/svs_core/hr=6, 1742594703512
Received update: /ndn/sk-site/sk/svs_core/sk=6, 1742594703512
Max suppression time updated to: 81
Received update: /ndn/lu-site/lu/svs_core/lu=6, 1742594712748
Max suppression time updated to: 81
Received update: /ndn/az-site/az/svs_core/az=6, 1742594712768
Received update: /ndn/be-site/be/svs_core/be=6, 1742594712768
Max suppression time updated to: 81
Max suppression time updated to: 81
Received update: /ndn/dk-site/dk/svs_core/dk=6, 1742594713568
Max suppression time updated to: 81
Received update: /ndn/cy-site/cy/svs_core/cy=7, 1742594713809
Max suppression time updated to: 81
Received update: /ndn/pl-site/pl/svs_core/pl=7, 1742594716789
Max suppression time updated to: 81
Max suppression time updated to: 81
Received update: /ndn/fr2-site/fr2/svs_core/fr2=6, 1742594717087
Max suppression time updated to: 81
Received update: /ndn/bg-site/bg/svs_core/bg=7, 1742594719453
Received update: /ndn/se-site/se/svs_core/se=7, 1742594719453
Published sequence number: /ndn/fi-site/fi/svs_core/fi=7, 1742594720132
Sending Sync interest
Max suppression time updated to: 81
Received update: /ndn/ch-site/ch/svs_core/ch=7, 1742594724118
Received update: /ndn/gr-site/gr/svs_core/gr=7, 1742594724118
Max suppression time updated to: 78
Received update: /ndn/am-site/am/svs_core/am=7, 1742594724176
Received update: /ndn/ge-site/ge/svs_core/ge=7, 1742594724176
Max suppression time updated to: 78
Received update: /ndn/es-site/es/svs_core/es=7, 1742594724944
Received update: /ndn/lt-site/lt/svs_core/lt=7, 1742594724944
Received update: /ndn/me-site/me/svs_core/me=7, 1742594724944
Received update: /ndn/de1-site/de1/svs_core/de1=7, 1742594724944
Max suppression time updated to: 78
Received update: /ndn/ee-site/ee/svs_core/ee=7, 1742594728383
Received update: /ndn/ua-site/ua/svs_core/ua=7, 1742594728383
Received update: /ndn/uk-site/uk/svs_core/uk=7, 1742594728383
Max suppression time updated to: 78
Received update: /ndn/ie-site/ie/svs_core/ie=7, 1742594731451
Received update: /ndn/md-site/md/svs_core/md=7, 1742594731451
Max suppression time updated to: 78
Received update: /ndn/no-site/no/svs_core/no=7, 1742594732233
Max suppression time updated to: 78
Received update: /ndn/al-site/al/svs_core/al=7, 1742594734864
Received update: /ndn/cz-site/cz/svs_core/cz=7, 1742594734864
Max suppression time updated to: 78
Received update: /ndn/by-site/by/svs_core/by=7, 1742594734914
Received update: /ndn/mt-site/mt/svs_core/mt=7, 1742594734914
Max suppression time updated to: 78
Received update: /ndn/is-site/is/svs_core/is=7, 1742594738239
Received update: /ndn/fr1-site/fr1/svs_core/fr1=7, 1742594738239
Max suppression time updated to: 78
Received update: /ndn/hu-site/hu/svs_core/hu=7, 1742594741580
Received update: /ndn/il-site/il/svs_core/il=7, 1742594741580
Received update: /ndn/rs-site/rs/svs_core/rs=7, 1742594741580
Received update: /ndn/de2-site/de2/svs_core/de2=7, 1742594741580
Max suppression time updated to: 78
Received update: /ndn/it-site/it/svs_core/it=7, 1742594741614
Max suppression time updated to: 78
Received update: /ndn/ro-site/ro/svs_core/ro=7, 1742594742746
Max suppression time updated to: 78
Received update: /ndn/at-site/at/svs_core/at=7, 1742594746423
Received update: /ndn/mk-site/mk/svs_core/mk=7, 1742594746423
Received update: /ndn/si-site/si/svs_core/si=7, 1742594746423
Max suppression time updated to: 78
Received update: /ndn/pt-site/pt/svs_core/pt=7, 1742594747100
Max suppression time updated to: 78
Received update: /ndn/tr-site/tr/svs_core/tr=7, 1742594747608
Max suppression time updated to: 78
Max suppression time updated to: 78
Received update: /ndn/lu-site/lu/svs_core/lu=7, 1742594757738
Received update: /ndn/nl-site/nl/svs_core/nl=7, 1742594757738
Max suppression time updated to: 78
Received update: /ndn/hr-site/hr/svs_core/hr=7, 1742594757788
Max suppression time updated to: 75
Received update: /ndn/az-site/az/svs_core/az=7, 1742594757902
Received update: /ndn/be-site/be/svs_core/be=7, 1742594757902
Received update: /ndn/sk-site/sk/svs_core/sk=7, 1742594757902
Max suppression time updated to: 75
Received update: /ndn/cy-site/cy/svs_core/cy=8, 1742594758806
Received update: /ndn/dk-site/dk/svs_core/dk=7, 1742594758806
Received update: /ndn/fr2-site/fr2/svs_core/fr2=7, 1742594758806
Max suppression time updated to: 75
Received update: /ndn/bg-site/bg/svs_core/bg=8, 1742594762209
Received update: /ndn/pl-site/pl/svs_core/pl=8, 1742594762209
Max suppression time updated to: 75
Received update: /ndn/se-site/se/svs_core/se=8, 1742594764413
Max suppression time updated to: 75
Received update: /ndn/ch-site/ch/svs_core/ch=8, 1742594764582
Published sequence number: /ndn/fi-site/fi/svs_core/fi=8, 1742594765138
Sending Sync interest
Max suppression time updated to: 75
Received update: /ndn/am-site/am/svs_core/am=8, 1742594769330
Received update: /ndn/es-site/es/svs_core/es=8, 1742594769330
Received update: /ndn/ge-site/ge/svs_core/ge=8, 1742594769330
Received update: /ndn/gr-site/gr/svs_core/gr=8, 1742594769330
Received update: /ndn/lt-site/lt/svs_core/lt=8, 1742594769330
Max suppression time updated to: 75
Received update: /ndn/md-site/md/svs_core/md=8, 1742594776470
Received update: /ndn/me-site/me/svs_core/me=8, 1742594776470
Received update: /ndn/ua-site/ua/svs_core/ua=8, 1742594776470
Received update: /ndn/uk-site/uk/svs_core/uk=8, 1742594776470
Received update: /ndn/de1-site/de1/svs_core/de1=8, 1742594776470
Max suppression time updated to: 75
Max suppression time updated to: 75
Received update: /ndn/al-site/al/svs_core/al=8, 1742594785312
Received update: /ndn/by-site/by/svs_core/by=8, 1742594785312
Received update: /ndn/cz-site/cz/svs_core/cz=8, 1742594785312
Received update: /ndn/ee-site/ee/svs_core/ee=8, 1742594785312
Received update: /ndn/hu-site/hu/svs_core/hu=8, 1742594785312
Received update: /ndn/ie-site/ie/svs_core/ie=8, 1742594785312
Received update: /ndn/is-site/is/svs_core/is=8, 1742594785312
Received update: /ndn/it-site/it/svs_core/it=8, 1742594785312
Received update: /ndn/mt-site/mt/svs_core/mt=8, 1742594785312
Received update: /ndn/no-site/no/svs_core/no=8, 1742594785312
Received update: /ndn/fr1-site/fr1/svs_core/fr1=8, 1742594785312
Max suppression time updated to: 75
Received update: /ndn/de2-site/de2/svs_core/de2=8, 1742594785339
Max suppression time updated to: 75
Received update: /ndn/at-site/at/svs_core/at=8, 1742594786840
Received update: /ndn/il-site/il/svs_core/il=8, 1742594786840
Max suppression time updated to: 72
Received update: /ndn/ro-site/ro/svs_core/ro=8, 1742594787812
Max suppression time updated to: 75
Received update: /ndn/rs-site/rs/svs_core/rs=8, 1742594787847
Max suppression time updated to: 75
Received update: /ndn/mk-site/mk/svs_core/mk=8, 1742594787968
Max suppression time updated to: 75
Received update: /ndn/lv-site/lv/svs_core/lv=7, 1742594792936
Received update: /ndn/lv-site/lv/svs_core/lv=8, 1742594792936
Received update: /ndn/si-site/si/svs_core/si=8, 1742594792936
Received update: /ndn/tr-site/tr/svs_core/tr=8, 1742594792936
Max suppression time updated to: 72
Received update: /ndn/nl-site/nl/svs_core/nl=8, 1742594792980
Max suppression time updated to: 72
Received update: /ndn/hr-site/hr/svs_core/hr=8, 1742594793555
Received update: /ndn/pt-site/pt/svs_core/pt=8, 1742594793555
Received update: /ndn/sk-site/sk/svs_core/sk=8, 1742594793555
Max suppression time updated to: 72
Received update: /ndn/az-site/az/svs_core/az=8, 1742594794241
Max suppression time updated to: 72
Received update: /ndn/lu-site/lu/svs_core/lu=8, 1742594802745
Max suppression time updated to: 72
Received update: /ndn/be-site/be/svs_core/be=8, 1742594802796
Max suppression time updated to: 72
Received update: /ndn/bg-site/bg/svs_core/bg=9, 1742594807206
Received update: /ndn/cy-site/cy/svs_core/cy=9, 1742594807206
Received update: /ndn/dk-site/dk/svs_core/dk=8, 1742594807206
Received update: /ndn/pl-site/pl/svs_core/pl=9, 1742594807206
Received update: /ndn/fr2-site/fr2/svs_core/fr2=8, 1742594807206
Max suppression time updated to: 72
Received update: /ndn/se-site/se/svs_core/se=9, 1742594809416
Max suppression time updated to: 72
Received update: /ndn/ch-site/ch/svs_core/ch=9, 1742594809626
Max suppression time updated to: 72
Received update: /ndn/am-site/am/svs_core/am=9, 1742594810057
Published sequence number: /ndn/fi-site/fi/svs_core/fi=9, 1742594810144
Sending Sync interest
Max suppression time updated to: 72
Received update: /ndn/ge-site/ge/svs_core/ge=9, 1742594814180
Received update: /ndn/gr-site/gr/svs_core/gr=9, 1742594814180
Sending Sync interest
Max suppression time updated to: 72
Received update: /ndn/lt-site/lt/svs_core/lt=9, 1742594814275
Sending Sync interest
Max suppression time updated to: 72
Received update: /ndn/es-site/es/svs_core/es=9, 1742594816169
Received update: /ndn/me-site/me/svs_core/me=9, 1742594816169
Received update: /ndn/uk-site/uk/svs_core/uk=9, 1742594816169
Received update: /ndn/de1-site/de1/svs_core/de1=9, 1742594816169
Max suppression time updated to: 72
Received update: /ndn/ua-site/ua/svs_core/ua=9, 1742594816222
Max suppression time updated to: 72
Received update: /ndn/cz-site/cz/svs_core/cz=9, 1742594823217
Received update: /ndn/ee-site/ee/svs_core/ee=9, 1742594823217
Received update: /ndn/ie-site/ie/svs_core/ie=9, 1742594823217
Received update: /ndn/no-site/no/svs_core/no=9, 1742594823217
Max suppression time updated to: 72
Received update: /ndn/md-site/md/svs_core/md=9, 1742594823289
Max suppression time updated to: 72
Max suppression time updated to: 72
Received update: /ndn/by-site/by/svs_core/by=9, 1742594824881
Max suppression time updated to: 72
Max suppression time updated to: 72
Max suppression time updated to: 72
Received update: /ndn/mt-site/mt/svs_core/mt=9, 1742594824951
Max suppression time updated to: 72
Received update: /ndn/is-site/is/svs_core/is=9, 1742594827467
Max suppression time updated to: 72
Received update: /ndn/al-site/al/svs_core/al=9, 1742594828905
Received update: /ndn/hu-site/hu/svs_core/hu=9, 1742594828905
Received update: /ndn/de2-site/de2/svs_core/de2=9, 1742594828905
Received update: /ndn/fr1-site/fr1/svs_core/fr1=9, 1742594828905
Max suppression time updated to: 72
Received update: /ndn/it-site/it/svs_core/it=9, 1742594830324
Max suppression time updated to: 75
Received update: /ndn/il-site/il/svs_core/il=9, 1742594831600
Received update: /ndn/rs-site/rs/svs_core/rs=9, 1742594831600
Max suppression time updated to: 75
Received update: /ndn/at-site/at/svs_core/at=9, 1742594832848
Received update: /ndn/ro-site/ro/svs_core/ro=9, 1742594832848
Max suppression time updated to: 75
Received update: /ndn/mk-site/mk/svs_core/mk=9, 1742594837638
Received update: /ndn/si-site/si/svs_core/si=9, 1742594837638
Received update: /ndn/tr-site/tr/svs_core/tr=9, 1742594837638
Max suppression time updated to: 75
Received update: /ndn/az-site/az/svs_core/az=9, 1742594839253
Received update: /ndn/hr-site/hr/svs_core/hr=9, 1742594839253
Received update: /ndn/lv-site/lv/svs_core/lv=9, 1742594839253
Received update: /ndn/nl-site/nl/svs_core/nl=9, 1742594839253
Received update: /ndn/pt-site/pt/svs_core/pt=9, 1742594839253
Received update: /ndn/sk-site/sk/svs_core/sk=9, 1742594839253
Max suppression time updated to: 75
Received update: /ndn/be-site/be/svs_core/be=9, 1742594848568
Received update: /ndn/lu-site/lu/svs_core/lu=9, 1742594848568
Received update: /ndn/fr2-site/fr2/svs_core/fr2=9, 1742594848568
Max suppression time updated to: 75
Received update: /ndn/dk-site/dk/svs_core/dk=9, 1742594848574
Max suppression time updated to: 75
Received update: /ndn/bg-site/bg/svs_core/bg=10, 1742594852229
Received update: /ndn/cy-site/cy/svs_core/cy=10, 1742594852229
Max suppression time updated to: 72
Published sequence number: /ndn/fi-site/fi/svs_core/fi=10, 1742594855150
Sending Sync interest
Max suppression time updated to: 72
Received update: /ndn/ch-site/ch/svs_core/ch=10, 1742594856970
Received update: /ndn/lt-site/lt/svs_core/lt=10, 1742594856970
Received update: /ndn/pl-site/pl/svs_core/pl=10, 1742594856970
Received update: /ndn/se-site/se/svs_core/se=10, 1742594856970
Max suppression time updated to: 69
Sending Sync interest
Max suppression time updated to: 69
Received update: /ndn/am-site/am/svs_core/am=10, 1742594859252
Received update: /ndn/ge-site/ge/svs_core/ge=10, 1742594859252
Received update: /ndn/gr-site/gr/svs_core/gr=10, 1742594859252
Max suppression time updated to: 69
Received update: /ndn/uk-site/uk/svs_core/uk=10, 1742594861090
Received update: /ndn/de1-site/de1/svs_core/de1=10, 1742594861090
Max suppression time updated to: 69
Received update: /ndn/cz-site/cz/svs_core/cz=10, 1742594868565
Received update: /ndn/ee-site/ee/svs_core/ee=10, 1742594868565
Received update: /ndn/es-site/es/svs_core/es=10, 1742594868565
Received update: /ndn/ie-site/ie/svs_core/ie=10, 1742594868565
Received update: /ndn/md-site/md/svs_core/md=10, 1742594868565
Received update: /ndn/me-site/me/svs_core/me=10, 1742594868565
Received update: /ndn/mt-site/mt/svs_core/mt=10, 1742594868565
Received update: /ndn/no-site/no/svs_core/no=10, 1742594868565
Received update: /ndn/ua-site/ua/svs_core/ua=10, 1742594868565
Max suppression time updated to: 69
Received update: /ndn/al-site/al/svs_core/al=10, 1742594869846
Max suppression time updated to: 69
Received update: /ndn/by-site/by/svs_core/by=10, 1742594869871
Max suppression time updated to: 69
Max suppression time updated to: 69
Received update: /ndn/is-site/is/svs_core/is=10, 1742594873191
Received update: /ndn/fr1-site/fr1/svs_core/fr1=10, 1742594873191
Max suppression time updated to: 69
Received update: /ndn/hu-site/hu/svs_core/hu=10, 1742594873307
Max suppression time updated to: 69
Received update: /ndn/de2-site/de2/svs_core/de2=10, 1742594873902
Max suppression time updated to: 69
Received update: /ndn/il-site/il/svs_core/il=10, 1742594876602
Received update: /ndn/rs-site/rs/svs_core/rs=10, 1742594876602
Max suppression time updated to: 69
Received update: /ndn/it-site/it/svs_core/it=10, 1742594876643
Max suppression time updated to: 69
Max suppression time updated to: 69
Received update: /ndn/ro-site/ro/svs_core/ro=10, 1742594877761
Max suppression time updated to: 69
Received update: /ndn/at-site/at/svs_core/at=10, 1742594877849
Max suppression time updated to: 69
Received update: /ndn/mk-site/mk/svs_core/mk=10, 1742594882585
Received update: /ndn/si-site/si/svs_core/si=10, 1742594882585
Received update: /ndn/tr-site/tr/svs_core/tr=10, 1742594882585
Max suppression time updated to: 69
Received update: /ndn/nl-site/nl/svs_core/nl=10, 1742594882731
Max suppression time updated to: 69
Received update: /ndn/hr-site/hr/svs_core/hr=10, 1742594883338
Received update: /ndn/pt-site/pt/svs_core/pt=10, 1742594883338
Max suppression time updated to: 69
Received update: /ndn/az-site/az/svs_core/az=10, 1742594884276
Received update: /ndn/lv-site/lv/svs_core/lv=10, 1742594884276
Max suppression time updated to: 69
Max suppression time updated to: 69
Received update: /ndn/sk-site/sk/svs_core/sk=10, 1742594884366
Max suppression time updated to: 69
Received update: /ndn/dk-site/dk/svs_core/dk=10, 1742594893578
Received update: /ndn/lu-site/lu/svs_core/lu=10, 1742594893578
Max suppression time updated to: 69
Received update: /ndn/cy-site/cy/svs_core/cy=11, 1742594893835
Max suppression time updated to: 69
Received update: /ndn/pl-site/pl/svs_core/pl=11, 1742594899447
Received update: /ndn/se-site/se/svs_core/se=11, 1742594899447
Received update: /ndn/fr2-site/fr2/svs_core/fr2=10, 1742594899447
Published sequence number: /ndn/fi-site/fi/svs_core/fi=11, 1742594900154
Sending Sync interest
Max suppression time updated to: 69
Received update: /ndn/am-site/am/svs_core/am=11, 1742594902677
Received update: /ndn/bg-site/bg/svs_core/bg=11, 1742594902677
Received update: /ndn/ch-site/ch/svs_core/ch=11, 1742594902677
Received update: /ndn/ge-site/ge/svs_core/ge=11, 1742594902677
Received update: /ndn/lt-site/lt/svs_core/lt=11, 1742594902677
Sending Sync interest
Max suppression time updated to: 69
Received update: /ndn/es-site/es/svs_core/es=11, 1742594904346
Received update: /ndn/gr-site/gr/svs_core/gr=11, 1742594904346
Sending Sync interest
Max suppression time updated to: 69
Received update: /ndn/de1-site/de1/svs_core/de1=11, 1742594904563
Sending Sync interest
Max suppression time updated to: 69
Received update: /ndn/me-site/me/svs_core/me=11, 1742594904925
Sending Sync interest
Max suppression time updated to: 69
Received update: /ndn/ua-site/ua/svs_core/ua=11, 1742594906184
Received update: /ndn/uk-site/uk/svs_core/uk=11, 1742594906184
Max suppression time updated to: 69
Received update: /ndn/ee-site/ee/svs_core/ee=11, 1742594908418
Max suppression time updated to: 69
Max suppression time updated to: 69
Max suppression time updated to: 69
Max suppression time updated to: 69
Max suppression time updated to: 69
Received update: /ndn/md-site/md/svs_core/md=11, 1742594911474
Max suppression time updated to: 69
Received update: /ndn/by-site/by/svs_core/by=11, 1742594914879
Received update: /ndn/ie-site/ie/svs_core/ie=11, 1742594914879
Max suppression time updated to: 69
Received update: /ndn/al-site/al/svs_core/al=11, 1742594918396
Received update: /ndn/be-site/be/svs_core/be=10, 1742594918396
Received update: /ndn/cz-site/cz/svs_core/cz=11, 1742594918396
Received update: /ndn/hu-site/hu/svs_core/hu=11, 1742594918396
Received update: /ndn/mt-site/mt/svs_core/mt=11, 1742594918396
Received update: /ndn/no-site/no/svs_core/no=11, 1742594918396
Received update: /ndn/fr1-site/fr1/svs_core/fr1=11, 1742594918396
Max suppression time updated to: 69
Received update: /ndn/is-site/is/svs_core/is=11, 1742594920336
Received update: /ndn/it-site/it/svs_core/it=11, 1742594920336
Received update: /ndn/rs-site/rs/svs_core/rs=11, 1742594920336
Received update: /ndn/de2-site/de2/svs_core/de2=11, 1742594920336
Max suppression time updated to: 69
Received update: /ndn/at-site/at/svs_core/at=11, 1742594926392
Received update: /ndn/il-site/il/svs_core/il=11, 1742594926392
Received update: /ndn/mk-site/mk/svs_core/mk=11, 1742594926392
Received update: /ndn/ro-site/ro/svs_core/ro=11, 1742594926392
Received update: /ndn/si-site/si/svs_core/si=11, 1742594926392
Max suppression time updated to: 69
Received update: /ndn/tr-site/tr/svs_core/tr=11, 1742594927585
Max suppression time updated to: 69
Received update: /ndn/be-site/be/svs_core/be=11, 1742594938576
Received update: /ndn/hr-site/hr/svs_core/hr=11, 1742594938576
Received update: /ndn/lu-site/lu/svs_core/lu=11, 1742594938576
Received update: /ndn/lv-site/lv/svs_core/lv=11, 1742594938576
Received update: /ndn/nl-site/nl/svs_core/nl=11, 1742594938576
Received update: /ndn/pt-site/pt/svs_core/pt=11, 1742594938576
Received update: /ndn/sk-site/sk/svs_core/sk=11, 1742594938576
Received update: /ndn/fr2-site/fr2/svs_core/fr2=11, 1742594938576
Max suppression time updated to: 69
Received update: /ndn/az-site/az/svs_core/az=11, 1742594938672
Received update: /ndn/dk-site/dk/svs_core/dk=11, 1742594938672
Max suppression time updated to: 69
Received update: /ndn/bg-site/bg/svs_core/bg=12, 1742594942232
Max suppression time updated to: 69
Received update: /ndn/am-site/am/svs_core/am=12, 1742594945124
Received update: /ndn/ch-site/ch/svs_core/ch=12, 1742594945124
Received update: /ndn/cy-site/cy/svs_core/cy=12, 1742594945124
Received update: /ndn/pl-site/pl/svs_core/pl=12, 1742594945124
Received update: /ndn/se-site/se/svs_core/se=12, 1742594945124
Published sequence number: /ndn/fi-site/fi/svs_core/fi=12, 1742594945160
Sending Sync interest
Max suppression time updated to: 69
Received update: /ndn/gr-site/gr/svs_core/gr=12, 1742594949134
Max suppression time updated to: 69
Max suppression time updated to: 69
Received update: /ndn/ge-site/ge/svs_core/ge=12, 1742594949207
Sending Sync interest
Max suppression time updated to: 69
Sending Sync interest
Max suppression time updated to: 69
Received update: /ndn/lt-site/lt/svs_core/lt=12, 1742594949279
Max suppression time updated to: 69
Received update: /ndn/es-site/es/svs_core/es=12, 1742594949346
Max suppression time updated to: 69
Received update: /ndn/de1-site/de1/svs_core/de1=12, 1742594949563
Max suppression time updated to: 69
Received update: /ndn/ua-site/ua/svs_core/ua=12, 1742594951096
Received update: /ndn/uk-site/uk/svs_core/uk=12, 1742594951096
Max suppression time updated to: 69
Received update: /ndn/md-site/md/svs_core/md=12, 1742594957256
Received update: /ndn/me-site/me/svs_core/me=12, 1742594957256
Received update: /ndn/no-site/no/svs_core/no=12, 1742594957256
Max suppression time updated to: 72
Received update: /ndn/al-site/al/svs_core/al=12, 1742594959855
Received update: /ndn/cz-site/cz/svs_core/cz=12, 1742594959855
Received update: /ndn/mt-site/mt/svs_core/mt=12, 1742594959855
Max suppression time updated to: 69
Received update: /ndn/by-site/by/svs_core/by=12, 1742594959873
Max suppression time updated to: 69
Received update: /ndn/ee-site/ee/svs_core/ee=12, 1742594963913
Received update: /ndn/hu-site/hu/svs_core/hu=12, 1742594963913
Received update: /ndn/ie-site/ie/svs_core/ie=12, 1742594963913
Received update: /ndn/is-site/is/svs_core/is=12, 1742594963913
Received update: /ndn/de2-site/de2/svs_core/de2=12, 1742594963913
Received update: /ndn/fr1-site/fr1/svs_core/fr1=12, 1742594963913
Max suppression time updated to: 69
Received update: /ndn/il-site/il/svs_core/il=12, 1742594966604
Received update: /ndn/rs-site/rs/svs_core/rs=12, 1742594966604
Max suppression time updated to: 69
Received update: /ndn/at-site/at/svs_core/at=12, 1742594968818
Received update: /ndn/it-site/it/svs_core/it=12, 1742594968818
Received update: /ndn/mk-site/mk/svs_core/mk=12, 1742594968818
Received update: /ndn/ro-site/ro/svs_core/ro=12, 1742594968818
Max suppression time updated to: 69
Received update: /ndn/nl-site/nl/svs_core/nl=12, 1742594972810
Received update: /ndn/pt-site/pt/svs_core/pt=12, 1742594972810
Received update: /ndn/si-site/si/svs_core/si=12, 1742594972810
Received update: /ndn/tr-site/tr/svs_core/tr=12, 1742594972810
Max suppression time updated to: 69
Received update: /ndn/az-site/az/svs_core/az=12, 1742594974329
Received update: /ndn/hr-site/hr/svs_core/hr=12, 1742594974329
Received update: /ndn/lv-site/lv/svs_core/lv=12, 1742594974329
Received update: /ndn/sk-site/sk/svs_core/sk=12, 1742594974329
Max suppression time updated to: 69
Received update: /ndn/be-site/be/svs_core/be=12, 1742594974412
Max suppression time updated to: 69
Received update: /ndn/bg-site/bg/svs_core/bg=13, 1742594987274
Received update: /ndn/cy-site/cy/svs_core/cy=13, 1742594987274
Received update: /ndn/dk-site/dk/svs_core/dk=12, 1742594987274
Received update: /ndn/lu-site/lu/svs_core/lu=12, 1742594987274
Received update: /ndn/pl-site/pl/svs_core/pl=13, 1742594987274
Received update: /ndn/fr2-site/fr2/svs_core/fr2=12, 1742594987274
Published sequence number: /ndn/fi-site/fi/svs_core/fi=13, 1742594990164
Sending Sync interest
Max suppression time updated to: 72
Received update: /ndn/ch-site/ch/svs_core/ch=13, 1742594991978
Received update: /ndn/lt-site/lt/svs_core/lt=13, 1742594991978
Sending Sync interest
Max suppression time updated to: 72
Received update: /ndn/am-site/am/svs_core/am=13, 1742594996201
Received update: /ndn/es-site/es/svs_core/es=13, 1742594996201
Received update: /ndn/ge-site/ge/svs_core/ge=13, 1742594996201
Received update: /ndn/me-site/me/svs_core/me=13, 1742594996201
Received update: /ndn/se-site/se/svs_core/se=13, 1742594996201
Received update: /ndn/ua-site/ua/svs_core/ua=13, 1742594996201
Received update: /ndn/uk-site/uk/svs_core/uk=13, 1742594996201
Received update: /ndn/de1-site/de1/svs_core/de1=13, 1742594996201
Max suppression time updated to: 72
Received update: /ndn/ee-site/ee/svs_core/ee=13, 1742595002295
Received update: /ndn/no-site/no/svs_core/no=13, 1742595002295
Max suppression time updated to: 72
Received update: /ndn/ie-site/ie/svs_core/ie=13, 1742595002346
Max suppression time updated to: 72
Received update: /ndn/cz-site/cz/svs_core/cz=13, 1742595003113
Max suppression time updated to: 72
Received update: /ndn/al-site/al/svs_core/al=13, 1742595004873
Received update: /ndn/by-site/by/svs_core/by=13, 1742595004873
Max suppression time updated to: 69
Received update: /ndn/md-site/md/svs_core/md=13, 1742595004935
Received update: /ndn/mt-site/mt/svs_core/mt=13, 1742595004935
Max suppression time updated to: 72
Received update: /ndn/fr1-site/fr1/svs_core/fr1=13, 1742595008221
Max suppression time updated to: 72
Received update: /ndn/hu-site/hu/svs_core/hu=13, 1742595010338
Received update: /ndn/is-site/is/svs_core/is=13, 1742595010338
Received update: /ndn/it-site/it/svs_core/it=13, 1742595010338
Received update: /ndn/de2-site/de2/svs_core/de2=13, 1742595010338
Max suppression time updated to: 69
Received update: /ndn/at-site/at/svs_core/at=13, 1742595012767
Received update: /ndn/ro-site/ro/svs_core/ro=13, 1742595012767
Max suppression time updated to: 69
Received update: /ndn/il-site/il/svs_core/il=13, 1742595012984
Received update: /ndn/mk-site/mk/svs_core/mk=13, 1742595012984
Max suppression time updated to: 69
Received update: /ndn/hr-site/hr/svs_core/hr=13, 1742595018536
Received update: /ndn/lv-site/lv/svs_core/lv=13, 1742595018536
Received update: /ndn/nl-site/nl/svs_core/nl=13, 1742595018536
Received update: /ndn/pt-site/pt/svs_core/pt=13, 1742595018536
Received update: /ndn/si-site/si/svs_core/si=13, 1742595018536
Received update: /ndn/sk-site/sk/svs_core/sk=13, 1742595018536
Received update: /ndn/tr-site/tr/svs_core/tr=13, 1742595018536
Max suppression time updated to: 69
Received update: /ndn/be-site/be/svs_core/be=13, 1742595031812
Received update: /ndn/dk-site/dk/svs_core/dk=13, 1742595031812
Received update: /ndn/lu-site/lu/svs_core/lu=13, 1742595031812
Received update: /ndn/pl-site/pl/svs_core/pl=14, 1742595031812
Received update: /ndn/fr2-site/fr2/svs_core/fr2=13, 1742595031812
Max suppression time updated to: 69
Received update: /ndn/cy-site/cy/svs_core/cy=14, 1742595031856
Max suppression time updated to: 69
Received update: /ndn/bg-site/bg/svs_core/bg=14, 1742595032235
Received update: /ndn/gr-site/gr/svs_core/gr=13, 1742595032235
Max suppression time updated to: 69
Received update: /ndn/se-site/se/svs_core/se=14, 1742595034440
Max suppression time updated to: 69
Received update: /ndn/am-site/am/svs_core/am=14, 1742595035116
Received update: /ndn/ch-site/ch/svs_core/ch=14, 1742595035116
Published sequence number: /ndn/fi-site/fi/svs_core/fi=14, 1742595035169
Sending Sync interest
Max suppression time updated to: 69
Received update: /ndn/es-site/es/svs_core/es=14, 1742595039371
Received update: /ndn/ge-site/ge/svs_core/ge=14, 1742595039371
Received update: /ndn/gr-site/gr/svs_core/gr=14, 1742595039371
Sending Sync interest
Max suppression time updated to: 69
Received update: /ndn/lt-site/lt/svs_core/lt=14, 1742595039979
Received update: /ndn/me-site/me/svs_core/me=14, 1742595039979
Received update: /ndn/de1-site/de1/svs_core/de1=14, 1742595039979
Max suppression time updated to: 69
Max suppression time updated to: 69
Received update: /ndn/no-site/no/svs_core/no=14, 1742595047264
Max suppression time updated to: 69
Received update: /ndn/cz-site/cz/svs_core/cz=14, 1742595048136
Received update: /ndn/ua-site/ua/svs_core/ua=14, 1742595048136
Received update: /ndn/uk-site/uk/svs_core/uk=14, 1742595048136
Max suppression time updated to: 69
Received update: /ndn/ee-site/ee/svs_core/ee=14, 1742595052562
Received update: /ndn/ie-site/ie/svs_core/ie=14, 1742595052562
Received update: /ndn/is-site/is/svs_core/is=14, 1742595052562
Max suppression time updated to: 69
Received update: /ndn/md-site/md/svs_core/md=14, 1742595052595
Max suppression time updated to: 69
Received update: /ndn/mt-site/mt/svs_core/mt=14, 1742595052600
Max suppression time updated to: 66
Max suppression time updated to: 66
Received update: /ndn/by-site/by/svs_core/by=14, 1742595052657
Max suppression time updated to: 66
Received update: /ndn/rs-site/rs/svs_core/rs=13, 1742595053305
Received update: /ndn/fr1-site/fr1/svs_core/fr1=14, 1742595053305
Max suppression time updated to: 66
Received update: /ndn/hu-site/hu/svs_core/hu=14, 1742595055356
Received update: /ndn/it-site/it/svs_core/it=14, 1742595055356
Received update: /ndn/de2-site/de2/svs_core/de2=14, 1742595055356
Max suppression time updated to: 66
Received update: /ndn/al-site/al/svs_core/al=14, 1742595055453
Max suppression time updated to: 66
Received update: /ndn/az-site/az/svs_core/az=13, 1742595055932
Received update: /ndn/rs-site/rs/svs_core/rs=14, 1742595055932
Max suppression time updated to: 66
Received update: /ndn/at-site/at/svs_core/at=14, 1742595057764
Received update: /ndn/il-site/il/svs_core/il=14, 1742595057764
Received update: /ndn/ro-site/ro/svs_core/ro=14, 1742595057764
Max suppression time updated to: 66
Received update: /ndn/mk-site/mk/svs_core/mk=14, 1742595062718
Received update: /ndn/nl-site/nl/svs_core/nl=14, 1742595062718
Received update: /ndn/pt-site/pt/svs_core/pt=14, 1742595062718
Received update: /ndn/tr-site/tr/svs_core/tr=14, 1742595062718
Max suppression time updated to: 66
Received update: /ndn/hr-site/hr/svs_core/hr=14, 1742595063330
Received update: /ndn/si-site/si/svs_core/si=14, 1742595063330
Max suppression time updated to: 66
Received update: /ndn/dk-site/dk/svs_core/dk=14, 1742595073585
Received update: /ndn/sk-site/sk/svs_core/sk=14, 1742595073585
Max suppression time updated to: 66
Received update: /ndn/be-site/be/svs_core/be=14, 1742595073672
Received update: /ndn/fr2-site/fr2/svs_core/fr2=14, 1742595073672
Max suppression time updated to: 66
Received update: /ndn/lu-site/lu/svs_core/lu=14, 1742595073712
Received update: /ndn/lv-site/lv/svs_core/lv=14, 1742595073712
Max suppression time updated to: 66
Received update: /ndn/cy-site/cy/svs_core/cy=15, 1742595073836
Max suppression time updated to: 66
Received update: /ndn/az-site/az/svs_core/az=14, 1742595073894
Max suppression time updated to: 66
Received update: /ndn/pl-site/pl/svs_core/pl=15, 1742595076812
Max suppression time updated to: 66
Received update: /ndn/bg-site/bg/svs_core/bg=15, 1742595077230
Max suppression time updated to: 66
Received update: /ndn/am-site/am/svs_core/am=15, 1742595080077
Published sequence number: /ndn/fi-site/fi/svs_core/fi=15, 1742595080174
Sending Sync interest
Max suppression time updated to: 66
Received update: /ndn/ch-site/ch/svs_core/ch=15, 1742595085511
Received update: /ndn/es-site/es/svs_core/es=15, 1742595085511
Received update: /ndn/ge-site/ge/svs_core/ge=15, 1742595085511
Received update: /ndn/gr-site/gr/svs_core/gr=15, 1742595085511
Received update: /ndn/lt-site/lt/svs_core/lt=15, 1742595085511
Received update: /ndn/me-site/me/svs_core/me=15, 1742595085511
Received update: /ndn/se-site/se/svs_core/se=15, 1742595085511
Received update: /ndn/de1-site/de1/svs_core/de1=15, 1742595085511
Sending Sync interest
Max suppression time updated to: 66
Received update: /ndn/ee-site/ee/svs_core/ee=15, 1742595088506
Received update: /ndn/uk-site/uk/svs_core/uk=15, 1742595088506
Sending Sync interest
Max suppression time updated to: 66
Received update: /ndn/ie-site/ie/svs_core/ie=15, 1742595091590
Received update: /ndn/md-site/md/svs_core/md=15, 1742595091590
Received update: /ndn/ua-site/ua/svs_core/ua=15, 1742595091590
Max suppression time updated to: 66
Received update: /ndn/no-site/no/svs_core/no=15, 1742595092275
Sending Sync interest
Max suppression time updated to: 66
Max suppression time updated to: 66
Received update: /ndn/al-site/al/svs_core/al=15, 1742595098276
Received update: /ndn/cz-site/cz/svs_core/cz=15, 1742595098276
Received update: /ndn/mt-site/mt/svs_core/mt=15, 1742595098276
Received update: /ndn/fr1-site/fr1/svs_core/fr1=15, 1742595098276
Max suppression time updated to: 66
Received update: /ndn/at-site/at/svs_core/at=15, 1742595101897
Received update: /ndn/by-site/by/svs_core/by=15, 1742595101897
Received update: /ndn/hu-site/hu/svs_core/hu=15, 1742595101897
Received update: /ndn/is-site/is/svs_core/is=15, 1742595101897
Received update: /ndn/it-site/it/svs_core/it=15, 1742595101897
Received update: /ndn/rs-site/rs/svs_core/rs=15, 1742595101897
Received update: /ndn/de2-site/de2/svs_core/de2=15, 1742595101897
Max suppression time updated to: 66
Received update: /ndn/il-site/il/svs_core/il=15, 1742595103007
Received update: /ndn/mk-site/mk/svs_core/mk=15, 1742595103007
Max suppression time updated to: 66
Received update: /ndn/pt-site/pt/svs_core/pt=15, 1742595107157
Received update: /ndn/ro-site/ro/svs_core/ro=15, 1742595107157
Received update: /ndn/si-site/si/svs_core/si=15, 1742595107157
Max suppression time updated to: 66
Received update: /ndn/nl-site/nl/svs_core/nl=15, 1742595107747
Received update: /ndn/tr-site/tr/svs_core/tr=15, 1742595107747
Max suppression time updated to: 66
Received update: /ndn/az-site/az/svs_core/az=15, 1742595117883
Received update: /ndn/be-site/be/svs_core/be=15, 1742595117883
Received update: /ndn/hr-site/hr/svs_core/hr=15, 1742595117883
Received update: /ndn/lu-site/lu/svs_core/lu=15, 1742595117883
Received update: /ndn/lv-site/lv/svs_core/lv=15, 1742595117883
Received update: /ndn/sk-site/sk/svs_core/sk=15, 1742595117883
Max suppression time updated to: 66
Received update: /ndn/cy-site/cy/svs_core/cy=16, 1742595119067
Received update: /ndn/dk-site/dk/svs_core/dk=15, 1742595119067
Max suppression time updated to: 69
Received update: /ndn/fr2-site/fr2/svs_core/fr2=15, 1742595119893
Max suppression time updated to: 69
Max suppression time updated to: 69
Received update: /ndn/pl-site/pl/svs_core/pl=16, 1742595121803
Max suppression time updated to: 69
Received update: /ndn/bg-site/bg/svs_core/bg=16, 1742595122235
Max suppression time updated to: 69
Received update: /ndn/am-site/am/svs_core/am=16, 1742595125097
Max suppression time updated to: 69
Received update: /ndn/ch-site/ch/svs_core/ch=16, 1742595125145
Received update: /ndn/se-site/se/svs_core/se=16, 1742595125145
Published sequence number: /ndn/fi-site/fi/svs_core/fi=16, 1742595125176
Sending Sync interest
Max suppression time updated to: 69
Received update: /ndn/ge-site/ge/svs_core/ge=16, 1742595129586
Received update: /ndn/gr-site/gr/svs_core/gr=16, 1742595129586
Received update: /ndn/lt-site/lt/svs_core/lt=16, 1742595129586
Received update: /ndn/de1-site/de1/svs_core/de1=16, 1742595129586
Max suppression time updated to: 69
Received update: /ndn/es-site/es/svs_core/es=16, 1742595129656
Max suppression time updated to: 69
Received update: /ndn/me-site/me/svs_core/me=16, 1742595130843
Received update: /ndn/ua-site/ua/svs_core/ua=16, 1742595130843
Max suppression time updated to: 69
Received update: /ndn/cz-site/cz/svs_core/cz=16, 1742595142551
Received update: /ndn/ee-site/ee/svs_core/ee=16, 1742595142551
Received update: /ndn/ie-site/ie/svs_core/ie=16, 1742595142551
Received update: /ndn/is-site/is/svs_core/is=16, 1742595142551
Received update: /ndn/no-site/no/svs_core/no=16, 1742595142551
Received update: /ndn/uk-site/uk/svs_core/uk=16, 1742595142551
Max suppression time updated to: 69
Received update: /ndn/by-site/by/svs_core/by=16, 1742595142559
Max suppression time updated to: 69
Received update: /ndn/md-site/md/svs_core/md=16, 1742595142581
Max suppression time updated to: 69
Received update: /ndn/al-site/al/svs_core/al=16, 1742595142655
Received update: /ndn/mt-site/mt/svs_core/mt=16, 1742595142655
Max suppression time updated to: 69
Max suppression time updated to: 69
Max suppression time updated to: 69
Received update: /ndn/hu-site/hu/svs_core/hu=16, 1742595143930
Received update: /ndn/de2-site/de2/svs_core/de2=16, 1742595143930
Received update: /ndn/fr1-site/fr1/svs_core/fr1=16, 1742595143930
Max suppression time updated to: 69
Received update: /ndn/rs-site/rs/svs_core/rs=16, 1742595144842
Max suppression time updated to: 69
Max suppression time updated to: 69
Max suppression time updated to: 69
Received update: /ndn/it-site/it/svs_core/it=16, 1742595145345
Max suppression time updated to: 69
Received update: /ndn/at-site/at/svs_core/at=16, 1742595146919
Received update: /ndn/il-site/il/svs_core/il=16, 1742595146919
Max suppression time updated to: 69
Received update: /ndn/ro-site/ro/svs_core/ro=16, 1742595147778
Max suppression time updated to: 69
Received update: /ndn/mk-site/mk/svs_core/mk=16, 1742595148036
Max suppression time updated to: 69
Received update: /ndn/pt-site/pt/svs_core/pt=16, 1742595152622
Received update: /ndn/si-site/si/svs_core/si=16, 1742595152622
Received update: /ndn/tr-site/tr/svs_core/tr=16, 1742595152622
Max suppression time updated to: 69
Received update: /ndn/nl-site/nl/svs_core/nl=16, 1742595152725
Max suppression time updated to: 69
Received update: /ndn/hr-site/hr/svs_core/hr=16, 1742595153561
Received update: /ndn/lv-site/lv/svs_core/lv=16, 1742595153561
Received update: /ndn/sk-site/sk/svs_core/sk=16, 1742595153561
Max suppression time updated to: 69
Received update: /ndn/be-site/be/svs_core/be=16, 1742595162774
Received update: /ndn/lu-site/lu/svs_core/lu=16, 1742595162774
Max suppression time updated to: 69
Received update: /ndn/dk-site/dk/svs_core/dk=16, 1742595163591
Max suppression time updated to: 69
Received update: /ndn/fr2-site/fr2/svs_core/fr2=16, 1742595163606
Stopping SVS client: /ndn/fi-site/fi/svs_core/fi
