SVS client starting: /ndn/fi-site/fi/svs_core/fi
Sending Sync interest
Received update: /ndn/hr-site/hr/svs_core/hr=1, 1741657218082
Received update: /ndn/be-site/be/svs_core/be=1, 1741657218284
Received update: /ndn/hu-site/hu/svs_core/hu=1, 1741657219308
Received update: /ndn/az-site/az/svs_core/az=1, 1741657220841
Received update: /ndn/de1-site/de1/svs_core/de1=1, 1741657221154
Received update: /ndn/ch-site/ch/svs_core/ch=1, 1741657221908
Received update: /ndn/se-site/se/svs_core/se=1, 1741657222105
Received update: /ndn/rs-site/rs/svs_core/rs=1, 1741657222891
Received update: /ndn/si-site/si/svs_core/si=1, 1741657225313
Received update: /ndn/ua-site/ua/svs_core/ua=1, 1741657225541
Received update: /ndn/lv-site/lv/svs_core/lv=1, 1741657225710
Received update: /ndn/dk-site/dk/svs_core/dk=1, 1741657228422
Received update: /ndn/il-site/il/svs_core/il=1, 1741657228692
Received update: /ndn/pt-site/pt/svs_core/pt=1, 1741657229045
Received update: /ndn/tr-site/tr/svs_core/tr=1, 1741657229509
Received update: /ndn/me-site/me/svs_core/me=1, 1741657232394
Published sequence number: /ndn/fi-site/fi/svs_core/fi=1, 1741657233283
Sending Sync interest
Received update: /ndn/cz-site/cz/svs_core/cz=1, 1741657234676
Received update: /ndn/ie-site/ie/svs_core/ie=1, 1741657234774
Received update: /ndn/is-site/is/svs_core/is=1, 1741657234905
Received update: /ndn/ee-site/ee/svs_core/ee=1, 1741657235231
Received update: /ndn/bg-site/bg/svs_core/bg=1, 1741657236874
Received update: /ndn/nl-site/nl/svs_core/nl=1, 1741657236875
Received update: /ndn/cy-site/cy/svs_core/cy=1, 1741657237592
Received update: /ndn/de2-site/de2/svs_core/de2=1, 1741657238220
Received update: /ndn/sk-site/sk/svs_core/sk=1, 1741657239583
Received update: /ndn/mk-site/mk/svs_core/mk=1, 1741657239840
Received update: /ndn/by-site/by/svs_core/by=1, 1741657241266
Received update: /ndn/md-site/md/svs_core/md=1, 1741657242355
Received update: /ndn/uk-site/uk/svs_core/uk=1, 1741657242545
Received update: /ndn/lt-site/lt/svs_core/lt=1, 1741657243200
Received update: /ndn/ge-site/ge/svs_core/ge=1, 1741657244125
Received update: /ndn/fr1-site/fr1/svs_core/fr1=1, 1741657244253
Received update: /ndn/it-site/it/svs_core/it=1, 1741657244386
Received update: /ndn/ro-site/ro/svs_core/ro=1, 1741657246112
Received update: /ndn/pl-site/pl/svs_core/pl=1, 1741657251222
Received update: /ndn/es-site/es/svs_core/es=1, 1741657253445
Received update: /ndn/fr2-site/fr2/svs_core/fr2=1, 1741657254450
Received update: /ndn/mt-site/mt/svs_core/mt=1, 1741657254510
Received update: /ndn/am-site/am/svs_core/am=1, 1741657256221
Received update: /ndn/at-site/at/svs_core/at=1, 1741657256355
Received update: /ndn/no-site/no/svs_core/no=1, 1741657257220
Received update: /ndn/al-site/al/svs_core/al=1, 1741657257815
Received update: /ndn/lu-site/lu/svs_core/lu=1, 1741657259572
Received update: /ndn/gr-site/gr/svs_core/gr=1, 1741657259762
Received update: /ndn/hr-site/hr/svs_core/hr=2, 1741657263088
Received update: /ndn/be-site/be/svs_core/be=2, 1741657263289
Received update: /ndn/hu-site/hu/svs_core/hu=2, 1741657264308
Received update: /ndn/az-site/az/svs_core/az=2, 1741657265851
Received update: /ndn/de1-site/de1/svs_core/de1=2, 1741657266157
Received update: /ndn/ch-site/ch/svs_core/ch=2, 1741657266911
Received update: /ndn/se-site/se/svs_core/se=2, 1741657267104
Received update: /ndn/rs-site/rs/svs_core/rs=2, 1741657267904
Received update: /ndn/si-site/si/svs_core/si=2, 1741657270311
Received update: /ndn/ua-site/ua/svs_core/ua=2, 1741657270543
Received update: /ndn/lv-site/lv/svs_core/lv=2, 1741657270714
Received update: /ndn/dk-site/dk/svs_core/dk=2, 1741657273423
Received update: /ndn/il-site/il/svs_core/il=2, 1741657273690
Received update: /ndn/pt-site/pt/svs_core/pt=2, 1741657274041
Received update: /ndn/tr-site/tr/svs_core/tr=2, 1741657274514
Received update: /ndn/me-site/me/svs_core/me=2, 1741657277394
Published sequence number: /ndn/fi-site/fi/svs_core/fi=2, 1741657278287
Sending Sync interest
Received update: /ndn/cz-site/cz/svs_core/cz=2, 1741657279676
Received update: /ndn/ie-site/ie/svs_core/ie=2, 1741657279780
Received update: /ndn/is-site/is/svs_core/is=2, 1741657279908
Received update: /ndn/ee-site/ee/svs_core/ee=2, 1741657280233
Received update: /ndn/bg-site/bg/svs_core/bg=2, 1741657281874
Received update: /ndn/nl-site/nl/svs_core/nl=2, 1741657281875
Received update: /ndn/cy-site/cy/svs_core/cy=2, 1741657282593
Received update: /ndn/de2-site/de2/svs_core/de2=2, 1741657283220
Received update: /ndn/sk-site/sk/svs_core/sk=2, 1741657284581
Received update: /ndn/mk-site/mk/svs_core/mk=2, 1741657284844
Received update: /ndn/by-site/by/svs_core/by=2, 1741657286271
Received update: /ndn/md-site/md/svs_core/md=2, 1741657287360
Received update: /ndn/uk-site/uk/svs_core/uk=2, 1741657287558
Received update: /ndn/lt-site/lt/svs_core/lt=2, 1741657288201
Received update: /ndn/ge-site/ge/svs_core/ge=2, 1741657289128
Received update: /ndn/fr1-site/fr1/svs_core/fr1=2, 1741657289247
Received update: /ndn/it-site/it/svs_core/it=2, 1741657289383
Received update: /ndn/ro-site/ro/svs_core/ro=2, 1741657291109
Received update: /ndn/pl-site/pl/svs_core/pl=2, 1741657296225
Received update: /ndn/es-site/es/svs_core/es=2, 1741657298445
Received update: /ndn/fr2-site/fr2/svs_core/fr2=2, 1741657299446
Received update: /ndn/mt-site/mt/svs_core/mt=2, 1741657299509
Received update: /ndn/am-site/am/svs_core/am=2, 1741657301215
Received update: /ndn/at-site/at/svs_core/at=2, 1741657301360
Received update: /ndn/no-site/no/svs_core/no=2, 1741657302225
Received update: /ndn/al-site/al/svs_core/al=2, 1741657302818
Received update: /ndn/lu-site/lu/svs_core/lu=2, 1741657304585
Received update: /ndn/gr-site/gr/svs_core/gr=2, 1741657304757
Received update: /ndn/hr-site/hr/svs_core/hr=3, 1741657308089
Received update: /ndn/be-site/be/svs_core/be=3, 1741657308288
Received update: /ndn/hu-site/hu/svs_core/hu=3, 1741657309312
Received update: /ndn/az-site/az/svs_core/az=3, 1741657310852
Received update: /ndn/de1-site/de1/svs_core/de1=3, 1741657311159
Received update: /ndn/ch-site/ch/svs_core/ch=3, 1741657311912
Received update: /ndn/se-site/se/svs_core/se=3, 1741657312105
Received update: /ndn/rs-site/rs/svs_core/rs=3, 1741657312895
Received update: /ndn/si-site/si/svs_core/si=3, 1741657315312
Received update: /ndn/ua-site/ua/svs_core/ua=3, 1741657315541
Received update: /ndn/lv-site/lv/svs_core/lv=3, 1741657315714
Received update: /ndn/dk-site/dk/svs_core/dk=3, 1741657318422
Received update: /ndn/il-site/il/svs_core/il=3, 1741657318692
Received update: /ndn/pt-site/pt/svs_core/pt=3, 1741657319044
Received update: /ndn/tr-site/tr/svs_core/tr=3, 1741657319511
Received update: /ndn/me-site/me/svs_core/me=3, 1741657322395
Published sequence number: /ndn/fi-site/fi/svs_core/fi=3, 1741657323287
Sending Sync interest
Received update: /ndn/cz-site/cz/svs_core/cz=3, 1741657324677
Received update: /ndn/ie-site/ie/svs_core/ie=3, 1741657324781
Received update: /ndn/is-site/is/svs_core/is=3, 1741657324906
Received update: /ndn/ee-site/ee/svs_core/ee=3, 1741657325237
Received update: /ndn/bg-site/bg/svs_core/bg=3, 1741657326873
Received update: /ndn/nl-site/nl/svs_core/nl=3, 1741657326874
Received update: /ndn/cy-site/cy/svs_core/cy=3, 1741657327595
Received update: /ndn/de2-site/de2/svs_core/de2=3, 1741657328214
Received update: /ndn/sk-site/sk/svs_core/sk=3, 1741657329585
Received update: /ndn/mk-site/mk/svs_core/mk=3, 1741657329834
Received update: /ndn/by-site/by/svs_core/by=3, 1741657331270
Received update: /ndn/md-site/md/svs_core/md=3, 1741657332360
Received update: /ndn/uk-site/uk/svs_core/uk=3, 1741657332550
Received update: /ndn/lt-site/lt/svs_core/lt=3, 1741657333203
Received update: /ndn/ge-site/ge/svs_core/ge=3, 1741657334132
Received update: /ndn/fr1-site/fr1/svs_core/fr1=3, 1741657334251
Received update: /ndn/it-site/it/svs_core/it=3, 1741657334387
Received update: /ndn/ro-site/ro/svs_core/ro=3, 1741657336110
Received update: /ndn/pl-site/pl/svs_core/pl=3, 1741657341227
Received update: /ndn/es-site/es/svs_core/es=3, 1741657343448
Received update: /ndn/fr2-site/fr2/svs_core/fr2=3, 1741657344450
Received update: /ndn/mt-site/mt/svs_core/mt=3, 1741657344507
Received update: /ndn/am-site/am/svs_core/am=3, 1741657346222
Received update: /ndn/at-site/at/svs_core/at=3, 1741657346362
Received update: /ndn/no-site/no/svs_core/no=3, 1741657347226
Received update: /ndn/al-site/al/svs_core/al=3, 1741657347818
Received update: /ndn/lu-site/lu/svs_core/lu=3, 1741657349576
Received update: /ndn/gr-site/gr/svs_core/gr=3, 1741657349760
Received update: /ndn/hr-site/hr/svs_core/hr=4, 1741657353090
Received update: /ndn/be-site/be/svs_core/be=4, 1741657353290
Received update: /ndn/hu-site/hu/svs_core/hu=4, 1741657354313
Received update: /ndn/az-site/az/svs_core/az=4, 1741657355849
Received update: /ndn/de1-site/de1/svs_core/de1=4, 1741657356155
Received update: /ndn/ch-site/ch/svs_core/ch=4, 1741657356909
Received update: /ndn/se-site/se/svs_core/se=4, 1741657357108
Received update: /ndn/rs-site/rs/svs_core/rs=4, 1741657357900
Received update: /ndn/si-site/si/svs_core/si=4, 1741657360318
Received update: /ndn/ua-site/ua/svs_core/ua=4, 1741657360541
Received update: /ndn/lv-site/lv/svs_core/lv=4, 1741657360719
Received update: /ndn/dk-site/dk/svs_core/dk=4, 1741657363426
Received update: /ndn/il-site/il/svs_core/il=4, 1741657363690
Received update: /ndn/pt-site/pt/svs_core/pt=4, 1741657364042
Received update: /ndn/tr-site/tr/svs_core/tr=4, 1741657364506
Received update: /ndn/me-site/me/svs_core/me=4, 1741657367394
Published sequence number: /ndn/fi-site/fi/svs_core/fi=4, 1741657368290
Sending Sync interest
Received update: /ndn/cz-site/cz/svs_core/cz=4, 1741657369677
Received update: /ndn/ie-site/ie/svs_core/ie=4, 1741657369784
Received update: /ndn/is-site/is/svs_core/is=4, 1741657369909
Received update: /ndn/ee-site/ee/svs_core/ee=4, 1741657370244
Received update: /ndn/nl-site/nl/svs_core/nl=4, 1741657371877
Received update: /ndn/bg-site/bg/svs_core/bg=4, 1741657371878
Received update: /ndn/cy-site/cy/svs_core/cy=4, 1741657372599
Received update: /ndn/de2-site/de2/svs_core/de2=4, 1741657373216
Received update: /ndn/sk-site/sk/svs_core/sk=4, 1741657374593
Received update: /ndn/mk-site/mk/svs_core/mk=4, 1741657374840
Received update: /ndn/by-site/by/svs_core/by=4, 1741657376282
Received update: /ndn/md-site/md/svs_core/md=4, 1741657377362
Received update: /ndn/uk-site/uk/svs_core/uk=4, 1741657377555
Received update: /ndn/lt-site/lt/svs_core/lt=4, 1741657378204
Received update: /ndn/ge-site/ge/svs_core/ge=4, 1741657379135
Received update: /ndn/fr1-site/fr1/svs_core/fr1=4, 1741657379252
Received update: /ndn/it-site/it/svs_core/it=4, 1741657379390
Received update: /ndn/ro-site/ro/svs_core/ro=4, 1741657381112
Received update: /ndn/pl-site/pl/svs_core/pl=4, 1741657386226
Received update: /ndn/es-site/es/svs_core/es=4, 1741657388443
Received update: /ndn/fr2-site/fr2/svs_core/fr2=4, 1741657389456
Received update: /ndn/mt-site/mt/svs_core/mt=4, 1741657389507
Received update: /ndn/am-site/am/svs_core/am=4, 1741657391216
Received update: /ndn/at-site/at/svs_core/at=4, 1741657391360
Received update: /ndn/no-site/no/svs_core/no=4, 1741657392227
Received update: /ndn/al-site/al/svs_core/al=4, 1741657392817
Received update: /ndn/lu-site/lu/svs_core/lu=4, 1741657394573
Received update: /ndn/gr-site/gr/svs_core/gr=4, 1741657394755
Received update: /ndn/hr-site/hr/svs_core/hr=5, 1741657398093
Received update: /ndn/be-site/be/svs_core/be=5, 1741657398294
Received update: /ndn/hu-site/hu/svs_core/hu=5, 1741657399313
Received update: /ndn/az-site/az/svs_core/az=5, 1741657400845
Received update: /ndn/de1-site/de1/svs_core/de1=5, 1741657401156
Received update: /ndn/ch-site/ch/svs_core/ch=5, 1741657401917
Received update: /ndn/se-site/se/svs_core/se=5, 1741657402112
Received update: /ndn/rs-site/rs/svs_core/rs=5, 1741657402900
Received update: /ndn/si-site/si/svs_core/si=5, 1741657405317
Received update: /ndn/ua-site/ua/svs_core/ua=5, 1741657405540
Received update: /ndn/lv-site/lv/svs_core/lv=5, 1741657405711
Received update: /ndn/dk-site/dk/svs_core/dk=5, 1741657408429
Received update: /ndn/il-site/il/svs_core/il=5, 1741657408695
Received update: /ndn/pt-site/pt/svs_core/pt=5, 1741657409044
Received update: /ndn/tr-site/tr/svs_core/tr=5, 1741657409509
Received update: /ndn/me-site/me/svs_core/me=5, 1741657412402
Published sequence number: /ndn/fi-site/fi/svs_core/fi=5, 1741657413289
Sending Sync interest
Received update: /ndn/cz-site/cz/svs_core/cz=5, 1741657414674
Received update: /ndn/ie-site/ie/svs_core/ie=5, 1741657414787
Received update: /ndn/is-site/is/svs_core/is=5, 1741657414908
Received update: /ndn/ee-site/ee/svs_core/ee=5, 1741657415237
Received update: /ndn/bg-site/bg/svs_core/bg=5, 1741657416873
Received update: /ndn/nl-site/nl/svs_core/nl=5, 1741657416874
Received update: /ndn/cy-site/cy/svs_core/cy=5, 1741657417595
Received update: /ndn/de2-site/de2/svs_core/de2=5, 1741657418217
Received update: /ndn/sk-site/sk/svs_core/sk=5, 1741657419590
Received update: /ndn/mk-site/mk/svs_core/mk=5, 1741657419837
Received update: /ndn/by-site/by/svs_core/by=5, 1741657421279
Received update: /ndn/md-site/md/svs_core/md=5, 1741657422369
Received update: /ndn/uk-site/uk/svs_core/uk=5, 1741657422557
Received update: /ndn/lt-site/lt/svs_core/lt=5, 1741657423207
Received update: /ndn/ge-site/ge/svs_core/ge=5, 1741657424131
Received update: /ndn/fr1-site/fr1/svs_core/fr1=5, 1741657424251
Received update: /ndn/it-site/it/svs_core/it=5, 1741657424390
Received update: /ndn/ro-site/ro/svs_core/ro=5, 1741657426112
Received update: /ndn/pl-site/pl/svs_core/pl=5, 1741657431222
Received update: /ndn/es-site/es/svs_core/es=5, 1741657433449
Received update: /ndn/fr2-site/fr2/svs_core/fr2=5, 1741657434455
Received update: /ndn/mt-site/mt/svs_core/mt=5, 1741657434506
Received update: /ndn/am-site/am/svs_core/am=5, 1741657436213
Received update: /ndn/at-site/at/svs_core/at=5, 1741657436369
Received update: /ndn/no-site/no/svs_core/no=5, 1741657437224
Received update: /ndn/al-site/al/svs_core/al=5, 1741657437824
Received update: /ndn/lu-site/lu/svs_core/lu=5, 1741657439579
Received update: /ndn/gr-site/gr/svs_core/gr=5, 1741657439757
Received update: /ndn/hr-site/hr/svs_core/hr=6, 1741657443100
Received update: /ndn/be-site/be/svs_core/be=6, 1741657443291
Received update: /ndn/hu-site/hu/svs_core/hu=6, 1741657444317
Received update: /ndn/az-site/az/svs_core/az=6, 1741657445851
Received update: /ndn/de1-site/de1/svs_core/de1=6, 1741657446158
Received update: /ndn/ch-site/ch/svs_core/ch=6, 1741657446923
Received update: /ndn/se-site/se/svs_core/se=6, 1741657447112
Received update: /ndn/rs-site/rs/svs_core/rs=6, 1741657447899
Received update: /ndn/si-site/si/svs_core/si=6, 1741657450315
Received update: /ndn/ua-site/ua/svs_core/ua=6, 1741657450541
Received update: /ndn/lv-site/lv/svs_core/lv=6, 1741657450710
Received update: /ndn/dk-site/dk/svs_core/dk=6, 1741657453428
Received update: /ndn/il-site/il/svs_core/il=6, 1741657453693
Received update: /ndn/pt-site/pt/svs_core/pt=6, 1741657454046
Received update: /ndn/tr-site/tr/svs_core/tr=6, 1741657454507
Received update: /ndn/me-site/me/svs_core/me=6, 1741657457401
Published sequence number: /ndn/fi-site/fi/svs_core/fi=6, 1741657458289
Sending Sync interest
Received update: /ndn/cz-site/cz/svs_core/cz=6, 1741657459676
Received update: /ndn/ie-site/ie/svs_core/ie=6, 1741657459788
Received update: /ndn/is-site/is/svs_core/is=6, 1741657459912
Received update: /ndn/ee-site/ee/svs_core/ee=6, 1741657460243
Received update: /ndn/bg-site/bg/svs_core/bg=6, 1741657461871
Received update: /ndn/nl-site/nl/svs_core/nl=6, 1741657461873
Received update: /ndn/cy-site/cy/svs_core/cy=6, 1741657462598
Received update: /ndn/de2-site/de2/svs_core/de2=6, 1741657463219
Received update: /ndn/sk-site/sk/svs_core/sk=6, 1741657464593
Received update: /ndn/mk-site/mk/svs_core/mk=6, 1741657464846
Received update: /ndn/by-site/by/svs_core/by=6, 1741657466281
Received update: /ndn/md-site/md/svs_core/md=6, 1741657467370
Received update: /ndn/uk-site/uk/svs_core/uk=6, 1741657467558
Received update: /ndn/lt-site/lt/svs_core/lt=6, 1741657468201
Received update: /ndn/ge-site/ge/svs_core/ge=6, 1741657469130
Received update: /ndn/fr1-site/fr1/svs_core/fr1=6, 1741657469249
Received update: /ndn/it-site/it/svs_core/it=6, 1741657469388
Received update: /ndn/ro-site/ro/svs_core/ro=6, 1741657471113
Received update: /ndn/pl-site/pl/svs_core/pl=6, 1741657476227
Received update: /ndn/es-site/es/svs_core/es=6, 1741657478449
Received update: /ndn/fr2-site/fr2/svs_core/fr2=6, 1741657479461
Received update: /ndn/mt-site/mt/svs_core/mt=6, 1741657479510
Received update: /ndn/am-site/am/svs_core/am=6, 1741657481218
Received update: /ndn/at-site/at/svs_core/at=6, 1741657481362
Received update: /ndn/no-site/no/svs_core/no=6, 1741657482228
Received update: /ndn/al-site/al/svs_core/al=6, 1741657482812
Received update: /ndn/lu-site/lu/svs_core/lu=6, 1741657484587
Received update: /ndn/gr-site/gr/svs_core/gr=6, 1741657484759
Received update: /ndn/hr-site/hr/svs_core/hr=7, 1741657488100
Received update: /ndn/be-site/be/svs_core/be=7, 1741657488291
Received update: /ndn/hu-site/hu/svs_core/hu=7, 1741657489324
Received update: /ndn/az-site/az/svs_core/az=7, 1741657490850
Received update: /ndn/de1-site/de1/svs_core/de1=7, 1741657491160
Received update: /ndn/ch-site/ch/svs_core/ch=7, 1741657491917
Received update: /ndn/se-site/se/svs_core/se=7, 1741657492124
Received update: /ndn/rs-site/rs/svs_core/rs=7, 1741657492899
Received update: /ndn/si-site/si/svs_core/si=7, 1741657495318
Received update: /ndn/ua-site/ua/svs_core/ua=7, 1741657495546
Received update: /ndn/lv-site/lv/svs_core/lv=7, 1741657495714
Received update: /ndn/dk-site/dk/svs_core/dk=7, 1741657498430
Received update: /ndn/il-site/il/svs_core/il=7, 1741657498694
Received update: /ndn/pt-site/pt/svs_core/pt=7, 1741657499042
Received update: /ndn/tr-site/tr/svs_core/tr=7, 1741657499511
Received update: /ndn/me-site/me/svs_core/me=7, 1741657502408
Published sequence number: /ndn/fi-site/fi/svs_core/fi=7, 1741657503288
Sending Sync interest
Received update: /ndn/cz-site/cz/svs_core/cz=7, 1741657504677
Received update: /ndn/ie-site/ie/svs_core/ie=7, 1741657504789
Received update: /ndn/is-site/is/svs_core/is=7, 1741657504913
Received update: /ndn/ee-site/ee/svs_core/ee=7, 1741657505245
Received update: /ndn/nl-site/nl/svs_core/nl=7, 1741657506876
Received update: /ndn/bg-site/bg/svs_core/bg=7, 1741657506878
Received update: /ndn/cy-site/cy/svs_core/cy=7, 1741657507598
Received update: /ndn/de2-site/de2/svs_core/de2=7, 1741657508219
Received update: /ndn/sk-site/sk/svs_core/sk=7, 1741657509593
Received update: /ndn/mk-site/mk/svs_core/mk=7, 1741657509841
Received update: /ndn/by-site/by/svs_core/by=7, 1741657511281
Received update: /ndn/md-site/md/svs_core/md=7, 1741657512372
Received update: /ndn/uk-site/uk/svs_core/uk=7, 1741657512563
Received update: /ndn/lt-site/lt/svs_core/lt=7, 1741657513208
Received update: /ndn/ge-site/ge/svs_core/ge=7, 1741657514137
Received update: /ndn/fr1-site/fr1/svs_core/fr1=7, 1741657514258
Received update: /ndn/it-site/it/svs_core/it=7, 1741657514389
Received update: /ndn/ro-site/ro/svs_core/ro=7, 1741657516112
Received update: /ndn/pl-site/pl/svs_core/pl=7, 1741657521223
Received update: /ndn/es-site/es/svs_core/es=7, 1741657523446
Received update: /ndn/fr2-site/fr2/svs_core/fr2=7, 1741657524462
Received update: /ndn/mt-site/mt/svs_core/mt=7, 1741657524508
Received update: /ndn/am-site/am/svs_core/am=7, 1741657526224
Received update: /ndn/at-site/at/svs_core/at=7, 1741657526369
Received update: /ndn/no-site/no/svs_core/no=7, 1741657527232
Received update: /ndn/al-site/al/svs_core/al=7, 1741657527815
Received update: /ndn/lu-site/lu/svs_core/lu=7, 1741657529588
Received update: /ndn/gr-site/gr/svs_core/gr=7, 1741657529758
Received update: /ndn/hr-site/hr/svs_core/hr=8, 1741657533097
Received update: /ndn/be-site/be/svs_core/be=8, 1741657533296
Received update: /ndn/hu-site/hu/svs_core/hu=8, 1741657534320
Received update: /ndn/az-site/az/svs_core/az=8, 1741657535856
Received update: /ndn/de1-site/de1/svs_core/de1=8, 1741657536160
Received update: /ndn/ch-site/ch/svs_core/ch=8, 1741657536918
Received update: /ndn/se-site/se/svs_core/se=8, 1741657537112
Received update: /ndn/rs-site/rs/svs_core/rs=8, 1741657537902
Received update: /ndn/si-site/si/svs_core/si=8, 1741657540314
Received update: /ndn/ua-site/ua/svs_core/ua=8, 1741657540547
Received update: /ndn/lv-site/lv/svs_core/lv=8, 1741657540713
Received update: /ndn/dk-site/dk/svs_core/dk=8, 1741657543430
Received update: /ndn/il-site/il/svs_core/il=8, 1741657543695
Received update: /ndn/pt-site/pt/svs_core/pt=8, 1741657544040
Received update: /ndn/tr-site/tr/svs_core/tr=8, 1741657544518
Received update: /ndn/me-site/me/svs_core/me=8, 1741657547413
Published sequence number: /ndn/fi-site/fi/svs_core/fi=8, 1741657548292
Sending Sync interest
Received update: /ndn/cz-site/cz/svs_core/cz=8, 1741657549675
Received update: /ndn/ie-site/ie/svs_core/ie=8, 1741657549795
Received update: /ndn/is-site/is/svs_core/is=8, 1741657549914
Received update: /ndn/ee-site/ee/svs_core/ee=8, 1741657550249
Received update: /ndn/nl-site/nl/svs_core/nl=8, 1741657551880
Received update: /ndn/bg-site/bg/svs_core/bg=8, 1741657551887
Received update: /ndn/cy-site/cy/svs_core/cy=8, 1741657552600
Received update: /ndn/de2-site/de2/svs_core/de2=8, 1741657553218
Received update: /ndn/sk-site/sk/svs_core/sk=8, 1741657554596
Received update: /ndn/mk-site/mk/svs_core/mk=8, 1741657554847
Received update: /ndn/by-site/by/svs_core/by=8, 1741657556283
Received update: /ndn/md-site/md/svs_core/md=8, 1741657557369
Received update: /ndn/uk-site/uk/svs_core/uk=8, 1741657557565
Received update: /ndn/lt-site/lt/svs_core/lt=8, 1741657558207
Received update: /ndn/ge-site/ge/svs_core/ge=8, 1741657559137
Received update: /ndn/fr1-site/fr1/svs_core/fr1=8, 1741657559253
Received update: /ndn/it-site/it/svs_core/it=8, 1741657559391
Received update: /ndn/ro-site/ro/svs_core/ro=8, 1741657561115
Received update: /ndn/pl-site/pl/svs_core/pl=8, 1741657566228
Received update: /ndn/es-site/es/svs_core/es=8, 1741657568452
Received update: /ndn/fr2-site/fr2/svs_core/fr2=8, 1741657569466
Received update: /ndn/mt-site/mt/svs_core/mt=8, 1741657569505
Received update: /ndn/am-site/am/svs_core/am=8, 1741657571220
Received update: /ndn/at-site/at/svs_core/at=8, 1741657571369
Received update: /ndn/no-site/no/svs_core/no=8, 1741657572230
Received update: /ndn/al-site/al/svs_core/al=8, 1741657572809
Received update: /ndn/lu-site/lu/svs_core/lu=8, 1741657574588
Received update: /ndn/gr-site/gr/svs_core/gr=8, 1741657574757
Received update: /ndn/hr-site/hr/svs_core/hr=9, 1741657578101
Received update: /ndn/be-site/be/svs_core/be=9, 1741657578302
Received update: /ndn/hu-site/hu/svs_core/hu=9, 1741657579325
Received update: /ndn/az-site/az/svs_core/az=9, 1741657580856
Received update: /ndn/de1-site/de1/svs_core/de1=9, 1741657581156
Received update: /ndn/ch-site/ch/svs_core/ch=9, 1741657581925
Received update: /ndn/se-site/se/svs_core/se=9, 1741657582116
Received update: /ndn/rs-site/rs/svs_core/rs=9, 1741657582900
Received update: /ndn/si-site/si/svs_core/si=9, 1741657585322
Received update: /ndn/ua-site/ua/svs_core/ua=9, 1741657585548
Received update: /ndn/lv-site/lv/svs_core/lv=9, 1741657585714
Received update: /ndn/dk-site/dk/svs_core/dk=9, 1741657588431
Received update: /ndn/il-site/il/svs_core/il=9, 1741657588697
Received update: /ndn/pt-site/pt/svs_core/pt=9, 1741657589044
Received update: /ndn/tr-site/tr/svs_core/tr=9, 1741657589511
Received update: /ndn/me-site/me/svs_core/me=9, 1741657592405
Published sequence number: /ndn/fi-site/fi/svs_core/fi=9, 1741657593291
Sending Sync interest
Received update: /ndn/cz-site/cz/svs_core/cz=9, 1741657594680
Received update: /ndn/ie-site/ie/svs_core/ie=9, 1741657594791
Received update: /ndn/is-site/is/svs_core/is=9, 1741657594917
Received update: /ndn/ee-site/ee/svs_core/ee=9, 1741657595253
Received update: /ndn/nl-site/nl/svs_core/nl=9, 1741657596876
Received update: /ndn/bg-site/bg/svs_core/bg=9, 1741657596877
Received update: /ndn/cy-site/cy/svs_core/cy=9, 1741657597606
Received update: /ndn/de2-site/de2/svs_core/de2=9, 1741657598216
Received update: /ndn/sk-site/sk/svs_core/sk=9, 1741657599600
Received update: /ndn/mk-site/mk/svs_core/mk=9, 1741657599843
Received update: /ndn/by-site/by/svs_core/by=9, 1741657601280
Received update: /ndn/md-site/md/svs_core/md=9, 1741657602368
Received update: /ndn/uk-site/uk/svs_core/uk=9, 1741657602566
Received update: /ndn/lt-site/lt/svs_core/lt=9, 1741657603210
Received update: /ndn/ge-site/ge/svs_core/ge=9, 1741657604141
Received update: /ndn/fr1-site/fr1/svs_core/fr1=9, 1741657604256
Received update: /ndn/it-site/it/svs_core/it=9, 1741657604393
Received update: /ndn/ro-site/ro/svs_core/ro=9, 1741657606113
Received update: /ndn/pl-site/pl/svs_core/pl=9, 1741657611240
Received update: /ndn/es-site/es/svs_core/es=9, 1741657613455
Received update: /ndn/fr2-site/fr2/svs_core/fr2=9, 1741657614466
Received update: /ndn/mt-site/mt/svs_core/mt=9, 1741657614504
Received update: /ndn/am-site/am/svs_core/am=9, 1741657616221
Received update: /ndn/at-site/at/svs_core/at=9, 1741657616374
Received update: /ndn/no-site/no/svs_core/no=9, 1741657617232
Received update: /ndn/al-site/al/svs_core/al=9, 1741657617812
Received update: /ndn/lu-site/lu/svs_core/lu=9, 1741657619588
Received update: /ndn/gr-site/gr/svs_core/gr=9, 1741657619758
Received update: /ndn/hr-site/hr/svs_core/hr=10, 1741657623097
Received update: /ndn/be-site/be/svs_core/be=10, 1741657623301
Received update: /ndn/hu-site/hu/svs_core/hu=10, 1741657624317
Received update: /ndn/az-site/az/svs_core/az=10, 1741657625860
Received update: /ndn/de1-site/de1/svs_core/de1=10, 1741657626159
Received update: /ndn/ch-site/ch/svs_core/ch=10, 1741657626920
Received update: /ndn/se-site/se/svs_core/se=10, 1741657627116
Received update: /ndn/rs-site/rs/svs_core/rs=10, 1741657627901
Received update: /ndn/si-site/si/svs_core/si=10, 1741657630315
Received update: /ndn/ua-site/ua/svs_core/ua=10, 1741657630552
Received update: /ndn/lv-site/lv/svs_core/lv=10, 1741657630717
Received update: /ndn/dk-site/dk/svs_core/dk=10, 1741657633432
Received update: /ndn/il-site/il/svs_core/il=10, 1741657633699
Received update: /ndn/pt-site/pt/svs_core/pt=10, 1741657634051
Received update: /ndn/tr-site/tr/svs_core/tr=10, 1741657634510
Received update: /ndn/me-site/me/svs_core/me=10, 1741657637401
Published sequence number: /ndn/fi-site/fi/svs_core/fi=10, 1741657638291
Sending Sync interest
Received update: /ndn/cz-site/cz/svs_core/cz=10, 1741657639684
Received update: /ndn/ie-site/ie/svs_core/ie=10, 1741657639794
Received update: /ndn/is-site/is/svs_core/is=10, 1741657639918
Received update: /ndn/ee-site/ee/svs_core/ee=10, 1741657640250
Received update: /ndn/nl-site/nl/svs_core/nl=10, 1741657641878
Received update: /ndn/bg-site/bg/svs_core/bg=10, 1741657641878
Received update: /ndn/cy-site/cy/svs_core/cy=10, 1741657642605
Received update: /ndn/de2-site/de2/svs_core/de2=10, 1741657643220
Received update: /ndn/sk-site/sk/svs_core/sk=10, 1741657644599
Received update: /ndn/mk-site/mk/svs_core/mk=10, 1741657644844
Received update: /ndn/by-site/by/svs_core/by=10, 1741657646287
Received update: /ndn/md-site/md/svs_core/md=10, 1741657647376
Received update: /ndn/uk-site/uk/svs_core/uk=10, 1741657647572
Received update: /ndn/lt-site/lt/svs_core/lt=10, 1741657648206
Received update: /ndn/ge-site/ge/svs_core/ge=10, 1741657649145
Received update: /ndn/fr1-site/fr1/svs_core/fr1=10, 1741657649261
Received update: /ndn/it-site/it/svs_core/it=10, 1741657649401
Received update: /ndn/ro-site/ro/svs_core/ro=10, 1741657651122
Received update: /ndn/pl-site/pl/svs_core/pl=10, 1741657656226
Received update: /ndn/es-site/es/svs_core/es=10, 1741657658457
Received update: /ndn/fr2-site/fr2/svs_core/fr2=10, 1741657659461
Received update: /ndn/mt-site/mt/svs_core/mt=10, 1741657659505
Received update: /ndn/am-site/am/svs_core/am=10, 1741657661216
Received update: /ndn/at-site/at/svs_core/at=10, 1741657661373
Received update: /ndn/no-site/no/svs_core/no=10, 1741657662237
Received update: /ndn/al-site/al/svs_core/al=10, 1741657662814
Received update: /ndn/lu-site/lu/svs_core/lu=10, 1741657664586
Received update: /ndn/gr-site/gr/svs_core/gr=10, 1741657664762
Received update: /ndn/hr-site/hr/svs_core/hr=11, 1741657668102
Received update: /ndn/be-site/be/svs_core/be=11, 1741657668305
Received update: /ndn/hu-site/hu/svs_core/hu=11, 1741657669314
Received update: /ndn/az-site/az/svs_core/az=11, 1741657670862
Received update: /ndn/de1-site/de1/svs_core/de1=11, 1741657671165
Received update: /ndn/ch-site/ch/svs_core/ch=11, 1741657671921
Received update: /ndn/se-site/se/svs_core/se=11, 1741657672117
Received update: /ndn/rs-site/rs/svs_core/rs=11, 1741657672902
Received update: /ndn/si-site/si/svs_core/si=11, 1741657675315
Received update: /ndn/ua-site/ua/svs_core/ua=11, 1741657675549
Received update: /ndn/lv-site/lv/svs_core/lv=11, 1741657675721
Received update: /ndn/dk-site/dk/svs_core/dk=11, 1741657678433
Received update: /ndn/il-site/il/svs_core/il=11, 1741657678702
Received update: /ndn/pt-site/pt/svs_core/pt=11, 1741657679051
Received update: /ndn/tr-site/tr/svs_core/tr=11, 1741657679516
Received update: /ndn/me-site/me/svs_core/me=11, 1741657682410
Published sequence number: /ndn/fi-site/fi/svs_core/fi=11, 1741657683291
Sending Sync interest
Received update: /ndn/cz-site/cz/svs_core/cz=11, 1741657684681
Received update: /ndn/ie-site/ie/svs_core/ie=11, 1741657684793
Received update: /ndn/is-site/is/svs_core/is=11, 1741657684922
Received update: /ndn/ee-site/ee/svs_core/ee=11, 1741657685257
Received update: /ndn/nl-site/nl/svs_core/nl=11, 1741657686873
Received update: /ndn/bg-site/bg/svs_core/bg=11, 1741657686878
Received update: /ndn/cy-site/cy/svs_core/cy=11, 1741657687607
Received update: /ndn/de2-site/de2/svs_core/de2=11, 1741657688224
Received update: /ndn/sk-site/sk/svs_core/sk=11, 1741657689606
Received update: /ndn/mk-site/mk/svs_core/mk=11, 1741657689845
Received update: /ndn/by-site/by/svs_core/by=11, 1741657691291
Received update: /ndn/md-site/md/svs_core/md=11, 1741657692376
Received update: /ndn/uk-site/uk/svs_core/uk=11, 1741657692576
Received update: /ndn/lt-site/lt/svs_core/lt=11, 1741657693214
Received update: /ndn/ge-site/ge/svs_core/ge=11, 1741657694145
Received update: /ndn/fr1-site/fr1/svs_core/fr1=11, 1741657694265
Received update: /ndn/it-site/it/svs_core/it=11, 1741657694403
Received update: /ndn/ro-site/ro/svs_core/ro=11, 1741657696122
Received update: /ndn/pl-site/pl/svs_core/pl=11, 1741657701233
Received update: /ndn/es-site/es/svs_core/es=11, 1741657703459
Received update: /ndn/fr2-site/fr2/svs_core/fr2=11, 1741657704471
Received update: /ndn/mt-site/mt/svs_core/mt=11, 1741657704520
Received update: /ndn/am-site/am/svs_core/am=11, 1741657706222
Received update: /ndn/at-site/at/svs_core/at=11, 1741657706374
Received update: /ndn/no-site/no/svs_core/no=11, 1741657707240
Received update: /ndn/al-site/al/svs_core/al=11, 1741657707814
Received update: /ndn/lu-site/lu/svs_core/lu=11, 1741657709595
Received update: /ndn/gr-site/gr/svs_core/gr=11, 1741657709759
Received update: /ndn/hr-site/hr/svs_core/hr=12, 1741657713097
Received update: /ndn/be-site/be/svs_core/be=12, 1741657713305
Received update: /ndn/hu-site/hu/svs_core/hu=12, 1741657714311
Received update: /ndn/az-site/az/svs_core/az=12, 1741657715856
Received update: /ndn/de1-site/de1/svs_core/de1=12, 1741657716158
Received update: /ndn/ch-site/ch/svs_core/ch=12, 1741657716922
Received update: /ndn/se-site/se/svs_core/se=12, 1741657717118
Received update: /ndn/rs-site/rs/svs_core/rs=12, 1741657717898
Received update: /ndn/si-site/si/svs_core/si=12, 1741657720316
Received update: /ndn/ua-site/ua/svs_core/ua=12, 1741657720546
Received update: /ndn/lv-site/lv/svs_core/lv=12, 1741657720712
Received update: /ndn/dk-site/dk/svs_core/dk=12, 1741657723429
Received update: /ndn/il-site/il/svs_core/il=12, 1741657723700
Received update: /ndn/pt-site/pt/svs_core/pt=12, 1741657724054
Received update: /ndn/tr-site/tr/svs_core/tr=12, 1741657724519
Received update: /ndn/me-site/me/svs_core/me=12, 1741657727412
Published sequence number: /ndn/fi-site/fi/svs_core/fi=12, 1741657728292
Sending Sync interest
Received update: /ndn/cz-site/cz/svs_core/cz=12, 1741657729689
Received update: /ndn/ie-site/ie/svs_core/ie=12, 1741657729794
Received update: /ndn/is-site/is/svs_core/is=12, 1741657729927
Received update: /ndn/ee-site/ee/svs_core/ee=12, 1741657730258
Received update: /ndn/nl-site/nl/svs_core/nl=12, 1741657731874
Received update: /ndn/bg-site/bg/svs_core/bg=12, 1741657731880
Received update: /ndn/cy-site/cy/svs_core/cy=12, 1741657732609
Received update: /ndn/de2-site/de2/svs_core/de2=12, 1741657733243
Received update: /ndn/sk-site/sk/svs_core/sk=12, 1741657734605
Received update: /ndn/mk-site/mk/svs_core/mk=12, 1741657734847
Received update: /ndn/by-site/by/svs_core/by=12, 1741657736288
Received update: /ndn/md-site/md/svs_core/md=12, 1741657737387
Received update: /ndn/uk-site/uk/svs_core/uk=12, 1741657737575
Received update: /ndn/lt-site/lt/svs_core/lt=12, 1741657738213
Received update: /ndn/ge-site/ge/svs_core/ge=12, 1741657739144
Received update: /ndn/fr1-site/fr1/svs_core/fr1=12, 1741657739262
Received update: /ndn/it-site/it/svs_core/it=12, 1741657739405
Received update: /ndn/ro-site/ro/svs_core/ro=12, 1741657741129
Received update: /ndn/pl-site/pl/svs_core/pl=12, 1741657746229
Received update: /ndn/es-site/es/svs_core/es=12, 1741657748460
Received update: /ndn/fr2-site/fr2/svs_core/fr2=12, 1741657749474
Received update: /ndn/mt-site/mt/svs_core/mt=12, 1741657749504
Received update: /ndn/am-site/am/svs_core/am=12, 1741657751220
Received update: /ndn/at-site/at/svs_core/at=12, 1741657751373
Received update: /ndn/no-site/no/svs_core/no=12, 1741657752246
Received update: /ndn/al-site/al/svs_core/al=12, 1741657752815
Received update: /ndn/lu-site/lu/svs_core/lu=12, 1741657754593
Received update: /ndn/gr-site/gr/svs_core/gr=12, 1741657754756
Received update: /ndn/hr-site/hr/svs_core/hr=13, 1741657758105
Received update: /ndn/be-site/be/svs_core/be=13, 1741657758308
Received update: /ndn/hu-site/hu/svs_core/hu=13, 1741657759312
Received update: /ndn/az-site/az/svs_core/az=13, 1741657760863
Received update: /ndn/de1-site/de1/svs_core/de1=13, 1741657761167
Received update: /ndn/ch-site/ch/svs_core/ch=13, 1741657761924
Received update: /ndn/se-site/se/svs_core/se=13, 1741657762123
Received update: /ndn/rs-site/rs/svs_core/rs=13, 1741657762899
Received update: /ndn/si-site/si/svs_core/si=13, 1741657765326
Received update: /ndn/ua-site/ua/svs_core/ua=13, 1741657765551
Received update: /ndn/lv-site/lv/svs_core/lv=13, 1741657765716
Received update: /ndn/dk-site/dk/svs_core/dk=13, 1741657768433
Received update: /ndn/il-site/il/svs_core/il=13, 1741657768706
Received update: /ndn/pt-site/pt/svs_core/pt=13, 1741657769057
Received update: /ndn/tr-site/tr/svs_core/tr=13, 1741657769522
Received update: /ndn/me-site/me/svs_core/me=13, 1741657772413
Published sequence number: /ndn/fi-site/fi/svs_core/fi=13, 1741657773293
Sending Sync interest
Received update: /ndn/cz-site/cz/svs_core/cz=13, 1741657774693
Received update: /ndn/ie-site/ie/svs_core/ie=13, 1741657774791
Received update: /ndn/is-site/is/svs_core/is=13, 1741657774926
Received update: /ndn/ee-site/ee/svs_core/ee=13, 1741657775257
Received update: /ndn/nl-site/nl/svs_core/nl=13, 1741657776877
Received update: /ndn/bg-site/bg/svs_core/bg=13, 1741657776878
Received update: /ndn/cy-site/cy/svs_core/cy=13, 1741657777610
Received update: /ndn/de2-site/de2/svs_core/de2=13, 1741657778228
Received update: /ndn/sk-site/sk/svs_core/sk=13, 1741657779607
Received update: /ndn/mk-site/mk/svs_core/mk=13, 1741657779854
Received update: /ndn/by-site/by/svs_core/by=13, 1741657781295
Received update: /ndn/md-site/md/svs_core/md=13, 1741657782385
Received update: /ndn/uk-site/uk/svs_core/uk=13, 1741657782576
Received update: /ndn/lt-site/lt/svs_core/lt=13, 1741657783216
Received update: /ndn/ge-site/ge/svs_core/ge=13, 1741657784143
Received update: /ndn/fr1-site/fr1/svs_core/fr1=13, 1741657784262
Received update: /ndn/it-site/it/svs_core/it=13, 1741657784408
Received update: /ndn/ro-site/ro/svs_core/ro=13, 1741657786126
Received update: /ndn/pl-site/pl/svs_core/pl=13, 1741657791229
Received update: /ndn/es-site/es/svs_core/es=13, 1741657793463
Received update: /ndn/fr2-site/fr2/svs_core/fr2=13, 1741657794471
Received update: /ndn/mt-site/mt/svs_core/mt=13, 1741657794503
Received update: /ndn/am-site/am/svs_core/am=13, 1741657796221
Received update: /ndn/at-site/at/svs_core/at=13, 1741657796392
Received update: /ndn/no-site/no/svs_core/no=13, 1741657797240
Received update: /ndn/al-site/al/svs_core/al=13, 1741657797812
Received update: /ndn/lu-site/lu/svs_core/lu=13, 1741657799597
Received update: /ndn/gr-site/gr/svs_core/gr=13, 1741657799761
Received update: /ndn/hr-site/hr/svs_core/hr=14, 1741657803103
Received update: /ndn/be-site/be/svs_core/be=14, 1741657803310
Received update: /ndn/hu-site/hu/svs_core/hu=14, 1741657804315
Received update: /ndn/az-site/az/svs_core/az=14, 1741657805866
Received update: /ndn/de1-site/de1/svs_core/de1=14, 1741657806164
Received update: /ndn/ch-site/ch/svs_core/ch=14, 1741657806926
Received update: /ndn/se-site/se/svs_core/se=14, 1741657807122
Received update: /ndn/rs-site/rs/svs_core/rs=14, 1741657807899
Received update: /ndn/si-site/si/svs_core/si=14, 1741657810326
Received update: /ndn/ua-site/ua/svs_core/ua=14, 1741657810553
Received update: /ndn/lv-site/lv/svs_core/lv=14, 1741657810716
Received update: /ndn/dk-site/dk/svs_core/dk=14, 1741657813435
Received update: /ndn/il-site/il/svs_core/il=14, 1741657813710
Received update: /ndn/pt-site/pt/svs_core/pt=14, 1741657814054
Received update: /ndn/tr-site/tr/svs_core/tr=14, 1741657814521
Received update: /ndn/me-site/me/svs_core/me=14, 1741657817418
Published sequence number: /ndn/fi-site/fi/svs_core/fi=14, 1741657818298
Sending Sync interest
Received update: /ndn/cz-site/cz/svs_core/cz=14, 1741657819691
Received update: /ndn/ie-site/ie/svs_core/ie=14, 1741657819801
Received update: /ndn/is-site/is/svs_core/is=14, 1741657819930
Received update: /ndn/ee-site/ee/svs_core/ee=14, 1741657820259
Received update: /ndn/nl-site/nl/svs_core/nl=14, 1741657821874
Received update: /ndn/bg-site/bg/svs_core/bg=14, 1741657821877
Received update: /ndn/cy-site/cy/svs_core/cy=14, 1741657822616
Received update: /ndn/de2-site/de2/svs_core/de2=14, 1741657823235
Received update: /ndn/sk-site/sk/svs_core/sk=14, 1741657824607
Received update: /ndn/mk-site/mk/svs_core/mk=14, 1741657824849
Received update: /ndn/by-site/by/svs_core/by=14, 1741657826299
Received update: /ndn/md-site/md/svs_core/md=14, 1741657827387
Received update: /ndn/uk-site/uk/svs_core/uk=14, 1741657827580
Received update: /ndn/lt-site/lt/svs_core/lt=14, 1741657828218
Received update: /ndn/ge-site/ge/svs_core/ge=14, 1741657829150
Received update: /ndn/fr1-site/fr1/svs_core/fr1=14, 1741657829269
Received update: /ndn/it-site/it/svs_core/it=14, 1741657829408
Received update: /ndn/ro-site/ro/svs_core/ro=14, 1741657831125
Received update: /ndn/pl-site/pl/svs_core/pl=14, 1741657836237
Received update: /ndn/es-site/es/svs_core/es=14, 1741657838478
Received update: /ndn/fr2-site/fr2/svs_core/fr2=14, 1741657839473
Received update: /ndn/mt-site/mt/svs_core/mt=14, 1741657839499
Received update: /ndn/am-site/am/svs_core/am=14, 1741657841227
Received update: /ndn/at-site/at/svs_core/at=14, 1741657841375
Received update: /ndn/no-site/no/svs_core/no=14, 1741657842246
Received update: /ndn/al-site/al/svs_core/al=14, 1741657842816
Received update: /ndn/lu-site/lu/svs_core/lu=14, 1741657844605
Received update: /ndn/gr-site/gr/svs_core/gr=14, 1741657844766
Received update: /ndn/hr-site/hr/svs_core/hr=15, 1741657848116
Received update: /ndn/be-site/be/svs_core/be=15, 1741657848315
Received update: /ndn/hu-site/hu/svs_core/hu=15, 1741657849320
Received update: /ndn/az-site/az/svs_core/az=15, 1741657850864
Received update: /ndn/de1-site/de1/svs_core/de1=15, 1741657851172
Received update: /ndn/ch-site/ch/svs_core/ch=15, 1741657851929
Received update: /ndn/se-site/se/svs_core/se=15, 1741657852122
Received update: /ndn/rs-site/rs/svs_core/rs=15, 1741657852900
Received update: /ndn/si-site/si/svs_core/si=15, 1741657855323
Received update: /ndn/ua-site/ua/svs_core/ua=15, 1741657855558
Received update: /ndn/lv-site/lv/svs_core/lv=15, 1741657855724
Received update: /ndn/dk-site/dk/svs_core/dk=15, 1741657858436
Received update: /ndn/il-site/il/svs_core/il=15, 1741657858718
Received update: /ndn/pt-site/pt/svs_core/pt=15, 1741657859063
Received update: /ndn/tr-site/tr/svs_core/tr=15, 1741657859523
Received update: /ndn/me-site/me/svs_core/me=15, 1741657862413
Published sequence number: /ndn/fi-site/fi/svs_core/fi=15, 1741657863297
Sending Sync interest
Received update: /ndn/cz-site/cz/svs_core/cz=15, 1741657864691
Received update: /ndn/ie-site/ie/svs_core/ie=15, 1741657864802
Received update: /ndn/is-site/is/svs_core/is=15, 1741657864927
Received update: /ndn/ee-site/ee/svs_core/ee=15, 1741657865263
Received update: /ndn/nl-site/nl/svs_core/nl=15, 1741657866873
Received update: /ndn/bg-site/bg/svs_core/bg=15, 1741657866880
Received update: /ndn/cy-site/cy/svs_core/cy=15, 1741657867616
Received update: /ndn/de2-site/de2/svs_core/de2=15, 1741657868233
Received update: /ndn/sk-site/sk/svs_core/sk=15, 1741657869612
Received update: /ndn/mk-site/mk/svs_core/mk=15, 1741657869851
Received update: /ndn/by-site/by/svs_core/by=15, 1741657871298
Received update: /ndn/md-site/md/svs_core/md=15, 1741657872388
Received update: /ndn/uk-site/uk/svs_core/uk=15, 1741657872576
Received update: /ndn/lt-site/lt/svs_core/lt=15, 1741657873225
Received update: /ndn/ge-site/ge/svs_core/ge=15, 1741657874146
Received update: /ndn/fr1-site/fr1/svs_core/fr1=15, 1741657874267
Received update: /ndn/it-site/it/svs_core/it=15, 1741657874408
Received update: /ndn/ro-site/ro/svs_core/ro=15, 1741657876127
Received update: /ndn/pl-site/pl/svs_core/pl=15, 1741657881240
Received update: /ndn/es-site/es/svs_core/es=15, 1741657883472
Received update: /ndn/fr2-site/fr2/svs_core/fr2=15, 1741657884479
Received update: /ndn/am-site/am/svs_core/am=15, 1741657886226
Received update: /ndn/at-site/at/svs_core/at=15, 1741657886379
Received update: /ndn/mt-site/mt/svs_core/mt=15, 1741657886483
Received update: /ndn/no-site/no/svs_core/no=15, 1741657887246
Received update: /ndn/al-site/al/svs_core/al=15, 1741657887814
Received update: /ndn/lu-site/lu/svs_core/lu=15, 1741657889603
Received update: /ndn/gr-site/gr/svs_core/gr=15, 1741657889774
Received update: /ndn/hr-site/hr/svs_core/hr=16, 1741657893113
Received update: /ndn/be-site/be/svs_core/be=16, 1741657893311
Received update: /ndn/hu-site/hu/svs_core/hu=16, 1741657894325
Received update: /ndn/az-site/az/svs_core/az=16, 1741657895867
Received update: /ndn/de1-site/de1/svs_core/de1=16, 1741657896175
Received update: /ndn/ch-site/ch/svs_core/ch=16, 1741657896937
Received update: /ndn/se-site/se/svs_core/se=16, 1741657897124
Received update: /ndn/rs-site/rs/svs_core/rs=16, 1741657897903
Received update: /ndn/si-site/si/svs_core/si=16, 1741657900322
Received update: /ndn/ua-site/ua/svs_core/ua=16, 1741657900558
Received update: /ndn/lv-site/lv/svs_core/lv=16, 1741657900724
Received update: /ndn/dk-site/dk/svs_core/dk=16, 1741657903438
Received update: /ndn/il-site/il/svs_core/il=16, 1741657903716
Received update: /ndn/pt-site/pt/svs_core/pt=16, 1741657904062
Received update: /ndn/tr-site/tr/svs_core/tr=16, 1741657904519
Received update: /ndn/me-site/me/svs_core/me=16, 1741657907418
Published sequence number: /ndn/fi-site/fi/svs_core/fi=16, 1741657908297
Sending Sync interest
Received update: /ndn/cz-site/cz/svs_core/cz=16, 1741657909705
Received update: /ndn/ie-site/ie/svs_core/ie=16, 1741657909797
Received update: /ndn/is-site/is/svs_core/is=16, 1741657909929
Received update: /ndn/ee-site/ee/svs_core/ee=16, 1741657910267
Received update: /ndn/nl-site/nl/svs_core/nl=16, 1741657911876
Received update: /ndn/bg-site/bg/svs_core/bg=16, 1741657911879
Received update: /ndn/cy-site/cy/svs_core/cy=16, 1741657912623
Received update: /ndn/de2-site/de2/svs_core/de2=16, 1741657913240
Received update: /ndn/sk-site/sk/svs_core/sk=16, 1741657914614
Received update: /ndn/mk-site/mk/svs_core/mk=16, 1741657914857
Received update: /ndn/by-site/by/svs_core/by=16, 1741657916299
Received update: /ndn/md-site/md/svs_core/md=16, 1741657917408
Received update: /ndn/uk-site/uk/svs_core/uk=16, 1741657917579
Received update: /ndn/lt-site/lt/svs_core/lt=16, 1741657918225
Received update: /ndn/ge-site/ge/svs_core/ge=16, 1741657919148
Received update: /ndn/fr1-site/fr1/svs_core/fr1=16, 1741657919264
Received update: /ndn/it-site/it/svs_core/it=16, 1741657919415
Received update: /ndn/ro-site/ro/svs_core/ro=16, 1741657921133
Received update: /ndn/pl-site/pl/svs_core/pl=16, 1741657926241
Received update: /ndn/es-site/es/svs_core/es=16, 1741657928476
Received update: /ndn/fr2-site/fr2/svs_core/fr2=16, 1741657929479
Received update: /ndn/am-site/am/svs_core/am=16, 1741657931226
Received update: /ndn/at-site/at/svs_core/at=16, 1741657931379
Received update: /ndn/mt-site/mt/svs_core/mt=16, 1741657931504
Received update: /ndn/no-site/no/svs_core/no=16, 1741657932246
Received update: /ndn/al-site/al/svs_core/al=16, 1741657932814
Received update: /ndn/lu-site/lu/svs_core/lu=16, 1741657934603
Received update: /ndn/gr-site/gr/svs_core/gr=16, 1741657934771
Stopping SVS client: /ndn/fi-site/fi/svs_core/fi
