SVS client starting: /ndn/it-site/it/svs_core/it
Max suppression time updated to: 48
Max suppression time updated to: 108
Max suppression time updated to: 120
Max suppression time updated to: 120
Max suppression time updated to: 112
Max suppression time updated to: 140
Max suppression time updated to: 124
Max suppression time updated to: 148
Max suppression time updated to: 148
Sending Sync interest
Max suppression time updated to: 144
Max suppression time updated to: 144
Max suppression time updated to: 156
Max suppression time updated to: 152
Max suppression time updated to: 160
Max suppression time updated to: 168
Max suppression time updated to: 168
Max suppression time updated to: 172
Max suppression time updated to: 180
Max suppression time updated to: 212
Max suppression time updated to: 244
Max suppression time updated to: 236
Received update: /ndn/mk-site/mk/svs_core/mk=1, 1741624680034
Max suppression time updated to: 264
Max suppression time updated to: 284
Max suppression time updated to: 308
Max suppression time updated to: 304
Max suppression time updated to: 300
Max suppression time updated to: 296
Max suppression time updated to: 296
Max suppression time updated to: 288
Received update: /ndn/fr2-site/fr2/svs_core/fr2=1, 1741624984390
Max suppression time updated to: 280
Received update: /ndn/hu-site/hu/svs_core/hu=1, 1741624984701
Max suppression time updated to: 284
Received update: /ndn/hr-site/hr/svs_core/hr=1, 1741624984763
Max suppression time updated to: 280
Max suppression time updated to: 284
Max suppression time updated to: 276
Received update: /ndn/ch-site/ch/svs_core/ch=1, 1741624985481
Max suppression time updated to: 272
Received update: /ndn/pt-site/pt/svs_core/pt=1, 1741624985497
Max suppression time updated to: 268
Received update: /ndn/cz-site/cz/svs_core/cz=1, 1741624986269
Max suppression time updated to: 264
Received update: /ndn/me-site/me/svs_core/me=1, 1741624986460
Sending Sync interest
Max suppression time updated to: 276
Max suppression time updated to: 272
Max suppression time updated to: 272
Max suppression time updated to: 284
Max suppression time updated to: 296
Max suppression time updated to: 292
Max suppression time updated to: 292
Max suppression time updated to: 288
Received update: /ndn/uk-site/uk/svs_core/uk=1, 1741624988666
Max suppression time updated to: 288
Received update: /ndn/by-site/by/svs_core/by=1, 1741624989441
Max suppression time updated to: 284
Max suppression time updated to: 280
Max suppression time updated to: 280
Max suppression time updated to: 276
Received update: /ndn/sk-site/sk/svs_core/sk=1, 1741624989910
Max suppression time updated to: 276
Received update: /ndn/fr1-site/fr1/svs_core/fr1=1, 1741624991932
Max suppression time updated to: 272
Received update: /ndn/no-site/no/svs_core/no=1, 1741624992739
Max suppression time updated to: 272
Received update: /ndn/fi-site/fi/svs_core/fi=1, 1741624992789
Max suppression time updated to: 268
Max suppression time updated to: 268
Max suppression time updated to: 268
Max suppression time updated to: 264
Received update: /ndn/at-site/at/svs_core/at=1, 1741624993857
Max suppression time updated to: 264
Received update: /ndn/tr-site/tr/svs_core/tr=1, 1741624993955
Max suppression time updated to: 260
Received update: /ndn/mt-site/mt/svs_core/mt=1, 1741624994019
Max suppression time updated to: 260
Received update: /ndn/ua-site/ua/svs_core/ua=1, 1741624994177
Max suppression time updated to: 256
Max suppression time updated to: 252
Max suppression time updated to: 252
Max suppression time updated to: 260
Max suppression time updated to: 260
Max suppression time updated to: 260
Max suppression time updated to: 260
Received update: /ndn/md-site/md/svs_core/md=1, 1741624995540
Max suppression time updated to: 260
Received update: /ndn/az-site/az/svs_core/az=1, 1741624995700
Max suppression time updated to: 260
Received update: /ndn/dk-site/dk/svs_core/dk=1, 1741624997897
Received update: /ndn/gr-site/gr/svs_core/gr=1, 1741624997897
Max suppression time updated to: 260
Received update: /ndn/de1-site/de1/svs_core/de1=1, 1741624998754
Max suppression time updated to: 260
Received update: /ndn/be-site/be/svs_core/be=1, 1741625001571
Max suppression time updated to: 260
Received update: /ndn/cy-site/cy/svs_core/cy=1, 1741625001613
Max suppression time updated to: 256
Received update: /ndn/si-site/si/svs_core/si=1, 1741625002064
Max suppression time updated to: 256
Received update: /ndn/il-site/il/svs_core/il=1, 1741625006460
Received update: /ndn/pl-site/pl/svs_core/pl=1, 1741625006460
Max suppression time updated to: 256
Received update: /ndn/ee-site/ee/svs_core/ee=1, 1741625006669
Max suppression time updated to: 256
Max suppression time updated to: 252
Max suppression time updated to: 252
Max suppression time updated to: 252
Published sequence number: /ndn/it-site/it/svs_core/it=1, 1741625007828
Sending Sync interest
Max suppression time updated to: 252
Received update: /ndn/lt-site/lt/svs_core/lt=1, 1741625010446
Max suppression time updated to: 252
Received update: /ndn/bg-site/bg/svs_core/bg=1, 1741625010533
Sending Sync interest
Max suppression time updated to: 248
Received update: /ndn/am-site/am/svs_core/am=1, 1741625011012
Max suppression time updated to: 248
Received update: /ndn/es-site/es/svs_core/es=1, 1741625013695
Max suppression time updated to: 248
Received update: /ndn/is-site/is/svs_core/is=1, 1741625013894
Received update: /ndn/se-site/se/svs_core/se=1, 1741625013894
Received update: /ndn/de2-site/de2/svs_core/de2=1, 1741625013894
Max suppression time updated to: 248
Received update: /ndn/al-site/al/svs_core/al=1, 1741625014028
Max suppression time updated to: 244
Max suppression time updated to: 244
Received update: /ndn/ro-site/ro/svs_core/ro=1, 1741625023123
Max suppression time updated to: 244
Received update: /ndn/ge-site/ge/svs_core/ge=1, 1741625023415
Max suppression time updated to: 244
Received update: /ndn/nl-site/nl/svs_core/nl=1, 1741625023614
Max suppression time updated to: 240
Received update: /ndn/hu-site/hu/svs_core/hu=2, 1741625028895
Received update: /ndn/ie-site/ie/svs_core/ie=1, 1741625028895
Received update: /ndn/lu-site/lu/svs_core/lu=1, 1741625028895
Max suppression time updated to: 240
Received update: /ndn/ch-site/ch/svs_core/ch=2, 1741625033664
Received update: /ndn/uk-site/uk/svs_core/uk=2, 1741625033664
Received update: /ndn/fr2-site/fr2/svs_core/fr2=2, 1741625033664
Max suppression time updated to: 240
Received update: /ndn/hr-site/hr/svs_core/hr=2, 1741625036075
Max suppression time updated to: 240
Received update: /ndn/by-site/by/svs_core/by=2, 1741625036544
Received update: /ndn/cz-site/cz/svs_core/cz=2, 1741625036544
Received update: /ndn/me-site/me/svs_core/me=2, 1741625036544
Received update: /ndn/rs-site/rs/svs_core/rs=1, 1741625036544
Max suppression time updated to: 240
Received update: /ndn/mk-site/mk/svs_core/mk=2, 1741625036679
Received update: /ndn/sk-site/sk/svs_core/sk=2, 1741625036679
Max suppression time updated to: 240
Received update: /ndn/at-site/at/svs_core/at=2, 1741625040843
Received update: /ndn/az-site/az/svs_core/az=2, 1741625040843
Received update: /ndn/md-site/md/svs_core/md=2, 1741625040843
Max suppression time updated to: 240
Received update: /ndn/tr-site/tr/svs_core/tr=2, 1741625041091
Max suppression time updated to: 240
Received update: /ndn/il-site/il/svs_core/il=2, 1741625041565
Received update: /ndn/no-site/no/svs_core/no=2, 1741625041565
Max suppression time updated to: 236
Received update: /ndn/am-site/am/svs_core/am=2, 1741625052227
Received update: /ndn/si-site/si/svs_core/si=2, 1741625052227
Max suppression time updated to: 236
Received update: /ndn/pt-site/pt/svs_core/pt=2, 1741625052418
Received update: /ndn/fr1-site/fr1/svs_core/fr1=2, 1741625052418
Max suppression time updated to: 236
Published sequence number: /ndn/it-site/it/svs_core/it=2, 1741625052832
Sending Sync interest
Max suppression time updated to: 236
Received update: /ndn/cy-site/cy/svs_core/cy=2, 1741625052958
Received update: /ndn/lv-site/lv/svs_core/lv=1, 1741625052958
Received update: /ndn/ua-site/ua/svs_core/ua=2, 1741625052958
Received update: /ndn/de1-site/de1/svs_core/de1=2, 1741625052958
Sending Sync interest
Max suppression time updated to: 240
Received update: /ndn/gr-site/gr/svs_core/gr=2, 1741625053700
Max suppression time updated to: 240
Received update: /ndn/dk-site/dk/svs_core/dk=2, 1741625053737
Sending Sync interest
Max suppression time updated to: 240
Sending Sync interest
Max suppression time updated to: 240
Sending Sync interest
Max suppression time updated to: 240
Max suppression time updated to: 244
Max suppression time updated to: 240
Max suppression time updated to: 240
Max suppression time updated to: 240
Sending Sync interest
Max suppression time updated to: 236
Max suppression time updated to: 236
Received update: /ndn/al-site/al/svs_core/al=2, 1741625054927
Max suppression time updated to: 232
Received update: /ndn/bg-site/bg/svs_core/bg=2, 1741625055534
Sending Sync interest
Max suppression time updated to: 232
Received update: /ndn/ge-site/ge/svs_core/ge=2, 1741625073649
Received update: /ndn/hu-site/hu/svs_core/hu=3, 1741625073649
Received update: /ndn/de2-site/de2/svs_core/de2=2, 1741625073649
Max suppression time updated to: 232
Received update: /ndn/cz-site/cz/svs_core/cz=3, 1741625076198
Received update: /ndn/fr2-site/fr2/svs_core/fr2=3, 1741625076198
Max suppression time updated to: 232
Received update: /ndn/rs-site/rs/svs_core/rs=2, 1741625076206
Max suppression time updated to: 232
Received update: /ndn/ch-site/ch/svs_core/ch=3, 1741625076468
Max suppression time updated to: 232
Received update: /ndn/is-site/is/svs_core/is=2, 1741625076501
Received update: /ndn/nl-site/nl/svs_core/nl=2, 1741625076501
Max suppression time updated to: 228
Max suppression time updated to: 228
Max suppression time updated to: 228
Received update: /ndn/sk-site/sk/svs_core/sk=3, 1741625080186
Max suppression time updated to: 228
Received update: /ndn/be-site/be/svs_core/be=2, 1741625080271
Received update: /ndn/mk-site/mk/svs_core/mk=3, 1741625080271
Received update: /ndn/pl-site/pl/svs_core/pl=2, 1741625080271
Sending Sync interest
Max suppression time updated to: 228
Received update: /ndn/me-site/me/svs_core/me=3, 1741625080669
Received update: /ndn/ro-site/ro/svs_core/ro=2, 1741625080669
Max suppression time updated to: 228
Received update: /ndn/by-site/by/svs_core/by=3, 1741625080849
Received update: /ndn/hr-site/hr/svs_core/hr=3, 1741625080849
Max suppression time updated to: 228
Received update: /ndn/at-site/at/svs_core/at=3, 1741625083473
Received update: /ndn/es-site/es/svs_core/es=2, 1741625083473
Received update: /ndn/pt-site/pt/svs_core/pt=3, 1741625083473
Received update: /ndn/uk-site/uk/svs_core/uk=3, 1741625083473
Max suppression time updated to: 224
Received update: /ndn/gr-site/gr/svs_core/gr=3, 1741625085347
Sending Sync interest
Max suppression time updated to: 224
Received update: /ndn/tr-site/tr/svs_core/tr=3, 1741625085805
Published sequence number: /ndn/it-site/it/svs_core/it=3, 1741625097841
Sending Sync interest
Max suppression time updated to: 224
Received update: /ndn/be-site/be/svs_core/be=3, 1741625098030
Received update: /ndn/cy-site/cy/svs_core/cy=3, 1741625098030
Received update: /ndn/dk-site/dk/svs_core/dk=3, 1741625098030
Received update: /ndn/ee-site/ee/svs_core/ee=2, 1741625098030
Received update: /ndn/ie-site/ie/svs_core/ie=2, 1741625098030
Received update: /ndn/lt-site/lt/svs_core/lt=2, 1741625098030
Received update: /ndn/lu-site/lu/svs_core/lu=2, 1741625098030
Received update: /ndn/lv-site/lv/svs_core/lv=2, 1741625098030
Received update: /ndn/no-site/no/svs_core/no=3, 1741625098030
Received update: /ndn/se-site/se/svs_core/se=2, 1741625098030
Received update: /ndn/de1-site/de1/svs_core/de1=3, 1741625098030
Max suppression time updated to: 224
Received update: /ndn/mt-site/mt/svs_core/mt=2, 1741625098150
Received update: /ndn/mt-site/mt/svs_core/mt=3, 1741625098150
Max suppression time updated to: 224
Received update: /ndn/is-site/is/svs_core/is=3, 1741625103358
Received update: /ndn/lt-site/lt/svs_core/lt=3, 1741625103358
Received update: /ndn/pl-site/pl/svs_core/pl=3, 1741625103358
Received update: /ndn/de2-site/de2/svs_core/de2=3, 1741625103358
Sending Sync interest
Max suppression time updated to: 216
Received update: /ndn/nl-site/nl/svs_core/nl=3, 1741625109573
Received update: /ndn/se-site/se/svs_core/se=3, 1741625109573
Received update: /ndn/si-site/si/svs_core/si=3, 1741625109573
Max suppression time updated to: 216
Received update: /ndn/ge-site/ge/svs_core/ge=3, 1741625109617
Sending Sync interest
Max suppression time updated to: 216
Received update: /ndn/az-site/az/svs_core/az=3, 1741625109891
Received update: /ndn/il-site/il/svs_core/il=3, 1741625109891
Received update: /ndn/lu-site/lu/svs_core/lu=3, 1741625109891
Sending Sync interest
Max suppression time updated to: 216
Sending Sync interest
Max suppression time updated to: 212
Max suppression time updated to: 212
Received update: /ndn/mk-site/mk/svs_core/mk=4, 1741625114293
Sending Sync interest
Max suppression time updated to: 216
Max suppression time updated to: 216
Received update: /ndn/am-site/am/svs_core/am=3, 1741625114748
Received update: /ndn/ee-site/ee/svs_core/ee=3, 1741625114748
Received update: /ndn/ua-site/ua/svs_core/ua=3, 1741625114748
Max suppression time updated to: 216
Received update: /ndn/bg-site/bg/svs_core/bg=3, 1741625118713
Received update: /ndn/hu-site/hu/svs_core/hu=4, 1741625118713
Received update: /ndn/ro-site/ro/svs_core/ro=3, 1741625118713
Max suppression time updated to: 216
Received update: /ndn/fi-site/fi/svs_core/fi=2, 1741625119064
Received update: /ndn/fi-site/fi/svs_core/fi=3, 1741625119064
Sending Sync interest
Max suppression time updated to: 216
Sending Sync interest
Max suppression time updated to: 212
Received update: /ndn/al-site/al/svs_core/al=3, 1741625119595
Max suppression time updated to: 212
Received update: /ndn/hr-site/hr/svs_core/hr=4, 1741625119790
Max suppression time updated to: 212
Received update: /ndn/es-site/es/svs_core/es=3, 1741625120609
Received update: /ndn/fr1-site/fr1/svs_core/fr1=3, 1741625120609
Received update: /ndn/fr2-site/fr2/svs_core/fr2=4, 1741625120609
Max suppression time updated to: 212
Received update: /ndn/ch-site/ch/svs_core/ch=4, 1741625121195
Max suppression time updated to: 212
Max suppression time updated to: 204
Max suppression time updated to: 204
Received update: /ndn/rs-site/rs/svs_core/rs=3, 1741625121507
Max suppression time updated to: 204
Received update: /ndn/cz-site/cz/svs_core/cz=4, 1741625121558
Sending Sync interest
Max suppression time updated to: 204
Max suppression time updated to: 204
Received update: /ndn/pt-site/pt/svs_core/pt=4, 1741625123016
Sending Sync interest
Max suppression time updated to: 204
Max suppression time updated to: 204
Max suppression time updated to: 200
Received update: /ndn/by-site/by/svs_core/by=4, 1741625124663
Received update: /ndn/me-site/me/svs_core/me=4, 1741625124663
Sending Sync interest
Max suppression time updated to: 200
Max suppression time updated to: 200
Received update: /ndn/sk-site/sk/svs_core/sk=4, 1741625124941
Sending Sync interest
Max suppression time updated to: 204
Received update: /ndn/fr1-site/fr1/svs_core/fr1=4, 1741625126956
Sending Sync interest
Max suppression time updated to: 204
Max suppression time updated to: 204
Received update: /ndn/tr-site/tr/svs_core/tr=4, 1741625128217
Max suppression time updated to: 200
Received update: /ndn/at-site/at/svs_core/at=4, 1741625128267
Sending Sync interest
Max suppression time updated to: 200
Max suppression time updated to: 200
Received update: /ndn/fi-site/fi/svs_core/fi=4, 1741625128818
Received update: /ndn/no-site/no/svs_core/no=4, 1741625128818
Max suppression time updated to: 196
Max suppression time updated to: 200
Received update: /ndn/ee-site/ee/svs_core/ee=4, 1741625142331
Received update: /ndn/lv-site/lv/svs_core/lv=3, 1741625142331
Received update: /ndn/ua-site/ua/svs_core/ua=4, 1741625142331
Received update: /ndn/uk-site/uk/svs_core/uk=4, 1741625142331
Published sequence number: /ndn/it-site/it/svs_core/it=4, 1741625142852
Sending Sync interest
Max suppression time updated to: 200
Received update: /ndn/az-site/az/svs_core/az=4, 1741625143084
Received update: /ndn/cy-site/cy/svs_core/cy=4, 1741625143084
Received update: /ndn/ie-site/ie/svs_core/ie=3, 1741625143084
Received update: /ndn/il-site/il/svs_core/il=4, 1741625143084
Received update: /ndn/pl-site/pl/svs_core/pl=4, 1741625143084
Received update: /ndn/de1-site/de1/svs_core/de1=4, 1741625143084
Max suppression time updated to: 200
Max suppression time updated to: 200
Received update: /ndn/bg-site/bg/svs_core/bg=4, 1741625148364
Received update: /ndn/gr-site/gr/svs_core/gr=4, 1741625148364
Received update: /ndn/de2-site/de2/svs_core/de2=4, 1741625148364
Max suppression time updated to: 200
Received update: /ndn/be-site/be/svs_core/be=4, 1741625154577
Received update: /ndn/ie-site/ie/svs_core/ie=4, 1741625154577
Received update: /ndn/is-site/is/svs_core/is=4, 1741625154577
Received update: /ndn/nl-site/nl/svs_core/nl=4, 1741625154577
Received update: /ndn/si-site/si/svs_core/si=4, 1741625154577
Max suppression time updated to: 200
Received update: /ndn/dk-site/dk/svs_core/dk=4, 1741625154985
Received update: /ndn/ge-site/ge/svs_core/ge=4, 1741625154985
Max suppression time updated to: 200
Received update: /ndn/lu-site/lu/svs_core/lu=4, 1741625155061
Max suppression time updated to: 200
Received update: /ndn/mt-site/mt/svs_core/mt=4, 1741625155269
Max suppression time updated to: 200
Max suppression time updated to: 200
Received update: /ndn/es-site/es/svs_core/es=4, 1741625160318
Received update: /ndn/pt-site/pt/svs_core/pt=5, 1741625160318
Sending Sync interest
Max suppression time updated to: 200
Received update: /ndn/hu-site/hu/svs_core/hu=5, 1741625466748
Received update: /ndn/me-site/me/svs_core/me=5, 1741625466748
Received update: /ndn/uk-site/uk/svs_core/uk=5, 1741625466748
Sending Sync interest
Max suppression time updated to: 200
Received update: /ndn/ch-site/ch/svs_core/ch=5, 1741625467288
Received update: /ndn/cz-site/cz/svs_core/cz=5, 1741625467288
Max suppression time updated to: 200
Received update: /ndn/hr-site/hr/svs_core/hr=5, 1741625467465
Received update: /ndn/lt-site/lt/svs_core/lt=4, 1741625467465
Received update: /ndn/lv-site/lv/svs_core/lv=4, 1741625467465
Received update: /ndn/ro-site/ro/svs_core/ro=4, 1741625467465
Max suppression time updated to: 200
Max suppression time updated to: 200
Received update: /ndn/fr2-site/fr2/svs_core/fr2=5, 1741625468171
Max suppression time updated to: 204
Sending Sync interest
Max suppression time updated to: 204
Max suppression time updated to: 204
Received update: /ndn/se-site/se/svs_core/se=4, 1741625469427
Max suppression time updated to: 204
Received update: /ndn/at-site/at/svs_core/at=5, 1741625471268
Received update: /ndn/mk-site/mk/svs_core/mk=5, 1741625471268
Received update: /ndn/no-site/no/svs_core/no=5, 1741625471268
Received update: /ndn/tr-site/tr/svs_core/tr=5, 1741625471268
Max suppression time updated to: 204
Received update: /ndn/mt-site/mt/svs_core/mt=5, 1741625472050
Max suppression time updated to: 204
Received update: /ndn/az-site/az/svs_core/az=5, 1741625473879
Sending Sync interest
Published sequence number: /ndn/it-site/it/svs_core/it=5, 1741625485867
Sending Sync interest
Max suppression time updated to: 204
Received update: /ndn/ee-site/ee/svs_core/ee=5, 1741625486130
Received update: /ndn/pl-site/pl/svs_core/pl=5, 1741625486130
Received update: /ndn/si-site/si/svs_core/si=5, 1741625486130
Received update: /ndn/sk-site/sk/svs_core/sk=5, 1741625486130
Received update: /ndn/de1-site/de1/svs_core/de1=5, 1741625486130
Max suppression time updated to: 200
Received update: /ndn/by-site/by/svs_core/by=5, 1741625487591
Received update: /ndn/cy-site/cy/svs_core/cy=5, 1741625487591
Received update: /ndn/dk-site/dk/svs_core/dk=5, 1741625487591
Received update: /ndn/il-site/il/svs_core/il=5, 1741625487591
Received update: /ndn/is-site/is/svs_core/is=5, 1741625487591
Received update: /ndn/se-site/se/svs_core/se=5, 1741625487591
Max suppression time updated to: 208
Max suppression time updated to: 204
Received update: /ndn/am-site/am/svs_core/am=4, 1741625488963
Received update: /ndn/am-site/am/svs_core/am=5, 1741625488963
Received update: /ndn/be-site/be/svs_core/be=5, 1741625488963
Received update: /ndn/rs-site/rs/svs_core/rs=4, 1741625488963
Received update: /ndn/fr1-site/fr1/svs_core/fr1=5, 1741625488963
Max suppression time updated to: 204
Received update: /ndn/ge-site/ge/svs_core/ge=5, 1741625494707
Received update: /ndn/gr-site/gr/svs_core/gr=5, 1741625494707
Received update: /ndn/de2-site/de2/svs_core/de2=5, 1741625494707
Max suppression time updated to: 200
Received update: /ndn/bg-site/bg/svs_core/bg=5, 1741625494744
Max suppression time updated to: 200
Received update: /ndn/ch-site/ch/svs_core/ch=6, 1741625508754
Received update: /ndn/lv-site/lv/svs_core/lv=5, 1741625508754
Sending Sync interest
Max suppression time updated to: 200
Received update: /ndn/cz-site/cz/svs_core/cz=6, 1741625512290
Received update: /ndn/hu-site/hu/svs_core/hu=6, 1741625512290
Received update: /ndn/ro-site/ro/svs_core/ro=5, 1741625512290
Received update: /ndn/rs-site/rs/svs_core/rs=5, 1741625512290
Received update: /ndn/uk-site/uk/svs_core/uk=6, 1741625512290
Sending Sync interest
Max suppression time updated to: 204
Received update: /ndn/hr-site/hr/svs_core/hr=6, 1741625513370
Max suppression time updated to: 204
Received update: /ndn/nl-site/nl/svs_core/nl=5, 1741625513657
Received update: /ndn/ua-site/ua/svs_core/ua=5, 1741625513657
Received update: /ndn/fr2-site/fr2/svs_core/fr2=6, 1741625513657
Max suppression time updated to: 200
Received update: /ndn/es-site/es/svs_core/es=5, 1741625513711
Received update: /ndn/md-site/md/svs_core/md=3, 1741625513711
Received update: /ndn/md-site/md/svs_core/md=4, 1741625513711
Received update: /ndn/md-site/md/svs_core/md=5, 1741625513711
Received update: /ndn/me-site/me/svs_core/me=6, 1741625513711
Received update: /ndn/sk-site/sk/svs_core/sk=6, 1741625513711
Max suppression time updated to: 200
Max suppression time updated to: 200
Received update: /ndn/al-site/al/svs_core/al=4, 1741625514026
Received update: /ndn/al-site/al/svs_core/al=5, 1741625514026
Sending Sync interest
Max suppression time updated to: 200
Received update: /ndn/ua-site/ua/svs_core/ua=6, 1741625515119
Max suppression time updated to: 200
Received update: /ndn/pt-site/pt/svs_core/pt=6, 1741625515274
Max suppression time updated to: 200
Max suppression time updated to: 200
Received update: /ndn/no-site/no/svs_core/no=6, 1741625515590
Max suppression time updated to: 200
Received update: /ndn/fr1-site/fr1/svs_core/fr1=6, 1741625515784
Max suppression time updated to: 200
Received update: /ndn/at-site/at/svs_core/at=6, 1741625522688
Received update: /ndn/az-site/az/svs_core/az=6, 1741625522688
Received update: /ndn/cy-site/cy/svs_core/cy=6, 1741625522688
Received update: /ndn/il-site/il/svs_core/il=6, 1741625522688
Received update: /ndn/lu-site/lu/svs_core/lu=5, 1741625522688
Received update: /ndn/tr-site/tr/svs_core/tr=6, 1741625522688
Received update: /ndn/de1-site/de1/svs_core/de1=6, 1741625522688
Max suppression time updated to: 200
Max suppression time updated to: 200
Received update: /ndn/dk-site/dk/svs_core/dk=6, 1741625522925
Max suppression time updated to: 200
Received update: /ndn/gr-site/gr/svs_core/gr=6, 1741625523107
Max suppression time updated to: 200
Received update: /ndn/ee-site/ee/svs_core/ee=6, 1741625529920
Received update: /ndn/mk-site/mk/svs_core/mk=6, 1741625529920
Published sequence number: /ndn/it-site/it/svs_core/it=6, 1741625530870
Sending Sync interest
Max suppression time updated to: 204
Received update: /ndn/es-site/es/svs_core/es=6, 1741625536697
Sending Sync interest
Max suppression time updated to: 196
Received update: /ndn/fi-site/fi/svs_core/fi=5, 1741625542860
Received update: /ndn/fi-site/fi/svs_core/fi=6, 1741625542860
Received update: /ndn/lu-site/lu/svs_core/lu=6, 1741625542860
Received update: /ndn/nl-site/nl/svs_core/nl=6, 1741625542860
Received update: /ndn/se-site/se/svs_core/se=6, 1741625542860
Received update: /ndn/de2-site/de2/svs_core/de2=6, 1741625542860
Sending Sync interest
Max suppression time updated to: 196
Received update: /ndn/am-site/am/svs_core/am=6, 1741625543111
Max suppression time updated to: 196
Received update: /ndn/al-site/al/svs_core/al=6, 1741625543328
Sending Sync interest
Max suppression time updated to: 196
Received update: /ndn/bg-site/bg/svs_core/bg=6, 1741625543812
Received update: /ndn/by-site/by/svs_core/by=6, 1741625543812
Received update: /ndn/md-site/md/svs_core/md=6, 1741625543812
Received update: /ndn/pl-site/pl/svs_core/pl=6, 1741625543812
Received update: /ndn/si-site/si/svs_core/si=6, 1741625543812
Max suppression time updated to: 196
Received update: /ndn/is-site/is/svs_core/is=6, 1741625543835
Max suppression time updated to: 196
Max suppression time updated to: 196
Received update: /ndn/ge-site/ge/svs_core/ge=6, 1741625544021
Received update: /ndn/lt-site/lt/svs_core/lt=5, 1741625544021
Received update: /ndn/ro-site/ro/svs_core/ro=6, 1741625544021
Max suppression time updated to: 196
Max suppression time updated to: 196
Max suppression time updated to: 196
Received update: /ndn/mt-site/mt/svs_core/mt=6, 1741625544722
Max suppression time updated to: 200
Max suppression time updated to: 204
Received update: /ndn/fr2-site/fr2/svs_core/fr2=7, 1741625553507
Max suppression time updated to: 208
Received update: /ndn/mk-site/mk/svs_core/mk=7, 1741625556190
Max suppression time updated to: 208
Received update: /ndn/be-site/be/svs_core/be=6, 1741625556669
Received update: /ndn/ch-site/ch/svs_core/ch=7, 1741625556669
Received update: /ndn/cz-site/cz/svs_core/cz=7, 1741625556669
Received update: /ndn/hu-site/hu/svs_core/hu=7, 1741625556669
Received update: /ndn/me-site/me/svs_core/me=7, 1741625556669
Max suppression time updated to: 204
Received update: /ndn/hr-site/hr/svs_core/hr=7, 1741625557394
Max suppression time updated to: 208
Received update: /ndn/ie-site/ie/svs_core/ie=5, 1741625557731
Received update: /ndn/ie-site/ie/svs_core/ie=6, 1741625557731
Received update: /ndn/pt-site/pt/svs_core/pt=7, 1741625557731
Received update: /ndn/uk-site/uk/svs_core/uk=7, 1741625557731
Max suppression time updated to: 212
Max suppression time updated to: 216
Max suppression time updated to: 220
Max suppression time updated to: 216
Published sequence number: /ndn/it-site/it/svs_core/it=7, 1741625575876
Sending Sync interest
Max suppression time updated to: 220
Received update: /ndn/am-site/am/svs_core/am=7, 1741625885853
Received update: /ndn/at-site/at/svs_core/at=7, 1741625885853
Received update: /ndn/az-site/az/svs_core/az=7, 1741625885853
Received update: /ndn/be-site/be/svs_core/be=7, 1741625885853
Received update: /ndn/by-site/by/svs_core/by=7, 1741625885853
Received update: /ndn/dk-site/dk/svs_core/dk=7, 1741625885853
Received update: /ndn/gr-site/gr/svs_core/gr=7, 1741625885853
Received update: /ndn/il-site/il/svs_core/il=7, 1741625885853
Received update: /ndn/md-site/md/svs_core/md=7, 1741625885853
Received update: /ndn/no-site/no/svs_core/no=7, 1741625885853
Received update: /ndn/pl-site/pl/svs_core/pl=7, 1741625885853
Received update: /ndn/sk-site/sk/svs_core/sk=7, 1741625885853
Received update: /ndn/tr-site/tr/svs_core/tr=7, 1741625885853
Received update: /ndn/ua-site/ua/svs_core/ua=7, 1741625885853
Received update: /ndn/de1-site/de1/svs_core/de1=7, 1741625885853
Received update: /ndn/de2-site/de2/svs_core/de2=7, 1741625885853
Max suppression time updated to: 220
Max suppression time updated to: 220
Received update: /ndn/cy-site/cy/svs_core/cy=7, 1741625886510
Received update: /ndn/ge-site/ge/svs_core/ge=7, 1741625886510
Received update: /ndn/is-site/is/svs_core/is=7, 1741625886510
Received update: /ndn/lv-site/lv/svs_core/lv=6, 1741625886510
Received update: /ndn/nl-site/nl/svs_core/nl=7, 1741625886510
Received update: /ndn/fr1-site/fr1/svs_core/fr1=7, 1741625886510
Max suppression time updated to: 220
Received update: /ndn/es-site/es/svs_core/es=7, 1741625886714
Max suppression time updated to: 220
Max suppression time updated to: 220
Received update: /ndn/si-site/si/svs_core/si=7, 1741625886980
Sending Sync interest
Max suppression time updated to: 220
Received update: /ndn/mt-site/mt/svs_core/mt=7, 1741625887199
Max suppression time updated to: 220
Received update: /ndn/ie-site/ie/svs_core/ie=7, 1741625887204
Max suppression time updated to: 220
Max suppression time updated to: 224
Max suppression time updated to: 228
Sending Sync interest
Max suppression time updated to: 228
Received update: /ndn/hr-site/hr/svs_core/hr=8, 1741625893683
Max suppression time updated to: 228
Received update: /ndn/bg-site/bg/svs_core/bg=7, 1741625893808
Received update: /ndn/ee-site/ee/svs_core/ee=7, 1741625893808
Received update: /ndn/lt-site/lt/svs_core/lt=6, 1741625893808
Received update: /ndn/lt-site/lt/svs_core/lt=7, 1741625893808
Received update: /ndn/lu-site/lu/svs_core/lu=7, 1741625893808
Max suppression time updated to: 228
Received update: /ndn/hu-site/hu/svs_core/hu=8, 1741625894522
Max suppression time updated to: 228
Received update: /ndn/fr2-site/fr2/svs_core/fr2=8, 1741625895254
Sending Sync interest
Max suppression time updated to: 228
Received update: /ndn/ro-site/ro/svs_core/ro=7, 1741625895887
Max suppression time updated to: 228
Max suppression time updated to: 228
Received update: /ndn/pt-site/pt/svs_core/pt=8, 1741625896090
Max suppression time updated to: 228
Received update: /ndn/cz-site/cz/svs_core/cz=8, 1741625896964
Max suppression time updated to: 228
Max suppression time updated to: 228
Received update: /ndn/ch-site/ch/svs_core/ch=8, 1741625897245
Max suppression time updated to: 224
Received update: /ndn/mk-site/mk/svs_core/mk=8, 1741625897496
Max suppression time updated to: 224
Max suppression time updated to: 224
Max suppression time updated to: 224
Received update: /ndn/by-site/by/svs_core/by=8, 1741625900490
Received update: /ndn/uk-site/uk/svs_core/uk=8, 1741625900490
Max suppression time updated to: 224
Max suppression time updated to: 224
Received update: /ndn/sk-site/sk/svs_core/sk=8, 1741625900765
Max suppression time updated to: 224
Received update: /ndn/fr1-site/fr1/svs_core/fr1=8, 1741625903030
Max suppression time updated to: 224
Max suppression time updated to: 224
Received update: /ndn/al-site/al/svs_core/al=7, 1741625903231
Max suppression time updated to: 224
Max suppression time updated to: 220
Max suppression time updated to: 220
Received update: /ndn/rs-site/rs/svs_core/rs=6, 1741625903535
Received update: /ndn/rs-site/rs/svs_core/rs=7, 1741625903535
Sending Sync interest
Max suppression time updated to: 220
Received update: /ndn/tr-site/tr/svs_core/tr=8, 1741625904337
Max suppression time updated to: 220
Received update: /ndn/at-site/at/svs_core/at=8, 1741625906373
Received update: /ndn/gr-site/gr/svs_core/gr=8, 1741625906373
Max suppression time updated to: 220
Received update: /ndn/az-site/az/svs_core/az=8, 1741625906609
Max suppression time updated to: 220
Received update: /ndn/fi-site/fi/svs_core/fi=7, 1741625906710
Max suppression time updated to: 220
Max suppression time updated to: 220
Max suppression time updated to: 220
Received update: /ndn/mt-site/mt/svs_core/mt=8, 1741625907020
Max suppression time updated to: 220
Max suppression time updated to: 220
Max suppression time updated to: 220
Max suppression time updated to: 220
Max suppression time updated to: 220
Received update: /ndn/dk-site/dk/svs_core/dk=8, 1741625909729
Received update: /ndn/fi-site/fi/svs_core/fi=8, 1741625909729
Received update: /ndn/lv-site/lv/svs_core/lv=7, 1741625909729
Received update: /ndn/no-site/no/svs_core/no=8, 1741625909729
Received update: /ndn/se-site/se/svs_core/se=7, 1741625909729
Received update: /ndn/de1-site/de1/svs_core/de1=8, 1741625909729
Max suppression time updated to: 220
Received update: /ndn/be-site/be/svs_core/be=8, 1741625912423
Received update: /ndn/il-site/il/svs_core/il=8, 1741625912423
Published sequence number: /ndn/it-site/it/svs_core/it=8, 1741625918707
Sending Sync interest
Max suppression time updated to: 220
Received update: /ndn/al-site/al/svs_core/al=8, 1741625919267
Sending Sync interest
Max suppression time updated to: 220
Received update: /ndn/am-site/am/svs_core/am=8, 1741625930258
Received update: /ndn/nl-site/nl/svs_core/nl=8, 1741625930258
Received update: /ndn/de2-site/de2/svs_core/de2=8, 1741625930258
Max suppression time updated to: 220
Received update: /ndn/cy-site/cy/svs_core/cy=8, 1741625941763
Received update: /ndn/cz-site/cz/svs_core/cz=9, 1741625941763
Received update: /ndn/ua-site/ua/svs_core/ua=8, 1741625941763
Max suppression time updated to: 220
Received update: /ndn/es-site/es/svs_core/es=8, 1741625942136
Received update: /ndn/fr2-site/fr2/svs_core/fr2=9, 1741625942136
Max suppression time updated to: 220
Received update: /ndn/bg-site/bg/svs_core/bg=8, 1741625942414
Received update: /ndn/ch-site/ch/svs_core/ch=9, 1741625942414
Received update: /ndn/hu-site/hu/svs_core/hu=9, 1741625942414
Received update: /ndn/lu-site/lu/svs_core/lu=8, 1741625942414
Received update: /ndn/si-site/si/svs_core/si=8, 1741625942414
Sending Sync interest
Max suppression time updated to: 220
Received update: /ndn/ge-site/ge/svs_core/ge=8, 1741625942673
Received update: /ndn/lt-site/lt/svs_core/lt=8, 1741625942673
Received update: /ndn/pl-site/pl/svs_core/pl=8, 1741625942673
Received update: /ndn/rs-site/rs/svs_core/rs=8, 1741625942673
Sending Sync interest
Max suppression time updated to: 220
Max suppression time updated to: 220
Received update: /ndn/ro-site/ro/svs_core/ro=8, 1741625942996
Max suppression time updated to: 220
Max suppression time updated to: 220
Received update: /ndn/ie-site/ie/svs_core/ie=8, 1741625945765
Received update: /ndn/me-site/me/svs_core/me=8, 1741625945765
Received update: /ndn/me-site/me/svs_core/me=9, 1741625945765
Received update: /ndn/pt-site/pt/svs_core/pt=9, 1741625945765
Received update: /ndn/sk-site/sk/svs_core/sk=9, 1741625945765
Max suppression time updated to: 220
Received update: /ndn/at-site/at/svs_core/at=9, 1741625949107
Max suppression time updated to: 220
Received update: /ndn/mt-site/mt/svs_core/mt=9, 1741625949890
Sending Sync interest
Max suppression time updated to: 220
Received update: /ndn/cy-site/cy/svs_core/cy=9, 1741625955305
Received update: /ndn/dk-site/dk/svs_core/dk=9, 1741625955305
Received update: /ndn/se-site/se/svs_core/se=8, 1741625955305
Received update: /ndn/tr-site/tr/svs_core/tr=9, 1741625955305
Received update: /ndn/uk-site/uk/svs_core/uk=9, 1741625955305
Sending Sync interest
Max suppression time updated to: 220
Received update: /ndn/il-site/il/svs_core/il=9, 1741625955758
Received update: /ndn/mk-site/mk/svs_core/mk=9, 1741625955758
Max suppression time updated to: 216
Received update: /ndn/de1-site/de1/svs_core/de1=9, 1741625955915
Received update: /ndn/fr1-site/fr1/svs_core/fr1=9, 1741625955915
Max suppression time updated to: 216
Received update: /ndn/gr-site/gr/svs_core/gr=9, 1741625958214
Received update: /ndn/hr-site/hr/svs_core/hr=9, 1741625958214
Max suppression time updated to: 212
Received update: /ndn/am-site/am/svs_core/am=9, 1741625963033
Received update: /ndn/az-site/az/svs_core/az=9, 1741625963033
Received update: /ndn/no-site/no/svs_core/no=9, 1741625963033
Received update: /ndn/pl-site/pl/svs_core/pl=9, 1741625963033
Received update: /ndn/si-site/si/svs_core/si=9, 1741625963033
Published sequence number: /ndn/it-site/it/svs_core/it=9, 1741625963711
Sending Sync interest
Max suppression time updated to: 212
Received update: /ndn/al-site/al/svs_core/al=9, 1741625964268
Sending Sync interest
Max suppression time updated to: 212
Received update: /ndn/md-site/md/svs_core/md=8, 1741625965947
Received update: /ndn/md-site/md/svs_core/md=9, 1741625965947
Received update: /ndn/ua-site/ua/svs_core/ua=9, 1741625965947
Max suppression time updated to: 212
Received update: /ndn/bg-site/bg/svs_core/bg=9, 1741625966396
Sending Sync interest
Max suppression time updated to: 208
Max suppression time updated to: 208
Max suppression time updated to: 208
Received update: /ndn/be-site/be/svs_core/be=9, 1741625967751
Received update: /ndn/is-site/is/svs_core/is=8, 1741625967751
Received update: /ndn/is-site/is/svs_core/is=9, 1741625967751
Max suppression time updated to: 208
Max suppression time updated to: 208
Received update: /ndn/de2-site/de2/svs_core/de2=9, 1741625969225
Max suppression time updated to: 208
Received update: /ndn/lu-site/lu/svs_core/lu=9, 1741625972206
Max suppression time updated to: 208
Received update: /ndn/ge-site/ge/svs_core/ge=9, 1741625972379
Max suppression time updated to: 212
Received update: /ndn/es-site/es/svs_core/es=9, 1741625982787
Received update: /ndn/pt-site/pt/svs_core/pt=10, 1741625982787
Max suppression time updated to: 212
Received update: /ndn/ee-site/ee/svs_core/ee=8, 1741625982963
Received update: /ndn/ee-site/ee/svs_core/ee=9, 1741625982963
Received update: /ndn/lv-site/lv/svs_core/lv=8, 1741625982963
Received update: /ndn/rs-site/rs/svs_core/rs=9, 1741625982963
Max suppression time updated to: 212
Max suppression time updated to: 212
Received update: /ndn/at-site/at/svs_core/at=10, 1741625994147
Received update: /ndn/cz-site/cz/svs_core/cz=10, 1741625994147
Received update: /ndn/hu-site/hu/svs_core/hu=10, 1741625994147
Received update: /ndn/mk-site/mk/svs_core/mk=10, 1741625994147
Received update: /ndn/nl-site/nl/svs_core/nl=9, 1741625994147
Received update: /ndn/sk-site/sk/svs_core/sk=10, 1741625994147
Max suppression time updated to: 212
Received update: /ndn/ua-site/ua/svs_core/ua=10, 1741625994365
Max suppression time updated to: 212
Received update: /ndn/az-site/az/svs_core/az=10, 1741625996566
Received update: /ndn/tr-site/tr/svs_core/tr=10, 1741625996566
Sending Sync interest
Max suppression time updated to: 212
Received update: /ndn/by-site/by/svs_core/by=9, 1741625997240
Received update: /ndn/by-site/by/svs_core/by=10, 1741625997240
Received update: /ndn/ch-site/ch/svs_core/ch=10, 1741625997240
Received update: /ndn/gr-site/gr/svs_core/gr=10, 1741625997240
Max suppression time updated to: 212
Received update: /ndn/me-site/me/svs_core/me=10, 1741625997241
Received update: /ndn/no-site/no/svs_core/no=10, 1741625997241
Received update: /ndn/se-site/se/svs_core/se=9, 1741625997241
Max suppression time updated to: 212
Received update: /ndn/fr1-site/fr1/svs_core/fr1=10, 1741625997294
Max suppression time updated to: 208
Received update: /ndn/il-site/il/svs_core/il=10, 1741625997365
Received update: /ndn/uk-site/uk/svs_core/uk=10, 1741625997365
Max suppression time updated to: 204
Received update: /ndn/fr2-site/fr2/svs_core/fr2=10, 1741625997692
Max suppression time updated to: 204
Received update: /ndn/hr-site/hr/svs_core/hr=10, 1741625997866
Max suppression time updated to: 204
Max suppression time updated to: 204
Received update: /ndn/ro-site/ro/svs_core/ro=9, 1741625997999
Max suppression time updated to: 208
Sending Sync interest
Max suppression time updated to: 208
Published sequence number: /ndn/it-site/it/svs_core/it=10, 1741626008715
Sending Sync interest
Max suppression time updated to: 208
Received update: /ndn/md-site/md/svs_core/md=10, 1741626021995
Received update: /ndn/ro-site/ro/svs_core/ro=10, 1741626021995
Sending Sync interest
Max suppression time updated to: 204
Received update: /ndn/cy-site/cy/svs_core/cy=10, 1741626022262
Received update: /ndn/ee-site/ee/svs_core/ee=10, 1741626022262
Received update: /ndn/lu-site/lu/svs_core/lu=10, 1741626022262
Received update: /ndn/nl-site/nl/svs_core/nl=10, 1741626022262
Received update: /ndn/de1-site/de1/svs_core/de1=10, 1741626022262
Received update: /ndn/de2-site/de2/svs_core/de2=10, 1741626022262
Max suppression time updated to: 204
Received update: /ndn/al-site/al/svs_core/al=10, 1741626022400
Max suppression time updated to: 204
Received update: /ndn/bg-site/bg/svs_core/bg=10, 1741626022516
Max suppression time updated to: 204
Received update: /ndn/mt-site/mt/svs_core/mt=10, 1741626022588
Max suppression time updated to: 204
Max suppression time updated to: 204
Received update: /ndn/ge-site/ge/svs_core/ge=10, 1741626023055
Received update: /ndn/pl-site/pl/svs_core/pl=10, 1741626023055
Sending Sync interest
Max suppression time updated to: 208
Received update: /ndn/si-site/si/svs_core/si=10, 1741626023683
Max suppression time updated to: 208
Max suppression time updated to: 208
Max suppression time updated to: 208
Received update: /ndn/es-site/es/svs_core/es=10, 1741626023893
Max suppression time updated to: 204
Max suppression time updated to: 204
Max suppression time updated to: 204
Received update: /ndn/am-site/am/svs_core/am=10, 1741626024364
Received update: /ndn/is-site/is/svs_core/is=10, 1741626024364
Max suppression time updated to: 204
Received update: /ndn/be-site/be/svs_core/be=10, 1741626024436
Max suppression time updated to: 204
Received update: /ndn/rs-site/rs/svs_core/rs=10, 1741626024571
Max suppression time updated to: 204
Received update: /ndn/dk-site/dk/svs_core/dk=10, 1741626024889
Received update: /ndn/ie-site/ie/svs_core/ie=9, 1741626024889
Received update: /ndn/ie-site/ie/svs_core/ie=10, 1741626024889
Received update: /ndn/lt-site/lt/svs_core/lt=9, 1741626024889
Received update: /ndn/lv-site/lv/svs_core/lv=9, 1741626024889
Received update: /ndn/lv-site/lv/svs_core/lv=10, 1741626024889
Max suppression time updated to: 208
Received update: /ndn/ch-site/ch/svs_core/ch=11, 1741626031419
Max suppression time updated to: 208
Received update: /ndn/at-site/at/svs_core/at=11, 1741626039360
Received update: /ndn/cz-site/cz/svs_core/cz=11, 1741626039360
Received update: /ndn/hu-site/hu/svs_core/hu=11, 1741626039360
Received update: /ndn/sk-site/sk/svs_core/sk=11, 1741626039360
Max suppression time updated to: 204
Received update: /ndn/by-site/by/svs_core/by=11, 1741626039384
Max suppression time updated to: 204
Received update: /ndn/uk-site/uk/svs_core/uk=11, 1741626039418
Max suppression time updated to: 204
Received update: /ndn/gr-site/gr/svs_core/gr=11, 1741626041205
Received update: /ndn/no-site/no/svs_core/no=11, 1741626041205
Received update: /ndn/se-site/se/svs_core/se=10, 1741626041205
Received update: /ndn/fr1-site/fr1/svs_core/fr1=11, 1741626041205
Max suppression time updated to: 204
Received update: /ndn/tr-site/tr/svs_core/tr=11, 1741626041390
Max suppression time updated to: 208
Received update: /ndn/mk-site/mk/svs_core/mk=11, 1741626045750
Received update: /ndn/pt-site/pt/svs_core/pt=11, 1741626045750
Received update: /ndn/de1-site/de1/svs_core/de1=11, 1741626045750
Max suppression time updated to: 208
Received update: /ndn/az-site/az/svs_core/az=11, 1741626045910
Max suppression time updated to: 208
Received update: /ndn/md-site/md/svs_core/md=11, 1741626046263
Max suppression time updated to: 208
Received update: /ndn/si-site/si/svs_core/si=11, 1741626047967
Sending Sync interest
Max suppression time updated to: 208
Received update: /ndn/cy-site/cy/svs_core/cy=11, 1741626049580
Published sequence number: /ndn/it-site/it/svs_core/it=11, 1741626053723
Sending Sync interest
Max suppression time updated to: 208
Received update: /ndn/bg-site/bg/svs_core/bg=11, 1741626360495
Received update: /ndn/ge-site/ge/svs_core/ge=11, 1741626360495
Received update: /ndn/ie-site/ie/svs_core/ie=11, 1741626360495
Received update: /ndn/il-site/il/svs_core/il=11, 1741626360495
Received update: /ndn/lt-site/lt/svs_core/lt=10, 1741626360495
Received update: /ndn/lt-site/lt/svs_core/lt=11, 1741626360495
Received update: /ndn/me-site/me/svs_core/me=11, 1741626360495
Received update: /ndn/pl-site/pl/svs_core/pl=11, 1741626360495
Received update: /ndn/ua-site/ua/svs_core/ua=11, 1741626360495
Max suppression time updated to: 208
Received update: /ndn/es-site/es/svs_core/es=11, 1741626360724
Received update: /ndn/fr2-site/fr2/svs_core/fr2=11, 1741626360724
Max suppression time updated to: 208
Received update: /ndn/mt-site/mt/svs_core/mt=11, 1741626361032
Max suppression time updated to: 208
Received update: /ndn/hr-site/hr/svs_core/hr=11, 1741626371845
Received update: /ndn/hr-site/hr/svs_core/hr=12, 1741626371845
Max suppression time updated to: 208
Sending Sync interest
Max suppression time updated to: 208
Received update: /ndn/am-site/am/svs_core/am=11, 1741626372246
Received update: /ndn/pt-site/pt/svs_core/pt=12, 1741626372246
Received update: /ndn/de2-site/de2/svs_core/de2=11, 1741626372246
Max suppression time updated to: 208
Max suppression time updated to: 208
Received update: /ndn/al-site/al/svs_core/al=11, 1741626372342
Max suppression time updated to: 208
Received update: /ndn/ro-site/ro/svs_core/ro=11, 1741626372358
Sending Sync interest
Max suppression time updated to: 212
Sending Sync interest
Max suppression time updated to: 212
Received update: /ndn/be-site/be/svs_core/be=11, 1741626374431
Received update: /ndn/hu-site/hu/svs_core/hu=12, 1741626374431
Received update: /ndn/lu-site/lu/svs_core/lu=11, 1741626374431
Received update: /ndn/nl-site/nl/svs_core/nl=11, 1741626374431
Received update: /ndn/rs-site/rs/svs_core/rs=11, 1741626374431
Max suppression time updated to: 212
Received update: /ndn/ch-site/ch/svs_core/ch=12, 1741626374538
Sending Sync interest
Max suppression time updated to: 212
Max suppression time updated to: 212
Received update: /ndn/dk-site/dk/svs_core/dk=11, 1741626375247
Received update: /ndn/fi-site/fi/svs_core/fi=9, 1741626375247
Received update: /ndn/fi-site/fi/svs_core/fi=10, 1741626375247
Received update: /ndn/fi-site/fi/svs_core/fi=11, 1741626375247
Received update: /ndn/is-site/is/svs_core/is=11, 1741626375247
Received update: /ndn/se-site/se/svs_core/se=11, 1741626375247
Received update: /ndn/fr2-site/fr2/svs_core/fr2=12, 1741626375247
Max suppression time updated to: 216
Sending Sync interest
Max suppression time updated to: 216
Received update: /ndn/cz-site/cz/svs_core/cz=12, 1741626377468
Received update: /ndn/mk-site/mk/svs_core/mk=12, 1741626377468
Max suppression time updated to: 216
Received update: /ndn/uk-site/uk/svs_core/uk=12, 1741626377735
Max suppression time updated to: 220
Published sequence number: /ndn/it-site/it/svs_core/it=12, 1741626396886
Sending Sync interest
Max suppression time updated to: 220
Received update: /ndn/al-site/al/svs_core/al=12, 1741626397445
Sending Sync interest
Max suppression time updated to: 216
Received update: /ndn/at-site/at/svs_core/at=12, 1741626417907
Received update: /ndn/by-site/by/svs_core/by=12, 1741626417907
Received update: /ndn/cy-site/cy/svs_core/cy=12, 1741626417907
Received update: /ndn/ee-site/ee/svs_core/ee=11, 1741626417907
Received update: /ndn/hr-site/hr/svs_core/hr=13, 1741626417907
Received update: /ndn/hu-site/hu/svs_core/hu=13, 1741626417907
Received update: /ndn/il-site/il/svs_core/il=12, 1741626417907
Received update: /ndn/lv-site/lv/svs_core/lv=11, 1741626417907
Received update: /ndn/md-site/md/svs_core/md=12, 1741626417907
Received update: /ndn/pl-site/pl/svs_core/pl=12, 1741626417907
Received update: /ndn/si-site/si/svs_core/si=12, 1741626417907
Received update: /ndn/sk-site/sk/svs_core/sk=12, 1741626417907
Received update: /ndn/de1-site/de1/svs_core/de1=12, 1741626417907
Received update: /ndn/de2-site/de2/svs_core/de2=12, 1741626417907
Sending Sync interest
Max suppression time updated to: 220
Received update: /ndn/ro-site/ro/svs_core/ro=12, 1741626418374
Received update: /ndn/tr-site/tr/svs_core/tr=12, 1741626418374
Max suppression time updated to: 216
Received update: /ndn/be-site/be/svs_core/be=12, 1741626419062
Received update: /ndn/dk-site/dk/svs_core/dk=12, 1741626419062
Received update: /ndn/es-site/es/svs_core/es=12, 1741626419062
Received update: /ndn/gr-site/gr/svs_core/gr=12, 1741626419062
Received update: /ndn/is-site/is/svs_core/is=12, 1741626419062
Received update: /ndn/lu-site/lu/svs_core/lu=12, 1741626419062
Received update: /ndn/nl-site/nl/svs_core/nl=12, 1741626419062
Received update: /ndn/no-site/no/svs_core/no=12, 1741626419062
Received update: /ndn/se-site/se/svs_core/se=12, 1741626419062
Max suppression time updated to: 216
Received update: /ndn/am-site/am/svs_core/am=12, 1741626419268
Received update: /ndn/bg-site/bg/svs_core/bg=12, 1741626419268
Received update: /ndn/ge-site/ge/svs_core/ge=12, 1741626419268
Max suppression time updated to: 216
Received update: /ndn/fr2-site/fr2/svs_core/fr2=13, 1741626419332
Max suppression time updated to: 220
Max suppression time updated to: 224
Received update: /ndn/ch-site/ch/svs_core/ch=13, 1741626419950
Sending Sync interest
Max suppression time updated to: 224
Received update: /ndn/at-site/at/svs_core/at=13, 1741626427760
Received update: /ndn/cz-site/cz/svs_core/cz=13, 1741626427760
Received update: /ndn/sk-site/sk/svs_core/sk=13, 1741626427760
Received update: /ndn/tr-site/tr/svs_core/tr=13, 1741626427760
Max suppression time updated to: 224
Received update: /ndn/gr-site/gr/svs_core/gr=13, 1741626429364
Max suppression time updated to: 224
Max suppression time updated to: 224
Received update: /ndn/az-site/az/svs_core/az=12, 1741626429732
Received update: /ndn/az-site/az/svs_core/az=13, 1741626429732
Sending Sync interest
Max suppression time updated to: 220
Received update: /ndn/fr1-site/fr1/svs_core/fr1=12, 1741626430016
Sending Sync interest
Max suppression time updated to: 220
Received update: /ndn/cy-site/cy/svs_core/cy=13, 1741626434516
Received update: /ndn/ee-site/ee/svs_core/ee=12, 1741626434516
Received update: /ndn/fi-site/fi/svs_core/fi=12, 1741626434516
Received update: /ndn/fi-site/fi/svs_core/fi=13, 1741626434516
Received update: /ndn/ie-site/ie/svs_core/ie=12, 1741626434516
Received update: /ndn/mk-site/mk/svs_core/mk=13, 1741626434516
Received update: /ndn/no-site/no/svs_core/no=13, 1741626434516
Received update: /ndn/pt-site/pt/svs_core/pt=13, 1741626434516
Received update: /ndn/uk-site/uk/svs_core/uk=13, 1741626434516
Received update: /ndn/fr1-site/fr1/svs_core/fr1=13, 1741626434516
Max suppression time updated to: 224
Max suppression time updated to: 224
Published sequence number: /ndn/it-site/it/svs_core/it=13, 1741626441892
Sending Sync interest
Max suppression time updated to: 224
Received update: /ndn/al-site/al/svs_core/al=13, 1741626442456
Sending Sync interest
Max suppression time updated to: 224
Received update: /ndn/lt-site/lt/svs_core/lt=12, 1741626444496
Received update: /ndn/lt-site/lt/svs_core/lt=13, 1741626444496
Sending Sync interest
Max suppression time updated to: 224
Received update: /ndn/mt-site/mt/svs_core/mt=12, 1741626445048
Received update: /ndn/mt-site/mt/svs_core/mt=13, 1741626445048
Max suppression time updated to: 224
Received update: /ndn/pl-site/pl/svs_core/pl=13, 1741626447631
Received update: /ndn/de2-site/de2/svs_core/de2=13, 1741626447631
Max suppression time updated to: 224
Received update: /ndn/ro-site/ro/svs_core/ro=13, 1741626454918
Max suppression time updated to: 224
Received update: /ndn/ie-site/ie/svs_core/ie=13, 1741626455090
Received update: /ndn/il-site/il/svs_core/il=13, 1741626455090
Received update: /ndn/lu-site/lu/svs_core/lu=13, 1741626455090
Max suppression time updated to: 224
Received update: /ndn/dk-site/dk/svs_core/dk=13, 1741626455397
Received update: /ndn/de1-site/de1/svs_core/de1=13, 1741626455397
Max suppression time updated to: 220
Received update: /ndn/be-site/be/svs_core/be=13, 1741626456099
Received update: /ndn/ge-site/ge/svs_core/ge=13, 1741626456099
Received update: /ndn/nl-site/nl/svs_core/nl=13, 1741626456099
Received update: /ndn/rs-site/rs/svs_core/rs=12, 1741626456099
Received update: /ndn/rs-site/rs/svs_core/rs=13, 1741626456099
Received update: /ndn/si-site/si/svs_core/si=13, 1741626456099
Max suppression time updated to: 220
Received update: /ndn/bg-site/bg/svs_core/bg=13, 1741626457974
Received update: /ndn/es-site/es/svs_core/es=13, 1741626457974
Received update: /ndn/is-site/is/svs_core/is=13, 1741626457974
Max suppression time updated to: 220
Received update: /ndn/ee-site/ee/svs_core/ee=13, 1741626462081
Received update: /ndn/hr-site/hr/svs_core/hr=14, 1741626462081
Max suppression time updated to: 220
Received update: /ndn/ua-site/ua/svs_core/ua=12, 1741626462345
Received update: /ndn/ua-site/ua/svs_core/ua=13, 1741626462345
Max suppression time updated to: 216
Received update: /ndn/fr2-site/fr2/svs_core/fr2=14, 1741626463443
Sending Sync interest
Max suppression time updated to: 220
Received update: /ndn/hu-site/hu/svs_core/hu=14, 1741626463908
Received update: /ndn/pt-site/pt/svs_core/pt=14, 1741626463908
Sending Sync interest
Max suppression time updated to: 220
Received update: /ndn/am-site/am/svs_core/am=13, 1741626468950
Received update: /ndn/mk-site/mk/svs_core/mk=14, 1741626468950
Received update: /ndn/sk-site/sk/svs_core/sk=14, 1741626468950
Max suppression time updated to: 220
Received update: /ndn/ch-site/ch/svs_core/ch=14, 1741626469217
Received update: /ndn/uk-site/uk/svs_core/uk=14, 1741626469217
Max suppression time updated to: 220
Max suppression time updated to: 220
Received update: /ndn/at-site/at/svs_core/at=14, 1741626472294
Received update: /ndn/cz-site/cz/svs_core/cz=14, 1741626472294
Received update: /ndn/ua-site/ua/svs_core/ua=14, 1741626472294
Max suppression time updated to: 220
Received update: /ndn/az-site/az/svs_core/az=14, 1741626474744
Received update: /ndn/gr-site/gr/svs_core/gr=14, 1741626474744
Max suppression time updated to: 224
Max suppression time updated to: 224
Received update: /ndn/il-site/il/svs_core/il=14, 1741626475519
Received update: /ndn/fr1-site/fr1/svs_core/fr1=14, 1741626475519
Max suppression time updated to: 224
Received update: /ndn/si-site/si/svs_core/si=14, 1741626481143
Max suppression time updated to: 224
Received update: /ndn/tr-site/tr/svs_core/tr=14, 1741626481348
Sending Sync interest
Max suppression time updated to: 224
Received update: /ndn/am-site/am/svs_core/am=14, 1741626486710
Received update: /ndn/be-site/be/svs_core/be=14, 1741626486710
Received update: /ndn/dk-site/dk/svs_core/dk=14, 1741626486710
Received update: /ndn/is-site/is/svs_core/is=14, 1741626486710
Received update: /ndn/me-site/me/svs_core/me=12, 1741626486710
Received update: /ndn/me-site/me/svs_core/me=13, 1741626486710
Received update: /ndn/me-site/me/svs_core/me=14, 1741626486710
Received update: /ndn/se-site/se/svs_core/se=13, 1741626486710
Received update: /ndn/de1-site/de1/svs_core/de1=14, 1741626486710
Published sequence number: /ndn/it-site/it/svs_core/it=14, 1741626486894
Sending Sync interest
Max suppression time updated to: 224
Received update: /ndn/lv-site/lv/svs_core/lv=12, 1741626486935
Received update: /ndn/lv-site/lv/svs_core/lv=13, 1741626486935
Received update: /ndn/pl-site/pl/svs_core/pl=14, 1741626486935
Max suppression time updated to: 224
Received update: /ndn/al-site/al/svs_core/al=14, 1741626487453
Sending Sync interest
Max suppression time updated to: 224
Sending Sync interest
Max suppression time updated to: 224
Received update: /ndn/bg-site/bg/svs_core/bg=14, 1741626492626
Received update: /ndn/cy-site/cy/svs_core/cy=14, 1741626492626
Received update: /ndn/no-site/no/svs_core/no=14, 1741626492626
Received update: /ndn/de2-site/de2/svs_core/de2=14, 1741626492626
Max suppression time updated to: 224
Received update: /ndn/es-site/es/svs_core/es=14, 1741626492962
Max suppression time updated to: 224
Received update: /ndn/mt-site/mt/svs_core/mt=14, 1741626493281
Max suppression time updated to: 224
Received update: /ndn/nl-site/nl/svs_core/nl=14, 1741626498358
Max suppression time updated to: 224
Sending Sync interest
Max suppression time updated to: 224
Received update: /ndn/ee-site/ee/svs_core/ee=14, 1741626508437
Received update: /ndn/ge-site/ge/svs_core/ge=14, 1741626508437
Received update: /ndn/lu-site/lu/svs_core/lu=14, 1741626508437
Received update: /ndn/fr2-site/fr2/svs_core/fr2=15, 1741626508437
Max suppression time updated to: 220
Received update: /ndn/ch-site/ch/svs_core/ch=15, 1741626516225
Received update: /ndn/pt-site/pt/svs_core/pt=15, 1741626516225
Received update: /ndn/fr1-site/fr1/svs_core/fr1=15, 1741626516225
Max suppression time updated to: 220
Received update: /ndn/hr-site/hr/svs_core/hr=15, 1741626516476
Received update: /ndn/sk-site/sk/svs_core/sk=15, 1741626516476
Max suppression time updated to: 216
Received update: /ndn/hu-site/hu/svs_core/hu=15, 1741626516733
Max suppression time updated to: 216
Received update: /ndn/az-site/az/svs_core/az=15, 1741626520253
Received update: /ndn/il-site/il/svs_core/il=15, 1741626520253
Received update: /ndn/no-site/no/svs_core/no=15, 1741626520253
Received update: /ndn/uk-site/uk/svs_core/uk=15, 1741626520253
Max suppression time updated to: 216
Received update: /ndn/cz-site/cz/svs_core/cz=15, 1741626520488
Published sequence number: /ndn/it-site/it/svs_core/it=15, 1741626531882
Sending Sync interest
Max suppression time updated to: 216
Received update: /ndn/at-site/at/svs_core/at=15, 1741626540590
Received update: /ndn/be-site/be/svs_core/be=15, 1741626540590
Received update: /ndn/by-site/by/svs_core/by=13, 1741626540590
Received update: /ndn/by-site/by/svs_core/by=14, 1741626540590
Received update: /ndn/by-site/by/svs_core/by=15, 1741626540590
Received update: /ndn/lu-site/lu/svs_core/lu=15, 1741626540590
Received update: /ndn/lv-site/lv/svs_core/lv=14, 1741626540590
Received update: /ndn/me-site/me/svs_core/me=15, 1741626540590
Received update: /ndn/mk-site/mk/svs_core/mk=15, 1741626540590
Received update: /ndn/pl-site/pl/svs_core/pl=15, 1741626540590
Received update: /ndn/ro-site/ro/svs_core/ro=14, 1741626540590
Received update: /ndn/si-site/si/svs_core/si=15, 1741626540590
Received update: /ndn/ua-site/ua/svs_core/ua=15, 1741626540590
Received update: /ndn/de1-site/de1/svs_core/de1=15, 1741626540590
Max suppression time updated to: 216
Received update: /ndn/dk-site/dk/svs_core/dk=15, 1741626543378
Received update: /ndn/is-site/is/svs_core/is=15, 1741626543378
Received update: /ndn/nl-site/nl/svs_core/nl=15, 1741626543378
Received update: /ndn/se-site/se/svs_core/se=14, 1741626543378
Received update: /ndn/se-site/se/svs_core/se=15, 1741626543378
Received update: /ndn/tr-site/tr/svs_core/tr=15, 1741626543378
Received update: /ndn/de2-site/de2/svs_core/de2=15, 1741626543378
Max suppression time updated to: 216
Received update: /ndn/am-site/am/svs_core/am=15, 1741626543572
Received update: /ndn/lt-site/lt/svs_core/lt=14, 1741626543572
Received update: /ndn/lt-site/lt/svs_core/lt=15, 1741626543572
Max suppression time updated to: 216
Received update: /ndn/es-site/es/svs_core/es=15, 1741626553435
Received update: /ndn/fr2-site/fr2/svs_core/fr2=16, 1741626553435
Max suppression time updated to: 216
Received update: /ndn/bg-site/bg/svs_core/bg=15, 1741626555053
Received update: /ndn/gr-site/gr/svs_core/gr=15, 1741626555053
Received update: /ndn/hu-site/hu/svs_core/hu=16, 1741626555053
Received update: /ndn/me-site/me/svs_core/me=16, 1741626555053
Received update: /ndn/mk-site/mk/svs_core/mk=16, 1741626555053
Received update: /ndn/ro-site/ro/svs_core/ro=15, 1741626555053
Sending Sync interest
Max suppression time updated to: 216
Max suppression time updated to: 216
Received update: /ndn/ch-site/ch/svs_core/ch=16, 1741626555572
Received update: /ndn/ge-site/ge/svs_core/ge=15, 1741626555572
Max suppression time updated to: 216
Received update: /ndn/hr-site/hr/svs_core/hr=16, 1741626557826
Max suppression time updated to: 216
Received update: /ndn/al-site/al/svs_core/al=15, 1741626558100
Max suppression time updated to: 216
Received update: /ndn/cz-site/cz/svs_core/cz=16, 1741626558328
Max suppression time updated to: 216
Received update: /ndn/mt-site/mt/svs_core/mt=15, 1741626563083
Received update: /ndn/mt-site/mt/svs_core/mt=16, 1741626563083
Published sequence number: /ndn/it-site/it/svs_core/it=16, 1741626576879
Sending Sync interest
Max suppression time updated to: 216
Received update: /ndn/at-site/at/svs_core/at=16, 1741626577550
Received update: /ndn/be-site/be/svs_core/be=16, 1741626577550
Received update: /ndn/cy-site/cy/svs_core/cy=15, 1741626577550
Received update: /ndn/cy-site/cy/svs_core/cy=16, 1741626577550
Received update: /ndn/dk-site/dk/svs_core/dk=16, 1741626577550
Received update: /ndn/ee-site/ee/svs_core/ee=15, 1741626577550
Received update: /ndn/ee-site/ee/svs_core/ee=16, 1741626577550
Received update: /ndn/ie-site/ie/svs_core/ie=14, 1741626577550
Received update: /ndn/ie-site/ie/svs_core/ie=15, 1741626577550
Received update: /ndn/is-site/is/svs_core/is=16, 1741626577550
Received update: /ndn/lv-site/lv/svs_core/lv=15, 1741626577550
Received update: /ndn/no-site/no/svs_core/no=16, 1741626577550
Received update: /ndn/pt-site/pt/svs_core/pt=16, 1741626577550
Received update: /ndn/si-site/si/svs_core/si=16, 1741626577550
Received update: /ndn/sk-site/sk/svs_core/sk=16, 1741626577550
Received update: /ndn/tr-site/tr/svs_core/tr=16, 1741626577550
Received update: /ndn/uk-site/uk/svs_core/uk=16, 1741626577550
Received update: /ndn/de1-site/de1/svs_core/de1=16, 1741626577550
Received update: /ndn/fr1-site/fr1/svs_core/fr1=16, 1741626577550
Max suppression time updated to: 216
Max suppression time updated to: 216
Received update: /ndn/gr-site/gr/svs_core/gr=16, 1741626577719
Max suppression time updated to: 216
Received update: /ndn/ua-site/ua/svs_core/ua=16, 1741626578131
Sending Sync interest
Stopping SVS client: /ndn/it-site/it/svs_core/it
