SVS client starting: /ndn/ro-site/ro/svs_core/ro
Max suppression time updated to: 140
Max suppression time updated to: 132
Max suppression time updated to: 148
Max suppression time updated to: 152
Max suppression time updated to: 192
Max suppression time updated to: 196
Max suppression time updated to: 192
Max suppression time updated to: 172
Max suppression time updated to: 180
Max suppression time updated to: 192
Max suppression time updated to: 192
Sending Sync interest
Max suppression time updated to: 212
Max suppression time updated to: 200
Max suppression time updated to: 196
Max suppression time updated to: 200
Max suppression time updated to: 208
Max suppression time updated to: 240
Max suppression time updated to: 272
Max suppression time updated to: 268
Received update: /ndn/mk-site/mk/svs_core/mk=1, 1741624680044
Max suppression time updated to: 292
Max suppression time updated to: 284
Max suppression time updated to: 288
Max suppression time updated to: 276
Received update: /ndn/hr-site/hr/svs_core/hr=1, 1741624984700
Received update: /ndn/hu-site/hu/svs_core/hu=1, 1741624984700
Received update: /ndn/fr2-site/fr2/svs_core/fr2=1, 1741624984700
Max suppression time updated to: 272
Max suppression time updated to: 268
Received update: /ndn/ch-site/ch/svs_core/ch=1, 1741624985522
Max suppression time updated to: 288
Received update: /ndn/cz-site/cz/svs_core/cz=1, 1741624987202
Max suppression time updated to: 308
Received update: /ndn/me-site/me/svs_core/me=1, 1741624987203
Max suppression time updated to: 328
Max suppression time updated to: 344
Max suppression time updated to: 340
Received update: /ndn/pt-site/pt/svs_core/pt=1, 1741624987205
Max suppression time updated to: 336
Received update: /ndn/uk-site/uk/svs_core/uk=1, 1741624988665
Max suppression time updated to: 332
Max suppression time updated to: 328
Received update: /ndn/by-site/by/svs_core/by=1, 1741624989517
Max suppression time updated to: 328
Max suppression time updated to: 320
Received update: /ndn/sk-site/sk/svs_core/sk=1, 1741624989896
Max suppression time updated to: 316
Received update: /ndn/no-site/no/svs_core/no=1, 1741624992745
Received update: /ndn/fr1-site/fr1/svs_core/fr1=1, 1741624992745
Max suppression time updated to: 316
Received update: /ndn/fi-site/fi/svs_core/fi=1, 1741624992803
Max suppression time updated to: 312
Max suppression time updated to: 308
Received update: /ndn/at-site/at/svs_core/at=1, 1741624993846
Max suppression time updated to: 300
Received update: /ndn/mt-site/mt/svs_core/mt=1, 1741624994354
Received update: /ndn/tr-site/tr/svs_core/tr=1, 1741624994354
Received update: /ndn/ua-site/ua/svs_core/ua=1, 1741624994354
Max suppression time updated to: 312
Max suppression time updated to: 324
Max suppression time updated to: 336
Max suppression time updated to: 344
Max suppression time updated to: 356
Sending Sync interest
Max suppression time updated to: 348
Received update: /ndn/md-site/md/svs_core/md=1, 1741624995488
Max suppression time updated to: 348
Received update: /ndn/az-site/az/svs_core/az=1, 1741624995728
Max suppression time updated to: 344
Received update: /ndn/gr-site/gr/svs_core/gr=1, 1741624995926
Max suppression time updated to: 348
Received update: /ndn/dk-site/dk/svs_core/dk=1, 1741624998809
Received update: /ndn/de1-site/de1/svs_core/de1=1, 1741624998809
Max suppression time updated to: 348
Received update: /ndn/cy-site/cy/svs_core/cy=1, 1741624999451
Max suppression time updated to: 344
Received update: /ndn/be-site/be/svs_core/be=1, 1741625005112
Received update: /ndn/pl-site/pl/svs_core/pl=1, 1741625005112
Received update: /ndn/si-site/si/svs_core/si=1, 1741625005112
Max suppression time updated to: 344
Received update: /ndn/il-site/il/svs_core/il=1, 1741625005323
Max suppression time updated to: 340
Received update: /ndn/ee-site/ee/svs_core/ee=1, 1741625006841
Max suppression time updated to: 340
Max suppression time updated to: 340
Max suppression time updated to: 340
Received update: /ndn/am-site/am/svs_core/am=1, 1741625013705
Received update: /ndn/bg-site/bg/svs_core/bg=1, 1741625013705
Received update: /ndn/es-site/es/svs_core/es=1, 1741625013705
Received update: /ndn/it-site/it/svs_core/it=1, 1741625013705
Received update: /ndn/lt-site/lt/svs_core/lt=1, 1741625013705
Published sequence number: /ndn/ro-site/ro/svs_core/ro=1, 1741625020809
Sending Sync interest
Max suppression time updated to: 340
Received update: /ndn/al-site/al/svs_core/al=1, 1741625023237
Received update: /ndn/ge-site/ge/svs_core/ge=1, 1741625023237
Received update: /ndn/is-site/is/svs_core/is=1, 1741625023237
Received update: /ndn/nl-site/nl/svs_core/nl=1, 1741625023237
Received update: /ndn/se-site/se/svs_core/se=1, 1741625023237
Received update: /ndn/de2-site/de2/svs_core/de2=1, 1741625023237
Max suppression time updated to: 332
Received update: /ndn/lu-site/lu/svs_core/lu=1, 1741625024807
Max suppression time updated to: 328
Received update: /ndn/ch-site/ch/svs_core/ch=2, 1741625033968
Received update: /ndn/cz-site/cz/svs_core/cz=2, 1741625033968
Received update: /ndn/hu-site/hu/svs_core/hu=2, 1741625033968
Received update: /ndn/ie-site/ie/svs_core/ie=1, 1741625033968
Received update: /ndn/uk-site/uk/svs_core/uk=2, 1741625033968
Received update: /ndn/fr2-site/fr2/svs_core/fr2=2, 1741625033968
Max suppression time updated to: 328
Received update: /ndn/hr-site/hr/svs_core/hr=2, 1741625036038
Sending Sync interest
Max suppression time updated to: 324
Received update: /ndn/by-site/by/svs_core/by=2, 1741625036368
Received update: /ndn/rs-site/rs/svs_core/rs=1, 1741625036368
Max suppression time updated to: 320
Max suppression time updated to: 316
Received update: /ndn/sk-site/sk/svs_core/sk=2, 1741625036566
Max suppression time updated to: 312
Received update: /ndn/at-site/at/svs_core/at=2, 1741625038268
Received update: /ndn/me-site/me/svs_core/me=2, 1741625038268
Received update: /ndn/mk-site/mk/svs_core/mk=2, 1741625038268
Max suppression time updated to: 308
Received update: /ndn/md-site/md/svs_core/md=2, 1741625038381
Sending Sync interest
Max suppression time updated to: 308
Received update: /ndn/az-site/az/svs_core/az=2, 1741625040972
Max suppression time updated to: 316
Received update: /ndn/il-site/il/svs_core/il=2, 1741625042508
Received update: /ndn/no-site/no/svs_core/no=2, 1741625042508
Received update: /ndn/tr-site/tr/svs_core/tr=2, 1741625042508
Max suppression time updated to: 320
Received update: /ndn/am-site/am/svs_core/am=2, 1741625054134
Received update: /ndn/dk-site/dk/svs_core/dk=2, 1741625054134
Received update: /ndn/lv-site/lv/svs_core/lv=1, 1741625054134
Received update: /ndn/si-site/si/svs_core/si=2, 1741625054134
Received update: /ndn/ua-site/ua/svs_core/ua=2, 1741625054134
Received update: /ndn/de1-site/de1/svs_core/de1=2, 1741625054134
Max suppression time updated to: 320
Received update: /ndn/cy-site/cy/svs_core/cy=2, 1741625054343
Max suppression time updated to: 316
Received update: /ndn/al-site/al/svs_core/al=2, 1741625055745
Received update: /ndn/bg-site/bg/svs_core/bg=2, 1741625055745
Received update: /ndn/gr-site/gr/svs_core/gr=2, 1741625055745
Received update: /ndn/it-site/it/svs_core/it=2, 1741625055745
Received update: /ndn/pt-site/pt/svs_core/pt=2, 1741625055745
Received update: /ndn/fr1-site/fr1/svs_core/fr1=2, 1741625055745
Published sequence number: /ndn/ro-site/ro/svs_core/ro=2, 1741625065817
Sending Sync interest
Max suppression time updated to: 316
Received update: /ndn/cz-site/cz/svs_core/cz=3, 1741625075909
Received update: /ndn/ge-site/ge/svs_core/ge=2, 1741625075909
Received update: /ndn/hu-site/hu/svs_core/hu=3, 1741625075909
Received update: /ndn/de2-site/de2/svs_core/de2=2, 1741625075909
Max suppression time updated to: 312
Received update: /ndn/ch-site/ch/svs_core/ch=3, 1741625076194
Sending Sync interest
Max suppression time updated to: 312
Received update: /ndn/nl-site/nl/svs_core/nl=2, 1741625076451
Sending Sync interest
Max suppression time updated to: 308
Received update: /ndn/mk-site/mk/svs_core/mk=3, 1741625076584
Received update: /ndn/pl-site/pl/svs_core/pl=2, 1741625076584
Received update: /ndn/rs-site/rs/svs_core/rs=2, 1741625076584
Received update: /ndn/fr2-site/fr2/svs_core/fr2=3, 1741625076584
Sending Sync interest
Max suppression time updated to: 308
Received update: /ndn/be-site/be/svs_core/be=2, 1741625080231
Received update: /ndn/sk-site/sk/svs_core/sk=3, 1741625080231
Sending Sync interest
Max suppression time updated to: 304
Received update: /ndn/by-site/by/svs_core/by=3, 1741625081128
Received update: /ndn/es-site/es/svs_core/es=2, 1741625081128
Received update: /ndn/hr-site/hr/svs_core/hr=3, 1741625081128
Received update: /ndn/is-site/is/svs_core/is=2, 1741625081128
Received update: /ndn/me-site/me/svs_core/me=3, 1741625081128
Received update: /ndn/pt-site/pt/svs_core/pt=3, 1741625081128
Received update: /ndn/uk-site/uk/svs_core/uk=3, 1741625081128
Max suppression time updated to: 304
Received update: /ndn/at-site/at/svs_core/at=3, 1741625083461
Max suppression time updated to: 300
Received update: /ndn/dk-site/dk/svs_core/dk=3, 1741625088019
Received update: /ndn/gr-site/gr/svs_core/gr=3, 1741625088019
Received update: /ndn/tr-site/tr/svs_core/tr=3, 1741625088019
Max suppression time updated to: 300
Received update: /ndn/be-site/be/svs_core/be=3, 1741625091941
Received update: /ndn/cy-site/cy/svs_core/cy=3, 1741625091941
Received update: /ndn/ie-site/ie/svs_core/ie=2, 1741625091941
Received update: /ndn/no-site/no/svs_core/no=3, 1741625091941
Received update: /ndn/se-site/se/svs_core/se=2, 1741625091941
Published sequence number: /ndn/ro-site/ro/svs_core/ro=3, 1741625110827
Sending Sync interest
Max suppression time updated to: 296
Received update: /ndn/az-site/az/svs_core/az=3, 1741625114406
Received update: /ndn/bg-site/bg/svs_core/bg=3, 1741625114406
Received update: /ndn/ee-site/ee/svs_core/ee=2, 1741625114406
Received update: /ndn/ge-site/ge/svs_core/ge=3, 1741625114406
Received update: /ndn/il-site/il/svs_core/il=3, 1741625114406
Received update: /ndn/is-site/is/svs_core/is=3, 1741625114406
Received update: /ndn/it-site/it/svs_core/it=3, 1741625114406
Received update: /ndn/lt-site/lt/svs_core/lt=2, 1741625114406
Received update: /ndn/lt-site/lt/svs_core/lt=3, 1741625114406
Received update: /ndn/lu-site/lu/svs_core/lu=2, 1741625114406
Received update: /ndn/lu-site/lu/svs_core/lu=3, 1741625114406
Received update: /ndn/lv-site/lv/svs_core/lv=2, 1741625114406
Received update: /ndn/nl-site/nl/svs_core/nl=3, 1741625114406
Received update: /ndn/pl-site/pl/svs_core/pl=3, 1741625114406
Received update: /ndn/se-site/se/svs_core/se=3, 1741625114406
Received update: /ndn/si-site/si/svs_core/si=3, 1741625114406
Received update: /ndn/de1-site/de1/svs_core/de1=3, 1741625114406
Received update: /ndn/de2-site/de2/svs_core/de2=3, 1741625114406
Sending Sync interest
Max suppression time updated to: 296
Received update: /ndn/ee-site/ee/svs_core/ee=3, 1741625114749
Received update: /ndn/mk-site/mk/svs_core/mk=4, 1741625114749
Received update: /ndn/mt-site/mt/svs_core/mt=2, 1741625114749
Received update: /ndn/mt-site/mt/svs_core/mt=3, 1741625114749
Received update: /ndn/ua-site/ua/svs_core/ua=3, 1741625114749
Sending Sync interest
Max suppression time updated to: 296
Received update: /ndn/hu-site/hu/svs_core/hu=4, 1741625118642
Max suppression time updated to: 296
Received update: /ndn/al-site/al/svs_core/al=3, 1741625119974
Received update: /ndn/am-site/am/svs_core/am=3, 1741625119974
Received update: /ndn/fi-site/fi/svs_core/fi=2, 1741625119974
Received update: /ndn/fi-site/fi/svs_core/fi=3, 1741625119974
Received update: /ndn/hr-site/hr/svs_core/hr=4, 1741625119974
Max suppression time updated to: 300
Sending Sync interest
Max suppression time updated to: 300
Received update: /ndn/by-site/by/svs_core/by=4, 1741625128475
Received update: /ndn/ch-site/ch/svs_core/ch=4, 1741625128475
Received update: /ndn/cz-site/cz/svs_core/cz=4, 1741625128475
Received update: /ndn/es-site/es/svs_core/es=3, 1741625128475
Received update: /ndn/me-site/me/svs_core/me=4, 1741625128475
Received update: /ndn/pt-site/pt/svs_core/pt=4, 1741625128475
Received update: /ndn/rs-site/rs/svs_core/rs=3, 1741625128475
Received update: /ndn/sk-site/sk/svs_core/sk=4, 1741625128475
Received update: /ndn/tr-site/tr/svs_core/tr=4, 1741625128475
Received update: /ndn/fr1-site/fr1/svs_core/fr1=3, 1741625128475
Received update: /ndn/fr1-site/fr1/svs_core/fr1=4, 1741625128475
Received update: /ndn/fr2-site/fr2/svs_core/fr2=4, 1741625128475
Max suppression time updated to: 300
Received update: /ndn/no-site/no/svs_core/no=4, 1741625128806
Max suppression time updated to: 300
Received update: /ndn/at-site/at/svs_core/at=4, 1741625130047
Received update: /ndn/fi-site/fi/svs_core/fi=4, 1741625130047
Received update: /ndn/ua-site/ua/svs_core/ua=4, 1741625130047
Max suppression time updated to: 296
Received update: /ndn/uk-site/uk/svs_core/uk=4, 1741625130269
Max suppression time updated to: 296
Received update: /ndn/ee-site/ee/svs_core/ee=4, 1741625142238
Received update: /ndn/lv-site/lv/svs_core/lv=3, 1741625142238
Max suppression time updated to: 296
Max suppression time updated to: 292
Received update: /ndn/az-site/az/svs_core/az=4, 1741625150617
Received update: /ndn/bg-site/bg/svs_core/bg=4, 1741625150617
Received update: /ndn/cy-site/cy/svs_core/cy=4, 1741625150617
Received update: /ndn/gr-site/gr/svs_core/gr=4, 1741625150617
Received update: /ndn/ie-site/ie/svs_core/ie=3, 1741625150617
Received update: /ndn/il-site/il/svs_core/il=4, 1741625150617
Received update: /ndn/it-site/it/svs_core/it=4, 1741625150617
Received update: /ndn/pl-site/pl/svs_core/pl=4, 1741625150617
Received update: /ndn/si-site/si/svs_core/si=4, 1741625150617
Received update: /ndn/de1-site/de1/svs_core/de1=4, 1741625150617
Received update: /ndn/de2-site/de2/svs_core/de2=4, 1741625150617
Max suppression time updated to: 292
Received update: /ndn/be-site/be/svs_core/be=4, 1741625155323
Received update: /ndn/dk-site/dk/svs_core/dk=4, 1741625155323
Received update: /ndn/ge-site/ge/svs_core/ge=4, 1741625155323
Received update: /ndn/ie-site/ie/svs_core/ie=4, 1741625155323
Received update: /ndn/is-site/is/svs_core/is=4, 1741625155323
Received update: /ndn/lu-site/lu/svs_core/lu=4, 1741625155323
Received update: /ndn/nl-site/nl/svs_core/nl=4, 1741625155323
Published sequence number: /ndn/ro-site/ro/svs_core/ro=4, 1741625155831
Sending Sync interest
Max suppression time updated to: 288
Received update: /ndn/pt-site/pt/svs_core/pt=5, 1741625466693
Received update: /ndn/uk-site/uk/svs_core/uk=5, 1741625466693
Max suppression time updated to: 288
Received update: /ndn/cz-site/cz/svs_core/cz=5, 1741625466811
Sending Sync interest
Max suppression time updated to: 284
Received update: /ndn/es-site/es/svs_core/es=4, 1741625466994
Received update: /ndn/hu-site/hu/svs_core/hu=5, 1741625466994
Received update: /ndn/me-site/me/svs_core/me=5, 1741625466994
Received update: /ndn/mt-site/mt/svs_core/mt=4, 1741625466994
Sending Sync interest
Max suppression time updated to: 292
Sending Sync interest
Max suppression time updated to: 292
Received update: /ndn/ch-site/ch/svs_core/ch=5, 1741625469027
Received update: /ndn/hr-site/hr/svs_core/hr=5, 1741625469027
Received update: /ndn/lt-site/lt/svs_core/lt=4, 1741625469027
Received update: /ndn/lv-site/lv/svs_core/lv=4, 1741625469027
Received update: /ndn/fr2-site/fr2/svs_core/fr2=5, 1741625469027
Max suppression time updated to: 288
Received update: /ndn/mk-site/mk/svs_core/mk=5, 1741625469127
Max suppression time updated to: 288
Max suppression time updated to: 288
Received update: /ndn/at-site/at/svs_core/at=5, 1741625476782
Received update: /ndn/az-site/az/svs_core/az=5, 1741625476782
Received update: /ndn/no-site/no/svs_core/no=5, 1741625476782
Received update: /ndn/se-site/se/svs_core/se=4, 1741625476782
Received update: /ndn/tr-site/tr/svs_core/tr=5, 1741625476782
Received update: /ndn/de1-site/de1/svs_core/de1=5, 1741625476782
Max suppression time updated to: 292
Received update: /ndn/by-site/by/svs_core/by=5, 1741625485248
Received update: /ndn/ee-site/ee/svs_core/ee=5, 1741625485248
Received update: /ndn/pl-site/pl/svs_core/pl=5, 1741625485248
Received update: /ndn/si-site/si/svs_core/si=5, 1741625485248
Max suppression time updated to: 292
Received update: /ndn/it-site/it/svs_core/it=5, 1741625486090
Received update: /ndn/mt-site/mt/svs_core/mt=5, 1741625486090
Sending Sync interest
Max suppression time updated to: 292
Received update: /ndn/cy-site/cy/svs_core/cy=5, 1741625487414
Received update: /ndn/se-site/se/svs_core/se=5, 1741625487414
Received update: /ndn/sk-site/sk/svs_core/sk=5, 1741625487414
Max suppression time updated to: 288
Received update: /ndn/am-site/am/svs_core/am=4, 1741625488757
Received update: /ndn/am-site/am/svs_core/am=5, 1741625488757
Received update: /ndn/be-site/be/svs_core/be=5, 1741625488757
Received update: /ndn/dk-site/dk/svs_core/dk=5, 1741625488757
Received update: /ndn/il-site/il/svs_core/il=5, 1741625488757
Received update: /ndn/is-site/is/svs_core/is=5, 1741625488757
Max suppression time updated to: 288
Received update: /ndn/rs-site/rs/svs_core/rs=4, 1741625488974
Received update: /ndn/fr1-site/fr1/svs_core/fr1=5, 1741625488974
Published sequence number: /ndn/ro-site/ro/svs_core/ro=5, 1741625498845
Sending Sync interest
Max suppression time updated to: 292
Received update: /ndn/ch-site/ch/svs_core/ch=6, 1741625508697
Max suppression time updated to: 292
Received update: /ndn/ge-site/ge/svs_core/ge=5, 1741625508713
Received update: /ndn/de2-site/de2/svs_core/de2=5, 1741625508713
Max suppression time updated to: 292
Received update: /ndn/lv-site/lv/svs_core/lv=5, 1741625508797
Max suppression time updated to: 292
Received update: /ndn/cz-site/cz/svs_core/cz=6, 1741625508928
Received update: /ndn/hu-site/hu/svs_core/hu=6, 1741625508928
Sending Sync interest
Max suppression time updated to: 292
Received update: /ndn/bg-site/bg/svs_core/bg=5, 1741625512550
Received update: /ndn/gr-site/gr/svs_core/gr=5, 1741625512550
Received update: /ndn/rs-site/rs/svs_core/rs=5, 1741625512550
Received update: /ndn/uk-site/uk/svs_core/uk=6, 1741625512550
Max suppression time updated to: 292
Received update: /ndn/hr-site/hr/svs_core/hr=6, 1741625512735
Max suppression time updated to: 292
Received update: /ndn/sk-site/sk/svs_core/sk=6, 1741625512951
Max suppression time updated to: 288
Received update: /ndn/ua-site/ua/svs_core/ua=5, 1741625513171
Max suppression time updated to: 288
Max suppression time updated to: 288
Received update: /ndn/md-site/md/svs_core/md=3, 1741625513477
Received update: /ndn/md-site/md/svs_core/md=4, 1741625513477
Received update: /ndn/md-site/md/svs_core/md=5, 1741625513477
Max suppression time updated to: 284
Received update: /ndn/ua-site/ua/svs_core/ua=6, 1741625515114
Sending Sync interest
Max suppression time updated to: 280
Received update: /ndn/al-site/al/svs_core/al=4, 1741625515533
Received update: /ndn/al-site/al/svs_core/al=5, 1741625515533
Received update: /ndn/es-site/es/svs_core/es=5, 1741625515533
Received update: /ndn/me-site/me/svs_core/me=6, 1741625515533
Received update: /ndn/nl-site/nl/svs_core/nl=5, 1741625515533
Received update: /ndn/pt-site/pt/svs_core/pt=6, 1741625515533
Received update: /ndn/fr2-site/fr2/svs_core/fr2=6, 1741625515533
Max suppression time updated to: 280
Received update: /ndn/no-site/no/svs_core/no=6, 1741625515551
Sending Sync interest
Max suppression time updated to: 280
Received update: /ndn/at-site/at/svs_core/at=6, 1741625522683
Received update: /ndn/az-site/az/svs_core/az=6, 1741625522683
Received update: /ndn/cy-site/cy/svs_core/cy=6, 1741625522683
Received update: /ndn/il-site/il/svs_core/il=6, 1741625522683
Received update: /ndn/lu-site/lu/svs_core/lu=5, 1741625522683
Received update: /ndn/tr-site/tr/svs_core/tr=6, 1741625522683
Received update: /ndn/fr1-site/fr1/svs_core/fr1=6, 1741625522683
Max suppression time updated to: 276
Received update: /ndn/dk-site/dk/svs_core/dk=6, 1741625523191
Received update: /ndn/mk-site/mk/svs_core/mk=6, 1741625523191
Received update: /ndn/de1-site/de1/svs_core/de1=6, 1741625523191
Max suppression time updated to: 272
Received update: /ndn/by-site/by/svs_core/by=6, 1741625530126
Received update: /ndn/ee-site/ee/svs_core/ee=6, 1741625530126
Received update: /ndn/gr-site/gr/svs_core/gr=6, 1741625530126
Received update: /ndn/pl-site/pl/svs_core/pl=6, 1741625530126
Max suppression time updated to: 272
Received update: /ndn/md-site/md/svs_core/md=6, 1741625530438
Max suppression time updated to: 272
Received update: /ndn/es-site/es/svs_core/es=6, 1741625537125
Received update: /ndn/it-site/it/svs_core/it=6, 1741625537125
Sending Sync interest
Max suppression time updated to: 268
Received update: /ndn/am-site/am/svs_core/am=6, 1741625543182
Received update: /ndn/bg-site/bg/svs_core/bg=6, 1741625543182
Received update: /ndn/fi-site/fi/svs_core/fi=5, 1741625543182
Received update: /ndn/fi-site/fi/svs_core/fi=6, 1741625543182
Received update: /ndn/ge-site/ge/svs_core/ge=6, 1741625543182
Received update: /ndn/lu-site/lu/svs_core/lu=6, 1741625543182
Received update: /ndn/nl-site/nl/svs_core/nl=6, 1741625543182
Received update: /ndn/se-site/se/svs_core/se=6, 1741625543182
Received update: /ndn/si-site/si/svs_core/si=6, 1741625543182
Received update: /ndn/de2-site/de2/svs_core/de2=6, 1741625543182
Published sequence number: /ndn/ro-site/ro/svs_core/ro=6, 1741625543846
Sending Sync interest
Max suppression time updated to: 268
Received update: /ndn/al-site/al/svs_core/al=6, 1741625544030
Received update: /ndn/is-site/is/svs_core/is=6, 1741625544030
Sending Sync interest
Max suppression time updated to: 268
Received update: /ndn/lt-site/lt/svs_core/lt=5, 1741625544465
Max suppression time updated to: 268
Received update: /ndn/mt-site/mt/svs_core/mt=6, 1741625544778
Max suppression time updated to: 272
Sending Sync interest
Max suppression time updated to: 272
Max suppression time updated to: 272
Received update: /ndn/fr2-site/fr2/svs_core/fr2=7, 1741625555875
Max suppression time updated to: 276
Received update: /ndn/mk-site/mk/svs_core/mk=7, 1741625556217
Max suppression time updated to: 272
Received update: /ndn/cz-site/cz/svs_core/cz=7, 1741625556263
Received update: /ndn/hu-site/hu/svs_core/hu=7, 1741625556263
Max suppression time updated to: 276
Received update: /ndn/me-site/me/svs_core/me=7, 1741625556344
Max suppression time updated to: 272
Received update: /ndn/be-site/be/svs_core/be=6, 1741625556680
Received update: /ndn/ch-site/ch/svs_core/ch=7, 1741625556680
Max suppression time updated to: 272
Received update: /ndn/hr-site/hr/svs_core/hr=7, 1741625556774
Sending Sync interest
Max suppression time updated to: 272
Received update: /ndn/ie-site/ie/svs_core/ie=5, 1741625564496
Received update: /ndn/ie-site/ie/svs_core/ie=6, 1741625564496
Received update: /ndn/il-site/il/svs_core/il=7, 1741625564496
Received update: /ndn/pt-site/pt/svs_core/pt=7, 1741625564496
Received update: /ndn/sk-site/sk/svs_core/sk=7, 1741625564496
Received update: /ndn/tr-site/tr/svs_core/tr=7, 1741625564496
Received update: /ndn/uk-site/uk/svs_core/uk=7, 1741625564496
Max suppression time updated to: 272
Received update: /ndn/at-site/at/svs_core/at=7, 1741625566795
Received update: /ndn/az-site/az/svs_core/az=7, 1741625566795
Received update: /ndn/dk-site/dk/svs_core/dk=7, 1741625566795
Received update: /ndn/no-site/no/svs_core/no=7, 1741625566795
Received update: /ndn/de1-site/de1/svs_core/de1=7, 1741625566795
Max suppression time updated to: 272
Received update: /ndn/md-site/md/svs_core/md=7, 1741625567113
Max suppression time updated to: 272
Received update: /ndn/be-site/be/svs_core/be=7, 1741625885506
Received update: /ndn/by-site/by/svs_core/by=7, 1741625885506
Received update: /ndn/ua-site/ua/svs_core/ua=7, 1741625885506
Received update: /ndn/de2-site/de2/svs_core/de2=7, 1741625885506
Max suppression time updated to: 268
Received update: /ndn/am-site/am/svs_core/am=7, 1741625885966
Max suppression time updated to: 268
Received update: /ndn/cy-site/cy/svs_core/cy=7, 1741625886495
Received update: /ndn/ge-site/ge/svs_core/ge=7, 1741625886495
Received update: /ndn/gr-site/gr/svs_core/gr=7, 1741625886495
Received update: /ndn/is-site/is/svs_core/is=7, 1741625886495
Received update: /ndn/it-site/it/svs_core/it=7, 1741625886495
Received update: /ndn/lv-site/lv/svs_core/lv=6, 1741625886495
Received update: /ndn/nl-site/nl/svs_core/nl=7, 1741625886495
Received update: /ndn/pl-site/pl/svs_core/pl=7, 1741625886495
Received update: /ndn/fr1-site/fr1/svs_core/fr1=7, 1741625886495
Published sequence number: /ndn/ro-site/ro/svs_core/ro=7, 1741625886678
Sending Sync interest
Max suppression time updated to: 268
Received update: /ndn/ie-site/ie/svs_core/ie=7, 1741625886836
Sending Sync interest
Max suppression time updated to: 268
Received update: /ndn/bg-site/bg/svs_core/bg=7, 1741625895306
Received update: /ndn/ee-site/ee/svs_core/ee=7, 1741625895306
Received update: /ndn/es-site/es/svs_core/es=7, 1741625895306
Received update: /ndn/lt-site/lt/svs_core/lt=6, 1741625895306
Received update: /ndn/lt-site/lt/svs_core/lt=7, 1741625895306
Received update: /ndn/mt-site/mt/svs_core/mt=7, 1741625895306
Received update: /ndn/si-site/si/svs_core/si=7, 1741625895306
Received update: /ndn/fr2-site/fr2/svs_core/fr2=8, 1741625895306
Sending Sync interest
Max suppression time updated to: 264
Received update: /ndn/hr-site/hr/svs_core/hr=8, 1741625895871
Received update: /ndn/hu-site/hu/svs_core/hu=8, 1741625895871
Received update: /ndn/lu-site/lu/svs_core/lu=7, 1741625895871
Max suppression time updated to: 264
Max suppression time updated to: 264
Received update: /ndn/cz-site/cz/svs_core/cz=8, 1741625896940
Received update: /ndn/pt-site/pt/svs_core/pt=8, 1741625896940
Max suppression time updated to: 264
Max suppression time updated to: 264
Received update: /ndn/ch-site/ch/svs_core/ch=8, 1741625899233
Received update: /ndn/mk-site/mk/svs_core/mk=8, 1741625899233
Max suppression time updated to: 264
Received update: /ndn/by-site/by/svs_core/by=8, 1741625900504
Received update: /ndn/uk-site/uk/svs_core/uk=8, 1741625900504
Max suppression time updated to: 260
Received update: /ndn/sk-site/sk/svs_core/sk=8, 1741625903094
Received update: /ndn/fr1-site/fr1/svs_core/fr1=8, 1741625903094
Max suppression time updated to: 260
Max suppression time updated to: 260
Max suppression time updated to: 260
Received update: /ndn/rs-site/rs/svs_core/rs=6, 1741625903549
Received update: /ndn/rs-site/rs/svs_core/rs=7, 1741625903549
Max suppression time updated to: 260
Received update: /ndn/al-site/al/svs_core/al=7, 1741625906382
Received update: /ndn/at-site/at/svs_core/at=8, 1741625906382
Received update: /ndn/gr-site/gr/svs_core/gr=8, 1741625906382
Received update: /ndn/tr-site/tr/svs_core/tr=8, 1741625906382
Max suppression time updated to: 260
Received update: /ndn/az-site/az/svs_core/az=8, 1741625906585
Max suppression time updated to: 260
Received update: /ndn/fi-site/fi/svs_core/fi=7, 1741625906697
Max suppression time updated to: 256
Max suppression time updated to: 260
Max suppression time updated to: 256
Sending Sync interest
Max suppression time updated to: 256
Max suppression time updated to: 256
Received update: /ndn/dk-site/dk/svs_core/dk=8, 1741625909124
Received update: /ndn/fi-site/fi/svs_core/fi=8, 1741625909124
Received update: /ndn/lv-site/lv/svs_core/lv=7, 1741625909124
Received update: /ndn/mt-site/mt/svs_core/mt=8, 1741625909124
Received update: /ndn/no-site/no/svs_core/no=8, 1741625909124
Received update: /ndn/se-site/se/svs_core/se=7, 1741625909124
Max suppression time updated to: 256
Received update: /ndn/bg-site/bg/svs_core/bg=8, 1741625921383
Max suppression time updated to: 256
Received update: /ndn/al-site/al/svs_core/al=8, 1741625930546
Received update: /ndn/am-site/am/svs_core/am=8, 1741625930546
Received update: /ndn/be-site/be/svs_core/be=8, 1741625930546
Received update: /ndn/il-site/il/svs_core/il=8, 1741625930546
Received update: /ndn/it-site/it/svs_core/it=8, 1741625930546
Received update: /ndn/nl-site/nl/svs_core/nl=8, 1741625930546
Received update: /ndn/ua-site/ua/svs_core/ua=8, 1741625930546
Received update: /ndn/de1-site/de1/svs_core/de1=8, 1741625930546
Received update: /ndn/de2-site/de2/svs_core/de2=8, 1741625930546
Sending Sync interest
Published sequence number: /ndn/ro-site/ro/svs_core/ro=8, 1741625931682
Sending Sync interest
Max suppression time updated to: 256
Received update: /ndn/ch-site/ch/svs_core/ch=9, 1741625942065
Received update: /ndn/cy-site/cy/svs_core/cy=8, 1741625942065
Received update: /ndn/cz-site/cz/svs_core/cz=9, 1741625942065
Received update: /ndn/lu-site/lu/svs_core/lu=8, 1741625942065
Received update: /ndn/si-site/si/svs_core/si=8, 1741625942065
Sending Sync interest
Max suppression time updated to: 256
Received update: /ndn/hu-site/hu/svs_core/hu=9, 1741625942412
Max suppression time updated to: 256
Received update: /ndn/lt-site/lt/svs_core/lt=8, 1741625942467
Received update: /ndn/pl-site/pl/svs_core/pl=8, 1741625942467
Sending Sync interest
Max suppression time updated to: 256
Received update: /ndn/es-site/es/svs_core/es=8, 1741625942694
Received update: /ndn/rs-site/rs/svs_core/rs=8, 1741625942694
Received update: /ndn/fr2-site/fr2/svs_core/fr2=9, 1741625942694
Sending Sync interest
Max suppression time updated to: 256
Received update: /ndn/at-site/at/svs_core/at=9, 1741625950586
Received update: /ndn/ge-site/ge/svs_core/ge=8, 1741625950586
Received update: /ndn/ie-site/ie/svs_core/ie=8, 1741625950586
Received update: /ndn/me-site/me/svs_core/me=8, 1741625950586
Received update: /ndn/me-site/me/svs_core/me=9, 1741625950586
Received update: /ndn/mk-site/mk/svs_core/mk=9, 1741625950586
Received update: /ndn/pt-site/pt/svs_core/pt=9, 1741625950586
Received update: /ndn/sk-site/sk/svs_core/sk=9, 1741625950586
Received update: /ndn/tr-site/tr/svs_core/tr=9, 1741625950586
Max suppression time updated to: 256
Received update: /ndn/cy-site/cy/svs_core/cy=9, 1741625955487
Received update: /ndn/dk-site/dk/svs_core/dk=9, 1741625955487
Received update: /ndn/il-site/il/svs_core/il=9, 1741625955487
Received update: /ndn/se-site/se/svs_core/se=8, 1741625955487
Received update: /ndn/uk-site/uk/svs_core/uk=9, 1741625955487
Max suppression time updated to: 252
Max suppression time updated to: 252
Received update: /ndn/mt-site/mt/svs_core/mt=9, 1741625955786
Received update: /ndn/fr1-site/fr1/svs_core/fr1=9, 1741625955786
Sending Sync interest
Max suppression time updated to: 252
Received update: /ndn/md-site/md/svs_core/md=8, 1741625956329
Received update: /ndn/md-site/md/svs_core/md=9, 1741625956329
Max suppression time updated to: 252
Received update: /ndn/gr-site/gr/svs_core/gr=9, 1741625958225
Received update: /ndn/hr-site/hr/svs_core/hr=9, 1741625958225
Received update: /ndn/de1-site/de1/svs_core/de1=9, 1741625958225
Max suppression time updated to: 252
Received update: /ndn/si-site/si/svs_core/si=9, 1741625958409
Sending Sync interest
Max suppression time updated to: 248
Received update: /ndn/am-site/am/svs_core/am=9, 1741625963137
Received update: /ndn/az-site/az/svs_core/az=9, 1741625963137
Received update: /ndn/no-site/no/svs_core/no=9, 1741625963137
Received update: /ndn/pl-site/pl/svs_core/pl=9, 1741625963137
Received update: /ndn/ua-site/ua/svs_core/ua=9, 1741625963137
Max suppression time updated to: 248
Max suppression time updated to: 248
Received update: /ndn/al-site/al/svs_core/al=9, 1741625964934
Max suppression time updated to: 248
Received update: /ndn/bg-site/bg/svs_core/bg=9, 1741625966633
Sending Sync interest
Max suppression time updated to: 248
Received update: /ndn/it-site/it/svs_core/it=9, 1741625966925
Max suppression time updated to: 252
Sending Sync interest
Max suppression time updated to: 256
Received update: /ndn/be-site/be/svs_core/be=9, 1741625969253
Received update: /ndn/is-site/is/svs_core/is=8, 1741625969253
Received update: /ndn/is-site/is/svs_core/is=9, 1741625969253
Received update: /ndn/de2-site/de2/svs_core/de2=9, 1741625969253
Published sequence number: /ndn/ro-site/ro/svs_core/ro=9, 1741625976693
Sending Sync interest
Max suppression time updated to: 260
Received update: /ndn/ge-site/ge/svs_core/ge=9, 1741625978956
Received update: /ndn/rs-site/rs/svs_core/rs=9, 1741625978956
Max suppression time updated to: 264
Received update: /ndn/ee-site/ee/svs_core/ee=8, 1741625978957
Received update: /ndn/ee-site/ee/svs_core/ee=9, 1741625978957
Received update: /ndn/lu-site/lu/svs_core/lu=9, 1741625978957
Received update: /ndn/lv-site/lv/svs_core/lv=8, 1741625978957
Max suppression time updated to: 268
Sending Sync interest
Max suppression time updated to: 272
Received update: /ndn/es-site/es/svs_core/es=9, 1741625982821
Received update: /ndn/pt-site/pt/svs_core/pt=10, 1741625982821
Sending Sync interest
Max suppression time updated to: 272
Received update: /ndn/nl-site/nl/svs_core/nl=9, 1741625983217
Sending Sync interest
Max suppression time updated to: 272
Received update: /ndn/cz-site/cz/svs_core/cz=10, 1741625986967
Received update: /ndn/hu-site/hu/svs_core/hu=10, 1741625986967
Received update: /ndn/mk-site/mk/svs_core/mk=10, 1741625986967
Sending Sync interest
Max suppression time updated to: 272
Received update: /ndn/at-site/at/svs_core/at=10, 1741625994137
Received update: /ndn/sk-site/sk/svs_core/sk=10, 1741625994137
Sending Sync interest
Max suppression time updated to: 272
Received update: /ndn/az-site/az/svs_core/az=10, 1741625996708
Received update: /ndn/by-site/by/svs_core/by=9, 1741625996708
Received update: /ndn/by-site/by/svs_core/by=10, 1741625996708
Received update: /ndn/tr-site/tr/svs_core/tr=10, 1741625996708
Received update: /ndn/ua-site/ua/svs_core/ua=10, 1741625996708
Sending Sync interest
Max suppression time updated to: 272
Received update: /ndn/ch-site/ch/svs_core/ch=10, 1741625996987
Received update: /ndn/hr-site/hr/svs_core/hr=10, 1741625996987
Received update: /ndn/me-site/me/svs_core/me=10, 1741625996987
Sending Sync interest
Max suppression time updated to: 272
Received update: /ndn/fr1-site/fr1/svs_core/fr1=10, 1741625997342
Max suppression time updated to: 272
Received update: /ndn/gr-site/gr/svs_core/gr=10, 1741625997437
Received update: /ndn/il-site/il/svs_core/il=10, 1741625997437
Received update: /ndn/no-site/no/svs_core/no=10, 1741625997437
Received update: /ndn/se-site/se/svs_core/se=9, 1741625997437
Received update: /ndn/uk-site/uk/svs_core/uk=10, 1741625997437
Sending Sync interest
Max suppression time updated to: 272
Received update: /ndn/fr2-site/fr2/svs_core/fr2=10, 1741625997957
Sending Sync interest
Max suppression time updated to: 276
Sending Sync interest
Published sequence number: /ndn/ro-site/ro/svs_core/ro=10, 1741626021699
Sending Sync interest
Max suppression time updated to: 276
Received update: /ndn/md-site/md/svs_core/md=10, 1741626021949
Max suppression time updated to: 276
Received update: /ndn/bg-site/bg/svs_core/bg=10, 1741626022501
Received update: /ndn/it-site/it/svs_core/it=10, 1741626022501
Max suppression time updated to: 280
Received update: /ndn/cy-site/cy/svs_core/cy=10, 1741626023048
Received update: /ndn/pl-site/pl/svs_core/pl=10, 1741626023048
Sending Sync interest
Max suppression time updated to: 280
Received update: /ndn/ee-site/ee/svs_core/ee=10, 1741626023707
Received update: /ndn/si-site/si/svs_core/si=10, 1741626023707
Received update: /ndn/de1-site/de1/svs_core/de1=10, 1741626023707
Received update: /ndn/de2-site/de2/svs_core/de2=10, 1741626023707
Max suppression time updated to: 280
Received update: /ndn/al-site/al/svs_core/al=10, 1741626023876
Received update: /ndn/am-site/am/svs_core/am=10, 1741626023876
Received update: /ndn/ge-site/ge/svs_core/ge=10, 1741626023876
Received update: /ndn/lu-site/lu/svs_core/lu=10, 1741626023876
Received update: /ndn/nl-site/nl/svs_core/nl=10, 1741626023876
Max suppression time updated to: 280
Received update: /ndn/rs-site/rs/svs_core/rs=10, 1741626024010
Max suppression time updated to: 280
Received update: /ndn/be-site/be/svs_core/be=10, 1741626029502
Received update: /ndn/dk-site/dk/svs_core/dk=10, 1741626029502
Received update: /ndn/es-site/es/svs_core/es=10, 1741626029502
Received update: /ndn/hu-site/hu/svs_core/hu=11, 1741626029502
Received update: /ndn/ie-site/ie/svs_core/ie=9, 1741626029502
Received update: /ndn/ie-site/ie/svs_core/ie=10, 1741626029502
Received update: /ndn/is-site/is/svs_core/is=10, 1741626029502
Received update: /ndn/lt-site/lt/svs_core/lt=9, 1741626029502
Received update: /ndn/lv-site/lv/svs_core/lv=9, 1741626029502
Received update: /ndn/lv-site/lv/svs_core/lv=10, 1741626029502
Received update: /ndn/mt-site/mt/svs_core/mt=10, 1741626029502
Max suppression time updated to: 280
Received update: /ndn/ch-site/ch/svs_core/ch=11, 1741626031593
Max suppression time updated to: 280
Received update: /ndn/sk-site/sk/svs_core/sk=11, 1741626035778
Sending Sync interest
Max suppression time updated to: 280
Received update: /ndn/at-site/at/svs_core/at=11, 1741626039431
Received update: /ndn/uk-site/uk/svs_core/uk=11, 1741626039431
Max suppression time updated to: 280
Received update: /ndn/no-site/no/svs_core/no=11, 1741626039477
Received update: /ndn/se-site/se/svs_core/se=10, 1741626039477
Max suppression time updated to: 280
Received update: /ndn/by-site/by/svs_core/by=11, 1741626039574
Received update: /ndn/cz-site/cz/svs_core/cz=11, 1741626039574
Max suppression time updated to: 276
Received update: /ndn/tr-site/tr/svs_core/tr=11, 1741626039818
Received update: /ndn/fr1-site/fr1/svs_core/fr1=11, 1741626039818
Max suppression time updated to: 276
Received update: /ndn/gr-site/gr/svs_core/gr=11, 1741626041688
Received update: /ndn/mk-site/mk/svs_core/mk=11, 1741626041688
Max suppression time updated to: 280
Received update: /ndn/pt-site/pt/svs_core/pt=11, 1741626045750
Received update: /ndn/de1-site/de1/svs_core/de1=11, 1741626045750
Max suppression time updated to: 280
Received update: /ndn/md-site/md/svs_core/md=11, 1741626046032
Max suppression time updated to: 272
Received update: /ndn/az-site/az/svs_core/az=11, 1741626046251
Max suppression time updated to: 272
Received update: /ndn/si-site/si/svs_core/si=11, 1741626048068
Max suppression time updated to: 272
Received update: /ndn/bg-site/bg/svs_core/bg=11, 1741626056404
Received update: /ndn/cy-site/cy/svs_core/cy=11, 1741626056404
Received update: /ndn/it-site/it/svs_core/it=11, 1741626056404
Max suppression time updated to: 276
Received update: /ndn/lt-site/lt/svs_core/lt=10, 1741626356629
Received update: /ndn/lt-site/lt/svs_core/lt=11, 1741626356629
Sending Sync interest
Published sequence number: /ndn/ro-site/ro/svs_core/ro=11, 1741626364864
Sending Sync interest
Max suppression time updated to: 276
Received update: /ndn/es-site/es/svs_core/es=11, 1741626372036
Received update: /ndn/ge-site/ge/svs_core/ge=11, 1741626372036
Received update: /ndn/hr-site/hr/svs_core/hr=11, 1741626372036
Received update: /ndn/hr-site/hr/svs_core/hr=12, 1741626372036
Received update: /ndn/ie-site/ie/svs_core/ie=11, 1741626372036
Received update: /ndn/il-site/il/svs_core/il=11, 1741626372036
Received update: /ndn/me-site/me/svs_core/me=11, 1741626372036
Received update: /ndn/pl-site/pl/svs_core/pl=11, 1741626372036
Received update: /ndn/ua-site/ua/svs_core/ua=11, 1741626372036
Received update: /ndn/fr2-site/fr2/svs_core/fr2=11, 1741626372036
Max suppression time updated to: 276
Received update: /ndn/am-site/am/svs_core/am=11, 1741626372046
Received update: /ndn/de2-site/de2/svs_core/de2=11, 1741626372046
Sending Sync interest
Max suppression time updated to: 276
Received update: /ndn/hu-site/hu/svs_core/hu=12, 1741626372662
Received update: /ndn/rs-site/rs/svs_core/rs=11, 1741626372662
Max suppression time updated to: 276
Received update: /ndn/be-site/be/svs_core/be=11, 1741626373075
Received update: /ndn/lu-site/lu/svs_core/lu=11, 1741626373075
Received update: /ndn/mt-site/mt/svs_core/mt=11, 1741626373075
Received update: /ndn/nl-site/nl/svs_core/nl=11, 1741626373075
Received update: /ndn/pt-site/pt/svs_core/pt=12, 1741626373075
Max suppression time updated to: 276
Received update: /ndn/al-site/al/svs_core/al=11, 1741626377495
Received update: /ndn/ch-site/ch/svs_core/ch=12, 1741626377495
Received update: /ndn/cz-site/cz/svs_core/cz=12, 1741626377495
Received update: /ndn/dk-site/dk/svs_core/dk=11, 1741626377495
Received update: /ndn/fi-site/fi/svs_core/fi=9, 1741626377495
Received update: /ndn/fi-site/fi/svs_core/fi=10, 1741626377495
Received update: /ndn/fi-site/fi/svs_core/fi=11, 1741626377495
Received update: /ndn/is-site/is/svs_core/is=11, 1741626377495
Received update: /ndn/mk-site/mk/svs_core/mk=12, 1741626377495
Received update: /ndn/se-site/se/svs_core/se=11, 1741626377495
Received update: /ndn/fr2-site/fr2/svs_core/fr2=12, 1741626377495
Max suppression time updated to: 276
Max suppression time updated to: 276
Max suppression time updated to: 276
Received update: /ndn/at-site/at/svs_core/at=12, 1741626385381
Received update: /ndn/ee-site/ee/svs_core/ee=11, 1741626385381
Received update: /ndn/il-site/il/svs_core/il=12, 1741626385381
Received update: /ndn/lv-site/lv/svs_core/lv=11, 1741626385381
Received update: /ndn/uk-site/uk/svs_core/uk=12, 1741626385381
Max suppression time updated to: 276
Received update: /ndn/sk-site/sk/svs_core/sk=12, 1741626385586
Max suppression time updated to: 276
Received update: /ndn/cy-site/cy/svs_core/cy=12, 1741626388762
Sending Sync interest
Max suppression time updated to: 276
Max suppression time updated to: 276
Received update: /ndn/md-site/md/svs_core/md=12, 1741626389191
Max suppression time updated to: 276
Received update: /ndn/by-site/by/svs_core/by=12, 1741626395048
Received update: /ndn/pl-site/pl/svs_core/pl=12, 1741626395048
Received update: /ndn/de1-site/de1/svs_core/de1=12, 1741626395048
Sending Sync interest
Max suppression time updated to: 276
Received update: /ndn/si-site/si/svs_core/si=12, 1741626402421
Received update: /ndn/de2-site/de2/svs_core/de2=12, 1741626402421
Published sequence number: /ndn/ro-site/ro/svs_core/ro=12, 1741626409868
Sending Sync interest
Max suppression time updated to: 276
Sending Sync interest
Max suppression time updated to: 276
Received update: /ndn/al-site/al/svs_core/al=12, 1741626420156
Received update: /ndn/am-site/am/svs_core/am=12, 1741626420156
Received update: /ndn/be-site/be/svs_core/be=12, 1741626420156
Received update: /ndn/bg-site/bg/svs_core/bg=12, 1741626420156
Received update: /ndn/ch-site/ch/svs_core/ch=13, 1741626420156
Received update: /ndn/dk-site/dk/svs_core/dk=12, 1741626420156
Received update: /ndn/es-site/es/svs_core/es=12, 1741626420156
Received update: /ndn/ge-site/ge/svs_core/ge=12, 1741626420156
Received update: /ndn/gr-site/gr/svs_core/gr=12, 1741626420156
Received update: /ndn/hr-site/hr/svs_core/hr=13, 1741626420156
Received update: /ndn/hu-site/hu/svs_core/hu=13, 1741626420156
Received update: /ndn/is-site/is/svs_core/is=12, 1741626420156
Received update: /ndn/it-site/it/svs_core/it=12, 1741626420156
Received update: /ndn/lu-site/lu/svs_core/lu=12, 1741626420156
Received update: /ndn/nl-site/nl/svs_core/nl=12, 1741626420156
Received update: /ndn/no-site/no/svs_core/no=12, 1741626420156
Received update: /ndn/se-site/se/svs_core/se=12, 1741626420156
Received update: /ndn/tr-site/tr/svs_core/tr=12, 1741626420156
Received update: /ndn/fr2-site/fr2/svs_core/fr2=13, 1741626420156
Max suppression time updated to: 276
Received update: /ndn/cz-site/cz/svs_core/cz=13, 1741626420430
Max suppression time updated to: 276
Received update: /ndn/at-site/at/svs_core/at=13, 1741626427303
Max suppression time updated to: 276
Received update: /ndn/tr-site/tr/svs_core/tr=13, 1741626427497
Max suppression time updated to: 276
Received update: /ndn/sk-site/sk/svs_core/sk=13, 1741626427768
Max suppression time updated to: 276
Received update: /ndn/ee-site/ee/svs_core/ee=12, 1741626429659
Received update: /ndn/fi-site/fi/svs_core/fi=12, 1741626429659
Received update: /ndn/fi-site/fi/svs_core/fi=13, 1741626429659
Received update: /ndn/gr-site/gr/svs_core/gr=13, 1741626429659
Received update: /ndn/mk-site/mk/svs_core/mk=13, 1741626429659
Received update: /ndn/no-site/no/svs_core/no=13, 1741626429659
Max suppression time updated to: 276
Received update: /ndn/az-site/az/svs_core/az=12, 1741626429881
Received update: /ndn/az-site/az/svs_core/az=13, 1741626429881
Max suppression time updated to: 276
Received update: /ndn/cy-site/cy/svs_core/cy=13, 1741626439207
Received update: /ndn/ie-site/ie/svs_core/ie=12, 1741626439207
Received update: /ndn/pl-site/pl/svs_core/pl=13, 1741626439207
Received update: /ndn/pt-site/pt/svs_core/pt=13, 1741626439207
Received update: /ndn/uk-site/uk/svs_core/uk=13, 1741626439207
Received update: /ndn/fr1-site/fr1/svs_core/fr1=12, 1741626439207
Received update: /ndn/fr1-site/fr1/svs_core/fr1=13, 1741626439207
Published sequence number: /ndn/ro-site/ro/svs_core/ro=13, 1741626454873
Sending Sync interest
Max suppression time updated to: 276
Received update: /ndn/al-site/al/svs_core/al=13, 1741626455164
Received update: /ndn/ge-site/ge/svs_core/ge=13, 1741626455164
Received update: /ndn/ie-site/ie/svs_core/ie=13, 1741626455164
Received update: /ndn/il-site/il/svs_core/il=13, 1741626455164
Received update: /ndn/it-site/it/svs_core/it=13, 1741626455164
Received update: /ndn/lt-site/lt/svs_core/lt=12, 1741626455164
Received update: /ndn/lt-site/lt/svs_core/lt=13, 1741626455164
Received update: /ndn/lu-site/lu/svs_core/lu=13, 1741626455164
Received update: /ndn/mt-site/mt/svs_core/mt=12, 1741626455164
Received update: /ndn/mt-site/mt/svs_core/mt=13, 1741626455164
Received update: /ndn/de2-site/de2/svs_core/de2=13, 1741626455164
Max suppression time updated to: 276
Received update: /ndn/si-site/si/svs_core/si=13, 1741626455331
Max suppression time updated to: 276
Received update: /ndn/be-site/be/svs_core/be=13, 1741626455953
Received update: /ndn/dk-site/dk/svs_core/dk=13, 1741626455953
Received update: /ndn/nl-site/nl/svs_core/nl=13, 1741626455953
Received update: /ndn/rs-site/rs/svs_core/rs=12, 1741626455953
Received update: /ndn/de1-site/de1/svs_core/de1=13, 1741626455953
Max suppression time updated to: 272
Received update: /ndn/rs-site/rs/svs_core/rs=13, 1741626456085
Max suppression time updated to: 272
Received update: /ndn/bg-site/bg/svs_core/bg=13, 1741626456396
Max suppression time updated to: 272
Received update: /ndn/ee-site/ee/svs_core/ee=13, 1741626462673
Received update: /ndn/es-site/es/svs_core/es=13, 1741626462673
Received update: /ndn/hr-site/hr/svs_core/hr=14, 1741626462673
Received update: /ndn/hu-site/hu/svs_core/hu=14, 1741626462673
Received update: /ndn/is-site/is/svs_core/is=13, 1741626462673
Max suppression time updated to: 272
Received update: /ndn/fr2-site/fr2/svs_core/fr2=14, 1741626463484
Sending Sync interest
Max suppression time updated to: 272
Received update: /ndn/pt-site/pt/svs_core/pt=14, 1741626463872
Max suppression time updated to: 272
Received update: /ndn/am-site/am/svs_core/am=13, 1741626464687
Received update: /ndn/mk-site/mk/svs_core/mk=14, 1741626464687
Received update: /ndn/ua-site/ua/svs_core/ua=12, 1741626464687
Received update: /ndn/ua-site/ua/svs_core/ua=13, 1741626464687
Max suppression time updated to: 272
Received update: /ndn/ch-site/ch/svs_core/ch=14, 1741626467907
Received update: /ndn/uk-site/uk/svs_core/uk=14, 1741626467907
Sending Sync interest
Max suppression time updated to: 272
Received update: /ndn/sk-site/sk/svs_core/sk=14, 1741626469339
Max suppression time updated to: 276
Max suppression time updated to: 276
Received update: /ndn/at-site/at/svs_core/at=14, 1741626481351
Received update: /ndn/az-site/az/svs_core/az=14, 1741626481351
Received update: /ndn/cz-site/cz/svs_core/cz=14, 1741626481351
Received update: /ndn/gr-site/gr/svs_core/gr=14, 1741626481351
Received update: /ndn/il-site/il/svs_core/il=14, 1741626481351
Received update: /ndn/si-site/si/svs_core/si=14, 1741626481351
Received update: /ndn/tr-site/tr/svs_core/tr=14, 1741626481351
Received update: /ndn/ua-site/ua/svs_core/ua=14, 1741626481351
Max suppression time updated to: 276
Received update: /ndn/fr1-site/fr1/svs_core/fr1=14, 1741626481647
Max suppression time updated to: 272
Received update: /ndn/am-site/am/svs_core/am=14, 1741626486262
Received update: /ndn/be-site/be/svs_core/be=14, 1741626486262
Received update: /ndn/dk-site/dk/svs_core/dk=14, 1741626486262
Received update: /ndn/is-site/is/svs_core/is=14, 1741626486262
Received update: /ndn/de1-site/de1/svs_core/de1=14, 1741626486262
Max suppression time updated to: 272
Received update: /ndn/lv-site/lv/svs_core/lv=12, 1741626486732
Received update: /ndn/lv-site/lv/svs_core/lv=13, 1741626486732
Received update: /ndn/pl-site/pl/svs_core/pl=14, 1741626486732
Received update: /ndn/se-site/se/svs_core/se=13, 1741626486732
Max suppression time updated to: 272
Received update: /ndn/me-site/me/svs_core/me=12, 1741626487416
Received update: /ndn/me-site/me/svs_core/me=13, 1741626487416
Received update: /ndn/me-site/me/svs_core/me=14, 1741626487416
Max suppression time updated to: 272
Received update: /ndn/al-site/al/svs_core/al=14, 1741626489562
Received update: /ndn/bg-site/bg/svs_core/bg=14, 1741626489562
Received update: /ndn/it-site/it/svs_core/it=14, 1741626489562
Max suppression time updated to: 272
Received update: /ndn/cy-site/cy/svs_core/cy=14, 1741626489788
Received update: /ndn/no-site/no/svs_core/no=14, 1741626489788
Max suppression time updated to: 272
Received update: /ndn/nl-site/nl/svs_core/nl=14, 1741626498572
Received update: /ndn/de2-site/de2/svs_core/de2=14, 1741626498572
Max suppression time updated to: 268
Received update: /ndn/es-site/es/svs_core/es=14, 1741626498762
Received update: /ndn/mt-site/mt/svs_core/mt=14, 1741626498762
Published sequence number: /ndn/ro-site/ro/svs_core/ro=14, 1741626499876
Sending Sync interest
Max suppression time updated to: 268
Received update: /ndn/ch-site/ch/svs_core/ch=15, 1741626516726
Received update: /ndn/ee-site/ee/svs_core/ee=14, 1741626516726
Received update: /ndn/ge-site/ge/svs_core/ge=14, 1741626516726
Received update: /ndn/hr-site/hr/svs_core/hr=15, 1741626516726
Received update: /ndn/hu-site/hu/svs_core/hu=15, 1741626516726
Received update: /ndn/lu-site/lu/svs_core/lu=14, 1741626516726
Received update: /ndn/pt-site/pt/svs_core/pt=15, 1741626516726
Received update: /ndn/sk-site/sk/svs_core/sk=15, 1741626516726
Received update: /ndn/fr1-site/fr1/svs_core/fr1=15, 1741626516726
Received update: /ndn/fr2-site/fr2/svs_core/fr2=15, 1741626516726
Sending Sync interest
Max suppression time updated to: 268
Received update: /ndn/az-site/az/svs_core/az=15, 1741626520265
Received update: /ndn/il-site/il/svs_core/il=15, 1741626520265
Received update: /ndn/no-site/no/svs_core/no=15, 1741626520265
Received update: /ndn/uk-site/uk/svs_core/uk=15, 1741626520265
Max suppression time updated to: 268
Received update: /ndn/cz-site/cz/svs_core/cz=15, 1741626520466
Sending Sync interest
Max suppression time updated to: 268
Received update: /ndn/at-site/at/svs_core/at=15, 1741626520660
Max suppression time updated to: 264
Received update: /ndn/ua-site/ua/svs_core/ua=15, 1741626520924
Sending Sync interest
Max suppression time updated to: 264
Received update: /ndn/be-site/be/svs_core/be=15, 1741626530246
Received update: /ndn/pl-site/pl/svs_core/pl=15, 1741626530246
Max suppression time updated to: 268
Received update: /ndn/by-site/by/svs_core/by=13, 1741626530246
Received update: /ndn/by-site/by/svs_core/by=14, 1741626530246
Received update: /ndn/by-site/by/svs_core/by=15, 1741626530246
Sending Sync interest
Max suppression time updated to: 268
Received update: /ndn/it-site/it/svs_core/it=15, 1741626540544
Received update: /ndn/lu-site/lu/svs_core/lu=15, 1741626540544
Received update: /ndn/lv-site/lv/svs_core/lv=14, 1741626540544
Received update: /ndn/me-site/me/svs_core/me=15, 1741626540544
Received update: /ndn/mk-site/mk/svs_core/mk=15, 1741626540544
Received update: /ndn/si-site/si/svs_core/si=15, 1741626540544
Received update: /ndn/de1-site/de1/svs_core/de1=15, 1741626540544
Received update: /ndn/de2-site/de2/svs_core/de2=15, 1741626540544
Max suppression time updated to: 268
Max suppression time updated to: 264
Received update: /ndn/am-site/am/svs_core/am=15, 1741626541012
Received update: /ndn/dk-site/dk/svs_core/dk=15, 1741626541012
Received update: /ndn/is-site/is/svs_core/is=15, 1741626541012
Received update: /ndn/tr-site/tr/svs_core/tr=15, 1741626541012
Max suppression time updated to: 264
Received update: /ndn/nl-site/nl/svs_core/nl=15, 1741626543344
Received update: /ndn/se-site/se/svs_core/se=14, 1741626543344
Received update: /ndn/se-site/se/svs_core/se=15, 1741626543344
Sending Sync interest
Published sequence number: /ndn/ro-site/ro/svs_core/ro=15, 1741626544864
Sending Sync interest
Max suppression time updated to: 264
Received update: /ndn/bg-site/bg/svs_core/bg=15, 1741626547518
Received update: /ndn/lt-site/lt/svs_core/lt=14, 1741626547518
Received update: /ndn/lt-site/lt/svs_core/lt=15, 1741626547518
Received update: /ndn/mk-site/mk/svs_core/mk=16, 1741626547518
Sending Sync interest
Max suppression time updated to: 268
Received update: /ndn/gr-site/gr/svs_core/gr=15, 1741626555088
Received update: /ndn/hu-site/hu/svs_core/hu=16, 1741626555088
Received update: /ndn/me-site/me/svs_core/me=16, 1741626555088
Max suppression time updated to: 268
Received update: /ndn/ch-site/ch/svs_core/ch=16, 1741626558066
Received update: /ndn/cz-site/cz/svs_core/cz=16, 1741626558066
Received update: /ndn/es-site/es/svs_core/es=15, 1741626558066
Received update: /ndn/ge-site/ge/svs_core/ge=15, 1741626558066
Received update: /ndn/hr-site/hr/svs_core/hr=16, 1741626558066
Received update: /ndn/fr2-site/fr2/svs_core/fr2=16, 1741626558066
Max suppression time updated to: 268
Received update: /ndn/al-site/al/svs_core/al=15, 1741626562415
Received update: /ndn/at-site/at/svs_core/at=16, 1741626562415
Received update: /ndn/cy-site/cy/svs_core/cy=15, 1741626562415
Received update: /ndn/tr-site/tr/svs_core/tr=16, 1741626562415
Received update: /ndn/uk-site/uk/svs_core/uk=16, 1741626562415
Received update: /ndn/fr1-site/fr1/svs_core/fr1=16, 1741626562415
Max suppression time updated to: 268
Received update: /ndn/be-site/be/svs_core/be=16, 1741626576818
Received update: /ndn/dk-site/dk/svs_core/dk=16, 1741626576818
Received update: /ndn/ee-site/ee/svs_core/ee=15, 1741626576818
Received update: /ndn/is-site/is/svs_core/is=16, 1741626576818
Received update: /ndn/no-site/no/svs_core/no=16, 1741626576818
Received update: /ndn/pt-site/pt/svs_core/pt=16, 1741626576818
Received update: /ndn/sk-site/sk/svs_core/sk=16, 1741626576818
Received update: /ndn/de1-site/de1/svs_core/de1=16, 1741626576818
Max suppression time updated to: 268
Received update: /ndn/cy-site/cy/svs_core/cy=16, 1741626577345
Received update: /ndn/ee-site/ee/svs_core/ee=16, 1741626577345
Received update: /ndn/ie-site/ie/svs_core/ie=14, 1741626577345
Received update: /ndn/ie-site/ie/svs_core/ie=15, 1741626577345
Received update: /ndn/lv-site/lv/svs_core/lv=15, 1741626577345
Max suppression time updated to: 264
Received update: /ndn/it-site/it/svs_core/it=16, 1741626577401
Received update: /ndn/mt-site/mt/svs_core/mt=15, 1741626577401
Received update: /ndn/mt-site/mt/svs_core/mt=16, 1741626577401
Received update: /ndn/si-site/si/svs_core/si=16, 1741626577401
Max suppression time updated to: 268
Received update: /ndn/gr-site/gr/svs_core/gr=16, 1741626577885
Published sequence number: /ndn/ro-site/ro/svs_core/ro=16, 1741626589864
Sending Sync interest
Max suppression time updated to: 268
Received update: /ndn/bg-site/bg/svs_core/bg=16, 1741626607908
Received update: /ndn/ua-site/ua/svs_core/ua=16, 1741626607908
Sending Sync interest
Max suppression time updated to: 268
Received update: /ndn/ge-site/ge/svs_core/ge=16, 1741626613942
Sending Sync interest
Stopping SVS client: /ndn/ro-site/ro/svs_core/ro
