SVS client starting: /ndn/lt-site/lt/svs_core/lt
Sending Sync interest
Received update: /ndn/gr-site/gr/svs_core/gr=1, 1741633498084
Received update: /ndn/lv-site/lv/svs_core/lv=1, 1741633498800
Received update: /ndn/az-site/az/svs_core/az=1, 1741633499086
Received update: /ndn/cz-site/cz/svs_core/cz=1, 1741633499629
Received update: /ndn/no-site/no/svs_core/no=1, 1741633499897
Received update: /ndn/cy-site/cy/svs_core/cy=1, 1741633503427
Received update: /ndn/hr-site/hr/svs_core/hr=1, 1741633503427
Received update: /ndn/ch-site/ch/svs_core/ch=1, 1741633505288
Received update: /ndn/sk-site/sk/svs_core/sk=1, 1741633505288
Received update: /ndn/es-site/es/svs_core/es=1, 1741633505836
Received update: /ndn/me-site/me/svs_core/me=1, 1741633506379
Received update: /ndn/tr-site/tr/svs_core/tr=1, 1741633506820
Received update: /ndn/it-site/it/svs_core/it=1, 1741633506973
Received update: /ndn/dk-site/dk/svs_core/dk=1, 1741633509930
Received update: /ndn/mk-site/mk/svs_core/mk=1, 1741633511217
Received update: /ndn/at-site/at/svs_core/at=1, 1741633511972
Received update: /ndn/rs-site/rs/svs_core/rs=1, 1741633512242
Received update: /ndn/fi-site/fi/svs_core/fi=1, 1741633512458
Received update: /ndn/ro-site/ro/svs_core/ro=1, 1741633512877
Received update: /ndn/fr2-site/fr2/svs_core/fr2=1, 1741633513051
Received update: /ndn/ge-site/ge/svs_core/ge=1, 1741633513324
Received update: /ndn/ie-site/ie/svs_core/ie=1, 1741633515522
Received update: /ndn/pt-site/pt/svs_core/pt=1, 1741633516694
Received update: /ndn/ua-site/ua/svs_core/ua=1, 1741633517318
Received update: /ndn/bg-site/bg/svs_core/bg=1, 1741633518390
Received update: /ndn/si-site/si/svs_core/si=1, 1741633518390
Received update: /ndn/mt-site/mt/svs_core/mt=1, 1741633518418
Received update: /ndn/nl-site/nl/svs_core/nl=1, 1741633518783
Received update: /ndn/il-site/il/svs_core/il=1, 1741633519635
Received update: /ndn/is-site/is/svs_core/is=1, 1741633521058
Received update: /ndn/md-site/md/svs_core/md=1, 1741633521058
Received update: /ndn/al-site/al/svs_core/al=1, 1741633521083
Received update: /ndn/se-site/se/svs_core/se=1, 1741633521125
Received update: /ndn/am-site/am/svs_core/am=1, 1741633522663
Sending Sync interest
Received update: /ndn/de2-site/de2/svs_core/de2=1, 1741633523656
Received update: /ndn/uk-site/uk/svs_core/uk=1, 1741633526238
Received update: /ndn/de1-site/de1/svs_core/de1=1, 1741633526238
Published sequence number: /ndn/lt-site/lt/svs_core/lt=1, 1741633529805
Sending Sync interest
Received update: /ndn/hu-site/hu/svs_core/hu=1, 1741633529990
Received update: /ndn/be-site/be/svs_core/be=1, 1741633534650
Received update: /ndn/lu-site/lu/svs_core/lu=1, 1741633534650
Sending Sync interest
Max suppression time updated to: 336
Received update: /ndn/fr1-site/fr1/svs_core/fr1=1, 1741633535124
Received update: /ndn/pl-site/pl/svs_core/pl=1, 1741633536548
Received update: /ndn/by-site/by/svs_core/by=1, 1741633543088
Received update: /ndn/gr-site/gr/svs_core/gr=2, 1741633543088
Received update: /ndn/ee-site/ee/svs_core/ee=1, 1741633543807
Received update: /ndn/lv-site/lv/svs_core/lv=2, 1741633543807
Received update: /ndn/az-site/az/svs_core/az=2, 1741633546947
Received update: /ndn/cz-site/cz/svs_core/cz=2, 1741633546947
Received update: /ndn/hr-site/hr/svs_core/hr=2, 1741633546947
Received update: /ndn/ch-site/ch/svs_core/ch=2, 1741633551039
Received update: /ndn/cy-site/cy/svs_core/cy=2, 1741633551039
Received update: /ndn/es-site/es/svs_core/es=2, 1741633551039
Received update: /ndn/no-site/no/svs_core/no=2, 1741633551039
Received update: /ndn/sk-site/sk/svs_core/sk=2, 1741633551039
Received update: /ndn/it-site/it/svs_core/it=2, 1741633551955
Received update: /ndn/me-site/me/svs_core/me=2, 1741633551955
Received update: /ndn/tr-site/tr/svs_core/tr=2, 1741633551955
Received update: /ndn/dk-site/dk/svs_core/dk=2, 1741633556113
Received update: /ndn/rs-site/rs/svs_core/rs=2, 1741633556113
Received update: /ndn/at-site/at/svs_core/at=2, 1741633556976
Received update: /ndn/ro-site/ro/svs_core/ro=2, 1741633557857
Received update: /ndn/ge-site/ge/svs_core/ge=2, 1741633557889
Received update: /ndn/mt-site/mt/svs_core/mt=2, 1741633559819
Received update: /ndn/mk-site/mk/svs_core/mk=2, 1741633559936
Received update: /ndn/fr2-site/fr2/svs_core/fr2=2, 1741633560023
Received update: /ndn/bg-site/bg/svs_core/bg=2, 1741633563302
Received update: /ndn/si-site/si/svs_core/si=2, 1741633563431
Received update: /ndn/pt-site/pt/svs_core/pt=2, 1741633563516
Received update: /ndn/ie-site/ie/svs_core/ie=2, 1741633563526
Received update: /ndn/nl-site/nl/svs_core/nl=2, 1741633563898
Received update: /ndn/ua-site/ua/svs_core/ua=2, 1741633563898
Received update: /ndn/fi-site/fi/svs_core/fi=2, 1741633564927
Received update: /ndn/il-site/il/svs_core/il=2, 1741633564927
Received update: /ndn/se-site/se/svs_core/se=2, 1741633566152
Received update: /ndn/al-site/al/svs_core/al=2, 1741633566441
Received update: /ndn/md-site/md/svs_core/md=2, 1741633566441
Received update: /ndn/de2-site/de2/svs_core/de2=2, 1741633568663
Received update: /ndn/is-site/is/svs_core/is=2, 1741633571275
Received update: /ndn/uk-site/uk/svs_core/uk=2, 1741633571275
Received update: /ndn/de1-site/de1/svs_core/de1=2, 1741633571275
Published sequence number: /ndn/lt-site/lt/svs_core/lt=2, 1741633574808
Sending Sync interest
Received update: /ndn/am-site/am/svs_core/am=2, 1741633579489
Received update: /ndn/hu-site/hu/svs_core/hu=2, 1741633579489
Received update: /ndn/lu-site/lu/svs_core/lu=2, 1741633579489
Received update: /ndn/fr1-site/fr1/svs_core/fr1=2, 1741633579489
Received update: /ndn/be-site/be/svs_core/be=2, 1741633579677
Received update: /ndn/ee-site/ee/svs_core/ee=2, 1741633582335
Received update: /ndn/pl-site/pl/svs_core/pl=2, 1741633582542
Received update: /ndn/gr-site/gr/svs_core/gr=3, 1741633588113
Received update: /ndn/lv-site/lv/svs_core/lv=3, 1741633588810
Received update: /ndn/az-site/az/svs_core/az=3, 1741633589528
Received update: /ndn/by-site/by/svs_core/by=2, 1741633589528
Received update: /ndn/no-site/no/svs_core/no=3, 1741633589528
Received update: /ndn/cz-site/cz/svs_core/cz=3, 1741633589684
Received update: /ndn/hr-site/hr/svs_core/hr=3, 1741633591701
Received update: /ndn/me-site/me/svs_core/me=3, 1741633596349
Received update: /ndn/ch-site/ch/svs_core/ch=3, 1741633596426
Received update: /ndn/cy-site/cy/svs_core/cy=3, 1741633596426
Received update: /ndn/es-site/es/svs_core/es=3, 1741633596426
Received update: /ndn/sk-site/sk/svs_core/sk=3, 1741633596426
Received update: /ndn/it-site/it/svs_core/it=3, 1741633600920
Received update: /ndn/rs-site/rs/svs_core/rs=3, 1741633600920
Received update: /ndn/tr-site/tr/svs_core/tr=3, 1741633600920
Received update: /ndn/at-site/at/svs_core/at=3, 1741633601981
Received update: /ndn/dk-site/dk/svs_core/dk=3, 1741633601981
Received update: /ndn/ge-site/ge/svs_core/ge=3, 1741633602918
Received update: /ndn/mk-site/mk/svs_core/mk=3, 1741633603144
Received update: /ndn/fr2-site/fr2/svs_core/fr2=3, 1741633603144
Received update: /ndn/pt-site/pt/svs_core/pt=3, 1741633606743
Received update: /ndn/ie-site/ie/svs_core/ie=3, 1741633606800
Received update: /ndn/ro-site/ro/svs_core/ro=3, 1741633606800
Received update: /ndn/mt-site/mt/svs_core/mt=3, 1741633607196
Received update: /ndn/ua-site/ua/svs_core/ua=3, 1741633607346
Received update: /ndn/fi-site/fi/svs_core/fi=3, 1741633607413
Received update: /ndn/bg-site/bg/svs_core/bg=3, 1741633608241
Received update: /ndn/nl-site/nl/svs_core/nl=3, 1741633608780
Received update: /ndn/il-site/il/svs_core/il=3, 1741633611407
Received update: /ndn/se-site/se/svs_core/se=3, 1741633611407
Received update: /ndn/si-site/si/svs_core/si=3, 1741633611630
Received update: /ndn/is-site/is/svs_core/is=3, 1741633611952
Received update: /ndn/md-site/md/svs_core/md=3, 1741633611952
Published sequence number: /ndn/lt-site/lt/svs_core/lt=3, 1741633619810
Sending Sync interest
Max suppression time updated to: 284
Received update: /ndn/al-site/al/svs_core/al=3, 1741633619979
Received update: /ndn/am-site/am/svs_core/am=3, 1741633619979
Received update: /ndn/lu-site/lu/svs_core/lu=3, 1741633619979
Received update: /ndn/uk-site/uk/svs_core/uk=3, 1741633619979
Received update: /ndn/de1-site/de1/svs_core/de1=3, 1741633619979
Received update: /ndn/de2-site/de2/svs_core/de2=3, 1741633619979
Max suppression time updated to: 272
Received update: /ndn/hu-site/hu/svs_core/hu=3, 1741633624466
Received update: /ndn/fr1-site/fr1/svs_core/fr1=3, 1741633624466
Received update: /ndn/az-site/az/svs_core/az=4, 1741633630053
Received update: /ndn/by-site/by/svs_core/by=3, 1741633630053
Received update: /ndn/be-site/be/svs_core/be=3, 1741633630261
Received update: /ndn/pl-site/pl/svs_core/pl=3, 1741633630261
Received update: /ndn/ee-site/ee/svs_core/ee=3, 1741633630578
Received update: /ndn/lv-site/lv/svs_core/lv=4, 1741633633812
Received update: /ndn/gr-site/gr/svs_core/gr=4, 1741633634117
Received update: /ndn/cz-site/cz/svs_core/cz=4, 1741633634633
Received update: /ndn/no-site/no/svs_core/no=4, 1741633634633
Received update: /ndn/cy-site/cy/svs_core/cy=4, 1741633639520
Received update: /ndn/hr-site/hr/svs_core/hr=4, 1741633639520
Received update: /ndn/sk-site/sk/svs_core/sk=4, 1741633639520
Received update: /ndn/ch-site/ch/svs_core/ch=4, 1741633640302
Received update: /ndn/es-site/es/svs_core/es=4, 1741633641365
Received update: /ndn/me-site/me/svs_core/me=4, 1741633641365
Received update: /ndn/dk-site/dk/svs_core/dk=4, 1741633645149
Received update: /ndn/tr-site/tr/svs_core/tr=4, 1741633645149
Received update: /ndn/at-site/at/svs_core/at=4, 1741633647195
Received update: /ndn/it-site/it/svs_core/it=4, 1741633647195
Received update: /ndn/mk-site/mk/svs_core/mk=4, 1741633647195
Received update: /ndn/rs-site/rs/svs_core/rs=4, 1741633647195
Received update: /ndn/ge-site/ge/svs_core/ge=4, 1741633649823
Received update: /ndn/mt-site/mt/svs_core/mt=4, 1741633649823
Received update: /ndn/ro-site/ro/svs_core/ro=4, 1741633649823
Received update: /ndn/fr2-site/fr2/svs_core/fr2=4, 1741633649823
Received update: /ndn/ie-site/ie/svs_core/ie=4, 1741633650558
Received update: /ndn/pt-site/pt/svs_core/pt=4, 1741633653057
Received update: /ndn/bg-site/bg/svs_core/bg=4, 1741633653267
Received update: /ndn/ua-site/ua/svs_core/ua=4, 1741633653267
Received update: /ndn/fi-site/fi/svs_core/fi=4, 1741633653533
Received update: /ndn/nl-site/nl/svs_core/nl=4, 1741633653886
Received update: /ndn/si-site/si/svs_core/si=4, 1741633653886
Received update: /ndn/is-site/is/svs_core/is=4, 1741633656108
Received update: /ndn/se-site/se/svs_core/se=4, 1741633656143
Received update: /ndn/md-site/md/svs_core/md=4, 1741633656352
Received update: /ndn/il-site/il/svs_core/il=4, 1741633656475
Received update: /ndn/al-site/al/svs_core/al=4, 1741633656727
Received update: /ndn/de2-site/de2/svs_core/de2=4, 1741633658667
Published sequence number: /ndn/lt-site/lt/svs_core/lt=4, 1741633664812
Sending Sync interest
Max suppression time updated to: 240
Received update: /ndn/uk-site/uk/svs_core/uk=4, 1741633664944
Max suppression time updated to: 204
Received update: /ndn/de1-site/de1/svs_core/de1=4, 1741633665087
Received update: /ndn/am-site/am/svs_core/am=4, 1741633665841
Received update: /ndn/hu-site/hu/svs_core/hu=4, 1741633665841
Received update: /ndn/lu-site/lu/svs_core/lu=4, 1741633665841
Received update: /ndn/fr1-site/fr1/svs_core/fr1=4, 1741633669467
Received update: /ndn/pl-site/pl/svs_core/pl=4, 1741633671563
Received update: /ndn/by-site/by/svs_core/by=4, 1741633671636
Received update: /ndn/be-site/be/svs_core/be=4, 1741633672903
Received update: /ndn/ee-site/ee/svs_core/ee=4, 1741633672903
Received update: /ndn/gr-site/gr/svs_core/gr=5, 1741633679012
Received update: /ndn/lv-site/lv/svs_core/lv=5, 1741633679012
Received update: /ndn/no-site/no/svs_core/no=5, 1741633679298
Received update: /ndn/az-site/az/svs_core/az=5, 1741633683476
Received update: /ndn/cy-site/cy/svs_core/cy=5, 1741633683476
Received update: /ndn/cz-site/cz/svs_core/cz=5, 1741633683476
Received update: /ndn/hr-site/hr/svs_core/hr=5, 1741633683476
Received update: /ndn/ch-site/ch/svs_core/ch=5, 1741633685358
Received update: /ndn/sk-site/sk/svs_core/sk=5, 1741633685590
Received update: /ndn/es-site/es/svs_core/es=5, 1741633685853
Received update: /ndn/it-site/it/svs_core/it=5, 1741633687200
Received update: /ndn/tr-site/tr/svs_core/tr=5, 1741633687200
Received update: /ndn/at-site/at/svs_core/at=5, 1741633691997
Received update: /ndn/dk-site/dk/svs_core/dk=5, 1741633691997
Received update: /ndn/mk-site/mk/svs_core/mk=5, 1741633692269
Received update: /ndn/me-site/me/svs_core/me=5, 1741633692420
Received update: /ndn/ro-site/ro/svs_core/ro=5, 1741633693122
Received update: /ndn/ge-site/ge/svs_core/ge=5, 1741633693207
Received update: /ndn/bg-site/bg/svs_core/bg=5, 1741633698250
Received update: /ndn/mt-site/mt/svs_core/mt=5, 1741633698321
Received update: /ndn/si-site/si/svs_core/si=5, 1741633698410
Received update: /ndn/fr2-site/fr2/svs_core/fr2=5, 1741633698420
Received update: /ndn/pt-site/pt/svs_core/pt=5, 1741633698554
Received update: /ndn/rs-site/rs/svs_core/rs=5, 1741633698554
Received update: /ndn/ie-site/ie/svs_core/ie=5, 1741633698634
Received update: /ndn/fi-site/fi/svs_core/fi=5, 1741633699381
Received update: /ndn/ua-site/ua/svs_core/ua=5, 1741633699381
Received update: /ndn/nl-site/nl/svs_core/nl=5, 1741633699554
Received update: /ndn/md-site/md/svs_core/md=5, 1741633700337
Received update: /ndn/il-site/il/svs_core/il=5, 1741633700384
Received update: /ndn/is-site/is/svs_core/is=5, 1741633701170
Received update: /ndn/se-site/se/svs_core/se=5, 1741633701170
Received update: /ndn/am-site/am/svs_core/am=5, 1741633702675
Received update: /ndn/al-site/al/svs_core/al=5, 1741633703681
Received update: /ndn/de2-site/de2/svs_core/de2=5, 1741633703681
Received update: /ndn/de1-site/de1/svs_core/de1=5, 1741633706136
Published sequence number: /ndn/lt-site/lt/svs_core/lt=5, 1741633709813
Sending Sync interest
Received update: /ndn/lu-site/lu/svs_core/lu=5, 1741633709970
Received update: /ndn/uk-site/uk/svs_core/uk=5, 1741633709970
Received update: /ndn/fr1-site/fr1/svs_core/fr1=5, 1741633714496
Received update: /ndn/hu-site/hu/svs_core/hu=5, 1741633714629
Sending Sync interest
Received update: /ndn/be-site/be/svs_core/be=5, 1741633714750
Sending Sync interest
Received update: /ndn/ee-site/ee/svs_core/ee=5, 1741633717335
Received update: /ndn/by-site/by/svs_core/by=5, 1741633717564
Received update: /ndn/pl-site/pl/svs_core/pl=5, 1741633717622
Received update: /ndn/lv-site/lv/svs_core/lv=6, 1741633723821
Sending Sync interest
Max suppression time updated to: 200
Received update: /ndn/az-site/az/svs_core/az=6, 1741633724246
Received update: /ndn/no-site/no/svs_core/no=6, 1741633724302
Received update: /ndn/cz-site/cz/svs_core/cz=6, 1741633724638
Received update: /ndn/hr-site/hr/svs_core/hr=6, 1741633729537
Received update: /ndn/sk-site/sk/svs_core/sk=6, 1741633729537
Received update: /ndn/cy-site/cy/svs_core/cy=6, 1741633729598
Received update: /ndn/gr-site/gr/svs_core/gr=6, 1741633729923
Received update: /ndn/ch-site/ch/svs_core/ch=6, 1741633730978
Received update: /ndn/es-site/es/svs_core/es=6, 1741633730978
Received update: /ndn/me-site/me/svs_core/me=6, 1741633731377
Received update: /ndn/tr-site/tr/svs_core/tr=6, 1741633731826
Received update: /ndn/it-site/it/svs_core/it=6, 1741633731962
Received update: /ndn/dk-site/dk/svs_core/dk=6, 1741633734930
Received update: /ndn/mk-site/mk/svs_core/mk=6, 1741633736227
Received update: /ndn/at-site/at/svs_core/at=6, 1741633736997
Received update: /ndn/fi-site/fi/svs_core/fi=6, 1741633737551
Received update: /ndn/fr2-site/fr2/svs_core/fr2=6, 1741633738125
Received update: /ndn/ro-site/ro/svs_core/ro=6, 1741633738634
Received update: /ndn/rs-site/rs/svs_core/rs=6, 1741633738634
Received update: /ndn/ie-site/ie/svs_core/ie=6, 1741633740531
Received update: /ndn/ge-site/ge/svs_core/ge=6, 1741633741519
Received update: /ndn/pt-site/pt/svs_core/pt=6, 1741633741763
Received update: /ndn/mt-site/mt/svs_core/mt=6, 1741633742800
Received update: /ndn/ua-site/ua/svs_core/ua=6, 1741633742800
Received update: /ndn/si-site/si/svs_core/si=6, 1741633743406
Received update: /ndn/nl-site/nl/svs_core/nl=6, 1741633743800
Received update: /ndn/bg-site/bg/svs_core/bg=6, 1741633745535
Received update: /ndn/md-site/md/svs_core/md=6, 1741633745535
Received update: /ndn/il-site/il/svs_core/il=6, 1741633745697
Received update: /ndn/is-site/is/svs_core/is=6, 1741633751264
Received update: /ndn/se-site/se/svs_core/se=6, 1741633751264
Received update: /ndn/uk-site/uk/svs_core/uk=6, 1741633751264
Received update: /ndn/de1-site/de1/svs_core/de1=6, 1741633751264
Received update: /ndn/de2-site/de2/svs_core/de2=6, 1741633751264
Published sequence number: /ndn/lt-site/lt/svs_core/lt=6, 1741633754814
Sending Sync interest
Received update: /ndn/lu-site/lu/svs_core/lu=6, 1741633754972
Received update: /ndn/hu-site/hu/svs_core/hu=6, 1741633755229
Received update: /ndn/am-site/am/svs_core/am=6, 1741633759658
Received update: /ndn/be-site/be/svs_core/be=6, 1741633759658
Received update: /ndn/gr-site/gr/svs_core/gr=7, 1741633768087
Received update: /ndn/pl-site/pl/svs_core/pl=6, 1741633768087
Received update: /ndn/fr1-site/fr1/svs_core/fr1=6, 1741633768087
Received update: /ndn/ee-site/ee/svs_core/ee=6, 1741633768321
Received update: /ndn/az-site/az/svs_core/az=7, 1741633769760
Received update: /ndn/cz-site/cz/svs_core/cz=7, 1741633769760
Received update: /ndn/by-site/by/svs_core/by=6, 1741633769850
Received update: /ndn/no-site/no/svs_core/no=7, 1741633769850
Received update: /ndn/lv-site/lv/svs_core/lv=7, 1741633769987
Received update: /ndn/ch-site/ch/svs_core/ch=7, 1741633775318
Received update: /ndn/hr-site/hr/svs_core/hr=7, 1741633775318
Received update: /ndn/sk-site/sk/svs_core/sk=7, 1741633775318
Received update: /ndn/es-site/es/svs_core/es=7, 1741633775861
Received update: /ndn/cy-site/cy/svs_core/cy=7, 1741633781234
Received update: /ndn/dk-site/dk/svs_core/dk=7, 1741633781234
Received update: /ndn/it-site/it/svs_core/it=7, 1741633781234
Received update: /ndn/mk-site/mk/svs_core/mk=7, 1741633781234
Received update: /ndn/tr-site/tr/svs_core/tr=7, 1741633781234
Received update: /ndn/rs-site/rs/svs_core/rs=7, 1741633781252
Received update: /ndn/at-site/at/svs_core/at=7, 1741633781997
Received update: /ndn/me-site/me/svs_core/me=7, 1741633781997
Received update: /ndn/al-site/al/svs_core/al=6, 1741633783588
Received update: /ndn/ro-site/ro/svs_core/ro=7, 1741633783588
Received update: /ndn/ge-site/ge/svs_core/ge=7, 1741633783742
Received update: /ndn/fr2-site/fr2/svs_core/fr2=7, 1741633783856
Received update: /ndn/ie-site/ie/svs_core/ie=7, 1741633785638
Received update: /ndn/pt-site/pt/svs_core/pt=7, 1741633786777
Received update: /ndn/fi-site/fi/svs_core/fi=7, 1741633786989
Received update: /ndn/mt-site/mt/svs_core/mt=7, 1741633787178
Received update: /ndn/bg-site/bg/svs_core/bg=7, 1741633788247
Received update: /ndn/si-site/si/svs_core/si=7, 1741633788400
Received update: /ndn/ua-site/ua/svs_core/ua=7, 1741633788713
Received update: /ndn/nl-site/nl/svs_core/nl=7, 1741633788787
Received update: /ndn/il-site/il/svs_core/il=7, 1741633789679
Received update: /ndn/is-site/is/svs_core/is=7, 1741633791161
Received update: /ndn/se-site/se/svs_core/se=7, 1741633791161
Received update: /ndn/al-site/al/svs_core/al=7, 1741633791420
Received update: /ndn/am-site/am/svs_core/am=7, 1741633793675
Received update: /ndn/de2-site/de2/svs_core/de2=7, 1741633793675
Received update: /ndn/md-site/md/svs_core/md=7, 1741633793799
Received update: /ndn/uk-site/uk/svs_core/uk=7, 1741633796269
Received update: /ndn/de1-site/de1/svs_core/de1=7, 1741633796269
Published sequence number: /ndn/lt-site/lt/svs_core/lt=7, 1741633799818
Sending Sync interest
Received update: /ndn/lu-site/lu/svs_core/lu=7, 1741633799991
Received update: /ndn/hu-site/hu/svs_core/hu=7, 1741633799993
Received update: /ndn/fr1-site/fr1/svs_core/fr1=7, 1741633804608
Received update: /ndn/pl-site/pl/svs_core/pl=7, 1741633806575
Received update: /ndn/by-site/by/svs_core/by=7, 1741633806714
Received update: /ndn/be-site/be/svs_core/be=7, 1741633807150
Received update: /ndn/az-site/az/svs_core/az=8, 1741633810084
Received update: /ndn/ee-site/ee/svs_core/ee=7, 1741633810191
Received update: /ndn/lv-site/lv/svs_core/lv=8, 1741633813828
Received update: /ndn/no-site/no/svs_core/no=8, 1741633814301
Received update: /ndn/gr-site/gr/svs_core/gr=8, 1741633814485
Sending Sync interest
Received update: /ndn/cz-site/cz/svs_core/cz=8, 1741633814663
Received update: /ndn/cy-site/cy/svs_core/cy=8, 1741633818492
Received update: /ndn/hr-site/hr/svs_core/hr=8, 1741633818492
Received update: /ndn/ch-site/ch/svs_core/ch=8, 1741633820310
Received update: /ndn/sk-site/sk/svs_core/sk=8, 1741633820310
Received update: /ndn/me-site/me/svs_core/me=8, 1741633821376
Received update: /ndn/es-site/es/svs_core/es=8, 1741633821575
Received update: /ndn/tr-site/tr/svs_core/tr=8, 1741633821853
Received update: /ndn/it-site/it/svs_core/it=8, 1741633822003
Received update: /ndn/dk-site/dk/svs_core/dk=8, 1741633825055
Received update: /ndn/mk-site/mk/svs_core/mk=8, 1741633826636
Received update: /ndn/rs-site/rs/svs_core/rs=8, 1741633826636
Received update: /ndn/at-site/at/svs_core/at=8, 1741633827011
Received update: /ndn/fi-site/fi/svs_core/fi=8, 1741633827909
Received update: /ndn/ro-site/ro/svs_core/ro=8, 1741633827909
Received update: /ndn/ge-site/ge/svs_core/ge=8, 1741633828123
Received update: /ndn/fr2-site/fr2/svs_core/fr2=8, 1741633828123
Received update: /ndn/pt-site/pt/svs_core/pt=8, 1741633831701
Received update: /ndn/ua-site/ua/svs_core/ua=8, 1741633832376
Received update: /ndn/mt-site/mt/svs_core/mt=8, 1741633832484
Received update: /ndn/bg-site/bg/svs_core/bg=8, 1741633833629
Received update: /ndn/ie-site/ie/svs_core/ie=8, 1741633833629
Received update: /ndn/si-site/si/svs_core/si=8, 1741633833727
Received update: /ndn/il-site/il/svs_core/il=8, 1741633834651
Received update: /ndn/nl-site/nl/svs_core/nl=8, 1741633834651
Received update: /ndn/is-site/is/svs_core/is=8, 1741633836115
Received update: /ndn/md-site/md/svs_core/md=8, 1741633836115
Received update: /ndn/al-site/al/svs_core/al=8, 1741633836329
Received update: /ndn/se-site/se/svs_core/se=8, 1741633836329
Received update: /ndn/am-site/am/svs_core/am=8, 1741633837678
Received update: /ndn/uk-site/uk/svs_core/uk=8, 1741633841268
Received update: /ndn/de1-site/de1/svs_core/de1=8, 1741633841268
Received update: /ndn/de2-site/de2/svs_core/de2=8, 1741633841268
Published sequence number: /ndn/lt-site/lt/svs_core/lt=8, 1741633844824
Sending Sync interest
Received update: /ndn/lu-site/lu/svs_core/lu=8, 1741633844993
Received update: /ndn/hu-site/hu/svs_core/hu=8, 1741633844995
Received update: /ndn/be-site/be/svs_core/be=8, 1741633849668
Received update: /ndn/fr1-site/fr1/svs_core/fr1=8, 1741633849668
Received update: /ndn/ee-site/ee/svs_core/ee=8, 1741633852385
Received update: /ndn/pl-site/pl/svs_core/pl=8, 1741633852385
Received update: /ndn/by-site/by/svs_core/by=8, 1741633852666
Received update: /ndn/lv-site/lv/svs_core/lv=9, 1741633858836
Received update: /ndn/az-site/az/svs_core/az=9, 1741633859226
Received update: /ndn/gr-site/gr/svs_core/gr=9, 1741633859226
Received update: /ndn/cz-site/cz/svs_core/cz=9, 1741633859677
Received update: /ndn/no-site/no/svs_core/no=9, 1741633859967
Received update: /ndn/ch-site/ch/svs_core/ch=9, 1741633865495
Received update: /ndn/cy-site/cy/svs_core/cy=9, 1741633865495
Received update: /ndn/hr-site/hr/svs_core/hr=9, 1741633865495
Received update: /ndn/sk-site/sk/svs_core/sk=9, 1741633865495
Received update: /ndn/es-site/es/svs_core/es=9, 1741633865858
Received update: /ndn/me-site/me/svs_core/me=9, 1741633866920
Received update: /ndn/tr-site/tr/svs_core/tr=9, 1741633866920
Received update: /ndn/dk-site/dk/svs_core/dk=9, 1741633869938
Received update: /ndn/it-site/it/svs_core/it=9, 1741633870133
Received update: /ndn/mk-site/mk/svs_core/mk=9, 1741633871252
Received update: /ndn/at-site/at/svs_core/at=9, 1741633872931
Received update: /ndn/ge-site/ge/svs_core/ge=9, 1741633872931
Received update: /ndn/fi-site/fi/svs_core/fi=9, 1741633872975
Received update: /ndn/ro-site/ro/svs_core/ro=9, 1741633873233
Received update: /ndn/fr2-site/fr2/svs_core/fr2=9, 1741633873233
Received update: /ndn/rs-site/rs/svs_core/rs=9, 1741633873260
Received update: /ndn/mt-site/mt/svs_core/mt=9, 1741633878798
Received update: /ndn/nl-site/nl/svs_core/nl=9, 1741633878798
Received update: /ndn/pt-site/pt/svs_core/pt=9, 1741633878798
Received update: /ndn/bg-site/bg/svs_core/bg=9, 1741633879047
Received update: /ndn/si-site/si/svs_core/si=9, 1741633879220
Received update: /ndn/ie-site/ie/svs_core/ie=9, 1741633879929
Received update: /ndn/il-site/il/svs_core/il=9, 1741633879929
Received update: /ndn/ua-site/ua/svs_core/ua=9, 1741633880255
Received update: /ndn/de2-site/de2/svs_core/de2=9, 1741633883689
Received update: /ndn/am-site/am/svs_core/am=9, 1741633883755
Received update: /ndn/al-site/al/svs_core/al=9, 1741633883959
Received update: /ndn/se-site/se/svs_core/se=9, 1741633884003
Received update: /ndn/md-site/md/svs_core/md=9, 1741633886579
Received update: /ndn/uk-site/uk/svs_core/uk=9, 1741633886579
Received update: /ndn/is-site/is/svs_core/is=9, 1741633886765
Received update: /ndn/de1-site/de1/svs_core/de1=9, 1741633886765
Published sequence number: /ndn/lt-site/lt/svs_core/lt=9, 1741633889825
Sending Sync interest
Received update: /ndn/lu-site/lu/svs_core/lu=9, 1741633890008
Received update: /ndn/be-site/be/svs_core/be=9, 1741633894670
Received update: /ndn/hu-site/hu/svs_core/hu=9, 1741633894670
Received update: /ndn/fr1-site/fr1/svs_core/fr1=9, 1741633894670
Received update: /ndn/pl-site/pl/svs_core/pl=9, 1741633896582
Received update: /ndn/ee-site/ee/svs_core/ee=9, 1741633903189
Received update: /ndn/gr-site/gr/svs_core/gr=10, 1741633903189
Received update: /ndn/lv-site/lv/svs_core/lv=10, 1741633903838
Received update: /ndn/by-site/by/svs_core/by=9, 1741633904664
Received update: /ndn/cz-site/cz/svs_core/cz=10, 1741633904664
Received update: /ndn/no-site/no/svs_core/no=10, 1741633904664
Sending Sync interest
Received update: /ndn/az-site/az/svs_core/az=10, 1741633908421
Received update: /ndn/cy-site/cy/svs_core/cy=10, 1741633908421
Received update: /ndn/hr-site/hr/svs_core/hr=10, 1741633908421
Received update: /ndn/ch-site/ch/svs_core/ch=10, 1741633910321
Received update: /ndn/sk-site/sk/svs_core/sk=10, 1741633910321
Received update: /ndn/tr-site/tr/svs_core/tr=10, 1741633911842
Sending Sync interest
Received update: /ndn/es-site/es/svs_core/es=10, 1741633915968
Received update: /ndn/it-site/it/svs_core/it=10, 1741633915968
Received update: /ndn/me-site/me/svs_core/me=10, 1741633915968
Received update: /ndn/rs-site/rs/svs_core/rs=10, 1741633915968
Received update: /ndn/mk-site/mk/svs_core/mk=10, 1741633916241
Received update: /ndn/dk-site/dk/svs_core/dk=10, 1741633916336
Received update: /ndn/at-site/at/svs_core/at=10, 1741633917904
Received update: /ndn/ge-site/ge/svs_core/ge=10, 1741633917904
Received update: /ndn/ro-site/ro/svs_core/ro=10, 1741633917904
Received update: /ndn/fr2-site/fr2/svs_core/fr2=10, 1741633918094
Received update: /ndn/fi-site/fi/svs_core/fi=10, 1741633918095
Received update: /ndn/bg-site/bg/svs_core/bg=10, 1741633926096
Received update: /ndn/is-site/is/svs_core/is=10, 1741633926096
Received update: /ndn/mt-site/mt/svs_core/mt=10, 1741633926096
Received update: /ndn/nl-site/nl/svs_core/nl=10, 1741633926096
Received update: /ndn/pt-site/pt/svs_core/pt=10, 1741633926096
Received update: /ndn/ua-site/ua/svs_core/ua=10, 1741633926096
Received update: /ndn/al-site/al/svs_core/al=10, 1741633926116
Received update: /ndn/il-site/il/svs_core/il=10, 1741633926343
Received update: /ndn/si-site/si/svs_core/si=10, 1741633926343
Received update: /ndn/md-site/md/svs_core/md=10, 1741633926380
Received update: /ndn/ie-site/ie/svs_core/ie=10, 1741633927059
Received update: /ndn/se-site/se/svs_core/se=10, 1741633927059
Received update: /ndn/am-site/am/svs_core/am=10, 1741633928694
Received update: /ndn/de2-site/de2/svs_core/de2=10, 1741633928694
Published sequence number: /ndn/lt-site/lt/svs_core/lt=10, 1741633934827
Sending Sync interest
Received update: /ndn/hu-site/hu/svs_core/hu=10, 1741633935009
Received update: /ndn/uk-site/uk/svs_core/uk=10, 1741633935009
Received update: /ndn/de1-site/de1/svs_core/de1=10, 1741633935352
Sending Sync interest
Received update: /ndn/lu-site/lu/svs_core/lu=10, 1741633939496
Received update: /ndn/fr1-site/fr1/svs_core/fr1=10, 1741633939496
Sending Sync interest
Received update: /ndn/be-site/be/svs_core/be=10, 1741633939820
Sending Sync interest
Received update: /ndn/pl-site/pl/svs_core/pl=10, 1741633941583
Received update: /ndn/by-site/by/svs_core/by=10, 1741633941658
Received update: /ndn/ee-site/ee/svs_core/ee=10, 1741633942422
Received update: /ndn/az-site/az/svs_core/az=11, 1741633945070
Received update: /ndn/gr-site/gr/svs_core/gr=11, 1741633948842
Received update: /ndn/lv-site/lv/svs_core/lv=11, 1741633948842
Received update: /ndn/no-site/no/svs_core/no=11, 1741633949336
Sending Sync interest
Received update: /ndn/hr-site/hr/svs_core/hr=11, 1741633951728
Received update: /ndn/cz-site/cz/svs_core/cz=11, 1741633951926
Received update: /ndn/ch-site/ch/svs_core/ch=11, 1741633955351
Received update: /ndn/cy-site/cy/svs_core/cy=11, 1741633955473
Received update: /ndn/me-site/me/svs_core/me=11, 1741633956384
Received update: /ndn/sk-site/sk/svs_core/sk=11, 1741633956384
Received update: /ndn/it-site/it/svs_core/it=11, 1741633961327
Received update: /ndn/mk-site/mk/svs_core/mk=11, 1741633961327
Received update: /ndn/tr-site/tr/svs_core/tr=11, 1741633961327
Received update: /ndn/es-site/es/svs_core/es=11, 1741633961471
Received update: /ndn/dk-site/dk/svs_core/dk=11, 1741633962494
Received update: /ndn/fi-site/fi/svs_core/fi=11, 1741633962494
Received update: /ndn/at-site/at/svs_core/at=11, 1741633962590
Received update: /ndn/rs-site/rs/svs_core/rs=11, 1741633962590
Received update: /ndn/ro-site/ro/svs_core/ro=11, 1741633962911
Received update: /ndn/fr2-site/fr2/svs_core/fr2=11, 1741633963094
Received update: /ndn/pt-site/pt/svs_core/pt=11, 1741633966743
Received update: /ndn/ge-site/ge/svs_core/ge=11, 1741633967225
Received update: /ndn/ie-site/ie/svs_core/ie=11, 1741633967225
Received update: /ndn/bg-site/bg/svs_core/bg=11, 1741633968283
Received update: /ndn/mt-site/mt/svs_core/mt=11, 1741633968621
Received update: /ndn/si-site/si/svs_core/si=11, 1741633968646
Received update: /ndn/ua-site/ua/svs_core/ua=11, 1741633968646
Received update: /ndn/nl-site/nl/svs_core/nl=11, 1741633968833
Received update: /ndn/il-site/il/svs_core/il=11, 1741633969700
Received update: /ndn/se-site/se/svs_core/se=11, 1741633971150
Received update: /ndn/is-site/is/svs_core/is=11, 1741633971272
Received update: /ndn/am-site/am/svs_core/am=11, 1741633976178
Received update: /ndn/de1-site/de1/svs_core/de1=11, 1741633976178
Received update: /ndn/de2-site/de2/svs_core/de2=11, 1741633976178
Received update: /ndn/uk-site/uk/svs_core/uk=11, 1741633976298
Received update: /ndn/al-site/al/svs_core/al=11, 1741633976759
Published sequence number: /ndn/lt-site/lt/svs_core/lt=11, 1741633979830
Sending Sync interest
Max suppression time updated to: 216
Received update: /ndn/md-site/md/svs_core/md=11, 1741633980220
Received update: /ndn/hu-site/hu/svs_core/hu=11, 1741633984509
Received update: /ndn/fr1-site/fr1/svs_core/fr1=11, 1741633984509
Received update: /ndn/be-site/be/svs_core/be=11, 1741633984674
Received update: /ndn/lu-site/lu/svs_core/lu=11, 1741633984691
Received update: /ndn/by-site/by/svs_core/by=11, 1741633986660
Received update: /ndn/ee-site/ee/svs_core/ee=11, 1741633987383
Received update: /ndn/pl-site/pl/svs_core/pl=11, 1741633987383
Received update: /ndn/az-site/az/svs_core/az=12, 1741633993183
Received update: /ndn/gr-site/gr/svs_core/gr=12, 1741633993183
Received update: /ndn/lv-site/lv/svs_core/lv=12, 1741633993850
Received update: /ndn/no-site/no/svs_core/no=12, 1741633994314
Received update: /ndn/hr-site/hr/svs_core/hr=12, 1741633996742
Received update: /ndn/cz-site/cz/svs_core/cz=12, 1741633996868
Received update: /ndn/cy-site/cy/svs_core/cy=12, 1741633999457
Received update: /ndn/sk-site/sk/svs_core/sk=12, 1741633999457
Received update: /ndn/ch-site/ch/svs_core/ch=12, 1741634000332
Received update: /ndn/me-site/me/svs_core/me=12, 1741634001393
Received update: /ndn/es-site/es/svs_core/es=12, 1741634001697
Received update: /ndn/tr-site/tr/svs_core/tr=12, 1741634001850
Received update: /ndn/it-site/it/svs_core/it=12, 1741634002047
Received update: /ndn/dk-site/dk/svs_core/dk=12, 1741634006306
Received update: /ndn/mk-site/mk/svs_core/mk=12, 1741634006306
Received update: /ndn/ge-site/ge/svs_core/ge=12, 1741634007909
Received update: /ndn/at-site/at/svs_core/at=12, 1741634008284
Received update: /ndn/ro-site/ro/svs_core/ro=12, 1741634008284
Received update: /ndn/fi-site/fi/svs_core/fi=12, 1741634008457
Received update: /ndn/fr2-site/fr2/svs_core/fr2=12, 1741634008470
Received update: /ndn/mt-site/mt/svs_core/mt=12, 1741634009922
Received update: /ndn/rs-site/rs/svs_core/rs=12, 1741634009922
Received update: /ndn/ie-site/ie/svs_core/ie=12, 1741634010651
Received update: /ndn/bg-site/bg/svs_core/bg=12, 1741634013816
Received update: /ndn/nl-site/nl/svs_core/nl=12, 1741634013816
Received update: /ndn/pt-site/pt/svs_core/pt=12, 1741634013816
Received update: /ndn/ua-site/ua/svs_core/ua=12, 1741634014073
Received update: /ndn/il-site/il/svs_core/il=12, 1741634015609
Received update: /ndn/md-site/md/svs_core/md=12, 1741634015609
Received update: /ndn/si-site/si/svs_core/si=12, 1741634015609
Received update: /ndn/is-site/is/svs_core/is=12, 1741634016095
Received update: /ndn/se-site/se/svs_core/se=12, 1741634016162
Received update: /ndn/al-site/al/svs_core/al=12, 1741634016262
Received update: /ndn/am-site/am/svs_core/am=12, 1741634018697
Received update: /ndn/de2-site/de2/svs_core/de2=12, 1741634018697
Published sequence number: /ndn/lt-site/lt/svs_core/lt=12, 1741634024834
Sending Sync interest
Received update: /ndn/lu-site/lu/svs_core/lu=12, 1741634024998
Received update: /ndn/uk-site/uk/svs_core/uk=12, 1741634024998
Received update: /ndn/de1-site/de1/svs_core/de1=12, 1741634024998
Received update: /ndn/hu-site/hu/svs_core/hu=12, 1741634025017
Received update: /ndn/fr1-site/fr1/svs_core/fr1=12, 1741634029499
Sending Sync interest
Received update: /ndn/be-site/be/svs_core/be=12, 1741634031592
Received update: /ndn/pl-site/pl/svs_core/pl=12, 1741634031592
Sending Sync interest
Max suppression time updated to: 196
Received update: /ndn/by-site/by/svs_core/by=12, 1741634031991
Max suppression time updated to: 188
Received update: /ndn/gr-site/gr/svs_core/gr=13, 1741634038130
Received update: /ndn/az-site/az/svs_core/az=13, 1741634038276
Received update: /ndn/lv-site/lv/svs_core/lv=13, 1741634038852
Received update: /ndn/ee-site/ee/svs_core/ee=12, 1741634039093
Received update: /ndn/no-site/no/svs_core/no=13, 1741634039394
Received update: /ndn/cz-site/cz/svs_core/cz=13, 1741634039668
Received update: /ndn/cy-site/cy/svs_core/cy=13, 1741634043424
Received update: /ndn/hr-site/hr/svs_core/hr=13, 1741634043424
Received update: /ndn/ch-site/ch/svs_core/ch=13, 1741634045334
Received update: /ndn/sk-site/sk/svs_core/sk=13, 1741634045687
Received update: /ndn/es-site/es/svs_core/es=13, 1741634045900
Received update: /ndn/me-site/me/svs_core/me=13, 1741634046858
Received update: /ndn/tr-site/tr/svs_core/tr=13, 1741634046858
Received update: /ndn/it-site/it/svs_core/it=13, 1741634046975
Received update: /ndn/at-site/at/svs_core/at=13, 1741634052016
Received update: /ndn/dk-site/dk/svs_core/dk=13, 1741634052016
Received update: /ndn/mk-site/mk/svs_core/mk=13, 1741634052907
Received update: /ndn/ro-site/ro/svs_core/ro=13, 1741634052907
Received update: /ndn/fi-site/fi/svs_core/fi=13, 1741634053129
Received update: /ndn/ge-site/ge/svs_core/ge=13, 1741634055790
Received update: /ndn/ie-site/ie/svs_core/ie=13, 1741634055790
Received update: /ndn/mt-site/mt/svs_core/mt=13, 1741634055790
Received update: /ndn/rs-site/rs/svs_core/rs=13, 1741634055790
Received update: /ndn/fr2-site/fr2/svs_core/fr2=13, 1741634055790
Received update: /ndn/bg-site/bg/svs_core/bg=13, 1741634059687
Received update: /ndn/il-site/il/svs_core/il=13, 1741634059687
Received update: /ndn/nl-site/nl/svs_core/nl=13, 1741634059687
Received update: /ndn/pt-site/pt/svs_core/pt=13, 1741634059687
Received update: /ndn/ua-site/ua/svs_core/ua=13, 1741634059687
Received update: /ndn/si-site/si/svs_core/si=13, 1741634059891
Received update: /ndn/al-site/al/svs_core/al=13, 1741634061133
Received update: /ndn/is-site/is/svs_core/is=13, 1741634061150
Received update: /ndn/se-site/se/svs_core/se=13, 1741634061150
Received update: /ndn/md-site/md/svs_core/md=13, 1741634061433
Received update: /ndn/de2-site/de2/svs_core/de2=13, 1741634063697
Received update: /ndn/am-site/am/svs_core/am=13, 1741634066285
Received update: /ndn/uk-site/uk/svs_core/uk=13, 1741634066285
Published sequence number: /ndn/lt-site/lt/svs_core/lt=13, 1741634069837
Sending Sync interest
Received update: /ndn/lu-site/lu/svs_core/lu=13, 1741634070001
Received update: /ndn/de1-site/de1/svs_core/de1=13, 1741634070269
Received update: /ndn/hu-site/hu/svs_core/hu=13, 1741634070450
Sending Sync interest
Received update: /ndn/be-site/be/svs_core/be=13, 1741634074699
Received update: /ndn/pl-site/pl/svs_core/pl=13, 1741634076591
Received update: /ndn/fr1-site/fr1/svs_core/fr1=13, 1741634076591
Received update: /ndn/by-site/by/svs_core/by=13, 1741634076660
Received update: /ndn/az-site/az/svs_core/az=14, 1741634080090
Received update: /ndn/ee-site/ee/svs_core/ee=13, 1741634083855
Received update: /ndn/lv-site/lv/svs_core/lv=14, 1741634083855
Received update: /ndn/no-site/no/svs_core/no=14, 1741634084307
Sending Sync interest
Received update: /ndn/hr-site/hr/svs_core/hr=14, 1741634086744
Received update: /ndn/cz-site/cz/svs_core/cz=14, 1741634087224
Received update: /ndn/gr-site/gr/svs_core/gr=14, 1741634087224
Received update: /ndn/cy-site/cy/svs_core/cy=14, 1741634088440
Received update: /ndn/ch-site/ch/svs_core/ch=14, 1741634090337
Received update: /ndn/sk-site/sk/svs_core/sk=14, 1741634090337
Received update: /ndn/es-site/es/svs_core/es=14, 1741634090883
Received update: /ndn/tr-site/tr/svs_core/tr=14, 1741634091866
Received update: /ndn/dk-site/dk/svs_core/dk=14, 1741634095057
Received update: /ndn/it-site/it/svs_core/it=14, 1741634095057
Received update: /ndn/mk-site/mk/svs_core/mk=14, 1741634096265
Received update: /ndn/me-site/me/svs_core/me=14, 1741634096485
Received update: /ndn/at-site/at/svs_core/at=14, 1741634097019
Received update: /ndn/ge-site/ge/svs_core/ge=14, 1741634097933
Received update: /ndn/ro-site/ro/svs_core/ro=14, 1741634098188
Received update: /ndn/fr2-site/fr2/svs_core/fr2=14, 1741634098188
Received update: /ndn/bg-site/bg/svs_core/bg=14, 1741634103297
Received update: /ndn/ie-site/ie/svs_core/ie=14, 1741634103297
Received update: /ndn/rs-site/rs/svs_core/rs=14, 1741634103297
Received update: /ndn/pt-site/pt/svs_core/pt=14, 1741634103615
Received update: /ndn/mt-site/mt/svs_core/mt=14, 1741634103770
Received update: /ndn/si-site/si/svs_core/si=14, 1741634103770
Received update: /ndn/ua-site/ua/svs_core/ua=14, 1741634103970
Received update: /ndn/nl-site/nl/svs_core/nl=14, 1741634104160
Received update: /ndn/il-site/il/svs_core/il=14, 1741634104680
Received update: /ndn/al-site/al/svs_core/al=14, 1741634106146
Received update: /ndn/md-site/md/svs_core/md=14, 1741634106146
Received update: /ndn/fi-site/fi/svs_core/fi=14, 1741634106157
Received update: /ndn/se-site/se/svs_core/se=14, 1741634106157
Received update: /ndn/is-site/is/svs_core/is=14, 1741634106592
Received update: /ndn/am-site/am/svs_core/am=14, 1741634107668
Received update: /ndn/de2-site/de2/svs_core/de2=14, 1741634108701
Received update: /ndn/de1-site/de1/svs_core/de1=14, 1741634111161
Published sequence number: /ndn/lt-site/lt/svs_core/lt=14, 1741634114839
Sending Sync interest
Received update: /ndn/hu-site/hu/svs_core/hu=14, 1741634115016
Received update: /ndn/uk-site/uk/svs_core/uk=14, 1741634115016
Received update: /ndn/lu-site/lu/svs_core/lu=14, 1741634115016
Received update: /ndn/fr1-site/fr1/svs_core/fr1=14, 1741634119503
Sending Sync interest
Received update: /ndn/be-site/be/svs_core/be=14, 1741634119728
Sending Sync interest
Received update: /ndn/pl-site/pl/svs_core/pl=14, 1741634121599
Received update: /ndn/by-site/by/svs_core/by=14, 1741634121743
Received update: /ndn/ee-site/ee/svs_core/ee=14, 1741634122585
Received update: /ndn/gr-site/gr/svs_core/gr=15, 1741634129407
Received update: /ndn/no-site/no/svs_core/no=15, 1741634129407
Received update: /ndn/lv-site/lv/svs_core/lv=15, 1741634129794
Received update: /ndn/cy-site/cy/svs_core/cy=15, 1741634133558
Received update: /ndn/cz-site/cz/svs_core/cz=15, 1741634133558
Received update: /ndn/hr-site/hr/svs_core/hr=15, 1741634133558
Received update: /ndn/az-site/az/svs_core/az=15, 1741634133571
Received update: /ndn/sk-site/sk/svs_core/sk=15, 1741634134471
Received update: /ndn/ch-site/ch/svs_core/ch=15, 1741634136858
Received update: /ndn/es-site/es/svs_core/es=15, 1741634136858
Received update: /ndn/tr-site/tr/svs_core/tr=15, 1741634136858
Received update: /ndn/it-site/it/svs_core/it=15, 1741634137048
Received update: /ndn/dk-site/dk/svs_core/dk=15, 1741634139982
Received update: /ndn/at-site/at/svs_core/at=15, 1741634142026
Received update: /ndn/mk-site/mk/svs_core/mk=15, 1741634142026
Received update: /ndn/ro-site/ro/svs_core/ro=15, 1741634142924
Received update: /ndn/rs-site/rs/svs_core/rs=15, 1741634142924
Received update: /ndn/ge-site/ge/svs_core/ge=15, 1741634142959
Received update: /ndn/fr2-site/fr2/svs_core/fr2=15, 1741634143160
Received update: /ndn/fi-site/fi/svs_core/fi=15, 1741634143593
Received update: /ndn/mt-site/mt/svs_core/mt=15, 1741634147022
Received update: /ndn/pt-site/pt/svs_core/pt=15, 1741634147022
Received update: /ndn/ie-site/ie/svs_core/ie=15, 1741634147036
Received update: /ndn/ua-site/ua/svs_core/ua=15, 1741634147374
Sending Sync interest
Received update: /ndn/bg-site/bg/svs_core/bg=15, 1741634148817
Received update: /ndn/nl-site/nl/svs_core/nl=15, 1741634148817
Received update: /ndn/si-site/si/svs_core/si=15, 1741634148817
Received update: /ndn/il-site/il/svs_core/il=15, 1741634149696
Received update: /ndn/md-site/md/svs_core/md=15, 1741634150426
Received update: /ndn/me-site/me/svs_core/me=15, 1741634150609
Received update: /ndn/al-site/al/svs_core/al=15, 1741634151104
Received update: /ndn/is-site/is/svs_core/is=15, 1741634151116
Received update: /ndn/se-site/se/svs_core/se=15, 1741634151163
Received update: /ndn/am-site/am/svs_core/am=15, 1741634152668
Published sequence number: /ndn/lt-site/lt/svs_core/lt=15, 1741634159842
Received update: /ndn/lu-site/lu/svs_core/lu=15, 1741634160009
Received update: /ndn/uk-site/uk/svs_core/uk=15, 1741634160009
Received update: /ndn/de1-site/de1/svs_core/de1=15, 1741634160009
Received update: /ndn/de2-site/de2/svs_core/de2=15, 1741634160009
Received update: /ndn/by-site/by/svs_core/by=15, 1741634166931
Received update: /ndn/hu-site/hu/svs_core/hu=15, 1741634166931
Received update: /ndn/pl-site/pl/svs_core/pl=15, 1741634166931
Received update: /ndn/fr1-site/fr1/svs_core/fr1=15, 1741634166931
Sending Sync interest
Received update: /ndn/ee-site/ee/svs_core/ee=15, 1741634167423
Received update: /ndn/az-site/az/svs_core/az=16, 1741634170995
Received update: /ndn/be-site/be/svs_core/be=15, 1741634170995
Received update: /ndn/gr-site/gr/svs_core/gr=16, 1741634173176
Received update: /ndn/cz-site/cz/svs_core/cz=16, 1741634174726
Received update: /ndn/lv-site/lv/svs_core/lv=16, 1741634174943
Received update: /ndn/hr-site/hr/svs_core/hr=16, 1741634176755
Received update: /ndn/no-site/no/svs_core/no=16, 1741634176755
Sending Sync interest
Received update: /ndn/sk-site/sk/svs_core/sk=16, 1741634179495
Received update: /ndn/cy-site/cy/svs_core/cy=16, 1741634181875
Received update: /ndn/tr-site/tr/svs_core/tr=16, 1741634181875
Received update: /ndn/ch-site/ch/svs_core/ch=16, 1741634182390
Received update: /ndn/es-site/es/svs_core/es=16, 1741634182390
Received update: /ndn/it-site/it/svs_core/it=16, 1741634182390
Received update: /ndn/dk-site/dk/svs_core/dk=16, 1741634186552
Received update: /ndn/me-site/me/svs_core/me=16, 1741634186552
Received update: /ndn/mk-site/mk/svs_core/mk=16, 1741634186552
Received update: /ndn/at-site/at/svs_core/at=16, 1741634187029
Received update: /ndn/rs-site/rs/svs_core/rs=16, 1741634187374
Received update: /ndn/ro-site/ro/svs_core/ro=16, 1741634187914
Received update: /ndn/ge-site/ge/svs_core/ge=16, 1741634188176
Received update: /ndn/fr2-site/fr2/svs_core/fr2=16, 1741634188176
Received update: /ndn/fi-site/fi/svs_core/fi=16, 1741634188480
Received update: /ndn/ie-site/ie/svs_core/ie=16, 1741634190914
Received update: /ndn/mt-site/mt/svs_core/mt=16, 1741634190914
Received update: /ndn/nl-site/nl/svs_core/nl=16, 1741634193830
Received update: /ndn/si-site/si/svs_core/si=16, 1741634194030
Received update: /ndn/bg-site/bg/svs_core/bg=16, 1741634194083
Received update: /ndn/ua-site/ua/svs_core/ua=16, 1741634194259
Received update: /ndn/pt-site/pt/svs_core/pt=16, 1741634194442
Received update: /ndn/il-site/il/svs_core/il=16, 1741634196108
Received update: /ndn/is-site/is/svs_core/is=16, 1741634196108
Received update: /ndn/md-site/md/svs_core/md=16, 1741634196239
Received update: /ndn/se-site/se/svs_core/se=16, 1741634196243
Received update: /ndn/al-site/al/svs_core/al=16, 1741634196408
Received update: /ndn/am-site/am/svs_core/am=16, 1741634197672
Received update: /ndn/uk-site/uk/svs_core/uk=16, 1741634201300
Received update: /ndn/de1-site/de1/svs_core/de1=16, 1741634201300
Received update: /ndn/de2-site/de2/svs_core/de2=16, 1741634201300
Published sequence number: /ndn/lt-site/lt/svs_core/lt=16, 1741634204848
Sending Sync interest
Received update: /ndn/by-site/by/svs_core/by=16, 1741634211672
Received update: /ndn/hu-site/hu/svs_core/hu=16, 1741634211850
Received update: /ndn/lu-site/lu/svs_core/lu=16, 1741634211850
Received update: /ndn/fr1-site/fr1/svs_core/fr1=16, 1741634211982
Received update: /ndn/be-site/be/svs_core/be=16, 1741634212042
Received update: /ndn/pl-site/pl/svs_core/pl=16, 1741634212042
Received update: /ndn/ee-site/ee/svs_core/ee=16, 1741634240412
Stopping SVS client: /ndn/lt-site/lt/svs_core/lt
