SVS client starting: /ndn/il-site/il/svs_core/il
Received update: /ndn/de1-site/de1/svs_core/de1=1, 1741664146236
Sending Sync interest
Received update: /ndn/am-site/am/svs_core/am=1, 1741664147540
Received update: /ndn/me-site/me/svs_core/me=1, 1741664147800
Received update: /ndn/md-site/md/svs_core/md=1, 1741664148051
Received update: /ndn/tr-site/tr/svs_core/tr=1, 1741664152699
Received update: /ndn/al-site/al/svs_core/al=1, 1741664152911
Received update: /ndn/be-site/be/svs_core/be=1, 1741664152913
Received update: /ndn/fr1-site/fr1/svs_core/fr1=1, 1741664152971
Received update: /ndn/no-site/no/svs_core/no=1, 1741664153198
Received update: /ndn/cz-site/cz/svs_core/cz=1, 1741664154580
Received update: /ndn/ge-site/ge/svs_core/ge=1, 1741664154802
Received update: /ndn/si-site/si/svs_core/si=1, 1741664155502
Received update: /ndn/nl-site/nl/svs_core/nl=1, 1741664156380
Received update: /ndn/se-site/se/svs_core/se=1, 1741664157313
Received update: /ndn/hr-site/hr/svs_core/hr=1, 1741664157594
Received update: /ndn/ee-site/ee/svs_core/ee=1, 1741664158472
Received update: /ndn/ro-site/ro/svs_core/ro=1, 1741664159707
Received update: /ndn/pt-site/pt/svs_core/pt=1, 1741664159869
Received update: /ndn/mk-site/mk/svs_core/mk=1, 1741664160554
Received update: /ndn/fr2-site/fr2/svs_core/fr2=1, 1741664160827
Received update: /ndn/it-site/it/svs_core/it=1, 1741664161066
Received update: /ndn/az-site/az/svs_core/az=1, 1741664161637
Received update: /ndn/dk-site/dk/svs_core/dk=1, 1741664161768
Received update: /ndn/at-site/at/svs_core/at=1, 1741664164077
Received update: /ndn/pl-site/pl/svs_core/pl=1, 1741664165486
Received update: /ndn/sk-site/sk/svs_core/sk=1, 1741664166404
Received update: /ndn/gr-site/gr/svs_core/gr=1, 1741664166642
Received update: /ndn/lu-site/lu/svs_core/lu=1, 1741664167971
Received update: /ndn/cy-site/cy/svs_core/cy=1, 1741664169983
Received update: /ndn/de2-site/de2/svs_core/de2=1, 1741664170150
Received update: /ndn/mt-site/mt/svs_core/mt=1, 1741664174744
Received update: /ndn/fi-site/fi/svs_core/fi=1, 1741664174944
Received update: /ndn/by-site/by/svs_core/by=1, 1741664174982
Received update: /ndn/rs-site/rs/svs_core/rs=1, 1741664175215
Received update: /ndn/hu-site/hu/svs_core/hu=1, 1741664175412
Received update: /ndn/uk-site/uk/svs_core/uk=1, 1741664175652
Received update: /ndn/ch-site/ch/svs_core/ch=1, 1741664176691
Published sequence number: /ndn/il-site/il/svs_core/il=1, 1741664177021
Sending Sync interest
Received update: /ndn/es-site/es/svs_core/es=1, 1741664178798
Sending Sync interest
Received update: /ndn/lt-site/lt/svs_core/lt=1, 1741664186706
Received update: /ndn/lv-site/lv/svs_core/lv=1, 1741664186706
Received update: /ndn/ie-site/ie/svs_core/ie=1, 1741664187110
Received update: /ndn/is-site/is/svs_core/is=1, 1741664187587
Received update: /ndn/bg-site/bg/svs_core/bg=1, 1741664191160
Received update: /ndn/de1-site/de1/svs_core/de1=2, 1741664191160
Received update: /ndn/ua-site/ua/svs_core/ua=1, 1741664191247
Received update: /ndn/md-site/md/svs_core/md=2, 1741664193162
Received update: /ndn/me-site/me/svs_core/me=2, 1741664193286
Received update: /ndn/ge-site/ge/svs_core/ge=2, 1741664199811
Received update: /ndn/tr-site/tr/svs_core/tr=2, 1741664199811
Received update: /ndn/fr1-site/fr1/svs_core/fr1=2, 1741664199811
Received update: /ndn/al-site/al/svs_core/al=2, 1741664200796
Received update: /ndn/cz-site/cz/svs_core/cz=2, 1741664200796
Received update: /ndn/si-site/si/svs_core/si=2, 1741664200796
Received update: /ndn/no-site/no/svs_core/no=2, 1741664200798
Received update: /ndn/am-site/am/svs_core/am=2, 1741664200873
Received update: /ndn/be-site/be/svs_core/be=2, 1741664201142
Received update: /ndn/ee-site/ee/svs_core/ee=2, 1741664203487
Received update: /ndn/nl-site/nl/svs_core/nl=2, 1741664203687
Received update: /ndn/ro-site/ro/svs_core/ro=2, 1741664204712
Received update: /ndn/dk-site/dk/svs_core/dk=2, 1741664206160
Received update: /ndn/fr2-site/fr2/svs_core/fr2=2, 1741664206251
Received update: /ndn/it-site/it/svs_core/it=2, 1741664206424
Received update: /ndn/az-site/az/svs_core/az=2, 1741664206662
Received update: /ndn/se-site/se/svs_core/se=2, 1741664206728
Received update: /ndn/pt-site/pt/svs_core/pt=2, 1741664206765
Received update: /ndn/at-site/at/svs_core/at=2, 1741664209095
Received update: /ndn/pl-site/pl/svs_core/pl=2, 1741664210504
Received update: /ndn/sk-site/sk/svs_core/sk=2, 1741664211468
Received update: /ndn/gr-site/gr/svs_core/gr=2, 1741664211655
Received update: /ndn/cy-site/cy/svs_core/cy=2, 1741664214987
Sending Sync interest
Max suppression time updated to: 46
Received update: /ndn/lu-site/lu/svs_core/lu=2, 1741664215255
Received update: /ndn/rs-site/rs/svs_core/rs=2, 1741664215627
Sending Sync interest
Received update: /ndn/fi-site/fi/svs_core/fi=2, 1741664215897
Received update: /ndn/de2-site/de2/svs_core/de2=2, 1741664215897
Received update: /ndn/mt-site/mt/svs_core/mt=2, 1741664219746
Received update: /ndn/hu-site/hu/svs_core/hu=2, 1741664220418
Received update: /ndn/ch-site/ch/svs_core/ch=2, 1741664221602
Received update: /ndn/uk-site/uk/svs_core/uk=2, 1741664221683
Received update: /ndn/mk-site/mk/svs_core/mk=2, 1741664221731
Received update: /ndn/by-site/by/svs_core/by=2, 1741664221755
Published sequence number: /ndn/il-site/il/svs_core/il=2, 1741664222027
Sending Sync interest
Received update: /ndn/bg-site/bg/svs_core/bg=2, 1741664227957
Received update: /ndn/is-site/is/svs_core/is=2, 1741664228087
Received update: /ndn/am-site/am/svs_core/am=3, 1741664238158
Received update: /ndn/es-site/es/svs_core/es=2, 1741664238158
Received update: /ndn/hr-site/hr/svs_core/hr=2, 1741664238158
Received update: /ndn/lt-site/lt/svs_core/lt=2, 1741664238158
Received update: /ndn/lv-site/lv/svs_core/lv=2, 1741664238158
Received update: /ndn/md-site/md/svs_core/md=3, 1741664238158
Received update: /ndn/de1-site/de1/svs_core/de1=3, 1741664238158
Received update: /ndn/ua-site/ua/svs_core/ua=2, 1741664238302
Received update: /ndn/tr-site/tr/svs_core/tr=3, 1741664242720
Received update: /ndn/no-site/no/svs_core/no=3, 1741664242840
Received update: /ndn/be-site/be/svs_core/be=3, 1741664242921
Received update: /ndn/ie-site/ie/svs_core/ie=2, 1741664242944
Received update: /ndn/me-site/me/svs_core/me=3, 1741664242956
Received update: /ndn/fr1-site/fr1/svs_core/fr1=3, 1741664243064
Received update: /ndn/al-site/al/svs_core/al=3, 1741664243302
Received update: /ndn/cz-site/cz/svs_core/cz=3, 1741664244638
Received update: /ndn/ge-site/ge/svs_core/ge=3, 1741664246506
Received update: /ndn/nl-site/nl/svs_core/nl=3, 1741664246506
Received update: /ndn/si-site/si/svs_core/si=3, 1741664246591
Received update: /ndn/hr-site/hr/svs_core/hr=3, 1741664247593
Received update: /ndn/ro-site/ro/svs_core/ro=3, 1741664249719
Received update: /ndn/ee-site/ee/svs_core/ee=3, 1741664249774
Received update: /ndn/pt-site/pt/svs_core/pt=3, 1741664249899
Received update: /ndn/it-site/it/svs_core/it=3, 1741664251073
Received update: /ndn/fr2-site/fr2/svs_core/fr2=3, 1741664251073
Sending Sync interest
Received update: /ndn/dk-site/dk/svs_core/dk=3, 1741664251151
Received update: /ndn/se-site/se/svs_core/se=3, 1741664251151
Sending Sync interest
Received update: /ndn/mk-site/mk/svs_core/mk=3, 1741664251425
Max suppression time updated to: 62
Received update: /ndn/az-site/az/svs_core/az=3, 1741664251646
Received update: /ndn/at-site/at/svs_core/at=3, 1741664254083
Received update: /ndn/gr-site/gr/svs_core/gr=3, 1741664255812
Received update: /ndn/pl-site/pl/svs_core/pl=3, 1741664255874
Received update: /ndn/fi-site/fi/svs_core/fi=3, 1741664259124
Received update: /ndn/sk-site/sk/svs_core/sk=3, 1741664259157
Received update: /ndn/cy-site/cy/svs_core/cy=3, 1741664259989
Received update: /ndn/lu-site/lu/svs_core/lu=3, 1741664259989
Received update: /ndn/de2-site/de2/svs_core/de2=3, 1741664260157
Received update: /ndn/rs-site/rs/svs_core/rs=3, 1741664260753
Received update: /ndn/mt-site/mt/svs_core/mt=3, 1741664264776
Received update: /ndn/by-site/by/svs_core/by=3, 1741664265611
Received update: /ndn/hu-site/hu/svs_core/hu=3, 1741664265611
Received update: /ndn/uk-site/uk/svs_core/uk=3, 1741664265651
Received update: /ndn/ch-site/ch/svs_core/ch=3, 1741664266568
Published sequence number: /ndn/il-site/il/svs_core/il=3, 1741664267032
Sending Sync interest
Received update: /ndn/ie-site/ie/svs_core/ie=3, 1741664277119
Received update: /ndn/lt-site/lt/svs_core/lt=3, 1741664277427
Received update: /ndn/lv-site/lv/svs_core/lv=3, 1741664277427
Received update: /ndn/is-site/is/svs_core/is=3, 1741664277538
Received update: /ndn/ua-site/ua/svs_core/ua=3, 1741664281169
Received update: /ndn/de1-site/de1/svs_core/de1=4, 1741664281169
Received update: /ndn/md-site/md/svs_core/md=4, 1741664283059
Received update: /ndn/am-site/am/svs_core/am=4, 1741664283176
Received update: /ndn/tr-site/tr/svs_core/tr=4, 1741664287713
Sending Sync interest
Received update: /ndn/be-site/be/svs_core/be=4, 1741664287951
Max suppression time updated to: 84
Received update: /ndn/no-site/no/svs_core/no=4, 1741664287978
Received update: /ndn/es-site/es/svs_core/es=3, 1741664288107
Received update: /ndn/me-site/me/svs_core/me=4, 1741664288107
Received update: /ndn/fr1-site/fr1/svs_core/fr1=4, 1741664288107
Received update: /ndn/al-site/al/svs_core/al=4, 1741664288328
Received update: /ndn/cz-site/cz/svs_core/cz=4, 1741664289575
Received update: /ndn/nl-site/nl/svs_core/nl=4, 1741664291408
Received update: /ndn/ge-site/ge/svs_core/ge=4, 1741664291564
Received update: /ndn/pt-site/pt/svs_core/pt=4, 1741664294880
Received update: /ndn/hr-site/hr/svs_core/hr=4, 1741664294955
Received update: /ndn/si-site/si/svs_core/si=4, 1741664294955
Received update: /ndn/bg-site/bg/svs_core/bg=3, 1741664295237
Received update: /ndn/ro-site/ro/svs_core/ro=4, 1741664295318
Received update: /ndn/se-site/se/svs_core/se=4, 1741664295422
Received update: /ndn/it-site/it/svs_core/it=4, 1741664296114
Received update: /ndn/fr2-site/fr2/svs_core/fr2=4, 1741664296114
Received update: /ndn/ee-site/ee/svs_core/ee=4, 1741664296315
Received update: /ndn/pl-site/pl/svs_core/pl=4, 1741664300509
Received update: /ndn/sk-site/sk/svs_core/sk=4, 1741664301417
Received update: /ndn/gr-site/gr/svs_core/gr=4, 1741664301507
Received update: /ndn/dk-site/dk/svs_core/dk=4, 1741664301525
Received update: /ndn/az-site/az/svs_core/az=4, 1741664302662
Received update: /ndn/cy-site/cy/svs_core/cy=4, 1741664304997
Received update: /ndn/fi-site/fi/svs_core/fi=4, 1741664305095
Received update: /ndn/mt-site/mt/svs_core/mt=4, 1741664309754
Received update: /ndn/de2-site/de2/svs_core/de2=4, 1741664309754
Received update: /ndn/rs-site/rs/svs_core/rs=4, 1741664309890
Received update: /ndn/uk-site/uk/svs_core/uk=4, 1741664310672
Received update: /ndn/by-site/by/svs_core/by=4, 1741664311001
Received update: /ndn/lu-site/lu/svs_core/lu=4, 1741664311001
Received update: /ndn/hu-site/hu/svs_core/hu=4, 1741664311937
Published sequence number: /ndn/il-site/il/svs_core/il=4, 1741664312038
Sending Sync interest
Received update: /ndn/lt-site/lt/svs_core/lt=4, 1741664320888
Received update: /ndn/de1-site/de1/svs_core/de1=5, 1741664326180
Received update: /ndn/ua-site/ua/svs_core/ua=4, 1741664326258
Received update: /ndn/ch-site/ch/svs_core/ch=4, 1741664326280
Received update: /ndn/es-site/es/svs_core/es=4, 1741664326280
Received update: /ndn/ie-site/ie/svs_core/ie=4, 1741664326557
Sending Sync interest
Max suppression time updated to: 78
Received update: /ndn/lv-site/lv/svs_core/lv=4, 1741664327332
Received update: /ndn/bg-site/bg/svs_core/bg=4, 1741664327510
Received update: /ndn/am-site/am/svs_core/am=5, 1741664327530
Received update: /ndn/me-site/me/svs_core/me=5, 1741664327904
Received update: /ndn/be-site/be/svs_core/be=5, 1741664332929
Received update: /ndn/is-site/is/svs_core/is=4, 1741664333024
Received update: /ndn/at-site/at/svs_core/at=4, 1741664333055
Received update: /ndn/fr1-site/fr1/svs_core/fr1=5, 1741664333055
Sending Sync interest
Max suppression time updated to: 70
Received update: /ndn/tr-site/tr/svs_core/tr=5, 1741664333205
Received update: /ndn/al-site/al/svs_core/al=5, 1741664333252
Received update: /ndn/no-site/no/svs_core/no=5, 1741664333435
Received update: /ndn/ge-site/ge/svs_core/ge=5, 1741664334823
Received update: /ndn/si-site/si/svs_core/si=5, 1741664335537
Sending Sync interest
Received update: /ndn/mk-site/mk/svs_core/mk=4, 1741664336038
Received update: /ndn/pt-site/pt/svs_core/pt=5, 1741664339881
Sending Sync interest
Received update: /ndn/nl-site/nl/svs_core/nl=5, 1741664339999
Received update: /ndn/ee-site/ee/svs_core/ee=5, 1741664340453
Received update: /ndn/ro-site/ro/svs_core/ro=5, 1741664340453
Received update: /ndn/hr-site/hr/svs_core/hr=5, 1741664340475
Received update: /ndn/it-site/it/svs_core/it=5, 1741664341093
Received update: /ndn/se-site/se/svs_core/se=5, 1741664341142
Received update: /ndn/dk-site/dk/svs_core/dk=5, 1741664341618
Received update: /ndn/fr2-site/fr2/svs_core/fr2=5, 1741664341618
Received update: /ndn/az-site/az/svs_core/az=5, 1741664341645
Received update: /ndn/at-site/at/svs_core/at=5, 1741664345492
Received update: /ndn/pl-site/pl/svs_core/pl=5, 1741664345492
Received update: /ndn/cy-site/cy/svs_core/cy=5, 1741664350034
Received update: /ndn/lu-site/lu/svs_core/lu=5, 1741664350162
Received update: /ndn/de2-site/de2/svs_core/de2=5, 1741664350162
Received update: /ndn/mk-site/mk/svs_core/mk=5, 1741664350185
Received update: /ndn/fi-site/fi/svs_core/fi=5, 1741664350271
Received update: /ndn/gr-site/gr/svs_core/gr=5, 1741664350463
Received update: /ndn/sk-site/sk/svs_core/sk=5, 1741664350463
Received update: /ndn/by-site/by/svs_core/by=5, 1741664354522
Received update: /ndn/mt-site/mt/svs_core/mt=5, 1741664354761
Received update: /ndn/hu-site/hu/svs_core/hu=5, 1741664355505
Received update: /ndn/ch-site/ch/svs_core/ch=5, 1741664356805
Received update: /ndn/uk-site/uk/svs_core/uk=5, 1741664356844
Published sequence number: /ndn/il-site/il/svs_core/il=5, 1741664357045
Sending Sync interest
Received update: /ndn/bg-site/bg/svs_core/bg=5, 1741664364184
Received update: /ndn/md-site/md/svs_core/md=5, 1741664364184
Sending Sync interest
Received update: /ndn/lt-site/lt/svs_core/lt=5, 1741664365841
Received update: /ndn/lv-site/lv/svs_core/lv=5, 1741664365841
Sending Sync interest
Received update: /ndn/is-site/is/svs_core/is=5, 1741664366122
Received update: /ndn/cz-site/cz/svs_core/cz=5, 1741664370940
Received update: /ndn/ie-site/ie/svs_core/ie=5, 1741664371066
Received update: /ndn/de1-site/de1/svs_core/de1=6, 1741664371171
Received update: /ndn/am-site/am/svs_core/am=6, 1741664372642
Received update: /ndn/md-site/md/svs_core/md=6, 1741664375015
Received update: /ndn/me-site/me/svs_core/me=6, 1741664375015
Received update: /ndn/ua-site/ua/svs_core/ua=5, 1741664375015
Received update: /ndn/tr-site/tr/svs_core/tr=6, 1741664377742
Received update: /ndn/no-site/no/svs_core/no=6, 1741664377911
Received update: /ndn/be-site/be/svs_core/be=6, 1741664377926
Received update: /ndn/fr1-site/fr1/svs_core/fr1=6, 1741664377980
Received update: /ndn/cz-site/cz/svs_core/cz=6, 1741664379579
Sending Sync interest
Received update: /ndn/al-site/al/svs_core/al=6, 1741664379725
Sending Sync interest
Received update: /ndn/ge-site/ge/svs_core/ge=6, 1741664380738
Received update: /ndn/si-site/si/svs_core/si=6, 1741664380738
Received update: /ndn/hr-site/hr/svs_core/hr=6, 1741664385348
Received update: /ndn/nl-site/nl/svs_core/nl=6, 1741664385348
Received update: /ndn/ro-site/ro/svs_core/ro=6, 1741664385348
Received update: /ndn/rs-site/rs/svs_core/rs=5, 1741664385348
Received update: /ndn/it-site/it/svs_core/it=6, 1741664386111
Received update: /ndn/az-site/az/svs_core/az=6, 1741664386654
Sending Sync interest
Received update: /ndn/fr2-site/fr2/svs_core/fr2=6, 1741664386787
Received update: /ndn/pt-site/pt/svs_core/pt=6, 1741664386866
Max suppression time updated to: 78
Max suppression time updated to: 86
Received update: /ndn/ee-site/ee/svs_core/ee=6, 1741664386993
Received update: /ndn/se-site/se/svs_core/se=6, 1741664386993
Received update: /ndn/dk-site/dk/svs_core/dk=6, 1741664387062
Received update: /ndn/at-site/at/svs_core/at=6, 1741664389092
Received update: /ndn/pl-site/pl/svs_core/pl=6, 1741664390498
Received update: /ndn/cy-site/cy/svs_core/cy=6, 1741664395006
Received update: /ndn/gr-site/gr/svs_core/gr=6, 1741664395006
Received update: /ndn/lu-site/lu/svs_core/lu=6, 1741664395126
Received update: /ndn/sk-site/sk/svs_core/sk=6, 1741664395135
Received update: /ndn/de2-site/de2/svs_core/de2=6, 1741664395173
Received update: /ndn/fi-site/fi/svs_core/fi=6, 1741664395421
Received update: /ndn/uk-site/uk/svs_core/uk=6, 1741664400641
Received update: /ndn/mk-site/mk/svs_core/mk=6, 1741664400872
Received update: /ndn/hu-site/hu/svs_core/hu=6, 1741664400977
Received update: /ndn/rs-site/rs/svs_core/rs=6, 1741664401032
Received update: /ndn/by-site/by/svs_core/by=6, 1741664401637
Received update: /ndn/ch-site/ch/svs_core/ch=6, 1741664401637
Received update: /ndn/mt-site/mt/svs_core/mt=6, 1741664401812
Published sequence number: /ndn/il-site/il/svs_core/il=6, 1741664402050
Sending Sync interest
Received update: /ndn/is-site/is/svs_core/is=6, 1741664402163
Sending Sync interest
Received update: /ndn/lt-site/lt/svs_core/lt=6, 1741664410857
Received update: /ndn/es-site/es/svs_core/es=5, 1741664410967
Received update: /ndn/es-site/es/svs_core/es=6, 1741664410967
Received update: /ndn/lv-site/lv/svs_core/lv=6, 1741664410980
Received update: /ndn/ua-site/ua/svs_core/ua=6, 1741664416164
Received update: /ndn/de1-site/de1/svs_core/de1=7, 1741664416164
Received update: /ndn/ie-site/ie/svs_core/ie=6, 1741664416268
Received update: /ndn/md-site/md/svs_core/md=7, 1741664418071
Received update: /ndn/bg-site/bg/svs_core/bg=6, 1741664418159
Received update: /ndn/am-site/am/svs_core/am=7, 1741664418176
Received update: /ndn/tr-site/tr/svs_core/tr=7, 1741664422781
Received update: /ndn/be-site/be/svs_core/be=7, 1741664426441
Received update: /ndn/nl-site/nl/svs_core/nl=7, 1741664426441
Received update: /ndn/me-site/me/svs_core/me=7, 1741664426576
Received update: /ndn/fr1-site/fr1/svs_core/fr1=7, 1741664426714
Received update: /ndn/si-site/si/svs_core/si=7, 1741664426878
Received update: /ndn/se-site/se/svs_core/se=7, 1741664427414
Sending Sync interest
Received update: /ndn/ge-site/ge/svs_core/ge=7, 1741664427541
Received update: /ndn/cz-site/cz/svs_core/cz=7, 1741664427583
Received update: /ndn/ee-site/ee/svs_core/ee=7, 1741664428495
Received update: /ndn/no-site/no/svs_core/no=7, 1741664428626
Received update: /ndn/al-site/al/svs_core/al=7, 1741664428653
Received update: /ndn/hr-site/hr/svs_core/hr=7, 1741664428748
Sending Sync interest
Received update: /ndn/pt-site/pt/svs_core/pt=7, 1741664429885
Received update: /ndn/fr2-site/fr2/svs_core/fr2=7, 1741664430826
Received update: /ndn/it-site/it/svs_core/it=7, 1741664431105
Received update: /ndn/dk-site/dk/svs_core/dk=7, 1741664431127
Received update: /ndn/ro-site/ro/svs_core/ro=7, 1741664431274
Sending Sync interest
Received update: /ndn/gr-site/gr/svs_core/gr=7, 1741664435816
Received update: /ndn/at-site/at/svs_core/at=7, 1741664435837
Received update: /ndn/mk-site/mk/svs_core/mk=7, 1741664435994
Received update: /ndn/pl-site/pl/svs_core/pl=7, 1741664436173
Received update: /ndn/sk-site/sk/svs_core/sk=7, 1741664436471
Received update: /ndn/cy-site/cy/svs_core/cy=7, 1741664440167
Received update: /ndn/de2-site/de2/svs_core/de2=7, 1741664440167
Received update: /ndn/hu-site/hu/svs_core/hu=7, 1741664445562
Received update: /ndn/rs-site/rs/svs_core/rs=7, 1741664445562
Received update: /ndn/mt-site/mt/svs_core/mt=7, 1741664445592
Received update: /ndn/uk-site/uk/svs_core/uk=7, 1741664445643
Received update: /ndn/az-site/az/svs_core/az=7, 1741664445826
Received update: /ndn/by-site/by/svs_core/by=7, 1741664445826
Received update: /ndn/lu-site/lu/svs_core/lu=7, 1741664445826
Published sequence number: /ndn/il-site/il/svs_core/il=7, 1741664447057
Sending Sync interest
Received update: /ndn/is-site/is/svs_core/is=7, 1741664447150
Sending Sync interest
Max suppression time updated to: 80
Received update: /ndn/ch-site/ch/svs_core/ch=7, 1741664447278
Received update: /ndn/lv-site/lv/svs_core/lv=7, 1741664454604
Received update: /ndn/lt-site/lt/svs_core/lt=7, 1741664455645
Received update: /ndn/fi-site/fi/svs_core/fi=7, 1741664455752
Received update: /ndn/es-site/es/svs_core/es=7, 1741664461092
Received update: /ndn/ua-site/ua/svs_core/ua=7, 1741664461092
Received update: /ndn/am-site/am/svs_core/am=8, 1741664462536
Received update: /ndn/ie-site/ie/svs_core/ie=7, 1741664462657
Received update: /ndn/de1-site/de1/svs_core/de1=8, 1741664462657
Received update: /ndn/me-site/me/svs_core/me=8, 1741664462901
Received update: /ndn/bg-site/bg/svs_core/bg=7, 1741664463016
Received update: /ndn/no-site/no/svs_core/no=8, 1741664463241
Sending Sync interest
Sending Sync interest
Received update: /ndn/md-site/md/svs_core/md=8, 1741664463534
Sending Sync interest
Received update: /ndn/tr-site/tr/svs_core/tr=8, 1741664467733
Received update: /ndn/be-site/be/svs_core/be=8, 1741664467957
Sending Sync interest
Received update: /ndn/ge-site/ge/svs_core/ge=8, 1741664470527
Received update: /ndn/si-site/si/svs_core/si=8, 1741664470527
Received update: /ndn/cz-site/cz/svs_core/cz=8, 1741664471521
Received update: /ndn/nl-site/nl/svs_core/nl=8, 1741664471521
Received update: /ndn/fr1-site/fr1/svs_core/fr1=8, 1741664471521
Received update: /ndn/al-site/al/svs_core/al=8, 1741664476116
Received update: /ndn/it-site/it/svs_core/it=8, 1741664476116
Received update: /ndn/fr2-site/fr2/svs_core/fr2=8, 1741664476116
Received update: /ndn/dk-site/dk/svs_core/dk=8, 1741664476193
Received update: /ndn/se-site/se/svs_core/se=8, 1741664476193
Received update: /ndn/at-site/at/svs_core/at=8, 1741664479136
Received update: /ndn/hr-site/hr/svs_core/hr=8, 1741664479136
Received update: /ndn/ro-site/ro/svs_core/ro=8, 1741664479136
Received update: /ndn/fi-site/fi/svs_core/fi=8, 1741664484252
Received update: /ndn/ee-site/ee/svs_core/ee=8, 1741664484324
Received update: /ndn/sk-site/sk/svs_core/sk=8, 1741664484369
Received update: /ndn/lu-site/lu/svs_core/lu=8, 1741664484393
Received update: /ndn/pl-site/pl/svs_core/pl=8, 1741664484432
Received update: /ndn/gr-site/gr/svs_core/gr=8, 1741664484469
Received update: /ndn/az-site/az/svs_core/az=8, 1741664484502
Received update: /ndn/pt-site/pt/svs_core/pt=8, 1741664484502
Received update: /ndn/mk-site/mk/svs_core/mk=8, 1741664484528
Received update: /ndn/cy-site/cy/svs_core/cy=8, 1741664485174
Received update: /ndn/de2-site/de2/svs_core/de2=8, 1741664485174
Sending Sync interest
Received update: /ndn/by-site/by/svs_core/by=8, 1741664489455
Received update: /ndn/rs-site/rs/svs_core/rs=8, 1741664489709
Received update: /ndn/hu-site/hu/svs_core/hu=8, 1741664490441
Received update: /ndn/ch-site/ch/svs_core/ch=8, 1741664491638
Received update: /ndn/uk-site/uk/svs_core/uk=8, 1741664491638
Published sequence number: /ndn/il-site/il/svs_core/il=8, 1741664492059
Sending Sync interest
Received update: /ndn/es-site/es/svs_core/es=8, 1741664493883
Received update: /ndn/mt-site/mt/svs_core/mt=8, 1741664493883
Received update: /ndn/is-site/is/svs_core/is=8, 1741664494009
Received update: /ndn/bg-site/bg/svs_core/bg=8, 1741664497998
Received update: /ndn/lv-site/lv/svs_core/lv=8, 1741664499546
Received update: /ndn/ua-site/ua/svs_core/ua=8, 1741664506127
Received update: /ndn/lt-site/lt/svs_core/lt=8, 1741664512833
Received update: /ndn/tr-site/tr/svs_core/tr=9, 1741664512833
Received update: /ndn/de1-site/de1/svs_core/de1=9, 1741664512833
Received update: /ndn/be-site/be/svs_core/be=9, 1741664512934
Received update: /ndn/al-site/al/svs_core/al=9, 1741664513003
Received update: /ndn/md-site/md/svs_core/md=9, 1741664513038
Received update: /ndn/me-site/me/svs_core/me=9, 1741664513052
Sending Sync interest
Received update: /ndn/no-site/no/svs_core/no=9, 1741664513153
Received update: /ndn/ie-site/ie/svs_core/ie=8, 1741664513180
Received update: /ndn/am-site/am/svs_core/am=9, 1741664513364
Received update: /ndn/fr1-site/fr1/svs_core/fr1=9, 1741664513664
Received update: /ndn/cz-site/cz/svs_core/cz=9, 1741664514582
Received update: /ndn/nl-site/nl/svs_core/nl=9, 1741664516411
Received update: /ndn/ge-site/ge/svs_core/ge=9, 1741664516479
Received update: /ndn/si-site/si/svs_core/si=9, 1741664516547
Received update: /ndn/pt-site/pt/svs_core/pt=9, 1741664519936
Received update: /ndn/ee-site/ee/svs_core/ee=9, 1741664520330
Received update: /ndn/hr-site/hr/svs_core/hr=9, 1741664520330
Received update: /ndn/it-site/it/svs_core/it=9, 1741664521118
Received update: /ndn/az-site/az/svs_core/az=9, 1741664521668
Received update: /ndn/at-site/at/svs_core/at=9, 1741664524124
Received update: /ndn/fr2-site/fr2/svs_core/fr2=9, 1741664524299
Received update: /ndn/pl-site/pl/svs_core/pl=9, 1741664525503
Received update: /ndn/se-site/se/svs_core/se=9, 1741664525617
Received update: /ndn/mk-site/mk/svs_core/mk=9, 1741664525809
Received update: /ndn/ro-site/ro/svs_core/ro=9, 1741664525809
Received update: /ndn/dk-site/dk/svs_core/dk=9, 1741664525830
Received update: /ndn/gr-site/gr/svs_core/gr=9, 1741664525988
Received update: /ndn/sk-site/sk/svs_core/sk=9, 1741664526454
Received update: /ndn/cy-site/cy/svs_core/cy=9, 1741664530017
Received update: /ndn/fi-site/fi/svs_core/fi=9, 1741664530198
Received update: /ndn/de2-site/de2/svs_core/de2=9, 1741664530198
Received update: /ndn/rs-site/rs/svs_core/rs=9, 1741664530651
Sending Sync interest
Received update: /ndn/lu-site/lu/svs_core/lu=9, 1741664530819
Received update: /ndn/mt-site/mt/svs_core/mt=9, 1741664534778
Sending Sync interest
Received update: /ndn/by-site/by/svs_core/by=9, 1741664534903
Received update: /ndn/uk-site/uk/svs_core/uk=9, 1741664535650
Published sequence number: /ndn/il-site/il/svs_core/il=9, 1741664537065
Sending Sync interest
Max suppression time updated to: 74
Received update: /ndn/ch-site/ch/svs_core/ch=9, 1741664537168
Received update: /ndn/hu-site/hu/svs_core/hu=9, 1741664537168
Max suppression time updated to: 78
Received update: /ndn/es-site/es/svs_core/es=9, 1741664538793
Received update: /ndn/bg-site/bg/svs_core/bg=9, 1741664542990
Sending Sync interest
Received update: /ndn/ie-site/ie/svs_core/ie=9, 1741664547177
Received update: /ndn/is-site/is/svs_core/is=9, 1741664547234
Received update: /ndn/lv-site/lv/svs_core/lv=9, 1741664547234
Received update: /ndn/lt-site/lt/svs_core/lt=9, 1741664548490
Received update: /ndn/am-site/am/svs_core/am=10, 1741664552543
Received update: /ndn/ua-site/ua/svs_core/ua=9, 1741664552543
Received update: /ndn/de1-site/de1/svs_core/de1=10, 1741664552543
Received update: /ndn/no-site/no/svs_core/no=10, 1741664553342
Received update: /ndn/md-site/md/svs_core/md=10, 1741664553538
Received update: /ndn/me-site/me/svs_core/me=10, 1741664553538
Received update: /ndn/tr-site/tr/svs_core/tr=10, 1741664557751
Received update: /ndn/be-site/be/svs_core/be=10, 1741664557937
Received update: /ndn/al-site/al/svs_core/al=10, 1741664557970
Sending Sync interest
Received update: /ndn/fr1-site/fr1/svs_core/fr1=10, 1741664558182
Received update: /ndn/ge-site/ge/svs_core/ge=10, 1741664559875
Received update: /ndn/nl-site/nl/svs_core/nl=10, 1741664561415
Received update: /ndn/hr-site/hr/svs_core/hr=10, 1741664562666
Received update: /ndn/si-site/si/svs_core/si=10, 1741664562701
Received update: /ndn/se-site/se/svs_core/se=10, 1741664562797
Received update: /ndn/cz-site/cz/svs_core/cz=10, 1741664562852
Sending Sync interest
Received update: /ndn/ro-site/ro/svs_core/ro=10, 1741664564765
Received update: /ndn/ee-site/ee/svs_core/ee=10, 1741664566102
Received update: /ndn/it-site/it/svs_core/it=10, 1741664566102
Received update: /ndn/pt-site/pt/svs_core/pt=10, 1741664566102
Received update: /ndn/dk-site/dk/svs_core/dk=10, 1741664566126
Received update: /ndn/mk-site/mk/svs_core/mk=10, 1741664566313
Received update: /ndn/fr2-site/fr2/svs_core/fr2=10, 1741664566479
Received update: /ndn/at-site/at/svs_core/at=10, 1741664569108
Received update: /ndn/az-site/az/svs_core/az=10, 1741664569108
Received update: /ndn/cy-site/cy/svs_core/cy=10, 1741664575023
Received update: /ndn/gr-site/gr/svs_core/gr=10, 1741664575136
Received update: /ndn/pl-site/pl/svs_core/pl=10, 1741664575200
Received update: /ndn/de2-site/de2/svs_core/de2=10, 1741664575200
Received update: /ndn/lu-site/lu/svs_core/lu=10, 1741664575241
Received update: /ndn/fi-site/fi/svs_core/fi=10, 1741664575304
Received update: /ndn/sk-site/sk/svs_core/sk=10, 1741664575346
Received update: /ndn/hu-site/hu/svs_core/hu=10, 1741664580472
Received update: /ndn/uk-site/uk/svs_core/uk=10, 1741664580718
Received update: /ndn/rs-site/rs/svs_core/rs=10, 1741664580786
Received update: /ndn/ch-site/ch/svs_core/ch=10, 1741664581618
Received update: /ndn/is-site/is/svs_core/is=10, 1741664582041
Published sequence number: /ndn/il-site/il/svs_core/il=10, 1741664582070
Sending Sync interest
Received update: /ndn/mt-site/mt/svs_core/mt=10, 1741664582330
Max suppression time updated to: 106
Received update: /ndn/by-site/by/svs_core/by=10, 1741664582801
Received update: /ndn/lv-site/lv/svs_core/lv=10, 1741664589503
Received update: /ndn/es-site/es/svs_core/es=10, 1741664589641
Received update: /ndn/ua-site/ua/svs_core/ua=10, 1741664596111
Received update: /ndn/bg-site/bg/svs_core/bg=10, 1741664596293
Received update: /ndn/am-site/am/svs_core/am=11, 1741664597542
Sending Sync interest
Received update: /ndn/md-site/md/svs_core/md=11, 1741664598130
Received update: /ndn/de1-site/de1/svs_core/de1=11, 1741664598205
Received update: /ndn/me-site/me/svs_core/me=11, 1741664600387
Received update: /ndn/tr-site/tr/svs_core/tr=11, 1741664602738
Sending Sync interest
Received update: /ndn/be-site/be/svs_core/be=11, 1741664602938
Received update: /ndn/ie-site/ie/svs_core/ie=10, 1741664602996
Received update: /ndn/ge-site/ge/svs_core/ge=11, 1741664604846
Received update: /ndn/cz-site/cz/svs_core/cz=11, 1741664604980
Received update: /ndn/fr1-site/fr1/svs_core/fr1=11, 1741664605004
Received update: /ndn/si-site/si/svs_core/si=11, 1741664605582
Received update: /ndn/no-site/no/svs_core/no=11, 1741664605663
Received update: /ndn/al-site/al/svs_core/al=11, 1741664605816
Received update: /ndn/nl-site/nl/svs_core/nl=11, 1741664606419
Received update: /ndn/hr-site/hr/svs_core/hr=11, 1741664607603
Received update: /ndn/ee-site/ee/svs_core/ee=11, 1741664608517
Received update: /ndn/lt-site/lt/svs_core/lt=10, 1741664608517
Received update: /ndn/se-site/se/svs_core/se=11, 1741664608517
Received update: /ndn/pt-site/pt/svs_core/pt=11, 1741664610034
Received update: /ndn/it-site/it/svs_core/it=11, 1741664611133
Received update: /ndn/fr2-site/fr2/svs_core/fr2=11, 1741664611253
Received update: /ndn/pl-site/pl/svs_core/pl=11, 1741664615540
Received update: /ndn/at-site/at/svs_core/at=11, 1741664615562
Received update: /ndn/az-site/az/svs_core/az=11, 1741664615635
Received update: /ndn/gr-site/gr/svs_core/gr=11, 1741664615824
Received update: /ndn/mk-site/mk/svs_core/mk=11, 1741664615935
Received update: /ndn/dk-site/dk/svs_core/dk=11, 1741664615941
Received update: /ndn/ro-site/ro/svs_core/ro=11, 1741664616045
Received update: /ndn/lu-site/lu/svs_core/lu=11, 1741664618078
Received update: /ndn/sk-site/sk/svs_core/sk=11, 1741664618124
Received update: /ndn/cy-site/cy/svs_core/cy=11, 1741664624908
Received update: /ndn/mt-site/mt/svs_core/mt=11, 1741664624908
Received update: /ndn/de2-site/de2/svs_core/de2=11, 1741664624969
Received update: /ndn/hu-site/hu/svs_core/hu=11, 1741664625553
Received update: /ndn/rs-site/rs/svs_core/rs=11, 1741664625553
Received update: /ndn/uk-site/uk/svs_core/uk=11, 1741664625652
Received update: /ndn/by-site/by/svs_core/by=11, 1741664625707
Published sequence number: /ndn/il-site/il/svs_core/il=11, 1741664627073
Sending Sync interest
Received update: /ndn/ch-site/ch/svs_core/ch=11, 1741664628805
Received update: /ndn/es-site/es/svs_core/es=11, 1741664628805
Received update: /ndn/am-site/am/svs_core/am=12, 1741664642544
Received update: /ndn/de1-site/de1/svs_core/de1=12, 1741664642691
Received update: /ndn/ie-site/ie/svs_core/ie=11, 1741664642814
Received update: /ndn/bg-site/bg/svs_core/bg=11, 1741664642823
Received update: /ndn/ua-site/ua/svs_core/ua=11, 1741664642825
Sending Sync interest
Received update: /ndn/md-site/md/svs_core/md=12, 1741664643150
Received update: /ndn/tr-site/tr/svs_core/tr=12, 1741664647765
Received update: /ndn/lv-site/lv/svs_core/lv=11, 1741664647862
Received update: /ndn/fr1-site/fr1/svs_core/fr1=12, 1741664648020
Received update: /ndn/be-site/be/svs_core/be=12, 1741664648114
Received update: /ndn/is-site/is/svs_core/is=11, 1741664648137
Received update: /ndn/me-site/me/svs_core/me=12, 1741664648207
Received update: /ndn/al-site/al/svs_core/al=12, 1741664648452
Received update: /ndn/lt-site/lt/svs_core/lt=11, 1741664648583
Received update: /ndn/cz-site/cz/svs_core/cz=12, 1741664649615
Received update: /ndn/ge-site/ge/svs_core/ge=12, 1741664649848
Received update: /ndn/no-site/no/svs_core/no=12, 1741664650007
Received update: /ndn/it-site/it/svs_core/it=12, 1741664656115
Received update: /ndn/nl-site/nl/svs_core/nl=12, 1741664656238
Received update: /ndn/pt-site/pt/svs_core/pt=12, 1741664656243
Received update: /ndn/mk-site/mk/svs_core/mk=12, 1741664656273
Received update: /ndn/ro-site/ro/svs_core/ro=12, 1741664656273
Received update: /ndn/fr2-site/fr2/svs_core/fr2=12, 1741664656275
Received update: /ndn/dk-site/dk/svs_core/dk=12, 1741664656307
Received update: /ndn/si-site/si/svs_core/si=12, 1741664656307
Received update: /ndn/ee-site/ee/svs_core/ee=12, 1741664656393
Received update: /ndn/fi-site/fi/svs_core/fi=11, 1741664656503
Received update: /ndn/se-site/se/svs_core/se=12, 1741664656503
Received update: /ndn/az-site/az/svs_core/az=12, 1741664656701
Received update: /ndn/at-site/at/svs_core/at=12, 1741664659289
Received update: /ndn/hr-site/hr/svs_core/hr=12, 1741664659289
Received update: /ndn/pl-site/pl/svs_core/pl=12, 1741664660525
Received update: /ndn/fi-site/fi/svs_core/fi=12, 1741664664156
Sending Sync interest
Received update: /ndn/gr-site/gr/svs_core/gr=12, 1741664664265
Received update: /ndn/sk-site/sk/svs_core/sk=12, 1741664664269
Max suppression time updated to: 104
Max suppression time updated to: 104
Received update: /ndn/cy-site/cy/svs_core/cy=12, 1741664665033
Received update: /ndn/de2-site/de2/svs_core/de2=12, 1741664665184
Received update: /ndn/lu-site/lu/svs_core/lu=12, 1741664665289
Received update: /ndn/rs-site/rs/svs_core/rs=12, 1741664665695
Sending Sync interest
Received update: /ndn/mt-site/mt/svs_core/mt=12, 1741664669795
Received update: /ndn/hu-site/hu/svs_core/hu=12, 1741664670461
Received update: /ndn/uk-site/uk/svs_core/uk=12, 1741664670662
Received update: /ndn/by-site/by/svs_core/by=12, 1741664670785
Published sequence number: /ndn/il-site/il/svs_core/il=12, 1741664672077
Sending Sync interest
Received update: /ndn/ch-site/ch/svs_core/ch=12, 1741664686093
Received update: /ndn/ua-site/ua/svs_core/ua=12, 1741664686093
Sending Sync interest
Received update: /ndn/ie-site/ie/svs_core/ie=12, 1741664686218
Sending Sync interest
Max suppression time updated to: 104
Received update: /ndn/is-site/is/svs_core/is=12, 1741664686375
Sending Sync interest
Max suppression time updated to: 100
Received update: /ndn/de1-site/de1/svs_core/de1=13, 1741664686437
Received update: /ndn/am-site/am/svs_core/am=13, 1741664687623
Received update: /ndn/lt-site/lt/svs_core/lt=12, 1741664687623
Received update: /ndn/lv-site/lv/svs_core/lv=12, 1741664687623
Received update: /ndn/md-site/md/svs_core/md=13, 1741664688097
Received update: /ndn/no-site/no/svs_core/no=13, 1741664688254
Received update: /ndn/me-site/me/svs_core/me=13, 1741664688307
Received update: /ndn/bg-site/bg/svs_core/bg=12, 1741664688627
Received update: /ndn/tr-site/tr/svs_core/tr=13, 1741664692737
Received update: /ndn/cz-site/cz/svs_core/cz=13, 1741664694594
Received update: /ndn/fr1-site/fr1/svs_core/fr1=13, 1741664694661
Received update: /ndn/ge-site/ge/svs_core/ge=13, 1741664694848
Received update: /ndn/be-site/be/svs_core/be=13, 1741664696436
Received update: /ndn/nl-site/nl/svs_core/nl=13, 1741664696436
Received update: /ndn/al-site/al/svs_core/al=13, 1741664696727
Received update: /ndn/si-site/si/svs_core/si=13, 1741664696727
Received update: /ndn/ee-site/ee/svs_core/ee=13, 1741664698524
Received update: /ndn/hr-site/hr/svs_core/hr=13, 1741664698634
Received update: /ndn/se-site/se/svs_core/se=13, 1741664698636
Received update: /ndn/ro-site/ro/svs_core/ro=13, 1741664699769
Received update: /ndn/az-site/az/svs_core/az=13, 1741664701686
Received update: /ndn/pt-site/pt/svs_core/pt=13, 1741664701822
Received update: /ndn/fr2-site/fr2/svs_core/fr2=13, 1741664701846
Received update: /ndn/it-site/it/svs_core/it=13, 1741664701858
Received update: /ndn/at-site/at/svs_core/at=13, 1741664704122
Received update: /ndn/mk-site/mk/svs_core/mk=13, 1741664704259
Received update: /ndn/dk-site/dk/svs_core/dk=13, 1741664704354
Received update: /ndn/gr-site/gr/svs_core/gr=13, 1741664705867
Received update: /ndn/pl-site/pl/svs_core/pl=13, 1741664705867
Received update: /ndn/cy-site/cy/svs_core/cy=13, 1741664710044
Received update: /ndn/sk-site/sk/svs_core/sk=13, 1741664710090
Received update: /ndn/rs-site/rs/svs_core/rs=13, 1741664710678
Received update: /ndn/de2-site/de2/svs_core/de2=13, 1741664710734
Received update: /ndn/by-site/by/svs_core/by=13, 1741664714831
Received update: /ndn/fi-site/fi/svs_core/fi=13, 1741664714831
Received update: /ndn/mt-site/mt/svs_core/mt=13, 1741664714831
Received update: /ndn/uk-site/uk/svs_core/uk=13, 1741664715697
Received update: /ndn/hu-site/hu/svs_core/hu=13, 1741664715789
Received update: /ndn/ch-site/ch/svs_core/ch=13, 1741664716602
Published sequence number: /ndn/il-site/il/svs_core/il=13, 1741664717079
Sending Sync interest
Received update: /ndn/is-site/is/svs_core/is=13, 1741664717108
Received update: /ndn/de1-site/de1/svs_core/de1=14, 1741664731193
Received update: /ndn/am-site/am/svs_core/am=14, 1741664732550
Received update: /ndn/ie-site/ie/svs_core/ie=13, 1741664732666
Received update: /ndn/lv-site/lv/svs_core/lv=13, 1741664732753
Received update: /ndn/ua-site/ua/svs_core/ua=13, 1741664732753
Received update: /ndn/bg-site/bg/svs_core/bg=13, 1741664733089
Received update: /ndn/md-site/md/svs_core/md=14, 1741664733089
Received update: /ndn/tr-site/tr/svs_core/tr=14, 1741664737731
Received update: /ndn/be-site/be/svs_core/be=14, 1741664737948
Received update: /ndn/es-site/es/svs_core/es=12, 1741664738026
Received update: /ndn/es-site/es/svs_core/es=13, 1741664738026
Received update: /ndn/al-site/al/svs_core/al=14, 1741664738036
Received update: /ndn/lt-site/lt/svs_core/lt=13, 1741664738188
Received update: /ndn/fr1-site/fr1/svs_core/fr1=14, 1741664738519
Received update: /ndn/lu-site/lu/svs_core/lu=13, 1741664738591
Received update: /ndn/me-site/me/svs_core/me=14, 1741664738824
Received update: /ndn/cz-site/cz/svs_core/cz=14, 1741664739612
Received update: /ndn/no-site/no/svs_core/no=14, 1741664739747
Received update: /ndn/nl-site/nl/svs_core/nl=14, 1741664741436
Received update: /ndn/si-site/si/svs_core/si=14, 1741664741536
Received update: /ndn/ge-site/ge/svs_core/ge=14, 1741664743323
Received update: /ndn/pt-site/pt/svs_core/pt=14, 1741664744914
Received update: /ndn/ee-site/ee/svs_core/ee=14, 1741664745047
Received update: /ndn/ro-site/ro/svs_core/ro=14, 1741664745096
Received update: /ndn/hr-site/hr/svs_core/hr=14, 1741664745257
Received update: /ndn/fr2-site/fr2/svs_core/fr2=14, 1741664745894
Received update: /ndn/it-site/it/svs_core/it=14, 1741664746123
Received update: /ndn/dk-site/dk/svs_core/dk=14, 1741664746147
Received update: /ndn/se-site/se/svs_core/se=14, 1741664746388
Received update: /ndn/mk-site/mk/svs_core/mk=14, 1741664746481
Received update: /ndn/at-site/at/svs_core/at=14, 1741664749148
Received update: /ndn/pl-site/pl/svs_core/pl=14, 1741664750541
Received update: /ndn/gr-site/gr/svs_core/gr=14, 1741664750857
Received update: /ndn/az-site/az/svs_core/az=14, 1741664751152
Received update: /ndn/sk-site/sk/svs_core/sk=14, 1741664751465
Received update: /ndn/fi-site/fi/svs_core/fi=14, 1741664754141
Received update: /ndn/lu-site/lu/svs_core/lu=14, 1741664754141
Sending Sync interest
Max suppression time updated to: 98
Received update: /ndn/cy-site/cy/svs_core/cy=14, 1741664759089
Received update: /ndn/de2-site/de2/svs_core/de2=14, 1741664759089
Max suppression time updated to: 96
Received update: /ndn/by-site/by/svs_core/by=14, 1741664759468
Received update: /ndn/mt-site/mt/svs_core/mt=14, 1741664759803
Received update: /ndn/uk-site/uk/svs_core/uk=14, 1741664760694
Received update: /ndn/hu-site/hu/svs_core/hu=14, 1741664760871
Received update: /ndn/rs-site/rs/svs_core/rs=14, 1741664760871
Received update: /ndn/ch-site/ch/svs_core/ch=14, 1741664761635
Published sequence number: /ndn/il-site/il/svs_core/il=14, 1741664762082
Sending Sync interest
Received update: /ndn/lv-site/lv/svs_core/lv=14, 1741664769565
Received update: /ndn/bg-site/bg/svs_core/bg=14, 1741664770071
Received update: /ndn/is-site/is/svs_core/is=14, 1741664770071
Received update: /ndn/ie-site/ie/svs_core/ie=14, 1741664772159
Sending Sync interest
Received update: /ndn/ua-site/ua/svs_core/ua=14, 1741664776101
Received update: /ndn/es-site/es/svs_core/es=14, 1741664782740
Received update: /ndn/me-site/me/svs_core/me=15, 1741664782740
Received update: /ndn/tr-site/tr/svs_core/tr=15, 1741664782740
Received update: /ndn/de1-site/de1/svs_core/de1=15, 1741664782861
Received update: /ndn/al-site/al/svs_core/al=15, 1741664782969
Received update: /ndn/be-site/be/svs_core/be=15, 1741664783064
Received update: /ndn/si-site/si/svs_core/si=15, 1741664785555
Received update: /ndn/fr1-site/fr1/svs_core/fr1=15, 1741664785588
Received update: /ndn/am-site/am/svs_core/am=15, 1741664785753
Received update: /ndn/cz-site/cz/svs_core/cz=15, 1741664785918
Received update: /ndn/ee-site/ee/svs_core/ee=15, 1741664788530
Received update: /ndn/nl-site/nl/svs_core/nl=15, 1741664788530
Received update: /ndn/hr-site/hr/svs_core/hr=15, 1741664788704
Received update: /ndn/ro-site/ro/svs_core/ro=15, 1741664789765
Received update: /ndn/pt-site/pt/svs_core/pt=15, 1741664789953
Received update: /ndn/no-site/no/svs_core/no=15, 1741664789986
Received update: /ndn/se-site/se/svs_core/se=15, 1741664789986
Received update: /ndn/md-site/md/svs_core/md=15, 1741664790042
Received update: /ndn/fr2-site/fr2/svs_core/fr2=15, 1741664790879
Received update: /ndn/dk-site/dk/svs_core/dk=15, 1741664791135
Received update: /ndn/at-site/at/svs_core/at=15, 1741664794257
Received update: /ndn/it-site/it/svs_core/it=15, 1741664794257
Received update: /ndn/pl-site/pl/svs_core/pl=15, 1741664795526
Received update: /ndn/az-site/az/svs_core/az=15, 1741664795581
Received update: /ndn/lt-site/lt/svs_core/lt=14, 1741664795764
Received update: /ndn/gr-site/gr/svs_core/gr=15, 1741664795835
Received update: /ndn/sk-site/sk/svs_core/sk=15, 1741664796485
Received update: /ndn/cy-site/cy/svs_core/cy=15, 1741664800039
Received update: /ndn/fi-site/fi/svs_core/fi=15, 1741664801356
Received update: /ndn/lu-site/lu/svs_core/lu=15, 1741664801356
Received update: /ndn/de2-site/de2/svs_core/de2=15, 1741664801356
Received update: /ndn/rs-site/rs/svs_core/rs=15, 1741664801504
Received update: /ndn/by-site/by/svs_core/by=15, 1741664804487
Received update: /ndn/uk-site/uk/svs_core/uk=15, 1741664805675
Received update: /ndn/ch-site/ch/svs_core/ch=15, 1741664806615
Published sequence number: /ndn/il-site/il/svs_core/il=15, 1741664807085
Sending Sync interest
Received update: /ndn/hu-site/hu/svs_core/hu=15, 1741664807242
Received update: /ndn/is-site/is/svs_core/is=15, 1741664807242
Received update: /ndn/mt-site/mt/svs_core/mt=15, 1741664807323
Received update: /ndn/lv-site/lv/svs_core/lv=15, 1741664814527
Max suppression time updated to: 96
Received update: /ndn/ge-site/ge/svs_core/ge=15, 1741664814757
Received update: /ndn/am-site/am/svs_core/am=16, 1741664822557
Received update: /ndn/de1-site/de1/svs_core/de1=16, 1741664822557
Received update: /ndn/ie-site/ie/svs_core/ie=15, 1741664822697
Received update: /ndn/ua-site/ua/svs_core/ua=15, 1741664822718
Received update: /ndn/bg-site/bg/svs_core/bg=15, 1741664822792
Received update: /ndn/md-site/md/svs_core/md=16, 1741664823300
Received update: /ndn/lt-site/lt/svs_core/lt=15, 1741664823490
Received update: /ndn/es-site/es/svs_core/es=15, 1741664827884
Received update: /ndn/tr-site/tr/svs_core/tr=16, 1741664827884
Received update: /ndn/be-site/be/svs_core/be=16, 1741664827963
Received update: /ndn/fr1-site/fr1/svs_core/fr1=16, 1741664828030
Received update: /ndn/al-site/al/svs_core/al=16, 1741664828065
Received update: /ndn/me-site/me/svs_core/me=16, 1741664828134
Received update: /ndn/mk-site/mk/svs_core/mk=15, 1741664828153
Received update: /ndn/no-site/no/svs_core/no=16, 1741664828457
Received update: /ndn/cz-site/cz/svs_core/cz=16, 1741664830656
Received update: /ndn/ge-site/ge/svs_core/ge=16, 1741664830656
Received update: /ndn/si-site/si/svs_core/si=16, 1741664830656
Received update: /ndn/hr-site/hr/svs_core/hr=16, 1741664832627
Received update: /ndn/nl-site/nl/svs_core/nl=16, 1741664832627
Received update: /ndn/ee-site/ee/svs_core/ee=16, 1741664833533
Sending Sync interest
Received update: /ndn/pt-site/pt/svs_core/pt=16, 1741664834921
Received update: /ndn/it-site/it/svs_core/it=16, 1741664836130
Received update: /ndn/fr2-site/fr2/svs_core/fr2=16, 1741664836130
Sending Sync interest
Max suppression time updated to: 94
Received update: /ndn/dk-site/dk/svs_core/dk=16, 1741664836403
Received update: /ndn/se-site/se/svs_core/se=16, 1741664836403
Received update: /ndn/ro-site/ro/svs_core/ro=16, 1741664836610
Received update: /ndn/at-site/at/svs_core/at=16, 1741664839131
Received update: /ndn/sk-site/sk/svs_core/sk=16, 1741664841473
Sending Sync interest
Received update: /ndn/pl-site/pl/svs_core/pl=16, 1741664841565
Received update: /ndn/gr-site/gr/svs_core/gr=16, 1741664841636
Received update: /ndn/lu-site/lu/svs_core/lu=16, 1741664843033
Received update: /ndn/cy-site/cy/svs_core/cy=16, 1741664845044
Received update: /ndn/fi-site/fi/svs_core/fi=16, 1741664845228
Received update: /ndn/rs-site/rs/svs_core/rs=16, 1741664845701
Received update: /ndn/de2-site/de2/svs_core/de2=16, 1741664845701
Received update: /ndn/uk-site/uk/svs_core/uk=16, 1741664850677
Received update: /ndn/ch-site/ch/svs_core/ch=16, 1741664851616
Received update: /ndn/hu-site/hu/svs_core/hu=16, 1741664851802
Received update: /ndn/by-site/by/svs_core/by=16, 1741664851943
Published sequence number: /ndn/il-site/il/svs_core/il=16, 1741664852089
Sending Sync interest
Received update: /ndn/bg-site/bg/svs_core/bg=16, 1741664858124
Sending Sync interest
Max suppression time updated to: 92
Received update: /ndn/ie-site/ie/svs_core/ie=16, 1741664885731
Stopping SVS client: /ndn/il-site/il/svs_core/il
