SVS client starting: /ndn/lv-site/lv/svs_core/lv
Max suppression time updated to: 176
Max suppression time updated to: 176
Max suppression time updated to: 148
Max suppression time updated to: 120
Max suppression time updated to: 124
Max suppression time updated to: 132
Max suppression time updated to: 144
Max suppression time updated to: 156
Sending Sync interest
Max suppression time updated to: 164
Max suppression time updated to: 152
Max suppression time updated to: 156
Max suppression time updated to: 164
Max suppression time updated to: 168
Max suppression time updated to: 176
Max suppression time updated to: 176
Max suppression time updated to: 176
Max suppression time updated to: 180
Max suppression time updated to: 184
Max suppression time updated to: 188
Max suppression time updated to: 188
Max suppression time updated to: 188
Max suppression time updated to: 188
Max suppression time updated to: 192
Max suppression time updated to: 192
Max suppression time updated to: 200
Max suppression time updated to: 200
Max suppression time updated to: 200
Max suppression time updated to: 200
Max suppression time updated to: 204
Max suppression time updated to: 204
Max suppression time updated to: 208
Max suppression time updated to: 212
Received update: /ndn/hr-site/hr/svs_core/hr=1, 1741620928930
Max suppression time updated to: 228
Sending Sync interest
Max suppression time updated to: 232
Max suppression time updated to: 228
Received update: /ndn/nl-site/nl/svs_core/nl=1, 1741620931030
Max suppression time updated to: 228
Max suppression time updated to: 228
Max suppression time updated to: 220
Received update: /ndn/lt-site/lt/svs_core/lt=1, 1741620931489
Max suppression time updated to: 224
Received update: /ndn/mt-site/mt/svs_core/mt=1, 1741620932855
Max suppression time updated to: 224
Max suppression time updated to: 220
Max suppression time updated to: 220
Max suppression time updated to: 224
Received update: /ndn/rs-site/rs/svs_core/rs=1, 1741620933182
Max suppression time updated to: 232
Received update: /ndn/al-site/al/svs_core/al=1, 1741620933663
Max suppression time updated to: 232
Received update: /ndn/de1-site/de1/svs_core/de1=1, 1741620936379
Received update: /ndn/fr1-site/fr1/svs_core/fr1=1, 1741620936379
Max suppression time updated to: 232
Received update: /ndn/uk-site/uk/svs_core/uk=1, 1741620937083
Max suppression time updated to: 232
Received update: /ndn/dk-site/dk/svs_core/dk=1, 1741620937663
Max suppression time updated to: 232
Received update: /ndn/am-site/am/svs_core/am=1, 1741620938202
Max suppression time updated to: 228
Received update: /ndn/it-site/it/svs_core/it=1, 1741620938966
Max suppression time updated to: 232
Received update: /ndn/fi-site/fi/svs_core/fi=1, 1741620939002
Max suppression time updated to: 232
Received update: /ndn/by-site/by/svs_core/by=1, 1741620939233
Max suppression time updated to: 232
Max suppression time updated to: 232
Max suppression time updated to: 232
Received update: /ndn/ge-site/ge/svs_core/ge=1, 1741620940856
Received update: /ndn/no-site/no/svs_core/no=1, 1741620940856
Received update: /ndn/ua-site/ua/svs_core/ua=1, 1741620940856
Max suppression time updated to: 236
Received update: /ndn/pt-site/pt/svs_core/pt=1, 1741620946600
Max suppression time updated to: 232
Received update: /ndn/de2-site/de2/svs_core/de2=1, 1741620948092
Max suppression time updated to: 232
Received update: /ndn/is-site/is/svs_core/is=1, 1741620948476
Max suppression time updated to: 232
Received update: /ndn/at-site/at/svs_core/at=1, 1741620950935
Max suppression time updated to: 232
Received update: /ndn/sk-site/sk/svs_core/sk=1, 1741620951762
Max suppression time updated to: 232
Received update: /ndn/az-site/az/svs_core/az=1, 1741620951907
Max suppression time updated to: 232
Received update: /ndn/bg-site/bg/svs_core/bg=1, 1741620952092
Max suppression time updated to: 232
Received update: /ndn/fr2-site/fr2/svs_core/fr2=1, 1741620952949
Max suppression time updated to: 232
Received update: /ndn/se-site/se/svs_core/se=1, 1741620955147
Max suppression time updated to: 236
Received update: /ndn/mk-site/mk/svs_core/mk=1, 1741620956152
Max suppression time updated to: 236
Received update: /ndn/ie-site/ie/svs_core/ie=1, 1741620956201
Max suppression time updated to: 236
Max suppression time updated to: 236
Received update: /ndn/cy-site/cy/svs_core/cy=1, 1741620960894
Received update: /ndn/lu-site/lu/svs_core/lu=1, 1741620960894
Max suppression time updated to: 236
Received update: /ndn/ee-site/ee/svs_core/ee=1, 1741620961168
Max suppression time updated to: 236
Received update: /ndn/es-site/es/svs_core/es=1, 1741620961286
Max suppression time updated to: 236
Received update: /ndn/hu-site/hu/svs_core/hu=1, 1741620963099
Max suppression time updated to: 236
Received update: /ndn/cz-site/cz/svs_core/cz=1, 1741620963739
Max suppression time updated to: 236
Received update: /ndn/tr-site/tr/svs_core/tr=1, 1741620963848
Max suppression time updated to: 236
Received update: /ndn/il-site/il/svs_core/il=1, 1741620980375
Max suppression time updated to: 236
Received update: /ndn/be-site/be/svs_core/be=1, 1741620987317
Received update: /ndn/gr-site/gr/svs_core/gr=1, 1741620987317
Received update: /ndn/me-site/me/svs_core/me=1, 1741620987317
Received update: /ndn/pl-site/pl/svs_core/pl=1, 1741620987317
Received update: /ndn/ro-site/ro/svs_core/ro=1, 1741620987317
Received update: /ndn/si-site/si/svs_core/si=1, 1741620987317
Max suppression time updated to: 236
Max suppression time updated to: 240
Published sequence number: /ndn/lv-site/lv/svs_core/lv=1, 1741620988675
Sending Sync interest
Max suppression time updated to: 240
Received update: /ndn/hr-site/hr/svs_core/hr=2, 1741620989497
Max suppression time updated to: 240
Received update: /ndn/nl-site/nl/svs_core/nl=2, 1741620989507
Max suppression time updated to: 244
Received update: /ndn/ch-site/ch/svs_core/ch=1, 1741620989666
Sending Sync interest
Max suppression time updated to: 244
Received update: /ndn/md-site/md/svs_core/md=1, 1741620990010
Max suppression time updated to: 240
Max suppression time updated to: 244
Max suppression time updated to: 244
Max suppression time updated to: 244
Received update: /ndn/lt-site/lt/svs_core/lt=2, 1741620997003
Received update: /ndn/de1-site/de1/svs_core/de1=2, 1741620997003
Max suppression time updated to: 244
Max suppression time updated to: 244
Max suppression time updated to: 244
Received update: /ndn/al-site/al/svs_core/al=2, 1741620997492
Received update: /ndn/mt-site/mt/svs_core/mt=2, 1741620997492
Received update: /ndn/fr1-site/fr1/svs_core/fr1=2, 1741620997492
Max suppression time updated to: 244
Max suppression time updated to: 244
Max suppression time updated to: 244
Max suppression time updated to: 244
Max suppression time updated to: 244
Received update: /ndn/rs-site/rs/svs_core/rs=2, 1741620998003
Max suppression time updated to: 248
Received update: /ndn/uk-site/uk/svs_core/uk=2, 1741620998024
Max suppression time updated to: 248
Max suppression time updated to: 244
Received update: /ndn/am-site/am/svs_core/am=2, 1741620998765
Received update: /ndn/dk-site/dk/svs_core/dk=2, 1741620998765
Max suppression time updated to: 244
Received update: /ndn/it-site/it/svs_core/it=2, 1741620999551
Max suppression time updated to: 248
Received update: /ndn/fi-site/fi/svs_core/fi=2, 1741620999587
Max suppression time updated to: 248
Max suppression time updated to: 248
Max suppression time updated to: 248
Received update: /ndn/no-site/no/svs_core/no=2, 1741621001012
Max suppression time updated to: 244
Received update: /ndn/by-site/by/svs_core/by=2, 1741621001285
Max suppression time updated to: 244
Received update: /ndn/ge-site/ge/svs_core/ge=2, 1741621001983
Max suppression time updated to: 244
Received update: /ndn/ua-site/ua/svs_core/ua=2, 1741621008665
Received update: /ndn/de2-site/de2/svs_core/de2=2, 1741621008665
Max suppression time updated to: 244
Received update: /ndn/at-site/at/svs_core/at=2, 1741621027069
Received update: /ndn/is-site/is/svs_core/is=2, 1741621027069
Max suppression time updated to: 244
Received update: /ndn/pt-site/pt/svs_core/pt=2, 1741621027370
Max suppression time updated to: 244
Received update: /ndn/sk-site/sk/svs_core/sk=2, 1741621027901
Max suppression time updated to: 244
Received update: /ndn/az-site/az/svs_core/az=2, 1741621028040
Max suppression time updated to: 244
Received update: /ndn/bg-site/bg/svs_core/bg=2, 1741621031253
Received update: /ndn/se-site/se/svs_core/se=2, 1741621031253
Received update: /ndn/fr2-site/fr2/svs_core/fr2=2, 1741621031253
Max suppression time updated to: 244
Received update: /ndn/mk-site/mk/svs_core/mk=2, 1741621032258
Max suppression time updated to: 244
Received update: /ndn/cy-site/cy/svs_core/cy=2, 1741621037075
Received update: /ndn/ie-site/ie/svs_core/ie=2, 1741621037075
Received update: /ndn/lu-site/lu/svs_core/lu=2, 1741621037075
Max suppression time updated to: 244
Received update: /ndn/ee-site/ee/svs_core/ee=2, 1741621037197
Max suppression time updated to: 244
Max suppression time updated to: 244
Received update: /ndn/cz-site/cz/svs_core/cz=2, 1741621039868
Received update: /ndn/hu-site/hu/svs_core/hu=2, 1741621039868
Max suppression time updated to: 244
Received update: /ndn/es-site/es/svs_core/es=2, 1741621039913
Max suppression time updated to: 244
Max suppression time updated to: 244
Received update: /ndn/tr-site/tr/svs_core/tr=2, 1741621039948
Max suppression time updated to: 244
Max suppression time updated to: 244
Received update: /ndn/il-site/il/svs_core/il=2, 1741621040907
Max suppression time updated to: 244
Received update: /ndn/be-site/be/svs_core/be=2, 1741621046121
Received update: /ndn/gr-site/gr/svs_core/gr=2, 1741621046121
Received update: /ndn/ro-site/ro/svs_core/ro=2, 1741621046121
Received update: /ndn/si-site/si/svs_core/si=2, 1741621046121
Max suppression time updated to: 244
Received update: /ndn/ch-site/ch/svs_core/ch=2, 1741621048787
Max suppression time updated to: 248
Received update: /ndn/pl-site/pl/svs_core/pl=2, 1741621048834
Max suppression time updated to: 248
Received update: /ndn/me-site/me/svs_core/me=2, 1741621048933
Published sequence number: /ndn/lv-site/lv/svs_core/lv=2, 1741621049231
Sending Sync interest
Max suppression time updated to: 248
Received update: /ndn/md-site/md/svs_core/md=2, 1741621049667
Max suppression time updated to: 252
Received update: /ndn/hr-site/hr/svs_core/hr=3, 1741621050114
Max suppression time updated to: 252
Received update: /ndn/nl-site/nl/svs_core/nl=3, 1741621052726
Received update: /ndn/rs-site/rs/svs_core/rs=3, 1741621052726
Max suppression time updated to: 252
Max suppression time updated to: 252
Received update: /ndn/lt-site/lt/svs_core/lt=3, 1741621053119
Max suppression time updated to: 252
Received update: /ndn/mt-site/mt/svs_core/mt=3, 1741621053975
Max suppression time updated to: 248
Received update: /ndn/fr1-site/fr1/svs_core/fr1=3, 1741621056262
Max suppression time updated to: 252
Received update: /ndn/de1-site/de1/svs_core/de1=3, 1741621057561
Max suppression time updated to: 252
Received update: /ndn/dk-site/dk/svs_core/dk=3, 1741621058831
Received update: /ndn/uk-site/uk/svs_core/uk=3, 1741621058831
Max suppression time updated to: 252
Received update: /ndn/by-site/by/svs_core/by=3, 1741621059364
Max suppression time updated to: 252
Max suppression time updated to: 252
Max suppression time updated to: 252
Received update: /ndn/al-site/al/svs_core/al=3, 1741621059621
Max suppression time updated to: 252
Max suppression time updated to: 252
Max suppression time updated to: 252
Max suppression time updated to: 252
Received update: /ndn/ge-site/ge/svs_core/ge=3, 1741621061979
Max suppression time updated to: 252
Received update: /ndn/it-site/it/svs_core/it=3, 1741621062025
Max suppression time updated to: 256
Max suppression time updated to: 260
Max suppression time updated to: 264
Received update: /ndn/fi-site/fi/svs_core/fi=3, 1741621063041
Received update: /ndn/no-site/no/svs_core/no=3, 1741621063041
Max suppression time updated to: 264
Received update: /ndn/pt-site/pt/svs_core/pt=3, 1741621067740
Max suppression time updated to: 264
Received update: /ndn/ua-site/ua/svs_core/ua=3, 1741621067969
Max suppression time updated to: 268
Received update: /ndn/am-site/am/svs_core/am=3, 1741621068759
Max suppression time updated to: 268
Received update: /ndn/at-site/at/svs_core/at=3, 1741621074277
Received update: /ndn/az-site/az/svs_core/az=3, 1741621074277
Received update: /ndn/bg-site/bg/svs_core/bg=3, 1741621074277
Received update: /ndn/is-site/is/svs_core/is=3, 1741621074277
Received update: /ndn/sk-site/sk/svs_core/sk=3, 1741621074277
Received update: /ndn/de2-site/de2/svs_core/de2=3, 1741621074277
Received update: /ndn/fr2-site/fr2/svs_core/fr2=3, 1741621074277
Max suppression time updated to: 264
Received update: /ndn/se-site/se/svs_core/se=3, 1741621076281
Max suppression time updated to: 264
Received update: /ndn/ee-site/ee/svs_core/ee=3, 1741621078147
Received update: /ndn/mk-site/mk/svs_core/mk=3, 1741621078147
Max suppression time updated to: 264
Received update: /ndn/lu-site/lu/svs_core/lu=3, 1741621082025
Sending Sync interest
Max suppression time updated to: 264
Received update: /ndn/cy-site/cy/svs_core/cy=3, 1741621084866
Received update: /ndn/cz-site/cz/svs_core/cz=3, 1741621084866
Received update: /ndn/es-site/es/svs_core/es=3, 1741621084866
Received update: /ndn/hu-site/hu/svs_core/hu=3, 1741621084866
Received update: /ndn/ie-site/ie/svs_core/ie=3, 1741621084866
Max suppression time updated to: 260
Received update: /ndn/gr-site/gr/svs_core/gr=3, 1741621085691
Received update: /ndn/tr-site/tr/svs_core/tr=3, 1741621085691
Max suppression time updated to: 260
Received update: /ndn/il-site/il/svs_core/il=3, 1741621101526
Max suppression time updated to: 260
Received update: /ndn/pl-site/pl/svs_core/pl=3, 1741621108191
Received update: /ndn/ro-site/ro/svs_core/ro=3, 1741621108191
Received update: /ndn/si-site/si/svs_core/si=3, 1741621108191
Max suppression time updated to: 260
Received update: /ndn/be-site/be/svs_core/be=3, 1741621108434
Max suppression time updated to: 260
Received update: /ndn/ch-site/ch/svs_core/ch=3, 1741621109379
Max suppression time updated to: 260
Max suppression time updated to: 260
Max suppression time updated to: 260
Max suppression time updated to: 260
Received update: /ndn/md-site/md/svs_core/md=3, 1741621109694
Published sequence number: /ndn/lv-site/lv/svs_core/lv=3, 1741621109847
Sending Sync interest
Max suppression time updated to: 260
Received update: /ndn/nl-site/nl/svs_core/nl=4, 1741621110635
Max suppression time updated to: 260
Received update: /ndn/hr-site/hr/svs_core/hr=4, 1741621110662
Max suppression time updated to: 260
Received update: /ndn/me-site/me/svs_core/me=3, 1741621111052
Max suppression time updated to: 260
Max suppression time updated to: 260
Received update: /ndn/rs-site/rs/svs_core/rs=4, 1741621113162
Max suppression time updated to: 260
Received update: /ndn/mt-site/mt/svs_core/mt=4, 1741621114599
Max suppression time updated to: 264
Received update: /ndn/fr1-site/fr1/svs_core/fr1=4, 1741621116911
Max suppression time updated to: 264
Received update: /ndn/uk-site/uk/svs_core/uk=4, 1741621118830
Received update: /ndn/de1-site/de1/svs_core/de1=4, 1741621118830
Max suppression time updated to: 260
Received update: /ndn/dk-site/dk/svs_core/dk=4, 1741621119406
Received update: /ndn/lt-site/lt/svs_core/lt=4, 1741621119406
Max suppression time updated to: 260
Received update: /ndn/al-site/al/svs_core/al=4, 1741621120921
Received update: /ndn/am-site/am/svs_core/am=4, 1741621120921
Received update: /ndn/fi-site/fi/svs_core/fi=4, 1741621120921
Max suppression time updated to: 264
Received update: /ndn/it-site/it/svs_core/it=4, 1741621121196
Max suppression time updated to: 260
Received update: /ndn/ua-site/ua/svs_core/ua=4, 1741621122164
Sending Sync interest
Max suppression time updated to: 260
Max suppression time updated to: 260
Max suppression time updated to: 260
Received update: /ndn/by-site/by/svs_core/by=4, 1741621122462
Max suppression time updated to: 264
Received update: /ndn/ge-site/ge/svs_core/ge=4, 1741621123629
Max suppression time updated to: 264
Received update: /ndn/no-site/no/svs_core/no=4, 1741621123955
Max suppression time updated to: 268
Received update: /ndn/de2-site/de2/svs_core/de2=4, 1741621129841
Max suppression time updated to: 268
Received update: /ndn/pt-site/pt/svs_core/pt=4, 1741621130152
Max suppression time updated to: 264
Received update: /ndn/is-site/is/svs_core/is=4, 1741621130358
Max suppression time updated to: 264
Max suppression time updated to: 264
Max suppression time updated to: 264
Max suppression time updated to: 264
Max suppression time updated to: 264
Received update: /ndn/at-site/at/svs_core/at=4, 1741621150284
Received update: /ndn/sk-site/sk/svs_core/sk=4, 1741621150284
Received update: /ndn/fr2-site/fr2/svs_core/fr2=4, 1741621150284
Max suppression time updated to: 264
Received update: /ndn/mk-site/mk/svs_core/mk=4, 1741621153472
Max suppression time updated to: 264
Received update: /ndn/bg-site/bg/svs_core/bg=4, 1741621153703
Received update: /ndn/ie-site/ie/svs_core/ie=4, 1741621153703
Max suppression time updated to: 264
Received update: /ndn/se-site/se/svs_core/se=4, 1741621153744
Max suppression time updated to: 264
Received update: /ndn/az-site/az/svs_core/az=4, 1741621154015
Max suppression time updated to: 264
Received update: /ndn/cy-site/cy/svs_core/cy=4, 1741621158239
Received update: /ndn/ee-site/ee/svs_core/ee=4, 1741621158239
Received update: /ndn/lu-site/lu/svs_core/lu=4, 1741621158239
Max suppression time updated to: 264
Received update: /ndn/es-site/es/svs_core/es=4, 1741621158610
Max suppression time updated to: 264
Received update: /ndn/hu-site/hu/svs_core/hu=4, 1741621160427
Max suppression time updated to: 264
Received update: /ndn/cz-site/cz/svs_core/cz=4, 1741621161178
Received update: /ndn/tr-site/tr/svs_core/tr=4, 1741621161178
Max suppression time updated to: 264
Received update: /ndn/gr-site/gr/svs_core/gr=4, 1741621161900
Max suppression time updated to: 264
Received update: /ndn/il-site/il/svs_core/il=4, 1741621162286
Max suppression time updated to: 268
Max suppression time updated to: 268
Max suppression time updated to: 268
Received update: /ndn/si-site/si/svs_core/si=4, 1741621163628
Max suppression time updated to: 272
Received update: /ndn/ro-site/ro/svs_core/ro=4, 1741621166007
Max suppression time updated to: 268
Received update: /ndn/be-site/be/svs_core/be=4, 1741621167353
Max suppression time updated to: 268
Max suppression time updated to: 268
Received update: /ndn/pl-site/pl/svs_core/pl=4, 1741621168756
Max suppression time updated to: 268
Received update: /ndn/ch-site/ch/svs_core/ch=4, 1741621169994
Received update: /ndn/me-site/me/svs_core/me=4, 1741621169994
Published sequence number: /ndn/lv-site/lv/svs_core/lv=4, 1741621170439
Sending Sync interest
Max suppression time updated to: 268
Received update: /ndn/md-site/md/svs_core/md=4, 1741621171437
Received update: /ndn/nl-site/nl/svs_core/nl=5, 1741621171437
Max suppression time updated to: 268
Received update: /ndn/hr-site/hr/svs_core/hr=5, 1741621171578
Max suppression time updated to: 268
Received update: /ndn/rs-site/rs/svs_core/rs=5, 1741621173741
Max suppression time updated to: 268
Received update: /ndn/lt-site/lt/svs_core/lt=5, 1741621173842
Max suppression time updated to: 268
Received update: /ndn/mt-site/mt/svs_core/mt=5, 1741621175194
Max suppression time updated to: 268
Max suppression time updated to: 268
Max suppression time updated to: 268
Max suppression time updated to: 268
Max suppression time updated to: 268
Max suppression time updated to: 268
Received update: /ndn/al-site/al/svs_core/al=5, 1741621175940
Max suppression time updated to: 268
Received update: /ndn/fr1-site/fr1/svs_core/fr1=5, 1741621177495
Max suppression time updated to: 268
Max suppression time updated to: 268
Max suppression time updated to: 268
Received update: /ndn/uk-site/uk/svs_core/uk=5, 1741621179452
Received update: /ndn/de1-site/de1/svs_core/de1=5, 1741621179452
Max suppression time updated to: 268
Received update: /ndn/am-site/am/svs_core/am=5, 1741621182763
Received update: /ndn/dk-site/dk/svs_core/dk=5, 1741621182763
Received update: /ndn/no-site/no/svs_core/no=5, 1741621182763
Max suppression time updated to: 268
Received update: /ndn/it-site/it/svs_core/it=5, 1741621182963
Max suppression time updated to: 268
Received update: /ndn/ua-site/ua/svs_core/ua=5, 1741621182998
Max suppression time updated to: 268
Max suppression time updated to: 268
Received update: /ndn/ge-site/ge/svs_core/ge=5, 1741621183178
Max suppression time updated to: 264
Received update: /ndn/by-site/by/svs_core/by=5, 1741621183519
Max suppression time updated to: 268
Received update: /ndn/pt-site/pt/svs_core/pt=5, 1741621188950
Max suppression time updated to: 264
Received update: /ndn/at-site/at/svs_core/at=5, 1741621193412
Received update: /ndn/is-site/is/svs_core/is=5, 1741621193412
Received update: /ndn/de2-site/de2/svs_core/de2=5, 1741621193412
Max suppression time updated to: 268
Received update: /ndn/az-site/az/svs_core/az=5, 1741621194454
Received update: /ndn/fi-site/fi/svs_core/fi=5, 1741621194454
Received update: /ndn/sk-site/sk/svs_core/sk=5, 1741621194454
Max suppression time updated to: 268
Received update: /ndn/bg-site/bg/svs_core/bg=5, 1741621195306
Received update: /ndn/fr2-site/fr2/svs_core/fr2=5, 1741621195306
Max suppression time updated to: 268
Received update: /ndn/ie-site/ie/svs_core/ie=5, 1741621197942
Max suppression time updated to: 268
Received update: /ndn/mk-site/mk/svs_core/mk=5, 1741621198656
Received update: /ndn/se-site/se/svs_core/se=5, 1741621198656
Max suppression time updated to: 268
Received update: /ndn/ee-site/ee/svs_core/ee=5, 1741621199366
Sending Sync interest
Max suppression time updated to: 268
Received update: /ndn/cy-site/cy/svs_core/cy=5, 1741621201924
Max suppression time updated to: 268
Received update: /ndn/cz-site/cz/svs_core/cz=5, 1741621206091
Received update: /ndn/es-site/es/svs_core/es=5, 1741621206091
Received update: /ndn/hu-site/hu/svs_core/hu=5, 1741621206091
Received update: /ndn/lu-site/lu/svs_core/lu=5, 1741621206091
Max suppression time updated to: 268
Received update: /ndn/be-site/be/svs_core/be=5, 1741621227680
Received update: /ndn/gr-site/gr/svs_core/gr=5, 1741621227680
Received update: /ndn/si-site/si/svs_core/si=5, 1741621227680
Received update: /ndn/tr-site/tr/svs_core/tr=5, 1741621227680
Max suppression time updated to: 268
Received update: /ndn/il-site/il/svs_core/il=5, 1741621229244
Received update: /ndn/pl-site/pl/svs_core/pl=5, 1741621229244
Received update: /ndn/ro-site/ro/svs_core/ro=5, 1741621229244
Max suppression time updated to: 268
Received update: /ndn/me-site/me/svs_core/me=5, 1741621229494
Max suppression time updated to: 268
Received update: /ndn/ch-site/ch/svs_core/ch=5, 1741621230457
Max suppression time updated to: 268
Max suppression time updated to: 264
Published sequence number: /ndn/lv-site/lv/svs_core/lv=5, 1741621230915
Sending Sync interest
Max suppression time updated to: 264
Received update: /ndn/hr-site/hr/svs_core/hr=6, 1741621232000
Received update: /ndn/md-site/md/svs_core/md=5, 1741621232000
Received update: /ndn/nl-site/nl/svs_core/nl=6, 1741621232000
Sending Sync interest
Max suppression time updated to: 264
Received update: /ndn/lt-site/lt/svs_core/lt=6, 1741621234325
Max suppression time updated to: 268
Received update: /ndn/al-site/al/svs_core/al=6, 1741621236475
Received update: /ndn/mt-site/mt/svs_core/mt=6, 1741621236475
Max suppression time updated to: 264
Max suppression time updated to: 264
Received update: /ndn/de1-site/de1/svs_core/de1=6, 1741621239223
Received update: /ndn/fr1-site/fr1/svs_core/fr1=6, 1741621239223
Max suppression time updated to: 264
Received update: /ndn/uk-site/uk/svs_core/uk=6, 1741621239904
Max suppression time updated to: 264
Received update: /ndn/dk-site/dk/svs_core/dk=6, 1741621240493
Max suppression time updated to: 264
Received update: /ndn/rs-site/rs/svs_core/rs=6, 1741621240618
Max suppression time updated to: 264
Max suppression time updated to: 264
Received update: /ndn/by-site/by/svs_core/by=6, 1741621241010
Max suppression time updated to: 264
Received update: /ndn/it-site/it/svs_core/it=6, 1741621241973
Max suppression time updated to: 264
Max suppression time updated to: 264
Received update: /ndn/am-site/am/svs_core/am=6, 1741621242112
Max suppression time updated to: 264
Max suppression time updated to: 264
Received update: /ndn/fi-site/fi/svs_core/fi=6, 1741621242453
Max suppression time updated to: 264
Received update: /ndn/ge-site/ge/svs_core/ge=6, 1741621243672
Received update: /ndn/no-site/no/svs_core/no=6, 1741621243672
Received update: /ndn/ua-site/ua/svs_core/ua=6, 1741621243672
Max suppression time updated to: 260
Received update: /ndn/de2-site/de2/svs_core/de2=6, 1741621250920
Max suppression time updated to: 260
Received update: /ndn/at-site/at/svs_core/at=6, 1741621271334
Received update: /ndn/is-site/is/svs_core/is=6, 1741621271334
Received update: /ndn/sk-site/sk/svs_core/sk=6, 1741621271334
Max suppression time updated to: 260
Received update: /ndn/bg-site/bg/svs_core/bg=6, 1741621274929
Received update: /ndn/pt-site/pt/svs_core/pt=6, 1741621274929
Received update: /ndn/se-site/se/svs_core/se=6, 1741621274929
Max suppression time updated to: 260
Received update: /ndn/ie-site/ie/svs_core/ie=6, 1741621275167
Received update: /ndn/fr2-site/fr2/svs_core/fr2=6, 1741621275167
Max suppression time updated to: 260
Received update: /ndn/ee-site/ee/svs_core/ee=6, 1741621276607
Max suppression time updated to: 260
Received update: /ndn/az-site/az/svs_core/az=6, 1741621276925
Received update: /ndn/mk-site/mk/svs_core/mk=6, 1741621276925
Max suppression time updated to: 260
Max suppression time updated to: 260
Max suppression time updated to: 260
Received update: /ndn/cy-site/cy/svs_core/cy=6, 1741621280493
Received update: /ndn/lu-site/lu/svs_core/lu=6, 1741621280493
Max suppression time updated to: 260
Received update: /ndn/cz-site/cz/svs_core/cz=6, 1741621283317
Received update: /ndn/es-site/es/svs_core/es=6, 1741621283317
Received update: /ndn/hu-site/hu/svs_core/hu=6, 1741621283317
Max suppression time updated to: 260
Received update: /ndn/gr-site/gr/svs_core/gr=6, 1741621284312
Received update: /ndn/tr-site/tr/svs_core/tr=6, 1741621284312
Max suppression time updated to: 260
Received update: /ndn/si-site/si/svs_core/si=6, 1741621285864
Max suppression time updated to: 260
Received update: /ndn/il-site/il/svs_core/il=6, 1741621291004
Received update: /ndn/pl-site/pl/svs_core/pl=6, 1741621291004
Received update: /ndn/ro-site/ro/svs_core/ro=6, 1741621291004
Max suppression time updated to: 260
Received update: /ndn/be-site/be/svs_core/be=6, 1741621292234
Received update: /ndn/ch-site/ch/svs_core/ch=6, 1741621292234
Received update: /ndn/me-site/me/svs_core/me=6, 1741621292234
Published sequence number: /ndn/lv-site/lv/svs_core/lv=6, 1741621292676
Sending Sync interest
Max suppression time updated to: 260
Received update: /ndn/nl-site/nl/svs_core/nl=7, 1741621293472
Max suppression time updated to: 260
Received update: /ndn/hr-site/hr/svs_core/hr=7, 1741621296012
Received update: /ndn/md-site/md/svs_core/md=6, 1741621296012
Received update: /ndn/rs-site/rs/svs_core/rs=7, 1741621296012
Max suppression time updated to: 260
Received update: /ndn/lt-site/lt/svs_core/lt=7, 1741621296087
Sending Sync interest
Max suppression time updated to: 260
Received update: /ndn/mt-site/mt/svs_core/mt=7, 1741621297435
Max suppression time updated to: 260
Max suppression time updated to: 260
Max suppression time updated to: 260
Max suppression time updated to: 260
Max suppression time updated to: 260
Received update: /ndn/al-site/al/svs_core/al=7, 1741621298494
Max suppression time updated to: 260
Received update: /ndn/de1-site/de1/svs_core/de1=7, 1741621300976
Max suppression time updated to: 260
Received update: /ndn/uk-site/uk/svs_core/uk=7, 1741621301683
Received update: /ndn/fr1-site/fr1/svs_core/fr1=7, 1741621301683
Max suppression time updated to: 260
Received update: /ndn/dk-site/dk/svs_core/dk=7, 1741621302312
Max suppression time updated to: 260
Max suppression time updated to: 260
Received update: /ndn/am-site/am/svs_core/am=7, 1741621303574
Received update: /ndn/it-site/it/svs_core/it=7, 1741621303574
Max suppression time updated to: 260
Received update: /ndn/no-site/no/svs_core/no=7, 1741621305008
Max suppression time updated to: 260
Received update: /ndn/ua-site/ua/svs_core/ua=7, 1741621305009
Sending Sync interest
Max suppression time updated to: 260
Max suppression time updated to: 260
Received update: /ndn/by-site/by/svs_core/by=7, 1741621305583
Max suppression time updated to: 260
Received update: /ndn/fi-site/fi/svs_core/fi=7, 1741621305729
Max suppression time updated to: 260
Received update: /ndn/ge-site/ge/svs_core/ge=7, 1741621305853
Max suppression time updated to: 260
Max suppression time updated to: 260
Max suppression time updated to: 260
Received update: /ndn/is-site/is/svs_core/is=7, 1741621313205
Received update: /ndn/pt-site/pt/svs_core/pt=7, 1741621313205
Max suppression time updated to: 260
Received update: /ndn/de2-site/de2/svs_core/de2=7, 1741621313392
Max suppression time updated to: 260
Received update: /ndn/az-site/az/svs_core/az=7, 1741621316574
Max suppression time updated to: 260
Received update: /ndn/at-site/at/svs_core/at=7, 1741621316575
Received update: /ndn/sk-site/sk/svs_core/sk=7, 1741621316575
Max suppression time updated to: 260
Max suppression time updated to: 260
Max suppression time updated to: 260
Received update: /ndn/bg-site/bg/svs_core/bg=7, 1741621317119
Max suppression time updated to: 260
Received update: /ndn/ie-site/ie/svs_core/ie=7, 1741621320168
Max suppression time updated to: 260
Received update: /ndn/fr2-site/fr2/svs_core/fr2=7, 1741621320228
Max suppression time updated to: 260
Max suppression time updated to: 260
Received update: /ndn/se-site/se/svs_core/se=7, 1741621320647
Max suppression time updated to: 260
Received update: /ndn/ee-site/ee/svs_core/ee=7, 1741621321607
Max suppression time updated to: 260
Received update: /ndn/mk-site/mk/svs_core/mk=7, 1741621322034
Max suppression time updated to: 260
Received update: /ndn/cy-site/cy/svs_core/cy=7, 1741621329175
Received update: /ndn/cz-site/cz/svs_core/cz=7, 1741621329175
Received update: /ndn/es-site/es/svs_core/es=7, 1741621329175
Received update: /ndn/gr-site/gr/svs_core/gr=7, 1741621329175
Received update: /ndn/hu-site/hu/svs_core/hu=7, 1741621329175
Received update: /ndn/lu-site/lu/svs_core/lu=7, 1741621329175
Received update: /ndn/tr-site/tr/svs_core/tr=7, 1741621329175
Max suppression time updated to: 260
Received update: /ndn/il-site/il/svs_core/il=7, 1741621329364
Max suppression time updated to: 260
Received update: /ndn/be-site/be/svs_core/be=7, 1741621350762
Received update: /ndn/ro-site/ro/svs_core/ro=7, 1741621350762
Received update: /ndn/si-site/si/svs_core/si=7, 1741621350762
Max suppression time updated to: 260
Max suppression time updated to: 260
Received update: /ndn/pl-site/pl/svs_core/pl=7, 1741621352319
Max suppression time updated to: 260
Received update: /ndn/ch-site/ch/svs_core/ch=7, 1741621353465
Max suppression time updated to: 260
Received update: /ndn/md-site/md/svs_core/md=7, 1741621353788
Published sequence number: /ndn/lv-site/lv/svs_core/lv=7, 1741621353936
Sending Sync interest
Max suppression time updated to: 260
Received update: /ndn/me-site/me/svs_core/me=7, 1741621354744
Received update: /ndn/nl-site/nl/svs_core/nl=8, 1741621354744
Max suppression time updated to: 260
Received update: /ndn/hr-site/hr/svs_core/hr=8, 1741621354750
Sending Sync interest
Max suppression time updated to: 260
Max suppression time updated to: 260
Received update: /ndn/rs-site/rs/svs_core/rs=8, 1741621357299
Max suppression time updated to: 260
Received update: /ndn/lt-site/lt/svs_core/lt=8, 1741621357333
Max suppression time updated to: 260
Received update: /ndn/mt-site/mt/svs_core/mt=8, 1741621362537
Received update: /ndn/de1-site/de1/svs_core/de1=8, 1741621362537
Received update: /ndn/fr1-site/fr1/svs_core/fr1=8, 1741621362537
Max suppression time updated to: 264
Max suppression time updated to: 264
Received update: /ndn/al-site/al/svs_core/al=8, 1741621362582
Max suppression time updated to: 264
Received update: /ndn/uk-site/uk/svs_core/uk=8, 1741621362939
Max suppression time updated to: 264
Max suppression time updated to: 264
Max suppression time updated to: 264
Max suppression time updated to: 264
Received update: /ndn/by-site/by/svs_core/by=8, 1741621364822
Received update: /ndn/dk-site/dk/svs_core/dk=8, 1741621364822
Received update: /ndn/it-site/it/svs_core/it=8, 1741621364822
Max suppression time updated to: 264
Received update: /ndn/ge-site/ge/svs_core/ge=8, 1741621366713
Received update: /ndn/no-site/no/svs_core/no=8, 1741621366713
Max suppression time updated to: 264
Received update: /ndn/fi-site/fi/svs_core/fi=8, 1741621372939
Received update: /ndn/pt-site/pt/svs_core/pt=8, 1741621372939
Received update: /ndn/ua-site/ua/svs_core/ua=8, 1741621372939
Max suppression time updated to: 264
Received update: /ndn/am-site/am/svs_core/am=8, 1741621372950
Max suppression time updated to: 264
Max suppression time updated to: 264
Received update: /ndn/at-site/at/svs_core/at=8, 1741621376822
Received update: /ndn/is-site/is/svs_core/is=8, 1741621376822
Received update: /ndn/de2-site/de2/svs_core/de2=8, 1741621376822
Max suppression time updated to: 264
Received update: /ndn/sk-site/sk/svs_core/sk=8, 1741621377607
Max suppression time updated to: 264
Received update: /ndn/se-site/se/svs_core/se=8, 1741621381163
Max suppression time updated to: 264
Max suppression time updated to: 264
Received update: /ndn/bg-site/bg/svs_core/bg=8, 1741621381313
Max suppression time updated to: 264
Received update: /ndn/az-site/az/svs_core/az=8, 1741621381427
Max suppression time updated to: 264
Received update: /ndn/fr2-site/fr2/svs_core/fr2=8, 1741621381486
Max suppression time updated to: 264
Max suppression time updated to: 264
Received update: /ndn/mk-site/mk/svs_core/mk=8, 1741621381962
Max suppression time updated to: 264
Received update: /ndn/cy-site/cy/svs_core/cy=8, 1741621385426
Received update: /ndn/ee-site/ee/svs_core/ee=8, 1741621385426
Received update: /ndn/ie-site/ie/svs_core/ie=8, 1741621385426
Max suppression time updated to: 264
Received update: /ndn/lu-site/lu/svs_core/lu=8, 1741621386737
Max suppression time updated to: 264
Received update: /ndn/hu-site/hu/svs_core/hu=8, 1741621388930
Max suppression time updated to: 264
Received update: /ndn/cz-site/cz/svs_core/cz=8, 1741621389584
Received update: /ndn/es-site/es/svs_core/es=8, 1741621389584
Max suppression time updated to: 264
Received update: /ndn/gr-site/gr/svs_core/gr=8, 1741621390630
Received update: /ndn/il-site/il/svs_core/il=8, 1741621390630
Received update: /ndn/tr-site/tr/svs_core/tr=8, 1741621390630
Max suppression time updated to: 264
Received update: /ndn/be-site/be/svs_core/be=8, 1741621395784
Max suppression time updated to: 264
Received update: /ndn/si-site/si/svs_core/si=8, 1741621395900
Max suppression time updated to: 264
Received update: /ndn/pl-site/pl/svs_core/pl=8, 1741621397272
Max suppression time updated to: 264
Received update: /ndn/ch-site/ch/svs_core/ch=8, 1741621398748
Received update: /ndn/me-site/me/svs_core/me=8, 1741621398748
Received update: /ndn/ro-site/ro/svs_core/ro=8, 1741621398748
Max suppression time updated to: 264
Received update: /ndn/md-site/md/svs_core/md=8, 1741621398933
Published sequence number: /ndn/lv-site/lv/svs_core/lv=8, 1741621398938
Sending Sync interest
Max suppression time updated to: 264
Max suppression time updated to: 264
Received update: /ndn/nl-site/nl/svs_core/nl=9, 1741621399746
Max suppression time updated to: 264
Received update: /ndn/lt-site/lt/svs_core/lt=9, 1741621402339
Max suppression time updated to: 264
Received update: /ndn/hr-site/hr/svs_core/hr=9, 1741621402598
Received update: /ndn/rs-site/rs/svs_core/rs=9, 1741621402598
Max suppression time updated to: 264
Max suppression time updated to: 264
Received update: /ndn/mt-site/mt/svs_core/mt=9, 1741621403690
Max suppression time updated to: 264
Received update: /ndn/al-site/al/svs_core/al=9, 1741621423092
Received update: /ndn/fr1-site/fr1/svs_core/fr1=9, 1741621423092
Max suppression time updated to: 264
Received update: /ndn/de1-site/de1/svs_core/de1=9, 1741621424007
Max suppression time updated to: 264
Received update: /ndn/it-site/it/svs_core/it=9, 1741621426610
Received update: /ndn/uk-site/uk/svs_core/uk=9, 1741621426610
Max suppression time updated to: 264
Received update: /ndn/dk-site/dk/svs_core/dk=9, 1741621426800
Max suppression time updated to: 264
Received update: /ndn/by-site/by/svs_core/by=9, 1741621426857
Max suppression time updated to: 264
Max suppression time updated to: 264
Received update: /ndn/am-site/am/svs_core/am=9, 1741621427095
Max suppression time updated to: 264
Received update: /ndn/ua-site/ua/svs_core/ua=9, 1741621428053
Max suppression time updated to: 268
Received update: /ndn/fi-site/fi/svs_core/fi=9, 1741621436338
Received update: /ndn/ge-site/ge/svs_core/ge=9, 1741621436338
Received update: /ndn/is-site/is/svs_core/is=9, 1741621436338
Received update: /ndn/no-site/no/svs_core/no=9, 1741621436338
Received update: /ndn/pt-site/pt/svs_core/pt=9, 1741621436338
Max suppression time updated to: 268
Received update: /ndn/de2-site/de2/svs_core/de2=9, 1741621436339
Max suppression time updated to: 268
Received update: /ndn/at-site/at/svs_core/at=9, 1741621439441
Received update: /ndn/sk-site/sk/svs_core/sk=9, 1741621439441
Max suppression time updated to: 268
Received update: /ndn/az-site/az/svs_core/az=9, 1741621439626
Max suppression time updated to: 268
Received update: /ndn/bg-site/bg/svs_core/bg=9, 1741621439700
Max suppression time updated to: 268
Received update: /ndn/fr2-site/fr2/svs_core/fr2=9, 1741621440582
Max suppression time updated to: 268
Received update: /ndn/se-site/se/svs_core/se=9, 1741621442918
Max suppression time updated to: 268
Max suppression time updated to: 268
Max suppression time updated to: 268
Received update: /ndn/mk-site/mk/svs_core/mk=9, 1741621443900
Max suppression time updated to: 268
Received update: /ndn/ee-site/ee/svs_core/ee=9, 1741621444642
Max suppression time updated to: 268
Received update: /ndn/es-site/es/svs_core/es=9, 1741621448920
Received update: /ndn/lu-site/lu/svs_core/lu=9, 1741621448920
Max suppression time updated to: 268
Received update: /ndn/ie-site/ie/svs_core/ie=9, 1741621449007
Max suppression time updated to: 268
Received update: /ndn/cy-site/cy/svs_core/cy=9, 1741621451424
Received update: /ndn/cz-site/cz/svs_core/cz=9, 1741621451424
Received update: /ndn/hu-site/hu/svs_core/hu=9, 1741621451424
Received update: /ndn/tr-site/tr/svs_core/tr=9, 1741621451424
Max suppression time updated to: 268
Received update: /ndn/gr-site/gr/svs_core/gr=9, 1741621468858
Received update: /ndn/il-site/il/svs_core/il=9, 1741621468858
Max suppression time updated to: 268
Received update: /ndn/si-site/si/svs_core/si=9, 1741621470218
Max suppression time updated to: 268
Max suppression time updated to: 268
Received update: /ndn/ro-site/ro/svs_core/ro=9, 1741621472508
Max suppression time updated to: 268
Received update: /ndn/be-site/be/svs_core/be=9, 1741621473779
Max suppression time updated to: 268
Received update: /ndn/me-site/me/svs_core/me=9, 1741621475510
Max suppression time updated to: 268
Max suppression time updated to: 268
Received update: /ndn/pl-site/pl/svs_core/pl=9, 1741621475762
Max suppression time updated to: 268
Published sequence number: /ndn/lv-site/lv/svs_core/lv=9, 1741621476965
Max suppression time updated to: 268
Received update: /ndn/ch-site/ch/svs_core/ch=9, 1741621477769
Received update: /ndn/nl-site/nl/svs_core/nl=10, 1741621477769
Sending Sync interest
Max suppression time updated to: 268
Received update: /ndn/rs-site/rs/svs_core/rs=10, 1741621480341
Max suppression time updated to: 268
Received update: /ndn/hr-site/hr/svs_core/hr=10, 1741621480520
Sending Sync interest
Max suppression time updated to: 268
Received update: /ndn/lt-site/lt/svs_core/lt=10, 1741621480700
Max suppression time updated to: 268
Received update: /ndn/mt-site/mt/svs_core/mt=10, 1741621481732
Sending Sync interest
Max suppression time updated to: 268
Max suppression time updated to: 268
Received update: /ndn/md-site/md/svs_core/md=9, 1741621482281
Max suppression time updated to: 268
Received update: /ndn/al-site/al/svs_core/al=10, 1741621485261
Received update: /ndn/de1-site/de1/svs_core/de1=10, 1741621485261
Max suppression time updated to: 268
Received update: /ndn/fr1-site/fr1/svs_core/fr1=10, 1741621485592
Max suppression time updated to: 268
Received update: /ndn/uk-site/uk/svs_core/uk=10, 1741621485991
Max suppression time updated to: 268
Received update: /ndn/dk-site/dk/svs_core/dk=10, 1741621487858
Received update: /ndn/it-site/it/svs_core/it=10, 1741621487858
Max suppression time updated to: 272
Received update: /ndn/am-site/am/svs_core/am=10, 1741621488497
Max suppression time updated to: 272
Max suppression time updated to: 272
Received update: /ndn/by-site/by/svs_core/by=10, 1741621488815
Max suppression time updated to: 272
Received update: /ndn/ua-site/ua/svs_core/ua=10, 1741621489376
Max suppression time updated to: 272
Max suppression time updated to: 272
Max suppression time updated to: 272
Max suppression time updated to: 272
Received update: /ndn/ge-site/ge/svs_core/ge=10, 1741621489906
Received update: /ndn/no-site/no/svs_core/no=10, 1741621489906
Max suppression time updated to: 272
Max suppression time updated to: 272
Max suppression time updated to: 276
Received update: /ndn/fi-site/fi/svs_core/fi=10, 1741621490603
Max suppression time updated to: 276
Received update: /ndn/pt-site/pt/svs_core/pt=10, 1741621496963
Received update: /ndn/de2-site/de2/svs_core/de2=10, 1741621496963
Max suppression time updated to: 272
Received update: /ndn/sk-site/sk/svs_core/sk=10, 1741621500621
Max suppression time updated to: 272
Max suppression time updated to: 272
Max suppression time updated to: 272
Received update: /ndn/at-site/at/svs_core/at=10, 1741621501111
Received update: /ndn/az-site/az/svs_core/az=10, 1741621501111
Max suppression time updated to: 272
Received update: /ndn/is-site/is/svs_core/is=10, 1741621501236
Max suppression time updated to: 272
Max suppression time updated to: 272
Received update: /ndn/fr2-site/fr2/svs_core/fr2=10, 1741621501829
Max suppression time updated to: 272
Received update: /ndn/bg-site/bg/svs_core/bg=10, 1741621504036
Received update: /ndn/se-site/se/svs_core/se=10, 1741621504036
Max suppression time updated to: 272
Received update: /ndn/ie-site/ie/svs_core/ie=10, 1741621504448
Max suppression time updated to: 272
Max suppression time updated to: 268
Max suppression time updated to: 268
Received update: /ndn/cy-site/cy/svs_core/cy=10, 1741621508478
Received update: /ndn/mk-site/mk/svs_core/mk=10, 1741621508478
Max suppression time updated to: 268
Received update: /ndn/ee-site/ee/svs_core/ee=10, 1741621510151
Received update: /ndn/es-site/es/svs_core/es=10, 1741621510151
Max suppression time updated to: 268
Received update: /ndn/cz-site/cz/svs_core/cz=10, 1741621513624
Received update: /ndn/gr-site/gr/svs_core/gr=10, 1741621513624
Received update: /ndn/hu-site/hu/svs_core/hu=10, 1741621513624
Max suppression time updated to: 268
Max suppression time updated to: 268
Received update: /ndn/il-site/il/svs_core/il=10, 1741621513645
Max suppression time updated to: 268
Received update: /ndn/lu-site/lu/svs_core/lu=10, 1741621513831
Max suppression time updated to: 268
Received update: /ndn/pl-site/pl/svs_core/pl=10, 1741621520568
Received update: /ndn/ro-site/ro/svs_core/ro=10, 1741621520568
Received update: /ndn/si-site/si/svs_core/si=10, 1741621520568
Received update: /ndn/tr-site/tr/svs_core/tr=10, 1741621520568
Max suppression time updated to: 268
Received update: /ndn/be-site/be/svs_core/be=10, 1741621521140
Received update: /ndn/me-site/me/svs_core/me=10, 1741621521140
Published sequence number: /ndn/lv-site/lv/svs_core/lv=10, 1741621521973
Sending Sync interest
Max suppression time updated to: 268
Received update: /ndn/ch-site/ch/svs_core/ch=10, 1741621522769
Received update: /ndn/md-site/md/svs_core/md=10, 1741621522769
Received update: /ndn/nl-site/nl/svs_core/nl=11, 1741621522769
Max suppression time updated to: 268
Received update: /ndn/hr-site/hr/svs_core/hr=11, 1741621522805
Sending Sync interest
Max suppression time updated to: 268
Received update: /ndn/mt-site/mt/svs_core/mt=11, 1741621526916
Received update: /ndn/rs-site/rs/svs_core/rs=11, 1741621526916
Max suppression time updated to: 268
Received update: /ndn/lt-site/lt/svs_core/lt=11, 1741621547277
Received update: /ndn/uk-site/uk/svs_core/uk=11, 1741621547277
Received update: /ndn/de1-site/de1/svs_core/de1=11, 1741621547277
Received update: /ndn/fr1-site/fr1/svs_core/fr1=11, 1741621547277
Max suppression time updated to: 268
Received update: /ndn/al-site/al/svs_core/al=11, 1741621547566
Max suppression time updated to: 268
Received update: /ndn/by-site/by/svs_core/by=11, 1741621548124
Received update: /ndn/dk-site/dk/svs_core/dk=11, 1741621548124
Max suppression time updated to: 268
Max suppression time updated to: 268
Max suppression time updated to: 272
Received update: /ndn/ge-site/ge/svs_core/ge=11, 1741621550685
Received update: /ndn/it-site/it/svs_core/it=11, 1741621550685
Received update: /ndn/ua-site/ua/svs_core/ua=11, 1741621550685
Max suppression time updated to: 268
Received update: /ndn/am-site/am/svs_core/am=11, 1741621556643
Received update: /ndn/pt-site/pt/svs_core/pt=11, 1741621556643
Max suppression time updated to: 268
Received update: /ndn/no-site/no/svs_core/no=11, 1741621556737
Max suppression time updated to: 268
Received update: /ndn/at-site/at/svs_core/at=11, 1741621560828
Received update: /ndn/is-site/is/svs_core/is=11, 1741621560828
Received update: /ndn/de2-site/de2/svs_core/de2=11, 1741621560828
Max suppression time updated to: 268
Received update: /ndn/sk-site/sk/svs_core/sk=11, 1741621561591
Max suppression time updated to: 268
Received update: /ndn/mk-site/mk/svs_core/mk=11, 1741621566094
Max suppression time updated to: 268
Max suppression time updated to: 268
Received update: /ndn/az-site/az/svs_core/az=11, 1741621566313
Received update: /ndn/fr2-site/fr2/svs_core/fr2=11, 1741621566313
Max suppression time updated to: 268
Max suppression time updated to: 268
Max suppression time updated to: 268
Max suppression time updated to: 268
Received update: /ndn/bg-site/bg/svs_core/bg=11, 1741621566889
Received update: /ndn/ie-site/ie/svs_core/ie=11, 1741621566889
Max suppression time updated to: 268
Received update: /ndn/ee-site/ee/svs_core/ee=11, 1741621567072
Max suppression time updated to: 268
Max suppression time updated to: 268
Received update: /ndn/cy-site/cy/svs_core/cy=11, 1741621571108
Received update: /ndn/es-site/es/svs_core/es=11, 1741621571108
Received update: /ndn/fi-site/fi/svs_core/fi=11, 1741621571108
Received update: /ndn/lu-site/lu/svs_core/lu=11, 1741621571108
Received update: /ndn/se-site/se/svs_core/se=11, 1741621571108
Max suppression time updated to: 268
Received update: /ndn/cz-site/cz/svs_core/cz=11, 1741621591836
Received update: /ndn/hu-site/hu/svs_core/hu=11, 1741621591836
Received update: /ndn/il-site/il/svs_core/il=11, 1741621591836
Received update: /ndn/si-site/si/svs_core/si=11, 1741621591836
Received update: /ndn/tr-site/tr/svs_core/tr=11, 1741621591836
Max suppression time updated to: 268
Max suppression time updated to: 268
Received update: /ndn/be-site/be/svs_core/be=11, 1741621595327
Max suppression time updated to: 268
Received update: /ndn/gr-site/gr/svs_core/gr=11, 1741621595407
Max suppression time updated to: 268
Max suppression time updated to: 268
Received update: /ndn/me-site/me/svs_core/me=11, 1741621597144
Received update: /ndn/pl-site/pl/svs_core/pl=11, 1741621597144
Received update: /ndn/ro-site/ro/svs_core/ro=11, 1741621597144
Published sequence number: /ndn/lv-site/lv/svs_core/lv=11, 1741621598541
Sending Sync interest
Max suppression time updated to: 268
Received update: /ndn/md-site/md/svs_core/md=11, 1741621598769
Max suppression time updated to: 268
Received update: /ndn/ch-site/ch/svs_core/ch=11, 1741621598805
Max suppression time updated to: 268
Max suppression time updated to: 268
Max suppression time updated to: 268
Max suppression time updated to: 268
Max suppression time updated to: 268
Max suppression time updated to: 268
Received update: /ndn/al-site/al/svs_core/al=12, 1741621604214
Received update: /ndn/hr-site/hr/svs_core/hr=12, 1741621604214
Received update: /ndn/nl-site/nl/svs_core/nl=12, 1741621604214
Max suppression time updated to: 268
Received update: /ndn/mt-site/mt/svs_core/mt=12, 1741621605771
Received update: /ndn/rs-site/rs/svs_core/rs=12, 1741621605771
Received update: /ndn/fr1-site/fr1/svs_core/fr1=12, 1741621605771
Max suppression time updated to: 268
Received update: /ndn/lt-site/lt/svs_core/lt=12, 1741621606036
Max suppression time updated to: 268
Max suppression time updated to: 268
Max suppression time updated to: 268
Max suppression time updated to: 272
Received update: /ndn/de1-site/de1/svs_core/de1=12, 1741621606874
Max suppression time updated to: 272
Received update: /ndn/dk-site/dk/svs_core/dk=12, 1741621608329
Received update: /ndn/uk-site/uk/svs_core/uk=12, 1741621608329
Max suppression time updated to: 272
Max suppression time updated to: 268
Received update: /ndn/am-site/am/svs_core/am=12, 1741621611597
Received update: /ndn/ge-site/ge/svs_core/ge=12, 1741621611597
Received update: /ndn/it-site/it/svs_core/it=12, 1741621611597
Received update: /ndn/no-site/no/svs_core/no=12, 1741621611597
Max suppression time updated to: 272
Max suppression time updated to: 272
Received update: /ndn/by-site/by/svs_core/by=12, 1741621611834
Received update: /ndn/ua-site/ua/svs_core/ua=12, 1741621611834
Max suppression time updated to: 272
Received update: /ndn/fi-site/fi/svs_core/fi=12, 1741621612266
Max suppression time updated to: 268
Received update: /ndn/is-site/is/svs_core/is=12, 1741621618896
Received update: /ndn/pt-site/pt/svs_core/pt=12, 1741621618896
Received update: /ndn/de2-site/de2/svs_core/de2=12, 1741621618896
Max suppression time updated to: 268
Received update: /ndn/az-site/az/svs_core/az=12, 1741621622428
Max suppression time updated to: 272
Received update: /ndn/at-site/at/svs_core/at=12, 1741621622533
Received update: /ndn/bg-site/bg/svs_core/bg=12, 1741621622533
Received update: /ndn/sk-site/sk/svs_core/sk=12, 1741621622533
Max suppression time updated to: 272
Max suppression time updated to: 272
Max suppression time updated to: 272
Received update: /ndn/fr2-site/fr2/svs_core/fr2=12, 1741621623458
Max suppression time updated to: 272
Received update: /ndn/ie-site/ie/svs_core/ie=12, 1741621626012
Max suppression time updated to: 272
Received update: /ndn/se-site/se/svs_core/se=12, 1741621626063
Max suppression time updated to: 272
Max suppression time updated to: 272
Received update: /ndn/mk-site/mk/svs_core/mk=12, 1741621626712
Max suppression time updated to: 272
Received update: /ndn/ee-site/ee/svs_core/ee=12, 1741621627458
Max suppression time updated to: 272
Received update: /ndn/cy-site/cy/svs_core/cy=12, 1741621630052
Max suppression time updated to: 272
Received update: /ndn/lu-site/lu/svs_core/lu=12, 1741621631346
Max suppression time updated to: 272
Max suppression time updated to: 272
Max suppression time updated to: 272
Max suppression time updated to: 272
Max suppression time updated to: 272
Received update: /ndn/es-site/es/svs_core/es=12, 1741621632268
Max suppression time updated to: 272
Received update: /ndn/cz-site/cz/svs_core/cz=12, 1741621635515
Received update: /ndn/hu-site/hu/svs_core/hu=12, 1741621635515
Received update: /ndn/il-site/il/svs_core/il=12, 1741621635515
Received update: /ndn/tr-site/tr/svs_core/tr=12, 1741621635515
Max suppression time updated to: 272
Received update: /ndn/gr-site/gr/svs_core/gr=12, 1741621635786
Max suppression time updated to: 272
Received update: /ndn/me-site/me/svs_core/me=12, 1741621642199
Received update: /ndn/ro-site/ro/svs_core/ro=12, 1741621642199
Received update: /ndn/si-site/si/svs_core/si=12, 1741621642199
Max suppression time updated to: 272
Received update: /ndn/pl-site/pl/svs_core/pl=12, 1741621642258
Published sequence number: /ndn/lv-site/lv/svs_core/lv=12, 1741621643542
Sending Sync interest
Max suppression time updated to: 272
Received update: /ndn/be-site/be/svs_core/be=12, 1741621647066
Received update: /ndn/ch-site/ch/svs_core/ch=12, 1741621647066
Received update: /ndn/hr-site/hr/svs_core/hr=13, 1741621647066
Received update: /ndn/lt-site/lt/svs_core/lt=13, 1741621647066
Received update: /ndn/md-site/md/svs_core/md=12, 1741621647066
Max suppression time updated to: 272
Received update: /ndn/nl-site/nl/svs_core/nl=13, 1741621647244
Sending Sync interest
Max suppression time updated to: 276
Received update: /ndn/al-site/al/svs_core/al=13, 1741621649081
Max suppression time updated to: 276
Max suppression time updated to: 276
Received update: /ndn/fr1-site/fr1/svs_core/fr1=13, 1741621650707
Max suppression time updated to: 272
Max suppression time updated to: 272
Received update: /ndn/mt-site/mt/svs_core/mt=13, 1741621651829
Received update: /ndn/de1-site/de1/svs_core/de1=13, 1741621651829
Max suppression time updated to: 272
Received update: /ndn/am-site/am/svs_core/am=13, 1741621653891
Received update: /ndn/by-site/by/svs_core/by=13, 1741621653891
Received update: /ndn/dk-site/dk/svs_core/dk=13, 1741621653891
Received update: /ndn/rs-site/rs/svs_core/rs=13, 1741621653891
Received update: /ndn/uk-site/uk/svs_core/uk=13, 1741621653891
Max suppression time updated to: 272
Received update: /ndn/ua-site/ua/svs_core/ua=13, 1741621655867
Max suppression time updated to: 272
Received update: /ndn/it-site/it/svs_core/it=13, 1741621655903
Received update: /ndn/no-site/no/svs_core/no=13, 1741621655903
Max suppression time updated to: 272
Max suppression time updated to: 272
Max suppression time updated to: 272
Received update: /ndn/ge-site/ge/svs_core/ge=13, 1741621656286
Max suppression time updated to: 272
Received update: /ndn/fi-site/fi/svs_core/fi=13, 1741621656830
Max suppression time updated to: 272
Received update: /ndn/is-site/is/svs_core/is=13, 1741621663918
Max suppression time updated to: 268
Received update: /ndn/de2-site/de2/svs_core/de2=13, 1741621664070
Max suppression time updated to: 268
Received update: /ndn/at-site/at/svs_core/at=13, 1741621672669
Received update: /ndn/bg-site/bg/svs_core/bg=13, 1741621672669
Received update: /ndn/ee-site/ee/svs_core/ee=13, 1741621672669
Received update: /ndn/mk-site/mk/svs_core/mk=13, 1741621672669
Received update: /ndn/pt-site/pt/svs_core/pt=13, 1741621672669
Received update: /ndn/fr2-site/fr2/svs_core/fr2=13, 1741621672669
Max suppression time updated to: 268
Max suppression time updated to: 268
Max suppression time updated to: 268
Received update: /ndn/az-site/az/svs_core/az=13, 1741621672759
Max suppression time updated to: 268
Received update: /ndn/cy-site/cy/svs_core/cy=13, 1741621675015
Received update: /ndn/se-site/se/svs_core/se=13, 1741621675015
Received update: /ndn/sk-site/sk/svs_core/sk=13, 1741621675015
Max suppression time updated to: 268
Received update: /ndn/ie-site/ie/svs_core/ie=13, 1741621675317
Max suppression time updated to: 268
Received update: /ndn/es-site/es/svs_core/es=13, 1741621676743
Max suppression time updated to: 268
Received update: /ndn/lu-site/lu/svs_core/lu=13, 1741621676848
Max suppression time updated to: 268
Max suppression time updated to: 268
Received update: /ndn/cz-site/cz/svs_core/cz=13, 1741621679199
Max suppression time updated to: 268
Received update: /ndn/hu-site/hu/svs_core/hu=13, 1741621679423
Max suppression time updated to: 268
Received update: /ndn/tr-site/tr/svs_core/tr=13, 1741621679647
Max suppression time updated to: 268
Received update: /ndn/gr-site/gr/svs_core/gr=13, 1741621681900
Received update: /ndn/il-site/il/svs_core/il=13, 1741621681900
Received update: /ndn/si-site/si/svs_core/si=13, 1741621681900
Max suppression time updated to: 268
Received update: /ndn/be-site/be/svs_core/be=13, 1741621687302
Received update: /ndn/me-site/me/svs_core/me=13, 1741621687302
Received update: /ndn/pl-site/pl/svs_core/pl=13, 1741621687302
Received update: /ndn/ro-site/ro/svs_core/ro=13, 1741621687302
Published sequence number: /ndn/lv-site/lv/svs_core/lv=13, 1741621688551
Sending Sync interest
Max suppression time updated to: 268
Received update: /ndn/ch-site/ch/svs_core/ch=13, 1741621689381
Received update: /ndn/hr-site/hr/svs_core/hr=14, 1741621689381
Sending Sync interest
Max suppression time updated to: 268
Received update: /ndn/md-site/md/svs_core/md=13, 1741621689921
Received update: /ndn/nl-site/nl/svs_core/nl=14, 1741621689921
Max suppression time updated to: 268
Received update: /ndn/lt-site/lt/svs_core/lt=14, 1741621691940
Sending Sync interest
Max suppression time updated to: 268
Received update: /ndn/rs-site/rs/svs_core/rs=14, 1741621692444
Max suppression time updated to: 268
Received update: /ndn/mt-site/mt/svs_core/mt=14, 1741621693318
Max suppression time updated to: 268
Received update: /ndn/de1-site/de1/svs_core/de1=14, 1741621696842
Max suppression time updated to: 268
Max suppression time updated to: 268
Received update: /ndn/fr1-site/fr1/svs_core/fr1=14, 1741621697127
Max suppression time updated to: 268
Max suppression time updated to: 268
Max suppression time updated to: 264
Received update: /ndn/dk-site/dk/svs_core/dk=14, 1741621698304
Received update: /ndn/uk-site/uk/svs_core/uk=14, 1741621698304
Max suppression time updated to: 264
Received update: /ndn/al-site/al/svs_core/al=14, 1741621698489
Max suppression time updated to: 264
Received update: /ndn/it-site/it/svs_core/it=14, 1741621699453
Max suppression time updated to: 268
Received update: /ndn/am-site/am/svs_core/am=14, 1741621699779
Max suppression time updated to: 268
Received update: /ndn/at-site/at/svs_core/at=14, 1741621711667
Received update: /ndn/ge-site/ge/svs_core/ge=14, 1741621711667
Received update: /ndn/no-site/no/svs_core/no=14, 1741621711667
Received update: /ndn/ua-site/ua/svs_core/ua=14, 1741621711667
Received update: /ndn/de2-site/de2/svs_core/de2=14, 1741621711667
Max suppression time updated to: 268
Received update: /ndn/fi-site/fi/svs_core/fi=14, 1741621712205
Received update: /ndn/is-site/is/svs_core/is=14, 1741621712205
Received update: /ndn/pt-site/pt/svs_core/pt=14, 1741621712205
Max suppression time updated to: 268
Received update: /ndn/by-site/by/svs_core/by=14, 1741621712322
Received update: /ndn/sk-site/sk/svs_core/sk=14, 1741621712322
Max suppression time updated to: 268
Received update: /ndn/az-site/az/svs_core/az=14, 1741621712514
Received update: /ndn/bg-site/bg/svs_core/bg=14, 1741621712514
Max suppression time updated to: 268
Received update: /ndn/fr2-site/fr2/svs_core/fr2=14, 1741621713581
Max suppression time updated to: 268
Max suppression time updated to: 268
Received update: /ndn/se-site/se/svs_core/se=14, 1741621715622
Max suppression time updated to: 268
Received update: /ndn/ie-site/ie/svs_core/ie=14, 1741621716018
Max suppression time updated to: 268
Received update: /ndn/cy-site/cy/svs_core/cy=14, 1741621720060
Max suppression time updated to: 268
Received update: /ndn/ee-site/ee/svs_core/ee=14, 1741621720229
Max suppression time updated to: 268
Max suppression time updated to: 268
Max suppression time updated to: 268
Received update: /ndn/lu-site/lu/svs_core/lu=14, 1741621721542
Received update: /ndn/mk-site/mk/svs_core/mk=14, 1741621721542
Max suppression time updated to: 268
Max suppression time updated to: 268
Max suppression time updated to: 268
Received update: /ndn/hu-site/hu/svs_core/hu=14, 1741621723556
Max suppression time updated to: 268
Received update: /ndn/cz-site/cz/svs_core/cz=14, 1741621725028
Received update: /ndn/es-site/es/svs_core/es=14, 1741621725028
Received update: /ndn/gr-site/gr/svs_core/gr=14, 1741621725028
Received update: /ndn/tr-site/tr/svs_core/tr=14, 1741621725028
Max suppression time updated to: 268
Received update: /ndn/pl-site/pl/svs_core/pl=14, 1741621731999
Received update: /ndn/ro-site/ro/svs_core/ro=14, 1741621731999
Max suppression time updated to: 268
Received update: /ndn/me-site/me/svs_core/me=14, 1741621732095
Max suppression time updated to: 268
Received update: /ndn/si-site/si/svs_core/si=14, 1741621732200
Max suppression time updated to: 268
Received update: /ndn/il-site/il/svs_core/il=14, 1741621732420
Max suppression time updated to: 268
Received update: /ndn/be-site/be/svs_core/be=14, 1741621732732
Max suppression time updated to: 268
Received update: /ndn/ch-site/ch/svs_core/ch=14, 1741621733469
Received update: /ndn/md-site/md/svs_core/md=14, 1741621733469
Published sequence number: /ndn/lv-site/lv/svs_core/lv=14, 1741621733553
Sending Sync interest
Max suppression time updated to: 268
Max suppression time updated to: 268
Max suppression time updated to: 268
Received update: /ndn/lt-site/lt/svs_core/lt=15, 1741621736940
Received update: /ndn/nl-site/nl/svs_core/nl=15, 1741621736940
Received update: /ndn/rs-site/rs/svs_core/rs=15, 1741621736940
Max suppression time updated to: 268
Received update: /ndn/al-site/al/svs_core/al=15, 1741621739116
Received update: /ndn/mt-site/mt/svs_core/mt=15, 1741621739116
Max suppression time updated to: 268
Max suppression time updated to: 268
Max suppression time updated to: 268
Max suppression time updated to: 268
Received update: /ndn/hr-site/hr/svs_core/hr=15, 1741621741846
Received update: /ndn/de1-site/de1/svs_core/de1=15, 1741621741846
Max suppression time updated to: 268
Received update: /ndn/uk-site/uk/svs_core/uk=15, 1741621743039
Received update: /ndn/fr1-site/fr1/svs_core/fr1=15, 1741621743039
Max suppression time updated to: 268
Received update: /ndn/dk-site/dk/svs_core/dk=15, 1741621743134
Max suppression time updated to: 268
Received update: /ndn/am-site/am/svs_core/am=15, 1741621743623
Max suppression time updated to: 268
Received update: /ndn/fi-site/fi/svs_core/fi=15, 1741621744423
Max suppression time updated to: 268
Received update: /ndn/by-site/by/svs_core/by=15, 1741621744523
Max suppression time updated to: 268
Max suppression time updated to: 268
Received update: /ndn/it-site/it/svs_core/it=15, 1741621744694
Max suppression time updated to: 268
Received update: /ndn/ge-site/ge/svs_core/ge=15, 1741621746429
Received update: /ndn/ua-site/ua/svs_core/ua=15, 1741621746429
Max suppression time updated to: 268
Received update: /ndn/no-site/no/svs_core/no=15, 1741621746593
Max suppression time updated to: 268
Received update: /ndn/pt-site/pt/svs_core/pt=15, 1741621752301
Max suppression time updated to: 268
Max suppression time updated to: 264
Received update: /ndn/is-site/is/svs_core/is=15, 1741621753911
Received update: /ndn/de2-site/de2/svs_core/de2=15, 1741621753911
Max suppression time updated to: 264
Received update: /ndn/at-site/at/svs_core/at=15, 1741621757447
Received update: /ndn/az-site/az/svs_core/az=15, 1741621757447
Received update: /ndn/sk-site/sk/svs_core/sk=15, 1741621757447
Max suppression time updated to: 264
Received update: /ndn/bg-site/bg/svs_core/bg=15, 1741621761754
Received update: /ndn/mk-site/mk/svs_core/mk=15, 1741621761754
Received update: /ndn/fr2-site/fr2/svs_core/fr2=15, 1741621761754
Max suppression time updated to: 264
Received update: /ndn/se-site/se/svs_core/se=15, 1741621762098
Max suppression time updated to: 264
Received update: /ndn/ee-site/ee/svs_core/ee=15, 1741621762469
Max suppression time updated to: 264
Received update: /ndn/cy-site/cy/svs_core/cy=15, 1741621766367
Received update: /ndn/lu-site/lu/svs_core/lu=15, 1741621766367
Max suppression time updated to: 264
Received update: /ndn/es-site/es/svs_core/es=15, 1741621768557
Received update: /ndn/hu-site/hu/svs_core/hu=15, 1741621768557
Max suppression time updated to: 264
Received update: /ndn/ie-site/ie/svs_core/ie=15, 1741621768897
Max suppression time updated to: 264
Received update: /ndn/cz-site/cz/svs_core/cz=15, 1741621769243
Received update: /ndn/tr-site/tr/svs_core/tr=15, 1741621769243
Max suppression time updated to: 264
Received update: /ndn/gr-site/gr/svs_core/gr=15, 1741621776900
Received update: /ndn/il-site/il/svs_core/il=15, 1741621776900
Received update: /ndn/pl-site/pl/svs_core/pl=15, 1741621776900
Received update: /ndn/ro-site/ro/svs_core/ro=15, 1741621776900
Received update: /ndn/si-site/si/svs_core/si=15, 1741621776900
Max suppression time updated to: 264
Received update: /ndn/be-site/be/svs_core/be=15, 1741621777223
Published sequence number: /ndn/lv-site/lv/svs_core/lv=15, 1741621778563
Sending Sync interest
Max suppression time updated to: 264
Received update: /ndn/ch-site/ch/svs_core/ch=15, 1741621779363
Received update: /ndn/nl-site/nl/svs_core/nl=16, 1741621779363
Sending Sync interest
Max suppression time updated to: 264
Received update: /ndn/hr-site/hr/svs_core/hr=16, 1741621779694
Received update: /ndn/me-site/me/svs_core/me=15, 1741621779694
Max suppression time updated to: 264
Sending Sync interest
Max suppression time updated to: 264
Received update: /ndn/md-site/md/svs_core/md=15, 1741621780153
Max suppression time updated to: 264
Received update: /ndn/rs-site/rs/svs_core/rs=16, 1741621781881
Max suppression time updated to: 264
Received update: /ndn/lt-site/lt/svs_core/lt=16, 1741621781945
Max suppression time updated to: 260
Received update: /ndn/al-site/al/svs_core/al=16, 1741621784678
Received update: /ndn/mt-site/mt/svs_core/mt=16, 1741621784678
Max suppression time updated to: 260
Received update: /ndn/fr1-site/fr1/svs_core/fr1=16, 1741621785631
Max suppression time updated to: 260
Received update: /ndn/de1-site/de1/svs_core/de1=16, 1741621786847
Max suppression time updated to: 260
Received update: /ndn/dk-site/dk/svs_core/dk=16, 1741621789444
Received update: /ndn/it-site/it/svs_core/it=16, 1741621789444
Received update: /ndn/uk-site/uk/svs_core/uk=16, 1741621789444
Max suppression time updated to: 260
Received update: /ndn/fi-site/fi/svs_core/fi=16, 1741621789455
Max suppression time updated to: 260
Received update: /ndn/by-site/by/svs_core/by=16, 1741621789725
Sending Sync interest
Max suppression time updated to: 260
Received update: /ndn/am-site/am/svs_core/am=16, 1741621798556
Received update: /ndn/ge-site/ge/svs_core/ge=16, 1741621798556
Received update: /ndn/no-site/no/svs_core/no=16, 1741621798556
Received update: /ndn/pt-site/pt/svs_core/pt=16, 1741621798556
Received update: /ndn/ua-site/ua/svs_core/ua=16, 1741621798556
Received update: /ndn/de2-site/de2/svs_core/de2=16, 1741621798556
Max suppression time updated to: 260
Received update: /ndn/sk-site/sk/svs_core/sk=16, 1741621802239
Max suppression time updated to: 260
Received update: /ndn/at-site/at/svs_core/at=16, 1741621802348
Max suppression time updated to: 260
Received update: /ndn/az-site/az/svs_core/az=16, 1741621806750
Received update: /ndn/bg-site/bg/svs_core/bg=16, 1741621806750
Received update: /ndn/is-site/is/svs_core/is=16, 1741621806750
Received update: /ndn/mk-site/mk/svs_core/mk=16, 1741621806750
Received update: /ndn/se-site/se/svs_core/se=16, 1741621806750
Received update: /ndn/fr2-site/fr2/svs_core/fr2=16, 1741621806750
Max suppression time updated to: 260
Received update: /ndn/ee-site/ee/svs_core/ee=16, 1741621807477
Max suppression time updated to: 260
Received update: /ndn/ie-site/ie/svs_core/ie=16, 1741621807774
Max suppression time updated to: 260
Received update: /ndn/cy-site/cy/svs_core/cy=16, 1741621813569
Received update: /ndn/es-site/es/svs_core/es=16, 1741621813569
Received update: /ndn/hu-site/hu/svs_core/hu=16, 1741621813569
Received update: /ndn/lu-site/lu/svs_core/lu=16, 1741621813569
Max suppression time updated to: 260
Received update: /ndn/cz-site/cz/svs_core/cz=16, 1741621814212
Max suppression time updated to: 260
Received update: /ndn/tr-site/tr/svs_core/tr=16, 1741621814260
Max suppression time updated to: 256
Received update: /ndn/gr-site/gr/svs_core/gr=16, 1741621816768
Received update: /ndn/si-site/si/svs_core/si=16, 1741621816768
Max suppression time updated to: 256
Received update: /ndn/be-site/be/svs_core/be=16, 1741621820338
Max suppression time updated to: 256
Received update: /ndn/il-site/il/svs_core/il=16, 1741621820857
Received update: /ndn/ro-site/ro/svs_core/ro=16, 1741621820857
Max suppression time updated to: 256
Received update: /ndn/ch-site/ch/svs_core/ch=16, 1741621823299
Received update: /ndn/pl-site/pl/svs_core/pl=16, 1741621823299
Max suppression time updated to: 256
Received update: /ndn/md-site/md/svs_core/md=16, 1741621823429
Max suppression time updated to: 260
Received update: /ndn/me-site/me/svs_core/me=16, 1741621823437
Published sequence number: /ndn/lv-site/lv/svs_core/lv=16, 1741621823572
Sending Sync interest
Max suppression time updated to: 260
Sending Sync interest
Max suppression time updated to: 260
Stopping SVS client: /ndn/lv-site/lv/svs_core/lv
