SVS client starting: /ndn/am-site/am/svs_core/am
Sending Sync interest
Received update: /ndn/uk-site/uk/svs_core/uk=1, 1741730445343
Received update: /ndn/at-site/at/svs_core/at=1, 1741730448015
Received update: /ndn/es-site/es/svs_core/es=1, 1741730448015
Received update: /ndn/ua-site/ua/svs_core/ua=1, 1741730451398
Received update: /ndn/md-site/md/svs_core/md=1, 1741730451597
Received update: /ndn/ge-site/ge/svs_core/ge=1, 1741730451598
Received update: /ndn/fi-site/fi/svs_core/fi=1, 1741730451663
Received update: /ndn/hr-site/hr/svs_core/hr=1, 1741730453028
Received update: /ndn/gr-site/gr/svs_core/gr=1, 1741730455061
Received update: /ndn/al-site/al/svs_core/al=1, 1741730455685
Received update: /ndn/no-site/no/svs_core/no=1, 1741730458452
Received update: /ndn/is-site/is/svs_core/is=1, 1741730458468
Received update: /ndn/hu-site/hu/svs_core/hu=1, 1741730459039
Received update: /ndn/az-site/az/svs_core/az=1, 1741730459237
Published sequence number: /ndn/am-site/am/svs_core/am=1, 1741730459373
Sending Sync interest
Received update: /ndn/ie-site/ie/svs_core/ie=1, 1741730459572
Received update: /ndn/pl-site/pl/svs_core/pl=1, 1741730459572
Received update: /ndn/by-site/by/svs_core/by=1, 1741730459787
Received update: /ndn/de1-site/de1/svs_core/de1=1, 1741730459787
Received update: /ndn/me-site/me/svs_core/me=1, 1741730460445
Received update: /ndn/si-site/si/svs_core/si=1, 1741730460630
Received update: /ndn/cz-site/cz/svs_core/cz=1, 1741730463807
Received update: /ndn/lu-site/lu/svs_core/lu=1, 1741730467023
Received update: /ndn/fr1-site/fr1/svs_core/fr1=1, 1741730467023
Received update: /ndn/ro-site/ro/svs_core/ro=1, 1741730467412
Received update: /ndn/be-site/be/svs_core/be=1, 1741730468883
Received update: /ndn/se-site/se/svs_core/se=1, 1741730469770
Received update: /ndn/dk-site/dk/svs_core/dk=1, 1741730469983
Received update: /ndn/cy-site/cy/svs_core/cy=1, 1741730470516
Received update: /ndn/il-site/il/svs_core/il=1, 1741730472541
Received update: /ndn/sk-site/sk/svs_core/sk=1, 1741730472541
Received update: /ndn/de2-site/de2/svs_core/de2=1, 1741730472541
Received update: /ndn/tr-site/tr/svs_core/tr=1, 1741730476019
Received update: /ndn/nl-site/nl/svs_core/nl=1, 1741730478067
Received update: /ndn/mt-site/mt/svs_core/mt=1, 1741730478310
Received update: /ndn/pt-site/pt/svs_core/pt=1, 1741730480922
Received update: /ndn/fr2-site/fr2/svs_core/fr2=1, 1741730480922
Received update: /ndn/rs-site/rs/svs_core/rs=1, 1741730481062
Received update: /ndn/bg-site/bg/svs_core/bg=1, 1741730484533
Received update: /ndn/lv-site/lv/svs_core/lv=1, 1741730484533
Received update: /ndn/mk-site/mk/svs_core/mk=1, 1741730484533
Received update: /ndn/ch-site/ch/svs_core/ch=1, 1741730487135
Received update: /ndn/it-site/it/svs_core/it=1, 1741730487135
Received update: /ndn/uk-site/uk/svs_core/uk=2, 1741730490336
Received update: /ndn/ee-site/ee/svs_core/ee=1, 1741730490577
Received update: /ndn/at-site/at/svs_core/at=2, 1741730493029
Received update: /ndn/es-site/es/svs_core/es=2, 1741730493029
Received update: /ndn/ge-site/ge/svs_core/ge=2, 1741730493854
Received update: /ndn/lt-site/lt/svs_core/lt=1, 1741730493857
Received update: /ndn/fi-site/fi/svs_core/fi=2, 1741730494399
Received update: /ndn/md-site/md/svs_core/md=2, 1741730494399
Received update: /ndn/gr-site/gr/svs_core/gr=2, 1741730500063
Received update: /ndn/hr-site/hr/svs_core/hr=2, 1741730500252
Received update: /ndn/al-site/al/svs_core/al=2, 1741730500695
Sending Sync interest
Received update: /ndn/ua-site/ua/svs_core/ua=2, 1741730501824
Received update: /ndn/by-site/by/svs_core/by=2, 1741730502831
Received update: /ndn/is-site/is/svs_core/is=2, 1741730503471
Received update: /ndn/hu-site/hu/svs_core/hu=2, 1741730504040
Published sequence number: /ndn/am-site/am/svs_core/am=2, 1741730504374
Sending Sync interest
Received update: /ndn/de1-site/de1/svs_core/de1=2, 1741730504381
Received update: /ndn/pl-site/pl/svs_core/pl=2, 1741730504570
Received update: /ndn/ie-site/ie/svs_core/ie=2, 1741730504822
Received update: /ndn/me-site/me/svs_core/me=2, 1741730505458
Sending Sync interest
Received update: /ndn/az-site/az/svs_core/az=2, 1741730505665
Received update: /ndn/cz-site/cz/svs_core/cz=2, 1741730508818
Received update: /ndn/no-site/no/svs_core/no=2, 1741730508818
Received update: /ndn/si-site/si/svs_core/si=2, 1741730510226
Received update: /ndn/fr1-site/fr1/svs_core/fr1=2, 1741730510226
Received update: /ndn/lu-site/lu/svs_core/lu=2, 1741730511786
Received update: /ndn/ro-site/ro/svs_core/ro=2, 1741730512433
Received update: /ndn/be-site/be/svs_core/be=2, 1741730514023
Received update: /ndn/dk-site/dk/svs_core/dk=2, 1741730514023
Received update: /ndn/se-site/se/svs_core/se=2, 1741730514764
Received update: /ndn/cy-site/cy/svs_core/cy=2, 1741730515996
Received update: /ndn/sk-site/sk/svs_core/sk=2, 1741730515996
Received update: /ndn/de2-site/de2/svs_core/de2=2, 1741730516055
Received update: /ndn/il-site/il/svs_core/il=2, 1741730521020
Received update: /ndn/tr-site/tr/svs_core/tr=2, 1741730521020
Received update: /ndn/pt-site/pt/svs_core/pt=2, 1741730525403
Received update: /ndn/nl-site/nl/svs_core/nl=2, 1741730525574
Received update: /ndn/mt-site/mt/svs_core/mt=2, 1741730525640
Received update: /ndn/rs-site/rs/svs_core/rs=2, 1741730526066
Received update: /ndn/fr2-site/fr2/svs_core/fr2=2, 1741730526066
Received update: /ndn/lv-site/lv/svs_core/lv=2, 1741730526540
Received update: /ndn/mk-site/mk/svs_core/mk=2, 1741730527021
Received update: /ndn/bg-site/bg/svs_core/bg=2, 1741730529547
Received update: /ndn/lt-site/lt/svs_core/lt=2, 1741730529963
Received update: /ndn/it-site/it/svs_core/it=2, 1741730530771
Received update: /ndn/ch-site/ch/svs_core/ch=2, 1741730532100
Received update: /ndn/ee-site/ee/svs_core/ee=2, 1741730532315
Received update: /ndn/uk-site/uk/svs_core/uk=3, 1741730535342
Received update: /ndn/es-site/es/svs_core/es=3, 1741730537310
Received update: /ndn/md-site/md/svs_core/md=3, 1741730537310
Received update: /ndn/at-site/at/svs_core/at=3, 1741730538034
Received update: /ndn/ge-site/ge/svs_core/ge=3, 1741730543244
Received update: /ndn/hr-site/hr/svs_core/hr=3, 1741730543244
Received update: /ndn/ua-site/ua/svs_core/ua=3, 1741730543244
Received update: /ndn/gr-site/gr/svs_core/gr=3, 1741730545069
Received update: /ndn/al-site/al/svs_core/al=3, 1741730545764
Received update: /ndn/fi-site/fi/svs_core/fi=3, 1741730548707
Received update: /ndn/is-site/is/svs_core/is=3, 1741730548707
Received update: /ndn/no-site/no/svs_core/no=3, 1741730548881
Received update: /ndn/hu-site/hu/svs_core/hu=3, 1741730549045
Received update: /ndn/az-site/az/svs_core/az=3, 1741730549241
Received update: /ndn/de1-site/de1/svs_core/de1=3, 1741730549357
Published sequence number: /ndn/am-site/am/svs_core/am=3, 1741730549375
Sending Sync interest
Received update: /ndn/by-site/by/svs_core/by=3, 1741730550466
Received update: /ndn/me-site/me/svs_core/me=3, 1741730550466
Received update: /ndn/ie-site/ie/svs_core/ie=3, 1741730550606
Received update: /ndn/pl-site/pl/svs_core/pl=3, 1741730550808
Received update: /ndn/si-site/si/svs_core/si=3, 1741730551048
Received update: /ndn/cz-site/cz/svs_core/cz=3, 1741730555239
Received update: /ndn/fr1-site/fr1/svs_core/fr1=3, 1741730555239
Received update: /ndn/lu-site/lu/svs_core/lu=3, 1741730556896
Sending Sync interest
Received update: /ndn/be-site/be/svs_core/be=3, 1741730559089
Received update: /ndn/dk-site/dk/svs_core/dk=3, 1741730559089
Received update: /ndn/ro-site/ro/svs_core/ro=3, 1741730559089
Received update: /ndn/sk-site/sk/svs_core/sk=3, 1741730561058
Received update: /ndn/de2-site/de2/svs_core/de2=3, 1741730561058
Received update: /ndn/se-site/se/svs_core/se=3, 1741730561234
Received update: /ndn/cy-site/cy/svs_core/cy=3, 1741730561338
Received update: /ndn/mt-site/mt/svs_core/mt=3, 1741730566122
Received update: /ndn/il-site/il/svs_core/il=3, 1741730566241
Received update: /ndn/tr-site/tr/svs_core/tr=3, 1741730566241
Received update: /ndn/fr2-site/fr2/svs_core/fr2=3, 1741730570805
Received update: /ndn/nl-site/nl/svs_core/nl=3, 1741730571048
Received update: /ndn/rs-site/rs/svs_core/rs=3, 1741730571209
Received update: /ndn/pt-site/pt/svs_core/pt=3, 1741730571659
Received update: /ndn/mk-site/mk/svs_core/mk=3, 1741730572018
Received update: /ndn/bg-site/bg/svs_core/bg=3, 1741730575833
Received update: /ndn/it-site/it/svs_core/it=3, 1741730575833
Received update: /ndn/ee-site/ee/svs_core/ee=3, 1741730576357
Received update: /ndn/lt-site/lt/svs_core/lt=3, 1741730576357
Received update: /ndn/lv-site/lv/svs_core/lv=3, 1741730576357
Received update: /ndn/ch-site/ch/svs_core/ch=3, 1741730580338
Received update: /ndn/uk-site/uk/svs_core/uk=4, 1741730580338
Received update: /ndn/at-site/at/svs_core/at=4, 1741730583276
Received update: /ndn/es-site/es/svs_core/es=4, 1741730583276
Received update: /ndn/ge-site/ge/svs_core/ge=4, 1741730583852
Received update: /ndn/md-site/md/svs_core/md=4, 1741730583852
Received update: /ndn/ua-site/ua/svs_core/ua=4, 1741730586402
Received update: /ndn/gr-site/gr/svs_core/gr=4, 1741730590077
Received update: /ndn/hr-site/hr/svs_core/hr=4, 1741730590275
Received update: /ndn/is-site/is/svs_core/is=4, 1741730593478
Received update: /ndn/fi-site/fi/svs_core/fi=4, 1741730593705
Received update: /ndn/hu-site/hu/svs_core/hu=4, 1741730594049
Received update: /ndn/no-site/no/svs_core/no=4, 1741730594049
Received update: /ndn/al-site/al/svs_core/al=4, 1741730594141
Received update: /ndn/ie-site/ie/svs_core/ie=4, 1741730594374
Received update: /ndn/de1-site/de1/svs_core/de1=4, 1741730594374
Published sequence number: /ndn/am-site/am/svs_core/am=4, 1741730594376
Sending Sync interest
Received update: /ndn/me-site/me/svs_core/me=4, 1741730595647
Received update: /ndn/si-site/si/svs_core/si=4, 1741730595647
Received update: /ndn/by-site/by/svs_core/by=4, 1741730595847
Received update: /ndn/pl-site/pl/svs_core/pl=4, 1741730595847
Sending Sync interest
Received update: /ndn/az-site/az/svs_core/az=4, 1741730595896
Sending Sync interest
Received update: /ndn/cz-site/cz/svs_core/cz=4, 1741730598821
Sending Sync interest
Received update: /ndn/fr1-site/fr1/svs_core/fr1=4, 1741730600224
Received update: /ndn/lu-site/lu/svs_core/lu=4, 1741730602643
Received update: /ndn/ro-site/ro/svs_core/ro=4, 1741730602643
Received update: /ndn/be-site/be/svs_core/be=4, 1741730605541
Received update: /ndn/cy-site/cy/svs_core/cy=4, 1741730605541
Received update: /ndn/dk-site/dk/svs_core/dk=4, 1741730605541
Received update: /ndn/se-site/se/svs_core/se=4, 1741730606061
Received update: /ndn/sk-site/sk/svs_core/sk=4, 1741730606061
Received update: /ndn/de2-site/de2/svs_core/de2=4, 1741730606061
Received update: /ndn/il-site/il/svs_core/il=4, 1741730615630
Received update: /ndn/mt-site/mt/svs_core/mt=4, 1741730615630
Received update: /ndn/nl-site/nl/svs_core/nl=4, 1741730615630
Received update: /ndn/pt-site/pt/svs_core/pt=4, 1741730615630
Received update: /ndn/tr-site/tr/svs_core/tr=4, 1741730615630
Received update: /ndn/fr2-site/fr2/svs_core/fr2=4, 1741730615804
Received update: /ndn/rs-site/rs/svs_core/rs=4, 1741730616141
Received update: /ndn/mk-site/mk/svs_core/mk=4, 1741730617029
Received update: /ndn/lt-site/lt/svs_core/lt=4, 1741730618911
Received update: /ndn/lv-site/lv/svs_core/lv=4, 1741730618911
Received update: /ndn/it-site/it/svs_core/it=4, 1741730620769
Received update: /ndn/ch-site/ch/svs_core/ch=4, 1741730622107
Received update: /ndn/bg-site/bg/svs_core/bg=4, 1741730622286
Received update: /ndn/ee-site/ee/svs_core/ee=4, 1741730622388
Received update: /ndn/uk-site/uk/svs_core/uk=5, 1741730625343
Received update: /ndn/at-site/at/svs_core/at=5, 1741730629756
Received update: /ndn/es-site/es/svs_core/es=5, 1741730629756
Received update: /ndn/fi-site/fi/svs_core/fi=5, 1741730629756
Received update: /ndn/ge-site/ge/svs_core/ge=5, 1741730629756
Received update: /ndn/md-site/md/svs_core/md=5, 1741730629756
Received update: /ndn/hr-site/hr/svs_core/hr=5, 1741730633061
Received update: /ndn/by-site/by/svs_core/by=5, 1741730637842
Received update: /ndn/al-site/al/svs_core/al=5, 1741730638004
Received update: /ndn/gr-site/gr/svs_core/gr=5, 1741730638179
Received update: /ndn/ua-site/ua/svs_core/ua=5, 1741730638201
Received update: /ndn/az-site/az/svs_core/az=5, 1741730639246
Received update: /ndn/hu-site/hu/svs_core/hu=5, 1741730639246
Received update: /ndn/no-site/no/svs_core/no=5, 1741730639299
Published sequence number: /ndn/am-site/am/svs_core/am=5, 1741730639377
Sending Sync interest
Received update: /ndn/si-site/si/svs_core/si=5, 1741730640642
Received update: /ndn/pl-site/pl/svs_core/pl=5, 1741730641058
Received update: /ndn/de1-site/de1/svs_core/de1=5, 1741730641058
Received update: /ndn/cz-site/cz/svs_core/cz=5, 1741730643820
Received update: /ndn/ie-site/ie/svs_core/ie=5, 1741730643820
Received update: /ndn/is-site/is/svs_core/is=5, 1741730643820
Received update: /ndn/me-site/me/svs_core/me=5, 1741730643820
Received update: /ndn/fr1-site/fr1/svs_core/fr1=5, 1741730645233
Received update: /ndn/be-site/be/svs_core/be=5, 1741730648888
Received update: /ndn/dk-site/dk/svs_core/dk=5, 1741730649029
Received update: /ndn/ro-site/ro/svs_core/ro=5, 1741730649133
Received update: /ndn/se-site/se/svs_core/se=5, 1741730649772
Received update: /ndn/cy-site/cy/svs_core/cy=5, 1741730650523
Received update: /ndn/lu-site/lu/svs_core/lu=5, 1741730650523
Received update: /ndn/sk-site/sk/svs_core/sk=5, 1741730651068
Received update: /ndn/de2-site/de2/svs_core/de2=5, 1741730651068
Received update: /ndn/tr-site/tr/svs_core/tr=5, 1741730656029
Received update: /ndn/il-site/il/svs_core/il=5, 1741730656291
Received update: /ndn/mt-site/mt/svs_core/mt=5, 1741730656291
Received update: /ndn/nl-site/nl/svs_core/nl=5, 1741730658081
Received update: /ndn/pt-site/pt/svs_core/pt=5, 1741730660401
Received update: /ndn/lv-site/lv/svs_core/lv=5, 1741730661598
Received update: /ndn/rs-site/rs/svs_core/rs=5, 1741730661598
Received update: /ndn/fr2-site/fr2/svs_core/fr2=5, 1741730661598
Received update: /ndn/mk-site/mk/svs_core/mk=5, 1741730662704
Received update: /ndn/bg-site/bg/svs_core/bg=5, 1741730664548
Received update: /ndn/it-site/it/svs_core/it=5, 1741730665771
Received update: /ndn/ch-site/ch/svs_core/ch=5, 1741730672119
Received update: /ndn/ee-site/ee/svs_core/ee=5, 1741730672119
Received update: /ndn/es-site/es/svs_core/es=6, 1741730672119
Received update: /ndn/lt-site/lt/svs_core/lt=5, 1741730672119
Received update: /ndn/uk-site/uk/svs_core/uk=6, 1741730672119
Received update: /ndn/at-site/at/svs_core/at=6, 1741730676624
Received update: /ndn/ge-site/ge/svs_core/ge=6, 1741730676624
Received update: /ndn/md-site/md/svs_core/md=6, 1741730676624
Received update: /ndn/ua-site/ua/svs_core/ua=6, 1741730676624
Received update: /ndn/hr-site/hr/svs_core/hr=6, 1741730678044
Received update: /ndn/fi-site/fi/svs_core/fi=6, 1741730678248
Received update: /ndn/gr-site/gr/svs_core/gr=6, 1741730680075
Received update: /ndn/by-site/by/svs_core/by=6, 1741730682839
Sending Sync interest
Received update: /ndn/al-site/al/svs_core/al=6, 1741730683087
Received update: /ndn/is-site/is/svs_core/is=6, 1741730683480
Received update: /ndn/az-site/az/svs_core/az=6, 1741730684375
Received update: /ndn/hu-site/hu/svs_core/hu=6, 1741730684375
Received update: /ndn/no-site/no/svs_core/no=6, 1741730684375
Received update: /ndn/de1-site/de1/svs_core/de1=6, 1741730684375
Published sequence number: /ndn/am-site/am/svs_core/am=6, 1741730684378
Sending Sync interest
Received update: /ndn/ie-site/ie/svs_core/ie=6, 1741730684639
Received update: /ndn/me-site/me/svs_core/me=6, 1741730690244
Received update: /ndn/pl-site/pl/svs_core/pl=6, 1741730690244
Received update: /ndn/fr1-site/fr1/svs_core/fr1=6, 1741730690244
Received update: /ndn/cz-site/cz/svs_core/cz=6, 1741730691811
Received update: /ndn/lu-site/lu/svs_core/lu=6, 1741730691811
Received update: /ndn/si-site/si/svs_core/si=6, 1741730691811
Received update: /ndn/ro-site/ro/svs_core/ro=6, 1741730692435
Received update: /ndn/be-site/be/svs_core/be=6, 1741730693913
Received update: /ndn/cy-site/cy/svs_core/cy=6, 1741730695524
Received update: /ndn/dk-site/dk/svs_core/dk=6, 1741730695524
Received update: /ndn/se-site/se/svs_core/se=6, 1741730695524
Received update: /ndn/de2-site/de2/svs_core/de2=6, 1741730696068
Received update: /ndn/il-site/il/svs_core/il=6, 1741730697688
Received update: /ndn/nl-site/nl/svs_core/nl=6, 1741730703295
Received update: /ndn/sk-site/sk/svs_core/sk=6, 1741730703295
Received update: /ndn/tr-site/tr/svs_core/tr=6, 1741730703295
Received update: /ndn/mt-site/mt/svs_core/mt=6, 1741730705417
Received update: /ndn/pt-site/pt/svs_core/pt=6, 1741730705417
Received update: /ndn/rs-site/rs/svs_core/rs=6, 1741730706352
Received update: /ndn/fr2-site/fr2/svs_core/fr2=6, 1741730706352
Received update: /ndn/mk-site/mk/svs_core/mk=6, 1741730707039
Received update: /ndn/bg-site/bg/svs_core/bg=6, 1741730709544
Received update: /ndn/it-site/it/svs_core/it=6, 1741730710797
Received update: /ndn/ee-site/ee/svs_core/ee=6, 1741730711457
Received update: /ndn/lt-site/lt/svs_core/lt=6, 1741730711457
Received update: /ndn/lv-site/lv/svs_core/lv=6, 1741730711457
Received update: /ndn/ch-site/ch/svs_core/ch=6, 1741730712127
Received update: /ndn/uk-site/uk/svs_core/uk=7, 1741730715358
Received update: /ndn/es-site/es/svs_core/es=7, 1741730716980
Received update: /ndn/at-site/at/svs_core/at=7, 1741730718041
Received update: /ndn/md-site/md/svs_core/md=7, 1741730718274
Received update: /ndn/ge-site/ge/svs_core/ge=7, 1741730718861
Received update: /ndn/ua-site/ua/svs_core/ua=7, 1741730721412
Received update: /ndn/fi-site/fi/svs_core/fi=7, 1741730721669
Received update: /ndn/gr-site/gr/svs_core/gr=7, 1741730725075
Received update: /ndn/hr-site/hr/svs_core/hr=7, 1741730729234
Received update: /ndn/ie-site/ie/svs_core/ie=7, 1741730729234
Received update: /ndn/no-site/no/svs_core/no=7, 1741730729371
Received update: /ndn/de1-site/de1/svs_core/de1=7, 1741730729371
Published sequence number: /ndn/am-site/am/svs_core/am=7, 1741730729379
Sending Sync interest
Received update: /ndn/is-site/is/svs_core/is=7, 1741730729384
Received update: /ndn/al-site/al/svs_core/al=7, 1741730729464
Received update: /ndn/by-site/by/svs_core/by=7, 1741730729588
Received update: /ndn/hu-site/hu/svs_core/hu=7, 1741730729588
Received update: /ndn/pl-site/pl/svs_core/pl=7, 1741730729588
Received update: /ndn/az-site/az/svs_core/az=7, 1741730730479
Received update: /ndn/me-site/me/svs_core/me=7, 1741730730479
Received update: /ndn/cz-site/cz/svs_core/cz=7, 1741730733833
Received update: /ndn/si-site/si/svs_core/si=7, 1741730733833
Received update: /ndn/be-site/be/svs_core/be=7, 1741730739040
Received update: /ndn/dk-site/dk/svs_core/dk=7, 1741730739040
Received update: /ndn/fr1-site/fr1/svs_core/fr1=7, 1741730739117
Received update: /ndn/lu-site/lu/svs_core/lu=7, 1741730739118
Received update: /ndn/ro-site/ro/svs_core/ro=7, 1741730739130
Received update: /ndn/cy-site/cy/svs_core/cy=7, 1741730740723
Received update: /ndn/se-site/se/svs_core/se=7, 1741730740723
Received update: /ndn/sk-site/sk/svs_core/sk=7, 1741730741014
Received update: /ndn/de2-site/de2/svs_core/de2=7, 1741730741071
Received update: /ndn/il-site/il/svs_core/il=7, 1741730742557
Received update: /ndn/tr-site/tr/svs_core/tr=7, 1741730746035
Received update: /ndn/lv-site/lv/svs_core/lv=7, 1741730751552
Received update: /ndn/mt-site/mt/svs_core/mt=7, 1741730751552
Received update: /ndn/nl-site/nl/svs_core/nl=7, 1741730751552
Received update: /ndn/pt-site/pt/svs_core/pt=7, 1741730751552
Received update: /ndn/fr2-site/fr2/svs_core/fr2=7, 1741730751583
Received update: /ndn/mk-site/mk/svs_core/mk=7, 1741730752043
Received update: /ndn/bg-site/bg/svs_core/bg=7, 1741730755778
Received update: /ndn/it-site/it/svs_core/it=7, 1741730755778
Received update: /ndn/rs-site/rs/svs_core/rs=7, 1741730755778
Received update: /ndn/ch-site/ch/svs_core/ch=7, 1741730760571
Received update: /ndn/ee-site/ee/svs_core/ee=7, 1741730760571
Received update: /ndn/lt-site/lt/svs_core/lt=7, 1741730760571
Received update: /ndn/uk-site/uk/svs_core/uk=8, 1741730760571
Received update: /ndn/md-site/md/svs_core/md=8, 1741730762302
Received update: /ndn/es-site/es/svs_core/es=8, 1741730762563
Received update: /ndn/at-site/at/svs_core/at=8, 1741730764329
Received update: /ndn/fi-site/fi/svs_core/fi=8, 1741730764329
Received update: /ndn/ge-site/ge/svs_core/ge=8, 1741730764377
Received update: /ndn/by-site/by/svs_core/by=8, 1741730772918
Received update: /ndn/hr-site/hr/svs_core/hr=8, 1741730772918
Received update: /ndn/al-site/al/svs_core/al=8, 1741730773034
Received update: /ndn/gr-site/gr/svs_core/gr=8, 1741730773034
Received update: /ndn/no-site/no/svs_core/no=8, 1741730773476
Received update: /ndn/is-site/is/svs_core/is=8, 1741730773480
Received update: /ndn/ua-site/ua/svs_core/ua=8, 1741730773720
Received update: /ndn/hu-site/hu/svs_core/hu=8, 1741730774246
Received update: /ndn/ie-site/ie/svs_core/ie=8, 1741730774246
Published sequence number: /ndn/am-site/am/svs_core/am=8, 1741730774381
Sending Sync interest
Received update: /ndn/me-site/me/svs_core/me=8, 1741730775481
Received update: /ndn/de1-site/de1/svs_core/de1=8, 1741730775722
Received update: /ndn/az-site/az/svs_core/az=8, 1741730775731
Received update: /ndn/pl-site/pl/svs_core/pl=8, 1741730775731
Received update: /ndn/cz-site/cz/svs_core/cz=8, 1741730778838
Received update: /ndn/si-site/si/svs_core/si=8, 1741730778838
Received update: /ndn/lu-site/lu/svs_core/lu=8, 1741730781870
Received update: /ndn/fr1-site/fr1/svs_core/fr1=8, 1741730782118
Received update: /ndn/ro-site/ro/svs_core/ro=8, 1741730782438
Received update: /ndn/be-site/be/svs_core/be=8, 1741730783907
Received update: /ndn/dk-site/dk/svs_core/dk=8, 1741730784055
Received update: /ndn/cy-site/cy/svs_core/cy=8, 1741730785612
Received update: /ndn/se-site/se/svs_core/se=8, 1741730785784
Received update: /ndn/sk-site/sk/svs_core/sk=8, 1741730786019
Received update: /ndn/de2-site/de2/svs_core/de2=8, 1741730786075
Received update: /ndn/il-site/il/svs_core/il=8, 1741730791040
Received update: /ndn/tr-site/tr/svs_core/tr=8, 1741730791040
Received update: /ndn/nl-site/nl/svs_core/nl=8, 1741730793085
Sending Sync interest
Received update: /ndn/pt-site/pt/svs_core/pt=8, 1741730795421
Received update: /ndn/mk-site/mk/svs_core/mk=8, 1741730797197
Received update: /ndn/fr2-site/fr2/svs_core/fr2=8, 1741730797197
Received update: /ndn/it-site/it/svs_core/it=8, 1741730800790
Received update: /ndn/lv-site/lv/svs_core/lv=8, 1741730800790
Received update: /ndn/bg-site/bg/svs_core/bg=8, 1741730801263
Received update: /ndn/rs-site/rs/svs_core/rs=8, 1741730801263
Received update: /ndn/ee-site/ee/svs_core/ee=8, 1741730801402
Received update: /ndn/mt-site/mt/svs_core/mt=8, 1741730801402
Received update: /ndn/lt-site/lt/svs_core/lt=8, 1741730801526
Received update: /ndn/ch-site/ch/svs_core/ch=8, 1741730802115
Received update: /ndn/uk-site/uk/svs_core/uk=9, 1741730805366
Received update: /ndn/md-site/md/svs_core/md=9, 1741730807402
Received update: /ndn/es-site/es/svs_core/es=9, 1741730807496
Received update: /ndn/at-site/at/svs_core/at=9, 1741730808065
Received update: /ndn/ge-site/ge/svs_core/ge=9, 1741730808879
Received update: /ndn/fi-site/fi/svs_core/fi=9, 1741730809446
Received update: /ndn/hr-site/hr/svs_core/hr=9, 1741730813061
Received update: /ndn/al-site/al/svs_core/al=9, 1741730815744
Received update: /ndn/gr-site/gr/svs_core/gr=9, 1741730815744
Received update: /ndn/ua-site/ua/svs_core/ua=9, 1741730815744
Received update: /ndn/hu-site/hu/svs_core/hu=9, 1741730819066
Received update: /ndn/ie-site/ie/svs_core/ie=9, 1741730819248
Received update: /ndn/by-site/by/svs_core/by=9, 1741730819319
Published sequence number: /ndn/am-site/am/svs_core/am=9, 1741730819382
Sending Sync interest
Received update: /ndn/az-site/az/svs_core/az=9, 1741730820500
Received update: /ndn/me-site/me/svs_core/me=9, 1741730820500
Received update: /ndn/no-site/no/svs_core/no=9, 1741730820500
Received update: /ndn/de1-site/de1/svs_core/de1=9, 1741730820500
Received update: /ndn/pl-site/pl/svs_core/pl=9, 1741730820580
Received update: /ndn/cz-site/cz/svs_core/cz=9, 1741730823844
Received update: /ndn/is-site/is/svs_core/is=9, 1741730823844
Received update: /ndn/si-site/si/svs_core/si=9, 1741730823844
Received update: /ndn/lu-site/lu/svs_core/lu=9, 1741730826816
Received update: /ndn/fr1-site/fr1/svs_core/fr1=9, 1741730826816
Received update: /ndn/be-site/be/svs_core/be=9, 1741730828926
Received update: /ndn/ro-site/ro/svs_core/ro=9, 1741730829801
Received update: /ndn/se-site/se/svs_core/se=9, 1741730829801
Received update: /ndn/dk-site/dk/svs_core/dk=9, 1741730829992
Received update: /ndn/cy-site/cy/svs_core/cy=9, 1741730830566
Received update: /ndn/sk-site/sk/svs_core/sk=9, 1741730831021
Received update: /ndn/de2-site/de2/svs_core/de2=9, 1741730831077
Received update: /ndn/il-site/il/svs_core/il=9, 1741730832569
Sending Sync interest
Received update: /ndn/nl-site/nl/svs_core/nl=9, 1741730838090
Received update: /ndn/tr-site/tr/svs_core/tr=9, 1741730838090
Received update: /ndn/mt-site/mt/svs_core/mt=9, 1741730840435
Received update: /ndn/pt-site/pt/svs_core/pt=9, 1741730840435
Received update: /ndn/fr2-site/fr2/svs_core/fr2=9, 1741730840845
Received update: /ndn/mk-site/mk/svs_core/mk=9, 1741730842048
Received update: /ndn/lt-site/lt/svs_core/lt=9, 1741730843513
Sending Sync interest
Received update: /ndn/bg-site/bg/svs_core/bg=9, 1741730844607
Received update: /ndn/lv-site/lv/svs_core/lv=9, 1741730844770
Received update: /ndn/rs-site/rs/svs_core/rs=9, 1741730844791
Received update: /ndn/it-site/it/svs_core/it=9, 1741730845799
Received update: /ndn/ch-site/ch/svs_core/ch=9, 1741730847116
Sending Sync interest
Received update: /ndn/uk-site/uk/svs_core/uk=10, 1741730850377
Received update: /ndn/es-site/es/svs_core/es=10, 1741730851945
Received update: /ndn/md-site/md/svs_core/md=10, 1741730852541
Received update: /ndn/at-site/at/svs_core/at=10, 1741730853081
Received update: /ndn/ee-site/ee/svs_core/ee=9, 1741730853081
Received update: /ndn/ge-site/ge/svs_core/ge=10, 1741730853900
Received update: /ndn/fi-site/fi/svs_core/fi=10, 1741730854337
Received update: /ndn/hr-site/hr/svs_core/hr=10, 1741730858075
Received update: /ndn/ua-site/ua/svs_core/ua=10, 1741730858275
Received update: /ndn/gr-site/gr/svs_core/gr=10, 1741730860090
Sending Sync interest
Received update: /ndn/is-site/is/svs_core/is=10, 1741730863494
Received update: /ndn/al-site/al/svs_core/al=10, 1741730863702
Received update: /ndn/no-site/no/svs_core/no=10, 1741730863702
Received update: /ndn/by-site/by/svs_core/by=10, 1741730863938
Received update: /ndn/hu-site/hu/svs_core/hu=10, 1741730864082
Received update: /ndn/ie-site/ie/svs_core/ie=10, 1741730864248
Received update: /ndn/az-site/az/svs_core/az=10, 1741730864256
Published sequence number: /ndn/am-site/am/svs_core/am=10, 1741730864384
Sending Sync interest
Received update: /ndn/pl-site/pl/svs_core/pl=10, 1741730864611
Received update: /ndn/de1-site/de1/svs_core/de1=10, 1741730864611
Sending Sync interest
Received update: /ndn/si-site/si/svs_core/si=10, 1741730865661
Sending Sync interest
Received update: /ndn/cz-site/cz/svs_core/cz=10, 1741730868851
Sending Sync interest
Received update: /ndn/me-site/me/svs_core/me=10, 1741730869078
Sending Sync interest
Received update: /ndn/fr1-site/fr1/svs_core/fr1=10, 1741730871229
Received update: /ndn/dk-site/dk/svs_core/dk=10, 1741730874061
Received update: /ndn/lu-site/lu/svs_core/lu=10, 1741730874061
Received update: /ndn/ro-site/ro/svs_core/ro=10, 1741730874061
Received update: /ndn/be-site/be/svs_core/be=10, 1741730875556
Received update: /ndn/cy-site/cy/svs_core/cy=10, 1741730875556
Received update: /ndn/sk-site/sk/svs_core/sk=10, 1741730876077
Received update: /ndn/de2-site/de2/svs_core/de2=10, 1741730876077
Received update: /ndn/se-site/se/svs_core/se=10, 1741730881052
Received update: /ndn/tr-site/tr/svs_core/tr=10, 1741730881052
Sending Sync interest
Received update: /ndn/nl-site/nl/svs_core/nl=10, 1741730883100
Received update: /ndn/pt-site/pt/svs_core/pt=10, 1741730885437
Received update: /ndn/il-site/il/svs_core/il=10, 1741730885465
Received update: /ndn/fr2-site/fr2/svs_core/fr2=10, 1741730885841
Received update: /ndn/lv-site/lv/svs_core/lv=10, 1741730886794
Received update: /ndn/mk-site/mk/svs_core/mk=10, 1741730887077
Received update: /ndn/mt-site/mt/svs_core/mt=10, 1741730887277
Received update: /ndn/bg-site/bg/svs_core/bg=10, 1741730889583
Received update: /ndn/lt-site/lt/svs_core/lt=10, 1741730889788
Received update: /ndn/ee-site/ee/svs_core/ee=10, 1741730891384
Received update: /ndn/it-site/it/svs_core/it=10, 1741730891384
Received update: /ndn/uk-site/uk/svs_core/uk=11, 1741730895382
Received update: /ndn/ch-site/ch/svs_core/ch=10, 1741730896952
Received update: /ndn/es-site/es/svs_core/es=11, 1741730896952
Received update: /ndn/at-site/at/svs_core/at=11, 1741730898077
Received update: /ndn/ge-site/ge/svs_core/ge=11, 1741730898895
Received update: /ndn/fi-site/fi/svs_core/fi=11, 1741730899631
Received update: /ndn/hr-site/hr/svs_core/hr=11, 1741730903069
Received update: /ndn/md-site/md/svs_core/md=11, 1741730903296
Received update: /ndn/no-site/no/svs_core/no=11, 1741730908515
Received update: /ndn/gr-site/gr/svs_core/gr=11, 1741730908588
Received update: /ndn/ua-site/ua/svs_core/ua=11, 1741730908588
Received update: /ndn/is-site/is/svs_core/is=11, 1741730908702
Received update: /ndn/al-site/al/svs_core/al=11, 1741730909090
Received update: /ndn/hu-site/hu/svs_core/hu=11, 1741730909090
Received update: /ndn/ie-site/ie/svs_core/ie=11, 1741730909283
Published sequence number: /ndn/am-site/am/svs_core/am=11, 1741730909386
Sending Sync interest
Received update: /ndn/by-site/by/svs_core/by=11, 1741730909544
Received update: /ndn/az-site/az/svs_core/az=11, 1741730909576
Received update: /ndn/de1-site/de1/svs_core/de1=11, 1741730909777
Sending Sync interest
Received update: /ndn/me-site/me/svs_core/me=11, 1741730910508
Sending Sync interest
Received update: /ndn/pl-site/pl/svs_core/pl=11, 1741730910724
Received update: /ndn/si-site/si/svs_core/si=11, 1741730910724
Received update: /ndn/fr1-site/fr1/svs_core/fr1=11, 1741730915266
Received update: /ndn/cz-site/cz/svs_core/cz=11, 1741730915464
Received update: /ndn/ro-site/ro/svs_core/ro=11, 1741730917461
Received update: /ndn/lu-site/lu/svs_core/lu=11, 1741730918771
Received update: /ndn/rs-site/rs/svs_core/rs=10, 1741730918898
Received update: /ndn/be-site/be/svs_core/be=11, 1741730919983
Received update: /ndn/se-site/se/svs_core/se=11, 1741730919983
Received update: /ndn/dk-site/dk/svs_core/dk=11, 1741730920011
Received update: /ndn/cy-site/cy/svs_core/cy=11, 1741730920579
Received update: /ndn/sk-site/sk/svs_core/sk=11, 1741730921079
Received update: /ndn/de2-site/de2/svs_core/de2=11, 1741730921079
Received update: /ndn/il-site/il/svs_core/il=11, 1741730926060
Received update: /ndn/tr-site/tr/svs_core/tr=11, 1741730926060
Received update: /ndn/mt-site/mt/svs_core/mt=11, 1741730926155
Received update: /ndn/nl-site/nl/svs_core/nl=11, 1741730930857
Received update: /ndn/fr2-site/fr2/svs_core/fr2=11, 1741730930857
Received update: /ndn/pt-site/pt/svs_core/pt=11, 1741730931077
Received update: /ndn/lv-site/lv/svs_core/lv=11, 1741730931577
Received update: /ndn/rs-site/rs/svs_core/rs=11, 1741730932042
Received update: /ndn/mk-site/mk/svs_core/mk=11, 1741730932045
Received update: /ndn/bg-site/bg/svs_core/bg=11, 1741730936402
Received update: /ndn/ee-site/ee/svs_core/ee=11, 1741730936402
Received update: /ndn/lt-site/lt/svs_core/lt=11, 1741730936402
Received update: /ndn/ch-site/ch/svs_core/ch=11, 1741730937126
Received update: /ndn/it-site/it/svs_core/it=11, 1741730937126
Received update: /ndn/uk-site/uk/svs_core/uk=12, 1741730940396
Received update: /ndn/md-site/md/svs_core/md=12, 1741730942557
Received update: /ndn/at-site/at/svs_core/at=12, 1741730943088
Received update: /ndn/es-site/es/svs_core/es=12, 1741730943088
Received update: /ndn/ge-site/ge/svs_core/ge=12, 1741730950303
Received update: /ndn/gr-site/gr/svs_core/gr=12, 1741730950303
Received update: /ndn/hr-site/hr/svs_core/hr=12, 1741730950303
Received update: /ndn/ua-site/ua/svs_core/ua=12, 1741730950540
Received update: /ndn/no-site/no/svs_core/no=12, 1741730953491
Received update: /ndn/by-site/by/svs_core/by=12, 1741730953720
Received update: /ndn/al-site/al/svs_core/al=12, 1741730954083
Received update: /ndn/is-site/is/svs_core/is=12, 1741730954083
Published sequence number: /ndn/am-site/am/svs_core/am=12, 1741730954387
Sending Sync interest
Received update: /ndn/az-site/az/svs_core/az=12, 1741730954391
Received update: /ndn/hu-site/hu/svs_core/hu=12, 1741730954391
Received update: /ndn/ie-site/ie/svs_core/ie=12, 1741730954391
Received update: /ndn/de1-site/de1/svs_core/de1=12, 1741730954457
Received update: /ndn/me-site/me/svs_core/me=12, 1741730955513
Received update: /ndn/cz-site/cz/svs_core/cz=12, 1741730958854
Received update: /ndn/si-site/si/svs_core/si=12, 1741730959076
Received update: /ndn/pl-site/pl/svs_core/pl=12, 1741730959281
Received update: /ndn/fi-site/fi/svs_core/fi=12, 1741730960121
Received update: /ndn/fr1-site/fr1/svs_core/fr1=12, 1741730960269
Received update: /ndn/lu-site/lu/svs_core/lu=12, 1741730961823
Received update: /ndn/be-site/be/svs_core/be=12, 1741730964078
Received update: /ndn/dk-site/dk/svs_core/dk=12, 1741730964078
Received update: /ndn/ro-site/ro/svs_core/ro=12, 1741730964306
Received update: /ndn/cy-site/cy/svs_core/cy=12, 1741730971071
Received update: /ndn/tr-site/tr/svs_core/tr=12, 1741730971071
Received update: /ndn/de2-site/de2/svs_core/de2=12, 1741730971071
Received update: /ndn/sk-site/sk/svs_core/sk=12, 1741730971196
Received update: /ndn/il-site/il/svs_core/il=12, 1741730971297
Received update: /ndn/se-site/se/svs_core/se=12, 1741730971425
Received update: /ndn/mt-site/mt/svs_core/mt=12, 1741730971643
Received update: /ndn/nl-site/nl/svs_core/nl=12, 1741730973105
Received update: /ndn/pt-site/pt/svs_core/pt=12, 1741730975596
Received update: /ndn/rs-site/rs/svs_core/rs=12, 1741730976161
Received update: /ndn/it-site/it/svs_core/it=12, 1741730980822
Received update: /ndn/mk-site/mk/svs_core/mk=12, 1741730980822
Received update: /ndn/fr2-site/fr2/svs_core/fr2=12, 1741730980822
Received update: /ndn/bg-site/bg/svs_core/bg=12, 1741730981030
Received update: /ndn/lt-site/lt/svs_core/lt=12, 1741730981062
Received update: /ndn/lv-site/lv/svs_core/lv=12, 1741730981252
Received update: /ndn/ch-site/ch/svs_core/ch=12, 1741730982139
Received update: /ndn/uk-site/uk/svs_core/uk=13, 1741730985400
Received update: /ndn/es-site/es/svs_core/es=13, 1741730986962
Received update: /ndn/at-site/at/svs_core/at=13, 1741730988088
Received update: /ndn/ge-site/ge/svs_core/ge=13, 1741730988906
Received update: /ndn/ee-site/ee/svs_core/ee=12, 1741730989141
Received update: /ndn/ua-site/ua/svs_core/ua=13, 1741730991461
Received update: /ndn/fi-site/fi/svs_core/fi=13, 1741730995114
Received update: /ndn/gr-site/gr/svs_core/gr=13, 1741730995114
Received update: /ndn/hr-site/hr/svs_core/hr=13, 1741730995114
Received update: /ndn/al-site/al/svs_core/al=13, 1741730995713
Received update: /ndn/is-site/is/svs_core/is=13, 1741730998500
Received update: /ndn/md-site/md/svs_core/md=13, 1741730998500
Received update: /ndn/by-site/by/svs_core/by=13, 1741730998717
Received update: /ndn/hu-site/hu/svs_core/hu=13, 1741730999083
Received update: /ndn/no-site/no/svs_core/no=13, 1741730999083
Published sequence number: /ndn/am-site/am/svs_core/am=13, 1741730999388
Sending Sync interest
Received update: /ndn/cz-site/cz/svs_core/cz=13, 1741731004072
Received update: /ndn/ie-site/ie/svs_core/ie=13, 1741731004072
Received update: /ndn/pl-site/pl/svs_core/pl=13, 1741731004072
Received update: /ndn/si-site/si/svs_core/si=13, 1741731004072
Received update: /ndn/de1-site/de1/svs_core/de1=13, 1741731004072
Sending Sync interest
Received update: /ndn/az-site/az/svs_core/az=13, 1741731007486
Received update: /ndn/lu-site/lu/svs_core/lu=13, 1741731007486
Received update: /ndn/me-site/me/svs_core/me=13, 1741731007486
Received update: /ndn/ro-site/ro/svs_core/ro=13, 1741731007486
Received update: /ndn/fr1-site/fr1/svs_core/fr1=13, 1741731007486
Sending Sync interest
Received update: /ndn/be-site/be/svs_core/be=13, 1741731010029
Received update: /ndn/dk-site/dk/svs_core/dk=13, 1741731010029
Received update: /ndn/se-site/se/svs_core/se=13, 1741731010029
Received update: /ndn/cy-site/cy/svs_core/cy=13, 1741731010651
Received update: /ndn/sk-site/sk/svs_core/sk=13, 1741731011092
Received update: /ndn/de2-site/de2/svs_core/de2=13, 1741731011092
Received update: /ndn/il-site/il/svs_core/il=13, 1741731016126
Received update: /ndn/tr-site/tr/svs_core/tr=13, 1741731016126
Received update: /ndn/mt-site/mt/svs_core/mt=13, 1741731016192
Received update: /ndn/nl-site/nl/svs_core/nl=13, 1741731020430
Received update: /ndn/pt-site/pt/svs_core/pt=13, 1741731020430
Received update: /ndn/fr2-site/fr2/svs_core/fr2=13, 1741731020870
Received update: /ndn/rs-site/rs/svs_core/rs=13, 1741731021307
Received update: /ndn/lv-site/lv/svs_core/lv=13, 1741731021584
Received update: /ndn/mk-site/mk/svs_core/mk=13, 1741731022767
Received update: /ndn/lt-site/lt/svs_core/lt=13, 1741731023516
Received update: /ndn/ch-site/ch/svs_core/ch=13, 1741731027124
Received update: /ndn/it-site/it/svs_core/it=13, 1741731027124
Received update: /ndn/ee-site/ee/svs_core/ee=13, 1741731027331
Received update: /ndn/bg-site/bg/svs_core/bg=13, 1741731027357
Received update: /ndn/es-site/es/svs_core/es=14, 1741731031984
Received update: /ndn/uk-site/uk/svs_core/uk=14, 1741731031984
Received update: /ndn/at-site/at/svs_core/at=14, 1741731033905
Received update: /ndn/ge-site/ge/svs_core/ge=14, 1741731033905
Received update: /ndn/ua-site/ua/svs_core/ua=14, 1741731036507
Received update: /ndn/fi-site/fi/svs_core/fi=14, 1741731038097
Received update: /ndn/hr-site/hr/svs_core/hr=14, 1741731038097
Received update: /ndn/gr-site/gr/svs_core/gr=14, 1741731040330
Received update: /ndn/md-site/md/svs_core/md=14, 1741731040330
Received update: /ndn/no-site/no/svs_core/no=14, 1741731043496
Received update: /ndn/by-site/by/svs_core/by=14, 1741731043733
Received update: /ndn/is-site/is/svs_core/is=14, 1741731043733
Received update: /ndn/al-site/al/svs_core/al=14, 1741731044090
Received update: /ndn/hu-site/hu/svs_core/hu=14, 1741731044090
Published sequence number: /ndn/am-site/am/svs_core/am=14, 1741731044389
Sending Sync interest
Received update: /ndn/az-site/az/svs_core/az=14, 1741731044416
Received update: /ndn/de1-site/de1/svs_core/de1=14, 1741731044416
Received update: /ndn/me-site/me/svs_core/me=14, 1741731045519
Received update: /ndn/pl-site/pl/svs_core/pl=14, 1741731045671
Sending Sync interest
Received update: /ndn/cz-site/cz/svs_core/cz=14, 1741731048862
Received update: /ndn/ie-site/ie/svs_core/ie=14, 1741731048862
Sending Sync interest
Received update: /ndn/si-site/si/svs_core/si=14, 1741731050280
Received update: /ndn/fr1-site/fr1/svs_core/fr1=14, 1741731050280
Received update: /ndn/lu-site/lu/svs_core/lu=14, 1741731051825
Sending Sync interest
Received update: /ndn/dk-site/dk/svs_core/dk=14, 1741731054072
Received update: /ndn/ro-site/ro/svs_core/ro=14, 1741731054072
Received update: /ndn/sk-site/sk/svs_core/sk=14, 1741731056094
Received update: /ndn/de2-site/de2/svs_core/de2=14, 1741731056094
Received update: /ndn/be-site/be/svs_core/be=14, 1741731056522
Received update: /ndn/se-site/se/svs_core/se=14, 1741731056522
Received update: /ndn/cy-site/cy/svs_core/cy=14, 1741731056697
Received update: /ndn/il-site/il/svs_core/il=14, 1741731061069
Received update: /ndn/tr-site/tr/svs_core/tr=14, 1741731061069
Received update: /ndn/mt-site/mt/svs_core/mt=14, 1741731061162
Received update: /ndn/pt-site/pt/svs_core/pt=14, 1741731065465
Received update: /ndn/nl-site/nl/svs_core/nl=14, 1741731065666
Received update: /ndn/fr2-site/fr2/svs_core/fr2=14, 1741731065869
Received update: /ndn/rs-site/rs/svs_core/rs=14, 1741731066163
Received update: /ndn/lt-site/lt/svs_core/lt=14, 1741731068729
Received update: /ndn/lv-site/lv/svs_core/lv=14, 1741731068729
Received update: /ndn/mk-site/mk/svs_core/mk=14, 1741731068974
Received update: /ndn/bg-site/bg/svs_core/bg=14, 1741731069606
Received update: /ndn/ch-site/ch/svs_core/ch=14, 1741731072128
Received update: /ndn/it-site/it/svs_core/it=14, 1741731072128
Received update: /ndn/at-site/at/svs_core/at=15, 1741731078909
Received update: /ndn/ee-site/ee/svs_core/ee=14, 1741731078909
Received update: /ndn/es-site/es/svs_core/es=15, 1741731078909
Received update: /ndn/ge-site/ge/svs_core/ge=15, 1741731078909
Received update: /ndn/uk-site/uk/svs_core/uk=15, 1741731078909
Received update: /ndn/hr-site/hr/svs_core/hr=15, 1741731083101
Received update: /ndn/fi-site/fi/svs_core/fi=15, 1741731085319
Received update: /ndn/gr-site/gr/svs_core/gr=15, 1741731085319
Received update: /ndn/no-site/no/svs_core/no=15, 1741731088499
Received update: /ndn/by-site/by/svs_core/by=15, 1741731088793
Received update: /ndn/is-site/is/svs_core/is=15, 1741731088793
Received update: /ndn/ua-site/ua/svs_core/ua=15, 1741731088793
Received update: /ndn/al-site/al/svs_core/al=15, 1741731088890
Received update: /ndn/md-site/md/svs_core/md=15, 1741731088968
Received update: /ndn/ie-site/ie/svs_core/ie=15, 1741731089278
Published sequence number: /ndn/am-site/am/svs_core/am=15, 1741731089391
Sending Sync interest
Received update: /ndn/az-site/az/svs_core/az=15, 1741731089403
Received update: /ndn/hu-site/hu/svs_core/hu=15, 1741731089403
Received update: /ndn/de1-site/de1/svs_core/de1=15, 1741731089403
Sending Sync interest
Sending Sync interest
Received update: /ndn/pl-site/pl/svs_core/pl=15, 1741731090083
Received update: /ndn/cz-site/cz/svs_core/cz=15, 1741731093865
Received update: /ndn/si-site/si/svs_core/si=15, 1741731093865
Received update: /ndn/me-site/me/svs_core/me=15, 1741731094100
Received update: /ndn/lu-site/lu/svs_core/lu=15, 1741731096829
Received update: /ndn/fr1-site/fr1/svs_core/fr1=15, 1741731096829
Received update: /ndn/dk-site/dk/svs_core/dk=15, 1741731100056
Received update: /ndn/ro-site/ro/svs_core/ro=15, 1741731100056
Received update: /ndn/se-site/se/svs_core/se=15, 1741731100056
Received update: /ndn/be-site/be/svs_core/be=15, 1741731100592
Received update: /ndn/cy-site/cy/svs_core/cy=15, 1741731100592
Received update: /ndn/sk-site/sk/svs_core/sk=15, 1741731101052
Received update: /ndn/il-site/il/svs_core/il=15, 1741731102595
Received update: /ndn/de2-site/de2/svs_core/de2=15, 1741731102595
Received update: /ndn/nl-site/nl/svs_core/nl=15, 1741731108108
Received update: /ndn/tr-site/tr/svs_core/tr=15, 1741731108108
Received update: /ndn/pt-site/pt/svs_core/pt=15, 1741731110444
Received update: /ndn/bg-site/bg/svs_core/bg=15, 1741731114831
Received update: /ndn/mt-site/mt/svs_core/mt=15, 1741731114831
Received update: /ndn/rs-site/rs/svs_core/rs=15, 1741731114831
Received update: /ndn/fr2-site/fr2/svs_core/fr2=15, 1741731114831
Received update: /ndn/it-site/it/svs_core/it=15, 1741731115837
Received update: /ndn/lt-site/lt/svs_core/lt=15, 1741731115837
Received update: /ndn/lv-site/lv/svs_core/lv=15, 1741731115837
Received update: /ndn/ch-site/ch/svs_core/ch=15, 1741731117351
Received update: /ndn/mk-site/mk/svs_core/mk=15, 1741731117351
Received update: /ndn/ee-site/ee/svs_core/ee=15, 1741731117581
Received update: /ndn/uk-site/uk/svs_core/uk=16, 1741731120406
Received update: /ndn/es-site/es/svs_core/es=16, 1741731121967
Received update: /ndn/at-site/at/svs_core/at=16, 1741731123106
Received update: /ndn/ge-site/ge/svs_core/ge=16, 1741731123926
Received update: /ndn/al-site/al/svs_core/al=16, 1741731134173
Received update: /ndn/by-site/by/svs_core/by=16, 1741731134173
Received update: /ndn/fi-site/fi/svs_core/fi=16, 1741731134173
Received update: /ndn/gr-site/gr/svs_core/gr=16, 1741731134173
Received update: /ndn/hr-site/hr/svs_core/hr=16, 1741731134173
Received update: /ndn/is-site/is/svs_core/is=16, 1741731134173
Received update: /ndn/no-site/no/svs_core/no=16, 1741731134173
Received update: /ndn/ua-site/ua/svs_core/ua=16, 1741731134173
Published sequence number: /ndn/am-site/am/svs_core/am=16, 1741731134393
Sending Sync interest
Received update: /ndn/az-site/az/svs_core/az=16, 1741731134409
Received update: /ndn/hu-site/hu/svs_core/hu=16, 1741731134409
Received update: /ndn/ie-site/ie/svs_core/ie=16, 1741731134409
Received update: /ndn/de1-site/de1/svs_core/de1=16, 1741731134409
Received update: /ndn/md-site/md/svs_core/md=16, 1741731134555
Received update: /ndn/me-site/me/svs_core/me=16, 1741731135532
Received update: /ndn/pl-site/pl/svs_core/pl=16, 1741731135532
Received update: /ndn/cz-site/cz/svs_core/cz=16, 1741731144397
Received update: /ndn/dk-site/dk/svs_core/dk=16, 1741731144397
Received update: /ndn/lu-site/lu/svs_core/lu=16, 1741731144397
Received update: /ndn/si-site/si/svs_core/si=16, 1741731144397
Received update: /ndn/fr1-site/fr1/svs_core/fr1=16, 1741731144397
Received update: /ndn/se-site/se/svs_core/se=16, 1741731144842
Sending Sync interest
Received update: /ndn/ro-site/ro/svs_core/ro=16, 1741731145275
Received update: /ndn/be-site/be/svs_core/be=16, 1741731145389
Received update: /ndn/cy-site/cy/svs_core/cy=16, 1741731146337
Received update: /ndn/de2-site/de2/svs_core/de2=16, 1741731146337
Received update: /ndn/il-site/il/svs_core/il=16, 1741731147599
Received update: /ndn/sk-site/sk/svs_core/sk=16, 1741731147838
Received update: /ndn/nl-site/nl/svs_core/nl=16, 1741731153105
Received update: /ndn/tr-site/tr/svs_core/tr=16, 1741731153337
Received update: /ndn/mt-site/mt/svs_core/mt=16, 1741731153371
Received update: /ndn/rs-site/rs/svs_core/rs=16, 1741731156131
Received update: /ndn/pt-site/pt/svs_core/pt=16, 1741731156383
Received update: /ndn/fr2-site/fr2/svs_core/fr2=16, 1741731156383
Received update: /ndn/lv-site/lv/svs_core/lv=16, 1741731156613
Received update: /ndn/lt-site/lt/svs_core/lt=16, 1741731158747
Received update: /ndn/mk-site/mk/svs_core/mk=16, 1741731158747
Received update: /ndn/bg-site/bg/svs_core/bg=16, 1741731161421
Received update: /ndn/ee-site/ee/svs_core/ee=16, 1741731161421
Received update: /ndn/it-site/it/svs_core/it=16, 1741731161421
Received update: /ndn/ch-site/ch/svs_core/ch=16, 1741731162169
Stopping SVS client: /ndn/am-site/am/svs_core/am
