SVS client starting: /ndn/de2-site/de2/svs_core/de2
Max suppression time updated to: 33
Max suppression time updated to: 51
Max suppression time updated to: 42
Max suppression time updated to: 39
Sending Sync interest
Max suppression time updated to: 51
Max suppression time updated to: 54
Max suppression time updated to: 57
Max suppression time updated to: 57
Max suppression time updated to: 54
Max suppression time updated to: 54
Max suppression time updated to: 57
Max suppression time updated to: 54
Max suppression time updated to: 54
Max suppression time updated to: 57
Max suppression time updated to: 60
Max suppression time updated to: 57
Max suppression time updated to: 57
Max suppression time updated to: 57
Max suppression time updated to: 57
Max suppression time updated to: 60
Max suppression time updated to: 57
Max suppression time updated to: 57
Max suppression time updated to: 60
Max suppression time updated to: 60
Max suppression time updated to: 63
Max suppression time updated to: 72
Received update: /ndn/it-site/it/svs_core/it=1, 1742579889031
Max suppression time updated to: 72
Received update: /ndn/ro-site/ro/svs_core/ro=1, 1742579889277
Max suppression time updated to: 75
Received update: /ndn/es-site/es/svs_core/es=1, 1742579889293
Max suppression time updated to: 78
Max suppression time updated to: 78
Received update: /ndn/be-site/be/svs_core/be=1, 1742579891867
Received update: /ndn/nl-site/nl/svs_core/nl=1, 1742579891867
Max suppression time updated to: 81
Received update: /ndn/lv-site/lv/svs_core/lv=1, 1742579891990
Max suppression time updated to: 81
Received update: /ndn/hr-site/hr/svs_core/hr=1, 1742579896103
Max suppression time updated to: 81
Received update: /ndn/lt-site/lt/svs_core/lt=1, 1742579896187
Max suppression time updated to: 78
Received update: /ndn/by-site/by/svs_core/by=1, 1742579902752
Received update: /ndn/pl-site/pl/svs_core/pl=1, 1742579902752
Max suppression time updated to: 78
Received update: /ndn/ge-site/ge/svs_core/ge=1, 1742579902864
Sending Sync interest
Max suppression time updated to: 81
Received update: /ndn/pt-site/pt/svs_core/pt=1, 1742579903183
Max suppression time updated to: 81
Received update: /ndn/md-site/md/svs_core/md=1, 1742579903453
Max suppression time updated to: 93
Max suppression time updated to: 96
Max suppression time updated to: 93
Max suppression time updated to: 93
Max suppression time updated to: 93
Max suppression time updated to: 93
Sending Sync interest
Max suppression time updated to: 105
Received update: /ndn/ee-site/ee/svs_core/ee=1, 1742579904975
Max suppression time updated to: 105
Received update: /ndn/at-site/at/svs_core/at=1, 1742579904986
Max suppression time updated to: 117
Max suppression time updated to: 117
Max suppression time updated to: 114
Max suppression time updated to: 114
Max suppression time updated to: 114
Received update: /ndn/am-site/am/svs_core/am=1, 1742579906353
Max suppression time updated to: 111
Received update: /ndn/hu-site/hu/svs_core/hu=1, 1742579906819
Max suppression time updated to: 111
Received update: /ndn/ua-site/ua/svs_core/ua=1, 1742579907038
Max suppression time updated to: 111
Received update: /ndn/tr-site/tr/svs_core/tr=1, 1742579907637
Max suppression time updated to: 111
Received update: /ndn/az-site/az/svs_core/az=1, 1742579909288
Sending Sync interest
Max suppression time updated to: 108
Max suppression time updated to: 108
Max suppression time updated to: 108
Sending Sync interest
Max suppression time updated to: 105
Max suppression time updated to: 108
Received update: /ndn/fr1-site/fr1/svs_core/fr1=1, 1742579911218
Max suppression time updated to: 108
Received update: /ndn/sk-site/sk/svs_core/sk=1, 1742579911431
Max suppression time updated to: 108
Max suppression time updated to: 108
Max suppression time updated to: 108
Received update: /ndn/ch-site/ch/svs_core/ch=1, 1742579916334
Received update: /ndn/mk-site/mk/svs_core/mk=1, 1742579916334
Max suppression time updated to: 108
Received update: /ndn/mt-site/mt/svs_core/mt=1, 1742579916607
Received update: /ndn/si-site/si/svs_core/si=1, 1742579916607
Max suppression time updated to: 108
Received update: /ndn/bg-site/bg/svs_core/bg=1, 1742579916687
Max suppression time updated to: 108
Max suppression time updated to: 108
Received update: /ndn/al-site/al/svs_core/al=1, 1742579917717
Max suppression time updated to: 108
Received update: /ndn/gr-site/gr/svs_core/gr=1, 1742579921522
Max suppression time updated to: 108
Max suppression time updated to: 108
Max suppression time updated to: 108
Received update: /ndn/de1-site/de1/svs_core/de1=1, 1742579921740
Max suppression time updated to: 108
Received update: /ndn/no-site/no/svs_core/no=1, 1742579921989
Max suppression time updated to: 108
Max suppression time updated to: 114
Received update: /ndn/rs-site/rs/svs_core/rs=1, 1742579922106
Max suppression time updated to: 120
Max suppression time updated to: 120
Received update: /ndn/il-site/il/svs_core/il=1, 1742579922170
Max suppression time updated to: 120
Max suppression time updated to: 120
Max suppression time updated to: 120
Max suppression time updated to: 120
Max suppression time updated to: 120
Max suppression time updated to: 120
Received update: /ndn/cz-site/cz/svs_core/cz=1, 1742579926953
Max suppression time updated to: 117
Received update: /ndn/is-site/is/svs_core/is=1, 1742579927241
Published sequence number: /ndn/de2-site/de2/svs_core/de2=1, 1742579927444
Sending Sync interest
Max suppression time updated to: 117
Received update: /ndn/me-site/me/svs_core/me=1, 1742579927633
Sending Sync interest
Max suppression time updated to: 117
Received update: /ndn/fi-site/fi/svs_core/fi=1, 1742579929160
Received update: /ndn/lu-site/lu/svs_core/lu=1, 1742579929160
Max suppression time updated to: 117
Received update: /ndn/cy-site/cy/svs_core/cy=1, 1742579932152
Sending Sync interest
Max suppression time updated to: 117
Received update: /ndn/lv-site/lv/svs_core/lv=2, 1742579936393
Max suppression time updated to: 117
Sending Sync interest
Max suppression time updated to: 117
Max suppression time updated to: 114
Received update: /ndn/it-site/it/svs_core/it=2, 1742579936557
Max suppression time updated to: 114
Sending Sync interest
Max suppression time updated to: 114
Sending Sync interest
Max suppression time updated to: 114
Max suppression time updated to: 114
Received update: /ndn/hr-site/hr/svs_core/hr=2, 1742579941118
Max suppression time updated to: 114
Received update: /ndn/es-site/es/svs_core/es=2, 1742579941250
Received update: /ndn/fr2-site/fr2/svs_core/fr2=1, 1742579941250
Max suppression time updated to: 114
Received update: /ndn/be-site/be/svs_core/be=2, 1742579941607
Received update: /ndn/dk-site/dk/svs_core/dk=1, 1742579941607
Received update: /ndn/ee-site/ee/svs_core/ee=2, 1742579941607
Received update: /ndn/nl-site/nl/svs_core/nl=2, 1742579941607
Received update: /ndn/uk-site/uk/svs_core/uk=1, 1742579941607
Max suppression time updated to: 111
Received update: /ndn/pl-site/pl/svs_core/pl=2, 1742579944055
Sending Sync interest
Max suppression time updated to: 111
Received update: /ndn/at-site/at/svs_core/at=2, 1742579951957
Received update: /ndn/hu-site/hu/svs_core/hu=2, 1742579951957
Max suppression time updated to: 111
Received update: /ndn/fr1-site/fr1/svs_core/fr1=2, 1742579956207
Sending Sync interest
Max suppression time updated to: 111
Sending Sync interest
Max suppression time updated to: 111
Max suppression time updated to: 111
Received update: /ndn/am-site/am/svs_core/am=2, 1742579956503
Max suppression time updated to: 111
Received update: /ndn/tr-site/tr/svs_core/tr=2, 1742579956504
Max suppression time updated to: 111
Received update: /ndn/ua-site/ua/svs_core/ua=2, 1742579956540
Max suppression time updated to: 111
Sending Sync interest
Max suppression time updated to: 111
Received update: /ndn/ge-site/ge/svs_core/ge=2, 1742579957434
Received update: /ndn/md-site/md/svs_core/md=2, 1742579957434
Received update: /ndn/ro-site/ro/svs_core/ro=2, 1742579957434
Received update: /ndn/sk-site/sk/svs_core/sk=2, 1742579957434
Max suppression time updated to: 108
Received update: /ndn/az-site/az/svs_core/az=2, 1742579957569
Max suppression time updated to: 108
Received update: /ndn/lu-site/lu/svs_core/lu=2, 1742579968170
Sending Sync interest
Max suppression time updated to: 108
Received update: /ndn/lt-site/lt/svs_core/lt=2, 1742579968473
Max suppression time updated to: 108
Max suppression time updated to: 108
Received update: /ndn/mt-site/mt/svs_core/mt=2, 1742579971115
Received update: /ndn/si-site/si/svs_core/si=2, 1742579971115
Sending Sync interest
Published sequence number: /ndn/de2-site/de2/svs_core/de2=2, 1742579972453
Sending Sync interest
Max suppression time updated to: 108
Received update: /ndn/ch-site/ch/svs_core/ch=2, 1742579979159
Received update: /ndn/cy-site/cy/svs_core/cy=2, 1742579979159
Received update: /ndn/ro-site/ro/svs_core/ro=3, 1742579979159
Received update: /ndn/rs-site/rs/svs_core/rs=2, 1742579979159
Max suppression time updated to: 108
Received update: /ndn/me-site/me/svs_core/me=2, 1742579979289
Max suppression time updated to: 108
Received update: /ndn/is-site/is/svs_core/is=2, 1742579979473
Received update: /ndn/no-site/no/svs_core/no=2, 1742579979473
Received update: /ndn/se-site/se/svs_core/se=1, 1742579979473
Received update: /ndn/uk-site/uk/svs_core/uk=2, 1742579979473
Received update: /ndn/de1-site/de1/svs_core/de1=2, 1742579979473
Max suppression time updated to: 108
Received update: /ndn/be-site/be/svs_core/be=3, 1742579981931
Received update: /ndn/nl-site/nl/svs_core/nl=3, 1742579981931
Max suppression time updated to: 105
Received update: /ndn/by-site/by/svs_core/by=2, 1742579987350
Sending Sync interest
Max suppression time updated to: 108
Max suppression time updated to: 108
Received update: /ndn/pl-site/pl/svs_core/pl=3, 1742579989068
Max suppression time updated to: 108
Received update: /ndn/by-site/by/svs_core/by=3, 1742579992773
Max suppression time updated to: 105
Received update: /ndn/ee-site/ee/svs_core/ee=3, 1742579993127
Received update: /ndn/lt-site/lt/svs_core/lt=3, 1742579993127
Received update: /ndn/lv-site/lv/svs_core/lv=3, 1742579993127
Max suppression time updated to: 105
Received update: /ndn/pt-site/pt/svs_core/pt=2, 1742579993268
Received update: /ndn/pt-site/pt/svs_core/pt=3, 1742579993268
Max suppression time updated to: 105
Received update: /ndn/gr-site/gr/svs_core/gr=2, 1742579993348
Received update: /ndn/it-site/it/svs_core/it=3, 1742579993348
Received update: /ndn/fr2-site/fr2/svs_core/fr2=2, 1742579993348
Max suppression time updated to: 108
Received update: /ndn/at-site/at/svs_core/at=3, 1742579995013
Received update: /ndn/cz-site/cz/svs_core/cz=2, 1742579995013
Max suppression time updated to: 108
Max suppression time updated to: 105
Received update: /ndn/ge-site/ge/svs_core/ge=3, 1742579995135
Sending Sync interest
Max suppression time updated to: 105
Received update: /ndn/il-site/il/svs_core/il=2, 1742579995183
Max suppression time updated to: 105
Sending Sync interest
Max suppression time updated to: 105
Sending Sync interest
Max suppression time updated to: 105
Received update: /ndn/hr-site/hr/svs_core/hr=3, 1742579995621
Max suppression time updated to: 105
Received update: /ndn/mk-site/mk/svs_core/mk=2, 1742579995693
Max suppression time updated to: 105
Received update: /ndn/bg-site/bg/svs_core/bg=2, 1742579995715
Max suppression time updated to: 105
Received update: /ndn/ua-site/ua/svs_core/ua=3, 1742579995974
Max suppression time updated to: 105
Received update: /ndn/hu-site/hu/svs_core/hu=3, 1742579996832
Max suppression time updated to: 105
Received update: /ndn/fr1-site/fr1/svs_core/fr1=3, 1742580001225
Sending Sync interest
Max suppression time updated to: 105
Max suppression time updated to: 105
Received update: /ndn/tr-site/tr/svs_core/tr=3, 1742580001638
Max suppression time updated to: 105
Received update: /ndn/al-site/al/svs_core/al=2, 1742580011532
Received update: /ndn/al-site/al/svs_core/al=3, 1742580011532
Received update: /ndn/gr-site/gr/svs_core/gr=3, 1742580011532
Published sequence number: /ndn/de2-site/de2/svs_core/de2=3, 1742580017458
Sending Sync interest
Max suppression time updated to: 105
Received update: /ndn/md-site/md/svs_core/md=3, 1742580026211
Received update: /ndn/ro-site/ro/svs_core/ro=4, 1742580026211
Max suppression time updated to: 105
Received update: /ndn/ch-site/ch/svs_core/ch=3, 1742580026302
Received update: /ndn/es-site/es/svs_core/es=3, 1742580026302
Received update: /ndn/es-site/es/svs_core/es=4, 1742580026302
Received update: /ndn/fr2-site/fr2/svs_core/fr2=3, 1742580026302
Max suppression time updated to: 105
Received update: /ndn/sk-site/sk/svs_core/sk=3, 1742580026456
Max suppression time updated to: 105
Received update: /ndn/cz-site/cz/svs_core/cz=3, 1742580026497
Max suppression time updated to: 105
Received update: /ndn/bg-site/bg/svs_core/bg=3, 1742580026634
Received update: /ndn/mk-site/mk/svs_core/mk=3, 1742580026634
Max suppression time updated to: 105
Received update: /ndn/it-site/it/svs_core/it=4, 1742580026765
Max suppression time updated to: 105
Received update: /ndn/ge-site/ge/svs_core/ge=4, 1742580041879
Received update: /ndn/hu-site/hu/svs_core/hu=4, 1742580041879
Max suppression time updated to: 105
Received update: /ndn/lu-site/lu/svs_core/lu=3, 1742580041995
Received update: /ndn/nl-site/nl/svs_core/nl=4, 1742580041995
Received update: /ndn/uk-site/uk/svs_core/uk=3, 1742580041995
Max suppression time updated to: 105
Received update: /ndn/si-site/si/svs_core/si=3, 1742580042213
Max suppression time updated to: 105
Received update: /ndn/tr-site/tr/svs_core/tr=4, 1742580042664
Max suppression time updated to: 105
Received update: /ndn/dk-site/dk/svs_core/dk=2, 1742580042702
Received update: /ndn/dk-site/dk/svs_core/dk=3, 1742580042702
Received update: /ndn/ee-site/ee/svs_core/ee=4, 1742580042702
Received update: /ndn/fi-site/fi/svs_core/fi=2, 1742580042702
Received update: /ndn/lv-site/lv/svs_core/lv=4, 1742580042702
Received update: /ndn/se-site/se/svs_core/se=2, 1742580042702
Received update: /ndn/de1-site/de1/svs_core/de1=3, 1742580042702
Max suppression time updated to: 105
Received update: /ndn/cy-site/cy/svs_core/cy=3, 1742580042789
Max suppression time updated to: 105
Received update: /ndn/at-site/at/svs_core/at=4, 1742580042819
Received update: /ndn/ua-site/ua/svs_core/ua=4, 1742580042819
Max suppression time updated to: 105
Received update: /ndn/am-site/am/svs_core/am=3, 1742580042969
Received update: /ndn/am-site/am/svs_core/am=4, 1742580042969
Max suppression time updated to: 102
Received update: /ndn/hr-site/hr/svs_core/hr=4, 1742580043000
Max suppression time updated to: 102
Received update: /ndn/by-site/by/svs_core/by=4, 1742580043011
Received update: /ndn/pl-site/pl/svs_core/pl=4, 1742580043011
Sending Sync interest
Max suppression time updated to: 108
Received update: /ndn/rs-site/rs/svs_core/rs=3, 1742580043163
Sending Sync interest
Max suppression time updated to: 108
Max suppression time updated to: 108
Received update: /ndn/mt-site/mt/svs_core/mt=3, 1742580043778
Max suppression time updated to: 108
Received update: /ndn/md-site/md/svs_core/md=4, 1742580043816
Received update: /ndn/me-site/me/svs_core/me=3, 1742580043816
Max suppression time updated to: 108
Max suppression time updated to: 105
Received update: /ndn/il-site/il/svs_core/il=3, 1742580043847
Received update: /ndn/il-site/il/svs_core/il=4, 1742580043847
Max suppression time updated to: 105
Max suppression time updated to: 105
Max suppression time updated to: 105
Max suppression time updated to: 105
Max suppression time updated to: 105
Received update: /ndn/az-site/az/svs_core/az=3, 1742580044231
Max suppression time updated to: 105
Received update: /ndn/ch-site/ch/svs_core/ch=4, 1742580046939
Sending Sync interest
Max suppression time updated to: 105
Received update: /ndn/rs-site/rs/svs_core/rs=4, 1742580055452
Max suppression time updated to: 105
Received update: /ndn/lu-site/lu/svs_core/lu=4, 1742580058193
Max suppression time updated to: 102
Max suppression time updated to: 102
Received update: /ndn/bg-site/bg/svs_core/bg=4, 1742580061970
Received update: /ndn/cz-site/cz/svs_core/cz=4, 1742580061970
Received update: /ndn/mk-site/mk/svs_core/mk=4, 1742580061970
Sending Sync interest
Max suppression time updated to: 105
Received update: /ndn/is-site/is/svs_core/is=3, 1742580062180
Published sequence number: /ndn/de2-site/de2/svs_core/de2=4, 1742580062470
Sending Sync interest
Max suppression time updated to: 105
Received update: /ndn/dk-site/dk/svs_core/dk=4, 1742580064107
Sending Sync interest
Max suppression time updated to: 105
Received update: /ndn/al-site/al/svs_core/al=4, 1742580064900
Received update: /ndn/be-site/be/svs_core/be=4, 1742580064900
Received update: /ndn/gr-site/gr/svs_core/gr=4, 1742580064900
Received update: /ndn/mt-site/mt/svs_core/mt=4, 1742580064900
Received update: /ndn/sk-site/sk/svs_core/sk=4, 1742580064900
Received update: /ndn/fr1-site/fr1/svs_core/fr1=4, 1742580064900
Received update: /ndn/fr2-site/fr2/svs_core/fr2=4, 1742580064900
Max suppression time updated to: 105
Received update: /ndn/fi-site/fi/svs_core/fi=3, 1742580066581
Received update: /ndn/se-site/se/svs_core/se=3, 1742580066581
Received update: /ndn/se-site/se/svs_core/se=4, 1742580066581
Sending Sync interest
Max suppression time updated to: 105
Received update: /ndn/is-site/is/svs_core/is=4, 1742580066804
Max suppression time updated to: 105
Sending Sync interest
Max suppression time updated to: 105
Received update: /ndn/pt-site/pt/svs_core/pt=4, 1742580068179
Received update: /ndn/uk-site/uk/svs_core/uk=4, 1742580068179
Received update: /ndn/de1-site/de1/svs_core/de1=4, 1742580068179
Max suppression time updated to: 105
Received update: /ndn/cy-site/cy/svs_core/cy=4, 1742580068465
Max suppression time updated to: 105
Received update: /ndn/ee-site/ee/svs_core/ee=5, 1742580075128
Received update: /ndn/ie-site/ie/svs_core/ie=1, 1742580075128
Received update: /ndn/ie-site/ie/svs_core/ie=2, 1742580075128
Received update: /ndn/ie-site/ie/svs_core/ie=3, 1742580075128
Received update: /ndn/ie-site/ie/svs_core/ie=4, 1742580075128
Received update: /ndn/lt-site/lt/svs_core/lt=4, 1742580075128
Received update: /ndn/lt-site/lt/svs_core/lt=5, 1742580075128
Max suppression time updated to: 105
Received update: /ndn/es-site/es/svs_core/es=5, 1742580075430
Max suppression time updated to: 108
Max suppression time updated to: 111
Received update: /ndn/it-site/it/svs_core/it=5, 1742580083072
Received update: /ndn/md-site/md/svs_core/md=5, 1742580083072
Sending Sync interest
Max suppression time updated to: 111
Received update: /ndn/lv-site/lv/svs_core/lv=5, 1742580083686
Received update: /ndn/pl-site/pl/svs_core/pl=5, 1742580083686
Received update: /ndn/si-site/si/svs_core/si=4, 1742580083686
Max suppression time updated to: 114
Sending Sync interest
Max suppression time updated to: 114
Received update: /ndn/ro-site/ro/svs_core/ro=5, 1742580084682
Max suppression time updated to: 120
Received update: /ndn/be-site/be/svs_core/be=5, 1742580085818
Received update: /ndn/nl-site/nl/svs_core/nl=5, 1742580085818
Max suppression time updated to: 120
Received update: /ndn/hu-site/hu/svs_core/hu=5, 1742580086858
Sending Sync interest
Max suppression time updated to: 117
Received update: /ndn/ge-site/ge/svs_core/ge=5, 1742580086930
Max suppression time updated to: 117
Received update: /ndn/at-site/at/svs_core/at=5, 1742580086965
Received update: /ndn/hr-site/hr/svs_core/hr=5, 1742580086965
Sending Sync interest
Max suppression time updated to: 117
Max suppression time updated to: 120
Received update: /ndn/tr-site/tr/svs_core/tr=5, 1742580087700
Sending Sync interest
Max suppression time updated to: 120
Max suppression time updated to: 120
Max suppression time updated to: 117
Received update: /ndn/ua-site/ua/svs_core/ua=5, 1742580087924
Max suppression time updated to: 117
Max suppression time updated to: 117
Max suppression time updated to: 117
Received update: /ndn/il-site/il/svs_core/il=5, 1742580088865
Sending Sync interest
Max suppression time updated to: 117
Received update: /ndn/az-site/az/svs_core/az=4, 1742580089335
Received update: /ndn/az-site/az/svs_core/az=5, 1742580089335
Max suppression time updated to: 117
Max suppression time updated to: 117
Received update: /ndn/fr1-site/fr1/svs_core/fr1=5, 1742580091259
Max suppression time updated to: 117
Sending Sync interest
Max suppression time updated to: 117
Received update: /ndn/mt-site/mt/svs_core/mt=5, 1742580094890
Max suppression time updated to: 117
Sending Sync interest
Max suppression time updated to: 117
Sending Sync interest
Max suppression time updated to: 117
Max suppression time updated to: 117
Received update: /ndn/bg-site/bg/svs_core/bg=5, 1742580095453
Max suppression time updated to: 117
Received update: /ndn/pt-site/pt/svs_core/pt=5, 1742580095554
Max suppression time updated to: 117
Received update: /ndn/ch-site/ch/svs_core/ch=5, 1742580101554
Received update: /ndn/gr-site/gr/svs_core/gr=5, 1742580101554
Sending Sync interest
Published sequence number: /ndn/de2-site/de2/svs_core/de2=5, 1742580107482
Sending Sync interest
Max suppression time updated to: 117
Received update: /ndn/be-site/be/svs_core/be=6, 1742580113756
Sending Sync interest
Max suppression time updated to: 117
Max suppression time updated to: 114
Received update: /ndn/lu-site/lu/svs_core/lu=5, 1742580114038
Sending Sync interest
Max suppression time updated to: 114
Received update: /ndn/cy-site/cy/svs_core/cy=5, 1742580114172
Received update: /ndn/uk-site/uk/svs_core/uk=5, 1742580114172
Sending Sync interest
Max suppression time updated to: 117
Max suppression time updated to: 117
Received update: /ndn/cz-site/cz/svs_core/cz=5, 1742580119973
Received update: /ndn/me-site/me/svs_core/me=4, 1742580119973
Received update: /ndn/me-site/me/svs_core/me=5, 1742580119973
Received update: /ndn/rs-site/rs/svs_core/rs=5, 1742580119973
Received update: /ndn/sk-site/sk/svs_core/sk=5, 1742580119973
Max suppression time updated to: 117
Received update: /ndn/lt-site/lt/svs_core/lt=6, 1742580119975
Max suppression time updated to: 117
Max suppression time updated to: 117
Max suppression time updated to: 117
Max suppression time updated to: 117
Received update: /ndn/fr2-site/fr2/svs_core/fr2=5, 1742580120237
Max suppression time updated to: 117
Received update: /ndn/al-site/al/svs_core/al=5, 1742580120312
Received update: /ndn/it-site/it/svs_core/it=6, 1742580120312
Received update: /ndn/mk-site/mk/svs_core/mk=5, 1742580120312
Max suppression time updated to: 117
Received update: /ndn/tr-site/tr/svs_core/tr=6, 1742580132683
Max suppression time updated to: 117
Received update: /ndn/ge-site/ge/svs_core/ge=6, 1742580132803
Max suppression time updated to: 117
Received update: /ndn/dk-site/dk/svs_core/dk=5, 1742580136245
Received update: /ndn/ee-site/ee/svs_core/ee=6, 1742580136245
Received update: /ndn/lv-site/lv/svs_core/lv=6, 1742580136245
Received update: /ndn/nl-site/nl/svs_core/nl=6, 1742580136245
Received update: /ndn/de1-site/de1/svs_core/de1=5, 1742580136245
Received update: /ndn/fr1-site/fr1/svs_core/fr1=6, 1742580136245
Max suppression time updated to: 117
Max suppression time updated to: 117
Received update: /ndn/am-site/am/svs_core/am=5, 1742580136431
Received update: /ndn/am-site/am/svs_core/am=6, 1742580136431
Max suppression time updated to: 117
Received update: /ndn/hu-site/hu/svs_core/hu=6, 1742580136463
Received update: /ndn/ro-site/ro/svs_core/ro=6, 1742580136463
Received update: /ndn/sk-site/sk/svs_core/sk=6, 1742580136463
Max suppression time updated to: 117
Received update: /ndn/at-site/at/svs_core/at=6, 1742580136616
Received update: /ndn/bg-site/bg/svs_core/bg=6, 1742580136616
Received update: /ndn/ua-site/ua/svs_core/ua=6, 1742580136616
Max suppression time updated to: 120
Sending Sync interest
Max suppression time updated to: 120
Max suppression time updated to: 123
Received update: /ndn/hr-site/hr/svs_core/hr=6, 1742580137816
Max suppression time updated to: 126
Received update: /ndn/ie-site/ie/svs_core/ie=5, 1742580144211
Received update: /ndn/is-site/is/svs_core/is=5, 1742580144211
Received update: /ndn/pt-site/pt/svs_core/pt=6, 1742580144211
Received update: /ndn/de1-site/de1/svs_core/de1=6, 1742580144211
Sending Sync interest
Published sequence number: /ndn/de2-site/de2/svs_core/de2=6, 1742580152489
Sending Sync interest
Max suppression time updated to: 126
Received update: /ndn/be-site/be/svs_core/be=7, 1742580158769
Received update: /ndn/is-site/is/svs_core/is=6, 1742580158769
Received update: /ndn/uk-site/uk/svs_core/uk=6, 1742580158769
Sending Sync interest
Max suppression time updated to: 126
Received update: /ndn/lu-site/lu/svs_core/lu=6, 1742580158909
Sending Sync interest
Max suppression time updated to: 126
Received update: /ndn/il-site/il/svs_core/il=6, 1742580159123
Max suppression time updated to: 126
Received update: /ndn/cy-site/cy/svs_core/cy=6, 1742580159126
Max suppression time updated to: 126
Max suppression time updated to: 126
Received update: /ndn/ch-site/ch/svs_core/ch=6, 1742580159642
Received update: /ndn/gr-site/gr/svs_core/gr=6, 1742580159642
Received update: /ndn/it-site/it/svs_core/it=7, 1742580159642
Received update: /ndn/md-site/md/svs_core/md=6, 1742580159642
Received update: /ndn/ro-site/ro/svs_core/ro=7, 1742580159642
Max suppression time updated to: 126
Received update: /ndn/mk-site/mk/svs_core/mk=6, 1742580159767
Max suppression time updated to: 126
Received update: /ndn/az-site/az/svs_core/az=6, 1742580159773
Sending Sync interest
Max suppression time updated to: 126
Sending Sync interest
Max suppression time updated to: 126
Received update: /ndn/al-site/al/svs_core/al=6, 1742580160986
Received update: /ndn/es-site/es/svs_core/es=6, 1742580160986
Received update: /ndn/fr2-site/fr2/svs_core/fr2=6, 1742580160986
Max suppression time updated to: 126
Received update: /ndn/by-site/by/svs_core/by=5, 1742580162517
Received update: /ndn/by-site/by/svs_core/by=6, 1742580162517
Received update: /ndn/fi-site/fi/svs_core/fi=4, 1742580162517
Received update: /ndn/fi-site/fi/svs_core/fi=5, 1742580162517
Received update: /ndn/fi-site/fi/svs_core/fi=6, 1742580162517
Received update: /ndn/mt-site/mt/svs_core/mt=6, 1742580162517
Received update: /ndn/no-site/no/svs_core/no=3, 1742580162517
Received update: /ndn/no-site/no/svs_core/no=4, 1742580162517
Received update: /ndn/no-site/no/svs_core/no=5, 1742580162517
Received update: /ndn/no-site/no/svs_core/no=6, 1742580162517
Received update: /ndn/pl-site/pl/svs_core/pl=6, 1742580162517
Received update: /ndn/se-site/se/svs_core/se=5, 1742580162517
Max suppression time updated to: 126
Received update: /ndn/hr-site/hr/svs_core/hr=7, 1742580166133
Sending Sync interest
Max suppression time updated to: 126
Received update: /ndn/hu-site/hu/svs_core/hu=7, 1742580176870
Received update: /ndn/me-site/me/svs_core/me=6, 1742580176870
Received update: /ndn/si-site/si/svs_core/si=5, 1742580176870
Received update: /ndn/si-site/si/svs_core/si=6, 1742580176870
Max suppression time updated to: 126
Received update: /ndn/il-site/il/svs_core/il=7, 1742580178871
Sending Sync interest
Max suppression time updated to: 126
Received update: /ndn/sk-site/sk/svs_core/sk=7, 1742580179978
Sending Sync interest
Max suppression time updated to: 123
Max suppression time updated to: 123
Max suppression time updated to: 120
Received update: /ndn/at-site/at/svs_core/at=7, 1742580180462
Received update: /ndn/md-site/md/svs_core/md=7, 1742580180462
Sending Sync interest
Max suppression time updated to: 120
Max suppression time updated to: 123
Sending Sync interest
Max suppression time updated to: 123
Received update: /ndn/nl-site/nl/svs_core/nl=7, 1742580181545
Max suppression time updated to: 123
Max suppression time updated to: 123
Received update: /ndn/rs-site/rs/svs_core/rs=6, 1742580181797
Max suppression time updated to: 123
Received update: /ndn/ge-site/ge/svs_core/ge=7, 1742580181798
Max suppression time updated to: 123
Received update: /ndn/az-site/az/svs_core/az=7, 1742580181895
Max suppression time updated to: 123
Received update: /ndn/bg-site/bg/svs_core/bg=7, 1742580182278
Max suppression time updated to: 123
Received update: /ndn/by-site/by/svs_core/by=7, 1742580182318
Received update: /ndn/dk-site/dk/svs_core/dk=6, 1742580182318
Received update: /ndn/lt-site/lt/svs_core/lt=7, 1742580182318
Received update: /ndn/pl-site/pl/svs_core/pl=7, 1742580182318
Received update: /ndn/se-site/se/svs_core/se=6, 1742580182318
Sending Sync interest
Max suppression time updated to: 123
Received update: /ndn/tr-site/tr/svs_core/tr=7, 1742580182528
Max suppression time updated to: 123
Received update: /ndn/ch-site/ch/svs_core/ch=7, 1742580182677
Received update: /ndn/fr1-site/fr1/svs_core/fr1=7, 1742580182677
Max suppression time updated to: 126
Max suppression time updated to: 126
Received update: /ndn/cz-site/cz/svs_core/cz=6, 1742580197048
Received update: /ndn/cz-site/cz/svs_core/cz=7, 1742580197048
Received update: /ndn/es-site/es/svs_core/es=7, 1742580197048
Received update: /ndn/gr-site/gr/svs_core/gr=7, 1742580197048
Max suppression time updated to: 126
Max suppression time updated to: 126
Received update: /ndn/am-site/am/svs_core/am=7, 1742580197398
Published sequence number: /ndn/de2-site/de2/svs_core/de2=7, 1742580197492
Sending Sync interest
Max suppression time updated to: 120
Received update: /ndn/lu-site/lu/svs_core/lu=7, 1742580197519
Max suppression time updated to: 120
Received update: /ndn/mt-site/mt/svs_core/mt=7, 1742580197618
Received update: /ndn/ua-site/ua/svs_core/ua=7, 1742580197618
Received update: /ndn/fr2-site/fr2/svs_core/fr2=7, 1742580197618
Max suppression time updated to: 123
Received update: /ndn/ee-site/ee/svs_core/ee=7, 1742580209605
Received update: /ndn/ee-site/ee/svs_core/ee=8, 1742580209605
Max suppression time updated to: 120
Received update: /ndn/cy-site/cy/svs_core/cy=7, 1742580209754
Sending Sync interest
Max suppression time updated to: 120
Received update: /ndn/es-site/es/svs_core/es=8, 1742580209968
Received update: /ndn/it-site/it/svs_core/it=8, 1742580209968
Max suppression time updated to: 120
Received update: /ndn/lt-site/lt/svs_core/lt=8, 1742580209983
Sending Sync interest
Max suppression time updated to: 120
Received update: /ndn/be-site/be/svs_core/be=8, 1742580210229
Received update: /ndn/nl-site/nl/svs_core/nl=8, 1742580210229
Received update: /ndn/uk-site/uk/svs_core/uk=7, 1742580210229
Received update: /ndn/de1-site/de1/svs_core/de1=7, 1742580210229
Max suppression time updated to: 120
Max suppression time updated to: 120
Received update: /ndn/mk-site/mk/svs_core/mk=7, 1742580210388
Max suppression time updated to: 120
Received update: /ndn/si-site/si/svs_core/si=7, 1742580210427
Max suppression time updated to: 120
Received update: /ndn/rs-site/rs/svs_core/rs=7, 1742580210556
Max suppression time updated to: 117
Sending Sync interest
Max suppression time updated to: 117
Received update: /ndn/ro-site/ro/svs_core/ro=8, 1742580210750
Max suppression time updated to: 117
Max suppression time updated to: 120
Max suppression time updated to: 123
Received update: /ndn/hr-site/hr/svs_core/hr=8, 1742580211969
Max suppression time updated to: 123
Received update: /ndn/al-site/al/svs_core/al=7, 1742580211969
Max suppression time updated to: 123
Received update: /ndn/at-site/at/svs_core/at=8, 1742580220032
Max suppression time updated to: 123
Received update: /ndn/by-site/by/svs_core/by=8, 1742580220198
Received update: /ndn/pl-site/pl/svs_core/pl=8, 1742580220198
Max suppression time updated to: 123
Received update: /ndn/tr-site/tr/svs_core/tr=8, 1742580222701
Sending Sync interest
Max suppression time updated to: 123
Max suppression time updated to: 123
Received update: /ndn/hu-site/hu/svs_core/hu=8, 1742580223005
Received update: /ndn/ua-site/ua/svs_core/ua=8, 1742580223005
Max suppression time updated to: 123
Max suppression time updated to: 123
Received update: /ndn/is-site/is/svs_core/is=7, 1742580223026
Max suppression time updated to: 123
Received update: /ndn/il-site/il/svs_core/il=8, 1742580223874
Sending Sync interest
Max suppression time updated to: 123
Received update: /ndn/am-site/am/svs_core/am=8, 1742580223983
Max suppression time updated to: 123
Received update: /ndn/az-site/az/svs_core/az=8, 1742580224369
Sending Sync interest
Max suppression time updated to: 123
Received update: /ndn/sk-site/sk/svs_core/sk=8, 1742580225048
Sending Sync interest
Max suppression time updated to: 123
Sending Sync interest
Max suppression time updated to: 123
Max suppression time updated to: 123
Received update: /ndn/me-site/me/svs_core/me=7, 1742580225798
Sending Sync interest
Max suppression time updated to: 123
Received update: /ndn/bg-site/bg/svs_core/bg=8, 1742580226605
Received update: /ndn/md-site/md/svs_core/md=8, 1742580226605
Max suppression time updated to: 123
Received update: /ndn/ch-site/ch/svs_core/ch=8, 1742580226993
Max suppression time updated to: 123
Received update: /ndn/rs-site/rs/svs_core/rs=8, 1742580235137
Sending Sync interest
Max suppression time updated to: 126
Max suppression time updated to: 126
Received update: /ndn/dk-site/dk/svs_core/dk=7, 1742580240770
Received update: /ndn/is-site/is/svs_core/is=8, 1742580240770
Sending Sync interest
Max suppression time updated to: 126
Received update: /ndn/cz-site/cz/svs_core/cz=8, 1742580241983
Max suppression time updated to: 126
Max suppression time updated to: 126
Max suppression time updated to: 126
Received update: /ndn/si-site/si/svs_core/si=8, 1742580242070
Published sequence number: /ndn/de2-site/de2/svs_core/de2=8, 1742580242493
Sending Sync interest
Max suppression time updated to: 126
Received update: /ndn/me-site/me/svs_core/me=8, 1742580242644
Sending Sync interest
Max suppression time updated to: 126
Received update: /ndn/ie-site/ie/svs_core/ie=6, 1742580246963
Received update: /ndn/ie-site/ie/svs_core/ie=7, 1742580246963
Received update: /ndn/ie-site/ie/svs_core/ie=8, 1742580246963
Received update: /ndn/uk-site/uk/svs_core/uk=8, 1742580246963
Received update: /ndn/fr1-site/fr1/svs_core/fr1=8, 1742580246963
Sending Sync interest
Max suppression time updated to: 126
Received update: /ndn/cy-site/cy/svs_core/cy=8, 1742580247207
Received update: /ndn/gr-site/gr/svs_core/gr=8, 1742580247207
Received update: /ndn/fr2-site/fr2/svs_core/fr2=8, 1742580247207
Max suppression time updated to: 126
Received update: /ndn/be-site/be/svs_core/be=9, 1742580248945
Received update: /ndn/fi-site/fi/svs_core/fi=7, 1742580248945
Received update: /ndn/se-site/se/svs_core/se=7, 1742580248945
Received update: /ndn/de1-site/de1/svs_core/de1=8, 1742580248945
Max suppression time updated to: 126
Max suppression time updated to: 126
Max suppression time updated to: 126
Received update: /ndn/mk-site/mk/svs_core/mk=8, 1742580249287
Received update: /ndn/ro-site/ro/svs_core/ro=9, 1742580249287
Max suppression time updated to: 126
Max suppression time updated to: 126
Received update: /ndn/it-site/it/svs_core/it=9, 1742580249426
Max suppression time updated to: 126
Received update: /ndn/es-site/es/svs_core/es=9, 1742580250583
Received update: /ndn/lu-site/lu/svs_core/lu=8, 1742580250583
Sending Sync interest
Max suppression time updated to: 126
Received update: /ndn/nl-site/nl/svs_core/nl=9, 1742580251898
Sending Sync interest
Max suppression time updated to: 126
Received update: /ndn/hr-site/hr/svs_core/hr=9, 1742580256158
Max suppression time updated to: 126
Received update: /ndn/ge-site/ge/svs_core/ge=8, 1742580256885
Sending Sync interest
Max suppression time updated to: 126
Received update: /ndn/pl-site/pl/svs_core/pl=9, 1742580259122
Sending Sync interest
Max suppression time updated to: 129
Received update: /ndn/by-site/by/svs_core/by=9, 1742580263811
Sending Sync interest
Max suppression time updated to: 126
Received update: /ndn/hu-site/hu/svs_core/hu=9, 1742580266984
Sending Sync interest
Max suppression time updated to: 126
Received update: /ndn/ge-site/ge/svs_core/ge=9, 1742580267106
Max suppression time updated to: 126
Received update: /ndn/sk-site/sk/svs_core/sk=9, 1742580270014
Max suppression time updated to: 126
Received update: /ndn/at-site/at/svs_core/at=9, 1742580270144
Sending Sync interest
Max suppression time updated to: 126
Received update: /ndn/ee-site/ee/svs_core/ee=9, 1742580270328
Received update: /ndn/lt-site/lt/svs_core/lt=9, 1742580270328
Received update: /ndn/lv-site/lv/svs_core/lv=7, 1742580270328
Received update: /ndn/lv-site/lv/svs_core/lv=8, 1742580270328
Received update: /ndn/lv-site/lv/svs_core/lv=9, 1742580270328
Max suppression time updated to: 126
Max suppression time updated to: 126
Max suppression time updated to: 126
Received update: /ndn/al-site/al/svs_core/al=8, 1742580275252
Received update: /ndn/ch-site/ch/svs_core/ch=9, 1742580275252
Received update: /ndn/mt-site/mt/svs_core/mt=8, 1742580275252
Received update: /ndn/mt-site/mt/svs_core/mt=9, 1742580275252
Received update: /ndn/fr1-site/fr1/svs_core/fr1=9, 1742580275252
Max suppression time updated to: 126
Received update: /ndn/bg-site/bg/svs_core/bg=9, 1742580276468
Received update: /ndn/mk-site/mk/svs_core/mk=9, 1742580276468
Max suppression time updated to: 126
Received update: /ndn/az-site/az/svs_core/az=9, 1742580276636
Max suppression time updated to: 126
Received update: /ndn/il-site/il/svs_core/il=9, 1742580276749
Max suppression time updated to: 126
Received update: /ndn/al-site/al/svs_core/al=9, 1742580278016
Sending Sync interest
Max suppression time updated to: 126
Received update: /ndn/gr-site/gr/svs_core/gr=9, 1742580281748
Max suppression time updated to: 126
Max suppression time updated to: 126
Max suppression time updated to: 126
Received update: /ndn/fr2-site/fr2/svs_core/fr2=9, 1742580286060
Published sequence number: /ndn/de2-site/de2/svs_core/de2=9, 1742580287496
Sending Sync interest
Max suppression time updated to: 126
Received update: /ndn/me-site/me/svs_core/me=9, 1742580287729
Sending Sync interest
Max suppression time updated to: 126
Sending Sync interest
Max suppression time updated to: 126
Received update: /ndn/dk-site/dk/svs_core/dk=8, 1742580288067
Received update: /ndn/no-site/no/svs_core/no=7, 1742580288067
Received update: /ndn/no-site/no/svs_core/no=8, 1742580288067
Received update: /ndn/no-site/no/svs_core/no=9, 1742580288067
Received update: /ndn/se-site/se/svs_core/se=8, 1742580288067
Received update: /ndn/tr-site/tr/svs_core/tr=9, 1742580288067
Max suppression time updated to: 126
Received update: /ndn/be-site/be/svs_core/be=10, 1742580293787
Max suppression time updated to: 129
Received update: /ndn/md-site/md/svs_core/md=9, 1742580293892
Received update: /ndn/ro-site/ro/svs_core/ro=10, 1742580293892
Sending Sync interest
Max suppression time updated to: 129
Received update: /ndn/am-site/am/svs_core/am=9, 1742580306887
Sending Sync interest
Max suppression time updated to: 129
Received update: /ndn/cz-site/cz/svs_core/cz=9, 1742580307195
Received update: /ndn/hr-site/hr/svs_core/hr=10, 1742580307195
Received update: /ndn/it-site/it/svs_core/it=10, 1742580307195
Received update: /ndn/pl-site/pl/svs_core/pl=10, 1742580307195
Received update: /ndn/pt-site/pt/svs_core/pt=7, 1742580307195
Received update: /ndn/pt-site/pt/svs_core/pt=8, 1742580307195
Received update: /ndn/pt-site/pt/svs_core/pt=9, 1742580307195
Received update: /ndn/pt-site/pt/svs_core/pt=10, 1742580307195
Received update: /ndn/uk-site/uk/svs_core/uk=9, 1742580307195
Max suppression time updated to: 129
Received update: /ndn/am-site/am/svs_core/am=10, 1742580311396
Sending Sync interest
Max suppression time updated to: 129
Received update: /ndn/es-site/es/svs_core/es=10, 1742580311808
Received update: /ndn/nl-site/nl/svs_core/nl=10, 1742580311808
Received update: /ndn/si-site/si/svs_core/si=9, 1742580311808
Received update: /ndn/de1-site/de1/svs_core/de1=9, 1742580311808
Max suppression time updated to: 129
Received update: /ndn/cy-site/cy/svs_core/cy=9, 1742580311826
Max suppression time updated to: 129
Received update: /ndn/at-site/at/svs_core/at=10, 1742580311884
Max suppression time updated to: 129
Received update: /ndn/ge-site/ge/svs_core/ge=10, 1742580311945
Received update: /ndn/hu-site/hu/svs_core/hu=10, 1742580311945
Received update: /ndn/rs-site/rs/svs_core/rs=9, 1742580311945
Max suppression time updated to: 129
Max suppression time updated to: 129
Max suppression time updated to: 129
Sending Sync interest
Max suppression time updated to: 126
Max suppression time updated to: 126
Max suppression time updated to: 126
Received update: /ndn/tr-site/tr/svs_core/tr=10, 1742580312754
Max suppression time updated to: 126
Received update: /ndn/az-site/az/svs_core/az=10, 1742580314356
Sending Sync interest
Max suppression time updated to: 123
Received update: /ndn/ch-site/ch/svs_core/ch=10, 1742580316984
Sending Sync interest
Max suppression time updated to: 123
Received update: /ndn/mt-site/mt/svs_core/mt=10, 1742580320000
Max suppression time updated to: 126
Sending Sync interest
Max suppression time updated to: 126
Received update: /ndn/lu-site/lu/svs_core/lu=9, 1742580320247
Received update: /ndn/sk-site/sk/svs_core/sk=10, 1742580320247
Received update: /ndn/fr1-site/fr1/svs_core/fr1=10, 1742580320247
Max suppression time updated to: 126
Max suppression time updated to: 129
Max suppression time updated to: 129
Sending Sync interest
Max suppression time updated to: 129
Max suppression time updated to: 129
Received update: /ndn/il-site/il/svs_core/il=10, 1742580321552
Max suppression time updated to: 129
Sending Sync interest
Max suppression time updated to: 129
Max suppression time updated to: 129
Received update: /ndn/md-site/md/svs_core/md=10, 1742580325358
Received update: /ndn/rs-site/rs/svs_core/rs=10, 1742580325358
Max suppression time updated to: 129
Received update: /ndn/cz-site/cz/svs_core/cz=10, 1742580332199
Max suppression time updated to: 129
Received update: /ndn/ie-site/ie/svs_core/ie=9, 1742580332354
Received update: /ndn/ie-site/ie/svs_core/ie=10, 1742580332354
Published sequence number: /ndn/de2-site/de2/svs_core/de2=10, 1742580332501
Sending Sync interest
Max suppression time updated to: 129
Received update: /ndn/bg-site/bg/svs_core/bg=10, 1742580332577
Max suppression time updated to: 129
Received update: /ndn/uk-site/uk/svs_core/uk=10, 1742580336889
Sending Sync interest
Max suppression time updated to: 129
Received update: /ndn/lu-site/lu/svs_core/lu=10, 1742580337026
Sending Sync interest
Max suppression time updated to: 129
Max suppression time updated to: 129
Received update: /ndn/cy-site/cy/svs_core/cy=10, 1742580337212
Max suppression time updated to: 129
Received update: /ndn/si-site/si/svs_core/si=10, 1742580337213
Sending Sync interest
Max suppression time updated to: 129
Received update: /ndn/ee-site/ee/svs_core/ee=10, 1742580337346
Received update: /ndn/lv-site/lv/svs_core/lv=10, 1742580337346
Received update: /ndn/de1-site/de1/svs_core/de1=10, 1742580337346
Sending Sync interest
Max suppression time updated to: 129
Sending Sync interest
Max suppression time updated to: 129
Received update: /ndn/be-site/be/svs_core/be=11, 1742580341957
Received update: /ndn/nl-site/nl/svs_core/nl=11, 1742580341957
Max suppression time updated to: 129
Received update: /ndn/pt-site/pt/svs_core/pt=11, 1742580346309
Sending Sync interest
Max suppression time updated to: 129
Received update: /ndn/hr-site/hr/svs_core/hr=11, 1742580346441
Sending Sync interest
Max suppression time updated to: 132
Max suppression time updated to: 132
Received update: /ndn/es-site/es/svs_core/es=11, 1742580347591
Received update: /ndn/it-site/it/svs_core/it=11, 1742580347591
Received update: /ndn/fr2-site/fr2/svs_core/fr2=10, 1742580347591
Sending Sync interest
Max suppression time updated to: 132
Received update: /ndn/ro-site/ro/svs_core/ro=11, 1742580347716
Max suppression time updated to: 132
Sending Sync interest
Max suppression time updated to: 132
Received update: /ndn/by-site/by/svs_core/by=10, 1742580352832
Received update: /ndn/by-site/by/svs_core/by=11, 1742580352832
Received update: /ndn/pl-site/pl/svs_core/pl=11, 1742580352832
Max suppression time updated to: 132
Received update: /ndn/gr-site/gr/svs_core/gr=10, 1742580352910
Max suppression time updated to: 132
Received update: /ndn/ua-site/ua/svs_core/ua=9, 1742580353045
Received update: /ndn/ua-site/ua/svs_core/ua=10, 1742580353045
Max suppression time updated to: 132
Received update: /ndn/lt-site/lt/svs_core/lt=10, 1742580353105
Received update: /ndn/lt-site/lt/svs_core/lt=11, 1742580353105
Max suppression time updated to: 132
Received update: /ndn/at-site/at/svs_core/at=11, 1742580355037
Max suppression time updated to: 132
Received update: /ndn/bg-site/bg/svs_core/bg=11, 1742580361612
Sending Sync interest
Max suppression time updated to: 132
Received update: /ndn/az-site/az/svs_core/az=11, 1742580361873
Max suppression time updated to: 132
Received update: /ndn/ge-site/ge/svs_core/ge=11, 1742580361945
Received update: /ndn/hu-site/hu/svs_core/hu=11, 1742580361945
Received update: /ndn/sk-site/sk/svs_core/sk=11, 1742580361945
Max suppression time updated to: 132
Received update: /ndn/ua-site/ua/svs_core/ua=11, 1742580362068
Max suppression time updated to: 132
Received update: /ndn/mk-site/mk/svs_core/mk=10, 1742580362119
Sending Sync interest
Max suppression time updated to: 132
Sending Sync interest
Max suppression time updated to: 132
Received update: /ndn/am-site/am/svs_core/am=11, 1742580362204
Max suppression time updated to: 132
Max suppression time updated to: 132
Received update: /ndn/il-site/il/svs_core/il=11, 1742580362968
Max suppression time updated to: 132
Max suppression time updated to: 132
Received update: /ndn/tr-site/tr/svs_core/tr=11, 1742580363111
Max suppression time updated to: 132
Received update: /ndn/ch-site/ch/svs_core/ch=11, 1742580363409
Received update: /ndn/fr1-site/fr1/svs_core/fr1=11, 1742580363409
Sending Sync interest
Max suppression time updated to: 132
Max suppression time updated to: 132
Received update: /ndn/lu-site/lu/svs_core/lu=11, 1742580373220
Published sequence number: /ndn/de2-site/de2/svs_core/de2=11, 1742580377503
Sending Sync interest
Max suppression time updated to: 132
Received update: /ndn/gr-site/gr/svs_core/gr=11, 1742580377798
Received update: /ndn/mt-site/mt/svs_core/mt=11, 1742580377798
Received update: /ndn/fr2-site/fr2/svs_core/fr2=11, 1742580377798
Max suppression time updated to: 132
Received update: /ndn/cz-site/cz/svs_core/cz=11, 1742580379077
Max suppression time updated to: 132
Received update: /ndn/rs-site/rs/svs_core/rs=11, 1742580379077
Sending Sync interest
Max suppression time updated to: 132
Received update: /ndn/dk-site/dk/svs_core/dk=9, 1742580381757
Received update: /ndn/dk-site/dk/svs_core/dk=10, 1742580381757
Received update: /ndn/ee-site/ee/svs_core/ee=11, 1742580381757
Received update: /ndn/fi-site/fi/svs_core/fi=8, 1742580381757
Received update: /ndn/fi-site/fi/svs_core/fi=9, 1742580381757
Received update: /ndn/is-site/is/svs_core/is=9, 1742580381757
Received update: /ndn/is-site/is/svs_core/is=10, 1742580381757
Received update: /ndn/lv-site/lv/svs_core/lv=11, 1742580381757
Received update: /ndn/no-site/no/svs_core/no=10, 1742580381757
Received update: /ndn/se-site/se/svs_core/se=9, 1742580381757
Received update: /ndn/se-site/se/svs_core/se=10, 1742580381757
Received update: /ndn/se-site/se/svs_core/se=11, 1742580381757
Received update: /ndn/de1-site/de1/svs_core/de1=11, 1742580381757
Max suppression time updated to: 132
Received update: /ndn/is-site/is/svs_core/is=11, 1742580382039
Received update: /ndn/uk-site/uk/svs_core/uk=11, 1742580382039
Max suppression time updated to: 132
Received update: /ndn/cy-site/cy/svs_core/cy=11, 1742580382218
Sending Sync interest
Max suppression time updated to: 135
Received update: /ndn/dk-site/dk/svs_core/dk=11, 1742580383065
Max suppression time updated to: 132
Received update: /ndn/it-site/it/svs_core/it=12, 1742580384022
Max suppression time updated to: 132
Received update: /ndn/nl-site/nl/svs_core/nl=12, 1742580386940
Max suppression time updated to: 132
Received update: /ndn/pl-site/pl/svs_core/pl=12, 1742580394139
Sending Sync interest
Max suppression time updated to: 132
Received update: /ndn/si-site/si/svs_core/si=11, 1742580394305
Max suppression time updated to: 132
Max suppression time updated to: 132
Received update: /ndn/hr-site/hr/svs_core/hr=12, 1742580394354
Sending Sync interest
Max suppression time updated to: 132
Sending Sync interest
Max suppression time updated to: 132
Received update: /ndn/ua-site/ua/svs_core/ua=12, 1742580400983
Max suppression time updated to: 132
Received update: /ndn/at-site/at/svs_core/at=12, 1742580401050
Max suppression time updated to: 129
Received update: /ndn/mk-site/mk/svs_core/mk=11, 1742580401113
Max suppression time updated to: 129
Received update: /ndn/es-site/es/svs_core/es=12, 1742580401147
Max suppression time updated to: 129
Received update: /ndn/ge-site/ge/svs_core/ge=12, 1742580401173
Max suppression time updated to: 129
Received update: /ndn/ro-site/ro/svs_core/ro=12, 1742580401353
Sending Sync interest
Max suppression time updated to: 129
Received update: /ndn/hu-site/hu/svs_core/hu=12, 1742580401902
Max suppression time updated to: 129
Received update: /ndn/il-site/il/svs_core/il=12, 1742580403895
Sending Sync interest
Max suppression time updated to: 129
Received update: /ndn/sk-site/sk/svs_core/sk=12, 1742580405010
Max suppression time updated to: 129
Received update: /ndn/bg-site/bg/svs_core/bg=12, 1742580406799
Max suppression time updated to: 129
Received update: /ndn/fr1-site/fr1/svs_core/fr1=12, 1742580407035
Max suppression time updated to: 129
Received update: /ndn/am-site/am/svs_core/am=12, 1742580407209
Max suppression time updated to: 126
Received update: /ndn/ee-site/ee/svs_core/ee=12, 1742580412005
Received update: /ndn/fi-site/fi/svs_core/fi=10, 1742580412005
Received update: /ndn/fi-site/fi/svs_core/fi=11, 1742580412005
Received update: /ndn/lv-site/lv/svs_core/lv=12, 1742580412005
Max suppression time updated to: 126
Received update: /ndn/be-site/be/svs_core/be=12, 1742580412086
Received update: /ndn/pt-site/pt/svs_core/pt=12, 1742580412086
Sending Sync interest
Max suppression time updated to: 129
Received update: /ndn/ch-site/ch/svs_core/ch=12, 1742580412270
Max suppression time updated to: 129
Max suppression time updated to: 129
Max suppression time updated to: 129
Received update: /ndn/mk-site/mk/svs_core/mk=12, 1742580412697
Received update: /ndn/si-site/si/svs_core/si=12, 1742580412697
Sending Sync interest
Max suppression time updated to: 129
Received update: /ndn/tr-site/tr/svs_core/tr=12, 1742580412863
Max suppression time updated to: 129
Max suppression time updated to: 132
Max suppression time updated to: 135
Sending Sync interest
Max suppression time updated to: 135
Max suppression time updated to: 135
Received update: /ndn/fr2-site/fr2/svs_core/fr2=12, 1742580421120
Published sequence number: /ndn/de2-site/de2/svs_core/de2=12, 1742580422514
Sending Sync interest
Max suppression time updated to: 135
Received update: /ndn/dk-site/dk/svs_core/dk=12, 1742580424297
Received update: /ndn/de1-site/de1/svs_core/de1=12, 1742580424297
Sending Sync interest
Max suppression time updated to: 135
Sending Sync interest
Max suppression time updated to: 135
Received update: /ndn/lu-site/lu/svs_core/lu=12, 1742580424573
Max suppression time updated to: 135
Max suppression time updated to: 135
Received update: /ndn/me-site/me/svs_core/me=10, 1742580424642
Received update: /ndn/me-site/me/svs_core/me=11, 1742580424642
Received update: /ndn/me-site/me/svs_core/me=12, 1742580424642
Sending Sync interest
Max suppression time updated to: 135
Max suppression time updated to: 135
Received update: /ndn/cz-site/cz/svs_core/cz=12, 1742580424806
Max suppression time updated to: 135
Received update: /ndn/uk-site/uk/svs_core/uk=12, 1742580426919
Sending Sync interest
Max suppression time updated to: 135
Received update: /ndn/md-site/md/svs_core/md=11, 1742580429911
Received update: /ndn/md-site/md/svs_core/md=12, 1742580429911
Sending Sync interest
Max suppression time updated to: 135
Received update: /ndn/gr-site/gr/svs_core/gr=12, 1742580430374
Sending Sync interest
Max suppression time updated to: 135
Received update: /ndn/cy-site/cy/svs_core/cy=12, 1742580430671
Max suppression time updated to: 138
Received update: /ndn/es-site/es/svs_core/es=13, 1742580431315
Max suppression time updated to: 141
Received update: /ndn/ro-site/ro/svs_core/ro=13, 1742580431316
Max suppression time updated to: 144
Received update: /ndn/al-site/al/svs_core/al=10, 1742580431316
Received update: /ndn/al-site/al/svs_core/al=11, 1742580431316
Received update: /ndn/al-site/al/svs_core/al=12, 1742580431316
Received update: /ndn/it-site/it/svs_core/it=13, 1742580431316
Max suppression time updated to: 147
Max suppression time updated to: 147
Received update: /ndn/rs-site/rs/svs_core/rs=12, 1742580431792
Max suppression time updated to: 147
Received update: /ndn/nl-site/nl/svs_core/nl=13, 1742580431934
Max suppression time updated to: 147
Received update: /ndn/lt-site/lt/svs_core/lt=12, 1742580432228
Max suppression time updated to: 147
Received update: /ndn/by-site/by/svs_core/by=12, 1742580432352
Max suppression time updated to: 147
Max suppression time updated to: 147
Received update: /ndn/ge-site/ge/svs_core/ge=13, 1742580442976
Max suppression time updated to: 147
Received update: /ndn/be-site/be/svs_core/be=13, 1742580443356
Received update: /ndn/ie-site/ie/svs_core/ie=11, 1742580443356
Received update: /ndn/ie-site/ie/svs_core/ie=12, 1742580443356
Max suppression time updated to: 147
Received update: /ndn/hu-site/hu/svs_core/hu=13, 1742580447739
Received update: /ndn/tr-site/tr/svs_core/tr=13, 1742580447739
Max suppression time updated to: 147
Received update: /ndn/at-site/at/svs_core/at=13, 1742580451647
Received update: /ndn/bg-site/bg/svs_core/bg=13, 1742580451647
Received update: /ndn/ua-site/ua/svs_core/ua=13, 1742580451647
Sending Sync interest
Max suppression time updated to: 147
Received update: /ndn/si-site/si/svs_core/si=13, 1742580455720
Max suppression time updated to: 147
Received update: /ndn/il-site/il/svs_core/il=13, 1742580455776
Max suppression time updated to: 147
Received update: /ndn/sk-site/sk/svs_core/sk=13, 1742580455877
Max suppression time updated to: 147
Max suppression time updated to: 144
Received update: /ndn/ch-site/ch/svs_core/ch=13, 1742580456259
Received update: /ndn/mt-site/mt/svs_core/mt=12, 1742580456259
Received update: /ndn/mt-site/mt/svs_core/mt=13, 1742580456259
Sending Sync interest
Max suppression time updated to: 144
Received update: /ndn/is-site/is/svs_core/is=12, 1742580465786
Received update: /ndn/is-site/is/svs_core/is=13, 1742580465786
Max suppression time updated to: 144
Max suppression time updated to: 144
Max suppression time updated to: 144
Max suppression time updated to: 144
Received update: /ndn/by-site/by/svs_core/by=13, 1742580466247
Received update: /ndn/pl-site/pl/svs_core/pl=13, 1742580466247
Max suppression time updated to: 144
Max suppression time updated to: 144
Received update: /ndn/hr-site/hr/svs_core/hr=13, 1742580466335
Received update: /ndn/rs-site/rs/svs_core/rs=13, 1742580466335
Published sequence number: /ndn/de2-site/de2/svs_core/de2=13, 1742580467518
Sending Sync interest
Max suppression time updated to: 147
Max suppression time updated to: 147
Max suppression time updated to: 147
Sending Sync interest
Max suppression time updated to: 147
Received update: /ndn/cz-site/cz/svs_core/cz=13, 1742580468903
Received update: /ndn/mk-site/mk/svs_core/mk=13, 1742580468903
Max suppression time updated to: 147
Max suppression time updated to: 147
Received update: /ndn/it-site/it/svs_core/it=14, 1742580474033
Received update: /ndn/fr1-site/fr1/svs_core/fr1=13, 1742580474033
Max suppression time updated to: 147
Received update: /ndn/cy-site/cy/svs_core/cy=13, 1742580476374
Received update: /ndn/lu-site/lu/svs_core/lu=13, 1742580476374
Max suppression time updated to: 147
Received update: /ndn/be-site/be/svs_core/be=14, 1742580481371
Received update: /ndn/pt-site/pt/svs_core/pt=13, 1742580481371
Received update: /ndn/pt-site/pt/svs_core/pt=14, 1742580481371
Received update: /ndn/uk-site/uk/svs_core/uk=13, 1742580481371
Max suppression time updated to: 147
Received update: /ndn/lt-site/lt/svs_core/lt=13, 1742580484144
Received update: /ndn/pl-site/pl/svs_core/pl=14, 1742580484144
Sending Sync interest
Max suppression time updated to: 147
Sending Sync interest
Max suppression time updated to: 147
Received update: /ndn/nl-site/nl/svs_core/nl=14, 1742580484441
Sending Sync interest
Max suppression time updated to: 147
Received update: /ndn/lt-site/lt/svs_core/lt=14, 1742580484683
Max suppression time updated to: 147
Received update: /ndn/tr-site/tr/svs_core/tr=14, 1742580492743
Sending Sync interest
Max suppression time updated to: 147
Received update: /ndn/at-site/at/svs_core/at=14, 1742580493075
Max suppression time updated to: 147
Received update: /ndn/il-site/il/svs_core/il=14, 1742580493908
Sending Sync interest
Max suppression time updated to: 147
Received update: /ndn/bg-site/bg/svs_core/bg=14, 1742580497475
Received update: /ndn/ch-site/ch/svs_core/ch=14, 1742580497475
Received update: /ndn/ge-site/ge/svs_core/ge=14, 1742580497475
Received update: /ndn/hr-site/hr/svs_core/hr=14, 1742580497475
Received update: /ndn/hu-site/hu/svs_core/hu=14, 1742580497475
Received update: /ndn/ro-site/ro/svs_core/ro=14, 1742580497475
Max suppression time updated to: 147
Max suppression time updated to: 147
Max suppression time updated to: 147
Received update: /ndn/al-site/al/svs_core/al=13, 1742580503469
Received update: /ndn/al-site/al/svs_core/al=14, 1742580503469
Received update: /ndn/es-site/es/svs_core/es=14, 1742580503469
Received update: /ndn/gr-site/gr/svs_core/gr=13, 1742580503469
Received update: /ndn/mt-site/mt/svs_core/mt=14, 1742580503469
Received update: /ndn/sk-site/sk/svs_core/sk=14, 1742580503469
Received update: /ndn/fr2-site/fr2/svs_core/fr2=13, 1742580503469
Sending Sync interest
Max suppression time updated to: 147
Max suppression time updated to: 144
Received update: /ndn/rs-site/rs/svs_core/rs=14, 1742580505150
Published sequence number: /ndn/de2-site/de2/svs_core/de2=14, 1742580512521
Sending Sync interest
Max suppression time updated to: 144
Received update: /ndn/am-site/am/svs_core/am=13, 1742580512610
Received update: /ndn/am-site/am/svs_core/am=14, 1742580512610
Max suppression time updated to: 144
Received update: /ndn/me-site/me/svs_core/me=13, 1742580512665
Received update: /ndn/me-site/me/svs_core/me=14, 1742580512665
Max suppression time updated to: 144
Received update: /ndn/ee-site/ee/svs_core/ee=13, 1742580512802
Received update: /ndn/ee-site/ee/svs_core/ee=14, 1742580512802
Received update: /ndn/lv-site/lv/svs_core/lv=13, 1742580512802
Received update: /ndn/lv-site/lv/svs_core/lv=14, 1742580512802
Received update: /ndn/de1-site/de1/svs_core/de1=13, 1742580512802
Received update: /ndn/de1-site/de1/svs_core/de1=14, 1742580512802
Max suppression time updated to: 144
Received update: /ndn/lu-site/lu/svs_core/lu=14, 1742580512806
Max suppression time updated to: 144
Received update: /ndn/cz-site/cz/svs_core/cz=14, 1742580512996
Sending Sync interest
Max suppression time updated to: 144
Received update: /ndn/az-site/az/svs_core/az=12, 1742580513782
Received update: /ndn/az-site/az/svs_core/az=13, 1742580513782
Received update: /ndn/az-site/az/svs_core/az=14, 1742580513782
Sending Sync interest
Max suppression time updated to: 144
Sending Sync interest
Max suppression time updated to: 144
Received update: /ndn/is-site/is/svs_core/is=14, 1742580516950
Received update: /ndn/uk-site/uk/svs_core/uk=14, 1742580516950
Received update: /ndn/fr1-site/fr1/svs_core/fr1=14, 1742580516950
Sending Sync interest
Max suppression time updated to: 144
Max suppression time updated to: 144
Received update: /ndn/cy-site/cy/svs_core/cy=14, 1742580517238
Max suppression time updated to: 144
Received update: /ndn/pl-site/pl/svs_core/pl=15, 1742580529147
Sending Sync interest
Max suppression time updated to: 144
Received update: /ndn/ee-site/ee/svs_core/ee=15, 1742580529618
Received update: /ndn/ie-site/ie/svs_core/ie=13, 1742580529618
Received update: /ndn/ie-site/ie/svs_core/ie=14, 1742580529618
Received update: /ndn/lt-site/lt/svs_core/lt=15, 1742580529618
Received update: /ndn/lv-site/lv/svs_core/lv=15, 1742580529618
Received update: /ndn/nl-site/nl/svs_core/nl=15, 1742580529618
Max suppression time updated to: 144
Sending Sync interest
Max suppression time updated to: 144
Received update: /ndn/it-site/it/svs_core/it=15, 1742580534469
Max suppression time updated to: 144
Sending Sync interest
Max suppression time updated to: 144
Received update: /ndn/ge-site/ge/svs_core/ge=15, 1742580534879
Max suppression time updated to: 144
Received update: /ndn/by-site/by/svs_core/by=14, 1742580535118
Received update: /ndn/by-site/by/svs_core/by=15, 1742580535118
Received update: /ndn/mk-site/mk/svs_core/mk=14, 1742580535118
Max suppression time updated to: 144
Received update: /ndn/gr-site/gr/svs_core/gr=14, 1742580535342
Max suppression time updated to: 144
Received update: /ndn/at-site/at/svs_core/at=15, 1742580535395
Received update: /ndn/hr-site/hr/svs_core/hr=15, 1742580535395
Max suppression time updated to: 144
Received update: /ndn/hu-site/hu/svs_core/hu=15, 1742580536925
Max suppression time updated to: 144
Received update: /ndn/tr-site/tr/svs_core/tr=15, 1742580537754
Sending Sync interest
Max suppression time updated to: 144
Received update: /ndn/il-site/il/svs_core/il=15, 1742580538917
Sending Sync interest
Max suppression time updated to: 144
Received update: /ndn/mk-site/mk/svs_core/mk=15, 1742580546511
Sending Sync interest
Max suppression time updated to: 144
Sending Sync interest
Max suppression time updated to: 144
Received update: /ndn/rs-site/rs/svs_core/rs=15, 1742580550221
Max suppression time updated to: 144
Received update: /ndn/sk-site/sk/svs_core/sk=15, 1742580550296
Max suppression time updated to: 144
Received update: /ndn/be-site/be/svs_core/be=15, 1742580550514
Received update: /ndn/ch-site/ch/svs_core/ch=15, 1742580550514
Received update: /ndn/es-site/es/svs_core/es=15, 1742580550514
Received update: /ndn/fr1-site/fr1/svs_core/fr1=15, 1742580550514
Received update: /ndn/fr2-site/fr2/svs_core/fr2=14, 1742580550514
Max suppression time updated to: 144
Received update: /ndn/lu-site/lu/svs_core/lu=15, 1742580553274
Sending Sync interest
Published sequence number: /ndn/de2-site/de2/svs_core/de2=15, 1742580557529
Sending Sync interest
Max suppression time updated to: 144
Received update: /ndn/md-site/md/svs_core/md=13, 1742580563943
Received update: /ndn/md-site/md/svs_core/md=14, 1742580563943
Received update: /ndn/md-site/md/svs_core/md=15, 1742580563943
Received update: /ndn/ro-site/ro/svs_core/ro=15, 1742580563943
Received update: /ndn/ro-site/ro/svs_core/ro=16, 1742580563943
Max suppression time updated to: 144
Sending Sync interest
Max suppression time updated to: 141
Max suppression time updated to: 141
Sending Sync interest
Max suppression time updated to: 141
Received update: /ndn/cy-site/cy/svs_core/cy=15, 1742580564447
Received update: /ndn/uk-site/uk/svs_core/uk=15, 1742580564447
Max suppression time updated to: 141
Received update: /ndn/me-site/me/svs_core/me=15, 1742580564560
Max suppression time updated to: 141
Max suppression time updated to: 141
Received update: /ndn/bg-site/bg/svs_core/bg=15, 1742580564654
Received update: /ndn/cz-site/cz/svs_core/cz=15, 1742580564654
Max suppression time updated to: 141
Received update: /ndn/si-site/si/svs_core/si=14, 1742580564693
Received update: /ndn/si-site/si/svs_core/si=15, 1742580564693
Max suppression time updated to: 144
Received update: /ndn/es-site/es/svs_core/es=16, 1742580566164
Received update: /ndn/fr2-site/fr2/svs_core/fr2=15, 1742580566164
Max suppression time updated to: 144
Max suppression time updated to: 144
Sending Sync interest
Max suppression time updated to: 144
Max suppression time updated to: 141
Received update: /ndn/gr-site/gr/svs_core/gr=15, 1742580566524
Received update: /ndn/it-site/it/svs_core/it=16, 1742580566524
Max suppression time updated to: 138
Max suppression time updated to: 138
Sending Sync interest
Max suppression time updated to: 138
Received update: /ndn/az-site/az/svs_core/az=15, 1742580566990
Sending Sync interest
Max suppression time updated to: 138
Received update: /ndn/ua-site/ua/svs_core/ua=14, 1742580567058
Received update: /ndn/ua-site/ua/svs_core/ua=15, 1742580567058
Max suppression time updated to: 138
Max suppression time updated to: 138
Max suppression time updated to: 135
Received update: /ndn/am-site/am/svs_core/am=15, 1742580567358
Max suppression time updated to: 135
Received update: /ndn/be-site/be/svs_core/be=16, 1742580582826
Received update: /ndn/dk-site/dk/svs_core/dk=13, 1742580582826
Received update: /ndn/dk-site/dk/svs_core/dk=14, 1742580582826
Received update: /ndn/ee-site/ee/svs_core/ee=16, 1742580582826
Received update: /ndn/fi-site/fi/svs_core/fi=12, 1742580582826
Received update: /ndn/hr-site/hr/svs_core/hr=16, 1742580582826
Received update: /ndn/hu-site/hu/svs_core/hu=16, 1742580582826
Received update: /ndn/nl-site/nl/svs_core/nl=16, 1742580582826
Received update: /ndn/no-site/no/svs_core/no=11, 1742580582826
Received update: /ndn/no-site/no/svs_core/no=12, 1742580582826
Received update: /ndn/no-site/no/svs_core/no=13, 1742580582826
Received update: /ndn/no-site/no/svs_core/no=14, 1742580582826
Received update: /ndn/no-site/no/svs_core/no=15, 1742580582826
Received update: /ndn/se-site/se/svs_core/se=12, 1742580582826
Received update: /ndn/se-site/se/svs_core/se=13, 1742580582826
Received update: /ndn/se-site/se/svs_core/se=14, 1742580582826
Received update: /ndn/tr-site/tr/svs_core/tr=16, 1742580582826
Received update: /ndn/de1-site/de1/svs_core/de1=15, 1742580582826
Sending Sync interest
Max suppression time updated to: 135
Received update: /ndn/bg-site/bg/svs_core/bg=16, 1742580586803
Received update: /ndn/pl-site/pl/svs_core/pl=16, 1742580586803
Sending Sync interest
Max suppression time updated to: 135
Received update: /ndn/il-site/il/svs_core/il=16, 1742580586945
Sending Sync interest
Max suppression time updated to: 135
Received update: /ndn/lu-site/lu/svs_core/lu=16, 1742580598560
Max suppression time updated to: 135
Received update: /ndn/dk-site/dk/svs_core/dk=15, 1742580598784
Received update: /ndn/is-site/is/svs_core/is=15, 1742580598784
Received update: /ndn/se-site/se/svs_core/se=15, 1742580598784
Published sequence number: /ndn/de2-site/de2/svs_core/de2=16, 1742580602533
Sending Sync interest
Max suppression time updated to: 135
Received update: /ndn/az-site/az/svs_core/az=16, 1742580602604
Max suppression time updated to: 135
Received update: /ndn/lt-site/lt/svs_core/lt=16, 1742580602746
Received update: /ndn/lv-site/lv/svs_core/lv=16, 1742580602746
Max suppression time updated to: 135
Received update: /ndn/at-site/at/svs_core/at=16, 1742580602771
Received update: /ndn/ge-site/ge/svs_core/ge=16, 1742580602771
Received update: /ndn/sk-site/sk/svs_core/sk=16, 1742580602771
Max suppression time updated to: 135
Received update: /ndn/gr-site/gr/svs_core/gr=16, 1742580602982
Received update: /ndn/fr2-site/fr2/svs_core/fr2=16, 1742580602982
Sending Sync interest
Max suppression time updated to: 135
Received update: /ndn/is-site/is/svs_core/is=16, 1742580603230
Received update: /ndn/pt-site/pt/svs_core/pt=15, 1742580603230
Received update: /ndn/pt-site/pt/svs_core/pt=16, 1742580603230
Sending Sync interest
Max suppression time updated to: 135
Max suppression time updated to: 135
Received update: /ndn/cz-site/cz/svs_core/cz=16, 1742580603339
Max suppression time updated to: 135
Received update: /ndn/ch-site/ch/svs_core/ch=16, 1742580603469
Received update: /ndn/fr1-site/fr1/svs_core/fr1=16, 1742580603469
Max suppression time updated to: 135
Max suppression time updated to: 135
Received update: /ndn/cy-site/cy/svs_core/cy=16, 1742580607264
Max suppression time updated to: 135
Max suppression time updated to: 135
Received update: /ndn/me-site/me/svs_core/me=16, 1742580607502
Stopping SVS client: /ndn/de2-site/de2/svs_core/de2
