SVS client starting: /ndn/ro-site/ro/svs_core/ro
Max suppression time updated to: 57
Max suppression time updated to: 61
Max suppression time updated to: 44
Max suppression time updated to: 42
Max suppression time updated to: 46
Max suppression time updated to: 56
Max suppression time updated to: 53
Max suppression time updated to: 58
Max suppression time updated to: 62
Max suppression time updated to: 65
Max suppression time updated to: 61
Max suppression time updated to: 61
Sending Sync interest
Max suppression time updated to: 60
Max suppression time updated to: 61
Max suppression time updated to: 60
Max suppression time updated to: 61
Max suppression time updated to: 60
Max suppression time updated to: 59
Max suppression time updated to: 58
Max suppression time updated to: 58
Max suppression time updated to: 58
Max suppression time updated to: 65
Max suppression time updated to: 70
Max suppression time updated to: 76
Max suppression time updated to: 81
Max suppression time updated to: 85
Max suppression time updated to: 90
Max suppression time updated to: 93
Max suppression time updated to: 97
Max suppression time updated to: 95
Received update: /ndn/tr-site/tr/svs_core/tr=1, 1741715415677
Max suppression time updated to: 98
Max suppression time updated to: 96
Max suppression time updated to: 99
Max suppression time updated to: 97
Max suppression time updated to: 95
Max suppression time updated to: 94
Max suppression time updated to: 97
Max suppression time updated to: 100
Max suppression time updated to: 102
Max suppression time updated to: 100
Max suppression time updated to: 99
Max suppression time updated to: 97
Max suppression time updated to: 96
Max suppression time updated to: 94
Received update: /ndn/me-site/me/svs_core/me=1, 1741715417177
Max suppression time updated to: 94
Received update: /ndn/fi-site/fi/svs_core/fi=1, 1741715420139
Max suppression time updated to: 94
Received update: /ndn/mt-site/mt/svs_core/mt=1, 1741715420831
Max suppression time updated to: 92
Max suppression time updated to: 91
Max suppression time updated to: 90
Max suppression time updated to: 88
Max suppression time updated to: 88
Max suppression time updated to: 87
Max suppression time updated to: 86
Max suppression time updated to: 85
Max suppression time updated to: 85
Received update: /ndn/az-site/az/svs_core/az=1, 1741715422832
Max suppression time updated to: 85
Received update: /ndn/fr1-site/fr1/svs_core/fr1=1, 1741715422996
Max suppression time updated to: 84
Received update: /ndn/md-site/md/svs_core/md=1, 1741715423248
Max suppression time updated to: 83
Max suppression time updated to: 82
Max suppression time updated to: 81
Max suppression time updated to: 81
Max suppression time updated to: 83
Max suppression time updated to: 82
Received update: /ndn/pt-site/pt/svs_core/pt=1, 1741715424692
Max suppression time updated to: 81
Received update: /ndn/is-site/is/svs_core/is=1, 1741715424792
Max suppression time updated to: 81
Max suppression time updated to: 81
Max suppression time updated to: 81
Received update: /ndn/de1-site/de1/svs_core/de1=1, 1741715424912
Max suppression time updated to: 81
Received update: /ndn/rs-site/rs/svs_core/rs=1, 1741715426378
Max suppression time updated to: 80
Received update: /ndn/de2-site/de2/svs_core/de2=1, 1741715432722
Max suppression time updated to: 79
Received update: /ndn/pl-site/pl/svs_core/pl=1, 1741715432793
Max suppression time updated to: 78
Received update: /ndn/at-site/at/svs_core/at=1, 1741715433220
Max suppression time updated to: 78
Received update: /ndn/ge-site/ge/svs_core/ge=1, 1741715436218
Received update: /ndn/si-site/si/svs_core/si=1, 1741715436218
Max suppression time updated to: 78
Received update: /ndn/ie-site/ie/svs_core/ie=1, 1741715436243
Max suppression time updated to: 77
Max suppression time updated to: 77
Max suppression time updated to: 76
Max suppression time updated to: 75
Max suppression time updated to: 75
Max suppression time updated to: 74
Max suppression time updated to: 74
Max suppression time updated to: 73
Received update: /ndn/hu-site/hu/svs_core/hu=1, 1741715437036
Max suppression time updated to: 73
Received update: /ndn/il-site/il/svs_core/il=1, 1741715438244
Max suppression time updated to: 73
Received update: /ndn/uk-site/uk/svs_core/uk=1, 1741715438704
Max suppression time updated to: 72
Received update: /ndn/by-site/by/svs_core/by=1, 1741715438809
Max suppression time updated to: 72
Max suppression time updated to: 72
Received update: /ndn/ch-site/ch/svs_core/ch=1, 1741715440344
Max suppression time updated to: 72
Received update: /ndn/dk-site/dk/svs_core/dk=1, 1741715440459
Max suppression time updated to: 72
Received update: /ndn/lt-site/lt/svs_core/lt=1, 1741715440662
Max suppression time updated to: 71
Received update: /ndn/cy-site/cy/svs_core/cy=1, 1741715440810
Max suppression time updated to: 71
Received update: /ndn/mk-site/mk/svs_core/mk=1, 1741715443970
Max suppression time updated to: 71
Received update: /ndn/nl-site/nl/svs_core/nl=1, 1741715444633
Max suppression time updated to: 70
Received update: /ndn/ua-site/ua/svs_core/ua=1, 1741715445332
Max suppression time updated to: 70
Received update: /ndn/es-site/es/svs_core/es=1, 1741715446817
Max suppression time updated to: 70
Received update: /ndn/ee-site/ee/svs_core/ee=1, 1741715447069
Max suppression time updated to: 70
Max suppression time updated to: 70
Max suppression time updated to: 69
Max suppression time updated to: 69
Max suppression time updated to: 69
Max suppression time updated to: 69
Received update: /ndn/se-site/se/svs_core/se=1, 1741715449142
Max suppression time updated to: 69
Received update: /ndn/cz-site/cz/svs_core/cz=1, 1741715451136
Max suppression time updated to: 68
Received update: /ndn/al-site/al/svs_core/al=1, 1741715451238
Max suppression time updated to: 68
Received update: /ndn/fr2-site/fr2/svs_core/fr2=1, 1741715451411
Max suppression time updated to: 68
Received update: /ndn/it-site/it/svs_core/it=1, 1741715451682
Max suppression time updated to: 68
Received update: /ndn/gr-site/gr/svs_core/gr=1, 1741715453244
Max suppression time updated to: 68
Received update: /ndn/hr-site/hr/svs_core/hr=1, 1741715453523
Max suppression time updated to: 67
Received update: /ndn/lv-site/lv/svs_core/lv=1, 1741715453533
Max suppression time updated to: 68
Received update: /ndn/be-site/be/svs_core/be=1, 1741715455437
Max suppression time updated to: 67
Received update: /ndn/sk-site/sk/svs_core/sk=1, 1741715455503
Max suppression time updated to: 67
Received update: /ndn/lu-site/lu/svs_core/lu=1, 1741715456102
Published sequence number: /ndn/ro-site/ro/svs_core/ro=1, 1741715457140
Sending Sync interest
Max suppression time updated to: 67
Received update: /ndn/bg-site/bg/svs_core/bg=1, 1741715457153
Max suppression time updated to: 66
Max suppression time updated to: 66
Max suppression time updated to: 66
Received update: /ndn/am-site/am/svs_core/am=1, 1741715457482
Max suppression time updated to: 66
Received update: /ndn/no-site/no/svs_core/no=1, 1741715459191
Max suppression time updated to: 66
Max suppression time updated to: 66
Max suppression time updated to: 66
Max suppression time updated to: 66
Max suppression time updated to: 65
Max suppression time updated to: 66
Max suppression time updated to: 65
Received update: /ndn/me-site/me/svs_core/me=2, 1741715462180
Max suppression time updated to: 65
Received update: /ndn/tr-site/tr/svs_core/tr=2, 1741715462255
Max suppression time updated to: 65
Received update: /ndn/fr1-site/fr1/svs_core/fr1=2, 1741715466003
Max suppression time updated to: 65
Max suppression time updated to: 65
Max suppression time updated to: 65
Received update: /ndn/fi-site/fi/svs_core/fi=2, 1741715466175
Max suppression time updated to: 65
Received update: /ndn/is-site/is/svs_core/is=2, 1741715469769
Received update: /ndn/mt-site/mt/svs_core/mt=2, 1741715469769
Max suppression time updated to: 65
Received update: /ndn/az-site/az/svs_core/az=2, 1741715469829
Max suppression time updated to: 65
Received update: /ndn/md-site/md/svs_core/md=2, 1741715469899
Sending Sync interest
Max suppression time updated to: 64
Received update: /ndn/pt-site/pt/svs_core/pt=2, 1741715470011
Received update: /ndn/de1-site/de1/svs_core/de1=2, 1741715470011
Max suppression time updated to: 64
Max suppression time updated to: 64
Max suppression time updated to: 64
Max suppression time updated to: 64
Max suppression time updated to: 64
Max suppression time updated to: 63
Max suppression time updated to: 63
Max suppression time updated to: 63
Received update: /ndn/rs-site/rs/svs_core/rs=2, 1741715471385
Max suppression time updated to: 63
Received update: /ndn/pl-site/pl/svs_core/pl=2, 1741715477796
Max suppression time updated to: 63
Received update: /ndn/de2-site/de2/svs_core/de2=2, 1741715477842
Max suppression time updated to: 63
Received update: /ndn/at-site/at/svs_core/at=2, 1741715480654
Received update: /ndn/si-site/si/svs_core/si=2, 1741715480654
Max suppression time updated to: 63
Received update: /ndn/ge-site/ge/svs_core/ge=2, 1741715481382
Received update: /ndn/ie-site/ie/svs_core/ie=2, 1741715481382
Max suppression time updated to: 63
Received update: /ndn/hu-site/hu/svs_core/hu=2, 1741715482049
Max suppression time updated to: 63
Received update: /ndn/il-site/il/svs_core/il=2, 1741715483247
Sending Sync interest
Max suppression time updated to: 63
Max suppression time updated to: 63
Max suppression time updated to: 63
Max suppression time updated to: 63
Max suppression time updated to: 62
Max suppression time updated to: 62
Max suppression time updated to: 62
Max suppression time updated to: 62
Max suppression time updated to: 62
Max suppression time updated to: 62
Received update: /ndn/ch-site/ch/svs_core/ch=2, 1741715485465
Received update: /ndn/dk-site/dk/svs_core/dk=2, 1741715485465
Received update: /ndn/uk-site/uk/svs_core/uk=2, 1741715485465
Max suppression time updated to: 62
Received update: /ndn/by-site/by/svs_core/by=2, 1741715489632
Received update: /ndn/cy-site/cy/svs_core/cy=2, 1741715489632
Received update: /ndn/lt-site/lt/svs_core/lt=2, 1741715489632
Received update: /ndn/nl-site/nl/svs_core/nl=2, 1741715489632
Max suppression time updated to: 60
Received update: /ndn/mk-site/mk/svs_core/mk=2, 1741715489711
Max suppression time updated to: 60
Received update: /ndn/ua-site/ua/svs_core/ua=2, 1741715490345
Max suppression time updated to: 60
Max suppression time updated to: 60
Max suppression time updated to: 60
Max suppression time updated to: 60
Max suppression time updated to: 60
Received update: /ndn/es-site/es/svs_core/es=2, 1741715491814
Max suppression time updated to: 60
Received update: /ndn/se-site/se/svs_core/se=2, 1741715494151
Sending Sync interest
Max suppression time updated to: 60
Max suppression time updated to: 59
Max suppression time updated to: 59
Max suppression time updated to: 59
Max suppression time updated to: 59
Received update: /ndn/ee-site/ee/svs_core/ee=2, 1741715494285
Max suppression time updated to: 59
Received update: /ndn/al-site/al/svs_core/al=2, 1741715495396
Max suppression time updated to: 58
Received update: /ndn/cz-site/cz/svs_core/cz=2, 1741715498521
Received update: /ndn/hr-site/hr/svs_core/hr=2, 1741715498521
Received update: /ndn/fr2-site/fr2/svs_core/fr2=2, 1741715498521
Max suppression time updated to: 58
Received update: /ndn/sk-site/sk/svs_core/sk=2, 1741715498604
Max suppression time updated to: 58
Received update: /ndn/gr-site/gr/svs_core/gr=2, 1741715498625
Received update: /ndn/it-site/it/svs_core/it=2, 1741715498625
Max suppression time updated to: 58
Max suppression time updated to: 58
Received update: /ndn/lv-site/lv/svs_core/lv=2, 1741715498774
Max suppression time updated to: 58
Max suppression time updated to: 58
Max suppression time updated to: 58
Max suppression time updated to: 58
Max suppression time updated to: 58
Max suppression time updated to: 57
Received update: /ndn/bg-site/bg/svs_core/bg=2, 1741715502123
Published sequence number: /ndn/ro-site/ro/svs_core/ro=2, 1741715502146
Sending Sync interest
Max suppression time updated to: 57
Received update: /ndn/be-site/be/svs_core/be=2, 1741715502247
Received update: /ndn/lu-site/lu/svs_core/lu=2, 1741715502247
Max suppression time updated to: 57
Max suppression time updated to: 57
Max suppression time updated to: 57
Max suppression time updated to: 57
Max suppression time updated to: 57
Max suppression time updated to: 57
Received update: /ndn/no-site/no/svs_core/no=2, 1741715504210
Max suppression time updated to: 56
Received update: /ndn/tr-site/tr/svs_core/tr=3, 1741715504839
Max suppression time updated to: 57
Received update: /ndn/me-site/me/svs_core/me=3, 1741715507278
Max suppression time updated to: 57
Received update: /ndn/fr1-site/fr1/svs_core/fr1=3, 1741715510960
Max suppression time updated to: 57
Received update: /ndn/az-site/az/svs_core/az=3, 1741715512841
Max suppression time updated to: 56
Received update: /ndn/md-site/md/svs_core/md=3, 1741715513210
Max suppression time updated to: 57
Received update: /ndn/am-site/am/svs_core/am=2, 1741715514721
Received update: /ndn/pt-site/pt/svs_core/pt=3, 1741715514721
Sending Sync interest
Max suppression time updated to: 57
Received update: /ndn/fi-site/fi/svs_core/fi=3, 1741715514883
Max suppression time updated to: 57
Max suppression time updated to: 57
Received update: /ndn/mt-site/mt/svs_core/mt=3, 1741715514944
Max suppression time updated to: 56
Max suppression time updated to: 56
Max suppression time updated to: 56
Max suppression time updated to: 56
Max suppression time updated to: 56
Received update: /ndn/is-site/is/svs_core/is=3, 1741715515043
Received update: /ndn/de1-site/de1/svs_core/de1=3, 1741715515043
Max suppression time updated to: 56
Max suppression time updated to: 56
Max suppression time updated to: 56
Received update: /ndn/de2-site/de2/svs_core/de2=3, 1741715522745
Max suppression time updated to: 56
Received update: /ndn/rs-site/rs/svs_core/rs=3, 1741715522815
Max suppression time updated to: 56
Received update: /ndn/pl-site/pl/svs_core/pl=3, 1741715522874
Max suppression time updated to: 56
Max suppression time updated to: 55
Max suppression time updated to: 55
Received update: /ndn/at-site/at/svs_core/at=3, 1741715523239
Max suppression time updated to: 55
Received update: /ndn/ge-site/ge/svs_core/ge=3, 1741715526252
Received update: /ndn/si-site/si/svs_core/si=3, 1741715526252
Max suppression time updated to: 55
Received update: /ndn/ie-site/ie/svs_core/ie=3, 1741715526254
Max suppression time updated to: 55
Received update: /ndn/hu-site/hu/svs_core/hu=3, 1741715527022
Max suppression time updated to: 55
Received update: /ndn/by-site/by/svs_core/by=3, 1741715527185
Max suppression time updated to: 55
Received update: /ndn/il-site/il/svs_core/il=3, 1741715528785
Received update: /ndn/uk-site/uk/svs_core/uk=3, 1741715528785
Max suppression time updated to: 55
Received update: /ndn/dk-site/dk/svs_core/dk=3, 1741715530471
Max suppression time updated to: 55
Received update: /ndn/lt-site/lt/svs_core/lt=3, 1741715530639
Max suppression time updated to: 55
Max suppression time updated to: 55
Max suppression time updated to: 55
Max suppression time updated to: 55
Received update: /ndn/ch-site/ch/svs_core/ch=3, 1741715530728
Max suppression time updated to: 55
Max suppression time updated to: 55
Max suppression time updated to: 55
Received update: /ndn/cy-site/cy/svs_core/cy=3, 1741715530866
Max suppression time updated to: 55
Max suppression time updated to: 55
Max suppression time updated to: 55
Max suppression time updated to: 55
Max suppression time updated to: 55
Max suppression time updated to: 55
Max suppression time updated to: 56
Received update: /ndn/nl-site/nl/svs_core/nl=3, 1741715534647
Max suppression time updated to: 56
Received update: /ndn/se-site/se/svs_core/se=3, 1741715539189
Max suppression time updated to: 56
Received update: /ndn/ee-site/ee/svs_core/ee=3, 1741715539262
Max suppression time updated to: 56
Received update: /ndn/mk-site/mk/svs_core/mk=3, 1741715539347
Max suppression time updated to: 56
Received update: /ndn/ua-site/ua/svs_core/ua=3, 1741715539365
Max suppression time updated to: 56
Max suppression time updated to: 56
Received update: /ndn/es-site/es/svs_core/es=3, 1741715539494
Max suppression time updated to: 56
Max suppression time updated to: 56
Max suppression time updated to: 56
Max suppression time updated to: 56
Max suppression time updated to: 56
Max suppression time updated to: 56
Received update: /ndn/cz-site/cz/svs_core/cz=3, 1741715541159
Max suppression time updated to: 56
Received update: /ndn/al-site/al/svs_core/al=3, 1741715541216
Max suppression time updated to: 56
Max suppression time updated to: 56
Received update: /ndn/fr2-site/fr2/svs_core/fr2=3, 1741715541449
Max suppression time updated to: 56
Received update: /ndn/it-site/it/svs_core/it=3, 1741715541679
Max suppression time updated to: 56
Received update: /ndn/sk-site/sk/svs_core/sk=3, 1741715542887
Max suppression time updated to: 56
Received update: /ndn/gr-site/gr/svs_core/gr=3, 1741715546110
Received update: /ndn/lu-site/lu/svs_core/lu=3, 1741715546110
Received update: /ndn/lv-site/lv/svs_core/lv=3, 1741715546110
Published sequence number: /ndn/ro-site/ro/svs_core/ro=3, 1741715547149
Sending Sync interest
Max suppression time updated to: 56
Received update: /ndn/no-site/no/svs_core/no=3, 1741715549195
Max suppression time updated to: 56
Max suppression time updated to: 56
Sending Sync interest
Max suppression time updated to: 55
Received update: /ndn/am-site/am/svs_core/am=3, 1741715549268
Max suppression time updated to: 55
Max suppression time updated to: 55
Received update: /ndn/be-site/be/svs_core/be=3, 1741715549312
Max suppression time updated to: 55
Max suppression time updated to: 55
Max suppression time updated to: 55
Max suppression time updated to: 55
Max suppression time updated to: 55
Max suppression time updated to: 56
Max suppression time updated to: 55
Max suppression time updated to: 55
Max suppression time updated to: 55
Max suppression time updated to: 55
Max suppression time updated to: 56
Received update: /ndn/tr-site/tr/svs_core/tr=4, 1741715549801
Max suppression time updated to: 56
Received update: /ndn/fr1-site/fr1/svs_core/fr1=4, 1741715555954
Max suppression time updated to: 56
Received update: /ndn/me-site/me/svs_core/me=4, 1741715556082
Max suppression time updated to: 56
Received update: /ndn/az-site/az/svs_core/az=4, 1741715557850
Max suppression time updated to: 56
Received update: /ndn/md-site/md/svs_core/md=4, 1741715558216
Sending Sync interest
Max suppression time updated to: 56
Max suppression time updated to: 56
Max suppression time updated to: 56
Max suppression time updated to: 55
Received update: /ndn/mt-site/mt/svs_core/mt=4, 1741715558413
Max suppression time updated to: 55
Received update: /ndn/pt-site/pt/svs_core/pt=4, 1741715559708
Max suppression time updated to: 55
Received update: /ndn/fi-site/fi/svs_core/fi=4, 1741715559756
Max suppression time updated to: 55
Max suppression time updated to: 55
Received update: /ndn/is-site/is/svs_core/is=4, 1741715559767
Max suppression time updated to: 55
Max suppression time updated to: 55
Received update: /ndn/de1-site/de1/svs_core/de1=4, 1741715567768
Received update: /ndn/de2-site/de2/svs_core/de2=4, 1741715567768
Max suppression time updated to: 55
Received update: /ndn/pl-site/pl/svs_core/pl=4, 1741715567796
Max suppression time updated to: 54
Received update: /ndn/rs-site/rs/svs_core/rs=4, 1741715567809
Max suppression time updated to: 54
Received update: /ndn/at-site/at/svs_core/at=4, 1741715568235
Max suppression time updated to: 54
Received update: /ndn/si-site/si/svs_core/si=4, 1741715570647
Max suppression time updated to: 54
Max suppression time updated to: 54
Max suppression time updated to: 54
Max suppression time updated to: 54
Max suppression time updated to: 54
Received update: /ndn/hu-site/hu/svs_core/hu=4, 1741715572060
Max suppression time updated to: 54
Received update: /ndn/ge-site/ge/svs_core/ge=4, 1741715572093
Max suppression time updated to: 54
Received update: /ndn/ie-site/ie/svs_core/ie=4, 1741715572199
Max suppression time updated to: 54
Max suppression time updated to: 54
Max suppression time updated to: 54
Max suppression time updated to: 54
Max suppression time updated to: 54
Max suppression time updated to: 54
Max suppression time updated to: 54
Received update: /ndn/by-site/by/svs_core/by=4, 1741715572364
Max suppression time updated to: 54
Received update: /ndn/il-site/il/svs_core/il=4, 1741715573255
Max suppression time updated to: 54
Max suppression time updated to: 54
Max suppression time updated to: 54
Max suppression time updated to: 54
Max suppression time updated to: 54
Received update: /ndn/uk-site/uk/svs_core/uk=4, 1741715573726
Max suppression time updated to: 54
Received update: /ndn/hr-site/hr/svs_core/hr=3, 1741715573777
Max suppression time updated to: 54
Max suppression time updated to: 54
Max suppression time updated to: 54
Max suppression time updated to: 54
Received update: /ndn/ch-site/ch/svs_core/ch=4, 1741715575363
Max suppression time updated to: 54
Received update: /ndn/cy-site/cy/svs_core/cy=4, 1741715575866
Max suppression time updated to: 54
Received update: /ndn/lt-site/lt/svs_core/lt=4, 1741715575920
Max suppression time updated to: 54
Received update: /ndn/dk-site/dk/svs_core/dk=4, 1741715575947
Max suppression time updated to: 54
Max suppression time updated to: 54
Max suppression time updated to: 54
Max suppression time updated to: 54
Received update: /ndn/bg-site/bg/svs_core/bg=3, 1741715584184
Received update: /ndn/se-site/se/svs_core/se=4, 1741715584184
Max suppression time updated to: 54
Received update: /ndn/nl-site/nl/svs_core/nl=4, 1741715584224
Max suppression time updated to: 54
Max suppression time updated to: 54
Max suppression time updated to: 54
Max suppression time updated to: 54
Received update: /ndn/mk-site/mk/svs_core/mk=4, 1741715584248
Max suppression time updated to: 54
Max suppression time updated to: 54
Max suppression time updated to: 54
Received update: /ndn/ee-site/ee/svs_core/ee=4, 1741715584288
Max suppression time updated to: 54
Received update: /ndn/ua-site/ua/svs_core/ua=4, 1741715584294
Max suppression time updated to: 53
Received update: /ndn/es-site/es/svs_core/es=4, 1741715584348
Max suppression time updated to: 53
Max suppression time updated to: 53
Max suppression time updated to: 53
Max suppression time updated to: 54
Max suppression time updated to: 53
Max suppression time updated to: 53
Max suppression time updated to: 53
Received update: /ndn/al-site/al/svs_core/al=4, 1741715585414
Max suppression time updated to: 53
Received update: /ndn/it-site/it/svs_core/it=4, 1741715586682
Max suppression time updated to: 53
Received update: /ndn/cz-site/cz/svs_core/cz=4, 1741715586752
Max suppression time updated to: 52
Received update: /ndn/hr-site/hr/svs_core/hr=4, 1741715588522
Max suppression time updated to: 52
Received update: /ndn/lv-site/lv/svs_core/lv=4, 1741715588545
Max suppression time updated to: 52
Received update: /ndn/gr-site/gr/svs_core/gr=4, 1741715588625
Sending Sync interest
Max suppression time updated to: 52
Received update: /ndn/sk-site/sk/svs_core/sk=4, 1741715588701
Max suppression time updated to: 52
Max suppression time updated to: 51
Max suppression time updated to: 51
Received update: /ndn/fr2-site/fr2/svs_core/fr2=4, 1741715588769
Max suppression time updated to: 51
Max suppression time updated to: 51
Max suppression time updated to: 51
Received update: /ndn/be-site/be/svs_core/be=4, 1741715590468
Max suppression time updated to: 51
Received update: /ndn/bg-site/bg/svs_core/bg=4, 1741715592129
Published sequence number: /ndn/ro-site/ro/svs_core/ro=4, 1741715592151
Sending Sync interest
Max suppression time updated to: 51
Received update: /ndn/lu-site/lu/svs_core/lu=4, 1741715594322
Received update: /ndn/no-site/no/svs_core/no=4, 1741715594322
Max suppression time updated to: 51
Max suppression time updated to: 51
Sending Sync interest
Max suppression time updated to: 51
Max suppression time updated to: 51
Max suppression time updated to: 51
Received update: /ndn/am-site/am/svs_core/am=4, 1741715594432
Sending Sync interest
Max suppression time updated to: 50
Max suppression time updated to: 50
Received update: /ndn/tr-site/tr/svs_core/tr=5, 1741715594802
Max suppression time updated to: 50
Received update: /ndn/md-site/md/svs_core/md=5, 1741715603223
Max suppression time updated to: 50
Received update: /ndn/az-site/az/svs_core/az=5, 1741715603306
Received update: /ndn/fr1-site/fr1/svs_core/fr1=5, 1741715603306
Max suppression time updated to: 50
Max suppression time updated to: 50
Max suppression time updated to: 50
Max suppression time updated to: 50
Max suppression time updated to: 50
Max suppression time updated to: 50
Max suppression time updated to: 50
Max suppression time updated to: 50
Max suppression time updated to: 50
Max suppression time updated to: 50
Received update: /ndn/is-site/is/svs_core/is=5, 1741715604761
Received update: /ndn/pt-site/pt/svs_core/pt=5, 1741715604761
Max suppression time updated to: 50
Received update: /ndn/me-site/me/svs_core/me=5, 1741715604810
Max suppression time updated to: 50
Max suppression time updated to: 50
Received update: /ndn/mt-site/mt/svs_core/mt=5, 1741715604856
Max suppression time updated to: 50
Max suppression time updated to: 50
Max suppression time updated to: 50
Received update: /ndn/de1-site/de1/svs_core/de1=5, 1741715604908
Max suppression time updated to: 50
Max suppression time updated to: 50
Max suppression time updated to: 50
Max suppression time updated to: 50
Max suppression time updated to: 50
Max suppression time updated to: 50
Max suppression time updated to: 50
Max suppression time updated to: 50
Max suppression time updated to: 50
Received update: /ndn/rs-site/rs/svs_core/rs=5, 1741715606374
Max suppression time updated to: 50
Received update: /ndn/de2-site/de2/svs_core/de2=5, 1741715612754
Max suppression time updated to: 50
Received update: /ndn/at-site/at/svs_core/at=5, 1741715616248
Received update: /ndn/ge-site/ge/svs_core/ge=5, 1741715616248
Received update: /ndn/pl-site/pl/svs_core/pl=5, 1741715616248
Received update: /ndn/si-site/si/svs_core/si=5, 1741715616248
Max suppression time updated to: 50
Received update: /ndn/hu-site/hu/svs_core/hu=5, 1741715617030
Max suppression time updated to: 50
Received update: /ndn/by-site/by/svs_core/by=5, 1741715617202
Max suppression time updated to: 50
Max suppression time updated to: 50
Max suppression time updated to: 50
Max suppression time updated to: 50
Max suppression time updated to: 50
Max suppression time updated to: 50
Received update: /ndn/ie-site/ie/svs_core/ie=5, 1741715617265
Max suppression time updated to: 50
Max suppression time updated to: 50
Max suppression time updated to: 50
Max suppression time updated to: 50
Max suppression time updated to: 50
Max suppression time updated to: 50
Max suppression time updated to: 50
Max suppression time updated to: 50
Max suppression time updated to: 50
Received update: /ndn/uk-site/uk/svs_core/uk=5, 1741715618714
Max suppression time updated to: 50
Received update: /ndn/ch-site/ch/svs_core/ch=5, 1741715620357
Max suppression time updated to: 50
Received update: /ndn/il-site/il/svs_core/il=5, 1741715620455
Max suppression time updated to: 50
Max suppression time updated to: 50
Received update: /ndn/dk-site/dk/svs_core/dk=5, 1741715620488
Max suppression time updated to: 50
Received update: /ndn/cy-site/cy/svs_core/cy=5, 1741715620825
Max suppression time updated to: 50
Received update: /ndn/mk-site/mk/svs_core/mk=5, 1741715623967
Max suppression time updated to: 50
Max suppression time updated to: 50
Max suppression time updated to: 50
Max suppression time updated to: 50
Max suppression time updated to: 50
Max suppression time updated to: 50
Received update: /ndn/nl-site/nl/svs_core/nl=5, 1741715624663
Max suppression time updated to: 50
Received update: /ndn/ua-site/ua/svs_core/ua=5, 1741715625362
Max suppression time updated to: 50
Max suppression time updated to: 50
Max suppression time updated to: 50
Max suppression time updated to: 50
Received update: /ndn/al-site/al/svs_core/al=5, 1741715630408
Max suppression time updated to: 50
Received update: /ndn/cz-site/cz/svs_core/cz=5, 1741715631200
Max suppression time updated to: 50
Max suppression time updated to: 50
Received update: /ndn/ee-site/ee/svs_core/ee=5, 1741715631214
Received update: /ndn/es-site/es/svs_core/es=5, 1741715631214
Max suppression time updated to: 50
Max suppression time updated to: 50
Received update: /ndn/se-site/se/svs_core/se=5, 1741715631358
Max suppression time updated to: 50
Max suppression time updated to: 50
Received update: /ndn/fi-site/fi/svs_core/fi=5, 1741715632975
Received update: /ndn/sk-site/sk/svs_core/sk=5, 1741715632975
Received update: /ndn/fr2-site/fr2/svs_core/fr2=5, 1741715632975
Max suppression time updated to: 50
Received update: /ndn/it-site/it/svs_core/it=5, 1741715633086
Max suppression time updated to: 50
Received update: /ndn/hr-site/hr/svs_core/hr=5, 1741715633532
Max suppression time updated to: 50
Max suppression time updated to: 50
Max suppression time updated to: 50
Max suppression time updated to: 50
Max suppression time updated to: 50
Max suppression time updated to: 50
Received update: /ndn/lv-site/lv/svs_core/lv=5, 1741715633734
Max suppression time updated to: 50
Received update: /ndn/gr-site/gr/svs_core/gr=5, 1741715633754
Max suppression time updated to: 50
Max suppression time updated to: 50
Max suppression time updated to: 50
Max suppression time updated to: 50
Max suppression time updated to: 50
Max suppression time updated to: 50
Received update: /ndn/lu-site/lu/svs_core/lu=5, 1741715636140
Max suppression time updated to: 50
Received update: /ndn/bg-site/bg/svs_core/bg=5, 1741715637131
Published sequence number: /ndn/ro-site/ro/svs_core/ro=5, 1741715637153
Sending Sync interest
Max suppression time updated to: 50
Received update: /ndn/tr-site/tr/svs_core/tr=6, 1741715639780
Max suppression time updated to: 50
Received update: /ndn/be-site/be/svs_core/be=5, 1741715639826
Sending Sync interest
Max suppression time updated to: 50
Received update: /ndn/am-site/am/svs_core/am=5, 1741715639880
Max suppression time updated to: 50
Received update: /ndn/no-site/no/svs_core/no=5, 1741715639894
Max suppression time updated to: 50
Sending Sync interest
Max suppression time updated to: 50
Max suppression time updated to: 50
Max suppression time updated to: 50
Max suppression time updated to: 50
Max suppression time updated to: 50
Max suppression time updated to: 50
Max suppression time updated to: 50
Max suppression time updated to: 50
Max suppression time updated to: 50
Max suppression time updated to: 50
Received update: /ndn/me-site/me/svs_core/me=6, 1741715642202
Max suppression time updated to: 50
Received update: /ndn/fr1-site/fr1/svs_core/fr1=6, 1741715645961
Max suppression time updated to: 50
Received update: /ndn/md-site/md/svs_core/md=6, 1741715648227
Max suppression time updated to: 50
Received update: /ndn/pt-site/pt/svs_core/pt=6, 1741715649720
Max suppression time updated to: 50
Received update: /ndn/is-site/is/svs_core/is=6, 1741715649754
Max suppression time updated to: 50
Received update: /ndn/mt-site/mt/svs_core/mt=6, 1741715649874
Max suppression time updated to: 50
Received update: /ndn/de1-site/de1/svs_core/de1=6, 1741715649956
Max suppression time updated to: 50
Max suppression time updated to: 50
Max suppression time updated to: 50
Received update: /ndn/az-site/az/svs_core/az=6, 1741715649989
Max suppression time updated to: 50
Max suppression time updated to: 50
Sending Sync interest
Max suppression time updated to: 50
Max suppression time updated to: 50
Max suppression time updated to: 50
Max suppression time updated to: 50
Max suppression time updated to: 50
Max suppression time updated to: 50
Received update: /ndn/fi-site/fi/svs_core/fi=6, 1741715650153
Max suppression time updated to: 50
Max suppression time updated to: 50
Received update: /ndn/lt-site/lt/svs_core/lt=5, 1741715651729
Received update: /ndn/rs-site/rs/svs_core/rs=6, 1741715651729
Max suppression time updated to: 50
Received update: /ndn/de2-site/de2/svs_core/de2=6, 1741715657741
Max suppression time updated to: 50
Received update: /ndn/at-site/at/svs_core/at=6, 1741715658250
Max suppression time updated to: 50
Received update: /ndn/pl-site/pl/svs_core/pl=6, 1741715658317
Max suppression time updated to: 50
Max suppression time updated to: 50
Max suppression time updated to: 50
Received update: /ndn/si-site/si/svs_core/si=6, 1741715660622
Max suppression time updated to: 51
Received update: /ndn/ie-site/ie/svs_core/ie=6, 1741715661364
Max suppression time updated to: 51
Max suppression time updated to: 51
Received update: /ndn/ge-site/ge/svs_core/ge=6, 1741715661401
Max suppression time updated to: 51
Received update: /ndn/uk-site/uk/svs_core/uk=6, 1741715663765
Max suppression time updated to: 51
Received update: /ndn/hu-site/hu/svs_core/hu=6, 1741715663805
Max suppression time updated to: 51
Received update: /ndn/il-site/il/svs_core/il=6, 1741715663814
Max suppression time updated to: 51
Max suppression time updated to: 51
Received update: /ndn/by-site/by/svs_core/by=6, 1741715663951
Max suppression time updated to: 51
Max suppression time updated to: 51
Max suppression time updated to: 51
Max suppression time updated to: 51
Received update: /ndn/dk-site/dk/svs_core/dk=6, 1741715665525
Max suppression time updated to: 51
Received update: /ndn/ch-site/ch/svs_core/ch=6, 1741715665559
Max suppression time updated to: 51
Received update: /ndn/lt-site/lt/svs_core/lt=6, 1741715665656
Max suppression time updated to: 51
Received update: /ndn/cy-site/cy/svs_core/cy=6, 1741715665826
Max suppression time updated to: 51
Max suppression time updated to: 51
Max suppression time updated to: 51
Max suppression time updated to: 51
Received update: /ndn/mk-site/mk/svs_core/mk=6, 1741715668967
Max suppression time updated to: 51
Received update: /ndn/nl-site/nl/svs_core/nl=6, 1741715669779
Max suppression time updated to: 51
Received update: /ndn/ee-site/ee/svs_core/ee=6, 1741715672084
Max suppression time updated to: 51
Received update: /ndn/es-site/es/svs_core/es=6, 1741715674215
Received update: /ndn/se-site/se/svs_core/se=6, 1741715674215
Max suppression time updated to: 51
Max suppression time updated to: 51
Received update: /ndn/ua-site/ua/svs_core/ua=6, 1741715674254
Max suppression time updated to: 51
Received update: /ndn/al-site/al/svs_core/al=6, 1741715675482
Max suppression time updated to: 51
Received update: /ndn/cz-site/cz/svs_core/cz=6, 1741715676161
Max suppression time updated to: 50
Received update: /ndn/fr2-site/fr2/svs_core/fr2=6, 1741715676430
Sending Sync interest
Max suppression time updated to: 50
Max suppression time updated to: 50
Max suppression time updated to: 50
Max suppression time updated to: 51
Max suppression time updated to: 51
Max suppression time updated to: 50
Received update: /ndn/it-site/it/svs_core/it=6, 1741715677899
Received update: /ndn/sk-site/sk/svs_core/sk=6, 1741715677899
Max suppression time updated to: 51
Received update: /ndn/gr-site/gr/svs_core/gr=6, 1741715678292
Max suppression time updated to: 51
Received update: /ndn/hr-site/hr/svs_core/hr=6, 1741715678633
Received update: /ndn/lv-site/lv/svs_core/lv=6, 1741715678633
Max suppression time updated to: 51
Received update: /ndn/lu-site/lu/svs_core/lu=6, 1741715681139
Published sequence number: /ndn/ro-site/ro/svs_core/ro=6, 1741715682155
Sending Sync interest
Max suppression time updated to: 51
Received update: /ndn/am-site/am/svs_core/am=6, 1741715682619
Received update: /ndn/be-site/be/svs_core/be=6, 1741715682619
Received update: /ndn/bg-site/bg/svs_core/bg=6, 1741715682619
Sending Sync interest
Max suppression time updated to: 51
Received update: /ndn/no-site/no/svs_core/no=6, 1741715684216
Sending Sync interest
Max suppression time updated to: 51
Received update: /ndn/fi-site/fi/svs_core/fi=7, 1741715690151
Max suppression time updated to: 51
Received update: /ndn/md-site/md/svs_core/md=7, 1741715693231
Max suppression time updated to: 51
Received update: /ndn/tr-site/tr/svs_core/tr=7, 1741715693303
Max suppression time updated to: 51
Received update: /ndn/mt-site/mt/svs_core/mt=7, 1741715693321
Max suppression time updated to: 51
Max suppression time updated to: 51
Max suppression time updated to: 51
Max suppression time updated to: 51
Max suppression time updated to: 51
Received update: /ndn/az-site/az/svs_core/az=7, 1741715693412
Received update: /ndn/fr1-site/fr1/svs_core/fr1=7, 1741715693412
Max suppression time updated to: 51
Max suppression time updated to: 51
Max suppression time updated to: 50
Received update: /ndn/me-site/me/svs_core/me=7, 1741715693470
Max suppression time updated to: 50
Max suppression time updated to: 50
Max suppression time updated to: 50
Max suppression time updated to: 49
Sending Sync interest
Max suppression time updated to: 49
Max suppression time updated to: 50
Max suppression time updated to: 50
Max suppression time updated to: 50
Received update: /ndn/pt-site/pt/svs_core/pt=7, 1741715694722
Max suppression time updated to: 50
Received update: /ndn/is-site/is/svs_core/is=7, 1741715694914
Received update: /ndn/de1-site/de1/svs_core/de1=7, 1741715694914
Max suppression time updated to: 50
Received update: /ndn/rs-site/rs/svs_core/rs=7, 1741715696380
Sending Sync interest
Max suppression time updated to: 50
Max suppression time updated to: 50
Max suppression time updated to: 50
Max suppression time updated to: 50
Max suppression time updated to: 50
Max suppression time updated to: 50
Max suppression time updated to: 50
Max suppression time updated to: 50
Max suppression time updated to: 50
Max suppression time updated to: 50
Max suppression time updated to: 50
Max suppression time updated to: 50
Max suppression time updated to: 50
Max suppression time updated to: 50
Max suppression time updated to: 50
Max suppression time updated to: 50
Max suppression time updated to: 50
Received update: /ndn/pl-site/pl/svs_core/pl=7, 1741715702808
Max suppression time updated to: 50
Received update: /ndn/de2-site/de2/svs_core/de2=7, 1741715702863
Max suppression time updated to: 50
Received update: /ndn/at-site/at/svs_core/at=7, 1741715706311
Received update: /ndn/ge-site/ge/svs_core/ge=7, 1741715706311
Max suppression time updated to: 50
Received update: /ndn/si-site/si/svs_core/si=7, 1741715706336
Max suppression time updated to: 50
Max suppression time updated to: 49
Received update: /ndn/ie-site/ie/svs_core/ie=7, 1741715706374
Max suppression time updated to: 49
Max suppression time updated to: 49
Max suppression time updated to: 49
Max suppression time updated to: 49
Max suppression time updated to: 49
Received update: /ndn/by-site/by/svs_core/by=7, 1741715707203
Received update: /ndn/hu-site/hu/svs_core/hu=7, 1741715707203
Max suppression time updated to: 50
Received update: /ndn/uk-site/uk/svs_core/uk=7, 1741715708750
Max suppression time updated to: 50
Received update: /ndn/ch-site/ch/svs_core/ch=7, 1741715710385
Max suppression time updated to: 50
Received update: /ndn/il-site/il/svs_core/il=7, 1741715710481
Max suppression time updated to: 50
Received update: /ndn/cy-site/cy/svs_core/cy=7, 1741715710830
Max suppression time updated to: 50
Received update: /ndn/lt-site/lt/svs_core/lt=7, 1741715710925
Max suppression time updated to: 50
Received update: /ndn/dk-site/dk/svs_core/dk=7, 1741715710947
Max suppression time updated to: 50
Max suppression time updated to: 50
Max suppression time updated to: 50
Max suppression time updated to: 49
Received update: /ndn/nl-site/nl/svs_core/nl=7, 1741715714662
Max suppression time updated to: 50
Received update: /ndn/es-site/es/svs_core/es=7, 1741715716872
Max suppression time updated to: 50
Received update: /ndn/mk-site/mk/svs_core/mk=7, 1741715716887
Max suppression time updated to: 50
Max suppression time updated to: 50
Max suppression time updated to: 50
Max suppression time updated to: 50
Max suppression time updated to: 50
Max suppression time updated to: 50
Max suppression time updated to: 50
Received update: /ndn/ua-site/ua/svs_core/ua=7, 1741715716974
Max suppression time updated to: 50
Received update: /ndn/fr2-site/fr2/svs_core/fr2=7, 1741715721439
Max suppression time updated to: 50
Received update: /ndn/al-site/al/svs_core/al=7, 1741715721511
Max suppression time updated to: 50
Received update: /ndn/se-site/se/svs_core/se=7, 1741715721567
Max suppression time updated to: 50
Max suppression time updated to: 50
Received update: /ndn/cz-site/cz/svs_core/cz=7, 1741715721590
Max suppression time updated to: 50
Max suppression time updated to: 50
Received update: /ndn/it-site/it/svs_core/it=7, 1741715721710
Max suppression time updated to: 50
Received update: /ndn/ee-site/ee/svs_core/ee=7, 1741715721712
Max suppression time updated to: 50
Max suppression time updated to: 50
Max suppression time updated to: 49
Max suppression time updated to: 50
Max suppression time updated to: 50
Max suppression time updated to: 49
Max suppression time updated to: 49
Max suppression time updated to: 49
Max suppression time updated to: 49
Max suppression time updated to: 49
Received update: /ndn/gr-site/gr/svs_core/gr=7, 1741715723281
Max suppression time updated to: 49
Received update: /ndn/sk-site/sk/svs_core/sk=7, 1741715723343
Max suppression time updated to: 49
Received update: /ndn/hr-site/hr/svs_core/hr=7, 1741715723561
Max suppression time updated to: 49
Received update: /ndn/be-site/be/svs_core/be=7, 1741715725427
Max suppression time updated to: 49
Received update: /ndn/lv-site/lv/svs_core/lv=7, 1741715725523
Max suppression time updated to: 49
Received update: /ndn/bg-site/bg/svs_core/bg=7, 1741715727137
Published sequence number: /ndn/ro-site/ro/svs_core/ro=7, 1741715727155
Sending Sync interest
Max suppression time updated to: 49
Received update: /ndn/am-site/am/svs_core/am=7, 1741715727507
Sending Sync interest
Max suppression time updated to: 49
Received update: /ndn/lu-site/lu/svs_core/lu=7, 1741715727546
Sending Sync interest
Max suppression time updated to: 49
Max suppression time updated to: 49
Max suppression time updated to: 49
Max suppression time updated to: 49
Received update: /ndn/tr-site/tr/svs_core/tr=8, 1741715729791
Max suppression time updated to: 49
Received update: /ndn/fi-site/fi/svs_core/fi=8, 1741715735172
Max suppression time updated to: 49
Max suppression time updated to: 49
Received update: /ndn/no-site/no/svs_core/no=7, 1741715735195
Max suppression time updated to: 49
Max suppression time updated to: 49
Max suppression time updated to: 49
Received update: /ndn/me-site/me/svs_core/me=8, 1741715735262
Max suppression time updated to: 49
Received update: /ndn/mt-site/mt/svs_core/mt=8, 1741715735909
Max suppression time updated to: 49
Max suppression time updated to: 49
Max suppression time updated to: 49
Max suppression time updated to: 49
Max suppression time updated to: 49
Max suppression time updated to: 49
Received update: /ndn/fr1-site/fr1/svs_core/fr1=8, 1741715735958
Max suppression time updated to: 49
Received update: /ndn/md-site/md/svs_core/md=8, 1741715738239
Max suppression time updated to: 49
Received update: /ndn/az-site/az/svs_core/az=8, 1741715738362
Max suppression time updated to: 49
Received update: /ndn/pt-site/pt/svs_core/pt=8, 1741715739741
Max suppression time updated to: 49
Received update: /ndn/pl-site/pl/svs_core/pl=8, 1741715747809
Max suppression time updated to: 48
Received update: /ndn/de1-site/de1/svs_core/de1=8, 1741715747831
Received update: /ndn/de2-site/de2/svs_core/de2=8, 1741715747831
Max suppression time updated to: 48
Received update: /ndn/rs-site/rs/svs_core/rs=8, 1741715747866
Max suppression time updated to: 48
Max suppression time updated to: 49
Max suppression time updated to: 49
Max suppression time updated to: 49
Max suppression time updated to: 49
Max suppression time updated to: 48
Max suppression time updated to: 48
Max suppression time updated to: 48
Max suppression time updated to: 48
Max suppression time updated to: 48
Max suppression time updated to: 48
Max suppression time updated to: 48
Received update: /ndn/is-site/is/svs_core/is=8, 1741715748009
Max suppression time updated to: 48
Max suppression time updated to: 48
Max suppression time updated to: 49
Max suppression time updated to: 49
Received update: /ndn/at-site/at/svs_core/at=8, 1741715749483
Max suppression time updated to: 49
Max suppression time updated to: 49
Max suppression time updated to: 49
Max suppression time updated to: 49
Max suppression time updated to: 49
Max suppression time updated to: 49
Max suppression time updated to: 49
Max suppression time updated to: 49
Max suppression time updated to: 49
Max suppression time updated to: 49
Max suppression time updated to: 49
Received update: /ndn/si-site/si/svs_core/si=8, 1741715750662
Max suppression time updated to: 49
Received update: /ndn/ge-site/ge/svs_core/ge=8, 1741715751277
Max suppression time updated to: 49
Max suppression time updated to: 49
Max suppression time updated to: 49
Max suppression time updated to: 49
Max suppression time updated to: 49
Max suppression time updated to: 49
Max suppression time updated to: 49
Max suppression time updated to: 49
Max suppression time updated to: 49
Max suppression time updated to: 49
Received update: /ndn/ie-site/ie/svs_core/ie=8, 1741715751471
Max suppression time updated to: 49
Received update: /ndn/hu-site/hu/svs_core/hu=8, 1741715752041
Max suppression time updated to: 49
Received update: /ndn/ch-site/ch/svs_core/ch=8, 1741715755387
Max suppression time updated to: 49
Max suppression time updated to: 49
Max suppression time updated to: 49
Max suppression time updated to: 49
Received update: /ndn/uk-site/uk/svs_core/uk=8, 1741715755473
Max suppression time updated to: 49
Received update: /ndn/by-site/by/svs_core/by=8, 1741715755495
Max suppression time updated to: 49
Received update: /ndn/dk-site/dk/svs_core/dk=8, 1741715755538
Received update: /ndn/il-site/il/svs_core/il=8, 1741715755538
Max suppression time updated to: 49
Max suppression time updated to: 49
Max suppression time updated to: 49
Max suppression time updated to: 49
Received update: /ndn/cy-site/cy/svs_core/cy=8, 1741715755846
Max suppression time updated to: 49
Received update: /ndn/mk-site/mk/svs_core/mk=8, 1741715758979
Max suppression time updated to: 49
Max suppression time updated to: 49
Max suppression time updated to: 49
Received update: /ndn/lt-site/lt/svs_core/lt=8, 1741715759176
Max suppression time updated to: 49
Received update: /ndn/ua-site/ua/svs_core/ua=8, 1741715760379
Max suppression time updated to: 49
Max suppression time updated to: 49
Max suppression time updated to: 48
Max suppression time updated to: 48
Max suppression time updated to: 48
Max suppression time updated to: 48
Max suppression time updated to: 48
Max suppression time updated to: 48
Max suppression time updated to: 48
Received update: /ndn/nl-site/nl/svs_core/nl=8, 1741715760555
Max suppression time updated to: 48
Received update: /ndn/ee-site/ee/svs_core/ee=8, 1741715762174
Received update: /ndn/es-site/es/svs_core/es=8, 1741715762174
Max suppression time updated to: 48
Received update: /ndn/se-site/se/svs_core/se=8, 1741715764198
Max suppression time updated to: 48
Received update: /ndn/al-site/al/svs_core/al=8, 1741715765442
Max suppression time updated to: 48
Max suppression time updated to: 48
Max suppression time updated to: 48
Sending Sync interest
Max suppression time updated to: 48
Max suppression time updated to: 48
Max suppression time updated to: 48
Max suppression time updated to: 48
Received update: /ndn/cz-site/cz/svs_core/cz=8, 1741715766166
Max suppression time updated to: 48
Received update: /ndn/it-site/it/svs_core/it=8, 1741715766702
Max suppression time updated to: 48
Received update: /ndn/sk-site/sk/svs_core/sk=8, 1741715767893
Max suppression time updated to: 48
Received update: /ndn/lv-site/lv/svs_core/lv=8, 1741715768578
Max suppression time updated to: 48
Received update: /ndn/fr2-site/fr2/svs_core/fr2=8, 1741715768600
Max suppression time updated to: 48
Max suppression time updated to: 48
Max suppression time updated to: 48
Received update: /ndn/hr-site/hr/svs_core/hr=8, 1741715768628
Max suppression time updated to: 48
Max suppression time updated to: 48
Max suppression time updated to: 48
Max suppression time updated to: 48
Max suppression time updated to: 48
Received update: /ndn/gr-site/gr/svs_core/gr=8, 1741715768781
Max suppression time updated to: 48
Received update: /ndn/lu-site/lu/svs_core/lu=8, 1741715771124
Max suppression time updated to: 48
Received update: /ndn/be-site/be/svs_core/be=8, 1741715771182
Max suppression time updated to: 48
Max suppression time updated to: 48
Received update: /ndn/bg-site/bg/svs_core/bg=8, 1741715772138
Published sequence number: /ndn/ro-site/ro/svs_core/ro=8, 1741715772157
Sending Sync interest
Max suppression time updated to: 49
Received update: /ndn/fi-site/fi/svs_core/fi=9, 1741715780172
Received update: /ndn/no-site/no/svs_core/no=8, 1741715780172
Max suppression time updated to: 49
Received update: /ndn/tr-site/tr/svs_core/tr=9, 1741715780207
Sending Sync interest
Max suppression time updated to: 49
Received update: /ndn/me-site/me/svs_core/me=9, 1741715780248
Max suppression time updated to: 49
Max suppression time updated to: 49
Max suppression time updated to: 49
Max suppression time updated to: 49
Max suppression time updated to: 49
Received update: /ndn/am-site/am/svs_core/am=8, 1741715780368
Max suppression time updated to: 49
Max suppression time updated to: 49
Max suppression time updated to: 49
Received update: /ndn/mt-site/mt/svs_core/mt=9, 1741715780882
Max suppression time updated to: 49
Received update: /ndn/fr1-site/fr1/svs_core/fr1=9, 1741715780975
Max suppression time updated to: 49
Received update: /ndn/az-site/az/svs_core/az=9, 1741715782878
Sending Sync interest
Max suppression time updated to: 49
Max suppression time updated to: 49
Max suppression time updated to: 49
Max suppression time updated to: 49
Max suppression time updated to: 49
Max suppression time updated to: 49
Max suppression time updated to: 49
Received update: /ndn/de1-site/de1/svs_core/de1=9, 1741715784960
Max suppression time updated to: 49
Received update: /ndn/md-site/md/svs_core/md=9, 1741715785050
Max suppression time updated to: 49
Received update: /ndn/rs-site/rs/svs_core/rs=9, 1741715786425
Sending Sync interest
Max suppression time updated to: 49
Received update: /ndn/is-site/is/svs_core/is=9, 1741715786567
Max suppression time updated to: 49
Sending Sync interest
Max suppression time updated to: 49
Max suppression time updated to: 49
Max suppression time updated to: 49
Received update: /ndn/pt-site/pt/svs_core/pt=9, 1741715786707
Max suppression time updated to: 49
Received update: /ndn/at-site/at/svs_core/at=9, 1741715793254
Max suppression time updated to: 49
Received update: /ndn/de2-site/de2/svs_core/de2=9, 1741715793312
Max suppression time updated to: 49
Received update: /ndn/pl-site/pl/svs_core/pl=9, 1741715793335
Max suppression time updated to: 49
Received update: /ndn/si-site/si/svs_core/si=9, 1741715795643
Max suppression time updated to: 49
Received update: /ndn/ge-site/ge/svs_core/ge=9, 1741715796242
Max suppression time updated to: 49
Received update: /ndn/hu-site/hu/svs_core/hu=9, 1741715797049
Max suppression time updated to: 49
Received update: /ndn/ie-site/ie/svs_core/ie=9, 1741715797175
Max suppression time updated to: 49
Max suppression time updated to: 49
Received update: /ndn/il-site/il/svs_core/il=9, 1741715798275
Max suppression time updated to: 48
Received update: /ndn/uk-site/uk/svs_core/uk=9, 1741715798728
Max suppression time updated to: 48
Received update: /ndn/dk-site/dk/svs_core/dk=9, 1741715800532
Max suppression time updated to: 48
Received update: /ndn/ch-site/ch/svs_core/ch=9, 1741715800624
Max suppression time updated to: 48
Received update: /ndn/by-site/by/svs_core/by=9, 1741715800662
Received update: /ndn/lt-site/lt/svs_core/lt=9, 1741715800662
Max suppression time updated to: 48
Max suppression time updated to: 48
Max suppression time updated to: 48
Max suppression time updated to: 48
Received update: /ndn/mk-site/mk/svs_core/mk=9, 1741715804669
Received update: /ndn/nl-site/nl/svs_core/nl=9, 1741715804669
Max suppression time updated to: 48
Received update: /ndn/ua-site/ua/svs_core/ua=9, 1741715805365
Max suppression time updated to: 48
Max suppression time updated to: 48
Max suppression time updated to: 48
Received update: /ndn/cy-site/cy/svs_core/cy=9, 1741715805463
Max suppression time updated to: 48
Max suppression time updated to: 48
Max suppression time updated to: 48
Received update: /ndn/es-site/es/svs_core/es=9, 1741715806890
Max suppression time updated to: 49
Received update: /ndn/ee-site/ee/svs_core/ee=9, 1741715807128
Max suppression time updated to: 49
Max suppression time updated to: 48
Max suppression time updated to: 48
Max suppression time updated to: 49
Received update: /ndn/se-site/se/svs_core/se=9, 1741715809220
Max suppression time updated to: 49
Received update: /ndn/cz-site/cz/svs_core/cz=9, 1741715811156
Max suppression time updated to: 49
Received update: /ndn/it-site/it/svs_core/it=9, 1741715811700
Max suppression time updated to: 49
Received update: /ndn/sk-site/sk/svs_core/sk=9, 1741715812956
Max suppression time updated to: 49
Max suppression time updated to: 49
Max suppression time updated to: 49
Received update: /ndn/fr2-site/fr2/svs_core/fr2=9, 1741715813133
Max suppression time updated to: 49
Received update: /ndn/gr-site/gr/svs_core/gr=9, 1741715813282
Max suppression time updated to: 49
Received update: /ndn/al-site/al/svs_core/al=9, 1741715817147
Received update: /ndn/bg-site/bg/svs_core/bg=9, 1741715817147
Received update: /ndn/hr-site/hr/svs_core/hr=9, 1741715817147
Published sequence number: /ndn/ro-site/ro/svs_core/ro=9, 1741715817160
Sending Sync interest
Max suppression time updated to: 48
Received update: /ndn/lu-site/lu/svs_core/lu=9, 1741715817275
Sending Sync interest
Max suppression time updated to: 48
Max suppression time updated to: 48
Received update: /ndn/be-site/be/svs_core/be=9, 1741715817353
Max suppression time updated to: 48
Max suppression time updated to: 48
Max suppression time updated to: 48
Max suppression time updated to: 48
Max suppression time updated to: 48
Max suppression time updated to: 48
Max suppression time updated to: 48
Max suppression time updated to: 48
Received update: /ndn/lv-site/lv/svs_core/lv=9, 1741715817506
Max suppression time updated to: 48
Max suppression time updated to: 48
Max suppression time updated to: 48
Max suppression time updated to: 48
Max suppression time updated to: 48
Received update: /ndn/me-site/me/svs_core/me=10, 1741715822251
Max suppression time updated to: 48
Received update: /ndn/mt-site/mt/svs_core/mt=10, 1741715825873
Max suppression time updated to: 48
Received update: /ndn/az-site/az/svs_core/az=10, 1741715827875
Received update: /ndn/fr1-site/fr1/svs_core/fr1=10, 1741715827875
Max suppression time updated to: 48
Received update: /ndn/md-site/md/svs_core/md=10, 1741715828237
Max suppression time updated to: 48
Received update: /ndn/no-site/no/svs_core/no=9, 1741715828464
Max suppression time updated to: 48
Received update: /ndn/pt-site/pt/svs_core/pt=10, 1741715829717
Max suppression time updated to: 48
Received update: /ndn/is-site/is/svs_core/is=10, 1741715829769
Max suppression time updated to: 48
Received update: /ndn/am-site/am/svs_core/am=9, 1741715829926
Received update: /ndn/de1-site/de1/svs_core/de1=10, 1741715829926
Max suppression time updated to: 48
Received update: /ndn/rs-site/rs/svs_core/rs=10, 1741715831396
Max suppression time updated to: 48
Received update: /ndn/at-site/at/svs_core/at=10, 1741715838306
Received update: /ndn/de2-site/de2/svs_core/de2=10, 1741715838306
Max suppression time updated to: 48
Received update: /ndn/fi-site/fi/svs_core/fi=10, 1741715838393
Max suppression time updated to: 48
Max suppression time updated to: 48
Received update: /ndn/pl-site/pl/svs_core/pl=10, 1741715838421
Max suppression time updated to: 48
Max suppression time updated to: 48
Max suppression time updated to: 48
Max suppression time updated to: 48
Max suppression time updated to: 48
Max suppression time updated to: 48
Max suppression time updated to: 48
Max suppression time updated to: 48
Max suppression time updated to: 48
Max suppression time updated to: 48
Received update: /ndn/ge-site/ge/svs_core/ge=10, 1741715841337
Received update: /ndn/si-site/si/svs_core/si=10, 1741715841337
Max suppression time updated to: 48
Received update: /ndn/hu-site/hu/svs_core/hu=10, 1741715842056
Max suppression time updated to: 48
Received update: /ndn/by-site/by/svs_core/by=10, 1741715842214
Max suppression time updated to: 48
Received update: /ndn/ie-site/ie/svs_core/ie=10, 1741715842339
Max suppression time updated to: 49
Received update: /ndn/il-site/il/svs_core/il=10, 1741715843318
Max suppression time updated to: 49
Received update: /ndn/uk-site/uk/svs_core/uk=10, 1741715843753
Max suppression time updated to: 49
Received update: /ndn/ch-site/ch/svs_core/ch=10, 1741715845384
Max suppression time updated to: 49
Received update: /ndn/dk-site/dk/svs_core/dk=10, 1741715845487
Max suppression time updated to: 49
Received update: /ndn/lt-site/lt/svs_core/lt=10, 1741715845658
Max suppression time updated to: 49
Received update: /ndn/mk-site/mk/svs_core/mk=10, 1741715848990
Max suppression time updated to: 49
Received update: /ndn/cy-site/cy/svs_core/cy=10, 1741715849697
Received update: /ndn/nl-site/nl/svs_core/nl=10, 1741715849697
Max suppression time updated to: 49
Received update: /ndn/ee-site/ee/svs_core/ee=10, 1741715852104
Received update: /ndn/tr-site/tr/svs_core/tr=10, 1741715852104
Max suppression time updated to: 49
Received update: /ndn/ua-site/ua/svs_core/ua=10, 1741715852182
Max suppression time updated to: 49
Received update: /ndn/es-site/es/svs_core/es=10, 1741715852184
Max suppression time updated to: 49
Max suppression time updated to: 49
Max suppression time updated to: 49
Max suppression time updated to: 49
Max suppression time updated to: 49
Max suppression time updated to: 49
Received update: /ndn/al-site/al/svs_core/al=10, 1741715855419
Max suppression time updated to: 49
Received update: /ndn/cz-site/cz/svs_core/cz=10, 1741715856171
Max suppression time updated to: 49
Received update: /ndn/se-site/se/svs_core/se=10, 1741715856314
Max suppression time updated to: 49
Received update: /ndn/it-site/it/svs_core/it=10, 1741715856727
Received update: /ndn/fr2-site/fr2/svs_core/fr2=10, 1741715856727
Max suppression time updated to: 49
Received update: /ndn/gr-site/gr/svs_core/gr=10, 1741715858604
Received update: /ndn/hr-site/hr/svs_core/hr=10, 1741715858604
Max suppression time updated to: 49
Received update: /ndn/lv-site/lv/svs_core/lv=10, 1741715858625
Max suppression time updated to: 49
Max suppression time updated to: 49
Max suppression time updated to: 49
Received update: /ndn/sk-site/sk/svs_core/sk=10, 1741715858714
Max suppression time updated to: 49
Max suppression time updated to: 49
Max suppression time updated to: 49
Max suppression time updated to: 49
Max suppression time updated to: 49
Max suppression time updated to: 50
Max suppression time updated to: 50
Max suppression time updated to: 49
Received update: /ndn/be-site/be/svs_core/be=10, 1741715860425
Published sequence number: /ndn/ro-site/ro/svs_core/ro=10, 1741715862162
Sending Sync interest
Max suppression time updated to: 50
Received update: /ndn/bg-site/bg/svs_core/bg=10, 1741715862185
Max suppression time updated to: 50
Received update: /ndn/lu-site/lu/svs_core/lu=10, 1741715862213
Max suppression time updated to: 50
Sending Sync interest
Max suppression time updated to: 49
Sending Sync interest
Max suppression time updated to: 49
Max suppression time updated to: 50
Received update: /ndn/tr-site/tr/svs_core/tr=11, 1741715864842
Max suppression time updated to: 50
Received update: /ndn/am-site/am/svs_core/am=10, 1741715867269
Received update: /ndn/me-site/me/svs_core/me=11, 1741715867269
Max suppression time updated to: 50
Max suppression time updated to: 50
Max suppression time updated to: 50
Max suppression time updated to: 50
Max suppression time updated to: 50
Max suppression time updated to: 49
Max suppression time updated to: 49
Max suppression time updated to: 49
Max suppression time updated to: 49
Received update: /ndn/no-site/no/svs_core/no=10, 1741715867520
Max suppression time updated to: 49
Received update: /ndn/fr1-site/fr1/svs_core/fr1=11, 1741715870994
Max suppression time updated to: 49
Received update: /ndn/fi-site/fi/svs_core/fi=11, 1741715871127
Max suppression time updated to: 49
Received update: /ndn/md-site/md/svs_core/md=11, 1741715873244
Max suppression time updated to: 49
Received update: /ndn/az-site/az/svs_core/az=11, 1741715874735
Received update: /ndn/pt-site/pt/svs_core/pt=11, 1741715874735
Max suppression time updated to: 49
Received update: /ndn/is-site/is/svs_core/is=11, 1741715874803
Max suppression time updated to: 49
Max suppression time updated to: 49
Max suppression time updated to: 49
Max suppression time updated to: 49
Max suppression time updated to: 49
Received update: /ndn/mt-site/mt/svs_core/mt=11, 1741715874918
Max suppression time updated to: 49
Received update: /ndn/de1-site/de1/svs_core/de1=11, 1741715874923
Max suppression time updated to: 49
Received update: /ndn/rs-site/rs/svs_core/rs=11, 1741715876404
Max suppression time updated to: 49
Received update: /ndn/pl-site/pl/svs_core/pl=11, 1741715882838
Max suppression time updated to: 49
Received update: /ndn/at-site/at/svs_core/at=11, 1741715885646
Received update: /ndn/si-site/si/svs_core/si=11, 1741715885646
Received update: /ndn/de2-site/de2/svs_core/de2=11, 1741715885646
Max suppression time updated to: 49
Received update: /ndn/ie-site/ie/svs_core/ie=11, 1741715886285
Max suppression time updated to: 49
Received update: /ndn/ge-site/ge/svs_core/ge=11, 1741715886296
Max suppression time updated to: 49
Max suppression time updated to: 49
Max suppression time updated to: 49
Max suppression time updated to: 49
Max suppression time updated to: 49
Received update: /ndn/hu-site/hu/svs_core/hu=11, 1741715887058
Max suppression time updated to: 49
Received update: /ndn/il-site/il/svs_core/il=11, 1741715888304
Max suppression time updated to: 49
Received update: /ndn/uk-site/uk/svs_core/uk=11, 1741715888741
Max suppression time updated to: 49
Received update: /ndn/by-site/by/svs_core/by=11, 1741715888850
Max suppression time updated to: 49
Received update: /ndn/ch-site/ch/svs_core/ch=11, 1741715890417
Max suppression time updated to: 49
Received update: /ndn/cy-site/cy/svs_core/cy=11, 1741715890903
Max suppression time updated to: 49
Received update: /ndn/lt-site/lt/svs_core/lt=11, 1741715891004
Max suppression time updated to: 49
Max suppression time updated to: 49
Received update: /ndn/dk-site/dk/svs_core/dk=11, 1741715892157
Max suppression time updated to: 49
Max suppression time updated to: 49
Max suppression time updated to: 49
Max suppression time updated to: 50
Received update: /ndn/mk-site/mk/svs_core/mk=11, 1741715894011
Max suppression time updated to: 50
Received update: /ndn/nl-site/nl/svs_core/nl=11, 1741715894682
Max suppression time updated to: 50
Received update: /ndn/se-site/se/svs_core/se=11, 1741715899189
Max suppression time updated to: 50
Received update: /ndn/es-site/es/svs_core/es=11, 1741715899224
Max suppression time updated to: 50
Max suppression time updated to: 50
Max suppression time updated to: 50
Max suppression time updated to: 50
Max suppression time updated to: 50
Max suppression time updated to: 50
Received update: /ndn/ua-site/ua/svs_core/ua=11, 1741715899281
Max suppression time updated to: 50
Max suppression time updated to: 50
Received update: /ndn/ee-site/ee/svs_core/ee=11, 1741715899331
Max suppression time updated to: 50
Max suppression time updated to: 50
Max suppression time updated to: 50
Max suppression time updated to: 50
Max suppression time updated to: 50
Max suppression time updated to: 50
Max suppression time updated to: 50
Max suppression time updated to: 50
Received update: /ndn/al-site/al/svs_core/al=11, 1741715900430
Max suppression time updated to: 50
Received update: /ndn/cz-site/cz/svs_core/cz=11, 1741715901200
Max suppression time updated to: 50
Received update: /ndn/fr2-site/fr2/svs_core/fr2=11, 1741715901449
Max suppression time updated to: 50
Received update: /ndn/it-site/it/svs_core/it=11, 1741715901721
Max suppression time updated to: 50
Received update: /ndn/sk-site/sk/svs_core/sk=11, 1741715902916
Max suppression time updated to: 50
Received update: /ndn/gr-site/gr/svs_core/gr=11, 1741715903321
Max suppression time updated to: 50
Received update: /ndn/hr-site/hr/svs_core/hr=11, 1741715903551
Max suppression time updated to: 50
Received update: /ndn/lv-site/lv/svs_core/lv=11, 1741715903597
Max suppression time updated to: 50
Max suppression time updated to: 50
Max suppression time updated to: 50
Max suppression time updated to: 50
Max suppression time updated to: 50
Max suppression time updated to: 50
Max suppression time updated to: 50
Max suppression time updated to: 50
Max suppression time updated to: 50
Received update: /ndn/lu-site/lu/svs_core/lu=11, 1741715906134
Max suppression time updated to: 50
Received update: /ndn/be-site/be/svs_core/be=11, 1741715906192
Max suppression time updated to: 50
Max suppression time updated to: 50
Published sequence number: /ndn/ro-site/ro/svs_core/ro=11, 1741715907166
Max suppression time updated to: 50
Received update: /ndn/bg-site/bg/svs_core/bg=11, 1741715907212
Max suppression time updated to: 50
Received update: /ndn/am-site/am/svs_core/am=11, 1741715907513
Sending Sync interest
Max suppression time updated to: 50
Max suppression time updated to: 50
Max suppression time updated to: 50
Max suppression time updated to: 50
Max suppression time updated to: 50
Max suppression time updated to: 50
Sending Sync interest
Max suppression time updated to: 50
Received update: /ndn/no-site/no/svs_core/no=11, 1741715909235
Max suppression time updated to: 50
Max suppression time updated to: 50
Max suppression time updated to: 50
Max suppression time updated to: 50
Max suppression time updated to: 50
Max suppression time updated to: 50
Received update: /ndn/tr-site/tr/svs_core/tr=12, 1741715909867
Max suppression time updated to: 50
Received update: /ndn/fi-site/fi/svs_core/fi=12, 1741715915242
Received update: /ndn/me-site/me/svs_core/me=12, 1741715915242
Max suppression time updated to: 50
Max suppression time updated to: 50
Max suppression time updated to: 50
Max suppression time updated to: 50
Max suppression time updated to: 50
Max suppression time updated to: 51
Max suppression time updated to: 51
Received update: /ndn/fr1-site/fr1/svs_core/fr1=12, 1741715915979
Max suppression time updated to: 51
Received update: /ndn/mt-site/mt/svs_core/mt=12, 1741715916023
Max suppression time updated to: 51
Max suppression time updated to: 51
Max suppression time updated to: 51
Max suppression time updated to: 51
Received update: /ndn/az-site/az/svs_core/az=12, 1741715917890
Max suppression time updated to: 51
Received update: /ndn/pt-site/pt/svs_core/pt=12, 1741715919742
Max suppression time updated to: 51
Max suppression time updated to: 51
Received update: /ndn/is-site/is/svs_core/is=12, 1741715919771
Max suppression time updated to: 51
Max suppression time updated to: 51
Max suppression time updated to: 51
Max suppression time updated to: 51
Max suppression time updated to: 51
Received update: /ndn/md-site/md/svs_core/md=12, 1741715919827
Max suppression time updated to: 51
Max suppression time updated to: 51
Sending Sync interest
Max suppression time updated to: 51
Max suppression time updated to: 51
Sending Sync interest
Max suppression time updated to: 51
Sending Sync interest
Max suppression time updated to: 51
Received update: /ndn/de1-site/de1/svs_core/de1=12, 1741715920058
Max suppression time updated to: 50
Max suppression time updated to: 51
Received update: /ndn/rs-site/rs/svs_core/rs=12, 1741715921412
Sending Sync interest
Max suppression time updated to: 51
Max suppression time updated to: 50
Max suppression time updated to: 51
Max suppression time updated to: 51
Max suppression time updated to: 51
Max suppression time updated to: 51
Max suppression time updated to: 51
Max suppression time updated to: 51
Max suppression time updated to: 51
Received update: /ndn/at-site/at/svs_core/at=12, 1741715928280
Max suppression time updated to: 51
Received update: /ndn/si-site/si/svs_core/si=12, 1741715930690
Max suppression time updated to: 51
Received update: /ndn/de2-site/de2/svs_core/de2=12, 1741715930706
Max suppression time updated to: 50
Max suppression time updated to: 51
Max suppression time updated to: 51
Received update: /ndn/pl-site/pl/svs_core/pl=12, 1741715930935
Max suppression time updated to: 51
Max suppression time updated to: 51
Max suppression time updated to: 51
Received update: /ndn/ie-site/ie/svs_core/ie=12, 1741715931315
Max suppression time updated to: 51
Received update: /ndn/ge-site/ge/svs_core/ge=12, 1741715931376
Max suppression time updated to: 51
Received update: /ndn/by-site/by/svs_core/by=12, 1741715932240
Max suppression time updated to: 51
Received update: /ndn/hu-site/hu/svs_core/hu=12, 1741715932269
Max suppression time updated to: 51
Received update: /ndn/il-site/il/svs_core/il=12, 1741715933326
Max suppression time updated to: 51
Received update: /ndn/ch-site/ch/svs_core/ch=12, 1741715935414
Received update: /ndn/uk-site/uk/svs_core/uk=12, 1741715935414
Max suppression time updated to: 51
Received update: /ndn/lt-site/lt/svs_core/lt=12, 1741715935691
Max suppression time updated to: 51
Max suppression time updated to: 51
Max suppression time updated to: 51
Max suppression time updated to: 51
Max suppression time updated to: 51
Received update: /ndn/dk-site/dk/svs_core/dk=12, 1741715935825
Max suppression time updated to: 51
Max suppression time updated to: 51
Received update: /ndn/cy-site/cy/svs_core/cy=12, 1741715935965
Max suppression time updated to: 51
Max suppression time updated to: 51
Received update: /ndn/mk-site/mk/svs_core/mk=12, 1741715938997
Max suppression time updated to: 51
Received update: /ndn/es-site/es/svs_core/es=12, 1741715941902
Max suppression time updated to: 51
Max suppression time updated to: 51
Max suppression time updated to: 51
Max suppression time updated to: 51
Max suppression time updated to: 51
Max suppression time updated to: 51
Received update: /ndn/nl-site/nl/svs_core/nl=12, 1741715941959
Max suppression time updated to: 51
Received update: /ndn/ua-site/ua/svs_core/ua=12, 1741715941996
Max suppression time updated to: 52
Max suppression time updated to: 52
Max suppression time updated to: 52
Max suppression time updated to: 52
Max suppression time updated to: 52
Max suppression time updated to: 52
Max suppression time updated to: 52
Received update: /ndn/ee-site/ee/svs_core/ee=12, 1741715944231
Received update: /ndn/se-site/se/svs_core/se=12, 1741715944231
Max suppression time updated to: 52
Received update: /ndn/al-site/al/svs_core/al=12, 1741715945412
Max suppression time updated to: 52
Received update: /ndn/gr-site/gr/svs_core/gr=12, 1741715948314
Max suppression time updated to: 52
Max suppression time updated to: 52
Max suppression time updated to: 52
Received update: /ndn/cz-site/cz/svs_core/cz=12, 1741715948356
Max suppression time updated to: 52
Max suppression time updated to: 52
Max suppression time updated to: 52
Received update: /ndn/sk-site/sk/svs_core/sk=12, 1741715948362
Max suppression time updated to: 53
Max suppression time updated to: 53
Max suppression time updated to: 52
Max suppression time updated to: 52
Received update: /ndn/it-site/it/svs_core/it=12, 1741715948430
Max suppression time updated to: 52
Max suppression time updated to: 52
Max suppression time updated to: 52
Max suppression time updated to: 52
Max suppression time updated to: 52
Max suppression time updated to: 52
Max suppression time updated to: 52
Received update: /ndn/hr-site/hr/svs_core/hr=12, 1741715948551
Max suppression time updated to: 52
Max suppression time updated to: 52
Received update: /ndn/fr2-site/fr2/svs_core/fr2=12, 1741715948559
Max suppression time updated to: 52
Max suppression time updated to: 52
Sending Sync interest
Max suppression time updated to: 52
Max suppression time updated to: 52
Max suppression time updated to: 52
Received update: /ndn/lv-site/lv/svs_core/lv=12, 1741715948822
Max suppression time updated to: 52
Received update: /ndn/be-site/be/svs_core/be=12, 1741715951208
Received update: /ndn/lu-site/lu/svs_core/lu=12, 1741715951208
Max suppression time updated to: 52
Max suppression time updated to: 52
Max suppression time updated to: 52
Received update: /ndn/bg-site/bg/svs_core/bg=12, 1741715952165
Published sequence number: /ndn/ro-site/ro/svs_core/ro=12, 1741715952169
Sending Sync interest
Max suppression time updated to: 52
Received update: /ndn/tr-site/tr/svs_core/tr=13, 1741715954822
Max suppression time updated to: 52
Received update: /ndn/fr1-site/fr1/svs_core/fr1=13, 1741715960971
Sending Sync interest
Max suppression time updated to: 52
Max suppression time updated to: 52
Max suppression time updated to: 52
Max suppression time updated to: 52
Max suppression time updated to: 52
Max suppression time updated to: 52
Max suppression time updated to: 52
Max suppression time updated to: 52
Received update: /ndn/fi-site/fi/svs_core/fi=13, 1741715961092
Received update: /ndn/no-site/no/svs_core/no=12, 1741715961092
Max suppression time updated to: 52
Max suppression time updated to: 52
Max suppression time updated to: 52
Max suppression time updated to: 52
Received update: /ndn/me-site/me/svs_core/me=13, 1741715961168
Max suppression time updated to: 52
Received update: /ndn/mt-site/mt/svs_core/mt=13, 1741715961199
Max suppression time updated to: 52
Max suppression time updated to: 52
Max suppression time updated to: 52
Max suppression time updated to: 52
Max suppression time updated to: 52
Max suppression time updated to: 52
Max suppression time updated to: 52
Max suppression time updated to: 52
Max suppression time updated to: 52
Max suppression time updated to: 52
Max suppression time updated to: 52
Max suppression time updated to: 52
Max suppression time updated to: 52
Max suppression time updated to: 52
Max suppression time updated to: 52
Max suppression time updated to: 52
Max suppression time updated to: 52
Received update: /ndn/pt-site/pt/svs_core/pt=13, 1741715964743
Max suppression time updated to: 52
Received update: /ndn/is-site/is/svs_core/is=13, 1741715964775
Max suppression time updated to: 52
Max suppression time updated to: 52
Received update: /ndn/md-site/md/svs_core/md=13, 1741715964829
Sending Sync interest
Max suppression time updated to: 52
Max suppression time updated to: 52
Max suppression time updated to: 52
Max suppression time updated to: 52
Max suppression time updated to: 52
Max suppression time updated to: 52
Max suppression time updated to: 52
Received update: /ndn/de1-site/de1/svs_core/de1=13, 1741715965016
Max suppression time updated to: 52
Received update: /ndn/at-site/at/svs_core/at=13, 1741715973287
Received update: /ndn/pl-site/pl/svs_core/pl=13, 1741715973287
Received update: /ndn/rs-site/rs/svs_core/rs=13, 1741715973287
Received update: /ndn/de2-site/de2/svs_core/de2=13, 1741715973287
Max suppression time updated to: 52
Received update: /ndn/si-site/si/svs_core/si=13, 1741715975668
Max suppression time updated to: 52
Received update: /ndn/ge-site/ge/svs_core/ge=13, 1741715977116
Received update: /ndn/hu-site/hu/svs_core/hu=13, 1741715977116
Received update: /ndn/ie-site/ie/svs_core/ie=13, 1741715977116
Max suppression time updated to: 52
Received update: /ndn/by-site/by/svs_core/by=13, 1741715978749
Received update: /ndn/il-site/il/svs_core/il=13, 1741715978749
Received update: /ndn/uk-site/uk/svs_core/uk=13, 1741715978749
Max suppression time updated to: 52
Received update: /ndn/dk-site/dk/svs_core/dk=13, 1741715980502
Max suppression time updated to: 52
Received update: /ndn/ch-site/ch/svs_core/ch=13, 1741715980549
Max suppression time updated to: 52
Received update: /ndn/cy-site/cy/svs_core/cy=13, 1741715980917
Max suppression time updated to: 52
Received update: /ndn/mk-site/mk/svs_core/mk=13, 1741715984007
Max suppression time updated to: 52
Received update: /ndn/lt-site/lt/svs_core/lt=13, 1741715984153
Max suppression time updated to: 53
Received update: /ndn/nl-site/nl/svs_core/nl=13, 1741715984692
Max suppression time updated to: 53
Max suppression time updated to: 53
Max suppression time updated to: 53
Received update: /ndn/ua-site/ua/svs_core/ua=13, 1741715985436
Max suppression time updated to: 52
Max suppression time updated to: 53
Received update: /ndn/se-site/se/svs_core/se=13, 1741715989209
Max suppression time updated to: 53
Received update: /ndn/es-site/es/svs_core/es=13, 1741715989356
Max suppression time updated to: 53
Received update: /ndn/am-site/am/svs_core/am=12, 1741715991261
Received update: /ndn/cz-site/cz/svs_core/cz=13, 1741715991261
Max suppression time updated to: 52
Received update: /ndn/al-site/al/svs_core/al=13, 1741715991454
Received update: /ndn/fr2-site/fr2/svs_core/fr2=13, 1741715991454
Max suppression time updated to: 52
Received update: /ndn/sk-site/sk/svs_core/sk=13, 1741715992942
Max suppression time updated to: 52
Max suppression time updated to: 52
Max suppression time updated to: 52
Received update: /ndn/it-site/it/svs_core/it=13, 1741715993012
Max suppression time updated to: 52
Max suppression time updated to: 52
Max suppression time updated to: 52
Received update: /ndn/gr-site/gr/svs_core/gr=13, 1741715993567
Received update: /ndn/hr-site/hr/svs_core/hr=13, 1741715993567
Max suppression time updated to: 52
Received update: /ndn/lv-site/lv/svs_core/lv=13, 1741715993673
Published sequence number: /ndn/ro-site/ro/svs_core/ro=13, 1741715997178
Sending Sync interest
Max suppression time updated to: 52
Received update: /ndn/bg-site/bg/svs_core/bg=13, 1741715997254
Max suppression time updated to: 52
Max suppression time updated to: 52
Received update: /ndn/be-site/be/svs_core/be=13, 1741715997271
Max suppression time updated to: 52
Max suppression time updated to: 52
Sending Sync interest
Max suppression time updated to: 52
Max suppression time updated to: 52
Received update: /ndn/lu-site/lu/svs_core/lu=13, 1741715997341
Max suppression time updated to: 52
Max suppression time updated to: 52
Received update: /ndn/az-site/az/svs_core/az=13, 1741715997364
Max suppression time updated to: 52
Max suppression time updated to: 52
Max suppression time updated to: 52
Max suppression time updated to: 52
Received update: /ndn/am-site/am/svs_core/am=13, 1741715997523
Max suppression time updated to: 52
Max suppression time updated to: 52
Max suppression time updated to: 52
Max suppression time updated to: 52
Max suppression time updated to: 52
Max suppression time updated to: 52
Max suppression time updated to: 52
Max suppression time updated to: 52
Max suppression time updated to: 52
Received update: /ndn/no-site/no/svs_core/no=13, 1741715999247
Max suppression time updated to: 52
Received update: /ndn/tr-site/tr/svs_core/tr=14, 1741715999858
Max suppression time updated to: 52
Received update: /ndn/mt-site/mt/svs_core/mt=14, 1741716005895
Max suppression time updated to: 52
Received update: /ndn/me-site/me/svs_core/me=14, 1741716005970
Max suppression time updated to: 52
Max suppression time updated to: 52
Max suppression time updated to: 52
Max suppression time updated to: 52
Max suppression time updated to: 52
Max suppression time updated to: 52
Max suppression time updated to: 52
Received update: /ndn/fr1-site/fr1/svs_core/fr1=14, 1741716006069
Max suppression time updated to: 52
Max suppression time updated to: 52
Received update: /ndn/fi-site/fi/svs_core/fi=14, 1741716006089
Max suppression time updated to: 52
Max suppression time updated to: 52
Max suppression time updated to: 52
Max suppression time updated to: 52
Max suppression time updated to: 52
Max suppression time updated to: 52
Max suppression time updated to: 52
Max suppression time updated to: 52
Max suppression time updated to: 52
Max suppression time updated to: 52
Received update: /ndn/az-site/az/svs_core/az=14, 1741716007912
Max suppression time updated to: 52
Received update: /ndn/pt-site/pt/svs_core/pt=14, 1741716009749
Sending Sync interest
Max suppression time updated to: 52
Max suppression time updated to: 52
Received update: /ndn/is-site/is/svs_core/is=14, 1741716009803
Max suppression time updated to: 52
Max suppression time updated to: 52
Received update: /ndn/md-site/md/svs_core/md=14, 1741716009835
Max suppression time updated to: 52
Max suppression time updated to: 52
Max suppression time updated to: 52
Sending Sync interest
Max suppression time updated to: 52
Received update: /ndn/pl-site/pl/svs_core/pl=14, 1741716017888
Received update: /ndn/de1-site/de1/svs_core/de1=14, 1741716017888
Received update: /ndn/de2-site/de2/svs_core/de2=14, 1741716017888
Sending Sync interest
Max suppression time updated to: 52
Received update: /ndn/at-site/at/svs_core/at=14, 1741716018293
Sending Sync interest
Max suppression time updated to: 52
Received update: /ndn/ee-site/ee/svs_core/ee=13, 1741716018774
Max suppression time updated to: 52
Sending Sync interest
Max suppression time updated to: 51
Sending Sync interest
Max suppression time updated to: 51
Received update: /ndn/ge-site/ge/svs_core/ge=14, 1741716021288
Max suppression time updated to: 51
Received update: /ndn/rs-site/rs/svs_core/rs=14, 1741716021340
Max suppression time updated to: 51
Received update: /ndn/by-site/by/svs_core/by=14, 1741716022280
Received update: /ndn/hu-site/hu/svs_core/hu=14, 1741716022280
Received update: /ndn/si-site/si/svs_core/si=14, 1741716022280
Max suppression time updated to: 51
Received update: /ndn/il-site/il/svs_core/il=14, 1741716023312
Max suppression time updated to: 51
Received update: /ndn/ie-site/ie/svs_core/ie=14, 1741716023421
Max suppression time updated to: 51
Received update: /ndn/ch-site/ch/svs_core/ch=14, 1741716025427
Max suppression time updated to: 51
Received update: /ndn/uk-site/uk/svs_core/uk=14, 1741716025529
Max suppression time updated to: 51
Received update: /ndn/lt-site/lt/svs_core/lt=14, 1741716025686
Max suppression time updated to: 51
Received update: /ndn/cy-site/cy/svs_core/cy=14, 1741716025890
Max suppression time updated to: 51
Received update: /ndn/nl-site/nl/svs_core/nl=14, 1741716029710
Max suppression time updated to: 51
Received update: /ndn/mk-site/mk/svs_core/mk=14, 1741716029785
Max suppression time updated to: 51
Received update: /ndn/dk-site/dk/svs_core/dk=14, 1741716029804
Max suppression time updated to: 51
Max suppression time updated to: 51
Max suppression time updated to: 51
Received update: /ndn/ua-site/ua/svs_core/ua=14, 1741716030401
Max suppression time updated to: 51
Max suppression time updated to: 51
Max suppression time updated to: 51
Max suppression time updated to: 51
Max suppression time updated to: 51
Max suppression time updated to: 51
Received update: /ndn/es-site/es/svs_core/es=14, 1741716031905
Max suppression time updated to: 51
Received update: /ndn/cz-site/cz/svs_core/cz=14, 1741716036180
Max suppression time updated to: 51
Received update: /ndn/se-site/se/svs_core/se=14, 1741716036405
Max suppression time updated to: 52
Received update: /ndn/al-site/al/svs_core/al=14, 1741716036497
Max suppression time updated to: 52
Received update: /ndn/fr2-site/fr2/svs_core/fr2=14, 1741716036599
Max suppression time updated to: 52
Received update: /ndn/it-site/it/svs_core/it=14, 1741716036733
Max suppression time updated to: 52
Received update: /ndn/ee-site/ee/svs_core/ee=14, 1741716036767
Max suppression time updated to: 51
Max suppression time updated to: 52
Max suppression time updated to: 52
Max suppression time updated to: 52
Max suppression time updated to: 52
Max suppression time updated to: 51
Max suppression time updated to: 51
Received update: /ndn/gr-site/gr/svs_core/gr=14, 1741716038314
Max suppression time updated to: 51
Received update: /ndn/sk-site/sk/svs_core/sk=14, 1741716038383
Max suppression time updated to: 51
Max suppression time updated to: 51
Max suppression time updated to: 51
Received update: /ndn/be-site/be/svs_core/be=14, 1741716040484
Max suppression time updated to: 51
Received update: /ndn/bg-site/bg/svs_core/bg=14, 1741716042173
Published sequence number: /ndn/ro-site/ro/svs_core/ro=14, 1741716042179
Sending Sync interest
Max suppression time updated to: 51
Received update: /ndn/hr-site/hr/svs_core/hr=14, 1741716042257
Max suppression time updated to: 52
Received update: /ndn/lu-site/lu/svs_core/lu=14, 1741716042377
Sending Sync interest
Max suppression time updated to: 52
Received update: /ndn/lv-site/lv/svs_core/lv=14, 1741716042412
Max suppression time updated to: 52
Max suppression time updated to: 52
Max suppression time updated to: 52
Max suppression time updated to: 52
Received update: /ndn/am-site/am/svs_core/am=14, 1741716042515
Max suppression time updated to: 51
Max suppression time updated to: 51
Max suppression time updated to: 51
Max suppression time updated to: 51
Max suppression time updated to: 51
Max suppression time updated to: 51
Received update: /ndn/no-site/no/svs_core/no=14, 1741716044244
Max suppression time updated to: 51
Received update: /ndn/tr-site/tr/svs_core/tr=15, 1741716044876
Max suppression time updated to: 51
Max suppression time updated to: 51
Max suppression time updated to: 52
Max suppression time updated to: 52
Received update: /ndn/mt-site/mt/svs_core/mt=15, 1741716050977
Received update: /ndn/fr1-site/fr1/svs_core/fr1=15, 1741716050977
Max suppression time updated to: 51
Received update: /ndn/fi-site/fi/svs_core/fi=15, 1741716051005
Max suppression time updated to: 51
Max suppression time updated to: 51
Max suppression time updated to: 51
Max suppression time updated to: 51
Max suppression time updated to: 51
Received update: /ndn/me-site/me/svs_core/me=15, 1741716051101
Max suppression time updated to: 51
Received update: /ndn/az-site/az/svs_core/az=15, 1741716052972
Max suppression time updated to: 51
Max suppression time updated to: 51
Max suppression time updated to: 51
Max suppression time updated to: 51
Received update: /ndn/pt-site/pt/svs_core/pt=15, 1741716054771
Max suppression time updated to: 51
Received update: /ndn/is-site/is/svs_core/is=15, 1741716054776
Max suppression time updated to: 51
Received update: /ndn/md-site/md/svs_core/md=15, 1741716054868
Max suppression time updated to: 52
Received update: /ndn/de1-site/de1/svs_core/de1=15, 1741716054975
Sending Sync interest
Max suppression time updated to: 52
Received update: /ndn/pl-site/pl/svs_core/pl=15, 1741716062910
Max suppression time updated to: 52
Received update: /ndn/de2-site/de2/svs_core/de2=15, 1741716062912
Max suppression time updated to: 52
Max suppression time updated to: 52
Received update: /ndn/rs-site/rs/svs_core/rs=15, 1741716062947
Max suppression time updated to: 52
Max suppression time updated to: 52
Max suppression time updated to: 52
Max suppression time updated to: 52
Max suppression time updated to: 52
Max suppression time updated to: 52
Max suppression time updated to: 51
Max suppression time updated to: 51
Max suppression time updated to: 51
Received update: /ndn/si-site/si/svs_core/si=15, 1741716065666
Max suppression time updated to: 51
Received update: /ndn/at-site/at/svs_core/at=15, 1741716065712
Max suppression time updated to: 51
Received update: /ndn/ge-site/ge/svs_core/ge=15, 1741716066282
Max suppression time updated to: 51
Received update: /ndn/il-site/il/svs_core/il=15, 1741716068326
Max suppression time updated to: 51
Received update: /ndn/hu-site/hu/svs_core/hu=15, 1741716068376
Max suppression time updated to: 51
Max suppression time updated to: 51
Max suppression time updated to: 51
Max suppression time updated to: 51
Received update: /ndn/ie-site/ie/svs_core/ie=15, 1741716068614
Max suppression time updated to: 51
Received update: /ndn/by-site/by/svs_core/by=15, 1741716068679
Max suppression time updated to: 51
Received update: /ndn/uk-site/uk/svs_core/uk=15, 1741716068799
Max suppression time updated to: 51
Max suppression time updated to: 51
Received update: /ndn/dk-site/dk/svs_core/dk=15, 1741716070559
Max suppression time updated to: 51
Received update: /ndn/cy-site/cy/svs_core/cy=15, 1741716070871
Max suppression time updated to: 51
Received update: /ndn/lt-site/lt/svs_core/lt=15, 1741716070942
Max suppression time updated to: 51
Received update: /ndn/ch-site/ch/svs_core/ch=15, 1741716070967
Max suppression time updated to: 51
Max suppression time updated to: 51
Max suppression time updated to: 51
Max suppression time updated to: 51
Received update: /ndn/mk-site/mk/svs_core/mk=15, 1741716074022
Max suppression time updated to: 51
Received update: /ndn/nl-site/nl/svs_core/nl=15, 1741716074741
Max suppression time updated to: 51
Received update: /ndn/es-site/es/svs_core/es=15, 1741716076890
Max suppression time updated to: 51
Received update: /ndn/cz-site/cz/svs_core/cz=15, 1741716081180
Max suppression time updated to: 51
Received update: /ndn/fr2-site/fr2/svs_core/fr2=15, 1741716081540
Max suppression time updated to: 51
Received update: /ndn/ee-site/ee/svs_core/ee=15, 1741716081641
Max suppression time updated to: 51
Received update: /ndn/se-site/se/svs_core/se=15, 1741716081664
Max suppression time updated to: 51
Max suppression time updated to: 51
Received update: /ndn/ua-site/ua/svs_core/ua=15, 1741716081760
Max suppression time updated to: 51
Received update: /ndn/it-site/it/svs_core/it=15, 1741716081859
Max suppression time updated to: 52
Max suppression time updated to: 52
Received update: /ndn/sk-site/sk/svs_core/sk=15, 1741716082949
Max suppression time updated to: 51
Received update: /ndn/gr-site/gr/svs_core/gr=15, 1741716083321
Sending Sync interest
Max suppression time updated to: 51
Max suppression time updated to: 51
Max suppression time updated to: 51
Max suppression time updated to: 51
Received update: /ndn/be-site/be/svs_core/be=15, 1741716086184
Received update: /ndn/lu-site/lu/svs_core/lu=15, 1741716086184
Max suppression time updated to: 51
Received update: /ndn/lv-site/lv/svs_core/lv=15, 1741716086277
Max suppression time updated to: 51
Received update: /ndn/hr-site/hr/svs_core/hr=15, 1741716086290
Max suppression time updated to: 52
Max suppression time updated to: 51
Max suppression time updated to: 51
Max suppression time updated to: 51
Published sequence number: /ndn/ro-site/ro/svs_core/ro=15, 1741716087180
Sending Sync interest
Max suppression time updated to: 51
Received update: /ndn/bg-site/bg/svs_core/bg=15, 1741716089877
Received update: /ndn/tr-site/tr/svs_core/tr=16, 1741716089877
Sending Sync interest
Max suppression time updated to: 51
Max suppression time updated to: 51
Received update: /ndn/no-site/no/svs_core/no=15, 1741716090029
Max suppression time updated to: 51
Max suppression time updated to: 51
Max suppression time updated to: 51
Max suppression time updated to: 51
Received update: /ndn/me-site/me/svs_core/me=16, 1741716095935
Received update: /ndn/mt-site/mt/svs_core/mt=16, 1741716095935
Max suppression time updated to: 51
Max suppression time updated to: 51
Max suppression time updated to: 51
Max suppression time updated to: 51
Max suppression time updated to: 51
Max suppression time updated to: 51
Received update: /ndn/fr1-site/fr1/svs_core/fr1=16, 1741716095989
Max suppression time updated to: 51
Max suppression time updated to: 51
Max suppression time updated to: 51
Received update: /ndn/am-site/am/svs_core/am=15, 1741716096041
Max suppression time updated to: 51
Max suppression time updated to: 51
Max suppression time updated to: 51
Max suppression time updated to: 51
Received update: /ndn/fi-site/fi/svs_core/fi=16, 1741716096083
Max suppression time updated to: 51
Max suppression time updated to: 51
Max suppression time updated to: 51
Received update: /ndn/is-site/is/svs_core/is=16, 1741716099795
Max suppression time updated to: 51
Received update: /ndn/az-site/az/svs_core/az=16, 1741716099907
Received update: /ndn/pt-site/pt/svs_core/pt=16, 1741716099907
Max suppression time updated to: 51
Max suppression time updated to: 51
Max suppression time updated to: 51
Max suppression time updated to: 51
Max suppression time updated to: 51
Received update: /ndn/de1-site/de1/svs_core/de1=16, 1741716099955
Max suppression time updated to: 51
Max suppression time updated to: 51
Max suppression time updated to: 51
Received update: /ndn/md-site/md/svs_core/md=16, 1741716100118
Max suppression time updated to: 51
Received update: /ndn/rs-site/rs/svs_core/rs=16, 1741716102026
Max suppression time updated to: 51
Received update: /ndn/de2-site/de2/svs_core/de2=16, 1741716107819
Max suppression time updated to: 51
Received update: /ndn/pl-site/pl/svs_core/pl=16, 1741716107861
Max suppression time updated to: 51
Received update: /ndn/ge-site/ge/svs_core/ge=16, 1741716111300
Max suppression time updated to: 51
Max suppression time updated to: 51
Max suppression time updated to: 51
Received update: /ndn/at-site/at/svs_core/at=16, 1741716111358
Received update: /ndn/si-site/si/svs_core/si=16, 1741716111358
Max suppression time updated to: 51
Max suppression time updated to: 51
Received update: /ndn/ie-site/ie/svs_core/ie=16, 1741716111497
Max suppression time updated to: 51
Max suppression time updated to: 51
Max suppression time updated to: 51
Received update: /ndn/hu-site/hu/svs_core/hu=16, 1741716112088
Max suppression time updated to: 51
Received update: /ndn/by-site/by/svs_core/by=16, 1741716112254
Sending Sync interest
Max suppression time updated to: 52
Max suppression time updated to: 51
Max suppression time updated to: 51
Max suppression time updated to: 51
Max suppression time updated to: 51
Max suppression time updated to: 51
Received update: /ndn/il-site/il/svs_core/il=16, 1741716113366
Max suppression time updated to: 51
Received update: /ndn/al-site/al/svs_core/al=15, 1741716113817
Max suppression time updated to: 51
Received update: /ndn/uk-site/uk/svs_core/uk=16, 1741716113852
Max suppression time updated to: 51
Max suppression time updated to: 51
Max suppression time updated to: 51
Max suppression time updated to: 51
Max suppression time updated to: 51
Received update: /ndn/ch-site/ch/svs_core/ch=16, 1741716115426
Max suppression time updated to: 51
Received update: /ndn/dk-site/dk/svs_core/dk=16, 1741716115532
Max suppression time updated to: 51
Max suppression time updated to: 51
Max suppression time updated to: 51
Max suppression time updated to: 51
Received update: /ndn/lt-site/lt/svs_core/lt=16, 1741716115685
Max suppression time updated to: 51
Received update: /ndn/cy-site/cy/svs_core/cy=16, 1741716115910
Max suppression time updated to: 51
Received update: /ndn/mk-site/mk/svs_core/mk=16, 1741716119032
Max suppression time updated to: 51
Received update: /ndn/nl-site/nl/svs_core/nl=16, 1741716119710
Sending Sync interest
Max suppression time updated to: 52
Received update: /ndn/ua-site/ua/svs_core/ua=16, 1741716120418
Max suppression time updated to: 52
Max suppression time updated to: 51
Max suppression time updated to: 51
Max suppression time updated to: 52
Max suppression time updated to: 52
Max suppression time updated to: 52
Received update: /ndn/ee-site/ee/svs_core/ee=16, 1741716122303
Received update: /ndn/es-site/es/svs_core/es=16, 1741716122303
Max suppression time updated to: 51
Received update: /ndn/cz-site/cz/svs_core/cz=16, 1741716126296
Received update: /ndn/se-site/se/svs_core/se=16, 1741716126296
Max suppression time updated to: 51
Max suppression time updated to: 51
Received update: /ndn/al-site/al/svs_core/al=16, 1741716126376
Max suppression time updated to: 51
Max suppression time updated to: 51
Received update: /ndn/fr2-site/fr2/svs_core/fr2=16, 1741716126469
Max suppression time updated to: 51
Max suppression time updated to: 51
Max suppression time updated to: 51
Received update: /ndn/it-site/it/svs_core/it=16, 1741716126735
Max suppression time updated to: 51
Received update: /ndn/gr-site/gr/svs_core/gr=16, 1741716128325
Max suppression time updated to: 51
Received update: /ndn/sk-site/sk/svs_core/sk=16, 1741716128421
Max suppression time updated to: 51
Received update: /ndn/lv-site/lv/svs_core/lv=16, 1741716128642
Max suppression time updated to: 51
Received update: /ndn/hr-site/hr/svs_core/hr=16, 1741716128677
Max suppression time updated to: 52
Max suppression time updated to: 52
Max suppression time updated to: 51
Received update: /ndn/be-site/be/svs_core/be=16, 1741716130483
Max suppression time updated to: 51
Received update: /ndn/lu-site/lu/svs_core/lu=16, 1741716131150
Published sequence number: /ndn/ro-site/ro/svs_core/ro=16, 1741716132191
Sending Sync interest
Max suppression time updated to: 51
Received update: /ndn/am-site/am/svs_core/am=16, 1741716132533
Sending Sync interest
Max suppression time updated to: 51
Received update: /ndn/bg-site/bg/svs_core/bg=16, 1741716132597
Sending Sync interest
Max suppression time updated to: 51
Received update: /ndn/no-site/no/svs_core/no=16, 1741716134255
Max suppression time updated to: 51
Sending Sync interest
Max suppression time updated to: 51
Max suppression time updated to: 51
Max suppression time updated to: 51
Max suppression time updated to: 52
Max suppression time updated to: 52
Stopping SVS client: /ndn/ro-site/ro/svs_core/ro
