SVS client starting: /ndn/ch-site/ch/svs_core/ch
Sending Sync interest
Published sequence number: /ndn/ch-site/ch/svs_core/ch=1, 1741651931958
Sending Sync interest
Max suppression time updated to: 78
Received update: /ndn/cy-site/cy/svs_core/cy=1, 1741651932200
Received update: /ndn/ge-site/ge/svs_core/ge=1, 1741651932200
Received update: /ndn/me-site/me/svs_core/me=1, 1741651932200
Max suppression time updated to: 93
Max suppression time updated to: 87
Max suppression time updated to: 87
Max suppression time updated to: 93
Max suppression time updated to: 96
Max suppression time updated to: 99
Received update: /ndn/ua-site/ua/svs_core/ua=1, 1741651932234
Max suppression time updated to: 105
Received update: /ndn/by-site/by/svs_core/by=1, 1741651932266
Received update: /ndn/nl-site/nl/svs_core/nl=1, 1741651934690
Received update: /ndn/at-site/at/svs_core/at=1, 1741651934808
Received update: /ndn/de2-site/de2/svs_core/de2=1, 1741651934808
Received update: /ndn/ie-site/ie/svs_core/ie=1, 1741651938778
Received update: /ndn/md-site/md/svs_core/md=1, 1741651938887
Received update: /ndn/tr-site/tr/svs_core/tr=1, 1741651941375
Received update: /ndn/si-site/si/svs_core/si=1, 1741651941410
Received update: /ndn/ro-site/ro/svs_core/ro=1, 1741651941487
Received update: /ndn/fr1-site/fr1/svs_core/fr1=1, 1741651943641
Received update: /ndn/am-site/am/svs_core/am=1, 1741651945959
Received update: /ndn/az-site/az/svs_core/az=1, 1741651946579
Received update: /ndn/lt-site/lt/svs_core/lt=1, 1741651947284
Received update: /ndn/de1-site/de1/svs_core/de1=1, 1741651947284
Received update: /ndn/is-site/is/svs_core/is=1, 1741651947576
Received update: /ndn/es-site/es/svs_core/es=1, 1741651948762
Received update: /ndn/sk-site/sk/svs_core/sk=1, 1741651949127
Received update: /ndn/cz-site/cz/svs_core/cz=1, 1741651951359
Received update: /ndn/fi-site/fi/svs_core/fi=1, 1741651951359
Sending Sync interest
Received update: /ndn/se-site/se/svs_core/se=1, 1741651953118
Sending Sync interest
Received update: /ndn/hr-site/hr/svs_core/hr=1, 1741651953276
Received update: /ndn/rs-site/rs/svs_core/rs=1, 1741651953276
Max suppression time updated to: 105
Received update: /ndn/be-site/be/svs_core/be=1, 1741651953309
Max suppression time updated to: 108
Max suppression time updated to: 108
Received update: /ndn/lu-site/lu/svs_core/lu=1, 1741651955039
Received update: /ndn/lv-site/lv/svs_core/lv=1, 1741651956344
Received update: /ndn/ee-site/ee/svs_core/ee=1, 1741651956584
Received update: /ndn/bg-site/bg/svs_core/bg=1, 1741651957587
Sending Sync interest
Max suppression time updated to: 111
Received update: /ndn/hu-site/hu/svs_core/hu=1, 1741651958015
Received update: /ndn/it-site/it/svs_core/it=1, 1741651960206
Received update: /ndn/uk-site/uk/svs_core/uk=1, 1741651962896
Sending Sync interest
Received update: /ndn/gr-site/gr/svs_core/gr=1, 1741651965768
Received update: /ndn/mt-site/mt/svs_core/mt=1, 1741651965768
Received update: /ndn/pt-site/pt/svs_core/pt=1, 1741651966188
Received update: /ndn/pl-site/pl/svs_core/pl=1, 1741651966673
Received update: /ndn/il-site/il/svs_core/il=1, 1741651969277
Received update: /ndn/by-site/by/svs_core/by=2, 1741651974670
Sending Sync interest
Received update: /ndn/al-site/al/svs_core/al=1, 1741651976214
Received update: /ndn/ua-site/ua/svs_core/ua=2, 1741651976214
Max suppression time updated to: 147
Received update: /ndn/fr2-site/fr2/svs_core/fr2=1, 1741651976852
Published sequence number: /ndn/ch-site/ch/svs_core/ch=2, 1741651976959
Sending Sync interest
Received update: /ndn/ge-site/ge/svs_core/ge=2, 1741651977010
Sending Sync interest
Received update: /ndn/dk-site/dk/svs_core/dk=1, 1741651979741
Received update: /ndn/me-site/me/svs_core/me=2, 1741651979741
Received update: /ndn/nl-site/nl/svs_core/nl=2, 1741651979741
Received update: /ndn/de2-site/de2/svs_core/de2=2, 1741651979741
Received update: /ndn/at-site/at/svs_core/at=2, 1741651979990
Received update: /ndn/ro-site/ro/svs_core/ro=2, 1741651986575
Received update: /ndn/tr-site/tr/svs_core/tr=2, 1741651986575
Received update: /ndn/ie-site/ie/svs_core/ie=2, 1741651988672
Received update: /ndn/is-site/is/svs_core/is=2, 1741651988672
Received update: /ndn/fr1-site/fr1/svs_core/fr1=2, 1741651988672
Received update: /ndn/cy-site/cy/svs_core/cy=2, 1741651988808
Received update: /ndn/si-site/si/svs_core/si=2, 1741651988808
Received update: /ndn/be-site/be/svs_core/be=2, 1741652001475
Received update: /ndn/cz-site/cz/svs_core/cz=2, 1741652001475
Received update: /ndn/ee-site/ee/svs_core/ee=2, 1741652001475
Received update: /ndn/hr-site/hr/svs_core/hr=2, 1741652001475
Received update: /ndn/lu-site/lu/svs_core/lu=2, 1741652001475
Received update: /ndn/lv-site/lv/svs_core/lv=2, 1741652001475
Received update: /ndn/md-site/md/svs_core/md=2, 1741652001475
Received update: /ndn/am-site/am/svs_core/am=2, 1741652005611
Received update: /ndn/gr-site/gr/svs_core/gr=2, 1741652005611
Received update: /ndn/hu-site/hu/svs_core/hu=2, 1741652005611
Sending Sync interest
Received update: /ndn/bg-site/bg/svs_core/bg=2, 1741652007830
Received update: /ndn/no-site/no/svs_core/no=1, 1741652007830
Received update: /ndn/se-site/se/svs_core/se=2, 1741652007830
Received update: /ndn/uk-site/uk/svs_core/uk=2, 1741652007830
Received update: /ndn/de1-site/de1/svs_core/de1=2, 1741652007830
Sending Sync interest
Received update: /ndn/es-site/es/svs_core/es=2, 1741652010570
Received update: /ndn/mt-site/mt/svs_core/mt=2, 1741652010770
Received update: /ndn/it-site/it/svs_core/it=2, 1741652010798
Received update: /ndn/al-site/al/svs_core/al=2, 1741652011256
Sending Sync interest
Received update: /ndn/pl-site/pl/svs_core/pl=2, 1741652011918
Sending Sync interest
Sending Sync interest
Received update: /ndn/mk-site/mk/svs_core/mk=1, 1741652012415
Received update: /ndn/mk-site/mk/svs_core/mk=2, 1741652012415
Received update: /ndn/sk-site/sk/svs_core/sk=2, 1741652012415
Sending Sync interest
Received update: /ndn/fr2-site/fr2/svs_core/fr2=2, 1741652012615
Received update: /ndn/cy-site/cy/svs_core/cy=3, 1741652019457
Sending Sync interest
Received update: /ndn/az-site/az/svs_core/az=2, 1741652020871
Received update: /ndn/by-site/by/svs_core/by=3, 1741652020871
Received update: /ndn/ua-site/ua/svs_core/ua=3, 1741652020871
Published sequence number: /ndn/ch-site/ch/svs_core/ch=3, 1741652021961
Sending Sync interest
Received update: /ndn/be-site/be/svs_core/be=3, 1741652039879
Received update: /ndn/ie-site/ie/svs_core/ie=3, 1741652039879
Received update: /ndn/nl-site/nl/svs_core/nl=3, 1741652039879
Received update: /ndn/fr1-site/fr1/svs_core/fr1=3, 1741652039879
Sending Sync interest
Received update: /ndn/ge-site/ge/svs_core/ge=3, 1741652045041
Received update: /ndn/lu-site/lu/svs_core/lu=3, 1741652045041
Received update: /ndn/de2-site/de2/svs_core/de2=3, 1741652045041
Sending Sync interest
Received update: /ndn/es-site/es/svs_core/es=3, 1741652045414
Received update: /ndn/pt-site/pt/svs_core/pt=2, 1741652045414
Received update: /ndn/cz-site/cz/svs_core/cz=3, 1741652045690
Sending Sync interest
Received update: /ndn/am-site/am/svs_core/am=3, 1741652046628
Received update: /ndn/at-site/at/svs_core/at=3, 1741652046628
Received update: /ndn/hr-site/hr/svs_core/hr=3, 1741652046628
Received update: /ndn/hu-site/hu/svs_core/hu=3, 1741652046628
Received update: /ndn/me-site/me/svs_core/me=3, 1741652046628
Received update: /ndn/mk-site/mk/svs_core/mk=3, 1741652046628
Received update: /ndn/ro-site/ro/svs_core/ro=3, 1741652046628
Received update: /ndn/sk-site/sk/svs_core/sk=3, 1741652046628
Received update: /ndn/tr-site/tr/svs_core/tr=3, 1741652046628
Received update: /ndn/dk-site/dk/svs_core/dk=2, 1741652046737
Received update: /ndn/is-site/is/svs_core/is=3, 1741652046737
Received update: /ndn/no-site/no/svs_core/no=2, 1741652046737
Received update: /ndn/rs-site/rs/svs_core/rs=2, 1741652047692
Received update: /ndn/rs-site/rs/svs_core/rs=3, 1741652047692
Received update: /ndn/si-site/si/svs_core/si=3, 1741652047692
Published sequence number: /ndn/ch-site/ch/svs_core/ch=4, 1741652066954
Sending Sync interest
Received update: /ndn/il-site/il/svs_core/il=2, 1741652068283
Received update: /ndn/il-site/il/svs_core/il=3, 1741652068283
Received update: /ndn/de2-site/de2/svs_core/de2=4, 1741652068283
Sending Sync interest
Received update: /ndn/al-site/al/svs_core/al=3, 1741652079542
Received update: /ndn/at-site/at/svs_core/at=4, 1741652079542
Received update: /ndn/ge-site/ge/svs_core/ge=4, 1741652079542
Received update: /ndn/it-site/it/svs_core/it=3, 1741652079542
Received update: /ndn/lt-site/lt/svs_core/lt=2, 1741652079542
Received update: /ndn/lt-site/lt/svs_core/lt=3, 1741652079542
Received update: /ndn/lv-site/lv/svs_core/lv=3, 1741652079542
Received update: /ndn/mt-site/mt/svs_core/mt=3, 1741652079542
Received update: /ndn/nl-site/nl/svs_core/nl=4, 1741652079542
Received update: /ndn/pl-site/pl/svs_core/pl=3, 1741652079542
Received update: /ndn/tr-site/tr/svs_core/tr=4, 1741652079542
Received update: /ndn/uk-site/uk/svs_core/uk=3, 1741652079542
Received update: /ndn/gr-site/gr/svs_core/gr=3, 1741652079662
Received update: /ndn/cy-site/cy/svs_core/cy=4, 1741652079687
Received update: /ndn/be-site/be/svs_core/be=4, 1741652084964
Received update: /ndn/is-site/is/svs_core/is=4, 1741652084964
Received update: /ndn/pt-site/pt/svs_core/pt=3, 1741652084964
Received update: /ndn/am-site/am/svs_core/am=4, 1741652085126
Received update: /ndn/bg-site/bg/svs_core/bg=3, 1741652085126
Received update: /ndn/az-site/az/svs_core/az=3, 1741652086293
Received update: /ndn/az-site/az/svs_core/az=4, 1741652086293
Received update: /ndn/ro-site/ro/svs_core/ro=4, 1741652086293
Received update: /ndn/fr1-site/fr1/svs_core/fr1=4, 1741652086293
Received update: /ndn/fr2-site/fr2/svs_core/fr2=3, 1741652086293
Received update: /ndn/cz-site/cz/svs_core/cz=4, 1741652087690
Received update: /ndn/me-site/me/svs_core/me=4, 1741652087690
Received update: /ndn/rs-site/rs/svs_core/rs=4, 1741652087690
Received update: /ndn/si-site/si/svs_core/si=4, 1741652087690
Received update: /ndn/lu-site/lu/svs_core/lu=4, 1741652090270
Received update: /ndn/sk-site/sk/svs_core/sk=4, 1741652090355
Received update: /ndn/ee-site/ee/svs_core/ee=3, 1741652090830
Received update: /ndn/mk-site/mk/svs_core/mk=4, 1741652090830
Received update: /ndn/al-site/al/svs_core/al=4, 1741652095343
Sending Sync interest
Received update: /ndn/es-site/es/svs_core/es=4, 1741652096017
Received update: /ndn/it-site/it/svs_core/it=4, 1741652096017
Received update: /ndn/hu-site/hu/svs_core/hu=4, 1741652096120
Published sequence number: /ndn/ch-site/ch/svs_core/ch=5, 1741652111973
Sending Sync interest
Received update: /ndn/at-site/at/svs_core/at=5, 1741652115956
Received update: /ndn/by-site/by/svs_core/by=4, 1741652115956
Received update: /ndn/hr-site/hr/svs_core/hr=4, 1741652115956
Received update: /ndn/lt-site/lt/svs_core/lt=4, 1741652115956
Received update: /ndn/mt-site/mt/svs_core/mt=4, 1741652115956
Received update: /ndn/nl-site/nl/svs_core/nl=5, 1741652115956
Received update: /ndn/pl-site/pl/svs_core/pl=4, 1741652115956
Received update: /ndn/de2-site/de2/svs_core/de2=5, 1741652115956
Sending Sync interest
Received update: /ndn/bg-site/bg/svs_core/bg=4, 1741652116141
Received update: /ndn/ge-site/ge/svs_core/ge=5, 1741652116141
Received update: /ndn/gr-site/gr/svs_core/gr=4, 1741652116141
Max suppression time updated to: 141
Received update: /ndn/cy-site/cy/svs_core/cy=5, 1741652116316
Received update: /ndn/uk-site/uk/svs_core/uk=4, 1741652116568
Received update: /ndn/ie-site/ie/svs_core/ie=4, 1741652121313
Received update: /ndn/ie-site/ie/svs_core/ie=5, 1741652121313
Received update: /ndn/me-site/me/svs_core/me=5, 1741652121313
Received update: /ndn/fr2-site/fr2/svs_core/fr2=4, 1741652121313
Received update: /ndn/il-site/il/svs_core/il=4, 1741652121323
Received update: /ndn/dk-site/dk/svs_core/dk=3, 1741652123854
Received update: /ndn/dk-site/dk/svs_core/dk=4, 1741652123854
Received update: /ndn/fi-site/fi/svs_core/fi=2, 1741652123854
Received update: /ndn/fi-site/fi/svs_core/fi=3, 1741652123854
Received update: /ndn/is-site/is/svs_core/is=5, 1741652123854
Received update: /ndn/no-site/no/svs_core/no=3, 1741652123854
Received update: /ndn/pt-site/pt/svs_core/pt=4, 1741652123854
Received update: /ndn/se-site/se/svs_core/se=3, 1741652123854
Received update: /ndn/se-site/se/svs_core/se=4, 1741652123854
Received update: /ndn/tr-site/tr/svs_core/tr=5, 1741652123854
Received update: /ndn/ua-site/ua/svs_core/ua=4, 1741652123854
Received update: /ndn/ua-site/ua/svs_core/ua=5, 1741652123854
Received update: /ndn/de1-site/de1/svs_core/de1=3, 1741652123854
Received update: /ndn/de1-site/de1/svs_core/de1=4, 1741652123854
Received update: /ndn/az-site/az/svs_core/az=5, 1741652125137
Received update: /ndn/de1-site/de1/svs_core/de1=5, 1741652125137
Received update: /ndn/fr1-site/fr1/svs_core/fr1=5, 1741652125464
Received update: /ndn/it-site/it/svs_core/it=5, 1741652140219
Received update: /ndn/si-site/si/svs_core/si=5, 1741652140219
Received update: /ndn/sk-site/sk/svs_core/sk=5, 1741652140219
Sending Sync interest
Received update: /ndn/be-site/be/svs_core/be=5, 1741652142467
Received update: /ndn/pt-site/pt/svs_core/pt=5, 1741652142467
Sending Sync interest
Received update: /ndn/lu-site/lu/svs_core/lu=5, 1741652142622
Sending Sync interest
Received update: /ndn/il-site/il/svs_core/il=5, 1741652149114
Received update: /ndn/pl-site/pl/svs_core/pl=5, 1741652149589
Received update: /ndn/am-site/am/svs_core/am=5, 1741652155808
Received update: /ndn/bg-site/bg/svs_core/bg=5, 1741652155808
Received update: /ndn/cz-site/cz/svs_core/cz=5, 1741652155808
Received update: /ndn/ge-site/ge/svs_core/ge=6, 1741652155808
Received update: /ndn/hu-site/hu/svs_core/hu=5, 1741652155808
Received update: /ndn/md-site/md/svs_core/md=3, 1741652155808
Received update: /ndn/md-site/md/svs_core/md=4, 1741652155808
Received update: /ndn/mk-site/mk/svs_core/mk=5, 1741652155808
Received update: /ndn/ro-site/ro/svs_core/ro=5, 1741652155808
Received update: /ndn/rs-site/rs/svs_core/rs=5, 1741652155808
Received update: /ndn/uk-site/uk/svs_core/uk=5, 1741652155808
Received update: /ndn/hr-site/hr/svs_core/hr=5, 1741652155844
Received update: /ndn/ua-site/ua/svs_core/ua=6, 1741652155869
Published sequence number: /ndn/ch-site/ch/svs_core/ch=6, 1741652156976
Sending Sync interest
Received update: /ndn/al-site/al/svs_core/al=5, 1741652157380
Received update: /ndn/es-site/es/svs_core/es=5, 1741652157380
Received update: /ndn/gr-site/gr/svs_core/gr=5, 1741652157380
Received update: /ndn/fr2-site/fr2/svs_core/fr2=5, 1741652157380
Sending Sync interest
Received update: /ndn/cy-site/cy/svs_core/cy=6, 1741652157785
Received update: /ndn/tr-site/tr/svs_core/tr=6, 1741652166496
Received update: /ndn/de2-site/de2/svs_core/de2=6, 1741652166496
Received update: /ndn/az-site/az/svs_core/az=6, 1741652170067
Received update: /ndn/nl-site/nl/svs_core/nl=6, 1741652170067
Received update: /ndn/mt-site/mt/svs_core/mt=5, 1741652179465
Sending Sync interest
Sending Sync interest
Received update: /ndn/at-site/at/svs_core/at=6, 1741652182045
Received update: /ndn/be-site/be/svs_core/be=6, 1741652182045
Received update: /ndn/by-site/by/svs_core/by=5, 1741652182045
Received update: /ndn/by-site/by/svs_core/by=6, 1741652182045
Received update: /ndn/dk-site/dk/svs_core/dk=5, 1741652182045
Received update: /ndn/fi-site/fi/svs_core/fi=4, 1741652182045
Received update: /ndn/fi-site/fi/svs_core/fi=5, 1741652182045
Received update: /ndn/fi-site/fi/svs_core/fi=6, 1741652182045
Received update: /ndn/ie-site/ie/svs_core/ie=6, 1741652182045
Received update: /ndn/is-site/is/svs_core/is=6, 1741652182045
Received update: /ndn/lt-site/lt/svs_core/lt=5, 1741652182045
Received update: /ndn/lt-site/lt/svs_core/lt=6, 1741652182045
Received update: /ndn/no-site/no/svs_core/no=4, 1741652182045
Received update: /ndn/ro-site/ro/svs_core/ro=6, 1741652182045
Received update: /ndn/se-site/se/svs_core/se=5, 1741652182045
Received update: /ndn/se-site/se/svs_core/se=6, 1741652182045
Received update: /ndn/fr1-site/fr1/svs_core/fr1=6, 1741652182045
Max suppression time updated to: 138
Received update: /ndn/cz-site/cz/svs_core/cz=6, 1741652182128
Received update: /ndn/hr-site/hr/svs_core/hr=6, 1741652182128
Received update: /ndn/sk-site/sk/svs_core/sk=6, 1741652182128
Received update: /ndn/ee-site/ee/svs_core/ee=4, 1741652188206
Received update: /ndn/ee-site/ee/svs_core/ee=5, 1741652188206
Received update: /ndn/hu-site/hu/svs_core/hu=6, 1741652188206
Received update: /ndn/lu-site/lu/svs_core/lu=6, 1741652188206
Received update: /ndn/lv-site/lv/svs_core/lv=4, 1741652188206
Received update: /ndn/lv-site/lv/svs_core/lv=5, 1741652188206
Received update: /ndn/lv-site/lv/svs_core/lv=6, 1741652188206
Received update: /ndn/uk-site/uk/svs_core/uk=6, 1741652188206
Received update: /ndn/de1-site/de1/svs_core/de1=6, 1741652188206
Sending Sync interest
Received update: /ndn/it-site/it/svs_core/it=6, 1741652188458
Received update: /ndn/bg-site/bg/svs_core/bg=6, 1741652188471
Received update: /ndn/mk-site/mk/svs_core/mk=6, 1741652188471
Sending Sync interest
Received update: /ndn/gr-site/gr/svs_core/gr=6, 1741652189300
Received update: /ndn/rs-site/rs/svs_core/rs=6, 1741652189300
Received update: /ndn/ua-site/ua/svs_core/ua=7, 1741652200726
Received update: /ndn/al-site/al/svs_core/al=6, 1741652200788
Received update: /ndn/pl-site/pl/svs_core/pl=6, 1741652200788
Received update: /ndn/fr2-site/fr2/svs_core/fr2=6, 1741652200788
Sending Sync interest
Received update: /ndn/cy-site/cy/svs_core/cy=7, 1741652201135
Sending Sync interest
Published sequence number: /ndn/ch-site/ch/svs_core/ch=7, 1741652201978
Sending Sync interest
Received update: /ndn/de2-site/de2/svs_core/de2=7, 1741652203279
Sending Sync interest
Received update: /ndn/es-site/es/svs_core/es=6, 1741652204658
Received update: /ndn/nl-site/nl/svs_core/nl=7, 1741652204658
Sending Sync interest
Received update: /ndn/mt-site/mt/svs_core/mt=6, 1741652204830
Received update: /ndn/at-site/at/svs_core/at=7, 1741652204876
Received update: /ndn/il-site/il/svs_core/il=6, 1741652205064
Received update: /ndn/ge-site/ge/svs_core/ge=7, 1741652211363
Received update: /ndn/tr-site/tr/svs_core/tr=7, 1741652211363
Received update: /ndn/fr1-site/fr1/svs_core/fr1=7, 1741652213664
Sending Sync interest
Received update: /ndn/es-site/es/svs_core/es=7, 1741652220865
Received update: /ndn/hu-site/hu/svs_core/hu=7, 1741652226631
Sending Sync interest
Received update: /ndn/be-site/be/svs_core/be=7, 1741652232916
Received update: /ndn/ie-site/ie/svs_core/ie=7, 1741652232916
Received update: /ndn/pt-site/pt/svs_core/pt=6, 1741652232916
Received update: /ndn/pt-site/pt/svs_core/pt=7, 1741652232916
Received update: /ndn/uk-site/uk/svs_core/uk=7, 1741652232916
Sending Sync interest
Max suppression time updated to: 129
Received update: /ndn/bg-site/bg/svs_core/bg=7, 1741652233153
Received update: /ndn/hr-site/hr/svs_core/hr=7, 1741652233153
Received update: /ndn/it-site/it/svs_core/it=7, 1741652233153
Received update: /ndn/me-site/me/svs_core/me=6, 1741652233485
Received update: /ndn/me-site/me/svs_core/me=7, 1741652233485
Received update: /ndn/ro-site/ro/svs_core/ro=7, 1741652233485
Received update: /ndn/by-site/by/svs_core/by=7, 1741652233627
Sending Sync interest
Received update: /ndn/si-site/si/svs_core/si=6, 1741652233981
Received update: /ndn/si-site/si/svs_core/si=7, 1741652233981
Received update: /ndn/fr2-site/fr2/svs_core/fr2=7, 1741652233981
Sending Sync interest
Received update: /ndn/cz-site/cz/svs_core/cz=7, 1741652234183
Received update: /ndn/sk-site/sk/svs_core/sk=7, 1741652234183
Sending Sync interest
Received update: /ndn/gr-site/gr/svs_core/gr=7, 1741652234472
Sending Sync interest
Received update: /ndn/am-site/am/svs_core/am=6, 1741652235232
Received update: /ndn/am-site/am/svs_core/am=7, 1741652235232
Sending Sync interest
Sending Sync interest
Received update: /ndn/az-site/az/svs_core/az=7, 1741652236803
Received update: /ndn/lu-site/lu/svs_core/lu=7, 1741652236803
Received update: /ndn/md-site/md/svs_core/md=5, 1741652236803
Received update: /ndn/md-site/md/svs_core/md=6, 1741652236803
Received update: /ndn/md-site/md/svs_core/md=7, 1741652236803
Received update: /ndn/pl-site/pl/svs_core/pl=7, 1741652236803
Sending Sync interest
Published sequence number: /ndn/ch-site/ch/svs_core/ch=8, 1741652246981
Sending Sync interest
Received update: /ndn/lu-site/lu/svs_core/lu=8, 1741652270089
Received update: /ndn/at-site/at/svs_core/at=8, 1741652270364
Received update: /ndn/il-site/il/svs_core/il=7, 1741652270364
Received update: /ndn/mk-site/mk/svs_core/mk=7, 1741652270364
Received update: /ndn/si-site/si/svs_core/si=8, 1741652270364
Received update: /ndn/ua-site/ua/svs_core/ua=8, 1741652270364
Received update: /ndn/de2-site/de2/svs_core/de2=8, 1741652270364
Received update: /ndn/al-site/al/svs_core/al=7, 1741652270432
Received update: /ndn/az-site/az/svs_core/az=8, 1741652270559
Sending Sync interest
Received update: /ndn/bg-site/bg/svs_core/bg=8, 1741652272655
Received update: /ndn/hu-site/hu/svs_core/hu=8, 1741652272655
Received update: /ndn/ro-site/ro/svs_core/ro=8, 1741652272655
Received update: /ndn/tr-site/tr/svs_core/tr=8, 1741652272655
Received update: /ndn/cz-site/cz/svs_core/cz=8, 1741652272766
Received update: /ndn/cy-site/cy/svs_core/cy=8, 1741652275490
Received update: /ndn/dk-site/dk/svs_core/dk=6, 1741652275490
Received update: /ndn/dk-site/dk/svs_core/dk=7, 1741652275490
Received update: /ndn/ee-site/ee/svs_core/ee=6, 1741652275490
Received update: /ndn/ee-site/ee/svs_core/ee=7, 1741652275490
Received update: /ndn/fi-site/fi/svs_core/fi=7, 1741652275490
Received update: /ndn/gr-site/gr/svs_core/gr=8, 1741652275490
Received update: /ndn/is-site/is/svs_core/is=7, 1741652275490
Received update: /ndn/is-site/is/svs_core/is=8, 1741652275490
Received update: /ndn/it-site/it/svs_core/it=8, 1741652275490
Received update: /ndn/lt-site/lt/svs_core/lt=7, 1741652275490
Received update: /ndn/lv-site/lv/svs_core/lv=7, 1741652275490
Received update: /ndn/nl-site/nl/svs_core/nl=8, 1741652275490
Received update: /ndn/no-site/no/svs_core/no=5, 1741652275490
Received update: /ndn/no-site/no/svs_core/no=6, 1741652275490
Received update: /ndn/se-site/se/svs_core/se=7, 1741652275490
Received update: /ndn/de1-site/de1/svs_core/de1=7, 1741652275490
Received update: /ndn/fr1-site/fr1/svs_core/fr1=8, 1741652275490
Sending Sync interest
Received update: /ndn/be-site/be/svs_core/be=8, 1741652276534
Received update: /ndn/ge-site/ge/svs_core/ge=8, 1741652276534
Received update: /ndn/hr-site/hr/svs_core/hr=8, 1741652276534
Sending Sync interest
Received update: /ndn/am-site/am/svs_core/am=8, 1741652276558
Received update: /ndn/es-site/es/svs_core/es=8, 1741652276558
Received update: /ndn/md-site/md/svs_core/md=8, 1741652277414
Received update: /ndn/mk-site/mk/svs_core/mk=8, 1741652277414
Received update: /ndn/sk-site/sk/svs_core/sk=8, 1741652277414
Sending Sync interest
Published sequence number: /ndn/ch-site/ch/svs_core/ch=9, 1741652291983
Sending Sync interest
Received update: /ndn/at-site/at/svs_core/at=9, 1741652295128
Received update: /ndn/dk-site/dk/svs_core/dk=8, 1741652295128
Received update: /ndn/ee-site/ee/svs_core/ee=8, 1741652295128
Received update: /ndn/ge-site/ge/svs_core/ge=9, 1741652295128
Received update: /ndn/ie-site/ie/svs_core/ie=8, 1741652295128
Received update: /ndn/me-site/me/svs_core/me=8, 1741652295128
Received update: /ndn/me-site/me/svs_core/me=9, 1741652295128
Received update: /ndn/nl-site/nl/svs_core/nl=9, 1741652295128
Received update: /ndn/pl-site/pl/svs_core/pl=8, 1741652295128
Received update: /ndn/rs-site/rs/svs_core/rs=7, 1741652295128
Received update: /ndn/rs-site/rs/svs_core/rs=8, 1741652295128
Received update: /ndn/uk-site/uk/svs_core/uk=8, 1741652295128
Received update: /ndn/de2-site/de2/svs_core/de2=9, 1741652295128
Received update: /ndn/il-site/il/svs_core/il=8, 1741652295538
Received update: /ndn/fr2-site/fr2/svs_core/fr2=8, 1741652295538
Received update: /ndn/by-site/by/svs_core/by=8, 1741652295823
Received update: /ndn/by-site/by/svs_core/by=9, 1741652295823
Received update: /ndn/az-site/az/svs_core/az=9, 1741652304955
Sending Sync interest
Received update: /ndn/al-site/al/svs_core/al=8, 1741652307249
Received update: /ndn/cy-site/cy/svs_core/cy=9, 1741652307249
Received update: /ndn/ie-site/ie/svs_core/ie=9, 1741652307249
Received update: /ndn/is-site/is/svs_core/is=9, 1741652307249
Received update: /ndn/lt-site/lt/svs_core/lt=8, 1741652307249
Received update: /ndn/lv-site/lv/svs_core/lv=8, 1741652307249
Received update: /ndn/md-site/md/svs_core/md=9, 1741652307249
Received update: /ndn/ro-site/ro/svs_core/ro=9, 1741652307249
Received update: /ndn/rs-site/rs/svs_core/rs=9, 1741652307249
Received update: /ndn/tr-site/tr/svs_core/tr=9, 1741652307249
Received update: /ndn/ua-site/ua/svs_core/ua=9, 1741652307249
Sending Sync interest
Received update: /ndn/cz-site/cz/svs_core/cz=9, 1741652312927
Received update: /ndn/hr-site/hr/svs_core/hr=9, 1741652312927
Received update: /ndn/sk-site/sk/svs_core/sk=9, 1741652312927
Received update: /ndn/be-site/be/svs_core/be=9, 1741652313248
Received update: /ndn/de1-site/de1/svs_core/de1=8, 1741652313248
Received update: /ndn/de1-site/de1/svs_core/de1=9, 1741652313248
Received update: /ndn/fr1-site/fr1/svs_core/fr1=9, 1741652313248
Received update: /ndn/hu-site/hu/svs_core/hu=9, 1741652316548
Received update: /ndn/mk-site/mk/svs_core/mk=9, 1741652316548
Sending Sync interest
Received update: /ndn/mt-site/mt/svs_core/mt=7, 1741652316776
Received update: /ndn/mt-site/mt/svs_core/mt=8, 1741652316776
Sending Sync interest
Received update: /ndn/es-site/es/svs_core/es=9, 1741652316913
Sending Sync interest
Max suppression time updated to: 126
Received update: /ndn/lu-site/lu/svs_core/lu=9, 1741652317186
Received update: /ndn/al-site/al/svs_core/al=9, 1741652320541
Received update: /ndn/am-site/am/svs_core/am=9, 1741652323060
Received update: /ndn/ee-site/ee/svs_core/ee=9, 1741652323060
Received update: /ndn/no-site/no/svs_core/no=7, 1741652323060
Received update: /ndn/no-site/no/svs_core/no=8, 1741652323060
Received update: /ndn/pt-site/pt/svs_core/pt=8, 1741652323060
Received update: /ndn/se-site/se/svs_core/se=8, 1741652323060
Received update: /ndn/se-site/se/svs_core/se=9, 1741652323060
Received update: /ndn/uk-site/uk/svs_core/uk=9, 1741652323060
Sending Sync interest
Published sequence number: /ndn/ch-site/ch/svs_core/ch=10, 1741652336990
Sending Sync interest
Max suppression time updated to: 123
Received update: /ndn/bg-site/bg/svs_core/bg=9, 1741652337172
Received update: /ndn/dk-site/dk/svs_core/dk=9, 1741652337316
Received update: /ndn/gr-site/gr/svs_core/gr=9, 1741652337316
Received update: /ndn/it-site/it/svs_core/it=9, 1741652337316
Received update: /ndn/mt-site/mt/svs_core/mt=9, 1741652337316
Received update: /ndn/no-site/no/svs_core/no=9, 1741652337316
Received update: /ndn/pt-site/pt/svs_core/pt=9, 1741652337316
Received update: /ndn/by-site/by/svs_core/by=10, 1741652337418
Received update: /ndn/pl-site/pl/svs_core/pl=9, 1741652337418
Sending Sync interest
Received update: /ndn/cy-site/cy/svs_core/cy=10, 1741652337752
Received update: /ndn/ge-site/ge/svs_core/ge=10, 1741652337752
Received update: /ndn/me-site/me/svs_core/me=10, 1741652337752
Received update: /ndn/il-site/il/svs_core/il=9, 1741652338407
Received update: /ndn/at-site/at/svs_core/at=10, 1741652345731
Received update: /ndn/si-site/si/svs_core/si=9, 1741652345731
Received update: /ndn/si-site/si/svs_core/si=10, 1741652345731
Received update: /ndn/de2-site/de2/svs_core/de2=10, 1741652346160
Received update: /ndn/fr2-site/fr2/svs_core/fr2=9, 1741652346160
Received update: /ndn/md-site/md/svs_core/md=10, 1741652348108
Received update: /ndn/ro-site/ro/svs_core/ro=10, 1741652348108
Received update: /ndn/tr-site/tr/svs_core/tr=10, 1741652348108
Received update: /ndn/ua-site/ua/svs_core/ua=10, 1741652348108
Sending Sync interest
Received update: /ndn/lt-site/lt/svs_core/lt=9, 1741652353098
Received update: /ndn/lt-site/lt/svs_core/lt=10, 1741652353098
Sending Sync interest
Received update: /ndn/hr-site/hr/svs_core/hr=10, 1741652357799
Received update: /ndn/mk-site/mk/svs_core/mk=10, 1741652357799
Received update: /ndn/es-site/es/svs_core/es=10, 1741652358115
Received update: /ndn/fr1-site/fr1/svs_core/fr1=10, 1741652358115
Received update: /ndn/ie-site/ie/svs_core/ie=10, 1741652358166
Received update: /ndn/nl-site/nl/svs_core/nl=10, 1741652358166
Sending Sync interest
Received update: /ndn/lu-site/lu/svs_core/lu=10, 1741652360094
Received update: /ndn/sk-site/sk/svs_core/sk=10, 1741652360346
Received update: /ndn/hu-site/hu/svs_core/hu=10, 1741652361635
Received update: /ndn/is-site/is/svs_core/is=10, 1741652361799
Received update: /ndn/de1-site/de1/svs_core/de1=10, 1741652361799
Received update: /ndn/be-site/be/svs_core/be=10, 1741652361904
Received update: /ndn/ee-site/ee/svs_core/ee=10, 1741652363050
Received update: /ndn/it-site/it/svs_core/it=10, 1741652365230
Received update: /ndn/am-site/am/svs_core/am=10, 1741652365393
Received update: /ndn/gr-site/gr/svs_core/gr=10, 1741652365393
Received update: /ndn/uk-site/uk/svs_core/uk=10, 1741652367862
Received update: /ndn/fr2-site/fr2/svs_core/fr2=10, 1741652369018
Received update: /ndn/by-site/by/svs_core/by=11, 1741652379727
Received update: /ndn/pl-site/pl/svs_core/pl=10, 1741652379727
Sending Sync interest
Received update: /ndn/az-site/az/svs_core/az=10, 1741652380894
Received update: /ndn/cy-site/cy/svs_core/cy=11, 1741652380894
Received update: /ndn/cz-site/cz/svs_core/cz=10, 1741652380894
Received update: /ndn/ge-site/ge/svs_core/ge=11, 1741652380894
Received update: /ndn/bg-site/bg/svs_core/bg=10, 1741652381118
Received update: /ndn/mt-site/mt/svs_core/mt=10, 1741652381179
Published sequence number: /ndn/ch-site/ch/svs_core/ch=11, 1741652381992
Sending Sync interest
Max suppression time updated to: 120
Received update: /ndn/ua-site/ua/svs_core/ua=11, 1741652382087
Max suppression time updated to: 117
Max suppression time updated to: 117
Received update: /ndn/at-site/at/svs_core/at=11, 1741652383591
Received update: /ndn/am-site/am/svs_core/am=11, 1741652386843
Received update: /ndn/nl-site/nl/svs_core/nl=11, 1741652386843
Received update: /ndn/rs-site/rs/svs_core/rs=10, 1741652386843
Received update: /ndn/de2-site/de2/svs_core/de2=11, 1741652386843
Received update: /ndn/hu-site/hu/svs_core/hu=11, 1741652406588
Received update: /ndn/rs-site/rs/svs_core/rs=11, 1741652406588
Received update: /ndn/tr-site/tr/svs_core/tr=11, 1741652406588
Received update: /ndn/mt-site/mt/svs_core/mt=11, 1741652415814
Sending Sync interest
Max suppression time updated to: 114
Received update: /ndn/fr1-site/fr1/svs_core/fr1=11, 1741652416074
Received update: /ndn/be-site/be/svs_core/be=11, 1741652416681
Received update: /ndn/dk-site/dk/svs_core/dk=10, 1741652416681
Received update: /ndn/fi-site/fi/svs_core/fi=8, 1741652416681
Received update: /ndn/fi-site/fi/svs_core/fi=9, 1741652416681
Received update: /ndn/ie-site/ie/svs_core/ie=11, 1741652416681
Received update: /ndn/lu-site/lu/svs_core/lu=11, 1741652416681
Received update: /ndn/se-site/se/svs_core/se=10, 1741652416681
Received update: /ndn/uk-site/uk/svs_core/uk=11, 1741652416681
Received update: /ndn/de1-site/de1/svs_core/de1=11, 1741652416681
Received update: /ndn/es-site/es/svs_core/es=11, 1741652417017
Received update: /ndn/fr2-site/fr2/svs_core/fr2=11, 1741652417017
Received update: /ndn/mk-site/mk/svs_core/mk=11, 1741652425729
Received update: /ndn/ua-site/ua/svs_core/ua=12, 1741652425729
Sending Sync interest
Received update: /ndn/cz-site/cz/svs_core/cz=11, 1741652426034
Received update: /ndn/si-site/si/svs_core/si=11, 1741652426034
Sending Sync interest
Sending Sync interest
Received update: /ndn/gr-site/gr/svs_core/gr=11, 1741652426260
Received update: /ndn/it-site/it/svs_core/it=11, 1741652426260
Published sequence number: /ndn/ch-site/ch/svs_core/ch=12, 1741652426998
Sending Sync interest
Received update: /ndn/al-site/al/svs_core/al=10, 1741652427024
Received update: /ndn/al-site/al/svs_core/al=11, 1741652427024
Received update: /ndn/cy-site/cy/svs_core/cy=12, 1741652436379
Received update: /ndn/nl-site/nl/svs_core/nl=12, 1741652436379
Received update: /ndn/tr-site/tr/svs_core/tr=12, 1741652436379
Sending Sync interest
Max suppression time updated to: 111
Received update: /ndn/at-site/at/svs_core/at=12, 1741652436634
Received update: /ndn/bg-site/bg/svs_core/bg=11, 1741652436634
Received update: /ndn/ee-site/ee/svs_core/ee=11, 1741652436634
Received update: /ndn/ge-site/ge/svs_core/ge=12, 1741652436634
Received update: /ndn/hr-site/hr/svs_core/hr=11, 1741652436634
Received update: /ndn/lt-site/lt/svs_core/lt=11, 1741652436634
Received update: /ndn/lv-site/lv/svs_core/lv=9, 1741652436634
Received update: /ndn/lv-site/lv/svs_core/lv=10, 1741652436634
Received update: /ndn/lv-site/lv/svs_core/lv=11, 1741652436634
Received update: /ndn/pl-site/pl/svs_core/pl=11, 1741652436634
Received update: /ndn/ro-site/ro/svs_core/ro=11, 1741652436634
Received update: /ndn/de2-site/de2/svs_core/de2=12, 1741652436634
Received update: /ndn/pt-site/pt/svs_core/pt=10, 1741652441472
Received update: /ndn/pt-site/pt/svs_core/pt=11, 1741652441472
Received update: /ndn/fr1-site/fr1/svs_core/fr1=12, 1741652441529
Sending Sync interest
Received update: /ndn/il-site/il/svs_core/il=10, 1741652443811
Received update: /ndn/il-site/il/svs_core/il=11, 1741652443811
Received update: /ndn/mk-site/mk/svs_core/mk=12, 1741652443811
Received update: /ndn/ro-site/ro/svs_core/ro=12, 1741652443811
Received update: /ndn/ie-site/ie/svs_core/ie=12, 1741652450234
Received update: /ndn/lu-site/lu/svs_core/lu=12, 1741652450234
Received update: /ndn/sk-site/sk/svs_core/sk=11, 1741652450234
Received update: /ndn/sk-site/sk/svs_core/sk=12, 1741652450234
Received update: /ndn/am-site/am/svs_core/am=12, 1741652450618
Received update: /ndn/by-site/by/svs_core/by=12, 1741652450618
Received update: /ndn/cz-site/cz/svs_core/cz=12, 1741652450618
Received update: /ndn/lt-site/lt/svs_core/lt=12, 1741652450618
Received update: /ndn/al-site/al/svs_core/al=12, 1741652458801
Received update: /ndn/ee-site/ee/svs_core/ee=12, 1741652458801
Received update: /ndn/it-site/it/svs_core/it=12, 1741652458801
Received update: /ndn/no-site/no/svs_core/no=10, 1741652458801
Received update: /ndn/si-site/si/svs_core/si=12, 1741652458801
Received update: /ndn/uk-site/uk/svs_core/uk=12, 1741652458801
Received update: /ndn/de1-site/de1/svs_core/de1=12, 1741652458801
Received update: /ndn/fr2-site/fr2/svs_core/fr2=12, 1741652459001
Sending Sync interest
Received update: /ndn/bg-site/bg/svs_core/bg=12, 1741652459262
Received update: /ndn/hu-site/hu/svs_core/hu=12, 1741652459262
Received update: /ndn/es-site/es/svs_core/es=12, 1741652460496
Received update: /ndn/ge-site/ge/svs_core/ge=13, 1741652469896
Received update: /ndn/hr-site/hr/svs_core/hr=12, 1741652469930
Sending Sync interest
Received update: /ndn/cy-site/cy/svs_core/cy=13, 1741652470221
Received update: /ndn/dk-site/dk/svs_core/dk=11, 1741652470221
Received update: /ndn/fi-site/fi/svs_core/fi=10, 1741652470221
Received update: /ndn/fi-site/fi/svs_core/fi=11, 1741652470221
Received update: /ndn/is-site/is/svs_core/is=11, 1741652470221
Received update: /ndn/is-site/is/svs_core/is=12, 1741652470221
Received update: /ndn/me-site/me/svs_core/me=11, 1741652470221
Received update: /ndn/me-site/me/svs_core/me=12, 1741652470221
Sending Sync interest
Published sequence number: /ndn/ch-site/ch/svs_core/ch=13, 1741652472001
Sending Sync interest
Received update: /ndn/de2-site/de2/svs_core/de2=13, 1741652473329
Sending Sync interest
Received update: /ndn/at-site/at/svs_core/at=13, 1741652480725
Received update: /ndn/gr-site/gr/svs_core/gr=12, 1741652480725
Received update: /ndn/si-site/si/svs_core/si=13, 1741652480725
Sending Sync interest
Received update: /ndn/il-site/il/svs_core/il=12, 1741652480854
Received update: /ndn/md-site/md/svs_core/md=11, 1741652481591
Received update: /ndn/md-site/md/svs_core/md=12, 1741652481591
Received update: /ndn/md-site/md/svs_core/md=13, 1741652481591
Received update: /ndn/ro-site/ro/svs_core/ro=13, 1741652481591
Received update: /ndn/tr-site/tr/svs_core/tr=13, 1741652481705
Received update: /ndn/ie-site/ie/svs_core/ie=13, 1741652481946
Received update: /ndn/nl-site/nl/svs_core/nl=13, 1741652481946
Received update: /ndn/az-site/az/svs_core/az=11, 1741652482227
Received update: /ndn/az-site/az/svs_core/az=12, 1741652482227
Sending Sync interest
Max suppression time updated to: 108
Received update: /ndn/be-site/be/svs_core/be=12, 1741652482485
Received update: /ndn/am-site/am/svs_core/am=13, 1741652482570
Received update: /ndn/rs-site/rs/svs_core/rs=12, 1741652482866
Received update: /ndn/pl-site/pl/svs_core/pl=12, 1741652482936
Received update: /ndn/lv-site/lv/svs_core/lv=12, 1741652483841
Received update: /ndn/by-site/by/svs_core/by=13, 1741652490022
Received update: /ndn/pt-site/pt/svs_core/pt=12, 1741652490022
Received update: /ndn/bg-site/bg/svs_core/bg=13, 1741652500301
Received update: /ndn/cz-site/cz/svs_core/cz=13, 1741652500301
Received update: /ndn/es-site/es/svs_core/es=13, 1741652500301
Received update: /ndn/it-site/it/svs_core/it=13, 1741652500301
Received update: /ndn/mt-site/mt/svs_core/mt=12, 1741652500301
Received update: /ndn/hu-site/hu/svs_core/hu=13, 1741652502432
Received update: /ndn/sk-site/sk/svs_core/sk=13, 1741652502432
Received update: /ndn/by-site/by/svs_core/by=14, 1741652514712
Received update: /ndn/mk-site/mk/svs_core/mk=13, 1741652514712
Received update: /ndn/pl-site/pl/svs_core/pl=13, 1741652514712
Received update: /ndn/ua-site/ua/svs_core/ua=13, 1741652514712
Published sequence number: /ndn/ch-site/ch/svs_core/ch=14, 1741652517004
Sending Sync interest
Max suppression time updated to: 108
Received update: /ndn/fr2-site/fr2/svs_core/fr2=13, 1741652517358
Received update: /ndn/az-site/az/svs_core/az=13, 1741652517681
Sending Sync interest
Received update: /ndn/il-site/il/svs_core/il=13, 1741652517989
Received update: /ndn/lu-site/lu/svs_core/lu=13, 1741652517989
Sending Sync interest
Received update: /ndn/me-site/me/svs_core/me=13, 1741652518173
Received update: /ndn/uk-site/uk/svs_core/uk=13, 1741652518173
Sending Sync interest
Received update: /ndn/fr1-site/fr1/svs_core/fr1=13, 1741652518231
Received update: /ndn/cy-site/cy/svs_core/cy=14, 1741652518251
Sending Sync interest
Received update: /ndn/ge-site/ge/svs_core/ge=14, 1741652518364
Received update: /ndn/de1-site/de1/svs_core/de1=13, 1741652518364
Received update: /ndn/gr-site/gr/svs_core/gr=13, 1741652518371
Received update: /ndn/mt-site/mt/svs_core/mt=13, 1741652518371
Received update: /ndn/at-site/at/svs_core/at=14, 1741652523216
Received update: /ndn/hr-site/hr/svs_core/hr=13, 1741652523216
Received update: /ndn/md-site/md/svs_core/md=14, 1741652523216
Received update: /ndn/de2-site/de2/svs_core/de2=14, 1741652523216
Sending Sync interest
Received update: /ndn/am-site/am/svs_core/am=14, 1741652526478
Received update: /ndn/be-site/be/svs_core/be=13, 1741652526478
Received update: /ndn/dk-site/dk/svs_core/dk=12, 1741652526478
Received update: /ndn/dk-site/dk/svs_core/dk=13, 1741652526478
Received update: /ndn/ee-site/ee/svs_core/ee=13, 1741652526478
Received update: /ndn/me-site/me/svs_core/me=14, 1741652526478
Received update: /ndn/nl-site/nl/svs_core/nl=14, 1741652526478
Received update: /ndn/tr-site/tr/svs_core/tr=14, 1741652526478
Sending Sync interest
Received update: /ndn/al-site/al/svs_core/al=13, 1741652526603
Received update: /ndn/si-site/si/svs_core/si=14, 1741652526603
Received update: /ndn/is-site/is/svs_core/is=13, 1741652527212
Received update: /ndn/is-site/is/svs_core/is=14, 1741652527212
Received update: /ndn/fr1-site/fr1/svs_core/fr1=14, 1741652528693
Received update: /ndn/az-site/az/svs_core/az=14, 1741652529976
Received update: /ndn/ua-site/ua/svs_core/ua=14, 1741652529976
Received update: /ndn/ro-site/ro/svs_core/ro=14, 1741652530051
Received update: /ndn/bg-site/bg/svs_core/bg=14, 1741652542822
Received update: /ndn/hu-site/hu/svs_core/hu=14, 1741652542822
Received update: /ndn/ie-site/ie/svs_core/ie=14, 1741652542822
Received update: /ndn/mk-site/mk/svs_core/mk=14, 1741652542822
Received update: /ndn/sk-site/sk/svs_core/sk=14, 1741652542822
Received update: /ndn/de1-site/de1/svs_core/de1=14, 1741652542822
Received update: /ndn/cz-site/cz/svs_core/cz=14, 1741652543139
Received update: /ndn/hr-site/hr/svs_core/hr=14, 1741652543279
Received update: /ndn/es-site/es/svs_core/es=14, 1741652544189
Received update: /ndn/be-site/be/svs_core/be=14, 1741652544557
Received update: /ndn/pt-site/pt/svs_core/pt=13, 1741652544557
Received update: /ndn/ee-site/ee/svs_core/ee=14, 1741652544978
Received update: /ndn/lt-site/lt/svs_core/lt=13, 1741652544978
Received update: /ndn/lt-site/lt/svs_core/lt=14, 1741652544978
Received update: /ndn/lv-site/lv/svs_core/lv=13, 1741652544978
Received update: /ndn/lv-site/lv/svs_core/lv=14, 1741652544978
Received update: /ndn/rs-site/rs/svs_core/rs=13, 1741652544978
Received update: /ndn/rs-site/rs/svs_core/rs=14, 1741652544978
Received update: /ndn/it-site/it/svs_core/it=14, 1741652545246
Received update: /ndn/gr-site/gr/svs_core/gr=14, 1741652545749
Received update: /ndn/pt-site/pt/svs_core/pt=14, 1741652547452
Received update: /ndn/lu-site/lu/svs_core/lu=14, 1741652547708
Received update: /ndn/mt-site/mt/svs_core/mt=14, 1741652551125
Received update: /ndn/fr2-site/fr2/svs_core/fr2=14, 1741652551125
Received update: /ndn/il-site/il/svs_core/il=14, 1741652554192
Received update: /ndn/pl-site/pl/svs_core/pl=14, 1741652554192
Sending Sync interest
Published sequence number: /ndn/ch-site/ch/svs_core/ch=15, 1741652562010
Sending Sync interest
Received update: /ndn/at-site/at/svs_core/at=15, 1741652563727
Received update: /ndn/de2-site/de2/svs_core/de2=15, 1741652563727
Sending Sync interest
Received update: /ndn/am-site/am/svs_core/am=15, 1741652571389
Received update: /ndn/tr-site/tr/svs_core/tr=15, 1741652571389
Sending Sync interest
Received update: /ndn/ro-site/ro/svs_core/ro=15, 1741652571653
Sending Sync interest
Received update: /ndn/dk-site/dk/svs_core/dk=14, 1741652572356
Received update: /ndn/fi-site/fi/svs_core/fi=12, 1741652572356
Received update: /ndn/is-site/is/svs_core/is=15, 1741652572356
Received update: /ndn/se-site/se/svs_core/se=11, 1741652572356
Received update: /ndn/se-site/se/svs_core/se=12, 1741652572356
Received update: /ndn/se-site/se/svs_core/se=13, 1741652572356
Received update: /ndn/se-site/se/svs_core/se=14, 1741652572356
Received update: /ndn/uk-site/uk/svs_core/uk=14, 1741652572356
Sending Sync interest
Received update: /ndn/es-site/es/svs_core/es=15, 1741652578802
Received update: /ndn/ge-site/ge/svs_core/ge=15, 1741652578802
Received update: /ndn/ie-site/ie/svs_core/ie=15, 1741652578802
Received update: /ndn/nl-site/nl/svs_core/nl=15, 1741652578802
Received update: /ndn/fr1-site/fr1/svs_core/fr1=15, 1741652578802
Received update: /ndn/bg-site/bg/svs_core/bg=15, 1741652588600
Received update: /ndn/by-site/by/svs_core/by=15, 1741652588600
Received update: /ndn/cy-site/cy/svs_core/cy=15, 1741652588600
Received update: /ndn/cz-site/cz/svs_core/cz=15, 1741652588600
Received update: /ndn/hu-site/hu/svs_core/hu=15, 1741652588600
Sending Sync interest
Received update: /ndn/pt-site/pt/svs_core/pt=15, 1741652592547
Published sequence number: /ndn/ch-site/ch/svs_core/ch=16, 1741652607011
Sending Sync interest
Max suppression time updated to: 105
Received update: /ndn/fr2-site/fr2/svs_core/fr2=15, 1741652607365
Received update: /ndn/dk-site/dk/svs_core/dk=15, 1741652608311
Received update: /ndn/hr-site/hr/svs_core/hr=15, 1741652608311
Received update: /ndn/lt-site/lt/svs_core/lt=15, 1741652608311
Received update: /ndn/pl-site/pl/svs_core/pl=15, 1741652608311
Received update: /ndn/se-site/se/svs_core/se=15, 1741652608311
Received update: /ndn/sk-site/sk/svs_core/sk=15, 1741652608311
Received update: /ndn/de1-site/de1/svs_core/de1=15, 1741652608311
Received update: /ndn/de2-site/de2/svs_core/de2=16, 1741652608311
Received update: /ndn/md-site/md/svs_core/md=15, 1741652608333
Received update: /ndn/me-site/me/svs_core/me=15, 1741652608333
Received update: /ndn/me-site/me/svs_core/me=16, 1741652608333
Sending Sync interest
Received update: /ndn/it-site/it/svs_core/it=15, 1741652608392
Received update: /ndn/mt-site/mt/svs_core/mt=15, 1741652608392
Sending Sync interest
Received update: /ndn/at-site/at/svs_core/at=16, 1741652608614
Received update: /ndn/si-site/si/svs_core/si=15, 1741652608614
Received update: /ndn/ua-site/ua/svs_core/ua=15, 1741652608614
Received update: /ndn/cy-site/cy/svs_core/cy=16, 1741652609051
Received update: /ndn/ee-site/ee/svs_core/ee=15, 1741652609051
Received update: /ndn/gr-site/gr/svs_core/gr=15, 1741652609051
Received update: /ndn/il-site/il/svs_core/il=15, 1741652609051
Received update: /ndn/ge-site/ge/svs_core/ge=16, 1741652609795
Received update: /ndn/lu-site/lu/svs_core/lu=15, 1741652609795
Received update: /ndn/mk-site/mk/svs_core/mk=15, 1741652609795
Received update: /ndn/rs-site/rs/svs_core/rs=15, 1741652609795
Received update: /ndn/uk-site/uk/svs_core/uk=15, 1741652609795
Received update: /ndn/az-site/az/svs_core/az=15, 1741652610882
Received update: /ndn/al-site/al/svs_core/al=14, 1741652625608
Received update: /ndn/al-site/al/svs_core/al=15, 1741652625608
Received update: /ndn/az-site/az/svs_core/az=16, 1741652625608
Received update: /ndn/be-site/be/svs_core/be=15, 1741652625608
Received update: /ndn/be-site/be/svs_core/be=16, 1741652625608
Received update: /ndn/nl-site/nl/svs_core/nl=16, 1741652625608
Received update: /ndn/tr-site/tr/svs_core/tr=16, 1741652625775
Received update: /ndn/am-site/am/svs_core/am=16, 1741652631730
Received update: /ndn/hu-site/hu/svs_core/hu=16, 1741652631730
Received update: /ndn/lt-site/lt/svs_core/lt=16, 1741652631730
Received update: /ndn/ro-site/ro/svs_core/ro=16, 1741652631730
Received update: /ndn/si-site/si/svs_core/si=16, 1741652631730
Received update: /ndn/sk-site/sk/svs_core/sk=16, 1741652631730
Received update: /ndn/hr-site/hr/svs_core/hr=16, 1741652631913
Received update: /ndn/lu-site/lu/svs_core/lu=16, 1741652632061
Received update: /ndn/lv-site/lv/svs_core/lv=15, 1741652632061
Received update: /ndn/lv-site/lv/svs_core/lv=16, 1741652632061
Received update: /ndn/de1-site/de1/svs_core/de1=16, 1741652632061
Stopping SVS client: /ndn/ch-site/ch/svs_core/ch
