SVS client starting: /ndn/ge-site/ge/svs_core/ge
Sending Sync interest
Received update: /ndn/ua-site/ua/svs_core/ua=1, 1741731985550
Received update: /ndn/de1-site/de1/svs_core/de1=1, 1741731987411
Received update: /ndn/by-site/by/svs_core/by=1, 1741731987725
Received update: /ndn/be-site/be/svs_core/be=1, 1741731987835
Received update: /ndn/it-site/it/svs_core/it=1, 1741731991363
Received update: /ndn/ee-site/ee/svs_core/ee=1, 1741731994280
Received update: /ndn/gr-site/gr/svs_core/gr=1, 1741731996470
Received update: /ndn/is-site/is/svs_core/is=1, 1741731996523
Sending Sync interest
Received update: /ndn/ie-site/ie/svs_core/ie=1, 1741731996672
Received update: /ndn/cz-site/cz/svs_core/cz=1, 1741732001292
Received update: /ndn/tr-site/tr/svs_core/tr=1, 1741732001292
Received update: /ndn/sk-site/sk/svs_core/sk=1, 1741732001600
Received update: /ndn/pl-site/pl/svs_core/pl=1, 1741732003767
Received update: /ndn/fr2-site/fr2/svs_core/fr2=1, 1741732004188
Received update: /ndn/ro-site/ro/svs_core/ro=1, 1741732004367
Received update: /ndn/uk-site/uk/svs_core/uk=1, 1741732004788
Received update: /ndn/se-site/se/svs_core/se=1, 1741732006580
Received update: /ndn/al-site/al/svs_core/al=1, 1741732007092
Received update: /ndn/hr-site/hr/svs_core/hr=1, 1741732007441
Received update: /ndn/de2-site/de2/svs_core/de2=1, 1741732008949
Received update: /ndn/si-site/si/svs_core/si=1, 1741732010281
Received update: /ndn/fi-site/fi/svs_core/fi=1, 1741732010944
Received update: /ndn/fr1-site/fr1/svs_core/fr1=1, 1741732011073
Received update: /ndn/il-site/il/svs_core/il=1, 1741732011150
Received update: /ndn/mk-site/mk/svs_core/mk=1, 1741732011352
Sending Sync interest
Received update: /ndn/cy-site/cy/svs_core/cy=1, 1741732012158
Received update: /ndn/nl-site/nl/svs_core/nl=1, 1741732012483
Received update: /ndn/no-site/no/svs_core/no=1, 1741732013665
Published sequence number: /ndn/ge-site/ge/svs_core/ge=1, 1741732013837
Sending Sync interest
Received update: /ndn/lv-site/lv/svs_core/lv=1, 1741732016753
Received update: /ndn/ch-site/ch/svs_core/ch=1, 1741732016756
Received update: /ndn/dk-site/dk/svs_core/dk=1, 1741732016886
Received update: /ndn/az-site/az/svs_core/az=1, 1741732017107
Received update: /ndn/at-site/at/svs_core/at=1, 1741732021498
Received update: /ndn/mt-site/mt/svs_core/mt=1, 1741732021534
Received update: /ndn/am-site/am/svs_core/am=1, 1741732021836
Received update: /ndn/bg-site/bg/svs_core/bg=1, 1741732023323
Received update: /ndn/pt-site/pt/svs_core/pt=1, 1741732023709
Received update: /ndn/lt-site/lt/svs_core/lt=1, 1741732026363
Received update: /ndn/me-site/me/svs_core/me=1, 1741732026363
Received update: /ndn/hu-site/hu/svs_core/hu=1, 1741732027801
Received update: /ndn/rs-site/rs/svs_core/rs=1, 1741732027801
Received update: /ndn/md-site/md/svs_core/md=1, 1741732029175
Received update: /ndn/es-site/es/svs_core/es=1, 1741732030154
Received update: /ndn/ua-site/ua/svs_core/ua=2, 1741732030565
Received update: /ndn/lu-site/lu/svs_core/lu=1, 1741732030863
Received update: /ndn/be-site/be/svs_core/be=2, 1741732031257
Received update: /ndn/ee-site/ee/svs_core/ee=2, 1741732039240
Sending Sync interest
Received update: /ndn/de1-site/de1/svs_core/de1=2, 1741732039451
Received update: /ndn/it-site/it/svs_core/it=2, 1741732039559
Received update: /ndn/by-site/by/svs_core/by=2, 1741732040535
Received update: /ndn/is-site/is/svs_core/is=2, 1741732041505
Received update: /ndn/gr-site/gr/svs_core/gr=2, 1741732042455
Received update: /ndn/cz-site/cz/svs_core/cz=2, 1741732046188
Received update: /ndn/tr-site/tr/svs_core/tr=2, 1741732046188
Received update: /ndn/ie-site/ie/svs_core/ie=2, 1741732046580
Received update: /ndn/sk-site/sk/svs_core/sk=2, 1741732046588
Received update: /ndn/pl-site/pl/svs_core/pl=2, 1741732048771
Received update: /ndn/fr2-site/fr2/svs_core/fr2=2, 1741732049188
Received update: /ndn/ro-site/ro/svs_core/ro=2, 1741732049365
Received update: /ndn/uk-site/uk/svs_core/uk=2, 1741732049828
Received update: /ndn/hr-site/hr/svs_core/hr=2, 1741732052527
Received update: /ndn/se-site/se/svs_core/se=2, 1741732053150
Received update: /ndn/al-site/al/svs_core/al=2, 1741732053277
Received update: /ndn/de2-site/de2/svs_core/de2=2, 1741732053970
Received update: /ndn/fr1-site/fr1/svs_core/fr1=2, 1741732056056
Received update: /ndn/il-site/il/svs_core/il=2, 1741732056148
Sending Sync interest
Received update: /ndn/si-site/si/svs_core/si=2, 1741732056658
Received update: /ndn/mk-site/mk/svs_core/mk=2, 1741732056911
Received update: /ndn/fi-site/fi/svs_core/fi=2, 1741732057309
Received update: /ndn/cy-site/cy/svs_core/cy=2, 1741732057359
Received update: /ndn/nl-site/nl/svs_core/nl=2, 1741732057359
Published sequence number: /ndn/ge-site/ge/svs_core/ge=2, 1741732058843
Sending Sync interest
Received update: /ndn/no-site/no/svs_core/no=2, 1741732058915
Received update: /ndn/az-site/az/svs_core/az=2, 1741732061310
Received update: /ndn/ch-site/ch/svs_core/ch=2, 1741732061639
Received update: /ndn/lv-site/lv/svs_core/lv=2, 1741732061736
Received update: /ndn/am-site/am/svs_core/am=2, 1741732063838
Received update: /ndn/at-site/at/svs_core/at=2, 1741732066553
Received update: /ndn/dk-site/dk/svs_core/dk=2, 1741732066553
Received update: /ndn/mt-site/mt/svs_core/mt=2, 1741732068288
Received update: /ndn/pt-site/pt/svs_core/pt=2, 1741732068288
Received update: /ndn/bg-site/bg/svs_core/bg=2, 1741732068331
Sending Sync interest
Received update: /ndn/me-site/me/svs_core/me=2, 1741732070362
Received update: /ndn/lt-site/lt/svs_core/lt=2, 1741732071321
Received update: /ndn/rs-site/rs/svs_core/rs=2, 1741732071628
Received update: /ndn/hu-site/hu/svs_core/hu=2, 1741732072715
Received update: /ndn/lu-site/lu/svs_core/lu=2, 1741732074518
Received update: /ndn/md-site/md/svs_core/md=2, 1741732074906
Received update: /ndn/ua-site/ua/svs_core/ua=3, 1741732075576
Received update: /ndn/be-site/be/svs_core/be=3, 1741732076465
Received update: /ndn/es-site/es/svs_core/es=2, 1741732076550
Received update: /ndn/by-site/by/svs_core/by=3, 1741732077099
Received update: /ndn/de1-site/de1/svs_core/de1=3, 1741732077421
Received update: /ndn/ie-site/ie/svs_core/ie=3, 1741732086683
Received update: /ndn/is-site/is/svs_core/is=3, 1741732086683
Received update: /ndn/it-site/it/svs_core/it=3, 1741732086683
Received update: /ndn/ee-site/ee/svs_core/ee=3, 1741732086979
Received update: /ndn/gr-site/gr/svs_core/gr=3, 1741732087408
Received update: /ndn/cz-site/cz/svs_core/cz=3, 1741732089146
Received update: /ndn/tr-site/tr/svs_core/tr=3, 1741732091186
Received update: /ndn/sk-site/sk/svs_core/sk=3, 1741732091633
Received update: /ndn/pl-site/pl/svs_core/pl=3, 1741732093822
Received update: /ndn/fr2-site/fr2/svs_core/fr2=3, 1741732094197
Received update: /ndn/ro-site/ro/svs_core/ro=3, 1741732094463
Received update: /ndn/uk-site/uk/svs_core/uk=3, 1741732094849
Received update: /ndn/se-site/se/svs_core/se=3, 1741732096819
Received update: /ndn/al-site/al/svs_core/al=3, 1741732097302
Received update: /ndn/de2-site/de2/svs_core/de2=3, 1741732098961
Received update: /ndn/hr-site/hr/svs_core/hr=3, 1741732099281
Received update: /ndn/si-site/si/svs_core/si=3, 1741732100291
Received update: /ndn/il-site/il/svs_core/il=3, 1741732100417
Sending Sync interest
Received update: /ndn/fr1-site/fr1/svs_core/fr1=3, 1741732101046
Received update: /ndn/mk-site/mk/svs_core/mk=3, 1741732101879
Received update: /ndn/nl-site/nl/svs_core/nl=3, 1741732102144
Sending Sync interest
Received update: /ndn/cy-site/cy/svs_core/cy=3, 1741732102491
Received update: /ndn/fi-site/fi/svs_core/fi=3, 1741732102807
Received update: /ndn/no-site/no/svs_core/no=3, 1741732103672
Published sequence number: /ndn/ge-site/ge/svs_core/ge=3, 1741732103848
Sending Sync interest
Received update: /ndn/ch-site/ch/svs_core/ch=3, 1741732106649
Received update: /ndn/dk-site/dk/svs_core/dk=3, 1741732106856
Received update: /ndn/lv-site/lv/svs_core/lv=3, 1741732107171
Sending Sync interest
Received update: /ndn/az-site/az/svs_core/az=3, 1741732107697
Received update: /ndn/am-site/am/svs_core/am=3, 1741732111526
Received update: /ndn/at-site/at/svs_core/at=3, 1741732111526
Received update: /ndn/mt-site/mt/svs_core/mt=3, 1741732111746
Received update: /ndn/pt-site/pt/svs_core/pt=3, 1741732113338
Received update: /ndn/bg-site/bg/svs_core/bg=3, 1741732113716
Received update: /ndn/hu-site/hu/svs_core/hu=3, 1741732117760
Received update: /ndn/me-site/me/svs_core/me=3, 1741732117760
Received update: /ndn/rs-site/rs/svs_core/rs=3, 1741732117760
Received update: /ndn/lu-site/lu/svs_core/lu=3, 1741732119347
Sending Sync interest
Received update: /ndn/md-site/md/svs_core/md=3, 1741732119831
Received update: /ndn/be-site/be/svs_core/be=4, 1741732121398
Received update: /ndn/lt-site/lt/svs_core/lt=3, 1741732121605
Received update: /ndn/es-site/es/svs_core/es=3, 1741732121606
Received update: /ndn/by-site/by/svs_core/by=4, 1741732121683
Received update: /ndn/ua-site/ua/svs_core/ua=4, 1741732121889
Received update: /ndn/it-site/it/svs_core/it=4, 1741732126432
Received update: /ndn/de1-site/de1/svs_core/de1=4, 1741732126432
Received update: /ndn/ee-site/ee/svs_core/ee=4, 1741732129198
Received update: /ndn/gr-site/gr/svs_core/gr=4, 1741732131434
Received update: /ndn/is-site/is/svs_core/is=4, 1741732131867
Received update: /ndn/ie-site/ie/svs_core/ie=4, 1741732132241
Received update: /ndn/cz-site/cz/svs_core/cz=4, 1741732136202
Received update: /ndn/tr-site/tr/svs_core/tr=4, 1741732136202
Received update: /ndn/sk-site/sk/svs_core/sk=4, 1741732136644
Sending Sync interest
Received update: /ndn/pl-site/pl/svs_core/pl=4, 1741732138828
Received update: /ndn/fr2-site/fr2/svs_core/fr2=4, 1741732139239
Received update: /ndn/ro-site/ro/svs_core/ro=4, 1741732139385
Received update: /ndn/uk-site/uk/svs_core/uk=4, 1741732139791
Received update: /ndn/hr-site/hr/svs_core/hr=4, 1741732142450
Received update: /ndn/se-site/se/svs_core/se=4, 1741732142944
Received update: /ndn/de2-site/de2/svs_core/de2=4, 1741732143970
Received update: /ndn/fi-site/fi/svs_core/fi=4, 1741732145059
Received update: /ndn/il-site/il/svs_core/il=4, 1741732145824
Received update: /ndn/al-site/al/svs_core/al=4, 1741732146305
Received update: /ndn/mk-site/mk/svs_core/mk=4, 1741732146591
Received update: /ndn/si-site/si/svs_core/si=4, 1741732146591
Received update: /ndn/fr1-site/fr1/svs_core/fr1=4, 1741732146769
Received update: /ndn/nl-site/nl/svs_core/nl=4, 1741732147015
Sending Sync interest
Received update: /ndn/cy-site/cy/svs_core/cy=4, 1741732148040
Published sequence number: /ndn/ge-site/ge/svs_core/ge=4, 1741732148853
Sending Sync interest
Received update: /ndn/dk-site/dk/svs_core/dk=4, 1741732152249
Received update: /ndn/lv-site/lv/svs_core/lv=4, 1741732152249
Received update: /ndn/no-site/no/svs_core/no=4, 1741732152249
Received update: /ndn/ch-site/ch/svs_core/ch=4, 1741732152291
Received update: /ndn/az-site/az/svs_core/az=4, 1741732152876
Received update: /ndn/mt-site/mt/svs_core/mt=4, 1741732156547
Received update: /ndn/at-site/at/svs_core/at=4, 1741732156565
Received update: /ndn/pt-site/pt/svs_core/pt=4, 1741732158445
Received update: /ndn/bg-site/bg/svs_core/bg=4, 1741732158918
Received update: /ndn/am-site/am/svs_core/am=4, 1741732159019
Received update: /ndn/me-site/me/svs_core/me=4, 1741732160376
Received update: /ndn/lt-site/lt/svs_core/lt=4, 1741732161404
Received update: /ndn/rs-site/rs/svs_core/rs=4, 1741732161614
Received update: /ndn/hu-site/hu/svs_core/hu=4, 1741732162721
Received update: /ndn/lu-site/lu/svs_core/lu=4, 1741732164319
Received update: /ndn/ua-site/ua/svs_core/ua=5, 1741732165626
Received update: /ndn/be-site/be/svs_core/be=5, 1741732166311
Received update: /ndn/by-site/by/svs_core/by=5, 1741732166731
Received update: /ndn/es-site/es/svs_core/es=4, 1741732166777
Received update: /ndn/md-site/md/svs_core/md=4, 1741732167142
Received update: /ndn/de1-site/de1/svs_core/de1=5, 1741732167852
Received update: /ndn/it-site/it/svs_core/it=5, 1741732171390
Received update: /ndn/ee-site/ee/svs_core/ee=5, 1741732174328
Received update: /ndn/is-site/is/svs_core/is=5, 1741732176563
Received update: /ndn/ie-site/ie/svs_core/ie=5, 1741732176682
Received update: /ndn/gr-site/gr/svs_core/gr=5, 1741732176745
Received update: /ndn/cz-site/cz/svs_core/cz=5, 1741732179153
Received update: /ndn/tr-site/tr/svs_core/tr=5, 1741732181282
Received update: /ndn/sk-site/sk/svs_core/sk=5, 1741732181641
Sending Sync interest
Received update: /ndn/pl-site/pl/svs_core/pl=5, 1741732183874
Received update: /ndn/ro-site/ro/svs_core/ro=5, 1741732184486
Received update: /ndn/uk-site/uk/svs_core/uk=5, 1741732184838
Received update: /ndn/fr2-site/fr2/svs_core/fr2=5, 1741732184977
Received update: /ndn/al-site/al/svs_core/al=5, 1741732187159
Received update: /ndn/hr-site/hr/svs_core/hr=5, 1741732187484
Received update: /ndn/se-site/se/svs_core/se=5, 1741732187584
Received update: /ndn/de2-site/de2/svs_core/de2=5, 1741732188970
Received update: /ndn/il-site/il/svs_core/il=5, 1741732190256
Received update: /ndn/si-site/si/svs_core/si=5, 1741732190670
Received update: /ndn/fr1-site/fr1/svs_core/fr1=5, 1741732191187
Received update: /ndn/fi-site/fi/svs_core/fi=5, 1741732191237
Received update: /ndn/cy-site/cy/svs_core/cy=5, 1741732192382
Received update: /ndn/mk-site/mk/svs_core/mk=5, 1741732192382
Received update: /ndn/nl-site/nl/svs_core/nl=5, 1741732192382
Published sequence number: /ndn/ge-site/ge/svs_core/ge=5, 1741732193856
Sending Sync interest
Received update: /ndn/no-site/no/svs_core/no=5, 1741732194005
Sending Sync interest
Sending Sync interest
Received update: /ndn/az-site/az/svs_core/az=5, 1741732196729
Received update: /ndn/ch-site/ch/svs_core/ch=5, 1741732196729
Received update: /ndn/lv-site/lv/svs_core/lv=5, 1741732196732
Received update: /ndn/dk-site/dk/svs_core/dk=5, 1741732196859
Received update: /ndn/at-site/at/svs_core/at=5, 1741732201526
Received update: /ndn/bg-site/bg/svs_core/bg=5, 1741732203386
Received update: /ndn/pt-site/pt/svs_core/pt=5, 1741732203509
Received update: /ndn/am-site/am/svs_core/am=5, 1741732204039
Received update: /ndn/mt-site/mt/svs_core/mt=5, 1741732204370
Received update: /ndn/lt-site/lt/svs_core/lt=5, 1741732206322
Received update: /ndn/me-site/me/svs_core/me=5, 1741732206426
Received update: /ndn/rs-site/rs/svs_core/rs=5, 1741732206602
Received update: /ndn/hu-site/hu/svs_core/hu=5, 1741732208988
Received update: /ndn/md-site/md/svs_core/md=5, 1741732208988
Received update: /ndn/lu-site/lu/svs_core/lu=5, 1741732209315
Sending Sync interest
Received update: /ndn/be-site/be/svs_core/be=6, 1741732211595
Received update: /ndn/es-site/es/svs_core/es=5, 1741732211595
Received update: /ndn/ua-site/ua/svs_core/ua=6, 1741732212164
Received update: /ndn/de1-site/de1/svs_core/de1=6, 1741732212613
Received update: /ndn/ee-site/ee/svs_core/ee=6, 1741732219620
Received update: /ndn/it-site/it/svs_core/it=6, 1741732219620
Received update: /ndn/gr-site/gr/svs_core/gr=6, 1741732221436
Received update: /ndn/is-site/is/svs_core/is=6, 1741732221565
Received update: /ndn/ie-site/ie/svs_core/ie=6, 1741732221730
Received update: /ndn/by-site/by/svs_core/by=6, 1741732222628
Received update: /ndn/cz-site/cz/svs_core/cz=6, 1741732224152
Received update: /ndn/tr-site/tr/svs_core/tr=6, 1741732226202
Received update: /ndn/pl-site/pl/svs_core/pl=6, 1741732228826
Received update: /ndn/sk-site/sk/svs_core/sk=6, 1741732228826
Received update: /ndn/ro-site/ro/svs_core/ro=6, 1741732229390
Received update: /ndn/fr2-site/fr2/svs_core/fr2=6, 1741732229390
Received update: /ndn/se-site/se/svs_core/se=6, 1741732231871
Received update: /ndn/uk-site/uk/svs_core/uk=6, 1741732231871
Received update: /ndn/al-site/al/svs_core/al=6, 1741732232134
Received update: /ndn/hr-site/hr/svs_core/hr=6, 1741732232499
Received update: /ndn/de2-site/de2/svs_core/de2=6, 1741732233973
Received update: /ndn/fi-site/fi/svs_core/fi=6, 1741732234779
Received update: /ndn/il-site/il/svs_core/il=6, 1741732235251
Received update: /ndn/si-site/si/svs_core/si=6, 1741732235779
Received update: /ndn/fr1-site/fr1/svs_core/fr1=6, 1741732236404
Received update: /ndn/mk-site/mk/svs_core/mk=6, 1741732237118
Received update: /ndn/cy-site/cy/svs_core/cy=6, 1741732237253
Received update: /ndn/nl-site/nl/svs_core/nl=6, 1741732237253
Published sequence number: /ndn/ge-site/ge/svs_core/ge=6, 1741732238856
Sending Sync interest
Received update: /ndn/no-site/no/svs_core/no=6, 1741732239141
Received update: /ndn/az-site/az/svs_core/az=6, 1741732241293
Received update: /ndn/ch-site/ch/svs_core/ch=6, 1741732241647
Received update: /ndn/dk-site/dk/svs_core/dk=6, 1741732241920
Received update: /ndn/am-site/am/svs_core/am=6, 1741732243777
Received update: /ndn/lv-site/lv/svs_core/lv=6, 1741732244339
Received update: /ndn/at-site/at/svs_core/at=6, 1741732246531
Received update: /ndn/bg-site/bg/svs_core/bg=6, 1741732248346
Received update: /ndn/pt-site/pt/svs_core/pt=6, 1741732248905
Received update: /ndn/me-site/me/svs_core/me=6, 1741732250397
Received update: /ndn/lt-site/lt/svs_core/lt=6, 1741732251335
Sending Sync interest
Received update: /ndn/hu-site/hu/svs_core/hu=6, 1741732252733
Received update: /ndn/mt-site/mt/svs_core/mt=6, 1741732253511
Received update: /ndn/rs-site/rs/svs_core/rs=6, 1741732253511
Received update: /ndn/md-site/md/svs_core/md=6, 1741732254204
Sending Sync interest
Received update: /ndn/lu-site/lu/svs_core/lu=6, 1741732254580
Received update: /ndn/es-site/es/svs_core/es=6, 1741732255134
Received update: /ndn/ua-site/ua/svs_core/ua=7, 1741732255592
Received update: /ndn/by-site/by/svs_core/by=7, 1741732256825
Received update: /ndn/be-site/be/svs_core/be=7, 1741732257178
Received update: /ndn/de1-site/de1/svs_core/de1=7, 1741732257433
Received update: /ndn/it-site/it/svs_core/it=7, 1741732261429
Received update: /ndn/ee-site/ee/svs_core/ee=7, 1741732264590
Received update: /ndn/gr-site/gr/svs_core/gr=7, 1741732266440
Received update: /ndn/cz-site/cz/svs_core/cz=7, 1741732269160
Received update: /ndn/is-site/is/svs_core/is=7, 1741732269718
Received update: /ndn/tr-site/tr/svs_core/tr=7, 1741732271249
Received update: /ndn/sk-site/sk/svs_core/sk=7, 1741732271662
Received update: /ndn/pl-site/pl/svs_core/pl=7, 1741732273804
Received update: /ndn/fr2-site/fr2/svs_core/fr2=7, 1741732274266
Received update: /ndn/ro-site/ro/svs_core/ro=7, 1741732274491
Received update: /ndn/uk-site/uk/svs_core/uk=7, 1741732274808
Sending Sync interest
Received update: /ndn/ie-site/ie/svs_core/ie=7, 1741732275604
Received update: /ndn/al-site/al/svs_core/al=7, 1741732279622
Received update: /ndn/hr-site/hr/svs_core/hr=7, 1741732279622
Received update: /ndn/se-site/se/svs_core/se=7, 1741732279622
Received update: /ndn/de2-site/de2/svs_core/de2=7, 1741732279622
Received update: /ndn/il-site/il/svs_core/il=7, 1741732280264
Received update: /ndn/fi-site/fi/svs_core/fi=7, 1741732280876
Received update: /ndn/fr1-site/fr1/svs_core/fr1=7, 1741732281159
Sending Sync interest
Received update: /ndn/mk-site/mk/svs_core/mk=7, 1741732281420
Received update: /ndn/si-site/si/svs_core/si=7, 1741732281465
Received update: /ndn/nl-site/nl/svs_core/nl=7, 1741732281992
Sending Sync interest
Received update: /ndn/cy-site/cy/svs_core/cy=7, 1741732282808
Published sequence number: /ndn/ge-site/ge/svs_core/ge=7, 1741732283866
Sending Sync interest
Received update: /ndn/az-site/az/svs_core/az=7, 1741732286380
Received update: /ndn/lv-site/lv/svs_core/lv=7, 1741732286735
Sending Sync interest
Received update: /ndn/ch-site/ch/svs_core/ch=7, 1741732287021
Received update: /ndn/no-site/no/svs_core/no=7, 1741732287021
Received update: /ndn/dk-site/dk/svs_core/dk=7, 1741732287232
Received update: /ndn/am-site/am/svs_core/am=7, 1741732288774
Received update: /ndn/at-site/at/svs_core/at=7, 1741732293365
Received update: /ndn/bg-site/bg/svs_core/bg=7, 1741732293365
Received update: /ndn/hu-site/hu/svs_core/hu=7, 1741732297744
Received update: /ndn/me-site/me/svs_core/me=7, 1741732298027
Received update: /ndn/mt-site/mt/svs_core/mt=7, 1741732298213
Received update: /ndn/lt-site/lt/svs_core/lt=7, 1741732298640
Received update: /ndn/pt-site/pt/svs_core/pt=7, 1741732298986
Received update: /ndn/rs-site/rs/svs_core/rs=7, 1741732299346
Received update: /ndn/md-site/md/svs_core/md=7, 1741732299486
Received update: /ndn/lu-site/lu/svs_core/lu=7, 1741732299848
Received update: /ndn/es-site/es/svs_core/es=7, 1741732300724
Received update: /ndn/ua-site/ua/svs_core/ua=8, 1741732300724
Received update: /ndn/be-site/be/svs_core/be=8, 1741732301288
Received update: /ndn/it-site/it/svs_core/it=8, 1741732306390
Received update: /ndn/de1-site/de1/svs_core/de1=8, 1741732306757
Received update: /ndn/cz-site/cz/svs_core/cz=8, 1741732314539
Received update: /ndn/ie-site/ie/svs_core/ie=8, 1741732314539
Received update: /ndn/by-site/by/svs_core/by=8, 1741732314584
Received update: /ndn/is-site/is/svs_core/is=8, 1741732314703
Received update: /ndn/gr-site/gr/svs_core/gr=8, 1741732315108
Received update: /ndn/ee-site/ee/svs_core/ee=8, 1741732315164
Received update: /ndn/tr-site/tr/svs_core/tr=8, 1741732316218
Received update: /ndn/sk-site/sk/svs_core/sk=8, 1741732316660
Sending Sync interest
Received update: /ndn/pl-site/pl/svs_core/pl=8, 1741732318804
Received update: /ndn/fr2-site/fr2/svs_core/fr2=8, 1741732319171
Received update: /ndn/ro-site/ro/svs_core/ro=8, 1741732319398
Received update: /ndn/uk-site/uk/svs_core/uk=8, 1741732319847
Received update: /ndn/al-site/al/svs_core/al=8, 1741732322539
Received update: /ndn/hr-site/hr/svs_core/hr=8, 1741732322539
Received update: /ndn/se-site/se/svs_core/se=8, 1741732323155
Received update: /ndn/de2-site/de2/svs_core/de2=8, 1741732323984
Received update: /ndn/il-site/il/svs_core/il=8, 1741732325270
Received update: /ndn/fr1-site/fr1/svs_core/fr1=8, 1741732326312
Received update: /ndn/mk-site/mk/svs_core/mk=8, 1741732326362
Received update: /ndn/si-site/si/svs_core/si=8, 1741732326558
Received update: /ndn/fi-site/fi/svs_core/fi=8, 1741732327092
Received update: /ndn/nl-site/nl/svs_core/nl=8, 1741732327435
Received update: /ndn/cy-site/cy/svs_core/cy=8, 1741732327666
Published sequence number: /ndn/ge-site/ge/svs_core/ge=8, 1741732328869
Sending Sync interest
Received update: /ndn/no-site/no/svs_core/no=8, 1741732329479
Received update: /ndn/az-site/az/svs_core/az=8, 1741732331379
Received update: /ndn/ch-site/ch/svs_core/ch=8, 1741732331733
Received update: /ndn/lv-site/lv/svs_core/lv=8, 1741732331969
Received update: /ndn/dk-site/dk/svs_core/dk=8, 1741732332290
Received update: /ndn/am-site/am/svs_core/am=8, 1741732333816
Received update: /ndn/at-site/at/svs_core/at=8, 1741732336539
Received update: /ndn/mt-site/mt/svs_core/mt=8, 1741732336559
Sending Sync interest
Received update: /ndn/pt-site/pt/svs_core/pt=8, 1741732338419
Received update: /ndn/bg-site/bg/svs_core/bg=8, 1741732338869
Received update: /ndn/me-site/me/svs_core/me=8, 1741732340420
Received update: /ndn/rs-site/rs/svs_core/rs=8, 1741732341628
Received update: /ndn/lt-site/lt/svs_core/lt=8, 1741732342747
Received update: /ndn/hu-site/hu/svs_core/hu=8, 1741732343112
Received update: /ndn/md-site/md/svs_core/md=8, 1741732344203
Received update: /ndn/be-site/be/svs_core/be=9, 1741732346343
Received update: /ndn/lu-site/lu/svs_core/lu=8, 1741732346560
Received update: /ndn/es-site/es/svs_core/es=8, 1741732346720
Received update: /ndn/by-site/by/svs_core/by=9, 1741732347425
Received update: /ndn/de1-site/de1/svs_core/de1=9, 1741732347431
Received update: /ndn/it-site/it/svs_core/it=9, 1741732351411
Received update: /ndn/ua-site/ua/svs_core/ua=9, 1741732351411
Received update: /ndn/tr-site/tr/svs_core/tr=9, 1741732361398
Received update: /ndn/gr-site/gr/svs_core/gr=9, 1741732361739
Received update: /ndn/is-site/is/svs_core/is=9, 1741732361785
Received update: /ndn/cz-site/cz/svs_core/cz=9, 1741732361911
Received update: /ndn/sk-site/sk/svs_core/sk=9, 1741732361911
Received update: /ndn/ie-site/ie/svs_core/ie=9, 1741732362039
Sending Sync interest
Received update: /ndn/ee-site/ee/svs_core/ee=9, 1741732362373
Received update: /ndn/pl-site/pl/svs_core/pl=9, 1741732363814
Received update: /ndn/ro-site/ro/svs_core/ro=9, 1741732364420
Received update: /ndn/uk-site/uk/svs_core/uk=9, 1741732364856
Sending Sync interest
Received update: /ndn/fr2-site/fr2/svs_core/fr2=9, 1741732365143
Received update: /ndn/se-site/se/svs_core/se=9, 1741732366715
Received update: /ndn/hr-site/hr/svs_core/hr=9, 1741732367516
Received update: /ndn/si-site/si/svs_core/si=9, 1741732370509
Received update: /ndn/de2-site/de2/svs_core/de2=9, 1741732370576
Received update: /ndn/fi-site/fi/svs_core/fi=9, 1741732370954
Sending Sync interest
Received update: /ndn/il-site/il/svs_core/il=9, 1741732371269
Received update: /ndn/mk-site/mk/svs_core/mk=9, 1741732371370
Received update: /ndn/fr1-site/fr1/svs_core/fr1=9, 1741732371547
Received update: /ndn/al-site/al/svs_core/al=9, 1741732371722
Received update: /ndn/nl-site/nl/svs_core/nl=9, 1741732371957
Received update: /ndn/cy-site/cy/svs_core/cy=9, 1741732372413
Sending Sync interest
Received update: /ndn/no-site/no/svs_core/no=9, 1741732373724
Published sequence number: /ndn/ge-site/ge/svs_core/ge=9, 1741732373870
Sending Sync interest
Received update: /ndn/at-site/at/svs_core/at=9, 1741732381552
Sending Sync interest
Received update: /ndn/dk-site/dk/svs_core/dk=9, 1741732381848
Received update: /ndn/lv-site/lv/svs_core/lv=9, 1741732381848
Sending Sync interest
Received update: /ndn/ch-site/ch/svs_core/ch=9, 1741732382188
Received update: /ndn/mt-site/mt/svs_core/mt=9, 1741732382226
Sending Sync interest
Received update: /ndn/am-site/am/svs_core/am=9, 1741732382401
Sending Sync interest
Received update: /ndn/az-site/az/svs_core/az=9, 1741732382779
Received update: /ndn/pt-site/pt/svs_core/pt=9, 1741732383311
Sending Sync interest
Received update: /ndn/bg-site/bg/svs_core/bg=9, 1741732383760
Received update: /ndn/lt-site/lt/svs_core/lt=9, 1741732386338
Received update: /ndn/me-site/me/svs_core/me=9, 1741732386338
Received update: /ndn/rs-site/rs/svs_core/rs=9, 1741732386627
Received update: /ndn/hu-site/hu/svs_core/hu=9, 1741732389052
Received update: /ndn/md-site/md/svs_core/md=9, 1741732389052
Received update: /ndn/es-site/es/svs_core/es=9, 1741732390107
Received update: /ndn/lu-site/lu/svs_core/lu=9, 1741732390439
Received update: /ndn/by-site/by/svs_core/by=10, 1741732391861
Received update: /ndn/be-site/be/svs_core/be=10, 1741732392168
Received update: /ndn/ua-site/ua/svs_core/ua=10, 1741732392184
Received update: /ndn/de1-site/de1/svs_core/de1=10, 1741732392710
Received update: /ndn/it-site/it/svs_core/it=10, 1741732396635
Received update: /ndn/ee-site/ee/svs_core/ee=10, 1741732399553
Received update: /ndn/cz-site/cz/svs_core/cz=10, 1741732404176
Received update: /ndn/gr-site/gr/svs_core/gr=10, 1741732404301
Received update: /ndn/ie-site/ie/svs_core/ie=10, 1741732404808
Received update: /ndn/tr-site/tr/svs_core/tr=10, 1741732406223
Received update: /ndn/is-site/is/svs_core/is=10, 1741732406643
Received update: /ndn/pl-site/pl/svs_core/pl=10, 1741732408814
Received update: /ndn/sk-site/sk/svs_core/sk=10, 1741732408814
Received update: /ndn/ro-site/ro/svs_core/ro=10, 1741732409816
Received update: /ndn/uk-site/uk/svs_core/uk=10, 1741732409816
Received update: /ndn/fr2-site/fr2/svs_core/fr2=10, 1741732409816
Received update: /ndn/al-site/al/svs_core/al=10, 1741732412113
Sending Sync interest
Received update: /ndn/se-site/se/svs_core/se=10, 1741732412576
Received update: /ndn/hr-site/hr/svs_core/hr=10, 1741732412584
Received update: /ndn/de2-site/de2/svs_core/de2=10, 1741732414051
Received update: /ndn/fi-site/fi/svs_core/fi=10, 1741732414876
Sending Sync interest
Received update: /ndn/il-site/il/svs_core/il=10, 1741732415271
Received update: /ndn/fr1-site/fr1/svs_core/fr1=10, 1741732416260
Received update: /ndn/mk-site/mk/svs_core/mk=10, 1741732416447
Received update: /ndn/si-site/si/svs_core/si=10, 1741732416536
Received update: /ndn/nl-site/nl/svs_core/nl=10, 1741732417281
Received update: /ndn/cy-site/cy/svs_core/cy=10, 1741732417495
Sending Sync interest
Received update: /ndn/no-site/no/svs_core/no=10, 1741732418704
Published sequence number: /ndn/ge-site/ge/svs_core/ge=10, 1741732418874
Sending Sync interest
Received update: /ndn/az-site/az/svs_core/az=10, 1741732421651
Received update: /ndn/ch-site/ch/svs_core/ch=10, 1741732421651
Received update: /ndn/dk-site/dk/svs_core/dk=10, 1741732421972
Received update: /ndn/am-site/am/svs_core/am=10, 1741732423774
Received update: /ndn/at-site/at/svs_core/at=10, 1741732426558
Received update: /ndn/mt-site/mt/svs_core/mt=10, 1741732426623
Sending Sync interest
Sending Sync interest
Received update: /ndn/lv-site/lv/svs_core/lv=10, 1741732427509
Received update: /ndn/bg-site/bg/svs_core/bg=10, 1741732428358
Received update: /ndn/pt-site/pt/svs_core/pt=10, 1741732428360
Received update: /ndn/rs-site/rs/svs_core/rs=10, 1741732431613
Sending Sync interest
Received update: /ndn/lt-site/lt/svs_core/lt=10, 1741732432399
Received update: /ndn/md-site/md/svs_core/md=10, 1741732434061
Received update: /ndn/hu-site/hu/svs_core/hu=10, 1741732434147
Received update: /ndn/es-site/es/svs_core/es=10, 1741732435146
Received update: /ndn/lu-site/lu/svs_core/lu=10, 1741732435443
Received update: /ndn/me-site/me/svs_core/me=10, 1741732435577
Received update: /ndn/ua-site/ua/svs_core/ua=11, 1741732436302
Received update: /ndn/be-site/be/svs_core/be=11, 1741732436437
Received update: /ndn/by-site/by/svs_core/by=11, 1741732437204
Received update: /ndn/de1-site/de1/svs_core/de1=11, 1741732437443
Sending Sync interest
Received update: /ndn/it-site/it/svs_core/it=11, 1741732441496
Received update: /ndn/ee-site/ee/svs_core/ee=11, 1741732444227
Received update: /ndn/is-site/is/svs_core/is=11, 1741732446541
Received update: /ndn/ie-site/ie/svs_core/ie=11, 1741732446707
Sending Sync interest
Received update: /ndn/gr-site/gr/svs_core/gr=11, 1741732446881
Received update: /ndn/cz-site/cz/svs_core/cz=11, 1741732449181
Received update: /ndn/sk-site/sk/svs_core/sk=11, 1741732451645
Received update: /ndn/tr-site/tr/svs_core/tr=11, 1741732451645
Received update: /ndn/pl-site/pl/svs_core/pl=11, 1741732453856
Received update: /ndn/fr2-site/fr2/svs_core/fr2=11, 1741732454187
Sending Sync interest
Received update: /ndn/ro-site/ro/svs_core/ro=11, 1741732454696
Received update: /ndn/se-site/se/svs_core/se=11, 1741732456749
Received update: /ndn/uk-site/uk/svs_core/uk=11, 1741732456749
Received update: /ndn/al-site/al/svs_core/al=11, 1741732457110
Received update: /ndn/hr-site/hr/svs_core/hr=11, 1741732457473
Received update: /ndn/de2-site/de2/svs_core/de2=11, 1741732459017
Received update: /ndn/si-site/si/svs_core/si=11, 1741732461039
Received update: /ndn/fr1-site/fr1/svs_core/fr1=11, 1741732461039
Received update: /ndn/mk-site/mk/svs_core/mk=11, 1741732461371
Received update: /ndn/il-site/il/svs_core/il=11, 1741732461461
Received update: /ndn/cy-site/cy/svs_core/cy=11, 1741732462233
Received update: /ndn/nl-site/nl/svs_core/nl=11, 1741732462650
Published sequence number: /ndn/ge-site/ge/svs_core/ge=11, 1741732463877
Sending Sync interest
Received update: /ndn/no-site/no/svs_core/no=11, 1741732464628
Received update: /ndn/ch-site/ch/svs_core/ch=11, 1741732466741
Received update: /ndn/lv-site/lv/svs_core/lv=11, 1741732466957
Sending Sync interest
Received update: /ndn/az-site/az/svs_core/az=11, 1741732467352
Received update: /ndn/dk-site/dk/svs_core/dk=11, 1741732467374
Received update: /ndn/am-site/am/svs_core/am=11, 1741732468774
Received update: /ndn/fi-site/fi/svs_core/fi=11, 1741732469163
Received update: /ndn/at-site/at/svs_core/at=11, 1741732471563
Received update: /ndn/mt-site/mt/svs_core/mt=11, 1741732471788
Received update: /ndn/pt-site/pt/svs_core/pt=11, 1741732473335
Received update: /ndn/me-site/me/svs_core/me=11, 1741732475439
Received update: /ndn/lt-site/lt/svs_core/lt=11, 1741732476640
Received update: /ndn/bg-site/bg/svs_core/bg=11, 1741732477078
Received update: /ndn/rs-site/rs/svs_core/rs=11, 1741732477388
Received update: /ndn/hu-site/hu/svs_core/hu=11, 1741732479206
Received update: /ndn/md-site/md/svs_core/md=11, 1741732479206
Received update: /ndn/es-site/es/svs_core/es=11, 1741732480243
Received update: /ndn/lu-site/lu/svs_core/lu=11, 1741732480290
Received update: /ndn/by-site/by/svs_core/by=12, 1741732481884
Received update: /ndn/be-site/be/svs_core/be=12, 1741732482353
Received update: /ndn/ua-site/ua/svs_core/ua=12, 1741732482379
Received update: /ndn/de1-site/de1/svs_core/de1=12, 1741732482441
Received update: /ndn/it-site/it/svs_core/it=12, 1741732486405
Received update: /ndn/gr-site/gr/svs_core/gr=12, 1741732491505
Received update: /ndn/cz-site/cz/svs_core/cz=12, 1741732494181
Received update: /ndn/ee-site/ee/svs_core/ee=12, 1741732494486
Received update: /ndn/is-site/is/svs_core/is=12, 1741732494645
Received update: /ndn/tr-site/tr/svs_core/tr=12, 1741732498571
Received update: /ndn/pl-site/pl/svs_core/pl=12, 1741732498812
Received update: /ndn/sk-site/sk/svs_core/sk=12, 1741732498955
Received update: /ndn/ro-site/ro/svs_core/ro=12, 1741732499750
Received update: /ndn/fr2-site/fr2/svs_core/fr2=12, 1741732499750
Received update: /ndn/ie-site/ie/svs_core/ie=12, 1741732500033
Received update: /ndn/uk-site/uk/svs_core/uk=12, 1741732500033
Received update: /ndn/se-site/se/svs_core/se=12, 1741732501755
Received update: /ndn/de2-site/de2/svs_core/de2=12, 1741732504021
Received update: /ndn/hr-site/hr/svs_core/hr=12, 1741732504235
Received update: /ndn/il-site/il/svs_core/il=12, 1741732505295
Sending Sync interest
Received update: /ndn/si-site/si/svs_core/si=12, 1741732505852
Received update: /ndn/fi-site/fi/svs_core/fi=12, 1741732505918
Received update: /ndn/al-site/al/svs_core/al=12, 1741732506017
Received update: /ndn/fr1-site/fr1/svs_core/fr1=12, 1741732506481
Received update: /ndn/nl-site/nl/svs_core/nl=12, 1741732507088
Received update: /ndn/mk-site/mk/svs_core/mk=12, 1741732507162
Received update: /ndn/cy-site/cy/svs_core/cy=12, 1741732507844
Published sequence number: /ndn/ge-site/ge/svs_core/ge=12, 1741732508881
Sending Sync interest
Received update: /ndn/az-site/az/svs_core/az=12, 1741732511321
Sending Sync interest
Received update: /ndn/no-site/no/svs_core/no=12, 1741732511796
Received update: /ndn/lv-site/lv/svs_core/lv=12, 1741732512097
Received update: /ndn/ch-site/ch/svs_core/ch=12, 1741732512162
Received update: /ndn/dk-site/dk/svs_core/dk=12, 1741732512226
Received update: /ndn/am-site/am/svs_core/am=12, 1741732513790
Received update: /ndn/at-site/at/svs_core/at=12, 1741732516558
Received update: /ndn/mt-site/mt/svs_core/mt=12, 1741732516622
Sending Sync interest
Received update: /ndn/hu-site/hu/svs_core/hu=12, 1741732522760
Received update: /ndn/pt-site/pt/svs_core/pt=12, 1741732522760
Received update: /ndn/rs-site/rs/svs_core/rs=12, 1741732523047
Received update: /ndn/bg-site/bg/svs_core/bg=12, 1741732523141
Received update: /ndn/lt-site/lt/svs_core/lt=12, 1741732523343
Received update: /ndn/me-site/me/svs_core/me=12, 1741732523661
Received update: /ndn/lu-site/lu/svs_core/lu=12, 1741732524929
Received update: /ndn/es-site/es/svs_core/es=12, 1741732525104
Received update: /ndn/md-site/md/svs_core/md=12, 1741732525372
Sending Sync interest
Received update: /ndn/ua-site/ua/svs_core/ua=13, 1741732526026
Received update: /ndn/by-site/by/svs_core/by=13, 1741732526720
Sending Sync interest
Received update: /ndn/be-site/be/svs_core/be=13, 1741732526983
Received update: /ndn/is-site/is/svs_core/is=13, 1741732536548
Received update: /ndn/it-site/it/svs_core/it=13, 1741732536548
Received update: /ndn/de1-site/de1/svs_core/de1=13, 1741732536548
Received update: /ndn/gr-site/gr/svs_core/gr=13, 1741732536604
Received update: /ndn/ie-site/ie/svs_core/ie=13, 1741732536722
Received update: /ndn/ee-site/ee/svs_core/ee=13, 1741732537355
Received update: /ndn/tr-site/tr/svs_core/tr=13, 1741732541256
Received update: /ndn/cz-site/cz/svs_core/cz=13, 1741732541599
Received update: /ndn/sk-site/sk/svs_core/sk=13, 1741732541640
Received update: /ndn/pl-site/pl/svs_core/pl=13, 1741732543907
Received update: /ndn/fr2-site/fr2/svs_core/fr2=13, 1741732544417
Received update: /ndn/ro-site/ro/svs_core/ro=13, 1741732544421
Received update: /ndn/uk-site/uk/svs_core/uk=13, 1741732544908
Received update: /ndn/de2-site/de2/svs_core/de2=13, 1741732549062
Received update: /ndn/se-site/se/svs_core/se=13, 1741732549530
Received update: /ndn/hr-site/hr/svs_core/hr=13, 1741732549823
Received update: /ndn/il-site/il/svs_core/il=13, 1741732550297
Received update: /ndn/si-site/si/svs_core/si=13, 1741732550343
Sending Sync interest
Received update: /ndn/al-site/al/svs_core/al=13, 1741732551079
Received update: /ndn/fr1-site/fr1/svs_core/fr1=13, 1741732551370
Received update: /ndn/fi-site/fi/svs_core/fi=13, 1741732551581
Received update: /ndn/mk-site/mk/svs_core/mk=13, 1741732551806
Received update: /ndn/cy-site/cy/svs_core/cy=13, 1741732552224
Received update: /ndn/nl-site/nl/svs_core/nl=13, 1741732552468
Sending Sync interest
Received update: /ndn/no-site/no/svs_core/no=13, 1741732553757
Published sequence number: /ndn/ge-site/ge/svs_core/ge=13, 1741732553890
Sending Sync interest
Received update: /ndn/az-site/az/svs_core/az=13, 1741732556320
Sending Sync interest
Received update: /ndn/ch-site/ch/svs_core/ch=13, 1741732556741
Sending Sync interest
Received update: /ndn/dk-site/dk/svs_core/dk=13, 1741732557006
Received update: /ndn/lv-site/lv/svs_core/lv=13, 1741732557231
Sending Sync interest
Received update: /ndn/at-site/at/svs_core/at=13, 1741732561614
Received update: /ndn/mt-site/mt/svs_core/mt=13, 1741732562234
Received update: /ndn/am-site/am/svs_core/am=13, 1741732562354
Received update: /ndn/bg-site/bg/svs_core/bg=13, 1741732563371
Received update: /ndn/me-site/me/svs_core/me=13, 1741732565645
Received update: /ndn/pt-site/pt/svs_core/pt=13, 1741732565645
Received update: /ndn/lt-site/lt/svs_core/lt=13, 1741732566837
Received update: /ndn/rs-site/rs/svs_core/rs=13, 1741732566837
Received update: /ndn/hu-site/hu/svs_core/hu=13, 1741732567762
Received update: /ndn/lu-site/lu/svs_core/lu=13, 1741732569353
Received update: /ndn/es-site/es/svs_core/es=13, 1741732570217
Received update: /ndn/be-site/be/svs_core/be=14, 1741732571415
Received update: /ndn/ua-site/ua/svs_core/ua=14, 1741732571415
Received update: /ndn/de1-site/de1/svs_core/de1=14, 1741732572455
Received update: /ndn/it-site/it/svs_core/it=14, 1741732576463
Received update: /ndn/gr-site/gr/svs_core/gr=14, 1741732581563
Received update: /ndn/is-site/is/svs_core/is=14, 1741732581566
Received update: /ndn/ie-site/ie/svs_core/ie=14, 1741732581724
Received update: /ndn/md-site/md/svs_core/md=13, 1741732581892
Received update: /ndn/by-site/by/svs_core/by=14, 1741732581939
Received update: /ndn/ee-site/ee/svs_core/ee=14, 1741732582138
Received update: /ndn/cz-site/cz/svs_core/cz=14, 1741732586254
Received update: /ndn/tr-site/tr/svs_core/tr=14, 1741732586254
Received update: /ndn/sk-site/sk/svs_core/sk=14, 1741732586647
Received update: /ndn/pl-site/pl/svs_core/pl=14, 1741732588815
Received update: /ndn/fr2-site/fr2/svs_core/fr2=14, 1741732589246
Sending Sync interest
Received update: /ndn/uk-site/uk/svs_core/uk=14, 1741732589827
Received update: /ndn/ro-site/ro/svs_core/ro=14, 1741732589948
Received update: /ndn/se-site/se/svs_core/se=14, 1741732591630
Received update: /ndn/fi-site/fi/svs_core/fi=14, 1741732594815
Received update: /ndn/hr-site/hr/svs_core/hr=14, 1741732594815
Received update: /ndn/de2-site/de2/svs_core/de2=14, 1741732594978
Received update: /ndn/al-site/al/svs_core/al=14, 1741732595286
Received update: /ndn/si-site/si/svs_core/si=14, 1741732595964
Received update: /ndn/il-site/il/svs_core/il=14, 1741732596097
Received update: /ndn/fr1-site/fr1/svs_core/fr1=14, 1741732596180
Sending Sync interest
Received update: /ndn/mk-site/mk/svs_core/mk=14, 1741732596383
Received update: /ndn/nl-site/nl/svs_core/nl=14, 1741732597007
Received update: /ndn/cy-site/cy/svs_core/cy=14, 1741732597286
Received update: /ndn/no-site/no/svs_core/no=14, 1741732598756
Published sequence number: /ndn/ge-site/ge/svs_core/ge=14, 1741732598895
Sending Sync interest
Received update: /ndn/az-site/az/svs_core/az=14, 1741732601329
Received update: /ndn/ch-site/ch/svs_core/ch=14, 1741732601752
Received update: /ndn/dk-site/dk/svs_core/dk=14, 1741732601883
Received update: /ndn/at-site/at/svs_core/at=14, 1741732606580
Received update: /ndn/mt-site/mt/svs_core/mt=14, 1741732606893
Received update: /ndn/lv-site/lv/svs_core/lv=14, 1741732607231
Received update: /ndn/am-site/am/svs_core/am=14, 1741732607913
Received update: /ndn/bg-site/bg/svs_core/bg=14, 1741732608379
Received update: /ndn/pt-site/pt/svs_core/pt=14, 1741732608938
Received update: /ndn/hu-site/hu/svs_core/hu=14, 1741732612772
Received update: /ndn/me-site/me/svs_core/me=14, 1741732612772
Received update: /ndn/rs-site/rs/svs_core/rs=14, 1741732613062
Received update: /ndn/md-site/md/svs_core/md=14, 1741732614122
Received update: /ndn/lu-site/lu/svs_core/lu=14, 1741732614353
Received update: /ndn/es-site/es/svs_core/es=14, 1741732615172
Received update: /ndn/ua-site/ua/svs_core/ua=15, 1741732615779
Sending Sync interest
Received update: /ndn/lt-site/lt/svs_core/lt=14, 1741732616081
Received update: /ndn/be-site/be/svs_core/be=15, 1741732616764
Received update: /ndn/de1-site/de1/svs_core/de1=15, 1741732617471
Received update: /ndn/ee-site/ee/svs_core/ee=15, 1741732624258
Sending Sync interest
Received update: /ndn/it-site/it/svs_core/it=15, 1741732624599
Received update: /ndn/by-site/by/svs_core/by=15, 1741732625837
Received update: /ndn/gr-site/gr/svs_core/gr=15, 1741732626744
Received update: /ndn/ie-site/ie/svs_core/ie=15, 1741732626768
Received update: /ndn/is-site/is/svs_core/is=15, 1741732626768
Received update: /ndn/cz-site/cz/svs_core/cz=15, 1741732629243
Received update: /ndn/tr-site/tr/svs_core/tr=15, 1741732631253
Received update: /ndn/pl-site/pl/svs_core/pl=15, 1741732633880
Received update: /ndn/sk-site/sk/svs_core/sk=15, 1741732633880
Received update: /ndn/ro-site/ro/svs_core/ro=15, 1741732634439
Received update: /ndn/fr2-site/fr2/svs_core/fr2=15, 1741732634826
Received update: /ndn/hr-site/hr/svs_core/hr=15, 1741732637482
Received update: /ndn/uk-site/uk/svs_core/uk=15, 1741732638130
Received update: /ndn/al-site/al/svs_core/al=15, 1741732638414
Received update: /ndn/de2-site/de2/svs_core/de2=15, 1741732639027
Received update: /ndn/se-site/se/svs_core/se=15, 1741732639393
Received update: /ndn/il-site/il/svs_core/il=15, 1741732640299
Received update: /ndn/si-site/si/svs_core/si=15, 1741732640682
Received update: /ndn/fr1-site/fr1/svs_core/fr1=15, 1741732641082
Received update: /ndn/fi-site/fi/svs_core/fi=15, 1741732641302
Received update: /ndn/mk-site/mk/svs_core/mk=15, 1741732641388
Sending Sync interest
Received update: /ndn/cy-site/cy/svs_core/cy=15, 1741732642228
Published sequence number: /ndn/ge-site/ge/svs_core/ge=15, 1741732643899
Sending Sync interest
Received update: /ndn/nl-site/nl/svs_core/nl=15, 1741732644147
Received update: /ndn/no-site/no/svs_core/no=15, 1741732644147
Received update: /ndn/az-site/az/svs_core/az=15, 1741732646337
Received update: /ndn/ch-site/ch/svs_core/ch=15, 1741732646751
Received update: /ndn/at-site/at/svs_core/at=15, 1741732651635
Received update: /ndn/dk-site/dk/svs_core/dk=15, 1741732651635
Received update: /ndn/lv-site/lv/svs_core/lv=15, 1741732651635
Received update: /ndn/pt-site/pt/svs_core/pt=15, 1741732653371
Received update: /ndn/bg-site/bg/svs_core/bg=15, 1741732653380
Received update: /ndn/mt-site/mt/svs_core/mt=15, 1741732653380
Received update: /ndn/am-site/am/svs_core/am=15, 1741732653910
Received update: /ndn/lt-site/lt/svs_core/lt=15, 1741732656489
Received update: /ndn/me-site/me/svs_core/me=15, 1741732656489
Received update: /ndn/hu-site/hu/svs_core/hu=15, 1741732657820
Received update: /ndn/be-site/be/svs_core/be=16, 1741732661332
Received update: /ndn/lu-site/lu/svs_core/lu=15, 1741732661332
Received update: /ndn/md-site/md/svs_core/md=15, 1741732661610
Received update: /ndn/es-site/es/svs_core/es=15, 1741732661784
Received update: /ndn/ua-site/ua/svs_core/ua=16, 1741732661784
Received update: /ndn/by-site/by/svs_core/by=16, 1741732662319
Received update: /ndn/de1-site/de1/svs_core/de1=16, 1741732662460
Received update: /ndn/rs-site/rs/svs_core/rs=15, 1741732662993
Received update: /ndn/it-site/it/svs_core/it=16, 1741732666641
Received update: /ndn/cz-site/cz/svs_core/cz=16, 1741732674200
Received update: /ndn/ie-site/ie/svs_core/ie=16, 1741732674200
Received update: /ndn/is-site/is/svs_core/is=16, 1741732674200
Received update: /ndn/tr-site/tr/svs_core/tr=16, 1741732676351
Received update: /ndn/sk-site/sk/svs_core/sk=16, 1741732676648
Received update: /ndn/ee-site/ee/svs_core/ee=16, 1741732676778
Received update: /ndn/gr-site/gr/svs_core/gr=16, 1741732677596
Received update: /ndn/pl-site/pl/svs_core/pl=16, 1741732678850
Received update: /ndn/ro-site/ro/svs_core/ro=16, 1741732679438
Received update: /ndn/uk-site/uk/svs_core/uk=16, 1741732679825
Received update: /ndn/fr2-site/fr2/svs_core/fr2=16, 1741732680211
Received update: /ndn/hr-site/hr/svs_core/hr=16, 1741732682487
Received update: /ndn/de2-site/de2/svs_core/de2=16, 1741732684032
Received update: /ndn/al-site/al/svs_core/al=16, 1741732684548
Received update: /ndn/fi-site/fi/svs_core/fi=16, 1741732685025
Received update: /ndn/se-site/se/svs_core/se=16, 1741732685025
Received update: /ndn/mk-site/mk/svs_core/mk=16, 1741732686434
Received update: /ndn/si-site/si/svs_core/si=16, 1741732686434
Received update: /ndn/il-site/il/svs_core/il=16, 1741732686445
Received update: /ndn/nl-site/nl/svs_core/nl=16, 1741732687014
Received update: /ndn/cy-site/cy/svs_core/cy=16, 1741732687197
Received update: /ndn/fr1-site/fr1/svs_core/fr1=16, 1741732687197
Received update: /ndn/no-site/no/svs_core/no=16, 1741732688828
Published sequence number: /ndn/ge-site/ge/svs_core/ge=16, 1741732688902
Sending Sync interest
Sending Sync interest
Received update: /ndn/az-site/az/svs_core/az=16, 1741732691417
Received update: /ndn/lv-site/lv/svs_core/lv=16, 1741732691769
Received update: /ndn/ch-site/ch/svs_core/ch=16, 1741732692318
Received update: /ndn/dk-site/dk/svs_core/dk=16, 1741732692318
Received update: /ndn/am-site/am/svs_core/am=16, 1741732693800
Received update: /ndn/mt-site/mt/svs_core/mt=16, 1741732696602
Received update: /ndn/at-site/at/svs_core/at=16, 1741732696731
Received update: /ndn/pt-site/pt/svs_core/pt=16, 1741732698330
Received update: /ndn/bg-site/bg/svs_core/bg=16, 1741732698731
Received update: /ndn/me-site/me/svs_core/me=16, 1741732700466
Received update: /ndn/lt-site/lt/svs_core/lt=16, 1741732701553
Received update: /ndn/rs-site/rs/svs_core/rs=16, 1741732701639
Received update: /ndn/hu-site/hu/svs_core/hu=16, 1741732704410
Received update: /ndn/lu-site/lu/svs_core/lu=16, 1741732704410
Received update: /ndn/md-site/md/svs_core/md=16, 1741732704893
Sending Sync interest
Stopping SVS client: /ndn/ge-site/ge/svs_core/ge
