SVS client starting: /ndn/lt-site/lt/svs_core/lt
Received update: /ndn/dk-site/dk/svs_core/dk=1, 1741612832178
Sending Sync interest
Received update: /ndn/ch-site/ch/svs_core/ch=1, 1741612833691
Received update: /ndn/fi-site/fi/svs_core/fi=1, 1741612834458
Received update: /ndn/ie-site/ie/svs_core/ie=1, 1741612836440
Received update: /ndn/ee-site/ee/svs_core/ee=1, 1741612837068
Received update: /ndn/be-site/be/svs_core/be=1, 1741612839944
Received update: /ndn/az-site/az/svs_core/az=1, 1741612840742
Received update: /ndn/il-site/il/svs_core/il=1, 1741612840742
Received update: /ndn/ro-site/ro/svs_core/ro=1, 1741612841653
Received update: /ndn/fr2-site/fr2/svs_core/fr2=1, 1741612843245
Received update: /ndn/es-site/es/svs_core/es=1, 1741612844042
Received update: /ndn/se-site/se/svs_core/se=1, 1741612844912
Received update: /ndn/me-site/me/svs_core/me=1, 1741612845813
Received update: /ndn/at-site/at/svs_core/at=1, 1741612846014
Received update: /ndn/tr-site/tr/svs_core/tr=1, 1741612846450
Received update: /ndn/hr-site/hr/svs_core/hr=1, 1741612849585
Received update: /ndn/al-site/al/svs_core/al=1, 1741612849894
Received update: /ndn/ge-site/ge/svs_core/ge=1, 1741612849894
Received update: /ndn/cz-site/cz/svs_core/cz=1, 1741612850176
Received update: /ndn/pt-site/pt/svs_core/pt=1, 1741612850876
Received update: /ndn/mt-site/mt/svs_core/mt=1, 1741612852514
Received update: /ndn/lv-site/lv/svs_core/lv=1, 1741612852562
Received update: /ndn/nl-site/nl/svs_core/nl=1, 1741612853117
Received update: /ndn/it-site/it/svs_core/it=1, 1741612854559
Received update: /ndn/hu-site/hu/svs_core/hu=1, 1741612856490
Received update: /ndn/am-site/am/svs_core/am=1, 1741612856722
Received update: /ndn/is-site/is/svs_core/is=1, 1741612858127
Received update: /ndn/bg-site/bg/svs_core/bg=1, 1741612860905
Received update: /ndn/sk-site/sk/svs_core/sk=1, 1741612860905
Received update: /ndn/de1-site/de1/svs_core/de1=1, 1741612860905
Received update: /ndn/lu-site/lu/svs_core/lu=1, 1741612861550
Received update: /ndn/pl-site/pl/svs_core/pl=1, 1741612862037
Received update: /ndn/rs-site/rs/svs_core/rs=1, 1741612862333
Received update: /ndn/md-site/md/svs_core/md=1, 1741612863756
Received update: /ndn/si-site/si/svs_core/si=1, 1741612868583
Received update: /ndn/de2-site/de2/svs_core/de2=1, 1741612868583
Published sequence number: /ndn/lt-site/lt/svs_core/lt=1, 1741612868737
Sending Sync interest
Received update: /ndn/gr-site/gr/svs_core/gr=1, 1741612869458
Received update: /ndn/uk-site/uk/svs_core/uk=1, 1741612871448
Received update: /ndn/ua-site/ua/svs_core/ua=1, 1741612875315
Sending Sync interest
Received update: /ndn/by-site/by/svs_core/by=1, 1741612875580
Sending Sync interest
Received update: /ndn/cy-site/cy/svs_core/cy=1, 1741612875988
Received update: /ndn/mk-site/mk/svs_core/mk=1, 1741612875988
Received update: /ndn/fr1-site/fr1/svs_core/fr1=1, 1741612875988
Received update: /ndn/no-site/no/svs_core/no=1, 1741612877034
Received update: /ndn/dk-site/dk/svs_core/dk=2, 1741612877225
Received update: /ndn/ch-site/ch/svs_core/ch=2, 1741612878765
Received update: /ndn/fi-site/fi/svs_core/fi=2, 1741612881706
Received update: /ndn/ie-site/ie/svs_core/ie=2, 1741612881706
Received update: /ndn/ee-site/ee/svs_core/ee=2, 1741612882045
Received update: /ndn/be-site/be/svs_core/be=2, 1741612885608
Received update: /ndn/il-site/il/svs_core/il=2, 1741612885608
Received update: /ndn/az-site/az/svs_core/az=2, 1741612885952
Received update: /ndn/fr2-site/fr2/svs_core/fr2=2, 1741612888275
Received update: /ndn/se-site/se/svs_core/se=2, 1741612889922
Received update: /ndn/es-site/es/svs_core/es=2, 1741612890364
Received update: /ndn/ro-site/ro/svs_core/ro=2, 1741612890436
Received update: /ndn/at-site/at/svs_core/at=2, 1741612891009
Received update: /ndn/tr-site/tr/svs_core/tr=2, 1741612891466
Received update: /ndn/al-site/al/svs_core/al=2, 1741612894099
Received update: /ndn/hr-site/hr/svs_core/hr=2, 1741612894584
Received update: /ndn/cz-site/cz/svs_core/cz=2, 1741612895156
Received update: /ndn/ge-site/ge/svs_core/ge=2, 1741612895156
Received update: /ndn/me-site/me/svs_core/me=2, 1741612895888
Received update: /ndn/pt-site/pt/svs_core/pt=2, 1741612895888
Received update: /ndn/mt-site/mt/svs_core/mt=2, 1741612897475
Received update: /ndn/lv-site/lv/svs_core/lv=2, 1741612897561
Received update: /ndn/am-site/am/svs_core/am=2, 1741612897595
Received update: /ndn/it-site/it/svs_core/it=2, 1741612899566
Received update: /ndn/nl-site/nl/svs_core/nl=2, 1741612899862
Received update: /ndn/hu-site/hu/svs_core/hu=2, 1741612901479
Received update: /ndn/bg-site/bg/svs_core/bg=2, 1741612906119
Received update: /ndn/sk-site/sk/svs_core/sk=2, 1741612906119
Received update: /ndn/de1-site/de1/svs_core/de1=2, 1741612906119
Received update: /ndn/is-site/is/svs_core/is=2, 1741612907041
Received update: /ndn/lu-site/lu/svs_core/lu=2, 1741612907041
Received update: /ndn/pl-site/pl/svs_core/pl=2, 1741612907041
Received update: /ndn/rs-site/rs/svs_core/rs=2, 1741612907314
Received update: /ndn/md-site/md/svs_core/md=2, 1741612913564
Received update: /ndn/de2-site/de2/svs_core/de2=2, 1741612913564
Received update: /ndn/si-site/si/svs_core/si=2, 1741612913603
Received update: /ndn/gr-site/gr/svs_core/gr=2, 1741612913694
Published sequence number: /ndn/lt-site/lt/svs_core/lt=2, 1741612913740
Sending Sync interest
Received update: /ndn/uk-site/uk/svs_core/uk=2, 1741612917578
Received update: /ndn/fr1-site/fr1/svs_core/fr1=2, 1741612917578
Sending Sync interest
Received update: /ndn/ua-site/ua/svs_core/ua=2, 1741612920353
Received update: /ndn/cy-site/cy/svs_core/cy=2, 1741612920386
Received update: /ndn/by-site/by/svs_core/by=2, 1741612920547
Received update: /ndn/no-site/no/svs_core/no=2, 1741612921830
Received update: /ndn/dk-site/dk/svs_core/dk=3, 1741612924487
Received update: /ndn/fi-site/fi/svs_core/fi=3, 1741612924487
Received update: /ndn/mk-site/mk/svs_core/mk=2, 1741612924733
Received update: /ndn/ch-site/ch/svs_core/ch=3, 1741612924937
Received update: /ndn/ie-site/ie/svs_core/ie=3, 1741612926472
Received update: /ndn/ee-site/ee/svs_core/ee=3, 1741612927057
Received update: /ndn/az-site/az/svs_core/az=3, 1741612930185
Received update: /ndn/be-site/be/svs_core/be=3, 1741612930261
Received update: /ndn/il-site/il/svs_core/il=3, 1741612930498
Received update: /ndn/fr2-site/fr2/svs_core/fr2=3, 1741612933555
Received update: /ndn/ro-site/ro/svs_core/ro=3, 1741612933600
Received update: /ndn/at-site/at/svs_core/at=3, 1741612936126
Received update: /ndn/es-site/es/svs_core/es=3, 1741612936126
Received update: /ndn/se-site/se/svs_core/se=3, 1741612936126
Received update: /ndn/al-site/al/svs_core/al=3, 1741612939597
Received update: /ndn/hr-site/hr/svs_core/hr=3, 1741612939597
Received update: /ndn/tr-site/tr/svs_core/tr=3, 1741612939597
Received update: /ndn/ge-site/ge/svs_core/ge=3, 1741612939904
Received update: /ndn/cz-site/cz/svs_core/cz=3, 1741612940797
Received update: /ndn/me-site/me/svs_core/me=3, 1741612940797
Received update: /ndn/lv-site/lv/svs_core/lv=3, 1741612942563
Received update: /ndn/mt-site/mt/svs_core/mt=3, 1741612942563
Received update: /ndn/am-site/am/svs_core/am=3, 1741612942715
Received update: /ndn/pt-site/pt/svs_core/pt=3, 1741612942734
Received update: /ndn/is-site/is/svs_core/is=3, 1741612948127
Received update: /ndn/hu-site/hu/svs_core/hu=3, 1741612948314
Received update: /ndn/it-site/it/svs_core/it=3, 1741612948314
Received update: /ndn/nl-site/nl/svs_core/nl=3, 1741612948314
Received update: /ndn/sk-site/sk/svs_core/sk=3, 1741612950698
Received update: /ndn/de1-site/de1/svs_core/de1=3, 1741612950698
Received update: /ndn/bg-site/bg/svs_core/bg=3, 1741612950892
Received update: /ndn/lu-site/lu/svs_core/lu=3, 1741612951557
Received update: /ndn/pl-site/pl/svs_core/pl=3, 1741612952039
Received update: /ndn/rs-site/rs/svs_core/rs=3, 1741612952319
Received update: /ndn/md-site/md/svs_core/md=3, 1741612953877
Received update: /ndn/si-site/si/svs_core/si=3, 1741612958585
Received update: /ndn/de2-site/de2/svs_core/de2=3, 1741612958585
Received update: /ndn/gr-site/gr/svs_core/gr=3, 1741612958705
Published sequence number: /ndn/lt-site/lt/svs_core/lt=3, 1741612958742
Received update: /ndn/uk-site/uk/svs_core/uk=3, 1741612962672
Received update: /ndn/fr1-site/fr1/svs_core/fr1=3, 1741612962672
Sending Sync interest
Received update: /ndn/by-site/by/svs_core/by=3, 1741612963971
Sending Sync interest
Received update: /ndn/cy-site/cy/svs_core/cy=3, 1741612965297
Received update: /ndn/ua-site/ua/svs_core/ua=3, 1741612965322
Sending Sync interest
Received update: /ndn/mk-site/mk/svs_core/mk=3, 1741612965994
Received update: /ndn/dk-site/dk/svs_core/dk=4, 1741612967175
Received update: /ndn/ch-site/ch/svs_core/ch=4, 1741612968725
Received update: /ndn/no-site/no/svs_core/no=3, 1741612968725
Received update: /ndn/ie-site/ie/svs_core/ie=4, 1741612971449
Received update: /ndn/ee-site/ee/svs_core/ee=4, 1741612972062
Received update: /ndn/il-site/il/svs_core/il=4, 1741612975516
Received update: /ndn/az-site/az/svs_core/az=4, 1741612978845
Received update: /ndn/be-site/be/svs_core/be=4, 1741612978845
Received update: /ndn/ro-site/ro/svs_core/ro=4, 1741612978845
Received update: /ndn/fr2-site/fr2/svs_core/fr2=4, 1741612978845
Received update: /ndn/es-site/es/svs_core/es=4, 1741612980208
Received update: /ndn/se-site/se/svs_core/se=4, 1741612980208
Received update: /ndn/fi-site/fi/svs_core/fi=4, 1741612981113
Received update: /ndn/me-site/me/svs_core/me=4, 1741612981113
Received update: /ndn/at-site/at/svs_core/at=4, 1741612981486
Received update: /ndn/tr-site/tr/svs_core/tr=4, 1741612981486
Received update: /ndn/hr-site/hr/svs_core/hr=4, 1741612984602
Received update: /ndn/al-site/al/svs_core/al=4, 1741612984670
Received update: /ndn/cz-site/cz/svs_core/cz=4, 1741612985172
Received update: /ndn/ge-site/ge/svs_core/ge=4, 1741612985172
Received update: /ndn/pt-site/pt/svs_core/pt=4, 1741612985924
Received update: /ndn/am-site/am/svs_core/am=4, 1741612989616
Received update: /ndn/it-site/it/svs_core/it=4, 1741612989616
Received update: /ndn/lv-site/lv/svs_core/lv=4, 1741612989616
Received update: /ndn/mt-site/mt/svs_core/mt=4, 1741612989616
Received update: /ndn/nl-site/nl/svs_core/nl=4, 1741612989616
Received update: /ndn/hu-site/hu/svs_core/hu=4, 1741612991500
Received update: /ndn/is-site/is/svs_core/is=4, 1741612993140
Received update: /ndn/sk-site/sk/svs_core/sk=4, 1741612993957
Received update: /ndn/de1-site/de1/svs_core/de1=4, 1741612995709
Received update: /ndn/bg-site/bg/svs_core/bg=4, 1741613003351
Received update: /ndn/de2-site/de2/svs_core/de2=4, 1741613003351
Received update: /ndn/pl-site/pl/svs_core/pl=4, 1741613003550
Published sequence number: /ndn/lt-site/lt/svs_core/lt=4, 1741613003765
Sending Sync interest
Received update: /ndn/gr-site/gr/svs_core/gr=4, 1741613003769
Received update: /ndn/lu-site/lu/svs_core/lu=4, 1741613003769
Received update: /ndn/rs-site/rs/svs_core/rs=4, 1741613003769
Received update: /ndn/md-site/md/svs_core/md=4, 1741613003869
Received update: /ndn/si-site/si/svs_core/si=4, 1741613003997
Received update: /ndn/uk-site/uk/svs_core/uk=4, 1741613006494
Received update: /ndn/by-site/by/svs_core/by=4, 1741613008995
Received update: /ndn/fr1-site/fr1/svs_core/fr1=4, 1741613008995
Received update: /ndn/cy-site/cy/svs_core/cy=4, 1741613011877
Received update: /ndn/no-site/no/svs_core/no=4, 1741613011877
Received update: /ndn/mk-site/mk/svs_core/mk=4, 1741613012095
Received update: /ndn/ua-site/ua/svs_core/ua=4, 1741613012124
Received update: /ndn/dk-site/dk/svs_core/dk=5, 1741613012200
Received update: /ndn/ch-site/ch/svs_core/ch=5, 1741613014494
Received update: /ndn/fi-site/fi/svs_core/fi=5, 1741613014494
Received update: /ndn/be-site/be/svs_core/be=5, 1741613019989
Received update: /ndn/ie-site/ie/svs_core/ie=5, 1741613019989
Received update: /ndn/az-site/az/svs_core/az=5, 1741613021699
Received update: /ndn/ee-site/ee/svs_core/ee=5, 1741613021699
Received update: /ndn/ro-site/ro/svs_core/ro=5, 1741613021699
Received update: /ndn/il-site/il/svs_core/il=5, 1741613023504
Received update: /ndn/fr2-site/fr2/svs_core/fr2=5, 1741613023504
Received update: /ndn/es-site/es/svs_core/es=5, 1741613024054
Received update: /ndn/at-site/at/svs_core/at=5, 1741613026183
Received update: /ndn/me-site/me/svs_core/me=5, 1741613026183
Received update: /ndn/se-site/se/svs_core/se=5, 1741613026183
Received update: /ndn/al-site/al/svs_core/al=5, 1741613028835
Received update: /ndn/tr-site/tr/svs_core/tr=5, 1741613028849
Received update: /ndn/hr-site/hr/svs_core/hr=5, 1741613029635
Received update: /ndn/cz-site/cz/svs_core/cz=5, 1741613030203
Received update: /ndn/ge-site/ge/svs_core/ge=5, 1741613030203
Received update: /ndn/mt-site/mt/svs_core/mt=5, 1741613032535
Received update: /ndn/pt-site/pt/svs_core/pt=5, 1741613032535
Received update: /ndn/lv-site/lv/svs_core/lv=5, 1741613032590
Received update: /ndn/am-site/am/svs_core/am=5, 1741613033162
Received update: /ndn/nl-site/nl/svs_core/nl=5, 1741613033162
Received update: /ndn/hu-site/hu/svs_core/hu=5, 1741613036533
Received update: /ndn/it-site/it/svs_core/it=5, 1741613036533
Received update: /ndn/is-site/is/svs_core/is=5, 1741613038183
Received update: /ndn/sk-site/sk/svs_core/sk=5, 1741613038965
Received update: /ndn/bg-site/bg/svs_core/bg=5, 1741613042346
Received update: /ndn/rs-site/rs/svs_core/rs=5, 1741613042346
Received update: /ndn/de1-site/de1/svs_core/de1=5, 1741613042346
Received update: /ndn/lu-site/lu/svs_core/lu=5, 1741613042592
Received update: /ndn/pl-site/pl/svs_core/pl=5, 1741613042787
Received update: /ndn/md-site/md/svs_core/md=5, 1741613048629
Received update: /ndn/si-site/si/svs_core/si=5, 1741613048629
Received update: /ndn/de2-site/de2/svs_core/de2=5, 1741613048661
Published sequence number: /ndn/lt-site/lt/svs_core/lt=5, 1741613048770
Sending Sync interest
Received update: /ndn/gr-site/gr/svs_core/gr=5, 1741613051622
Received update: /ndn/uk-site/uk/svs_core/uk=5, 1741613051622
Received update: /ndn/fr1-site/fr1/svs_core/fr1=5, 1741613052611
Received update: /ndn/cy-site/cy/svs_core/cy=5, 1741613055348
Received update: /ndn/ua-site/ua/svs_core/ua=5, 1741613055674
Received update: /ndn/by-site/by/svs_core/by=5, 1741613055952
Received update: /ndn/no-site/no/svs_core/no=5, 1741613056873
Sending Sync interest
Received update: /ndn/mk-site/mk/svs_core/mk=5, 1741613057414
Received update: /ndn/dk-site/dk/svs_core/dk=6, 1741613057523
Received update: /ndn/ch-site/ch/svs_core/ch=6, 1741613058742
Received update: /ndn/fi-site/fi/svs_core/fi=6, 1741613059302
Received update: /ndn/ie-site/ie/svs_core/ie=6, 1741613061542
Received update: /ndn/be-site/be/svs_core/be=6, 1741613064994
Received update: /ndn/az-site/az/svs_core/az=6, 1741613065440
Received update: /ndn/ee-site/ee/svs_core/ee=6, 1741613068355
Received update: /ndn/fr2-site/fr2/svs_core/fr2=6, 1741613068355
Received update: /ndn/il-site/il/svs_core/il=6, 1741613068416
Received update: /ndn/ro-site/ro/svs_core/ro=6, 1741613068628
Received update: /ndn/se-site/se/svs_core/se=6, 1741613069952
Received update: /ndn/es-site/es/svs_core/es=6, 1741613070396
Received update: /ndn/me-site/me/svs_core/me=6, 1741613070861
Received update: /ndn/al-site/al/svs_core/al=6, 1741613074643
Received update: /ndn/at-site/at/svs_core/at=6, 1741613074643
Received update: /ndn/hr-site/hr/svs_core/hr=6, 1741613074643
Received update: /ndn/tr-site/tr/svs_core/tr=6, 1741613074643
Received update: /ndn/ge-site/ge/svs_core/ge=6, 1741613074950
Received update: /ndn/cz-site/cz/svs_core/cz=6, 1741613075941
Received update: /ndn/pt-site/pt/svs_core/pt=6, 1741613075941
Received update: /ndn/lv-site/lv/svs_core/lv=6, 1741613077647
Received update: /ndn/mt-site/mt/svs_core/mt=6, 1741613077806
Received update: /ndn/it-site/it/svs_core/it=6, 1741613079631
Received update: /ndn/nl-site/nl/svs_core/nl=6, 1741613079861
Received update: /ndn/am-site/am/svs_core/am=6, 1741613080079
Received update: /ndn/hu-site/hu/svs_core/hu=6, 1741613081528
Received update: /ndn/is-site/is/svs_core/is=6, 1741613083169
Received update: /ndn/sk-site/sk/svs_core/sk=6, 1741613083986
Sending Sync interest
Received update: /ndn/lu-site/lu/svs_core/lu=6, 1741613086611
Received update: /ndn/de1-site/de1/svs_core/de1=6, 1741613086611
Received update: /ndn/bg-site/bg/svs_core/bg=6, 1741613086846
Received update: /ndn/pl-site/pl/svs_core/pl=6, 1741613087078
Received update: /ndn/rs-site/rs/svs_core/rs=6, 1741613087406
Published sequence number: /ndn/lt-site/lt/svs_core/lt=6, 1741613093772
Sending Sync interest
Received update: /ndn/uk-site/uk/svs_core/uk=6, 1741613096505
Received update: /ndn/de2-site/de2/svs_core/de2=6, 1741613096505
Sending Sync interest
Received update: /ndn/gr-site/gr/svs_core/gr=6, 1741613096729
Received update: /ndn/si-site/si/svs_core/si=6, 1741613096729
Received update: /ndn/md-site/md/svs_core/md=6, 1741613097368
Received update: /ndn/by-site/by/svs_core/by=6, 1741613099007
Received update: /ndn/fr1-site/fr1/svs_core/fr1=6, 1741613099304
Received update: /ndn/cy-site/cy/svs_core/cy=6, 1741613100353
Received update: /ndn/mk-site/mk/svs_core/mk=6, 1741613101072
Received update: /ndn/no-site/no/svs_core/no=6, 1741613101869
Received update: /ndn/ua-site/ua/svs_core/ua=6, 1741613102220
Received update: /ndn/ch-site/ch/svs_core/ch=7, 1741613107096
Received update: /ndn/dk-site/dk/svs_core/dk=7, 1741613107096
Received update: /ndn/ee-site/ee/svs_core/ee=7, 1741613107096
Received update: /ndn/ie-site/ie/svs_core/ie=7, 1741613107338
Received update: /ndn/be-site/be/svs_core/be=7, 1741613110557
Received update: /ndn/il-site/il/svs_core/il=7, 1741613110557
Received update: /ndn/fi-site/fi/svs_core/fi=7, 1741613110793
Received update: /ndn/az-site/az/svs_core/az=7, 1741613114085
Received update: /ndn/es-site/es/svs_core/es=7, 1741613114085
Received update: /ndn/fr2-site/fr2/svs_core/fr2=7, 1741613114261
Received update: /ndn/at-site/at/svs_core/at=7, 1741613116095
Received update: /ndn/me-site/me/svs_core/me=7, 1741613116095
Received update: /ndn/ro-site/ro/svs_core/ro=7, 1741613116095
Received update: /ndn/se-site/se/svs_core/se=7, 1741613116095
Received update: /ndn/al-site/al/svs_core/al=7, 1741613118794
Received update: /ndn/tr-site/tr/svs_core/tr=7, 1741613118794
Received update: /ndn/cz-site/cz/svs_core/cz=7, 1741613120414
Received update: /ndn/ge-site/ge/svs_core/ge=7, 1741613120414
Received update: /ndn/hr-site/hr/svs_core/hr=7, 1741613120414
Received update: /ndn/pt-site/pt/svs_core/pt=7, 1741613120941
Received update: /ndn/am-site/am/svs_core/am=7, 1741613121658
Received update: /ndn/lv-site/lv/svs_core/lv=7, 1741613122605
Received update: /ndn/nl-site/nl/svs_core/nl=7, 1741613123223
Received update: /ndn/mt-site/mt/svs_core/mt=7, 1741613123380
Received update: /ndn/is-site/is/svs_core/is=7, 1741613128163
Received update: /ndn/it-site/it/svs_core/it=7, 1741613128163
Received update: /ndn/hu-site/hu/svs_core/hu=7, 1741613128372
Received update: /ndn/de1-site/de1/svs_core/de1=7, 1741613130737
Received update: /ndn/sk-site/sk/svs_core/sk=7, 1741613131002
Received update: /ndn/lu-site/lu/svs_core/lu=7, 1741613131594
Received update: /ndn/pl-site/pl/svs_core/pl=7, 1741613132192
Received update: /ndn/bg-site/bg/svs_core/bg=7, 1741613133798
Received update: /ndn/md-site/md/svs_core/md=7, 1741613133798
Published sequence number: /ndn/lt-site/lt/svs_core/lt=7, 1741613138774
Sending Sync interest
Received update: /ndn/rs-site/rs/svs_core/rs=7, 1741613139003
Received update: /ndn/de2-site/de2/svs_core/de2=7, 1741613139133
Received update: /ndn/si-site/si/svs_core/si=7, 1741613139251
Received update: /ndn/gr-site/gr/svs_core/gr=7, 1741613139263
Received update: /ndn/uk-site/uk/svs_core/uk=7, 1741613141519
Received update: /ndn/fr1-site/fr1/svs_core/fr1=7, 1741613142609
Received update: /ndn/by-site/by/svs_core/by=7, 1741613144009
Received update: /ndn/cy-site/cy/svs_core/cy=7, 1741613145369
Received update: /ndn/ua-site/ua/svs_core/ua=7, 1741613145596
Received update: /ndn/mk-site/mk/svs_core/mk=7, 1741613146072
Received update: /ndn/no-site/no/svs_core/no=7, 1741613146979
Received update: /ndn/ch-site/ch/svs_core/ch=8, 1741613148796
Received update: /ndn/dk-site/dk/svs_core/dk=8, 1741613149561
Received update: /ndn/ee-site/ee/svs_core/ee=8, 1741613152212
Received update: /ndn/fi-site/fi/svs_core/fi=8, 1741613152212
Received update: /ndn/ie-site/ie/svs_core/ie=8, 1741613152212
Received update: /ndn/az-site/az/svs_core/az=8, 1741613155251
Received update: /ndn/be-site/be/svs_core/be=8, 1741613155251
Received update: /ndn/il-site/il/svs_core/il=8, 1741613155546
Received update: /ndn/fr2-site/fr2/svs_core/fr2=8, 1741613158296
Received update: /ndn/ro-site/ro/svs_core/ro=8, 1741613158529
Received update: /ndn/es-site/es/svs_core/es=8, 1741613159095
Received update: /ndn/at-site/at/svs_core/at=8, 1741613165203
Received update: /ndn/cz-site/cz/svs_core/cz=8, 1741613165203
Received update: /ndn/ge-site/ge/svs_core/ge=8, 1741613165203
Received update: /ndn/hr-site/hr/svs_core/hr=8, 1741613165203
Received update: /ndn/me-site/me/svs_core/me=8, 1741613165203
Received update: /ndn/se-site/se/svs_core/se=8, 1741613165203
Received update: /ndn/tr-site/tr/svs_core/tr=8, 1741613165203
Received update: /ndn/am-site/am/svs_core/am=8, 1741613166092
Received update: /ndn/pt-site/pt/svs_core/pt=8, 1741613166335
Received update: /ndn/al-site/al/svs_core/al=8, 1741613166599
Received update: /ndn/lv-site/lv/svs_core/lv=8, 1741613167607
Received update: /ndn/it-site/it/svs_core/it=8, 1741613169663
Received update: /ndn/mt-site/mt/svs_core/mt=8, 1741613169663
Received update: /ndn/hu-site/hu/svs_core/hu=8, 1741613171530
Received update: /ndn/nl-site/nl/svs_core/nl=8, 1741613171530
Received update: /ndn/sk-site/sk/svs_core/sk=8, 1741613173989
Received update: /ndn/bg-site/bg/svs_core/bg=8, 1741613176005
Received update: /ndn/de1-site/de1/svs_core/de1=8, 1741613176005
Received update: /ndn/is-site/is/svs_core/is=8, 1741613176207
Received update: /ndn/lu-site/lu/svs_core/lu=8, 1741613177084
Received update: /ndn/pl-site/pl/svs_core/pl=8, 1741613177084
Received update: /ndn/rs-site/rs/svs_core/rs=8, 1741613177542
Received update: /ndn/de2-site/de2/svs_core/de2=8, 1741613183357
Received update: /ndn/si-site/si/svs_core/si=8, 1741613183625
Received update: /ndn/gr-site/gr/svs_core/gr=8, 1741613183734
Published sequence number: /ndn/lt-site/lt/svs_core/lt=8, 1741613183775
Sending Sync interest
Received update: /ndn/uk-site/uk/svs_core/uk=8, 1741613187625
Received update: /ndn/fr1-site/fr1/svs_core/fr1=8, 1741613187625
Sending Sync interest
Received update: /ndn/by-site/by/svs_core/by=8, 1741613189023
Sending Sync interest
Received update: /ndn/cy-site/cy/svs_core/cy=8, 1741613190358
Received update: /ndn/md-site/md/svs_core/md=8, 1741613190358
Received update: /ndn/mk-site/mk/svs_core/mk=8, 1741613191036
Received update: /ndn/no-site/no/svs_core/no=8, 1741613191918
Received update: /ndn/ie-site/ie/svs_core/ie=9, 1741613196507
Received update: /ndn/ua-site/ua/svs_core/ua=8, 1741613196507
Received update: /ndn/ch-site/ch/svs_core/ch=9, 1741613197157
Received update: /ndn/dk-site/dk/svs_core/dk=9, 1741613197157
Received update: /ndn/fi-site/fi/svs_core/fi=9, 1741613197157
Received update: /ndn/ee-site/ee/svs_core/ee=9, 1741613198893
Received update: /ndn/az-site/az/svs_core/az=9, 1741613201915
Received update: /ndn/be-site/be/svs_core/be=9, 1741613201915
Received update: /ndn/ro-site/ro/svs_core/ro=9, 1741613201915
Received update: /ndn/il-site/il/svs_core/il=9, 1741613202163
Received update: /ndn/es-site/es/svs_core/es=9, 1741613204079
Received update: /ndn/fr2-site/fr2/svs_core/fr2=9, 1741613204272
Received update: /ndn/at-site/at/svs_core/at=9, 1741613206049
Received update: /ndn/se-site/se/svs_core/se=9, 1741613206049
Received update: /ndn/al-site/al/svs_core/al=9, 1741613208780
Received update: /ndn/me-site/me/svs_core/me=9, 1741613209041
Received update: /ndn/ge-site/ge/svs_core/ge=9, 1741613209970
Received update: /ndn/tr-site/tr/svs_core/tr=9, 1741613209970
Received update: /ndn/hr-site/hr/svs_core/hr=9, 1741613210053
Received update: /ndn/cz-site/cz/svs_core/cz=9, 1741613210201
Received update: /ndn/pt-site/pt/svs_core/pt=9, 1741613210942
Sending Sync interest
Received update: /ndn/lv-site/lv/svs_core/lv=9, 1741613212611
Received update: /ndn/nl-site/nl/svs_core/nl=9, 1741613213216
Received update: /ndn/am-site/am/svs_core/am=9, 1741613213433
Sending Sync interest
Received update: /ndn/mt-site/mt/svs_core/mt=9, 1741613213824
Received update: /ndn/it-site/it/svs_core/it=9, 1741613214635
Received update: /ndn/is-site/is/svs_core/is=9, 1741613218330
Received update: /ndn/hu-site/hu/svs_core/hu=9, 1741613218588
Received update: /ndn/sk-site/sk/svs_core/sk=9, 1741613219033
Sending Sync interest
Received update: /ndn/de1-site/de1/svs_core/de1=9, 1741613220744
Received update: /ndn/bg-site/bg/svs_core/bg=9, 1741613220964
Received update: /ndn/lu-site/lu/svs_core/lu=9, 1741613221603
Received update: /ndn/gr-site/gr/svs_core/gr=9, 1741613228747
Received update: /ndn/md-site/md/svs_core/md=9, 1741613228747
Received update: /ndn/pl-site/pl/svs_core/pl=9, 1741613228747
Received update: /ndn/rs-site/rs/svs_core/rs=9, 1741613228747
Published sequence number: /ndn/lt-site/lt/svs_core/lt=9, 1741613228777
Sending Sync interest
Received update: /ndn/de2-site/de2/svs_core/de2=9, 1741613228885
Received update: /ndn/si-site/si/svs_core/si=9, 1741613229068
Received update: /ndn/uk-site/uk/svs_core/uk=9, 1741613231505
Received update: /ndn/fr1-site/fr1/svs_core/fr1=9, 1741613232624
Received update: /ndn/cy-site/cy/svs_core/cy=9, 1741613235342
Received update: /ndn/by-site/by/svs_core/by=9, 1741613236884
Received update: /ndn/no-site/no/svs_core/no=9, 1741613236884
Received update: /ndn/ch-site/ch/svs_core/ch=10, 1741613242110
Received update: /ndn/dk-site/dk/svs_core/dk=10, 1741613242110
Received update: /ndn/ee-site/ee/svs_core/ee=10, 1741613242110
Received update: /ndn/ie-site/ie/svs_core/ie=10, 1741613242110
Received update: /ndn/mk-site/mk/svs_core/mk=9, 1741613242110
Received update: /ndn/ua-site/ua/svs_core/ua=9, 1741613242110
Received update: /ndn/fi-site/fi/svs_core/fi=10, 1741613242387
Received update: /ndn/be-site/be/svs_core/be=10, 1741613245025
Received update: /ndn/il-site/il/svs_core/il=10, 1741613246740
Received update: /ndn/ro-site/ro/svs_core/ro=10, 1741613246740
Received update: /ndn/se-site/se/svs_core/se=10, 1741613249984
Sending Sync interest
Received update: /ndn/es-site/es/svs_core/es=10, 1741613250209
Received update: /ndn/fr2-site/fr2/svs_core/fr2=10, 1741613250209
Received update: /ndn/az-site/az/svs_core/az=10, 1741613250210
Received update: /ndn/me-site/me/svs_core/me=10, 1741613250871
Received update: /ndn/at-site/at/svs_core/at=10, 1741613251128
Received update: /ndn/tr-site/tr/svs_core/tr=10, 1741613251647
Received update: /ndn/hr-site/hr/svs_core/hr=10, 1741613254651
Received update: /ndn/al-site/al/svs_core/al=10, 1741613254914
Received update: /ndn/cz-site/cz/svs_core/cz=10, 1741613255223
Received update: /ndn/ge-site/ge/svs_core/ge=10, 1741613255223
Received update: /ndn/pt-site/pt/svs_core/pt=10, 1741613255964
Received update: /ndn/am-site/am/svs_core/am=10, 1741613256078
Received update: /ndn/lv-site/lv/svs_core/lv=10, 1741613257616
Received update: /ndn/nl-site/nl/svs_core/nl=10, 1741613258190
Sending Sync interest
Received update: /ndn/mt-site/mt/svs_core/mt=10, 1741613258398
Received update: /ndn/hu-site/hu/svs_core/hu=10, 1741613263400
Received update: /ndn/is-site/is/svs_core/is=10, 1741613263400
Received update: /ndn/it-site/it/svs_core/it=10, 1741613263400
Received update: /ndn/sk-site/sk/svs_core/sk=10, 1741613263993
Received update: /ndn/de1-site/de1/svs_core/de1=10, 1741613265768
Received update: /ndn/bg-site/bg/svs_core/bg=10, 1741613265929
Received update: /ndn/pl-site/pl/svs_core/pl=10, 1741613267094
Received update: /ndn/lu-site/lu/svs_core/lu=10, 1741613267361
Received update: /ndn/si-site/si/svs_core/si=10, 1741613273631
Received update: /ndn/de2-site/de2/svs_core/de2=10, 1741613273702
Received update: /ndn/gr-site/gr/svs_core/gr=10, 1741613273747
Published sequence number: /ndn/lt-site/lt/svs_core/lt=10, 1741613273778
Sending Sync interest
Received update: /ndn/rs-site/rs/svs_core/rs=10, 1741613274010
Sending Sync interest
Received update: /ndn/cy-site/cy/svs_core/cy=10, 1741613281882
Received update: /ndn/md-site/md/svs_core/md=10, 1741613281882
Received update: /ndn/no-site/no/svs_core/no=10, 1741613281882
Received update: /ndn/uk-site/uk/svs_core/uk=10, 1741613281882
Received update: /ndn/fr1-site/fr1/svs_core/fr1=10, 1741613281882
Received update: /ndn/ua-site/ua/svs_core/ua=10, 1741613281963
Received update: /ndn/by-site/by/svs_core/by=10, 1741613282179
Received update: /ndn/dk-site/dk/svs_core/dk=11, 1741613282224
Received update: /ndn/mk-site/mk/svs_core/mk=10, 1741613282544
Received update: /ndn/ch-site/ch/svs_core/ch=11, 1741613283778
Received update: /ndn/fi-site/fi/svs_core/fi=11, 1741613284411
Received update: /ndn/ie-site/ie/svs_core/ie=11, 1741613286521
Received update: /ndn/ee-site/ee/svs_core/ee=11, 1741613287138
Received update: /ndn/be-site/be/svs_core/be=11, 1741613290667
Received update: /ndn/il-site/il/svs_core/il=11, 1741613290667
Received update: /ndn/ro-site/ro/svs_core/ro=11, 1741613291719
Received update: /ndn/es-site/es/svs_core/es=11, 1741613295195
Received update: /ndn/se-site/se/svs_core/se=11, 1741613295195
Received update: /ndn/fr2-site/fr2/svs_core/fr2=11, 1741613295195
Received update: /ndn/az-site/az/svs_core/az=11, 1741613295451
Received update: /ndn/at-site/at/svs_core/at=11, 1741613296060
Received update: /ndn/al-site/al/svs_core/al=11, 1741613298829
Received update: /ndn/tr-site/tr/svs_core/tr=11, 1741613298829
Received update: /ndn/me-site/me/svs_core/me=11, 1741613299033
Received update: /ndn/hr-site/hr/svs_core/hr=11, 1741613299691
Received update: /ndn/ge-site/ge/svs_core/ge=11, 1741613299955
Received update: /ndn/cz-site/cz/svs_core/cz=11, 1741613300936
Received update: /ndn/pt-site/pt/svs_core/pt=11, 1741613300936
Received update: /ndn/am-site/am/svs_core/am=11, 1741613301087
Received update: /ndn/lv-site/lv/svs_core/lv=11, 1741613302620
Received update: /ndn/it-site/it/svs_core/it=11, 1741613304648
Received update: /ndn/mt-site/mt/svs_core/mt=11, 1741613304648
Received update: /ndn/nl-site/nl/svs_core/nl=11, 1741613304648
Received update: /ndn/hu-site/hu/svs_core/hu=11, 1741613306537
Received update: /ndn/is-site/is/svs_core/is=11, 1741613308186
Received update: /ndn/de1-site/de1/svs_core/de1=11, 1741613310749
Published sequence number: /ndn/lt-site/lt/svs_core/lt=11, 1741613318780
Sending Sync interest
Received update: /ndn/bg-site/bg/svs_core/bg=11, 1741613318893
Received update: /ndn/lu-site/lu/svs_core/lu=11, 1741613318893
Received update: /ndn/pl-site/pl/svs_core/pl=11, 1741613318893
Received update: /ndn/rs-site/rs/svs_core/rs=11, 1741613318893
Received update: /ndn/sk-site/sk/svs_core/sk=11, 1741613318893
Received update: /ndn/de2-site/de2/svs_core/de2=11, 1741613318893
Received update: /ndn/gr-site/gr/svs_core/gr=11, 1741613319362
Received update: /ndn/si-site/si/svs_core/si=11, 1741613319362
Sending Sync interest
Received update: /ndn/md-site/md/svs_core/md=11, 1741613321520
Received update: /ndn/uk-site/uk/svs_core/uk=11, 1741613321520
Received update: /ndn/fr1-site/fr1/svs_core/fr1=11, 1741613322631
Received update: /ndn/cy-site/cy/svs_core/cy=11, 1741613325372
Received update: /ndn/ua-site/ua/svs_core/ua=11, 1741613325620
Received update: /ndn/by-site/by/svs_core/by=11, 1741613326799
Received update: /ndn/mk-site/mk/svs_core/mk=11, 1741613326799
Received update: /ndn/no-site/no/svs_core/no=11, 1741613326974
Received update: /ndn/dk-site/dk/svs_core/dk=12, 1741613327217
Received update: /ndn/ch-site/ch/svs_core/ch=12, 1741613329051
Received update: /ndn/be-site/be/svs_core/be=12, 1741613335275
Received update: /ndn/fi-site/fi/svs_core/fi=12, 1741613335275
Received update: /ndn/ie-site/ie/svs_core/ie=12, 1741613335537
Received update: /ndn/il-site/il/svs_core/il=12, 1741613335558
Received update: /ndn/ee-site/ee/svs_core/ee=12, 1741613335734
Received update: /ndn/az-site/az/svs_core/az=12, 1741613335747
Received update: /ndn/ro-site/ro/svs_core/ro=12, 1741613336721
Received update: /ndn/es-site/es/svs_core/es=12, 1741613339086
Received update: /ndn/fr2-site/fr2/svs_core/fr2=12, 1741613339285
Sending Sync interest
Received update: /ndn/se-site/se/svs_core/se=12, 1741613339977
Received update: /ndn/al-site/al/svs_core/al=12, 1741613343800
Received update: /ndn/at-site/at/svs_core/at=12, 1741613343800
Received update: /ndn/me-site/me/svs_core/me=12, 1741613343800
Received update: /ndn/tr-site/tr/svs_core/tr=12, 1741613344016
Received update: /ndn/hr-site/hr/svs_core/hr=12, 1741613344674
Received update: /ndn/am-site/am/svs_core/am=12, 1741613346088
Received update: /ndn/cz-site/cz/svs_core/cz=12, 1741613346088
Received update: /ndn/ge-site/ge/svs_core/ge=12, 1741613346088
Received update: /ndn/pt-site/pt/svs_core/pt=12, 1741613346088
Received update: /ndn/mt-site/mt/svs_core/mt=12, 1741613347534
Received update: /ndn/lv-site/lv/svs_core/lv=12, 1741613347623
Sending Sync interest
Received update: /ndn/it-site/it/svs_core/it=12, 1741613349626
Received update: /ndn/nl-site/nl/svs_core/nl=12, 1741613349626
Received update: /ndn/hu-site/hu/svs_core/hu=12, 1741613351552
Received update: /ndn/is-site/is/svs_core/is=12, 1741613353229
Received update: /ndn/sk-site/sk/svs_core/sk=12, 1741613354019
Received update: /ndn/bg-site/bg/svs_core/bg=12, 1741613355936
Received update: /ndn/lu-site/lu/svs_core/lu=12, 1741613357099
Received update: /ndn/pl-site/pl/svs_core/pl=12, 1741613357099
Received update: /ndn/de1-site/de1/svs_core/de1=12, 1741613357099
Received update: /ndn/md-site/md/svs_core/md=12, 1741613363391
Received update: /ndn/de2-site/de2/svs_core/de2=12, 1741613363391
Published sequence number: /ndn/lt-site/lt/svs_core/lt=12, 1741613363783
Sending Sync interest
Received update: /ndn/gr-site/gr/svs_core/gr=12, 1741613364017
Received update: /ndn/rs-site/rs/svs_core/rs=12, 1741613364152
Received update: /ndn/si-site/si/svs_core/si=12, 1741613364152
Sending Sync interest
Sending Sync interest
Received update: /ndn/uk-site/uk/svs_core/uk=12, 1741613366546
Received update: /ndn/ua-site/ua/svs_core/ua=12, 1741613370390
Received update: /ndn/fr1-site/fr1/svs_core/fr1=12, 1741613370670
Received update: /ndn/cy-site/cy/svs_core/cy=12, 1741613370759
Received update: /ndn/mk-site/mk/svs_core/mk=12, 1741613371124
Received update: /ndn/ch-site/ch/svs_core/ch=13, 1741613373803
Received update: /ndn/by-site/by/svs_core/by=12, 1741613373924
Received update: /ndn/dk-site/dk/svs_core/dk=13, 1741613374037
Received update: /ndn/ie-site/ie/svs_core/ie=13, 1741613376622
Received update: /ndn/ee-site/ee/svs_core/ee=13, 1741613377124
Received update: /ndn/fi-site/fi/svs_core/fi=13, 1741613377124
Received update: /ndn/no-site/no/svs_core/no=12, 1741613377124
Received update: /ndn/be-site/be/svs_core/be=13, 1741613380041
Sending Sync interest
Received update: /ndn/az-site/az/svs_core/az=13, 1741613380251
Sending Sync interest
Received update: /ndn/il-site/il/svs_core/il=13, 1741613380580
Received update: /ndn/ro-site/ro/svs_core/ro=13, 1741613381725
Received update: /ndn/es-site/es/svs_core/es=13, 1741613384112
Received update: /ndn/fr2-site/fr2/svs_core/fr2=13, 1741613384112
Received update: /ndn/me-site/me/svs_core/me=13, 1741613385882
Received update: /ndn/at-site/at/svs_core/at=13, 1741613386038
Received update: /ndn/se-site/se/svs_core/se=13, 1741613386226
Received update: /ndn/hr-site/hr/svs_core/hr=13, 1741613389666
Received update: /ndn/tr-site/tr/svs_core/tr=13, 1741613389666
Received update: /ndn/cz-site/cz/svs_core/cz=13, 1741613390225
Received update: /ndn/am-site/am/svs_core/am=13, 1741613391112
Received update: /ndn/ge-site/ge/svs_core/ge=13, 1741613391112
Received update: /ndn/mt-site/mt/svs_core/mt=13, 1741613392536
Received update: /ndn/lv-site/lv/svs_core/lv=13, 1741613392626
Received update: /ndn/nl-site/nl/svs_core/nl=13, 1741613393273
Sending Sync interest
Received update: /ndn/it-site/it/svs_core/it=13, 1741613394635
Sending Sync interest
Sending Sync interest
Received update: /ndn/al-site/al/svs_core/al=13, 1741613395095
Received update: /ndn/pt-site/pt/svs_core/pt=13, 1741613395114
Received update: /ndn/hu-site/hu/svs_core/hu=13, 1741613400754
Received update: /ndn/sk-site/sk/svs_core/sk=13, 1741613400754
Received update: /ndn/de1-site/de1/svs_core/de1=13, 1741613400754
Received update: /ndn/bg-site/bg/svs_core/bg=13, 1741613401184
Received update: /ndn/is-site/is/svs_core/is=13, 1741613401220
Received update: /ndn/lu-site/lu/svs_core/lu=13, 1741613402427
Received update: /ndn/pl-site/pl/svs_core/pl=13, 1741613402427
Received update: /ndn/rs-site/rs/svs_core/rs=13, 1741613402427
Published sequence number: /ndn/lt-site/lt/svs_core/lt=13, 1741613408785
Sending Sync interest
Received update: /ndn/de2-site/de2/svs_core/de2=13, 1741613408908
Received update: /ndn/gr-site/gr/svs_core/gr=13, 1741613408995
Received update: /ndn/md-site/md/svs_core/md=13, 1741613411786
Received update: /ndn/si-site/si/svs_core/si=13, 1741613411786
Received update: /ndn/uk-site/uk/svs_core/uk=13, 1741613411786
Received update: /ndn/by-site/by/svs_core/by=13, 1741613414035
Sending Sync interest
Received update: /ndn/fr1-site/fr1/svs_core/fr1=13, 1741613414246
Received update: /ndn/cy-site/cy/svs_core/cy=13, 1741613417223
Received update: /ndn/dk-site/dk/svs_core/dk=14, 1741613417223
Received update: /ndn/mk-site/mk/svs_core/mk=13, 1741613417223
Received update: /ndn/ch-site/ch/svs_core/ch=14, 1741613418772
Received update: /ndn/no-site/no/svs_core/no=13, 1741613418772
Received update: /ndn/ua-site/ua/svs_core/ua=13, 1741613418772
Received update: /ndn/fi-site/fi/svs_core/fi=14, 1741613419535
Received update: /ndn/be-site/be/svs_core/be=14, 1741613425075
Received update: /ndn/az-site/az/svs_core/az=14, 1741613425239
Received update: /ndn/ee-site/ee/svs_core/ee=14, 1741613425260
Received update: /ndn/ie-site/ie/svs_core/ie=14, 1741613425607
Received update: /ndn/il-site/il/svs_core/il=14, 1741613425607
Received update: /ndn/ro-site/ro/svs_core/ro=14, 1741613426755
Received update: /ndn/es-site/es/svs_core/es=14, 1741613429208
Received update: /ndn/at-site/at/svs_core/at=14, 1741613431133
Received update: /ndn/se-site/se/svs_core/se=14, 1741613431133
Received update: /ndn/fr2-site/fr2/svs_core/fr2=14, 1741613431263
Received update: /ndn/tr-site/tr/svs_core/tr=14, 1741613431532
Received update: /ndn/me-site/me/svs_core/me=14, 1741613431533
Received update: /ndn/al-site/al/svs_core/al=14, 1741613434973
Received update: /ndn/ge-site/ge/svs_core/ge=14, 1741613434973
Received update: /ndn/hr-site/hr/svs_core/hr=14, 1741613434973
Received update: /ndn/cz-site/cz/svs_core/cz=14, 1741613435226
Received update: /ndn/pt-site/pt/svs_core/pt=14, 1741613435986
Received update: /ndn/am-site/am/svs_core/am=14, 1741613436099
Received update: /ndn/lv-site/lv/svs_core/lv=14, 1741613437630
Received update: /ndn/mt-site/mt/svs_core/mt=14, 1741613438205
Received update: /ndn/nl-site/nl/svs_core/nl=14, 1741613438205
Received update: /ndn/it-site/it/svs_core/it=14, 1741613439648
Received update: /ndn/hu-site/hu/svs_core/hu=14, 1741613447107
Received update: /ndn/is-site/is/svs_core/is=14, 1741613447107
Received update: /ndn/lu-site/lu/svs_core/lu=14, 1741613447107
Received update: /ndn/pl-site/pl/svs_core/pl=14, 1741613447107
Received update: /ndn/sk-site/sk/svs_core/sk=14, 1741613447107
Received update: /ndn/de1-site/de1/svs_core/de1=14, 1741613447107
Received update: /ndn/bg-site/bg/svs_core/bg=14, 1741613447310
Received update: /ndn/md-site/md/svs_core/md=14, 1741613448840
Received update: /ndn/de2-site/de2/svs_core/de2=14, 1741613453387
Received update: /ndn/rs-site/rs/svs_core/rs=14, 1741613453599
Received update: /ndn/si-site/si/svs_core/si=14, 1741613453677
Published sequence number: /ndn/lt-site/lt/svs_core/lt=14, 1741613453787
Sending Sync interest
Received update: /ndn/gr-site/gr/svs_core/gr=14, 1741613456765
Received update: /ndn/uk-site/uk/svs_core/uk=14, 1741613456765
Received update: /ndn/fr1-site/fr1/svs_core/fr1=14, 1741613457650
Received update: /ndn/by-site/by/svs_core/by=14, 1741613459037
Sending Sync interest
Received update: /ndn/cy-site/cy/svs_core/cy=14, 1741613460362
Received update: /ndn/ua-site/ua/svs_core/ua=14, 1741613460626
Received update: /ndn/mk-site/mk/svs_core/mk=14, 1741613462001
Received update: /ndn/no-site/no/svs_core/no=14, 1741613462001
Received update: /ndn/dk-site/dk/svs_core/dk=15, 1741613462221
Received update: /ndn/ch-site/ch/svs_core/ch=15, 1741613463802
Received update: /ndn/be-site/be/svs_core/be=15, 1741613470042
Received update: /ndn/fi-site/fi/svs_core/fi=15, 1741613470349
Received update: /ndn/ee-site/ee/svs_core/ee=15, 1741613470558
Received update: /ndn/az-site/az/svs_core/az=15, 1741613470711
Received update: /ndn/ie-site/ie/svs_core/ie=15, 1741613470711
Received update: /ndn/il-site/il/svs_core/il=15, 1741613470855
Sending Sync interest
Received update: /ndn/es-site/es/svs_core/es=15, 1741613474125
Received update: /ndn/ro-site/ro/svs_core/ro=15, 1741613474125
Received update: /ndn/fr2-site/fr2/svs_core/fr2=15, 1741613474125
Received update: /ndn/at-site/at/svs_core/at=15, 1741613476045
Received update: /ndn/se-site/se/svs_core/se=15, 1741613476045
Received update: /ndn/hr-site/hr/svs_core/hr=15, 1741613479876
Received update: /ndn/tr-site/tr/svs_core/tr=15, 1741613479876
Received update: /ndn/ge-site/ge/svs_core/ge=15, 1741613479978
Received update: /ndn/am-site/am/svs_core/am=15, 1741613481125
Received update: /ndn/cz-site/cz/svs_core/cz=15, 1741613481340
Received update: /ndn/pt-site/pt/svs_core/pt=15, 1741613481617
Received update: /ndn/me-site/me/svs_core/me=15, 1741613481990
Received update: /ndn/lv-site/lv/svs_core/lv=15, 1741613483213
Received update: /ndn/nl-site/nl/svs_core/nl=15, 1741613483213
Received update: /ndn/hu-site/hu/svs_core/hu=15, 1741613486551
Received update: /ndn/it-site/it/svs_core/it=15, 1741613486551
Received update: /ndn/mt-site/mt/svs_core/mt=15, 1741613486678
Received update: /ndn/is-site/is/svs_core/is=15, 1741613488248
Received update: /ndn/sk-site/sk/svs_core/sk=15, 1741613488997
Received update: /ndn/bg-site/bg/svs_core/bg=15, 1741613492108
Received update: /ndn/pl-site/pl/svs_core/pl=15, 1741613492108
Received update: /ndn/de1-site/de1/svs_core/de1=15, 1741613492108
Received update: /ndn/rs-site/rs/svs_core/rs=15, 1741613492374
Received update: /ndn/lu-site/lu/svs_core/lu=15, 1741613492608
Received update: /ndn/md-site/md/svs_core/md=15, 1741613498648
Received update: /ndn/si-site/si/svs_core/si=15, 1741613498648
Received update: /ndn/de2-site/de2/svs_core/de2=15, 1741613498648
Received update: /ndn/gr-site/gr/svs_core/gr=15, 1741613498774
Published sequence number: /ndn/lt-site/lt/svs_core/lt=15, 1741613498789
Sending Sync interest
Received update: /ndn/uk-site/uk/svs_core/uk=15, 1741613502632
Received update: /ndn/fr1-site/fr1/svs_core/fr1=15, 1741613502632
Received update: /ndn/by-site/by/svs_core/by=15, 1741613504107
Received update: /ndn/cy-site/cy/svs_core/cy=15, 1741613505377
Received update: /ndn/mk-site/mk/svs_core/mk=15, 1741613506896
Received update: /ndn/no-site/no/svs_core/no=15, 1741613506896
Received update: /ndn/dk-site/dk/svs_core/dk=16, 1741613507257
Received update: /ndn/ua-site/ua/svs_core/ua=15, 1741613507506
Received update: /ndn/ch-site/ch/svs_core/ch=16, 1741613509024
Received update: /ndn/al-site/al/svs_core/al=15, 1741613516739
Received update: /ndn/az-site/az/svs_core/az=16, 1741613516739
Received update: /ndn/be-site/be/svs_core/be=16, 1741613516739
Received update: /ndn/ee-site/ee/svs_core/ee=16, 1741613516739
Received update: /ndn/fi-site/fi/svs_core/fi=16, 1741613516739
Received update: /ndn/ie-site/ie/svs_core/ie=16, 1741613516739
Received update: /ndn/il-site/il/svs_core/il=16, 1741613516739
Received update: /ndn/ro-site/ro/svs_core/ro=16, 1741613516739
Received update: /ndn/es-site/es/svs_core/es=16, 1741613519090
Received update: /ndn/fr2-site/fr2/svs_core/fr2=16, 1741613519090
Received update: /ndn/at-site/at/svs_core/at=16, 1741613521056
Received update: /ndn/al-site/al/svs_core/al=16, 1741613523798
Sending Sync interest
Received update: /ndn/se-site/se/svs_core/se=16, 1741613524148
Received update: /ndn/tr-site/tr/svs_core/tr=16, 1741613524156
Received update: /ndn/ge-site/ge/svs_core/ge=16, 1741613524994
Received update: /ndn/hr-site/hr/svs_core/hr=16, 1741613524994
Received update: /ndn/am-site/am/svs_core/am=16, 1741613526116
Received update: /ndn/me-site/me/svs_core/me=16, 1741613526116
Received update: /ndn/pt-site/pt/svs_core/pt=16, 1741613526116
Received update: /ndn/cz-site/cz/svs_core/cz=16, 1741613526227
Received update: /ndn/is-site/is/svs_core/is=16, 1741613533191
Received update: /ndn/nl-site/nl/svs_core/nl=16, 1741613533191
Received update: /ndn/hu-site/hu/svs_core/hu=16, 1741613533306
Received update: /ndn/it-site/it/svs_core/it=16, 1741613533387
Received update: /ndn/bg-site/bg/svs_core/bg=16, 1741613535949
Received update: /ndn/mt-site/mt/svs_core/mt=16, 1741613535949
Received update: /ndn/lv-site/lv/svs_core/lv=16, 1741613536074
Received update: /ndn/de1-site/de1/svs_core/de1=16, 1741613536118
Received update: /ndn/sk-site/sk/svs_core/sk=16, 1741613536254
Received update: /ndn/pl-site/pl/svs_core/pl=16, 1741613537109
Received update: /ndn/lu-site/lu/svs_core/lu=16, 1741613537427
Received update: /ndn/rs-site/rs/svs_core/rs=16, 1741613538636
Received update: /ndn/de2-site/de2/svs_core/de2=16, 1741613543397
Published sequence number: /ndn/lt-site/lt/svs_core/lt=16, 1741613543794
Sending Sync interest
Received update: /ndn/si-site/si/svs_core/si=16, 1741613544098
Received update: /ndn/gr-site/gr/svs_core/gr=16, 1741613546543
Received update: /ndn/uk-site/uk/svs_core/uk=16, 1741613546543
Received update: /ndn/by-site/by/svs_core/by=16, 1741613549262
Received update: /ndn/md-site/md/svs_core/md=16, 1741613549463
Received update: /ndn/fr1-site/fr1/svs_core/fr1=16, 1741613549463
Received update: /ndn/cy-site/cy/svs_core/cy=16, 1741613551064
Received update: /ndn/mk-site/mk/svs_core/mk=16, 1741613551064
Received update: /ndn/ua-site/ua/svs_core/ua=16, 1741613551295
Received update: /ndn/no-site/no/svs_core/no=16, 1741613581573
Stopping SVS client: /ndn/lt-site/lt/svs_core/lt
