SVS client starting: /ndn/pt-site/pt/svs_core/pt
Sending Sync interest
Received update: /ndn/de2-site/de2/svs_core/de2=1, 1741628189132
Received update: /ndn/uk-site/uk/svs_core/uk=1, 1741628189232
Received update: /ndn/ua-site/ua/svs_core/ua=1, 1741628191236
Received update: /ndn/fr1-site/fr1/svs_core/fr1=1, 1741628194068
Received update: /ndn/tr-site/tr/svs_core/tr=1, 1741628195354
Received update: /ndn/am-site/am/svs_core/am=1, 1741628195677
Received update: /ndn/bg-site/bg/svs_core/bg=1, 1741628196916
Received update: /ndn/it-site/it/svs_core/it=1, 1741628198609
Received update: /ndn/es-site/es/svs_core/es=1, 1741628199473
Received update: /ndn/fr2-site/fr2/svs_core/fr2=1, 1741628199812
Received update: /ndn/no-site/no/svs_core/no=1, 1741628200773
Received update: /ndn/cy-site/cy/svs_core/cy=1, 1741628201093
Received update: /ndn/fi-site/fi/svs_core/fi=1, 1741628201692
Received update: /ndn/is-site/is/svs_core/is=1, 1741628204401
Received update: /ndn/at-site/at/svs_core/at=1, 1741628206896
Received update: /ndn/ch-site/ch/svs_core/ch=1, 1741628207023
Received update: /ndn/ge-site/ge/svs_core/ge=1, 1741628210317
Received update: /ndn/ee-site/ee/svs_core/ee=1, 1741628212241
Received update: /ndn/gr-site/gr/svs_core/gr=1, 1741628212904
Received update: /ndn/dk-site/dk/svs_core/dk=1, 1741628213278
Received update: /ndn/ro-site/ro/svs_core/ro=1, 1741628213667
Received update: /ndn/si-site/si/svs_core/si=1, 1741628214204
Received update: /ndn/ie-site/ie/svs_core/ie=1, 1741628215300
Received update: /ndn/mt-site/mt/svs_core/mt=1, 1741628216524
Received update: /ndn/me-site/me/svs_core/me=1, 1741628216550
Received update: /ndn/se-site/se/svs_core/se=1, 1741628217614
Received update: /ndn/by-site/by/svs_core/by=1, 1741628217635
Received update: /ndn/il-site/il/svs_core/il=1, 1741628217812
Received update: /ndn/sk-site/sk/svs_core/sk=1, 1741628219005
Received update: /ndn/md-site/md/svs_core/md=1, 1741628220663
Received update: /ndn/be-site/be/svs_core/be=1, 1741628221375
Published sequence number: /ndn/pt-site/pt/svs_core/pt=1, 1741628238647
Sending Sync interest
Received update: /ndn/nl-site/nl/svs_core/nl=1, 1741628240733
Received update: /ndn/rs-site/rs/svs_core/rs=1, 1741628243064
Received update: /ndn/lv-site/lv/svs_core/lv=1, 1741628243089
Received update: /ndn/lt-site/lt/svs_core/lt=1, 1741628243566
Received update: /ndn/al-site/al/svs_core/al=1, 1741628243878
Received update: /ndn/cz-site/cz/svs_core/cz=1, 1741628245294
Received update: /ndn/hr-site/hr/svs_core/hr=1, 1741628246464
Received update: /ndn/mk-site/mk/svs_core/mk=1, 1741628246747
Received update: /ndn/lu-site/lu/svs_core/lu=1, 1741628247114
Received update: /ndn/hu-site/hu/svs_core/hu=1, 1741628247401
Received update: /ndn/de1-site/de1/svs_core/de1=1, 1741628247414
Received update: /ndn/pl-site/pl/svs_core/pl=1, 1741628247655
Received update: /ndn/az-site/az/svs_core/az=1, 1741628247850
Received update: /ndn/de2-site/de2/svs_core/de2=2, 1741628249570
Received update: /ndn/uk-site/uk/svs_core/uk=2, 1741628249652
Received update: /ndn/ua-site/ua/svs_core/ua=2, 1741628251671
Received update: /ndn/fr1-site/fr1/svs_core/fr1=2, 1741628254497
Received update: /ndn/tr-site/tr/svs_core/tr=2, 1741628255783
Received update: /ndn/am-site/am/svs_core/am=2, 1741628256089
Received update: /ndn/bg-site/bg/svs_core/bg=2, 1741628257337
Received update: /ndn/it-site/it/svs_core/it=2, 1741628259037
Received update: /ndn/es-site/es/svs_core/es=2, 1741628259894
Received update: /ndn/fr2-site/fr2/svs_core/fr2=2, 1741628260239
Received update: /ndn/no-site/no/svs_core/no=2, 1741628261195
Received update: /ndn/cy-site/cy/svs_core/cy=2, 1741628261522
Received update: /ndn/fi-site/fi/svs_core/fi=2, 1741628262113
Received update: /ndn/is-site/is/svs_core/is=2, 1741628264832
Received update: /ndn/at-site/at/svs_core/at=2, 1741628282846
Received update: /ndn/ch-site/ch/svs_core/ch=2, 1741628282969
Received update: /ndn/ge-site/ge/svs_core/ge=2, 1741628286269
Received update: /ndn/ee-site/ee/svs_core/ee=2, 1741628288192
Received update: /ndn/gr-site/gr/svs_core/gr=2, 1741628288852
Received update: /ndn/dk-site/dk/svs_core/dk=2, 1741628289231
Received update: /ndn/ro-site/ro/svs_core/ro=2, 1741628289615
Received update: /ndn/si-site/si/svs_core/si=2, 1741628290143
Received update: /ndn/ie-site/ie/svs_core/ie=2, 1741628291251
Received update: /ndn/mt-site/mt/svs_core/mt=2, 1741628292480
Received update: /ndn/me-site/me/svs_core/me=2, 1741628292488
Received update: /ndn/se-site/se/svs_core/se=2, 1741628293558
Received update: /ndn/by-site/by/svs_core/by=2, 1741628293580
Received update: /ndn/il-site/il/svs_core/il=2, 1741628293772
Received update: /ndn/sk-site/sk/svs_core/sk=2, 1741628294945
Received update: /ndn/md-site/md/svs_core/md=2, 1741628296612
Received update: /ndn/be-site/be/svs_core/be=2, 1741628297315
Published sequence number: /ndn/pt-site/pt/svs_core/pt=2, 1741628299170
Sending Sync interest
Received update: /ndn/nl-site/nl/svs_core/nl=2, 1741628301254
Received update: /ndn/rs-site/rs/svs_core/rs=2, 1741628303585
Received update: /ndn/lv-site/lv/svs_core/lv=2, 1741628303609
Received update: /ndn/lt-site/lt/svs_core/lt=2, 1741628304094
Received update: /ndn/al-site/al/svs_core/al=2, 1741628304408
Received update: /ndn/cz-site/cz/svs_core/cz=2, 1741628305816
Received update: /ndn/hr-site/hr/svs_core/hr=2, 1741628306991
Received update: /ndn/mk-site/mk/svs_core/mk=2, 1741628307278
Received update: /ndn/lu-site/lu/svs_core/lu=2, 1741628307636
Received update: /ndn/hu-site/hu/svs_core/hu=2, 1741628307920
Received update: /ndn/pl-site/pl/svs_core/pl=2, 1741628308172
Received update: /ndn/de1-site/de1/svs_core/de1=2, 1741628308363
Received update: /ndn/az-site/az/svs_core/az=2, 1741628308364
Received update: /ndn/de2-site/de2/svs_core/de2=3, 1741628310104
Received update: /ndn/uk-site/uk/svs_core/uk=3, 1741628310186
Received update: /ndn/ua-site/ua/svs_core/ua=3, 1741628312201
Received update: /ndn/fr1-site/fr1/svs_core/fr1=3, 1741628315018
Received update: /ndn/tr-site/tr/svs_core/tr=3, 1741628316301
Received update: /ndn/am-site/am/svs_core/am=3, 1741628316622
Received update: /ndn/bg-site/bg/svs_core/bg=3, 1741628317859
Received update: /ndn/it-site/it/svs_core/it=3, 1741628319560
Received update: /ndn/es-site/es/svs_core/es=3, 1741628320417
Received update: /ndn/fr2-site/fr2/svs_core/fr2=3, 1741628320759
Received update: /ndn/no-site/no/svs_core/no=3, 1741628321711
Received update: /ndn/cy-site/cy/svs_core/cy=3, 1741628322048
Received update: /ndn/fi-site/fi/svs_core/fi=3, 1741628322630
Received update: /ndn/is-site/is/svs_core/is=3, 1741628325351
Received update: /ndn/at-site/at/svs_core/at=3, 1741628327841
Received update: /ndn/ch-site/ch/svs_core/ch=3, 1741628327965
Received update: /ndn/ge-site/ge/svs_core/ge=3, 1741628331270
Received update: /ndn/ee-site/ee/svs_core/ee=3, 1741628333195
Received update: /ndn/gr-site/gr/svs_core/gr=3, 1741628333847
Received update: /ndn/dk-site/dk/svs_core/dk=3, 1741628334227
Received update: /ndn/ro-site/ro/svs_core/ro=3, 1741628334610
Received update: /ndn/si-site/si/svs_core/si=3, 1741628335144
Received update: /ndn/ie-site/ie/svs_core/ie=3, 1741628336255
Received update: /ndn/mt-site/mt/svs_core/mt=3, 1741628337478
Received update: /ndn/me-site/me/svs_core/me=3, 1741628337488
Received update: /ndn/se-site/se/svs_core/se=3, 1741628338559
Received update: /ndn/by-site/by/svs_core/by=3, 1741628338573
Received update: /ndn/il-site/il/svs_core/il=3, 1741628338765
Received update: /ndn/sk-site/sk/svs_core/sk=3, 1741628339938
Received update: /ndn/md-site/md/svs_core/md=3, 1741628341617
Received update: /ndn/be-site/be/svs_core/be=3, 1741628342314
Published sequence number: /ndn/pt-site/pt/svs_core/pt=3, 1741628359754
Sending Sync interest
Received update: /ndn/nl-site/nl/svs_core/nl=3, 1741628361839
Received update: /ndn/rs-site/rs/svs_core/rs=3, 1741628364155
Received update: /ndn/lv-site/lv/svs_core/lv=3, 1741628364181
Received update: /ndn/lt-site/lt/svs_core/lt=3, 1741628364666
Received update: /ndn/al-site/al/svs_core/al=3, 1741628364984
Received update: /ndn/cz-site/cz/svs_core/cz=3, 1741628366394
Received update: /ndn/hr-site/hr/svs_core/hr=3, 1741628367563
Received update: /ndn/mk-site/mk/svs_core/mk=3, 1741628367860
Received update: /ndn/lu-site/lu/svs_core/lu=3, 1741628368224
Received update: /ndn/hu-site/hu/svs_core/hu=3, 1741628368505
Received update: /ndn/pl-site/pl/svs_core/pl=3, 1741628368769
Received update: /ndn/az-site/az/svs_core/az=3, 1741628368952
Received update: /ndn/de1-site/de1/svs_core/de1=3, 1741628368990
Received update: /ndn/de2-site/de2/svs_core/de2=4, 1741628370686
Received update: /ndn/uk-site/uk/svs_core/uk=4, 1741628370765
Received update: /ndn/ua-site/ua/svs_core/ua=4, 1741628372812
Received update: /ndn/fr1-site/fr1/svs_core/fr1=4, 1741628375611
Received update: /ndn/tr-site/tr/svs_core/tr=4, 1741628376883
Received update: /ndn/am-site/am/svs_core/am=4, 1741628377209
Received update: /ndn/bg-site/bg/svs_core/bg=4, 1741628378454
Received update: /ndn/it-site/it/svs_core/it=4, 1741628380149
Received update: /ndn/es-site/es/svs_core/es=4, 1741628381011
Received update: /ndn/fr2-site/fr2/svs_core/fr2=4, 1741628381350
Received update: /ndn/no-site/no/svs_core/no=4, 1741628382304
Received update: /ndn/cy-site/cy/svs_core/cy=4, 1741628382633
Received update: /ndn/fi-site/fi/svs_core/fi=4, 1741628383243
Received update: /ndn/is-site/is/svs_core/is=4, 1741628385940
Received update: /ndn/at-site/at/svs_core/at=4, 1741628388432
Received update: /ndn/ch-site/ch/svs_core/ch=4, 1741628388546
Received update: /ndn/ge-site/ge/svs_core/ge=4, 1741628391852
Received update: /ndn/ee-site/ee/svs_core/ee=4, 1741628393786
Received update: /ndn/gr-site/gr/svs_core/gr=4, 1741628394434
Received update: /ndn/dk-site/dk/svs_core/dk=4, 1741628394816
Received update: /ndn/ro-site/ro/svs_core/ro=4, 1741628395192
Received update: /ndn/si-site/si/svs_core/si=4, 1741628395727
Received update: /ndn/ie-site/ie/svs_core/ie=4, 1741628396841
Received update: /ndn/mt-site/mt/svs_core/mt=4, 1741628398088
Received update: /ndn/me-site/me/svs_core/me=4, 1741628398091
Received update: /ndn/se-site/se/svs_core/se=4, 1741628399141
Received update: /ndn/by-site/by/svs_core/by=4, 1741628399155
Received update: /ndn/il-site/il/svs_core/il=4, 1741628399349
Received update: /ndn/sk-site/sk/svs_core/sk=4, 1741628400527
Received update: /ndn/md-site/md/svs_core/md=4, 1741628402203
Received update: /ndn/be-site/be/svs_core/be=4, 1741628402894
Published sequence number: /ndn/pt-site/pt/svs_core/pt=4, 1741628404759
Sending Sync interest
Received update: /ndn/nl-site/nl/svs_core/nl=4, 1741628406834
Received update: /ndn/rs-site/rs/svs_core/rs=4, 1741628409160
Received update: /ndn/lv-site/lv/svs_core/lv=4, 1741628409184
Received update: /ndn/lt-site/lt/svs_core/lt=4, 1741628409662
Received update: /ndn/al-site/al/svs_core/al=4, 1741628409989
Received update: /ndn/cz-site/cz/svs_core/cz=4, 1741628411402
Received update: /ndn/hr-site/hr/svs_core/hr=4, 1741628412564
Received update: /ndn/mk-site/mk/svs_core/mk=4, 1741628412867
Received update: /ndn/lu-site/lu/svs_core/lu=4, 1741628413228
Received update: /ndn/hu-site/hu/svs_core/hu=4, 1741628413504
Received update: /ndn/de1-site/de1/svs_core/de1=4, 1741628413515
Received update: /ndn/pl-site/pl/svs_core/pl=4, 1741628413773
Received update: /ndn/az-site/az/svs_core/az=4, 1741628413958
Received update: /ndn/de2-site/de2/svs_core/de2=5, 1741628415683
Received update: /ndn/uk-site/uk/svs_core/uk=5, 1741628415763
Received update: /ndn/ua-site/ua/svs_core/ua=5, 1741628417774
Received update: /ndn/fr1-site/fr1/svs_core/fr1=5, 1741628436198
Received update: /ndn/tr-site/tr/svs_core/tr=5, 1741628437473
Received update: /ndn/am-site/am/svs_core/am=5, 1741628437809
Received update: /ndn/bg-site/bg/svs_core/bg=5, 1741628439042
Received update: /ndn/it-site/it/svs_core/it=5, 1741628440742
Received update: /ndn/es-site/es/svs_core/es=5, 1741628441596
Received update: /ndn/fr2-site/fr2/svs_core/fr2=5, 1741628441954
Received update: /ndn/no-site/no/svs_core/no=5, 1741628442910
Received update: /ndn/cy-site/cy/svs_core/cy=5, 1741628443228
Received update: /ndn/fi-site/fi/svs_core/fi=5, 1741628443815
Received update: /ndn/is-site/is/svs_core/is=5, 1741628446541
Received update: /ndn/at-site/at/svs_core/at=5, 1741628449019
Received update: /ndn/ch-site/ch/svs_core/ch=5, 1741628449148
Received update: /ndn/ge-site/ge/svs_core/ge=5, 1741628452448
Received update: /ndn/ee-site/ee/svs_core/ee=5, 1741628454396
Received update: /ndn/gr-site/gr/svs_core/gr=5, 1741628455028
Received update: /ndn/dk-site/dk/svs_core/dk=5, 1741628455413
Received update: /ndn/ro-site/ro/svs_core/ro=5, 1741628455793
Received update: /ndn/si-site/si/svs_core/si=5, 1741628456313
Received update: /ndn/ie-site/ie/svs_core/ie=5, 1741628457436
Received update: /ndn/mt-site/mt/svs_core/mt=5, 1741628458658
Received update: /ndn/me-site/me/svs_core/me=5, 1741628458665
Received update: /ndn/se-site/se/svs_core/se=5, 1741628459734
Received update: /ndn/by-site/by/svs_core/by=5, 1741628459747
Received update: /ndn/il-site/il/svs_core/il=5, 1741628459953
Received update: /ndn/sk-site/sk/svs_core/sk=5, 1741628461122
Received update: /ndn/md-site/md/svs_core/md=5, 1741628462799
Received update: /ndn/be-site/be/svs_core/be=5, 1741628463494
Published sequence number: /ndn/pt-site/pt/svs_core/pt=5, 1741628480939
Sending Sync interest
Received update: /ndn/nl-site/nl/svs_core/nl=5, 1741628483017
Received update: /ndn/rs-site/rs/svs_core/rs=5, 1741628485331
Received update: /ndn/lv-site/lv/svs_core/lv=5, 1741628485366
Received update: /ndn/lt-site/lt/svs_core/lt=5, 1741628485840
Received update: /ndn/al-site/al/svs_core/al=5, 1741628486170
Received update: /ndn/cz-site/cz/svs_core/cz=5, 1741628487583
Received update: /ndn/hr-site/hr/svs_core/hr=5, 1741628488746
Received update: /ndn/mk-site/mk/svs_core/mk=5, 1741628489043
Received update: /ndn/lu-site/lu/svs_core/lu=5, 1741628489406
Received update: /ndn/hu-site/hu/svs_core/hu=5, 1741628489681
Received update: /ndn/de1-site/de1/svs_core/de1=5, 1741628489687
Received update: /ndn/pl-site/pl/svs_core/pl=5, 1741628489948
Received update: /ndn/az-site/az/svs_core/az=5, 1741628490143
Received update: /ndn/de2-site/de2/svs_core/de2=6, 1741628491856
Received update: /ndn/uk-site/uk/svs_core/uk=6, 1741628491944
Received update: /ndn/ua-site/ua/svs_core/ua=6, 1741628493954
Received update: /ndn/fr1-site/fr1/svs_core/fr1=6, 1741628496784
Received update: /ndn/tr-site/tr/svs_core/tr=6, 1741628498062
Received update: /ndn/am-site/am/svs_core/am=6, 1741628498388
Received update: /ndn/bg-site/bg/svs_core/bg=6, 1741628499622
Received update: /ndn/it-site/it/svs_core/it=6, 1741628501319
Received update: /ndn/es-site/es/svs_core/es=6, 1741628502184
Received update: /ndn/fr2-site/fr2/svs_core/fr2=6, 1741628502529
Received update: /ndn/no-site/no/svs_core/no=6, 1741628503487
Received update: /ndn/cy-site/cy/svs_core/cy=6, 1741628503810
Received update: /ndn/fi-site/fi/svs_core/fi=6, 1741628504407
Received update: /ndn/is-site/is/svs_core/is=6, 1741628507127
Received update: /ndn/at-site/at/svs_core/at=6, 1741628509598
Received update: /ndn/ch-site/ch/svs_core/ch=6, 1741628509731
Received update: /ndn/ge-site/ge/svs_core/ge=6, 1741628513039
Received update: /ndn/ee-site/ee/svs_core/ee=6, 1741628514991
Received update: /ndn/gr-site/gr/svs_core/gr=6, 1741628515617
Received update: /ndn/dk-site/dk/svs_core/dk=6, 1741628516010
Received update: /ndn/ro-site/ro/svs_core/ro=6, 1741628516382
Received update: /ndn/si-site/si/svs_core/si=6, 1741628516975
Received update: /ndn/ie-site/ie/svs_core/ie=6, 1741628518033
Received update: /ndn/mt-site/mt/svs_core/mt=6, 1741628519246
Received update: /ndn/me-site/me/svs_core/me=6, 1741628519278
Received update: /ndn/se-site/se/svs_core/se=6, 1741628520327
Received update: /ndn/by-site/by/svs_core/by=6, 1741628520338
Received update: /ndn/il-site/il/svs_core/il=6, 1741628520538
Received update: /ndn/sk-site/sk/svs_core/sk=6, 1741628521704
Received update: /ndn/md-site/md/svs_core/md=6, 1741628523391
Received update: /ndn/be-site/be/svs_core/be=6, 1741628524086
Published sequence number: /ndn/pt-site/pt/svs_core/pt=6, 1741628525949
Sending Sync interest
Received update: /ndn/nl-site/nl/svs_core/nl=6, 1741628528023
Received update: /ndn/rs-site/rs/svs_core/rs=6, 1741628530340
Received update: /ndn/lv-site/lv/svs_core/lv=6, 1741628530366
Received update: /ndn/lt-site/lt/svs_core/lt=6, 1741628530853
Received update: /ndn/al-site/al/svs_core/al=6, 1741628531200
Received update: /ndn/cz-site/cz/svs_core/cz=6, 1741628532600
Received update: /ndn/hr-site/hr/svs_core/hr=6, 1741628533750
Received update: /ndn/mk-site/mk/svs_core/mk=6, 1741628534054
Received update: /ndn/lu-site/lu/svs_core/lu=6, 1741628534408
Received update: /ndn/hu-site/hu/svs_core/hu=6, 1741628534691
Received update: /ndn/de1-site/de1/svs_core/de1=6, 1741628534695
Received update: /ndn/pl-site/pl/svs_core/pl=6, 1741628534971
Received update: /ndn/az-site/az/svs_core/az=6, 1741628535136
Received update: /ndn/de2-site/de2/svs_core/de2=7, 1741628536868
Received update: /ndn/uk-site/uk/svs_core/uk=7, 1741628536954
Received update: /ndn/ua-site/ua/svs_core/ua=7, 1741628538997
Received update: /ndn/fr1-site/fr1/svs_core/fr1=7, 1741628557341
Received update: /ndn/tr-site/tr/svs_core/tr=7, 1741628558611
Received update: /ndn/am-site/am/svs_core/am=7, 1741628558941
Received update: /ndn/bg-site/bg/svs_core/bg=7, 1741628560173
Received update: /ndn/it-site/it/svs_core/it=7, 1741628561876
Received update: /ndn/es-site/es/svs_core/es=7, 1741628562739
Received update: /ndn/fr2-site/fr2/svs_core/fr2=7, 1741628563084
Received update: /ndn/no-site/no/svs_core/no=7, 1741628564039
Received update: /ndn/cy-site/cy/svs_core/cy=7, 1741628564367
Received update: /ndn/fi-site/fi/svs_core/fi=7, 1741628564948
Received update: /ndn/is-site/is/svs_core/is=7, 1741628567685
Received update: /ndn/at-site/at/svs_core/at=7, 1741628570155
Received update: /ndn/ch-site/ch/svs_core/ch=7, 1741628570282
Received update: /ndn/ge-site/ge/svs_core/ge=7, 1741628573582
Received update: /ndn/ee-site/ee/svs_core/ee=7, 1741628575532
Received update: /ndn/gr-site/gr/svs_core/gr=7, 1741628576172
Received update: /ndn/dk-site/dk/svs_core/dk=7, 1741628576561
Received update: /ndn/ro-site/ro/svs_core/ro=7, 1741628576934
Received update: /ndn/si-site/si/svs_core/si=7, 1741628577539
Received update: /ndn/ie-site/ie/svs_core/ie=7, 1741628578587
Received update: /ndn/mt-site/mt/svs_core/mt=7, 1741628579802
Received update: /ndn/me-site/me/svs_core/me=7, 1741628579817
Received update: /ndn/se-site/se/svs_core/se=7, 1741628580875
Received update: /ndn/by-site/by/svs_core/by=7, 1741628580887
Received update: /ndn/il-site/il/svs_core/il=7, 1741628581096
Received update: /ndn/sk-site/sk/svs_core/sk=7, 1741628582253
Received update: /ndn/md-site/md/svs_core/md=7, 1741628583936
Received update: /ndn/be-site/be/svs_core/be=7, 1741628584636
Published sequence number: /ndn/pt-site/pt/svs_core/pt=7, 1741628602099
Sending Sync interest
Received update: /ndn/nl-site/nl/svs_core/nl=7, 1741628604178
Received update: /ndn/rs-site/rs/svs_core/rs=7, 1741628606502
Received update: /ndn/lv-site/lv/svs_core/lv=7, 1741628606527
Received update: /ndn/lt-site/lt/svs_core/lt=7, 1741628607005
Received update: /ndn/al-site/al/svs_core/al=7, 1741628607328
Received update: /ndn/cz-site/cz/svs_core/cz=7, 1741628608751
Received update: /ndn/hr-site/hr/svs_core/hr=7, 1741628609904
Received update: /ndn/mk-site/mk/svs_core/mk=7, 1741628610199
Received update: /ndn/lu-site/lu/svs_core/lu=7, 1741628610564
Received update: /ndn/hu-site/hu/svs_core/hu=7, 1741628610847
Received update: /ndn/de1-site/de1/svs_core/de1=7, 1741628610849
Received update: /ndn/pl-site/pl/svs_core/pl=7, 1741628611107
Received update: /ndn/az-site/az/svs_core/az=7, 1741628611296
Received update: /ndn/de2-site/de2/svs_core/de2=8, 1741628613018
Received update: /ndn/uk-site/uk/svs_core/uk=8, 1741628613111
Received update: /ndn/ua-site/ua/svs_core/ua=8, 1741628615123
Received update: /ndn/fr1-site/fr1/svs_core/fr1=8, 1741628617952
Received update: /ndn/tr-site/tr/svs_core/tr=8, 1741628619217
Received update: /ndn/am-site/am/svs_core/am=8, 1741628619574
Received update: /ndn/bg-site/bg/svs_core/bg=8, 1741628620791
Received update: /ndn/it-site/it/svs_core/it=8, 1741628622483
Received update: /ndn/es-site/es/svs_core/es=8, 1741628623353
Received update: /ndn/fr2-site/fr2/svs_core/fr2=8, 1741628623697
Received update: /ndn/no-site/no/svs_core/no=8, 1741628624657
Received update: /ndn/cy-site/cy/svs_core/cy=8, 1741628624976
Received update: /ndn/fi-site/fi/svs_core/fi=8, 1741628625556
Received update: /ndn/is-site/is/svs_core/is=8, 1741628628283
Received update: /ndn/at-site/at/svs_core/at=8, 1741628630765
Received update: /ndn/ch-site/ch/svs_core/ch=8, 1741628630889
Received update: /ndn/ge-site/ge/svs_core/ge=8, 1741628634197
Received update: /ndn/ee-site/ee/svs_core/ee=8, 1741628636146
Received update: /ndn/gr-site/gr/svs_core/gr=8, 1741628636784
Received update: /ndn/dk-site/dk/svs_core/dk=8, 1741628637164
Received update: /ndn/ro-site/ro/svs_core/ro=8, 1741628637532
Received update: /ndn/si-site/si/svs_core/si=8, 1741628638138
Received update: /ndn/ie-site/ie/svs_core/ie=8, 1741628639191
Received update: /ndn/mt-site/mt/svs_core/mt=8, 1741628640418
Received update: /ndn/me-site/me/svs_core/me=8, 1741628640440
Received update: /ndn/se-site/se/svs_core/se=8, 1741628641486
Received update: /ndn/by-site/by/svs_core/by=8, 1741628641522
Received update: /ndn/il-site/il/svs_core/il=8, 1741628641705
Received update: /ndn/sk-site/sk/svs_core/sk=8, 1741628642868
Received update: /ndn/md-site/md/svs_core/md=8, 1741628644536
Received update: /ndn/be-site/be/svs_core/be=8, 1741628645239
Published sequence number: /ndn/pt-site/pt/svs_core/pt=8, 1741628647110
Sending Sync interest
Received update: /ndn/nl-site/nl/svs_core/nl=8, 1741628649181
Received update: /ndn/rs-site/rs/svs_core/rs=8, 1741628651510
Received update: /ndn/lv-site/lv/svs_core/lv=8, 1741628651536
Received update: /ndn/lt-site/lt/svs_core/lt=8, 1741628652011
Received update: /ndn/al-site/al/svs_core/al=8, 1741628652331
Received update: /ndn/cz-site/cz/svs_core/cz=8, 1741628653760
Received update: /ndn/hr-site/hr/svs_core/hr=8, 1741628654914
Received update: /ndn/mk-site/mk/svs_core/mk=8, 1741628655215
Received update: /ndn/lu-site/lu/svs_core/lu=8, 1741628655583
Received update: /ndn/hu-site/hu/svs_core/hu=8, 1741628655852
Received update: /ndn/de1-site/de1/svs_core/de1=8, 1741628655853
Received update: /ndn/pl-site/pl/svs_core/pl=8, 1741628656112
Received update: /ndn/az-site/az/svs_core/az=8, 1741628656297
Received update: /ndn/de2-site/de2/svs_core/de2=9, 1741628658027
Received update: /ndn/uk-site/uk/svs_core/uk=9, 1741628658114
Received update: /ndn/ua-site/ua/svs_core/ua=9, 1741628660124
Received update: /ndn/fr1-site/fr1/svs_core/fr1=9, 1741628665347
Received update: /ndn/tr-site/tr/svs_core/tr=9, 1741628666620
Received update: /ndn/am-site/am/svs_core/am=9, 1741628666945
Received update: /ndn/bg-site/bg/svs_core/bg=9, 1741628668187
Received update: /ndn/it-site/it/svs_core/it=9, 1741628669885
Received update: /ndn/es-site/es/svs_core/es=9, 1741628670756
Received update: /ndn/fr2-site/fr2/svs_core/fr2=9, 1741628671096
Received update: /ndn/no-site/no/svs_core/no=9, 1741628672037
Received update: /ndn/cy-site/cy/svs_core/cy=9, 1741628672370
Received update: /ndn/fi-site/fi/svs_core/fi=9, 1741628672959
Received update: /ndn/is-site/is/svs_core/is=9, 1741628675690
Received update: /ndn/at-site/at/svs_core/at=9, 1741628678171
Received update: /ndn/ch-site/ch/svs_core/ch=9, 1741628678299
Received update: /ndn/ge-site/ge/svs_core/ge=9, 1741628681598
Received update: /ndn/ee-site/ee/svs_core/ee=9, 1741628683545
Received update: /ndn/gr-site/gr/svs_core/gr=9, 1741628684190
Received update: /ndn/dk-site/dk/svs_core/dk=9, 1741628684563
Received update: /ndn/ro-site/ro/svs_core/ro=9, 1741628684940
Received update: /ndn/si-site/si/svs_core/si=9, 1741628685550
Received update: /ndn/ie-site/ie/svs_core/ie=9, 1741628686596
Received update: /ndn/mt-site/mt/svs_core/mt=9, 1741628687829
Received update: /ndn/me-site/me/svs_core/me=9, 1741628687849
Received update: /ndn/se-site/se/svs_core/se=9, 1741628688902
Received update: /ndn/by-site/by/svs_core/by=9, 1741628688914
Received update: /ndn/il-site/il/svs_core/il=9, 1741628689112
Received update: /ndn/sk-site/sk/svs_core/sk=9, 1741628690266
Received update: /ndn/md-site/md/svs_core/md=9, 1741628692018
Received update: /ndn/be-site/be/svs_core/be=9, 1741628692636
Published sequence number: /ndn/pt-site/pt/svs_core/pt=9, 1741628711087
Sending Sync interest
Received update: /ndn/nl-site/nl/svs_core/nl=9, 1741628713165
Received update: /ndn/rs-site/rs/svs_core/rs=9, 1741628715486
Received update: /ndn/lv-site/lv/svs_core/lv=9, 1741628715512
Received update: /ndn/lt-site/lt/svs_core/lt=9, 1741628715990
Received update: /ndn/al-site/al/svs_core/al=9, 1741628716305
Received update: /ndn/cz-site/cz/svs_core/cz=9, 1741628717739
Received update: /ndn/hr-site/hr/svs_core/hr=9, 1741628718894
Received update: /ndn/mk-site/mk/svs_core/mk=9, 1741628719199
Received update: /ndn/lu-site/lu/svs_core/lu=9, 1741628719552
Received update: /ndn/hu-site/hu/svs_core/hu=9, 1741628719832
Received update: /ndn/de1-site/de1/svs_core/de1=9, 1741628719834
Received update: /ndn/pl-site/pl/svs_core/pl=9, 1741628720097
Received update: /ndn/az-site/az/svs_core/az=9, 1741628720274
Received update: /ndn/de2-site/de2/svs_core/de2=10, 1741628722007
Received update: /ndn/uk-site/uk/svs_core/uk=10, 1741628722103
Received update: /ndn/ua-site/ua/svs_core/ua=10, 1741628724108
Received update: /ndn/fr1-site/fr1/svs_core/fr1=10, 1741628726941
Received update: /ndn/tr-site/tr/svs_core/tr=10, 1741628728209
Received update: /ndn/am-site/am/svs_core/am=10, 1741628728530
Received update: /ndn/bg-site/bg/svs_core/bg=10, 1741628729776
Received update: /ndn/it-site/it/svs_core/it=10, 1741628731474
Received update: /ndn/es-site/es/svs_core/es=10, 1741628732345
Received update: /ndn/fr2-site/fr2/svs_core/fr2=10, 1741628732676
Received update: /ndn/no-site/no/svs_core/no=10, 1741628733613
Received update: /ndn/cy-site/cy/svs_core/cy=10, 1741628733957
Received update: /ndn/fi-site/fi/svs_core/fi=10, 1741628734554
Received update: /ndn/is-site/is/svs_core/is=10, 1741628737278
Received update: /ndn/at-site/at/svs_core/at=10, 1741628739756
Received update: /ndn/ch-site/ch/svs_core/ch=10, 1741628739879
Received update: /ndn/ge-site/ge/svs_core/ge=10, 1741628743180
Received update: /ndn/ee-site/ee/svs_core/ee=10, 1741628745128
Received update: /ndn/gr-site/gr/svs_core/gr=10, 1741628745772
Received update: /ndn/dk-site/dk/svs_core/dk=10, 1741628746152
Received update: /ndn/ro-site/ro/svs_core/ro=10, 1741628746517
Received update: /ndn/si-site/si/svs_core/si=10, 1741628747130
Received update: /ndn/ie-site/ie/svs_core/ie=10, 1741628748180
Received update: /ndn/mt-site/mt/svs_core/mt=10, 1741628749383
Received update: /ndn/me-site/me/svs_core/me=10, 1741628749404
Received update: /ndn/se-site/se/svs_core/se=10, 1741628750464
Received update: /ndn/by-site/by/svs_core/by=10, 1741628750470
Received update: /ndn/il-site/il/svs_core/il=10, 1741628750694
Received update: /ndn/sk-site/sk/svs_core/sk=10, 1741628751848
Received update: /ndn/md-site/md/svs_core/md=10, 1741628753587
Received update: /ndn/be-site/be/svs_core/be=10, 1741628754217
Published sequence number: /ndn/pt-site/pt/svs_core/pt=10, 1741628756091
Sending Sync interest
Received update: /ndn/nl-site/nl/svs_core/nl=10, 1741628758167
Received update: /ndn/rs-site/rs/svs_core/rs=10, 1741628760491
Received update: /ndn/lv-site/lv/svs_core/lv=10, 1741628760516
Received update: /ndn/lt-site/lt/svs_core/lt=10, 1741628760994
Received update: /ndn/al-site/al/svs_core/al=10, 1741628761336
Received update: /ndn/cz-site/cz/svs_core/cz=10, 1741628762745
Received update: /ndn/hr-site/hr/svs_core/hr=10, 1741628763904
Received update: /ndn/mk-site/mk/svs_core/mk=10, 1741628764206
Received update: /ndn/lu-site/lu/svs_core/lu=10, 1741628764563
Received update: /ndn/hu-site/hu/svs_core/hu=10, 1741628764839
Received update: /ndn/de1-site/de1/svs_core/de1=10, 1741628764840
Received update: /ndn/pl-site/pl/svs_core/pl=10, 1741628765103
Received update: /ndn/az-site/az/svs_core/az=10, 1741628765282
Received update: /ndn/de2-site/de2/svs_core/de2=11, 1741628767015
Received update: /ndn/uk-site/uk/svs_core/uk=11, 1741628767110
Received update: /ndn/ua-site/ua/svs_core/ua=11, 1741628769105
Received update: /ndn/fr1-site/fr1/svs_core/fr1=11, 1741628787504
Received update: /ndn/tr-site/tr/svs_core/tr=11, 1741628788782
Received update: /ndn/am-site/am/svs_core/am=11, 1741628789103
Received update: /ndn/bg-site/bg/svs_core/bg=11, 1741628790356
Received update: /ndn/it-site/it/svs_core/it=11, 1741628792047
Received update: /ndn/es-site/es/svs_core/es=11, 1741628792917
Received update: /ndn/fr2-site/fr2/svs_core/fr2=11, 1741628793254
Received update: /ndn/no-site/no/svs_core/no=11, 1741628794189
Received update: /ndn/cy-site/cy/svs_core/cy=11, 1741628794531
Received update: /ndn/fi-site/fi/svs_core/fi=11, 1741628795120
Received update: /ndn/is-site/is/svs_core/is=11, 1741628797858
Received update: /ndn/at-site/at/svs_core/at=11, 1741628800330
Received update: /ndn/ch-site/ch/svs_core/ch=11, 1741628800456
Received update: /ndn/ge-site/ge/svs_core/ge=11, 1741628803762
Received update: /ndn/ee-site/ee/svs_core/ee=11, 1741628805709
Received update: /ndn/gr-site/gr/svs_core/gr=11, 1741628806353
Received update: /ndn/dk-site/dk/svs_core/dk=11, 1741628806729
Received update: /ndn/ro-site/ro/svs_core/ro=11, 1741628807101
Received update: /ndn/si-site/si/svs_core/si=11, 1741628807715
Received update: /ndn/ie-site/ie/svs_core/ie=11, 1741628808763
Received update: /ndn/mt-site/mt/svs_core/mt=11, 1741628809962
Received update: /ndn/me-site/me/svs_core/me=11, 1741628809975
Received update: /ndn/se-site/se/svs_core/se=11, 1741628811051
Received update: /ndn/by-site/by/svs_core/by=11, 1741628811082
Received update: /ndn/il-site/il/svs_core/il=11, 1741628811270
Received update: /ndn/sk-site/sk/svs_core/sk=11, 1741628812427
Received update: /ndn/md-site/md/svs_core/md=11, 1741628814166
Received update: /ndn/be-site/be/svs_core/be=11, 1741628814798
Published sequence number: /ndn/pt-site/pt/svs_core/pt=11, 1741628816672
Sending Sync interest
Received update: /ndn/nl-site/nl/svs_core/nl=11, 1741628818754
Received update: /ndn/rs-site/rs/svs_core/rs=11, 1741628821076
Received update: /ndn/lv-site/lv/svs_core/lv=11, 1741628821099
Received update: /ndn/lt-site/lt/svs_core/lt=11, 1741628821584
Received update: /ndn/al-site/al/svs_core/al=11, 1741628821892
Received update: /ndn/cz-site/cz/svs_core/cz=11, 1741628823326
Received update: /ndn/hr-site/hr/svs_core/hr=11, 1741628824469
Received update: /ndn/mk-site/mk/svs_core/mk=11, 1741628824787
Received update: /ndn/lu-site/lu/svs_core/lu=11, 1741628825147
Received update: /ndn/de1-site/de1/svs_core/de1=11, 1741628825416
Received update: /ndn/hu-site/hu/svs_core/hu=11, 1741628825422
Received update: /ndn/pl-site/pl/svs_core/pl=11, 1741628825677
Received update: /ndn/az-site/az/svs_core/az=11, 1741628825860
Received update: /ndn/de2-site/de2/svs_core/de2=12, 1741628827599
Received update: /ndn/uk-site/uk/svs_core/uk=12, 1741628827690
Received update: /ndn/ua-site/ua/svs_core/ua=12, 1741628829687
Received update: /ndn/fr1-site/fr1/svs_core/fr1=12, 1741628832519
Received update: /ndn/tr-site/tr/svs_core/tr=12, 1741628833796
Received update: /ndn/am-site/am/svs_core/am=12, 1741628834119
Received update: /ndn/bg-site/bg/svs_core/bg=12, 1741628835369
Received update: /ndn/it-site/it/svs_core/it=12, 1741628837058
Received update: /ndn/es-site/es/svs_core/es=12, 1741628837925
Received update: /ndn/fr2-site/fr2/svs_core/fr2=12, 1741628838253
Received update: /ndn/no-site/no/svs_core/no=12, 1741628839212
Received update: /ndn/cy-site/cy/svs_core/cy=12, 1741628839542
Received update: /ndn/fi-site/fi/svs_core/fi=12, 1741628840129
Received update: /ndn/is-site/is/svs_core/is=12, 1741628842860
Received update: /ndn/at-site/at/svs_core/at=12, 1741628845337
Received update: /ndn/ch-site/ch/svs_core/ch=12, 1741628861350
Received update: /ndn/ge-site/ge/svs_core/ge=12, 1741628864663
Received update: /ndn/ee-site/ee/svs_core/ee=12, 1741628866605
Received update: /ndn/gr-site/gr/svs_core/gr=12, 1741628867248
Received update: /ndn/dk-site/dk/svs_core/dk=12, 1741628867635
Received update: /ndn/ro-site/ro/svs_core/ro=12, 1741628868000
Received update: /ndn/si-site/si/svs_core/si=12, 1741628868607
Received update: /ndn/ie-site/ie/svs_core/ie=12, 1741628869659
Received update: /ndn/mt-site/mt/svs_core/mt=12, 1741628870867
Received update: /ndn/me-site/me/svs_core/me=12, 1741628870902
Received update: /ndn/se-site/se/svs_core/se=12, 1741628871943
Received update: /ndn/by-site/by/svs_core/by=12, 1741628871954
Received update: /ndn/il-site/il/svs_core/il=12, 1741628872161
Received update: /ndn/sk-site/sk/svs_core/sk=12, 1741628873322
Received update: /ndn/md-site/md/svs_core/md=12, 1741628875066
Received update: /ndn/be-site/be/svs_core/be=12, 1741628875691
Published sequence number: /ndn/pt-site/pt/svs_core/pt=12, 1741628877571
Sending Sync interest
Received update: /ndn/nl-site/nl/svs_core/nl=12, 1741628879656
Received update: /ndn/rs-site/rs/svs_core/rs=12, 1741628881963
Received update: /ndn/lv-site/lv/svs_core/lv=12, 1741628881996
Received update: /ndn/lt-site/lt/svs_core/lt=12, 1741628882490
Received update: /ndn/al-site/al/svs_core/al=12, 1741628882787
Received update: /ndn/cz-site/cz/svs_core/cz=12, 1741628884232
Received update: /ndn/hr-site/hr/svs_core/hr=12, 1741628885368
Received update: /ndn/mk-site/mk/svs_core/mk=12, 1741628885685
Received update: /ndn/lu-site/lu/svs_core/lu=12, 1741628886039
Received update: /ndn/de1-site/de1/svs_core/de1=12, 1741628886307
Received update: /ndn/hu-site/hu/svs_core/hu=12, 1741628886315
Received update: /ndn/pl-site/pl/svs_core/pl=12, 1741628886582
Received update: /ndn/az-site/az/svs_core/az=12, 1741628886763
Received update: /ndn/de2-site/de2/svs_core/de2=13, 1741628888501
Received update: /ndn/uk-site/uk/svs_core/uk=13, 1741628888582
Received update: /ndn/ua-site/ua/svs_core/ua=13, 1741628890596
Received update: /ndn/fr1-site/fr1/svs_core/fr1=13, 1741629889528
Received update: /ndn/tr-site/tr/svs_core/tr=13, 1741629890807
Received update: /ndn/am-site/am/svs_core/am=13, 1741629891144
Received update: /ndn/bg-site/bg/svs_core/bg=13, 1741629892375
Received update: /ndn/it-site/it/svs_core/it=13, 1741629894063
Received update: /ndn/es-site/es/svs_core/es=13, 1741629894938
Received update: /ndn/fr2-site/fr2/svs_core/fr2=13, 1741629895265
Received update: /ndn/no-site/no/svs_core/no=13, 1741629896205
Received update: /ndn/cy-site/cy/svs_core/cy=13, 1741629896551
Received update: /ndn/fi-site/fi/svs_core/fi=13, 1741629897139
Received update: /ndn/is-site/is/svs_core/is=13, 1741629899869
Received update: /ndn/at-site/at/svs_core/at=13, 1741629902347
Received update: /ndn/ch-site/ch/svs_core/ch=13, 1741629902474
Received update: /ndn/ge-site/ge/svs_core/ge=13, 1741629905781
Received update: /ndn/ee-site/ee/svs_core/ee=13, 1741629907723
Received update: /ndn/gr-site/gr/svs_core/gr=13, 1741629908372
Received update: /ndn/dk-site/dk/svs_core/dk=13, 1741629908767
Received update: /ndn/ro-site/ro/svs_core/ro=13, 1741629909122
Received update: /ndn/si-site/si/svs_core/si=13, 1741629909724
Received update: /ndn/ie-site/ie/svs_core/ie=13, 1741629910777
Received update: /ndn/mt-site/mt/svs_core/mt=13, 1741629911978
Received update: /ndn/me-site/me/svs_core/me=13, 1741629911990
Received update: /ndn/se-site/se/svs_core/se=13, 1741629913053
Received update: /ndn/by-site/by/svs_core/by=13, 1741629913067
Received update: /ndn/il-site/il/svs_core/il=13, 1741629913278
Received update: /ndn/sk-site/sk/svs_core/sk=13, 1741629914450
Received update: /ndn/md-site/md/svs_core/md=13, 1741629916182
Received update: /ndn/be-site/be/svs_core/be=13, 1741629916814
Published sequence number: /ndn/pt-site/pt/svs_core/pt=13, 1741629918692
Sending Sync interest
Received update: /ndn/nl-site/nl/svs_core/nl=13, 1741629920772
Received update: /ndn/rs-site/rs/svs_core/rs=13, 1741629923089
Received update: /ndn/lv-site/lv/svs_core/lv=13, 1741629923116
Received update: /ndn/lt-site/lt/svs_core/lt=13, 1741629923606
Received update: /ndn/al-site/al/svs_core/al=13, 1741629923905
Received update: /ndn/cz-site/cz/svs_core/cz=13, 1741629925347
Received update: /ndn/hr-site/hr/svs_core/hr=13, 1741629926489
Received update: /ndn/mk-site/mk/svs_core/mk=13, 1741629926801
Received update: /ndn/lu-site/lu/svs_core/lu=13, 1741629927158
Received update: /ndn/de1-site/de1/svs_core/de1=13, 1741629927428
Received update: /ndn/hu-site/hu/svs_core/hu=13, 1741629927436
Received update: /ndn/pl-site/pl/svs_core/pl=13, 1741629927704
Received update: /ndn/az-site/az/svs_core/az=13, 1741629927885
Received update: /ndn/de2-site/de2/svs_core/de2=14, 1741629929624
Received update: /ndn/uk-site/uk/svs_core/uk=14, 1741629929703
Received update: /ndn/ua-site/ua/svs_core/ua=14, 1741629931715
Received update: /ndn/fr1-site/fr1/svs_core/fr1=14, 1741629934545
Received update: /ndn/tr-site/tr/svs_core/tr=14, 1741629935820
Received update: /ndn/am-site/am/svs_core/am=14, 1741629936125
Received update: /ndn/bg-site/bg/svs_core/bg=14, 1741629937389
Received update: /ndn/it-site/it/svs_core/it=14, 1741629939074
Received update: /ndn/es-site/es/svs_core/es=14, 1741629939946
Received update: /ndn/fr2-site/fr2/svs_core/fr2=14, 1741629940268
Received update: /ndn/no-site/no/svs_core/no=14, 1741629941211
Received update: /ndn/cy-site/cy/svs_core/cy=14, 1741629941556
Received update: /ndn/fi-site/fi/svs_core/fi=14, 1741629942136
Received update: /ndn/is-site/is/svs_core/is=14, 1741629944876
Received update: /ndn/at-site/at/svs_core/at=14, 1741629947354
Received update: /ndn/ch-site/ch/svs_core/ch=14, 1741629947474
Received update: /ndn/ge-site/ge/svs_core/ge=14, 1741629950790
Received update: /ndn/ee-site/ee/svs_core/ee=14, 1741629952732
Received update: /ndn/gr-site/gr/svs_core/gr=14, 1741629953378
Received update: /ndn/dk-site/dk/svs_core/dk=14, 1741629953765
Received update: /ndn/ro-site/ro/svs_core/ro=14, 1741629954126
Received update: /ndn/si-site/si/svs_core/si=14, 1741629954732
Received update: /ndn/ie-site/ie/svs_core/ie=14, 1741629955793
Received update: /ndn/mt-site/mt/svs_core/mt=14, 1741629956992
Received update: /ndn/me-site/me/svs_core/me=14, 1741629957005
Received update: /ndn/se-site/se/svs_core/se=14, 1741629958071
Received update: /ndn/by-site/by/svs_core/by=14, 1741629958089
Received update: /ndn/il-site/il/svs_core/il=14, 1741629958284
Received update: /ndn/sk-site/sk/svs_core/sk=14, 1741629959456
Received update: /ndn/md-site/md/svs_core/md=14, 1741629961200
Received update: /ndn/be-site/be/svs_core/be=14, 1741629961817
Published sequence number: /ndn/pt-site/pt/svs_core/pt=14, 1741629963704
Sending Sync interest
Received update: /ndn/nl-site/nl/svs_core/nl=14, 1741629965774
Received update: /ndn/rs-site/rs/svs_core/rs=14, 1741629968091
Received update: /ndn/lv-site/lv/svs_core/lv=14, 1741629968122
Received update: /ndn/lt-site/lt/svs_core/lt=14, 1741629968611
Received update: /ndn/al-site/al/svs_core/al=14, 1741629968913
Received update: /ndn/cz-site/cz/svs_core/cz=14, 1741629970349
Received update: /ndn/hr-site/hr/svs_core/hr=14, 1741629971494
Received update: /ndn/mk-site/mk/svs_core/mk=14, 1741629971802
Received update: /ndn/lu-site/lu/svs_core/lu=14, 1741629972171
Received update: /ndn/de1-site/de1/svs_core/de1=14, 1741629972431
Received update: /ndn/hu-site/hu/svs_core/hu=14, 1741629972441
Received update: /ndn/pl-site/pl/svs_core/pl=14, 1741629972707
Received update: /ndn/az-site/az/svs_core/az=14, 1741629972887
Received update: /ndn/de2-site/de2/svs_core/de2=15, 1741629974634
Received update: /ndn/uk-site/uk/svs_core/uk=15, 1741629974712
Received update: /ndn/ua-site/ua/svs_core/ua=15, 1741629976716
Received update: /ndn/fr1-site/fr1/svs_core/fr1=15, 1741629979539
Received update: /ndn/tr-site/tr/svs_core/tr=15, 1741629980829
Received update: /ndn/am-site/am/svs_core/am=15, 1741629981128
Received update: /ndn/bg-site/bg/svs_core/bg=15, 1741629982399
Received update: /ndn/it-site/it/svs_core/it=15, 1741629984079
Received update: /ndn/es-site/es/svs_core/es=15, 1741629984954
Received update: /ndn/fr2-site/fr2/svs_core/fr2=15, 1741629985278
Received update: /ndn/no-site/no/svs_core/no=15, 1741629986207
Received update: /ndn/cy-site/cy/svs_core/cy=15, 1741629986569
Received update: /ndn/fi-site/fi/svs_core/fi=15, 1741629987156
Received update: /ndn/is-site/is/svs_core/is=15, 1741629989873
Received update: /ndn/at-site/at/svs_core/at=15, 1741629992363
Received update: /ndn/ch-site/ch/svs_core/ch=15, 1741629992490
Received update: /ndn/ge-site/ge/svs_core/ge=15, 1741629995804
Received update: /ndn/ee-site/ee/svs_core/ee=15, 1741629997745
Received update: /ndn/gr-site/gr/svs_core/gr=15, 1741629998389
Received update: /ndn/dk-site/dk/svs_core/dk=15, 1741629998771
Received update: /ndn/ro-site/ro/svs_core/ro=15, 1741629999135
Received update: /ndn/si-site/si/svs_core/si=15, 1741629999738
Received update: /ndn/ie-site/ie/svs_core/ie=15, 1741630000820
Received update: /ndn/mt-site/mt/svs_core/mt=15, 1741630001997
Received update: /ndn/me-site/me/svs_core/me=15, 1741630002009
Received update: /ndn/se-site/se/svs_core/se=15, 1741630003075
Received update: /ndn/by-site/by/svs_core/by=15, 1741630003077
Received update: /ndn/il-site/il/svs_core/il=15, 1741630003293
Received update: /ndn/sk-site/sk/svs_core/sk=15, 1741630004467
Received update: /ndn/md-site/md/svs_core/md=15, 1741630006207
Received update: /ndn/be-site/be/svs_core/be=15, 1741630006827
Published sequence number: /ndn/pt-site/pt/svs_core/pt=15, 1741630008711
Sending Sync interest
Received update: /ndn/nl-site/nl/svs_core/nl=15, 1741630010778
Received update: /ndn/rs-site/rs/svs_core/rs=15, 1741630013096
Received update: /ndn/lv-site/lv/svs_core/lv=15, 1741630013124
Received update: /ndn/lt-site/lt/svs_core/lt=15, 1741630013617
Received update: /ndn/al-site/al/svs_core/al=15, 1741630013912
Received update: /ndn/cz-site/cz/svs_core/cz=15, 1741630015355
Received update: /ndn/hr-site/hr/svs_core/hr=15, 1741630016502
Received update: /ndn/mk-site/mk/svs_core/mk=15, 1741630016810
Received update: /ndn/lu-site/lu/svs_core/lu=15, 1741630017176
Received update: /ndn/de1-site/de1/svs_core/de1=15, 1741630017440
Received update: /ndn/hu-site/hu/svs_core/hu=15, 1741630017441
Received update: /ndn/pl-site/pl/svs_core/pl=15, 1741630017717
Received update: /ndn/az-site/az/svs_core/az=15, 1741630017891
Received update: /ndn/de2-site/de2/svs_core/de2=16, 1741630019644
Received update: /ndn/uk-site/uk/svs_core/uk=16, 1741630019717
Received update: /ndn/ua-site/ua/svs_core/ua=16, 1741630021729
Received update: /ndn/fr1-site/fr1/svs_core/fr1=16, 1741630024545
Received update: /ndn/tr-site/tr/svs_core/tr=16, 1741630025834
Received update: /ndn/am-site/am/svs_core/am=16, 1741630026135
Received update: /ndn/bg-site/bg/svs_core/bg=16, 1741630027405
Received update: /ndn/it-site/it/svs_core/it=16, 1741630029083
Received update: /ndn/es-site/es/svs_core/es=16, 1741630029962
Received update: /ndn/fr2-site/fr2/svs_core/fr2=16, 1741630030281
Received update: /ndn/no-site/no/svs_core/no=16, 1741630031218
Received update: /ndn/cy-site/cy/svs_core/cy=16, 1741630031581
Received update: /ndn/fi-site/fi/svs_core/fi=16, 1741630032149
Received update: /ndn/is-site/is/svs_core/is=16, 1741630034877
Received update: /ndn/at-site/at/svs_core/at=16, 1741630037373
Received update: /ndn/ch-site/ch/svs_core/ch=16, 1741630097073
Received update: /ndn/ge-site/ge/svs_core/ge=16, 1741630100399
Received update: /ndn/ee-site/ee/svs_core/ee=16, 1741630102330
Received update: /ndn/gr-site/gr/svs_core/gr=16, 1741630102994
Received update: /ndn/dk-site/dk/svs_core/dk=16, 1741630103366
Received update: /ndn/ro-site/ro/svs_core/ro=16, 1741630103732
Received update: /ndn/si-site/si/svs_core/si=16, 1741630104333
Received update: /ndn/ie-site/ie/svs_core/ie=16, 1741630105394
Received update: /ndn/mt-site/mt/svs_core/mt=16, 1741630106599
Received update: /ndn/me-site/me/svs_core/me=16, 1741630106607
Received update: /ndn/se-site/se/svs_core/se=16, 1741630107662
Received update: /ndn/by-site/by/svs_core/by=16, 1741630107674
Received update: /ndn/il-site/il/svs_core/il=16, 1741630107902
Received update: /ndn/sk-site/sk/svs_core/sk=16, 1741630109056
Received update: /ndn/md-site/md/svs_core/md=16, 1741630110800
Received update: /ndn/be-site/be/svs_core/be=16, 1741630111419
Published sequence number: /ndn/pt-site/pt/svs_core/pt=16, 1741630113305
Sending Sync interest
Received update: /ndn/nl-site/nl/svs_core/nl=16, 1741630115377
Received update: /ndn/rs-site/rs/svs_core/rs=16, 1741630117695
Received update: /ndn/lv-site/lv/svs_core/lv=16, 1741630117718
Received update: /ndn/lt-site/lt/svs_core/lt=16, 1741630118216
Received update: /ndn/al-site/al/svs_core/al=16, 1741630118503
Received update: /ndn/cz-site/cz/svs_core/cz=16, 1741630119956
Received update: /ndn/hr-site/hr/svs_core/hr=16, 1741630121098
Received update: /ndn/mk-site/mk/svs_core/mk=16, 1741630121414
Received update: /ndn/lu-site/lu/svs_core/lu=16, 1741630121769
Received update: /ndn/de1-site/de1/svs_core/de1=16, 1741630122033
Received update: /ndn/hu-site/hu/svs_core/hu=16, 1741630122049
Received update: /ndn/pl-site/pl/svs_core/pl=16, 1741630122311
Received update: /ndn/az-site/az/svs_core/az=16, 1741630122488
Stopping SVS client: /ndn/pt-site/pt/svs_core/pt
