SVS client starting: /ndn/by-site/by/svs_core/by
Sending Sync interest
Received update: /ndn/me-site/me/svs_core/me=1, 1741735839166
Received update: /ndn/ua-site/ua/svs_core/ua=1, 1741735839166
Received update: /ndn/se-site/se/svs_core/se=1, 1741735840323
Received update: /ndn/de1-site/de1/svs_core/de1=1, 1741735841462
Received update: /ndn/lt-site/lt/svs_core/lt=1, 1741735845915
Received update: /ndn/nl-site/nl/svs_core/nl=1, 1741735845915
Received update: /ndn/be-site/be/svs_core/be=1, 1741735850912
Received update: /ndn/fr2-site/fr2/svs_core/fr2=1, 1741735850912
Received update: /ndn/ie-site/ie/svs_core/ie=1, 1741735852498
Received update: /ndn/sk-site/sk/svs_core/sk=1, 1741735852498
Received update: /ndn/uk-site/uk/svs_core/uk=1, 1741735853796
Received update: /ndn/ro-site/ro/svs_core/ro=1, 1741735853996
Received update: /ndn/rs-site/rs/svs_core/rs=1, 1741735856647
Received update: /ndn/hu-site/hu/svs_core/hu=1, 1741735857074
Received update: /ndn/az-site/az/svs_core/az=1, 1741735857960
Received update: /ndn/hr-site/hr/svs_core/hr=1, 1741735859086
Received update: /ndn/lv-site/lv/svs_core/lv=1, 1741735859108
Sending Sync interest
Received update: /ndn/fi-site/fi/svs_core/fi=1, 1741735859525
Received update: /ndn/ch-site/ch/svs_core/ch=1, 1741735859684
Received update: /ndn/no-site/no/svs_core/no=1, 1741735860316
Received update: /ndn/it-site/it/svs_core/it=1, 1741735861258
Received update: /ndn/ge-site/ge/svs_core/ge=1, 1741735868481
Received update: /ndn/de2-site/de2/svs_core/de2=1, 1741735868481
Received update: /ndn/fr1-site/fr1/svs_core/fr1=1, 1741735868481
Received update: /ndn/md-site/md/svs_core/md=1, 1741735868778
Received update: /ndn/mt-site/mt/svs_core/mt=1, 1741735869866
Received update: /ndn/am-site/am/svs_core/am=1, 1741735870041
Received update: /ndn/ee-site/ee/svs_core/ee=1, 1741735870202
Received update: /ndn/al-site/al/svs_core/al=1, 1741735870791
Received update: /ndn/il-site/il/svs_core/il=1, 1741735870791
Received update: /ndn/at-site/at/svs_core/at=1, 1741735872991
Received update: /ndn/mk-site/mk/svs_core/mk=1, 1741735873208
Received update: /ndn/pt-site/pt/svs_core/pt=1, 1741735873435
Received update: /ndn/tr-site/tr/svs_core/tr=1, 1741735873686
Published sequence number: /ndn/by-site/by/svs_core/by=1, 1741735876207
Sending Sync interest
Received update: /ndn/bg-site/bg/svs_core/bg=1, 1741735880452
Received update: /ndn/cz-site/cz/svs_core/cz=1, 1741735880452
Received update: /ndn/dk-site/dk/svs_core/dk=1, 1741735880452
Received update: /ndn/si-site/si/svs_core/si=1, 1741735880452
Sending Sync interest
Received update: /ndn/is-site/is/svs_core/is=1, 1741735881954
Sending Sync interest
Received update: /ndn/es-site/es/svs_core/es=1, 1741735882222
Received update: /ndn/gr-site/gr/svs_core/gr=1, 1741735882222
Received update: /ndn/pl-site/pl/svs_core/pl=1, 1741735882222
Max suppression time updated to: 336
Received update: /ndn/cy-site/cy/svs_core/cy=1, 1741735883809
Received update: /ndn/me-site/me/svs_core/me=2, 1741735883809
Received update: /ndn/lu-site/lu/svs_core/lu=1, 1741735884088
Received update: /ndn/lt-site/lt/svs_core/lt=2, 1741735887169
Received update: /ndn/se-site/se/svs_core/se=2, 1741735887169
Received update: /ndn/ua-site/ua/svs_core/ua=2, 1741735887169
Received update: /ndn/de1-site/de1/svs_core/de1=2, 1741735887169
Received update: /ndn/be-site/be/svs_core/be=2, 1741735896443
Received update: /ndn/nl-site/nl/svs_core/nl=2, 1741735896443
Received update: /ndn/fr2-site/fr2/svs_core/fr2=2, 1741735896443
Received update: /ndn/ie-site/ie/svs_core/ie=2, 1741735897786
Received update: /ndn/sk-site/sk/svs_core/sk=2, 1741735898815
Received update: /ndn/uk-site/uk/svs_core/uk=2, 1741735898815
Received update: /ndn/hr-site/hr/svs_core/hr=2, 1741735904191
Received update: /ndn/hu-site/hu/svs_core/hu=2, 1741735904191
Received update: /ndn/ro-site/ro/svs_core/ro=2, 1741735904191
Received update: /ndn/rs-site/rs/svs_core/rs=2, 1741735904191
Received update: /ndn/ch-site/ch/svs_core/ch=2, 1741735904311
Received update: /ndn/fi-site/fi/svs_core/fi=2, 1741735904478
Received update: /ndn/lv-site/lv/svs_core/lv=2, 1741735906815
Received update: /ndn/de2-site/de2/svs_core/de2=2, 1741735906815
Received update: /ndn/no-site/no/svs_core/no=2, 1741735906847
Received update: /ndn/ge-site/ge/svs_core/ge=2, 1741735907102
Received update: /ndn/it-site/it/svs_core/it=2, 1741735907102
Received update: /ndn/az-site/az/svs_core/az=2, 1741735907365
Received update: /ndn/fr1-site/fr1/svs_core/fr1=2, 1741735913584
Received update: /ndn/al-site/al/svs_core/al=2, 1741735914134
Received update: /ndn/ee-site/ee/svs_core/ee=2, 1741735915212
Received update: /ndn/il-site/il/svs_core/il=2, 1741735915237
Received update: /ndn/am-site/am/svs_core/am=2, 1741735915489
Received update: /ndn/md-site/md/svs_core/md=2, 1741735916447
Received update: /ndn/at-site/at/svs_core/at=2, 1741735918248
Received update: /ndn/mk-site/mk/svs_core/mk=2, 1741735918248
Received update: /ndn/pt-site/pt/svs_core/pt=2, 1741735918472
Published sequence number: /ndn/by-site/by/svs_core/by=2, 1741735921217
Sending Sync interest
Received update: /ndn/cz-site/cz/svs_core/cz=2, 1741735922647
Received update: /ndn/mt-site/mt/svs_core/mt=2, 1741735922647
Received update: /ndn/si-site/si/svs_core/si=2, 1741735922647
Received update: /ndn/tr-site/tr/svs_core/tr=2, 1741735922647
Received update: /ndn/bg-site/bg/svs_core/bg=2, 1741735925437
Received update: /ndn/dk-site/dk/svs_core/dk=2, 1741735925437
Received update: /ndn/is-site/is/svs_core/is=2, 1741735926833
Received update: /ndn/es-site/es/svs_core/es=2, 1741735926913
Received update: /ndn/gr-site/gr/svs_core/gr=2, 1741735927224
Received update: /ndn/pl-site/pl/svs_core/pl=2, 1741735927224
Received update: /ndn/cy-site/cy/svs_core/cy=2, 1741735928632
Received update: /ndn/lu-site/lu/svs_core/lu=2, 1741735928632
Received update: /ndn/me-site/me/svs_core/me=3, 1741735928632
Received update: /ndn/lt-site/lt/svs_core/lt=3, 1741735932158
Received update: /ndn/ua-site/ua/svs_core/ua=3, 1741735932518
Received update: /ndn/nl-site/nl/svs_core/nl=3, 1741735940488
Received update: /ndn/de1-site/de1/svs_core/de1=3, 1741735940488
Received update: /ndn/fr2-site/fr2/svs_core/fr2=3, 1741735940488
Received update: /ndn/be-site/be/svs_core/be=3, 1741735940891
Received update: /ndn/se-site/se/svs_core/se=3, 1741735940964
Received update: /ndn/fi-site/fi/svs_core/fi=3, 1741735945864
Received update: /ndn/ie-site/ie/svs_core/ie=3, 1741735945864
Received update: /ndn/sk-site/sk/svs_core/sk=3, 1741735945864
Received update: /ndn/uk-site/uk/svs_core/uk=3, 1741735946094
Received update: /ndn/ro-site/ro/svs_core/ro=3, 1741735946674
Received update: /ndn/hu-site/hu/svs_core/hu=3, 1741735947081
Received update: /ndn/az-site/az/svs_core/az=3, 1741735947971
Received update: /ndn/hr-site/hr/svs_core/hr=3, 1741735949119
Received update: /ndn/lv-site/lv/svs_core/lv=3, 1741735949441
Received update: /ndn/rs-site/rs/svs_core/rs=3, 1741735949693
Received update: /ndn/ch-site/ch/svs_core/ch=3, 1741735951408
Received update: /ndn/it-site/it/svs_core/it=3, 1741735951408
Received update: /ndn/no-site/no/svs_core/no=3, 1741735951408
Received update: /ndn/de2-site/de2/svs_core/de2=3, 1741735951557
Received update: /ndn/ge-site/ge/svs_core/ge=3, 1741735958529
Received update: /ndn/fr1-site/fr1/svs_core/fr1=3, 1741735958529
Received update: /ndn/al-site/al/svs_core/al=3, 1741735959312
Received update: /ndn/am-site/am/svs_core/am=3, 1741735959312
Received update: /ndn/il-site/il/svs_core/il=3, 1741735960314
Received update: /ndn/at-site/at/svs_core/at=3, 1741735963031
Received update: /ndn/ee-site/ee/svs_core/ee=3, 1741735963031
Received update: /ndn/mt-site/mt/svs_core/mt=3, 1741735963031
Received update: /ndn/mk-site/mk/svs_core/mk=3, 1741735963766
Received update: /ndn/pt-site/pt/svs_core/pt=3, 1741735963766
Received update: /ndn/md-site/md/svs_core/md=3, 1741735964201
Received update: /ndn/tr-site/tr/svs_core/tr=3, 1741735964201
Published sequence number: /ndn/by-site/by/svs_core/by=3, 1741735966221
Sending Sync interest
Received update: /ndn/cz-site/cz/svs_core/cz=3, 1741735968569
Received update: /ndn/dk-site/dk/svs_core/dk=3, 1741735968569
Received update: /ndn/si-site/si/svs_core/si=3, 1741735968569
Sending Sync interest
Received update: /ndn/bg-site/bg/svs_core/bg=3, 1741735972026
Received update: /ndn/gr-site/gr/svs_core/gr=3, 1741735972026
Received update: /ndn/is-site/is/svs_core/is=3, 1741735972026
Received update: /ndn/es-site/es/svs_core/es=3, 1741735972229
Received update: /ndn/pl-site/pl/svs_core/pl=3, 1741735972229
Received update: /ndn/cy-site/cy/svs_core/cy=3, 1741735973475
Received update: /ndn/lu-site/lu/svs_core/lu=3, 1741735973475
Received update: /ndn/me-site/me/svs_core/me=4, 1741735973475
Received update: /ndn/ua-site/ua/svs_core/ua=4, 1741735974165
Received update: /ndn/se-site/se/svs_core/se=4, 1741735975406
Received update: /ndn/de1-site/de1/svs_core/de1=4, 1741735976584
Received update: /ndn/nl-site/nl/svs_core/nl=4, 1741735980830
Received update: /ndn/be-site/be/svs_core/be=4, 1741735985977
Received update: /ndn/fr2-site/fr2/svs_core/fr2=4, 1741735986186
Received update: /ndn/lt-site/lt/svs_core/lt=4, 1741735989188
Received update: /ndn/uk-site/uk/svs_core/uk=4, 1741735989188
Received update: /ndn/ie-site/ie/svs_core/ie=4, 1741735989314
Received update: /ndn/sk-site/sk/svs_core/sk=4, 1741735989314
Received update: /ndn/ro-site/ro/svs_core/ro=4, 1741735989843
Received update: /ndn/hu-site/hu/svs_core/hu=4, 1741735992353
Received update: /ndn/rs-site/rs/svs_core/rs=4, 1741735992353
Received update: /ndn/fi-site/fi/svs_core/fi=4, 1741735992721
Received update: /ndn/az-site/az/svs_core/az=4, 1741735994097
Received update: /ndn/hr-site/hr/svs_core/hr=4, 1741735994097
Received update: /ndn/lv-site/lv/svs_core/lv=4, 1741735994371
Received update: /ndn/ch-site/ch/svs_core/ch=4, 1741736005212
Received update: /ndn/ee-site/ee/svs_core/ee=4, 1741736005212
Received update: /ndn/ge-site/ge/svs_core/ge=4, 1741736005212
Received update: /ndn/it-site/it/svs_core/it=4, 1741736005212
Received update: /ndn/no-site/no/svs_core/no=4, 1741736005212
Received update: /ndn/de2-site/de2/svs_core/de2=4, 1741736005212
Received update: /ndn/fr1-site/fr1/svs_core/fr1=4, 1741736005212
Received update: /ndn/md-site/md/svs_core/md=4, 1741736005605
Received update: /ndn/at-site/at/svs_core/at=4, 1741736008024
Received update: /ndn/il-site/il/svs_core/il=4, 1741736008024
Received update: /ndn/mk-site/mk/svs_core/mk=4, 1741736008230
Received update: /ndn/al-site/al/svs_core/al=4, 1741736008442
Received update: /ndn/am-site/am/svs_core/am=4, 1741736008789
Received update: /ndn/pt-site/pt/svs_core/pt=4, 1741736008789
Received update: /ndn/tr-site/tr/svs_core/tr=4, 1741736008789
Received update: /ndn/mt-site/mt/svs_core/mt=4, 1741736009127
Published sequence number: /ndn/by-site/by/svs_core/by=4, 1741736011224
Sending Sync interest
Received update: /ndn/si-site/si/svs_core/si=4, 1741736011383
Received update: /ndn/cz-site/cz/svs_core/cz=4, 1741736012727
Received update: /ndn/dk-site/dk/svs_core/dk=4, 1741736013521
Received update: /ndn/gr-site/gr/svs_core/gr=4, 1741736016699
Received update: /ndn/es-site/es/svs_core/es=4, 1741736017051
Received update: /ndn/is-site/is/svs_core/is=4, 1741736017051
Received update: /ndn/bg-site/bg/svs_core/bg=4, 1741736017355
Received update: /ndn/cy-site/cy/svs_core/cy=4, 1741736018471
Received update: /ndn/lu-site/lu/svs_core/lu=4, 1741736018471
Received update: /ndn/me-site/me/svs_core/me=5, 1741736018471
Received update: /ndn/pl-site/pl/svs_core/pl=4, 1741736018471
Received update: /ndn/lt-site/lt/svs_core/lt=5, 1741736022355
Received update: /ndn/se-site/se/svs_core/se=5, 1741736023771
Received update: /ndn/de1-site/de1/svs_core/de1=5, 1741736023771
Received update: /ndn/nl-site/nl/svs_core/nl=5, 1741736030572
Received update: /ndn/ua-site/ua/svs_core/ua=5, 1741736030572
Received update: /ndn/fr2-site/fr2/svs_core/fr2=5, 1741736030572
Received update: /ndn/be-site/be/svs_core/be=5, 1741736030958
Received update: /ndn/ie-site/ie/svs_core/ie=5, 1741736032244
Received update: /ndn/sk-site/sk/svs_core/sk=5, 1741736032508
Received update: /ndn/ro-site/ro/svs_core/ro=5, 1741736034011
Received update: /ndn/uk-site/uk/svs_core/uk=5, 1741736034279
Received update: /ndn/fi-site/fi/svs_core/fi=5, 1741736035867
Received update: /ndn/hu-site/hu/svs_core/hu=5, 1741736037083
Received update: /ndn/hr-site/hr/svs_core/hr=5, 1741736039154
Received update: /ndn/ch-site/ch/svs_core/ch=5, 1741736039239
Received update: /ndn/it-site/it/svs_core/it=5, 1741736041765
Received update: /ndn/rs-site/rs/svs_core/rs=5, 1741736041765
Received update: /ndn/de2-site/de2/svs_core/de2=5, 1741736041765
Received update: /ndn/lv-site/lv/svs_core/lv=5, 1741736042012
Received update: /ndn/no-site/no/svs_core/no=5, 1741736042080
Received update: /ndn/ge-site/ge/svs_core/ge=5, 1741736042090
Received update: /ndn/az-site/az/svs_core/az=5, 1741736042690
Received update: /ndn/md-site/md/svs_core/md=5, 1741736049450
Received update: /ndn/fr1-site/fr1/svs_core/fr1=5, 1741736049450
Received update: /ndn/al-site/al/svs_core/al=5, 1741736049713
Received update: /ndn/am-site/am/svs_core/am=5, 1741736050505
Received update: /ndn/mt-site/mt/svs_core/mt=5, 1741736050505
Received update: /ndn/ee-site/ee/svs_core/ee=5, 1741736050698
Received update: /ndn/at-site/at/svs_core/at=5, 1741736053468
Received update: /ndn/il-site/il/svs_core/il=5, 1741736053468
Received update: /ndn/mk-site/mk/svs_core/mk=5, 1741736053468
Received update: /ndn/pt-site/pt/svs_core/pt=5, 1741736053468
Received update: /ndn/tr-site/tr/svs_core/tr=5, 1741736053702
Published sequence number: /ndn/by-site/by/svs_core/by=5, 1741736056235
Sending Sync interest
Received update: /ndn/cz-site/cz/svs_core/cz=5, 1741736057658
Received update: /ndn/si-site/si/svs_core/si=5, 1741736057658
Sending Sync interest
Received update: /ndn/dk-site/dk/svs_core/dk=5, 1741736058529
Sending Sync interest
Received update: /ndn/bg-site/bg/svs_core/bg=5, 1741736061824
Received update: /ndn/is-site/is/svs_core/is=5, 1741736061824
Received update: /ndn/es-site/es/svs_core/es=5, 1741736061900
Received update: /ndn/gr-site/gr/svs_core/gr=5, 1741736062188
Received update: /ndn/lu-site/lu/svs_core/lu=5, 1741736062398
Received update: /ndn/cy-site/cy/svs_core/cy=5, 1741736062836
Received update: /ndn/pl-site/pl/svs_core/pl=5, 1741736062836
Received update: /ndn/ua-site/ua/svs_core/ua=6, 1741736064196
Received update: /ndn/me-site/me/svs_core/me=6, 1741736065448
Received update: /ndn/se-site/se/svs_core/se=6, 1741736065448
Received update: /ndn/lt-site/lt/svs_core/lt=6, 1741736067608
Received update: /ndn/nl-site/nl/svs_core/nl=6, 1741736078826
Received update: /ndn/uk-site/uk/svs_core/uk=6, 1741736078826
Received update: /ndn/de1-site/de1/svs_core/de1=6, 1741736078826
Received update: /ndn/ro-site/ro/svs_core/ro=6, 1741736079014
Received update: /ndn/be-site/be/svs_core/be=6, 1741736079285
Received update: /ndn/fi-site/fi/svs_core/fi=6, 1741736080987
Received update: /ndn/sk-site/sk/svs_core/sk=6, 1741736080987
Received update: /ndn/fr2-site/fr2/svs_core/fr2=6, 1741736080987
Received update: /ndn/ie-site/ie/svs_core/ie=6, 1741736081260
Received update: /ndn/rs-site/rs/svs_core/rs=6, 1741736081669
Received update: /ndn/az-site/az/svs_core/az=6, 1741736082981
Received update: /ndn/hu-site/hu/svs_core/hu=6, 1741736082981
Received update: /ndn/lv-site/lv/svs_core/lv=6, 1741736084130
Received update: /ndn/hr-site/hr/svs_core/hr=6, 1741736084504
Received update: /ndn/ch-site/ch/svs_core/ch=6, 1741736084569
Received update: /ndn/it-site/it/svs_core/it=6, 1741736086569
Received update: /ndn/no-site/no/svs_core/no=6, 1741736086569
Received update: /ndn/de2-site/de2/svs_core/de2=6, 1741736086569
Received update: /ndn/ge-site/ge/svs_core/ge=6, 1741736087323
Received update: /ndn/am-site/am/svs_core/am=6, 1741736094338
Received update: /ndn/fr1-site/fr1/svs_core/fr1=6, 1741736094556
Received update: /ndn/al-site/al/svs_core/al=6, 1741736095060
Received update: /ndn/md-site/md/svs_core/md=6, 1741736095106
Received update: /ndn/ee-site/ee/svs_core/ee=6, 1741736095675
Received update: /ndn/il-site/il/svs_core/il=6, 1741736095675
Received update: /ndn/at-site/at/svs_core/at=6, 1741736098002
Received update: /ndn/mt-site/mt/svs_core/mt=6, 1741736098002
Received update: /ndn/mk-site/mk/svs_core/mk=6, 1741736099232
Received update: /ndn/pt-site/pt/svs_core/pt=6, 1741736099232
Received update: /ndn/tr-site/tr/svs_core/tr=6, 1741736099232
Published sequence number: /ndn/by-site/by/svs_core/by=6, 1741736101237
Sending Sync interest
Received update: /ndn/cz-site/cz/svs_core/cz=6, 1741736102891
Received update: /ndn/si-site/si/svs_core/si=6, 1741736102891
Received update: /ndn/bg-site/bg/svs_core/bg=6, 1741736105816
Received update: /ndn/dk-site/dk/svs_core/dk=6, 1741736105816
Received update: /ndn/es-site/es/svs_core/es=6, 1741736107234
Received update: /ndn/gr-site/gr/svs_core/gr=6, 1741736107234
Received update: /ndn/is-site/is/svs_core/is=6, 1741736107234
Received update: /ndn/pl-site/pl/svs_core/pl=6, 1741736107234
Received update: /ndn/lu-site/lu/svs_core/lu=6, 1741736107395
Received update: /ndn/cy-site/cy/svs_core/cy=6, 1741736107563
Received update: /ndn/me-site/me/svs_core/me=7, 1741736111525
Received update: /ndn/de1-site/de1/svs_core/de1=7, 1741736111525
Received update: /ndn/ua-site/ua/svs_core/ua=7, 1741736111641
Received update: /ndn/lt-site/lt/svs_core/lt=7, 1741736115870
Received update: /ndn/nl-site/nl/svs_core/nl=7, 1741736115870
Received update: /ndn/se-site/se/svs_core/se=7, 1741736116278
Received update: /ndn/fi-site/fi/svs_core/fi=7, 1741736126453
Received update: /ndn/sk-site/sk/svs_core/sk=7, 1741736126453
Received update: /ndn/uk-site/uk/svs_core/uk=7, 1741736126453
Received update: /ndn/fr2-site/fr2/svs_core/fr2=7, 1741736126453
Received update: /ndn/ie-site/ie/svs_core/ie=7, 1741736126647
Received update: /ndn/be-site/be/svs_core/be=7, 1741736126707
Received update: /ndn/ro-site/ro/svs_core/ro=7, 1741736127257
Received update: /ndn/rs-site/rs/svs_core/rs=7, 1741736127257
Received update: /ndn/hu-site/hu/svs_core/hu=7, 1741736127544
Received update: /ndn/lv-site/lv/svs_core/lv=7, 1741736129138
Received update: /ndn/az-site/az/svs_core/az=7, 1741736129266
Received update: /ndn/ch-site/ch/svs_core/ch=7, 1741736129266
Received update: /ndn/hr-site/hr/svs_core/hr=7, 1741736129266
Received update: /ndn/it-site/it/svs_core/it=7, 1741736131282
Received update: /ndn/no-site/no/svs_core/no=7, 1741736131282
Received update: /ndn/de2-site/de2/svs_core/de2=7, 1741736131652
Received update: /ndn/ge-site/ge/svs_core/ge=7, 1741736138456
Received update: /ndn/fr1-site/fr1/svs_core/fr1=7, 1741736138456
Received update: /ndn/al-site/al/svs_core/al=7, 1741736139364
Received update: /ndn/md-site/md/svs_core/md=7, 1741736139364
Received update: /ndn/il-site/il/svs_core/il=7, 1741736140284
Received update: /ndn/am-site/am/svs_core/am=7, 1741736143536
Received update: /ndn/at-site/at/svs_core/at=7, 1741736143536
Received update: /ndn/mk-site/mk/svs_core/mk=7, 1741736143536
Received update: /ndn/mt-site/mt/svs_core/mt=7, 1741736143536
Received update: /ndn/pt-site/pt/svs_core/pt=7, 1741736143536
Received update: /ndn/ee-site/ee/svs_core/ee=7, 1741736143737
Received update: /ndn/tr-site/tr/svs_core/tr=7, 1741736143737
Published sequence number: /ndn/by-site/by/svs_core/by=7, 1741736146242
Sending Sync interest
Received update: /ndn/si-site/si/svs_core/si=7, 1741736146364
Received update: /ndn/cz-site/cz/svs_core/cz=7, 1741736148521
Received update: /ndn/dk-site/dk/svs_core/dk=7, 1741736148521
Received update: /ndn/bg-site/bg/svs_core/bg=7, 1741736150432
Received update: /ndn/es-site/es/svs_core/es=7, 1741736152112
Received update: /ndn/gr-site/gr/svs_core/gr=7, 1741736152112
Received update: /ndn/is-site/is/svs_core/is=7, 1741736152112
Received update: /ndn/cy-site/cy/svs_core/cy=7, 1741736152586
Received update: /ndn/lu-site/lu/svs_core/lu=7, 1741736152586
Received update: /ndn/pl-site/pl/svs_core/pl=7, 1741736152586
Received update: /ndn/me-site/me/svs_core/me=8, 1741736153721
Received update: /ndn/de1-site/de1/svs_core/de1=8, 1741736156485
Received update: /ndn/ua-site/ua/svs_core/ua=8, 1741736156536
Received update: /ndn/nl-site/nl/svs_core/nl=8, 1741736160868
Received update: /ndn/lt-site/lt/svs_core/lt=8, 1741736161175
Received update: /ndn/se-site/se/svs_core/se=8, 1741736161375
Received update: /ndn/fr2-site/fr2/svs_core/fr2=8, 1741736165603
Received update: /ndn/ro-site/ro/svs_core/ro=8, 1741736169262
Received update: /ndn/uk-site/uk/svs_core/uk=8, 1741736169262
Received update: /ndn/be-site/be/svs_core/be=8, 1741736169479
Received update: /ndn/sk-site/sk/svs_core/sk=8, 1741736169774
Received update: /ndn/hu-site/hu/svs_core/hu=8, 1741736172099
Received update: /ndn/ie-site/ie/svs_core/ie=8, 1741736172914
Received update: /ndn/rs-site/rs/svs_core/rs=8, 1741736172914
Received update: /ndn/hr-site/hr/svs_core/hr=8, 1741736174126
Received update: /ndn/ch-site/ch/svs_core/ch=8, 1741736174290
Received update: /ndn/fi-site/fi/svs_core/fi=8, 1741736174290
Received update: /ndn/az-site/az/svs_core/az=8, 1741736174712
Received update: /ndn/it-site/it/svs_core/it=8, 1741736176282
Received update: /ndn/lv-site/lv/svs_core/lv=8, 1741736176282
Received update: /ndn/no-site/no/svs_core/no=8, 1741736176282
Received update: /ndn/de2-site/de2/svs_core/de2=8, 1741736176590
Received update: /ndn/ge-site/ge/svs_core/ge=8, 1741736183489
Received update: /ndn/fr1-site/fr1/svs_core/fr1=8, 1741736183489
Received update: /ndn/il-site/il/svs_core/il=8, 1741736185477
Received update: /ndn/ee-site/ee/svs_core/ee=8, 1741736185712
Received update: /ndn/md-site/md/svs_core/md=8, 1741736185755
Received update: /ndn/mt-site/mt/svs_core/mt=8, 1741736186020
Received update: /ndn/am-site/am/svs_core/am=8, 1741736186224
Received update: /ndn/at-site/at/svs_core/at=8, 1741736188250
Received update: /ndn/mk-site/mk/svs_core/mk=8, 1741736188250
Received update: /ndn/pt-site/pt/svs_core/pt=8, 1741736188481
Received update: /ndn/al-site/al/svs_core/al=8, 1741736188778
Received update: /ndn/tr-site/tr/svs_core/tr=8, 1741736188778
Published sequence number: /ndn/by-site/by/svs_core/by=8, 1741736191245
Sending Sync interest
Received update: /ndn/cz-site/cz/svs_core/cz=8, 1741736194795
Received update: /ndn/si-site/si/svs_core/si=8, 1741736194795
Sending Sync interest
Received update: /ndn/dk-site/dk/svs_core/dk=8, 1741736196658
Received update: /ndn/gr-site/gr/svs_core/gr=8, 1741736196658
Received update: /ndn/is-site/is/svs_core/is=8, 1741736196793
Sending Sync interest
Received update: /ndn/pl-site/pl/svs_core/pl=8, 1741736197236
Max suppression time updated to: 324
Received update: /ndn/es-site/es/svs_core/es=8, 1741736197258
Max suppression time updated to: 285
Max suppression time updated to: 300
Received update: /ndn/bg-site/bg/svs_core/bg=8, 1741736197494
Received update: /ndn/lu-site/lu/svs_core/lu=8, 1741736197494
Received update: /ndn/cy-site/cy/svs_core/cy=8, 1741736197514
Received update: /ndn/lt-site/lt/svs_core/lt=9, 1741736202203
Received update: /ndn/me-site/me/svs_core/me=9, 1741736202203
Received update: /ndn/ua-site/ua/svs_core/ua=9, 1741736202597
Received update: /ndn/se-site/se/svs_core/se=9, 1741736202819
Received update: /ndn/de1-site/de1/svs_core/de1=9, 1741736202819
Received update: /ndn/nl-site/nl/svs_core/nl=9, 1741736210616
Received update: /ndn/fr2-site/fr2/svs_core/fr2=9, 1741736210616
Received update: /ndn/be-site/be/svs_core/be=9, 1741736210964
Received update: /ndn/fi-site/fi/svs_core/fi=9, 1741736215870
Received update: /ndn/ro-site/ro/svs_core/ro=9, 1741736216089
Received update: /ndn/sk-site/sk/svs_core/sk=9, 1741736216089
Received update: /ndn/uk-site/uk/svs_core/uk=9, 1741736216089
Received update: /ndn/ie-site/ie/svs_core/ie=9, 1741736216613
Received update: /ndn/rs-site/rs/svs_core/rs=9, 1741736216656
Received update: /ndn/ch-site/ch/svs_core/ch=9, 1741736219255
Received update: /ndn/hu-site/hu/svs_core/hu=9, 1741736219255
Received update: /ndn/hr-site/hr/svs_core/hr=9, 1741736221606
Received update: /ndn/no-site/no/svs_core/no=9, 1741736221606
Received update: /ndn/de2-site/de2/svs_core/de2=9, 1741736221606
Received update: /ndn/az-site/az/svs_core/az=9, 1741736221937
Received update: /ndn/it-site/it/svs_core/it=9, 1741736222099
Received update: /ndn/lv-site/lv/svs_core/lv=9, 1741736222209
Received update: /ndn/ge-site/ge/svs_core/ge=9, 1741736229125
Received update: /ndn/md-site/md/svs_core/md=9, 1741736229125
Received update: /ndn/fr1-site/fr1/svs_core/fr1=9, 1741736229125
Received update: /ndn/al-site/al/svs_core/al=9, 1741736229176
Received update: /ndn/at-site/at/svs_core/at=9, 1741736233010
Received update: /ndn/il-site/il/svs_core/il=9, 1741736233010
Received update: /ndn/mt-site/mt/svs_core/mt=9, 1741736233010
Received update: /ndn/am-site/am/svs_core/am=9, 1741736233406
Received update: /ndn/pt-site/pt/svs_core/pt=9, 1741736233487
Received update: /ndn/mk-site/mk/svs_core/mk=9, 1741736233744
Received update: /ndn/tr-site/tr/svs_core/tr=9, 1741736233925
Received update: /ndn/ee-site/ee/svs_core/ee=9, 1741736234283
Published sequence number: /ndn/by-site/by/svs_core/by=9, 1741736236248
Sending Sync interest
Received update: /ndn/cz-site/cz/svs_core/cz=9, 1741736237740
Sending Sync interest
Received update: /ndn/dk-site/dk/svs_core/dk=9, 1741736238544
Received update: /ndn/si-site/si/svs_core/si=9, 1741736238544
Received update: /ndn/gr-site/gr/svs_core/gr=9, 1741736241657
Received update: /ndn/es-site/es/svs_core/es=9, 1741736241842
Received update: /ndn/is-site/is/svs_core/is=9, 1741736241932
Received update: /ndn/bg-site/bg/svs_core/bg=9, 1741736242377
Received update: /ndn/cy-site/cy/svs_core/cy=9, 1741736243098
Received update: /ndn/lu-site/lu/svs_core/lu=9, 1741736243098
Received update: /ndn/pl-site/pl/svs_core/pl=9, 1741736243098
Received update: /ndn/me-site/me/svs_core/me=10, 1741736243525
Received update: /ndn/se-site/se/svs_core/se=10, 1741736245417
Received update: /ndn/de1-site/de1/svs_core/de1=10, 1741736246509
Received update: /ndn/nl-site/nl/svs_core/nl=10, 1741736250868
Received update: /ndn/lt-site/lt/svs_core/lt=10, 1741736251567
Received update: /ndn/ua-site/ua/svs_core/ua=10, 1741736251567
Received update: /ndn/ie-site/ie/svs_core/ie=10, 1741736257147
Received update: /ndn/fr2-site/fr2/svs_core/fr2=10, 1741736257147
Received update: /ndn/be-site/be/svs_core/be=10, 1741736257317
Received update: /ndn/az-site/az/svs_core/az=10, 1741736262988
Received update: /ndn/hu-site/hu/svs_core/hu=10, 1741736262988
Received update: /ndn/ro-site/ro/svs_core/ro=10, 1741736262988
Received update: /ndn/sk-site/sk/svs_core/sk=10, 1741736262988
Received update: /ndn/uk-site/uk/svs_core/uk=10, 1741736262988
Received update: /ndn/hr-site/hr/svs_core/hr=10, 1741736264152
Received update: /ndn/ch-site/ch/svs_core/ch=10, 1741736264353
Received update: /ndn/fi-site/fi/svs_core/fi=10, 1741736264645
Received update: /ndn/no-site/no/svs_core/no=10, 1741736265343
Received update: /ndn/ge-site/ge/svs_core/ge=10, 1741736267125
Received update: /ndn/it-site/it/svs_core/it=10, 1741736267125
Received update: /ndn/rs-site/rs/svs_core/rs=10, 1741736267125
Received update: /ndn/fr1-site/fr1/svs_core/fr1=10, 1741736273677
Received update: /ndn/de2-site/de2/svs_core/de2=10, 1741736273717
Received update: /ndn/al-site/al/svs_core/al=10, 1741736274244
Received update: /ndn/am-site/am/svs_core/am=10, 1741736274324
Received update: /ndn/lv-site/lv/svs_core/lv=10, 1741736274940
Received update: /ndn/md-site/md/svs_core/md=10, 1741736274940
Received update: /ndn/il-site/il/svs_core/il=10, 1741736275254
Received update: /ndn/mt-site/mt/svs_core/mt=10, 1741736275254
Received update: /ndn/at-site/at/svs_core/at=10, 1741736278013
Received update: /ndn/mk-site/mk/svs_core/mk=10, 1741736278555
Received update: /ndn/pt-site/pt/svs_core/pt=10, 1741736278555
Received update: /ndn/ee-site/ee/svs_core/ee=10, 1741736278812
Published sequence number: /ndn/by-site/by/svs_core/by=10, 1741736281253
Sending Sync interest
Received update: /ndn/si-site/si/svs_core/si=10, 1741736281382
Received update: /ndn/tr-site/tr/svs_core/tr=10, 1741736281382
Max suppression time updated to: 288
Max suppression time updated to: 273
Max suppression time updated to: 273
Max suppression time updated to: 297
Received update: /ndn/is-site/is/svs_core/is=10, 1741736286802
Received update: /ndn/cz-site/cz/svs_core/cz=10, 1741736286996
Received update: /ndn/es-site/es/svs_core/es=10, 1741736286996
Received update: /ndn/gr-site/gr/svs_core/gr=10, 1741736286996
Received update: /ndn/dk-site/dk/svs_core/dk=10, 1741736287213
Received update: /ndn/pl-site/pl/svs_core/pl=10, 1741736287250
Received update: /ndn/bg-site/bg/svs_core/bg=10, 1741736287428
Received update: /ndn/lt-site/lt/svs_core/lt=11, 1741736292347
Received update: /ndn/ua-site/ua/svs_core/ua=11, 1741736292347
Received update: /ndn/de1-site/de1/svs_core/de1=11, 1741736292567
Received update: /ndn/cy-site/cy/svs_core/cy=10, 1741736292669
Received update: /ndn/lu-site/lu/svs_core/lu=10, 1741736292669
Received update: /ndn/me-site/me/svs_core/me=11, 1741736293319
Received update: /ndn/se-site/se/svs_core/se=11, 1741736293319
Received update: /ndn/nl-site/nl/svs_core/nl=11, 1741736295899
Received update: /ndn/be-site/be/svs_core/be=11, 1741736300972
Received update: /ndn/fr2-site/fr2/svs_core/fr2=11, 1741736300972
Received update: /ndn/sk-site/sk/svs_core/sk=11, 1741736302588
Received update: /ndn/uk-site/uk/svs_core/uk=11, 1741736303985
Received update: /ndn/ro-site/ro/svs_core/ro=11, 1741736304093
Received update: /ndn/ie-site/ie/svs_core/ie=11, 1741736304248
Received update: /ndn/hu-site/hu/svs_core/hu=11, 1741736307132
Received update: /ndn/rs-site/rs/svs_core/rs=11, 1741736307424
Received update: /ndn/az-site/az/svs_core/az=11, 1741736309476
Received update: /ndn/ch-site/ch/svs_core/ch=11, 1741736309476
Received update: /ndn/hr-site/hr/svs_core/hr=11, 1741736309840
Received update: /ndn/lv-site/lv/svs_core/lv=11, 1741736310355
Received update: /ndn/fi-site/fi/svs_core/fi=11, 1741736311408
Received update: /ndn/it-site/it/svs_core/it=11, 1741736311408
Received update: /ndn/no-site/no/svs_core/no=11, 1741736311408
Received update: /ndn/md-site/md/svs_core/md=11, 1741736318963
Received update: /ndn/de2-site/de2/svs_core/de2=11, 1741736318963
Received update: /ndn/am-site/am/svs_core/am=11, 1741736319325
Received update: /ndn/fr1-site/fr1/svs_core/fr1=11, 1741736319375
Received update: /ndn/ge-site/ge/svs_core/ge=11, 1741736320170
Received update: /ndn/mt-site/mt/svs_core/mt=11, 1741736320170
Received update: /ndn/al-site/al/svs_core/al=11, 1741736322124
Received update: /ndn/ee-site/ee/svs_core/ee=11, 1741736322403
Received update: /ndn/il-site/il/svs_core/il=11, 1741736322403
Published sequence number: /ndn/by-site/by/svs_core/by=11, 1741736326258
Sending Sync interest
Received update: /ndn/at-site/at/svs_core/at=11, 1741736328904
Received update: /ndn/dk-site/dk/svs_core/dk=11, 1741736328904
Received update: /ndn/mk-site/mk/svs_core/mk=11, 1741736328904
Received update: /ndn/pt-site/pt/svs_core/pt=11, 1741736328904
Received update: /ndn/si-site/si/svs_core/si=11, 1741736328904
Received update: /ndn/tr-site/tr/svs_core/tr=11, 1741736328904
Sending Sync interest
Received update: /ndn/bg-site/bg/svs_core/bg=11, 1741736331902
Received update: /ndn/cz-site/cz/svs_core/cz=11, 1741736331902
Received update: /ndn/es-site/es/svs_core/es=11, 1741736331902
Received update: /ndn/gr-site/gr/svs_core/gr=11, 1741736331902
Received update: /ndn/is-site/is/svs_core/is=11, 1741736331902
Sending Sync interest
Received update: /ndn/pl-site/pl/svs_core/pl=11, 1741736332254
Received update: /ndn/lu-site/lu/svs_core/lu=11, 1741736332414
Sending Sync interest
Received update: /ndn/cy-site/cy/svs_core/cy=11, 1741736332779
Received update: /ndn/se-site/se/svs_core/se=12, 1741736336888
Received update: /ndn/de1-site/de1/svs_core/de1=12, 1741736336888
Received update: /ndn/lt-site/lt/svs_core/lt=12, 1741736337210
Received update: /ndn/be-site/be/svs_core/be=12, 1741736345958
Received update: /ndn/me-site/me/svs_core/me=12, 1741736345958
Received update: /ndn/nl-site/nl/svs_core/nl=12, 1741736345958
Received update: /ndn/fr2-site/fr2/svs_core/fr2=12, 1741736345958
Received update: /ndn/ie-site/ie/svs_core/ie=12, 1741736347203
Received update: /ndn/ro-site/ro/svs_core/ro=12, 1741736349314
Received update: /ndn/sk-site/sk/svs_core/sk=12, 1741736349314
Received update: /ndn/ua-site/ua/svs_core/ua=12, 1741736349314
Received update: /ndn/uk-site/uk/svs_core/uk=12, 1741736349314
Received update: /ndn/fi-site/fi/svs_core/fi=12, 1741736351687
Received update: /ndn/rs-site/rs/svs_core/rs=12, 1741736351687
Received update: /ndn/az-site/az/svs_core/az=12, 1741736354288
Received update: /ndn/ch-site/ch/svs_core/ch=12, 1741736354288
Received update: /ndn/hu-site/hu/svs_core/hu=12, 1741736354288
Received update: /ndn/lv-site/lv/svs_core/lv=12, 1741736355526
Received update: /ndn/no-site/no/svs_core/no=12, 1741736355526
Sending Sync interest
Received update: /ndn/hr-site/hr/svs_core/hr=12, 1741736355905
Max suppression time updated to: 288
Max suppression time updated to: 285
Received update: /ndn/ge-site/ge/svs_core/ge=12, 1741736364747
Received update: /ndn/it-site/it/svs_core/it=12, 1741736364747
Received update: /ndn/de2-site/de2/svs_core/de2=12, 1741736364747
Received update: /ndn/fr1-site/fr1/svs_core/fr1=12, 1741736364747
Received update: /ndn/md-site/md/svs_core/md=12, 1741736364748
Received update: /ndn/al-site/al/svs_core/al=12, 1741736364749
Received update: /ndn/am-site/am/svs_core/am=12, 1741736364954
Received update: /ndn/mt-site/mt/svs_core/mt=12, 1741736364954
Received update: /ndn/il-site/il/svs_core/il=12, 1741736365536
Received update: /ndn/ee-site/ee/svs_core/ee=12, 1741736366097
Received update: /ndn/at-site/at/svs_core/at=12, 1741736368017
Received update: /ndn/mk-site/mk/svs_core/mk=12, 1741736368521
Received update: /ndn/pt-site/pt/svs_core/pt=12, 1741736368521
Published sequence number: /ndn/by-site/by/svs_core/by=12, 1741736371267
Sending Sync interest
Received update: /ndn/si-site/si/svs_core/si=12, 1741736371424
Received update: /ndn/tr-site/tr/svs_core/tr=12, 1741736371424
Received update: /ndn/cz-site/cz/svs_core/cz=12, 1741736372933
Received update: /ndn/es-site/es/svs_core/es=12, 1741736376893
Received update: /ndn/dk-site/dk/svs_core/dk=12, 1741736376916
Received update: /ndn/is-site/is/svs_core/is=12, 1741736376916
Received update: /ndn/gr-site/gr/svs_core/gr=12, 1741736377258
Received update: /ndn/pl-site/pl/svs_core/pl=12, 1741736377258
Received update: /ndn/bg-site/bg/svs_core/bg=12, 1741736377768
Received update: /ndn/cy-site/cy/svs_core/cy=12, 1741736377768
Received update: /ndn/lu-site/lu/svs_core/lu=12, 1741736377835
Received update: /ndn/lt-site/lt/svs_core/lt=13, 1741736385895
Received update: /ndn/nl-site/nl/svs_core/nl=13, 1741736385895
Received update: /ndn/ua-site/ua/svs_core/ua=13, 1741736385895
Received update: /ndn/de1-site/de1/svs_core/de1=13, 1741736385895
Received update: /ndn/be-site/be/svs_core/be=13, 1741736391038
Received update: /ndn/me-site/me/svs_core/me=13, 1741736391038
Received update: /ndn/se-site/se/svs_core/se=13, 1741736391038
Received update: /ndn/fr2-site/fr2/svs_core/fr2=13, 1741736391038
Received update: /ndn/sk-site/sk/svs_core/sk=13, 1741736392550
Received update: /ndn/ie-site/ie/svs_core/ie=13, 1741736392956
Received update: /ndn/uk-site/uk/svs_core/uk=13, 1741736393863
Received update: /ndn/fi-site/fi/svs_core/fi=13, 1741736396319
Received update: /ndn/ro-site/ro/svs_core/ro=13, 1741736396319
Received update: /ndn/az-site/az/svs_core/az=13, 1741736398019
Received update: /ndn/hu-site/hu/svs_core/hu=13, 1741736398019
Received update: /ndn/hr-site/hr/svs_core/hr=13, 1741736399187
Received update: /ndn/rs-site/rs/svs_core/rs=13, 1741736399187
Received update: /ndn/ch-site/ch/svs_core/ch=13, 1741736399360
Received update: /ndn/it-site/it/svs_core/it=13, 1741736401956
Received update: /ndn/lv-site/lv/svs_core/lv=13, 1741736401956
Received update: /ndn/de2-site/de2/svs_core/de2=13, 1741736401956
Received update: /ndn/ge-site/ge/svs_core/ge=13, 1741736402805
Received update: /ndn/no-site/no/svs_core/no=13, 1741736402805
Received update: /ndn/mt-site/mt/svs_core/mt=13, 1741736409892
Received update: /ndn/il-site/il/svs_core/il=13, 1741736410294
Received update: /ndn/am-site/am/svs_core/am=13, 1741736410572
Received update: /ndn/ee-site/ee/svs_core/ee=13, 1741736410572
Sending Sync interest
Received update: /ndn/fr1-site/fr1/svs_core/fr1=13, 1741736410917
Received update: /ndn/al-site/al/svs_core/al=13, 1741736413018
Received update: /ndn/at-site/at/svs_core/at=13, 1741736413018
Received update: /ndn/md-site/md/svs_core/md=13, 1741736413018
Received update: /ndn/mk-site/mk/svs_core/mk=13, 1741736413274
Received update: /ndn/pt-site/pt/svs_core/pt=13, 1741736413537
Published sequence number: /ndn/by-site/by/svs_core/by=13, 1741736416273
Sending Sync interest
Received update: /ndn/dk-site/dk/svs_core/dk=13, 1741736418743
Received update: /ndn/tr-site/tr/svs_core/tr=13, 1741736418743
Received update: /ndn/cz-site/cz/svs_core/cz=13, 1741736418899
Sending Sync interest
Received update: /ndn/si-site/si/svs_core/si=13, 1741736419123
Sending Sync interest
Max suppression time updated to: 312
Received update: /ndn/bg-site/bg/svs_core/bg=13, 1741736421676
Received update: /ndn/gr-site/gr/svs_core/gr=13, 1741736421676
Received update: /ndn/es-site/es/svs_core/es=13, 1741736421895
Received update: /ndn/cy-site/cy/svs_core/cy=13, 1741736422546
Received update: /ndn/is-site/is/svs_core/is=13, 1741736422546
Received update: /ndn/lu-site/lu/svs_core/lu=13, 1741736422546
Received update: /ndn/pl-site/pl/svs_core/pl=13, 1741736422546
Received update: /ndn/me-site/me/svs_core/me=14, 1741736423531
Received update: /ndn/se-site/se/svs_core/se=14, 1741736425441
Received update: /ndn/ua-site/ua/svs_core/ua=14, 1741736425441
Received update: /ndn/de1-site/de1/svs_core/de1=14, 1741736426696
Received update: /ndn/nl-site/nl/svs_core/nl=14, 1741736431029
Received update: /ndn/lt-site/lt/svs_core/lt=14, 1741736431563
Received update: /ndn/be-site/be/svs_core/be=14, 1741736435993
Received update: /ndn/fr2-site/fr2/svs_core/fr2=14, 1741736435993
Received update: /ndn/ie-site/ie/svs_core/ie=14, 1741736437105
Received update: /ndn/uk-site/uk/svs_core/uk=14, 1741736438890
Received update: /ndn/ro-site/ro/svs_core/ro=14, 1741736439114
Received update: /ndn/rs-site/rs/svs_core/rs=14, 1741736441673
Received update: /ndn/sk-site/sk/svs_core/sk=14, 1741736441863
Received update: /ndn/fi-site/fi/svs_core/fi=14, 1741736442713
Received update: /ndn/hu-site/hu/svs_core/hu=14, 1741736442713
Received update: /ndn/az-site/az/svs_core/az=14, 1741736446623
Received update: /ndn/ch-site/ch/svs_core/ch=14, 1741736446623
Received update: /ndn/hr-site/hr/svs_core/hr=14, 1741736446623
Received update: /ndn/de2-site/de2/svs_core/de2=14, 1741736446623
Received update: /ndn/it-site/it/svs_core/it=14, 1741736446864
Received update: /ndn/ge-site/ge/svs_core/ge=14, 1741736447618
Received update: /ndn/lv-site/lv/svs_core/lv=14, 1741736447618
Received update: /ndn/no-site/no/svs_core/no=14, 1741736447618
Received update: /ndn/fr1-site/fr1/svs_core/fr1=14, 1741736453528
Received update: /ndn/am-site/am/svs_core/am=14, 1741736454339
Received update: /ndn/md-site/md/svs_core/md=14, 1741736454911
Received update: /ndn/ee-site/ee/svs_core/ee=14, 1741736455694
Received update: /ndn/mt-site/mt/svs_core/mt=14, 1741736455694
Received update: /ndn/il-site/il/svs_core/il=14, 1741736456027
Received update: /ndn/at-site/at/svs_core/at=14, 1741736458564
Received update: /ndn/mk-site/mk/svs_core/mk=14, 1741736458564
Received update: /ndn/pt-site/pt/svs_core/pt=14, 1741736458564
Published sequence number: /ndn/by-site/by/svs_core/by=14, 1741736461275
Sending Sync interest
Received update: /ndn/al-site/al/svs_core/al=14, 1741736463888
Received update: /ndn/cz-site/cz/svs_core/cz=14, 1741736463888
Received update: /ndn/si-site/si/svs_core/si=14, 1741736463888
Received update: /ndn/tr-site/tr/svs_core/tr=14, 1741736463888
Sending Sync interest
Max suppression time updated to: 336
Received update: /ndn/bg-site/bg/svs_core/bg=14, 1741736465464
Received update: /ndn/dk-site/dk/svs_core/dk=14, 1741736465464
Received update: /ndn/pl-site/pl/svs_core/pl=14, 1741736467278
Received update: /ndn/lu-site/lu/svs_core/lu=14, 1741736467443
Received update: /ndn/gr-site/gr/svs_core/gr=14, 1741736467628
Received update: /ndn/cy-site/cy/svs_core/cy=14, 1741736469567
Received update: /ndn/es-site/es/svs_core/es=14, 1741736469567
Received update: /ndn/ua-site/ua/svs_core/ua=15, 1741736469567
Received update: /ndn/is-site/is/svs_core/is=14, 1741736469949
Received update: /ndn/me-site/me/svs_core/me=15, 1741736469949
Received update: /ndn/lt-site/lt/svs_core/lt=15, 1741736472238
Received update: /ndn/de1-site/de1/svs_core/de1=15, 1741736472439
Received update: /ndn/nl-site/nl/svs_core/nl=15, 1741736476341
Received update: /ndn/se-site/se/svs_core/se=15, 1741736476341
Received update: /ndn/be-site/be/svs_core/be=15, 1741736482383
Received update: /ndn/ie-site/ie/svs_core/ie=15, 1741736482383
Received update: /ndn/fr2-site/fr2/svs_core/fr2=15, 1741736482383
Received update: /ndn/ro-site/ro/svs_core/ro=15, 1741736484303
Received update: /ndn/uk-site/uk/svs_core/uk=15, 1741736484303
Received update: /ndn/sk-site/sk/svs_core/sk=15, 1741736484639
Received update: /ndn/fi-site/fi/svs_core/fi=15, 1741736485894
Received update: /ndn/rs-site/rs/svs_core/rs=15, 1741736486943
Received update: /ndn/hu-site/hu/svs_core/hu=15, 1741736487657
Received update: /ndn/hr-site/hr/svs_core/hr=15, 1741736489175
Received update: /ndn/ch-site/ch/svs_core/ch=15, 1741736491624
Received update: /ndn/it-site/it/svs_core/it=15, 1741736491624
Received update: /ndn/lv-site/lv/svs_core/lv=15, 1741736491624
Received update: /ndn/no-site/no/svs_core/no=15, 1741736491624
Received update: /ndn/de2-site/de2/svs_core/de2=15, 1741736491624
Received update: /ndn/az-site/az/svs_core/az=15, 1741736498599
Received update: /ndn/ge-site/ge/svs_core/ge=15, 1741736498599
Received update: /ndn/fr1-site/fr1/svs_core/fr1=15, 1741736498599
Received update: /ndn/mt-site/mt/svs_core/mt=15, 1741736500062
Received update: /ndn/ee-site/ee/svs_core/ee=15, 1741736500268
Received update: /ndn/al-site/al/svs_core/al=15, 1741736503018
Received update: /ndn/at-site/at/svs_core/at=15, 1741736503018
Received update: /ndn/mk-site/mk/svs_core/mk=15, 1741736503541
Received update: /ndn/pt-site/pt/svs_core/pt=15, 1741736503541
Received update: /ndn/am-site/am/svs_core/am=15, 1741736503706
Received update: /ndn/il-site/il/svs_core/il=15, 1741736503752
Received update: /ndn/tr-site/tr/svs_core/tr=15, 1741736503752
Received update: /ndn/md-site/md/svs_core/md=15, 1741736504284
Sending Sync interest
Published sequence number: /ndn/by-site/by/svs_core/by=15, 1741736506286
Sending Sync interest
Received update: /ndn/cz-site/cz/svs_core/cz=15, 1741736507690
Received update: /ndn/si-site/si/svs_core/si=15, 1741736507690
Sending Sync interest
Received update: /ndn/dk-site/dk/svs_core/dk=15, 1741736511732
Received update: /ndn/gr-site/gr/svs_core/gr=15, 1741736511732
Received update: /ndn/bg-site/bg/svs_core/bg=15, 1741736512599
Received update: /ndn/cy-site/cy/svs_core/cy=15, 1741736512599
Received update: /ndn/is-site/is/svs_core/is=15, 1741736512599
Received update: /ndn/lu-site/lu/svs_core/lu=15, 1741736512599
Received update: /ndn/es-site/es/svs_core/es=15, 1741736513239
Received update: /ndn/pl-site/pl/svs_core/pl=15, 1741736513239
Received update: /ndn/me-site/me/svs_core/me=16, 1741736513539
Received update: /ndn/ua-site/ua/svs_core/ua=16, 1741736514267
Received update: /ndn/lt-site/lt/svs_core/lt=16, 1741736517228
Received update: /ndn/de1-site/de1/svs_core/de1=16, 1741736517228
Received update: /ndn/se-site/se/svs_core/se=16, 1741736517770
Received update: /ndn/ie-site/ie/svs_core/ie=16, 1741736527159
Received update: /ndn/nl-site/nl/svs_core/nl=16, 1741736527159
Received update: /ndn/fr2-site/fr2/svs_core/fr2=16, 1741736527159
Received update: /ndn/sk-site/sk/svs_core/sk=16, 1741736527578
Received update: /ndn/be-site/be/svs_core/be=16, 1741736528045
Received update: /ndn/hr-site/hr/svs_core/hr=16, 1741736534179
Received update: /ndn/uk-site/uk/svs_core/uk=16, 1741736534179
Received update: /ndn/lv-site/lv/svs_core/lv=16, 1741736534182
Received update: /ndn/ch-site/ch/svs_core/ch=16, 1741736534422
Received update: /ndn/hu-site/hu/svs_core/hu=16, 1741736534422
Received update: /ndn/rs-site/rs/svs_core/rs=16, 1741736534606
Received update: /ndn/az-site/az/svs_core/az=16, 1741736535015
Received update: /ndn/fi-site/fi/svs_core/fi=16, 1741736535015
Received update: /ndn/ro-site/ro/svs_core/ro=16, 1741736535335
Received update: /ndn/it-site/it/svs_core/it=16, 1741736536315
Received update: /ndn/ge-site/ge/svs_core/ge=16, 1741736537225
Received update: /ndn/de2-site/de2/svs_core/de2=16, 1741736537225
Received update: /ndn/fr1-site/fr1/svs_core/fr1=16, 1741736543524
Received update: /ndn/al-site/al/svs_core/al=16, 1741736544526
Received update: /ndn/md-site/md/svs_core/md=16, 1741736544526
Received update: /ndn/no-site/no/svs_core/no=16, 1741736544781
Received update: /ndn/ee-site/ee/svs_core/ee=16, 1741736545276
Received update: /ndn/il-site/il/svs_core/il=16, 1741736545279
Received update: /ndn/mt-site/mt/svs_core/mt=16, 1741736545679
Received update: /ndn/am-site/am/svs_core/am=16, 1741736546214
Received update: /ndn/at-site/at/svs_core/at=16, 1741736548035
Received update: /ndn/mk-site/mk/svs_core/mk=16, 1741736548450
Published sequence number: /ndn/by-site/by/svs_core/by=16, 1741736551294
Sending Sync interest
Received update: /ndn/pt-site/pt/svs_core/pt=16, 1741736551438
Received update: /ndn/si-site/si/svs_core/si=16, 1741736551438
Received update: /ndn/tr-site/tr/svs_core/tr=16, 1741736551438
Max suppression time updated to: 327
Max suppression time updated to: 318
Max suppression time updated to: 312
Max suppression time updated to: 306
Max suppression time updated to: 306
Received update: /ndn/bg-site/bg/svs_core/bg=16, 1741736556892
Received update: /ndn/cz-site/cz/svs_core/cz=16, 1741736556892
Received update: /ndn/dk-site/dk/svs_core/dk=16, 1741736556892
Received update: /ndn/es-site/es/svs_core/es=16, 1741736556892
Received update: /ndn/gr-site/gr/svs_core/gr=16, 1741736556892
Received update: /ndn/pl-site/pl/svs_core/pl=16, 1741736557287
Received update: /ndn/is-site/is/svs_core/is=16, 1741736557575
Received update: /ndn/lu-site/lu/svs_core/lu=16, 1741736585880
Received update: /ndn/cy-site/cy/svs_core/cy=16, 1741736586116
Stopping SVS client: /ndn/by-site/by/svs_core/by
