SVS client starting: /ndn/ge-site/ge/svs_core/ge
Sending Sync interest
Received update: /ndn/me-site/me/svs_core/me=1, 1741735838393
Received update: /ndn/ua-site/ua/svs_core/ua=1, 1741735839141
Received update: /ndn/se-site/se/svs_core/se=1, 1741735840301
Received update: /ndn/lt-site/lt/svs_core/lt=1, 1741735842179
Received update: /ndn/de1-site/de1/svs_core/de1=1, 1741735842179
Received update: /ndn/nl-site/nl/svs_core/nl=1, 1741735845815
Sending Sync interest
Received update: /ndn/fr2-site/fr2/svs_core/fr2=1, 1741735850522
Received update: /ndn/be-site/be/svs_core/be=1, 1741735851986
Received update: /ndn/ie-site/ie/svs_core/ie=1, 1741735851986
Received update: /ndn/sk-site/sk/svs_core/sk=1, 1741735852496
Received update: /ndn/uk-site/uk/svs_core/uk=1, 1741735853770
Received update: /ndn/ro-site/ro/svs_core/ro=1, 1741735853945
Received update: /ndn/rs-site/rs/svs_core/rs=1, 1741735856573
Received update: /ndn/hu-site/hu/svs_core/hu=1, 1741735857022
Received update: /ndn/az-site/az/svs_core/az=1, 1741735857934
Received update: /ndn/hr-site/hr/svs_core/hr=1, 1741735859086
Received update: /ndn/lv-site/lv/svs_core/lv=1, 1741735859130
Received update: /ndn/fi-site/fi/svs_core/fi=1, 1741735859505
Received update: /ndn/ch-site/ch/svs_core/ch=1, 1741735859683
Received update: /ndn/no-site/no/svs_core/no=1, 1741735860292
Received update: /ndn/it-site/it/svs_core/it=1, 1741735861259
Received update: /ndn/de2-site/de2/svs_core/de2=1, 1741735861520
Published sequence number: /ndn/ge-site/ge/svs_core/ge=1, 1741735862014
Sending Sync interest
Received update: /ndn/fr1-site/fr1/svs_core/fr1=1, 1741735868455
Received update: /ndn/md-site/md/svs_core/md=1, 1741735868753
Received update: /ndn/mt-site/mt/svs_core/mt=1, 1741735869949
Received update: /ndn/am-site/am/svs_core/am=1, 1741735870020
Received update: /ndn/ee-site/ee/svs_core/ee=1, 1741735870179
Received update: /ndn/il-site/il/svs_core/il=1, 1741735870201
Received update: /ndn/al-site/al/svs_core/al=1, 1741735870655
Received update: /ndn/at-site/at/svs_core/at=1, 1741735872990
Received update: /ndn/mk-site/mk/svs_core/mk=1, 1741735873360
Received update: /ndn/pt-site/pt/svs_core/pt=1, 1741735873413
Received update: /ndn/tr-site/tr/svs_core/tr=1, 1741735873664
Received update: /ndn/si-site/si/svs_core/si=1, 1741735876338
Received update: /ndn/cz-site/cz/svs_core/cz=1, 1741735877615
Received update: /ndn/dk-site/dk/svs_core/dk=1, 1741735878468
Received update: /ndn/bg-site/bg/svs_core/bg=1, 1741735880408
Received update: /ndn/is-site/is/svs_core/is=1, 1741735881746
Received update: /ndn/gr-site/gr/svs_core/gr=1, 1741735882022
Received update: /ndn/es-site/es/svs_core/es=1, 1741735882117
Received update: /ndn/by-site/by/svs_core/by=1, 1741735882225
Received update: /ndn/pl-site/pl/svs_core/pl=1, 1741735882268
Received update: /ndn/me-site/me/svs_core/me=2, 1741735883411
Received update: /ndn/cy-site/cy/svs_core/cy=1, 1741735883788
Received update: /ndn/lu-site/lu/svs_core/lu=1, 1741735884063
Received update: /ndn/se-site/se/svs_core/se=2, 1741735886534
Received update: /ndn/de1-site/de1/svs_core/de1=2, 1741735886534
Received update: /ndn/ua-site/ua/svs_core/ua=2, 1741735886817
Received update: /ndn/lt-site/lt/svs_core/lt=2, 1741735887186
Received update: /ndn/be-site/be/svs_core/be=2, 1741735895893
Received update: /ndn/nl-site/nl/svs_core/nl=2, 1741735896143
Received update: /ndn/fr2-site/fr2/svs_core/fr2=2, 1741735896189
Received update: /ndn/ie-site/ie/svs_core/ie=2, 1741735897745
Received update: /ndn/sk-site/sk/svs_core/sk=2, 1741735898769
Received update: /ndn/uk-site/uk/svs_core/uk=2, 1741735898769
Received update: /ndn/ro-site/ro/svs_core/ro=2, 1741735899064
Received update: /ndn/hu-site/hu/svs_core/hu=2, 1741735902048
Received update: /ndn/rs-site/rs/svs_core/rs=2, 1741735902277
Received update: /ndn/hr-site/hr/svs_core/hr=2, 1741735904099
Received update: /ndn/ch-site/ch/svs_core/ch=2, 1741735904274
Received update: /ndn/fi-site/fi/svs_core/fi=2, 1741735904575
Received update: /ndn/de2-site/de2/svs_core/de2=2, 1741735906523
Received update: /ndn/it-site/it/svs_core/it=2, 1741735906778
Received update: /ndn/lv-site/lv/svs_core/lv=2, 1741735906882
Published sequence number: /ndn/ge-site/ge/svs_core/ge=2, 1741735907015
Sending Sync interest
Received update: /ndn/az-site/az/svs_core/az=2, 1741735907039
Received update: /ndn/no-site/no/svs_core/no=2, 1741735907039
Sending Sync interest
Received update: /ndn/fr1-site/fr1/svs_core/fr1=2, 1741735913459
Received update: /ndn/al-site/al/svs_core/al=2, 1741735914134
Received update: /ndn/ee-site/ee/svs_core/ee=2, 1741735915191
Received update: /ndn/il-site/il/svs_core/il=2, 1741735915213
Received update: /ndn/am-site/am/svs_core/am=2, 1741735915513
Received update: /ndn/at-site/at/svs_core/at=2, 1741735917989
Received update: /ndn/md-site/md/svs_core/md=2, 1741735917989
Received update: /ndn/mk-site/mk/svs_core/mk=2, 1741735918200
Received update: /ndn/pt-site/pt/svs_core/pt=2, 1741735918687
Received update: /ndn/by-site/by/svs_core/by=2, 1741735921301
Received update: /ndn/si-site/si/svs_core/si=2, 1741735921555
Received update: /ndn/tr-site/tr/svs_core/tr=2, 1741735921555
Received update: /ndn/mt-site/mt/svs_core/mt=2, 1741735921951
Received update: /ndn/bg-site/bg/svs_core/bg=2, 1741735925395
Received update: /ndn/cz-site/cz/svs_core/cz=2, 1741735925395
Received update: /ndn/dk-site/dk/svs_core/dk=2, 1741735925395
Received update: /ndn/es-site/es/svs_core/es=2, 1741735926833
Received update: /ndn/is-site/is/svs_core/is=2, 1741735926877
Received update: /ndn/gr-site/gr/svs_core/gr=2, 1741735927149
Received update: /ndn/cy-site/cy/svs_core/cy=2, 1741735927471
Received update: /ndn/lu-site/lu/svs_core/lu=2, 1741735927471
Received update: /ndn/pl-site/pl/svs_core/pl=2, 1741735927471
Received update: /ndn/me-site/me/svs_core/me=3, 1741735928417
Sending Sync interest
Received update: /ndn/lt-site/lt/svs_core/lt=3, 1741735932495
Received update: /ndn/ua-site/ua/svs_core/ua=3, 1741735932495
Received update: /ndn/de1-site/de1/svs_core/de1=3, 1741735932550
Received update: /ndn/nl-site/nl/svs_core/nl=3, 1741735935854
Received update: /ndn/be-site/be/svs_core/be=3, 1741735940870
Received update: /ndn/fr2-site/fr2/svs_core/fr2=3, 1741735940870
Received update: /ndn/se-site/se/svs_core/se=3, 1741735940915
Received update: /ndn/sk-site/sk/svs_core/sk=3, 1741735942484
Sending Sync interest
Received update: /ndn/ie-site/ie/svs_core/ie=3, 1741735943347
Received update: /ndn/uk-site/uk/svs_core/uk=3, 1741735943897
Received update: /ndn/fi-site/fi/svs_core/fi=3, 1741735945842
Sending Sync interest
Received update: /ndn/ro-site/ro/svs_core/ro=3, 1741735946296
Received update: /ndn/hu-site/hu/svs_core/hu=3, 1741735947059
Received update: /ndn/az-site/az/svs_core/az=3, 1741735947947
Received update: /ndn/hr-site/hr/svs_core/hr=3, 1741735949076
Sending Sync interest
Received update: /ndn/lv-site/lv/svs_core/lv=3, 1741735949441
Received update: /ndn/rs-site/rs/svs_core/rs=3, 1741735949441
Sending Sync interest
Received update: /ndn/ch-site/ch/svs_core/ch=3, 1741735949805
Max suppression time updated to: 267
Received update: /ndn/it-site/it/svs_core/it=3, 1741735951580
Received update: /ndn/no-site/no/svs_core/no=3, 1741735951580
Received update: /ndn/de2-site/de2/svs_core/de2=3, 1741735951580
Published sequence number: /ndn/ge-site/ge/svs_core/ge=3, 1741735952019
Sending Sync interest
Received update: /ndn/fr1-site/fr1/svs_core/fr1=3, 1741735958554
Received update: /ndn/al-site/al/svs_core/al=3, 1741735959125
Received update: /ndn/am-site/am/svs_core/am=3, 1741735959312
Received update: /ndn/il-site/il/svs_core/il=3, 1741735960292
Received update: /ndn/mt-site/mt/svs_core/mt=3, 1741735960444
Received update: /ndn/ee-site/ee/svs_core/ee=3, 1741735960751
Received update: /ndn/at-site/at/svs_core/at=3, 1741735963008
Received update: /ndn/mk-site/mk/svs_core/mk=3, 1741735963221
Received update: /ndn/pt-site/pt/svs_core/pt=3, 1741735963446
Received update: /ndn/tr-site/tr/svs_core/tr=3, 1741735963686
Received update: /ndn/md-site/md/svs_core/md=3, 1741735964200
Received update: /ndn/cz-site/cz/svs_core/cz=3, 1741735967624
Received update: /ndn/si-site/si/svs_core/si=3, 1741735967852
Received update: /ndn/dk-site/dk/svs_core/dk=3, 1741735968527
Received update: /ndn/bg-site/bg/svs_core/bg=3, 1741735970410
Received update: /ndn/by-site/by/svs_core/by=3, 1741735970410
Received update: /ndn/is-site/is/svs_core/is=3, 1741735971772
Received update: /ndn/es-site/es/svs_core/es=3, 1741735971830
Received update: /ndn/gr-site/gr/svs_core/gr=3, 1741735971830
Received update: /ndn/pl-site/pl/svs_core/pl=3, 1741735972300
Received update: /ndn/cy-site/cy/svs_core/cy=3, 1741735972528
Received update: /ndn/lu-site/lu/svs_core/lu=3, 1741735972780
Received update: /ndn/me-site/me/svs_core/me=4, 1741735973418
Received update: /ndn/se-site/se/svs_core/se=4, 1741735975385
Received update: /ndn/ua-site/ua/svs_core/ua=4, 1741735975385
Received update: /ndn/de1-site/de1/svs_core/de1=4, 1741735976538
Received update: /ndn/nl-site/nl/svs_core/nl=4, 1741735985532
Received update: /ndn/fr2-site/fr2/svs_core/fr2=4, 1741735985532
Received update: /ndn/be-site/be/svs_core/be=4, 1741735985977
Received update: /ndn/uk-site/uk/svs_core/uk=4, 1741735988791
Received update: /ndn/sk-site/sk/svs_core/sk=4, 1741735989118
Received update: /ndn/lt-site/lt/svs_core/lt=4, 1741735989257
Received update: /ndn/ie-site/ie/svs_core/ie=4, 1741735989293
Received update: /ndn/ro-site/ro/svs_core/ro=4, 1741735989829
Received update: /ndn/hu-site/hu/svs_core/hu=4, 1741735992044
Received update: /ndn/rs-site/rs/svs_core/rs=4, 1741735992309
Received update: /ndn/fi-site/fi/svs_core/fi=4, 1741735992547
Received update: /ndn/az-site/az/svs_core/az=4, 1741735992948
Received update: /ndn/hr-site/hr/svs_core/hr=4, 1741735994073
Received update: /ndn/lv-site/lv/svs_core/lv=4, 1741735994210
Received update: /ndn/ch-site/ch/svs_core/ch=4, 1741735994720
Received update: /ndn/no-site/no/svs_core/no=4, 1741735995287
Received update: /ndn/de2-site/de2/svs_core/de2=4, 1741735996539
Published sequence number: /ndn/ge-site/ge/svs_core/ge=4, 1741735997020
Sending Sync interest
Max suppression time updated to: 276
Received update: /ndn/it-site/it/svs_core/it=4, 1741735997444
Max suppression time updated to: 312
Received update: /ndn/fr1-site/fr1/svs_core/fr1=4, 1741736003447
Received update: /ndn/ee-site/ee/svs_core/ee=4, 1741736005697
Received update: /ndn/md-site/md/svs_core/md=4, 1741736005697
Received update: /ndn/il-site/il/svs_core/il=4, 1741736006014
Received update: /ndn/at-site/at/svs_core/at=4, 1741736008023
Received update: /ndn/pt-site/pt/svs_core/pt=4, 1741736008450
Received update: /ndn/al-site/al/svs_core/al=4, 1741736008464
Received update: /ndn/mk-site/mk/svs_core/mk=4, 1741736008464
Received update: /ndn/tr-site/tr/svs_core/tr=4, 1741736008688
Received update: /ndn/am-site/am/svs_core/am=4, 1741736008767
Received update: /ndn/mt-site/mt/svs_core/mt=4, 1741736009128
Received update: /ndn/si-site/si/svs_core/si=4, 1741736011360
Received update: /ndn/by-site/by/svs_core/by=4, 1741736012768
Received update: /ndn/cz-site/cz/svs_core/cz=4, 1741736012768
Received update: /ndn/dk-site/dk/svs_core/dk=4, 1741736016656
Received update: /ndn/gr-site/gr/svs_core/gr=4, 1741736016656
Received update: /ndn/es-site/es/svs_core/es=4, 1741736016857
Received update: /ndn/is-site/is/svs_core/is=4, 1741736017051
Received update: /ndn/bg-site/bg/svs_core/bg=4, 1741736017097
Received update: /ndn/pl-site/pl/svs_core/pl=4, 1741736017270
Received update: /ndn/cy-site/cy/svs_core/cy=4, 1741736017555
Received update: /ndn/lu-site/lu/svs_core/lu=4, 1741736017778
Received update: /ndn/me-site/me/svs_core/me=5, 1741736018427
Received update: /ndn/lt-site/lt/svs_core/lt=5, 1741736022381
Received update: /ndn/de1-site/de1/svs_core/de1=5, 1741736022453
Received update: /ndn/se-site/se/svs_core/se=5, 1741736023748
Received update: /ndn/nl-site/nl/svs_core/nl=5, 1741736025812
Received update: /ndn/ua-site/ua/svs_core/ua=5, 1741736030548
Received update: /ndn/fr2-site/fr2/svs_core/fr2=5, 1741736030548
Received update: /ndn/be-site/be/svs_core/be=5, 1741736030939
Received update: /ndn/ie-site/ie/svs_core/ie=5, 1741736032051
Received update: /ndn/sk-site/sk/svs_core/sk=5, 1741736032508
Received update: /ndn/ro-site/ro/svs_core/ro=5, 1741736033993
Received update: /ndn/fi-site/fi/svs_core/fi=5, 1741736035843
Received update: /ndn/uk-site/uk/svs_core/uk=5, 1741736035843
Received update: /ndn/hu-site/hu/svs_core/hu=5, 1741736037061
Received update: /ndn/hr-site/hr/svs_core/hr=5, 1741736039109
Received update: /ndn/rs-site/rs/svs_core/rs=5, 1741736039375
Received update: /ndn/ch-site/ch/svs_core/ch=5, 1741736041548
Received update: /ndn/de2-site/de2/svs_core/de2=5, 1741736041548
Received update: /ndn/it-site/it/svs_core/it=5, 1741736041717
Published sequence number: /ndn/ge-site/ge/svs_core/ge=5, 1741736042022
Sending Sync interest
Received update: /ndn/lv-site/lv/svs_core/lv=5, 1741736042056
Received update: /ndn/no-site/no/svs_core/no=5, 1741736042088
Received update: /ndn/az-site/az/svs_core/az=5, 1741736042486
Max suppression time updated to: 309
Received update: /ndn/fr1-site/fr1/svs_core/fr1=5, 1741736048540
Received update: /ndn/md-site/md/svs_core/md=5, 1741736049229
Received update: /ndn/al-site/al/svs_core/al=5, 1741736049706
Received update: /ndn/am-site/am/svs_core/am=5, 1741736050083
Received update: /ndn/ee-site/ee/svs_core/ee=5, 1741736050214
Received update: /ndn/mt-site/mt/svs_core/mt=5, 1741736050506
Received update: /ndn/il-site/il/svs_core/il=5, 1741736050936
Received update: /ndn/at-site/at/svs_core/at=5, 1741736053022
Received update: /ndn/mk-site/mk/svs_core/mk=5, 1741736053238
Received update: /ndn/pt-site/pt/svs_core/pt=5, 1741736053748
Received update: /ndn/tr-site/tr/svs_core/tr=5, 1741736053748
Received update: /ndn/si-site/si/svs_core/si=5, 1741736056325
Received update: /ndn/cz-site/cz/svs_core/cz=5, 1741736058508
Received update: /ndn/dk-site/dk/svs_core/dk=5, 1741736058508
Received update: /ndn/by-site/by/svs_core/by=5, 1741736058980
Received update: /ndn/bg-site/bg/svs_core/bg=5, 1741736060469
Received update: /ndn/is-site/is/svs_core/is=5, 1741736061824
Received update: /ndn/es-site/es/svs_core/es=5, 1741736061855
Received update: /ndn/cy-site/cy/svs_core/cy=5, 1741736062869
Received update: /ndn/gr-site/gr/svs_core/gr=5, 1741736062869
Received update: /ndn/lu-site/lu/svs_core/lu=5, 1741736062869
Received update: /ndn/pl-site/pl/svs_core/pl=5, 1741736062869
Received update: /ndn/ua-site/ua/svs_core/ua=6, 1741736064195
Received update: /ndn/me-site/me/svs_core/me=6, 1741736064647
Received update: /ndn/se-site/se/svs_core/se=6, 1741736065404
Received update: /ndn/lt-site/lt/svs_core/lt=6, 1741736067622
Received update: /ndn/de1-site/de1/svs_core/de1=6, 1741736067947
Received update: /ndn/nl-site/nl/svs_core/nl=6, 1741736078804
Received update: /ndn/uk-site/uk/svs_core/uk=6, 1741736078804
Received update: /ndn/ro-site/ro/svs_core/ro=6, 1741736078969
Received update: /ndn/be-site/be/svs_core/be=6, 1741736079449
Received update: /ndn/fr2-site/fr2/svs_core/fr2=6, 1741736079492
Received update: /ndn/sk-site/sk/svs_core/sk=6, 1741736079904
Received update: /ndn/fi-site/fi/svs_core/fi=6, 1741736080857
Sending Sync interest
Received update: /ndn/ie-site/ie/svs_core/ie=6, 1741736081240
Received update: /ndn/rs-site/rs/svs_core/rs=6, 1741736081648
Received update: /ndn/hu-site/hu/svs_core/hu=6, 1741736082054
Received update: /ndn/az-site/az/svs_core/az=6, 1741736082980
Received update: /ndn/lv-site/lv/svs_core/lv=6, 1741736084153
Received update: /ndn/ch-site/ch/svs_core/ch=6, 1741736084226
Received update: /ndn/hr-site/hr/svs_core/hr=6, 1741736084226
Received update: /ndn/no-site/no/svs_core/no=6, 1741736085326
Published sequence number: /ndn/ge-site/ge/svs_core/ge=6, 1741736087028
Sending Sync interest
Max suppression time updated to: 279
Received update: /ndn/it-site/it/svs_core/it=6, 1741736087301
Received update: /ndn/de2-site/de2/svs_core/de2=6, 1741736087301
Max suppression time updated to: 297
Max suppression time updated to: 276
Max suppression time updated to: 276
Received update: /ndn/fr1-site/fr1/svs_core/fr1=6, 1741736093433
Received update: /ndn/am-site/am/svs_core/am=6, 1741736094305
Received update: /ndn/al-site/al/svs_core/al=6, 1741736095087
Received update: /ndn/md-site/md/svs_core/md=6, 1741736095106
Received update: /ndn/ee-site/ee/svs_core/ee=6, 1741736095513
Received update: /ndn/il-site/il/svs_core/il=6, 1741736095652
Received update: /ndn/mt-site/mt/svs_core/mt=6, 1741736095915
Received update: /ndn/at-site/at/svs_core/at=6, 1741736098469
Received update: /ndn/pt-site/pt/svs_core/pt=6, 1741736098469
Received update: /ndn/tr-site/tr/svs_core/tr=6, 1741736098714
Received update: /ndn/mk-site/mk/svs_core/mk=6, 1741736099233
Received update: /ndn/by-site/by/svs_core/by=6, 1741736101304
Received update: /ndn/si-site/si/svs_core/si=6, 1741736101348
Received update: /ndn/cz-site/cz/svs_core/cz=6, 1741736102637
Received update: /ndn/dk-site/dk/svs_core/dk=6, 1741736103493
Received update: /ndn/bg-site/bg/svs_core/bg=6, 1741736105462
Received update: /ndn/is-site/is/svs_core/is=6, 1741736106774
Received update: /ndn/es-site/es/svs_core/es=6, 1741736106838
Received update: /ndn/gr-site/gr/svs_core/gr=6, 1741736107071
Received update: /ndn/pl-site/pl/svs_core/pl=6, 1741736107322
Received update: /ndn/lu-site/lu/svs_core/lu=6, 1741736107373
Received update: /ndn/cy-site/cy/svs_core/cy=6, 1741736108424
Received update: /ndn/me-site/me/svs_core/me=7, 1741736108424
Received update: /ndn/ua-site/ua/svs_core/ua=7, 1741736109175
Received update: /ndn/de1-site/de1/svs_core/de1=7, 1741736111503
Received update: /ndn/lt-site/lt/svs_core/lt=7, 1741736112234
Received update: /ndn/nl-site/nl/svs_core/nl=7, 1741736116251
Received update: /ndn/se-site/se/svs_core/se=7, 1741736116251
Received update: /ndn/fr2-site/fr2/svs_core/fr2=7, 1741736120530
Received update: /ndn/sk-site/sk/svs_core/sk=7, 1741736122491
Received update: /ndn/uk-site/uk/svs_core/uk=7, 1741736123817
Received update: /ndn/fi-site/fi/svs_core/fi=7, 1741736126172
Received update: /ndn/rs-site/rs/svs_core/rs=7, 1741736126612
Received update: /ndn/be-site/be/svs_core/be=7, 1741736126618
Received update: /ndn/ie-site/ie/svs_core/ie=7, 1741736126627
Received update: /ndn/hu-site/hu/svs_core/hu=7, 1741736127048
Received update: /ndn/ro-site/ro/svs_core/ro=7, 1741736127048
Received update: /ndn/lv-site/lv/svs_core/lv=7, 1741736129205
Received update: /ndn/az-site/az/svs_core/az=7, 1741736129225
Received update: /ndn/ch-site/ch/svs_core/ch=7, 1741736129225
Received update: /ndn/hr-site/hr/svs_core/hr=7, 1741736129225
Received update: /ndn/no-site/no/svs_core/no=7, 1741736130299
Received update: /ndn/it-site/it/svs_core/it=7, 1741736131281
Received update: /ndn/de2-site/de2/svs_core/de2=7, 1741736131563
Published sequence number: /ndn/ge-site/ge/svs_core/ge=7, 1741736132039
Sending Sync interest
Received update: /ndn/fr1-site/fr1/svs_core/fr1=7, 1741736138456
Received update: /ndn/md-site/md/svs_core/md=7, 1741736138781
Received update: /ndn/al-site/al/svs_core/al=7, 1741736139180
Received update: /ndn/il-site/il/svs_core/il=7, 1741736140286
Received update: /ndn/am-site/am/svs_core/am=7, 1741736143012
Received update: /ndn/at-site/at/svs_core/at=7, 1741736143012
Received update: /ndn/mt-site/mt/svs_core/mt=7, 1741736143012
Received update: /ndn/mk-site/mk/svs_core/mk=7, 1741736143260
Received update: /ndn/pt-site/pt/svs_core/pt=7, 1741736143536
Received update: /ndn/ee-site/ee/svs_core/ee=7, 1741736143583
Sending Sync interest
Received update: /ndn/tr-site/tr/svs_core/tr=7, 1741736144038
Max suppression time updated to: 264
Received update: /ndn/si-site/si/svs_core/si=7, 1741736146364
Received update: /ndn/cz-site/cz/svs_core/cz=7, 1741736147652
Received update: /ndn/dk-site/dk/svs_core/dk=7, 1741736148557
Received update: /ndn/bg-site/bg/svs_core/bg=7, 1741736150431
Received update: /ndn/by-site/by/svs_core/by=7, 1741736150654
Received update: /ndn/gr-site/gr/svs_core/gr=7, 1741736151644
Received update: /ndn/is-site/is/svs_core/is=7, 1741736151768
Received update: /ndn/es-site/es/svs_core/es=7, 1741736152059
Received update: /ndn/lu-site/lu/svs_core/lu=7, 1741736152444
Received update: /ndn/pl-site/pl/svs_core/pl=7, 1741736152444
Received update: /ndn/cy-site/cy/svs_core/cy=7, 1741736152514
Received update: /ndn/me-site/me/svs_core/me=8, 1741736153500
Received update: /ndn/ua-site/ua/svs_core/ua=8, 1741736154208
Received update: /ndn/de1-site/de1/svs_core/de1=8, 1741736156466
Received update: /ndn/lt-site/lt/svs_core/lt=8, 1741736161222
Received update: /ndn/nl-site/nl/svs_core/nl=8, 1741736161222
Received update: /ndn/se-site/se/svs_core/se=8, 1741736161354
Received update: /ndn/fr2-site/fr2/svs_core/fr2=8, 1741736165561
Received update: /ndn/uk-site/uk/svs_core/uk=8, 1741736168807
Received update: /ndn/ro-site/ro/svs_core/ro=8, 1741736169071
Received update: /ndn/be-site/be/svs_core/be=8, 1741736169251
Received update: /ndn/sk-site/sk/svs_core/sk=8, 1741736169452
Received update: /ndn/hu-site/hu/svs_core/hu=8, 1741736172078
Received update: /ndn/rs-site/rs/svs_core/rs=8, 1741736172345
Received update: /ndn/ie-site/ie/svs_core/ie=8, 1741736172889
Received update: /ndn/fi-site/fi/svs_core/fi=8, 1741736173094
Received update: /ndn/hr-site/hr/svs_core/hr=8, 1741736174127
Received update: /ndn/ch-site/ch/svs_core/ch=8, 1741736174275
Received update: /ndn/az-site/az/svs_core/az=8, 1741736174689
Received update: /ndn/lv-site/lv/svs_core/lv=8, 1741736175162
Received update: /ndn/it-site/it/svs_core/it=8, 1741736176569
Received update: /ndn/no-site/no/svs_core/no=8, 1741736176569
Received update: /ndn/de2-site/de2/svs_core/de2=8, 1741736176569
Published sequence number: /ndn/ge-site/ge/svs_core/ge=8, 1741736177046
Sending Sync interest
Received update: /ndn/il-site/il/svs_core/il=8, 1741736185241
Received update: /ndn/fr1-site/fr1/svs_core/fr1=8, 1741736185473
Received update: /ndn/md-site/md/svs_core/md=8, 1741736185629
Received update: /ndn/mt-site/mt/svs_core/mt=8, 1741736185685
Received update: /ndn/ee-site/ee/svs_core/ee=8, 1741736185732
Received update: /ndn/am-site/am/svs_core/am=8, 1741736186200
Received update: /ndn/at-site/at/svs_core/at=8, 1741736188007
Received update: /ndn/mk-site/mk/svs_core/mk=8, 1741736188249
Received update: /ndn/al-site/al/svs_core/al=8, 1741736188420
Received update: /ndn/pt-site/pt/svs_core/pt=8, 1741736188480
Received update: /ndn/tr-site/tr/svs_core/tr=8, 1741736188701
Received update: /ndn/si-site/si/svs_core/si=8, 1741736191370
Received update: /ndn/cz-site/cz/svs_core/cz=8, 1741736192656
Received update: /ndn/dk-site/dk/svs_core/dk=8, 1741736193498
Received update: /ndn/is-site/is/svs_core/is=8, 1741736196771
Received update: /ndn/es-site/es/svs_core/es=8, 1741736196839
Received update: /ndn/by-site/by/svs_core/by=8, 1741736197137
Received update: /ndn/gr-site/gr/svs_core/gr=8, 1741736197137
Sending Sync interest
Received update: /ndn/bg-site/bg/svs_core/bg=8, 1741736197232
Received update: /ndn/pl-site/pl/svs_core/pl=8, 1741736197259
Received update: /ndn/lu-site/lu/svs_core/lu=8, 1741736197535
Received update: /ndn/cy-site/cy/svs_core/cy=8, 1741736199216
Received update: /ndn/me-site/me/svs_core/me=9, 1741736199216
Received update: /ndn/ua-site/ua/svs_core/ua=9, 1741736199216
Received update: /ndn/lt-site/lt/svs_core/lt=9, 1741736202257
Received update: /ndn/de1-site/de1/svs_core/de1=9, 1741736202724
Received update: /ndn/se-site/se/svs_core/se=9, 1741736202730
Received update: /ndn/nl-site/nl/svs_core/nl=9, 1741736206922
Received update: /ndn/fr2-site/fr2/svs_core/fr2=9, 1741736210617
Received update: /ndn/be-site/be/svs_core/be=9, 1741736210896
Received update: /ndn/sk-site/sk/svs_core/sk=9, 1741736212511
Received update: /ndn/uk-site/uk/svs_core/uk=9, 1741736213836
Received update: /ndn/ro-site/ro/svs_core/ro=9, 1741736214003
Received update: /ndn/fi-site/fi/svs_core/fi=9, 1741736215869
Received update: /ndn/ie-site/ie/svs_core/ie=9, 1741736216591
Received update: /ndn/rs-site/rs/svs_core/rs=9, 1741736216633
Received update: /ndn/hu-site/hu/svs_core/hu=9, 1741736217057
Received update: /ndn/ch-site/ch/svs_core/ch=9, 1741736219235
Received update: /ndn/hr-site/hr/svs_core/hr=9, 1741736220309
Received update: /ndn/no-site/no/svs_core/no=9, 1741736220309
Received update: /ndn/de2-site/de2/svs_core/de2=9, 1741736221679
Received update: /ndn/az-site/az/svs_core/az=9, 1741736221982
Received update: /ndn/it-site/it/svs_core/it=9, 1741736222033
Published sequence number: /ndn/ge-site/ge/svs_core/ge=9, 1741736222048
Sending Sync interest
Received update: /ndn/lv-site/lv/svs_core/lv=9, 1741736222114
Sending Sync interest
Received update: /ndn/al-site/al/svs_core/al=9, 1741736229499
Received update: /ndn/md-site/md/svs_core/md=9, 1741736229499
Received update: /ndn/fr1-site/fr1/svs_core/fr1=9, 1741736229499
Received update: /ndn/mt-site/mt/svs_core/mt=9, 1741736229874
Received update: /ndn/il-site/il/svs_core/il=9, 1741736230287
Received update: /ndn/am-site/am/svs_core/am=9, 1741736233384
Received update: /ndn/at-site/at/svs_core/at=9, 1741736233384
Received update: /ndn/pt-site/pt/svs_core/pt=9, 1741736233696
Received update: /ndn/tr-site/tr/svs_core/tr=9, 1741736233696
Received update: /ndn/mk-site/mk/svs_core/mk=9, 1741736233733
Sending Sync interest
Max suppression time updated to: 270
Received update: /ndn/ee-site/ee/svs_core/ee=9, 1741736234264
Received update: /ndn/cz-site/cz/svs_core/cz=9, 1741736237690
Received update: /ndn/si-site/si/svs_core/si=9, 1741736237973
Received update: /ndn/by-site/by/svs_core/by=9, 1741736238343
Received update: /ndn/dk-site/dk/svs_core/dk=9, 1741736238522
Received update: /ndn/gr-site/gr/svs_core/gr=9, 1741736241656
Received update: /ndn/es-site/es/svs_core/es=9, 1741736241841
Received update: /ndn/is-site/is/svs_core/is=9, 1741736241910
Received update: /ndn/pl-site/pl/svs_core/pl=9, 1741736242294
Received update: /ndn/bg-site/bg/svs_core/bg=9, 1741736242427
Received update: /ndn/cy-site/cy/svs_core/cy=9, 1741736243121
Received update: /ndn/lu-site/lu/svs_core/lu=9, 1741736243121
Received update: /ndn/me-site/me/svs_core/me=10, 1741736243453
Received update: /ndn/se-site/se/svs_core/se=10, 1741736245442
Received update: /ndn/de1-site/de1/svs_core/de1=10, 1741736246466
Received update: /ndn/nl-site/nl/svs_core/nl=10, 1741736250845
Received update: /ndn/ua-site/ua/svs_core/ua=10, 1741736251204
Received update: /ndn/lt-site/lt/svs_core/lt=10, 1741736251590
Received update: /ndn/fr2-site/fr2/svs_core/fr2=10, 1741736255571
Received update: /ndn/be-site/be/svs_core/be=10, 1741736255981
Received update: /ndn/ie-site/ie/svs_core/ie=10, 1741736257077
Received update: /ndn/hu-site/hu/svs_core/hu=10, 1741736262064
Received update: /ndn/sk-site/sk/svs_core/sk=10, 1741736262064
Received update: /ndn/uk-site/uk/svs_core/uk=10, 1741736262064
Received update: /ndn/ro-site/ro/svs_core/ro=10, 1741736262420
Received update: /ndn/az-site/az/svs_core/az=10, 1741736264329
Received update: /ndn/ch-site/ch/svs_core/ch=10, 1741736264329
Received update: /ndn/hr-site/hr/svs_core/hr=10, 1741736264329
Received update: /ndn/fi-site/fi/svs_core/fi=10, 1741736264622
Received update: /ndn/no-site/no/svs_core/no=10, 1741736265322
Received update: /ndn/rs-site/rs/svs_core/rs=10, 1741736265630
Received update: /ndn/it-site/it/svs_core/it=10, 1741736266667
Published sequence number: /ndn/ge-site/ge/svs_core/ge=10, 1741736267055
Sending Sync interest
Received update: /ndn/fr1-site/fr1/svs_core/fr1=10, 1741736273636
Received update: /ndn/de2-site/de2/svs_core/de2=10, 1741736273692
Received update: /ndn/al-site/al/svs_core/al=10, 1741736274137
Received update: /ndn/lv-site/lv/svs_core/lv=10, 1741736274221
Received update: /ndn/am-site/am/svs_core/am=10, 1741736274323
Received update: /ndn/md-site/md/svs_core/md=10, 1741736274498
Received update: /ndn/il-site/il/svs_core/il=10, 1741736275229
Received update: /ndn/mt-site/mt/svs_core/mt=10, 1741736275229
Received update: /ndn/at-site/at/svs_core/at=10, 1741736278014
Received update: /ndn/mk-site/mk/svs_core/mk=10, 1741736278292
Received update: /ndn/ee-site/ee/svs_core/ee=10, 1741736278769
Received update: /ndn/pt-site/pt/svs_core/pt=10, 1741736278988
Received update: /ndn/tr-site/tr/svs_core/tr=10, 1741736279003
Received update: /ndn/by-site/by/svs_core/by=10, 1741736281332
Received update: /ndn/si-site/si/svs_core/si=10, 1741736281361
Sending Sync interest
Received update: /ndn/cz-site/cz/svs_core/cz=10, 1741736282661
Received update: /ndn/is-site/is/svs_core/is=10, 1741736286826
Received update: /ndn/es-site/es/svs_core/es=10, 1741736286894
Received update: /ndn/gr-site/gr/svs_core/gr=10, 1741736286909
Received update: /ndn/bg-site/bg/svs_core/bg=10, 1741736287120
Received update: /ndn/dk-site/dk/svs_core/dk=10, 1741736287189
Received update: /ndn/pl-site/pl/svs_core/pl=10, 1741736287317
Received update: /ndn/lt-site/lt/svs_core/lt=11, 1741736292281
Received update: /ndn/ua-site/ua/svs_core/ua=11, 1741736292325
Received update: /ndn/lu-site/lu/svs_core/lu=10, 1741736292441
Received update: /ndn/cy-site/cy/svs_core/cy=10, 1741736292648
Received update: /ndn/se-site/se/svs_core/se=11, 1741736292669
Received update: /ndn/de1-site/de1/svs_core/de1=11, 1741736292914
Received update: /ndn/me-site/me/svs_core/me=11, 1741736292959
Received update: /ndn/nl-site/nl/svs_core/nl=11, 1741736295897
Received update: /ndn/fr2-site/fr2/svs_core/fr2=11, 1741736300537
Received update: /ndn/be-site/be/svs_core/be=11, 1741736300976
Received update: /ndn/sk-site/sk/svs_core/sk=11, 1741736302568
Received update: /ndn/uk-site/uk/svs_core/uk=11, 1741736303916
Received update: /ndn/ro-site/ro/svs_core/ro=11, 1741736304007
Received update: /ndn/ie-site/ie/svs_core/ie=11, 1741736304461
Received update: /ndn/hu-site/hu/svs_core/hu=11, 1741736307061
Received update: /ndn/rs-site/rs/svs_core/rs=11, 1741736307355
Received update: /ndn/az-site/az/svs_core/az=11, 1741736307969
Received update: /ndn/ch-site/ch/svs_core/ch=11, 1741736309267
Received update: /ndn/lv-site/lv/svs_core/lv=11, 1741736310290
Received update: /ndn/hr-site/hr/svs_core/hr=11, 1741736310330
Received update: /ndn/fi-site/fi/svs_core/fi=11, 1741736311151
Received update: /ndn/no-site/no/svs_core/no=11, 1741736311151
Received update: /ndn/it-site/it/svs_core/it=11, 1741736311429
Received update: /ndn/de2-site/de2/svs_core/de2=11, 1741736311590
Published sequence number: /ndn/ge-site/ge/svs_core/ge=11, 1741736312061
Sending Sync interest
Received update: /ndn/md-site/md/svs_core/md=11, 1741736318851
Sending Sync interest
Received update: /ndn/am-site/am/svs_core/am=11, 1741736319328
Sending Sync interest
Received update: /ndn/fr1-site/fr1/svs_core/fr1=11, 1741736319726
Sending Sync interest
Received update: /ndn/mt-site/mt/svs_core/mt=11, 1741736319887
Received update: /ndn/al-site/al/svs_core/al=11, 1741736320276
Received update: /ndn/ee-site/ee/svs_core/ee=11, 1741736322381
Received update: /ndn/il-site/il/svs_core/il=11, 1741736322381
Received update: /ndn/at-site/at/svs_core/at=11, 1741736323039
Received update: /ndn/pt-site/pt/svs_core/pt=11, 1741736323485
Received update: /ndn/tr-site/tr/svs_core/tr=11, 1741736323727
Received update: /ndn/mk-site/mk/svs_core/mk=11, 1741736323892
Received update: /ndn/si-site/si/svs_core/si=11, 1741736326352
Received update: /ndn/dk-site/dk/svs_core/dk=11, 1741736328551
Received update: /ndn/cz-site/cz/svs_core/cz=11, 1741736329162
Received update: /ndn/bg-site/bg/svs_core/bg=11, 1741736330474
Received update: /ndn/gr-site/gr/svs_core/gr=11, 1741736331664
Received update: /ndn/is-site/is/svs_core/is=11, 1741736331784
Received update: /ndn/es-site/es/svs_core/es=11, 1741736331856
Received update: /ndn/pl-site/pl/svs_core/pl=11, 1741736332304
Received update: /ndn/lu-site/lu/svs_core/lu=11, 1741736332392
Received update: /ndn/by-site/by/svs_core/by=11, 1741736332551
Received update: /ndn/cy-site/cy/svs_core/cy=11, 1741736332651
Received update: /ndn/de1-site/de1/svs_core/de1=12, 1741736336477
Received update: /ndn/me-site/me/svs_core/me=12, 1741736337197
Received update: /ndn/se-site/se/svs_core/se=12, 1741736337197
Received update: /ndn/lt-site/lt/svs_core/lt=12, 1741736337256
Received update: /ndn/nl-site/nl/svs_core/nl=12, 1741736340861
Received update: /ndn/fr2-site/fr2/svs_core/fr2=12, 1741736345577
Received update: /ndn/be-site/be/svs_core/be=12, 1741736345958
Received update: /ndn/ie-site/ie/svs_core/ie=12, 1741736347557
Received update: /ndn/sk-site/sk/svs_core/sk=12, 1741736347557
Received update: /ndn/ua-site/ua/svs_core/ua=12, 1741736347557
Received update: /ndn/uk-site/uk/svs_core/uk=12, 1741736348826
Received update: /ndn/ro-site/ro/svs_core/ro=12, 1741736349299
Received update: /ndn/fi-site/fi/svs_core/fi=12, 1741736350872
Received update: /ndn/rs-site/rs/svs_core/rs=12, 1741736351617
Received update: /ndn/hu-site/hu/svs_core/hu=12, 1741736352069
Received update: /ndn/az-site/az/svs_core/az=12, 1741736354198
Received update: /ndn/lv-site/lv/svs_core/lv=12, 1741736354198
Received update: /ndn/no-site/no/svs_core/no=12, 1741736355347
Received update: /ndn/ch-site/ch/svs_core/ch=12, 1741736355415
Received update: /ndn/hr-site/hr/svs_core/hr=12, 1741736355663
Received update: /ndn/it-site/it/svs_core/it=12, 1741736356296
Received update: /ndn/de2-site/de2/svs_core/de2=12, 1741736356589
Published sequence number: /ndn/ge-site/ge/svs_core/ge=12, 1741736357065
Sending Sync interest
Received update: /ndn/fr1-site/fr1/svs_core/fr1=12, 1741736363448
Received update: /ndn/md-site/md/svs_core/md=12, 1741736363797
Received update: /ndn/al-site/al/svs_core/al=12, 1741736364168
Received update: /ndn/am-site/am/svs_core/am=12, 1741736364359
Received update: /ndn/mt-site/mt/svs_core/mt=12, 1741736364927
Received update: /ndn/il-site/il/svs_core/il=12, 1741736365558
Received update: /ndn/ee-site/ee/svs_core/ee=12, 1741736365635
Received update: /ndn/at-site/at/svs_core/at=12, 1741736368016
Received update: /ndn/mk-site/mk/svs_core/mk=12, 1741736368300
Received update: /ndn/pt-site/pt/svs_core/pt=12, 1741736368563
Received update: /ndn/tr-site/tr/svs_core/tr=12, 1741736368718
Received update: /ndn/si-site/si/svs_core/si=12, 1741736371380
Received update: /ndn/cz-site/cz/svs_core/cz=12, 1741736372669
Received update: /ndn/by-site/by/svs_core/by=12, 1741736376805
Received update: /ndn/is-site/is/svs_core/is=12, 1741736376805
Received update: /ndn/es-site/es/svs_core/es=12, 1741736376827
Received update: /ndn/dk-site/dk/svs_core/dk=12, 1741736377170
Received update: /ndn/gr-site/gr/svs_core/gr=12, 1741736377170
Received update: /ndn/bg-site/bg/svs_core/bg=12, 1741736377261
Received update: /ndn/pl-site/pl/svs_core/pl=12, 1741736377303
Received update: /ndn/cy-site/cy/svs_core/cy=12, 1741736377508
Received update: /ndn/lu-site/lu/svs_core/lu=12, 1741736377772
Received update: /ndn/ua-site/ua/svs_core/ua=13, 1741736379223
Received update: /ndn/lt-site/lt/svs_core/lt=13, 1741736382243
Received update: /ndn/de1-site/de1/svs_core/de1=13, 1741736382243
Received update: /ndn/me-site/me/svs_core/me=13, 1741736386062
Received update: /ndn/nl-site/nl/svs_core/nl=13, 1741736386062
Received update: /ndn/be-site/be/svs_core/be=13, 1741736392549
Received update: /ndn/se-site/se/svs_core/se=13, 1741736392549
Received update: /ndn/sk-site/sk/svs_core/sk=13, 1741736392549
Received update: /ndn/fr2-site/fr2/svs_core/fr2=13, 1741736392549
Received update: /ndn/ie-site/ie/svs_core/ie=13, 1741736392912
Received update: /ndn/fi-site/fi/svs_core/fi=13, 1741736395879
Received update: /ndn/uk-site/uk/svs_core/uk=13, 1741736395879
Received update: /ndn/ro-site/ro/svs_core/ro=13, 1741736396318
Received update: /ndn/hu-site/hu/svs_core/hu=13, 1741736397065
Received update: /ndn/az-site/az/svs_core/az=13, 1741736397970
Received update: /ndn/rs-site/rs/svs_core/rs=13, 1741736398718
Received update: /ndn/hr-site/hr/svs_core/hr=13, 1741736399144
Received update: /ndn/ch-site/ch/svs_core/ch=13, 1741736399361
Received update: /ndn/it-site/it/svs_core/it=13, 1741736401588
Received update: /ndn/de2-site/de2/svs_core/de2=13, 1741736401588
Published sequence number: /ndn/ge-site/ge/svs_core/ge=13, 1741736402068
Sending Sync interest
Received update: /ndn/lv-site/lv/svs_core/lv=13, 1741736402561
Received update: /ndn/no-site/no/svs_core/no=13, 1741736402561
Max suppression time updated to: 276
Received update: /ndn/mt-site/mt/svs_core/mt=13, 1741736409891
Received update: /ndn/il-site/il/svs_core/il=13, 1741736410251
Received update: /ndn/fr1-site/fr1/svs_core/fr1=13, 1741736410328
Received update: /ndn/ee-site/ee/svs_core/ee=13, 1741736410333
Received update: /ndn/am-site/am/svs_core/am=13, 1741736410549
Received update: /ndn/md-site/md/svs_core/md=13, 1741736411014
Received update: /ndn/al-site/al/svs_core/al=13, 1741736411491
Received update: /ndn/at-site/at/svs_core/at=13, 1741736413040
Received update: /ndn/mk-site/mk/svs_core/mk=13, 1741736413274
Received update: /ndn/pt-site/pt/svs_core/pt=13, 1741736413512
Received update: /ndn/tr-site/tr/svs_core/tr=13, 1741736413726
Received update: /ndn/dk-site/dk/svs_core/dk=13, 1741736418532
Received update: /ndn/cz-site/cz/svs_core/cz=13, 1741736418833
Received update: /ndn/si-site/si/svs_core/si=13, 1741736418835
Received update: /ndn/by-site/by/svs_core/by=13, 1741736419271
Received update: /ndn/bg-site/bg/svs_core/bg=13, 1741736420477
Received update: /ndn/gr-site/gr/svs_core/gr=13, 1741736421675
Received update: /ndn/es-site/es/svs_core/es=13, 1741736421896
Received update: /ndn/lu-site/lu/svs_core/lu=13, 1741736422389
Received update: /ndn/pl-site/pl/svs_core/pl=13, 1741736422389
Received update: /ndn/is-site/is/svs_core/is=13, 1741736422477
Received update: /ndn/cy-site/cy/svs_core/cy=13, 1741736422524
Received update: /ndn/me-site/me/svs_core/me=14, 1741736423532
Received update: /ndn/ua-site/ua/svs_core/ua=14, 1741736424235
Received update: /ndn/se-site/se/svs_core/se=14, 1741736425419
Received update: /ndn/de1-site/de1/svs_core/de1=14, 1741736426476
Received update: /ndn/nl-site/nl/svs_core/nl=14, 1741736430985
Received update: /ndn/lt-site/lt/svs_core/lt=14, 1741736431572
Received update: /ndn/be-site/be/svs_core/be=14, 1741736435971
Received update: /ndn/fr2-site/fr2/svs_core/fr2=14, 1741736435971
Received update: /ndn/ie-site/ie/svs_core/ie=14, 1741736438862
Received update: /ndn/uk-site/uk/svs_core/uk=14, 1741736438862
Received update: /ndn/ro-site/ro/svs_core/ro=14, 1741736439042
Received update: /ndn/sk-site/sk/svs_core/sk=14, 1741736439175
Received update: /ndn/rs-site/rs/svs_core/rs=14, 1741736441652
Received update: /ndn/fi-site/fi/svs_core/fi=14, 1741736442091
Received update: /ndn/hu-site/hu/svs_core/hu=14, 1741736442656
Received update: /ndn/az-site/az/svs_core/az=14, 1741736443013
Received update: /ndn/hr-site/hr/svs_core/hr=14, 1741736444145
Received update: /ndn/ch-site/ch/svs_core/ch=14, 1741736444287
Received update: /ndn/de2-site/de2/svs_core/de2=14, 1741736446601
Received update: /ndn/it-site/it/svs_core/it=14, 1741736446864
Published sequence number: /ndn/ge-site/ge/svs_core/ge=14, 1741736447076
Sending Sync interest
Received update: /ndn/lv-site/lv/svs_core/lv=14, 1741736447619
Received update: /ndn/no-site/no/svs_core/no=14, 1741736447619
Received update: /ndn/fr1-site/fr1/svs_core/fr1=14, 1741736453529
Received update: /ndn/am-site/am/svs_core/am=14, 1741736454315
Received update: /ndn/md-site/md/svs_core/md=14, 1741736454866
Received update: /ndn/ee-site/ee/svs_core/ee=14, 1741736455693
Received update: /ndn/mt-site/mt/svs_core/mt=14, 1741736455693
Received update: /ndn/il-site/il/svs_core/il=14, 1741736456004
Received update: /ndn/at-site/at/svs_core/at=14, 1741736458042
Received update: /ndn/mk-site/mk/svs_core/mk=14, 1741736458282
Received update: /ndn/pt-site/pt/svs_core/pt=14, 1741736458518
Received update: /ndn/cz-site/cz/svs_core/cz=14, 1741736462697
Received update: /ndn/si-site/si/svs_core/si=14, 1741736463006
Received update: /ndn/tr-site/tr/svs_core/tr=14, 1741736463019
Received update: /ndn/al-site/al/svs_core/al=14, 1741736463863
Received update: /ndn/dk-site/dk/svs_core/dk=14, 1741736464264
Received update: /ndn/by-site/by/svs_core/by=14, 1741736464809
Received update: /ndn/bg-site/bg/svs_core/bg=14, 1741736467347
Received update: /ndn/pl-site/pl/svs_core/pl=14, 1741736467347
Received update: /ndn/lu-site/lu/svs_core/lu=14, 1741736467420
Received update: /ndn/cy-site/cy/svs_core/cy=14, 1741736467508
Received update: /ndn/gr-site/gr/svs_core/gr=14, 1741736467628
Received update: /ndn/ua-site/ua/svs_core/ua=15, 1741736469255
Received update: /ndn/es-site/es/svs_core/es=14, 1741736469527
Received update: /ndn/me-site/me/svs_core/me=15, 1741736469659
Received update: /ndn/is-site/is/svs_core/is=14, 1741736469928
Received update: /ndn/de1-site/de1/svs_core/de1=15, 1741736471480
Received update: /ndn/lt-site/lt/svs_core/lt=15, 1741736472287
Received update: /ndn/nl-site/nl/svs_core/nl=15, 1741736475882
Received update: /ndn/se-site/se/svs_core/se=15, 1741736476291
Received update: /ndn/fr2-site/fr2/svs_core/fr2=15, 1741736480559
Received update: /ndn/be-site/be/svs_core/be=15, 1741736482358
Received update: /ndn/ie-site/ie/svs_core/ie=15, 1741736482358
Received update: /ndn/ro-site/ro/svs_core/ro=15, 1741736484096
Received update: /ndn/uk-site/uk/svs_core/uk=15, 1741736484258
Received update: /ndn/sk-site/sk/svs_core/sk=15, 1741736484594
Received update: /ndn/rs-site/rs/svs_core/rs=15, 1741736486647
Received update: /ndn/fi-site/fi/svs_core/fi=15, 1741736486897
Received update: /ndn/hu-site/hu/svs_core/hu=15, 1741736487614
Received update: /ndn/ch-site/ch/svs_core/ch=15, 1741736489243
Received update: /ndn/hr-site/hr/svs_core/hr=15, 1741736490344
Received update: /ndn/no-site/no/svs_core/no=15, 1741736490344
Received update: /ndn/lv-site/lv/svs_core/lv=15, 1741736490844
Received update: /ndn/it-site/it/svs_core/it=15, 1741736491624
Received update: /ndn/de2-site/de2/svs_core/de2=15, 1741736491624
Published sequence number: /ndn/ge-site/ge/svs_core/ge=15, 1741736492086
Sending Sync interest
Max suppression time updated to: 267
Received update: /ndn/az-site/az/svs_core/az=15, 1741736492494
Received update: /ndn/fr1-site/fr1/svs_core/fr1=15, 1741736498554
Received update: /ndn/mt-site/mt/svs_core/mt=15, 1741736500008
Received update: /ndn/al-site/al/svs_core/al=15, 1741736500276
Received update: /ndn/at-site/at/svs_core/at=15, 1741736503019
Received update: /ndn/ee-site/ee/svs_core/ee=15, 1741736503019
Received update: /ndn/mk-site/mk/svs_core/mk=15, 1741736503293
Received update: /ndn/il-site/il/svs_core/il=15, 1741736503429
Received update: /ndn/pt-site/pt/svs_core/pt=15, 1741736503542
Received update: /ndn/am-site/am/svs_core/am=15, 1741736503684
Received update: /ndn/tr-site/tr/svs_core/tr=15, 1741736503730
Received update: /ndn/md-site/md/svs_core/md=15, 1741736504239
Sending Sync interest
Received update: /ndn/cz-site/cz/svs_core/cz=15, 1741736507668
Received update: /ndn/si-site/si/svs_core/si=15, 1741736507668
Received update: /ndn/by-site/by/svs_core/by=15, 1741736508110
Received update: /ndn/dk-site/dk/svs_core/dk=15, 1741736508614
Received update: /ndn/gr-site/gr/svs_core/gr=15, 1741736511753
Received update: /ndn/is-site/is/svs_core/is=15, 1741736511831
Received update: /ndn/bg-site/bg/svs_core/bg=15, 1741736512316
Received update: /ndn/pl-site/pl/svs_core/pl=15, 1741736512316
Received update: /ndn/lu-site/lu/svs_core/lu=15, 1741736512398
Received update: /ndn/cy-site/cy/svs_core/cy=15, 1741736512579
Received update: /ndn/es-site/es/svs_core/es=15, 1741736513265
Received update: /ndn/me-site/me/svs_core/me=16, 1741736513521
Received update: /ndn/ua-site/ua/svs_core/ua=16, 1741736514236
Received update: /ndn/de1-site/de1/svs_core/de1=16, 1741736516551
Received update: /ndn/lt-site/lt/svs_core/lt=16, 1741736517747
Received update: /ndn/se-site/se/svs_core/se=16, 1741736517747
Received update: /ndn/nl-site/nl/svs_core/nl=16, 1741736520898
Received update: /ndn/fr2-site/fr2/svs_core/fr2=16, 1741736525575
Received update: /ndn/ie-site/ie/svs_core/ie=16, 1741736527555
Received update: /ndn/sk-site/sk/svs_core/sk=16, 1741736527555
Received update: /ndn/be-site/be/svs_core/be=16, 1741736528046
Received update: /ndn/uk-site/uk/svs_core/uk=16, 1741736528862
Received update: /ndn/hu-site/hu/svs_core/hu=16, 1741736532077
Received update: /ndn/lv-site/lv/svs_core/lv=16, 1741736534225
Received update: /ndn/ch-site/ch/svs_core/ch=16, 1741736534293
Received update: /ndn/hr-site/hr/svs_core/hr=16, 1741736534293
Received update: /ndn/ro-site/ro/svs_core/ro=16, 1741736534529
Received update: /ndn/az-site/az/svs_core/az=16, 1741736534531
Received update: /ndn/rs-site/rs/svs_core/rs=16, 1741736534561
Received update: /ndn/fi-site/fi/svs_core/fi=16, 1741736534628
Received update: /ndn/it-site/it/svs_core/it=16, 1741736536317
Received update: /ndn/de2-site/de2/svs_core/de2=16, 1741736536608
Published sequence number: /ndn/ge-site/ge/svs_core/ge=16, 1741736537094
Sending Sync interest
Received update: /ndn/fr1-site/fr1/svs_core/fr1=16, 1741736543526
Received update: /ndn/md-site/md/svs_core/md=16, 1741736543794
Received update: /ndn/al-site/al/svs_core/al=16, 1741736544166
Received update: /ndn/no-site/no/svs_core/no=16, 1741736544289
Received update: /ndn/ee-site/ee/svs_core/ee=16, 1741736545255
Received update: /ndn/il-site/il/svs_core/il=16, 1741736545279
Received update: /ndn/mt-site/mt/svs_core/mt=16, 1741736545702
Received update: /ndn/am-site/am/svs_core/am=16, 1741736546191
Received update: /ndn/at-site/at/svs_core/at=16, 1741736548037
Received update: /ndn/mk-site/mk/svs_core/mk=16, 1741736548314
Sending Sync interest
Received update: /ndn/tr-site/tr/svs_core/tr=16, 1741736548748
Received update: /ndn/by-site/by/svs_core/by=16, 1741736551372
Received update: /ndn/pt-site/pt/svs_core/pt=16, 1741736551374
Received update: /ndn/si-site/si/svs_core/si=16, 1741736551374
Received update: /ndn/cz-site/cz/svs_core/cz=16, 1741736552678
Received update: /ndn/dk-site/dk/svs_core/dk=16, 1741736553564
Received update: /ndn/bg-site/bg/svs_core/bg=16, 1741736556683
Received update: /ndn/gr-site/gr/svs_core/gr=16, 1741736556683
Received update: /ndn/is-site/is/svs_core/is=16, 1741736556803
Received update: /ndn/es-site/es/svs_core/es=16, 1741736556871
Received update: /ndn/pl-site/pl/svs_core/pl=16, 1741736557308
Received update: /ndn/lu-site/lu/svs_core/lu=16, 1741736557470
Stopping SVS client: /ndn/ge-site/ge/svs_core/ge
