SVS client starting: /ndn/hr-site/hr/svs_core/hr
Max suppression time updated to: 99
Max suppression time updated to: 99
Max suppression time updated to: 99
Max suppression time updated to: 108
Sending Sync interest
Max suppression time updated to: 108
Max suppression time updated to: 111
Max suppression time updated to: 129
Max suppression time updated to: 132
Max suppression time updated to: 129
Max suppression time updated to: 126
Max suppression time updated to: 135
Max suppression time updated to: 135
Max suppression time updated to: 129
Max suppression time updated to: 129
Max suppression time updated to: 132
Max suppression time updated to: 138
Max suppression time updated to: 144
Received update: /ndn/pt-site/pt/svs_core/pt=1, 1741701768247
Max suppression time updated to: 144
Received update: /ndn/ee-site/ee/svs_core/ee=1, 1741701768351
Max suppression time updated to: 147
Max suppression time updated to: 147
Received update: /ndn/cy-site/cy/svs_core/cy=1, 1741701770102
Received update: /ndn/is-site/is/svs_core/is=1, 1741701770102
Max suppression time updated to: 144
Received update: /ndn/pl-site/pl/svs_core/pl=1, 1741701770174
Max suppression time updated to: 141
Received update: /ndn/az-site/az/svs_core/az=1, 1741701773572
Max suppression time updated to: 141
Max suppression time updated to: 141
Received update: /ndn/ro-site/ro/svs_core/ro=1, 1741701773671
Max suppression time updated to: 138
Received update: /ndn/nl-site/nl/svs_core/nl=1, 1741701773676
Max suppression time updated to: 138
Max suppression time updated to: 138
Max suppression time updated to: 138
Received update: /ndn/mt-site/mt/svs_core/mt=1, 1741701774400
Max suppression time updated to: 141
Received update: /ndn/ie-site/ie/svs_core/ie=1, 1741701775143
Received update: /ndn/tr-site/tr/svs_core/tr=1, 1741701775143
Max suppression time updated to: 138
Received update: /ndn/at-site/at/svs_core/at=1, 1741701776973
Max suppression time updated to: 138
Received update: /ndn/am-site/am/svs_core/am=1, 1741701786580
Received update: /ndn/cz-site/cz/svs_core/cz=1, 1741701786580
Received update: /ndn/de2-site/de2/svs_core/de2=1, 1741701786580
Max suppression time updated to: 135
Received update: /ndn/me-site/me/svs_core/me=1, 1741701787941
Max suppression time updated to: 135
Max suppression time updated to: 135
Received update: /ndn/fi-site/fi/svs_core/fi=1, 1741701787982
Max suppression time updated to: 135
Max suppression time updated to: 135
Received update: /ndn/ch-site/ch/svs_core/ch=1, 1741701788063
Max suppression time updated to: 135
Received update: /ndn/by-site/by/svs_core/by=1, 1741701789684
Received update: /ndn/hu-site/hu/svs_core/hu=1, 1741701789684
Max suppression time updated to: 135
Received update: /ndn/dk-site/dk/svs_core/dk=1, 1741701790121
Max suppression time updated to: 135
Received update: /ndn/si-site/si/svs_core/si=1, 1741701790191
Max suppression time updated to: 132
Max suppression time updated to: 135
Max suppression time updated to: 135
Max suppression time updated to: 135
Received update: /ndn/de1-site/de1/svs_core/de1=1, 1741701790969
Max suppression time updated to: 135
Received update: /ndn/ge-site/ge/svs_core/ge=1, 1741701791738
Max suppression time updated to: 132
Received update: /ndn/mk-site/mk/svs_core/mk=1, 1741701798078
Max suppression time updated to: 132
Received update: /ndn/il-site/il/svs_core/il=1, 1741701798226
Received update: /ndn/fr2-site/fr2/svs_core/fr2=1, 1741701798226
Max suppression time updated to: 132
Max suppression time updated to: 132
Received update: /ndn/es-site/es/svs_core/es=1, 1741701800256
Max suppression time updated to: 135
Received update: /ndn/al-site/al/svs_core/al=1, 1741701802680
Received update: /ndn/lu-site/lu/svs_core/lu=1, 1741701802680
Received update: /ndn/lv-site/lv/svs_core/lv=1, 1741701802680
Received update: /ndn/no-site/no/svs_core/no=1, 1741701802680
Received update: /ndn/se-site/se/svs_core/se=1, 1741701802680
Max suppression time updated to: 135
Received update: /ndn/bg-site/bg/svs_core/bg=1, 1741701803795
Max suppression time updated to: 135
Received update: /ndn/sk-site/sk/svs_core/sk=1, 1741701803984
Max suppression time updated to: 135
Received update: /ndn/lt-site/lt/svs_core/lt=1, 1741701804024
Max suppression time updated to: 135
Received update: /ndn/ua-site/ua/svs_core/ua=1, 1741701804146
Max suppression time updated to: 132
Max suppression time updated to: 135
Received update: /ndn/fr1-site/fr1/svs_core/fr1=1, 1741701804356
Sending Sync interest
Published sequence number: /ndn/hr-site/hr/svs_core/hr=1, 1741701806342
Sending Sync interest
Max suppression time updated to: 135
Received update: /ndn/be-site/be/svs_core/be=1, 1741701809520
Received update: /ndn/md-site/md/svs_core/md=1, 1741701809520
Received update: /ndn/rs-site/rs/svs_core/rs=1, 1741701809520
Sending Sync interest
Max suppression time updated to: 135
Received update: /ndn/it-site/it/svs_core/it=1, 1741701809678
Sending Sync interest
Max suppression time updated to: 135
Received update: /ndn/gr-site/gr/svs_core/gr=1, 1741701810012
Max suppression time updated to: 132
Received update: /ndn/ee-site/ee/svs_core/ee=2, 1741701814013
Received update: /ndn/pl-site/pl/svs_core/pl=2, 1741701814013
Max suppression time updated to: 135
Received update: /ndn/az-site/az/svs_core/az=2, 1741701819409
Received update: /ndn/mt-site/mt/svs_core/mt=2, 1741701819409
Max suppression time updated to: 132
Received update: /ndn/nl-site/nl/svs_core/nl=2, 1741701819478
Max suppression time updated to: 132
Received update: /ndn/at-site/at/svs_core/at=2, 1741701821976
Max suppression time updated to: 132
Received update: /ndn/tr-site/tr/svs_core/tr=2, 1741701822071
Max suppression time updated to: 132
Received update: /ndn/de2-site/de2/svs_core/de2=2, 1741701822385
Max suppression time updated to: 132
Received update: /ndn/cz-site/cz/svs_core/cz=2, 1741701823922
Max suppression time updated to: 132
Received update: /ndn/by-site/by/svs_core/by=2, 1741701827013
Max suppression time updated to: 132
Received update: /ndn/ro-site/ro/svs_core/ro=2, 1741701827189
Max suppression time updated to: 132
Received update: /ndn/is-site/is/svs_core/is=2, 1741701827283
Max suppression time updated to: 132
Received update: /ndn/cy-site/cy/svs_core/cy=2, 1741701827457
Received update: /ndn/uk-site/uk/svs_core/uk=1, 1741701827457
Max suppression time updated to: 132
Max suppression time updated to: 135
Received update: /ndn/ch-site/ch/svs_core/ch=2, 1741701829333
Received update: /ndn/ie-site/ie/svs_core/ie=2, 1741701829333
Received update: /ndn/pt-site/pt/svs_core/pt=2, 1741701829333
Max suppression time updated to: 135
Received update: /ndn/am-site/am/svs_core/am=2, 1741701835302
Received update: /ndn/hu-site/hu/svs_core/hu=2, 1741701835302
Received update: /ndn/me-site/me/svs_core/me=2, 1741701835302
Received update: /ndn/si-site/si/svs_core/si=2, 1741701835302
Max suppression time updated to: 132
Received update: /ndn/al-site/al/svs_core/al=2, 1741701837309
Max suppression time updated to: 132
Received update: /ndn/ge-site/ge/svs_core/ge=2, 1741701837564
Received update: /ndn/il-site/il/svs_core/il=2, 1741701837564
Max suppression time updated to: 132
Received update: /ndn/fi-site/fi/svs_core/fi=2, 1741701837605
Received update: /ndn/de1-site/de1/svs_core/de1=2, 1741701837605
Max suppression time updated to: 135
Received update: /ndn/dk-site/dk/svs_core/dk=2, 1741701846867
Received update: /ndn/no-site/no/svs_core/no=2, 1741701846867
Received update: /ndn/se-site/se/svs_core/se=2, 1741701846867
Max suppression time updated to: 135
Received update: /ndn/mk-site/mk/svs_core/mk=2, 1741701846976
Max suppression time updated to: 132
Received update: /ndn/fr2-site/fr2/svs_core/fr2=2, 1741701847090
Max suppression time updated to: 132
Received update: /ndn/lu-site/lu/svs_core/lu=2, 1741701847380
Max suppression time updated to: 135
Received update: /ndn/lt-site/lt/svs_core/lt=2, 1741701848490
Received update: /ndn/lv-site/lv/svs_core/lv=2, 1741701848490
Max suppression time updated to: 132
Received update: /ndn/es-site/es/svs_core/es=2, 1741701848750
Received update: /ndn/ua-site/ua/svs_core/ua=2, 1741701848750
Max suppression time updated to: 132
Received update: /ndn/sk-site/sk/svs_core/sk=2, 1741701849072
Published sequence number: /ndn/hr-site/hr/svs_core/hr=2, 1741701851345
Sending Sync interest
Max suppression time updated to: 132
Received update: /ndn/bg-site/bg/svs_core/bg=2, 1741701851451
Received update: /ndn/it-site/it/svs_core/it=2, 1741701851451
Received update: /ndn/fr1-site/fr1/svs_core/fr1=2, 1741701851451
Max suppression time updated to: 132
Max suppression time updated to: 132
Received update: /ndn/ee-site/ee/svs_core/ee=3, 1741701857398
Received update: /ndn/gr-site/gr/svs_core/gr=2, 1741701857398
Received update: /ndn/md-site/md/svs_core/md=2, 1741701857398
Received update: /ndn/rs-site/rs/svs_core/rs=2, 1741701857398
Max suppression time updated to: 132
Max suppression time updated to: 132
Max suppression time updated to: 132
Received update: /ndn/nl-site/nl/svs_core/nl=3, 1741701860986
Received update: /ndn/uk-site/uk/svs_core/uk=2, 1741701860986
Max suppression time updated to: 132
Received update: /ndn/be-site/be/svs_core/be=2, 1741701861138
Received update: /ndn/pt-site/pt/svs_core/pt=3, 1741701861138
Max suppression time updated to: 132
Received update: /ndn/az-site/az/svs_core/az=3, 1741701865039
Received update: /ndn/pl-site/pl/svs_core/pl=3, 1741701865039
Received update: /ndn/tr-site/tr/svs_core/tr=3, 1741701865039
Max suppression time updated to: 132
Received update: /ndn/cy-site/cy/svs_core/cy=3, 1741701865340
Received update: /ndn/mt-site/mt/svs_core/mt=3, 1741701865340
Max suppression time updated to: 132
Received update: /ndn/at-site/at/svs_core/at=3, 1741701866977
Received update: /ndn/ro-site/ro/svs_core/ro=3, 1741701866977
Max suppression time updated to: 132
Received update: /ndn/cz-site/cz/svs_core/cz=3, 1741701868978
Max suppression time updated to: 132
Received update: /ndn/de2-site/de2/svs_core/de2=3, 1741701869053
Max suppression time updated to: 132
Max suppression time updated to: 132
Max suppression time updated to: 132
Received update: /ndn/hu-site/hu/svs_core/hu=3, 1741701879783
Received update: /ndn/me-site/me/svs_core/me=3, 1741701879783
Max suppression time updated to: 132
Received update: /ndn/am-site/am/svs_core/am=3, 1741701881049
Received update: /ndn/de1-site/de1/svs_core/de1=3, 1741701881049
Max suppression time updated to: 132
Received update: /ndn/dk-site/dk/svs_core/dk=3, 1741701881214
Received update: /ndn/ie-site/ie/svs_core/ie=3, 1741701881214
Received update: /ndn/is-site/is/svs_core/is=3, 1741701881214
Max suppression time updated to: 132
Max suppression time updated to: 132
Received update: /ndn/ge-site/ge/svs_core/ge=3, 1741701888086
Received update: /ndn/mk-site/mk/svs_core/mk=3, 1741701888086
Max suppression time updated to: 132
Received update: /ndn/ch-site/ch/svs_core/ch=3, 1741701888213
Received update: /ndn/fr2-site/fr2/svs_core/fr2=3, 1741701888213
Max suppression time updated to: 132
Received update: /ndn/si-site/si/svs_core/si=3, 1741701888465
Max suppression time updated to: 132
Received update: /ndn/by-site/by/svs_core/by=3, 1741701888465
Max suppression time updated to: 132
Received update: /ndn/fi-site/fi/svs_core/fi=3, 1741701888586
Received update: /ndn/lv-site/lv/svs_core/lv=3, 1741701888586
Max suppression time updated to: 129
Max suppression time updated to: 132
Max suppression time updated to: 132
Received update: /ndn/il-site/il/svs_core/il=3, 1741701888978
Received update: /ndn/se-site/se/svs_core/se=3, 1741701888978
Max suppression time updated to: 132
Received update: /ndn/bg-site/bg/svs_core/bg=3, 1741701893795
Max suppression time updated to: 132
Max suppression time updated to: 129
Published sequence number: /ndn/hr-site/hr/svs_core/hr=3, 1741701896346
Sending Sync interest
Max suppression time updated to: 132
Received update: /ndn/rs-site/rs/svs_core/rs=3, 1741701897684
Received update: /ndn/sk-site/sk/svs_core/sk=3, 1741701897684
Max suppression time updated to: 129
Received update: /ndn/lu-site/lu/svs_core/lu=3, 1741701897780
Sending Sync interest
Max suppression time updated to: 132
Received update: /ndn/it-site/it/svs_core/it=3, 1741701897849
Sending Sync interest
Max suppression time updated to: 132
Received update: /ndn/be-site/be/svs_core/be=3, 1741701898325
Received update: /ndn/lt-site/lt/svs_core/lt=3, 1741701898325
Received update: /ndn/no-site/no/svs_core/no=3, 1741701898325
Received update: /ndn/ua-site/ua/svs_core/ua=3, 1741701898325
Max suppression time updated to: 132
Received update: /ndn/al-site/al/svs_core/al=3, 1741701898359
Received update: /ndn/es-site/es/svs_core/es=3, 1741701898359
Received update: /ndn/fr1-site/fr1/svs_core/fr1=3, 1741701898359
Max suppression time updated to: 132
Max suppression time updated to: 132
Sending Sync interest
Max suppression time updated to: 132
Received update: /ndn/ee-site/ee/svs_core/ee=4, 1741701903365
Received update: /ndn/is-site/is/svs_core/is=4, 1741701903365
Received update: /ndn/md-site/md/svs_core/md=3, 1741701903365
Received update: /ndn/pt-site/pt/svs_core/pt=4, 1741701903365
Max suppression time updated to: 132
Received update: /ndn/cy-site/cy/svs_core/cy=4, 1741701905151
Received update: /ndn/pl-site/pl/svs_core/pl=4, 1741701905151
Received update: /ndn/uk-site/uk/svs_core/uk=3, 1741701905151
Max suppression time updated to: 132
Received update: /ndn/az-site/az/svs_core/az=4, 1741701908642
Received update: /ndn/nl-site/nl/svs_core/nl=4, 1741701908642
Max suppression time updated to: 132
Max suppression time updated to: 132
Received update: /ndn/gr-site/gr/svs_core/gr=3, 1741701908808
Received update: /ndn/ro-site/ro/svs_core/ro=4, 1741701908808
Max suppression time updated to: 132
Max suppression time updated to: 132
Received update: /ndn/tr-site/tr/svs_core/tr=4, 1741701909947
Max suppression time updated to: 132
Received update: /ndn/at-site/at/svs_core/at=4, 1741701911980
Max suppression time updated to: 135
Received update: /ndn/de2-site/de2/svs_core/de2=4, 1741701912399
Max suppression time updated to: 135
Received update: /ndn/am-site/am/svs_core/am=4, 1741701924820
Received update: /ndn/by-site/by/svs_core/by=4, 1741701924820
Received update: /ndn/ch-site/ch/svs_core/ch=4, 1741701924820
Received update: /ndn/cz-site/cz/svs_core/cz=4, 1741701924820
Received update: /ndn/fi-site/fi/svs_core/fi=4, 1741701924820
Received update: /ndn/hu-site/hu/svs_core/hu=4, 1741701924820
Received update: /ndn/me-site/me/svs_core/me=4, 1741701924820
Received update: /ndn/mt-site/mt/svs_core/mt=4, 1741701924820
Max suppression time updated to: 135
Received update: /ndn/si-site/si/svs_core/si=4, 1741701924968
Max suppression time updated to: 135
Received update: /ndn/dk-site/dk/svs_core/dk=4, 1741701925166
Max suppression time updated to: 135
Received update: /ndn/al-site/al/svs_core/al=4, 1741701927338
Max suppression time updated to: 135
Received update: /ndn/de1-site/de1/svs_core/de1=4, 1741701927468
Max suppression time updated to: 135
Received update: /ndn/se-site/se/svs_core/se=4, 1741701932518
Max suppression time updated to: 135
Received update: /ndn/ge-site/ge/svs_core/ge=4, 1741701932599
Received update: /ndn/il-site/il/svs_core/il=4, 1741701932599
Received update: /ndn/lv-site/lv/svs_core/lv=4, 1741701932599
Max suppression time updated to: 135
Received update: /ndn/ie-site/ie/svs_core/ie=4, 1741701932701
Max suppression time updated to: 135
Max suppression time updated to: 135
Received update: /ndn/fr2-site/fr2/svs_core/fr2=4, 1741701933110
Max suppression time updated to: 135
Max suppression time updated to: 135
Received update: /ndn/lu-site/lu/svs_core/lu=4, 1741701937314
Max suppression time updated to: 135
Received update: /ndn/mk-site/mk/svs_core/mk=4, 1741701937397
Max suppression time updated to: 135
Max suppression time updated to: 135
Received update: /ndn/ua-site/ua/svs_core/ua=4, 1741701937865
Max suppression time updated to: 132
Received update: /ndn/lt-site/lt/svs_core/lt=4, 1741701938464
Sending Sync interest
Max suppression time updated to: 132
Max suppression time updated to: 132
Max suppression time updated to: 132
Published sequence number: /ndn/hr-site/hr/svs_core/hr=4, 1741701941351
Sending Sync interest
Max suppression time updated to: 132
Received update: /ndn/be-site/be/svs_core/be=4, 1741701947528
Received update: /ndn/ee-site/ee/svs_core/ee=5, 1741701947528
Received update: /ndn/uk-site/uk/svs_core/uk=4, 1741701947528
Max suppression time updated to: 132
Received update: /ndn/es-site/es/svs_core/es=4, 1741701947540
Received update: /ndn/gr-site/gr/svs_core/gr=4, 1741701947540
Received update: /ndn/it-site/it/svs_core/it=4, 1741701947540
Received update: /ndn/fr1-site/fr1/svs_core/fr1=4, 1741701947540
Max suppression time updated to: 132
Received update: /ndn/rs-site/rs/svs_core/rs=4, 1741701947664
Received update: /ndn/sk-site/sk/svs_core/sk=4, 1741701947664
Max suppression time updated to: 132
Max suppression time updated to: 132
Received update: /ndn/is-site/is/svs_core/is=5, 1741701947917
Received update: /ndn/no-site/no/svs_core/no=4, 1741701947917
Sending Sync interest
Max suppression time updated to: 132
Received update: /ndn/bg-site/bg/svs_core/bg=4, 1741701948004
Max suppression time updated to: 132
Max suppression time updated to: 132
Max suppression time updated to: 132
Received update: /ndn/pt-site/pt/svs_core/pt=5, 1741701948870
Max suppression time updated to: 132
Received update: /ndn/md-site/md/svs_core/md=4, 1741701949053
Sending Sync interest
Max suppression time updated to: 135
Received update: /ndn/cy-site/cy/svs_core/cy=5, 1741701950012
Sending Sync interest
Max suppression time updated to: 135
Received update: /ndn/pl-site/pl/svs_core/pl=5, 1741701950220
Max suppression time updated to: 135
Max suppression time updated to: 135
Received update: /ndn/nl-site/nl/svs_core/nl=5, 1741701950994
Max suppression time updated to: 135
Received update: /ndn/az-site/az/svs_core/az=5, 1741701954566
Received update: /ndn/mt-site/mt/svs_core/mt=5, 1741701954566
Received update: /ndn/ro-site/ro/svs_core/ro=5, 1741701954566
Max suppression time updated to: 135
Max suppression time updated to: 135
Received update: /ndn/at-site/at/svs_core/at=5, 1741701956983
Max suppression time updated to: 135
Received update: /ndn/ch-site/ch/svs_core/ch=5, 1741701964320
Received update: /ndn/ie-site/ie/svs_core/ie=5, 1741701964320
Received update: /ndn/de2-site/de2/svs_core/de2=5, 1741701964320
Max suppression time updated to: 135
Received update: /ndn/tr-site/tr/svs_core/tr=5, 1741701964425
Max suppression time updated to: 135
Received update: /ndn/by-site/by/svs_core/by=5, 1741701969833
Received update: /ndn/cz-site/cz/svs_core/cz=5, 1741701969833
Received update: /ndn/hu-site/hu/svs_core/hu=5, 1741701969833
Max suppression time updated to: 135
Received update: /ndn/am-site/am/svs_core/am=5, 1741701969940
Max suppression time updated to: 135
Received update: /ndn/dk-site/dk/svs_core/dk=5, 1741701970234
Received update: /ndn/me-site/me/svs_core/me=5, 1741701970234
Received update: /ndn/si-site/si/svs_core/si=5, 1741701970234
Max suppression time updated to: 135
Received update: /ndn/al-site/al/svs_core/al=5, 1741701972390
Max suppression time updated to: 135
Received update: /ndn/ge-site/ge/svs_core/ge=5, 1741701978092
Received update: /ndn/mk-site/mk/svs_core/mk=5, 1741701978092
Received update: /ndn/de1-site/de1/svs_core/de1=5, 1741701978092
Max suppression time updated to: 135
Received update: /ndn/il-site/il/svs_core/il=5, 1741701978116
Received update: /ndn/fr2-site/fr2/svs_core/fr2=5, 1741701978116
Max suppression time updated to: 135
Received update: /ndn/fi-site/fi/svs_core/fi=5, 1741701978390
Received update: /ndn/se-site/se/svs_core/se=5, 1741701978390
Max suppression time updated to: 135
Max suppression time updated to: 135
Received update: /ndn/ua-site/ua/svs_core/ua=5, 1741701982868
Max suppression time updated to: 135
Received update: /ndn/bg-site/bg/svs_core/bg=5, 1741701983805
Sending Sync interest
Max suppression time updated to: 135
Received update: /ndn/es-site/es/svs_core/es=5, 1741701984094
Received update: /ndn/lu-site/lu/svs_core/lu=5, 1741701984094
Max suppression time updated to: 135
Received update: /ndn/lv-site/lv/svs_core/lv=5, 1741701984278
Received update: /ndn/sk-site/sk/svs_core/sk=5, 1741701984278
Max suppression time updated to: 135
Max suppression time updated to: 135
Received update: /ndn/it-site/it/svs_core/it=5, 1741701985685
Published sequence number: /ndn/hr-site/hr/svs_core/hr=5, 1741701986352
Sending Sync interest
Max suppression time updated to: 135
Received update: /ndn/md-site/md/svs_core/md=5, 1741701989124
Max suppression time updated to: 135
Received update: /ndn/be-site/be/svs_core/be=5, 1741701989402
Received update: /ndn/fr1-site/fr1/svs_core/fr1=5, 1741701989402
Max suppression time updated to: 135
Received update: /ndn/is-site/is/svs_core/is=6, 1741701991663
Max suppression time updated to: 135
Received update: /ndn/rs-site/rs/svs_core/rs=5, 1741701991763
Max suppression time updated to: 135
Max suppression time updated to: 135
Received update: /ndn/ee-site/ee/svs_core/ee=6, 1741701994130
Received update: /ndn/pl-site/pl/svs_core/pl=6, 1741701994130
Max suppression time updated to: 135
Received update: /ndn/gr-site/gr/svs_core/gr=5, 1741701994161
Max suppression time updated to: 135
Max suppression time updated to: 135
Received update: /ndn/pt-site/pt/svs_core/pt=6, 1741701994668
Received update: /ndn/uk-site/uk/svs_core/uk=5, 1741701994668
Max suppression time updated to: 135
Received update: /ndn/ro-site/ro/svs_core/ro=6, 1741701995670
Max suppression time updated to: 135
Received update: /ndn/at-site/at/svs_core/at=6, 1741702002105
Received update: /ndn/az-site/az/svs_core/az=6, 1741702002105
Received update: /ndn/lt-site/lt/svs_core/lt=5, 1741702002105
Received update: /ndn/nl-site/nl/svs_core/nl=6, 1741702002105
Received update: /ndn/tr-site/tr/svs_core/tr=6, 1741702002105
Max suppression time updated to: 135
Max suppression time updated to: 135
Received update: /ndn/ie-site/ie/svs_core/ie=6, 1741702002516
Received update: /ndn/mt-site/mt/svs_core/mt=6, 1741702002516
Received update: /ndn/no-site/no/svs_core/no=5, 1741702002516
Max suppression time updated to: 135
Max suppression time updated to: 135
Received update: /ndn/de2-site/de2/svs_core/de2=6, 1741702002653
Max suppression time updated to: 132
Max suppression time updated to: 132
Received update: /ndn/cz-site/cz/svs_core/cz=6, 1741702003937
Max suppression time updated to: 132
Received update: /ndn/by-site/by/svs_core/by=6, 1741702009536
Received update: /ndn/ch-site/ch/svs_core/ch=6, 1741702009536
Received update: /ndn/cy-site/cy/svs_core/cy=6, 1741702009536
Max suppression time updated to: 132
Received update: /ndn/am-site/am/svs_core/am=6, 1741702012975
Received update: /ndn/me-site/me/svs_core/me=6, 1741702012975
Max suppression time updated to: 132
Received update: /ndn/fi-site/fi/svs_core/fi=6, 1741702013135
Max suppression time updated to: 132
Received update: /ndn/ge-site/ge/svs_core/ge=6, 1741702016882
Received update: /ndn/de1-site/de1/svs_core/de1=6, 1741702016882
Max suppression time updated to: 132
Received update: /ndn/hu-site/hu/svs_core/hu=6, 1741702023092
Received update: /ndn/mk-site/mk/svs_core/mk=6, 1741702023092
Received update: /ndn/si-site/si/svs_core/si=6, 1741702023092
Max suppression time updated to: 132
Received update: /ndn/il-site/il/svs_core/il=6, 1741702023398
Received update: /ndn/lv-site/lv/svs_core/lv=6, 1741702023398
Published sequence number: /ndn/hr-site/hr/svs_core/hr=6, 1741702031357
Sending Sync interest
Max suppression time updated to: 132
Received update: /ndn/be-site/be/svs_core/be=6, 1741702032520
Received update: /ndn/dk-site/dk/svs_core/dk=6, 1741702032520
Received update: /ndn/lu-site/lu/svs_core/lu=6, 1741702032520
Received update: /ndn/no-site/no/svs_core/no=6, 1741702032520
Received update: /ndn/se-site/se/svs_core/se=6, 1741702032520
Received update: /ndn/ua-site/ua/svs_core/ua=6, 1741702032520
Sending Sync interest
Max suppression time updated to: 135
Received update: /ndn/it-site/it/svs_core/it=6, 1741702032851
Received update: /ndn/fr1-site/fr1/svs_core/fr1=6, 1741702032851
Sending Sync interest
Max suppression time updated to: 132
Received update: /ndn/bg-site/bg/svs_core/bg=6, 1741702033257
Received update: /ndn/es-site/es/svs_core/es=6, 1741702033257
Received update: /ndn/sk-site/sk/svs_core/sk=6, 1741702033257
Received update: /ndn/fr2-site/fr2/svs_core/fr2=6, 1741702033257
Max suppression time updated to: 135
Received update: /ndn/lt-site/lt/svs_core/lt=6, 1741702033440
Max suppression time updated to: 135
Received update: /ndn/gr-site/gr/svs_core/gr=6, 1741702036592
Received update: /ndn/is-site/is/svs_core/is=7, 1741702036592
Max suppression time updated to: 135
Received update: /ndn/rs-site/rs/svs_core/rs=6, 1741702036706
Max suppression time updated to: 135
Received update: /ndn/ee-site/ee/svs_core/ee=7, 1741702040819
Received update: /ndn/ro-site/ro/svs_core/ro=7, 1741702040819
Received update: /ndn/uk-site/uk/svs_core/uk=6, 1741702040819
Max suppression time updated to: 135
Received update: /ndn/pl-site/pl/svs_core/pl=7, 1741702040962
Sending Sync interest
Max suppression time updated to: 135
Received update: /ndn/nl-site/nl/svs_core/nl=7, 1741702041137
Max suppression time updated to: 135
Received update: /ndn/al-site/al/svs_core/al=6, 1741702041147
Sending Sync interest
Max suppression time updated to: 135
Sending Sync interest
Max suppression time updated to: 135
Received update: /ndn/at-site/at/svs_core/at=7, 1741702047099
Received update: /ndn/az-site/az/svs_core/az=7, 1741702047099
Received update: /ndn/cy-site/cy/svs_core/cy=7, 1741702047099
Max suppression time updated to: 135
Received update: /ndn/md-site/md/svs_core/md=6, 1741702047395
Received update: /ndn/tr-site/tr/svs_core/tr=7, 1741702047395
Received update: /ndn/de2-site/de2/svs_core/de2=7, 1741702047395
Max suppression time updated to: 135
Received update: /ndn/cz-site/cz/svs_core/cz=7, 1741702048939
Max suppression time updated to: 135
Received update: /ndn/by-site/by/svs_core/by=7, 1741702054471
Received update: /ndn/ch-site/ch/svs_core/ch=7, 1741702054471
Max suppression time updated to: 135
Received update: /ndn/mt-site/mt/svs_core/mt=7, 1741702054681
Max suppression time updated to: 135
Received update: /ndn/am-site/am/svs_core/am=7, 1741702061872
Received update: /ndn/dk-site/dk/svs_core/dk=7, 1741702061872
Received update: /ndn/fi-site/fi/svs_core/fi=7, 1741702061872
Received update: /ndn/ge-site/ge/svs_core/ge=7, 1741702061872
Received update: /ndn/de1-site/de1/svs_core/de1=7, 1741702061872
Max suppression time updated to: 135
Received update: /ndn/hu-site/hu/svs_core/hu=7, 1741702061976
Max suppression time updated to: 135
Received update: /ndn/al-site/al/svs_core/al=7, 1741702062716
Received update: /ndn/il-site/il/svs_core/il=7, 1741702062716
Max suppression time updated to: 135
Received update: /ndn/me-site/me/svs_core/me=7, 1741702068121
Received update: /ndn/si-site/si/svs_core/si=7, 1741702068121
Received update: /ndn/fr2-site/fr2/svs_core/fr2=7, 1741702068121
Max suppression time updated to: 135
Received update: /ndn/lu-site/lu/svs_core/lu=7, 1741702072602
Received update: /ndn/se-site/se/svs_core/se=7, 1741702072602
Max suppression time updated to: 135
Received update: /ndn/bg-site/bg/svs_core/bg=7, 1741702073921
Received update: /ndn/mk-site/mk/svs_core/mk=7, 1741702073921
Sending Sync interest
Published sequence number: /ndn/hr-site/hr/svs_core/hr=7, 1741702076361
Sending Sync interest
Max suppression time updated to: 135
Received update: /ndn/it-site/it/svs_core/it=7, 1741702076549
Max suppression time updated to: 135
Received update: /ndn/es-site/es/svs_core/es=7, 1741702076626
Received update: /ndn/no-site/no/svs_core/no=7, 1741702076626
Received update: /ndn/sk-site/sk/svs_core/sk=7, 1741702076626
Received update: /ndn/fr1-site/fr1/svs_core/fr1=7, 1741702076626
Max suppression time updated to: 135
Max suppression time updated to: 135
Max suppression time updated to: 135
Received update: /ndn/be-site/be/svs_core/be=7, 1741702079103
Received update: /ndn/lt-site/lt/svs_core/lt=7, 1741702079103
Received update: /ndn/lv-site/lv/svs_core/lv=7, 1741702079103
Received update: /ndn/md-site/md/svs_core/md=7, 1741702079103
Received update: /ndn/pt-site/pt/svs_core/pt=7, 1741702079103
Max suppression time updated to: 135
Received update: /ndn/rs-site/rs/svs_core/rs=7, 1741702079164
Max suppression time updated to: 135
Received update: /ndn/ie-site/ie/svs_core/ie=7, 1741702081690
Received update: /ndn/is-site/is/svs_core/is=8, 1741702081690
Max suppression time updated to: 135
Received update: /ndn/ua-site/ua/svs_core/ua=7, 1741702081743
Max suppression time updated to: 135
Received update: /ndn/pl-site/pl/svs_core/pl=8, 1741702085816
Received update: /ndn/ro-site/ro/svs_core/ro=8, 1741702085816
Max suppression time updated to: 135
Max suppression time updated to: 135
Received update: /ndn/cy-site/cy/svs_core/cy=8, 1741702086265
Received update: /ndn/gr-site/gr/svs_core/gr=7, 1741702086265
Received update: /ndn/nl-site/nl/svs_core/nl=8, 1741702086265
Received update: /ndn/pt-site/pt/svs_core/pt=8, 1741702086265
Received update: /ndn/uk-site/uk/svs_core/uk=7, 1741702086265
Max suppression time updated to: 135
Max suppression time updated to: 135
Received update: /ndn/at-site/at/svs_core/at=8, 1741702091987
Max suppression time updated to: 135
Received update: /ndn/az-site/az/svs_core/az=8, 1741702092160
Max suppression time updated to: 135
Received update: /ndn/cz-site/cz/svs_core/cz=8, 1741702093944
Received update: /ndn/ee-site/ee/svs_core/ee=8, 1741702093944
Max suppression time updated to: 135
Received update: /ndn/ie-site/ie/svs_core/ie=8, 1741702094136
Max suppression time updated to: 135
Received update: /ndn/mt-site/mt/svs_core/mt=8, 1741702094222
Received update: /ndn/de2-site/de2/svs_core/de2=8, 1741702094222
Max suppression time updated to: 135
Received update: /ndn/tr-site/tr/svs_core/tr=8, 1741702094328
Max suppression time updated to: 135
Max suppression time updated to: 135
Max suppression time updated to: 135
Max suppression time updated to: 135
Received update: /ndn/by-site/by/svs_core/by=8, 1741702106279
Received update: /ndn/ch-site/ch/svs_core/ch=8, 1741702106279
Received update: /ndn/fi-site/fi/svs_core/fi=8, 1741702106279
Received update: /ndn/hu-site/hu/svs_core/hu=8, 1741702106279
Received update: /ndn/me-site/me/svs_core/me=8, 1741702106279
Received update: /ndn/de1-site/de1/svs_core/de1=8, 1741702106279
Max suppression time updated to: 135
Received update: /ndn/ge-site/ge/svs_core/ge=8, 1741702106755
Max suppression time updated to: 135
Received update: /ndn/am-site/am/svs_core/am=8, 1741702118870
Received update: /ndn/bg-site/bg/svs_core/bg=8, 1741702118870
Received update: /ndn/dk-site/dk/svs_core/dk=8, 1741702118870
Received update: /ndn/il-site/il/svs_core/il=8, 1741702118870
Received update: /ndn/se-site/se/svs_core/se=8, 1741702118870
Max suppression time updated to: 135
Max suppression time updated to: 135
Received update: /ndn/mk-site/mk/svs_core/mk=8, 1741702118981
Max suppression time updated to: 135
Received update: /ndn/fr2-site/fr2/svs_core/fr2=8, 1741702119085
Max suppression time updated to: 135
Max suppression time updated to: 135
Max suppression time updated to: 135
Received update: /ndn/ua-site/ua/svs_core/ua=8, 1741702119170
Max suppression time updated to: 135
Received update: /ndn/lu-site/lu/svs_core/lu=8, 1741702119274
Max suppression time updated to: 135
Received update: /ndn/es-site/es/svs_core/es=8, 1741702119626
Received update: /ndn/lv-site/lv/svs_core/lv=8, 1741702119626
Received update: /ndn/si-site/si/svs_core/si=8, 1741702119626
Received update: /ndn/sk-site/sk/svs_core/sk=8, 1741702119626
Received update: /ndn/fr1-site/fr1/svs_core/fr1=8, 1741702119626
Published sequence number: /ndn/hr-site/hr/svs_core/hr=8, 1741702121364
Sending Sync interest
Max suppression time updated to: 135
Received update: /ndn/md-site/md/svs_core/md=8, 1741702124008
Max suppression time updated to: 135
Max suppression time updated to: 135
Max suppression time updated to: 135
Max suppression time updated to: 135
Max suppression time updated to: 135
Received update: /ndn/al-site/al/svs_core/al=8, 1741702126810
Received update: /ndn/be-site/be/svs_core/be=8, 1741702126810
Received update: /ndn/is-site/is/svs_core/is=9, 1741702126810
Received update: /ndn/it-site/it/svs_core/it=8, 1741702126810
Received update: /ndn/rs-site/rs/svs_core/rs=8, 1741702126810
Max suppression time updated to: 135
Max suppression time updated to: 135
Received update: /ndn/uk-site/uk/svs_core/uk=8, 1741702126883
Max suppression time updated to: 135
Max suppression time updated to: 135
Max suppression time updated to: 135
Received update: /ndn/ee-site/ee/svs_core/ee=9, 1741702127342
Max suppression time updated to: 135
Received update: /ndn/az-site/az/svs_core/az=9, 1741702133530
Received update: /ndn/gr-site/gr/svs_core/gr=8, 1741702133530
Received update: /ndn/nl-site/nl/svs_core/nl=9, 1741702133530
Received update: /ndn/no-site/no/svs_core/no=8, 1741702133530
Received update: /ndn/pl-site/pl/svs_core/pl=9, 1741702133530
Max suppression time updated to: 135
Received update: /ndn/tr-site/tr/svs_core/tr=9, 1741702135061
Max suppression time updated to: 135
Received update: /ndn/ro-site/ro/svs_core/ro=9, 1741702135174
Max suppression time updated to: 135
Max suppression time updated to: 135
Received update: /ndn/at-site/at/svs_core/at=9, 1741702136990
Received update: /ndn/cy-site/cy/svs_core/cy=9, 1741702136990
Received update: /ndn/pt-site/pt/svs_core/pt=9, 1741702136990
Max suppression time updated to: 135
Received update: /ndn/fi-site/fi/svs_core/fi=9, 1741702139646
Received update: /ndn/ie-site/ie/svs_core/ie=9, 1741702139646
Received update: /ndn/de2-site/de2/svs_core/de2=9, 1741702139646
Max suppression time updated to: 135
Max suppression time updated to: 135
Max suppression time updated to: 135
Received update: /ndn/mt-site/mt/svs_core/mt=9, 1741702139772
Max suppression time updated to: 135
Received update: /ndn/cz-site/cz/svs_core/cz=9, 1741702139890
Max suppression time updated to: 135
Received update: /ndn/ch-site/ch/svs_core/ch=9, 1741702144338
Max suppression time updated to: 135
Received update: /ndn/am-site/am/svs_core/am=9, 1741702146727
Received update: /ndn/by-site/by/svs_core/by=9, 1741702146727
Received update: /ndn/lt-site/lt/svs_core/lt=8, 1741702146727
Max suppression time updated to: 135
Received update: /ndn/hu-site/hu/svs_core/hu=9, 1741702149705
Received update: /ndn/me-site/me/svs_core/me=9, 1741702149705
Max suppression time updated to: 135
Received update: /ndn/dk-site/dk/svs_core/dk=9, 1741702152590
Received update: /ndn/il-site/il/svs_core/il=9, 1741702152590
Received update: /ndn/si-site/si/svs_core/si=9, 1741702152590
Received update: /ndn/de1-site/de1/svs_core/de1=9, 1741702152590
Max suppression time updated to: 135
Received update: /ndn/fr2-site/fr2/svs_core/fr2=9, 1741702158178
Max suppression time updated to: 135
Received update: /ndn/al-site/al/svs_core/al=9, 1741702158775
Received update: /ndn/ge-site/ge/svs_core/ge=9, 1741702158775
Received update: /ndn/lv-site/lv/svs_core/lv=9, 1741702158775
Published sequence number: /ndn/hr-site/hr/svs_core/hr=9, 1741702166365
Sending Sync interest
Max suppression time updated to: 135
Received update: /ndn/rs-site/rs/svs_core/rs=9, 1741702167830
Received update: /ndn/se-site/se/svs_core/se=9, 1741702167830
Received update: /ndn/sk-site/sk/svs_core/sk=9, 1741702167830
Max suppression time updated to: 135
Received update: /ndn/mk-site/mk/svs_core/mk=9, 1741702167941
Received update: /ndn/ua-site/ua/svs_core/ua=9, 1741702167941
Max suppression time updated to: 135
Received update: /ndn/bg-site/bg/svs_core/bg=9, 1741702167952
Sending Sync interest
Max suppression time updated to: 135
Received update: /ndn/es-site/es/svs_core/es=9, 1741702168377
Received update: /ndn/it-site/it/svs_core/it=9, 1741702168377
Max suppression time updated to: 135
Received update: /ndn/lu-site/lu/svs_core/lu=9, 1741702168514
Sending Sync interest
Max suppression time updated to: 135
Received update: /ndn/fr1-site/fr1/svs_core/fr1=9, 1741702168522
Max suppression time updated to: 135
Received update: /ndn/be-site/be/svs_core/be=9, 1741702168589
Sending Sync interest
Max suppression time updated to: 135
Received update: /ndn/is-site/is/svs_core/is=10, 1741702171687
Max suppression time updated to: 135
Sending Sync interest
Max suppression time updated to: 135
Received update: /ndn/no-site/no/svs_core/no=9, 1741702172035
Max suppression time updated to: 135
Max suppression time updated to: 135
Received update: /ndn/ee-site/ee/svs_core/ee=10, 1741702172617
Received update: /ndn/md-site/md/svs_core/md=9, 1741702172617
Received update: /ndn/uk-site/uk/svs_core/uk=9, 1741702172617
Max suppression time updated to: 135
Received update: /ndn/az-site/az/svs_core/az=10, 1741702178534
Received update: /ndn/cy-site/cy/svs_core/cy=10, 1741702178534
Received update: /ndn/pt-site/pt/svs_core/pt=10, 1741702178534
Max suppression time updated to: 135
Received update: /ndn/at-site/at/svs_core/at=10, 1741702181997
Max suppression time updated to: 135
Received update: /ndn/nl-site/nl/svs_core/nl=10, 1741702182508
Received update: /ndn/ro-site/ro/svs_core/ro=10, 1741702182508
Received update: /ndn/tr-site/tr/svs_core/tr=10, 1741702182508
Received update: /ndn/de2-site/de2/svs_core/de2=10, 1741702182508
Max suppression time updated to: 135
Max suppression time updated to: 135
Received update: /ndn/ie-site/ie/svs_core/ie=10, 1741702183077
Received update: /ndn/lt-site/lt/svs_core/lt=9, 1741702183077
Received update: /ndn/mt-site/mt/svs_core/mt=10, 1741702183077
Max suppression time updated to: 135
Received update: /ndn/ch-site/ch/svs_core/ch=10, 1741702189780
Received update: /ndn/cz-site/cz/svs_core/cz=10, 1741702189780
Received update: /ndn/fi-site/fi/svs_core/fi=10, 1741702189780
Received update: /ndn/gr-site/gr/svs_core/gr=9, 1741702189780
Max suppression time updated to: 135
Received update: /ndn/am-site/am/svs_core/am=10, 1741702196761
Received update: /ndn/by-site/by/svs_core/by=10, 1741702196761
Received update: /ndn/dk-site/dk/svs_core/dk=10, 1741702196761
Received update: /ndn/ge-site/ge/svs_core/ge=10, 1741702196761
Received update: /ndn/hu-site/hu/svs_core/hu=10, 1741702196761
Received update: /ndn/me-site/me/svs_core/me=10, 1741702196761
Received update: /ndn/si-site/si/svs_core/si=10, 1741702196761
Max suppression time updated to: 135
Received update: /ndn/al-site/al/svs_core/al=10, 1741702197234
Max suppression time updated to: 135
Max suppression time updated to: 135
Sending Sync interest
Max suppression time updated to: 135
Max suppression time updated to: 135
Received update: /ndn/il-site/il/svs_core/il=10, 1741702197648
Received update: /ndn/de1-site/de1/svs_core/de1=10, 1741702197648
Max suppression time updated to: 135
Received update: /ndn/lv-site/lv/svs_core/lv=10, 1741702202591
Received update: /ndn/se-site/se/svs_core/se=10, 1741702202591
Max suppression time updated to: 135
Received update: /ndn/mk-site/mk/svs_core/mk=10, 1741702203226
Max suppression time updated to: 135
Received update: /ndn/pl-site/pl/svs_core/pl=10, 1741702205671
Max suppression time updated to: 135
Received update: /ndn/fr2-site/fr2/svs_core/fr2=10, 1741702205766
Sending Sync interest
Max suppression time updated to: 135
Max suppression time updated to: 135
Max suppression time updated to: 135
Received update: /ndn/es-site/es/svs_core/es=10, 1741702207179
Received update: /ndn/no-site/no/svs_core/no=10, 1741702207179
Max suppression time updated to: 135
Received update: /ndn/fr1-site/fr1/svs_core/fr1=10, 1741702209195
Max suppression time updated to: 135
Received update: /ndn/lu-site/lu/svs_core/lu=10, 1741702209289
Max suppression time updated to: 135
Published sequence number: /ndn/hr-site/hr/svs_core/hr=10, 1741702211371
Sending Sync interest
Max suppression time updated to: 138
Received update: /ndn/rs-site/rs/svs_core/rs=10, 1741702212725
Sending Sync interest
Max suppression time updated to: 138
Received update: /ndn/ua-site/ua/svs_core/ua=10, 1741702212892
Sending Sync interest
Max suppression time updated to: 138
Received update: /ndn/be-site/be/svs_core/be=10, 1741702213501
Received update: /ndn/sk-site/sk/svs_core/sk=10, 1741702213501
Max suppression time updated to: 138
Received update: /ndn/az-site/az/svs_core/az=11, 1741702223679
Received update: /ndn/nl-site/nl/svs_core/nl=11, 1741702223679
Max suppression time updated to: 138
Received update: /ndn/md-site/md/svs_core/md=10, 1741702223917
Received update: /ndn/ro-site/ro/svs_core/ro=11, 1741702223917
Max suppression time updated to: 138
Received update: /ndn/bg-site/bg/svs_core/bg=10, 1741702224427
Received update: /ndn/ee-site/ee/svs_core/ee=11, 1741702224427
Received update: /ndn/it-site/it/svs_core/it=10, 1741702224427
Received update: /ndn/mt-site/mt/svs_core/mt=11, 1741702224427
Received update: /ndn/pl-site/pl/svs_core/pl=11, 1741702224427
Max suppression time updated to: 138
Received update: /ndn/is-site/is/svs_core/is=11, 1741702224533
Max suppression time updated to: 138
Max suppression time updated to: 138
Received update: /ndn/gr-site/gr/svs_core/gr=10, 1741702224981
Received update: /ndn/pt-site/pt/svs_core/pt=11, 1741702224981
Received update: /ndn/uk-site/uk/svs_core/uk=10, 1741702224981
Max suppression time updated to: 138
Received update: /ndn/at-site/at/svs_core/at=11, 1741702226998
Max suppression time updated to: 138
Received update: /ndn/de2-site/de2/svs_core/de2=11, 1741702227402
Sending Sync interest
Max suppression time updated to: 138
Received update: /ndn/by-site/by/svs_core/by=11, 1741702232051
Received update: /ndn/cy-site/cy/svs_core/cy=11, 1741702232051
Received update: /ndn/cz-site/cz/svs_core/cz=11, 1741702232051
Received update: /ndn/ie-site/ie/svs_core/ie=11, 1741702232051
Max suppression time updated to: 138
Received update: /ndn/tr-site/tr/svs_core/tr=11, 1741702232061
Sending Sync interest
Max suppression time updated to: 138
Received update: /ndn/ch-site/ch/svs_core/ch=11, 1741702234357
Sending Sync interest
Max suppression time updated to: 138
Received update: /ndn/am-site/am/svs_core/am=11, 1741702241760
Received update: /ndn/ge-site/ge/svs_core/ge=11, 1741702241760
Max suppression time updated to: 138
Received update: /ndn/dk-site/dk/svs_core/dk=11, 1741702248107
Received update: /ndn/fi-site/fi/svs_core/fi=11, 1741702248107
Received update: /ndn/hu-site/hu/svs_core/hu=11, 1741702248107
Received update: /ndn/il-site/il/svs_core/il=11, 1741702248107
Received update: /ndn/me-site/me/svs_core/me=11, 1741702248107
Received update: /ndn/mk-site/mk/svs_core/mk=11, 1741702248107
Received update: /ndn/se-site/se/svs_core/se=11, 1741702248107
Received update: /ndn/si-site/si/svs_core/si=11, 1741702248107
Received update: /ndn/de1-site/de1/svs_core/de1=11, 1741702248107
Max suppression time updated to: 138
Received update: /ndn/al-site/al/svs_core/al=11, 1741702252348
Received update: /ndn/lu-site/lu/svs_core/lu=11, 1741702252348
Max suppression time updated to: 138
Received update: /ndn/fr2-site/fr2/svs_core/fr2=11, 1741702252531
Published sequence number: /ndn/hr-site/hr/svs_core/hr=11, 1741702256372
Sending Sync interest
Max suppression time updated to: 138
Received update: /ndn/lt-site/lt/svs_core/lt=10, 1741702256635
Received update: /ndn/lv-site/lv/svs_core/lv=11, 1741702256635
Received update: /ndn/ua-site/ua/svs_core/ua=11, 1741702256635
Max suppression time updated to: 138
Received update: /ndn/md-site/md/svs_core/md=11, 1741702259133
Received update: /ndn/rs-site/rs/svs_core/rs=11, 1741702259133
Received update: /ndn/sk-site/sk/svs_core/sk=11, 1741702259133
Max suppression time updated to: 138
Received update: /ndn/es-site/es/svs_core/es=11, 1741702259269
Max suppression time updated to: 138
Received update: /ndn/it-site/it/svs_core/it=11, 1741702259316
Received update: /ndn/fr1-site/fr1/svs_core/fr1=11, 1741702259316
Max suppression time updated to: 138
Received update: /ndn/ee-site/ee/svs_core/ee=12, 1741702262553
Received update: /ndn/lt-site/lt/svs_core/lt=11, 1741702262553
Received update: /ndn/no-site/no/svs_core/no=11, 1741702262553
Max suppression time updated to: 138
Received update: /ndn/be-site/be/svs_core/be=11, 1741702262644
Received update: /ndn/uk-site/uk/svs_core/uk=11, 1741702262644
Max suppression time updated to: 138
Received update: /ndn/bg-site/bg/svs_core/bg=11, 1741702262853
Max suppression time updated to: 138
Received update: /ndn/is-site/is/svs_core/is=12, 1741702262966
Max suppression time updated to: 138
Max suppression time updated to: 138
Received update: /ndn/pl-site/pl/svs_core/pl=12, 1741702264040
Max suppression time updated to: 138
Received update: /ndn/nl-site/nl/svs_core/nl=12, 1741702266018
Max suppression time updated to: 138
Max suppression time updated to: 138
Max suppression time updated to: 138
Received update: /ndn/az-site/az/svs_core/az=12, 1741702268545
Received update: /ndn/ro-site/ro/svs_core/ro=12, 1741702268545
Max suppression time updated to: 138
Received update: /ndn/ie-site/ie/svs_core/ie=12, 1741702269892
Max suppression time updated to: 138
Received update: /ndn/gr-site/gr/svs_core/gr=11, 1741702270027
Max suppression time updated to: 138
Received update: /ndn/cy-site/cy/svs_core/cy=12, 1741702270037
Max suppression time updated to: 138
Received update: /ndn/mt-site/mt/svs_core/mt=12, 1741702270038
Received update: /ndn/tr-site/tr/svs_core/tr=12, 1741702270038
Max suppression time updated to: 138
Received update: /ndn/at-site/at/svs_core/at=12, 1741702272005
Max suppression time updated to: 138
Received update: /ndn/cz-site/cz/svs_core/cz=12, 1741702274056
Received update: /ndn/de2-site/de2/svs_core/de2=12, 1741702274056
Max suppression time updated to: 138
Max suppression time updated to: 138
Max suppression time updated to: 138
Sending Sync interest
Max suppression time updated to: 138
Max suppression time updated to: 138
Received update: /ndn/by-site/by/svs_core/by=12, 1741702282899
Received update: /ndn/me-site/me/svs_core/me=12, 1741702282899
Max suppression time updated to: 138
Received update: /ndn/am-site/am/svs_core/am=12, 1741702283011
Received update: /ndn/ch-site/ch/svs_core/ch=12, 1741702283011
Max suppression time updated to: 138
Received update: /ndn/hu-site/hu/svs_core/hu=12, 1741702284720
Max suppression time updated to: 138
Received update: /ndn/ge-site/ge/svs_core/ge=12, 1741702286767
Max suppression time updated to: 138
Received update: /ndn/fi-site/fi/svs_core/fi=12, 1741702297134
Received update: /ndn/no-site/no/svs_core/no=12, 1741702297134
Received update: /ndn/pt-site/pt/svs_core/pt=12, 1741702297134
Received update: /ndn/se-site/se/svs_core/se=12, 1741702297134
Received update: /ndn/si-site/si/svs_core/si=12, 1741702297134
Max suppression time updated to: 138
Received update: /ndn/fr2-site/fr2/svs_core/fr2=12, 1741702297187
Max suppression time updated to: 138
Received update: /ndn/dk-site/dk/svs_core/dk=12, 1741702297188
Received update: /ndn/de1-site/de1/svs_core/de1=12, 1741702297188
Max suppression time updated to: 138
Max suppression time updated to: 138
Received update: /ndn/mk-site/mk/svs_core/mk=12, 1741702297296
Max suppression time updated to: 138
Received update: /ndn/lu-site/lu/svs_core/lu=12, 1741702297342
Max suppression time updated to: 138
Received update: /ndn/lv-site/lv/svs_core/lv=12, 1741702297564
Max suppression time updated to: 141
Max suppression time updated to: 138
Max suppression time updated to: 138
Max suppression time updated to: 138
Received update: /ndn/al-site/al/svs_core/al=12, 1741702298994
Received update: /ndn/bg-site/bg/svs_core/bg=12, 1741702298994
Received update: /ndn/es-site/es/svs_core/es=12, 1741702298994
Received update: /ndn/il-site/il/svs_core/il=12, 1741702298994
Max suppression time updated to: 138
Received update: /ndn/fr1-site/fr1/svs_core/fr1=12, 1741702299201
Max suppression time updated to: 138
Received update: /ndn/sk-site/sk/svs_core/sk=12, 1741702299293
Received update: /ndn/ua-site/ua/svs_core/ua=12, 1741702299293
Published sequence number: /ndn/hr-site/hr/svs_core/hr=12, 1741702301376
Sending Sync interest
Max suppression time updated to: 138
Received update: /ndn/be-site/be/svs_core/be=12, 1741702306824
Received update: /ndn/is-site/is/svs_core/is=13, 1741702306824
Received update: /ndn/lt-site/lt/svs_core/lt=12, 1741702306824
Received update: /ndn/rs-site/rs/svs_core/rs=12, 1741702306824
Max suppression time updated to: 138
Received update: /ndn/cy-site/cy/svs_core/cy=13, 1741702313460
Received update: /ndn/ee-site/ee/svs_core/ee=13, 1741702313460
Received update: /ndn/gr-site/gr/svs_core/gr=12, 1741702313460
Received update: /ndn/it-site/it/svs_core/it=12, 1741702313460
Received update: /ndn/md-site/md/svs_core/md=12, 1741702313460
Received update: /ndn/nl-site/nl/svs_core/nl=13, 1741702313460
Received update: /ndn/pl-site/pl/svs_core/pl=13, 1741702313460
Received update: /ndn/pt-site/pt/svs_core/pt=13, 1741702313460
Received update: /ndn/ro-site/ro/svs_core/ro=13, 1741702313460
Received update: /ndn/uk-site/uk/svs_core/uk=12, 1741702313460
Max suppression time updated to: 138
Received update: /ndn/tr-site/tr/svs_core/tr=13, 1741702314951
Max suppression time updated to: 138
Received update: /ndn/az-site/az/svs_core/az=13, 1741702315035
Max suppression time updated to: 138
Received update: /ndn/at-site/at/svs_core/at=13, 1741702317003
Max suppression time updated to: 138
Received update: /ndn/by-site/by/svs_core/by=13, 1741702322011
Received update: /ndn/mt-site/mt/svs_core/mt=13, 1741702322011
Received update: /ndn/de2-site/de2/svs_core/de2=13, 1741702322011
Sending Sync interest
Max suppression time updated to: 138
Received update: /ndn/ch-site/ch/svs_core/ch=13, 1741702324592
Max suppression time updated to: 138
Received update: /ndn/cz-site/cz/svs_core/cz=13, 1741702324753
Max suppression time updated to: 138
Received update: /ndn/am-site/am/svs_core/am=13, 1741702326606
Received update: /ndn/ie-site/ie/svs_core/ie=13, 1741702326606
Max suppression time updated to: 138
Received update: /ndn/dk-site/dk/svs_core/dk=13, 1741702330413
Received update: /ndn/hu-site/hu/svs_core/hu=13, 1741702330413
Received update: /ndn/si-site/si/svs_core/si=13, 1741702330413
Max suppression time updated to: 138
Received update: /ndn/fi-site/fi/svs_core/fi=13, 1741702332236
Received update: /ndn/ge-site/ge/svs_core/ge=13, 1741702332236
Received update: /ndn/de1-site/de1/svs_core/de1=13, 1741702332236
Max suppression time updated to: 138
Received update: /ndn/mk-site/mk/svs_core/mk=13, 1741702338116
Max suppression time updated to: 138
Received update: /ndn/il-site/il/svs_core/il=13, 1741702338583
Received update: /ndn/me-site/me/svs_core/me=13, 1741702338583
Received update: /ndn/fr2-site/fr2/svs_core/fr2=13, 1741702338583
Max suppression time updated to: 138
Received update: /ndn/al-site/al/svs_core/al=13, 1741702338607
Max suppression time updated to: 138
Received update: /ndn/lu-site/lu/svs_core/lu=13, 1741702342346
Received update: /ndn/lv-site/lv/svs_core/lv=13, 1741702342346
Max suppression time updated to: 138
Received update: /ndn/sk-site/sk/svs_core/sk=13, 1741702344020
Max suppression time updated to: 138
Received update: /ndn/ua-site/ua/svs_core/ua=13, 1741702344179
Max suppression time updated to: 138
Received update: /ndn/se-site/se/svs_core/se=13, 1741702344340
Received update: /ndn/fr1-site/fr1/svs_core/fr1=13, 1741702344340
Max suppression time updated to: 138
Received update: /ndn/bg-site/bg/svs_core/bg=13, 1741702344545
Received update: /ndn/es-site/es/svs_core/es=13, 1741702344545
Max suppression time updated to: 138
Max suppression time updated to: 138
Received update: /ndn/it-site/it/svs_core/it=13, 1741702345636
Sending Sync interest
Max suppression time updated to: 138
Received update: /ndn/lt-site/lt/svs_core/lt=13, 1741702345860
Published sequence number: /ndn/hr-site/hr/svs_core/hr=13, 1741702346382
Sending Sync interest
Max suppression time updated to: 138
Received update: /ndn/is-site/is/svs_core/is=14, 1741702351840
Received update: /ndn/md-site/md/svs_core/md=13, 1741702351840
Max suppression time updated to: 138
Received update: /ndn/be-site/be/svs_core/be=13, 1741702352182
Received update: /ndn/gr-site/gr/svs_core/gr=13, 1741702352182
Received update: /ndn/no-site/no/svs_core/no=13, 1741702352182
Received update: /ndn/uk-site/uk/svs_core/uk=13, 1741702352182
Max suppression time updated to: 138
Received update: /ndn/cy-site/cy/svs_core/cy=14, 1741702355194
Received update: /ndn/ee-site/ee/svs_core/ee=14, 1741702355194
Max suppression time updated to: 138
Received update: /ndn/pl-site/pl/svs_core/pl=14, 1741702355489
Received update: /ndn/rs-site/rs/svs_core/rs=13, 1741702355489
Max suppression time updated to: 138
Received update: /ndn/az-site/az/svs_core/az=14, 1741702358552
Received update: /ndn/nl-site/nl/svs_core/nl=14, 1741702358552
Received update: /ndn/pt-site/pt/svs_core/pt=14, 1741702358552
Max suppression time updated to: 138
Received update: /ndn/tr-site/tr/svs_core/tr=14, 1741702359957
Max suppression time updated to: 138
Received update: /ndn/at-site/at/svs_core/at=14, 1741702364199
Received update: /ndn/cz-site/cz/svs_core/cz=14, 1741702364199
Received update: /ndn/mt-site/mt/svs_core/mt=14, 1741702364199
Received update: /ndn/de2-site/de2/svs_core/de2=14, 1741702364199
Max suppression time updated to: 138
Received update: /ndn/ie-site/ie/svs_core/ie=14, 1741702364752
Received update: /ndn/ro-site/ro/svs_core/ro=14, 1741702364752
Max suppression time updated to: 141
Received update: /ndn/am-site/am/svs_core/am=14, 1741702372654
Max suppression time updated to: 141
Received update: /ndn/ch-site/ch/svs_core/ch=14, 1741702374732
Received update: /ndn/hu-site/hu/svs_core/hu=14, 1741702374732
Max suppression time updated to: 141
Received update: /ndn/me-site/me/svs_core/me=14, 1741702374892
Max suppression time updated to: 141
Received update: /ndn/al-site/al/svs_core/al=14, 1741702377727
Received update: /ndn/dk-site/dk/svs_core/dk=14, 1741702377727
Received update: /ndn/ge-site/ge/svs_core/ge=14, 1741702377727
Received update: /ndn/il-site/il/svs_core/il=14, 1741702377727
Received update: /ndn/de1-site/de1/svs_core/de1=14, 1741702377727
Max suppression time updated to: 141
Received update: /ndn/ua-site/ua/svs_core/ua=14, 1741702387903
Max suppression time updated to: 141
Received update: /ndn/lu-site/lu/svs_core/lu=14, 1741702388033
Received update: /ndn/si-site/si/svs_core/si=14, 1741702388033
Max suppression time updated to: 141
Received update: /ndn/es-site/es/svs_core/es=14, 1741702388310
Received update: /ndn/mk-site/mk/svs_core/mk=14, 1741702388310
Received update: /ndn/fr2-site/fr2/svs_core/fr2=14, 1741702388310
Max suppression time updated to: 141
Received update: /ndn/by-site/by/svs_core/by=14, 1741702388523
Max suppression time updated to: 141
Max suppression time updated to: 141
Max suppression time updated to: 141
Received update: /ndn/fi-site/fi/svs_core/fi=14, 1741702390792
Received update: /ndn/it-site/it/svs_core/it=14, 1741702390792
Received update: /ndn/no-site/no/svs_core/no=14, 1741702390792
Received update: /ndn/se-site/se/svs_core/se=14, 1741702390792
Received update: /ndn/sk-site/sk/svs_core/sk=14, 1741702390792
Received update: /ndn/fr1-site/fr1/svs_core/fr1=14, 1741702390792
Published sequence number: /ndn/hr-site/hr/svs_core/hr=14, 1741702391383
Sending Sync interest
Max suppression time updated to: 141
Received update: /ndn/be-site/be/svs_core/be=14, 1741702392544
Received update: /ndn/lt-site/lt/svs_core/lt=14, 1741702392544
Received update: /ndn/lv-site/lv/svs_core/lv=14, 1741702392544
Sending Sync interest
Max suppression time updated to: 141
Received update: /ndn/bg-site/bg/svs_core/bg=14, 1741702392763
Sending Sync interest
Max suppression time updated to: 141
Received update: /ndn/md-site/md/svs_core/md=14, 1741702394152
Max suppression time updated to: 141
Received update: /ndn/rs-site/rs/svs_core/rs=14, 1741702394324
Max suppression time updated to: 141
Max suppression time updated to: 141
Received update: /ndn/is-site/is/svs_core/is=15, 1741702396763
Max suppression time updated to: 141
Max suppression time updated to: 141
Max suppression time updated to: 141
Received update: /ndn/gr-site/gr/svs_core/gr=14, 1741702396952
Max suppression time updated to: 141
Received update: /ndn/ee-site/ee/svs_core/ee=15, 1741702398446
Received update: /ndn/pt-site/pt/svs_core/pt=15, 1741702398446
Received update: /ndn/uk-site/uk/svs_core/uk=14, 1741702398446
Max suppression time updated to: 141
Received update: /ndn/az-site/az/svs_core/az=15, 1741702403553
Received update: /ndn/nl-site/nl/svs_core/nl=15, 1741702403553
Max suppression time updated to: 141
Received update: /ndn/ro-site/ro/svs_core/ro=15, 1741702403691
Max suppression time updated to: 141
Received update: /ndn/at-site/at/svs_core/at=15, 1741702409209
Received update: /ndn/cz-site/cz/svs_core/cz=15, 1741702409209
Received update: /ndn/mt-site/mt/svs_core/mt=15, 1741702409209
Received update: /ndn/pl-site/pl/svs_core/pl=15, 1741702409209
Received update: /ndn/tr-site/tr/svs_core/tr=15, 1741702409209
Received update: /ndn/de2-site/de2/svs_core/de2=15, 1741702409209
Max suppression time updated to: 141
Max suppression time updated to: 144
Received update: /ndn/cy-site/cy/svs_core/cy=15, 1741702409300
Received update: /ndn/ie-site/ie/svs_core/ie=15, 1741702409300
Max suppression time updated to: 144
Received update: /ndn/by-site/by/svs_core/by=15, 1741702412144
Max suppression time updated to: 144
Max suppression time updated to: 144
Received update: /ndn/am-site/am/svs_core/am=15, 1741702417996
Received update: /ndn/ch-site/ch/svs_core/ch=15, 1741702417996
Received update: /ndn/me-site/me/svs_core/me=15, 1741702417996
Max suppression time updated to: 144
Max suppression time updated to: 144
Max suppression time updated to: 144
Received update: /ndn/hu-site/hu/svs_core/hu=15, 1741702419901
Received update: /ndn/si-site/si/svs_core/si=15, 1741702419901
Max suppression time updated to: 144
Received update: /ndn/de1-site/de1/svs_core/de1=15, 1741702421024
Max suppression time updated to: 144
Max suppression time updated to: 144
Max suppression time updated to: 144
Received update: /ndn/ge-site/ge/svs_core/ge=15, 1741702428221
Received update: /ndn/mk-site/mk/svs_core/mk=15, 1741702428221
Received update: /ndn/fr2-site/fr2/svs_core/fr2=15, 1741702428221
Max suppression time updated to: 144
Received update: /ndn/al-site/al/svs_core/al=15, 1741702428466
Received update: /ndn/dk-site/dk/svs_core/dk=15, 1741702428466
Received update: /ndn/fi-site/fi/svs_core/fi=15, 1741702428466
Received update: /ndn/il-site/il/svs_core/il=15, 1741702428466
Received update: /ndn/se-site/se/svs_core/se=15, 1741702428466
Max suppression time updated to: 144
Received update: /ndn/es-site/es/svs_core/es=15, 1741702432350
Received update: /ndn/lu-site/lu/svs_core/lu=15, 1741702432350
Max suppression time updated to: 144
Received update: /ndn/sk-site/sk/svs_core/sk=15, 1741702434113
Received update: /ndn/ua-site/ua/svs_core/ua=15, 1741702434113
Published sequence number: /ndn/hr-site/hr/svs_core/hr=15, 1741702436388
Sending Sync interest
Max suppression time updated to: 141
Received update: /ndn/be-site/be/svs_core/be=15, 1741702437542
Max suppression time updated to: 141
Received update: /ndn/bg-site/bg/svs_core/bg=15, 1741702437652
Sending Sync interest
Max suppression time updated to: 144
Received update: /ndn/ee-site/ee/svs_core/ee=16, 1741702442504
Received update: /ndn/it-site/it/svs_core/it=15, 1741702442504
Received update: /ndn/lt-site/lt/svs_core/lt=15, 1741702442504
Received update: /ndn/lv-site/lv/svs_core/lv=15, 1741702442504
Received update: /ndn/no-site/no/svs_core/no=15, 1741702442504
Received update: /ndn/fr1-site/fr1/svs_core/fr1=15, 1741702442504
Sending Sync interest
Max suppression time updated to: 144
Received update: /ndn/is-site/is/svs_core/is=16, 1741702442577
Sending Sync interest
Max suppression time updated to: 144
Received update: /ndn/md-site/md/svs_core/md=15, 1741702442816
Received update: /ndn/rs-site/rs/svs_core/rs=15, 1741702442816
Max suppression time updated to: 144
Received update: /ndn/gr-site/gr/svs_core/gr=15, 1741702442862
Max suppression time updated to: 144
Max suppression time updated to: 144
Max suppression time updated to: 144
Max suppression time updated to: 144
Received update: /ndn/pl-site/pl/svs_core/pl=16, 1741702444053
Max suppression time updated to: 144
Received update: /ndn/az-site/az/svs_core/az=16, 1741702448552
Received update: /ndn/cy-site/cy/svs_core/cy=16, 1741702448552
Received update: /ndn/nl-site/nl/svs_core/nl=16, 1741702448552
Received update: /ndn/ro-site/ro/svs_core/ro=16, 1741702448552
Received update: /ndn/uk-site/uk/svs_core/uk=15, 1741702448552
Max suppression time updated to: 144
Received update: /ndn/pt-site/pt/svs_core/pt=16, 1741702449960
Received update: /ndn/tr-site/tr/svs_core/tr=16, 1741702449960
Max suppression time updated to: 144
Received update: /ndn/at-site/at/svs_core/at=16, 1741702452015
Max suppression time updated to: 144
Received update: /ndn/de2-site/de2/svs_core/de2=16, 1741702452418
Max suppression time updated to: 144
Received update: /ndn/am-site/am/svs_core/am=16, 1741702465428
Received update: /ndn/ch-site/ch/svs_core/ch=16, 1741702465428
Received update: /ndn/cz-site/cz/svs_core/cz=16, 1741702465428
Received update: /ndn/dk-site/dk/svs_core/dk=16, 1741702465428
Received update: /ndn/fi-site/fi/svs_core/fi=16, 1741702465428
Received update: /ndn/ie-site/ie/svs_core/ie=16, 1741702465428
Received update: /ndn/mt-site/mt/svs_core/mt=16, 1741702465428
Max suppression time updated to: 144
Received update: /ndn/il-site/il/svs_core/il=16, 1741702467609
Sending Sync interest
Max suppression time updated to: 144
Max suppression time updated to: 144
Received update: /ndn/by-site/by/svs_core/by=16, 1741702467929
Received update: /ndn/ge-site/ge/svs_core/ge=16, 1741702467929
Received update: /ndn/hu-site/hu/svs_core/hu=16, 1741702467929
Max suppression time updated to: 144
Received update: /ndn/si-site/si/svs_core/si=16, 1741702467981
Max suppression time updated to: 141
Received update: /ndn/de1-site/de1/svs_core/de1=16, 1741702467993
Max suppression time updated to: 141
Max suppression time updated to: 141
Received update: /ndn/al-site/al/svs_core/al=16, 1741702473374
Received update: /ndn/mk-site/mk/svs_core/mk=16, 1741702473374
Received update: /ndn/fr2-site/fr2/svs_core/fr2=16, 1741702473374
Max suppression time updated to: 141
Received update: /ndn/ua-site/ua/svs_core/ua=16, 1741702477906
Max suppression time updated to: 141
Received update: /ndn/lu-site/lu/svs_core/lu=16, 1741702479413
Received update: /ndn/lv-site/lv/svs_core/lv=16, 1741702479413
Received update: /ndn/me-site/me/svs_core/me=16, 1741702479413
Received update: /ndn/fr1-site/fr1/svs_core/fr1=16, 1741702479413
Max suppression time updated to: 141
Received update: /ndn/bg-site/bg/svs_core/bg=16, 1741702479714
Max suppression time updated to: 141
Received update: /ndn/it-site/it/svs_core/it=16, 1741702480648
Max suppression time updated to: 141
Received update: /ndn/lt-site/lt/svs_core/lt=16, 1741702480670
Sending Sync interest
Max suppression time updated to: 141
Published sequence number: /ndn/hr-site/hr/svs_core/hr=16, 1741702481391
Sending Sync interest
Max suppression time updated to: 144
Received update: /ndn/be-site/be/svs_core/be=16, 1741702482796
Received update: /ndn/es-site/es/svs_core/es=16, 1741702482796
Received update: /ndn/rs-site/rs/svs_core/rs=16, 1741702482796
Max suppression time updated to: 141
Max suppression time updated to: 141
Received update: /ndn/sk-site/sk/svs_core/sk=16, 1741702482929
Sending Sync interest
Max suppression time updated to: 141
Sending Sync interest
Stopping SVS client: /ndn/hr-site/hr/svs_core/hr
