SVS client starting: /ndn/sk-site/sk/svs_core/sk
Max suppression time updated to: 162
Max suppression time updated to: 159
Max suppression time updated to: 138
Max suppression time updated to: 111
Max suppression time updated to: 114
Max suppression time updated to: 123
Max suppression time updated to: 120
Max suppression time updated to: 117
Max suppression time updated to: 114
Sending Sync interest
Max suppression time updated to: 114
Max suppression time updated to: 111
Max suppression time updated to: 114
Max suppression time updated to: 120
Max suppression time updated to: 129
Received update: /ndn/ee-site/ee/svs_core/ee=1, 1741701767335
Max suppression time updated to: 123
Received update: /ndn/pt-site/pt/svs_core/pt=1, 1741701768321
Max suppression time updated to: 126
Max suppression time updated to: 129
Received update: /ndn/cy-site/cy/svs_core/cy=1, 1741701770053
Received update: /ndn/is-site/is/svs_core/is=1, 1741701770053
Max suppression time updated to: 129
Max suppression time updated to: 129
Received update: /ndn/az-site/az/svs_core/az=1, 1741701773497
Max suppression time updated to: 123
Received update: /ndn/pl-site/pl/svs_core/pl=1, 1741701773585
Max suppression time updated to: 120
Received update: /ndn/ro-site/ro/svs_core/ro=1, 1741701773647
Max suppression time updated to: 120
Received update: /ndn/nl-site/nl/svs_core/nl=1, 1741701773777
Max suppression time updated to: 120
Max suppression time updated to: 114
Max suppression time updated to: 117
Received update: /ndn/mt-site/mt/svs_core/mt=1, 1741701774399
Max suppression time updated to: 117
Received update: /ndn/tr-site/tr/svs_core/tr=1, 1741701774909
Max suppression time updated to: 117
Received update: /ndn/at-site/at/svs_core/at=1, 1741701778917
Received update: /ndn/cz-site/cz/svs_core/cz=1, 1741701778917
Received update: /ndn/ie-site/ie/svs_core/ie=1, 1741701778917
Received update: /ndn/de2-site/de2/svs_core/de2=1, 1741701778917
Max suppression time updated to: 117
Received update: /ndn/me-site/me/svs_core/me=1, 1741701787841
Max suppression time updated to: 117
Received update: /ndn/am-site/am/svs_core/am=1, 1741701787951
Max suppression time updated to: 117
Received update: /ndn/fi-site/fi/svs_core/fi=1, 1741701787982
Max suppression time updated to: 117
Max suppression time updated to: 117
Received update: /ndn/ch-site/ch/svs_core/ch=1, 1741701788061
Max suppression time updated to: 117
Received update: /ndn/by-site/by/svs_core/by=1, 1741701788072
Max suppression time updated to: 114
Received update: /ndn/hu-site/hu/svs_core/hu=1, 1741701789656
Max suppression time updated to: 117
Received update: /ndn/dk-site/dk/svs_core/dk=1, 1741701790121
Max suppression time updated to: 114
Received update: /ndn/si-site/si/svs_core/si=1, 1741701790168
Max suppression time updated to: 117
Max suppression time updated to: 117
Max suppression time updated to: 114
Max suppression time updated to: 117
Received update: /ndn/de1-site/de1/svs_core/de1=1, 1741701790969
Max suppression time updated to: 117
Received update: /ndn/ge-site/ge/svs_core/ge=1, 1741701791738
Max suppression time updated to: 117
Received update: /ndn/il-site/il/svs_core/il=1, 1741701798225
Received update: /ndn/fr2-site/fr2/svs_core/fr2=1, 1741701798225
Max suppression time updated to: 117
Received update: /ndn/al-site/al/svs_core/al=1, 1741701800269
Received update: /ndn/es-site/es/svs_core/es=1, 1741701800269
Received update: /ndn/mk-site/mk/svs_core/mk=1, 1741701800269
Max suppression time updated to: 117
Received update: /ndn/lu-site/lu/svs_core/lu=1, 1741701802448
Received update: /ndn/lv-site/lv/svs_core/lv=1, 1741701802448
Max suppression time updated to: 120
Received update: /ndn/no-site/no/svs_core/no=1, 1741701802680
Received update: /ndn/se-site/se/svs_core/se=1, 1741701802680
Max suppression time updated to: 120
Published sequence number: /ndn/sk-site/sk/svs_core/sk=1, 1741701803931
Sending Sync interest
Max suppression time updated to: 123
Received update: /ndn/bg-site/bg/svs_core/bg=1, 1741701804023
Received update: /ndn/lt-site/lt/svs_core/lt=1, 1741701804023
Max suppression time updated to: 123
Received update: /ndn/ua-site/ua/svs_core/ua=1, 1741701804419
Received update: /ndn/fr1-site/fr1/svs_core/fr1=1, 1741701804419
Max suppression time updated to: 120
Received update: /ndn/md-site/md/svs_core/md=1, 1741701809067
Sending Sync interest
Max suppression time updated to: 123
Received update: /ndn/be-site/be/svs_core/be=1, 1741701809627
Received update: /ndn/rs-site/rs/svs_core/rs=1, 1741701809627
Max suppression time updated to: 123
Received update: /ndn/it-site/it/svs_core/it=1, 1741701809677
Max suppression time updated to: 123
Max suppression time updated to: 126
Received update: /ndn/gr-site/gr/svs_core/gr=1, 1741701809934
Max suppression time updated to: 123
Received update: /ndn/hr-site/hr/svs_core/hr=1, 1741701810012
Max suppression time updated to: 123
Received update: /ndn/at-site/at/svs_core/at=2, 1741701827283
Received update: /ndn/az-site/az/svs_core/az=2, 1741701827283
Received update: /ndn/by-site/by/svs_core/by=2, 1741701827283
Received update: /ndn/cz-site/cz/svs_core/cz=2, 1741701827283
Received update: /ndn/ee-site/ee/svs_core/ee=2, 1741701827283
Received update: /ndn/is-site/is/svs_core/is=2, 1741701827283
Received update: /ndn/mt-site/mt/svs_core/mt=2, 1741701827283
Received update: /ndn/nl-site/nl/svs_core/nl=2, 1741701827283
Received update: /ndn/pl-site/pl/svs_core/pl=2, 1741701827283
Received update: /ndn/ro-site/ro/svs_core/ro=2, 1741701827283
Received update: /ndn/tr-site/tr/svs_core/tr=2, 1741701827283
Received update: /ndn/de2-site/de2/svs_core/de2=2, 1741701827283
Max suppression time updated to: 123
Received update: /ndn/cy-site/cy/svs_core/cy=2, 1741701827538
Received update: /ndn/uk-site/uk/svs_core/uk=1, 1741701827538
Max suppression time updated to: 123
Received update: /ndn/ch-site/ch/svs_core/ch=2, 1741701834656
Received update: /ndn/hu-site/hu/svs_core/hu=2, 1741701834656
Received update: /ndn/ie-site/ie/svs_core/ie=2, 1741701834656
Received update: /ndn/pt-site/pt/svs_core/pt=2, 1741701834656
Max suppression time updated to: 123
Received update: /ndn/si-site/si/svs_core/si=2, 1741701834854
Sending Sync interest
Max suppression time updated to: 123
Sending Sync interest
Max suppression time updated to: 120
Received update: /ndn/me-site/me/svs_core/me=2, 1741701835139
Max suppression time updated to: 120
Received update: /ndn/am-site/am/svs_core/am=2, 1741701835302
Max suppression time updated to: 120
Received update: /ndn/al-site/al/svs_core/al=2, 1741701837308
Max suppression time updated to: 120
Received update: /ndn/fi-site/fi/svs_core/fi=2, 1741701837605
Received update: /ndn/ge-site/ge/svs_core/ge=2, 1741701837605
Received update: /ndn/il-site/il/svs_core/il=2, 1741701837605
Received update: /ndn/de1-site/de1/svs_core/de1=2, 1741701837605
Max suppression time updated to: 123
Received update: /ndn/dk-site/dk/svs_core/dk=2, 1741701846867
Received update: /ndn/no-site/no/svs_core/no=2, 1741701846867
Received update: /ndn/se-site/se/svs_core/se=2, 1741701846867
Max suppression time updated to: 123
Received update: /ndn/mk-site/mk/svs_core/mk=2, 1741701846995
Max suppression time updated to: 123
Received update: /ndn/lt-site/lt/svs_core/lt=2, 1741701848421
Received update: /ndn/lv-site/lv/svs_core/lv=2, 1741701848421
Max suppression time updated to: 123
Received update: /ndn/lu-site/lu/svs_core/lu=2, 1741701848456
Received update: /ndn/fr2-site/fr2/svs_core/fr2=2, 1741701848456
Published sequence number: /ndn/sk-site/sk/svs_core/sk=2, 1741701848938
Sending Sync interest
Max suppression time updated to: 123
Received update: /ndn/es-site/es/svs_core/es=2, 1741701849016
Max suppression time updated to: 126
Received update: /ndn/bg-site/bg/svs_core/bg=2, 1741701849218
Received update: /ndn/ua-site/ua/svs_core/ua=2, 1741701849218
Max suppression time updated to: 126
Received update: /ndn/gr-site/gr/svs_core/gr=2, 1741701854525
Received update: /ndn/hr-site/hr/svs_core/hr=2, 1741701854525
Received update: /ndn/it-site/it/svs_core/it=2, 1741701854525
Received update: /ndn/fr1-site/fr1/svs_core/fr1=2, 1741701854525
Max suppression time updated to: 123
Received update: /ndn/md-site/md/svs_core/md=2, 1741701854627
Max suppression time updated to: 123
Received update: /ndn/rs-site/rs/svs_core/rs=2, 1741701854741
Max suppression time updated to: 123
Received update: /ndn/ee-site/ee/svs_core/ee=3, 1741701857408
Max suppression time updated to: 123
Max suppression time updated to: 123
Max suppression time updated to: 123
Received update: /ndn/be-site/be/svs_core/be=2, 1741701861138
Received update: /ndn/nl-site/nl/svs_core/nl=3, 1741701861138
Received update: /ndn/pt-site/pt/svs_core/pt=3, 1741701861138
Received update: /ndn/uk-site/uk/svs_core/uk=2, 1741701861138
Max suppression time updated to: 123
Received update: /ndn/az-site/az/svs_core/az=3, 1741701865361
Received update: /ndn/cy-site/cy/svs_core/cy=3, 1741701865361
Received update: /ndn/mt-site/mt/svs_core/mt=3, 1741701865361
Received update: /ndn/pl-site/pl/svs_core/pl=3, 1741701865361
Received update: /ndn/tr-site/tr/svs_core/tr=3, 1741701865361
Max suppression time updated to: 123
Received update: /ndn/cz-site/cz/svs_core/cz=3, 1741701869052
Received update: /ndn/ro-site/ro/svs_core/ro=3, 1741701869052
Received update: /ndn/de2-site/de2/svs_core/de2=3, 1741701869052
Max suppression time updated to: 123
Max suppression time updated to: 123
Max suppression time updated to: 123
Received update: /ndn/me-site/me/svs_core/me=3, 1741701877848
Max suppression time updated to: 123
Received update: /ndn/at-site/at/svs_core/at=3, 1741701880966
Received update: /ndn/hu-site/hu/svs_core/hu=3, 1741701880966
Received update: /ndn/de1-site/de1/svs_core/de1=3, 1741701880966
Max suppression time updated to: 123
Received update: /ndn/am-site/am/svs_core/am=3, 1741701881214
Received update: /ndn/dk-site/dk/svs_core/dk=3, 1741701881214
Received update: /ndn/ie-site/ie/svs_core/ie=3, 1741701881214
Received update: /ndn/is-site/is/svs_core/is=3, 1741701881214
Max suppression time updated to: 123
Max suppression time updated to: 123
Max suppression time updated to: 123
Received update: /ndn/ch-site/ch/svs_core/ch=3, 1741701888214
Received update: /ndn/ge-site/ge/svs_core/ge=3, 1741701888214
Received update: /ndn/fr2-site/fr2/svs_core/fr2=3, 1741701888214
Max suppression time updated to: 123
Received update: /ndn/si-site/si/svs_core/si=3, 1741701888262
Max suppression time updated to: 123
Received update: /ndn/mk-site/mk/svs_core/mk=3, 1741701888440
Max suppression time updated to: 123
Received update: /ndn/by-site/by/svs_core/by=3, 1741701888586
Received update: /ndn/fi-site/fi/svs_core/fi=3, 1741701888586
Received update: /ndn/lv-site/lv/svs_core/lv=3, 1741701888586
Max suppression time updated to: 123
Received update: /ndn/il-site/il/svs_core/il=3, 1741701888588
Max suppression time updated to: 123
Max suppression time updated to: 123
Received update: /ndn/se-site/se/svs_core/se=3, 1741701888865
Sending Sync interest
Max suppression time updated to: 123
Received update: /ndn/bg-site/bg/svs_core/bg=3, 1741701893820
Published sequence number: /ndn/sk-site/sk/svs_core/sk=3, 1741701893939
Sending Sync interest
Max suppression time updated to: 123
Max suppression time updated to: 123
Received update: /ndn/lu-site/lu/svs_core/lu=3, 1741701894091
Max suppression time updated to: 123
Received update: /ndn/hr-site/hr/svs_core/hr=3, 1741701898200
Received update: /ndn/it-site/it/svs_core/it=3, 1741701898200
Received update: /ndn/no-site/no/svs_core/no=3, 1741701898200
Received update: /ndn/rs-site/rs/svs_core/rs=3, 1741701898200
Received update: /ndn/ua-site/ua/svs_core/ua=3, 1741701898200
Max suppression time updated to: 123
Received update: /ndn/be-site/be/svs_core/be=3, 1741701898288
Received update: /ndn/es-site/es/svs_core/es=3, 1741701898288
Received update: /ndn/fr1-site/fr1/svs_core/fr1=3, 1741701898288
Max suppression time updated to: 123
Received update: /ndn/al-site/al/svs_core/al=3, 1741701898511
Received update: /ndn/lt-site/lt/svs_core/lt=3, 1741701898511
Max suppression time updated to: 123
Received update: /ndn/md-site/md/svs_core/md=3, 1741701898981
Max suppression time updated to: 123
Received update: /ndn/ee-site/ee/svs_core/ee=4, 1741701902322
Received update: /ndn/is-site/is/svs_core/is=4, 1741701902322
Max suppression time updated to: 123
Received update: /ndn/pt-site/pt/svs_core/pt=4, 1741701903362
Max suppression time updated to: 123
Received update: /ndn/cy-site/cy/svs_core/cy=4, 1741701905151
Received update: /ndn/pl-site/pl/svs_core/pl=4, 1741701905151
Received update: /ndn/uk-site/uk/svs_core/uk=3, 1741701905151
Max suppression time updated to: 123
Received update: /ndn/az-site/az/svs_core/az=4, 1741701908641
Received update: /ndn/nl-site/nl/svs_core/nl=4, 1741701908641
Max suppression time updated to: 123
Received update: /ndn/at-site/at/svs_core/at=4, 1741701912006
Received update: /ndn/gr-site/gr/svs_core/gr=3, 1741701912006
Received update: /ndn/ro-site/ro/svs_core/ro=4, 1741701912006
Received update: /ndn/tr-site/tr/svs_core/tr=4, 1741701912006
Max suppression time updated to: 123
Received update: /ndn/cz-site/cz/svs_core/cz=4, 1741701913926
Max suppression time updated to: 123
Max suppression time updated to: 123
Received update: /ndn/mt-site/mt/svs_core/mt=4, 1741701914004
Received update: /ndn/de2-site/de2/svs_core/de2=4, 1741701914004
Max suppression time updated to: 123
Max suppression time updated to: 123
Received update: /ndn/by-site/by/svs_core/by=4, 1741701919317
Received update: /ndn/ch-site/ch/svs_core/ch=4, 1741701919317
Received update: /ndn/fi-site/fi/svs_core/fi=4, 1741701919317
Max suppression time updated to: 123
Received update: /ndn/me-site/me/svs_core/me=4, 1741701922854
Max suppression time updated to: 123
Received update: /ndn/hu-site/hu/svs_core/hu=4, 1741701924663
Max suppression time updated to: 123
Received update: /ndn/si-site/si/svs_core/si=4, 1741701924856
Max suppression time updated to: 123
Received update: /ndn/am-site/am/svs_core/am=4, 1741701925010
Max suppression time updated to: 123
Received update: /ndn/al-site/al/svs_core/al=4, 1741701927339
Received update: /ndn/dk-site/dk/svs_core/dk=4, 1741701927339
Max suppression time updated to: 123
Received update: /ndn/de1-site/de1/svs_core/de1=4, 1741701927470
Max suppression time updated to: 123
Received update: /ndn/ge-site/ge/svs_core/ge=4, 1741701927713
Received update: /ndn/il-site/il/svs_core/il=4, 1741701927713
Max suppression time updated to: 123
Received update: /ndn/lv-site/lv/svs_core/lv=4, 1741701932630
Received update: /ndn/se-site/se/svs_core/se=4, 1741701932630
Max suppression time updated to: 123
Max suppression time updated to: 123
Received update: /ndn/ie-site/ie/svs_core/ie=4, 1741701933184
Received update: /ndn/fr2-site/fr2/svs_core/fr2=4, 1741701933184
Max suppression time updated to: 123
Max suppression time updated to: 123
Max suppression time updated to: 123
Received update: /ndn/mk-site/mk/svs_core/mk=4, 1741701933268
Max suppression time updated to: 123
Received update: /ndn/lu-site/lu/svs_core/lu=4, 1741701937408
Max suppression time updated to: 123
Received update: /ndn/lt-site/lt/svs_core/lt=4, 1741701938464
Max suppression time updated to: 123
Received update: /ndn/ua-site/ua/svs_core/ua=4, 1741701938501
Max suppression time updated to: 123
Max suppression time updated to: 123
Published sequence number: /ndn/sk-site/sk/svs_core/sk=4, 1741701938942
Sending Sync interest
Max suppression time updated to: 123
Received update: /ndn/ee-site/ee/svs_core/ee=5, 1741701947407
Received update: /ndn/es-site/es/svs_core/es=4, 1741701947407
Max suppression time updated to: 123
Received update: /ndn/fr1-site/fr1/svs_core/fr1=4, 1741701947443
Max suppression time updated to: 123
Max suppression time updated to: 123
Received update: /ndn/rs-site/rs/svs_core/rs=4, 1741701947470
Sending Sync interest
Max suppression time updated to: 123
Received update: /ndn/be-site/be/svs_core/be=4, 1741701947528
Received update: /ndn/uk-site/uk/svs_core/uk=4, 1741701947528
Sending Sync interest
Max suppression time updated to: 123
Sending Sync interest
Max suppression time updated to: 123
Received update: /ndn/gr-site/gr/svs_core/gr=4, 1741701947899
Received update: /ndn/it-site/it/svs_core/it=4, 1741701947899
Received update: /ndn/no-site/no/svs_core/no=4, 1741701947899
Max suppression time updated to: 123
Max suppression time updated to: 123
Max suppression time updated to: 129
Received update: /ndn/bg-site/bg/svs_core/bg=4, 1741701948616
Received update: /ndn/hr-site/hr/svs_core/hr=4, 1741701948616
Received update: /ndn/is-site/is/svs_core/is=5, 1741701948616
Max suppression time updated to: 126
Max suppression time updated to: 126
Received update: /ndn/md-site/md/svs_core/md=4, 1741701949032
Max suppression time updated to: 126
Received update: /ndn/pl-site/pl/svs_core/pl=5, 1741701949123
Received update: /ndn/pt-site/pt/svs_core/pt=5, 1741701949123
Max suppression time updated to: 126
Max suppression time updated to: 126
Received update: /ndn/cy-site/cy/svs_core/cy=5, 1741701950041
Max suppression time updated to: 126
Max suppression time updated to: 129
Max suppression time updated to: 129
Received update: /ndn/ro-site/ro/svs_core/ro=5, 1741701950642
Max suppression time updated to: 129
Received update: /ndn/nl-site/nl/svs_core/nl=5, 1741701950995
Max suppression time updated to: 129
Max suppression time updated to: 129
Max suppression time updated to: 129
Received update: /ndn/az-site/az/svs_core/az=5, 1741701953515
Max suppression time updated to: 129
Max suppression time updated to: 126
Max suppression time updated to: 126
Received update: /ndn/mt-site/mt/svs_core/mt=5, 1741701954468
Max suppression time updated to: 126
Max suppression time updated to: 126
Received update: /ndn/at-site/at/svs_core/at=5, 1741701957007
Max suppression time updated to: 126
Received update: /ndn/by-site/by/svs_core/by=5, 1741701964611
Received update: /ndn/ch-site/ch/svs_core/ch=5, 1741701964611
Received update: /ndn/ie-site/ie/svs_core/ie=5, 1741701964611
Received update: /ndn/tr-site/tr/svs_core/tr=5, 1741701964611
Received update: /ndn/de2-site/de2/svs_core/de2=5, 1741701964611
Max suppression time updated to: 126
Received update: /ndn/cz-site/cz/svs_core/cz=5, 1741701969785
Received update: /ndn/hu-site/hu/svs_core/hu=5, 1741701969785
Max suppression time updated to: 126
Max suppression time updated to: 126
Received update: /ndn/si-site/si/svs_core/si=5, 1741701969851
Max suppression time updated to: 126
Received update: /ndn/am-site/am/svs_core/am=5, 1741701969941
Max suppression time updated to: 126
Received update: /ndn/me-site/me/svs_core/me=5, 1741701969951
Max suppression time updated to: 126
Received update: /ndn/dk-site/dk/svs_core/dk=5, 1741701970106
Max suppression time updated to: 126
Max suppression time updated to: 126
Max suppression time updated to: 126
Max suppression time updated to: 126
Max suppression time updated to: 126
Sending Sync interest
Max suppression time updated to: 126
Received update: /ndn/de1-site/de1/svs_core/de1=5, 1741701970975
Max suppression time updated to: 126
Received update: /ndn/al-site/al/svs_core/al=5, 1741701972219
Sending Sync interest
Max suppression time updated to: 126
Sending Sync interest
Max suppression time updated to: 126
Received update: /ndn/ge-site/ge/svs_core/ge=5, 1741701972525
Max suppression time updated to: 126
Max suppression time updated to: 126
Received update: /ndn/fi-site/fi/svs_core/fi=5, 1741701978281
Received update: /ndn/il-site/il/svs_core/il=5, 1741701978281
Received update: /ndn/mk-site/mk/svs_core/mk=5, 1741701978281
Received update: /ndn/fr2-site/fr2/svs_core/fr2=5, 1741701978281
Max suppression time updated to: 126
Received update: /ndn/se-site/se/svs_core/se=5, 1741701978534
Max suppression time updated to: 129
Received update: /ndn/es-site/es/svs_core/es=5, 1741701980269
Published sequence number: /ndn/sk-site/sk/svs_core/sk=5, 1741701983944
Sending Sync interest
Max suppression time updated to: 126
Received update: /ndn/bg-site/bg/svs_core/bg=5, 1741701983989
Received update: /ndn/ua-site/ua/svs_core/ua=5, 1741701983989
Max suppression time updated to: 126
Received update: /ndn/lu-site/lu/svs_core/lu=5, 1741701984254
Received update: /ndn/lv-site/lv/svs_core/lv=5, 1741701984254
Max suppression time updated to: 126
Max suppression time updated to: 126
Received update: /ndn/hr-site/hr/svs_core/hr=5, 1741701989124
Received update: /ndn/it-site/it/svs_core/it=5, 1741701989124
Received update: /ndn/md-site/md/svs_core/md=5, 1741701989124
Max suppression time updated to: 126
Received update: /ndn/rs-site/rs/svs_core/rs=5, 1741701989130
Max suppression time updated to: 129
Received update: /ndn/is-site/is/svs_core/is=6, 1741701991591
Received update: /ndn/fr1-site/fr1/svs_core/fr1=5, 1741701991591
Max suppression time updated to: 129
Received update: /ndn/be-site/be/svs_core/be=5, 1741701991706
Sending Sync interest
Max suppression time updated to: 129
Max suppression time updated to: 126
Received update: /ndn/pl-site/pl/svs_core/pl=6, 1741701994030
Max suppression time updated to: 126
Max suppression time updated to: 126
Received update: /ndn/ee-site/ee/svs_core/ee=6, 1741701994266
Received update: /ndn/gr-site/gr/svs_core/gr=5, 1741701994266
Max suppression time updated to: 129
Received update: /ndn/pt-site/pt/svs_core/pt=6, 1741701994669
Received update: /ndn/uk-site/uk/svs_core/uk=5, 1741701994669
Max suppression time updated to: 129
Received update: /ndn/ro-site/ro/svs_core/ro=6, 1741701995645
Max suppression time updated to: 129
Received update: /ndn/az-site/az/svs_core/az=6, 1741701999922
Received update: /ndn/lt-site/lt/svs_core/lt=5, 1741701999922
Received update: /ndn/nl-site/nl/svs_core/nl=6, 1741701999922
Received update: /ndn/tr-site/tr/svs_core/tr=6, 1741701999922
Max suppression time updated to: 129
Received update: /ndn/at-site/at/svs_core/at=6, 1741702002105
Max suppression time updated to: 126
Max suppression time updated to: 129
Received update: /ndn/ie-site/ie/svs_core/ie=6, 1741702002250
Max suppression time updated to: 129
Max suppression time updated to: 129
Received update: /ndn/no-site/no/svs_core/no=5, 1741702002410
Max suppression time updated to: 129
Received update: /ndn/mt-site/mt/svs_core/mt=6, 1741702002643
Max suppression time updated to: 129
Received update: /ndn/de2-site/de2/svs_core/de2=6, 1741702002652
Max suppression time updated to: 129
Max suppression time updated to: 129
Received update: /ndn/cz-site/cz/svs_core/cz=6, 1741702003937
Max suppression time updated to: 129
Received update: /ndn/by-site/by/svs_core/by=6, 1741702009536
Received update: /ndn/ch-site/ch/svs_core/ch=6, 1741702009536
Received update: /ndn/cy-site/cy/svs_core/cy=6, 1741702009536
Max suppression time updated to: 129
Received update: /ndn/hu-site/hu/svs_core/hu=6, 1741702014668
Received update: /ndn/me-site/me/svs_core/me=6, 1741702014668
Max suppression time updated to: 129
Received update: /ndn/am-site/am/svs_core/am=6, 1741702017158
Received update: /ndn/fi-site/fi/svs_core/fi=6, 1741702017158
Received update: /ndn/ge-site/ge/svs_core/ge=6, 1741702017158
Received update: /ndn/si-site/si/svs_core/si=6, 1741702017158
Received update: /ndn/de1-site/de1/svs_core/de1=6, 1741702017158
Max suppression time updated to: 129
Received update: /ndn/il-site/il/svs_core/il=6, 1741702022519
Received update: /ndn/lv-site/lv/svs_core/lv=6, 1741702022519
Max suppression time updated to: 129
Received update: /ndn/mk-site/mk/svs_core/mk=6, 1741702023228
Max suppression time updated to: 129
Received update: /ndn/dk-site/dk/svs_core/dk=6, 1741702023316
Received update: /ndn/se-site/se/svs_core/se=6, 1741702023316
Max suppression time updated to: 129
Published sequence number: /ndn/sk-site/sk/svs_core/sk=6, 1741702028947
Sending Sync interest
Max suppression time updated to: 129
Received update: /ndn/be-site/be/svs_core/be=6, 1741702032968
Received update: /ndn/es-site/es/svs_core/es=6, 1741702032968
Received update: /ndn/it-site/it/svs_core/it=6, 1741702032968
Received update: /ndn/lu-site/lu/svs_core/lu=6, 1741702032968
Received update: /ndn/no-site/no/svs_core/no=6, 1741702032968
Received update: /ndn/ua-site/ua/svs_core/ua=6, 1741702032968
Received update: /ndn/fr1-site/fr1/svs_core/fr1=6, 1741702032968
Received update: /ndn/fr2-site/fr2/svs_core/fr2=6, 1741702032968
Sending Sync interest
Max suppression time updated to: 129
Received update: /ndn/bg-site/bg/svs_core/bg=6, 1741702034697
Received update: /ndn/gr-site/gr/svs_core/gr=6, 1741702034697
Received update: /ndn/hr-site/hr/svs_core/hr=6, 1741702034697
Received update: /ndn/lt-site/lt/svs_core/lt=6, 1741702034697
Max suppression time updated to: 129
Received update: /ndn/rs-site/rs/svs_core/rs=6, 1741702034854
Max suppression time updated to: 129
Received update: /ndn/is-site/is/svs_core/is=7, 1741702036592
Max suppression time updated to: 129
Max suppression time updated to: 129
Received update: /ndn/ro-site/ro/svs_core/ro=7, 1741702040646
Sending Sync interest
Max suppression time updated to: 129
Received update: /ndn/uk-site/uk/svs_core/uk=6, 1741702040807
Max suppression time updated to: 129
Received update: /ndn/ee-site/ee/svs_core/ee=7, 1741702040819
Max suppression time updated to: 129
Max suppression time updated to: 129
Received update: /ndn/al-site/al/svs_core/al=6, 1741702041294
Received update: /ndn/nl-site/nl/svs_core/nl=7, 1741702041294
Received update: /ndn/pl-site/pl/svs_core/pl=7, 1741702041294
Max suppression time updated to: 129
Received update: /ndn/md-site/md/svs_core/md=6, 1741702041494
Max suppression time updated to: 129
Received update: /ndn/cy-site/cy/svs_core/cy=7, 1741702041528
Max suppression time updated to: 129
Received update: /ndn/at-site/at/svs_core/at=7, 1741702047100
Received update: /ndn/az-site/az/svs_core/az=7, 1741702047100
Max suppression time updated to: 129
Received update: /ndn/tr-site/tr/svs_core/tr=7, 1741702047215
Max suppression time updated to: 129
Max suppression time updated to: 129
Received update: /ndn/de2-site/de2/svs_core/de2=7, 1741702047395
Max suppression time updated to: 129
Received update: /ndn/am-site/am/svs_core/am=7, 1741702056593
Received update: /ndn/by-site/by/svs_core/by=7, 1741702056593
Received update: /ndn/ch-site/ch/svs_core/ch=7, 1741702056593
Received update: /ndn/cz-site/cz/svs_core/cz=7, 1741702056593
Received update: /ndn/mt-site/mt/svs_core/mt=7, 1741702056593
Max suppression time updated to: 129
Received update: /ndn/hu-site/hu/svs_core/hu=7, 1741702059684
Max suppression time updated to: 129
Received update: /ndn/dk-site/dk/svs_core/dk=7, 1741702061831
Received update: /ndn/fi-site/fi/svs_core/fi=7, 1741702061831
Received update: /ndn/ge-site/ge/svs_core/ge=7, 1741702061831
Max suppression time updated to: 129
Received update: /ndn/de1-site/de1/svs_core/de1=7, 1741702061834
Sending Sync interest
Max suppression time updated to: 129
Received update: /ndn/me-site/me/svs_core/me=7, 1741702061973
Max suppression time updated to: 129
Max suppression time updated to: 129
Received update: /ndn/al-site/al/svs_core/al=7, 1741702062899
Received update: /ndn/il-site/il/svs_core/il=7, 1741702062899
Max suppression time updated to: 129
Received update: /ndn/si-site/si/svs_core/si=7, 1741702063005
Max suppression time updated to: 129
Received update: /ndn/fr2-site/fr2/svs_core/fr2=7, 1741702068122
Max suppression time updated to: 129
Received update: /ndn/lu-site/lu/svs_core/lu=7, 1741702072601
Received update: /ndn/se-site/se/svs_core/se=7, 1741702072601
Published sequence number: /ndn/sk-site/sk/svs_core/sk=7, 1741702073948
Sending Sync interest
Max suppression time updated to: 132
Received update: /ndn/it-site/it/svs_core/it=7, 1741702075616
Max suppression time updated to: 132
Max suppression time updated to: 129
Max suppression time updated to: 132
Received update: /ndn/bg-site/bg/svs_core/bg=7, 1741702075840
Received update: /ndn/mk-site/mk/svs_core/mk=7, 1741702075840
Max suppression time updated to: 132
Max suppression time updated to: 132
Received update: /ndn/hr-site/hr/svs_core/hr=7, 1741702076574
Max suppression time updated to: 132
Received update: /ndn/es-site/es/svs_core/es=7, 1741702076617
Received update: /ndn/no-site/no/svs_core/no=7, 1741702076617
Received update: /ndn/fr1-site/fr1/svs_core/fr1=7, 1741702076617
Max suppression time updated to: 132
Max suppression time updated to: 132
Received update: /ndn/be-site/be/svs_core/be=7, 1741702077529
Received update: /ndn/lt-site/lt/svs_core/lt=7, 1741702077529
Received update: /ndn/lv-site/lv/svs_core/lv=7, 1741702077529
Received update: /ndn/pt-site/pt/svs_core/pt=7, 1741702077529
Max suppression time updated to: 132
Received update: /ndn/md-site/md/svs_core/md=7, 1741702079102
Max suppression time updated to: 132
Received update: /ndn/is-site/is/svs_core/is=8, 1741702085650
Received update: /ndn/ro-site/ro/svs_core/ro=8, 1741702085650
Received update: /ndn/rs-site/rs/svs_core/rs=7, 1741702085650
Max suppression time updated to: 132
Received update: /ndn/ie-site/ie/svs_core/ie=7, 1741702085817
Received update: /ndn/pl-site/pl/svs_core/pl=8, 1741702085817
Max suppression time updated to: 132
Received update: /ndn/cy-site/cy/svs_core/cy=8, 1741702086265
Received update: /ndn/gr-site/gr/svs_core/gr=7, 1741702086265
Received update: /ndn/nl-site/nl/svs_core/nl=8, 1741702086265
Received update: /ndn/pt-site/pt/svs_core/pt=8, 1741702086265
Received update: /ndn/uk-site/uk/svs_core/uk=7, 1741702086265
Max suppression time updated to: 132
Received update: /ndn/at-site/at/svs_core/at=8, 1741702092297
Received update: /ndn/az-site/az/svs_core/az=8, 1741702092297
Received update: /ndn/ee-site/ee/svs_core/ee=8, 1741702092297
Received update: /ndn/ua-site/ua/svs_core/ua=7, 1741702092297
Max suppression time updated to: 132
Received update: /ndn/cz-site/cz/svs_core/cz=8, 1741702094089
Received update: /ndn/tr-site/tr/svs_core/tr=8, 1741702094089
Max suppression time updated to: 132
Received update: /ndn/ie-site/ie/svs_core/ie=8, 1741702094135
Max suppression time updated to: 132
Received update: /ndn/mt-site/mt/svs_core/mt=8, 1741702094222
Received update: /ndn/de2-site/de2/svs_core/de2=8, 1741702094222
Max suppression time updated to: 132
Max suppression time updated to: 132
Received update: /ndn/ch-site/ch/svs_core/ch=8, 1741702104679
Received update: /ndn/fi-site/fi/svs_core/fi=8, 1741702104679
Received update: /ndn/hu-site/hu/svs_core/hu=8, 1741702104679
Received update: /ndn/me-site/me/svs_core/me=8, 1741702104679
Max suppression time updated to: 132
Received update: /ndn/by-site/by/svs_core/by=8, 1741702106144
Received update: /ndn/de1-site/de1/svs_core/de1=8, 1741702106144
Max suppression time updated to: 132
Max suppression time updated to: 132
Received update: /ndn/ge-site/ge/svs_core/ge=8, 1741702106755
Max suppression time updated to: 132
Received update: /ndn/am-site/am/svs_core/am=8, 1741702107679
Received update: /ndn/il-site/il/svs_core/il=8, 1741702107679
Published sequence number: /ndn/sk-site/sk/svs_core/sk=8, 1741702118949
Sending Sync interest
Max suppression time updated to: 132
Received update: /ndn/bg-site/bg/svs_core/bg=8, 1741702119086
Received update: /ndn/dk-site/dk/svs_core/dk=8, 1741702119086
Received update: /ndn/se-site/se/svs_core/se=8, 1741702119086
Received update: /ndn/fr2-site/fr2/svs_core/fr2=8, 1741702119086
Max suppression time updated to: 132
Received update: /ndn/mk-site/mk/svs_core/mk=8, 1741702119195
Received update: /ndn/ua-site/ua/svs_core/ua=8, 1741702119195
Sending Sync interest
Max suppression time updated to: 132
Received update: /ndn/si-site/si/svs_core/si=8, 1741702119247
Max suppression time updated to: 132
Received update: /ndn/es-site/es/svs_core/es=8, 1741702119329
Received update: /ndn/lu-site/lu/svs_core/lu=8, 1741702119329
Max suppression time updated to: 132
Received update: /ndn/fr1-site/fr1/svs_core/fr1=8, 1741702119350
Max suppression time updated to: 132
Sending Sync interest
Max suppression time updated to: 132
Received update: /ndn/lv-site/lv/svs_core/lv=8, 1741702119567
Max suppression time updated to: 132
Max suppression time updated to: 132
Received update: /ndn/md-site/md/svs_core/md=8, 1741702123985
Max suppression time updated to: 132
Max suppression time updated to: 132
Received update: /ndn/rs-site/rs/svs_core/rs=8, 1741702124140
Max suppression time updated to: 132
Max suppression time updated to: 132
Received update: /ndn/al-site/al/svs_core/al=8, 1741702124260
Received update: /ndn/hr-site/hr/svs_core/hr=8, 1741702124260
Received update: /ndn/it-site/it/svs_core/it=8, 1741702124260
Max suppression time updated to: 132
Max suppression time updated to: 132
Received update: /ndn/be-site/be/svs_core/be=8, 1741702124716
Max suppression time updated to: 132
Received update: /ndn/is-site/is/svs_core/is=9, 1741702126811
Max suppression time updated to: 132
Received update: /ndn/uk-site/uk/svs_core/uk=8, 1741702126864
Max suppression time updated to: 132
Received update: /ndn/gr-site/gr/svs_core/gr=8, 1741702127182
Max suppression time updated to: 132
Received update: /ndn/ee-site/ee/svs_core/ee=9, 1741702135062
Received update: /ndn/nl-site/nl/svs_core/nl=9, 1741702135062
Received update: /ndn/no-site/no/svs_core/no=8, 1741702135062
Received update: /ndn/pl-site/pl/svs_core/pl=9, 1741702135062
Received update: /ndn/tr-site/tr/svs_core/tr=9, 1741702135062
Max suppression time updated to: 132
Received update: /ndn/ro-site/ro/svs_core/ro=9, 1741702135181
Max suppression time updated to: 132
Received update: /ndn/az-site/az/svs_core/az=9, 1741702135217
Max suppression time updated to: 132
Received update: /ndn/cy-site/cy/svs_core/cy=9, 1741702139772
Received update: /ndn/fi-site/fi/svs_core/fi=9, 1741702139772
Received update: /ndn/ie-site/ie/svs_core/ie=9, 1741702139772
Received update: /ndn/mt-site/mt/svs_core/mt=9, 1741702139772
Received update: /ndn/pt-site/pt/svs_core/pt=9, 1741702139772
Received update: /ndn/de2-site/de2/svs_core/de2=9, 1741702139772
Max suppression time updated to: 132
Received update: /ndn/at-site/at/svs_core/at=9, 1741702139781
Max suppression time updated to: 132
Received update: /ndn/ch-site/ch/svs_core/ch=9, 1741702144335
Received update: /ndn/cz-site/cz/svs_core/cz=9, 1741702144335
Max suppression time updated to: 132
Received update: /ndn/lt-site/lt/svs_core/lt=8, 1741702144455
Max suppression time updated to: 132
Received update: /ndn/am-site/am/svs_core/am=9, 1741702146726
Received update: /ndn/by-site/by/svs_core/by=9, 1741702146726
Max suppression time updated to: 132
Received update: /ndn/me-site/me/svs_core/me=9, 1741702147871
Sending Sync interest
Max suppression time updated to: 132
Received update: /ndn/dk-site/dk/svs_core/dk=9, 1741702150120
Max suppression time updated to: 132
Received update: /ndn/hu-site/hu/svs_core/hu=9, 1741702150240
Received update: /ndn/si-site/si/svs_core/si=9, 1741702150240
Max suppression time updated to: 132
Sending Sync interest
Max suppression time updated to: 132
Max suppression time updated to: 132
Received update: /ndn/il-site/il/svs_core/il=9, 1741702152590
Received update: /ndn/de1-site/de1/svs_core/de1=9, 1741702152590
Max suppression time updated to: 132
Received update: /ndn/fr2-site/fr2/svs_core/fr2=9, 1741702158125
Sending Sync interest
Max suppression time updated to: 132
Max suppression time updated to: 132
Max suppression time updated to: 132
Max suppression time updated to: 132
Received update: /ndn/ge-site/ge/svs_core/ge=9, 1741702158627
Max suppression time updated to: 132
Received update: /ndn/al-site/al/svs_core/al=9, 1741702158875
Received update: /ndn/lv-site/lv/svs_core/lv=9, 1741702158875
Published sequence number: /ndn/sk-site/sk/svs_core/sk=9, 1741702163950
Sending Sync interest
Max suppression time updated to: 132
Received update: /ndn/rs-site/rs/svs_core/rs=9, 1741702167671
Received update: /ndn/se-site/se/svs_core/se=9, 1741702167671
Sending Sync interest
Max suppression time updated to: 132
Received update: /ndn/bg-site/bg/svs_core/bg=9, 1741702168514
Received update: /ndn/es-site/es/svs_core/es=9, 1741702168514
Received update: /ndn/it-site/it/svs_core/it=9, 1741702168514
Received update: /ndn/lu-site/lu/svs_core/lu=9, 1741702168514
Received update: /ndn/mk-site/mk/svs_core/mk=9, 1741702168514
Received update: /ndn/ua-site/ua/svs_core/ua=9, 1741702168514
Max suppression time updated to: 132
Max suppression time updated to: 132
Received update: /ndn/fr1-site/fr1/svs_core/fr1=9, 1741702168525
Max suppression time updated to: 132
Received update: /ndn/be-site/be/svs_core/be=9, 1741702168589
Max suppression time updated to: 132
Received update: /ndn/is-site/is/svs_core/is=10, 1741702171689
Max suppression time updated to: 132
Max suppression time updated to: 132
Max suppression time updated to: 132
Max suppression time updated to: 132
Max suppression time updated to: 132
Max suppression time updated to: 132
Received update: /ndn/hr-site/hr/svs_core/hr=9, 1741702172107
Received update: /ndn/no-site/no/svs_core/no=9, 1741702172107
Max suppression time updated to: 132
Received update: /ndn/uk-site/uk/svs_core/uk=9, 1741702172343
Max suppression time updated to: 132
Received update: /ndn/md-site/md/svs_core/md=9, 1741702172406
Max suppression time updated to: 132
Max suppression time updated to: 132
Received update: /ndn/ee-site/ee/svs_core/ee=10, 1741702172617
Max suppression time updated to: 132
Received update: /ndn/cy-site/cy/svs_core/cy=10, 1741702175247
Received update: /ndn/pt-site/pt/svs_core/pt=10, 1741702175247
Max suppression time updated to: 132
Received update: /ndn/az-site/az/svs_core/az=10, 1741702178602
Received update: /ndn/ro-site/ro/svs_core/ro=10, 1741702178602
Max suppression time updated to: 132
Received update: /ndn/tr-site/tr/svs_core/tr=10, 1741702179947
Sending Sync interest
Max suppression time updated to: 132
Received update: /ndn/nl-site/nl/svs_core/nl=10, 1741702180069
Max suppression time updated to: 132
Max suppression time updated to: 132
Received update: /ndn/de2-site/de2/svs_core/de2=10, 1741702182400
Sending Sync interest
Max suppression time updated to: 132
Received update: /ndn/at-site/at/svs_core/at=10, 1741702182583
Sending Sync interest
Max suppression time updated to: 132
Received update: /ndn/ie-site/ie/svs_core/ie=10, 1741702183076
Received update: /ndn/lt-site/lt/svs_core/lt=9, 1741702183076
Received update: /ndn/mt-site/mt/svs_core/mt=10, 1741702183076
Max suppression time updated to: 132
Received update: /ndn/ch-site/ch/svs_core/ch=10, 1741702189639
Received update: /ndn/cz-site/cz/svs_core/cz=10, 1741702189639
Received update: /ndn/gr-site/gr/svs_core/gr=9, 1741702189639
Max suppression time updated to: 132
Received update: /ndn/fi-site/fi/svs_core/fi=10, 1741702189949
Max suppression time updated to: 132
Received update: /ndn/hu-site/hu/svs_core/hu=10, 1741702194865
Received update: /ndn/me-site/me/svs_core/me=10, 1741702194865
Received update: /ndn/si-site/si/svs_core/si=10, 1741702194865
Max suppression time updated to: 132
Received update: /ndn/am-site/am/svs_core/am=10, 1741702195264
Received update: /ndn/dk-site/dk/svs_core/dk=10, 1741702195264
Max suppression time updated to: 132
Max suppression time updated to: 132
Received update: /ndn/by-site/by/svs_core/by=10, 1741702195464
Max suppression time updated to: 132
Max suppression time updated to: 132
Received update: /ndn/al-site/al/svs_core/al=10, 1741702197465
Received update: /ndn/ge-site/ge/svs_core/ge=10, 1741702197465
Received update: /ndn/de1-site/de1/svs_core/de1=10, 1741702197465
Max suppression time updated to: 132
Max suppression time updated to: 132
Max suppression time updated to: 132
Received update: /ndn/il-site/il/svs_core/il=10, 1741702197648
Max suppression time updated to: 132
Max suppression time updated to: 132
Received update: /ndn/lv-site/lv/svs_core/lv=10, 1741702205765
Received update: /ndn/pl-site/pl/svs_core/pl=10, 1741702205765
Received update: /ndn/se-site/se/svs_core/se=10, 1741702205765
Received update: /ndn/fr2-site/fr2/svs_core/fr2=10, 1741702205765
Max suppression time updated to: 132
Received update: /ndn/mk-site/mk/svs_core/mk=10, 1741702205859
Max suppression time updated to: 132
Max suppression time updated to: 132
Received update: /ndn/es-site/es/svs_core/es=10, 1741702207133
Received update: /ndn/no-site/no/svs_core/no=10, 1741702207133
Published sequence number: /ndn/sk-site/sk/svs_core/sk=10, 1741702208955
Sending Sync interest
Max suppression time updated to: 132
Received update: /ndn/lu-site/lu/svs_core/lu=10, 1741702209289
Received update: /ndn/fr1-site/fr1/svs_core/fr1=10, 1741702209289
Max suppression time updated to: 132
Sending Sync interest
Max suppression time updated to: 132
Received update: /ndn/rs-site/rs/svs_core/rs=10, 1741702212675
Sending Sync interest
Max suppression time updated to: 132
Received update: /ndn/hr-site/hr/svs_core/hr=10, 1741702213080
Received update: /ndn/ua-site/ua/svs_core/ua=10, 1741702213080
Sending Sync interest
Max suppression time updated to: 132
Received update: /ndn/az-site/az/svs_core/az=11, 1741702223679
Received update: /ndn/be-site/be/svs_core/be=10, 1741702223679
Received update: /ndn/nl-site/nl/svs_core/nl=11, 1741702223679
Max suppression time updated to: 132
Received update: /ndn/md-site/md/svs_core/md=10, 1741702223891
Received update: /ndn/ro-site/ro/svs_core/ro=11, 1741702223891
Max suppression time updated to: 132
Received update: /ndn/bg-site/bg/svs_core/bg=10, 1741702224534
Received update: /ndn/ee-site/ee/svs_core/ee=11, 1741702224534
Received update: /ndn/is-site/is/svs_core/is=11, 1741702224534
Received update: /ndn/pl-site/pl/svs_core/pl=11, 1741702224534
Max suppression time updated to: 132
Received update: /ndn/gr-site/gr/svs_core/gr=10, 1741702227401
Received update: /ndn/it-site/it/svs_core/it=10, 1741702227401
Received update: /ndn/mt-site/mt/svs_core/mt=11, 1741702227401
Received update: /ndn/pt-site/pt/svs_core/pt=11, 1741702227401
Received update: /ndn/uk-site/uk/svs_core/uk=10, 1741702227401
Received update: /ndn/de2-site/de2/svs_core/de2=11, 1741702227401
Max suppression time updated to: 132
Received update: /ndn/cz-site/cz/svs_core/cz=11, 1741702228952
Max suppression time updated to: 132
Received update: /ndn/cy-site/cy/svs_core/cy=11, 1741702229293
Received update: /ndn/ie-site/ie/svs_core/ie=11, 1741702229293
Received update: /ndn/tr-site/tr/svs_core/tr=11, 1741702229293
Max suppression time updated to: 132
Received update: /ndn/by-site/by/svs_core/by=11, 1741702234357
Received update: /ndn/ch-site/ch/svs_core/ch=11, 1741702234357
Max suppression time updated to: 132
Received update: /ndn/at-site/at/svs_core/at=11, 1741702234496
Max suppression time updated to: 132
Received update: /ndn/am-site/am/svs_core/am=11, 1741702236595
Max suppression time updated to: 132
Received update: /ndn/si-site/si/svs_core/si=11, 1741702239867
Max suppression time updated to: 132
Received update: /ndn/hu-site/hu/svs_core/hu=11, 1741702239963
Received update: /ndn/me-site/me/svs_core/me=11, 1741702239963
Max suppression time updated to: 132
Received update: /ndn/ge-site/ge/svs_core/ge=11, 1741702241924
Max suppression time updated to: 132
Max suppression time updated to: 132
Received update: /ndn/il-site/il/svs_core/il=11, 1741702242597
Max suppression time updated to: 132
Received update: /ndn/al-site/al/svs_core/al=11, 1741702252523
Received update: /ndn/dk-site/dk/svs_core/dk=11, 1741702252523
Received update: /ndn/fi-site/fi/svs_core/fi=11, 1741702252523
Received update: /ndn/lt-site/lt/svs_core/lt=10, 1741702252523
Received update: /ndn/lu-site/lu/svs_core/lu=11, 1741702252523
Received update: /ndn/lv-site/lv/svs_core/lv=11, 1741702252523
Received update: /ndn/mk-site/mk/svs_core/mk=11, 1741702252523
Received update: /ndn/se-site/se/svs_core/se=11, 1741702252523
Received update: /ndn/de1-site/de1/svs_core/de1=11, 1741702252523
Published sequence number: /ndn/sk-site/sk/svs_core/sk=11, 1741702253961
Sending Sync interest
Max suppression time updated to: 132
Received update: /ndn/hr-site/hr/svs_core/hr=11, 1741702256660
Received update: /ndn/ua-site/ua/svs_core/ua=11, 1741702256660
Received update: /ndn/fr2-site/fr2/svs_core/fr2=11, 1741702256660
Max suppression time updated to: 132
Max suppression time updated to: 132
Received update: /ndn/rs-site/rs/svs_core/rs=11, 1741702257788
Max suppression time updated to: 132
Received update: /ndn/md-site/md/svs_core/md=11, 1741702259108
Max suppression time updated to: 132
Received update: /ndn/es-site/es/svs_core/es=11, 1741702259269
Max suppression time updated to: 135
Received update: /ndn/ee-site/ee/svs_core/ee=12, 1741702262553
Received update: /ndn/lt-site/lt/svs_core/lt=11, 1741702262553
Received update: /ndn/no-site/no/svs_core/no=11, 1741702262553
Max suppression time updated to: 135
Received update: /ndn/be-site/be/svs_core/be=11, 1741702262561
Received update: /ndn/uk-site/uk/svs_core/uk=11, 1741702262561
Sending Sync interest
Max suppression time updated to: 135
Received update: /ndn/bg-site/bg/svs_core/bg=11, 1741702262688
Received update: /ndn/it-site/it/svs_core/it=11, 1741702262688
Received update: /ndn/fr1-site/fr1/svs_core/fr1=11, 1741702262688
Max suppression time updated to: 135
Max suppression time updated to: 135
Received update: /ndn/is-site/is/svs_core/is=12, 1741702264040
Received update: /ndn/pl-site/pl/svs_core/pl=12, 1741702264040
Max suppression time updated to: 135
Received update: /ndn/nl-site/nl/svs_core/nl=12, 1741702266018
Sending Sync interest
Max suppression time updated to: 135
Received update: /ndn/az-site/az/svs_core/az=12, 1741702268545
Received update: /ndn/ro-site/ro/svs_core/ro=12, 1741702268545
Max suppression time updated to: 135
Received update: /ndn/gr-site/gr/svs_core/gr=11, 1741702268734
Max suppression time updated to: 135
Received update: /ndn/ie-site/ie/svs_core/ie=12, 1741702269869
Max suppression time updated to: 135
Max suppression time updated to: 135
Received update: /ndn/mt-site/mt/svs_core/mt=12, 1741702270037
Received update: /ndn/tr-site/tr/svs_core/tr=12, 1741702270037
Max suppression time updated to: 135
Received update: /ndn/cy-site/cy/svs_core/cy=12, 1741702272404
Received update: /ndn/de2-site/de2/svs_core/de2=12, 1741702272404
Max suppression time updated to: 135
Received update: /ndn/cz-site/cz/svs_core/cz=12, 1741702274093
Max suppression time updated to: 135
Max suppression time updated to: 135
Sending Sync interest
Max suppression time updated to: 135
Max suppression time updated to: 135
Max suppression time updated to: 135
Received update: /ndn/at-site/at/svs_core/at=12, 1741702276936
Received update: /ndn/by-site/by/svs_core/by=12, 1741702276936
Max suppression time updated to: 135
Received update: /ndn/am-site/am/svs_core/am=12, 1741702281601
Max suppression time updated to: 135
Max suppression time updated to: 135
Received update: /ndn/ch-site/ch/svs_core/ch=12, 1741702281735
Max suppression time updated to: 135
Received update: /ndn/me-site/me/svs_core/me=12, 1741702282876
Sending Sync interest
Max suppression time updated to: 135
Received update: /ndn/hu-site/hu/svs_core/hu=12, 1741702284696
Max suppression time updated to: 135
Received update: /ndn/si-site/si/svs_core/si=12, 1741702284872
Sending Sync interest
Max suppression time updated to: 135
Received update: /ndn/fi-site/fi/svs_core/fi=12, 1741702297134
Received update: /ndn/ge-site/ge/svs_core/ge=12, 1741702297134
Received update: /ndn/no-site/no/svs_core/no=12, 1741702297134
Received update: /ndn/pt-site/pt/svs_core/pt=12, 1741702297134
Received update: /ndn/se-site/se/svs_core/se=12, 1741702297134
Max suppression time updated to: 135
Received update: /ndn/fr2-site/fr2/svs_core/fr2=12, 1741702297246
Max suppression time updated to: 135
Received update: /ndn/mk-site/mk/svs_core/mk=12, 1741702297319
Max suppression time updated to: 135
Received update: /ndn/dk-site/dk/svs_core/dk=12, 1741702297675
Received update: /ndn/lu-site/lu/svs_core/lu=12, 1741702297675
Received update: /ndn/lv-site/lv/svs_core/lv=12, 1741702297675
Received update: /ndn/de1-site/de1/svs_core/de1=12, 1741702297675
Max suppression time updated to: 135
Max suppression time updated to: 135
Received update: /ndn/al-site/al/svs_core/al=12, 1741702298943
Received update: /ndn/bg-site/bg/svs_core/bg=12, 1741702298943
Received update: /ndn/es-site/es/svs_core/es=12, 1741702298943
Max suppression time updated to: 135
Published sequence number: /ndn/sk-site/sk/svs_core/sk=12, 1741702298961
Sending Sync interest
Max suppression time updated to: 135
Received update: /ndn/il-site/il/svs_core/il=12, 1741702299293
Received update: /ndn/ua-site/ua/svs_core/ua=12, 1741702299293
Received update: /ndn/fr1-site/fr1/svs_core/fr1=12, 1741702299293
Max suppression time updated to: 135
Max suppression time updated to: 135
Received update: /ndn/hr-site/hr/svs_core/hr=12, 1741702301451
Max suppression time updated to: 135
Received update: /ndn/lt-site/lt/svs_core/lt=12, 1741702301570
Max suppression time updated to: 135
Received update: /ndn/rs-site/rs/svs_core/rs=12, 1741702302676
Max suppression time updated to: 135
Received update: /ndn/is-site/is/svs_core/is=13, 1741702306709
Max suppression time updated to: 135
Received update: /ndn/be-site/be/svs_core/be=12, 1741702307099
Received update: /ndn/gr-site/gr/svs_core/gr=12, 1741702307099
Received update: /ndn/it-site/it/svs_core/it=12, 1741702307099
Received update: /ndn/md-site/md/svs_core/md=12, 1741702307099
Max suppression time updated to: 135
Received update: /ndn/ee-site/ee/svs_core/ee=13, 1741702309047
Received update: /ndn/pl-site/pl/svs_core/pl=13, 1741702309047
Max suppression time updated to: 135
Received update: /ndn/cy-site/cy/svs_core/cy=13, 1741702311196
Received update: /ndn/nl-site/nl/svs_core/nl=13, 1741702311196
Received update: /ndn/pt-site/pt/svs_core/pt=13, 1741702311196
Received update: /ndn/uk-site/uk/svs_core/uk=12, 1741702311196
Max suppression time updated to: 135
Received update: /ndn/az-site/az/svs_core/az=13, 1741702321957
Received update: /ndn/by-site/by/svs_core/by=13, 1741702321957
Received update: /ndn/ro-site/ro/svs_core/ro=13, 1741702321957
Received update: /ndn/tr-site/tr/svs_core/tr=13, 1741702321957
Received update: /ndn/de2-site/de2/svs_core/de2=13, 1741702321957
Max suppression time updated to: 135
Received update: /ndn/mt-site/mt/svs_core/mt=13, 1741702322010
Max suppression time updated to: 135
Received update: /ndn/ch-site/ch/svs_core/ch=13, 1741702324478
Max suppression time updated to: 135
Received update: /ndn/am-site/am/svs_core/am=13, 1741702326606
Received update: /ndn/at-site/at/svs_core/at=13, 1741702326606
Received update: /ndn/cz-site/cz/svs_core/cz=13, 1741702326606
Received update: /ndn/ie-site/ie/svs_core/ie=13, 1741702326606
Max suppression time updated to: 135
Received update: /ndn/hu-site/hu/svs_core/hu=13, 1741702329880
Received update: /ndn/si-site/si/svs_core/si=13, 1741702329880
Max suppression time updated to: 135
Received update: /ndn/dk-site/dk/svs_core/dk=13, 1741702330272
Sending Sync interest
Max suppression time updated to: 135
Received update: /ndn/me-site/me/svs_core/me=13, 1741702330557
Max suppression time updated to: 135
Received update: /ndn/ge-site/ge/svs_core/ge=13, 1741702331890
Max suppression time updated to: 135
Received update: /ndn/fi-site/fi/svs_core/fi=13, 1741702332197
Received update: /ndn/de1-site/de1/svs_core/de1=13, 1741702332197
Max suppression time updated to: 135
Max suppression time updated to: 135
Max suppression time updated to: 135
Received update: /ndn/fr2-site/fr2/svs_core/fr2=13, 1741702338130
Max suppression time updated to: 135
Max suppression time updated to: 135
Received update: /ndn/il-site/il/svs_core/il=13, 1741702338271
Max suppression time updated to: 135
Received update: /ndn/al-site/al/svs_core/al=13, 1741702338339
Max suppression time updated to: 135
Max suppression time updated to: 135
Received update: /ndn/lu-site/lu/svs_core/lu=13, 1741702342346
Received update: /ndn/lv-site/lv/svs_core/lv=13, 1741702342346
Received update: /ndn/mk-site/mk/svs_core/mk=13, 1741702342346
Published sequence number: /ndn/sk-site/sk/svs_core/sk=13, 1741702343965
Sending Sync interest
Max suppression time updated to: 135
Received update: /ndn/fr1-site/fr1/svs_core/fr1=13, 1741702344205
Sending Sync interest
Max suppression time updated to: 135
Received update: /ndn/bg-site/bg/svs_core/bg=13, 1741702344686
Received update: /ndn/es-site/es/svs_core/es=13, 1741702344686
Received update: /ndn/se-site/se/svs_core/se=13, 1741702344686
Received update: /ndn/ua-site/ua/svs_core/ua=13, 1741702344686
Max suppression time updated to: 135
Max suppression time updated to: 135
Received update: /ndn/it-site/it/svs_core/it=13, 1741702345636
Max suppression time updated to: 135
Received update: /ndn/lt-site/lt/svs_core/lt=13, 1741702345752
Max suppression time updated to: 135
Max suppression time updated to: 135
Max suppression time updated to: 135
Max suppression time updated to: 135
Received update: /ndn/is-site/is/svs_core/is=14, 1741702351727
Received update: /ndn/md-site/md/svs_core/md=13, 1741702351727
Max suppression time updated to: 135
Received update: /ndn/hr-site/hr/svs_core/hr=13, 1741702351787
Max suppression time updated to: 135
Received update: /ndn/rs-site/rs/svs_core/rs=13, 1741702351874
Max suppression time updated to: 135
Received update: /ndn/gr-site/gr/svs_core/gr=13, 1741702351934
Max suppression time updated to: 135
Received update: /ndn/be-site/be/svs_core/be=13, 1741702352182
Received update: /ndn/no-site/no/svs_core/no=13, 1741702352182
Received update: /ndn/uk-site/uk/svs_core/uk=13, 1741702352182
Max suppression time updated to: 135
Max suppression time updated to: 135
Received update: /ndn/cy-site/cy/svs_core/cy=14, 1741702355351
Received update: /ndn/ee-site/ee/svs_core/ee=14, 1741702355351
Received update: /ndn/pl-site/pl/svs_core/pl=14, 1741702355351
Max suppression time updated to: 135
Max suppression time updated to: 135
Received update: /ndn/pt-site/pt/svs_core/pt=14, 1741702355532
Sending Sync interest
Max suppression time updated to: 135
Received update: /ndn/az-site/az/svs_core/az=14, 1741702359955
Received update: /ndn/nl-site/nl/svs_core/nl=14, 1741702359955
Received update: /ndn/tr-site/tr/svs_core/tr=14, 1741702359955
Max suppression time updated to: 135
Received update: /ndn/cz-site/cz/svs_core/cz=14, 1741702364077
Max suppression time updated to: 135
Received update: /ndn/ro-site/ro/svs_core/ro=14, 1741702364132
Max suppression time updated to: 135
Received update: /ndn/at-site/at/svs_core/at=14, 1741702364199
Max suppression time updated to: 135
Received update: /ndn/mt-site/mt/svs_core/mt=14, 1741702364200
Received update: /ndn/de2-site/de2/svs_core/de2=14, 1741702364200
Max suppression time updated to: 135
Max suppression time updated to: 135
Sending Sync interest
Max suppression time updated to: 135
Received update: /ndn/am-site/am/svs_core/am=14, 1741702371608
Received update: /ndn/ie-site/ie/svs_core/ie=14, 1741702371608
Max suppression time updated to: 135
Received update: /ndn/ch-site/ch/svs_core/ch=14, 1741702371744
Max suppression time updated to: 135
Received update: /ndn/hu-site/hu/svs_core/hu=14, 1741702374707
Max suppression time updated to: 135
Received update: /ndn/me-site/me/svs_core/me=14, 1741702374870
Max suppression time updated to: 135
Received update: /ndn/si-site/si/svs_core/si=14, 1741702374875
Max suppression time updated to: 135
Received update: /ndn/al-site/al/svs_core/al=14, 1741702377726
Received update: /ndn/dk-site/dk/svs_core/dk=14, 1741702377726
Received update: /ndn/ge-site/ge/svs_core/ge=14, 1741702377726
Received update: /ndn/il-site/il/svs_core/il=14, 1741702377726
Received update: /ndn/de1-site/de1/svs_core/de1=14, 1741702377726
Sending Sync interest
Max suppression time updated to: 135
Max suppression time updated to: 135
Received update: /ndn/lu-site/lu/svs_core/lu=14, 1741702387349
Max suppression time updated to: 135
Received update: /ndn/ua-site/ua/svs_core/ua=14, 1741702387926
Max suppression time updated to: 135
Max suppression time updated to: 135
Max suppression time updated to: 135
Received update: /ndn/mk-site/mk/svs_core/mk=14, 1741702388171
Max suppression time updated to: 135
Max suppression time updated to: 135
Max suppression time updated to: 135
Max suppression time updated to: 135
Received update: /ndn/es-site/es/svs_core/es=14, 1741702388308
Received update: /ndn/fr2-site/fr2/svs_core/fr2=14, 1741702388308
Published sequence number: /ndn/sk-site/sk/svs_core/sk=14, 1741702388967
Sending Sync interest
Max suppression time updated to: 135
Received update: /ndn/by-site/by/svs_core/by=14, 1741702389207
Received update: /ndn/fi-site/fi/svs_core/fi=14, 1741702389207
Received update: /ndn/no-site/no/svs_core/no=14, 1741702389207
Received update: /ndn/se-site/se/svs_core/se=14, 1741702389207
Received update: /ndn/fr1-site/fr1/svs_core/fr1=14, 1741702389207
Max suppression time updated to: 135
Max suppression time updated to: 135
Received update: /ndn/it-site/it/svs_core/it=14, 1741702390791
Max suppression time updated to: 135
Received update: /ndn/be-site/be/svs_core/be=14, 1741702392544
Received update: /ndn/lt-site/lt/svs_core/lt=14, 1741702392544
Received update: /ndn/lv-site/lv/svs_core/lv=14, 1741702392544
Max suppression time updated to: 135
Received update: /ndn/rs-site/rs/svs_core/rs=14, 1741702392683
Max suppression time updated to: 135
Received update: /ndn/md-site/md/svs_core/md=14, 1741702394138
Max suppression time updated to: 132
Received update: /ndn/bg-site/bg/svs_core/bg=14, 1741702394222
Received update: /ndn/hr-site/hr/svs_core/hr=14, 1741702394222
Sending Sync interest
Max suppression time updated to: 132
Received update: /ndn/is-site/is/svs_core/is=15, 1741702396623
Max suppression time updated to: 132
Sending Sync interest
Max suppression time updated to: 132
Max suppression time updated to: 132
Received update: /ndn/ee-site/ee/svs_core/ee=15, 1741702401097
Received update: /ndn/gr-site/gr/svs_core/gr=14, 1741702401097
Received update: /ndn/nl-site/nl/svs_core/nl=15, 1741702401097
Received update: /ndn/pt-site/pt/svs_core/pt=15, 1741702401097
Received update: /ndn/ro-site/ro/svs_core/ro=15, 1741702401097
Received update: /ndn/uk-site/uk/svs_core/uk=14, 1741702401097
Max suppression time updated to: 132
Received update: /ndn/az-site/az/svs_core/az=15, 1741702403554
Sending Sync interest
Max suppression time updated to: 132
Received update: /ndn/mt-site/mt/svs_core/mt=15, 1741702404971
Received update: /ndn/tr-site/tr/svs_core/tr=15, 1741702404971
Max suppression time updated to: 132
Received update: /ndn/at-site/at/svs_core/at=15, 1741702409246
Received update: /ndn/cz-site/cz/svs_core/cz=15, 1741702409246
Received update: /ndn/pl-site/pl/svs_core/pl=15, 1741702409246
Received update: /ndn/de2-site/de2/svs_core/de2=15, 1741702409246
Max suppression time updated to: 132
Received update: /ndn/by-site/by/svs_core/by=15, 1741702412187
Received update: /ndn/cy-site/cy/svs_core/cy=15, 1741702412187
Received update: /ndn/ie-site/ie/svs_core/ie=15, 1741702412187
Max suppression time updated to: 132
Received update: /ndn/me-site/me/svs_core/me=15, 1741702417889
Max suppression time updated to: 132
Received update: /ndn/am-site/am/svs_core/am=15, 1741702417995
Received update: /ndn/ch-site/ch/svs_core/ch=15, 1741702417995
Max suppression time updated to: 132
Max suppression time updated to: 132
Max suppression time updated to: 132
Max suppression time updated to: 132
Received update: /ndn/hu-site/hu/svs_core/hu=15, 1741702419877
Received update: /ndn/si-site/si/svs_core/si=15, 1741702419877
Max suppression time updated to: 132
Received update: /ndn/de1-site/de1/svs_core/de1=15, 1741702421024
Max suppression time updated to: 132
Max suppression time updated to: 132
Max suppression time updated to: 132
Received update: /ndn/ge-site/ge/svs_core/ge=15, 1741702421778
Max suppression time updated to: 132
Received update: /ndn/fr2-site/fr2/svs_core/fr2=15, 1741702428146
Sending Sync interest
Max suppression time updated to: 132
Received update: /ndn/al-site/al/svs_core/al=15, 1741702428269
Max suppression time updated to: 132
Received update: /ndn/mk-site/mk/svs_core/mk=15, 1741702428280
Max suppression time updated to: 132
Received update: /ndn/es-site/es/svs_core/es=15, 1741702430307
Received update: /ndn/il-site/il/svs_core/il=15, 1741702430307
Max suppression time updated to: 132
Received update: /ndn/dk-site/dk/svs_core/dk=15, 1741702430413
Received update: /ndn/fi-site/fi/svs_core/fi=15, 1741702430413
Received update: /ndn/se-site/se/svs_core/se=15, 1741702430413
Max suppression time updated to: 132
Published sequence number: /ndn/sk-site/sk/svs_core/sk=15, 1741702433970
Sending Sync interest
Max suppression time updated to: 132
Received update: /ndn/lu-site/lu/svs_core/lu=15, 1741702434113
Max suppression time updated to: 132
Max suppression time updated to: 132
Received update: /ndn/be-site/be/svs_core/be=15, 1741702437698
Received update: /ndn/bg-site/bg/svs_core/bg=15, 1741702437698
Received update: /ndn/ua-site/ua/svs_core/ua=15, 1741702437698
Max suppression time updated to: 132
Received update: /ndn/is-site/is/svs_core/is=16, 1741702441649
Received update: /ndn/no-site/no/svs_core/no=15, 1741702441649
Max suppression time updated to: 135
Received update: /ndn/ee-site/ee/svs_core/ee=16, 1741702442421
Received update: /ndn/lt-site/lt/svs_core/lt=15, 1741702442421
Received update: /ndn/lv-site/lv/svs_core/lv=15, 1741702442421
Max suppression time updated to: 135
Received update: /ndn/md-site/md/svs_core/md=15, 1741702442585
Max suppression time updated to: 135
Received update: /ndn/it-site/it/svs_core/it=15, 1741702442891
Received update: /ndn/rs-site/rs/svs_core/rs=15, 1741702442891
Received update: /ndn/fr1-site/fr1/svs_core/fr1=15, 1741702442891
Max suppression time updated to: 135
Received update: /ndn/gr-site/gr/svs_core/gr=15, 1741702443005
Received update: /ndn/hr-site/hr/svs_core/hr=15, 1741702443005
Max suppression time updated to: 132
Max suppression time updated to: 132
Received update: /ndn/cy-site/cy/svs_core/cy=16, 1741702445679
Received update: /ndn/pl-site/pl/svs_core/pl=16, 1741702445679
Received update: /ndn/ro-site/ro/svs_core/ro=16, 1741702445679
Received update: /ndn/uk-site/uk/svs_core/uk=15, 1741702445679
Max suppression time updated to: 132
Received update: /ndn/az-site/az/svs_core/az=16, 1741702448552
Received update: /ndn/nl-site/nl/svs_core/nl=16, 1741702448552
Max suppression time updated to: 132
Received update: /ndn/pt-site/pt/svs_core/pt=16, 1741702448696
Max suppression time updated to: 132
Received update: /ndn/at-site/at/svs_core/at=16, 1741702464708
Received update: /ndn/cz-site/cz/svs_core/cz=16, 1741702464708
Received update: /ndn/hu-site/hu/svs_core/hu=16, 1741702464708
Received update: /ndn/ie-site/ie/svs_core/ie=16, 1741702464708
Received update: /ndn/tr-site/tr/svs_core/tr=16, 1741702464708
Received update: /ndn/de2-site/de2/svs_core/de2=16, 1741702464708
Max suppression time updated to: 132
Received update: /ndn/am-site/am/svs_core/am=16, 1741702465595
Received update: /ndn/ch-site/ch/svs_core/ch=16, 1741702465595
Received update: /ndn/dk-site/dk/svs_core/dk=16, 1741702465595
Received update: /ndn/fi-site/fi/svs_core/fi=16, 1741702465595
Received update: /ndn/mt-site/mt/svs_core/mt=16, 1741702465595
Max suppression time updated to: 132
Received update: /ndn/il-site/il/svs_core/il=16, 1741702467608
Max suppression time updated to: 132
Max suppression time updated to: 132
Max suppression time updated to: 132
Max suppression time updated to: 132
Max suppression time updated to: 132
Received update: /ndn/ge-site/ge/svs_core/ge=16, 1741702467797
Max suppression time updated to: 132
Max suppression time updated to: 132
Received update: /ndn/by-site/by/svs_core/by=16, 1741702473259
Received update: /ndn/si-site/si/svs_core/si=16, 1741702473259
Received update: /ndn/fr2-site/fr2/svs_core/fr2=16, 1741702473259
Max suppression time updated to: 132
Received update: /ndn/al-site/al/svs_core/al=16, 1741702473325
Received update: /ndn/lv-site/lv/svs_core/lv=16, 1741702473325
Received update: /ndn/mk-site/mk/svs_core/mk=16, 1741702473325
Received update: /ndn/de1-site/de1/svs_core/de1=16, 1741702473325
Max suppression time updated to: 132
Received update: /ndn/lu-site/lu/svs_core/lu=16, 1741702477354
Max suppression time updated to: 132
Received update: /ndn/me-site/me/svs_core/me=16, 1741702477513
Published sequence number: /ndn/sk-site/sk/svs_core/sk=16, 1741702478971
Sending Sync interest
Max suppression time updated to: 132
Received update: /ndn/ua-site/ua/svs_core/ua=16, 1741702479436
Received update: /ndn/fr1-site/fr1/svs_core/fr1=16, 1741702479436
Sending Sync interest
Max suppression time updated to: 132
Received update: /ndn/bg-site/bg/svs_core/bg=16, 1741702482683
Received update: /ndn/rs-site/rs/svs_core/rs=16, 1741702482683
Sending Sync interest
Max suppression time updated to: 132
Received update: /ndn/be-site/be/svs_core/be=16, 1741702482930
Received update: /ndn/es-site/es/svs_core/es=16, 1741702482930
Received update: /ndn/it-site/it/svs_core/it=16, 1741702482930
Received update: /ndn/lt-site/lt/svs_core/lt=16, 1741702482930
Max suppression time updated to: 135
Max suppression time updated to: 132
Received update: /ndn/hr-site/hr/svs_core/hr=16, 1741702483221
Received update: /ndn/se-site/se/svs_core/se=16, 1741702483221
Max suppression time updated to: 135
Received update: /ndn/uk-site/uk/svs_core/uk=16, 1741702485412
Sending Sync interest
Max suppression time updated to: 135
Max suppression time updated to: 135
Max suppression time updated to: 135
Received update: /ndn/gr-site/gr/svs_core/gr=16, 1741702510748
Sending Sync interest
Max suppression time updated to: 135
Stopping SVS client: /ndn/sk-site/sk/svs_core/sk
