SVS client starting: /ndn/de2-site/de2/svs_core/de2
Sending Sync interest
Received update: /ndn/cz-site/cz/svs_core/cz=1, 1741626642333
Received update: /ndn/is-site/is/svs_core/is=1, 1741626643075
Received update: /ndn/md-site/md/svs_core/md=1, 1741626644958
Received update: /ndn/ge-site/ge/svs_core/ge=1, 1741626645583
Received update: /ndn/ro-site/ro/svs_core/ro=1, 1741626646800
Received update: /ndn/me-site/me/svs_core/me=1, 1741626647516
Received update: /ndn/hu-site/hu/svs_core/hu=1, 1741626650241
Received update: /ndn/nl-site/nl/svs_core/nl=1, 1741626650472
Received update: /ndn/de1-site/de1/svs_core/de1=1, 1741626651547
Received update: /ndn/dk-site/dk/svs_core/dk=1, 1741626651890
Received update: /ndn/lu-site/lu/svs_core/lu=1, 1741626652659
Received update: /ndn/cy-site/cy/svs_core/cy=1, 1741626655053
Received update: /ndn/es-site/es/svs_core/es=1, 1741626656970
Received update: /ndn/ie-site/ie/svs_core/ie=1, 1741626659636
Received update: /ndn/se-site/se/svs_core/se=1, 1741626661366
Received update: /ndn/by-site/by/svs_core/by=1, 1741626663023
Received update: /ndn/il-site/il/svs_core/il=1, 1741626663805
Received update: /ndn/mt-site/mt/svs_core/mt=1, 1741626664190
Received update: /ndn/al-site/al/svs_core/al=1, 1741626664785
Received update: /ndn/no-site/no/svs_core/no=1, 1741626665798
Received update: /ndn/az-site/az/svs_core/az=1, 1741626665960
Received update: /ndn/it-site/it/svs_core/it=1, 1741626667245
Received update: /ndn/fr1-site/fr1/svs_core/fr1=1, 1741626669342
Received update: /ndn/si-site/si/svs_core/si=1, 1741626669463
Received update: /ndn/hr-site/hr/svs_core/hr=1, 1741626669489
Published sequence number: /ndn/de2-site/de2/svs_core/de2=1, 1741626670893
Sending Sync interest
Received update: /ndn/be-site/be/svs_core/be=1, 1741626672379
Received update: /ndn/at-site/at/svs_core/at=1, 1741626672502
Received update: /ndn/mk-site/mk/svs_core/mk=1, 1741626672543
Received update: /ndn/ee-site/ee/svs_core/ee=1, 1741626673670
Received update: /ndn/fi-site/fi/svs_core/fi=1, 1741626675164
Received update: /ndn/gr-site/gr/svs_core/gr=1, 1741626675509
Received update: /ndn/fr2-site/fr2/svs_core/fr2=1, 1741626675619
Received update: /ndn/bg-site/bg/svs_core/bg=1, 1741626677155
Received update: /ndn/ch-site/ch/svs_core/ch=1, 1741626677368
Received update: /ndn/pl-site/pl/svs_core/pl=1, 1741626678648
Received update: /ndn/ua-site/ua/svs_core/ua=1, 1741626679337
Received update: /ndn/sk-site/sk/svs_core/sk=1, 1741626682510
Received update: /ndn/rs-site/rs/svs_core/rs=1, 1741626682958
Received update: /ndn/uk-site/uk/svs_core/uk=1, 1741626683600
Received update: /ndn/lv-site/lv/svs_core/lv=1, 1741626683915
Received update: /ndn/lt-site/lt/svs_core/lt=1, 1741626684894
Received update: /ndn/pt-site/pt/svs_core/pt=1, 1741626684960
Received update: /ndn/am-site/am/svs_core/am=1, 1741626686347
Received update: /ndn/tr-site/tr/svs_core/tr=1, 1741626686547
Received update: /ndn/cz-site/cz/svs_core/cz=2, 1741626687339
Received update: /ndn/is-site/is/svs_core/is=2, 1741626688077
Received update: /ndn/md-site/md/svs_core/md=2, 1741626689959
Received update: /ndn/ge-site/ge/svs_core/ge=2, 1741626690590
Received update: /ndn/ro-site/ro/svs_core/ro=2, 1741626691809
Received update: /ndn/me-site/me/svs_core/me=2, 1741626692519
Received update: /ndn/hu-site/hu/svs_core/hu=2, 1741626695246
Received update: /ndn/nl-site/nl/svs_core/nl=2, 1741626695473
Received update: /ndn/de1-site/de1/svs_core/de1=2, 1741626696550
Received update: /ndn/dk-site/dk/svs_core/dk=2, 1741626696897
Received update: /ndn/lu-site/lu/svs_core/lu=2, 1741626697659
Received update: /ndn/cy-site/cy/svs_core/cy=2, 1741626700047
Received update: /ndn/es-site/es/svs_core/es=2, 1741626701974
Received update: /ndn/ie-site/ie/svs_core/ie=2, 1741626704641
Received update: /ndn/se-site/se/svs_core/se=2, 1741626706372
Received update: /ndn/by-site/by/svs_core/by=2, 1741626708054
Received update: /ndn/il-site/il/svs_core/il=2, 1741626708808
Received update: /ndn/mt-site/mt/svs_core/mt=2, 1741626709194
Received update: /ndn/al-site/al/svs_core/al=2, 1741626709789
Received update: /ndn/no-site/no/svs_core/no=2, 1741626710799
Received update: /ndn/az-site/az/svs_core/az=2, 1741626710996
Received update: /ndn/it-site/it/svs_core/it=2, 1741626712253
Received update: /ndn/fr1-site/fr1/svs_core/fr1=2, 1741626714348
Received update: /ndn/si-site/si/svs_core/si=2, 1741626714470
Received update: /ndn/hr-site/hr/svs_core/hr=2, 1741626714485
Published sequence number: /ndn/de2-site/de2/svs_core/de2=2, 1741626715894
Sending Sync interest
Received update: /ndn/be-site/be/svs_core/be=2, 1741626717382
Received update: /ndn/at-site/at/svs_core/at=2, 1741626717495
Received update: /ndn/mk-site/mk/svs_core/mk=2, 1741626717543
Received update: /ndn/ee-site/ee/svs_core/ee=2, 1741626718676
Received update: /ndn/fi-site/fi/svs_core/fi=2, 1741626720166
Received update: /ndn/gr-site/gr/svs_core/gr=2, 1741626720515
Received update: /ndn/fr2-site/fr2/svs_core/fr2=2, 1741626720619
Received update: /ndn/bg-site/bg/svs_core/bg=2, 1741626722157
Received update: /ndn/ch-site/ch/svs_core/ch=2, 1741626722370
Received update: /ndn/pl-site/pl/svs_core/pl=2, 1741626723655
Received update: /ndn/ua-site/ua/svs_core/ua=2, 1741626724335
Received update: /ndn/sk-site/sk/svs_core/sk=2, 1741626727509
Received update: /ndn/rs-site/rs/svs_core/rs=2, 1741626727958
Received update: /ndn/uk-site/uk/svs_core/uk=2, 1741626728603
Received update: /ndn/lv-site/lv/svs_core/lv=2, 1741626728923
Received update: /ndn/lt-site/lt/svs_core/lt=2, 1741626729900
Received update: /ndn/pt-site/pt/svs_core/pt=2, 1741626729959
Received update: /ndn/am-site/am/svs_core/am=2, 1741626731351
Received update: /ndn/tr-site/tr/svs_core/tr=2, 1741626731554
Received update: /ndn/cz-site/cz/svs_core/cz=3, 1741626732338
Received update: /ndn/is-site/is/svs_core/is=3, 1741626733085
Received update: /ndn/md-site/md/svs_core/md=3, 1741626734969
Received update: /ndn/ge-site/ge/svs_core/ge=3, 1741626735587
Received update: /ndn/ro-site/ro/svs_core/ro=3, 1741626736809
Received update: /ndn/me-site/me/svs_core/me=3, 1741626737523
Received update: /ndn/hu-site/hu/svs_core/hu=3, 1741626740249
Received update: /ndn/nl-site/nl/svs_core/nl=3, 1741626740480
Received update: /ndn/de1-site/de1/svs_core/de1=3, 1741626741552
Received update: /ndn/dk-site/dk/svs_core/dk=3, 1741626741898
Received update: /ndn/lu-site/lu/svs_core/lu=3, 1741626742662
Received update: /ndn/cy-site/cy/svs_core/cy=3, 1741626745054
Received update: /ndn/es-site/es/svs_core/es=3, 1741626746976
Received update: /ndn/ie-site/ie/svs_core/ie=3, 1741626749644
Received update: /ndn/se-site/se/svs_core/se=3, 1741626751377
Received update: /ndn/by-site/by/svs_core/by=3, 1741626753033
Received update: /ndn/il-site/il/svs_core/il=3, 1741626753807
Received update: /ndn/mt-site/mt/svs_core/mt=3, 1741626754191
Received update: /ndn/al-site/al/svs_core/al=3, 1741626754785
Received update: /ndn/no-site/no/svs_core/no=3, 1741626755804
Received update: /ndn/az-site/az/svs_core/az=3, 1741626755966
Received update: /ndn/it-site/it/svs_core/it=3, 1741626757253
Received update: /ndn/fr1-site/fr1/svs_core/fr1=3, 1741626759347
Received update: /ndn/si-site/si/svs_core/si=3, 1741626759474
Received update: /ndn/hr-site/hr/svs_core/hr=3, 1741626759486
Published sequence number: /ndn/de2-site/de2/svs_core/de2=3, 1741626760897
Sending Sync interest
Received update: /ndn/be-site/be/svs_core/be=3, 1741626762387
Received update: /ndn/at-site/at/svs_core/at=3, 1741626762504
Received update: /ndn/mk-site/mk/svs_core/mk=3, 1741626762544
Received update: /ndn/ee-site/ee/svs_core/ee=3, 1741626763675
Received update: /ndn/fi-site/fi/svs_core/fi=3, 1741626765167
Received update: /ndn/gr-site/gr/svs_core/gr=3, 1741626765519
Received update: /ndn/fr2-site/fr2/svs_core/fr2=3, 1741626765619
Received update: /ndn/bg-site/bg/svs_core/bg=3, 1741626767161
Received update: /ndn/ch-site/ch/svs_core/ch=3, 1741626767377
Received update: /ndn/pl-site/pl/svs_core/pl=3, 1741626768659
Received update: /ndn/ua-site/ua/svs_core/ua=3, 1741626769338
Received update: /ndn/sk-site/sk/svs_core/sk=3, 1741626772516
Received update: /ndn/rs-site/rs/svs_core/rs=3, 1741626772961
Received update: /ndn/uk-site/uk/svs_core/uk=3, 1741626773606
Received update: /ndn/lv-site/lv/svs_core/lv=3, 1741626773927
Received update: /ndn/lt-site/lt/svs_core/lt=3, 1741626774905
Received update: /ndn/pt-site/pt/svs_core/pt=3, 1741626774962
Received update: /ndn/am-site/am/svs_core/am=3, 1741626776357
Received update: /ndn/tr-site/tr/svs_core/tr=3, 1741626776554
Received update: /ndn/cz-site/cz/svs_core/cz=4, 1741626777343
Received update: /ndn/is-site/is/svs_core/is=4, 1741626778091
Received update: /ndn/md-site/md/svs_core/md=4, 1741626779967
Received update: /ndn/ge-site/ge/svs_core/ge=4, 1741626780591
Received update: /ndn/ro-site/ro/svs_core/ro=4, 1741626781817
Received update: /ndn/me-site/me/svs_core/me=4, 1741626782526
Received update: /ndn/hu-site/hu/svs_core/hu=4, 1741626785254
Received update: /ndn/nl-site/nl/svs_core/nl=4, 1741626785485
Received update: /ndn/de1-site/de1/svs_core/de1=4, 1741626786558
Received update: /ndn/dk-site/dk/svs_core/dk=4, 1741626786904
Received update: /ndn/lu-site/lu/svs_core/lu=4, 1741626787668
Received update: /ndn/cy-site/cy/svs_core/cy=4, 1741626790060
Received update: /ndn/es-site/es/svs_core/es=4, 1741626791974
Received update: /ndn/ie-site/ie/svs_core/ie=4, 1741626794646
Received update: /ndn/se-site/se/svs_core/se=4, 1741626796377
Received update: /ndn/by-site/by/svs_core/by=4, 1741626798035
Received update: /ndn/il-site/il/svs_core/il=4, 1741626798813
Received update: /ndn/mt-site/mt/svs_core/mt=4, 1741626799199
Received update: /ndn/al-site/al/svs_core/al=4, 1741626799790
Received update: /ndn/no-site/no/svs_core/no=4, 1741626800810
Received update: /ndn/az-site/az/svs_core/az=4, 1741626800969
Received update: /ndn/it-site/it/svs_core/it=4, 1741626802258
Received update: /ndn/fr1-site/fr1/svs_core/fr1=4, 1741626804354
Received update: /ndn/si-site/si/svs_core/si=4, 1741626804477
Received update: /ndn/hr-site/hr/svs_core/hr=4, 1741626804491
Published sequence number: /ndn/de2-site/de2/svs_core/de2=4, 1741626805900
Sending Sync interest
Received update: /ndn/be-site/be/svs_core/be=4, 1741626807390
Received update: /ndn/at-site/at/svs_core/at=4, 1741626807496
Received update: /ndn/mk-site/mk/svs_core/mk=4, 1741626807547
Received update: /ndn/ee-site/ee/svs_core/ee=4, 1741626808684
Received update: /ndn/fi-site/fi/svs_core/fi=4, 1741626810172
Received update: /ndn/gr-site/gr/svs_core/gr=4, 1741626810527
Received update: /ndn/fr2-site/fr2/svs_core/fr2=4, 1741626810621
Received update: /ndn/bg-site/bg/svs_core/bg=4, 1741626812165
Received update: /ndn/ch-site/ch/svs_core/ch=4, 1741626812378
Received update: /ndn/pl-site/pl/svs_core/pl=4, 1741626813657
Received update: /ndn/ua-site/ua/svs_core/ua=4, 1741626814346
Received update: /ndn/sk-site/sk/svs_core/sk=4, 1741626817517
Received update: /ndn/rs-site/rs/svs_core/rs=4, 1741626817961
Received update: /ndn/uk-site/uk/svs_core/uk=4, 1741626818607
Received update: /ndn/lv-site/lv/svs_core/lv=4, 1741626818929
Received update: /ndn/lt-site/lt/svs_core/lt=4, 1741626819909
Received update: /ndn/pt-site/pt/svs_core/pt=4, 1741626819966
Received update: /ndn/am-site/am/svs_core/am=4, 1741626821358
Received update: /ndn/tr-site/tr/svs_core/tr=4, 1741626821561
Received update: /ndn/cz-site/cz/svs_core/cz=5, 1741626822343
Received update: /ndn/is-site/is/svs_core/is=5, 1741626823092
Received update: /ndn/md-site/md/svs_core/md=5, 1741626824977
Received update: /ndn/ge-site/ge/svs_core/ge=5, 1741626825594
Received update: /ndn/ro-site/ro/svs_core/ro=5, 1741626826822
Received update: /ndn/me-site/me/svs_core/me=5, 1741626827522
Received update: /ndn/hu-site/hu/svs_core/hu=5, 1741626830264
Received update: /ndn/nl-site/nl/svs_core/nl=5, 1741626830488
Received update: /ndn/de1-site/de1/svs_core/de1=5, 1741626831561
Received update: /ndn/dk-site/dk/svs_core/dk=5, 1741626831907
Received update: /ndn/lu-site/lu/svs_core/lu=5, 1741626832671
Received update: /ndn/cy-site/cy/svs_core/cy=5, 1741626835063
Received update: /ndn/es-site/es/svs_core/es=5, 1741626836979
Received update: /ndn/ie-site/ie/svs_core/ie=5, 1741626839644
Received update: /ndn/se-site/se/svs_core/se=5, 1741626841377
Received update: /ndn/by-site/by/svs_core/by=5, 1741626843036
Received update: /ndn/il-site/il/svs_core/il=5, 1741626843817
Received update: /ndn/mt-site/mt/svs_core/mt=5, 1741626844198
Received update: /ndn/al-site/al/svs_core/al=5, 1741626844793
Received update: /ndn/no-site/no/svs_core/no=5, 1741626845809
Received update: /ndn/az-site/az/svs_core/az=5, 1741626845990
Received update: /ndn/it-site/it/svs_core/it=5, 1741626847260
Received update: /ndn/fr1-site/fr1/svs_core/fr1=5, 1741626849360
Received update: /ndn/si-site/si/svs_core/si=5, 1741626849482
Received update: /ndn/hr-site/hr/svs_core/hr=5, 1741626849496
Published sequence number: /ndn/de2-site/de2/svs_core/de2=5, 1741626850905
Sending Sync interest
Received update: /ndn/be-site/be/svs_core/be=5, 1741626852391
Received update: /ndn/at-site/at/svs_core/at=5, 1741626852505
Received update: /ndn/mk-site/mk/svs_core/mk=5, 1741626852550
Received update: /ndn/ee-site/ee/svs_core/ee=5, 1741626853687
Received update: /ndn/fi-site/fi/svs_core/fi=5, 1741626855181
Received update: /ndn/gr-site/gr/svs_core/gr=5, 1741626855528
Received update: /ndn/fr2-site/fr2/svs_core/fr2=5, 1741626855630
Received update: /ndn/bg-site/bg/svs_core/bg=5, 1741626857186
Received update: /ndn/ch-site/ch/svs_core/ch=5, 1741626857381
Received update: /ndn/pl-site/pl/svs_core/pl=5, 1741626858660
Received update: /ndn/ua-site/ua/svs_core/ua=5, 1741626859349
Received update: /ndn/sk-site/sk/svs_core/sk=5, 1741626862524
Received update: /ndn/rs-site/rs/svs_core/rs=5, 1741626862962
Received update: /ndn/uk-site/uk/svs_core/uk=5, 1741626863609
Received update: /ndn/lv-site/lv/svs_core/lv=5, 1741626863937
Received update: /ndn/lt-site/lt/svs_core/lt=5, 1741626864910
Received update: /ndn/pt-site/pt/svs_core/pt=5, 1741626864965
Received update: /ndn/am-site/am/svs_core/am=5, 1741626866360
Received update: /ndn/tr-site/tr/svs_core/tr=5, 1741626866561
Received update: /ndn/cz-site/cz/svs_core/cz=6, 1741626867347
Received update: /ndn/is-site/is/svs_core/is=6, 1741626868095
Received update: /ndn/md-site/md/svs_core/md=6, 1741626869981
Received update: /ndn/ge-site/ge/svs_core/ge=6, 1741626870595
Received update: /ndn/ro-site/ro/svs_core/ro=6, 1741626871827
Received update: /ndn/me-site/me/svs_core/me=6, 1741626872534
Received update: /ndn/hu-site/hu/svs_core/hu=6, 1741626875258
Received update: /ndn/nl-site/nl/svs_core/nl=6, 1741626875497
Received update: /ndn/de1-site/de1/svs_core/de1=6, 1741626876562
Received update: /ndn/dk-site/dk/svs_core/dk=6, 1741626876906
Received update: /ndn/lu-site/lu/svs_core/lu=6, 1741626877673
Received update: /ndn/cy-site/cy/svs_core/cy=6, 1741626880065
Received update: /ndn/es-site/es/svs_core/es=6, 1741626881981
Received update: /ndn/ie-site/ie/svs_core/ie=6, 1741626884645
Received update: /ndn/se-site/se/svs_core/se=6, 1741626886385
Received update: /ndn/by-site/by/svs_core/by=6, 1741626888039
Received update: /ndn/il-site/il/svs_core/il=6, 1741626888821
Received update: /ndn/mt-site/mt/svs_core/mt=6, 1741626889202
Received update: /ndn/al-site/al/svs_core/al=6, 1741626889789
Received update: /ndn/no-site/no/svs_core/no=6, 1741626890811
Received update: /ndn/az-site/az/svs_core/az=6, 1741626890971
Received update: /ndn/it-site/it/svs_core/it=6, 1741626892265
Received update: /ndn/fr1-site/fr1/svs_core/fr1=6, 1741626894367
Received update: /ndn/si-site/si/svs_core/si=6, 1741626894487
Received update: /ndn/hr-site/hr/svs_core/hr=6, 1741626894498
Published sequence number: /ndn/de2-site/de2/svs_core/de2=6, 1741626895908
Sending Sync interest
Received update: /ndn/be-site/be/svs_core/be=6, 1741626897391
Received update: /ndn/at-site/at/svs_core/at=6, 1741626897504
Received update: /ndn/mk-site/mk/svs_core/mk=6, 1741626897546
Received update: /ndn/ee-site/ee/svs_core/ee=6, 1741626898687
Received update: /ndn/fi-site/fi/svs_core/fi=6, 1741626900183
Received update: /ndn/gr-site/gr/svs_core/gr=6, 1741626900531
Received update: /ndn/fr2-site/fr2/svs_core/fr2=6, 1741626900634
Received update: /ndn/bg-site/bg/svs_core/bg=6, 1741626902174
Received update: /ndn/ch-site/ch/svs_core/ch=6, 1741626902385
Received update: /ndn/pl-site/pl/svs_core/pl=6, 1741626903660
Received update: /ndn/ua-site/ua/svs_core/ua=6, 1741626904357
Received update: /ndn/sk-site/sk/svs_core/sk=6, 1741626907523
Received update: /ndn/rs-site/rs/svs_core/rs=6, 1741626907966
Received update: /ndn/uk-site/uk/svs_core/uk=6, 1741626908612
Received update: /ndn/lv-site/lv/svs_core/lv=6, 1741626908937
Received update: /ndn/lt-site/lt/svs_core/lt=6, 1741626909910
Received update: /ndn/pt-site/pt/svs_core/pt=6, 1741626909966
Received update: /ndn/am-site/am/svs_core/am=6, 1741626911362
Received update: /ndn/tr-site/tr/svs_core/tr=6, 1741626911563
Received update: /ndn/cz-site/cz/svs_core/cz=7, 1741626912353
Received update: /ndn/is-site/is/svs_core/is=7, 1741626913100
Received update: /ndn/md-site/md/svs_core/md=7, 1741626914987
Received update: /ndn/ge-site/ge/svs_core/ge=7, 1741626915596
Received update: /ndn/ro-site/ro/svs_core/ro=7, 1741626916834
Received update: /ndn/me-site/me/svs_core/me=7, 1741626917537
Received update: /ndn/hu-site/hu/svs_core/hu=7, 1741626920260
Received update: /ndn/nl-site/nl/svs_core/nl=7, 1741626920499
Received update: /ndn/de1-site/de1/svs_core/de1=7, 1741626921565
Received update: /ndn/dk-site/dk/svs_core/dk=7, 1741626921914
Received update: /ndn/lu-site/lu/svs_core/lu=7, 1741626922676
Received update: /ndn/cy-site/cy/svs_core/cy=7, 1741626925068
Received update: /ndn/es-site/es/svs_core/es=7, 1741626926983
Received update: /ndn/ie-site/ie/svs_core/ie=7, 1741626929651
Received update: /ndn/se-site/se/svs_core/se=7, 1741626931385
Received update: /ndn/by-site/by/svs_core/by=7, 1741626933038
Received update: /ndn/il-site/il/svs_core/il=7, 1741626933825
Received update: /ndn/mt-site/mt/svs_core/mt=7, 1741626934217
Received update: /ndn/al-site/al/svs_core/al=7, 1741626934798
Received update: /ndn/no-site/no/svs_core/no=7, 1741626935814
Received update: /ndn/az-site/az/svs_core/az=7, 1741626935971
Received update: /ndn/it-site/it/svs_core/it=7, 1741626937264
Received update: /ndn/fr1-site/fr1/svs_core/fr1=7, 1741626939364
Received update: /ndn/si-site/si/svs_core/si=7, 1741626939491
Received update: /ndn/hr-site/hr/svs_core/hr=7, 1741626939498
Published sequence number: /ndn/de2-site/de2/svs_core/de2=7, 1741626940913
Sending Sync interest
Received update: /ndn/be-site/be/svs_core/be=7, 1741626942399
Received update: /ndn/at-site/at/svs_core/at=7, 1741626942508
Received update: /ndn/mk-site/mk/svs_core/mk=7, 1741626942549
Received update: /ndn/ee-site/ee/svs_core/ee=7, 1741626943693
Received update: /ndn/fi-site/fi/svs_core/fi=7, 1741626945186
Received update: /ndn/gr-site/gr/svs_core/gr=7, 1741626945531
Received update: /ndn/fr2-site/fr2/svs_core/fr2=7, 1741626945639
Received update: /ndn/bg-site/bg/svs_core/bg=7, 1741626947179
Received update: /ndn/ch-site/ch/svs_core/ch=7, 1741626947386
Received update: /ndn/pl-site/pl/svs_core/pl=7, 1741626948665
Received update: /ndn/ua-site/ua/svs_core/ua=7, 1741626949354
Received update: /ndn/sk-site/sk/svs_core/sk=7, 1741626952539
Received update: /ndn/rs-site/rs/svs_core/rs=7, 1741626952969
Received update: /ndn/uk-site/uk/svs_core/uk=7, 1741626953616
Received update: /ndn/lv-site/lv/svs_core/lv=7, 1741626953940
Received update: /ndn/lt-site/lt/svs_core/lt=7, 1741626954919
Received update: /ndn/pt-site/pt/svs_core/pt=7, 1741626954970
Received update: /ndn/am-site/am/svs_core/am=7, 1741626956364
Received update: /ndn/tr-site/tr/svs_core/tr=7, 1741626956568
Received update: /ndn/cz-site/cz/svs_core/cz=8, 1741626957352
Received update: /ndn/is-site/is/svs_core/is=8, 1741626958100
Received update: /ndn/md-site/md/svs_core/md=8, 1741626959990
Received update: /ndn/ge-site/ge/svs_core/ge=8, 1741626960604
Received update: /ndn/ro-site/ro/svs_core/ro=8, 1741626961829
Received update: /ndn/me-site/me/svs_core/me=8, 1741626962565
Received update: /ndn/hu-site/hu/svs_core/hu=8, 1741626965263
Received update: /ndn/nl-site/nl/svs_core/nl=8, 1741626965505
Received update: /ndn/de1-site/de1/svs_core/de1=8, 1741626966569
Received update: /ndn/dk-site/dk/svs_core/dk=8, 1741626966912
Received update: /ndn/lu-site/lu/svs_core/lu=8, 1741626967678
Received update: /ndn/cy-site/cy/svs_core/cy=8, 1741626970072
Received update: /ndn/es-site/es/svs_core/es=8, 1741626971985
Received update: /ndn/ie-site/ie/svs_core/ie=8, 1741626974649
Received update: /ndn/se-site/se/svs_core/se=8, 1741626976393
Received update: /ndn/by-site/by/svs_core/by=8, 1741626978046
Received update: /ndn/il-site/il/svs_core/il=8, 1741626978830
Received update: /ndn/mt-site/mt/svs_core/mt=8, 1741626979209
Received update: /ndn/al-site/al/svs_core/al=8, 1741626979798
Received update: /ndn/no-site/no/svs_core/no=8, 1741626980814
Received update: /ndn/az-site/az/svs_core/az=8, 1741626980976
Received update: /ndn/it-site/it/svs_core/it=8, 1741626982269
Received update: /ndn/fr1-site/fr1/svs_core/fr1=8, 1741626984373
Received update: /ndn/si-site/si/svs_core/si=8, 1741626984492
Received update: /ndn/hr-site/hr/svs_core/hr=8, 1741626984501
Published sequence number: /ndn/de2-site/de2/svs_core/de2=8, 1741626985916
Sending Sync interest
Received update: /ndn/be-site/be/svs_core/be=8, 1741626987403
Received update: /ndn/at-site/at/svs_core/at=8, 1741626987515
Received update: /ndn/mk-site/mk/svs_core/mk=8, 1741626987554
Received update: /ndn/ee-site/ee/svs_core/ee=8, 1741626988701
Received update: /ndn/fi-site/fi/svs_core/fi=8, 1741626990190
Received update: /ndn/gr-site/gr/svs_core/gr=8, 1741626990532
Received update: /ndn/fr2-site/fr2/svs_core/fr2=8, 1741626990643
Received update: /ndn/bg-site/bg/svs_core/bg=8, 1741626992182
Received update: /ndn/ch-site/ch/svs_core/ch=8, 1741626992387
Received update: /ndn/pl-site/pl/svs_core/pl=8, 1741626993670
Received update: /ndn/ua-site/ua/svs_core/ua=8, 1741626994359
Received update: /ndn/sk-site/sk/svs_core/sk=8, 1741626997534
Received update: /ndn/rs-site/rs/svs_core/rs=8, 1741626997970
Received update: /ndn/uk-site/uk/svs_core/uk=8, 1741626998620
Received update: /ndn/lv-site/lv/svs_core/lv=8, 1741626998946
Received update: /ndn/lt-site/lt/svs_core/lt=8, 1741626999921
Received update: /ndn/pt-site/pt/svs_core/pt=8, 1741626999975
Received update: /ndn/am-site/am/svs_core/am=8, 1741627001363
Received update: /ndn/tr-site/tr/svs_core/tr=8, 1741627001575
Received update: /ndn/cz-site/cz/svs_core/cz=9, 1741627002353
Received update: /ndn/is-site/is/svs_core/is=9, 1741627003107
Received update: /ndn/md-site/md/svs_core/md=9, 1741627004994
Received update: /ndn/ge-site/ge/svs_core/ge=9, 1741627005601
Received update: /ndn/ro-site/ro/svs_core/ro=9, 1741627006833
Received update: /ndn/me-site/me/svs_core/me=9, 1741627007545
Received update: /ndn/hu-site/hu/svs_core/hu=9, 1741627010273
Received update: /ndn/nl-site/nl/svs_core/nl=9, 1741627010514
Received update: /ndn/de1-site/de1/svs_core/de1=9, 1741627011580
Received update: /ndn/dk-site/dk/svs_core/dk=9, 1741627011919
Received update: /ndn/lu-site/lu/svs_core/lu=9, 1741627012680
Received update: /ndn/cy-site/cy/svs_core/cy=9, 1741627015078
Received update: /ndn/es-site/es/svs_core/es=9, 1741627016993
Received update: /ndn/ie-site/ie/svs_core/ie=9, 1741627019654
Received update: /ndn/se-site/se/svs_core/se=9, 1741627021396
Received update: /ndn/by-site/by/svs_core/by=9, 1741627023049
Received update: /ndn/il-site/il/svs_core/il=9, 1741627023830
Received update: /ndn/mt-site/mt/svs_core/mt=9, 1741627024213
Received update: /ndn/al-site/al/svs_core/al=9, 1741627024800
Received update: /ndn/no-site/no/svs_core/no=9, 1741627025819
Received update: /ndn/az-site/az/svs_core/az=9, 1741627025983
Received update: /ndn/it-site/it/svs_core/it=9, 1741627027271
Received update: /ndn/fr1-site/fr1/svs_core/fr1=9, 1741627029375
Received update: /ndn/si-site/si/svs_core/si=9, 1741627029494
Received update: /ndn/hr-site/hr/svs_core/hr=9, 1741627029501
Published sequence number: /ndn/de2-site/de2/svs_core/de2=9, 1741627030920
Sending Sync interest
Received update: /ndn/be-site/be/svs_core/be=9, 1741627032398
Received update: /ndn/at-site/at/svs_core/at=9, 1741627032517
Received update: /ndn/mk-site/mk/svs_core/mk=9, 1741627032556
Received update: /ndn/ee-site/ee/svs_core/ee=9, 1741627033704
Received update: /ndn/fi-site/fi/svs_core/fi=9, 1741627035191
Received update: /ndn/gr-site/gr/svs_core/gr=9, 1741627035537
Received update: /ndn/fr2-site/fr2/svs_core/fr2=9, 1741627035646
Received update: /ndn/bg-site/bg/svs_core/bg=9, 1741627037186
Received update: /ndn/ch-site/ch/svs_core/ch=9, 1741627037394
Received update: /ndn/pl-site/pl/svs_core/pl=9, 1741627038674
Received update: /ndn/ua-site/ua/svs_core/ua=9, 1741627039360
Received update: /ndn/sk-site/sk/svs_core/sk=9, 1741627042536
Received update: /ndn/rs-site/rs/svs_core/rs=9, 1741627042977
Received update: /ndn/uk-site/uk/svs_core/uk=9, 1741627043625
Received update: /ndn/lv-site/lv/svs_core/lv=9, 1741627043946
Received update: /ndn/lt-site/lt/svs_core/lt=9, 1741627044923
Received update: /ndn/pt-site/pt/svs_core/pt=9, 1741627044974
Received update: /ndn/am-site/am/svs_core/am=9, 1741627046368
Received update: /ndn/tr-site/tr/svs_core/tr=9, 1741627046580
Received update: /ndn/cz-site/cz/svs_core/cz=10, 1741627047355
Received update: /ndn/is-site/is/svs_core/is=10, 1741627048119
Received update: /ndn/md-site/md/svs_core/md=10, 1741627049996
Received update: /ndn/ge-site/ge/svs_core/ge=10, 1741627050607
Received update: /ndn/ro-site/ro/svs_core/ro=10, 1741627051837
Received update: /ndn/me-site/me/svs_core/me=10, 1741627052551
Received update: /ndn/hu-site/hu/svs_core/hu=10, 1741627055273
Received update: /ndn/nl-site/nl/svs_core/nl=10, 1741627055515
Received update: /ndn/de1-site/de1/svs_core/de1=10, 1741627056578
Received update: /ndn/dk-site/dk/svs_core/dk=10, 1741627056923
Received update: /ndn/lu-site/lu/svs_core/lu=10, 1741627057683
Received update: /ndn/cy-site/cy/svs_core/cy=10, 1741627060078
Received update: /ndn/es-site/es/svs_core/es=10, 1741627061993
Received update: /ndn/ie-site/ie/svs_core/ie=10, 1741627064659
Received update: /ndn/se-site/se/svs_core/se=10, 1741627066399
Received update: /ndn/by-site/by/svs_core/by=10, 1741627068058
Received update: /ndn/il-site/il/svs_core/il=10, 1741627068838
Received update: /ndn/mt-site/mt/svs_core/mt=10, 1741627069219
Received update: /ndn/al-site/al/svs_core/al=10, 1741627069806
Received update: /ndn/no-site/no/svs_core/no=10, 1741627070825
Received update: /ndn/az-site/az/svs_core/az=10, 1741627070986
Received update: /ndn/it-site/it/svs_core/it=10, 1741627072271
Received update: /ndn/fr1-site/fr1/svs_core/fr1=10, 1741627074380
Received update: /ndn/si-site/si/svs_core/si=10, 1741627074502
Received update: /ndn/hr-site/hr/svs_core/hr=10, 1741627074506
Published sequence number: /ndn/de2-site/de2/svs_core/de2=10, 1741627075925
Sending Sync interest
Received update: /ndn/be-site/be/svs_core/be=10, 1741627077402
Received update: /ndn/at-site/at/svs_core/at=10, 1741627077522
Received update: /ndn/mk-site/mk/svs_core/mk=10, 1741627077563
Received update: /ndn/ee-site/ee/svs_core/ee=10, 1741627078711
Received update: /ndn/fi-site/fi/svs_core/fi=10, 1741627080198
Received update: /ndn/gr-site/gr/svs_core/gr=10, 1741627080542
Received update: /ndn/fr2-site/fr2/svs_core/fr2=10, 1741627080650
Received update: /ndn/bg-site/bg/svs_core/bg=10, 1741627082191
Received update: /ndn/ch-site/ch/svs_core/ch=10, 1741627082398
Received update: /ndn/pl-site/pl/svs_core/pl=10, 1741627083680
Received update: /ndn/ua-site/ua/svs_core/ua=10, 1741627084363
Received update: /ndn/sk-site/sk/svs_core/sk=10, 1741627087533
Received update: /ndn/rs-site/rs/svs_core/rs=10, 1741627087979
Received update: /ndn/uk-site/uk/svs_core/uk=10, 1741627088627
Received update: /ndn/lv-site/lv/svs_core/lv=10, 1741627088953
Received update: /ndn/lt-site/lt/svs_core/lt=10, 1741627089931
Received update: /ndn/pt-site/pt/svs_core/pt=10, 1741627089979
Received update: /ndn/am-site/am/svs_core/am=10, 1741627091368
Received update: /ndn/tr-site/tr/svs_core/tr=10, 1741627091587
Received update: /ndn/cz-site/cz/svs_core/cz=11, 1741627092352
Received update: /ndn/is-site/is/svs_core/is=11, 1741627093113
Received update: /ndn/md-site/md/svs_core/md=11, 1741627095001
Received update: /ndn/ge-site/ge/svs_core/ge=11, 1741627095609
Received update: /ndn/ro-site/ro/svs_core/ro=11, 1741627096843
Received update: /ndn/me-site/me/svs_core/me=11, 1741627097579
Received update: /ndn/hu-site/hu/svs_core/hu=11, 1741627100278
Received update: /ndn/nl-site/nl/svs_core/nl=11, 1741627100521
Received update: /ndn/de1-site/de1/svs_core/de1=11, 1741627101581
Received update: /ndn/dk-site/dk/svs_core/dk=11, 1741627101921
Received update: /ndn/lu-site/lu/svs_core/lu=11, 1741627102687
Received update: /ndn/cy-site/cy/svs_core/cy=11, 1741627105085
Received update: /ndn/es-site/es/svs_core/es=11, 1741627106998
Received update: /ndn/ie-site/ie/svs_core/ie=11, 1741627109659
Received update: /ndn/se-site/se/svs_core/se=11, 1741627111402
Received update: /ndn/by-site/by/svs_core/by=11, 1741627113056
Received update: /ndn/il-site/il/svs_core/il=11, 1741627113835
Received update: /ndn/mt-site/mt/svs_core/mt=11, 1741627114223
Received update: /ndn/al-site/al/svs_core/al=11, 1741627114804
Received update: /ndn/no-site/no/svs_core/no=11, 1741627115828
Received update: /ndn/az-site/az/svs_core/az=11, 1741627115988
Received update: /ndn/it-site/it/svs_core/it=11, 1741627117278
Received update: /ndn/fr1-site/fr1/svs_core/fr1=11, 1741627119384
Received update: /ndn/si-site/si/svs_core/si=11, 1741627119499
Received update: /ndn/hr-site/hr/svs_core/hr=11, 1741627119505
Published sequence number: /ndn/de2-site/de2/svs_core/de2=11, 1741627120925
Sending Sync interest
Received update: /ndn/be-site/be/svs_core/be=11, 1741627122405
Received update: /ndn/at-site/at/svs_core/at=11, 1741627122523
Received update: /ndn/mk-site/mk/svs_core/mk=11, 1741627122574
Received update: /ndn/ee-site/ee/svs_core/ee=11, 1741627123713
Received update: /ndn/fi-site/fi/svs_core/fi=11, 1741627125201
Received update: /ndn/gr-site/gr/svs_core/gr=11, 1741627125547
Received update: /ndn/fr2-site/fr2/svs_core/fr2=11, 1741627125652
Received update: /ndn/bg-site/bg/svs_core/bg=11, 1741627127196
Received update: /ndn/ch-site/ch/svs_core/ch=11, 1741627127403
Received update: /ndn/pl-site/pl/svs_core/pl=11, 1741627128684
Received update: /ndn/ua-site/ua/svs_core/ua=11, 1741627129368
Received update: /ndn/sk-site/sk/svs_core/sk=11, 1741627132538
Received update: /ndn/rs-site/rs/svs_core/rs=11, 1741627132986
Received update: /ndn/uk-site/uk/svs_core/uk=11, 1741627133627
Received update: /ndn/lv-site/lv/svs_core/lv=11, 1741627133956
Received update: /ndn/lt-site/lt/svs_core/lt=11, 1741627134934
Received update: /ndn/pt-site/pt/svs_core/pt=11, 1741627134975
Received update: /ndn/am-site/am/svs_core/am=11, 1741627136373
Received update: /ndn/tr-site/tr/svs_core/tr=11, 1741627136588
Received update: /ndn/cz-site/cz/svs_core/cz=12, 1741627137365
Received update: /ndn/is-site/is/svs_core/is=12, 1741627138113
Received update: /ndn/md-site/md/svs_core/md=12, 1741627140003
Received update: /ndn/ge-site/ge/svs_core/ge=12, 1741627140612
Received update: /ndn/ro-site/ro/svs_core/ro=12, 1741627141844
Received update: /ndn/me-site/me/svs_core/me=12, 1741627142562
Received update: /ndn/hu-site/hu/svs_core/hu=12, 1741627145281
Received update: /ndn/nl-site/nl/svs_core/nl=12, 1741627145526
Received update: /ndn/de1-site/de1/svs_core/de1=12, 1741627146583
Received update: /ndn/dk-site/dk/svs_core/dk=12, 1741627146927
Received update: /ndn/lu-site/lu/svs_core/lu=12, 1741627147691
Received update: /ndn/cy-site/cy/svs_core/cy=12, 1741627150087
Received update: /ndn/es-site/es/svs_core/es=12, 1741627152003
Received update: /ndn/ie-site/ie/svs_core/ie=12, 1741627154668
Received update: /ndn/se-site/se/svs_core/se=12, 1741627156411
Received update: /ndn/by-site/by/svs_core/by=12, 1741627158063
Received update: /ndn/il-site/il/svs_core/il=12, 1741627158841
Received update: /ndn/mt-site/mt/svs_core/mt=12, 1741627159228
Received update: /ndn/al-site/al/svs_core/al=12, 1741627159808
Received update: /ndn/no-site/no/svs_core/no=12, 1741627160826
Received update: /ndn/az-site/az/svs_core/az=12, 1741627160991
Received update: /ndn/it-site/it/svs_core/it=12, 1741627162277
Received update: /ndn/fr1-site/fr1/svs_core/fr1=12, 1741627164388
Received update: /ndn/si-site/si/svs_core/si=12, 1741627164511
Received update: /ndn/hr-site/hr/svs_core/hr=12, 1741627164515
Published sequence number: /ndn/de2-site/de2/svs_core/de2=12, 1741627165927
Sending Sync interest
Received update: /ndn/be-site/be/svs_core/be=12, 1741627167405
Received update: /ndn/at-site/at/svs_core/at=12, 1741627167533
Received update: /ndn/mk-site/mk/svs_core/mk=12, 1741627167570
Received update: /ndn/ee-site/ee/svs_core/ee=12, 1741627168717
Received update: /ndn/fi-site/fi/svs_core/fi=12, 1741627170203
Received update: /ndn/gr-site/gr/svs_core/gr=12, 1741627170551
Received update: /ndn/fr2-site/fr2/svs_core/fr2=12, 1741627170664
Received update: /ndn/bg-site/bg/svs_core/bg=12, 1741627172199
Received update: /ndn/ch-site/ch/svs_core/ch=12, 1741627172409
Received update: /ndn/pl-site/pl/svs_core/pl=12, 1741627173688
Received update: /ndn/ua-site/ua/svs_core/ua=12, 1741627174375
Received update: /ndn/sk-site/sk/svs_core/sk=12, 1741627177541
Received update: /ndn/rs-site/rs/svs_core/rs=12, 1741627177985
Received update: /ndn/uk-site/uk/svs_core/uk=12, 1741627178636
Received update: /ndn/lv-site/lv/svs_core/lv=12, 1741627178957
Received update: /ndn/lt-site/lt/svs_core/lt=12, 1741627179936
Received update: /ndn/pt-site/pt/svs_core/pt=12, 1741627179980
Received update: /ndn/am-site/am/svs_core/am=12, 1741627181373
Received update: /ndn/tr-site/tr/svs_core/tr=12, 1741627181592
Received update: /ndn/cz-site/cz/svs_core/cz=13, 1741627182364
Received update: /ndn/is-site/is/svs_core/is=13, 1741627183118
Received update: /ndn/md-site/md/svs_core/md=13, 1741627185005
Received update: /ndn/ge-site/ge/svs_core/ge=13, 1741627185612
Received update: /ndn/ro-site/ro/svs_core/ro=13, 1741627186854
Received update: /ndn/me-site/me/svs_core/me=13, 1741627187566
Received update: /ndn/hu-site/hu/svs_core/hu=13, 1741627190284
Received update: /ndn/nl-site/nl/svs_core/nl=13, 1741627190531
Received update: /ndn/de1-site/de1/svs_core/de1=13, 1741627191589
Received update: /ndn/dk-site/dk/svs_core/dk=13, 1741627191930
Received update: /ndn/lu-site/lu/svs_core/lu=13, 1741627192693
Received update: /ndn/cy-site/cy/svs_core/cy=13, 1741627195093
Received update: /ndn/es-site/es/svs_core/es=13, 1741627197010
Received update: /ndn/ie-site/ie/svs_core/ie=13, 1741627199670
Received update: /ndn/se-site/se/svs_core/se=13, 1741627201415
Received update: /ndn/by-site/by/svs_core/by=13, 1741627203067
Received update: /ndn/il-site/il/svs_core/il=13, 1741627203843
Received update: /ndn/mt-site/mt/svs_core/mt=13, 1741627204233
Received update: /ndn/al-site/al/svs_core/al=13, 1741627204808
Received update: /ndn/no-site/no/svs_core/no=13, 1741627205834
Received update: /ndn/az-site/az/svs_core/az=13, 1741627205994
Received update: /ndn/it-site/it/svs_core/it=13, 1741627207287
Received update: /ndn/fr1-site/fr1/svs_core/fr1=13, 1741627209392
Received update: /ndn/si-site/si/svs_core/si=13, 1741627209511
Received update: /ndn/hr-site/hr/svs_core/hr=13, 1741627209515
Published sequence number: /ndn/de2-site/de2/svs_core/de2=13, 1741627210933
Sending Sync interest
Received update: /ndn/be-site/be/svs_core/be=13, 1741627212413
Received update: /ndn/at-site/at/svs_core/at=13, 1741627212537
Received update: /ndn/mk-site/mk/svs_core/mk=13, 1741627212574
Received update: /ndn/ee-site/ee/svs_core/ee=13, 1741627213720
Received update: /ndn/fi-site/fi/svs_core/fi=13, 1741627215210
Received update: /ndn/gr-site/gr/svs_core/gr=13, 1741627215554
Received update: /ndn/fr2-site/fr2/svs_core/fr2=13, 1741627215665
Received update: /ndn/bg-site/bg/svs_core/bg=13, 1741627217208
Received update: /ndn/ch-site/ch/svs_core/ch=13, 1741627217409
Received update: /ndn/pl-site/pl/svs_core/pl=13, 1741627218695
Received update: /ndn/ua-site/ua/svs_core/ua=13, 1741627219379
Received update: /ndn/sk-site/sk/svs_core/sk=13, 1741627222557
Received update: /ndn/rs-site/rs/svs_core/rs=13, 1741627222993
Received update: /ndn/uk-site/uk/svs_core/uk=13, 1741627223640
Received update: /ndn/lv-site/lv/svs_core/lv=13, 1741627223959
Received update: /ndn/lt-site/lt/svs_core/lt=13, 1741627224941
Received update: /ndn/pt-site/pt/svs_core/pt=13, 1741627224981
Received update: /ndn/am-site/am/svs_core/am=13, 1741627226376
Received update: /ndn/tr-site/tr/svs_core/tr=13, 1741627226599
Received update: /ndn/cz-site/cz/svs_core/cz=14, 1741627227365
Received update: /ndn/is-site/is/svs_core/is=14, 1741627228120
Received update: /ndn/md-site/md/svs_core/md=14, 1741627230009
Received update: /ndn/ge-site/ge/svs_core/ge=14, 1741627230616
Received update: /ndn/ro-site/ro/svs_core/ro=14, 1741627231863
Received update: /ndn/me-site/me/svs_core/me=14, 1741627232567
Received update: /ndn/hu-site/hu/svs_core/hu=14, 1741627235299
Received update: /ndn/nl-site/nl/svs_core/nl=14, 1741627235542
Received update: /ndn/de1-site/de1/svs_core/de1=14, 1741627236594
Received update: /ndn/dk-site/dk/svs_core/dk=14, 1741627236934
Received update: /ndn/lu-site/lu/svs_core/lu=14, 1741627237704
Received update: /ndn/cy-site/cy/svs_core/cy=14, 1741627240102
Received update: /ndn/es-site/es/svs_core/es=14, 1741627242012
Received update: /ndn/ie-site/ie/svs_core/ie=14, 1741627244700
Received update: /ndn/se-site/se/svs_core/se=14, 1741627246421
Received update: /ndn/by-site/by/svs_core/by=14, 1741627248075
Received update: /ndn/il-site/il/svs_core/il=14, 1741627248850
Received update: /ndn/mt-site/mt/svs_core/mt=14, 1741627249245
Received update: /ndn/al-site/al/svs_core/al=14, 1741627249815
Received update: /ndn/no-site/no/svs_core/no=14, 1741627250842
Received update: /ndn/az-site/az/svs_core/az=14, 1741627251005
Received update: /ndn/it-site/it/svs_core/it=14, 1741627252300
Received update: /ndn/fr1-site/fr1/svs_core/fr1=14, 1741627254403
Received update: /ndn/hr-site/hr/svs_core/hr=14, 1741627254518
Received update: /ndn/si-site/si/svs_core/si=14, 1741627254521
Published sequence number: /ndn/de2-site/de2/svs_core/de2=14, 1741627255936
Sending Sync interest
Received update: /ndn/be-site/be/svs_core/be=14, 1741627257418
Received update: /ndn/at-site/at/svs_core/at=14, 1741627257554
Received update: /ndn/mk-site/mk/svs_core/mk=14, 1741627257580
Received update: /ndn/ee-site/ee/svs_core/ee=14, 1741627258722
Received update: /ndn/fi-site/fi/svs_core/fi=14, 1741627260222
Received update: /ndn/gr-site/gr/svs_core/gr=14, 1741627260567
Received update: /ndn/fr2-site/fr2/svs_core/fr2=14, 1741627260667
Received update: /ndn/bg-site/bg/svs_core/bg=14, 1741627262207
Received update: /ndn/ch-site/ch/svs_core/ch=14, 1741627262418
Received update: /ndn/pl-site/pl/svs_core/pl=14, 1741627263702
Received update: /ndn/ua-site/ua/svs_core/ua=14, 1741627264384
Received update: /ndn/sk-site/sk/svs_core/sk=14, 1741627267556
Received update: /ndn/rs-site/rs/svs_core/rs=14, 1741627267995
Received update: /ndn/uk-site/uk/svs_core/uk=14, 1741627268650
Received update: /ndn/lv-site/lv/svs_core/lv=14, 1741627268964
Received update: /ndn/lt-site/lt/svs_core/lt=14, 1741627269954
Received update: /ndn/pt-site/pt/svs_core/pt=14, 1741627269990
Received update: /ndn/am-site/am/svs_core/am=14, 1741627271387
Received update: /ndn/tr-site/tr/svs_core/tr=14, 1741627271601
Received update: /ndn/cz-site/cz/svs_core/cz=15, 1741627272378
Received update: /ndn/is-site/is/svs_core/is=15, 1741627273123
Received update: /ndn/md-site/md/svs_core/md=15, 1741627275019
Received update: /ndn/ge-site/ge/svs_core/ge=15, 1741627275624
Received update: /ndn/ro-site/ro/svs_core/ro=15, 1741627276868
Received update: /ndn/me-site/me/svs_core/me=15, 1741627277578
Received update: /ndn/hu-site/hu/svs_core/hu=15, 1741627280298
Received update: /ndn/nl-site/nl/svs_core/nl=15, 1741627280550
Received update: /ndn/de1-site/de1/svs_core/de1=15, 1741627281608
Received update: /ndn/dk-site/dk/svs_core/dk=15, 1741627281948
Received update: /ndn/lu-site/lu/svs_core/lu=15, 1741627282711
Received update: /ndn/cy-site/cy/svs_core/cy=15, 1741627285105
Received update: /ndn/es-site/es/svs_core/es=15, 1741627287024
Received update: /ndn/ie-site/ie/svs_core/ie=15, 1741627289688
Received update: /ndn/se-site/se/svs_core/se=15, 1741627291434
Received update: /ndn/by-site/by/svs_core/by=15, 1741627293080
Received update: /ndn/il-site/il/svs_core/il=15, 1741627293857
Received update: /ndn/mt-site/mt/svs_core/mt=15, 1741627294259
Received update: /ndn/al-site/al/svs_core/al=15, 1741627294818
Received update: /ndn/no-site/no/svs_core/no=15, 1741627295845
Received update: /ndn/az-site/az/svs_core/az=15, 1741627296007
Received update: /ndn/it-site/it/svs_core/it=15, 1741627297308
Received update: /ndn/fr1-site/fr1/svs_core/fr1=15, 1741627299408
Received update: /ndn/si-site/si/svs_core/si=15, 1741627299523
Received update: /ndn/hr-site/hr/svs_core/hr=15, 1741627299528
Published sequence number: /ndn/de2-site/de2/svs_core/de2=15, 1741627300942
Sending Sync interest
Received update: /ndn/be-site/be/svs_core/be=15, 1741627302434
Received update: /ndn/at-site/at/svs_core/at=15, 1741627302545
Received update: /ndn/mk-site/mk/svs_core/mk=15, 1741627302583
Received update: /ndn/ee-site/ee/svs_core/ee=15, 1741627303728
Received update: /ndn/fi-site/fi/svs_core/fi=15, 1741627305224
Received update: /ndn/gr-site/gr/svs_core/gr=15, 1741627305575
Received update: /ndn/fr2-site/fr2/svs_core/fr2=15, 1741627305670
Received update: /ndn/bg-site/bg/svs_core/bg=15, 1741627307211
Received update: /ndn/ch-site/ch/svs_core/ch=15, 1741627307420
Received update: /ndn/pl-site/pl/svs_core/pl=15, 1741627308713
Received update: /ndn/ua-site/ua/svs_core/ua=15, 1741627309390
Received update: /ndn/sk-site/sk/svs_core/sk=15, 1741627312559
Received update: /ndn/rs-site/rs/svs_core/rs=15, 1741627313008
Received update: /ndn/uk-site/uk/svs_core/uk=15, 1741627313658
Received update: /ndn/lv-site/lv/svs_core/lv=15, 1741627313984
Received update: /ndn/lt-site/lt/svs_core/lt=15, 1741627314957
Received update: /ndn/pt-site/pt/svs_core/pt=15, 1741627314994
Received update: /ndn/am-site/am/svs_core/am=15, 1741627316388
Received update: /ndn/tr-site/tr/svs_core/tr=15, 1741627316609
Received update: /ndn/cz-site/cz/svs_core/cz=16, 1741627317386
Received update: /ndn/is-site/is/svs_core/is=16, 1741627318130
Received update: /ndn/md-site/md/svs_core/md=16, 1741627320025
Received update: /ndn/ge-site/ge/svs_core/ge=16, 1741627320637
Received update: /ndn/ro-site/ro/svs_core/ro=16, 1741627321870
Received update: /ndn/me-site/me/svs_core/me=16, 1741627322583
Received update: /ndn/hu-site/hu/svs_core/hu=16, 1741627325306
Received update: /ndn/nl-site/nl/svs_core/nl=16, 1741627325551
Received update: /ndn/de1-site/de1/svs_core/de1=16, 1741627326615
Received update: /ndn/dk-site/dk/svs_core/dk=16, 1741627326950
Received update: /ndn/lu-site/lu/svs_core/lu=16, 1741627327711
Received update: /ndn/cy-site/cy/svs_core/cy=16, 1741627330112
Received update: /ndn/es-site/es/svs_core/es=16, 1741627332029
Received update: /ndn/ie-site/ie/svs_core/ie=16, 1741627334693
Received update: /ndn/se-site/se/svs_core/se=16, 1741627336437
Received update: /ndn/by-site/by/svs_core/by=16, 1741627338087
Received update: /ndn/il-site/il/svs_core/il=16, 1741627338868
Received update: /ndn/mt-site/mt/svs_core/mt=16, 1741627339255
Received update: /ndn/al-site/al/svs_core/al=16, 1741627339823
Received update: /ndn/no-site/no/svs_core/no=16, 1741627340846
Received update: /ndn/az-site/az/svs_core/az=16, 1741627341020
Received update: /ndn/it-site/it/svs_core/it=16, 1741627342320
Received update: /ndn/fr1-site/fr1/svs_core/fr1=16, 1741627344420
Received update: /ndn/si-site/si/svs_core/si=16, 1741627344528
Received update: /ndn/hr-site/hr/svs_core/hr=16, 1741627344530
Published sequence number: /ndn/de2-site/de2/svs_core/de2=16, 1741627345950
Sending Sync interest
Received update: /ndn/be-site/be/svs_core/be=16, 1741627347445
Received update: /ndn/at-site/at/svs_core/at=16, 1741627347550
Received update: /ndn/mk-site/mk/svs_core/mk=16, 1741627347591
Received update: /ndn/ee-site/ee/svs_core/ee=16, 1741627348732
Received update: /ndn/fi-site/fi/svs_core/fi=16, 1741627350233
Received update: /ndn/gr-site/gr/svs_core/gr=16, 1741627350586
Received update: /ndn/fr2-site/fr2/svs_core/fr2=16, 1741627350676
Received update: /ndn/bg-site/bg/svs_core/bg=16, 1741627352214
Received update: /ndn/ch-site/ch/svs_core/ch=16, 1741627352423
Received update: /ndn/pl-site/pl/svs_core/pl=16, 1741627353720
Received update: /ndn/ua-site/ua/svs_core/ua=16, 1741627354391
Received update: /ndn/sk-site/sk/svs_core/sk=16, 1741627357566
Received update: /ndn/rs-site/rs/svs_core/rs=16, 1741627358027
Received update: /ndn/uk-site/uk/svs_core/uk=16, 1741627358669
Received update: /ndn/lv-site/lv/svs_core/lv=16, 1741627358983
Received update: /ndn/lt-site/lt/svs_core/lt=16, 1741627359955
Received update: /ndn/pt-site/pt/svs_core/pt=16, 1741627359992
Received update: /ndn/am-site/am/svs_core/am=16, 1741627361398
Received update: /ndn/tr-site/tr/svs_core/tr=16, 1741627361609
Stopping SVS client: /ndn/de2-site/de2/svs_core/de2
