SVS client starting: /ndn/am-site/am/svs_core/am
Sending Sync interest
Max suppression time updated to: 44
Max suppression time updated to: 68
Max suppression time updated to: 60
Max suppression time updated to: 66
Max suppression time updated to: 66
Max suppression time updated to: 66
Max suppression time updated to: 66
Max suppression time updated to: 66
Max suppression time updated to: 66
Max suppression time updated to: 68
Max suppression time updated to: 66
Max suppression time updated to: 66
Max suppression time updated to: 66
Max suppression time updated to: 68
Max suppression time updated to: 70
Max suppression time updated to: 70
Max suppression time updated to: 68
Max suppression time updated to: 66
Max suppression time updated to: 68
Max suppression time updated to: 68
Max suppression time updated to: 66
Max suppression time updated to: 66
Max suppression time updated to: 66
Max suppression time updated to: 66
Max suppression time updated to: 66
Max suppression time updated to: 66
Received update: /ndn/is-site/is/svs_core/is=1, 1741643176138
Max suppression time updated to: 66
Max suppression time updated to: 64
Max suppression time updated to: 64
Max suppression time updated to: 64
Max suppression time updated to: 68
Max suppression time updated to: 70
Received update: /ndn/ch-site/ch/svs_core/ch=1, 1741643177094
Max suppression time updated to: 74
Received update: /ndn/fi-site/fi/svs_core/fi=1, 1741643177537
Max suppression time updated to: 72
Max suppression time updated to: 72
Max suppression time updated to: 72
Max suppression time updated to: 72
Max suppression time updated to: 72
Max suppression time updated to: 72
Received update: /ndn/sk-site/sk/svs_core/sk=1, 1741643177765
Max suppression time updated to: 70
Received update: /ndn/lu-site/lu/svs_core/lu=1, 1741643181354
Max suppression time updated to: 70
Received update: /ndn/az-site/az/svs_core/az=1, 1741643181410
Max suppression time updated to: 70
Max suppression time updated to: 68
Received update: /ndn/hu-site/hu/svs_core/hu=1, 1741643181484
Max suppression time updated to: 70
Received update: /ndn/cz-site/cz/svs_core/cz=1, 1741643182679
Max suppression time updated to: 70
Received update: /ndn/lt-site/lt/svs_core/lt=1, 1741643182875
Max suppression time updated to: 70
Received update: /ndn/gr-site/gr/svs_core/gr=1, 1741643183675
Max suppression time updated to: 72
Received update: /ndn/ee-site/ee/svs_core/ee=1, 1741643187374
Received update: /ndn/ie-site/ie/svs_core/ie=1, 1741643187374
Max suppression time updated to: 72
Received update: /ndn/rs-site/rs/svs_core/rs=1, 1741643187535
Max suppression time updated to: 72
Received update: /ndn/si-site/si/svs_core/si=1, 1741643187549
Max suppression time updated to: 72
Max suppression time updated to: 72
Max suppression time updated to: 72
Received update: /ndn/de1-site/de1/svs_core/de1=1, 1741643187701
Max suppression time updated to: 72
Received update: /ndn/be-site/be/svs_core/be=1, 1741643188353
Received update: /ndn/nl-site/nl/svs_core/nl=1, 1741643188353
Max suppression time updated to: 72
Received update: /ndn/mk-site/mk/svs_core/mk=1, 1741643191625
Max suppression time updated to: 72
Received update: /ndn/lv-site/lv/svs_core/lv=1, 1741643193539
Max suppression time updated to: 72
Max suppression time updated to: 72
Max suppression time updated to: 70
Max suppression time updated to: 70
Max suppression time updated to: 70
Max suppression time updated to: 74
Published sequence number: /ndn/am-site/am/svs_core/am=1, 1741643193846
Sending Sync interest
Max suppression time updated to: 74
Received update: /ndn/hr-site/hr/svs_core/hr=1, 1741643193909
Max suppression time updated to: 74
Received update: /ndn/fr1-site/fr1/svs_core/fr1=1, 1741643194032
Max suppression time updated to: 72
Received update: /ndn/pl-site/pl/svs_core/pl=1, 1741643194551
Max suppression time updated to: 72
Received update: /ndn/uk-site/uk/svs_core/uk=1, 1741643194612
Max suppression time updated to: 72
Max suppression time updated to: 72
Received update: /ndn/cy-site/cy/svs_core/cy=1, 1741643195876
Max suppression time updated to: 74
Received update: /ndn/dk-site/dk/svs_core/dk=1, 1741643196565
Max suppression time updated to: 74
Received update: /ndn/md-site/md/svs_core/md=1, 1741643198547
Received update: /ndn/se-site/se/svs_core/se=1, 1741643198547
Max suppression time updated to: 74
Received update: /ndn/at-site/at/svs_core/at=1, 1741643201342
Received update: /ndn/by-site/by/svs_core/by=1, 1741643201342
Max suppression time updated to: 76
Received update: /ndn/ge-site/ge/svs_core/ge=1, 1741643207291
Received update: /ndn/pt-site/pt/svs_core/pt=1, 1741643207291
Max suppression time updated to: 78
Received update: /ndn/no-site/no/svs_core/no=1, 1741643207572
Max suppression time updated to: 76
Received update: /ndn/tr-site/tr/svs_core/tr=1, 1741643207936
Max suppression time updated to: 78
Received update: /ndn/ro-site/ro/svs_core/ro=1, 1741643208167
Max suppression time updated to: 78
Received update: /ndn/mt-site/mt/svs_core/mt=1, 1741643209865
Sending Sync interest
Max suppression time updated to: 78
Received update: /ndn/fr2-site/fr2/svs_core/fr2=1, 1741643211791
Max suppression time updated to: 78
Received update: /ndn/it-site/it/svs_core/it=1, 1741643213474
Max suppression time updated to: 78
Received update: /ndn/de2-site/de2/svs_core/de2=1, 1741643214541
Max suppression time updated to: 78
Received update: /ndn/me-site/me/svs_core/me=1, 1741643217937
Max suppression time updated to: 78
Received update: /ndn/il-site/il/svs_core/il=1, 1741643218049
Max suppression time updated to: 78
Received update: /ndn/bg-site/bg/svs_core/bg=1, 1741643218059
Max suppression time updated to: 78
Max suppression time updated to: 78
Received update: /ndn/al-site/al/svs_core/al=1, 1741643218608
Max suppression time updated to: 78
Max suppression time updated to: 78
Max suppression time updated to: 80
Received update: /ndn/es-site/es/svs_core/es=1, 1741643218818
Max suppression time updated to: 80
Max suppression time updated to: 80
Max suppression time updated to: 80
Received update: /ndn/ua-site/ua/svs_core/ua=1, 1741643220215
Max suppression time updated to: 80
Received update: /ndn/is-site/is/svs_core/is=2, 1741643221145
Sending Sync interest
Max suppression time updated to: 80
Max suppression time updated to: 80
Received update: /ndn/sk-site/sk/svs_core/sk=2, 1741643222771
Max suppression time updated to: 78
Received update: /ndn/ch-site/ch/svs_core/ch=2, 1741643222844
Max suppression time updated to: 78
Received update: /ndn/hu-site/hu/svs_core/hu=2, 1741643225912
Max suppression time updated to: 78
Received update: /ndn/az-site/az/svs_core/az=2, 1741643226006
Max suppression time updated to: 78
Received update: /ndn/cz-site/cz/svs_core/cz=2, 1741643227646
Received update: /ndn/lt-site/lt/svs_core/lt=2, 1741643227646
Max suppression time updated to: 78
Received update: /ndn/ee-site/ee/svs_core/ee=2, 1741643228746
Received update: /ndn/gr-site/gr/svs_core/gr=2, 1741643228746
Received update: /ndn/lu-site/lu/svs_core/lu=2, 1741643228746
Max suppression time updated to: 78
Max suppression time updated to: 78
Received update: /ndn/mk-site/mk/svs_core/mk=2, 1741643236622
Received update: /ndn/si-site/si/svs_core/si=2, 1741643236622
Max suppression time updated to: 78
Received update: /ndn/lv-site/lv/svs_core/lv=2, 1741643238708
Received update: /ndn/fr1-site/fr1/svs_core/fr1=2, 1741643238708
Max suppression time updated to: 78
Received update: /ndn/be-site/be/svs_core/be=2, 1741643238796
Received update: /ndn/ie-site/ie/svs_core/ie=2, 1741643238796
Received update: /ndn/nl-site/nl/svs_core/nl=2, 1741643238796
Received update: /ndn/de1-site/de1/svs_core/de1=2, 1741643238796
Max suppression time updated to: 78
Published sequence number: /ndn/am-site/am/svs_core/am=2, 1741643238847
Sending Sync interest
Max suppression time updated to: 80
Received update: /ndn/fi-site/fi/svs_core/fi=2, 1741643238874
Max suppression time updated to: 80
Max suppression time updated to: 78
Received update: /ndn/hr-site/hr/svs_core/hr=2, 1741643238941
Max suppression time updated to: 78
Received update: /ndn/uk-site/uk/svs_core/uk=2, 1741643239402
Max suppression time updated to: 78
Received update: /ndn/rs-site/rs/svs_core/rs=2, 1741643239469
Max suppression time updated to: 78
Received update: /ndn/cy-site/cy/svs_core/cy=2, 1741643240878
Max suppression time updated to: 78
Received update: /ndn/md-site/md/svs_core/md=2, 1741643241558
Max suppression time updated to: 80
Received update: /ndn/no-site/no/svs_core/no=2, 1741643242286
Max suppression time updated to: 78
Received update: /ndn/pl-site/pl/svs_core/pl=2, 1741643242294
Max suppression time updated to: 80
Max suppression time updated to: 80
Received update: /ndn/dk-site/dk/svs_core/dk=2, 1741643242528
Max suppression time updated to: 80
Received update: /ndn/at-site/at/svs_core/at=2, 1741643243967
Max suppression time updated to: 80
Received update: /ndn/by-site/by/svs_core/by=2, 1741643252726
Received update: /ndn/ro-site/ro/svs_core/ro=2, 1741643252726
Max suppression time updated to: 80
Received update: /ndn/ge-site/ge/svs_core/ge=2, 1741643256797
Received update: /ndn/se-site/se/svs_core/se=2, 1741643256797
Received update: /ndn/tr-site/tr/svs_core/tr=2, 1741643256797
Received update: /ndn/fr2-site/fr2/svs_core/fr2=2, 1741643256797
Max suppression time updated to: 80
Received update: /ndn/mt-site/mt/svs_core/mt=2, 1741643256896
Max suppression time updated to: 80
Received update: /ndn/pt-site/pt/svs_core/pt=2, 1741643256919
Max suppression time updated to: 80
Max suppression time updated to: 80
Received update: /ndn/bg-site/bg/svs_core/bg=2, 1741643260257
Received update: /ndn/it-site/it/svs_core/it=2, 1741643260257
Max suppression time updated to: 80
Received update: /ndn/de2-site/de2/svs_core/de2=2, 1741643260307
Max suppression time updated to: 80
Max suppression time updated to: 80
Received update: /ndn/es-site/es/svs_core/es=2, 1741643265502
Received update: /ndn/il-site/il/svs_core/il=2, 1741643265502
Received update: /ndn/ua-site/ua/svs_core/ua=2, 1741643265502
Max suppression time updated to: 80
Received update: /ndn/is-site/is/svs_core/is=3, 1741643266160
Max suppression time updated to: 80
Received update: /ndn/al-site/al/svs_core/al=2, 1741643266262
Max suppression time updated to: 82
Max suppression time updated to: 82
Received update: /ndn/ch-site/ch/svs_core/ch=3, 1741643267069
Max suppression time updated to: 82
Received update: /ndn/sk-site/sk/svs_core/sk=3, 1741643267784
Sending Sync interest
Max suppression time updated to: 82
Received update: /ndn/fi-site/fi/svs_core/fi=3, 1741643267989
Max suppression time updated to: 82
Received update: /ndn/lt-site/lt/svs_core/lt=3, 1741643272142
Received update: /ndn/me-site/me/svs_core/me=2, 1741643272142
Max suppression time updated to: 82
Received update: /ndn/hu-site/hu/svs_core/hu=3, 1741643272215
Max suppression time updated to: 82
Max suppression time updated to: 80
Max suppression time updated to: 80
Received update: /ndn/az-site/az/svs_core/az=3, 1741643272241
Max suppression time updated to: 80
Received update: /ndn/lu-site/lu/svs_core/lu=3, 1741643272338
Max suppression time updated to: 80
Max suppression time updated to: 80
Received update: /ndn/cz-site/cz/svs_core/cz=3, 1741643272651
Max suppression time updated to: 80
Received update: /ndn/gr-site/gr/svs_core/gr=3, 1741643273671
Max suppression time updated to: 80
Max suppression time updated to: 80
Received update: /ndn/si-site/si/svs_core/si=3, 1741643275728
Max suppression time updated to: 82
Received update: /ndn/ee-site/ee/svs_core/ee=3, 1741643275879
Max suppression time updated to: 82
Received update: /ndn/rs-site/rs/svs_core/rs=3, 1741643275880
Max suppression time updated to: 82
Max suppression time updated to: 82
Received update: /ndn/ie-site/ie/svs_core/ie=3, 1741643277383
Max suppression time updated to: 82
Received update: /ndn/nl-site/nl/svs_core/nl=3, 1741643278120
Received update: /ndn/de1-site/de1/svs_core/de1=3, 1741643278120
Max suppression time updated to: 82
Received update: /ndn/be-site/be/svs_core/be=3, 1741643278522
Max suppression time updated to: 82
Received update: /ndn/mk-site/mk/svs_core/mk=3, 1741643281628
Max suppression time updated to: 82
Received update: /ndn/lv-site/lv/svs_core/lv=3, 1741643283628
Published sequence number: /ndn/am-site/am/svs_core/am=3, 1741643283848
Sending Sync interest
Max suppression time updated to: 82
Received update: /ndn/uk-site/uk/svs_core/uk=3, 1741643284407
Received update: /ndn/fr1-site/fr1/svs_core/fr1=3, 1741643284407
Sending Sync interest
Max suppression time updated to: 82
Received update: /ndn/pl-site/pl/svs_core/pl=3, 1741643284635
Max suppression time updated to: 82
Sending Sync interest
Max suppression time updated to: 82
Received update: /ndn/hr-site/hr/svs_core/hr=3, 1741643284786
Sending Sync interest
Max suppression time updated to: 82
Received update: /ndn/cy-site/cy/svs_core/cy=3, 1741643285878
Max suppression time updated to: 82
Received update: /ndn/no-site/no/svs_core/no=3, 1741643287196
Sending Sync interest
Max suppression time updated to: 82
Received update: /ndn/md-site/md/svs_core/md=3, 1741643287260
Max suppression time updated to: 84
Max suppression time updated to: 84
Max suppression time updated to: 84
Max suppression time updated to: 84
Received update: /ndn/dk-site/dk/svs_core/dk=3, 1741643287305
Max suppression time updated to: 84
Max suppression time updated to: 84
Max suppression time updated to: 84
Received update: /ndn/at-site/at/svs_core/at=3, 1741643288969
Max suppression time updated to: 84
Received update: /ndn/by-site/by/svs_core/by=3, 1741643291343
Max suppression time updated to: 84
Max suppression time updated to: 84
Max suppression time updated to: 82
Max suppression time updated to: 84
Max suppression time updated to: 82
Received update: /ndn/ge-site/ge/svs_core/ge=3, 1741643294266
Max suppression time updated to: 84
Received update: /ndn/ro-site/ro/svs_core/ro=3, 1741643297752
Max suppression time updated to: 84
Max suppression time updated to: 82
Max suppression time updated to: 82
Max suppression time updated to: 82
Received update: /ndn/mt-site/mt/svs_core/mt=3, 1741643299942
Received update: /ndn/tr-site/tr/svs_core/tr=3, 1741643299942
Max suppression time updated to: 82
Max suppression time updated to: 84
Received update: /ndn/fr2-site/fr2/svs_core/fr2=3, 1741643301884
Max suppression time updated to: 82
Received update: /ndn/bg-site/bg/svs_core/bg=3, 1741643305808
Received update: /ndn/il-site/il/svs_core/il=3, 1741643305808
Received update: /ndn/it-site/it/svs_core/it=3, 1741643305808
Received update: /ndn/de2-site/de2/svs_core/de2=3, 1741643305808
Max suppression time updated to: 82
Received update: /ndn/me-site/me/svs_core/me=3, 1741643307917
Sending Sync interest
Max suppression time updated to: 82
Max suppression time updated to: 82
Received update: /ndn/al-site/al/svs_core/al=3, 1741643308567
Max suppression time updated to: 82
Received update: /ndn/se-site/se/svs_core/se=3, 1741643308845
Max suppression time updated to: 82
Received update: /ndn/es-site/es/svs_core/es=3, 1741643310323
Received update: /ndn/ua-site/ua/svs_core/ua=3, 1741643310323
Max suppression time updated to: 82
Max suppression time updated to: 82
Max suppression time updated to: 84
Received update: /ndn/is-site/is/svs_core/is=4, 1741643311152
Max suppression time updated to: 84
Received update: /ndn/ch-site/ch/svs_core/ch=4, 1741643312098
Max suppression time updated to: 84
Received update: /ndn/fi-site/fi/svs_core/fi=4, 1741643312500
Max suppression time updated to: 84
Max suppression time updated to: 84
Max suppression time updated to: 84
Max suppression time updated to: 84
Max suppression time updated to: 84
Received update: /ndn/sk-site/sk/svs_core/sk=4, 1741643312793
Max suppression time updated to: 84
Received update: /ndn/hu-site/hu/svs_core/hu=4, 1741643315916
Max suppression time updated to: 84
Received update: /ndn/az-site/az/svs_core/az=4, 1741643316051
Max suppression time updated to: 84
Received update: /ndn/cz-site/cz/svs_core/cz=4, 1741643317672
Received update: /ndn/lt-site/lt/svs_core/lt=4, 1741643317672
Received update: /ndn/lu-site/lu/svs_core/lu=4, 1741643317672
Max suppression time updated to: 84
Max suppression time updated to: 84
Max suppression time updated to: 84
Max suppression time updated to: 84
Received update: /ndn/ee-site/ee/svs_core/ee=4, 1741643318681
Received update: /ndn/gr-site/gr/svs_core/gr=4, 1741643318681
Max suppression time updated to: 84
Received update: /ndn/rs-site/rs/svs_core/rs=4, 1741643319892
Max suppression time updated to: 84
Received update: /ndn/ie-site/ie/svs_core/ie=4, 1741643322399
Sending Sync interest
Max suppression time updated to: 84
Received update: /ndn/de1-site/de1/svs_core/de1=4, 1741643322501
Max suppression time updated to: 84
Max suppression time updated to: 84
Max suppression time updated to: 84
Max suppression time updated to: 84
Max suppression time updated to: 84
Max suppression time updated to: 84
Received update: /ndn/nl-site/nl/svs_core/nl=4, 1741643322999
Max suppression time updated to: 84
Received update: /ndn/si-site/si/svs_core/si=4, 1741643323126
Max suppression time updated to: 84
Received update: /ndn/be-site/be/svs_core/be=4, 1741643323352
Max suppression time updated to: 84
Received update: /ndn/pt-site/pt/svs_core/pt=3, 1741643325357
Max suppression time updated to: 84
Received update: /ndn/mk-site/mk/svs_core/mk=4, 1741643326639
Max suppression time updated to: 84
Max suppression time updated to: 84
Max suppression time updated to: 84
Max suppression time updated to: 84
Published sequence number: /ndn/am-site/am/svs_core/am=4, 1741643328854
Sending Sync interest
Max suppression time updated to: 84
Received update: /ndn/hr-site/hr/svs_core/hr=4, 1741643329096
Received update: /ndn/fr1-site/fr1/svs_core/fr1=4, 1741643329096
Max suppression time updated to: 84
Sending Sync interest
Max suppression time updated to: 84
Max suppression time updated to: 86
Max suppression time updated to: 84
Received update: /ndn/uk-site/uk/svs_core/uk=4, 1741643329419
Max suppression time updated to: 84
Received update: /ndn/pl-site/pl/svs_core/pl=4, 1741643329640
Max suppression time updated to: 84
Received update: /ndn/cy-site/cy/svs_core/cy=4, 1741643330882
Max suppression time updated to: 86
Received update: /ndn/md-site/md/svs_core/md=4, 1741643331583
Max suppression time updated to: 86
Received update: /ndn/dk-site/dk/svs_core/dk=4, 1741643332317
Received update: /ndn/no-site/no/svs_core/no=4, 1741643332317
Max suppression time updated to: 86
Received update: /ndn/se-site/se/svs_core/se=4, 1741643333565
Max suppression time updated to: 84
Received update: /ndn/at-site/at/svs_core/at=4, 1741643333974
Received update: /ndn/lv-site/lv/svs_core/lv=4, 1741643333974
Max suppression time updated to: 84
Received update: /ndn/ge-site/ge/svs_core/ge=4, 1741643339281
Max suppression time updated to: 84
Received update: /ndn/ro-site/ro/svs_core/ro=4, 1741643342737
Max suppression time updated to: 84
Received update: /ndn/tr-site/tr/svs_core/tr=4, 1741643342950
Max suppression time updated to: 84
Received update: /ndn/by-site/by/svs_core/by=4, 1741643346002
Received update: /ndn/mt-site/mt/svs_core/mt=4, 1741643346002
Max suppression time updated to: 84
Received update: /ndn/pt-site/pt/svs_core/pt=4, 1741643346019
Max suppression time updated to: 84
Received update: /ndn/fr2-site/fr2/svs_core/fr2=4, 1741643346800
Max suppression time updated to: 84
Received update: /ndn/it-site/it/svs_core/it=4, 1741643348497
Max suppression time updated to: 84
Received update: /ndn/de2-site/de2/svs_core/de2=4, 1741643349557
Max suppression time updated to: 86
Received update: /ndn/bg-site/bg/svs_core/bg=4, 1741643350272
Max suppression time updated to: 86
Received update: /ndn/is-site/is/svs_core/is=5, 1741643356344
Max suppression time updated to: 86
Received update: /ndn/al-site/al/svs_core/al=4, 1741643356554
Received update: /ndn/ua-site/ua/svs_core/ua=4, 1741643356554
Max suppression time updated to: 86
Received update: /ndn/es-site/es/svs_core/es=4, 1741643356716
Max suppression time updated to: 86
Received update: /ndn/il-site/il/svs_core/il=4, 1741643357777
Received update: /ndn/me-site/me/svs_core/me=4, 1741643357777
Received update: /ndn/sk-site/sk/svs_core/sk=5, 1741643357777
Max suppression time updated to: 86
Received update: /ndn/ch-site/ch/svs_core/ch=5, 1741643357893
Max suppression time updated to: 84
Received update: /ndn/az-site/az/svs_core/az=5, 1741643359110
Max suppression time updated to: 84
Received update: /ndn/hu-site/hu/svs_core/hu=5, 1741643360923
Max suppression time updated to: 84
Received update: /ndn/lt-site/lt/svs_core/lt=5, 1741643362192
Max suppression time updated to: 84
Max suppression time updated to: 84
Max suppression time updated to: 84
Received update: /ndn/lu-site/lu/svs_core/lu=5, 1741643362309
Max suppression time updated to: 84
Received update: /ndn/cz-site/cz/svs_core/cz=5, 1741643362669
Sending Sync interest
Max suppression time updated to: 86
Max suppression time updated to: 86
Received update: /ndn/ee-site/ee/svs_core/ee=5, 1741643363450
Max suppression time updated to: 86
Max suppression time updated to: 86
Received update: /ndn/gr-site/gr/svs_core/gr=5, 1741643363671
Max suppression time updated to: 86
Max suppression time updated to: 86
Max suppression time updated to: 86
Received update: /ndn/si-site/si/svs_core/si=5, 1741643365732
Max suppression time updated to: 86
Received update: /ndn/ie-site/ie/svs_core/ie=5, 1741643367537
Max suppression time updated to: 86
Received update: /ndn/fi-site/fi/svs_core/fi=5, 1741643368036
Received update: /ndn/nl-site/nl/svs_core/nl=5, 1741643368036
Received update: /ndn/de1-site/de1/svs_core/de1=5, 1741643368036
Max suppression time updated to: 86
Received update: /ndn/rs-site/rs/svs_core/rs=5, 1741643368204
Max suppression time updated to: 86
Received update: /ndn/mk-site/mk/svs_core/mk=5, 1741643371652
Max suppression time updated to: 86
Received update: /ndn/be-site/be/svs_core/be=5, 1741643371806
Max suppression time updated to: 86
Max suppression time updated to: 86
Published sequence number: /ndn/am-site/am/svs_core/am=5, 1741643373857
Sending Sync interest
Max suppression time updated to: 86
Received update: /ndn/hr-site/hr/svs_core/hr=5, 1741643373921
Max suppression time updated to: 86
Received update: /ndn/uk-site/uk/svs_core/uk=5, 1741643374446
Sending Sync interest
Max suppression time updated to: 86
Received update: /ndn/lv-site/lv/svs_core/lv=5, 1741643374599
Received update: /ndn/pl-site/pl/svs_core/pl=5, 1741643374599
Sending Sync interest
Max suppression time updated to: 86
Received update: /ndn/fr1-site/fr1/svs_core/fr1=5, 1741643374720
Sending Sync interest
Max suppression time updated to: 86
Received update: /ndn/cy-site/cy/svs_core/cy=5, 1741643375985
Sending Sync interest
Max suppression time updated to: 86
Received update: /ndn/no-site/no/svs_core/no=5, 1741643378571
Received update: /ndn/se-site/se/svs_core/se=5, 1741643378571
Sending Sync interest
Max suppression time updated to: 86
Received update: /ndn/md-site/md/svs_core/md=5, 1741643378805
Max suppression time updated to: 86
Received update: /ndn/at-site/at/svs_core/at=5, 1741643378979
Max suppression time updated to: 88
Received update: /ndn/dk-site/dk/svs_core/dk=5, 1741643384480
Received update: /ndn/ge-site/ge/svs_core/ge=5, 1741643384480
Max suppression time updated to: 88
Received update: /ndn/pt-site/pt/svs_core/pt=5, 1741643387266
Sending Sync interest
Max suppression time updated to: 88
Received update: /ndn/by-site/by/svs_core/by=5, 1741643387956
Received update: /ndn/ro-site/ro/svs_core/ro=5, 1741643387956
Received update: /ndn/tr-site/tr/svs_core/tr=5, 1741643387956
Max suppression time updated to: 88
Received update: /ndn/mt-site/mt/svs_core/mt=5, 1741643389869
Max suppression time updated to: 88
Received update: /ndn/it-site/it/svs_core/it=5, 1741643393503
Received update: /ndn/fr2-site/fr2/svs_core/fr2=5, 1741643393503
Max suppression time updated to: 88
Received update: /ndn/de2-site/de2/svs_core/de2=5, 1741643394556
Max suppression time updated to: 88
Received update: /ndn/bg-site/bg/svs_core/bg=5, 1741643395813
Received update: /ndn/il-site/il/svs_core/il=5, 1741643395813
Max suppression time updated to: 88
Received update: /ndn/es-site/es/svs_core/es=5, 1741643398832
Max suppression time updated to: 88
Max suppression time updated to: 88
Max suppression time updated to: 88
Max suppression time updated to: 88
Received update: /ndn/al-site/al/svs_core/al=5, 1741643398985
Max suppression time updated to: 88
Received update: /ndn/me-site/me/svs_core/me=5, 1741643399058
Max suppression time updated to: 88
Received update: /ndn/ua-site/ua/svs_core/ua=5, 1741643400233
Max suppression time updated to: 88
Received update: /ndn/is-site/is/svs_core/is=6, 1741643401174
Max suppression time updated to: 88
Received update: /ndn/ch-site/ch/svs_core/ch=6, 1741643402780
Received update: /ndn/sk-site/sk/svs_core/sk=6, 1741643402780
Max suppression time updated to: 88
Received update: /ndn/az-site/az/svs_core/az=6, 1741643406421
Received update: /ndn/hu-site/hu/svs_core/hu=6, 1741643406421
Received update: /ndn/lu-site/lu/svs_core/lu=6, 1741643406421
Max suppression time updated to: 88
Received update: /ndn/lt-site/lt/svs_core/lt=6, 1741643407141
Max suppression time updated to: 88
Max suppression time updated to: 88
Max suppression time updated to: 90
Received update: /ndn/fi-site/fi/svs_core/fi=6, 1741643407605
Max suppression time updated to: 90
Received update: /ndn/cz-site/cz/svs_core/cz=6, 1741643407917
Received update: /ndn/ee-site/ee/svs_core/ee=6, 1741643407917
Max suppression time updated to: 90
Received update: /ndn/gr-site/gr/svs_core/gr=6, 1741643408768
Max suppression time updated to: 90
Max suppression time updated to: 90
Max suppression time updated to: 90
Max suppression time updated to: 90
Received update: /ndn/rs-site/rs/svs_core/rs=6, 1741643409909
Max suppression time updated to: 90
Received update: /ndn/nl-site/nl/svs_core/nl=6, 1741643413107
Max suppression time updated to: 88
Max suppression time updated to: 88
Max suppression time updated to: 90
Max suppression time updated to: 88
Received update: /ndn/de1-site/de1/svs_core/de1=6, 1741643413251
Max suppression time updated to: 90
Received update: /ndn/ie-site/ie/svs_core/ie=6, 1741643413419
Max suppression time updated to: 90
Received update: /ndn/si-site/si/svs_core/si=6, 1741643413571
Max suppression time updated to: 90
Received update: /ndn/be-site/be/svs_core/be=6, 1741643413594
Max suppression time updated to: 90
Max suppression time updated to: 90
Received update: /ndn/mk-site/mk/svs_core/mk=6, 1741643416640
Max suppression time updated to: 90
Received update: /ndn/fr1-site/fr1/svs_core/fr1=6, 1741643418713
Published sequence number: /ndn/am-site/am/svs_core/am=6, 1741643418859
Max suppression time updated to: 90
Received update: /ndn/pl-site/pl/svs_core/pl=6, 1741643419574
Max suppression time updated to: 90
Received update: /ndn/hr-site/hr/svs_core/hr=6, 1741643419649
Max suppression time updated to: 90
Sending Sync interest
Max suppression time updated to: 90
Received update: /ndn/uk-site/uk/svs_core/uk=6, 1741643419814
Sending Sync interest
Max suppression time updated to: 90
Received update: /ndn/cy-site/cy/svs_core/cy=6, 1741643420913
Max suppression time updated to: 90
Received update: /ndn/md-site/md/svs_core/md=6, 1741643421579
Max suppression time updated to: 90
Received update: /ndn/dk-site/dk/svs_core/dk=6, 1741643421602
Max suppression time updated to: 90
Max suppression time updated to: 90
Max suppression time updated to: 90
Received update: /ndn/at-site/at/svs_core/at=6, 1741643423999
Max suppression time updated to: 90
Received update: /ndn/lv-site/lv/svs_core/lv=6, 1741643424136
Max suppression time updated to: 92
Received update: /ndn/by-site/by/svs_core/by=6, 1741643436834
Received update: /ndn/ge-site/ge/svs_core/ge=6, 1741643436834
Received update: /ndn/pt-site/pt/svs_core/pt=6, 1741643436834
Received update: /ndn/ro-site/ro/svs_core/ro=6, 1741643436834
Received update: /ndn/fr2-site/fr2/svs_core/fr2=6, 1741643436834
Max suppression time updated to: 92
Received update: /ndn/tr-site/tr/svs_core/tr=6, 1741643436980
Max suppression time updated to: 92
Received update: /ndn/it-site/it/svs_core/it=6, 1741643438495
Max suppression time updated to: 92
Received update: /ndn/de2-site/de2/svs_core/de2=6, 1741643439556
Max suppression time updated to: 92
Received update: /ndn/bg-site/bg/svs_core/bg=6, 1741643440262
Max suppression time updated to: 92
Received update: /ndn/mt-site/mt/svs_core/mt=6, 1741643440651
Received update: /ndn/se-site/se/svs_core/se=6, 1741643440651
Max suppression time updated to: 92
Received update: /ndn/no-site/no/svs_core/no=6, 1741643440795
Max suppression time updated to: 92
Received update: /ndn/il-site/il/svs_core/il=6, 1741643440902
Max suppression time updated to: 92
Received update: /ndn/ch-site/ch/svs_core/ch=7, 1741643447090
Received update: /ndn/es-site/es/svs_core/es=6, 1741643447090
Max suppression time updated to: 92
Received update: /ndn/is-site/is/svs_core/is=7, 1741643447165
Max suppression time updated to: 90
Received update: /ndn/me-site/me/svs_core/me=6, 1741643447228
Max suppression time updated to: 92
Max suppression time updated to: 92
Max suppression time updated to: 92
Max suppression time updated to: 92
Max suppression time updated to: 92
Received update: /ndn/sk-site/sk/svs_core/sk=7, 1741643447781
Received update: /ndn/ua-site/ua/svs_core/ua=6, 1741643447781
Max suppression time updated to: 92
Received update: /ndn/hu-site/hu/svs_core/hu=7, 1741643450931
Max suppression time updated to: 92
Received update: /ndn/az-site/az/svs_core/az=7, 1741643450996
Max suppression time updated to: 92
Received update: /ndn/lt-site/lt/svs_core/lt=7, 1741643452220
Max suppression time updated to: 92
Max suppression time updated to: 92
Max suppression time updated to: 90
Sending Sync interest
Max suppression time updated to: 90
Max suppression time updated to: 90
Max suppression time updated to: 90
Max suppression time updated to: 90
Max suppression time updated to: 90
Max suppression time updated to: 90
Received update: /ndn/cz-site/cz/svs_core/cz=7, 1741643452872
Received update: /ndn/fi-site/fi/svs_core/fi=7, 1741643452872
Received update: /ndn/lu-site/lu/svs_core/lu=7, 1741643452872
Max suppression time updated to: 90
Received update: /ndn/ee-site/ee/svs_core/ee=7, 1741643452895
Max suppression time updated to: 92
Received update: /ndn/rs-site/rs/svs_core/rs=7, 1741643454928
Max suppression time updated to: 92
Max suppression time updated to: 92
Max suppression time updated to: 92
Max suppression time updated to: 92
Received update: /ndn/gr-site/gr/svs_core/gr=7, 1741643455258
Max suppression time updated to: 92
Received update: /ndn/si-site/si/svs_core/si=7, 1741643455736
Max suppression time updated to: 92
Received update: /ndn/ie-site/ie/svs_core/ie=7, 1741643457503
Received update: /ndn/de1-site/de1/svs_core/de1=7, 1741643457503
Published sequence number: /ndn/am-site/am/svs_core/am=7, 1741643463860
Sending Sync interest
Max suppression time updated to: 92
Received update: /ndn/be-site/be/svs_core/be=7, 1741643464429
Received update: /ndn/nl-site/nl/svs_core/nl=7, 1741643464429
Received update: /ndn/uk-site/uk/svs_core/uk=7, 1741643464429
Received update: /ndn/fr1-site/fr1/svs_core/fr1=7, 1741643464429
Max suppression time updated to: 92
Received update: /ndn/mk-site/mk/svs_core/mk=7, 1741643464504
Sending Sync interest
Max suppression time updated to: 92
Received update: /ndn/hr-site/hr/svs_core/hr=7, 1741643464539
Max suppression time updated to: 92
Max suppression time updated to: 92
Max suppression time updated to: 92
Received update: /ndn/pl-site/pl/svs_core/pl=7, 1741643464592
Sending Sync interest
Max suppression time updated to: 92
Received update: /ndn/lv-site/lv/svs_core/lv=7, 1741643464638
Sending Sync interest
Max suppression time updated to: 92
Max suppression time updated to: 92
Received update: /ndn/dk-site/dk/svs_core/dk=7, 1741643466566
Max suppression time updated to: 90
Received update: /ndn/cy-site/cy/svs_core/cy=7, 1741643466654
Max suppression time updated to: 90
Received update: /ndn/md-site/md/svs_core/md=7, 1741643466898
Max suppression time updated to: 90
Received update: /ndn/at-site/at/svs_core/at=7, 1741643468992
Max suppression time updated to: 90
Received update: /ndn/ge-site/ge/svs_core/ge=7, 1741643474286
Max suppression time updated to: 90
Received update: /ndn/se-site/se/svs_core/se=7, 1741643474565
Max suppression time updated to: 90
Received update: /ndn/by-site/by/svs_core/by=7, 1741643474686
Max suppression time updated to: 90
Received update: /ndn/al-site/al/svs_core/al=6, 1741643476190
Received update: /ndn/no-site/no/svs_core/no=7, 1741643476190
Max suppression time updated to: 90
Received update: /ndn/pt-site/pt/svs_core/pt=7, 1741643477286
Max suppression time updated to: 90
Received update: /ndn/ro-site/ro/svs_core/ro=7, 1741643477750
Max suppression time updated to: 90
Received update: /ndn/mt-site/mt/svs_core/mt=7, 1741643479892
Max suppression time updated to: 90
Received update: /ndn/tr-site/tr/svs_core/tr=7, 1741643479965
Max suppression time updated to: 90
Max suppression time updated to: 90
Max suppression time updated to: 90
Max suppression time updated to: 90
Max suppression time updated to: 90
Max suppression time updated to: 90
Received update: /ndn/it-site/it/svs_core/it=7, 1741643483500
Max suppression time updated to: 90
Received update: /ndn/de2-site/de2/svs_core/de2=7, 1741643484561
Max suppression time updated to: 90
Received update: /ndn/bg-site/bg/svs_core/bg=7, 1741643485822
Received update: /ndn/il-site/il/svs_core/il=7, 1741643485822
Max suppression time updated to: 90
Received update: /ndn/fr2-site/fr2/svs_core/fr2=7, 1741643485993
Max suppression time updated to: 90
Received update: /ndn/me-site/me/svs_core/me=7, 1741643487936
Max suppression time updated to: 90
Max suppression time updated to: 90
Max suppression time updated to: 90
Max suppression time updated to: 90
Max suppression time updated to: 90
Received update: /ndn/al-site/al/svs_core/al=7, 1741643488574
Max suppression time updated to: 90
Received update: /ndn/es-site/es/svs_core/es=7, 1741643488813
Max suppression time updated to: 90
Received update: /ndn/ch-site/ch/svs_core/ch=8, 1741643492095
Max suppression time updated to: 90
Received update: /ndn/sk-site/sk/svs_core/sk=8, 1741643492862
Max suppression time updated to: 90
Max suppression time updated to: 90
Received update: /ndn/hu-site/hu/svs_core/hu=8, 1741643495936
Received update: /ndn/ua-site/ua/svs_core/ua=7, 1741643495936
Max suppression time updated to: 90
Received update: /ndn/is-site/is/svs_core/is=8, 1741643496119
Max suppression time updated to: 90
Received update: /ndn/lt-site/lt/svs_core/lt=8, 1741643497282
Max suppression time updated to: 90
Received update: /ndn/az-site/az/svs_core/az=8, 1741643497327
Max suppression time updated to: 90
Received update: /ndn/ee-site/ee/svs_core/ee=8, 1741643498900
Received update: /ndn/gr-site/gr/svs_core/gr=8, 1741643498900
Received update: /ndn/lu-site/lu/svs_core/lu=8, 1741643498900
Max suppression time updated to: 90
Received update: /ndn/cz-site/cz/svs_core/cz=8, 1741643499910
Received update: /ndn/rs-site/rs/svs_core/rs=8, 1741643499910
Max suppression time updated to: 90
Received update: /ndn/si-site/si/svs_core/si=8, 1741643500835
Max suppression time updated to: 90
Received update: /ndn/ie-site/ie/svs_core/ie=8, 1741643503023
Received update: /ndn/nl-site/nl/svs_core/nl=8, 1741643503023
Max suppression time updated to: 90
Received update: /ndn/be-site/be/svs_core/be=8, 1741643503367
Max suppression time updated to: 90
Received update: /ndn/mk-site/mk/svs_core/mk=8, 1741643506646
Sending Sync interest
Max suppression time updated to: 90
Received update: /ndn/fr1-site/fr1/svs_core/fr1=8, 1741643508744
Published sequence number: /ndn/am-site/am/svs_core/am=8, 1741643508861
Sending Sync interest
Max suppression time updated to: 90
Received update: /ndn/lv-site/lv/svs_core/lv=8, 1741643508901
Received update: /ndn/de1-site/de1/svs_core/de1=8, 1741643508901
Max suppression time updated to: 90
Received update: /ndn/cy-site/cy/svs_core/cy=8, 1741643510922
Received update: /ndn/uk-site/uk/svs_core/uk=8, 1741643510922
Sending Sync interest
Max suppression time updated to: 90
Received update: /ndn/hr-site/hr/svs_core/hr=8, 1741643511070
Sending Sync interest
Max suppression time updated to: 90
Received update: /ndn/pl-site/pl/svs_core/pl=8, 1741643511314
Max suppression time updated to: 90
Received update: /ndn/at-site/at/svs_core/at=8, 1741643513994
Received update: /ndn/dk-site/dk/svs_core/dk=8, 1741643513994
Received update: /ndn/se-site/se/svs_core/se=8, 1741643513994
Max suppression time updated to: 90
Received update: /ndn/ge-site/ge/svs_core/ge=8, 1741643519281
Max suppression time updated to: 90
Received update: /ndn/md-site/md/svs_core/md=8, 1741643522756
Received update: /ndn/ro-site/ro/svs_core/ro=8, 1741643522756
Max suppression time updated to: 90
Received update: /ndn/pt-site/pt/svs_core/pt=8, 1741643522957
Received update: /ndn/tr-site/tr/svs_core/tr=8, 1741643522957
Max suppression time updated to: 90
Received update: /ndn/by-site/by/svs_core/by=8, 1741643525037
Received update: /ndn/mt-site/mt/svs_core/mt=8, 1741643525037
Max suppression time updated to: 90
Received update: /ndn/fr2-site/fr2/svs_core/fr2=8, 1741643527101
Max suppression time updated to: 90
Received update: /ndn/fi-site/fi/svs_core/fi=8, 1741643529182
Max suppression time updated to: 90
Received update: /ndn/it-site/it/svs_core/it=8, 1741643529257
Max suppression time updated to: 90
Max suppression time updated to: 90
Received update: /ndn/no-site/no/svs_core/no=8, 1741643529292
Max suppression time updated to: 90
Max suppression time updated to: 90
Max suppression time updated to: 90
Max suppression time updated to: 92
Max suppression time updated to: 92
Received update: /ndn/de2-site/de2/svs_core/de2=8, 1741643529693
Max suppression time updated to: 92
Max suppression time updated to: 92
Max suppression time updated to: 92
Max suppression time updated to: 92
Received update: /ndn/bg-site/bg/svs_core/bg=8, 1741643530825
Received update: /ndn/il-site/il/svs_core/il=8, 1741643530825
Max suppression time updated to: 92
Received update: /ndn/al-site/al/svs_core/al=8, 1741643533844
Received update: /ndn/es-site/es/svs_core/es=8, 1741643533844
Max suppression time updated to: 92
Received update: /ndn/ua-site/ua/svs_core/ua=8, 1741643535289
Max suppression time updated to: 92
Max suppression time updated to: 92
Received update: /ndn/is-site/is/svs_core/is=9, 1741643536191
Max suppression time updated to: 92
Received update: /ndn/me-site/me/svs_core/me=8, 1741643536316
Max suppression time updated to: 92
Received update: /ndn/ch-site/ch/svs_core/ch=9, 1741643541382
Received update: /ndn/lu-site/lu/svs_core/lu=9, 1741643541382
Received update: /ndn/sk-site/sk/svs_core/sk=9, 1741643541382
Max suppression time updated to: 92
Received update: /ndn/az-site/az/svs_core/az=9, 1741643541428
Max suppression time updated to: 92
Received update: /ndn/cz-site/cz/svs_core/cz=9, 1741643542678
Received update: /ndn/hu-site/hu/svs_core/hu=9, 1741643542678
Max suppression time updated to: 92
Received update: /ndn/lt-site/lt/svs_core/lt=9, 1741643542754
Max suppression time updated to: 92
Received update: /ndn/ee-site/ee/svs_core/ee=9, 1741643544970
Received update: /ndn/gr-site/gr/svs_core/gr=9, 1741643544970
Received update: /ndn/rs-site/rs/svs_core/rs=9, 1741643544970
Max suppression time updated to: 92
Received update: /ndn/ie-site/ie/svs_core/ie=9, 1741643547412
Max suppression time updated to: 94
Received update: /ndn/nl-site/nl/svs_core/nl=9, 1741643548728
Max suppression time updated to: 94
Received update: /ndn/si-site/si/svs_core/si=9, 1741643548778
Received update: /ndn/de1-site/de1/svs_core/de1=9, 1741643548778
Max suppression time updated to: 94
Received update: /ndn/be-site/be/svs_core/be=9, 1741643548945
Max suppression time updated to: 94
Received update: /ndn/mk-site/mk/svs_core/mk=9, 1741643551648
Max suppression time updated to: 94
Received update: /ndn/lv-site/lv/svs_core/lv=9, 1741643553844
Received update: /ndn/fr1-site/fr1/svs_core/fr1=9, 1741643553844
Published sequence number: /ndn/am-site/am/svs_core/am=9, 1741643553864
Sending Sync interest
Max suppression time updated to: 94
Received update: /ndn/pl-site/pl/svs_core/pl=9, 1741643554570
Sending Sync interest
Max suppression time updated to: 94
Received update: /ndn/uk-site/uk/svs_core/uk=9, 1741643554724
Max suppression time updated to: 94
Max suppression time updated to: 94
Received update: /ndn/cy-site/cy/svs_core/cy=9, 1741643555998
Received update: /ndn/hr-site/hr/svs_core/hr=9, 1741643555998
Max suppression time updated to: 94
Max suppression time updated to: 94
Max suppression time updated to: 94
Received update: /ndn/md-site/md/svs_core/md=9, 1741643556597
Max suppression time updated to: 94
Received update: /ndn/at-site/at/svs_core/at=9, 1741643559008
Received update: /ndn/dk-site/dk/svs_core/dk=9, 1741643559008
Received update: /ndn/fi-site/fi/svs_core/fi=9, 1741643559008
Received update: /ndn/se-site/se/svs_core/se=9, 1741643559008
Max suppression time updated to: 94
Received update: /ndn/ge-site/ge/svs_core/ge=9, 1741643564327
Max suppression time updated to: 94
Received update: /ndn/by-site/by/svs_core/by=9, 1741643564397
Max suppression time updated to: 94
Max suppression time updated to: 94
Max suppression time updated to: 94
Max suppression time updated to: 94
Received update: /ndn/ro-site/ro/svs_core/ro=9, 1741643568890
Received update: /ndn/tr-site/tr/svs_core/tr=9, 1741643568890
Max suppression time updated to: 94
Received update: /ndn/mt-site/mt/svs_core/mt=9, 1741643569875
Max suppression time updated to: 94
Max suppression time updated to: 94
Max suppression time updated to: 94
Received update: /ndn/no-site/no/svs_core/no=9, 1741643571822
Received update: /ndn/fr2-site/fr2/svs_core/fr2=9, 1741643571822
Max suppression time updated to: 94
Received update: /ndn/it-site/it/svs_core/it=9, 1741643577951
Received update: /ndn/me-site/me/svs_core/me=9, 1741643577951
Received update: /ndn/de2-site/de2/svs_core/de2=9, 1741643577951
Max suppression time updated to: 94
Received update: /ndn/bg-site/bg/svs_core/bg=9, 1741643581477
Received update: /ndn/es-site/es/svs_core/es=9, 1741643581477
Received update: /ndn/il-site/il/svs_core/il=9, 1741643581477
Received update: /ndn/is-site/is/svs_core/is=10, 1741643581477
Received update: /ndn/pt-site/pt/svs_core/pt=9, 1741643581477
Received update: /ndn/ua-site/ua/svs_core/ua=9, 1741643581477
Max suppression time updated to: 94
Received update: /ndn/ch-site/ch/svs_core/ch=10, 1741643582144
Max suppression time updated to: 94
Received update: /ndn/hu-site/hu/svs_core/hu=10, 1741643586053
Received update: /ndn/sk-site/sk/svs_core/sk=10, 1741643586053
Max suppression time updated to: 94
Received update: /ndn/al-site/al/svs_core/al=9, 1741643586109
Max suppression time updated to: 94
Received update: /ndn/az-site/az/svs_core/az=10, 1741643586198
Max suppression time updated to: 94
Max suppression time updated to: 94
Max suppression time updated to: 94
Max suppression time updated to: 94
Received update: /ndn/cz-site/cz/svs_core/cz=10, 1741643587839
Received update: /ndn/lu-site/lu/svs_core/lu=10, 1741643587839
Max suppression time updated to: 94
Received update: /ndn/ee-site/ee/svs_core/ee=10, 1741643587947
Max suppression time updated to: 94
Max suppression time updated to: 94
Received update: /ndn/gr-site/gr/svs_core/gr=10, 1741643592773
Received update: /ndn/ie-site/ie/svs_core/ie=10, 1741643592773
Received update: /ndn/lt-site/lt/svs_core/lt=10, 1741643592773
Received update: /ndn/rs-site/rs/svs_core/rs=10, 1741643592773
Received update: /ndn/si-site/si/svs_core/si=10, 1741643592773
Max suppression time updated to: 94
Received update: /ndn/fi-site/fi/svs_core/fi=10, 1741643593045
Received update: /ndn/nl-site/nl/svs_core/nl=10, 1741643593045
Received update: /ndn/de1-site/de1/svs_core/de1=10, 1741643593045
Max suppression time updated to: 94
Received update: /ndn/be-site/be/svs_core/be=10, 1741643593389
Max suppression time updated to: 94
Received update: /ndn/lv-site/lv/svs_core/lv=10, 1741643598573
Sending Sync interest
Max suppression time updated to: 94
Received update: /ndn/mk-site/mk/svs_core/mk=10, 1741643598724
Max suppression time updated to: 94
Max suppression time updated to: 94
Published sequence number: /ndn/am-site/am/svs_core/am=10, 1741643598864
Sending Sync interest
Max suppression time updated to: 94
Received update: /ndn/hr-site/hr/svs_core/hr=10, 1741643598931
Max suppression time updated to: 94
Received update: /ndn/fr1-site/fr1/svs_core/fr1=10, 1741643599090
Sending Sync interest
Max suppression time updated to: 94
Received update: /ndn/cy-site/cy/svs_core/cy=10, 1741643602321
Received update: /ndn/dk-site/dk/svs_core/dk=10, 1741643602321
Received update: /ndn/no-site/no/svs_core/no=10, 1741643602321
Received update: /ndn/pl-site/pl/svs_core/pl=10, 1741643602321
Received update: /ndn/uk-site/uk/svs_core/uk=10, 1741643602321
Sending Sync interest
Max suppression time updated to: 94
Received update: /ndn/at-site/at/svs_core/at=10, 1741643609384
Received update: /ndn/ge-site/ge/svs_core/ge=10, 1741643609384
Sending Sync interest
Max suppression time updated to: 94
Received update: /ndn/it-site/it/svs_core/it=10, 1741643618588
Received update: /ndn/tr-site/tr/svs_core/tr=10, 1741643618588
Max suppression time updated to: 94
Received update: /ndn/fr2-site/fr2/svs_core/fr2=10, 1741643618600
Max suppression time updated to: 94
Max suppression time updated to: 94
Max suppression time updated to: 92
Received update: /ndn/md-site/md/svs_core/md=10, 1741643618637
Received update: /ndn/ro-site/ro/svs_core/ro=10, 1741643618637
Max suppression time updated to: 92
Max suppression time updated to: 94
Max suppression time updated to: 94
Max suppression time updated to: 92
Max suppression time updated to: 92
Received update: /ndn/pt-site/pt/svs_core/pt=10, 1741643618787
Sending Sync interest
Max suppression time updated to: 94
Max suppression time updated to: 94
Received update: /ndn/se-site/se/svs_core/se=10, 1741643619063
Max suppression time updated to: 94
Received update: /ndn/by-site/by/svs_core/by=10, 1741643619571
Received update: /ndn/de2-site/de2/svs_core/de2=10, 1741643619571
Max suppression time updated to: 94
Received update: /ndn/al-site/al/svs_core/al=10, 1741643623616
Received update: /ndn/bg-site/bg/svs_core/bg=10, 1741643623616
Received update: /ndn/il-site/il/svs_core/il=10, 1741643623616
Received update: /ndn/me-site/me/svs_core/me=10, 1741643623616
Received update: /ndn/mt-site/mt/svs_core/mt=10, 1741643623616
Max suppression time updated to: 94
Received update: /ndn/es-site/es/svs_core/es=10, 1741643626200
Received update: /ndn/is-site/is/svs_core/is=11, 1741643626200
Max suppression time updated to: 94
Received update: /ndn/ch-site/ch/svs_core/ch=11, 1741643627273
Received update: /ndn/ua-site/ua/svs_core/ua=10, 1741643627273
Max suppression time updated to: 94
Received update: /ndn/sk-site/sk/svs_core/sk=11, 1741643627804
Max suppression time updated to: 94
Max suppression time updated to: 94
Max suppression time updated to: 94
Max suppression time updated to: 94
Received update: /ndn/cz-site/cz/svs_core/cz=11, 1741643632683
Received update: /ndn/hu-site/hu/svs_core/hu=11, 1741643632683
Max suppression time updated to: 94
Received update: /ndn/ee-site/ee/svs_core/ee=11, 1741643632901
Max suppression time updated to: 94
Max suppression time updated to: 94
Max suppression time updated to: 94
Received update: /ndn/gr-site/gr/svs_core/gr=11, 1741643633704
Received update: /ndn/lt-site/lt/svs_core/lt=11, 1741643633704
Received update: /ndn/lu-site/lu/svs_core/lu=11, 1741643633704
Max suppression time updated to: 94
Received update: /ndn/si-site/si/svs_core/si=11, 1741643635835
Max suppression time updated to: 94
Received update: /ndn/az-site/az/svs_core/az=11, 1741643637503
Received update: /ndn/ie-site/ie/svs_core/ie=11, 1741643637503
Max suppression time updated to: 94
Max suppression time updated to: 94
Received update: /ndn/de1-site/de1/svs_core/de1=11, 1741643637740
Max suppression time updated to: 92
Received update: /ndn/nl-site/nl/svs_core/nl=11, 1741643638024
Max suppression time updated to: 92
Received update: /ndn/be-site/be/svs_core/be=11, 1741643638378
Max suppression time updated to: 92
Received update: /ndn/rs-site/rs/svs_core/rs=11, 1741643638556
Max suppression time updated to: 90
Received update: /ndn/fi-site/fi/svs_core/fi=11, 1741643638809
Max suppression time updated to: 90
Received update: /ndn/mk-site/mk/svs_core/mk=11, 1741643641656
Published sequence number: /ndn/am-site/am/svs_core/am=11, 1741643643866
Sending Sync interest
Max suppression time updated to: 90
Received update: /ndn/hr-site/hr/svs_core/hr=11, 1741643644074
Received update: /ndn/fr1-site/fr1/svs_core/fr1=11, 1741643644074
Max suppression time updated to: 90
Max suppression time updated to: 90
Max suppression time updated to: 92
Sending Sync interest
Max suppression time updated to: 92
Received update: /ndn/lv-site/lv/svs_core/lv=11, 1741643645511
Received update: /ndn/uk-site/uk/svs_core/uk=11, 1741643645511
Max suppression time updated to: 94
Max suppression time updated to: 96
Max suppression time updated to: 96
Received update: /ndn/cy-site/cy/svs_core/cy=11, 1741643645913
Received update: /ndn/pl-site/pl/svs_core/pl=11, 1741643645913
Max suppression time updated to: 96
Received update: /ndn/md-site/md/svs_core/md=11, 1741643646688
Max suppression time updated to: 96
Received update: /ndn/dk-site/dk/svs_core/dk=11, 1741643646901
Max suppression time updated to: 96
Received update: /ndn/at-site/at/svs_core/at=11, 1741643654296
Received update: /ndn/ge-site/ge/svs_core/ge=11, 1741643654296
Max suppression time updated to: 96
Received update: /ndn/no-site/no/svs_core/no=11, 1741643654359
Max suppression time updated to: 96
Max suppression time updated to: 96
Received update: /ndn/se-site/se/svs_core/se=11, 1741643658005
Received update: /ndn/tr-site/tr/svs_core/tr=11, 1741643658005
Max suppression time updated to: 96
Received update: /ndn/mt-site/mt/svs_core/mt=11, 1741643660295
Max suppression time updated to: 96
Received update: /ndn/ro-site/ro/svs_core/ro=11, 1741643661860
Received update: /ndn/fr2-site/fr2/svs_core/fr2=11, 1741643661860
Max suppression time updated to: 96
Received update: /ndn/de2-site/de2/svs_core/de2=11, 1741643664572
Max suppression time updated to: 96
Received update: /ndn/il-site/il/svs_core/il=11, 1741643665833
Max suppression time updated to: 96
Max suppression time updated to: 96
Max suppression time updated to: 96
Received update: /ndn/it-site/it/svs_core/it=11, 1741643666034
Max suppression time updated to: 96
Received update: /ndn/bg-site/bg/svs_core/bg=11, 1741643666194
Received update: /ndn/by-site/by/svs_core/by=11, 1741643666194
Max suppression time updated to: 96
Max suppression time updated to: 96
Received update: /ndn/me-site/me/svs_core/me=11, 1741643667970
Max suppression time updated to: 96
Max suppression time updated to: 96
Max suppression time updated to: 96
Max suppression time updated to: 96
Received update: /ndn/pt-site/pt/svs_core/pt=11, 1741643668082
Max suppression time updated to: 96
Max suppression time updated to: 96
Max suppression time updated to: 96
Max suppression time updated to: 98
Received update: /ndn/al-site/al/svs_core/al=11, 1741643668626
Max suppression time updated to: 98
Received update: /ndn/es-site/es/svs_core/es=11, 1741643668839
Max suppression time updated to: 96
Max suppression time updated to: 94
Max suppression time updated to: 96
Max suppression time updated to: 94
Max suppression time updated to: 94
Max suppression time updated to: 94
Max suppression time updated to: 94
Max suppression time updated to: 94
Received update: /ndn/ua-site/ua/svs_core/ua=11, 1741643670576
Max suppression time updated to: 94
Received update: /ndn/is-site/is/svs_core/is=12, 1741643672818
Received update: /ndn/sk-site/sk/svs_core/sk=12, 1741643672818
Max suppression time updated to: 94
Received update: /ndn/az-site/az/svs_core/az=12, 1741643677701
Received update: /ndn/ch-site/ch/svs_core/ch=12, 1741643677701
Received update: /ndn/cz-site/cz/svs_core/cz=12, 1741643677701
Received update: /ndn/hu-site/hu/svs_core/hu=12, 1741643677701
Received update: /ndn/lu-site/lu/svs_core/lu=12, 1741643677701
Max suppression time updated to: 94
Received update: /ndn/ee-site/ee/svs_core/ee=12, 1741643677909
Sending Sync interest
Max suppression time updated to: 94
Received update: /ndn/lt-site/lt/svs_core/lt=12, 1741643678000
Max suppression time updated to: 94
Max suppression time updated to: 94
Received update: /ndn/gr-site/gr/svs_core/gr=12, 1741643678786
Max suppression time updated to: 94
Received update: /ndn/fi-site/fi/svs_core/fi=12, 1741643678879
Max suppression time updated to: 94
Received update: /ndn/ie-site/ie/svs_core/ie=12, 1741643682416
Received update: /ndn/rs-site/rs/svs_core/rs=12, 1741643682416
Max suppression time updated to: 94
Received update: /ndn/de1-site/de1/svs_core/de1=12, 1741643682519
Max suppression time updated to: 94
Received update: /ndn/si-site/si/svs_core/si=12, 1741643682579
Max suppression time updated to: 94
Max suppression time updated to: 94
Max suppression time updated to: 94
Received update: /ndn/mk-site/mk/svs_core/mk=12, 1741643686662
Max suppression time updated to: 94
Received update: /ndn/nl-site/nl/svs_core/nl=12, 1741643686777
Max suppression time updated to: 94
Received update: /ndn/be-site/be/svs_core/be=12, 1741643686823
Max suppression time updated to: 94
Published sequence number: /ndn/am-site/am/svs_core/am=12, 1741643688867
Sending Sync interest
Max suppression time updated to: 94
Received update: /ndn/hr-site/hr/svs_core/hr=12, 1741643689127
Received update: /ndn/lv-site/lv/svs_core/lv=12, 1741643689127
Received update: /ndn/fr1-site/fr1/svs_core/fr1=12, 1741643689127
Max suppression time updated to: 92
Max suppression time updated to: 94
Received update: /ndn/pl-site/pl/svs_core/pl=12, 1741643689580
Max suppression time updated to: 94
Received update: /ndn/uk-site/uk/svs_core/uk=12, 1741643689635
Max suppression time updated to: 92
Max suppression time updated to: 92
Max suppression time updated to: 94
Received update: /ndn/dk-site/dk/svs_core/dk=12, 1741643691588
Max suppression time updated to: 94
Received update: /ndn/cy-site/cy/svs_core/cy=12, 1741643691618
Received update: /ndn/md-site/md/svs_core/md=12, 1741643691618
Max suppression time updated to: 92
Max suppression time updated to: 92
Max suppression time updated to: 92
Max suppression time updated to: 94
Received update: /ndn/no-site/no/svs_core/no=12, 1741643692217
Max suppression time updated to: 94
Max suppression time updated to: 94
Max suppression time updated to: 94
Max suppression time updated to: 94
Max suppression time updated to: 94
Max suppression time updated to: 94
Received update: /ndn/at-site/at/svs_core/at=12, 1741643702995
Received update: /ndn/ge-site/ge/svs_core/ge=12, 1741643702995
Received update: /ndn/tr-site/tr/svs_core/tr=12, 1741643702995
Max suppression time updated to: 94
Received update: /ndn/pt-site/pt/svs_core/pt=12, 1741643703190
Max suppression time updated to: 94
Received update: /ndn/mt-site/mt/svs_core/mt=12, 1741643704889
Max suppression time updated to: 94
Received update: /ndn/ro-site/ro/svs_core/ro=12, 1741643705008
Max suppression time updated to: 94
Received update: /ndn/it-site/it/svs_core/it=12, 1741643708529
Max suppression time updated to: 94
Received update: /ndn/fr2-site/fr2/svs_core/fr2=12, 1741643708587
Max suppression time updated to: 94
Max suppression time updated to: 94
Received update: /ndn/se-site/se/svs_core/se=12, 1741643708780
Sending Sync interest
Max suppression time updated to: 92
Max suppression time updated to: 94
Received update: /ndn/de2-site/de2/svs_core/de2=12, 1741643709577
Max suppression time updated to: 92
Received update: /ndn/me-site/me/svs_core/me=12, 1741643712946
Max suppression time updated to: 92
Received update: /ndn/bg-site/bg/svs_core/bg=12, 1741643713015
Received update: /ndn/il-site/il/svs_core/il=12, 1741643713015
Max suppression time updated to: 92
Max suppression time updated to: 92
Max suppression time updated to: 92
Max suppression time updated to: 92
Received update: /ndn/by-site/by/svs_core/by=12, 1741643713304
Max suppression time updated to: 92
Received update: /ndn/al-site/al/svs_core/al=12, 1741643717161
Received update: /ndn/ch-site/ch/svs_core/ch=13, 1741643717161
Received update: /ndn/is-site/is/svs_core/is=13, 1741643717161
Max suppression time updated to: 92
Received update: /ndn/es-site/es/svs_core/es=12, 1741643721120
Received update: /ndn/hu-site/hu/svs_core/hu=13, 1741643721120
Max suppression time updated to: 92
Received update: /ndn/fi-site/fi/svs_core/fi=13, 1741643721157
Max suppression time updated to: 92
Received update: /ndn/az-site/az/svs_core/az=13, 1741643721312
Received update: /ndn/sk-site/sk/svs_core/sk=13, 1741643721312
Received update: /ndn/ua-site/ua/svs_core/ua=12, 1741643721312
Max suppression time updated to: 92
Received update: /ndn/lu-site/lu/svs_core/lu=13, 1741643721430
Max suppression time updated to: 92
Max suppression time updated to: 92
Received update: /ndn/cz-site/cz/svs_core/cz=13, 1741643722918
Received update: /ndn/ee-site/ee/svs_core/ee=13, 1741643722918
Received update: /ndn/lt-site/lt/svs_core/lt=13, 1741643722918
Max suppression time updated to: 92
Received update: /ndn/gr-site/gr/svs_core/gr=13, 1741643723726
Max suppression time updated to: 92
Received update: /ndn/rs-site/rs/svs_core/rs=13, 1741643724932
Max suppression time updated to: 92
Max suppression time updated to: 92
Max suppression time updated to: 92
Max suppression time updated to: 92
Max suppression time updated to: 92
Received update: /ndn/si-site/si/svs_core/si=13, 1741643725760
Max suppression time updated to: 92
Received update: /ndn/ie-site/ie/svs_core/ie=13, 1741643727501
Max suppression time updated to: 92
Max suppression time updated to: 92
Max suppression time updated to: 92
Received update: /ndn/de1-site/de1/svs_core/de1=13, 1741643727515
Max suppression time updated to: 92
Received update: /ndn/mk-site/mk/svs_core/mk=13, 1741643731782
Received update: /ndn/nl-site/nl/svs_core/nl=13, 1741643731782
Max suppression time updated to: 92
Received update: /ndn/be-site/be/svs_core/be=13, 1741643731947
Published sequence number: /ndn/am-site/am/svs_core/am=13, 1741643733869
Sending Sync interest
Max suppression time updated to: 92
Received update: /ndn/hr-site/hr/svs_core/hr=13, 1741643733939
Received update: /ndn/fr1-site/fr1/svs_core/fr1=13, 1741643733939
Max suppression time updated to: 92
Max suppression time updated to: 92
Max suppression time updated to: 92
Max suppression time updated to: 92
Received update: /ndn/uk-site/uk/svs_core/uk=13, 1741643734456
Max suppression time updated to: 92
Received update: /ndn/cy-site/cy/svs_core/cy=13, 1741643735920
Max suppression time updated to: 92
Received update: /ndn/pl-site/pl/svs_core/pl=13, 1741643736035
Max suppression time updated to: 92
Received update: /ndn/lv-site/lv/svs_core/lv=13, 1741643736090
Max suppression time updated to: 92
Received update: /ndn/no-site/no/svs_core/no=13, 1741643737243
Max suppression time updated to: 92
Received update: /ndn/md-site/md/svs_core/md=13, 1741643737296
Max suppression time updated to: 92
Max suppression time updated to: 92
Max suppression time updated to: 92
Received update: /ndn/dk-site/dk/svs_core/dk=13, 1741643738093
Max suppression time updated to: 92
Received update: /ndn/at-site/at/svs_core/at=13, 1741643739021
Received update: /ndn/se-site/se/svs_core/se=13, 1741643739021
Max suppression time updated to: 92
Received update: /ndn/ge-site/ge/svs_core/ge=13, 1741643744305
Max suppression time updated to: 92
Received update: /ndn/ro-site/ro/svs_core/ro=13, 1741643747847
Max suppression time updated to: 92
Received update: /ndn/tr-site/tr/svs_core/tr=13, 1741643747979
Max suppression time updated to: 92
Received update: /ndn/mt-site/mt/svs_core/mt=13, 1741643749893
Max suppression time updated to: 92
Max suppression time updated to: 92
Max suppression time updated to: 92
Received update: /ndn/by-site/by/svs_core/by=13, 1741643753838
Received update: /ndn/it-site/it/svs_core/it=13, 1741643753838
Received update: /ndn/pt-site/pt/svs_core/pt=13, 1741643753838
Received update: /ndn/fr2-site/fr2/svs_core/fr2=13, 1741643753838
Max suppression time updated to: 92
Max suppression time updated to: 92
Max suppression time updated to: 92
Max suppression time updated to: 92
Received update: /ndn/bg-site/bg/svs_core/bg=13, 1741643755316
Received update: /ndn/de2-site/de2/svs_core/de2=13, 1741643755316
Max suppression time updated to: 92
Received update: /ndn/il-site/il/svs_core/il=13, 1741643755845
Max suppression time updated to: 92
Received update: /ndn/es-site/es/svs_core/es=13, 1741643761508
Received update: /ndn/is-site/is/svs_core/is=14, 1741643761508
Received update: /ndn/me-site/me/svs_core/me=13, 1741643761508
Max suppression time updated to: 92
Received update: /ndn/al-site/al/svs_core/al=13, 1741643762158
Received update: /ndn/ch-site/ch/svs_core/ch=14, 1741643762158
Received update: /ndn/ua-site/ua/svs_core/ua=13, 1741643762158
Max suppression time updated to: 92
Received update: /ndn/az-site/az/svs_core/az=14, 1741643767707
Received update: /ndn/cz-site/cz/svs_core/cz=14, 1741643767707
Received update: /ndn/hu-site/hu/svs_core/hu=14, 1741643767707
Received update: /ndn/lt-site/lt/svs_core/lt=14, 1741643767707
Received update: /ndn/lu-site/lu/svs_core/lu=14, 1741643767707
Received update: /ndn/sk-site/sk/svs_core/sk=14, 1741643767707
Max suppression time updated to: 92
Received update: /ndn/ee-site/ee/svs_core/ee=14, 1741643767982
Max suppression time updated to: 92
Max suppression time updated to: 92
Max suppression time updated to: 92
Max suppression time updated to: 92
Received update: /ndn/gr-site/gr/svs_core/gr=14, 1741643772501
Received update: /ndn/ie-site/ie/svs_core/ie=14, 1741643772501
Max suppression time updated to: 92
Max suppression time updated to: 92
Max suppression time updated to: 90
Max suppression time updated to: 90
Max suppression time updated to: 90
Received update: /ndn/nl-site/nl/svs_core/nl=14, 1741643773037
Max suppression time updated to: 90
Received update: /ndn/be-site/be/svs_core/be=14, 1741643773409
Max suppression time updated to: 90
Received update: /ndn/de1-site/de1/svs_core/de1=14, 1741643773514
Max suppression time updated to: 90
Received update: /ndn/fi-site/fi/svs_core/fi=14, 1741643773908
Max suppression time updated to: 90
Max suppression time updated to: 90
Max suppression time updated to: 90
Max suppression time updated to: 90
Max suppression time updated to: 90
Received update: /ndn/rs-site/rs/svs_core/rs=14, 1741643774088
Max suppression time updated to: 90
Max suppression time updated to: 90
Max suppression time updated to: 90
Received update: /ndn/si-site/si/svs_core/si=14, 1741643774328
Max suppression time updated to: 90
Published sequence number: /ndn/am-site/am/svs_core/am=14, 1741643778875
Sending Sync interest
Max suppression time updated to: 90
Received update: /ndn/mk-site/mk/svs_core/mk=14, 1741643779550
Received update: /ndn/uk-site/uk/svs_core/uk=14, 1741643779550
Max suppression time updated to: 90
Received update: /ndn/pl-site/pl/svs_core/pl=14, 1741643779579
Sending Sync interest
Max suppression time updated to: 90
Received update: /ndn/lv-site/lv/svs_core/lv=14, 1741643779650
Max suppression time updated to: 90
Max suppression time updated to: 90
Received update: /ndn/hr-site/hr/svs_core/hr=14, 1741643779680
Sending Sync interest
Max suppression time updated to: 90
Received update: /ndn/cy-site/cy/svs_core/cy=14, 1741643781177
Received update: /ndn/fr1-site/fr1/svs_core/fr1=14, 1741643781177
Sending Sync interest
Max suppression time updated to: 90
Received update: /ndn/dk-site/dk/svs_core/dk=14, 1741643783946
Received update: /ndn/md-site/md/svs_core/md=14, 1741643783946
Received update: /ndn/se-site/se/svs_core/se=14, 1741643783946
Sending Sync interest
Max suppression time updated to: 90
Received update: /ndn/at-site/at/svs_core/at=14, 1741643792413
Received update: /ndn/ge-site/ge/svs_core/ge=14, 1741643792413
Received update: /ndn/pt-site/pt/svs_core/pt=14, 1741643792413
Sending Sync interest
Max suppression time updated to: 90
Received update: /ndn/ro-site/ro/svs_core/ro=14, 1741643792783
Sending Sync interest
Max suppression time updated to: 90
Max suppression time updated to: 90
Received update: /ndn/by-site/by/svs_core/by=14, 1741643792892
Max suppression time updated to: 90
Received update: /ndn/tr-site/tr/svs_core/tr=14, 1741643792990
Max suppression time updated to: 92
Max suppression time updated to: 92
Max suppression time updated to: 92
Max suppression time updated to: 92
Max suppression time updated to: 92
Received update: /ndn/fr2-site/fr2/svs_core/fr2=14, 1741643796841
Max suppression time updated to: 92
Received update: /ndn/it-site/it/svs_core/it=14, 1741643798540
Received update: /ndn/mt-site/mt/svs_core/mt=14, 1741643798540
Max suppression time updated to: 92
Received update: /ndn/de2-site/de2/svs_core/de2=14, 1741643799578
Max suppression time updated to: 92
Received update: /ndn/il-site/il/svs_core/il=14, 1741643800920
Max suppression time updated to: 92
Max suppression time updated to: 94
Max suppression time updated to: 94
Received update: /ndn/me-site/me/svs_core/me=14, 1741643802976
Max suppression time updated to: 94
Received update: /ndn/bg-site/bg/svs_core/bg=14, 1741643803013
Max suppression time updated to: 94
Max suppression time updated to: 94
Max suppression time updated to: 94
Received update: /ndn/ua-site/ua/svs_core/ua=14, 1741643805301
Sending Sync interest
Max suppression time updated to: 94
Received update: /ndn/no-site/no/svs_core/no=14, 1741643805399
Max suppression time updated to: 94
Max suppression time updated to: 94
Max suppression time updated to: 94
Received update: /ndn/al-site/al/svs_core/al=14, 1741643805562
Max suppression time updated to: 94
Received update: /ndn/es-site/es/svs_core/es=14, 1741643805688
Max suppression time updated to: 94
Max suppression time updated to: 94
Max suppression time updated to: 94
Received update: /ndn/ch-site/ch/svs_core/ch=15, 1741643807277
Received update: /ndn/is-site/is/svs_core/is=15, 1741643807277
Max suppression time updated to: 94
Received update: /ndn/sk-site/sk/svs_core/sk=15, 1741643807818
Max suppression time updated to: 94
Received update: /ndn/fi-site/fi/svs_core/fi=15, 1741643811404
Received update: /ndn/hu-site/hu/svs_core/hu=15, 1741643811404
Received update: /ndn/lu-site/lu/svs_core/lu=15, 1741643811404
Max suppression time updated to: 94
Received update: /ndn/az-site/az/svs_core/az=15, 1741643812825
Received update: /ndn/cz-site/cz/svs_core/cz=15, 1741643812825
Received update: /ndn/lt-site/lt/svs_core/lt=15, 1741643812825
Max suppression time updated to: 94
Received update: /ndn/gr-site/gr/svs_core/gr=15, 1741643813709
Max suppression time updated to: 94
Received update: /ndn/rs-site/rs/svs_core/rs=15, 1741643814954
Max suppression time updated to: 94
Received update: /ndn/ee-site/ee/svs_core/ee=15, 1741643818311
Received update: /ndn/ie-site/ie/svs_core/ie=15, 1741643818311
Received update: /ndn/nl-site/nl/svs_core/nl=15, 1741643818311
Received update: /ndn/de1-site/de1/svs_core/de1=15, 1741643818311
Max suppression time updated to: 94
Received update: /ndn/si-site/si/svs_core/si=15, 1741643818473
Max suppression time updated to: 94
Received update: /ndn/fr1-site/fr1/svs_core/fr1=15, 1741643823828
Max suppression time updated to: 94
Max suppression time updated to: 94
Received update: /ndn/mk-site/mk/svs_core/mk=15, 1741643823875
Published sequence number: /ndn/am-site/am/svs_core/am=15, 1741643823877
Sending Sync interest
Max suppression time updated to: 94
Received update: /ndn/uk-site/uk/svs_core/uk=15, 1741643824540
Max suppression time updated to: 94
Received update: /ndn/lv-site/lv/svs_core/lv=15, 1741643824582
Max suppression time updated to: 92
Received update: /ndn/be-site/be/svs_core/be=15, 1741643824583
Sending Sync interest
Max suppression time updated to: 92
Received update: /ndn/hr-site/hr/svs_core/hr=15, 1741643824721
Received update: /ndn/pl-site/pl/svs_core/pl=15, 1741643824721
Max suppression time updated to: 92
Max suppression time updated to: 94
Sending Sync interest
Max suppression time updated to: 94
Max suppression time updated to: 94
Max suppression time updated to: 94
Max suppression time updated to: 94
Max suppression time updated to: 94
Received update: /ndn/cy-site/cy/svs_core/cy=15, 1741643825929
Max suppression time updated to: 94
Received update: /ndn/dk-site/dk/svs_core/dk=15, 1741643826596
Max suppression time updated to: 94
Received update: /ndn/md-site/md/svs_core/md=15, 1741643826606
Max suppression time updated to: 94
Max suppression time updated to: 94
Max suppression time updated to: 94
Max suppression time updated to: 94
Max suppression time updated to: 94
Max suppression time updated to: 94
Max suppression time updated to: 94
Max suppression time updated to: 92
Max suppression time updated to: 94
Received update: /ndn/ge-site/ge/svs_core/ge=15, 1741643834359
Max suppression time updated to: 94
Received update: /ndn/at-site/at/svs_core/at=15, 1741643834414
Max suppression time updated to: 94
Received update: /ndn/pt-site/pt/svs_core/pt=15, 1741643837371
Max suppression time updated to: 94
Received update: /ndn/by-site/by/svs_core/by=15, 1741643837818
Received update: /ndn/ro-site/ro/svs_core/ro=15, 1741643837818
Max suppression time updated to: 94
Received update: /ndn/tr-site/tr/svs_core/tr=15, 1741643837995
Max suppression time updated to: 94
Received update: /ndn/mt-site/mt/svs_core/mt=15, 1741643839927
Max suppression time updated to: 94
Max suppression time updated to: 94
Max suppression time updated to: 94
Max suppression time updated to: 94
Max suppression time updated to: 94
Received update: /ndn/it-site/it/svs_core/it=15, 1741643844675
Received update: /ndn/no-site/no/svs_core/no=15, 1741643844675
Received update: /ndn/se-site/se/svs_core/se=15, 1741643844675
Received update: /ndn/de2-site/de2/svs_core/de2=15, 1741643844675
Received update: /ndn/fr2-site/fr2/svs_core/fr2=15, 1741643844675
Max suppression time updated to: 94
Max suppression time updated to: 94
Received update: /ndn/bg-site/bg/svs_core/bg=15, 1741643845850
Received update: /ndn/il-site/il/svs_core/il=15, 1741643845850
Max suppression time updated to: 94
Received update: /ndn/ch-site/ch/svs_core/ch=16, 1741643853193
Received update: /ndn/es-site/es/svs_core/es=15, 1741643853193
Received update: /ndn/is-site/is/svs_core/is=16, 1741643853193
Received update: /ndn/sk-site/sk/svs_core/sk=16, 1741643853193
Received update: /ndn/ua-site/ua/svs_core/ua=15, 1741643853193
Max suppression time updated to: 94
Received update: /ndn/al-site/al/svs_core/al=15, 1741643853248
Max suppression time updated to: 94
Max suppression time updated to: 94
Max suppression time updated to: 94
Received update: /ndn/me-site/me/svs_core/me=15, 1741643853379
Max suppression time updated to: 94
Received update: /ndn/fi-site/fi/svs_core/fi=16, 1741643854054
Max suppression time updated to: 94
Max suppression time updated to: 94
Max suppression time updated to: 94
Received update: /ndn/hu-site/hu/svs_core/hu=16, 1741643855971
Max suppression time updated to: 94
Received update: /ndn/lu-site/lu/svs_core/lu=16, 1741643856412
Sending Sync interest
Max suppression time updated to: 92
Max suppression time updated to: 92
Received update: /ndn/az-site/az/svs_core/az=16, 1741643856531
Max suppression time updated to: 92
Max suppression time updated to: 92
Max suppression time updated to: 92
Max suppression time updated to: 92
Received update: /ndn/lt-site/lt/svs_core/lt=16, 1741643857204
Max suppression time updated to: 92
Received update: /ndn/cz-site/cz/svs_core/cz=16, 1741643857713
Max suppression time updated to: 92
Max suppression time updated to: 92
Received update: /ndn/ee-site/ee/svs_core/ee=16, 1741643858004
Max suppression time updated to: 92
Max suppression time updated to: 92
Received update: /ndn/gr-site/gr/svs_core/gr=16, 1741643862560
Received update: /ndn/ie-site/ie/svs_core/ie=16, 1741643862560
Received update: /ndn/rs-site/rs/svs_core/rs=16, 1741643862560
Received update: /ndn/si-site/si/svs_core/si=16, 1741643862560
Max suppression time updated to: 92
Received update: /ndn/be-site/be/svs_core/be=16, 1741643863526
Received update: /ndn/nl-site/nl/svs_core/nl=16, 1741643863526
Max suppression time updated to: 92
Max suppression time updated to: 94
Received update: /ndn/de1-site/de1/svs_core/de1=16, 1741643863592
Max suppression time updated to: 94
Max suppression time updated to: 94
Received update: /ndn/lv-site/lv/svs_core/lv=16, 1741643868596
Max suppression time updated to: 94
Received update: /ndn/mk-site/mk/svs_core/mk=16, 1741643868820
Published sequence number: /ndn/am-site/am/svs_core/am=16, 1741643868878
Sending Sync interest
Max suppression time updated to: 94
Received update: /ndn/hr-site/hr/svs_core/hr=16, 1741643868946
Max suppression time updated to: 94
Received update: /ndn/fr1-site/fr1/svs_core/fr1=16, 1741643869041
Max suppression time updated to: 94
Max suppression time updated to: 94
Max suppression time updated to: 94
Max suppression time updated to: 94
Max suppression time updated to: 94
Received update: /ndn/cy-site/cy/svs_core/cy=16, 1741643871671
Received update: /ndn/dk-site/dk/svs_core/dk=16, 1741643871671
Received update: /ndn/pl-site/pl/svs_core/pl=16, 1741643871671
Received update: /ndn/uk-site/uk/svs_core/uk=16, 1741643871671
Max suppression time updated to: 94
Max suppression time updated to: 94
Max suppression time updated to: 94
Max suppression time updated to: 94
Max suppression time updated to: 94
Max suppression time updated to: 94
Received update: /ndn/by-site/by/svs_core/by=16, 1741643876383
Max suppression time updated to: 94
Received update: /ndn/at-site/at/svs_core/at=16, 1741643876474
Max suppression time updated to: 94
Max suppression time updated to: 94
Received update: /ndn/md-site/md/svs_core/md=16, 1741643882828
Received update: /ndn/no-site/no/svs_core/no=16, 1741643882828
Received update: /ndn/ro-site/ro/svs_core/ro=16, 1741643882828
Received update: /ndn/se-site/se/svs_core/se=16, 1741643882828
Max suppression time updated to: 94
Received update: /ndn/pt-site/pt/svs_core/pt=16, 1741643882943
Max suppression time updated to: 94
Received update: /ndn/ge-site/ge/svs_core/ge=16, 1741643882949
Max suppression time updated to: 94
Max suppression time updated to: 94
Received update: /ndn/it-site/it/svs_core/it=16, 1741643889589
Received update: /ndn/mt-site/mt/svs_core/mt=16, 1741643889589
Received update: /ndn/tr-site/tr/svs_core/tr=16, 1741643889589
Received update: /ndn/de2-site/de2/svs_core/de2=16, 1741643889589
Received update: /ndn/fr2-site/fr2/svs_core/fr2=16, 1741643889589
Max suppression time updated to: 94
Received update: /ndn/bg-site/bg/svs_core/bg=16, 1741643893127
Received update: /ndn/me-site/me/svs_core/me=16, 1741643893127
Max suppression time updated to: 94
Received update: /ndn/il-site/il/svs_core/il=16, 1741643893297
Max suppression time updated to: 94
Received update: /ndn/al-site/al/svs_core/al=16, 1741643893600
Max suppression time updated to: 94
Max suppression time updated to: 94
Max suppression time updated to: 94
Max suppression time updated to: 94
Max suppression time updated to: 94
Max suppression time updated to: 94
Received update: /ndn/es-site/es/svs_core/es=16, 1741643895199
Max suppression time updated to: 94
Max suppression time updated to: 94
Received update: /ndn/ua-site/ua/svs_core/ua=16, 1741643895296
Sending Sync interest
Max suppression time updated to: 94
Max suppression time updated to: 94
Max suppression time updated to: 92
Max suppression time updated to: 92
Max suppression time updated to: 92
Stopping SVS client: /ndn/am-site/am/svs_core/am
