SVS client starting: /ndn/cy-site/cy/svs_core/cy
Max suppression time updated to: 46
Sending Sync interest
Max suppression time updated to: 66
Max suppression time updated to: 50
Max suppression time updated to: 60
Max suppression time updated to: 62
Max suppression time updated to: 62
Max suppression time updated to: 62
Max suppression time updated to: 66
Max suppression time updated to: 66
Max suppression time updated to: 74
Max suppression time updated to: 72
Max suppression time updated to: 72
Max suppression time updated to: 70
Max suppression time updated to: 70
Max suppression time updated to: 70
Max suppression time updated to: 70
Max suppression time updated to: 70
Max suppression time updated to: 68
Max suppression time updated to: 70
Max suppression time updated to: 70
Max suppression time updated to: 68
Max suppression time updated to: 68
Max suppression time updated to: 66
Max suppression time updated to: 68
Max suppression time updated to: 66
Max suppression time updated to: 64
Max suppression time updated to: 64
Max suppression time updated to: 64
Max suppression time updated to: 66
Max suppression time updated to: 66
Max suppression time updated to: 66
Max suppression time updated to: 68
Max suppression time updated to: 68
Received update: /ndn/is-site/is/svs_core/is=1, 1741643176115
Max suppression time updated to: 78
Max suppression time updated to: 88
Max suppression time updated to: 96
Max suppression time updated to: 94
Max suppression time updated to: 92
Max suppression time updated to: 92
Max suppression time updated to: 92
Max suppression time updated to: 92
Max suppression time updated to: 92
Received update: /ndn/ch-site/ch/svs_core/ch=1, 1741643177069
Max suppression time updated to: 92
Received update: /ndn/fi-site/fi/svs_core/fi=1, 1741643177503
Max suppression time updated to: 90
Max suppression time updated to: 90
Max suppression time updated to: 90
Max suppression time updated to: 88
Max suppression time updated to: 88
Max suppression time updated to: 88
Received update: /ndn/sk-site/sk/svs_core/sk=1, 1741643177765
Max suppression time updated to: 88
Received update: /ndn/az-site/az/svs_core/az=1, 1741643179099
Max suppression time updated to: 86
Received update: /ndn/lu-site/lu/svs_core/lu=1, 1741643181354
Sending Sync interest
Max suppression time updated to: 86
Max suppression time updated to: 84
Max suppression time updated to: 84
Received update: /ndn/hu-site/hu/svs_core/hu=1, 1741643181483
Max suppression time updated to: 84
Received update: /ndn/cz-site/cz/svs_core/cz=1, 1741643182641
Max suppression time updated to: 84
Max suppression time updated to: 84
Received update: /ndn/lt-site/lt/svs_core/lt=1, 1741643182885
Max suppression time updated to: 86
Received update: /ndn/gr-site/gr/svs_core/gr=1, 1741643183687
Max suppression time updated to: 86
Received update: /ndn/ee-site/ee/svs_core/ee=1, 1741643183893
Max suppression time updated to: 86
Received update: /ndn/ie-site/ie/svs_core/ie=1, 1741643187348
Max suppression time updated to: 86
Received update: /ndn/rs-site/rs/svs_core/rs=1, 1741643187545
Max suppression time updated to: 86
Received update: /ndn/si-site/si/svs_core/si=1, 1741643187549
Max suppression time updated to: 86
Max suppression time updated to: 86
Max suppression time updated to: 84
Received update: /ndn/de1-site/de1/svs_core/de1=1, 1741643187700
Max suppression time updated to: 84
Received update: /ndn/nl-site/nl/svs_core/nl=1, 1741643187999
Max suppression time updated to: 84
Received update: /ndn/be-site/be/svs_core/be=1, 1741643188329
Max suppression time updated to: 84
Received update: /ndn/mk-site/mk/svs_core/mk=1, 1741643191624
Max suppression time updated to: 84
Received update: /ndn/lv-site/lv/svs_core/lv=1, 1741643193539
Sending Sync interest
Max suppression time updated to: 84
Max suppression time updated to: 82
Max suppression time updated to: 82
Max suppression time updated to: 82
Max suppression time updated to: 82
Max suppression time updated to: 82
Max suppression time updated to: 84
Max suppression time updated to: 84
Received update: /ndn/am-site/am/svs_core/am=1, 1741643193885
Max suppression time updated to: 82
Received update: /ndn/hr-site/hr/svs_core/hr=1, 1741643193910
Max suppression time updated to: 82
Received update: /ndn/fr1-site/fr1/svs_core/fr1=1, 1741643194032
Max suppression time updated to: 82
Received update: /ndn/uk-site/uk/svs_core/uk=1, 1741643194380
Max suppression time updated to: 82
Received update: /ndn/pl-site/pl/svs_core/pl=1, 1741643194551
Max suppression time updated to: 82
Max suppression time updated to: 80
Max suppression time updated to: 80
Published sequence number: /ndn/cy-site/cy/svs_core/cy=1, 1741643195845
Sending Sync interest
Max suppression time updated to: 80
Received update: /ndn/dk-site/dk/svs_core/dk=1, 1741643196538
Max suppression time updated to: 82
Received update: /ndn/md-site/md/svs_core/md=1, 1741643196564
Max suppression time updated to: 82
Received update: /ndn/se-site/se/svs_core/se=1, 1741643198534
Max suppression time updated to: 82
Received update: /ndn/at-site/at/svs_core/at=1, 1741643198971
Max suppression time updated to: 82
Received update: /ndn/by-site/by/svs_core/by=1, 1741643201342
Max suppression time updated to: 82
Received update: /ndn/ge-site/ge/svs_core/ge=1, 1741643204273
Max suppression time updated to: 82
Received update: /ndn/pt-site/pt/svs_core/pt=1, 1741643207252
Max suppression time updated to: 84
Received update: /ndn/no-site/no/svs_core/no=1, 1741643207595
Max suppression time updated to: 82
Received update: /ndn/tr-site/tr/svs_core/tr=1, 1741643207923
Max suppression time updated to: 82
Received update: /ndn/ro-site/ro/svs_core/ro=1, 1741643208071
Max suppression time updated to: 82
Max suppression time updated to: 84
Received update: /ndn/mt-site/mt/svs_core/mt=1, 1741643209865
Max suppression time updated to: 84
Max suppression time updated to: 84
Max suppression time updated to: 84
Max suppression time updated to: 84
Received update: /ndn/fr2-site/fr2/svs_core/fr2=1, 1741643211802
Max suppression time updated to: 84
Received update: /ndn/it-site/it/svs_core/it=1, 1741643213521
Max suppression time updated to: 84
Received update: /ndn/de2-site/de2/svs_core/de2=1, 1741643214541
Max suppression time updated to: 84
Received update: /ndn/me-site/me/svs_core/me=1, 1741643217964
Max suppression time updated to: 84
Received update: /ndn/il-site/il/svs_core/il=1, 1741643218049
Max suppression time updated to: 84
Received update: /ndn/bg-site/bg/svs_core/bg=1, 1741643218069
Max suppression time updated to: 84
Max suppression time updated to: 84
Received update: /ndn/al-site/al/svs_core/al=1, 1741643218583
Max suppression time updated to: 84
Max suppression time updated to: 84
Max suppression time updated to: 84
Max suppression time updated to: 84
Max suppression time updated to: 84
Max suppression time updated to: 84
Max suppression time updated to: 86
Received update: /ndn/es-site/es/svs_core/es=1, 1741643218807
Max suppression time updated to: 84
Max suppression time updated to: 86
Max suppression time updated to: 86
Received update: /ndn/ua-site/ua/svs_core/ua=1, 1741643220226
Max suppression time updated to: 84
Received update: /ndn/is-site/is/svs_core/is=2, 1741643221122
Sending Sync interest
Max suppression time updated to: 84
Max suppression time updated to: 86
Max suppression time updated to: 86
Received update: /ndn/ch-site/ch/svs_core/ch=2, 1741643222074
Max suppression time updated to: 86
Received update: /ndn/sk-site/sk/svs_core/sk=2, 1741643222771
Max suppression time updated to: 86
Max suppression time updated to: 86
Max suppression time updated to: 86
Received update: /ndn/hu-site/hu/svs_core/hu=2, 1741643225910
Max suppression time updated to: 84
Received update: /ndn/az-site/az/svs_core/az=2, 1741643226006
Max suppression time updated to: 86
Received update: /ndn/lt-site/lt/svs_core/lt=2, 1741643227262
Max suppression time updated to: 86
Max suppression time updated to: 86
Received update: /ndn/cz-site/cz/svs_core/cz=2, 1741643227653
Max suppression time updated to: 86
Received update: /ndn/ee-site/ee/svs_core/ee=2, 1741643227886
Max suppression time updated to: 86
Received update: /ndn/gr-site/gr/svs_core/gr=2, 1741643228681
Max suppression time updated to: 88
Received update: /ndn/lu-site/lu/svs_core/lu=2, 1741643229025
Max suppression time updated to: 86
Received update: /ndn/si-site/si/svs_core/si=2, 1741643230715
Max suppression time updated to: 86
Received update: /ndn/mk-site/mk/svs_core/mk=2, 1741643236622
Max suppression time updated to: 88
Received update: /ndn/lv-site/lv/svs_core/lv=2, 1741643238566
Max suppression time updated to: 88
Received update: /ndn/de1-site/de1/svs_core/de1=2, 1741643238626
Max suppression time updated to: 88
Received update: /ndn/ie-site/ie/svs_core/ie=2, 1741643238653
Max suppression time updated to: 88
Received update: /ndn/nl-site/nl/svs_core/nl=2, 1741643238671
Max suppression time updated to: 88
Received update: /ndn/fr1-site/fr1/svs_core/fr1=2, 1741643238708
Max suppression time updated to: 88
Received update: /ndn/be-site/be/svs_core/be=2, 1741643238795
Max suppression time updated to: 88
Received update: /ndn/am-site/am/svs_core/am=2, 1741643238872
Max suppression time updated to: 88
Received update: /ndn/fi-site/fi/svs_core/fi=2, 1741643238884
Max suppression time updated to: 88
Received update: /ndn/hr-site/hr/svs_core/hr=2, 1741643238909
Max suppression time updated to: 88
Max suppression time updated to: 88
Max suppression time updated to: 88
Max suppression time updated to: 88
Received update: /ndn/uk-site/uk/svs_core/uk=2, 1741643239377
Max suppression time updated to: 88
Received update: /ndn/rs-site/rs/svs_core/rs=2, 1741643239466
Published sequence number: /ndn/cy-site/cy/svs_core/cy=2, 1741643240848
Sending Sync interest
Max suppression time updated to: 88
Received update: /ndn/md-site/md/svs_core/md=2, 1741643241558
Max suppression time updated to: 88
Received update: /ndn/no-site/no/svs_core/no=2, 1741643242264
Max suppression time updated to: 88
Received update: /ndn/pl-site/pl/svs_core/pl=2, 1741643242295
Max suppression time updated to: 88
Max suppression time updated to: 88
Max suppression time updated to: 88
Max suppression time updated to: 88
Received update: /ndn/dk-site/dk/svs_core/dk=2, 1741643242503
Max suppression time updated to: 88
Received update: /ndn/at-site/at/svs_core/at=2, 1741643243967
Max suppression time updated to: 88
Received update: /ndn/by-site/by/svs_core/by=2, 1741643252724
Received update: /ndn/ro-site/ro/svs_core/ro=2, 1741643252724
Max suppression time updated to: 88
Received update: /ndn/ge-site/ge/svs_core/ge=2, 1741643252869
Max suppression time updated to: 86
Received update: /ndn/tr-site/tr/svs_core/tr=2, 1741643252922
Max suppression time updated to: 88
Received update: /ndn/se-site/se/svs_core/se=2, 1741643253208
Max suppression time updated to: 86
Received update: /ndn/fr2-site/fr2/svs_core/fr2=2, 1741643256797
Max suppression time updated to: 88
Received update: /ndn/mt-site/mt/svs_core/mt=2, 1741643256897
Max suppression time updated to: 88
Received update: /ndn/pt-site/pt/svs_core/pt=2, 1741643256915
Max suppression time updated to: 88
Max suppression time updated to: 86
Max suppression time updated to: 86
Max suppression time updated to: 86
Received update: /ndn/it-site/it/svs_core/it=2, 1741643259544
Received update: /ndn/de2-site/de2/svs_core/de2=2, 1741643259544
Max suppression time updated to: 88
Received update: /ndn/bg-site/bg/svs_core/bg=2, 1741643260258
Max suppression time updated to: 88
Max suppression time updated to: 88
Received update: /ndn/ua-site/ua/svs_core/ua=2, 1741643265233
Max suppression time updated to: 88
Received update: /ndn/il-site/il/svs_core/il=2, 1741643265369
Max suppression time updated to: 88
Received update: /ndn/es-site/es/svs_core/es=2, 1741643265370
Max suppression time updated to: 88
Max suppression time updated to: 88
Received update: /ndn/is-site/is/svs_core/is=3, 1741643266127
Max suppression time updated to: 88
Received update: /ndn/al-site/al/svs_core/al=2, 1741643266262
Max suppression time updated to: 88
Max suppression time updated to: 88
Received update: /ndn/sk-site/sk/svs_core/sk=3, 1741643267772
Max suppression time updated to: 88
Received update: /ndn/ch-site/ch/svs_core/ch=3, 1741643267853
Max suppression time updated to: 88
Max suppression time updated to: 88
Received update: /ndn/fi-site/fi/svs_core/fi=3, 1741643267894
Max suppression time updated to: 88
Received update: /ndn/me-site/me/svs_core/me=2, 1741643267895
Max suppression time updated to: 88
Max suppression time updated to: 88
Max suppression time updated to: 88
Received update: /ndn/hu-site/hu/svs_core/hu=3, 1741643270941
Max suppression time updated to: 88
Received update: /ndn/lt-site/lt/svs_core/lt=3, 1741643272141
Max suppression time updated to: 88
Max suppression time updated to: 88
Max suppression time updated to: 88
Max suppression time updated to: 88
Received update: /ndn/az-site/az/svs_core/az=3, 1741643272241
Max suppression time updated to: 88
Received update: /ndn/lu-site/lu/svs_core/lu=3, 1741643272338
Sending Sync interest
Max suppression time updated to: 88
Received update: /ndn/cz-site/cz/svs_core/cz=3, 1741643272650
Max suppression time updated to: 88
Received update: /ndn/gr-site/gr/svs_core/gr=3, 1741643273785
Max suppression time updated to: 88
Max suppression time updated to: 88
Received update: /ndn/si-site/si/svs_core/si=3, 1741643275728
Max suppression time updated to: 88
Received update: /ndn/ee-site/ee/svs_core/ee=3, 1741643275879
Max suppression time updated to: 90
Received update: /ndn/rs-site/rs/svs_core/rs=3, 1741643275880
Max suppression time updated to: 90
Max suppression time updated to: 88
Max suppression time updated to: 88
Received update: /ndn/ie-site/ie/svs_core/ie=3, 1741643277384
Max suppression time updated to: 88
Received update: /ndn/nl-site/nl/svs_core/nl=3, 1741643278176
Received update: /ndn/de1-site/de1/svs_core/de1=3, 1741643278176
Max suppression time updated to: 88
Received update: /ndn/be-site/be/svs_core/be=3, 1741643278385
Max suppression time updated to: 90
Max suppression time updated to: 90
Received update: /ndn/mk-site/mk/svs_core/mk=3, 1741643281641
Max suppression time updated to: 90
Received update: /ndn/lv-site/lv/svs_core/lv=3, 1741643283558
Max suppression time updated to: 88
Max suppression time updated to: 88
Max suppression time updated to: 90
Max suppression time updated to: 90
Max suppression time updated to: 90
Max suppression time updated to: 88
Received update: /ndn/fr1-site/fr1/svs_core/fr1=3, 1741643283662
Max suppression time updated to: 88
Received update: /ndn/uk-site/uk/svs_core/uk=3, 1741643284384
Max suppression time updated to: 90
Received update: /ndn/pl-site/pl/svs_core/pl=3, 1741643284613
Max suppression time updated to: 90
Max suppression time updated to: 90
Max suppression time updated to: 90
Max suppression time updated to: 90
Received update: /ndn/am-site/am/svs_core/am=3, 1741643284741
Max suppression time updated to: 90
Max suppression time updated to: 90
Received update: /ndn/hr-site/hr/svs_core/hr=3, 1741643284786
Published sequence number: /ndn/cy-site/cy/svs_core/cy=3, 1741643285850
Sending Sync interest
Max suppression time updated to: 92
Max suppression time updated to: 92
Max suppression time updated to: 92
Received update: /ndn/md-site/md/svs_core/md=3, 1741643286565
Max suppression time updated to: 92
Received update: /ndn/no-site/no/svs_core/no=3, 1741643287184
Sending Sync interest
Max suppression time updated to: 92
Max suppression time updated to: 92
Max suppression time updated to: 92
Max suppression time updated to: 92
Max suppression time updated to: 92
Received update: /ndn/dk-site/dk/svs_core/dk=3, 1741643287305
Max suppression time updated to: 92
Max suppression time updated to: 92
Max suppression time updated to: 92
Received update: /ndn/at-site/at/svs_core/at=3, 1741643288981
Max suppression time updated to: 92
Received update: /ndn/by-site/by/svs_core/by=3, 1741643291412
Max suppression time updated to: 90
Max suppression time updated to: 90
Max suppression time updated to: 90
Received update: /ndn/ge-site/ge/svs_core/ge=3, 1741643294266
Max suppression time updated to: 90
Received update: /ndn/ro-site/ro/svs_core/ro=3, 1741643297752
Sending Sync interest
Max suppression time updated to: 90
Max suppression time updated to: 90
Max suppression time updated to: 90
Max suppression time updated to: 90
Max suppression time updated to: 90
Received update: /ndn/mt-site/mt/svs_core/mt=3, 1741643299877
Max suppression time updated to: 90
Received update: /ndn/tr-site/tr/svs_core/tr=3, 1741643299952
Max suppression time updated to: 90
Max suppression time updated to: 90
Received update: /ndn/fr2-site/fr2/svs_core/fr2=3, 1741643301884
Max suppression time updated to: 90
Received update: /ndn/de2-site/de2/svs_core/de2=3, 1741643304549
Max suppression time updated to: 88
Received update: /ndn/it-site/it/svs_core/it=3, 1741643304715
Max suppression time updated to: 88
Received update: /ndn/bg-site/bg/svs_core/bg=3, 1741643305259
Max suppression time updated to: 88
Received update: /ndn/il-site/il/svs_core/il=3, 1741643305819
Max suppression time updated to: 88
Received update: /ndn/me-site/me/svs_core/me=3, 1741643307917
Max suppression time updated to: 88
Max suppression time updated to: 88
Max suppression time updated to: 88
Max suppression time updated to: 88
Received update: /ndn/al-site/al/svs_core/al=3, 1741643308567
Max suppression time updated to: 88
Received update: /ndn/es-site/es/svs_core/es=3, 1741643308788
Max suppression time updated to: 88
Received update: /ndn/se-site/se/svs_core/se=3, 1741643308833
Max suppression time updated to: 88
Received update: /ndn/ua-site/ua/svs_core/ua=3, 1741643310254
Max suppression time updated to: 88
Max suppression time updated to: 88
Max suppression time updated to: 88
Max suppression time updated to: 88
Received update: /ndn/is-site/is/svs_core/is=4, 1741643311129
Max suppression time updated to: 88
Received update: /ndn/ch-site/ch/svs_core/ch=4, 1741643312098
Max suppression time updated to: 88
Received update: /ndn/fi-site/fi/svs_core/fi=4, 1741643312368
Max suppression time updated to: 88
Max suppression time updated to: 88
Max suppression time updated to: 88
Max suppression time updated to: 88
Max suppression time updated to: 88
Max suppression time updated to: 88
Max suppression time updated to: 88
Max suppression time updated to: 88
Max suppression time updated to: 88
Max suppression time updated to: 90
Max suppression time updated to: 90
Received update: /ndn/sk-site/sk/svs_core/sk=4, 1741643312793
Max suppression time updated to: 90
Received update: /ndn/az-site/az/svs_core/az=4, 1741643314117
Max suppression time updated to: 90
Received update: /ndn/hu-site/hu/svs_core/hu=4, 1741643315950
Max suppression time updated to: 90
Max suppression time updated to: 88
Max suppression time updated to: 88
Max suppression time updated to: 88
Received update: /ndn/lu-site/lu/svs_core/lu=4, 1741643316365
Max suppression time updated to: 88
Received update: /ndn/lt-site/lt/svs_core/lt=4, 1741643317137
Max suppression time updated to: 88
Received update: /ndn/cz-site/cz/svs_core/cz=4, 1741643317683
Max suppression time updated to: 88
Max suppression time updated to: 88
Max suppression time updated to: 88
Max suppression time updated to: 88
Received update: /ndn/ee-site/ee/svs_core/ee=4, 1741643317890
Max suppression time updated to: 88
Received update: /ndn/gr-site/gr/svs_core/gr=4, 1741643318693
Max suppression time updated to: 88
Received update: /ndn/rs-site/rs/svs_core/rs=4, 1741643319892
Max suppression time updated to: 88
Received update: /ndn/ie-site/ie/svs_core/ie=4, 1741643322399
Max suppression time updated to: 88
Max suppression time updated to: 88
Max suppression time updated to: 88
Received update: /ndn/de1-site/de1/svs_core/de1=4, 1741643322501
Max suppression time updated to: 88
Max suppression time updated to: 88
Max suppression time updated to: 88
Max suppression time updated to: 88
Max suppression time updated to: 88
Max suppression time updated to: 88
Max suppression time updated to: 88
Max suppression time updated to: 88
Max suppression time updated to: 88
Max suppression time updated to: 88
Max suppression time updated to: 88
Max suppression time updated to: 88
Received update: /ndn/nl-site/nl/svs_core/nl=4, 1741643322999
Max suppression time updated to: 88
Received update: /ndn/si-site/si/svs_core/si=4, 1741643323127
Max suppression time updated to: 88
Received update: /ndn/be-site/be/svs_core/be=4, 1741643323352
Max suppression time updated to: 88
Received update: /ndn/pt-site/pt/svs_core/pt=3, 1741643325332
Max suppression time updated to: 88
Received update: /ndn/mk-site/mk/svs_core/mk=4, 1741643326639
Max suppression time updated to: 88
Max suppression time updated to: 88
Max suppression time updated to: 88
Max suppression time updated to: 88
Max suppression time updated to: 88
Max suppression time updated to: 88
Max suppression time updated to: 88
Max suppression time updated to: 88
Received update: /ndn/am-site/am/svs_core/am=4, 1741643328906
Max suppression time updated to: 88
Received update: /ndn/hr-site/hr/svs_core/hr=4, 1741643328917
Max suppression time updated to: 88
Received update: /ndn/fr1-site/fr1/svs_core/fr1=4, 1741643328998
Max suppression time updated to: 88
Max suppression time updated to: 88
Sending Sync interest
Max suppression time updated to: 88
Max suppression time updated to: 88
Max suppression time updated to: 88
Max suppression time updated to: 88
Received update: /ndn/uk-site/uk/svs_core/uk=4, 1741643329419
Max suppression time updated to: 88
Received update: /ndn/pl-site/pl/svs_core/pl=4, 1741643329552
Sending Sync interest
Max suppression time updated to: 88
Published sequence number: /ndn/cy-site/cy/svs_core/cy=4, 1741643330853
Sending Sync interest
Max suppression time updated to: 88
Received update: /ndn/md-site/md/svs_core/md=4, 1741643331570
Max suppression time updated to: 88
Received update: /ndn/no-site/no/svs_core/no=4, 1741643332209
Max suppression time updated to: 88
Received update: /ndn/dk-site/dk/svs_core/dk=4, 1741643332317
Max suppression time updated to: 88
Received update: /ndn/se-site/se/svs_core/se=4, 1741643333565
Max suppression time updated to: 88
Received update: /ndn/lv-site/lv/svs_core/lv=4, 1741643333722
Max suppression time updated to: 88
Received update: /ndn/at-site/at/svs_core/at=4, 1741643333985
Max suppression time updated to: 88
Received update: /ndn/ge-site/ge/svs_core/ge=4, 1741643339281
Max suppression time updated to: 88
Received update: /ndn/ro-site/ro/svs_core/ro=4, 1741643342737
Max suppression time updated to: 88
Received update: /ndn/tr-site/tr/svs_core/tr=4, 1741643342949
Max suppression time updated to: 90
Received update: /ndn/mt-site/mt/svs_core/mt=4, 1741643345968
Max suppression time updated to: 90
Received update: /ndn/by-site/by/svs_core/by=4, 1741643346002
Max suppression time updated to: 90
Received update: /ndn/pt-site/pt/svs_core/pt=4, 1741643346084
Max suppression time updated to: 90
Received update: /ndn/fr2-site/fr2/svs_core/fr2=4, 1741643346800
Max suppression time updated to: 90
Received update: /ndn/it-site/it/svs_core/it=4, 1741643348497
Max suppression time updated to: 90
Received update: /ndn/de2-site/de2/svs_core/de2=4, 1741643349557
Max suppression time updated to: 90
Received update: /ndn/bg-site/bg/svs_core/bg=4, 1741643350272
Max suppression time updated to: 90
Received update: /ndn/is-site/is/svs_core/is=5, 1741643356345
Max suppression time updated to: 90
Received update: /ndn/ua-site/ua/svs_core/ua=4, 1741643356519
Max suppression time updated to: 90
Received update: /ndn/al-site/al/svs_core/al=4, 1741643356554
Max suppression time updated to: 90
Received update: /ndn/es-site/es/svs_core/es=4, 1741643356716
Max suppression time updated to: 90
Received update: /ndn/il-site/il/svs_core/il=4, 1741643357777
Received update: /ndn/me-site/me/svs_core/me=4, 1741643357777
Received update: /ndn/sk-site/sk/svs_core/sk=5, 1741643357777
Max suppression time updated to: 90
Received update: /ndn/ch-site/ch/svs_core/ch=5, 1741643357914
Max suppression time updated to: 90
Received update: /ndn/az-site/az/svs_core/az=5, 1741643359109
Max suppression time updated to: 90
Received update: /ndn/hu-site/hu/svs_core/hu=5, 1741643360923
Max suppression time updated to: 90
Received update: /ndn/lt-site/lt/svs_core/lt=5, 1741643362168
Max suppression time updated to: 90
Max suppression time updated to: 90
Max suppression time updated to: 90
Max suppression time updated to: 90
Received update: /ndn/lu-site/lu/svs_core/lu=5, 1741643362320
Max suppression time updated to: 90
Received update: /ndn/cz-site/cz/svs_core/cz=5, 1741643362669
Max suppression time updated to: 90
Max suppression time updated to: 90
Max suppression time updated to: 92
Max suppression time updated to: 92
Max suppression time updated to: 92
Max suppression time updated to: 92
Received update: /ndn/ee-site/ee/svs_core/ee=5, 1741643363453
Max suppression time updated to: 92
Max suppression time updated to: 92
Received update: /ndn/gr-site/gr/svs_core/gr=5, 1741643363671
Max suppression time updated to: 90
Max suppression time updated to: 92
Max suppression time updated to: 92
Received update: /ndn/si-site/si/svs_core/si=5, 1741643365732
Max suppression time updated to: 92
Received update: /ndn/ie-site/ie/svs_core/ie=5, 1741643367513
Max suppression time updated to: 92
Received update: /ndn/fi-site/fi/svs_core/fi=5, 1741643367816
Received update: /ndn/de1-site/de1/svs_core/de1=5, 1741643367816
Max suppression time updated to: 92
Received update: /ndn/nl-site/nl/svs_core/nl=5, 1741643367999
Max suppression time updated to: 92
Received update: /ndn/rs-site/rs/svs_core/rs=5, 1741643368190
Max suppression time updated to: 92
Received update: /ndn/mk-site/mk/svs_core/mk=5, 1741643371651
Max suppression time updated to: 92
Received update: /ndn/be-site/be/svs_core/be=5, 1741643371769
Max suppression time updated to: 92
Max suppression time updated to: 90
Max suppression time updated to: 90
Received update: /ndn/hr-site/hr/svs_core/hr=5, 1741643373921
Max suppression time updated to: 90
Received update: /ndn/pl-site/pl/svs_core/pl=5, 1741643374553
Received update: /ndn/uk-site/uk/svs_core/uk=5, 1741643374553
Max suppression time updated to: 92
Received update: /ndn/lv-site/lv/svs_core/lv=5, 1741643374634
Published sequence number: /ndn/cy-site/cy/svs_core/cy=5, 1741643375857
Sending Sync interest
Max suppression time updated to: 92
Received update: /ndn/fr1-site/fr1/svs_core/fr1=5, 1741643375941
Max suppression time updated to: 92
Max suppression time updated to: 92
Received update: /ndn/no-site/no/svs_core/no=5, 1741643378546
Received update: /ndn/se-site/se/svs_core/se=5, 1741643378546
Max suppression time updated to: 92
Received update: /ndn/am-site/am/svs_core/am=5, 1741643378640
Max suppression time updated to: 92
Max suppression time updated to: 92
Max suppression time updated to: 90
Max suppression time updated to: 92
Received update: /ndn/md-site/md/svs_core/md=5, 1741643378731
Max suppression time updated to: 90
Received update: /ndn/at-site/at/svs_core/at=5, 1741643378979
Max suppression time updated to: 90
Received update: /ndn/ge-site/ge/svs_core/ge=5, 1741643384273
Max suppression time updated to: 90
Received update: /ndn/dk-site/dk/svs_core/dk=5, 1741643384436
Max suppression time updated to: 92
Max suppression time updated to: 92
Received update: /ndn/pt-site/pt/svs_core/pt=5, 1741643387266
Max suppression time updated to: 92
Max suppression time updated to: 92
Max suppression time updated to: 92
Max suppression time updated to: 92
Received update: /ndn/by-site/by/svs_core/by=5, 1741643387759
Received update: /ndn/ro-site/ro/svs_core/ro=5, 1741643387759
Max suppression time updated to: 92
Received update: /ndn/tr-site/tr/svs_core/tr=5, 1741643387956
Max suppression time updated to: 92
Received update: /ndn/mt-site/mt/svs_core/mt=5, 1741643389870
Max suppression time updated to: 92
Received update: /ndn/fr2-site/fr2/svs_core/fr2=5, 1741643391803
Max suppression time updated to: 92
Received update: /ndn/it-site/it/svs_core/it=5, 1741643393502
Max suppression time updated to: 92
Received update: /ndn/de2-site/de2/svs_core/de2=5, 1741643394579
Max suppression time updated to: 92
Received update: /ndn/bg-site/bg/svs_core/bg=5, 1741643395247
Max suppression time updated to: 92
Received update: /ndn/il-site/il/svs_core/il=5, 1741643395813
Max suppression time updated to: 92
Received update: /ndn/es-site/es/svs_core/es=5, 1741643398898
Max suppression time updated to: 92
Max suppression time updated to: 92
Max suppression time updated to: 92
Max suppression time updated to: 92
Max suppression time updated to: 92
Max suppression time updated to: 92
Received update: /ndn/al-site/al/svs_core/al=5, 1741643398985
Max suppression time updated to: 92
Received update: /ndn/me-site/me/svs_core/me=5, 1741643399058
Max suppression time updated to: 92
Received update: /ndn/ua-site/ua/svs_core/ua=5, 1741643400244
Max suppression time updated to: 92
Received update: /ndn/is-site/is/svs_core/is=6, 1741643401174
Max suppression time updated to: 92
Received update: /ndn/ch-site/ch/svs_core/ch=6, 1741643402099
Max suppression time updated to: 92
Received update: /ndn/sk-site/sk/svs_core/sk=6, 1741643402779
Max suppression time updated to: 92
Received update: /ndn/hu-site/hu/svs_core/hu=6, 1741643405929
Max suppression time updated to: 92
Received update: /ndn/az-site/az/svs_core/az=6, 1741643406013
Max suppression time updated to: 92
Max suppression time updated to: 92
Received update: /ndn/lu-site/lu/svs_core/lu=6, 1741643406398
Max suppression time updated to: 92
Received update: /ndn/lt-site/lt/svs_core/lt=6, 1741643407152
Max suppression time updated to: 92
Max suppression time updated to: 92
Max suppression time updated to: 92
Max suppression time updated to: 92
Received update: /ndn/fi-site/fi/svs_core/fi=6, 1741643407551
Max suppression time updated to: 92
Received update: /ndn/cz-site/cz/svs_core/cz=6, 1741643407662
Sending Sync interest
Max suppression time updated to: 92
Received update: /ndn/ee-site/ee/svs_core/ee=6, 1741643407917
Max suppression time updated to: 92
Received update: /ndn/gr-site/gr/svs_core/gr=6, 1741643408716
Max suppression time updated to: 92
Max suppression time updated to: 92
Max suppression time updated to: 92
Max suppression time updated to: 92
Max suppression time updated to: 92
Max suppression time updated to: 92
Received update: /ndn/rs-site/rs/svs_core/rs=6, 1741643409909
Max suppression time updated to: 92
Received update: /ndn/nl-site/nl/svs_core/nl=6, 1741643413018
Sending Sync interest
Max suppression time updated to: 92
Max suppression time updated to: 92
Max suppression time updated to: 92
Max suppression time updated to: 92
Max suppression time updated to: 92
Received update: /ndn/de1-site/de1/svs_core/de1=6, 1741643413240
Max suppression time updated to: 92
Received update: /ndn/ie-site/ie/svs_core/ie=6, 1741643413328
Max suppression time updated to: 92
Received update: /ndn/be-site/be/svs_core/be=6, 1741643413345
Max suppression time updated to: 90
Max suppression time updated to: 90
Max suppression time updated to: 92
Received update: /ndn/si-site/si/svs_core/si=6, 1741643413571
Max suppression time updated to: 92
Max suppression time updated to: 92
Max suppression time updated to: 92
Max suppression time updated to: 92
Received update: /ndn/mk-site/mk/svs_core/mk=6, 1741643416640
Max suppression time updated to: 92
Received update: /ndn/hr-site/hr/svs_core/hr=6, 1741643418958
Received update: /ndn/fr1-site/fr1/svs_core/fr1=6, 1741643418958
Max suppression time updated to: 92
Received update: /ndn/pl-site/pl/svs_core/pl=6, 1741643419574
Max suppression time updated to: 92
Max suppression time updated to: 92
Max suppression time updated to: 92
Received update: /ndn/uk-site/uk/svs_core/uk=6, 1741643419811
Max suppression time updated to: 92
Max suppression time updated to: 92
Received update: /ndn/am-site/am/svs_core/am=6, 1741643419938
Published sequence number: /ndn/cy-site/cy/svs_core/cy=6, 1741643420863
Sending Sync interest
Max suppression time updated to: 92
Received update: /ndn/dk-site/dk/svs_core/dk=6, 1741643421568
Max suppression time updated to: 92
Received update: /ndn/md-site/md/svs_core/md=6, 1741643421577
Max suppression time updated to: 92
Max suppression time updated to: 92
Received update: /ndn/at-site/at/svs_core/at=6, 1741643423999
Max suppression time updated to: 92
Received update: /ndn/lv-site/lv/svs_core/lv=6, 1741643424136
Max suppression time updated to: 92
Received update: /ndn/by-site/by/svs_core/by=6, 1741643426384
Max suppression time updated to: 92
Received update: /ndn/pt-site/pt/svs_core/pt=6, 1741643432244
Max suppression time updated to: 92
Received update: /ndn/ge-site/ge/svs_core/ge=6, 1741643432392
Max suppression time updated to: 92
Received update: /ndn/ro-site/ro/svs_core/ro=6, 1741643436826
Received update: /ndn/fr2-site/fr2/svs_core/fr2=6, 1741643436826
Max suppression time updated to: 92
Received update: /ndn/tr-site/tr/svs_core/tr=6, 1741643436951
Max suppression time updated to: 92
Received update: /ndn/it-site/it/svs_core/it=6, 1741643438494
Max suppression time updated to: 92
Received update: /ndn/de2-site/de2/svs_core/de2=6, 1741643439556
Max suppression time updated to: 92
Received update: /ndn/bg-site/bg/svs_core/bg=6, 1741643440284
Max suppression time updated to: 92
Received update: /ndn/mt-site/mt/svs_core/mt=6, 1741643440383
Max suppression time updated to: 92
Received update: /ndn/no-site/no/svs_core/no=6, 1741643440662
Max suppression time updated to: 92
Received update: /ndn/se-site/se/svs_core/se=6, 1741643440758
Max suppression time updated to: 92
Received update: /ndn/il-site/il/svs_core/il=6, 1741643440815
Sending Sync interest
Max suppression time updated to: 92
Max suppression time updated to: 92
Received update: /ndn/ch-site/ch/svs_core/ch=7, 1741643447090
Received update: /ndn/es-site/es/svs_core/es=6, 1741643447090
Max suppression time updated to: 92
Received update: /ndn/is-site/is/svs_core/is=7, 1741643447175
Max suppression time updated to: 92
Received update: /ndn/me-site/me/svs_core/me=6, 1741643447229
Max suppression time updated to: 92
Max suppression time updated to: 92
Max suppression time updated to: 92
Max suppression time updated to: 92
Max suppression time updated to: 92
Received update: /ndn/hu-site/hu/svs_core/hu=7, 1741643450931
Received update: /ndn/sk-site/sk/svs_core/sk=7, 1741643450931
Received update: /ndn/ua-site/ua/svs_core/ua=6, 1741643450931
Max suppression time updated to: 92
Received update: /ndn/az-site/az/svs_core/az=7, 1741643451009
Max suppression time updated to: 92
Received update: /ndn/lt-site/lt/svs_core/lt=7, 1741643452232
Max suppression time updated to: 92
Max suppression time updated to: 92
Max suppression time updated to: 92
Max suppression time updated to: 92
Received update: /ndn/lu-site/lu/svs_core/lu=7, 1741643452340
Max suppression time updated to: 92
Max suppression time updated to: 92
Max suppression time updated to: 92
Max suppression time updated to: 92
Max suppression time updated to: 92
Max suppression time updated to: 92
Max suppression time updated to: 92
Max suppression time updated to: 92
Max suppression time updated to: 92
Received update: /ndn/cz-site/cz/svs_core/cz=7, 1741643452688
Max suppression time updated to: 92
Received update: /ndn/fi-site/fi/svs_core/fi=7, 1741643452690
Max suppression time updated to: 92
Max suppression time updated to: 92
Max suppression time updated to: 92
Received update: /ndn/ee-site/ee/svs_core/ee=7, 1741643452895
Max suppression time updated to: 92
Received update: /ndn/rs-site/rs/svs_core/rs=7, 1741643454990
Max suppression time updated to: 92
Max suppression time updated to: 92
Max suppression time updated to: 92
Max suppression time updated to: 92
Max suppression time updated to: 92
Max suppression time updated to: 92
Received update: /ndn/gr-site/gr/svs_core/gr=7, 1741643455045
Max suppression time updated to: 92
Max suppression time updated to: 92
Max suppression time updated to: 92
Max suppression time updated to: 92
Max suppression time updated to: 92
Received update: /ndn/si-site/si/svs_core/si=7, 1741643455736
Max suppression time updated to: 90
Received update: /ndn/ie-site/ie/svs_core/ie=7, 1741643457377
Max suppression time updated to: 92
Received update: /ndn/be-site/be/svs_core/be=7, 1741643458416
Received update: /ndn/de1-site/de1/svs_core/de1=7, 1741643458416
Max suppression time updated to: 92
Received update: /ndn/nl-site/nl/svs_core/nl=7, 1741643458467
Max suppression time updated to: 92
Received update: /ndn/fr1-site/fr1/svs_core/fr1=7, 1741643463681
Max suppression time updated to: 92
Received update: /ndn/hr-site/hr/svs_core/hr=7, 1741643463939
Max suppression time updated to: 92
Received update: /ndn/uk-site/uk/svs_core/uk=7, 1741643464404
Sending Sync interest
Max suppression time updated to: 92
Received update: /ndn/mk-site/mk/svs_core/mk=7, 1741643464504
Max suppression time updated to: 92
Max suppression time updated to: 92
Max suppression time updated to: 92
Max suppression time updated to: 92
Max suppression time updated to: 92
Max suppression time updated to: 92
Received update: /ndn/lv-site/lv/svs_core/lv=7, 1741643464651
Max suppression time updated to: 92
Received update: /ndn/am-site/am/svs_core/am=7, 1741643464667
Received update: /ndn/pl-site/pl/svs_core/pl=7, 1741643464667
Max suppression time updated to: 92
Max suppression time updated to: 92
Sending Sync interest
Published sequence number: /ndn/cy-site/cy/svs_core/cy=7, 1741643465868
Sending Sync interest
Max suppression time updated to: 92
Received update: /ndn/dk-site/dk/svs_core/dk=7, 1741643466566
Max suppression time updated to: 92
Max suppression time updated to: 92
Max suppression time updated to: 92
Max suppression time updated to: 92
Received update: /ndn/md-site/md/svs_core/md=7, 1741643466898
Max suppression time updated to: 92
Received update: /ndn/at-site/at/svs_core/at=7, 1741643468993
Max suppression time updated to: 92
Received update: /ndn/ge-site/ge/svs_core/ge=7, 1741643474310
Max suppression time updated to: 92
Received update: /ndn/by-site/by/svs_core/by=7, 1741643474481
Max suppression time updated to: 92
Received update: /ndn/se-site/se/svs_core/se=7, 1741643474528
Max suppression time updated to: 92
Max suppression time updated to: 92
Max suppression time updated to: 92
Received update: /ndn/al-site/al/svs_core/al=6, 1741643476002
Max suppression time updated to: 92
Received update: /ndn/no-site/no/svs_core/no=7, 1741643476197
Max suppression time updated to: 92
Received update: /ndn/pt-site/pt/svs_core/pt=7, 1741643477249
Max suppression time updated to: 92
Received update: /ndn/ro-site/ro/svs_core/ro=7, 1741643477750
Max suppression time updated to: 92
Received update: /ndn/tr-site/tr/svs_core/tr=7, 1741643477942
Max suppression time updated to: 92
Received update: /ndn/mt-site/mt/svs_core/mt=7, 1741643479892
Max suppression time updated to: 92
Max suppression time updated to: 92
Max suppression time updated to: 92
Max suppression time updated to: 92
Max suppression time updated to: 92
Max suppression time updated to: 92
Max suppression time updated to: 90
Max suppression time updated to: 90
Max suppression time updated to: 90
Max suppression time updated to: 90
Max suppression time updated to: 90
Received update: /ndn/it-site/it/svs_core/it=7, 1741643483511
Max suppression time updated to: 90
Received update: /ndn/de2-site/de2/svs_core/de2=7, 1741643484562
Max suppression time updated to: 90
Received update: /ndn/bg-site/bg/svs_core/bg=7, 1741643485293
Max suppression time updated to: 90
Received update: /ndn/il-site/il/svs_core/il=7, 1741643485993
Received update: /ndn/fr2-site/fr2/svs_core/fr2=7, 1741643485993
Max suppression time updated to: 90
Received update: /ndn/me-site/me/svs_core/me=7, 1741643487932
Max suppression time updated to: 90
Max suppression time updated to: 90
Max suppression time updated to: 90
Max suppression time updated to: 90
Max suppression time updated to: 90
Max suppression time updated to: 90
Received update: /ndn/al-site/al/svs_core/al=7, 1741643488574
Max suppression time updated to: 90
Received update: /ndn/es-site/es/svs_core/es=7, 1741643488813
Max suppression time updated to: 90
Received update: /ndn/ch-site/ch/svs_core/ch=8, 1741643492095
Max suppression time updated to: 90
Received update: /ndn/sk-site/sk/svs_core/sk=8, 1741643492788
Max suppression time updated to: 90
Max suppression time updated to: 90
Max suppression time updated to: 90
Max suppression time updated to: 90
Received update: /ndn/hu-site/hu/svs_core/hu=8, 1741643495937
Received update: /ndn/ua-site/ua/svs_core/ua=7, 1741643495937
Max suppression time updated to: 90
Received update: /ndn/is-site/is/svs_core/is=8, 1741643496096
Max suppression time updated to: 90
Received update: /ndn/lt-site/lt/svs_core/lt=8, 1741643497294
Max suppression time updated to: 90
Received update: /ndn/az-site/az/svs_core/az=8, 1741643497399
Received update: /ndn/lu-site/lu/svs_core/lu=8, 1741643497399
Max suppression time updated to: 90
Received update: /ndn/gr-site/gr/svs_core/gr=8, 1741643498682
Max suppression time updated to: 90
Received update: /ndn/ee-site/ee/svs_core/ee=8, 1741643498878
Max suppression time updated to: 90
Received update: /ndn/cz-site/cz/svs_core/cz=8, 1741643499107
Max suppression time updated to: 90
Received update: /ndn/rs-site/rs/svs_core/rs=8, 1741643499921
Max suppression time updated to: 90
Received update: /ndn/ie-site/ie/svs_core/ie=8, 1741643502383
Received update: /ndn/si-site/si/svs_core/si=8, 1741643502383
Max suppression time updated to: 90
Received update: /ndn/nl-site/nl/svs_core/nl=8, 1741643503011
Max suppression time updated to: 90
Received update: /ndn/be-site/be/svs_core/be=8, 1741643503379
Max suppression time updated to: 90
Received update: /ndn/mk-site/mk/svs_core/mk=8, 1741643506646
Max suppression time updated to: 90
Max suppression time updated to: 88
Max suppression time updated to: 88
Max suppression time updated to: 90
Received update: /ndn/fr1-site/fr1/svs_core/fr1=8, 1741643508753
Max suppression time updated to: 90
Received update: /ndn/lv-site/lv/svs_core/lv=8, 1741643509444
Received update: /ndn/uk-site/uk/svs_core/uk=8, 1741643509444
Received update: /ndn/de1-site/de1/svs_core/de1=8, 1741643509444
Published sequence number: /ndn/cy-site/cy/svs_core/cy=8, 1741643510871
Sending Sync interest
Max suppression time updated to: 90
Received update: /ndn/hr-site/hr/svs_core/hr=8, 1741643511070
Max suppression time updated to: 90
Received update: /ndn/am-site/am/svs_core/am=8, 1741643511189
Max suppression time updated to: 90
Received update: /ndn/pl-site/pl/svs_core/pl=8, 1741643511190
Max suppression time updated to: 90
Max suppression time updated to: 90
Received update: /ndn/dk-site/dk/svs_core/dk=8, 1741643513561
Received update: /ndn/se-site/se/svs_core/se=8, 1741643513561
Max suppression time updated to: 90
Received update: /ndn/at-site/at/svs_core/at=8, 1741643513994
Max suppression time updated to: 90
Received update: /ndn/ge-site/ge/svs_core/ge=8, 1741643522251
Received update: /ndn/pt-site/pt/svs_core/pt=8, 1741643522251
Max suppression time updated to: 90
Received update: /ndn/md-site/md/svs_core/md=8, 1741643522861
Received update: /ndn/ro-site/ro/svs_core/ro=8, 1741643522861
Max suppression time updated to: 90
Received update: /ndn/tr-site/tr/svs_core/tr=8, 1741643522980
Max suppression time updated to: 90
Received update: /ndn/mt-site/mt/svs_core/mt=8, 1741643524868
Max suppression time updated to: 90
Received update: /ndn/by-site/by/svs_core/by=8, 1741643526825
Received update: /ndn/fr2-site/fr2/svs_core/fr2=8, 1741643526825
Max suppression time updated to: 90
Received update: /ndn/fi-site/fi/svs_core/fi=8, 1741643529169
Max suppression time updated to: 90
Received update: /ndn/it-site/it/svs_core/it=8, 1741643529257
Max suppression time updated to: 90
Max suppression time updated to: 88
Max suppression time updated to: 88
Max suppression time updated to: 88
Received update: /ndn/no-site/no/svs_core/no=8, 1741643529302
Max suppression time updated to: 90
Max suppression time updated to: 90
Max suppression time updated to: 90
Max suppression time updated to: 90
Max suppression time updated to: 90
Max suppression time updated to: 90
Max suppression time updated to: 90
Received update: /ndn/de2-site/de2/svs_core/de2=8, 1741643529603
Max suppression time updated to: 92
Max suppression time updated to: 92
Max suppression time updated to: 92
Max suppression time updated to: 92
Max suppression time updated to: 92
Max suppression time updated to: 90
Received update: /ndn/bg-site/bg/svs_core/bg=8, 1741643530275
Max suppression time updated to: 90
Received update: /ndn/il-site/il/svs_core/il=8, 1741643530825
Max suppression time updated to: 90
Received update: /ndn/al-site/al/svs_core/al=8, 1741643533856
Received update: /ndn/es-site/es/svs_core/es=8, 1741643533856
Max suppression time updated to: 90
Received update: /ndn/ua-site/ua/svs_core/ua=8, 1741643535246
Max suppression time updated to: 90
Max suppression time updated to: 90
Max suppression time updated to: 90
Max suppression time updated to: 90
Max suppression time updated to: 90
Received update: /ndn/is-site/is/svs_core/is=9, 1741643536195
Max suppression time updated to: 90
Received update: /ndn/me-site/me/svs_core/me=8, 1741643536316
Max suppression time updated to: 90
Received update: /ndn/ch-site/ch/svs_core/ch=9, 1741643537109
Max suppression time updated to: 90
Received update: /ndn/az-site/az/svs_core/az=9, 1741643539125
Received update: /ndn/sk-site/sk/svs_core/sk=9, 1741643539125
Max suppression time updated to: 90
Received update: /ndn/lu-site/lu/svs_core/lu=9, 1741643541427
Max suppression time updated to: 90
Max suppression time updated to: 90
Received update: /ndn/hu-site/hu/svs_core/hu=9, 1741643541528
Max suppression time updated to: 90
Received update: /ndn/lt-site/lt/svs_core/lt=9, 1741643542148
Max suppression time updated to: 90
Received update: /ndn/cz-site/cz/svs_core/cz=9, 1741643542753
Max suppression time updated to: 90
Max suppression time updated to: 90
Max suppression time updated to: 90
Received update: /ndn/ee-site/ee/svs_core/ee=9, 1741643542902
Max suppression time updated to: 90
Received update: /ndn/gr-site/gr/svs_core/gr=9, 1741643543721
Max suppression time updated to: 90
Max suppression time updated to: 90
Max suppression time updated to: 90
Max suppression time updated to: 90
Received update: /ndn/rs-site/rs/svs_core/rs=9, 1741643544911
Max suppression time updated to: 90
Received update: /ndn/ie-site/ie/svs_core/ie=9, 1741643547386
Max suppression time updated to: 90
Received update: /ndn/si-site/si/svs_core/si=9, 1741643547573
Max suppression time updated to: 90
Received update: /ndn/nl-site/nl/svs_core/nl=9, 1741643548016
Sending Sync interest
Max suppression time updated to: 90
Received update: /ndn/de1-site/de1/svs_core/de1=9, 1741643548278
Max suppression time updated to: 90
Max suppression time updated to: 90
Max suppression time updated to: 90
Received update: /ndn/be-site/be/svs_core/be=9, 1741643548945
Max suppression time updated to: 90
Received update: /ndn/mk-site/mk/svs_core/mk=9, 1741643551660
Max suppression time updated to: 90
Received update: /ndn/fr1-site/fr1/svs_core/fr1=9, 1741643553746
Max suppression time updated to: 90
Received update: /ndn/lv-site/lv/svs_core/lv=9, 1741643553845
Max suppression time updated to: 90
Received update: /ndn/pl-site/pl/svs_core/pl=9, 1741643554570
Max suppression time updated to: 90
Received update: /ndn/uk-site/uk/svs_core/uk=9, 1741643554691
Max suppression time updated to: 90
Received update: /ndn/am-site/am/svs_core/am=9, 1741643554705
Max suppression time updated to: 90
Published sequence number: /ndn/cy-site/cy/svs_core/cy=9, 1741643555879
Sending Sync interest
Max suppression time updated to: 90
Received update: /ndn/hr-site/hr/svs_core/hr=9, 1741643555999
Max suppression time updated to: 90
Max suppression time updated to: 90
Max suppression time updated to: 90
Received update: /ndn/md-site/md/svs_core/md=9, 1741643556631
Max suppression time updated to: 90
Received update: /ndn/dk-site/dk/svs_core/dk=9, 1741643558571
Received update: /ndn/fi-site/fi/svs_core/fi=9, 1741643558571
Received update: /ndn/se-site/se/svs_core/se=9, 1741643558571
Max suppression time updated to: 90
Received update: /ndn/at-site/at/svs_core/at=9, 1741643559004
Max suppression time updated to: 90
Received update: /ndn/ge-site/ge/svs_core/ge=9, 1741643564294
Max suppression time updated to: 90
Max suppression time updated to: 90
Received update: /ndn/by-site/by/svs_core/by=9, 1741643564397
Max suppression time updated to: 90
Max suppression time updated to: 90
Max suppression time updated to: 90
Max suppression time updated to: 90
Max suppression time updated to: 90
Max suppression time updated to: 90
Received update: /ndn/ro-site/ro/svs_core/ro=9, 1741643568860
Received update: /ndn/tr-site/tr/svs_core/tr=9, 1741643568860
Max suppression time updated to: 90
Max suppression time updated to: 90
Received update: /ndn/mt-site/mt/svs_core/mt=9, 1741643569875
Max suppression time updated to: 90
Max suppression time updated to: 90
Max suppression time updated to: 90
Max suppression time updated to: 90
Max suppression time updated to: 90
Received update: /ndn/no-site/no/svs_core/no=9, 1741643570268
Max suppression time updated to: 90
Max suppression time updated to: 90
Received update: /ndn/fr2-site/fr2/svs_core/fr2=9, 1741643571822
Max suppression time updated to: 90
Received update: /ndn/it-site/it/svs_core/it=9, 1741643573525
Max suppression time updated to: 90
Received update: /ndn/me-site/me/svs_core/me=9, 1741643577937
Received update: /ndn/de2-site/de2/svs_core/de2=9, 1741643577937
Max suppression time updated to: 90
Received update: /ndn/bg-site/bg/svs_core/bg=9, 1741643578003
Max suppression time updated to: 90
Received update: /ndn/il-site/il/svs_core/il=9, 1741643578065
Max suppression time updated to: 90
Received update: /ndn/es-site/es/svs_core/es=9, 1741643581157
Received update: /ndn/is-site/is/svs_core/is=10, 1741643581157
Max suppression time updated to: 90
Received update: /ndn/pt-site/pt/svs_core/pt=9, 1741643581277
Max suppression time updated to: 88
Received update: /ndn/ua-site/ua/svs_core/ua=9, 1741643581477
Max suppression time updated to: 88
Received update: /ndn/ch-site/ch/svs_core/ch=10, 1741643585944
Received update: /ndn/hu-site/hu/svs_core/hu=10, 1741643585944
Max suppression time updated to: 88
Received update: /ndn/sk-site/sk/svs_core/sk=10, 1741643586053
Max suppression time updated to: 90
Received update: /ndn/al-site/al/svs_core/al=9, 1741643586120
Max suppression time updated to: 90
Sending Sync interest
Max suppression time updated to: 90
Received update: /ndn/az-site/az/svs_core/az=10, 1741643586233
Max suppression time updated to: 90
Max suppression time updated to: 90
Received update: /ndn/cz-site/cz/svs_core/cz=10, 1741643587682
Max suppression time updated to: 90
Received update: /ndn/lu-site/lu/svs_core/lu=10, 1741643587819
Max suppression time updated to: 90
Received update: /ndn/ee-site/ee/svs_core/ee=10, 1741643587902
Max suppression time updated to: 90
Max suppression time updated to: 90
Max suppression time updated to: 90
Max suppression time updated to: 90
Max suppression time updated to: 90
Received update: /ndn/lt-site/lt/svs_core/lt=10, 1741643588214
Max suppression time updated to: 90
Max suppression time updated to: 90
Received update: /ndn/gr-site/gr/svs_core/gr=10, 1741643588716
Max suppression time updated to: 90
Received update: /ndn/ie-site/ie/svs_core/ie=10, 1741643592437
Max suppression time updated to: 90
Received update: /ndn/rs-site/rs/svs_core/rs=10, 1741643592622
Max suppression time updated to: 90
Received update: /ndn/si-site/si/svs_core/si=10, 1741643592784
Max suppression time updated to: 90
Received update: /ndn/fi-site/fi/svs_core/fi=10, 1741643593022
Received update: /ndn/nl-site/nl/svs_core/nl=10, 1741643593022
Received update: /ndn/de1-site/de1/svs_core/de1=10, 1741643593022
Max suppression time updated to: 90
Received update: /ndn/be-site/be/svs_core/be=10, 1741643593364
Max suppression time updated to: 90
Received update: /ndn/mk-site/mk/svs_core/mk=10, 1741643596646
Max suppression time updated to: 90
Received update: /ndn/lv-site/lv/svs_core/lv=10, 1741643598585
Max suppression time updated to: 90
Max suppression time updated to: 90
Max suppression time updated to: 90
Max suppression time updated to: 90
Max suppression time updated to: 90
Max suppression time updated to: 90
Max suppression time updated to: 90
Received update: /ndn/hr-site/hr/svs_core/hr=10, 1741643598931
Max suppression time updated to: 90
Received update: /ndn/fr1-site/fr1/svs_core/fr1=10, 1741643599101
Max suppression time updated to: 90
Received update: /ndn/uk-site/uk/svs_core/uk=10, 1741643599419
Max suppression time updated to: 90
Received update: /ndn/pl-site/pl/svs_core/pl=10, 1741643599645
Max suppression time updated to: 90
Max suppression time updated to: 90
Published sequence number: /ndn/cy-site/cy/svs_core/cy=10, 1741643600880
Sending Sync interest
Max suppression time updated to: 90
Received update: /ndn/dk-site/dk/svs_core/dk=10, 1741643602321
Received update: /ndn/no-site/no/svs_core/no=10, 1741643602321
Max suppression time updated to: 90
Max suppression time updated to: 90
Received update: /ndn/ge-site/ge/svs_core/ge=10, 1741643609291
Max suppression time updated to: 90
Received update: /ndn/at-site/at/svs_core/at=10, 1741643609385
Max suppression time updated to: 90
Received update: /ndn/am-site/am/svs_core/am=10, 1741643609506
Max suppression time updated to: 90
Received update: /ndn/tr-site/tr/svs_core/tr=10, 1741643612949
Max suppression time updated to: 90
Received update: /ndn/it-site/it/svs_core/it=10, 1741643618615
Max suppression time updated to: 90
Received update: /ndn/fr2-site/fr2/svs_core/fr2=10, 1741643618622
Max suppression time updated to: 90
Max suppression time updated to: 90
Received update: /ndn/md-site/md/svs_core/md=10, 1741643618637
Received update: /ndn/ro-site/ro/svs_core/ro=10, 1741643618637
Max suppression time updated to: 90
Sending Sync interest
Max suppression time updated to: 90
Max suppression time updated to: 90
Max suppression time updated to: 90
Max suppression time updated to: 90
Received update: /ndn/pt-site/pt/svs_core/pt=10, 1741643618763
Max suppression time updated to: 90
Max suppression time updated to: 90
Max suppression time updated to: 90
Max suppression time updated to: 90
Max suppression time updated to: 90
Received update: /ndn/by-site/by/svs_core/by=10, 1741643619246
Received update: /ndn/se-site/se/svs_core/se=10, 1741643619246
Max suppression time updated to: 90
Received update: /ndn/de2-site/de2/svs_core/de2=10, 1741643619570
Max suppression time updated to: 90
Received update: /ndn/bg-site/bg/svs_core/bg=10, 1741643620278
Max suppression time updated to: 90
Received update: /ndn/il-site/il/svs_core/il=10, 1741643620836
Max suppression time updated to: 90
Received update: /ndn/me-site/me/svs_core/me=10, 1741643622947
Max suppression time updated to: 90
Received update: /ndn/mt-site/mt/svs_core/mt=10, 1741643623151
Max suppression time updated to: 90
Received update: /ndn/al-site/al/svs_core/al=10, 1741643623592
Max suppression time updated to: 90
Received update: /ndn/es-site/es/svs_core/es=10, 1741643626161
Received update: /ndn/is-site/is/svs_core/is=11, 1741643626161
Max suppression time updated to: 90
Received update: /ndn/ch-site/ch/svs_core/ch=11, 1741643627273
Received update: /ndn/ua-site/ua/svs_core/ua=10, 1741643627273
Max suppression time updated to: 90
Received update: /ndn/sk-site/sk/svs_core/sk=11, 1741643627804
Max suppression time updated to: 90
Max suppression time updated to: 90
Max suppression time updated to: 90
Max suppression time updated to: 90
Received update: /ndn/cz-site/cz/svs_core/cz=11, 1741643632720
Received update: /ndn/hu-site/hu/svs_core/hu=11, 1741643632720
Max suppression time updated to: 90
Received update: /ndn/ee-site/ee/svs_core/ee=11, 1741643632912
Max suppression time updated to: 90
Max suppression time updated to: 90
Received update: /ndn/lu-site/lu/svs_core/lu=11, 1741643633005
Max suppression time updated to: 90
Max suppression time updated to: 90
Max suppression time updated to: 90
Received update: /ndn/lt-site/lt/svs_core/lt=11, 1741643633193
Max suppression time updated to: 90
Received update: /ndn/gr-site/gr/svs_core/gr=11, 1741643633704
Max suppression time updated to: 90
Received update: /ndn/si-site/si/svs_core/si=11, 1741643635751
Sending Sync interest
Max suppression time updated to: 90
Max suppression time updated to: 90
Max suppression time updated to: 90
Received update: /ndn/az-site/az/svs_core/az=11, 1741643635927
Max suppression time updated to: 90
Received update: /ndn/ie-site/ie/svs_core/ie=11, 1741643637386
Sending Sync interest
Max suppression time updated to: 90
Max suppression time updated to: 90
Max suppression time updated to: 90
Max suppression time updated to: 90
Max suppression time updated to: 90
Max suppression time updated to: 90
Max suppression time updated to: 90
Received update: /ndn/de1-site/de1/svs_core/de1=11, 1741643637740
Max suppression time updated to: 90
Received update: /ndn/nl-site/nl/svs_core/nl=11, 1741643638037
Max suppression time updated to: 90
Received update: /ndn/be-site/be/svs_core/be=11, 1741643638368
Max suppression time updated to: 90
Received update: /ndn/rs-site/rs/svs_core/rs=11, 1741643638545
Max suppression time updated to: 90
Received update: /ndn/fi-site/fi/svs_core/fi=11, 1741643638809
Max suppression time updated to: 90
Received update: /ndn/mk-site/mk/svs_core/mk=11, 1741643641678
Max suppression time updated to: 90
Received update: /ndn/fr1-site/fr1/svs_core/fr1=11, 1741643643707
Max suppression time updated to: 90
Received update: /ndn/hr-site/hr/svs_core/hr=11, 1741643643938
Max suppression time updated to: 90
Max suppression time updated to: 90
Max suppression time updated to: 90
Max suppression time updated to: 90
Max suppression time updated to: 90
Max suppression time updated to: 90
Max suppression time updated to: 90
Max suppression time updated to: 90
Received update: /ndn/am-site/am/svs_core/am=11, 1741643644194
Max suppression time updated to: 90
Received update: /ndn/lv-site/lv/svs_core/lv=11, 1741643644424
Received update: /ndn/uk-site/uk/svs_core/uk=11, 1741643644424
Sending Sync interest
Max suppression time updated to: 90
Max suppression time updated to: 90
Max suppression time updated to: 90
Received update: /ndn/pl-site/pl/svs_core/pl=11, 1741643644571
Published sequence number: /ndn/cy-site/cy/svs_core/cy=11, 1741643645883
Sending Sync interest
Max suppression time updated to: 90
Received update: /ndn/md-site/md/svs_core/md=11, 1741643646594
Max suppression time updated to: 90
Max suppression time updated to: 90
Received update: /ndn/dk-site/dk/svs_core/dk=11, 1741643646868
Max suppression time updated to: 90
Received update: /ndn/at-site/at/svs_core/at=11, 1741643649003
Max suppression time updated to: 88
Received update: /ndn/no-site/no/svs_core/no=11, 1741643649082
Max suppression time updated to: 88
Max suppression time updated to: 88
Received update: /ndn/ge-site/ge/svs_core/ge=11, 1741643654296
Sending Sync interest
Max suppression time updated to: 88
Max suppression time updated to: 88
Max suppression time updated to: 88
Received update: /ndn/se-site/se/svs_core/se=11, 1741643654495
Max suppression time updated to: 88
Received update: /ndn/tr-site/tr/svs_core/tr=11, 1741643657956
Max suppression time updated to: 88
Received update: /ndn/mt-site/mt/svs_core/mt=11, 1741643660295
Max suppression time updated to: 88
Received update: /ndn/ro-site/ro/svs_core/ro=11, 1741643660402
Max suppression time updated to: 88
Received update: /ndn/fr2-site/fr2/svs_core/fr2=11, 1741643661860
Max suppression time updated to: 88
Received update: /ndn/de2-site/de2/svs_core/de2=11, 1741643664572
Max suppression time updated to: 88
Received update: /ndn/il-site/il/svs_core/il=11, 1741643665917
Max suppression time updated to: 88
Received update: /ndn/by-site/by/svs_core/by=11, 1741643665995
Max suppression time updated to: 88
Max suppression time updated to: 88
Received update: /ndn/it-site/it/svs_core/it=11, 1741643666002
Max suppression time updated to: 88
Max suppression time updated to: 88
Max suppression time updated to: 88
Received update: /ndn/bg-site/bg/svs_core/bg=11, 1741643666104
Max suppression time updated to: 88
Max suppression time updated to: 88
Max suppression time updated to: 88
Received update: /ndn/pt-site/pt/svs_core/pt=11, 1741643666253
Max suppression time updated to: 88
Received update: /ndn/me-site/me/svs_core/me=11, 1741643667970
Max suppression time updated to: 88
Max suppression time updated to: 88
Sending Sync interest
Max suppression time updated to: 88
Max suppression time updated to: 88
Max suppression time updated to: 88
Max suppression time updated to: 88
Max suppression time updated to: 88
Max suppression time updated to: 88
Received update: /ndn/al-site/al/svs_core/al=11, 1741643668604
Max suppression time updated to: 88
Received update: /ndn/es-site/es/svs_core/es=11, 1741643668813
Max suppression time updated to: 88
Max suppression time updated to: 88
Max suppression time updated to: 88
Max suppression time updated to: 88
Max suppression time updated to: 88
Max suppression time updated to: 88
Max suppression time updated to: 88
Max suppression time updated to: 88
Max suppression time updated to: 88
Max suppression time updated to: 86
Max suppression time updated to: 86
Max suppression time updated to: 86
Received update: /ndn/ua-site/ua/svs_core/ua=11, 1741643670588
Max suppression time updated to: 88
Received update: /ndn/is-site/is/svs_core/is=12, 1741643671214
Max suppression time updated to: 88
Received update: /ndn/sk-site/sk/svs_core/sk=12, 1741643672803
Max suppression time updated to: 88
Received update: /ndn/ch-site/ch/svs_core/ch=12, 1741643672932
Max suppression time updated to: 88
Received update: /ndn/az-site/az/svs_core/az=12, 1741643674139
Max suppression time updated to: 88
Received update: /ndn/hu-site/hu/svs_core/hu=12, 1741643675967
Max suppression time updated to: 88
Received update: /ndn/lu-site/lu/svs_core/lu=12, 1741643676405
Max suppression time updated to: 88
Received update: /ndn/cz-site/cz/svs_core/cz=12, 1741643677689
Max suppression time updated to: 88
Received update: /ndn/ee-site/ee/svs_core/ee=12, 1741643677909
Max suppression time updated to: 88
Max suppression time updated to: 88
Max suppression time updated to: 88
Max suppression time updated to: 88
Received update: /ndn/lt-site/lt/svs_core/lt=12, 1741643678000
Max suppression time updated to: 88
Received update: /ndn/gr-site/gr/svs_core/gr=12, 1741643678723
Max suppression time updated to: 88
Max suppression time updated to: 88
Max suppression time updated to: 88
Received update: /ndn/fi-site/fi/svs_core/fi=12, 1741643678879
Max suppression time updated to: 88
Max suppression time updated to: 88
Received update: /ndn/rs-site/rs/svs_core/rs=12, 1741643679928
Max suppression time updated to: 88
Received update: /ndn/ie-site/ie/svs_core/ie=12, 1741643682393
Max suppression time updated to: 88
Received update: /ndn/de1-site/de1/svs_core/de1=12, 1741643682519
Max suppression time updated to: 88
Received update: /ndn/si-site/si/svs_core/si=12, 1741643682703
Max suppression time updated to: 88
Max suppression time updated to: 88
Received update: /ndn/nl-site/nl/svs_core/nl=12, 1741643683029
Max suppression time updated to: 88
Received update: /ndn/mk-site/mk/svs_core/mk=12, 1741643686662
Sending Sync interest
Max suppression time updated to: 88
Max suppression time updated to: 88
Max suppression time updated to: 88
Received update: /ndn/be-site/be/svs_core/be=12, 1741643686801
Max suppression time updated to: 88
Received update: /ndn/lv-site/lv/svs_core/lv=12, 1741643688595
Max suppression time updated to: 86
Received update: /ndn/fr1-site/fr1/svs_core/fr1=12, 1741643688706
Max suppression time updated to: 86
Received update: /ndn/am-site/am/svs_core/am=12, 1741643688898
Max suppression time updated to: 86
Max suppression time updated to: 86
Received update: /ndn/hr-site/hr/svs_core/hr=12, 1741643688937
Max suppression time updated to: 86
Sending Sync interest
Max suppression time updated to: 86
Max suppression time updated to: 86
Max suppression time updated to: 86
Received update: /ndn/uk-site/uk/svs_core/uk=12, 1741643689429
Max suppression time updated to: 86
Received update: /ndn/pl-site/pl/svs_core/pl=12, 1741643689580
Max suppression time updated to: 86
Max suppression time updated to: 86
Max suppression time updated to: 86
Published sequence number: /ndn/cy-site/cy/svs_core/cy=12, 1741643690887
Sending Sync interest
Max suppression time updated to: 86
Received update: /ndn/dk-site/dk/svs_core/dk=12, 1741643691588
Max suppression time updated to: 86
Received update: /ndn/md-site/md/svs_core/md=12, 1741643691601
Max suppression time updated to: 86
Max suppression time updated to: 86
Max suppression time updated to: 86
Max suppression time updated to: 86
Max suppression time updated to: 86
Max suppression time updated to: 86
Received update: /ndn/no-site/no/svs_core/no=12, 1741643692217
Max suppression time updated to: 86
Max suppression time updated to: 86
Max suppression time updated to: 86
Max suppression time updated to: 86
Max suppression time updated to: 86
Max suppression time updated to: 86
Max suppression time updated to: 86
Received update: /ndn/at-site/at/svs_core/at=12, 1741643699314
Received update: /ndn/ge-site/ge/svs_core/ge=12, 1741643699314
Max suppression time updated to: 86
Received update: /ndn/tr-site/tr/svs_core/tr=12, 1741643702971
Max suppression time updated to: 86
Received update: /ndn/pt-site/pt/svs_core/pt=12, 1741643703139
Max suppression time updated to: 86
Received update: /ndn/mt-site/mt/svs_core/mt=12, 1741643704889
Max suppression time updated to: 86
Received update: /ndn/ro-site/ro/svs_core/ro=12, 1741643704985
Max suppression time updated to: 86
Max suppression time updated to: 86
Received update: /ndn/fr2-site/fr2/svs_core/fr2=12, 1741643706824
Max suppression time updated to: 86
Received update: /ndn/it-site/it/svs_core/it=12, 1741643708529
Max suppression time updated to: 86
Max suppression time updated to: 86
Max suppression time updated to: 86
Max suppression time updated to: 86
Received update: /ndn/se-site/se/svs_core/se=12, 1741643708866
Max suppression time updated to: 86
Max suppression time updated to: 86
Max suppression time updated to: 86
Max suppression time updated to: 86
Received update: /ndn/de2-site/de2/svs_core/de2=12, 1741643709590
Max suppression time updated to: 86
Received update: /ndn/me-site/me/svs_core/me=12, 1741643712946
Max suppression time updated to: 86
Received update: /ndn/bg-site/bg/svs_core/bg=12, 1741643713004
Received update: /ndn/il-site/il/svs_core/il=12, 1741643713004
Max suppression time updated to: 86
Max suppression time updated to: 86
Max suppression time updated to: 86
Max suppression time updated to: 86
Received update: /ndn/by-site/by/svs_core/by=12, 1741643713161
Max suppression time updated to: 88
Max suppression time updated to: 88
Max suppression time updated to: 88
Received update: /ndn/al-site/al/svs_core/al=12, 1741643713596
Max suppression time updated to: 88
Received update: /ndn/is-site/is/svs_core/is=13, 1741643716213
Max suppression time updated to: 88
Received update: /ndn/ch-site/ch/svs_core/ch=13, 1741643717136
Max suppression time updated to: 88
Received update: /ndn/hu-site/hu/svs_core/hu=13, 1741643720983
Max suppression time updated to: 88
Received update: /ndn/es-site/es/svs_core/es=12, 1741643721120
Max suppression time updated to: 88
Received update: /ndn/az-site/az/svs_core/az=13, 1741643721243
Max suppression time updated to: 88
Received update: /ndn/fi-site/fi/svs_core/fi=13, 1741643721334
Received update: /ndn/sk-site/sk/svs_core/sk=13, 1741643721334
Received update: /ndn/ua-site/ua/svs_core/ua=12, 1741643721334
Max suppression time updated to: 88
Received update: /ndn/lu-site/lu/svs_core/lu=13, 1741643721406
Max suppression time updated to: 88
Max suppression time updated to: 88
Received update: /ndn/lt-site/lt/svs_core/lt=13, 1741643722323
Max suppression time updated to: 88
Max suppression time updated to: 88
Received update: /ndn/cz-site/cz/svs_core/cz=13, 1741643722695
Max suppression time updated to: 88
Received update: /ndn/ee-site/ee/svs_core/ee=13, 1741643722906
Max suppression time updated to: 88
Received update: /ndn/gr-site/gr/svs_core/gr=13, 1741643723726
Max suppression time updated to: 88
Received update: /ndn/rs-site/rs/svs_core/rs=13, 1741643724931
Max suppression time updated to: 88
Max suppression time updated to: 88
Max suppression time updated to: 88
Max suppression time updated to: 88
Max suppression time updated to: 88
Max suppression time updated to: 88
Received update: /ndn/si-site/si/svs_core/si=13, 1741643725760
Max suppression time updated to: 88
Received update: /ndn/ie-site/ie/svs_core/ie=13, 1741643727445
Max suppression time updated to: 88
Max suppression time updated to: 88
Received update: /ndn/de1-site/de1/svs_core/de1=13, 1741643727515
Max suppression time updated to: 88
Max suppression time updated to: 88
Max suppression time updated to: 88
Received update: /ndn/mk-site/mk/svs_core/mk=13, 1741643731673
Max suppression time updated to: 88
Received update: /ndn/nl-site/nl/svs_core/nl=13, 1741643731793
Max suppression time updated to: 88
Received update: /ndn/be-site/be/svs_core/be=13, 1741643731910
Max suppression time updated to: 88
Received update: /ndn/am-site/am/svs_core/am=13, 1741643733899
Max suppression time updated to: 88
Received update: /ndn/hr-site/hr/svs_core/hr=13, 1741643733939
Received update: /ndn/fr1-site/fr1/svs_core/fr1=13, 1741643733939
Max suppression time updated to: 88
Max suppression time updated to: 88
Max suppression time updated to: 88
Max suppression time updated to: 88
Max suppression time updated to: 88
Received update: /ndn/uk-site/uk/svs_core/uk=13, 1741643734432
Published sequence number: /ndn/cy-site/cy/svs_core/cy=13, 1741643735890
Sending Sync interest
Max suppression time updated to: 88
Received update: /ndn/lv-site/lv/svs_core/lv=13, 1741643736090
Received update: /ndn/pl-site/pl/svs_core/pl=13, 1741643736090
Max suppression time updated to: 86
Received update: /ndn/md-site/md/svs_core/md=13, 1741643736603
Max suppression time updated to: 88
Received update: /ndn/no-site/no/svs_core/no=13, 1741643737306
Max suppression time updated to: 88
Max suppression time updated to: 88
Max suppression time updated to: 88
Max suppression time updated to: 88
Max suppression time updated to: 86
Max suppression time updated to: 86
Max suppression time updated to: 86
Max suppression time updated to: 86
Max suppression time updated to: 86
Max suppression time updated to: 86
Received update: /ndn/dk-site/dk/svs_core/dk=13, 1741643737624
Max suppression time updated to: 88
Max suppression time updated to: 90
Max suppression time updated to: 90
Max suppression time updated to: 90
Received update: /ndn/se-site/se/svs_core/se=13, 1741643738586
Max suppression time updated to: 90
Received update: /ndn/at-site/at/svs_core/at=13, 1741643739036
Max suppression time updated to: 90
Received update: /ndn/ge-site/ge/svs_core/ge=13, 1741643744305
Max suppression time updated to: 90
Received update: /ndn/ro-site/ro/svs_core/ro=13, 1741643747774
Max suppression time updated to: 90
Max suppression time updated to: 90
Max suppression time updated to: 90
Received update: /ndn/mt-site/mt/svs_core/mt=13, 1741643749893
Max suppression time updated to: 90
Received update: /ndn/tr-site/tr/svs_core/tr=13, 1741643749916
Max suppression time updated to: 90
Max suppression time updated to: 90
Received update: /ndn/it-site/it/svs_core/it=13, 1741643753521
Max suppression time updated to: 90
Received update: /ndn/by-site/by/svs_core/by=13, 1741643753660
Max suppression time updated to: 90
Received update: /ndn/fr2-site/fr2/svs_core/fr2=13, 1741643753670
Max suppression time updated to: 90
Received update: /ndn/pt-site/pt/svs_core/pt=13, 1741643753674
Max suppression time updated to: 90
Max suppression time updated to: 90
Max suppression time updated to: 90
Max suppression time updated to: 90
Max suppression time updated to: 88
Max suppression time updated to: 88
Received update: /ndn/de2-site/de2/svs_core/de2=13, 1741643754579
Max suppression time updated to: 88
Received update: /ndn/bg-site/bg/svs_core/bg=13, 1741643755316
Max suppression time updated to: 88
Received update: /ndn/il-site/il/svs_core/il=13, 1741643755845
Max suppression time updated to: 90
Received update: /ndn/is-site/is/svs_core/is=14, 1741643761189
Max suppression time updated to: 90
Received update: /ndn/es-site/es/svs_core/es=13, 1741643761227
Max suppression time updated to: 90
Received update: /ndn/me-site/me/svs_core/me=13, 1741643761375
Sending Sync interest
Max suppression time updated to: 90
Received update: /ndn/ua-site/ua/svs_core/ua=13, 1741643761699
Max suppression time updated to: 90
Received update: /ndn/al-site/al/svs_core/al=13, 1741643761865
Max suppression time updated to: 90
Received update: /ndn/az-site/az/svs_core/az=14, 1741643764199
Received update: /ndn/ch-site/ch/svs_core/ch=14, 1741643764199
Received update: /ndn/sk-site/sk/svs_core/sk=14, 1741643764199
Max suppression time updated to: 90
Received update: /ndn/hu-site/hu/svs_core/hu=14, 1741643766007
Max suppression time updated to: 90
Received update: /ndn/lu-site/lu/svs_core/lu=14, 1741643766396
Max suppression time updated to: 90
Received update: /ndn/lt-site/lt/svs_core/lt=14, 1741643767259
Max suppression time updated to: 90
Received update: /ndn/cz-site/cz/svs_core/cz=14, 1741643767693
Max suppression time updated to: 90
Received update: /ndn/ee-site/ee/svs_core/ee=14, 1741643767905
Max suppression time updated to: 90
Max suppression time updated to: 90
Max suppression time updated to: 90
Max suppression time updated to: 90
Received update: /ndn/gr-site/gr/svs_core/gr=14, 1741643768707
Max suppression time updated to: 90
Received update: /ndn/ie-site/ie/svs_core/ie=14, 1741643772396
Sending Sync interest
Max suppression time updated to: 90
Max suppression time updated to: 90
Max suppression time updated to: 90
Max suppression time updated to: 90
Max suppression time updated to: 90
Received update: /ndn/nl-site/nl/svs_core/nl=14, 1741643773061
Max suppression time updated to: 90
Received update: /ndn/be-site/be/svs_core/be=14, 1741643773385
Max suppression time updated to: 90
Received update: /ndn/de1-site/de1/svs_core/de1=14, 1741643773479
Max suppression time updated to: 90
Received update: /ndn/fi-site/fi/svs_core/fi=14, 1741643773883
Max suppression time updated to: 90
Max suppression time updated to: 90
Max suppression time updated to: 90
Sending Sync interest
Max suppression time updated to: 90
Max suppression time updated to: 90
Received update: /ndn/rs-site/rs/svs_core/rs=14, 1741643774087
Max suppression time updated to: 90
Max suppression time updated to: 90
Max suppression time updated to: 90
Max suppression time updated to: 90
Received update: /ndn/si-site/si/svs_core/si=14, 1741643774328
Max suppression time updated to: 90
Max suppression time updated to: 90
Max suppression time updated to: 90
Received update: /ndn/mk-site/mk/svs_core/mk=14, 1741643776701
Max suppression time updated to: 90
Received update: /ndn/uk-site/uk/svs_core/uk=14, 1741643779432
Sending Sync interest
Max suppression time updated to: 90
Max suppression time updated to: 90
Received update: /ndn/pl-site/pl/svs_core/pl=14, 1741643779589
Max suppression time updated to: 90
Max suppression time updated to: 90
Received update: /ndn/lv-site/lv/svs_core/lv=14, 1741643779650
Max suppression time updated to: 90
Max suppression time updated to: 90
Received update: /ndn/hr-site/hr/svs_core/hr=14, 1741643779680
Published sequence number: /ndn/cy-site/cy/svs_core/cy=14, 1741643780896
Sending Sync interest
Max suppression time updated to: 90
Received update: /ndn/fr1-site/fr1/svs_core/fr1=14, 1741643781177
Max suppression time updated to: 90
Received update: /ndn/dk-site/dk/svs_core/dk=14, 1741643781580
Max suppression time updated to: 90
Received update: /ndn/se-site/se/svs_core/se=14, 1741643783716
Max suppression time updated to: 90
Received update: /ndn/md-site/md/svs_core/md=14, 1741643783946
Max suppression time updated to: 90
Received update: /ndn/at-site/at/svs_core/at=14, 1741643784023
Max suppression time updated to: 90
Received update: /ndn/pt-site/pt/svs_core/pt=14, 1741643792264
Max suppression time updated to: 90
Received update: /ndn/ge-site/ge/svs_core/ge=14, 1741643792414
Max suppression time updated to: 90
Received update: /ndn/am-site/am/svs_core/am=14, 1741643792531
Max suppression time updated to: 88
Received update: /ndn/by-site/by/svs_core/by=14, 1741643792832
Received update: /ndn/ro-site/ro/svs_core/ro=14, 1741643792832
Max suppression time updated to: 90
Max suppression time updated to: 90
Max suppression time updated to: 90
Max suppression time updated to: 90
Max suppression time updated to: 90
Max suppression time updated to: 90
Max suppression time updated to: 90
Received update: /ndn/tr-site/tr/svs_core/tr=14, 1741643792964
Max suppression time updated to: 90
Sending Sync interest
Max suppression time updated to: 90
Max suppression time updated to: 90
Max suppression time updated to: 90
Received update: /ndn/fr2-site/fr2/svs_core/fr2=14, 1741643796853
Max suppression time updated to: 90
Received update: /ndn/mt-site/mt/svs_core/mt=14, 1741643796994
Max suppression time updated to: 90
Received update: /ndn/it-site/it/svs_core/it=14, 1741643798572
Max suppression time updated to: 92
Received update: /ndn/de2-site/de2/svs_core/de2=14, 1741643799615
Max suppression time updated to: 92
Received update: /ndn/il-site/il/svs_core/il=14, 1741643800920
Max suppression time updated to: 92
Max suppression time updated to: 92
Max suppression time updated to: 92
Received update: /ndn/bg-site/bg/svs_core/bg=14, 1741643801127
Max suppression time updated to: 92
Received update: /ndn/me-site/me/svs_core/me=14, 1741643802976
Max suppression time updated to: 92
Max suppression time updated to: 92
Max suppression time updated to: 92
Max suppression time updated to: 92
Received update: /ndn/ua-site/ua/svs_core/ua=14, 1741643805309
Max suppression time updated to: 92
Received update: /ndn/no-site/no/svs_core/no=14, 1741643805376
Max suppression time updated to: 92
Max suppression time updated to: 92
Max suppression time updated to: 92
Max suppression time updated to: 92
Max suppression time updated to: 92
Max suppression time updated to: 92
Max suppression time updated to: 94
Max suppression time updated to: 92
Received update: /ndn/es-site/es/svs_core/es=14, 1741643805538
Max suppression time updated to: 92
Received update: /ndn/al-site/al/svs_core/al=14, 1741643805562
Max suppression time updated to: 92
Max suppression time updated to: 92
Max suppression time updated to: 92
Max suppression time updated to: 92
Received update: /ndn/ch-site/ch/svs_core/ch=15, 1741643807135
Max suppression time updated to: 92
Received update: /ndn/is-site/is/svs_core/is=15, 1741643807231
Max suppression time updated to: 92
Max suppression time updated to: 92
Max suppression time updated to: 92
Received update: /ndn/sk-site/sk/svs_core/sk=15, 1741643807829
Max suppression time updated to: 92
Received update: /ndn/fi-site/fi/svs_core/fi=15, 1741643808034
Max suppression time updated to: 92
Received update: /ndn/hu-site/hu/svs_core/hu=15, 1741643810967
Max suppression time updated to: 92
Received update: /ndn/lu-site/lu/svs_core/lu=15, 1741643811413
Max suppression time updated to: 92
Received update: /ndn/lt-site/lt/svs_core/lt=15, 1741643812203
Max suppression time updated to: 92
Received update: /ndn/az-site/az/svs_core/az=15, 1741643812826
Received update: /ndn/cz-site/cz/svs_core/cz=15, 1741643812826
Max suppression time updated to: 92
Received update: /ndn/gr-site/gr/svs_core/gr=15, 1741643813731
Max suppression time updated to: 92
Received update: /ndn/rs-site/rs/svs_core/rs=15, 1741643814941
Max suppression time updated to: 92
Received update: /ndn/ie-site/ie/svs_core/ie=15, 1741643817403
Max suppression time updated to: 92
Received update: /ndn/ee-site/ee/svs_core/ee=15, 1741643818311
Received update: /ndn/nl-site/nl/svs_core/nl=15, 1741643818311
Received update: /ndn/de1-site/de1/svs_core/de1=15, 1741643818311
Max suppression time updated to: 94
Received update: /ndn/fr1-site/fr1/svs_core/fr1=15, 1741643823810
Max suppression time updated to: 94
Received update: /ndn/si-site/si/svs_core/si=15, 1741643823835
Max suppression time updated to: 94
Max suppression time updated to: 94
Max suppression time updated to: 94
Received update: /ndn/mk-site/mk/svs_core/mk=15, 1741643823880
Max suppression time updated to: 94
Max suppression time updated to: 94
Received update: /ndn/am-site/am/svs_core/am=15, 1741643823902
Max suppression time updated to: 94
Received update: /ndn/be-site/be/svs_core/be=15, 1741643823960
Max suppression time updated to: 94
Received update: /ndn/uk-site/uk/svs_core/uk=15, 1741643824439
Sending Sync interest
Max suppression time updated to: 94
Max suppression time updated to: 94
Max suppression time updated to: 94
Received update: /ndn/lv-site/lv/svs_core/lv=15, 1741643824619
Max suppression time updated to: 94
Received update: /ndn/hr-site/hr/svs_core/hr=15, 1741643824720
Received update: /ndn/pl-site/pl/svs_core/pl=15, 1741643824720
Max suppression time updated to: 94
Max suppression time updated to: 94
Max suppression time updated to: 94
Max suppression time updated to: 94
Max suppression time updated to: 96
Sending Sync interest
Max suppression time updated to: 96
Max suppression time updated to: 96
Published sequence number: /ndn/cy-site/cy/svs_core/cy=15, 1741643825898
Sending Sync interest
Max suppression time updated to: 96
Received update: /ndn/md-site/md/svs_core/md=15, 1741643826606
Max suppression time updated to: 96
Received update: /ndn/dk-site/dk/svs_core/dk=15, 1741643826608
Max suppression time updated to: 96
Max suppression time updated to: 96
Max suppression time updated to: 96
Max suppression time updated to: 96
Max suppression time updated to: 96
Max suppression time updated to: 96
Max suppression time updated to: 96
Max suppression time updated to: 94
Max suppression time updated to: 94
Max suppression time updated to: 94
Max suppression time updated to: 94
Max suppression time updated to: 96
Received update: /ndn/ge-site/ge/svs_core/ge=15, 1741643834370
Max suppression time updated to: 96
Received update: /ndn/at-site/at/svs_core/at=15, 1741643834434
Max suppression time updated to: 96
Received update: /ndn/pt-site/pt/svs_core/pt=15, 1741643837381
Max suppression time updated to: 96
Max suppression time updated to: 96
Max suppression time updated to: 94
Received update: /ndn/by-site/by/svs_core/by=15, 1741643837484
Max suppression time updated to: 94
Received update: /ndn/ro-site/ro/svs_core/ro=15, 1741643837829
Max suppression time updated to: 94
Received update: /ndn/tr-site/tr/svs_core/tr=15, 1741643837973
Max suppression time updated to: 94
Received update: /ndn/mt-site/mt/svs_core/mt=15, 1741643839902
Sending Sync interest
Max suppression time updated to: 94
Max suppression time updated to: 94
Max suppression time updated to: 94
Max suppression time updated to: 94
Max suppression time updated to: 92
Max suppression time updated to: 92
Received update: /ndn/no-site/no/svs_core/no=15, 1741643840083
Received update: /ndn/se-site/se/svs_core/se=15, 1741643840083
Max suppression time updated to: 92
Max suppression time updated to: 92
Received update: /ndn/de2-site/de2/svs_core/de2=15, 1741643844581
Received update: /ndn/fr2-site/fr2/svs_core/fr2=15, 1741643844581
Max suppression time updated to: 92
Received update: /ndn/it-site/it/svs_core/it=15, 1741643844675
Max suppression time updated to: 92
Max suppression time updated to: 92
Max suppression time updated to: 94
Received update: /ndn/bg-site/bg/svs_core/bg=15, 1741643845322
Max suppression time updated to: 94
Received update: /ndn/il-site/il/svs_core/il=15, 1741643845850
Max suppression time updated to: 94
Received update: /ndn/ch-site/ch/svs_core/ch=16, 1741643852153
Max suppression time updated to: 94
Received update: /ndn/sk-site/sk/svs_core/sk=16, 1741643852858
Max suppression time updated to: 94
Received update: /ndn/es-site/es/svs_core/es=15, 1741643853025
Max suppression time updated to: 94
Received update: /ndn/is-site/is/svs_core/is=16, 1741643853038
Max suppression time updated to: 94
Received update: /ndn/ua-site/ua/svs_core/ua=15, 1741643853193
Max suppression time updated to: 92
Max suppression time updated to: 92
Received update: /ndn/al-site/al/svs_core/al=15, 1741643853260
Max suppression time updated to: 92
Max suppression time updated to: 92
Received update: /ndn/me-site/me/svs_core/me=15, 1741643853379
Max suppression time updated to: 94
Max suppression time updated to: 92
Received update: /ndn/fi-site/fi/svs_core/fi=16, 1741643853937
Max suppression time updated to: 92
Max suppression time updated to: 92
Max suppression time updated to: 92
Max suppression time updated to: 92
Received update: /ndn/lu-site/lu/svs_core/lu=16, 1741643856412
Max suppression time updated to: 92
Received update: /ndn/hu-site/hu/svs_core/hu=16, 1741643856445
Max suppression time updated to: 92
Max suppression time updated to: 92
Max suppression time updated to: 92
Max suppression time updated to: 92
Received update: /ndn/az-site/az/svs_core/az=16, 1741643856531
Max suppression time updated to: 92
Max suppression time updated to: 92
Max suppression time updated to: 92
Max suppression time updated to: 92
Received update: /ndn/cz-site/cz/svs_core/cz=16, 1741643857700
Max suppression time updated to: 92
Received update: /ndn/lt-site/lt/svs_core/lt=16, 1741643857796
Max suppression time updated to: 92
Max suppression time updated to: 92
Max suppression time updated to: 92
Max suppression time updated to: 92
Max suppression time updated to: 92
Received update: /ndn/ee-site/ee/svs_core/ee=16, 1741643858004
Max suppression time updated to: 92
Max suppression time updated to: 92
Received update: /ndn/rs-site/rs/svs_core/rs=16, 1741643859972
Max suppression time updated to: 92
Received update: /ndn/gr-site/gr/svs_core/gr=16, 1741643860009
Max suppression time updated to: 92
Received update: /ndn/si-site/si/svs_core/si=16, 1741643860800
Max suppression time updated to: 92
Received update: /ndn/ie-site/ie/svs_core/ie=16, 1741643862489
Max suppression time updated to: 92
Max suppression time updated to: 92
Max suppression time updated to: 92
Max suppression time updated to: 92
Received update: /ndn/nl-site/nl/svs_core/nl=16, 1741643863041
Max suppression time updated to: 92
Received update: /ndn/be-site/be/svs_core/be=16, 1741643863404
Sending Sync interest
Max suppression time updated to: 92
Max suppression time updated to: 92
Max suppression time updated to: 92
Received update: /ndn/de1-site/de1/svs_core/de1=16, 1741643863593
Max suppression time updated to: 92
Max suppression time updated to: 92
Received update: /ndn/lv-site/lv/svs_core/lv=16, 1741643868619
Max suppression time updated to: 92
Received update: /ndn/mk-site/mk/svs_core/mk=16, 1741643868820
Max suppression time updated to: 92
Received update: /ndn/am-site/am/svs_core/am=16, 1741643868910
Max suppression time updated to: 92
Received update: /ndn/hr-site/hr/svs_core/hr=16, 1741643868946
Max suppression time updated to: 92
Received update: /ndn/fr1-site/fr1/svs_core/fr1=16, 1741643868994
Max suppression time updated to: 92
Max suppression time updated to: 92
Max suppression time updated to: 92
Max suppression time updated to: 92
Max suppression time updated to: 92
Max suppression time updated to: 92
Max suppression time updated to: 92
Received update: /ndn/uk-site/uk/svs_core/uk=16, 1741643869440
Max suppression time updated to: 90
Received update: /ndn/pl-site/pl/svs_core/pl=16, 1741643869620
Published sequence number: /ndn/cy-site/cy/svs_core/cy=16, 1741643870899
Sending Sync interest
Max suppression time updated to: 90
Received update: /ndn/dk-site/dk/svs_core/dk=16, 1741643871590
Sending Sync interest
Max suppression time updated to: 90
Max suppression time updated to: 92
Max suppression time updated to: 92
Max suppression time updated to: 92
Max suppression time updated to: 92
Max suppression time updated to: 92
Max suppression time updated to: 92
Received update: /ndn/at-site/at/svs_core/at=16, 1741643874021
Max suppression time updated to: 92
Received update: /ndn/by-site/by/svs_core/by=16, 1741643876383
Max suppression time updated to: 92
Max suppression time updated to: 92
Max suppression time updated to: 92
Received update: /ndn/no-site/no/svs_core/no=16, 1741643876474
Received update: /ndn/se-site/se/svs_core/se=16, 1741643876474
Max suppression time updated to: 92
Max suppression time updated to: 92
Max suppression time updated to: 92
Received update: /ndn/md-site/md/svs_core/md=16, 1741643882954
Received update: /ndn/pt-site/pt/svs_core/pt=16, 1741643882954
Received update: /ndn/ro-site/ro/svs_core/ro=16, 1741643882954
Max suppression time updated to: 92
Received update: /ndn/ge-site/ge/svs_core/ge=16, 1741643882960
Max suppression time updated to: 92
Max suppression time updated to: 92
Received update: /ndn/mt-site/mt/svs_core/mt=16, 1741643884912
Max suppression time updated to: 92
Received update: /ndn/tr-site/tr/svs_core/tr=16, 1741643885022
Max suppression time updated to: 92
Received update: /ndn/fr2-site/fr2/svs_core/fr2=16, 1741643886849
Max suppression time updated to: 92
Max suppression time updated to: 92
Max suppression time updated to: 92
Received update: /ndn/it-site/it/svs_core/it=16, 1741643888561
Max suppression time updated to: 92
Received update: /ndn/de2-site/de2/svs_core/de2=16, 1741643889589
Max suppression time updated to: 92
Received update: /ndn/me-site/me/svs_core/me=16, 1741643892962
Max suppression time updated to: 92
Received update: /ndn/il-site/il/svs_core/il=16, 1741643893116
Max suppression time updated to: 92
Received update: /ndn/bg-site/bg/svs_core/bg=16, 1741643893126
Max suppression time updated to: 92
Max suppression time updated to: 92
Received update: /ndn/al-site/al/svs_core/al=16, 1741643893721
Max suppression time updated to: 92
Max suppression time updated to: 92
Max suppression time updated to: 92
Max suppression time updated to: 92
Max suppression time updated to: 94
Max suppression time updated to: 94
Received update: /ndn/es-site/es/svs_core/es=16, 1741643895154
Max suppression time updated to: 94
Max suppression time updated to: 94
Max suppression time updated to: 94
Max suppression time updated to: 94
Max suppression time updated to: 94
Received update: /ndn/ua-site/ua/svs_core/ua=16, 1741643895295
Max suppression time updated to: 94
Max suppression time updated to: 94
Max suppression time updated to: 94
Max suppression time updated to: 92
Max suppression time updated to: 92
Max suppression time updated to: 92
Stopping SVS client: /ndn/cy-site/cy/svs_core/cy
