SVS client starting: /ndn/fr2-site/fr2/svs_core/fr2
Max suppression time updated to: 48
Max suppression time updated to: 46
Max suppression time updated to: 46
Max suppression time updated to: 56
Max suppression time updated to: 58
Max suppression time updated to: 66
Max suppression time updated to: 62
Max suppression time updated to: 58
Sending Sync interest
Max suppression time updated to: 60
Max suppression time updated to: 62
Max suppression time updated to: 60
Max suppression time updated to: 62
Max suppression time updated to: 58
Max suppression time updated to: 60
Max suppression time updated to: 62
Max suppression time updated to: 62
Max suppression time updated to: 62
Max suppression time updated to: 64
Max suppression time updated to: 64
Max suppression time updated to: 64
Max suppression time updated to: 66
Max suppression time updated to: 68
Max suppression time updated to: 70
Max suppression time updated to: 70
Max suppression time updated to: 70
Max suppression time updated to: 72
Max suppression time updated to: 72
Max suppression time updated to: 74
Max suppression time updated to: 74
Max suppression time updated to: 72
Max suppression time updated to: 72
Max suppression time updated to: 74
Max suppression time updated to: 78
Max suppression time updated to: 80
Max suppression time updated to: 82
Received update: /ndn/is-site/is/svs_core/is=1, 1741643176161
Max suppression time updated to: 82
Max suppression time updated to: 80
Max suppression time updated to: 82
Max suppression time updated to: 80
Received update: /ndn/ch-site/ch/svs_core/ch=1, 1741643177043
Max suppression time updated to: 82
Received update: /ndn/fi-site/fi/svs_core/fi=1, 1741643177531
Max suppression time updated to: 82
Max suppression time updated to: 82
Max suppression time updated to: 82
Max suppression time updated to: 82
Max suppression time updated to: 84
Max suppression time updated to: 84
Received update: /ndn/az-site/az/svs_core/az=1, 1741643179114
Received update: /ndn/sk-site/sk/svs_core/sk=1, 1741643179114
Max suppression time updated to: 82
Received update: /ndn/lu-site/lu/svs_core/lu=1, 1741643181367
Max suppression time updated to: 82
Max suppression time updated to: 82
Max suppression time updated to: 82
Max suppression time updated to: 82
Received update: /ndn/hu-site/hu/svs_core/hu=1, 1741643181495
Max suppression time updated to: 82
Received update: /ndn/cz-site/cz/svs_core/cz=1, 1741643182653
Max suppression time updated to: 84
Max suppression time updated to: 86
Received update: /ndn/lt-site/lt/svs_core/lt=1, 1741643182908
Max suppression time updated to: 86
Received update: /ndn/gr-site/gr/svs_core/gr=1, 1741643183675
Max suppression time updated to: 88
Received update: /ndn/ee-site/ee/svs_core/ee=1, 1741643183893
Max suppression time updated to: 88
Received update: /ndn/ie-site/ie/svs_core/ie=1, 1741643187387
Max suppression time updated to: 88
Received update: /ndn/si-site/si/svs_core/si=1, 1741643187570
Max suppression time updated to: 90
Received update: /ndn/rs-site/rs/svs_core/rs=1, 1741643187570
Max suppression time updated to: 90
Max suppression time updated to: 90
Max suppression time updated to: 90
Received update: /ndn/de1-site/de1/svs_core/de1=1, 1741643187713
Max suppression time updated to: 90
Received update: /ndn/nl-site/nl/svs_core/nl=1, 1741643188010
Max suppression time updated to: 90
Received update: /ndn/be-site/be/svs_core/be=1, 1741643188354
Max suppression time updated to: 90
Received update: /ndn/mk-site/mk/svs_core/mk=1, 1741643191624
Max suppression time updated to: 90
Received update: /ndn/lv-site/lv/svs_core/lv=1, 1741643193549
Max suppression time updated to: 90
Max suppression time updated to: 88
Max suppression time updated to: 88
Max suppression time updated to: 88
Max suppression time updated to: 88
Max suppression time updated to: 90
Max suppression time updated to: 90
Max suppression time updated to: 92
Max suppression time updated to: 92
Received update: /ndn/am-site/am/svs_core/am=1, 1741643193897
Max suppression time updated to: 90
Received update: /ndn/hr-site/hr/svs_core/hr=1, 1741643193909
Max suppression time updated to: 90
Received update: /ndn/fr1-site/fr1/svs_core/fr1=1, 1741643194016
Max suppression time updated to: 90
Received update: /ndn/uk-site/uk/svs_core/uk=1, 1741643194403
Max suppression time updated to: 90
Received update: /ndn/pl-site/pl/svs_core/pl=1, 1741643194573
Max suppression time updated to: 90
Max suppression time updated to: 92
Max suppression time updated to: 92
Max suppression time updated to: 92
Received update: /ndn/cy-site/cy/svs_core/cy=1, 1741643195887
Max suppression time updated to: 92
Received update: /ndn/md-site/md/svs_core/md=1, 1741643196564
Max suppression time updated to: 92
Received update: /ndn/dk-site/dk/svs_core/dk=1, 1741643196585
Max suppression time updated to: 92
Received update: /ndn/se-site/se/svs_core/se=1, 1741643198560
Max suppression time updated to: 92
Received update: /ndn/at-site/at/svs_core/at=1, 1741643198971
Max suppression time updated to: 94
Received update: /ndn/by-site/by/svs_core/by=1, 1741643204297
Received update: /ndn/ge-site/ge/svs_core/ge=1, 1741643204297
Max suppression time updated to: 94
Received update: /ndn/pt-site/pt/svs_core/pt=1, 1741643207291
Max suppression time updated to: 96
Received update: /ndn/no-site/no/svs_core/no=1, 1741643207595
Max suppression time updated to: 96
Received update: /ndn/tr-site/tr/svs_core/tr=1, 1741643207948
Max suppression time updated to: 96
Received update: /ndn/ro-site/ro/svs_core/ro=1, 1741643208176
Max suppression time updated to: 96
Received update: /ndn/mt-site/mt/svs_core/mt=1, 1741643209817
Max suppression time updated to: 96
Max suppression time updated to: 96
Published sequence number: /ndn/fr2-site/fr2/svs_core/fr2=1, 1741643211751
Sending Sync interest
Max suppression time updated to: 94
Received update: /ndn/it-site/it/svs_core/it=1, 1741643213449
Max suppression time updated to: 94
Received update: /ndn/de2-site/de2/svs_core/de2=1, 1741643214553
Max suppression time updated to: 96
Received update: /ndn/me-site/me/svs_core/me=1, 1741643217966
Max suppression time updated to: 96
Received update: /ndn/il-site/il/svs_core/il=1, 1741643218061
Max suppression time updated to: 96
Received update: /ndn/bg-site/bg/svs_core/bg=1, 1741643218069
Max suppression time updated to: 94
Max suppression time updated to: 94
Received update: /ndn/al-site/al/svs_core/al=1, 1741643218537
Sending Sync interest
Max suppression time updated to: 94
Max suppression time updated to: 94
Max suppression time updated to: 94
Max suppression time updated to: 94
Max suppression time updated to: 94
Max suppression time updated to: 94
Received update: /ndn/es-site/es/svs_core/es=1, 1741643218753
Max suppression time updated to: 94
Max suppression time updated to: 94
Received update: /ndn/ua-site/ua/svs_core/ua=1, 1741643220274
Max suppression time updated to: 94
Received update: /ndn/is-site/is/svs_core/is=2, 1741643221227
Max suppression time updated to: 94
Max suppression time updated to: 94
Max suppression time updated to: 94
Received update: /ndn/ch-site/ch/svs_core/ch=2, 1741643222051
Max suppression time updated to: 94
Received update: /ndn/sk-site/sk/svs_core/sk=2, 1741643222774
Max suppression time updated to: 94
Max suppression time updated to: 92
Max suppression time updated to: 94
Max suppression time updated to: 94
Received update: /ndn/hu-site/hu/svs_core/hu=2, 1741643225934
Max suppression time updated to: 92
Received update: /ndn/az-site/az/svs_core/az=2, 1741643226016
Max suppression time updated to: 94
Received update: /ndn/lt-site/lt/svs_core/lt=2, 1741643227239
Max suppression time updated to: 94
Max suppression time updated to: 94
Received update: /ndn/cz-site/cz/svs_core/cz=2, 1741643227646
Max suppression time updated to: 94
Received update: /ndn/ee-site/ee/svs_core/ee=2, 1741643227908
Max suppression time updated to: 94
Received update: /ndn/gr-site/gr/svs_core/gr=2, 1741643228656
Max suppression time updated to: 94
Received update: /ndn/lu-site/lu/svs_core/lu=2, 1741643228757
Max suppression time updated to: 94
Max suppression time updated to: 94
Received update: /ndn/si-site/si/svs_core/si=2, 1741643230716
Max suppression time updated to: 94
Received update: /ndn/mk-site/mk/svs_core/mk=2, 1741643236631
Max suppression time updated to: 94
Received update: /ndn/lv-site/lv/svs_core/lv=2, 1741643238589
Max suppression time updated to: 94
Received update: /ndn/fr1-site/fr1/svs_core/fr1=2, 1741643238661
Max suppression time updated to: 94
Received update: /ndn/ie-site/ie/svs_core/ie=2, 1741643238721
Received update: /ndn/nl-site/nl/svs_core/nl=2, 1741643238721
Received update: /ndn/de1-site/de1/svs_core/de1=2, 1741643238721
Max suppression time updated to: 94
Received update: /ndn/be-site/be/svs_core/be=2, 1741643238806
Max suppression time updated to: 94
Max suppression time updated to: 94
Received update: /ndn/fi-site/fi/svs_core/fi=2, 1741643238862
Max suppression time updated to: 94
Received update: /ndn/hr-site/hr/svs_core/hr=2, 1741643238920
Max suppression time updated to: 94
Received update: /ndn/am-site/am/svs_core/am=2, 1741643238964
Max suppression time updated to: 94
Max suppression time updated to: 96
Received update: /ndn/no-site/no/svs_core/no=2, 1741643242308
Received update: /ndn/rs-site/rs/svs_core/rs=2, 1741643242308
Received update: /ndn/uk-site/uk/svs_core/uk=2, 1741643242308
Max suppression time updated to: 96
Received update: /ndn/cy-site/cy/svs_core/cy=2, 1741643242433
Received update: /ndn/md-site/md/svs_core/md=2, 1741643242433
Received update: /ndn/pl-site/pl/svs_core/pl=2, 1741643242433
Max suppression time updated to: 96
Received update: /ndn/at-site/at/svs_core/at=2, 1741643243976
Received update: /ndn/dk-site/dk/svs_core/dk=2, 1741643243976
Max suppression time updated to: 96
Received update: /ndn/by-site/by/svs_core/by=2, 1741643246366
Max suppression time updated to: 96
Received update: /ndn/ro-site/ro/svs_core/ro=2, 1741643252747
Max suppression time updated to: 96
Received update: /ndn/ge-site/ge/svs_core/ge=2, 1741643252882
Max suppression time updated to: 96
Received update: /ndn/tr-site/tr/svs_core/tr=2, 1741643252968
Max suppression time updated to: 96
Received update: /ndn/se-site/se/svs_core/se=2, 1741643253231
Published sequence number: /ndn/fr2-site/fr2/svs_core/fr2=2, 1741643256755
Sending Sync interest
Max suppression time updated to: 96
Received update: /ndn/pt-site/pt/svs_core/pt=2, 1741643256930
Max suppression time updated to: 98
Received update: /ndn/mt-site/mt/svs_core/mt=2, 1741643256942
Max suppression time updated to: 98
Max suppression time updated to: 98
Max suppression time updated to: 98
Received update: /ndn/it-site/it/svs_core/it=2, 1741643258454
Max suppression time updated to: 96
Received update: /ndn/de2-site/de2/svs_core/de2=2, 1741643259580
Max suppression time updated to: 98
Received update: /ndn/bg-site/bg/svs_core/bg=2, 1741643260363
Max suppression time updated to: 98
Max suppression time updated to: 98
Received update: /ndn/ua-site/ua/svs_core/ua=2, 1741643265245
Max suppression time updated to: 98
Received update: /ndn/il-site/il/svs_core/il=2, 1741643265358
Max suppression time updated to: 98
Received update: /ndn/es-site/es/svs_core/es=2, 1741643265370
Max suppression time updated to: 98
Max suppression time updated to: 98
Received update: /ndn/is-site/is/svs_core/is=3, 1741643266160
Max suppression time updated to: 98
Received update: /ndn/al-site/al/svs_core/al=2, 1741643266215
Max suppression time updated to: 98
Max suppression time updated to: 98
Received update: /ndn/sk-site/sk/svs_core/sk=3, 1741643267808
Max suppression time updated to: 98
Received update: /ndn/ch-site/ch/svs_core/ch=3, 1741643267842
Max suppression time updated to: 98
Max suppression time updated to: 98
Received update: /ndn/fi-site/fi/svs_core/fi=3, 1741643267914
Max suppression time updated to: 98
Received update: /ndn/me-site/me/svs_core/me=2, 1741643268035
Max suppression time updated to: 98
Received update: /ndn/lt-site/lt/svs_core/lt=3, 1741643272153
Max suppression time updated to: 98
Received update: /ndn/hu-site/hu/svs_core/hu=3, 1741643272223
Max suppression time updated to: 98
Max suppression time updated to: 98
Max suppression time updated to: 98
Max suppression time updated to: 98
Received update: /ndn/az-site/az/svs_core/az=3, 1741643272252
Max suppression time updated to: 98
Received update: /ndn/lu-site/lu/svs_core/lu=3, 1741643272350
Max suppression time updated to: 98
Max suppression time updated to: 98
Received update: /ndn/cz-site/cz/svs_core/cz=3, 1741643272674
Max suppression time updated to: 98
Received update: /ndn/gr-site/gr/svs_core/gr=3, 1741643273671
Sending Sync interest
Max suppression time updated to: 98
Max suppression time updated to: 100
Max suppression time updated to: 100
Received update: /ndn/ee-site/ee/svs_core/ee=3, 1741643275829
Received update: /ndn/si-site/si/svs_core/si=3, 1741643275829
Max suppression time updated to: 100
Received update: /ndn/rs-site/rs/svs_core/rs=3, 1741643275923
Max suppression time updated to: 100
Received update: /ndn/ie-site/ie/svs_core/ie=3, 1741643277409
Max suppression time updated to: 100
Received update: /ndn/be-site/be/svs_core/be=3, 1741643278361
Received update: /ndn/nl-site/nl/svs_core/nl=3, 1741643278361
Max suppression time updated to: 100
Received update: /ndn/de1-site/de1/svs_core/de1=3, 1741643278396
Max suppression time updated to: 100
Received update: /ndn/lv-site/lv/svs_core/lv=3, 1741643283581
Max suppression time updated to: 100
Received update: /ndn/mk-site/mk/svs_core/mk=3, 1741643283639
Max suppression time updated to: 100
Max suppression time updated to: 100
Max suppression time updated to: 100
Max suppression time updated to: 100
Received update: /ndn/uk-site/uk/svs_core/uk=3, 1741643284441
Received update: /ndn/fr1-site/fr1/svs_core/fr1=3, 1741643284441
Max suppression time updated to: 100
Received update: /ndn/pl-site/pl/svs_core/pl=3, 1741643284706
Max suppression time updated to: 100
Max suppression time updated to: 100
Received update: /ndn/hr-site/hr/svs_core/hr=3, 1741643284785
Max suppression time updated to: 100
Received update: /ndn/am-site/am/svs_core/am=3, 1741643286070
Received update: /ndn/cy-site/cy/svs_core/cy=3, 1741643286070
Max suppression time updated to: 100
Received update: /ndn/no-site/no/svs_core/no=3, 1741643287185
Max suppression time updated to: 100
Max suppression time updated to: 100
Received update: /ndn/md-site/md/svs_core/md=3, 1741643287269
Max suppression time updated to: 100
Max suppression time updated to: 100
Max suppression time updated to: 100
Max suppression time updated to: 100
Received update: /ndn/dk-site/dk/svs_core/dk=3, 1741643287316
Max suppression time updated to: 100
Max suppression time updated to: 100
Received update: /ndn/at-site/at/svs_core/at=3, 1741643288969
Max suppression time updated to: 100
Received update: /ndn/by-site/by/svs_core/by=3, 1741643294313
Received update: /ndn/ge-site/ge/svs_core/ge=3, 1741643294313
Max suppression time updated to: 100
Received update: /ndn/ro-site/ro/svs_core/ro=3, 1741643297741
Sending Sync interest
Max suppression time updated to: 100
Max suppression time updated to: 100
Max suppression time updated to: 100
Max suppression time updated to: 100
Max suppression time updated to: 98
Max suppression time updated to: 98
Received update: /ndn/mt-site/mt/svs_core/mt=3, 1741643299830
Published sequence number: /ndn/fr2-site/fr2/svs_core/fr2=3, 1741643301757
Sending Sync interest
Max suppression time updated to: 100
Received update: /ndn/tr-site/tr/svs_core/tr=3, 1741643301872
Max suppression time updated to: 100
Received update: /ndn/bg-site/bg/svs_core/bg=3, 1741643305297
Received update: /ndn/it-site/it/svs_core/it=3, 1741643305297
Received update: /ndn/de2-site/de2/svs_core/de2=3, 1741643305297
Max suppression time updated to: 100
Received update: /ndn/il-site/il/svs_core/il=3, 1741643305829
Max suppression time updated to: 100
Received update: /ndn/me-site/me/svs_core/me=3, 1741643307940
Max suppression time updated to: 100
Max suppression time updated to: 100
Max suppression time updated to: 100
Max suppression time updated to: 100
Received update: /ndn/al-site/al/svs_core/al=3, 1741643308555
Max suppression time updated to: 100
Received update: /ndn/es-site/es/svs_core/es=3, 1741643308763
Max suppression time updated to: 100
Received update: /ndn/se-site/se/svs_core/se=3, 1741643308991
Max suppression time updated to: 98
Received update: /ndn/ua-site/ua/svs_core/ua=3, 1741643310307
Max suppression time updated to: 98
Max suppression time updated to: 98
Max suppression time updated to: 98
Received update: /ndn/is-site/is/svs_core/is=4, 1741643311152
Max suppression time updated to: 98
Received update: /ndn/ch-site/ch/svs_core/ch=4, 1741643312072
Max suppression time updated to: 98
Received update: /ndn/fi-site/fi/svs_core/fi=4, 1741643312380
Max suppression time updated to: 98
Max suppression time updated to: 98
Max suppression time updated to: 98
Max suppression time updated to: 98
Max suppression time updated to: 98
Max suppression time updated to: 100
Max suppression time updated to: 100
Received update: /ndn/az-site/az/svs_core/az=4, 1741643314139
Received update: /ndn/sk-site/sk/svs_core/sk=4, 1741643314139
Max suppression time updated to: 100
Received update: /ndn/hu-site/hu/svs_core/hu=4, 1741643315927
Max suppression time updated to: 100
Max suppression time updated to: 100
Max suppression time updated to: 100
Received update: /ndn/cz-site/cz/svs_core/cz=4, 1741643317739
Received update: /ndn/lt-site/lt/svs_core/lt=4, 1741643317739
Received update: /ndn/lu-site/lu/svs_core/lu=4, 1741643317739
Max suppression time updated to: 100
Received update: /ndn/ee-site/ee/svs_core/ee=4, 1741643317901
Max suppression time updated to: 100
Received update: /ndn/gr-site/gr/svs_core/gr=4, 1741643319915
Received update: /ndn/rs-site/rs/svs_core/rs=4, 1741643319915
Max suppression time updated to: 100
Received update: /ndn/ie-site/ie/svs_core/ie=4, 1741643322385
Max suppression time updated to: 100
Sending Sync interest
Max suppression time updated to: 100
Max suppression time updated to: 100
Max suppression time updated to: 100
Max suppression time updated to: 100
Max suppression time updated to: 100
Received update: /ndn/de1-site/de1/svs_core/de1=4, 1741643322512
Max suppression time updated to: 100
Max suppression time updated to: 100
Max suppression time updated to: 100
Max suppression time updated to: 98
Max suppression time updated to: 98
Max suppression time updated to: 98
Max suppression time updated to: 100
Max suppression time updated to: 100
Max suppression time updated to: 100
Max suppression time updated to: 100
Received update: /ndn/nl-site/nl/svs_core/nl=4, 1741643323023
Max suppression time updated to: 100
Received update: /ndn/si-site/si/svs_core/si=4, 1741643323138
Max suppression time updated to: 102
Received update: /ndn/be-site/be/svs_core/be=4, 1741643325428
Received update: /ndn/pt-site/pt/svs_core/pt=3, 1741643325428
Max suppression time updated to: 102
Received update: /ndn/mk-site/mk/svs_core/mk=4, 1741643326685
Max suppression time updated to: 102
Max suppression time updated to: 102
Max suppression time updated to: 102
Max suppression time updated to: 102
Max suppression time updated to: 102
Received update: /ndn/am-site/am/svs_core/am=4, 1741643328893
Max suppression time updated to: 102
Received update: /ndn/hr-site/hr/svs_core/hr=4, 1741643328975
Max suppression time updated to: 102
Received update: /ndn/fr1-site/fr1/svs_core/fr1=4, 1741643329085
Max suppression time updated to: 102
Max suppression time updated to: 102
Max suppression time updated to: 102
Max suppression time updated to: 102
Max suppression time updated to: 102
Received update: /ndn/pl-site/pl/svs_core/pl=4, 1741643329673
Received update: /ndn/uk-site/uk/svs_core/uk=4, 1741643329673
Max suppression time updated to: 102
Max suppression time updated to: 102
Received update: /ndn/cy-site/cy/svs_core/cy=4, 1741643330916
Max suppression time updated to: 102
Received update: /ndn/md-site/md/svs_core/md=4, 1741643332198
Received update: /ndn/no-site/no/svs_core/no=4, 1741643332198
Max suppression time updated to: 102
Received update: /ndn/dk-site/dk/svs_core/dk=4, 1741643332339
Max suppression time updated to: 104
Received update: /ndn/se-site/se/svs_core/se=4, 1741643333588
Max suppression time updated to: 102
Received update: /ndn/lv-site/lv/svs_core/lv=4, 1741643333689
Max suppression time updated to: 102
Received update: /ndn/at-site/at/svs_core/at=4, 1741643339291
Received update: /ndn/ge-site/ge/svs_core/ge=4, 1741643339291
Max suppression time updated to: 102
Received update: /ndn/ro-site/ro/svs_core/ro=4, 1741643342770
Max suppression time updated to: 104
Received update: /ndn/tr-site/tr/svs_core/tr=4, 1741643342962
Max suppression time updated to: 102
Received update: /ndn/mt-site/mt/svs_core/mt=4, 1741643344832
Max suppression time updated to: 102
Received update: /ndn/by-site/by/svs_core/by=4, 1741643346015
Max suppression time updated to: 102
Received update: /ndn/pt-site/pt/svs_core/pt=4, 1741643346051
Max suppression time updated to: 102
Published sequence number: /ndn/fr2-site/fr2/svs_core/fr2=4, 1741643346759
Sending Sync interest
Max suppression time updated to: 102
Received update: /ndn/it-site/it/svs_core/it=4, 1741643349580
Received update: /ndn/de2-site/de2/svs_core/de2=4, 1741643349580
Max suppression time updated to: 102
Received update: /ndn/bg-site/bg/svs_core/bg=4, 1741643356496
Received update: /ndn/is-site/is/svs_core/is=5, 1741643356496
Received update: /ndn/ua-site/ua/svs_core/ua=4, 1741643356496
Max suppression time updated to: 102
Received update: /ndn/al-site/al/svs_core/al=4, 1741643356531
Max suppression time updated to: 102
Received update: /ndn/il-site/il/svs_core/il=4, 1741643356690
Max suppression time updated to: 102
Received update: /ndn/es-site/es/svs_core/es=4, 1741643356855
Max suppression time updated to: 102
Received update: /ndn/me-site/me/svs_core/me=4, 1741643357812
Received update: /ndn/sk-site/sk/svs_core/sk=5, 1741643357812
Max suppression time updated to: 102
Received update: /ndn/ch-site/ch/svs_core/ch=5, 1741643357878
Max suppression time updated to: 102
Received update: /ndn/az-site/az/svs_core/az=5, 1741643359130
Max suppression time updated to: 102
Received update: /ndn/hu-site/hu/svs_core/hu=5, 1741643360944
Max suppression time updated to: 102
Received update: /ndn/lt-site/lt/svs_core/lt=5, 1741643362146
Max suppression time updated to: 102
Max suppression time updated to: 102
Max suppression time updated to: 104
Received update: /ndn/lu-site/lu/svs_core/lu=5, 1741643362356
Max suppression time updated to: 104
Received update: /ndn/cz-site/cz/svs_core/cz=5, 1741643362712
Max suppression time updated to: 104
Max suppression time updated to: 102
Max suppression time updated to: 104
Max suppression time updated to: 104
Max suppression time updated to: 104
Max suppression time updated to: 104
Received update: /ndn/ee-site/ee/svs_core/ee=5, 1741643363473
Max suppression time updated to: 104
Max suppression time updated to: 104
Received update: /ndn/fi-site/fi/svs_core/fi=5, 1741643367830
Received update: /ndn/gr-site/gr/svs_core/gr=5, 1741643367830
Received update: /ndn/ie-site/ie/svs_core/ie=5, 1741643367830
Received update: /ndn/si-site/si/svs_core/si=5, 1741643367830
Received update: /ndn/de1-site/de1/svs_core/de1=5, 1741643367830
Max suppression time updated to: 104
Received update: /ndn/be-site/be/svs_core/be=5, 1741643371795
Received update: /ndn/mk-site/mk/svs_core/mk=5, 1741643371795
Received update: /ndn/nl-site/nl/svs_core/nl=5, 1741643371795
Received update: /ndn/rs-site/rs/svs_core/rs=5, 1741643371795
Max suppression time updated to: 104
Max suppression time updated to: 104
Received update: /ndn/hr-site/hr/svs_core/hr=5, 1741643373922
Max suppression time updated to: 104
Received update: /ndn/lv-site/lv/svs_core/lv=5, 1741643374634
Received update: /ndn/pl-site/pl/svs_core/pl=5, 1741643374634
Received update: /ndn/uk-site/uk/svs_core/uk=5, 1741643374634
Max suppression time updated to: 104
Received update: /ndn/fr1-site/fr1/svs_core/fr1=5, 1741643374720
Max suppression time updated to: 104
Received update: /ndn/cy-site/cy/svs_core/cy=5, 1741643375964
Max suppression time updated to: 104
Max suppression time updated to: 104
Max suppression time updated to: 104
Received update: /ndn/am-site/am/svs_core/am=5, 1741643376091
Max suppression time updated to: 104
Received update: /ndn/no-site/no/svs_core/no=5, 1741643378696
Received update: /ndn/se-site/se/svs_core/se=5, 1741643378696
Max suppression time updated to: 104
Max suppression time updated to: 104
Received update: /ndn/md-site/md/svs_core/md=5, 1741643378828
Max suppression time updated to: 104
Received update: /ndn/at-site/at/svs_core/at=5, 1741643378979
Max suppression time updated to: 106
Received update: /ndn/ge-site/ge/svs_core/ge=5, 1741643384317
Max suppression time updated to: 106
Received update: /ndn/dk-site/dk/svs_core/dk=5, 1741643384468
Max suppression time updated to: 106
Received update: /ndn/pt-site/pt/svs_core/pt=5, 1741643387302
Max suppression time updated to: 106
Max suppression time updated to: 106
Max suppression time updated to: 106
Received update: /ndn/by-site/by/svs_core/by=5, 1741643387748
Received update: /ndn/ro-site/ro/svs_core/ro=5, 1741643387748
Max suppression time updated to: 106
Received update: /ndn/mt-site/mt/svs_core/mt=5, 1741643389834
Received update: /ndn/tr-site/tr/svs_core/tr=5, 1741643389834
Published sequence number: /ndn/fr2-site/fr2/svs_core/fr2=5, 1741643391762
Sending Sync interest
Max suppression time updated to: 106
Received update: /ndn/it-site/it/svs_core/it=5, 1741643393466
Max suppression time updated to: 106
Received update: /ndn/de2-site/de2/svs_core/de2=5, 1741643394601
Max suppression time updated to: 106
Received update: /ndn/bg-site/bg/svs_core/bg=5, 1741643395257
Max suppression time updated to: 106
Received update: /ndn/es-site/es/svs_core/es=5, 1741643398769
Sending Sync interest
Max suppression time updated to: 106
Max suppression time updated to: 106
Received update: /ndn/il-site/il/svs_core/il=5, 1741643398919
Max suppression time updated to: 106
Max suppression time updated to: 106
Received update: /ndn/al-site/al/svs_core/al=5, 1741643398962
Max suppression time updated to: 106
Max suppression time updated to: 106
Received update: /ndn/me-site/me/svs_core/me=5, 1741643400244
Received update: /ndn/ua-site/ua/svs_core/ua=5, 1741643400244
Max suppression time updated to: 106
Received update: /ndn/is-site/is/svs_core/is=6, 1741643401187
Max suppression time updated to: 106
Received update: /ndn/ch-site/ch/svs_core/ch=6, 1741643402073
Max suppression time updated to: 106
Received update: /ndn/sk-site/sk/svs_core/sk=6, 1741643402787
Max suppression time updated to: 106
Received update: /ndn/az-site/az/svs_core/az=6, 1741643404128
Max suppression time updated to: 106
Received update: /ndn/hu-site/hu/svs_core/hu=6, 1741643405939
Max suppression time updated to: 106
Max suppression time updated to: 106
Max suppression time updated to: 106
Received update: /ndn/lt-site/lt/svs_core/lt=6, 1741643407327
Received update: /ndn/lu-site/lu/svs_core/lu=6, 1741643407327
Max suppression time updated to: 108
Max suppression time updated to: 106
Received update: /ndn/cz-site/cz/svs_core/cz=6, 1741643407786
Received update: /ndn/fi-site/fi/svs_core/fi=6, 1741643407786
Max suppression time updated to: 106
Received update: /ndn/gr-site/gr/svs_core/gr=6, 1741643408682
Max suppression time updated to: 106
Received update: /ndn/ee-site/ee/svs_core/ee=6, 1741643408773
Max suppression time updated to: 108
Max suppression time updated to: 108
Received update: /ndn/rs-site/rs/svs_core/rs=6, 1741643409922
Max suppression time updated to: 108
Received update: /ndn/nl-site/nl/svs_core/nl=6, 1741643413122
Max suppression time updated to: 108
Max suppression time updated to: 108
Max suppression time updated to: 108
Max suppression time updated to: 108
Received update: /ndn/de1-site/de1/svs_core/de1=6, 1741643413252
Max suppression time updated to: 108
Received update: /ndn/be-site/be/svs_core/be=6, 1741643413391
Max suppression time updated to: 108
Received update: /ndn/ie-site/ie/svs_core/ie=6, 1741643413430
Max suppression time updated to: 108
Max suppression time updated to: 106
Received update: /ndn/si-site/si/svs_core/si=6, 1741643413537
Max suppression time updated to: 106
Max suppression time updated to: 106
Max suppression time updated to: 106
Max suppression time updated to: 108
Max suppression time updated to: 108
Max suppression time updated to: 108
Received update: /ndn/mk-site/mk/svs_core/mk=6, 1741643416652
Max suppression time updated to: 108
Received update: /ndn/fr1-site/fr1/svs_core/fr1=6, 1741643418689
Max suppression time updated to: 108
Received update: /ndn/hr-site/hr/svs_core/hr=6, 1741643418922
Max suppression time updated to: 108
Received update: /ndn/pl-site/pl/svs_core/pl=6, 1741643419655
Max suppression time updated to: 108
Max suppression time updated to: 108
Received update: /ndn/uk-site/uk/svs_core/uk=6, 1741643419715
Max suppression time updated to: 108
Max suppression time updated to: 108
Max suppression time updated to: 108
Received update: /ndn/am-site/am/svs_core/am=6, 1741643419962
Max suppression time updated to: 108
Received update: /ndn/cy-site/cy/svs_core/cy=6, 1741643420936
Max suppression time updated to: 108
Received update: /ndn/dk-site/dk/svs_core/dk=6, 1741643421589
Max suppression time updated to: 108
Received update: /ndn/md-site/md/svs_core/md=6, 1741643421602
Max suppression time updated to: 108
Max suppression time updated to: 108
Max suppression time updated to: 108
Received update: /ndn/at-site/at/svs_core/at=6, 1741643423987
Max suppression time updated to: 108
Received update: /ndn/lv-site/lv/svs_core/lv=6, 1741643424157
Max suppression time updated to: 108
Received update: /ndn/by-site/by/svs_core/by=6, 1741643426361
Max suppression time updated to: 108
Received update: /ndn/pt-site/pt/svs_core/pt=6, 1741643432281
Max suppression time updated to: 108
Received update: /ndn/ge-site/ge/svs_core/ge=6, 1741643432438
Max suppression time updated to: 108
Received update: /ndn/ro-site/ro/svs_core/ro=6, 1741643432767
Published sequence number: /ndn/fr2-site/fr2/svs_core/fr2=6, 1741643436768
Sending Sync interest
Max suppression time updated to: 108
Received update: /ndn/tr-site/tr/svs_core/tr=6, 1741643436990
Max suppression time updated to: 108
Received update: /ndn/it-site/it/svs_core/it=6, 1741643438482
Max suppression time updated to: 108
Received update: /ndn/mt-site/mt/svs_core/mt=6, 1741643438612
Max suppression time updated to: 108
Received update: /ndn/bg-site/bg/svs_core/bg=6, 1741643440294
Received update: /ndn/de2-site/de2/svs_core/de2=6, 1741643440294
Max suppression time updated to: 108
Max suppression time updated to: 108
Max suppression time updated to: 108
Received update: /ndn/se-site/se/svs_core/se=6, 1741643440651
Max suppression time updated to: 108
Received update: /ndn/no-site/no/svs_core/no=6, 1741643440828
Max suppression time updated to: 108
Received update: /ndn/il-site/il/svs_core/il=6, 1741643440923
Max suppression time updated to: 108
Received update: /ndn/es-site/es/svs_core/es=6, 1741643443776
Max suppression time updated to: 108
Received update: /ndn/ch-site/ch/svs_core/ch=7, 1741643447187
Received update: /ndn/is-site/is/svs_core/is=7, 1741643447187
Max suppression time updated to: 108
Received update: /ndn/me-site/me/svs_core/me=6, 1741643447239
Max suppression time updated to: 108
Max suppression time updated to: 108
Max suppression time updated to: 108
Max suppression time updated to: 108
Max suppression time updated to: 108
Max suppression time updated to: 108
Received update: /ndn/ua-site/ua/svs_core/ua=6, 1741643447634
Max suppression time updated to: 106
Received update: /ndn/sk-site/sk/svs_core/sk=7, 1741643447793
Max suppression time updated to: 108
Received update: /ndn/hu-site/hu/svs_core/hu=7, 1741643450957
Max suppression time updated to: 108
Received update: /ndn/az-site/az/svs_core/az=7, 1741643451010
Max suppression time updated to: 106
Received update: /ndn/lt-site/lt/svs_core/lt=7, 1741643452230
Max suppression time updated to: 106
Max suppression time updated to: 106
Max suppression time updated to: 106
Max suppression time updated to: 106
Max suppression time updated to: 106
Max suppression time updated to: 106
Max suppression time updated to: 106
Max suppression time updated to: 106
Max suppression time updated to: 106
Max suppression time updated to: 106
Max suppression time updated to: 106
Received update: /ndn/lu-site/lu/svs_core/lu=7, 1741643452509
Max suppression time updated to: 106
Max suppression time updated to: 106
Received update: /ndn/cz-site/cz/svs_core/cz=7, 1741643452689
Max suppression time updated to: 106
Received update: /ndn/fi-site/fi/svs_core/fi=7, 1741643452699
Max suppression time updated to: 106
Max suppression time updated to: 106
Received update: /ndn/rs-site/rs/svs_core/rs=7, 1741643454929
Sending Sync interest
Max suppression time updated to: 106
Max suppression time updated to: 106
Received update: /ndn/ee-site/ee/svs_core/ee=7, 1741643455001
Max suppression time updated to: 106
Max suppression time updated to: 106
Max suppression time updated to: 106
Max suppression time updated to: 106
Received update: /ndn/gr-site/gr/svs_core/gr=7, 1741643455023
Max suppression time updated to: 106
Max suppression time updated to: 106
Max suppression time updated to: 106
Max suppression time updated to: 106
Max suppression time updated to: 106
Max suppression time updated to: 106
Max suppression time updated to: 106
Max suppression time updated to: 106
Received update: /ndn/ie-site/ie/svs_core/ie=7, 1741643457402
Received update: /ndn/si-site/si/svs_core/si=7, 1741643457402
Max suppression time updated to: 106
Received update: /ndn/de1-site/de1/svs_core/de1=7, 1741643457538
Max suppression time updated to: 106
Received update: /ndn/be-site/be/svs_core/be=7, 1741643458387
Max suppression time updated to: 106
Received update: /ndn/nl-site/nl/svs_core/nl=7, 1741643458479
Max suppression time updated to: 106
Received update: /ndn/fr1-site/fr1/svs_core/fr1=7, 1741643463681
Max suppression time updated to: 106
Received update: /ndn/hr-site/hr/svs_core/hr=7, 1741643463929
Max suppression time updated to: 106
Received update: /ndn/uk-site/uk/svs_core/uk=7, 1741643464450
Max suppression time updated to: 106
Received update: /ndn/mk-site/mk/svs_core/mk=7, 1741643464504
Max suppression time updated to: 106
Max suppression time updated to: 106
Max suppression time updated to: 106
Max suppression time updated to: 106
Max suppression time updated to: 106
Max suppression time updated to: 106
Received update: /ndn/pl-site/pl/svs_core/pl=7, 1741643464603
Max suppression time updated to: 106
Received update: /ndn/am-site/am/svs_core/am=7, 1741643464668
Max suppression time updated to: 106
Received update: /ndn/lv-site/lv/svs_core/lv=7, 1741643464685
Max suppression time updated to: 106
Max suppression time updated to: 106
Max suppression time updated to: 106
Max suppression time updated to: 106
Received update: /ndn/cy-site/cy/svs_core/cy=7, 1741643465923
Max suppression time updated to: 106
Received update: /ndn/dk-site/dk/svs_core/dk=7, 1741643466685
Max suppression time updated to: 106
Max suppression time updated to: 106
Max suppression time updated to: 106
Received update: /ndn/md-site/md/svs_core/md=7, 1741643466909
Max suppression time updated to: 106
Received update: /ndn/at-site/at/svs_core/at=7, 1741643468993
Max suppression time updated to: 106
Received update: /ndn/ge-site/ge/svs_core/ge=7, 1741643474300
Max suppression time updated to: 106
Received update: /ndn/by-site/by/svs_core/by=7, 1741643474468
Max suppression time updated to: 106
Received update: /ndn/se-site/se/svs_core/se=7, 1741643474552
Max suppression time updated to: 106
Max suppression time updated to: 106
Received update: /ndn/al-site/al/svs_core/al=6, 1741643475978
Max suppression time updated to: 106
Received update: /ndn/no-site/no/svs_core/no=7, 1741643476188
Max suppression time updated to: 106
Received update: /ndn/pt-site/pt/svs_core/pt=7, 1741643477761
Received update: /ndn/ro-site/ro/svs_core/ro=7, 1741643477761
Max suppression time updated to: 106
Received update: /ndn/tr-site/tr/svs_core/tr=7, 1741643477978
Max suppression time updated to: 106
Received update: /ndn/mt-site/mt/svs_core/mt=7, 1741643479936
Max suppression time updated to: 106
Max suppression time updated to: 106
Max suppression time updated to: 108
Max suppression time updated to: 108
Max suppression time updated to: 108
Max suppression time updated to: 108
Max suppression time updated to: 108
Max suppression time updated to: 108
Published sequence number: /ndn/fr2-site/fr2/svs_core/fr2=7, 1741643481772
Sending Sync interest
Max suppression time updated to: 108
Received update: /ndn/bg-site/bg/svs_core/bg=7, 1741643485281
Received update: /ndn/it-site/it/svs_core/it=7, 1741643485281
Received update: /ndn/de2-site/de2/svs_core/de2=7, 1741643485281
Sending Sync interest
Max suppression time updated to: 108
Received update: /ndn/il-site/il/svs_core/il=7, 1741643485834
Sending Sync interest
Max suppression time updated to: 108
Received update: /ndn/me-site/me/svs_core/me=7, 1741643487946
Max suppression time updated to: 108
Max suppression time updated to: 108
Max suppression time updated to: 108
Max suppression time updated to: 108
Max suppression time updated to: 108
Received update: /ndn/al-site/al/svs_core/al=7, 1741643488549
Max suppression time updated to: 108
Received update: /ndn/es-site/es/svs_core/es=7, 1741643488776
Max suppression time updated to: 108
Received update: /ndn/ch-site/ch/svs_core/ch=8, 1741643492096
Max suppression time updated to: 108
Received update: /ndn/sk-site/sk/svs_core/sk=8, 1741643492788
Max suppression time updated to: 106
Max suppression time updated to: 106
Max suppression time updated to: 106
Max suppression time updated to: 106
Received update: /ndn/ua-site/ua/svs_core/ua=7, 1741643493002
Max suppression time updated to: 106
Received update: /ndn/hu-site/hu/svs_core/hu=8, 1741643495949
Max suppression time updated to: 106
Received update: /ndn/is-site/is/svs_core/is=8, 1741643496131
Max suppression time updated to: 106
Received update: /ndn/lt-site/lt/svs_core/lt=8, 1741643497154
Max suppression time updated to: 106
Max suppression time updated to: 106
Max suppression time updated to: 106
Received update: /ndn/az-site/az/svs_core/az=8, 1741643497385
Max suppression time updated to: 106
Received update: /ndn/lu-site/lu/svs_core/lu=8, 1741643497435
Max suppression time updated to: 108
Received update: /ndn/gr-site/gr/svs_core/gr=8, 1741643498693
Max suppression time updated to: 108
Received update: /ndn/ee-site/ee/svs_core/ee=8, 1741643498927
Max suppression time updated to: 108
Received update: /ndn/cz-site/cz/svs_core/cz=8, 1741643499070
Max suppression time updated to: 108
Received update: /ndn/rs-site/rs/svs_core/rs=8, 1741643499932
Max suppression time updated to: 108
Received update: /ndn/si-site/si/svs_core/si=8, 1741643500737
Max suppression time updated to: 108
Max suppression time updated to: 108
Received update: /ndn/ie-site/ie/svs_core/ie=8, 1741643503045
Received update: /ndn/nl-site/nl/svs_core/nl=8, 1741643503045
Max suppression time updated to: 108
Received update: /ndn/be-site/be/svs_core/be=8, 1741643503377
Max suppression time updated to: 108
Received update: /ndn/mk-site/mk/svs_core/mk=8, 1741643506717
Max suppression time updated to: 108
Max suppression time updated to: 108
Max suppression time updated to: 108
Max suppression time updated to: 106
Received update: /ndn/fr1-site/fr1/svs_core/fr1=8, 1741643508681
Max suppression time updated to: 106
Received update: /ndn/lv-site/lv/svs_core/lv=8, 1741643508900
Received update: /ndn/de1-site/de1/svs_core/de1=8, 1741643508900
Max suppression time updated to: 106
Received update: /ndn/uk-site/uk/svs_core/uk=8, 1741643509430
Max suppression time updated to: 106
Received update: /ndn/cy-site/cy/svs_core/cy=8, 1741643511071
Received update: /ndn/hr-site/hr/svs_core/hr=8, 1741643511071
Max suppression time updated to: 106
Received update: /ndn/pl-site/pl/svs_core/pl=8, 1741643511213
Max suppression time updated to: 108
Received update: /ndn/am-site/am/svs_core/am=8, 1741643511224
Max suppression time updated to: 106
Received update: /ndn/dk-site/dk/svs_core/dk=8, 1741643513582
Received update: /ndn/se-site/se/svs_core/se=8, 1741643513582
Max suppression time updated to: 106
Received update: /ndn/at-site/at/svs_core/at=8, 1741643514007
Max suppression time updated to: 106
Received update: /ndn/ge-site/ge/svs_core/ge=8, 1741643519292
Max suppression time updated to: 108
Received update: /ndn/md-site/md/svs_core/md=8, 1741643522905
Received update: /ndn/pt-site/pt/svs_core/pt=8, 1741643522905
Received update: /ndn/ro-site/ro/svs_core/ro=8, 1741643522905
Max suppression time updated to: 106
Received update: /ndn/tr-site/tr/svs_core/tr=8, 1741643522968
Max suppression time updated to: 106
Received update: /ndn/by-site/by/svs_core/by=8, 1741643525043
Received update: /ndn/mt-site/mt/svs_core/mt=8, 1741643525043
Published sequence number: /ndn/fr2-site/fr2/svs_core/fr2=8, 1741643526775
Sending Sync interest
Max suppression time updated to: 106
Max suppression time updated to: 106
Received update: /ndn/it-site/it/svs_core/it=8, 1741643528497
Max suppression time updated to: 106
Received update: /ndn/fi-site/fi/svs_core/fi=8, 1741643529255
Max suppression time updated to: 106
Max suppression time updated to: 106
Max suppression time updated to: 106
Max suppression time updated to: 106
Received update: /ndn/no-site/no/svs_core/no=8, 1741643529325
Max suppression time updated to: 106
Max suppression time updated to: 106
Max suppression time updated to: 106
Max suppression time updated to: 106
Max suppression time updated to: 106
Max suppression time updated to: 106
Received update: /ndn/de2-site/de2/svs_core/de2=8, 1741643529580
Max suppression time updated to: 108
Max suppression time updated to: 108
Max suppression time updated to: 108
Max suppression time updated to: 106
Max suppression time updated to: 106
Received update: /ndn/bg-site/bg/svs_core/bg=8, 1741643530262
Max suppression time updated to: 106
Received update: /ndn/il-site/il/svs_core/il=8, 1741643530838
Max suppression time updated to: 106
Received update: /ndn/al-site/al/svs_core/al=8, 1741643533551
Max suppression time updated to: 106
Received update: /ndn/es-site/es/svs_core/es=8, 1741643533784
Max suppression time updated to: 106
Max suppression time updated to: 106
Received update: /ndn/ua-site/ua/svs_core/ua=8, 1741643535245
Max suppression time updated to: 106
Max suppression time updated to: 106
Max suppression time updated to: 106
Max suppression time updated to: 106
Received update: /ndn/is-site/is/svs_core/is=9, 1741643536175
Max suppression time updated to: 106
Received update: /ndn/me-site/me/svs_core/me=8, 1741643536341
Max suppression time updated to: 106
Received update: /ndn/ch-site/ch/svs_core/ch=9, 1741643537852
Received update: /ndn/sk-site/sk/svs_core/sk=9, 1741643537852
Max suppression time updated to: 108
Received update: /ndn/az-site/az/svs_core/az=9, 1741643539181
Max suppression time updated to: 108
Received update: /ndn/lu-site/lu/svs_core/lu=9, 1741643541395
Max suppression time updated to: 108
Max suppression time updated to: 108
Max suppression time updated to: 108
Received update: /ndn/hu-site/hu/svs_core/hu=9, 1741643541539
Max suppression time updated to: 108
Received update: /ndn/lt-site/lt/svs_core/lt=9, 1741643542192
Max suppression time updated to: 108
Received update: /ndn/cz-site/cz/svs_core/cz=9, 1741643542797
Max suppression time updated to: 108
Max suppression time updated to: 108
Received update: /ndn/ee-site/ee/svs_core/ee=9, 1741643542905
Max suppression time updated to: 108
Received update: /ndn/gr-site/gr/svs_core/gr=9, 1741643543759
Max suppression time updated to: 108
Max suppression time updated to: 108
Received update: /ndn/rs-site/rs/svs_core/rs=9, 1741643544958
Max suppression time updated to: 108
Received update: /ndn/ie-site/ie/svs_core/ie=9, 1741643547425
Max suppression time updated to: 108
Received update: /ndn/si-site/si/svs_core/si=9, 1741643547612
Max suppression time updated to: 108
Received update: /ndn/nl-site/nl/svs_core/nl=9, 1741643548095
Max suppression time updated to: 108
Received update: /ndn/de1-site/de1/svs_core/de1=9, 1741643548301
Max suppression time updated to: 110
Max suppression time updated to: 108
Max suppression time updated to: 108
Max suppression time updated to: 108
Received update: /ndn/be-site/be/svs_core/be=9, 1741643548957
Max suppression time updated to: 108
Received update: /ndn/mk-site/mk/svs_core/mk=9, 1741643551668
Max suppression time updated to: 108
Received update: /ndn/fr1-site/fr1/svs_core/fr1=9, 1741643553688
Max suppression time updated to: 108
Received update: /ndn/lv-site/lv/svs_core/lv=9, 1741643553843
Max suppression time updated to: 108
Received update: /ndn/pl-site/pl/svs_core/pl=9, 1741643554582
Max suppression time updated to: 108
Received update: /ndn/am-site/am/svs_core/am=9, 1741643554705
Max suppression time updated to: 108
Received update: /ndn/hr-site/hr/svs_core/hr=9, 1741643554735
Max suppression time updated to: 108
Received update: /ndn/uk-site/uk/svs_core/uk=9, 1741643554782
Max suppression time updated to: 108
Received update: /ndn/cy-site/cy/svs_core/cy=9, 1741643555928
Max suppression time updated to: 108
Max suppression time updated to: 108
Max suppression time updated to: 108
Max suppression time updated to: 108
Received update: /ndn/md-site/md/svs_core/md=9, 1741643556608
Max suppression time updated to: 108
Received update: /ndn/dk-site/dk/svs_core/dk=9, 1741643564305
Received update: /ndn/fi-site/fi/svs_core/fi=9, 1741643564305
Received update: /ndn/ge-site/ge/svs_core/ge=9, 1741643564305
Received update: /ndn/se-site/se/svs_core/se=9, 1741643564305
Max suppression time updated to: 108
Received update: /ndn/at-site/at/svs_core/at=9, 1741643564339
Max suppression time updated to: 108
Received update: /ndn/by-site/by/svs_core/by=9, 1741643564419
Max suppression time updated to: 108
Max suppression time updated to: 108
Max suppression time updated to: 108
Max suppression time updated to: 108
Max suppression time updated to: 108
Max suppression time updated to: 108
Received update: /ndn/ro-site/ro/svs_core/ro=9, 1741643568897
Received update: /ndn/tr-site/tr/svs_core/tr=9, 1741643568897
Max suppression time updated to: 108
Received update: /ndn/mt-site/mt/svs_core/mt=9, 1741643569861
Max suppression time updated to: 108
Max suppression time updated to: 108
Max suppression time updated to: 108
Max suppression time updated to: 108
Max suppression time updated to: 110
Received update: /ndn/no-site/no/svs_core/no=9, 1741643570305
Max suppression time updated to: 110
Published sequence number: /ndn/fr2-site/fr2/svs_core/fr2=9, 1741643571777
Sending Sync interest
Max suppression time updated to: 110
Received update: /ndn/it-site/it/svs_core/it=9, 1741643573480
Max suppression time updated to: 110
Received update: /ndn/de2-site/de2/svs_core/de2=9, 1741643574577
Max suppression time updated to: 110
Received update: /ndn/me-site/me/svs_core/me=9, 1741643577961
Max suppression time updated to: 110
Received update: /ndn/bg-site/bg/svs_core/bg=9, 1741643578016
Max suppression time updated to: 110
Received update: /ndn/il-site/il/svs_core/il=9, 1741643578084
Max suppression time updated to: 110
Received update: /ndn/es-site/es/svs_core/es=9, 1741643581488
Received update: /ndn/is-site/is/svs_core/is=10, 1741643581488
Received update: /ndn/pt-site/pt/svs_core/pt=9, 1741643581488
Received update: /ndn/ua-site/ua/svs_core/ua=9, 1741643581488
Max suppression time updated to: 110
Received update: /ndn/ch-site/ch/svs_core/ch=10, 1741643582096
Max suppression time updated to: 110
Received update: /ndn/al-site/al/svs_core/al=9, 1741643582242
Max suppression time updated to: 110
Received update: /ndn/hu-site/hu/svs_core/hu=10, 1741643585956
Max suppression time updated to: 110
Max suppression time updated to: 110
Received update: /ndn/sk-site/sk/svs_core/sk=10, 1741643586095
Max suppression time updated to: 110
Received update: /ndn/az-site/az/svs_core/az=10, 1741643586213
Max suppression time updated to: 110
Max suppression time updated to: 110
Max suppression time updated to: 110
Max suppression time updated to: 110
Received update: /ndn/cz-site/cz/svs_core/cz=10, 1741643587704
Max suppression time updated to: 110
Received update: /ndn/lu-site/lu/svs_core/lu=10, 1741643587861
Max suppression time updated to: 110
Received update: /ndn/ee-site/ee/svs_core/ee=10, 1741643587913
Max suppression time updated to: 110
Max suppression time updated to: 110
Max suppression time updated to: 110
Max suppression time updated to: 110
Max suppression time updated to: 110
Received update: /ndn/lt-site/lt/svs_core/lt=10, 1741643588226
Max suppression time updated to: 108
Max suppression time updated to: 108
Received update: /ndn/gr-site/gr/svs_core/gr=10, 1741643588680
Max suppression time updated to: 108
Received update: /ndn/ie-site/ie/svs_core/ie=10, 1741643592635
Received update: /ndn/rs-site/rs/svs_core/rs=10, 1741643592635
Max suppression time updated to: 110
Received update: /ndn/si-site/si/svs_core/si=10, 1741643592830
Max suppression time updated to: 110
Received update: /ndn/fi-site/fi/svs_core/fi=10, 1741643593046
Received update: /ndn/nl-site/nl/svs_core/nl=10, 1741643593046
Received update: /ndn/de1-site/de1/svs_core/de1=10, 1741643593046
Max suppression time updated to: 110
Received update: /ndn/be-site/be/svs_core/be=10, 1741643593410
Max suppression time updated to: 110
Received update: /ndn/mk-site/mk/svs_core/mk=10, 1741643596692
Max suppression time updated to: 110
Received update: /ndn/lv-site/lv/svs_core/lv=10, 1741643598607
Max suppression time updated to: 110
Max suppression time updated to: 110
Max suppression time updated to: 108
Max suppression time updated to: 108
Received update: /ndn/hr-site/hr/svs_core/hr=10, 1741643598942
Max suppression time updated to: 108
Received update: /ndn/fr1-site/fr1/svs_core/fr1=10, 1741643599078
Max suppression time updated to: 108
Received update: /ndn/uk-site/uk/svs_core/uk=10, 1741643599443
Max suppression time updated to: 108
Received update: /ndn/pl-site/pl/svs_core/pl=10, 1741643599587
Max suppression time updated to: 108
Max suppression time updated to: 108
Max suppression time updated to: 110
Received update: /ndn/cy-site/cy/svs_core/cy=10, 1741643600971
Max suppression time updated to: 108
Received update: /ndn/dk-site/dk/svs_core/dk=10, 1741643602333
Received update: /ndn/no-site/no/svs_core/no=10, 1741643602333
Max suppression time updated to: 110
Received update: /ndn/ge-site/ge/svs_core/ge=10, 1741643609348
Max suppression time updated to: 110
Received update: /ndn/at-site/at/svs_core/at=10, 1741643609395
Max suppression time updated to: 110
Received update: /ndn/am-site/am/svs_core/am=10, 1741643609528
Published sequence number: /ndn/fr2-site/fr2/svs_core/fr2=10, 1741643616778
Sending Sync interest
Max suppression time updated to: 110
Received update: /ndn/it-site/it/svs_core/it=10, 1741643618520
Max suppression time updated to: 110
Received update: /ndn/tr-site/tr/svs_core/tr=10, 1741643618525
Sending Sync interest
Max suppression time updated to: 110
Max suppression time updated to: 110
Max suppression time updated to: 110
Max suppression time updated to: 108
Received update: /ndn/md-site/md/svs_core/md=10, 1741643618649
Received update: /ndn/ro-site/ro/svs_core/ro=10, 1741643618649
Max suppression time updated to: 110
Max suppression time updated to: 110
Max suppression time updated to: 110
Max suppression time updated to: 110
Max suppression time updated to: 110
Max suppression time updated to: 108
Received update: /ndn/pt-site/pt/svs_core/pt=10, 1741643618797
Max suppression time updated to: 108
Max suppression time updated to: 110
Max suppression time updated to: 110
Received update: /ndn/by-site/by/svs_core/by=10, 1741643619269
Received update: /ndn/se-site/se/svs_core/se=10, 1741643619269
Max suppression time updated to: 110
Received update: /ndn/de2-site/de2/svs_core/de2=10, 1741643619592
Max suppression time updated to: 110
Received update: /ndn/bg-site/bg/svs_core/bg=10, 1741643620882
Received update: /ndn/il-site/il/svs_core/il=10, 1741643620882
Max suppression time updated to: 110
Received update: /ndn/me-site/me/svs_core/me=10, 1741643622972
Max suppression time updated to: 110
Received update: /ndn/al-site/al/svs_core/al=10, 1741643623593
Received update: /ndn/mt-site/mt/svs_core/mt=10, 1741643623593
Max suppression time updated to: 110
Received update: /ndn/es-site/es/svs_core/es=10, 1741643623787
Max suppression time updated to: 110
Received update: /ndn/is-site/is/svs_core/is=11, 1741643626187
Max suppression time updated to: 110
Received update: /ndn/ch-site/ch/svs_core/ch=11, 1741643627100
Max suppression time updated to: 110
Received update: /ndn/sk-site/sk/svs_core/sk=11, 1741643627803
Max suppression time updated to: 110
Received update: /ndn/ua-site/ua/svs_core/ua=10, 1741643627895
Max suppression time updated to: 110
Max suppression time updated to: 110
Received update: /ndn/cz-site/cz/svs_core/cz=11, 1741643632683
Received update: /ndn/hu-site/hu/svs_core/hu=11, 1741643632683
Max suppression time updated to: 110
Received update: /ndn/ee-site/ee/svs_core/ee=11, 1741643632922
Max suppression time updated to: 110
Max suppression time updated to: 110
Max suppression time updated to: 110
Received update: /ndn/lu-site/lu/svs_core/lu=11, 1741643633058
Max suppression time updated to: 110
Max suppression time updated to: 110
Received update: /ndn/lt-site/lt/svs_core/lt=11, 1741643633203
Max suppression time updated to: 110
Received update: /ndn/gr-site/gr/svs_core/gr=11, 1741643633693
Max suppression time updated to: 112
Received update: /ndn/si-site/si/svs_core/si=11, 1741643635784
Max suppression time updated to: 112
Max suppression time updated to: 112
Max suppression time updated to: 112
Received update: /ndn/az-site/az/svs_core/az=11, 1741643635961
Max suppression time updated to: 112
Received update: /ndn/ie-site/ie/svs_core/ie=11, 1741643637433
Max suppression time updated to: 112
Max suppression time updated to: 112
Max suppression time updated to: 112
Max suppression time updated to: 110
Max suppression time updated to: 110
Received update: /ndn/nl-site/nl/svs_core/nl=11, 1741643638060
Received update: /ndn/de1-site/de1/svs_core/de1=11, 1741643638060
Max suppression time updated to: 110
Received update: /ndn/be-site/be/svs_core/be=11, 1741643638397
Max suppression time updated to: 110
Received update: /ndn/fi-site/fi/svs_core/fi=11, 1741643638832
Received update: /ndn/rs-site/rs/svs_core/rs=11, 1741643638832
Max suppression time updated to: 110
Received update: /ndn/mk-site/mk/svs_core/mk=11, 1741643641657
Max suppression time updated to: 110
Received update: /ndn/fr1-site/fr1/svs_core/fr1=11, 1741643643707
Max suppression time updated to: 110
Received update: /ndn/hr-site/hr/svs_core/hr=11, 1741643643949
Max suppression time updated to: 110
Max suppression time updated to: 110
Max suppression time updated to: 110
Max suppression time updated to: 110
Max suppression time updated to: 110
Max suppression time updated to: 110
Received update: /ndn/am-site/am/svs_core/am=11, 1741643644227
Max suppression time updated to: 110
Received update: /ndn/lv-site/lv/svs_core/lv=11, 1741643644471
Received update: /ndn/uk-site/uk/svs_core/uk=11, 1741643644471
Max suppression time updated to: 110
Max suppression time updated to: 110
Max suppression time updated to: 110
Max suppression time updated to: 110
Received update: /ndn/cy-site/cy/svs_core/cy=11, 1741643646890
Received update: /ndn/dk-site/dk/svs_core/dk=11, 1741643646890
Received update: /ndn/md-site/md/svs_core/md=11, 1741643646890
Received update: /ndn/pl-site/pl/svs_core/pl=11, 1741643646890
Max suppression time updated to: 110
Received update: /ndn/at-site/at/svs_core/at=11, 1741643649104
Received update: /ndn/no-site/no/svs_core/no=11, 1741643649104
Max suppression time updated to: 108
Max suppression time updated to: 110
Received update: /ndn/ge-site/ge/svs_core/ge=11, 1741643654345
Max suppression time updated to: 108
Max suppression time updated to: 110
Received update: /ndn/se-site/se/svs_core/se=11, 1741643658014
Received update: /ndn/tr-site/tr/svs_core/tr=11, 1741643658014
Max suppression time updated to: 108
Received update: /ndn/mt-site/mt/svs_core/mt=11, 1741643660283
Max suppression time updated to: 108
Received update: /ndn/ro-site/ro/svs_core/ro=11, 1741643660402
Published sequence number: /ndn/fr2-site/fr2/svs_core/fr2=11, 1741643661782
Sending Sync interest
Max suppression time updated to: 108
Received update: /ndn/it-site/it/svs_core/it=11, 1741643663487
Max suppression time updated to: 108
Received update: /ndn/il-site/il/svs_core/il=11, 1741643665930
Received update: /ndn/de2-site/de2/svs_core/de2=11, 1741643665930
Sending Sync interest
Max suppression time updated to: 108
Received update: /ndn/by-site/by/svs_core/by=11, 1741643666001
Max suppression time updated to: 108
Max suppression time updated to: 108
Received update: /ndn/bg-site/bg/svs_core/bg=11, 1741643666081
Max suppression time updated to: 108
Max suppression time updated to: 108
Max suppression time updated to: 108
Max suppression time updated to: 108
Max suppression time updated to: 108
Received update: /ndn/pt-site/pt/svs_core/pt=11, 1741643666274
Max suppression time updated to: 108
Received update: /ndn/me-site/me/svs_core/me=11, 1741643667970
Max suppression time updated to: 108
Max suppression time updated to: 108
Sending Sync interest
Max suppression time updated to: 108
Max suppression time updated to: 108
Max suppression time updated to: 108
Max suppression time updated to: 108
Received update: /ndn/al-site/al/svs_core/al=11, 1741643668569
Max suppression time updated to: 108
Max suppression time updated to: 108
Received update: /ndn/es-site/es/svs_core/es=11, 1741643670182
Max suppression time updated to: 108
Max suppression time updated to: 108
Max suppression time updated to: 108
Max suppression time updated to: 108
Max suppression time updated to: 108
Max suppression time updated to: 108
Max suppression time updated to: 108
Max suppression time updated to: 106
Max suppression time updated to: 108
Max suppression time updated to: 108
Received update: /ndn/ua-site/ua/svs_core/ua=11, 1741643670565
Max suppression time updated to: 108
Received update: /ndn/is-site/is/svs_core/is=12, 1741643671224
Max suppression time updated to: 108
Received update: /ndn/ch-site/ch/svs_core/ch=12, 1741643672106
Max suppression time updated to: 108
Received update: /ndn/sk-site/sk/svs_core/sk=12, 1741643672816
Max suppression time updated to: 108
Max suppression time updated to: 108
Received update: /ndn/az-site/az/svs_core/az=12, 1741643674162
Max suppression time updated to: 106
Received update: /ndn/hu-site/hu/svs_core/hu=12, 1741643675979
Max suppression time updated to: 106
Received update: /ndn/lu-site/lu/svs_core/lu=12, 1741643676426
Max suppression time updated to: 106
Received update: /ndn/cz-site/cz/svs_core/cz=12, 1741643677721
Max suppression time updated to: 106
Received update: /ndn/ee-site/ee/svs_core/ee=12, 1741643677921
Sending Sync interest
Max suppression time updated to: 106
Max suppression time updated to: 106
Received update: /ndn/lt-site/lt/svs_core/lt=12, 1741643678010
Max suppression time updated to: 106
Received update: /ndn/gr-site/gr/svs_core/gr=12, 1741643678734
Max suppression time updated to: 106
Received update: /ndn/fi-site/fi/svs_core/fi=12, 1741643679939
Received update: /ndn/rs-site/rs/svs_core/rs=12, 1741643679939
Max suppression time updated to: 106
Received update: /ndn/ie-site/ie/svs_core/ie=12, 1741643682417
Max suppression time updated to: 106
Received update: /ndn/si-site/si/svs_core/si=12, 1741643682728
Received update: /ndn/de1-site/de1/svs_core/de1=12, 1741643682728
Max suppression time updated to: 106
Received update: /ndn/mk-site/mk/svs_core/mk=12, 1741643686670
Max suppression time updated to: 106
Received update: /ndn/nl-site/nl/svs_core/nl=12, 1741643686787
Max suppression time updated to: 106
Max suppression time updated to: 106
Max suppression time updated to: 106
Received update: /ndn/be-site/be/svs_core/be=12, 1741643688617
Received update: /ndn/lv-site/lv/svs_core/lv=12, 1741643688617
Max suppression time updated to: 106
Received update: /ndn/fr1-site/fr1/svs_core/fr1=12, 1741643688695
Max suppression time updated to: 106
Received update: /ndn/am-site/am/svs_core/am=12, 1741643688921
Max suppression time updated to: 106
Received update: /ndn/hr-site/hr/svs_core/hr=12, 1741643688937
Max suppression time updated to: 106
Max suppression time updated to: 106
Max suppression time updated to: 106
Max suppression time updated to: 106
Max suppression time updated to: 106
Max suppression time updated to: 106
Max suppression time updated to: 106
Received update: /ndn/uk-site/uk/svs_core/uk=12, 1741643689456
Max suppression time updated to: 106
Received update: /ndn/pl-site/pl/svs_core/pl=12, 1741643689587
Max suppression time updated to: 106
Max suppression time updated to: 106
Received update: /ndn/cy-site/cy/svs_core/cy=12, 1741643690933
Max suppression time updated to: 106
Received update: /ndn/dk-site/dk/svs_core/dk=12, 1741643691602
Max suppression time updated to: 106
Received update: /ndn/md-site/md/svs_core/md=12, 1741643691612
Max suppression time updated to: 106
Max suppression time updated to: 106
Max suppression time updated to: 106
Max suppression time updated to: 106
Max suppression time updated to: 106
Received update: /ndn/no-site/no/svs_core/no=12, 1741643692240
Max suppression time updated to: 106
Max suppression time updated to: 106
Max suppression time updated to: 106
Max suppression time updated to: 106
Max suppression time updated to: 106
Max suppression time updated to: 108
Received update: /ndn/at-site/at/svs_core/at=12, 1741643699347
Received update: /ndn/ge-site/ge/svs_core/ge=12, 1741643699347
Max suppression time updated to: 108
Received update: /ndn/ro-site/ro/svs_core/ro=12, 1741643703155
Received update: /ndn/tr-site/tr/svs_core/tr=12, 1741643703155
Max suppression time updated to: 108
Received update: /ndn/pt-site/pt/svs_core/pt=12, 1741643703201
Max suppression time updated to: 108
Received update: /ndn/mt-site/mt/svs_core/mt=12, 1741643704863
Sending Sync interest
Max suppression time updated to: 108
Published sequence number: /ndn/fr2-site/fr2/svs_core/fr2=12, 1741643706785
Sending Sync interest
Max suppression time updated to: 108
Received update: /ndn/it-site/it/svs_core/it=12, 1741643708539
Sending Sync interest
Max suppression time updated to: 108
Max suppression time updated to: 108
Received update: /ndn/se-site/se/svs_core/se=12, 1741643708866
Max suppression time updated to: 108
Max suppression time updated to: 108
Max suppression time updated to: 108
Received update: /ndn/de2-site/de2/svs_core/de2=12, 1741643709587
Max suppression time updated to: 108
Received update: /ndn/bg-site/bg/svs_core/bg=12, 1741643710286
Max suppression time updated to: 108
Received update: /ndn/il-site/il/svs_core/il=12, 1741643710852
Max suppression time updated to: 108
Received update: /ndn/me-site/me/svs_core/me=12, 1741643713027
Max suppression time updated to: 108
Max suppression time updated to: 108
Max suppression time updated to: 108
Max suppression time updated to: 108
Max suppression time updated to: 108
Received update: /ndn/by-site/by/svs_core/by=12, 1741643713327
Max suppression time updated to: 108
Received update: /ndn/al-site/al/svs_core/al=12, 1741643713572
Max suppression time updated to: 108
Received update: /ndn/es-site/es/svs_core/es=12, 1741643713793
Max suppression time updated to: 108
Received update: /ndn/ch-site/ch/svs_core/ch=13, 1741643720972
Received update: /ndn/hu-site/hu/svs_core/hu=13, 1741643720972
Received update: /ndn/is-site/is/svs_core/is=13, 1741643720972
Sending Sync interest
Max suppression time updated to: 108
Received update: /ndn/az-site/az/svs_core/az=13, 1741643721275
Max suppression time updated to: 108
Received update: /ndn/fi-site/fi/svs_core/fi=13, 1741643721323
Received update: /ndn/sk-site/sk/svs_core/sk=13, 1741643721323
Received update: /ndn/ua-site/ua/svs_core/ua=12, 1741643721323
Max suppression time updated to: 108
Max suppression time updated to: 108
Received update: /ndn/lu-site/lu/svs_core/lu=13, 1741643721441
Max suppression time updated to: 108
Received update: /ndn/lt-site/lt/svs_core/lt=13, 1741643722356
Max suppression time updated to: 108
Received update: /ndn/cz-site/cz/svs_core/cz=13, 1741643722708
Max suppression time updated to: 108
Received update: /ndn/ee-site/ee/svs_core/ee=13, 1741643722928
Max suppression time updated to: 108
Received update: /ndn/rs-site/rs/svs_core/rs=13, 1741643724966
Max suppression time updated to: 108
Received update: /ndn/gr-site/gr/svs_core/gr=13, 1741643724997
Max suppression time updated to: 108
Max suppression time updated to: 108
Max suppression time updated to: 108
Max suppression time updated to: 108
Received update: /ndn/si-site/si/svs_core/si=13, 1741643725782
Max suppression time updated to: 108
Received update: /ndn/ie-site/ie/svs_core/ie=13, 1741643727493
Max suppression time updated to: 108
Max suppression time updated to: 108
Max suppression time updated to: 106
Received update: /ndn/de1-site/de1/svs_core/de1=13, 1741643727536
Max suppression time updated to: 106
Received update: /ndn/mk-site/mk/svs_core/mk=13, 1741643731673
Max suppression time updated to: 106
Received update: /ndn/nl-site/nl/svs_core/nl=13, 1741643731826
Max suppression time updated to: 108
Received update: /ndn/be-site/be/svs_core/be=13, 1741643731947
Max suppression time updated to: 106
Received update: /ndn/fr1-site/fr1/svs_core/fr1=13, 1741643733696
Max suppression time updated to: 106
Received update: /ndn/hr-site/hr/svs_core/hr=13, 1741643733939
Max suppression time updated to: 106
Received update: /ndn/am-site/am/svs_core/am=13, 1741643734047
Max suppression time updated to: 106
Max suppression time updated to: 106
Max suppression time updated to: 106
Max suppression time updated to: 108
Max suppression time updated to: 108
Received update: /ndn/uk-site/uk/svs_core/uk=13, 1741643734468
Max suppression time updated to: 108
Received update: /ndn/cy-site/cy/svs_core/cy=13, 1741643736102
Received update: /ndn/lv-site/lv/svs_core/lv=13, 1741643736102
Received update: /ndn/pl-site/pl/svs_core/pl=13, 1741643736102
Max suppression time updated to: 108
Received update: /ndn/md-site/md/svs_core/md=13, 1741643736613
Max suppression time updated to: 108
Received update: /ndn/no-site/no/svs_core/no=13, 1741643737231
Max suppression time updated to: 108
Max suppression time updated to: 108
Max suppression time updated to: 108
Max suppression time updated to: 108
Max suppression time updated to: 108
Max suppression time updated to: 108
Max suppression time updated to: 108
Max suppression time updated to: 108
Max suppression time updated to: 108
Max suppression time updated to: 108
Received update: /ndn/dk-site/dk/svs_core/dk=13, 1741643738103
Max suppression time updated to: 108
Received update: /ndn/at-site/at/svs_core/at=13, 1741643739013
Received update: /ndn/se-site/se/svs_core/se=13, 1741643739013
Max suppression time updated to: 108
Received update: /ndn/ge-site/ge/svs_core/ge=13, 1741643744315
Max suppression time updated to: 108
Received update: /ndn/ro-site/ro/svs_core/ro=13, 1741643747891
Max suppression time updated to: 108
Max suppression time updated to: 108
Max suppression time updated to: 108
Received update: /ndn/mt-site/mt/svs_core/mt=13, 1741643749882
Max suppression time updated to: 108
Received update: /ndn/tr-site/tr/svs_core/tr=13, 1741643749894
Published sequence number: /ndn/fr2-site/fr2/svs_core/fr2=13, 1741643751787
Sending Sync interest
Max suppression time updated to: 108
Received update: /ndn/it-site/it/svs_core/it=13, 1741643753511
Sending Sync interest
Max suppression time updated to: 108
Received update: /ndn/by-site/by/svs_core/by=13, 1741643753692
Sending Sync interest
Max suppression time updated to: 108
Max suppression time updated to: 108
Received update: /ndn/pt-site/pt/svs_core/pt=13, 1741643753852
Max suppression time updated to: 108
Max suppression time updated to: 108
Max suppression time updated to: 108
Max suppression time updated to: 108
Received update: /ndn/bg-site/bg/svs_core/bg=13, 1741643755277
Received update: /ndn/de2-site/de2/svs_core/de2=13, 1741643755277
Max suppression time updated to: 108
Received update: /ndn/il-site/il/svs_core/il=13, 1741643755857
Max suppression time updated to: 108
Received update: /ndn/es-site/es/svs_core/es=13, 1741643761675
Received update: /ndn/is-site/is/svs_core/is=14, 1741643761675
Received update: /ndn/me-site/me/svs_core/me=13, 1741643761675
Received update: /ndn/ua-site/ua/svs_core/ua=13, 1741643761675
Max suppression time updated to: 108
Received update: /ndn/al-site/al/svs_core/al=13, 1741643761819
Max suppression time updated to: 106
Received update: /ndn/ch-site/ch/svs_core/ch=14, 1741643762111
Max suppression time updated to: 108
Received update: /ndn/az-site/az/svs_core/az=14, 1741643766006
Received update: /ndn/hu-site/hu/svs_core/hu=14, 1741643766006
Received update: /ndn/sk-site/sk/svs_core/sk=14, 1741643766006
Max suppression time updated to: 108
Received update: /ndn/ee-site/ee/svs_core/ee=14, 1741643767927
Received update: /ndn/lu-site/lu/svs_core/lu=14, 1741643767927
Max suppression time updated to: 106
Received update: /ndn/cz-site/cz/svs_core/cz=14, 1741643767961
Received update: /ndn/lt-site/lt/svs_core/lt=14, 1741643767961
Max suppression time updated to: 106
Max suppression time updated to: 106
Max suppression time updated to: 106
Received update: /ndn/gr-site/gr/svs_core/gr=14, 1741643768707
Max suppression time updated to: 106
Received update: /ndn/ie-site/ie/svs_core/ie=14, 1741643772442
Max suppression time updated to: 106
Max suppression time updated to: 106
Max suppression time updated to: 106
Max suppression time updated to: 106
Max suppression time updated to: 106
Max suppression time updated to: 106
Received update: /ndn/nl-site/nl/svs_core/nl=14, 1741643773072
Max suppression time updated to: 106
Received update: /ndn/be-site/be/svs_core/be=14, 1741643773420
Max suppression time updated to: 108
Received update: /ndn/fi-site/fi/svs_core/fi=14, 1741643773887
Max suppression time updated to: 106
Received update: /ndn/de1-site/de1/svs_core/de1=14, 1741643773912
Max suppression time updated to: 106
Max suppression time updated to: 106
Max suppression time updated to: 106
Max suppression time updated to: 108
Max suppression time updated to: 108
Max suppression time updated to: 108
Max suppression time updated to: 108
Received update: /ndn/rs-site/rs/svs_core/rs=14, 1741643774395
Received update: /ndn/si-site/si/svs_core/si=14, 1741643774395
Max suppression time updated to: 108
Max suppression time updated to: 108
Received update: /ndn/mk-site/mk/svs_core/mk=14, 1741643776663
Max suppression time updated to: 108
Received update: /ndn/uk-site/uk/svs_core/uk=14, 1741643779501
Max suppression time updated to: 108
Max suppression time updated to: 108
Max suppression time updated to: 108
Received update: /ndn/pl-site/pl/svs_core/pl=14, 1741643779590
Max suppression time updated to: 108
Max suppression time updated to: 108
Max suppression time updated to: 108
Max suppression time updated to: 108
Received update: /ndn/cy-site/cy/svs_core/cy=14, 1741643780986
Received update: /ndn/hr-site/hr/svs_core/hr=14, 1741643780986
Received update: /ndn/lv-site/lv/svs_core/lv=14, 1741643780986
Max suppression time updated to: 108
Received update: /ndn/fr1-site/fr1/svs_core/fr1=14, 1741643781132
Max suppression time updated to: 108
Received update: /ndn/dk-site/dk/svs_core/dk=14, 1741643781602
Max suppression time updated to: 108
Received update: /ndn/se-site/se/svs_core/se=14, 1741643783729
Max suppression time updated to: 108
Received update: /ndn/am-site/am/svs_core/am=14, 1741643792541
Received update: /ndn/at-site/at/svs_core/at=14, 1741643792541
Received update: /ndn/ge-site/ge/svs_core/ge=14, 1741643792541
Received update: /ndn/md-site/md/svs_core/md=14, 1741643792541
Received update: /ndn/pt-site/pt/svs_core/pt=14, 1741643792541
Max suppression time updated to: 108
Received update: /ndn/ro-site/ro/svs_core/ro=14, 1741643792795
Max suppression time updated to: 108
Received update: /ndn/by-site/by/svs_core/by=14, 1741643792888
Max suppression time updated to: 108
Max suppression time updated to: 108
Received update: /ndn/tr-site/tr/svs_core/tr=14, 1741643793000
Max suppression time updated to: 108
Max suppression time updated to: 110
Max suppression time updated to: 112
Max suppression time updated to: 112
Max suppression time updated to: 112
Max suppression time updated to: 112
Max suppression time updated to: 112
Published sequence number: /ndn/fr2-site/fr2/svs_core/fr2=14, 1741643796789
Sending Sync interest
Max suppression time updated to: 112
Received update: /ndn/mt-site/mt/svs_core/mt=14, 1741643796968
Max suppression time updated to: 112
Received update: /ndn/it-site/it/svs_core/it=14, 1741643799624
Received update: /ndn/de2-site/de2/svs_core/de2=14, 1741643799624
Max suppression time updated to: 112
Received update: /ndn/il-site/il/svs_core/il=14, 1741643800933
Max suppression time updated to: 112
Max suppression time updated to: 112
Max suppression time updated to: 114
Max suppression time updated to: 114
Max suppression time updated to: 114
Received update: /ndn/bg-site/bg/svs_core/bg=14, 1741643801139
Max suppression time updated to: 114
Received update: /ndn/me-site/me/svs_core/me=14, 1741643802987
Max suppression time updated to: 114
Max suppression time updated to: 114
Max suppression time updated to: 114
Max suppression time updated to: 114
Received update: /ndn/no-site/no/svs_core/no=14, 1741643803354
Max suppression time updated to: 114
Received update: /ndn/ua-site/ua/svs_core/ua=14, 1741643805277
Max suppression time updated to: 114
Max suppression time updated to: 114
Max suppression time updated to: 114
Max suppression time updated to: 112
Max suppression time updated to: 112
Max suppression time updated to: 112
Max suppression time updated to: 112
Max suppression time updated to: 112
Received update: /ndn/es-site/es/svs_core/es=14, 1741643805448
Max suppression time updated to: 112
Max suppression time updated to: 112
Received update: /ndn/al-site/al/svs_core/al=14, 1741643805540
Max suppression time updated to: 112
Max suppression time updated to: 112
Max suppression time updated to: 112
Max suppression time updated to: 112
Received update: /ndn/ch-site/ch/svs_core/ch=15, 1741643807113
Max suppression time updated to: 112
Received update: /ndn/is-site/is/svs_core/is=15, 1741643807251
Max suppression time updated to: 114
Max suppression time updated to: 114
Received update: /ndn/sk-site/sk/svs_core/sk=15, 1741643807865
Max suppression time updated to: 114
Received update: /ndn/fi-site/fi/svs_core/fi=15, 1741643808071
Max suppression time updated to: 114
Received update: /ndn/hu-site/hu/svs_core/hu=15, 1741643810991
Max suppression time updated to: 114
Received update: /ndn/lu-site/lu/svs_core/lu=15, 1741643811416
Max suppression time updated to: 114
Received update: /ndn/lt-site/lt/svs_core/lt=15, 1741643812227
Max suppression time updated to: 114
Received update: /ndn/cz-site/cz/svs_core/cz=15, 1741643812701
Max suppression time updated to: 114
Received update: /ndn/az-site/az/svs_core/az=15, 1741643813697
Received update: /ndn/gr-site/gr/svs_core/gr=15, 1741643813697
Max suppression time updated to: 114
Received update: /ndn/rs-site/rs/svs_core/rs=15, 1741643814964
Max suppression time updated to: 114
Received update: /ndn/ie-site/ie/svs_core/ie=15, 1741643818089
Received update: /ndn/nl-site/nl/svs_core/nl=15, 1741643818089
Max suppression time updated to: 114
Received update: /ndn/ee-site/ee/svs_core/ee=15, 1741643818332
Received update: /ndn/de1-site/de1/svs_core/de1=15, 1741643818332
Max suppression time updated to: 114
Received update: /ndn/fr1-site/fr1/svs_core/fr1=15, 1741643823711
Max suppression time updated to: 116
Received update: /ndn/si-site/si/svs_core/si=15, 1741643823859
Max suppression time updated to: 116
Max suppression time updated to: 116
Received update: /ndn/be-site/be/svs_core/be=15, 1741643823982
Received update: /ndn/mk-site/mk/svs_core/mk=15, 1741643823982
Max suppression time updated to: 116
Max suppression time updated to: 118
Max suppression time updated to: 120
Received update: /ndn/am-site/am/svs_core/am=15, 1741643824519
Max suppression time updated to: 120
Max suppression time updated to: 120
Received update: /ndn/uk-site/uk/svs_core/uk=15, 1741643824529
Max suppression time updated to: 120
Max suppression time updated to: 120
Received update: /ndn/lv-site/lv/svs_core/lv=15, 1741643824586
Max suppression time updated to: 120
Received update: /ndn/pl-site/pl/svs_core/pl=15, 1741643824601
Max suppression time updated to: 120
Max suppression time updated to: 120
Received update: /ndn/hr-site/hr/svs_core/hr=15, 1741643824879
Max suppression time updated to: 120
Max suppression time updated to: 122
Max suppression time updated to: 122
Max suppression time updated to: 122
Max suppression time updated to: 122
Max suppression time updated to: 122
Max suppression time updated to: 122
Received update: /ndn/cy-site/cy/svs_core/cy=15, 1741643825940
Max suppression time updated to: 122
Received update: /ndn/dk-site/dk/svs_core/dk=15, 1741643826607
Max suppression time updated to: 122
Received update: /ndn/md-site/md/svs_core/md=15, 1741643826614
Max suppression time updated to: 122
Max suppression time updated to: 122
Max suppression time updated to: 122
Max suppression time updated to: 122
Max suppression time updated to: 122
Max suppression time updated to: 122
Max suppression time updated to: 122
Max suppression time updated to: 122
Max suppression time updated to: 122
Max suppression time updated to: 122
Received update: /ndn/ge-site/ge/svs_core/ge=15, 1741643834348
Max suppression time updated to: 122
Received update: /ndn/at-site/at/svs_core/at=15, 1741643834414
Max suppression time updated to: 122
Received update: /ndn/pt-site/pt/svs_core/pt=15, 1741643837287
Sending Sync interest
Max suppression time updated to: 122
Max suppression time updated to: 122
Received update: /ndn/by-site/by/svs_core/by=15, 1741643837474
Max suppression time updated to: 122
Received update: /ndn/ro-site/ro/svs_core/ro=15, 1741643837796
Max suppression time updated to: 120
Received update: /ndn/mt-site/mt/svs_core/mt=15, 1741643839867
Max suppression time updated to: 120
Received update: /ndn/tr-site/tr/svs_core/tr=15, 1741643840036
Max suppression time updated to: 120
Max suppression time updated to: 120
Max suppression time updated to: 120
Max suppression time updated to: 120
Received update: /ndn/no-site/no/svs_core/no=15, 1741643840120
Received update: /ndn/se-site/se/svs_core/se=15, 1741643840120
Published sequence number: /ndn/fr2-site/fr2/svs_core/fr2=15, 1741643841795
Sending Sync interest
Max suppression time updated to: 120
Received update: /ndn/it-site/it/svs_core/it=15, 1741643843516
Max suppression time updated to: 120
Received update: /ndn/de2-site/de2/svs_core/de2=15, 1741643844606
Sending Sync interest
Max suppression time updated to: 120
Max suppression time updated to: 120
Received update: /ndn/bg-site/bg/svs_core/bg=15, 1741643845295
Max suppression time updated to: 120
Received update: /ndn/ch-site/ch/svs_core/ch=16, 1741643852116
Received update: /ndn/il-site/il/svs_core/il=15, 1741643852116
Max suppression time updated to: 122
Received update: /ndn/sk-site/sk/svs_core/sk=16, 1741643852871
Max suppression time updated to: 122
Received update: /ndn/es-site/es/svs_core/es=15, 1741643853003
Max suppression time updated to: 122
Received update: /ndn/is-site/is/svs_core/is=16, 1741643853073
Max suppression time updated to: 122
Max suppression time updated to: 120
Max suppression time updated to: 122
Received update: /ndn/ua-site/ua/svs_core/ua=15, 1741643853237
Max suppression time updated to: 122
Received update: /ndn/al-site/al/svs_core/al=15, 1741643853260
Max suppression time updated to: 122
Max suppression time updated to: 122
Received update: /ndn/me-site/me/svs_core/me=15, 1741643853402
Max suppression time updated to: 122
Max suppression time updated to: 122
Received update: /ndn/fi-site/fi/svs_core/fi=16, 1741643854077
Max suppression time updated to: 122
Max suppression time updated to: 122
Max suppression time updated to: 122
Received update: /ndn/hu-site/hu/svs_core/hu=16, 1741643855982
Max suppression time updated to: 122
Received update: /ndn/lu-site/lu/svs_core/lu=16, 1741643856434
Max suppression time updated to: 122
Max suppression time updated to: 122
Max suppression time updated to: 122
Max suppression time updated to: 122
Max suppression time updated to: 120
Max suppression time updated to: 120
Received update: /ndn/az-site/az/svs_core/az=16, 1741643856575
Max suppression time updated to: 122
Max suppression time updated to: 120
Received update: /ndn/lt-site/lt/svs_core/lt=16, 1741643857193
Max suppression time updated to: 120
Received update: /ndn/cz-site/cz/svs_core/cz=16, 1741643857736
Max suppression time updated to: 120
Max suppression time updated to: 120
Max suppression time updated to: 120
Max suppression time updated to: 120
Received update: /ndn/ee-site/ee/svs_core/ee=16, 1741643858096
Max suppression time updated to: 120
Received update: /ndn/gr-site/gr/svs_core/gr=16, 1741643858714
Max suppression time updated to: 120
Received update: /ndn/rs-site/rs/svs_core/rs=16, 1741643859959
Max suppression time updated to: 120
Max suppression time updated to: 120
Received update: /ndn/si-site/si/svs_core/si=16, 1741643860777
Max suppression time updated to: 120
Received update: /ndn/ie-site/ie/svs_core/ie=16, 1741643862513
Max suppression time updated to: 120
Max suppression time updated to: 120
Max suppression time updated to: 120
Received update: /ndn/be-site/be/svs_core/be=16, 1741643863648
Received update: /ndn/nl-site/nl/svs_core/nl=16, 1741643863648
Received update: /ndn/de1-site/de1/svs_core/de1=16, 1741643863648
Max suppression time updated to: 120
Received update: /ndn/lv-site/lv/svs_core/lv=16, 1741643868642
Max suppression time updated to: 120
Received update: /ndn/mk-site/mk/svs_core/mk=16, 1741643868831
Max suppression time updated to: 120
Received update: /ndn/am-site/am/svs_core/am=16, 1741643868921
Max suppression time updated to: 120
Received update: /ndn/fr1-site/fr1/svs_core/fr1=16, 1741643868959
Max suppression time updated to: 120
Received update: /ndn/hr-site/hr/svs_core/hr=16, 1741643869089
Max suppression time updated to: 120
Max suppression time updated to: 120
Max suppression time updated to: 120
Max suppression time updated to: 120
Max suppression time updated to: 118
Max suppression time updated to: 120
Received update: /ndn/uk-site/uk/svs_core/uk=16, 1741643869474
Max suppression time updated to: 120
Received update: /ndn/pl-site/pl/svs_core/pl=16, 1741643869599
Max suppression time updated to: 120
Received update: /ndn/dk-site/dk/svs_core/dk=16, 1741643871613
Max suppression time updated to: 120
Max suppression time updated to: 120
Received update: /ndn/cy-site/cy/svs_core/cy=16, 1741643871682
Max suppression time updated to: 120
Max suppression time updated to: 120
Max suppression time updated to: 120
Max suppression time updated to: 120
Received update: /ndn/at-site/at/svs_core/at=16, 1741643874032
Max suppression time updated to: 120
Received update: /ndn/by-site/by/svs_core/by=16, 1741643876394
Max suppression time updated to: 120
Max suppression time updated to: 120
Max suppression time updated to: 120
Received update: /ndn/no-site/no/svs_core/no=16, 1741643876684
Received update: /ndn/se-site/se/svs_core/se=16, 1741643876684
Max suppression time updated to: 120
Received update: /ndn/md-site/md/svs_core/md=16, 1741643876869
Max suppression time updated to: 120
Received update: /ndn/pt-site/pt/svs_core/pt=16, 1741643882372
Max suppression time updated to: 120
Received update: /ndn/ro-site/ro/svs_core/ro=16, 1741643882839
Max suppression time updated to: 120
Max suppression time updated to: 120
Received update: /ndn/ge-site/ge/svs_core/ge=16, 1741643882993
Max suppression time updated to: 120
Max suppression time updated to: 120
Max suppression time updated to: 120
Received update: /ndn/mt-site/mt/svs_core/mt=16, 1741643884878
Published sequence number: /ndn/fr2-site/fr2/svs_core/fr2=16, 1741643886804
Sending Sync interest
Max suppression time updated to: 120
Received update: /ndn/tr-site/tr/svs_core/tr=16, 1741643886928
Max suppression time updated to: 118
Max suppression time updated to: 118
Received update: /ndn/it-site/it/svs_core/it=16, 1741643888512
Max suppression time updated to: 120
Received update: /ndn/de2-site/de2/svs_core/de2=16, 1741643889614
Max suppression time updated to: 120
Received update: /ndn/me-site/me/svs_core/me=16, 1741643893009
Max suppression time updated to: 118
Received update: /ndn/il-site/il/svs_core/il=16, 1741643893112
Max suppression time updated to: 118
Received update: /ndn/al-site/al/svs_core/al=16, 1741643893575
Max suppression time updated to: 118
Received update: /ndn/bg-site/bg/svs_core/bg=16, 1741643893625
Max suppression time updated to: 118
Max suppression time updated to: 118
Max suppression time updated to: 118
Max suppression time updated to: 118
Received update: /ndn/es-site/es/svs_core/es=16, 1741643893809
Max suppression time updated to: 120
Max suppression time updated to: 120
Max suppression time updated to: 120
Max suppression time updated to: 120
Max suppression time updated to: 120
Max suppression time updated to: 118
Max suppression time updated to: 118
Received update: /ndn/ua-site/ua/svs_core/ua=16, 1741643895295
Max suppression time updated to: 118
Max suppression time updated to: 118
Max suppression time updated to: 118
Sending Sync interest
Max suppression time updated to: 118
Stopping SVS client: /ndn/fr2-site/fr2/svs_core/fr2
