SVS client starting: /ndn/ge-site/ge/svs_core/ge
Max suppression time updated to: 46
Max suppression time updated to: 44
Max suppression time updated to: 60
Max suppression time updated to: 56
Max suppression time updated to: 50
Max suppression time updated to: 48
Sending Sync interest
Max suppression time updated to: 54
Max suppression time updated to: 56
Max suppression time updated to: 56
Max suppression time updated to: 54
Max suppression time updated to: 54
Max suppression time updated to: 58
Max suppression time updated to: 58
Max suppression time updated to: 56
Max suppression time updated to: 60
Max suppression time updated to: 60
Max suppression time updated to: 62
Max suppression time updated to: 62
Max suppression time updated to: 60
Max suppression time updated to: 60
Max suppression time updated to: 60
Max suppression time updated to: 60
Max suppression time updated to: 62
Max suppression time updated to: 60
Max suppression time updated to: 60
Max suppression time updated to: 62
Max suppression time updated to: 62
Max suppression time updated to: 62
Max suppression time updated to: 62
Max suppression time updated to: 66
Max suppression time updated to: 66
Received update: /ndn/is-site/is/svs_core/is=1, 1741643176138
Max suppression time updated to: 78
Max suppression time updated to: 86
Max suppression time updated to: 96
Max suppression time updated to: 94
Max suppression time updated to: 92
Max suppression time updated to: 92
Max suppression time updated to: 92
Max suppression time updated to: 94
Max suppression time updated to: 94
Received update: /ndn/ch-site/ch/svs_core/ch=1, 1741643177094
Max suppression time updated to: 96
Received update: /ndn/fi-site/fi/svs_core/fi=1, 1741643177537
Max suppression time updated to: 96
Max suppression time updated to: 94
Max suppression time updated to: 94
Max suppression time updated to: 94
Max suppression time updated to: 94
Max suppression time updated to: 94
Received update: /ndn/sk-site/sk/svs_core/sk=1, 1741643177766
Max suppression time updated to: 92
Received update: /ndn/az-site/az/svs_core/az=1, 1741643179099
Max suppression time updated to: 92
Received update: /ndn/lu-site/lu/svs_core/lu=1, 1741643181355
Sending Sync interest
Max suppression time updated to: 90
Max suppression time updated to: 90
Received update: /ndn/hu-site/hu/svs_core/hu=1, 1741643181472
Max suppression time updated to: 88
Received update: /ndn/cz-site/cz/svs_core/cz=1, 1741643182631
Max suppression time updated to: 88
Max suppression time updated to: 88
Received update: /ndn/lt-site/lt/svs_core/lt=1, 1741643182875
Max suppression time updated to: 88
Received update: /ndn/gr-site/gr/svs_core/gr=1, 1741643183675
Max suppression time updated to: 90
Received update: /ndn/ee-site/ee/svs_core/ee=1, 1741643183892
Max suppression time updated to: 90
Received update: /ndn/ie-site/ie/svs_core/ie=1, 1741643187374
Max suppression time updated to: 90
Received update: /ndn/rs-site/rs/svs_core/rs=1, 1741643187525
Max suppression time updated to: 88
Received update: /ndn/si-site/si/svs_core/si=1, 1741643187666
Max suppression time updated to: 88
Max suppression time updated to: 88
Received update: /ndn/nl-site/nl/svs_core/nl=1, 1741643187999
Received update: /ndn/de1-site/de1/svs_core/de1=1, 1741643187999
Max suppression time updated to: 88
Received update: /ndn/be-site/be/svs_core/be=1, 1741643188354
Max suppression time updated to: 88
Received update: /ndn/mk-site/mk/svs_core/mk=1, 1741643191624
Max suppression time updated to: 88
Received update: /ndn/lv-site/lv/svs_core/lv=1, 1741643193539
Max suppression time updated to: 88
Max suppression time updated to: 86
Max suppression time updated to: 86
Max suppression time updated to: 86
Max suppression time updated to: 86
Max suppression time updated to: 86
Max suppression time updated to: 88
Max suppression time updated to: 86
Received update: /ndn/am-site/am/svs_core/am=1, 1741643193874
Max suppression time updated to: 86
Received update: /ndn/hr-site/hr/svs_core/hr=1, 1741643193897
Max suppression time updated to: 86
Received update: /ndn/fr1-site/fr1/svs_core/fr1=1, 1741643194032
Max suppression time updated to: 86
Received update: /ndn/uk-site/uk/svs_core/uk=1, 1741643194415
Max suppression time updated to: 86
Received update: /ndn/pl-site/pl/svs_core/pl=1, 1741643194551
Max suppression time updated to: 86
Max suppression time updated to: 86
Max suppression time updated to: 86
Max suppression time updated to: 86
Received update: /ndn/cy-site/cy/svs_core/cy=1, 1741643195876
Max suppression time updated to: 86
Received update: /ndn/dk-site/dk/svs_core/dk=1, 1741643196564
Max suppression time updated to: 88
Received update: /ndn/md-site/md/svs_core/md=1, 1741643198560
Received update: /ndn/se-site/se/svs_core/se=1, 1741643198560
Max suppression time updated to: 86
Received update: /ndn/at-site/at/svs_core/at=1, 1741643198960
Max suppression time updated to: 86
Received update: /ndn/by-site/by/svs_core/by=1, 1741643201342
Published sequence number: /ndn/ge-site/ge/svs_core/ge=1, 1741643204230
Sending Sync interest
Max suppression time updated to: 88
Received update: /ndn/pt-site/pt/svs_core/pt=1, 1741643207291
Max suppression time updated to: 88
Received update: /ndn/no-site/no/svs_core/no=1, 1741643207573
Max suppression time updated to: 88
Received update: /ndn/tr-site/tr/svs_core/tr=1, 1741643207936
Max suppression time updated to: 88
Received update: /ndn/ro-site/ro/svs_core/ro=1, 1741643208167
Max suppression time updated to: 90
Received update: /ndn/mt-site/mt/svs_core/mt=1, 1741643209865
Max suppression time updated to: 90
Max suppression time updated to: 88
Max suppression time updated to: 88
Max suppression time updated to: 90
Received update: /ndn/fr2-site/fr2/svs_core/fr2=1, 1741643211802
Max suppression time updated to: 88
Received update: /ndn/it-site/it/svs_core/it=1, 1741643213475
Max suppression time updated to: 88
Received update: /ndn/de2-site/de2/svs_core/de2=1, 1741643214541
Max suppression time updated to: 88
Received update: /ndn/bg-site/bg/svs_core/bg=1, 1741643218059
Received update: /ndn/me-site/me/svs_core/me=1, 1741643218059
Max suppression time updated to: 88
Received update: /ndn/il-site/il/svs_core/il=1, 1741643218072
Max suppression time updated to: 90
Received update: /ndn/al-site/al/svs_core/al=1, 1741643218608
Max suppression time updated to: 88
Max suppression time updated to: 90
Max suppression time updated to: 90
Max suppression time updated to: 88
Max suppression time updated to: 88
Max suppression time updated to: 88
Max suppression time updated to: 90
Received update: /ndn/es-site/es/svs_core/es=1, 1741643218829
Max suppression time updated to: 90
Max suppression time updated to: 90
Max suppression time updated to: 90
Received update: /ndn/is-site/is/svs_core/is=2, 1741643221145
Max suppression time updated to: 88
Received update: /ndn/ua-site/ua/svs_core/ua=1, 1741643221215
Max suppression time updated to: 88
Max suppression time updated to: 88
Max suppression time updated to: 88
Received update: /ndn/ch-site/ch/svs_core/ch=2, 1741643222109
Max suppression time updated to: 88
Received update: /ndn/sk-site/sk/svs_core/sk=2, 1741643222792
Sending Sync interest
Max suppression time updated to: 90
Max suppression time updated to: 88
Received update: /ndn/hu-site/hu/svs_core/hu=2, 1741643225901
Max suppression time updated to: 88
Received update: /ndn/az-site/az/svs_core/az=2, 1741643226006
Max suppression time updated to: 88
Received update: /ndn/lt-site/lt/svs_core/lt=2, 1741643227229
Max suppression time updated to: 88
Max suppression time updated to: 88
Received update: /ndn/cz-site/cz/svs_core/cz=2, 1741643227646
Max suppression time updated to: 90
Received update: /ndn/ee-site/ee/svs_core/ee=2, 1741643229012
Received update: /ndn/gr-site/gr/svs_core/gr=2, 1741643229012
Received update: /ndn/lu-site/lu/svs_core/lu=2, 1741643229012
Max suppression time updated to: 90
Received update: /ndn/si-site/si/svs_core/si=2, 1741643230738
Max suppression time updated to: 90
Received update: /ndn/mk-site/mk/svs_core/mk=2, 1741643236622
Max suppression time updated to: 90
Received update: /ndn/lv-site/lv/svs_core/lv=2, 1741643238589
Max suppression time updated to: 90
Received update: /ndn/ie-site/ie/svs_core/ie=2, 1741643238653
Max suppression time updated to: 90
Received update: /ndn/nl-site/nl/svs_core/nl=2, 1741643238682
Received update: /ndn/de1-site/de1/svs_core/de1=2, 1741643238682
Max suppression time updated to: 90
Received update: /ndn/be-site/be/svs_core/be=2, 1741643238707
Max suppression time updated to: 90
Received update: /ndn/fr1-site/fr1/svs_core/fr1=2, 1741643238796
Max suppression time updated to: 90
Max suppression time updated to: 90
Received update: /ndn/am-site/am/svs_core/am=2, 1741643238873
Max suppression time updated to: 90
Received update: /ndn/hr-site/hr/svs_core/hr=2, 1741643238909
Max suppression time updated to: 90
Received update: /ndn/fi-site/fi/svs_core/fi=2, 1741643238941
Max suppression time updated to: 90
Received update: /ndn/rs-site/rs/svs_core/rs=2, 1741643239020
Max suppression time updated to: 90
Received update: /ndn/uk-site/uk/svs_core/uk=2, 1741643239466
Max suppression time updated to: 88
Received update: /ndn/cy-site/cy/svs_core/cy=2, 1741643240878
Max suppression time updated to: 88
Received update: /ndn/md-site/md/svs_core/md=2, 1741643241546
Max suppression time updated to: 88
Received update: /ndn/no-site/no/svs_core/no=2, 1741643242287
Max suppression time updated to: 90
Received update: /ndn/pl-site/pl/svs_core/pl=2, 1741643242305
Max suppression time updated to: 88
Max suppression time updated to: 88
Max suppression time updated to: 90
Max suppression time updated to: 90
Received update: /ndn/dk-site/dk/svs_core/dk=2, 1741643242528
Max suppression time updated to: 90
Received update: /ndn/at-site/at/svs_core/at=2, 1741643243967
Published sequence number: /ndn/ge-site/ge/svs_core/ge=2, 1741643249232
Sending Sync interest
Max suppression time updated to: 90
Received update: /ndn/by-site/by/svs_core/by=2, 1741643252748
Received update: /ndn/ro-site/ro/svs_core/ro=2, 1741643252748
Sending Sync interest
Max suppression time updated to: 90
Received update: /ndn/tr-site/tr/svs_core/tr=2, 1741643252936
Max suppression time updated to: 90
Received update: /ndn/se-site/se/svs_core/se=2, 1741643253241
Max suppression time updated to: 90
Received update: /ndn/fr2-site/fr2/svs_core/fr2=2, 1741643256797
Max suppression time updated to: 90
Received update: /ndn/mt-site/mt/svs_core/mt=2, 1741643256897
Max suppression time updated to: 90
Received update: /ndn/pt-site/pt/svs_core/pt=2, 1741643256914
Max suppression time updated to: 90
Max suppression time updated to: 90
Max suppression time updated to: 90
Max suppression time updated to: 90
Received update: /ndn/it-site/it/svs_core/it=2, 1741643258478
Max suppression time updated to: 90
Received update: /ndn/de2-site/de2/svs_core/de2=2, 1741643259556
Max suppression time updated to: 90
Received update: /ndn/bg-site/bg/svs_core/bg=2, 1741643260269
Max suppression time updated to: 90
Max suppression time updated to: 90
Received update: /ndn/il-site/il/svs_core/il=2, 1741643265346
Received update: /ndn/ua-site/ua/svs_core/ua=2, 1741643265346
Max suppression time updated to: 90
Received update: /ndn/es-site/es/svs_core/es=2, 1741643265413
Max suppression time updated to: 92
Received update: /ndn/is-site/is/svs_core/is=3, 1741643266192
Max suppression time updated to: 90
Received update: /ndn/al-site/al/svs_core/al=2, 1741643266250
Max suppression time updated to: 90
Max suppression time updated to: 90
Received update: /ndn/sk-site/sk/svs_core/sk=3, 1741643267761
Max suppression time updated to: 90
Received update: /ndn/me-site/me/svs_core/me=2, 1741643267884
Max suppression time updated to: 90
Received update: /ndn/ch-site/ch/svs_core/ch=3, 1741643267902
Received update: /ndn/fi-site/fi/svs_core/fi=3, 1741643267902
Max suppression time updated to: 90
Max suppression time updated to: 90
Max suppression time updated to: 90
Received update: /ndn/lt-site/lt/svs_core/lt=3, 1741643272142
Max suppression time updated to: 90
Received update: /ndn/hu-site/hu/svs_core/hu=3, 1741643272227
Max suppression time updated to: 90
Received update: /ndn/lu-site/lu/svs_core/lu=3, 1741643272339
Max suppression time updated to: 90
Received update: /ndn/az-site/az/svs_core/az=3, 1741643272395
Max suppression time updated to: 88
Received update: /ndn/cz-site/cz/svs_core/cz=3, 1741643272651
Max suppression time updated to: 88
Received update: /ndn/gr-site/gr/svs_core/gr=3, 1741643273671
Max suppression time updated to: 88
Max suppression time updated to: 90
Max suppression time updated to: 90
Max suppression time updated to: 90
Max suppression time updated to: 90
Received update: /ndn/rs-site/rs/svs_core/rs=3, 1741643275868
Received update: /ndn/si-site/si/svs_core/si=3, 1741643275868
Max suppression time updated to: 90
Received update: /ndn/ee-site/ee/svs_core/ee=3, 1741643275879
Max suppression time updated to: 90
Max suppression time updated to: 90
Max suppression time updated to: 90
Received update: /ndn/ie-site/ie/svs_core/ie=3, 1741643277384
Max suppression time updated to: 90
Received update: /ndn/nl-site/nl/svs_core/nl=3, 1741643277995
Max suppression time updated to: 90
Received update: /ndn/be-site/be/svs_core/be=3, 1741643278386
Received update: /ndn/de1-site/de1/svs_core/de1=3, 1741643278386
Max suppression time updated to: 90
Max suppression time updated to: 92
Received update: /ndn/mk-site/mk/svs_core/mk=3, 1741643281641
Max suppression time updated to: 92
Received update: /ndn/lv-site/lv/svs_core/lv=3, 1741643283558
Sending Sync interest
Max suppression time updated to: 90
Max suppression time updated to: 90
Max suppression time updated to: 90
Received update: /ndn/fr1-site/fr1/svs_core/fr1=3, 1741643283685
Max suppression time updated to: 92
Max suppression time updated to: 92
Received update: /ndn/uk-site/uk/svs_core/uk=3, 1741643284408
Max suppression time updated to: 92
Received update: /ndn/pl-site/pl/svs_core/pl=3, 1741643284699
Max suppression time updated to: 92
Max suppression time updated to: 92
Max suppression time updated to: 92
Received update: /ndn/am-site/am/svs_core/am=3, 1741643284740
Max suppression time updated to: 92
Received update: /ndn/hr-site/hr/svs_core/hr=3, 1741643284797
Max suppression time updated to: 92
Received update: /ndn/cy-site/cy/svs_core/cy=3, 1741643285878
Max suppression time updated to: 94
Max suppression time updated to: 94
Max suppression time updated to: 94
Received update: /ndn/md-site/md/svs_core/md=3, 1741643286578
Max suppression time updated to: 94
Received update: /ndn/no-site/no/svs_core/no=3, 1741643287196
Max suppression time updated to: 94
Max suppression time updated to: 94
Max suppression time updated to: 94
Max suppression time updated to: 94
Max suppression time updated to: 94
Max suppression time updated to: 94
Received update: /ndn/dk-site/dk/svs_core/dk=3, 1741643287305
Max suppression time updated to: 96
Max suppression time updated to: 94
Max suppression time updated to: 94
Received update: /ndn/at-site/at/svs_core/at=3, 1741643288982
Max suppression time updated to: 94
Received update: /ndn/by-site/by/svs_core/by=3, 1741643291413
Max suppression time updated to: 94
Max suppression time updated to: 94
Published sequence number: /ndn/ge-site/ge/svs_core/ge=3, 1741643294235
Sending Sync interest
Max suppression time updated to: 94
Received update: /ndn/ro-site/ro/svs_core/ro=3, 1741643297741
Max suppression time updated to: 94
Max suppression time updated to: 94
Max suppression time updated to: 94
Max suppression time updated to: 94
Max suppression time updated to: 94
Received update: /ndn/tr-site/tr/svs_core/tr=3, 1741643297934
Max suppression time updated to: 92
Received update: /ndn/mt-site/mt/svs_core/mt=3, 1741643299877
Max suppression time updated to: 92
Max suppression time updated to: 92
Max suppression time updated to: 92
Max suppression time updated to: 92
Received update: /ndn/fr2-site/fr2/svs_core/fr2=3, 1741643301884
Max suppression time updated to: 92
Max suppression time updated to: 92
Received update: /ndn/de2-site/de2/svs_core/de2=3, 1741643304549
Max suppression time updated to: 92
Received update: /ndn/it-site/it/svs_core/it=3, 1741643304715
Max suppression time updated to: 92
Received update: /ndn/bg-site/bg/svs_core/bg=3, 1741643305238
Max suppression time updated to: 92
Received update: /ndn/il-site/il/svs_core/il=3, 1741643307955
Received update: /ndn/me-site/me/svs_core/me=3, 1741643307955
Max suppression time updated to: 92
Max suppression time updated to: 92
Max suppression time updated to: 92
Max suppression time updated to: 92
Received update: /ndn/al-site/al/svs_core/al=3, 1741643308568
Max suppression time updated to: 92
Received update: /ndn/se-site/se/svs_core/se=3, 1741643308845
Max suppression time updated to: 92
Received update: /ndn/es-site/es/svs_core/es=3, 1741643310241
Received update: /ndn/ua-site/ua/svs_core/ua=3, 1741643310241
Max suppression time updated to: 92
Max suppression time updated to: 92
Max suppression time updated to: 92
Max suppression time updated to: 92
Received update: /ndn/is-site/is/svs_core/is=4, 1741643311152
Max suppression time updated to: 92
Received update: /ndn/fi-site/fi/svs_core/fi=4, 1741643312368
Sending Sync interest
Max suppression time updated to: 92
Received update: /ndn/ch-site/ch/svs_core/ch=4, 1741643312504
Max suppression time updated to: 92
Max suppression time updated to: 92
Max suppression time updated to: 92
Max suppression time updated to: 94
Max suppression time updated to: 94
Max suppression time updated to: 92
Max suppression time updated to: 92
Received update: /ndn/sk-site/sk/svs_core/sk=4, 1741643312782
Max suppression time updated to: 92
Received update: /ndn/hu-site/hu/svs_core/hu=4, 1741643315905
Max suppression time updated to: 92
Received update: /ndn/az-site/az/svs_core/az=4, 1741643315979
Max suppression time updated to: 92
Max suppression time updated to: 92
Received update: /ndn/lu-site/lu/svs_core/lu=4, 1741643316365
Max suppression time updated to: 92
Received update: /ndn/lt-site/lt/svs_core/lt=4, 1741643317137
Max suppression time updated to: 92
Received update: /ndn/cz-site/cz/svs_core/cz=4, 1741643317649
Max suppression time updated to: 92
Max suppression time updated to: 92
Max suppression time updated to: 92
Max suppression time updated to: 92
Received update: /ndn/ee-site/ee/svs_core/ee=4, 1741643318693
Received update: /ndn/gr-site/gr/svs_core/gr=4, 1741643318693
Max suppression time updated to: 92
Received update: /ndn/rs-site/rs/svs_core/rs=4, 1741643319892
Max suppression time updated to: 92
Received update: /ndn/ie-site/ie/svs_core/ie=4, 1741643322409
Sending Sync interest
Max suppression time updated to: 92
Max suppression time updated to: 92
Max suppression time updated to: 94
Max suppression time updated to: 94
Max suppression time updated to: 94
Max suppression time updated to: 94
Max suppression time updated to: 94
Max suppression time updated to: 94
Received update: /ndn/de1-site/de1/svs_core/de1=4, 1741643322534
Max suppression time updated to: 94
Max suppression time updated to: 94
Max suppression time updated to: 94
Max suppression time updated to: 94
Max suppression time updated to: 94
Max suppression time updated to: 94
Max suppression time updated to: 94
Max suppression time updated to: 94
Received update: /ndn/nl-site/nl/svs_core/nl=4, 1741643322999
Max suppression time updated to: 94
Received update: /ndn/si-site/si/svs_core/si=4, 1741643323138
Max suppression time updated to: 94
Received update: /ndn/be-site/be/svs_core/be=4, 1741643323353
Max suppression time updated to: 94
Received update: /ndn/pt-site/pt/svs_core/pt=3, 1741643325357
Max suppression time updated to: 94
Received update: /ndn/mk-site/mk/svs_core/mk=4, 1741643326640
Max suppression time updated to: 94
Max suppression time updated to: 94
Max suppression time updated to: 94
Max suppression time updated to: 94
Max suppression time updated to: 94
Max suppression time updated to: 94
Max suppression time updated to: 94
Received update: /ndn/hr-site/hr/svs_core/hr=4, 1741643328907
Max suppression time updated to: 94
Received update: /ndn/am-site/am/svs_core/am=4, 1741643329025
Received update: /ndn/fr1-site/fr1/svs_core/fr1=4, 1741643329025
Max suppression time updated to: 94
Max suppression time updated to: 94
Max suppression time updated to: 94
Max suppression time updated to: 94
Max suppression time updated to: 94
Max suppression time updated to: 94
Received update: /ndn/pl-site/pl/svs_core/pl=4, 1741643329585
Max suppression time updated to: 94
Received update: /ndn/uk-site/uk/svs_core/uk=4, 1741643329640
Max suppression time updated to: 94
Max suppression time updated to: 96
Max suppression time updated to: 96
Received update: /ndn/cy-site/cy/svs_core/cy=4, 1741643331583
Received update: /ndn/md-site/md/svs_core/md=4, 1741643331583
Max suppression time updated to: 96
Received update: /ndn/no-site/no/svs_core/no=4, 1741643332197
Max suppression time updated to: 96
Received update: /ndn/dk-site/dk/svs_core/dk=4, 1741643332317
Max suppression time updated to: 96
Received update: /ndn/se-site/se/svs_core/se=4, 1741643333566
Max suppression time updated to: 96
Received update: /ndn/lv-site/lv/svs_core/lv=4, 1741643333689
Max suppression time updated to: 96
Received update: /ndn/at-site/at/svs_core/at=4, 1741643333974
Published sequence number: /ndn/ge-site/ge/svs_core/ge=4, 1741643339238
Sending Sync interest
Max suppression time updated to: 96
Received update: /ndn/ro-site/ro/svs_core/ro=4, 1741643342725
Max suppression time updated to: 96
Received update: /ndn/tr-site/tr/svs_core/tr=4, 1741643342949
Max suppression time updated to: 96
Received update: /ndn/mt-site/mt/svs_core/mt=4, 1741643345980
Max suppression time updated to: 96
Received update: /ndn/by-site/by/svs_core/by=4, 1741643346003
Max suppression time updated to: 96
Received update: /ndn/pt-site/pt/svs_core/pt=4, 1741643346019
Max suppression time updated to: 96
Received update: /ndn/fr2-site/fr2/svs_core/fr2=4, 1741643346812
Max suppression time updated to: 96
Received update: /ndn/it-site/it/svs_core/it=4, 1741643348498
Max suppression time updated to: 96
Received update: /ndn/de2-site/de2/svs_core/de2=4, 1741643349557
Max suppression time updated to: 96
Received update: /ndn/bg-site/bg/svs_core/bg=4, 1741643350246
Max suppression time updated to: 96
Received update: /ndn/is-site/is/svs_core/is=5, 1741643356345
Max suppression time updated to: 96
Received update: /ndn/ua-site/ua/svs_core/ua=4, 1741643356506
Max suppression time updated to: 96
Received update: /ndn/al-site/al/svs_core/al=4, 1741643356554
Max suppression time updated to: 96
Received update: /ndn/es-site/es/svs_core/es=4, 1741643356830
Received update: /ndn/il-site/il/svs_core/il=4, 1741643356830
Max suppression time updated to: 96
Received update: /ndn/me-site/me/svs_core/me=4, 1741643357764
Received update: /ndn/sk-site/sk/svs_core/sk=5, 1741643357764
Max suppression time updated to: 96
Received update: /ndn/ch-site/ch/svs_core/ch=5, 1741643357892
Max suppression time updated to: 96
Received update: /ndn/az-site/az/svs_core/az=5, 1741643359109
Max suppression time updated to: 96
Received update: /ndn/hu-site/hu/svs_core/hu=5, 1741643360924
Max suppression time updated to: 96
Received update: /ndn/lt-site/lt/svs_core/lt=5, 1741643362168
Max suppression time updated to: 96
Max suppression time updated to: 96
Max suppression time updated to: 96
Max suppression time updated to: 96
Received update: /ndn/lu-site/lu/svs_core/lu=5, 1741643362310
Max suppression time updated to: 96
Received update: /ndn/cz-site/cz/svs_core/cz=5, 1741643362739
Max suppression time updated to: 96
Max suppression time updated to: 96
Max suppression time updated to: 96
Received update: /ndn/ee-site/ee/svs_core/ee=5, 1741643363451
Max suppression time updated to: 96
Max suppression time updated to: 96
Received update: /ndn/gr-site/gr/svs_core/gr=5, 1741643363671
Max suppression time updated to: 96
Max suppression time updated to: 96
Max suppression time updated to: 96
Max suppression time updated to: 96
Received update: /ndn/si-site/si/svs_core/si=5, 1741643365743
Max suppression time updated to: 96
Received update: /ndn/ie-site/ie/svs_core/ie=5, 1741643367551
Max suppression time updated to: 98
Received update: /ndn/fi-site/fi/svs_core/fi=5, 1741643367829
Received update: /ndn/de1-site/de1/svs_core/de1=5, 1741643367829
Max suppression time updated to: 98
Received update: /ndn/nl-site/nl/svs_core/nl=5, 1741643368035
Max suppression time updated to: 98
Received update: /ndn/rs-site/rs/svs_core/rs=5, 1741643368204
Max suppression time updated to: 98
Received update: /ndn/mk-site/mk/svs_core/mk=5, 1741643371652
Max suppression time updated to: 98
Received update: /ndn/be-site/be/svs_core/be=5, 1741643371806
Max suppression time updated to: 98
Max suppression time updated to: 98
Received update: /ndn/hr-site/hr/svs_core/hr=5, 1741643373910
Max suppression time updated to: 98
Received update: /ndn/uk-site/uk/svs_core/uk=5, 1741643374446
Max suppression time updated to: 98
Received update: /ndn/lv-site/lv/svs_core/lv=5, 1741643374599
Received update: /ndn/pl-site/pl/svs_core/pl=5, 1741643374599
Max suppression time updated to: 98
Received update: /ndn/fr1-site/fr1/svs_core/fr1=5, 1741643374720
Max suppression time updated to: 98
Received update: /ndn/cy-site/cy/svs_core/cy=5, 1741643375900
Sending Sync interest
Max suppression time updated to: 98
Max suppression time updated to: 98
Max suppression time updated to: 98
Received update: /ndn/am-site/am/svs_core/am=5, 1741643376092
Max suppression time updated to: 98
Received update: /ndn/no-site/no/svs_core/no=5, 1741643378571
Received update: /ndn/se-site/se/svs_core/se=5, 1741643378571
Max suppression time updated to: 98
Max suppression time updated to: 98
Max suppression time updated to: 98
Max suppression time updated to: 98
Max suppression time updated to: 98
Received update: /ndn/md-site/md/svs_core/md=5, 1741643378731
Max suppression time updated to: 98
Max suppression time updated to: 98
Received update: /ndn/at-site/at/svs_core/at=5, 1741643378988
Published sequence number: /ndn/ge-site/ge/svs_core/ge=5, 1741643384239
Sending Sync interest
Max suppression time updated to: 98
Received update: /ndn/dk-site/dk/svs_core/dk=5, 1741643384455
Max suppression time updated to: 98
Max suppression time updated to: 98
Received update: /ndn/pt-site/pt/svs_core/pt=5, 1741643387266
Max suppression time updated to: 98
Max suppression time updated to: 98
Max suppression time updated to: 98
Max suppression time updated to: 98
Received update: /ndn/by-site/by/svs_core/by=5, 1741643387466
Max suppression time updated to: 98
Received update: /ndn/ro-site/ro/svs_core/ro=5, 1741643387748
Max suppression time updated to: 98
Received update: /ndn/tr-site/tr/svs_core/tr=5, 1741643387942
Max suppression time updated to: 98
Received update: /ndn/mt-site/mt/svs_core/mt=5, 1741643389870
Max suppression time updated to: 98
Received update: /ndn/fr2-site/fr2/svs_core/fr2=5, 1741643391826
Max suppression time updated to: 98
Received update: /ndn/it-site/it/svs_core/it=5, 1741643393503
Max suppression time updated to: 98
Received update: /ndn/de2-site/de2/svs_core/de2=5, 1741643394556
Max suppression time updated to: 98
Received update: /ndn/bg-site/bg/svs_core/bg=5, 1741643395247
Max suppression time updated to: 96
Received update: /ndn/il-site/il/svs_core/il=5, 1741643395813
Max suppression time updated to: 96
Received update: /ndn/es-site/es/svs_core/es=5, 1741643398831
Max suppression time updated to: 96
Max suppression time updated to: 94
Max suppression time updated to: 96
Max suppression time updated to: 94
Max suppression time updated to: 96
Max suppression time updated to: 96
Received update: /ndn/al-site/al/svs_core/al=5, 1741643398996
Max suppression time updated to: 96
Received update: /ndn/me-site/me/svs_core/me=5, 1741643399045
Max suppression time updated to: 96
Received update: /ndn/ua-site/ua/svs_core/ua=5, 1741643400244
Max suppression time updated to: 94
Received update: /ndn/is-site/is/svs_core/is=6, 1741643401175
Max suppression time updated to: 94
Received update: /ndn/ch-site/ch/svs_core/ch=6, 1741643402099
Max suppression time updated to: 94
Received update: /ndn/sk-site/sk/svs_core/sk=6, 1741643402769
Max suppression time updated to: 94
Received update: /ndn/az-site/az/svs_core/az=6, 1741643404118
Max suppression time updated to: 94
Received update: /ndn/hu-site/hu/svs_core/hu=6, 1741643405929
Sending Sync interest
Max suppression time updated to: 94
Received update: /ndn/lt-site/lt/svs_core/lt=6, 1741643407141
Max suppression time updated to: 94
Received update: /ndn/lu-site/lu/svs_core/lu=6, 1741643407280
Max suppression time updated to: 94
Max suppression time updated to: 96
Received update: /ndn/fi-site/fi/svs_core/fi=6, 1741643407580
Max suppression time updated to: 96
Received update: /ndn/cz-site/cz/svs_core/cz=6, 1741643407651
Max suppression time updated to: 96
Max suppression time updated to: 96
Received update: /ndn/ee-site/ee/svs_core/ee=6, 1741643407941
Max suppression time updated to: 96
Received update: /ndn/gr-site/gr/svs_core/gr=6, 1741643408768
Max suppression time updated to: 96
Max suppression time updated to: 96
Max suppression time updated to: 96
Max suppression time updated to: 96
Received update: /ndn/rs-site/rs/svs_core/rs=6, 1741643409887
Max suppression time updated to: 96
Received update: /ndn/nl-site/nl/svs_core/nl=6, 1741643413008
Max suppression time updated to: 96
Max suppression time updated to: 96
Max suppression time updated to: 96
Max suppression time updated to: 96
Max suppression time updated to: 96
Received update: /ndn/de1-site/de1/svs_core/de1=6, 1741643413240
Max suppression time updated to: 96
Received update: /ndn/be-site/be/svs_core/be=6, 1741643413368
Max suppression time updated to: 94
Received update: /ndn/ie-site/ie/svs_core/ie=6, 1741643413396
Max suppression time updated to: 94
Received update: /ndn/si-site/si/svs_core/si=6, 1741643413549
Max suppression time updated to: 94
Max suppression time updated to: 94
Max suppression time updated to: 94
Max suppression time updated to: 94
Received update: /ndn/mk-site/mk/svs_core/mk=6, 1741643418725
Received update: /ndn/fr1-site/fr1/svs_core/fr1=6, 1741643418725
Max suppression time updated to: 96
Received update: /ndn/hr-site/hr/svs_core/hr=6, 1741643418922
Max suppression time updated to: 96
Received update: /ndn/pl-site/pl/svs_core/pl=6, 1741643419649
Max suppression time updated to: 96
Max suppression time updated to: 96
Received update: /ndn/uk-site/uk/svs_core/uk=6, 1741643419775
Max suppression time updated to: 96
Max suppression time updated to: 96
Received update: /ndn/am-site/am/svs_core/am=6, 1741643419972
Max suppression time updated to: 96
Received update: /ndn/cy-site/cy/svs_core/cy=6, 1741643420902
Max suppression time updated to: 96
Received update: /ndn/md-site/md/svs_core/md=6, 1741643421579
Max suppression time updated to: 96
Received update: /ndn/dk-site/dk/svs_core/dk=6, 1741643421602
Max suppression time updated to: 96
Max suppression time updated to: 96
Max suppression time updated to: 96
Received update: /ndn/at-site/at/svs_core/at=6, 1741643424000
Max suppression time updated to: 96
Received update: /ndn/lv-site/lv/svs_core/lv=6, 1741643424146
Max suppression time updated to: 96
Received update: /ndn/by-site/by/svs_core/by=6, 1741643426372
Published sequence number: /ndn/ge-site/ge/svs_core/ge=6, 1741643429241
Max suppression time updated to: 96
Received update: /ndn/pt-site/pt/svs_core/pt=6, 1741643432267
Sending Sync interest
Max suppression time updated to: 96
Received update: /ndn/ro-site/ro/svs_core/ro=6, 1741643432731
Max suppression time updated to: 96
Received update: /ndn/tr-site/tr/svs_core/tr=6, 1741643436980
Received update: /ndn/fr2-site/fr2/svs_core/fr2=6, 1741643436980
Max suppression time updated to: 96
Received update: /ndn/it-site/it/svs_core/it=6, 1741643438494
Max suppression time updated to: 96
Received update: /ndn/bg-site/bg/svs_core/bg=6, 1741643440262
Received update: /ndn/de2-site/de2/svs_core/de2=6, 1741643440262
Max suppression time updated to: 96
Received update: /ndn/mt-site/mt/svs_core/mt=6, 1741643440394
Max suppression time updated to: 96
Received update: /ndn/no-site/no/svs_core/no=6, 1741643440663
Max suppression time updated to: 96
Received update: /ndn/il-site/il/svs_core/il=6, 1741643440828
Max suppression time updated to: 96
Received update: /ndn/se-site/se/svs_core/se=6, 1741643440890
Max suppression time updated to: 96
Max suppression time updated to: 96
Max suppression time updated to: 96
Received update: /ndn/ch-site/ch/svs_core/ch=7, 1741643447090
Received update: /ndn/es-site/es/svs_core/es=6, 1741643447090
Max suppression time updated to: 96
Received update: /ndn/is-site/is/svs_core/is=7, 1741643447201
Max suppression time updated to: 96
Received update: /ndn/me-site/me/svs_core/me=6, 1741643447216
Max suppression time updated to: 96
Max suppression time updated to: 96
Max suppression time updated to: 96
Max suppression time updated to: 96
Max suppression time updated to: 96
Max suppression time updated to: 96
Max suppression time updated to: 96
Received update: /ndn/sk-site/sk/svs_core/sk=7, 1741643447770
Received update: /ndn/ua-site/ua/svs_core/ua=6, 1741643447770
Max suppression time updated to: 96
Received update: /ndn/az-site/az/svs_core/az=7, 1741643450996
Received update: /ndn/hu-site/hu/svs_core/hu=7, 1741643450996
Max suppression time updated to: 96
Received update: /ndn/lt-site/lt/svs_core/lt=7, 1741643452157
Max suppression time updated to: 96
Max suppression time updated to: 96
Max suppression time updated to: 96
Sending Sync interest
Max suppression time updated to: 96
Max suppression time updated to: 96
Max suppression time updated to: 96
Max suppression time updated to: 96
Max suppression time updated to: 96
Max suppression time updated to: 96
Received update: /ndn/lu-site/lu/svs_core/lu=7, 1741643452527
Max suppression time updated to: 96
Received update: /ndn/cz-site/cz/svs_core/cz=7, 1741643452652
Max suppression time updated to: 96
Received update: /ndn/fi-site/fi/svs_core/fi=7, 1741643452689
Max suppression time updated to: 96
Max suppression time updated to: 96
Max suppression time updated to: 96
Received update: /ndn/ee-site/ee/svs_core/ee=7, 1741643452895
Max suppression time updated to: 96
Received update: /ndn/rs-site/rs/svs_core/rs=7, 1741643454929
Max suppression time updated to: 96
Max suppression time updated to: 96
Max suppression time updated to: 96
Max suppression time updated to: 96
Max suppression time updated to: 96
Max suppression time updated to: 96
Received update: /ndn/gr-site/gr/svs_core/gr=7, 1741643455067
Sending Sync interest
Max suppression time updated to: 96
Max suppression time updated to: 96
Max suppression time updated to: 96
Received update: /ndn/si-site/si/svs_core/si=7, 1741643455736
Max suppression time updated to: 96
Received update: /ndn/ie-site/ie/svs_core/ie=7, 1741643457402
Max suppression time updated to: 96
Received update: /ndn/de1-site/de1/svs_core/de1=7, 1741643457504
Max suppression time updated to: 96
Received update: /ndn/be-site/be/svs_core/be=7, 1741643458377
Max suppression time updated to: 96
Received update: /ndn/nl-site/nl/svs_core/nl=7, 1741643458467
Max suppression time updated to: 96
Received update: /ndn/fr1-site/fr1/svs_core/fr1=7, 1741643463708
Max suppression time updated to: 96
Received update: /ndn/hr-site/hr/svs_core/hr=7, 1741643463929
Max suppression time updated to: 96
Received update: /ndn/uk-site/uk/svs_core/uk=7, 1741643464429
Max suppression time updated to: 96
Received update: /ndn/mk-site/mk/svs_core/mk=7, 1741643464504
Sending Sync interest
Max suppression time updated to: 96
Max suppression time updated to: 96
Max suppression time updated to: 96
Max suppression time updated to: 96
Max suppression time updated to: 96
Received update: /ndn/pl-site/pl/svs_core/pl=7, 1741643464580
Max suppression time updated to: 96
Received update: /ndn/am-site/am/svs_core/am=7, 1741643464656
Max suppression time updated to: 96
Received update: /ndn/lv-site/lv/svs_core/lv=7, 1741643464721
Max suppression time updated to: 96
Max suppression time updated to: 96
Max suppression time updated to: 96
Max suppression time updated to: 96
Received update: /ndn/dk-site/dk/svs_core/dk=7, 1741643466592
Max suppression time updated to: 94
Received update: /ndn/cy-site/cy/svs_core/cy=7, 1741643466655
Max suppression time updated to: 94
Max suppression time updated to: 94
Received update: /ndn/at-site/at/svs_core/at=7, 1741643468992
Received update: /ndn/md-site/md/svs_core/md=7, 1741643468992
Published sequence number: /ndn/ge-site/ge/svs_core/ge=7, 1741643474246
Sending Sync interest
Max suppression time updated to: 94
Received update: /ndn/by-site/by/svs_core/by=7, 1741643474461
Max suppression time updated to: 94
Received update: /ndn/se-site/se/svs_core/se=7, 1741643474565
Max suppression time updated to: 94
Max suppression time updated to: 94
Max suppression time updated to: 94
Received update: /ndn/al-site/al/svs_core/al=6, 1741643476002
Max suppression time updated to: 94
Received update: /ndn/no-site/no/svs_core/no=7, 1741643476189
Max suppression time updated to: 94
Received update: /ndn/pt-site/pt/svs_core/pt=7, 1741643477286
Max suppression time updated to: 94
Received update: /ndn/ro-site/ro/svs_core/ro=7, 1741643477956
Received update: /ndn/tr-site/tr/svs_core/tr=7, 1741643477956
Max suppression time updated to: 94
Received update: /ndn/mt-site/mt/svs_core/mt=7, 1741643479879
Sending Sync interest
Max suppression time updated to: 94
Max suppression time updated to: 94
Max suppression time updated to: 94
Max suppression time updated to: 94
Max suppression time updated to: 94
Max suppression time updated to: 94
Max suppression time updated to: 94
Max suppression time updated to: 94
Max suppression time updated to: 96
Max suppression time updated to: 96
Received update: /ndn/it-site/it/svs_core/it=7, 1741643484562
Received update: /ndn/de2-site/de2/svs_core/de2=7, 1741643484562
Max suppression time updated to: 96
Received update: /ndn/bg-site/bg/svs_core/bg=7, 1741643485269
Max suppression time updated to: 96
Received update: /ndn/il-site/il/svs_core/il=7, 1741643485822
Max suppression time updated to: 96
Received update: /ndn/fr2-site/fr2/svs_core/fr2=7, 1741643485993
Max suppression time updated to: 96
Received update: /ndn/me-site/me/svs_core/me=7, 1741643487920
Sending Sync interest
Max suppression time updated to: 94
Max suppression time updated to: 96
Max suppression time updated to: 94
Received update: /ndn/al-site/al/svs_core/al=7, 1741643488823
Received update: /ndn/es-site/es/svs_core/es=7, 1741643488823
Max suppression time updated to: 94
Received update: /ndn/ch-site/ch/svs_core/ch=8, 1741643492095
Max suppression time updated to: 96
Received update: /ndn/sk-site/sk/svs_core/sk=8, 1741643492788
Max suppression time updated to: 96
Max suppression time updated to: 94
Max suppression time updated to: 94
Max suppression time updated to: 94
Max suppression time updated to: 94
Received update: /ndn/ua-site/ua/svs_core/ua=7, 1741643493015
Max suppression time updated to: 94
Received update: /ndn/hu-site/hu/svs_core/hu=8, 1741643495926
Max suppression time updated to: 94
Received update: /ndn/is-site/is/svs_core/is=8, 1741643496119
Max suppression time updated to: 94
Received update: /ndn/lt-site/lt/svs_core/lt=8, 1741643497283
Max suppression time updated to: 94
Received update: /ndn/az-site/az/svs_core/az=8, 1741643497327
Max suppression time updated to: 94
Received update: /ndn/gr-site/gr/svs_core/gr=8, 1741643498683
Received update: /ndn/lu-site/lu/svs_core/lu=8, 1741643498683
Max suppression time updated to: 94
Received update: /ndn/ee-site/ee/svs_core/ee=8, 1741643498927
Max suppression time updated to: 96
Received update: /ndn/cz-site/cz/svs_core/cz=8, 1741643499108
Max suppression time updated to: 96
Received update: /ndn/rs-site/rs/svs_core/rs=8, 1741643500836
Received update: /ndn/si-site/si/svs_core/si=8, 1741643500836
Max suppression time updated to: 96
Received update: /ndn/ie-site/ie/svs_core/ie=8, 1741643502405
Max suppression time updated to: 96
Received update: /ndn/nl-site/nl/svs_core/nl=8, 1741643503037
Max suppression time updated to: 96
Received update: /ndn/mk-site/mk/svs_core/mk=8, 1741643506658
Max suppression time updated to: 96
Received update: /ndn/be-site/be/svs_core/be=8, 1741643506742
Max suppression time updated to: 96
Max suppression time updated to: 96
Max suppression time updated to: 94
Max suppression time updated to: 96
Received update: /ndn/fr1-site/fr1/svs_core/fr1=8, 1741643508744
Max suppression time updated to: 96
Received update: /ndn/lv-site/lv/svs_core/lv=8, 1741643508910
Received update: /ndn/de1-site/de1/svs_core/de1=8, 1741643508910
Max suppression time updated to: 96
Received update: /ndn/uk-site/uk/svs_core/uk=8, 1741643509466
Max suppression time updated to: 94
Received update: /ndn/cy-site/cy/svs_core/cy=8, 1741643511189
Received update: /ndn/hr-site/hr/svs_core/hr=8, 1741643511189
Received update: /ndn/pl-site/pl/svs_core/pl=8, 1741643511189
Max suppression time updated to: 94
Received update: /ndn/am-site/am/svs_core/am=8, 1741643511200
Max suppression time updated to: 94
Max suppression time updated to: 94
Received update: /ndn/dk-site/dk/svs_core/dk=8, 1741643513571
Received update: /ndn/se-site/se/svs_core/se=8, 1741643513571
Max suppression time updated to: 94
Received update: /ndn/at-site/at/svs_core/at=8, 1741643514007
Published sequence number: /ndn/ge-site/ge/svs_core/ge=8, 1741643519249
Sending Sync interest
Max suppression time updated to: 94
Received update: /ndn/md-site/md/svs_core/md=8, 1741643522756
Received update: /ndn/ro-site/ro/svs_core/ro=8, 1741643522756
Max suppression time updated to: 94
Received update: /ndn/mt-site/mt/svs_core/mt=8, 1741643524869
Received update: /ndn/pt-site/pt/svs_core/pt=8, 1741643524869
Received update: /ndn/tr-site/tr/svs_core/tr=8, 1741643524869
Max suppression time updated to: 94
Received update: /ndn/by-site/by/svs_core/by=8, 1741643526837
Received update: /ndn/fr2-site/fr2/svs_core/fr2=8, 1741643526837
Max suppression time updated to: 94
Max suppression time updated to: 94
Received update: /ndn/it-site/it/svs_core/it=8, 1741643528510
Max suppression time updated to: 94
Received update: /ndn/fi-site/fi/svs_core/fi=8, 1741643529183
Sending Sync interest
Max suppression time updated to: 94
Max suppression time updated to: 96
Max suppression time updated to: 94
Max suppression time updated to: 94
Received update: /ndn/no-site/no/svs_core/no=8, 1741643529380
Max suppression time updated to: 94
Max suppression time updated to: 94
Max suppression time updated to: 94
Max suppression time updated to: 94
Max suppression time updated to: 94
Max suppression time updated to: 94
Received update: /ndn/de2-site/de2/svs_core/de2=8, 1741643529567
Max suppression time updated to: 96
Max suppression time updated to: 96
Max suppression time updated to: 96
Max suppression time updated to: 96
Received update: /ndn/bg-site/bg/svs_core/bg=8, 1741643530274
Max suppression time updated to: 96
Received update: /ndn/il-site/il/svs_core/il=8, 1741643530837
Max suppression time updated to: 96
Received update: /ndn/ua-site/ua/svs_core/ua=8, 1741643535246
Max suppression time updated to: 96
Received update: /ndn/al-site/al/svs_core/al=8, 1741643535299
Received update: /ndn/es-site/es/svs_core/es=8, 1741643535299
Max suppression time updated to: 96
Max suppression time updated to: 96
Max suppression time updated to: 96
Received update: /ndn/is-site/is/svs_core/is=9, 1741643536193
Max suppression time updated to: 96
Received update: /ndn/me-site/me/svs_core/me=8, 1741643536304
Max suppression time updated to: 96
Received update: /ndn/ch-site/ch/svs_core/ch=9, 1741643537108
Max suppression time updated to: 96
Received update: /ndn/sk-site/sk/svs_core/sk=9, 1741643537805
Max suppression time updated to: 96
Received update: /ndn/az-site/az/svs_core/az=9, 1741643539126
Max suppression time updated to: 96
Received update: /ndn/lu-site/lu/svs_core/lu=9, 1741643541419
Max suppression time updated to: 96
Max suppression time updated to: 96
Max suppression time updated to: 96
Received update: /ndn/hu-site/hu/svs_core/hu=9, 1741643541527
Max suppression time updated to: 96
Received update: /ndn/lt-site/lt/svs_core/lt=9, 1741643542147
Max suppression time updated to: 96
Received update: /ndn/cz-site/cz/svs_core/cz=9, 1741643542678
Max suppression time updated to: 96
Max suppression time updated to: 96
Max suppression time updated to: 96
Max suppression time updated to: 96
Received update: /ndn/ee-site/ee/svs_core/ee=9, 1741643542905
Max suppression time updated to: 96
Received update: /ndn/gr-site/gr/svs_core/gr=9, 1741643543753
Max suppression time updated to: 96
Max suppression time updated to: 96
Received update: /ndn/rs-site/rs/svs_core/rs=9, 1741643544900
Max suppression time updated to: 96
Received update: /ndn/ie-site/ie/svs_core/ie=9, 1741643547425
Max suppression time updated to: 96
Received update: /ndn/si-site/si/svs_core/si=9, 1741643547574
Max suppression time updated to: 96
Received update: /ndn/nl-site/nl/svs_core/nl=9, 1741643548071
Max suppression time updated to: 96
Received update: /ndn/de1-site/de1/svs_core/de1=9, 1741643548301
Max suppression time updated to: 96
Max suppression time updated to: 96
Max suppression time updated to: 96
Max suppression time updated to: 96
Received update: /ndn/be-site/be/svs_core/be=9, 1741643548980
Max suppression time updated to: 96
Received update: /ndn/mk-site/mk/svs_core/mk=9, 1741643551648
Max suppression time updated to: 96
Received update: /ndn/fr1-site/fr1/svs_core/fr1=9, 1741643553735
Max suppression time updated to: 96
Received update: /ndn/lv-site/lv/svs_core/lv=9, 1741643553844
Max suppression time updated to: 96
Received update: /ndn/pl-site/pl/svs_core/pl=9, 1741643554582
Max suppression time updated to: 96
Received update: /ndn/am-site/am/svs_core/am=9, 1741643554706
Max suppression time updated to: 96
Received update: /ndn/uk-site/uk/svs_core/uk=9, 1741643554723
Max suppression time updated to: 96
Max suppression time updated to: 96
Received update: /ndn/cy-site/cy/svs_core/cy=9, 1741643555951
Max suppression time updated to: 96
Received update: /ndn/hr-site/hr/svs_core/hr=9, 1741643555999
Max suppression time updated to: 96
Max suppression time updated to: 96
Max suppression time updated to: 96
Received update: /ndn/md-site/md/svs_core/md=9, 1741643556608
Max suppression time updated to: 96
Received update: /ndn/dk-site/dk/svs_core/dk=9, 1741643558618
Received update: /ndn/fi-site/fi/svs_core/fi=9, 1741643558618
Received update: /ndn/se-site/se/svs_core/se=9, 1741643558618
Published sequence number: /ndn/ge-site/ge/svs_core/ge=9, 1741643564255
Sending Sync interest
Max suppression time updated to: 96
Received update: /ndn/at-site/at/svs_core/at=9, 1741643564328
Max suppression time updated to: 96
Received update: /ndn/by-site/by/svs_core/by=9, 1741643564397
Max suppression time updated to: 96
Max suppression time updated to: 96
Max suppression time updated to: 96
Max suppression time updated to: 96
Max suppression time updated to: 96
Received update: /ndn/tr-site/tr/svs_core/tr=9, 1741643567960
Max suppression time updated to: 96
Received update: /ndn/ro-site/ro/svs_core/ro=9, 1741643568887
Max suppression time updated to: 96
Max suppression time updated to: 96
Received update: /ndn/mt-site/mt/svs_core/mt=9, 1741643569874
Max suppression time updated to: 96
Max suppression time updated to: 96
Max suppression time updated to: 96
Received update: /ndn/no-site/no/svs_core/no=9, 1741643570291
Max suppression time updated to: 96
Max suppression time updated to: 96
Received update: /ndn/fr2-site/fr2/svs_core/fr2=9, 1741643571822
Max suppression time updated to: 96
Received update: /ndn/it-site/it/svs_core/it=9, 1741643573548
Max suppression time updated to: 96
Received update: /ndn/de2-site/de2/svs_core/de2=9, 1741643574565
Max suppression time updated to: 96
Received update: /ndn/me-site/me/svs_core/me=9, 1741643577926
Max suppression time updated to: 96
Received update: /ndn/bg-site/bg/svs_core/bg=9, 1741643578003
Max suppression time updated to: 96
Received update: /ndn/il-site/il/svs_core/il=9, 1741643578066
Max suppression time updated to: 96
Received update: /ndn/es-site/es/svs_core/es=9, 1741643581300
Received update: /ndn/is-site/is/svs_core/is=10, 1741643581300
Received update: /ndn/pt-site/pt/svs_core/pt=9, 1741643581300
Max suppression time updated to: 96
Received update: /ndn/ua-site/ua/svs_core/ua=9, 1741643581477
Max suppression time updated to: 96
Received update: /ndn/ch-site/ch/svs_core/ch=10, 1741643582154
Max suppression time updated to: 96
Received update: /ndn/hu-site/hu/svs_core/hu=10, 1741643585932
Max suppression time updated to: 96
Received update: /ndn/az-site/az/svs_core/az=10, 1741643586043
Max suppression time updated to: 96
Received update: /ndn/al-site/al/svs_core/al=9, 1741643586109
Received update: /ndn/sk-site/sk/svs_core/sk=10, 1741643586109
Max suppression time updated to: 98
Max suppression time updated to: 98
Max suppression time updated to: 98
Max suppression time updated to: 98
Max suppression time updated to: 98
Max suppression time updated to: 98
Max suppression time updated to: 98
Received update: /ndn/cz-site/cz/svs_core/cz=10, 1741643587670
Max suppression time updated to: 98
Received update: /ndn/lu-site/lu/svs_core/lu=10, 1741643587839
Max suppression time updated to: 98
Received update: /ndn/ee-site/ee/svs_core/ee=10, 1741643587947
Max suppression time updated to: 98
Max suppression time updated to: 98
Max suppression time updated to: 98
Received update: /ndn/gr-site/gr/svs_core/gr=10, 1741643588745
Received update: /ndn/lt-site/lt/svs_core/lt=10, 1741643588745
Max suppression time updated to: 98
Received update: /ndn/ie-site/ie/svs_core/ie=10, 1741643592437
Max suppression time updated to: 98
Received update: /ndn/rs-site/rs/svs_core/rs=10, 1741643592612
Max suppression time updated to: 98
Received update: /ndn/si-site/si/svs_core/si=10, 1741643592784
Max suppression time updated to: 98
Received update: /ndn/fi-site/fi/svs_core/fi=10, 1741643593045
Received update: /ndn/nl-site/nl/svs_core/nl=10, 1741643593045
Received update: /ndn/de1-site/de1/svs_core/de1=10, 1741643593045
Max suppression time updated to: 98
Received update: /ndn/be-site/be/svs_core/be=10, 1741643593389
Max suppression time updated to: 98
Received update: /ndn/mk-site/mk/svs_core/mk=10, 1741643596659
Max suppression time updated to: 98
Received update: /ndn/lv-site/lv/svs_core/lv=10, 1741643598607
Max suppression time updated to: 98
Max suppression time updated to: 98
Max suppression time updated to: 98
Max suppression time updated to: 98
Max suppression time updated to: 98
Received update: /ndn/hr-site/hr/svs_core/hr=10, 1741643598932
Max suppression time updated to: 98
Received update: /ndn/fr1-site/fr1/svs_core/fr1=10, 1741643599101
Max suppression time updated to: 98
Received update: /ndn/uk-site/uk/svs_core/uk=10, 1741643599456
Max suppression time updated to: 98
Received update: /ndn/pl-site/pl/svs_core/pl=10, 1741643599577
Max suppression time updated to: 98
Max suppression time updated to: 98
Max suppression time updated to: 98
Max suppression time updated to: 98
Received update: /ndn/cy-site/cy/svs_core/cy=10, 1741643600981
Max suppression time updated to: 98
Received update: /ndn/dk-site/dk/svs_core/dk=10, 1741643602332
Received update: /ndn/no-site/no/svs_core/no=10, 1741643602332
Max suppression time updated to: 98
Published sequence number: /ndn/ge-site/ge/svs_core/ge=10, 1741643609261
Sending Sync interest
Max suppression time updated to: 98
Received update: /ndn/at-site/at/svs_core/at=10, 1741643609384
Max suppression time updated to: 98
Received update: /ndn/am-site/am/svs_core/am=10, 1741643609506
Max suppression time updated to: 98
Received update: /ndn/md-site/md/svs_core/md=10, 1741643612748
Received update: /ndn/ro-site/ro/svs_core/ro=10, 1741643612748
Max suppression time updated to: 98
Received update: /ndn/it-site/it/svs_core/it=10, 1741643618532
Max suppression time updated to: 98
Received update: /ndn/tr-site/tr/svs_core/tr=10, 1741643618600
Received update: /ndn/fr2-site/fr2/svs_core/fr2=10, 1741643618600
Max suppression time updated to: 98
Max suppression time updated to: 98
Max suppression time updated to: 98
Max suppression time updated to: 98
Max suppression time updated to: 98
Max suppression time updated to: 98
Received update: /ndn/pt-site/pt/svs_core/pt=10, 1741643618787
Max suppression time updated to: 98
Max suppression time updated to: 98
Max suppression time updated to: 98
Max suppression time updated to: 98
Received update: /ndn/se-site/se/svs_core/se=10, 1741643619097
Max suppression time updated to: 98
Received update: /ndn/by-site/by/svs_core/by=10, 1741643619224
Max suppression time updated to: 98
Received update: /ndn/de2-site/de2/svs_core/de2=10, 1741643619570
Max suppression time updated to: 98
Received update: /ndn/bg-site/bg/svs_core/bg=10, 1741643620275
Max suppression time updated to: 98
Received update: /ndn/il-site/il/svs_core/il=10, 1741643620853
Max suppression time updated to: 98
Received update: /ndn/me-site/me/svs_core/me=10, 1741643622933
Max suppression time updated to: 98
Received update: /ndn/mt-site/mt/svs_core/mt=10, 1741643623138
Max suppression time updated to: 98
Received update: /ndn/al-site/al/svs_core/al=10, 1741643623604
Max suppression time updated to: 98
Received update: /ndn/es-site/es/svs_core/es=10, 1741643626200
Received update: /ndn/is-site/is/svs_core/is=11, 1741643626200
Max suppression time updated to: 98
Received update: /ndn/ch-site/ch/svs_core/ch=11, 1741643627113
Max suppression time updated to: 98
Received update: /ndn/ua-site/ua/svs_core/ua=10, 1741643627273
Max suppression time updated to: 98
Received update: /ndn/sk-site/sk/svs_core/sk=11, 1741643627803
Max suppression time updated to: 98
Max suppression time updated to: 98
Max suppression time updated to: 98
Max suppression time updated to: 98
Received update: /ndn/cz-site/cz/svs_core/cz=11, 1741643632671
Received update: /ndn/hu-site/hu/svs_core/hu=11, 1741643632671
Max suppression time updated to: 98
Received update: /ndn/ee-site/ee/svs_core/ee=11, 1741643632980
Max suppression time updated to: 98
Received update: /ndn/lu-site/lu/svs_core/lu=11, 1741643633005
Max suppression time updated to: 98
Max suppression time updated to: 98
Max suppression time updated to: 98
Max suppression time updated to: 98
Received update: /ndn/lt-site/lt/svs_core/lt=11, 1741643633193
Max suppression time updated to: 98
Received update: /ndn/gr-site/gr/svs_core/gr=11, 1741643633704
Max suppression time updated to: 98
Received update: /ndn/si-site/si/svs_core/si=11, 1741643635750
Max suppression time updated to: 98
Max suppression time updated to: 98
Max suppression time updated to: 98
Received update: /ndn/az-site/az/svs_core/az=11, 1741643635927
Max suppression time updated to: 98
Received update: /ndn/ie-site/ie/svs_core/ie=11, 1741643637411
Max suppression time updated to: 98
Max suppression time updated to: 98
Max suppression time updated to: 98
Max suppression time updated to: 98
Max suppression time updated to: 98
Max suppression time updated to: 96
Received update: /ndn/de1-site/de1/svs_core/de1=11, 1741643637741
Max suppression time updated to: 96
Received update: /ndn/be-site/be/svs_core/be=11, 1741643638532
Received update: /ndn/nl-site/nl/svs_core/nl=11, 1741643638532
Received update: /ndn/rs-site/rs/svs_core/rs=11, 1741643638532
Max suppression time updated to: 96
Received update: /ndn/fi-site/fi/svs_core/fi=11, 1741643638832
Max suppression time updated to: 96
Received update: /ndn/mk-site/mk/svs_core/mk=11, 1741643641667
Max suppression time updated to: 96
Received update: /ndn/hr-site/hr/svs_core/hr=11, 1741643643985
Received update: /ndn/fr1-site/fr1/svs_core/fr1=11, 1741643643985
Max suppression time updated to: 94
Max suppression time updated to: 94
Max suppression time updated to: 94
Max suppression time updated to: 94
Max suppression time updated to: 94
Max suppression time updated to: 94
Received update: /ndn/am-site/am/svs_core/am=11, 1741643644193
Max suppression time updated to: 94
Received update: /ndn/lv-site/lv/svs_core/lv=11, 1741643644522
Received update: /ndn/uk-site/uk/svs_core/uk=11, 1741643644522
Max suppression time updated to: 94
Max suppression time updated to: 94
Max suppression time updated to: 94
Received update: /ndn/cy-site/cy/svs_core/cy=11, 1741643645912
Received update: /ndn/pl-site/pl/svs_core/pl=11, 1741643645912
Max suppression time updated to: 94
Received update: /ndn/md-site/md/svs_core/md=11, 1741643646583
Max suppression time updated to: 94
Max suppression time updated to: 94
Max suppression time updated to: 94
Received update: /ndn/dk-site/dk/svs_core/dk=11, 1741643646902
Max suppression time updated to: 94
Received update: /ndn/at-site/at/svs_core/at=11, 1741643649015
Published sequence number: /ndn/ge-site/ge/svs_core/ge=11, 1741643654266
Sending Sync interest
Max suppression time updated to: 94
Received update: /ndn/no-site/no/svs_core/no=11, 1741643654369
Max suppression time updated to: 94
Max suppression time updated to: 94
Received update: /ndn/se-site/se/svs_core/se=11, 1741643658004
Received update: /ndn/tr-site/tr/svs_core/tr=11, 1741643658004
Max suppression time updated to: 94
Received update: /ndn/mt-site/mt/svs_core/mt=11, 1741643660402
Received update: /ndn/ro-site/ro/svs_core/ro=11, 1741643660402
Max suppression time updated to: 94
Received update: /ndn/fr2-site/fr2/svs_core/fr2=11, 1741643661860
Max suppression time updated to: 94
Received update: /ndn/il-site/il/svs_core/il=11, 1741643665905
Received update: /ndn/de2-site/de2/svs_core/de2=11, 1741643665905
Max suppression time updated to: 94
Received update: /ndn/by-site/by/svs_core/by=11, 1741643666001
Max suppression time updated to: 94
Max suppression time updated to: 94
Received update: /ndn/it-site/it/svs_core/it=11, 1741643666022
Max suppression time updated to: 94
Max suppression time updated to: 94
Received update: /ndn/bg-site/bg/svs_core/bg=11, 1741643666104
Max suppression time updated to: 94
Max suppression time updated to: 94
Max suppression time updated to: 94
Max suppression time updated to: 94
Received update: /ndn/me-site/me/svs_core/me=11, 1741643667931
Sending Sync interest
Max suppression time updated to: 94
Max suppression time updated to: 94
Max suppression time updated to: 94
Max suppression time updated to: 94
Received update: /ndn/pt-site/pt/svs_core/pt=11, 1741643668137
Max suppression time updated to: 94
Received update: /ndn/al-site/al/svs_core/al=11, 1741643668626
Max suppression time updated to: 94
Received update: /ndn/es-site/es/svs_core/es=11, 1741643668839
Max suppression time updated to: 96
Max suppression time updated to: 96
Max suppression time updated to: 96
Max suppression time updated to: 96
Max suppression time updated to: 96
Max suppression time updated to: 96
Max suppression time updated to: 96
Max suppression time updated to: 96
Max suppression time updated to: 94
Max suppression time updated to: 94
Max suppression time updated to: 94
Received update: /ndn/ua-site/ua/svs_core/ua=11, 1741643670576
Max suppression time updated to: 94
Received update: /ndn/is-site/is/svs_core/is=12, 1741643671201
Max suppression time updated to: 94
Received update: /ndn/sk-site/sk/svs_core/sk=12, 1741643672794
Max suppression time updated to: 94
Received update: /ndn/ch-site/ch/svs_core/ch=12, 1741643672945
Max suppression time updated to: 94
Received update: /ndn/az-site/az/svs_core/az=12, 1741643674139
Max suppression time updated to: 94
Received update: /ndn/hu-site/hu/svs_core/hu=12, 1741643675945
Max suppression time updated to: 94
Received update: /ndn/cz-site/cz/svs_core/cz=12, 1741643677678
Received update: /ndn/lu-site/lu/svs_core/lu=12, 1741643677678
Max suppression time updated to: 94
Received update: /ndn/ee-site/ee/svs_core/ee=12, 1741643677909
Max suppression time updated to: 94
Max suppression time updated to: 94
Max suppression time updated to: 94
Max suppression time updated to: 94
Received update: /ndn/gr-site/gr/svs_core/gr=12, 1741643678724
Max suppression time updated to: 94
Received update: /ndn/lt-site/lt/svs_core/lt=12, 1741643678725
Max suppression time updated to: 94
Max suppression time updated to: 94
Received update: /ndn/fi-site/fi/svs_core/fi=12, 1741643678895
Max suppression time updated to: 94
Received update: /ndn/rs-site/rs/svs_core/rs=12, 1741643679923
Max suppression time updated to: 94
Received update: /ndn/ie-site/ie/svs_core/ie=12, 1741643682429
Max suppression time updated to: 94
Received update: /ndn/de1-site/de1/svs_core/de1=12, 1741643682532
Max suppression time updated to: 94
Received update: /ndn/si-site/si/svs_core/si=12, 1741643682589
Max suppression time updated to: 94
Max suppression time updated to: 94
Max suppression time updated to: 94
Received update: /ndn/mk-site/mk/svs_core/mk=12, 1741643686777
Received update: /ndn/nl-site/nl/svs_core/nl=12, 1741643686777
Max suppression time updated to: 92
Max suppression time updated to: 92
Max suppression time updated to: 92
Received update: /ndn/be-site/be/svs_core/be=12, 1741643686834
Max suppression time updated to: 94
Received update: /ndn/lv-site/lv/svs_core/lv=12, 1741643688595
Max suppression time updated to: 94
Received update: /ndn/fr1-site/fr1/svs_core/fr1=12, 1741643688707
Max suppression time updated to: 94
Received update: /ndn/am-site/am/svs_core/am=12, 1741643688926
Max suppression time updated to: 94
Received update: /ndn/hr-site/hr/svs_core/hr=12, 1741643688937
Max suppression time updated to: 94
Max suppression time updated to: 94
Max suppression time updated to: 94
Max suppression time updated to: 94
Received update: /ndn/uk-site/uk/svs_core/uk=12, 1741643689456
Max suppression time updated to: 94
Received update: /ndn/pl-site/pl/svs_core/pl=12, 1741643689609
Max suppression time updated to: 94
Max suppression time updated to: 94
Max suppression time updated to: 92
Max suppression time updated to: 94
Received update: /ndn/dk-site/dk/svs_core/dk=12, 1741643691588
Max suppression time updated to: 94
Received update: /ndn/cy-site/cy/svs_core/cy=12, 1741643691631
Received update: /ndn/md-site/md/svs_core/md=12, 1741643691631
Max suppression time updated to: 94
Max suppression time updated to: 94
Max suppression time updated to: 94
Max suppression time updated to: 94
Max suppression time updated to: 92
Received update: /ndn/no-site/no/svs_core/no=12, 1741643692217
Sending Sync interest
Max suppression time updated to: 92
Max suppression time updated to: 94
Received update: /ndn/at-site/at/svs_core/at=12, 1741643694025
Published sequence number: /ndn/ge-site/ge/svs_core/ge=12, 1741643699272
Sending Sync interest
Max suppression time updated to: 94
Received update: /ndn/tr-site/tr/svs_core/tr=12, 1741643702994
Max suppression time updated to: 94
Received update: /ndn/pt-site/pt/svs_core/pt=12, 1741643703177
Max suppression time updated to: 94
Received update: /ndn/mt-site/mt/svs_core/mt=12, 1741643704973
Received update: /ndn/ro-site/ro/svs_core/ro=12, 1741643704973
Max suppression time updated to: 94
Max suppression time updated to: 94
Received update: /ndn/fr2-site/fr2/svs_core/fr2=12, 1741643706824
Max suppression time updated to: 94
Received update: /ndn/it-site/it/svs_core/it=12, 1741643708529
Max suppression time updated to: 94
Max suppression time updated to: 92
Max suppression time updated to: 92
Max suppression time updated to: 92
Received update: /ndn/se-site/se/svs_core/se=12, 1741643708855
Max suppression time updated to: 92
Max suppression time updated to: 92
Max suppression time updated to: 92
Max suppression time updated to: 92
Max suppression time updated to: 92
Received update: /ndn/de2-site/de2/svs_core/de2=12, 1741643709577
Max suppression time updated to: 92
Received update: /ndn/bg-site/bg/svs_core/bg=12, 1741643710275
Max suppression time updated to: 92
Received update: /ndn/il-site/il/svs_core/il=12, 1741643710841
Max suppression time updated to: 92
Received update: /ndn/me-site/me/svs_core/me=12, 1741643713029
Max suppression time updated to: 92
Max suppression time updated to: 92
Max suppression time updated to: 92
Received update: /ndn/by-site/by/svs_core/by=12, 1741643713160
Max suppression time updated to: 92
Max suppression time updated to: 94
Received update: /ndn/al-site/al/svs_core/al=12, 1741643713596
Max suppression time updated to: 94
Received update: /ndn/is-site/is/svs_core/is=13, 1741643716213
Max suppression time updated to: 94
Received update: /ndn/ch-site/ch/svs_core/ch=13, 1741643717161
Max suppression time updated to: 94
Received update: /ndn/hu-site/hu/svs_core/hu=13, 1741643720948
Max suppression time updated to: 94
Received update: /ndn/es-site/es/svs_core/es=12, 1741643721131
Max suppression time updated to: 94
Received update: /ndn/fi-site/fi/svs_core/fi=13, 1741643721158
Max suppression time updated to: 94
Received update: /ndn/az-site/az/svs_core/az=13, 1741643721244
Max suppression time updated to: 94
Received update: /ndn/sk-site/sk/svs_core/sk=13, 1741643721312
Received update: /ndn/ua-site/ua/svs_core/ua=12, 1741643721312
Max suppression time updated to: 94
Received update: /ndn/lu-site/lu/svs_core/lu=13, 1741643721430
Max suppression time updated to: 94
Received update: /ndn/lt-site/lt/svs_core/lt=13, 1741643722174
Max suppression time updated to: 94
Max suppression time updated to: 94
Max suppression time updated to: 94
Max suppression time updated to: 94
Received update: /ndn/cz-site/cz/svs_core/cz=13, 1741643722684
Max suppression time updated to: 94
Received update: /ndn/ee-site/ee/svs_core/ee=13, 1741643722918
Max suppression time updated to: 94
Received update: /ndn/gr-site/gr/svs_core/gr=13, 1741643723726
Max suppression time updated to: 94
Received update: /ndn/rs-site/rs/svs_core/rs=13, 1741643724919
Max suppression time updated to: 94
Max suppression time updated to: 94
Max suppression time updated to: 94
Max suppression time updated to: 94
Max suppression time updated to: 94
Max suppression time updated to: 94
Received update: /ndn/si-site/si/svs_core/si=13, 1741643725760
Max suppression time updated to: 94
Received update: /ndn/ie-site/ie/svs_core/ie=13, 1741643727507
Max suppression time updated to: 94
Max suppression time updated to: 94
Max suppression time updated to: 94
Received update: /ndn/de1-site/de1/svs_core/de1=13, 1741643727547
Max suppression time updated to: 94
Received update: /ndn/mk-site/mk/svs_core/mk=13, 1741643731663
Max suppression time updated to: 94
Received update: /ndn/be-site/be/svs_core/be=13, 1741643731947
Received update: /ndn/nl-site/nl/svs_core/nl=13, 1741643731947
Max suppression time updated to: 94
Received update: /ndn/am-site/am/svs_core/am=13, 1741643733912
Max suppression time updated to: 94
Received update: /ndn/hr-site/hr/svs_core/hr=13, 1741643734060
Received update: /ndn/fr1-site/fr1/svs_core/fr1=13, 1741643734060
Max suppression time updated to: 94
Max suppression time updated to: 94
Max suppression time updated to: 94
Max suppression time updated to: 94
Received update: /ndn/uk-site/uk/svs_core/uk=13, 1741643734456
Max suppression time updated to: 94
Received update: /ndn/cy-site/cy/svs_core/cy=13, 1741643735931
Max suppression time updated to: 94
Received update: /ndn/pl-site/pl/svs_core/pl=13, 1741643736036
Max suppression time updated to: 94
Received update: /ndn/lv-site/lv/svs_core/lv=13, 1741643737295
Received update: /ndn/md-site/md/svs_core/md=13, 1741643737295
Received update: /ndn/no-site/no/svs_core/no=13, 1741643737295
Max suppression time updated to: 94
Max suppression time updated to: 94
Max suppression time updated to: 94
Max suppression time updated to: 94
Max suppression time updated to: 94
Max suppression time updated to: 94
Max suppression time updated to: 94
Received update: /ndn/dk-site/dk/svs_core/dk=13, 1741643737624
Max suppression time updated to: 94
Max suppression time updated to: 94
Received update: /ndn/se-site/se/svs_core/se=13, 1741643738624
Max suppression time updated to: 94
Received update: /ndn/at-site/at/svs_core/at=13, 1741643739025
Published sequence number: /ndn/ge-site/ge/svs_core/ge=13, 1741643744276
Sending Sync interest
Max suppression time updated to: 94
Received update: /ndn/ro-site/ro/svs_core/ro=13, 1741643747772
Max suppression time updated to: 94
Max suppression time updated to: 94
Max suppression time updated to: 92
Max suppression time updated to: 92
Received update: /ndn/tr-site/tr/svs_core/tr=13, 1741643747979
Max suppression time updated to: 92
Received update: /ndn/mt-site/mt/svs_core/mt=13, 1741643749893
Max suppression time updated to: 92
Max suppression time updated to: 92
Received update: /ndn/it-site/it/svs_core/it=13, 1741643753532
Max suppression time updated to: 92
Received update: /ndn/by-site/by/svs_core/by=13, 1741643753673
Max suppression time updated to: 92
Received update: /ndn/fr2-site/fr2/svs_core/fr2=13, 1741643753705
Max suppression time updated to: 92
Max suppression time updated to: 92
Received update: /ndn/pt-site/pt/svs_core/pt=13, 1741643753944
Max suppression time updated to: 92
Max suppression time updated to: 92
Max suppression time updated to: 92
Received update: /ndn/de2-site/de2/svs_core/de2=13, 1741643754579
Max suppression time updated to: 92
Received update: /ndn/bg-site/bg/svs_core/bg=13, 1741643755317
Max suppression time updated to: 92
Received update: /ndn/il-site/il/svs_core/il=13, 1741643755846
Max suppression time updated to: 92
Received update: /ndn/es-site/es/svs_core/es=13, 1741643761509
Received update: /ndn/is-site/is/svs_core/is=14, 1741643761509
Received update: /ndn/me-site/me/svs_core/me=13, 1741643761509
Max suppression time updated to: 92
Received update: /ndn/ua-site/ua/svs_core/ua=13, 1741643761699
Max suppression time updated to: 92
Received update: /ndn/al-site/al/svs_core/al=13, 1741643761865
Max suppression time updated to: 94
Received update: /ndn/ch-site/ch/svs_core/ch=14, 1741643762180
Max suppression time updated to: 94
Received update: /ndn/az-site/az/svs_core/az=14, 1741643764188
Received update: /ndn/sk-site/sk/svs_core/sk=14, 1741643764188
Max suppression time updated to: 94
Received update: /ndn/hu-site/hu/svs_core/hu=14, 1741643765956
Max suppression time updated to: 94
Received update: /ndn/lu-site/lu/svs_core/lu=14, 1741643766396
Max suppression time updated to: 92
Received update: /ndn/lt-site/lt/svs_core/lt=14, 1741643767260
Max suppression time updated to: 92
Received update: /ndn/cz-site/cz/svs_core/cz=14, 1741643767681
Max suppression time updated to: 92
Received update: /ndn/ee-site/ee/svs_core/ee=14, 1741643767905
Max suppression time updated to: 92
Max suppression time updated to: 92
Max suppression time updated to: 92
Max suppression time updated to: 92
Max suppression time updated to: 92
Received update: /ndn/gr-site/gr/svs_core/gr=14, 1741643768719
Max suppression time updated to: 92
Received update: /ndn/ie-site/ie/svs_core/ie=14, 1741643772431
Max suppression time updated to: 92
Max suppression time updated to: 92
Max suppression time updated to: 92
Max suppression time updated to: 92
Max suppression time updated to: 92
Max suppression time updated to: 92
Received update: /ndn/nl-site/nl/svs_core/nl=14, 1741643773037
Max suppression time updated to: 92
Received update: /ndn/be-site/be/svs_core/be=14, 1741643773410
Max suppression time updated to: 92
Received update: /ndn/de1-site/de1/svs_core/de1=14, 1741643773514
Max suppression time updated to: 94
Received update: /ndn/fi-site/fi/svs_core/fi=14, 1741643773853
Sending Sync interest
Max suppression time updated to: 94
Max suppression time updated to: 94
Max suppression time updated to: 94
Sending Sync interest
Max suppression time updated to: 94
Received update: /ndn/rs-site/rs/svs_core/rs=14, 1741643774088
Max suppression time updated to: 94
Max suppression time updated to: 94
Max suppression time updated to: 94
Received update: /ndn/si-site/si/svs_core/si=14, 1741643774193
Max suppression time updated to: 94
Max suppression time updated to: 94
Max suppression time updated to: 94
Max suppression time updated to: 94
Received update: /ndn/mk-site/mk/svs_core/mk=14, 1741643779551
Received update: /ndn/uk-site/uk/svs_core/uk=14, 1741643779551
Max suppression time updated to: 94
Max suppression time updated to: 94
Received update: /ndn/pl-site/pl/svs_core/pl=14, 1741643779590
Max suppression time updated to: 94
Max suppression time updated to: 94
Received update: /ndn/lv-site/lv/svs_core/lv=14, 1741643779661
Max suppression time updated to: 94
Received update: /ndn/cy-site/cy/svs_core/cy=14, 1741643780927
Received update: /ndn/hr-site/hr/svs_core/hr=14, 1741643780927
Max suppression time updated to: 94
Received update: /ndn/fr1-site/fr1/svs_core/fr1=14, 1741643781177
Max suppression time updated to: 94
Received update: /ndn/dk-site/dk/svs_core/dk=14, 1741643783716
Received update: /ndn/se-site/se/svs_core/se=14, 1741643783716
Max suppression time updated to: 94
Received update: /ndn/md-site/md/svs_core/md=14, 1741643783921
Published sequence number: /ndn/ge-site/ge/svs_core/ge=14, 1741643789279
Sending Sync interest
Max suppression time updated to: 94
Received update: /ndn/at-site/at/svs_core/at=14, 1741643792287
Received update: /ndn/pt-site/pt/svs_core/pt=14, 1741643792287
Sending Sync interest
Max suppression time updated to: 94
Received update: /ndn/am-site/am/svs_core/am=14, 1741643792540
Max suppression time updated to: 94
Received update: /ndn/ro-site/ro/svs_core/ro=14, 1741643792772
Sending Sync interest
Max suppression time updated to: 94
Received update: /ndn/by-site/by/svs_core/by=14, 1741643792892
Max suppression time updated to: 94
Max suppression time updated to: 94
Max suppression time updated to: 94
Received update: /ndn/tr-site/tr/svs_core/tr=14, 1741643792977
Max suppression time updated to: 96
Max suppression time updated to: 96
Max suppression time updated to: 96
Max suppression time updated to: 96
Max suppression time updated to: 96
Max suppression time updated to: 96
Received update: /ndn/fr2-site/fr2/svs_core/fr2=14, 1741643796841
Max suppression time updated to: 96
Received update: /ndn/mt-site/mt/svs_core/mt=14, 1741643797007
Max suppression time updated to: 96
Received update: /ndn/il-site/il/svs_core/il=14, 1741643800846
Received update: /ndn/it-site/it/svs_core/it=14, 1741643800846
Max suppression time updated to: 96
Received update: /ndn/de2-site/de2/svs_core/de2=14, 1741643800993
Max suppression time updated to: 96
Max suppression time updated to: 96
Max suppression time updated to: 96
Received update: /ndn/bg-site/bg/svs_core/bg=14, 1741643801117
Max suppression time updated to: 96
Received update: /ndn/me-site/me/svs_core/me=14, 1741643802940
Max suppression time updated to: 96
Max suppression time updated to: 96
Max suppression time updated to: 98
Received update: /ndn/ua-site/ua/svs_core/ua=14, 1741643805278
Sending Sync interest
Max suppression time updated to: 98
Received update: /ndn/no-site/no/svs_core/no=14, 1741643805389
Max suppression time updated to: 98
Max suppression time updated to: 98
Max suppression time updated to: 98
Max suppression time updated to: 98
Max suppression time updated to: 98
Max suppression time updated to: 98
Received update: /ndn/es-site/es/svs_core/es=14, 1741643805551
Max suppression time updated to: 98
Received update: /ndn/al-site/al/svs_core/al=14, 1741643805563
Max suppression time updated to: 96
Max suppression time updated to: 96
Max suppression time updated to: 96
Max suppression time updated to: 96
Received update: /ndn/ch-site/ch/svs_core/ch=15, 1741643807157
Max suppression time updated to: 96
Received update: /ndn/is-site/is/svs_core/is=15, 1741643807289
Max suppression time updated to: 96
Max suppression time updated to: 96
Received update: /ndn/sk-site/sk/svs_core/sk=15, 1741643807807
Max suppression time updated to: 96
Received update: /ndn/fi-site/fi/svs_core/fi=15, 1741643808048
Max suppression time updated to: 96
Received update: /ndn/hu-site/hu/svs_core/hu=15, 1741643811404
Received update: /ndn/lu-site/lu/svs_core/lu=15, 1741643811404
Max suppression time updated to: 96
Received update: /ndn/lt-site/lt/svs_core/lt=15, 1741643812204
Max suppression time updated to: 96
Received update: /ndn/cz-site/cz/svs_core/cz=15, 1741643812700
Max suppression time updated to: 98
Received update: /ndn/az-site/az/svs_core/az=15, 1741643812826
Max suppression time updated to: 98
Received update: /ndn/gr-site/gr/svs_core/gr=15, 1741643813720
Max suppression time updated to: 98
Received update: /ndn/rs-site/rs/svs_core/rs=15, 1741643814929
Max suppression time updated to: 96
Received update: /ndn/ie-site/ie/svs_core/ie=15, 1741643817440
Max suppression time updated to: 98
Received update: /ndn/nl-site/nl/svs_core/nl=15, 1741643818054
Max suppression time updated to: 96
Received update: /ndn/ee-site/ee/svs_core/ee=15, 1741643818311
Received update: /ndn/de1-site/de1/svs_core/de1=15, 1741643818311
Max suppression time updated to: 96
Received update: /ndn/si-site/si/svs_core/si=15, 1741643818473
Max suppression time updated to: 96
Received update: /ndn/fr1-site/fr1/svs_core/fr1=15, 1741643823760
Max suppression time updated to: 96
Max suppression time updated to: 96
Max suppression time updated to: 96
Max suppression time updated to: 96
Max suppression time updated to: 96
Received update: /ndn/mk-site/mk/svs_core/mk=15, 1741643823875
Max suppression time updated to: 96
Max suppression time updated to: 96
Received update: /ndn/be-site/be/svs_core/be=15, 1741643823950
Max suppression time updated to: 96
Received update: /ndn/am-site/am/svs_core/am=15, 1741643824519
Received update: /ndn/uk-site/uk/svs_core/uk=15, 1741643824519
Max suppression time updated to: 96
Max suppression time updated to: 96
Max suppression time updated to: 96
Received update: /ndn/lv-site/lv/svs_core/lv=15, 1741643824586
Max suppression time updated to: 96
Received update: /ndn/pl-site/pl/svs_core/pl=15, 1741643824591
Max suppression time updated to: 96
Max suppression time updated to: 96
Max suppression time updated to: 96
Max suppression time updated to: 96
Received update: /ndn/hr-site/hr/svs_core/hr=15, 1741643824842
Max suppression time updated to: 96
Max suppression time updated to: 98
Max suppression time updated to: 98
Max suppression time updated to: 98
Max suppression time updated to: 98
Max suppression time updated to: 98
Max suppression time updated to: 98
Received update: /ndn/cy-site/cy/svs_core/cy=15, 1741643825929
Max suppression time updated to: 96
Received update: /ndn/dk-site/dk/svs_core/dk=15, 1741643826596
Max suppression time updated to: 96
Received update: /ndn/md-site/md/svs_core/md=15, 1741643826605
Max suppression time updated to: 96
Max suppression time updated to: 96
Max suppression time updated to: 96
Max suppression time updated to: 96
Max suppression time updated to: 96
Max suppression time updated to: 96
Max suppression time updated to: 96
Max suppression time updated to: 96
Max suppression time updated to: 96
Max suppression time updated to: 96
Max suppression time updated to: 96
Published sequence number: /ndn/ge-site/ge/svs_core/ge=15, 1741643834282
Sending Sync interest
Max suppression time updated to: 96
Received update: /ndn/at-site/at/svs_core/at=15, 1741643834414
Max suppression time updated to: 96
Received update: /ndn/pt-site/pt/svs_core/pt=15, 1741643837371
Max suppression time updated to: 96
Received update: /ndn/by-site/by/svs_core/by=15, 1741643837818
Received update: /ndn/ro-site/ro/svs_core/ro=15, 1741643837818
Max suppression time updated to: 96
Received update: /ndn/tr-site/tr/svs_core/tr=15, 1741643837985
Max suppression time updated to: 96
Received update: /ndn/mt-site/mt/svs_core/mt=15, 1741643839914
Max suppression time updated to: 96
Max suppression time updated to: 96
Max suppression time updated to: 96
Max suppression time updated to: 96
Max suppression time updated to: 96
Max suppression time updated to: 96
Max suppression time updated to: 96
Received update: /ndn/no-site/no/svs_core/no=15, 1741643840107
Received update: /ndn/se-site/se/svs_core/se=15, 1741643840107
Max suppression time updated to: 96
Max suppression time updated to: 96
Received update: /ndn/fr2-site/fr2/svs_core/fr2=15, 1741643841886
Max suppression time updated to: 96
Received update: /ndn/de2-site/de2/svs_core/de2=15, 1741643844581
Max suppression time updated to: 96
Received update: /ndn/it-site/it/svs_core/it=15, 1741643844675
Max suppression time updated to: 96
Max suppression time updated to: 96
Received update: /ndn/bg-site/bg/svs_core/bg=15, 1741643845308
Max suppression time updated to: 96
Received update: /ndn/ch-site/ch/svs_core/ch=16, 1741643852153
Received update: /ndn/il-site/il/svs_core/il=15, 1741643852153
Max suppression time updated to: 96
Received update: /ndn/sk-site/sk/svs_core/sk=16, 1741643852835
Max suppression time updated to: 96
Received update: /ndn/es-site/es/svs_core/es=15, 1741643853025
Max suppression time updated to: 96
Received update: /ndn/is-site/is/svs_core/is=16, 1741643853061
Max suppression time updated to: 96
Received update: /ndn/ua-site/ua/svs_core/ua=15, 1741643853193
Max suppression time updated to: 96
Max suppression time updated to: 96
Max suppression time updated to: 96
Received update: /ndn/al-site/al/svs_core/al=15, 1741643853279
Max suppression time updated to: 96
Received update: /ndn/me-site/me/svs_core/me=15, 1741643853380
Max suppression time updated to: 96
Max suppression time updated to: 96
Received update: /ndn/fi-site/fi/svs_core/fi=16, 1741643854013
Max suppression time updated to: 96
Max suppression time updated to: 96
Max suppression time updated to: 96
Max suppression time updated to: 96
Received update: /ndn/lu-site/lu/svs_core/lu=16, 1741643856412
Max suppression time updated to: 96
Received update: /ndn/hu-site/hu/svs_core/hu=16, 1741643856500
Max suppression time updated to: 96
Received update: /ndn/az-site/az/svs_core/az=16, 1741643856531
Max suppression time updated to: 96
Max suppression time updated to: 96
Max suppression time updated to: 96
Max suppression time updated to: 96
Received update: /ndn/lt-site/lt/svs_core/lt=16, 1741643857205
Max suppression time updated to: 98
Received update: /ndn/cz-site/cz/svs_core/cz=16, 1741643857713
Max suppression time updated to: 96
Max suppression time updated to: 96
Max suppression time updated to: 96
Max suppression time updated to: 96
Max suppression time updated to: 96
Max suppression time updated to: 96
Received update: /ndn/ee-site/ee/svs_core/ee=16, 1741643858004
Max suppression time updated to: 96
Max suppression time updated to: 96
Received update: /ndn/rs-site/rs/svs_core/rs=16, 1741643859936
Max suppression time updated to: 96
Received update: /ndn/gr-site/gr/svs_core/gr=16, 1741643860048
Max suppression time updated to: 96
Received update: /ndn/si-site/si/svs_core/si=16, 1741643860790
Max suppression time updated to: 96
Received update: /ndn/ie-site/ie/svs_core/ie=16, 1741643862513
Max suppression time updated to: 96
Max suppression time updated to: 96
Max suppression time updated to: 96
Received update: /ndn/nl-site/nl/svs_core/nl=16, 1741643863041
Max suppression time updated to: 96
Received update: /ndn/be-site/be/svs_core/be=16, 1741643863442
Max suppression time updated to: 96
Max suppression time updated to: 96
Max suppression time updated to: 96
Max suppression time updated to: 96
Received update: /ndn/de1-site/de1/svs_core/de1=16, 1741643863593
Max suppression time updated to: 96
Received update: /ndn/lv-site/lv/svs_core/lv=16, 1741643868596
Max suppression time updated to: 96
Received update: /ndn/mk-site/mk/svs_core/mk=16, 1741643868808
Max suppression time updated to: 96
Received update: /ndn/am-site/am/svs_core/am=16, 1741643868911
Max suppression time updated to: 96
Received update: /ndn/hr-site/hr/svs_core/hr=16, 1741643868935
Max suppression time updated to: 96
Received update: /ndn/fr1-site/fr1/svs_core/fr1=16, 1741643869018
Max suppression time updated to: 96
Max suppression time updated to: 96
Max suppression time updated to: 96
Max suppression time updated to: 96
Max suppression time updated to: 96
Max suppression time updated to: 96
Received update: /ndn/uk-site/uk/svs_core/uk=16, 1741643869474
Max suppression time updated to: 96
Received update: /ndn/pl-site/pl/svs_core/pl=16, 1741643869589
Max suppression time updated to: 96
Received update: /ndn/cy-site/cy/svs_core/cy=16, 1741643870950
Max suppression time updated to: 96
Received update: /ndn/dk-site/dk/svs_core/dk=16, 1741643871613
Max suppression time updated to: 96
Max suppression time updated to: 96
Max suppression time updated to: 96
Max suppression time updated to: 96
Max suppression time updated to: 96
Max suppression time updated to: 96
Max suppression time updated to: 96
Received update: /ndn/at-site/at/svs_core/at=16, 1741643874031
Max suppression time updated to: 96
Received update: /ndn/by-site/by/svs_core/by=16, 1741643876383
Max suppression time updated to: 96
Received update: /ndn/no-site/no/svs_core/no=16, 1741643876473
Received update: /ndn/se-site/se/svs_core/se=16, 1741643876473
Max suppression time updated to: 96
Max suppression time updated to: 96
Max suppression time updated to: 96
Max suppression time updated to: 96
Max suppression time updated to: 96
Received update: /ndn/md-site/md/svs_core/md=16, 1741643876868
Published sequence number: /ndn/ge-site/ge/svs_core/ge=16, 1741643879289
Max suppression time updated to: 96
Received update: /ndn/ro-site/ro/svs_core/ro=16, 1741643882828
Sending Sync interest
Max suppression time updated to: 96
Received update: /ndn/pt-site/pt/svs_core/pt=16, 1741643882942
Max suppression time updated to: 96
Max suppression time updated to: 96
Max suppression time updated to: 96
Received update: /ndn/mt-site/mt/svs_core/mt=16, 1741643884913
Max suppression time updated to: 96
Received update: /ndn/tr-site/tr/svs_core/tr=16, 1741643885045
Max suppression time updated to: 96
Received update: /ndn/fr2-site/fr2/svs_core/fr2=16, 1741643886849
Max suppression time updated to: 96
Max suppression time updated to: 96
Max suppression time updated to: 96
Received update: /ndn/it-site/it/svs_core/it=16, 1741643888548
Max suppression time updated to: 96
Received update: /ndn/de2-site/de2/svs_core/de2=16, 1741643889589
Max suppression time updated to: 96
Received update: /ndn/me-site/me/svs_core/me=16, 1741643892949
Max suppression time updated to: 96
Received update: /ndn/il-site/il/svs_core/il=16, 1741643893093
Max suppression time updated to: 96
Received update: /ndn/bg-site/bg/svs_core/bg=16, 1741643893116
Max suppression time updated to: 96
Max suppression time updated to: 96
Received update: /ndn/al-site/al/svs_core/al=16, 1741643893612
Max suppression time updated to: 96
Max suppression time updated to: 96
Max suppression time updated to: 96
Max suppression time updated to: 96
Max suppression time updated to: 96
Received update: /ndn/es-site/es/svs_core/es=16, 1741643893855
Max suppression time updated to: 98
Max suppression time updated to: 98
Max suppression time updated to: 98
Max suppression time updated to: 98
Max suppression time updated to: 98
Received update: /ndn/ua-site/ua/svs_core/ua=16, 1741643895370
Max suppression time updated to: 98
Max suppression time updated to: 98
Max suppression time updated to: 98
Stopping SVS client: /ndn/ge-site/ge/svs_core/ge
