SVS client starting: /ndn/il-site/il/svs_core/il
Sending Sync interest
Received update: /ndn/at-site/at/svs_core/at=1, 1741717966079
Published sequence number: /ndn/il-site/il/svs_core/il=1, 1741717967362
Sending Sync interest
Received update: /ndn/al-site/al/svs_core/al=1, 1741717967605
Received update: /ndn/si-site/si/svs_core/si=1, 1741717968008
Received update: /ndn/pl-site/pl/svs_core/pl=1, 1741717968348
Received update: /ndn/nl-site/nl/svs_core/nl=1, 1741717969227
Received update: /ndn/am-site/am/svs_core/am=1, 1741717969518
Received update: /ndn/ge-site/ge/svs_core/ge=1, 1741717971431
Received update: /ndn/dk-site/dk/svs_core/dk=1, 1741717972193
Received update: /ndn/se-site/se/svs_core/se=1, 1741717972427
Received update: /ndn/gr-site/gr/svs_core/gr=1, 1741717972440
Received update: /ndn/no-site/no/svs_core/no=1, 1741717975504
Received update: /ndn/uk-site/uk/svs_core/uk=1, 1741717976886
Received update: /ndn/fr1-site/fr1/svs_core/fr1=1, 1741717980099
Received update: /ndn/lt-site/lt/svs_core/lt=1, 1741717980161
Received update: /ndn/by-site/by/svs_core/by=1, 1741717980403
Received update: /ndn/de2-site/de2/svs_core/de2=1, 1741717982251
Received update: /ndn/es-site/es/svs_core/es=1, 1741717982552
Received update: /ndn/fr2-site/fr2/svs_core/fr2=1, 1741717982820
Received update: /ndn/md-site/md/svs_core/md=1, 1741717982986
Received update: /ndn/be-site/be/svs_core/be=1, 1741717983726
Received update: /ndn/ua-site/ua/svs_core/ua=1, 1741717983995
Received update: /ndn/ch-site/ch/svs_core/ch=1, 1741717984739
Received update: /ndn/pt-site/pt/svs_core/pt=1, 1741717986104
Received update: /ndn/me-site/me/svs_core/me=1, 1741717986466
Received update: /ndn/cy-site/cy/svs_core/cy=1, 1741717990221
Received update: /ndn/is-site/is/svs_core/is=1, 1741717990221
Received update: /ndn/mk-site/mk/svs_core/mk=1, 1741717990494
Received update: /ndn/ee-site/ee/svs_core/ee=1, 1741717990668
Received update: /ndn/ro-site/ro/svs_core/ro=1, 1741717991245
Received update: /ndn/bg-site/bg/svs_core/bg=1, 1741717992062
Received update: /ndn/rs-site/rs/svs_core/rs=1, 1741717992100
Received update: /ndn/cz-site/cz/svs_core/cz=1, 1741717992282
Received update: /ndn/it-site/it/svs_core/it=1, 1741717996452
Received update: /ndn/hr-site/hr/svs_core/hr=1, 1741717999329
Received update: /ndn/fi-site/fi/svs_core/fi=1, 1741718000777
Received update: /ndn/lv-site/lv/svs_core/lv=1, 1741718000782
Received update: /ndn/az-site/az/svs_core/az=1, 1741718003040
Received update: /ndn/mt-site/mt/svs_core/mt=1, 1741718007533
Sending Sync interest
Received update: /ndn/hu-site/hu/svs_core/hu=1, 1741718007779
Received update: /ndn/sk-site/sk/svs_core/sk=1, 1741718007779
Max suppression time updated to: 160
Received update: /ndn/de1-site/de1/svs_core/de1=1, 1741718008000
Max suppression time updated to: 175
Max suppression time updated to: 175
Received update: /ndn/ie-site/ie/svs_core/ie=1, 1741718008008
Max suppression time updated to: 200
Max suppression time updated to: 220
Received update: /ndn/lu-site/lu/svs_core/lu=1, 1741718008461
Received update: /ndn/tr-site/tr/svs_core/tr=1, 1741718009054
Published sequence number: /ndn/il-site/il/svs_core/il=2, 1741718012367
Sending Sync interest
Received update: /ndn/al-site/al/svs_core/al=2, 1741718012635
Received update: /ndn/at-site/at/svs_core/at=2, 1741718012749
Sending Sync interest
Received update: /ndn/si-site/si/svs_core/si=2, 1741718012983
Received update: /ndn/nl-site/nl/svs_core/nl=2, 1741718014229
Received update: /ndn/pl-site/pl/svs_core/pl=2, 1741718014415
Received update: /ndn/ge-site/ge/svs_core/ge=2, 1741718016437
Received update: /ndn/gr-site/gr/svs_core/gr=2, 1741718016453
Received update: /ndn/am-site/am/svs_core/am=2, 1741718016665
Received update: /ndn/se-site/se/svs_core/se=2, 1741718016724
Received update: /ndn/dk-site/dk/svs_core/dk=2, 1741718017200
Received update: /ndn/no-site/no/svs_core/no=2, 1741718020543
Received update: /ndn/by-site/by/svs_core/by=2, 1741718020752
Received update: /ndn/uk-site/uk/svs_core/uk=2, 1741718021929
Received update: /ndn/md-site/md/svs_core/md=2, 1741718022965
Received update: /ndn/fr1-site/fr1/svs_core/fr1=2, 1741718025127
Received update: /ndn/lt-site/lt/svs_core/lt=2, 1741718025175
Received update: /ndn/de2-site/de2/svs_core/de2=2, 1741718027251
Received update: /ndn/es-site/es/svs_core/es=2, 1741718027542
Received update: /ndn/ua-site/ua/svs_core/ua=2, 1741718028472
Received update: /ndn/fr2-site/fr2/svs_core/fr2=2, 1741718028472
Received update: /ndn/be-site/be/svs_core/be=2, 1741718028736
Received update: /ndn/ch-site/ch/svs_core/ch=2, 1741718029754
Received update: /ndn/pt-site/pt/svs_core/pt=2, 1741718031073
Received update: /ndn/me-site/me/svs_core/me=2, 1741718031489
Received update: /ndn/mk-site/mk/svs_core/mk=2, 1741718032669
Received update: /ndn/is-site/is/svs_core/is=2, 1741718032818
Received update: /ndn/cy-site/cy/svs_core/cy=2, 1741718035245
Received update: /ndn/ee-site/ee/svs_core/ee=2, 1741718035660
Received update: /ndn/ro-site/ro/svs_core/ro=2, 1741718036292
Received update: /ndn/rs-site/rs/svs_core/rs=2, 1741718037091
Received update: /ndn/cz-site/cz/svs_core/cz=2, 1741718037343
Received update: /ndn/bg-site/bg/svs_core/bg=2, 1741718037422
Received update: /ndn/it-site/it/svs_core/it=2, 1741718041490
Received update: /ndn/hr-site/hr/svs_core/hr=2, 1741718044333
Received update: /ndn/lv-site/lv/svs_core/lv=2, 1741718045801
Received update: /ndn/az-site/az/svs_core/az=2, 1741718048044
Received update: /ndn/fi-site/fi/svs_core/fi=2, 1741718051151
Received update: /ndn/hu-site/hu/svs_core/hu=2, 1741718051151
Received update: /ndn/de1-site/de1/svs_core/de1=2, 1741718051713
Received update: /ndn/ie-site/ie/svs_core/ie=2, 1741718051920
Received update: /ndn/lu-site/lu/svs_core/lu=2, 1741718053005
Received update: /ndn/sk-site/sk/svs_core/sk=2, 1741718053105
Received update: /ndn/mt-site/mt/svs_core/mt=2, 1741718054056
Received update: /ndn/tr-site/tr/svs_core/tr=2, 1741718054056
Published sequence number: /ndn/il-site/il/svs_core/il=3, 1741718057368
Sending Sync interest
Max suppression time updated to: 205
Received update: /ndn/at-site/at/svs_core/at=3, 1741718057624
Max suppression time updated to: 205
Max suppression time updated to: 225
Received update: /ndn/al-site/al/svs_core/al=3, 1741718057994
Received update: /ndn/si-site/si/svs_core/si=3, 1741718057994
Received update: /ndn/nl-site/nl/svs_core/nl=3, 1741718059230
Received update: /ndn/pl-site/pl/svs_core/pl=3, 1741718059230
Received update: /ndn/am-site/am/svs_core/am=3, 1741718059520
Received update: /ndn/se-site/se/svs_core/se=3, 1741718060629
Received update: /ndn/gr-site/gr/svs_core/gr=3, 1741718061490
Received update: /ndn/by-site/by/svs_core/by=3, 1741718062746
Received update: /ndn/dk-site/dk/svs_core/dk=3, 1741718063223
Received update: /ndn/ge-site/ge/svs_core/ge=3, 1741718063223
Received update: /ndn/no-site/no/svs_core/no=3, 1741718065550
Received update: /ndn/uk-site/uk/svs_core/uk=3, 1741718070139
Received update: /ndn/fr1-site/fr1/svs_core/fr1=3, 1741718070139
Received update: /ndn/lt-site/lt/svs_core/lt=3, 1741718070172
Received update: /ndn/es-site/es/svs_core/es=3, 1741718071083
Received update: /ndn/de2-site/de2/svs_core/de2=3, 1741718072294
Received update: /ndn/fr2-site/fr2/svs_core/fr2=3, 1741718072840
Received update: /ndn/md-site/md/svs_core/md=3, 1741718073103
Received update: /ndn/ua-site/ua/svs_core/ua=3, 1741718073476
Received update: /ndn/be-site/be/svs_core/be=3, 1741718073740
Received update: /ndn/ch-site/ch/svs_core/ch=3, 1741718074749
Received update: /ndn/me-site/me/svs_core/me=3, 1741718076471
Received update: /ndn/pt-site/pt/svs_core/pt=3, 1741718076471
Received update: /ndn/is-site/is/svs_core/is=3, 1741718077030
Received update: /ndn/mk-site/mk/svs_core/mk=3, 1741718077660
Received update: /ndn/cy-site/cy/svs_core/cy=3, 1741718080240
Received update: /ndn/bg-site/bg/svs_core/bg=3, 1741718082076
Received update: /ndn/rs-site/rs/svs_core/rs=3, 1741718082103
Received update: /ndn/cz-site/cz/svs_core/cz=3, 1741718082389
Received update: /ndn/ee-site/ee/svs_core/ee=3, 1741718082443
Received update: /ndn/ro-site/ro/svs_core/ro=3, 1741718082490
Received update: /ndn/hr-site/hr/svs_core/hr=3, 1741718089365
Received update: /ndn/it-site/it/svs_core/it=3, 1741718089571
Received update: /ndn/lv-site/lv/svs_core/lv=3, 1741718090786
Received update: /ndn/fi-site/fi/svs_core/fi=3, 1741718090789
Sending Sync interest
Sending Sync interest
Received update: /ndn/hu-site/hu/svs_core/hu=3, 1741718095833
Received update: /ndn/de1-site/de1/svs_core/de1=3, 1741718096683
Received update: /ndn/az-site/az/svs_core/az=3, 1741718096844
Received update: /ndn/ie-site/ie/svs_core/ie=3, 1741718096955
Received update: /ndn/lu-site/lu/svs_core/lu=3, 1741718098007
Received update: /ndn/tr-site/tr/svs_core/tr=3, 1741718099060
Received update: /ndn/sk-site/sk/svs_core/sk=3, 1741718099211
Received update: /ndn/mt-site/mt/svs_core/mt=3, 1741718099384
Received update: /ndn/at-site/at/svs_core/at=4, 1741718101094
Published sequence number: /ndn/il-site/il/svs_core/il=4, 1741718102374
Sending Sync interest
Received update: /ndn/si-site/si/svs_core/si=4, 1741718103000
Sending Sync interest
Received update: /ndn/pl-site/pl/svs_core/pl=4, 1741718103274
Received update: /ndn/nl-site/nl/svs_core/nl=4, 1741718104238
Received update: /ndn/ge-site/ge/svs_core/ge=4, 1741718106451
Received update: /ndn/gr-site/gr/svs_core/gr=4, 1741718106461
Received update: /ndn/am-site/am/svs_core/am=4, 1741718106612
Received update: /ndn/al-site/al/svs_core/al=4, 1741718107048
Received update: /ndn/by-site/by/svs_core/by=4, 1741718108041
Received update: /ndn/se-site/se/svs_core/se=4, 1741718108041
Received update: /ndn/dk-site/dk/svs_core/dk=4, 1741718108063
Received update: /ndn/no-site/no/svs_core/no=4, 1741718110522
Received update: /ndn/uk-site/uk/svs_core/uk=4, 1741718111920
Received update: /ndn/md-site/md/svs_core/md=4, 1741718113124
Received update: /ndn/fr1-site/fr1/svs_core/fr1=4, 1741718115126
Received update: /ndn/be-site/be/svs_core/be=4, 1741718118755
Received update: /ndn/es-site/es/svs_core/es=4, 1741718118755
Received update: /ndn/de2-site/de2/svs_core/de2=4, 1741718118755
Received update: /ndn/fr2-site/fr2/svs_core/fr2=4, 1741718119195
Received update: /ndn/ch-site/ch/svs_core/ch=4, 1741718119894
Received update: /ndn/lt-site/lt/svs_core/lt=4, 1741718120042
Received update: /ndn/ua-site/ua/svs_core/ua=4, 1741718120148
Received update: /ndn/pt-site/pt/svs_core/pt=4, 1741718121101
Received update: /ndn/me-site/me/svs_core/me=4, 1741718121475
Received update: /ndn/is-site/is/svs_core/is=4, 1741718122035
Received update: /ndn/mk-site/mk/svs_core/mk=4, 1741718122703
Received update: /ndn/cy-site/cy/svs_core/cy=4, 1741718126253
Received update: /ndn/ee-site/ee/svs_core/ee=4, 1741718126253
Received update: /ndn/ro-site/ro/svs_core/ro=4, 1741718126253
Received update: /ndn/bg-site/bg/svs_core/bg=4, 1741718127099
Received update: /ndn/cz-site/cz/svs_core/cz=4, 1741718127099
Received update: /ndn/rs-site/rs/svs_core/rs=4, 1741718127106
Received update: /ndn/it-site/it/svs_core/it=4, 1741718131461
Received update: /ndn/hr-site/hr/svs_core/hr=4, 1741718134372
Received update: /ndn/lv-site/lv/svs_core/lv=4, 1741718136047
Received update: /ndn/hu-site/hu/svs_core/hu=4, 1741718140852
Received update: /ndn/ie-site/ie/svs_core/ie=4, 1741718140852
Received update: /ndn/de1-site/de1/svs_core/de1=4, 1741718141732
Received update: /ndn/tr-site/tr/svs_core/tr=4, 1741718144071
Received update: /ndn/lu-site/lu/svs_core/lu=4, 1741718144312
Received update: /ndn/az-site/az/svs_core/az=4, 1741718144319
Received update: /ndn/sk-site/sk/svs_core/sk=4, 1741718144319
Received update: /ndn/at-site/at/svs_core/at=5, 1741718146125
Received update: /ndn/fi-site/fi/svs_core/fi=4, 1741718146268
Received update: /ndn/mt-site/mt/svs_core/mt=4, 1741718146279
Published sequence number: /ndn/il-site/il/svs_core/il=5, 1741718147380
Sending Sync interest
Received update: /ndn/nl-site/nl/svs_core/nl=5, 1741718149252
Received update: /ndn/pl-site/pl/svs_core/pl=5, 1741718149252
Received update: /ndn/si-site/si/svs_core/si=5, 1741718149252
Received update: /ndn/am-site/am/svs_core/am=5, 1741718150503
Received update: /ndn/se-site/se/svs_core/se=5, 1741718150503
Received update: /ndn/gr-site/gr/svs_core/gr=5, 1741718151461
Received update: /ndn/ge-site/ge/svs_core/ge=5, 1741718151493
Received update: /ndn/al-site/al/svs_core/al=5, 1741718152115
Received update: /ndn/by-site/by/svs_core/by=5, 1741718152939
Received update: /ndn/dk-site/dk/svs_core/dk=5, 1741718152939
Received update: /ndn/uk-site/uk/svs_core/uk=5, 1741718156923
Received update: /ndn/md-site/md/svs_core/md=5, 1741718158275
Received update: /ndn/no-site/no/svs_core/no=5, 1741718158589
Received update: /ndn/lt-site/lt/svs_core/lt=5, 1741718160203
Received update: /ndn/fr1-site/fr1/svs_core/fr1=5, 1741718160542
Received update: /ndn/es-site/es/svs_core/es=5, 1741718161090
Received update: /ndn/de2-site/de2/svs_core/de2=5, 1741718162270
Received update: /ndn/ua-site/ua/svs_core/ua=5, 1741718163496
Received update: /ndn/fr2-site/fr2/svs_core/fr2=5, 1741718163932
Received update: /ndn/ch-site/ch/svs_core/ch=5, 1741718164759
Received update: /ndn/be-site/be/svs_core/be=5, 1741718165075
Received update: /ndn/pt-site/pt/svs_core/pt=5, 1741718166087
Received update: /ndn/me-site/me/svs_core/me=5, 1741718166537
Received update: /ndn/is-site/is/svs_core/is=5, 1741718167057
Received update: /ndn/cy-site/cy/svs_core/cy=5, 1741718170353
Received update: /ndn/mk-site/mk/svs_core/mk=5, 1741718170353
Received update: /ndn/cz-site/cz/svs_core/cz=5, 1741718171683
Received update: /ndn/ee-site/ee/svs_core/ee=5, 1741718171683
Received update: /ndn/ro-site/ro/svs_core/ro=5, 1741718171683
Received update: /ndn/bg-site/bg/svs_core/bg=5, 1741718172084
Received update: /ndn/hr-site/hr/svs_core/hr=5, 1741718179343
Received update: /ndn/it-site/it/svs_core/it=5, 1741718179707
Received update: /ndn/hu-site/hu/svs_core/hu=5, 1741718185842
Received update: /ndn/rs-site/rs/svs_core/rs=5, 1741718185842
Received update: /ndn/az-site/az/svs_core/az=5, 1741718186456
Received update: /ndn/fi-site/fi/svs_core/fi=5, 1741718186456
Received update: /ndn/lv-site/lv/svs_core/lv=5, 1741718186456
Received update: /ndn/de1-site/de1/svs_core/de1=5, 1741718186695
Received update: /ndn/ie-site/ie/svs_core/ie=5, 1741718187047
Received update: /ndn/lu-site/lu/svs_core/lu=5, 1741718189071
Received update: /ndn/sk-site/sk/svs_core/sk=5, 1741718189071
Received update: /ndn/tr-site/tr/svs_core/tr=5, 1741718189071
Received update: /ndn/at-site/at/svs_core/at=6, 1741718191101
Published sequence number: /ndn/il-site/il/svs_core/il=6, 1741718192381
Sending Sync interest
Received update: /ndn/al-site/al/svs_core/al=6, 1741718192622
Received update: /ndn/pl-site/pl/svs_core/pl=6, 1741718193291
Received update: /ndn/si-site/si/svs_core/si=6, 1741718193291
Received update: /ndn/mt-site/mt/svs_core/mt=5, 1741718193823
Received update: /ndn/am-site/am/svs_core/am=6, 1741718194527
Received update: /ndn/nl-site/nl/svs_core/nl=6, 1741718194527
Received update: /ndn/by-site/by/svs_core/by=6, 1741718197821
Received update: /ndn/se-site/se/svs_core/se=6, 1741718197821
Received update: /ndn/ge-site/ge/svs_core/ge=6, 1741718197995
Received update: /ndn/dk-site/dk/svs_core/dk=6, 1741718198015
Received update: /ndn/gr-site/gr/svs_core/gr=6, 1741718200945
Received update: /ndn/no-site/no/svs_core/no=6, 1741718200945
Received update: /ndn/uk-site/uk/svs_core/uk=6, 1741718201908
Received update: /ndn/md-site/md/svs_core/md=6, 1741718203345
Received update: /ndn/fr1-site/fr1/svs_core/fr1=6, 1741718205145
Received update: /ndn/de2-site/de2/svs_core/de2=6, 1741718207269
Received update: /ndn/es-site/es/svs_core/es=6, 1741718207540
Received update: /ndn/lt-site/lt/svs_core/lt=6, 1741718207540
Received update: /ndn/ua-site/ua/svs_core/ua=6, 1741718208513
Received update: /ndn/fr2-site/fr2/svs_core/fr2=6, 1741718208513
Received update: /ndn/be-site/be/svs_core/be=6, 1741718208764
Received update: /ndn/pt-site/pt/svs_core/pt=6, 1741718211085
Received update: /ndn/ch-site/ch/svs_core/ch=6, 1741718211187
Received update: /ndn/is-site/is/svs_core/is=6, 1741718213237
Received update: /ndn/me-site/me/svs_core/me=6, 1741718213237
Received update: /ndn/mk-site/mk/svs_core/mk=6, 1741718213237
Received update: /ndn/cy-site/cy/svs_core/cy=6, 1741718215240
Received update: /ndn/cz-site/cz/svs_core/cz=6, 1741718216713
Received update: /ndn/ro-site/ro/svs_core/ro=6, 1741718216713
Received update: /ndn/ee-site/ee/svs_core/ee=6, 1741718217009
Received update: /ndn/bg-site/bg/svs_core/bg=6, 1741718217078
Received update: /ndn/rs-site/rs/svs_core/rs=6, 1741718217125
Received update: /ndn/it-site/it/svs_core/it=6, 1741718221467
Received update: /ndn/hr-site/hr/svs_core/hr=6, 1741718224395
Received update: /ndn/lv-site/lv/svs_core/lv=6, 1741718225828
Received update: /ndn/az-site/az/svs_core/az=6, 1741718228059
Received update: /ndn/ie-site/ie/svs_core/ie=6, 1741718229704
Received update: /ndn/hu-site/hu/svs_core/hu=6, 1741718231710
Received update: /ndn/de1-site/de1/svs_core/de1=6, 1741718231710
Received update: /ndn/mt-site/mt/svs_core/mt=6, 1741718232552
Received update: /ndn/sk-site/sk/svs_core/sk=6, 1741718232599
Received update: /ndn/tr-site/tr/svs_core/tr=6, 1741718234069
Received update: /ndn/at-site/at/svs_core/at=7, 1741718236135
Published sequence number: /ndn/il-site/il/svs_core/il=7, 1741718237383
Sending Sync interest
Max suppression time updated to: 220
Received update: /ndn/lu-site/lu/svs_core/lu=6, 1741718237628
Received update: /ndn/pl-site/pl/svs_core/pl=7, 1741718238402
Received update: /ndn/si-site/si/svs_core/si=7, 1741718238629
Received update: /ndn/fi-site/fi/svs_core/fi=6, 1741718239128
Received update: /ndn/nl-site/nl/svs_core/nl=7, 1741718239246
Received update: /ndn/ge-site/ge/svs_core/ge=7, 1741718241490
Received update: /ndn/am-site/am/svs_core/am=7, 1741718241633
Received update: /ndn/gr-site/gr/svs_core/gr=7, 1741718241968
Received update: /ndn/se-site/se/svs_core/se=7, 1741718241968
Received update: /ndn/dk-site/dk/svs_core/dk=7, 1741718242210
Received update: /ndn/by-site/by/svs_core/by=7, 1741718242746
Received update: /ndn/no-site/no/svs_core/no=7, 1741718245526
Received update: /ndn/al-site/al/svs_core/al=7, 1741718246254
Received update: /ndn/uk-site/uk/svs_core/uk=7, 1741718246911
Received update: /ndn/de2-site/de2/svs_core/de2=7, 1741718252271
Received update: /ndn/fr1-site/fr1/svs_core/fr1=7, 1741718252271
Received update: /ndn/lt-site/lt/svs_core/lt=7, 1741718252365
Received update: /ndn/ua-site/ua/svs_core/ua=7, 1741718253493
Received update: /ndn/es-site/es/svs_core/es=7, 1741718253588
Received update: /ndn/fr2-site/fr2/svs_core/fr2=7, 1741718253588
Received update: /ndn/be-site/be/svs_core/be=7, 1741718253754
Received update: /ndn/ch-site/ch/svs_core/ch=7, 1741718254767
Received update: /ndn/pt-site/pt/svs_core/pt=7, 1741718256118
Received update: /ndn/is-site/is/svs_core/is=7, 1741718257048
Received update: /ndn/cy-site/cy/svs_core/cy=7, 1741718260245
Received update: /ndn/me-site/me/svs_core/me=7, 1741718260245
Received update: /ndn/mk-site/mk/svs_core/mk=7, 1741718260245
Received update: /ndn/cz-site/cz/svs_core/cz=7, 1741718261691
Received update: /ndn/md-site/md/svs_core/md=7, 1741718261871
Received update: /ndn/ro-site/ro/svs_core/ro=7, 1741718261871
Received update: /ndn/rs-site/rs/svs_core/rs=7, 1741718262153
Received update: /ndn/ee-site/ee/svs_core/ee=7, 1741718262184
Received update: /ndn/bg-site/bg/svs_core/bg=7, 1741718262336
Received update: /ndn/it-site/it/svs_core/it=7, 1741718266480
Received update: /ndn/hr-site/hr/svs_core/hr=7, 1741718269389
Received update: /ndn/fi-site/fi/svs_core/fi=7, 1741718270794
Received update: /ndn/lv-site/lv/svs_core/lv=7, 1741718270808
Received update: /ndn/hu-site/hu/svs_core/hu=7, 1741718276702
Received update: /ndn/de1-site/de1/svs_core/de1=7, 1741718276702
Received update: /ndn/mt-site/mt/svs_core/mt=7, 1741718277535
Received update: /ndn/sk-site/sk/svs_core/sk=7, 1741718277713
Received update: /ndn/lu-site/lu/svs_core/lu=7, 1741718278026
Received update: /ndn/ie-site/ie/svs_core/ie=7, 1741718278269
Received update: /ndn/tr-site/tr/svs_core/tr=7, 1741718279077
Received update: /ndn/at-site/at/svs_core/at=8, 1741718281096
Published sequence number: /ndn/il-site/il/svs_core/il=8, 1741718282384
Sending Sync interest
Received update: /ndn/si-site/si/svs_core/si=8, 1741718283027
Sending Sync interest
Received update: /ndn/nl-site/nl/svs_core/nl=8, 1741718284250
Received update: /ndn/pl-site/pl/svs_core/pl=8, 1741718284498
Received update: /ndn/al-site/al/svs_core/al=8, 1741718284609
Received update: /ndn/se-site/se/svs_core/se=8, 1741718285812
Received update: /ndn/ge-site/ge/svs_core/ge=8, 1741718286462
Received update: /ndn/am-site/am/svs_core/am=8, 1741718286486
Received update: /ndn/gr-site/gr/svs_core/gr=8, 1741718286486
Received update: /ndn/dk-site/dk/svs_core/dk=8, 1741718287215
Received update: /ndn/by-site/by/svs_core/by=8, 1741718287730
Received update: /ndn/uk-site/uk/svs_core/uk=8, 1741718291913
Received update: /ndn/fr1-site/fr1/svs_core/fr1=8, 1741718295127
Received update: /ndn/lt-site/lt/svs_core/lt=8, 1741718295215
Received update: /ndn/no-site/no/svs_core/no=8, 1741718295490
Received update: /ndn/md-site/md/svs_core/md=8, 1741718295712
Received update: /ndn/de2-site/de2/svs_core/de2=8, 1741718297277
Received update: /ndn/ua-site/ua/svs_core/ua=8, 1741718298499
Received update: /ndn/es-site/es/svs_core/es=8, 1741718298891
Received update: /ndn/fr2-site/fr2/svs_core/fr2=8, 1741718298919
Received update: /ndn/be-site/be/svs_core/be=8, 1741718299039
Received update: /ndn/ch-site/ch/svs_core/ch=8, 1741718301091
Received update: /ndn/pt-site/pt/svs_core/pt=8, 1741718301091
Received update: /ndn/is-site/is/svs_core/is=8, 1741718302055
Sending Sync interest
Received update: /ndn/mk-site/mk/svs_core/mk=8, 1741718302721
Received update: /ndn/me-site/me/svs_core/me=8, 1741718302914
Sending Sync interest
Received update: /ndn/cy-site/cy/svs_core/cy=8, 1741718305248
Received update: /ndn/ee-site/ee/svs_core/ee=8, 1741718305711
Received update: /ndn/cz-site/cz/svs_core/cz=8, 1741718306700
Received update: /ndn/rs-site/rs/svs_core/rs=8, 1741718307123
Received update: /ndn/bg-site/bg/svs_core/bg=8, 1741718307367
Received update: /ndn/ro-site/ro/svs_core/ro=8, 1741718307367
Received update: /ndn/az-site/az/svs_core/az=7, 1741718314406
Received update: /ndn/hr-site/hr/svs_core/hr=8, 1741718314406
Received update: /ndn/it-site/it/svs_core/it=8, 1741718314406
Received update: /ndn/fi-site/fi/svs_core/fi=8, 1741718315795
Received update: /ndn/az-site/az/svs_core/az=8, 1741718318375
Received update: /ndn/lv-site/lv/svs_core/lv=8, 1741718318375
Received update: /ndn/hu-site/hu/svs_core/hu=8, 1741718320863
Received update: /ndn/de1-site/de1/svs_core/de1=8, 1741718321751
Received update: /ndn/ie-site/ie/svs_core/ie=8, 1741718322073
Received update: /ndn/lu-site/lu/svs_core/lu=8, 1741718323167
Received update: /ndn/sk-site/sk/svs_core/sk=8, 1741718323167
Received update: /ndn/tr-site/tr/svs_core/tr=8, 1741718324094
Published sequence number: /ndn/il-site/il/svs_core/il=9, 1741718327390
Sending Sync interest
Max suppression time updated to: 210
Received update: /ndn/at-site/at/svs_core/at=9, 1741718327548
Received update: /ndn/al-site/al/svs_core/al=9, 1741718327624
Received update: /ndn/mt-site/mt/svs_core/mt=8, 1741718327873
Received update: /ndn/pl-site/pl/svs_core/pl=9, 1741718328301
Received update: /ndn/nl-site/nl/svs_core/nl=9, 1741718329260
Received update: /ndn/si-site/si/svs_core/si=9, 1741718329260
Received update: /ndn/se-site/se/svs_core/se=9, 1741718330726
Received update: /ndn/am-site/am/svs_core/am=9, 1741718331035
Received update: /ndn/gr-site/gr/svs_core/gr=9, 1741718331477
Received update: /ndn/dk-site/dk/svs_core/dk=9, 1741718332463
Received update: /ndn/ge-site/ge/svs_core/ge=9, 1741718332463
Received update: /ndn/no-site/no/svs_core/no=9, 1741718335531
Received update: /ndn/by-site/by/svs_core/by=9, 1741718336917
Received update: /ndn/uk-site/uk/svs_core/uk=9, 1741718336917
Received update: /ndn/es-site/es/svs_core/es=9, 1741718341084
Received update: /ndn/md-site/md/svs_core/md=9, 1741718341605
Received update: /ndn/fr1-site/fr1/svs_core/fr1=9, 1741718341605
Received update: /ndn/de2-site/de2/svs_core/de2=9, 1741718342336
Received update: /ndn/be-site/be/svs_core/be=9, 1741718343809
Received update: /ndn/fr2-site/fr2/svs_core/fr2=9, 1741718343809
Received update: /ndn/ua-site/ua/svs_core/ua=9, 1741718344069
Received update: /ndn/lt-site/lt/svs_core/lt=9, 1741718344326
Received update: /ndn/pt-site/pt/svs_core/pt=9, 1741718346158
Received update: /ndn/ch-site/ch/svs_core/ch=9, 1741718346242
Received update: /ndn/me-site/me/svs_core/me=9, 1741718346495
Received update: /ndn/cy-site/cy/svs_core/cy=9, 1741718350587
Received update: /ndn/is-site/is/svs_core/is=9, 1741718350587
Received update: /ndn/mk-site/mk/svs_core/mk=9, 1741718350587
Received update: /ndn/ee-site/ee/svs_core/ee=9, 1741718351090
Received update: /ndn/cz-site/cz/svs_core/cz=9, 1741718351722
Received update: /ndn/ro-site/ro/svs_core/ro=9, 1741718351842
Received update: /ndn/bg-site/bg/svs_core/bg=9, 1741718352104
Received update: /ndn/hr-site/hr/svs_core/hr=9, 1741718359364
Received update: /ndn/it-site/it/svs_core/it=9, 1741718359364
Received update: /ndn/rs-site/rs/svs_core/rs=9, 1741718359364
Received update: /ndn/lv-site/lv/svs_core/lv=9, 1741718360800
Received update: /ndn/hu-site/hu/svs_core/hu=9, 1741718365852
Received update: /ndn/de1-site/de1/svs_core/de1=9, 1741718366706
Sending Sync interest
Received update: /ndn/fi-site/fi/svs_core/fi=9, 1741718366855
Received update: /ndn/az-site/az/svs_core/az=9, 1741718366918
Received update: /ndn/ie-site/ie/svs_core/ie=9, 1741718367044
Max suppression time updated to: 215
Received update: /ndn/sk-site/sk/svs_core/sk=9, 1741718367603
Received update: /ndn/lu-site/lu/svs_core/lu=9, 1741718368066
Received update: /ndn/tr-site/tr/svs_core/tr=9, 1741718369136
Published sequence number: /ndn/il-site/il/svs_core/il=10, 1741718372396
Sending Sync interest
Max suppression time updated to: 230
Received update: /ndn/al-site/al/svs_core/al=10, 1741718372674
Received update: /ndn/at-site/at/svs_core/at=10, 1741718372674
Received update: /ndn/si-site/si/svs_core/si=10, 1741718373186
Received update: /ndn/nl-site/nl/svs_core/nl=10, 1741718374276
Received update: /ndn/mt-site/mt/svs_core/mt=9, 1741718374442
Received update: /ndn/pl-site/pl/svs_core/pl=10, 1741718375273
Received update: /ndn/am-site/am/svs_core/am=10, 1741718375319
Received update: /ndn/dk-site/dk/svs_core/dk=10, 1741718377485
Received update: /ndn/se-site/se/svs_core/se=10, 1741718377485
Received update: /ndn/gr-site/gr/svs_core/gr=10, 1741718377616
Received update: /ndn/ge-site/ge/svs_core/ge=10, 1741718377761
Received update: /ndn/fr1-site/fr1/svs_core/fr1=10, 1741718385145
Received update: /ndn/lt-site/lt/svs_core/lt=10, 1741718385185
Received update: /ndn/no-site/no/svs_core/no=10, 1741718385442
Received update: /ndn/uk-site/uk/svs_core/uk=10, 1741718385453
Received update: /ndn/by-site/by/svs_core/by=10, 1741718385695
Received update: /ndn/md-site/md/svs_core/md=10, 1741718385721
Received update: /ndn/be-site/be/svs_core/be=10, 1741718388994
Received update: /ndn/es-site/es/svs_core/es=10, 1741718388994
Received update: /ndn/de2-site/de2/svs_core/de2=10, 1741718388994
Received update: /ndn/fr2-site/fr2/svs_core/fr2=10, 1741718388994
Received update: /ndn/ch-site/ch/svs_core/ch=10, 1741718390117
Received update: /ndn/ua-site/ua/svs_core/ua=10, 1741718390117
Received update: /ndn/pt-site/pt/svs_core/pt=10, 1741718391121
Received update: /ndn/is-site/is/svs_core/is=10, 1741718392060
Received update: /ndn/me-site/me/svs_core/me=10, 1741718392443
Received update: /ndn/mk-site/mk/svs_core/mk=10, 1741718392705
Received update: /ndn/cy-site/cy/svs_core/cy=10, 1741718395262
Received update: /ndn/ro-site/ro/svs_core/ro=10, 1741718396295
Received update: /ndn/ee-site/ee/svs_core/ee=10, 1741718396521
Received update: /ndn/cz-site/cz/svs_core/cz=10, 1741718396719
Received update: /ndn/rs-site/rs/svs_core/rs=10, 1741718397125
Sending Sync interest
Max suppression time updated to: 240
Received update: /ndn/bg-site/bg/svs_core/bg=10, 1741718397310
Received update: /ndn/hr-site/hr/svs_core/hr=10, 1741718404385
Received update: /ndn/it-site/it/svs_core/it=10, 1741718404385
Received update: /ndn/lv-site/lv/svs_core/lv=10, 1741718405956
Received update: /ndn/fi-site/fi/svs_core/fi=10, 1741718406602
Received update: /ndn/ie-site/ie/svs_core/ie=10, 1741718409726
Received update: /ndn/hu-site/hu/svs_core/hu=10, 1741718410893
Received update: /ndn/de1-site/de1/svs_core/de1=10, 1741718411710
Received update: /ndn/sk-site/sk/svs_core/sk=10, 1741718412643
Received update: /ndn/az-site/az/svs_core/az=10, 1741718412838
Received update: /ndn/lu-site/lu/svs_core/lu=10, 1741718413032
Received update: /ndn/at-site/at/svs_core/at=11, 1741718416108
Published sequence number: /ndn/il-site/il/svs_core/il=11, 1741718417400
Sending Sync interest
Received update: /ndn/pl-site/pl/svs_core/pl=11, 1741718418324
Received update: /ndn/si-site/si/svs_core/si=11, 1741718418324
Received update: /ndn/al-site/al/svs_core/al=11, 1741718418881
Received update: /ndn/tr-site/tr/svs_core/tr=10, 1741718418881
Received update: /ndn/nl-site/nl/svs_core/nl=11, 1741718419267
Received update: /ndn/am-site/am/svs_core/am=11, 1741718419537
Received update: /ndn/mt-site/mt/svs_core/mt=10, 1741718420552
Received update: /ndn/se-site/se/svs_core/se=11, 1741718420552
Received update: /ndn/ge-site/ge/svs_core/ge=11, 1741718421469
Sending Sync interest
Max suppression time updated to: 240
Received update: /ndn/gr-site/gr/svs_core/gr=11, 1741718421845
Received update: /ndn/dk-site/dk/svs_core/dk=11, 1741718422223
Received update: /ndn/by-site/by/svs_core/by=11, 1741718422766
Received update: /ndn/uk-site/uk/svs_core/uk=11, 1741718426922
Received update: /ndn/es-site/es/svs_core/es=11, 1741718432698
Received update: /ndn/de2-site/de2/svs_core/de2=11, 1741718432698
Received update: /ndn/fr1-site/fr1/svs_core/fr1=11, 1741718432698
Received update: /ndn/md-site/md/svs_core/md=11, 1741718432793
Received update: /ndn/no-site/no/svs_core/no=11, 1741718432793
Received update: /ndn/fr2-site/fr2/svs_core/fr2=11, 1741718432858
Received update: /ndn/lt-site/lt/svs_core/lt=11, 1741718432992
Received update: /ndn/be-site/be/svs_core/be=11, 1741718433989
Received update: /ndn/ua-site/ua/svs_core/ua=11, 1741718433989
Received update: /ndn/ch-site/ch/svs_core/ch=11, 1741718434779
Received update: /ndn/me-site/me/svs_core/me=11, 1741718437051
Received update: /ndn/is-site/is/svs_core/is=11, 1741718437108
Received update: /ndn/mk-site/mk/svs_core/mk=11, 1741718438314
Received update: /ndn/pt-site/pt/svs_core/pt=11, 1741718438314
Received update: /ndn/cy-site/cy/svs_core/cy=11, 1741718440263
Received update: /ndn/ee-site/ee/svs_core/ee=11, 1741718440721
Received update: /ndn/cz-site/cz/svs_core/cz=11, 1741718446769
Received update: /ndn/it-site/it/svs_core/it=11, 1741718446769
Received update: /ndn/bg-site/bg/svs_core/bg=11, 1741718446861
Received update: /ndn/ro-site/ro/svs_core/ro=11, 1741718446861
Received update: /ndn/rs-site/rs/svs_core/rs=11, 1741718447109
Received update: /ndn/hr-site/hr/svs_core/hr=11, 1741718449374
Received update: /ndn/lv-site/lv/svs_core/lv=11, 1741718450816
Received update: /ndn/az-site/az/svs_core/az=11, 1741718453074
Sending Sync interest
Received update: /ndn/fi-site/fi/svs_core/fi=11, 1741718453640
Received update: /ndn/ie-site/ie/svs_core/ie=11, 1741718454727
Sending Sync interest
Received update: /ndn/de1-site/de1/svs_core/de1=11, 1741718456716
Received update: /ndn/hu-site/hu/svs_core/hu=11, 1741718456795
Received update: /ndn/mt-site/mt/svs_core/mt=11, 1741718457558
Received update: /ndn/lu-site/lu/svs_core/lu=11, 1741718458300
Received update: /ndn/tr-site/tr/svs_core/tr=11, 1741718459096
Received update: /ndn/sk-site/sk/svs_core/sk=11, 1741718459171
Received update: /ndn/at-site/at/svs_core/at=12, 1741718461114
Published sequence number: /ndn/il-site/il/svs_core/il=12, 1741718462406
Sending Sync interest
Received update: /ndn/pl-site/pl/svs_core/pl=12, 1741718463368
Received update: /ndn/si-site/si/svs_core/si=12, 1741718463545
Sending Sync interest
Received update: /ndn/al-site/al/svs_core/al=12, 1741718463930
Sending Sync interest
Received update: /ndn/nl-site/nl/svs_core/nl=12, 1741718464269
Received update: /ndn/se-site/se/svs_core/se=12, 1741718465532
Received update: /ndn/am-site/am/svs_core/am=12, 1741718465857
Received update: /ndn/ge-site/ge/svs_core/ge=12, 1741718466509
Received update: /ndn/by-site/by/svs_core/by=12, 1741718467905
Received update: /ndn/dk-site/dk/svs_core/dk=12, 1741718467905
Received update: /ndn/no-site/no/svs_core/no=12, 1741718470543
Received update: /ndn/uk-site/uk/svs_core/uk=12, 1741718471926
Received update: /ndn/gr-site/gr/svs_core/gr=12, 1741718472353
Received update: /ndn/es-site/es/svs_core/es=12, 1741718476147
Received update: /ndn/fr1-site/fr1/svs_core/fr1=12, 1741718476147
Received update: /ndn/md-site/md/svs_core/md=12, 1741718476403
Received update: /ndn/lt-site/lt/svs_core/lt=12, 1741718476422
Received update: /ndn/de2-site/de2/svs_core/de2=12, 1741718477298
Received update: /ndn/fr2-site/fr2/svs_core/fr2=12, 1741718477871
Received update: /ndn/ch-site/ch/svs_core/ch=12, 1741718479822
Received update: /ndn/be-site/be/svs_core/be=12, 1741718479986
Received update: /ndn/ua-site/ua/svs_core/ua=12, 1741718480352
Received update: /ndn/pt-site/pt/svs_core/pt=12, 1741718481110
Received update: /ndn/me-site/me/svs_core/me=12, 1741718481530
Received update: /ndn/is-site/is/svs_core/is=12, 1741718482069
Received update: /ndn/mk-site/mk/svs_core/mk=12, 1741718482712
Received update: /ndn/cy-site/cy/svs_core/cy=12, 1741718485267
Received update: /ndn/ee-site/ee/svs_core/ee=12, 1741718485688
Received update: /ndn/ro-site/ro/svs_core/ro=12, 1741718486304
Received update: /ndn/cz-site/cz/svs_core/cz=12, 1741718486728
Received update: /ndn/rs-site/rs/svs_core/rs=12, 1741718487144
Received update: /ndn/bg-site/bg/svs_core/bg=12, 1741718487168
Received update: /ndn/it-site/it/svs_core/it=12, 1741718491506
Received update: /ndn/hr-site/hr/svs_core/hr=12, 1741718494425
Received update: /ndn/lv-site/lv/svs_core/lv=12, 1741718495805
Received update: /ndn/hu-site/hu/svs_core/hu=12, 1741718500928
Received update: /ndn/ie-site/ie/svs_core/ie=12, 1741718500928
Received update: /ndn/az-site/az/svs_core/az=12, 1741718501053
Received update: /ndn/fi-site/fi/svs_core/fi=12, 1741718501131
Received update: /ndn/mt-site/mt/svs_core/mt=12, 1741718502556
Received update: /ndn/de1-site/de1/svs_core/de1=12, 1741718502737
Received update: /ndn/lu-site/lu/svs_core/lu=12, 1741718503128
Received update: /ndn/tr-site/tr/svs_core/tr=12, 1741718504120
Received update: /ndn/sk-site/sk/svs_core/sk=12, 1741718504360
Published sequence number: /ndn/il-site/il/svs_core/il=13, 1741718507408
Sending Sync interest
Max suppression time updated to: 225
Received update: /ndn/at-site/at/svs_core/at=13, 1741718507604
Max suppression time updated to: 225
Received update: /ndn/al-site/al/svs_core/al=13, 1741718507711
Received update: /ndn/si-site/si/svs_core/si=13, 1741718508062
Received update: /ndn/pl-site/pl/svs_core/pl=13, 1741718508314
Received update: /ndn/nl-site/nl/svs_core/nl=13, 1741718509276
Received update: /ndn/am-site/am/svs_core/am=13, 1741718509541
Received update: /ndn/gr-site/gr/svs_core/gr=13, 1741718511497
Received update: /ndn/ge-site/ge/svs_core/ge=13, 1741718511501
Received update: /ndn/se-site/se/svs_core/se=13, 1741718511822
Received update: /ndn/no-site/no/svs_core/no=13, 1741718515548
Received update: /ndn/by-site/by/svs_core/by=13, 1741718515684
Received update: /ndn/dk-site/dk/svs_core/dk=13, 1741718516037
Received update: /ndn/uk-site/uk/svs_core/uk=13, 1741718516928
Received update: /ndn/lt-site/lt/svs_core/lt=13, 1741718520224
Received update: /ndn/es-site/es/svs_core/es=13, 1741718521093
Received update: /ndn/fr1-site/fr1/svs_core/fr1=13, 1741718521093
Received update: /ndn/de2-site/de2/svs_core/de2=13, 1741718522303
Received update: /ndn/md-site/md/svs_core/md=13, 1741718522566
Received update: /ndn/ua-site/ua/svs_core/ua=13, 1741718523539
Received update: /ndn/fr2-site/fr2/svs_core/fr2=13, 1741718523758
Received update: /ndn/be-site/be/svs_core/be=13, 1741718523763
Received update: /ndn/ch-site/ch/svs_core/ch=13, 1741718526168
Received update: /ndn/pt-site/pt/svs_core/pt=13, 1741718526168
Received update: /ndn/is-site/is/svs_core/is=13, 1741718527226
Received update: /ndn/me-site/me/svs_core/me=13, 1741718527461
Received update: /ndn/cz-site/cz/svs_core/cz=13, 1741718531768
Received update: /ndn/ro-site/ro/svs_core/ro=13, 1741718532081
Received update: /ndn/bg-site/bg/svs_core/bg=13, 1741718532117
Received update: /ndn/cy-site/cy/svs_core/cy=13, 1741718536564
Received update: /ndn/ee-site/ee/svs_core/ee=13, 1741718536564
Received update: /ndn/it-site/it/svs_core/it=13, 1741718536564
Received update: /ndn/mk-site/mk/svs_core/mk=13, 1741718536564
Received update: /ndn/hr-site/hr/svs_core/hr=13, 1741718539407
Sending Sync interest
Received update: /ndn/hu-site/hu/svs_core/hu=13, 1741718545890
Received update: /ndn/rs-site/rs/svs_core/rs=13, 1741718545890
Received update: /ndn/lv-site/lv/svs_core/lv=13, 1741718546237
Received update: /ndn/ie-site/ie/svs_core/ie=13, 1741718546576
Received update: /ndn/fi-site/fi/svs_core/fi=13, 1741718546706
Received update: /ndn/de1-site/de1/svs_core/de1=13, 1741718546743
Received update: /ndn/az-site/az/svs_core/az=13, 1741718546839
Received update: /ndn/mt-site/mt/svs_core/mt=13, 1741718547600
Received update: /ndn/sk-site/sk/svs_core/sk=13, 1741718547600
Received update: /ndn/lu-site/lu/svs_core/lu=13, 1741718548048
Received update: /ndn/tr-site/tr/svs_core/tr=13, 1741718549118
Received update: /ndn/at-site/at/svs_core/at=14, 1741718551123
Published sequence number: /ndn/il-site/il/svs_core/il=14, 1741718552411
Sending Sync interest
Received update: /ndn/al-site/al/svs_core/al=14, 1741718552648
Received update: /ndn/pl-site/pl/svs_core/pl=14, 1741718553328
Received update: /ndn/si-site/si/svs_core/si=14, 1741718553444
Received update: /ndn/nl-site/nl/svs_core/nl=14, 1741718554278
Received update: /ndn/se-site/se/svs_core/se=14, 1741718555551
Received update: /ndn/ge-site/ge/svs_core/ge=14, 1741718556483
Received update: /ndn/gr-site/gr/svs_core/gr=14, 1741718556494
Received update: /ndn/am-site/am/svs_core/am=14, 1741718556586
Received update: /ndn/dk-site/dk/svs_core/dk=14, 1741718557239
Received update: /ndn/no-site/no/svs_core/no=14, 1741718560599
Received update: /ndn/uk-site/uk/svs_core/uk=14, 1741718561930
Received update: /ndn/by-site/by/svs_core/by=14, 1741718562378
Received update: /ndn/lt-site/lt/svs_core/lt=14, 1741718565219
Received update: /ndn/es-site/es/svs_core/es=14, 1741718566319
Received update: /ndn/fr1-site/fr1/svs_core/fr1=14, 1741718566319
Received update: /ndn/de2-site/de2/svs_core/de2=14, 1741718567306
Received update: /ndn/md-site/md/svs_core/md=14, 1741718567570
Received update: /ndn/fr2-site/fr2/svs_core/fr2=14, 1741718567892
Received update: /ndn/ua-site/ua/svs_core/ua=14, 1741718568533
Received update: /ndn/be-site/be/svs_core/be=14, 1741718571115
Received update: /ndn/ch-site/ch/svs_core/ch=14, 1741718571115
Received update: /ndn/pt-site/pt/svs_core/pt=14, 1741718571115
Received update: /ndn/is-site/is/svs_core/is=14, 1741718572711
Received update: /ndn/mk-site/mk/svs_core/mk=14, 1741718572711
Received update: /ndn/cy-site/cy/svs_core/cy=14, 1741718575274
Received update: /ndn/ee-site/ee/svs_core/ee=14, 1741718575721
Received update: /ndn/ro-site/ro/svs_core/ro=14, 1741718576307
Received update: /ndn/cz-site/cz/svs_core/cz=14, 1741718577133
Received update: /ndn/rs-site/rs/svs_core/rs=14, 1741718577133
Received update: /ndn/bg-site/bg/svs_core/bg=14, 1741718584638
Received update: /ndn/hr-site/hr/svs_core/hr=14, 1741718584638
Received update: /ndn/it-site/it/svs_core/it=14, 1741718584830
Received update: /ndn/lv-site/lv/svs_core/lv=14, 1741718585826
Received update: /ndn/az-site/az/svs_core/az=14, 1741718588092
Received update: /ndn/me-site/me/svs_core/me=14, 1741718588795
Received update: /ndn/fi-site/fi/svs_core/fi=14, 1741718591753
Received update: /ndn/hu-site/hu/svs_core/hu=14, 1741718591753
Received update: /ndn/de1-site/de1/svs_core/de1=14, 1741718591753
Received update: /ndn/sk-site/sk/svs_core/sk=14, 1741718592603
Received update: /ndn/lu-site/lu/svs_core/lu=14, 1741718594361
Received update: /ndn/tr-site/tr/svs_core/tr=14, 1741718594361
Received update: /ndn/at-site/at/svs_core/at=15, 1741718596224
Received update: /ndn/mt-site/mt/svs_core/mt=14, 1741718596475
Published sequence number: /ndn/il-site/il/svs_core/il=15, 1741718597417
Sending Sync interest
Received update: /ndn/si-site/si/svs_core/si=15, 1741718598218
Received update: /ndn/pl-site/pl/svs_core/pl=15, 1741718598337
Received update: /ndn/nl-site/nl/svs_core/nl=15, 1741718599318
Received update: /ndn/am-site/am/svs_core/am=15, 1741718599545
Received update: /ndn/al-site/al/svs_core/al=15, 1741718601838
Received update: /ndn/gr-site/gr/svs_core/gr=15, 1741718601838
Received update: /ndn/ge-site/ge/svs_core/ge=15, 1741718602094
Received update: /ndn/dk-site/dk/svs_core/dk=15, 1741718602422
Received update: /ndn/se-site/se/svs_core/se=15, 1741718602422
Received update: /ndn/uk-site/uk/svs_core/uk=15, 1741718606932
Received update: /ndn/ie-site/ie/svs_core/ie=14, 1741718608298
Received update: /ndn/md-site/md/svs_core/md=15, 1741718608298
Received update: /ndn/no-site/no/svs_core/no=15, 1741718608553
Received update: /ndn/by-site/by/svs_core/by=15, 1741718608685
Received update: /ndn/es-site/es/svs_core/es=15, 1741718611458
Received update: /ndn/fr1-site/fr1/svs_core/fr1=15, 1741718611458
Received update: /ndn/de2-site/de2/svs_core/de2=15, 1741718612310
Received update: /ndn/lt-site/lt/svs_core/lt=15, 1741718612595
Received update: /ndn/fr2-site/fr2/svs_core/fr2=15, 1741718612886
Received update: /ndn/be-site/be/svs_core/be=15, 1741718614817
Received update: /ndn/ch-site/ch/svs_core/ch=15, 1741718614817
Received update: /ndn/pt-site/pt/svs_core/pt=15, 1741718616119
Received update: /ndn/me-site/me/svs_core/me=15, 1741718616537
Received update: /ndn/is-site/is/svs_core/is=15, 1741718617120
Received update: /ndn/mk-site/mk/svs_core/mk=15, 1741718617766
Received update: /ndn/ua-site/ua/svs_core/ua=15, 1741718618065
Received update: /ndn/cy-site/cy/svs_core/cy=15, 1741718620271
Received update: /ndn/ee-site/ee/svs_core/ee=15, 1741718620721
Received update: /ndn/ro-site/ro/svs_core/ro=15, 1741718621356
Received update: /ndn/bg-site/bg/svs_core/bg=15, 1741718622114
Received update: /ndn/cz-site/cz/svs_core/cz=15, 1741718622114
Received update: /ndn/rs-site/rs/svs_core/rs=15, 1741718622144
Received update: /ndn/lv-site/lv/svs_core/lv=15, 1741718630840
Received update: /ndn/hr-site/hr/svs_core/hr=15, 1741718631072
Received update: /ndn/it-site/it/svs_core/it=15, 1741718631072
Received update: /ndn/ie-site/ie/svs_core/ie=15, 1741718634744
Received update: /ndn/fi-site/fi/svs_core/fi=15, 1741718634857
Received update: /ndn/az-site/az/svs_core/az=15, 1741718635346
Received update: /ndn/hu-site/hu/svs_core/hu=15, 1741718635928
Received update: /ndn/de1-site/de1/svs_core/de1=15, 1741718636897
Received update: /ndn/sk-site/sk/svs_core/sk=15, 1741718637635
Received update: /ndn/lu-site/lu/svs_core/lu=15, 1741718638054
Received update: /ndn/mt-site/mt/svs_core/mt=15, 1741718638054
Published sequence number: /ndn/il-site/il/svs_core/il=16, 1741718642423
Sending Sync interest
Max suppression time updated to: 215
Received update: /ndn/tr-site/tr/svs_core/tr=15, 1741718642591
Received update: /ndn/al-site/al/svs_core/al=16, 1741718642638
Received update: /ndn/at-site/at/svs_core/at=16, 1741718642638
Max suppression time updated to: 215
Sending Sync interest
Received update: /ndn/gr-site/gr/svs_core/gr=16, 1741718646635
Received update: /ndn/nl-site/nl/svs_core/nl=16, 1741718646635
Received update: /ndn/si-site/si/svs_core/si=16, 1741718646635
Received update: /ndn/pl-site/pl/svs_core/pl=16, 1741718646876
Received update: /ndn/se-site/se/svs_core/se=16, 1741718646876
Received update: /ndn/ge-site/ge/svs_core/ge=16, 1741718647028
Received update: /ndn/am-site/am/svs_core/am=16, 1741718647245
Received update: /ndn/dk-site/dk/svs_core/dk=16, 1741718647245
Sending Sync interest
Received update: /ndn/uk-site/uk/svs_core/uk=16, 1741718651940
Received update: /ndn/md-site/md/svs_core/md=16, 1741718653007
Received update: /ndn/no-site/no/svs_core/no=16, 1741718653166
Received update: /ndn/by-site/by/svs_core/by=16, 1741718653820
Received update: /ndn/lt-site/lt/svs_core/lt=16, 1741718655289
Received update: /ndn/fr1-site/fr1/svs_core/fr1=16, 1741718655289
Sending Sync interest
Received update: /ndn/es-site/es/svs_core/es=16, 1741718656122
Received update: /ndn/de2-site/de2/svs_core/de2=16, 1741718657317
Received update: /ndn/be-site/be/svs_core/be=16, 1741718658783
Received update: /ndn/fr2-site/fr2/svs_core/fr2=16, 1741718658783
Received update: /ndn/ua-site/ua/svs_core/ua=16, 1741718659102
Received update: /ndn/pt-site/pt/svs_core/pt=16, 1741718661117
Received update: /ndn/ch-site/ch/svs_core/ch=16, 1741718661401
Received update: /ndn/me-site/me/svs_core/me=16, 1741718661519
Received update: /ndn/cy-site/cy/svs_core/cy=16, 1741718665286
Received update: /ndn/mk-site/mk/svs_core/mk=16, 1741718665553
Received update: /ndn/is-site/is/svs_core/is=16, 1741718666368
Received update: /ndn/ro-site/ro/svs_core/ro=16, 1741718666368
Received update: /ndn/cz-site/cz/svs_core/cz=16, 1741718666752
Received update: /ndn/rs-site/rs/svs_core/rs=16, 1741718667169
Received update: /ndn/bg-site/bg/svs_core/bg=16, 1741718667280
Received update: /ndn/ee-site/ee/svs_core/ee=16, 1741718667730
Received update: /ndn/it-site/it/svs_core/it=16, 1741718671525
Received update: /ndn/hr-site/hr/svs_core/hr=16, 1741718674428
Received update: /ndn/lv-site/lv/svs_core/lv=16, 1741718676039
Received update: /ndn/fi-site/fi/svs_core/fi=16, 1741718676669
Received update: /ndn/az-site/az/svs_core/az=16, 1741718678103
Received update: /ndn/hu-site/hu/svs_core/hu=16, 1741718680944
Received update: /ndn/de1-site/de1/svs_core/de1=16, 1741718681735
Received update: /ndn/ie-site/ie/svs_core/ie=16, 1741718682086
Received update: /ndn/sk-site/sk/svs_core/sk=16, 1741718682617
Received update: /ndn/lu-site/lu/svs_core/lu=16, 1741718683059
Stopping SVS client: /ndn/il-site/il/svs_core/il
