SVS client starting: /ndn/mt-site/mt/svs_core/mt
Sending Sync interest
Received update: /ndn/at-site/at/svs_core/at=1, 1741717966078
Received update: /ndn/al-site/al/svs_core/al=1, 1741717967579
Received update: /ndn/il-site/il/svs_core/il=1, 1741717967579
Received update: /ndn/pl-site/pl/svs_core/pl=1, 1741717968348
Received update: /ndn/si-site/si/svs_core/si=1, 1741717968348
Received update: /ndn/am-site/am/svs_core/am=1, 1741717969542
Received update: /ndn/nl-site/nl/svs_core/nl=1, 1741717969542
Received update: /ndn/gr-site/gr/svs_core/gr=1, 1741717971437
Received update: /ndn/ge-site/ge/svs_core/ge=1, 1741717971452
Received update: /ndn/dk-site/dk/svs_core/dk=1, 1741717972215
Sending Sync interest
Received update: /ndn/se-site/se/svs_core/se=1, 1741717972449
Received update: /ndn/no-site/no/svs_core/no=1, 1741717975537
Received update: /ndn/uk-site/uk/svs_core/uk=1, 1741717976922
Received update: /ndn/fr1-site/fr1/svs_core/fr1=1, 1741717980148
Received update: /ndn/by-site/by/svs_core/by=1, 1741717980393
Received update: /ndn/lt-site/lt/svs_core/lt=1, 1741717980393
Received update: /ndn/de2-site/de2/svs_core/de2=1, 1741717982274
Received update: /ndn/es-site/es/svs_core/es=1, 1741717982808
Received update: /ndn/fr2-site/fr2/svs_core/fr2=1, 1741717982808
Received update: /ndn/md-site/md/svs_core/md=1, 1741717983011
Received update: /ndn/be-site/be/svs_core/be=1, 1741717983765
Received update: /ndn/ua-site/ua/svs_core/ua=1, 1741717983995
Received update: /ndn/ch-site/ch/svs_core/ch=1, 1741717984750
Received update: /ndn/pt-site/pt/svs_core/pt=1, 1741717986099
Received update: /ndn/me-site/me/svs_core/me=1, 1741717986476
Received update: /ndn/is-site/is/svs_core/is=1, 1741717987076
Received update: /ndn/cy-site/cy/svs_core/cy=1, 1741717990245
Received update: /ndn/mk-site/mk/svs_core/mk=1, 1741717990494
Received update: /ndn/ee-site/ee/svs_core/ee=1, 1741717990677
Received update: /ndn/ro-site/ro/svs_core/ro=1, 1741717991257
Received update: /ndn/rs-site/rs/svs_core/rs=1, 1741717992098
Received update: /ndn/bg-site/bg/svs_core/bg=1, 1741717992293
Received update: /ndn/cz-site/cz/svs_core/cz=1, 1741717992293
Received update: /ndn/it-site/it/svs_core/it=1, 1741717996427
Received update: /ndn/hr-site/hr/svs_core/hr=1, 1741718000783
Received update: /ndn/lv-site/lv/svs_core/lv=1, 1741718000783
Received update: /ndn/fi-site/fi/svs_core/fi=1, 1741718000799
Published sequence number: /ndn/mt-site/mt/svs_core/mt=1, 1741718007456
Sending Sync interest
Max suppression time updated to: 415
Received update: /ndn/az-site/az/svs_core/az=1, 1741718007747
Received update: /ndn/hu-site/hu/svs_core/hu=1, 1741718007747
Received update: /ndn/sk-site/sk/svs_core/sk=1, 1741718007747
Max suppression time updated to: 410
Received update: /ndn/de1-site/de1/svs_core/de1=1, 1741718007806
Max suppression time updated to: 400
Max suppression time updated to: 410
Received update: /ndn/ie-site/ie/svs_core/ie=1, 1741718008050
Received update: /ndn/lu-site/lu/svs_core/lu=1, 1741718008487
Received update: /ndn/tr-site/tr/svs_core/tr=1, 1741718009075
Received update: /ndn/al-site/al/svs_core/al=2, 1741718012739
Received update: /ndn/at-site/at/svs_core/at=2, 1741718012739
Received update: /ndn/il-site/il/svs_core/il=2, 1741718012984
Received update: /ndn/si-site/si/svs_core/si=2, 1741718012984
Received update: /ndn/nl-site/nl/svs_core/nl=2, 1741718014414
Received update: /ndn/pl-site/pl/svs_core/pl=2, 1741718014414
Received update: /ndn/gr-site/gr/svs_core/gr=2, 1741718016442
Sending Sync interest
Received update: /ndn/ge-site/ge/svs_core/ge=2, 1741718016556
Received update: /ndn/am-site/am/svs_core/am=2, 1741718017390
Received update: /ndn/dk-site/dk/svs_core/dk=2, 1741718017390
Received update: /ndn/se-site/se/svs_core/se=2, 1741718017390
Max suppression time updated to: 530
Max suppression time updated to: 605
Max suppression time updated to: 665
Max suppression time updated to: 705
Max suppression time updated to: 735
Received update: /ndn/by-site/by/svs_core/by=2, 1741718020775
Received update: /ndn/no-site/no/svs_core/no=2, 1741718020775
Received update: /ndn/md-site/md/svs_core/md=2, 1741718023056
Received update: /ndn/uk-site/uk/svs_core/uk=2, 1741718023056
Received update: /ndn/fr1-site/fr1/svs_core/fr1=2, 1741718025113
Received update: /ndn/lt-site/lt/svs_core/lt=2, 1741718025175
Received update: /ndn/es-site/es/svs_core/es=2, 1741718028471
Received update: /ndn/ua-site/ua/svs_core/ua=2, 1741718028471
Received update: /ndn/de2-site/de2/svs_core/de2=2, 1741718028471
Received update: /ndn/fr2-site/fr2/svs_core/fr2=2, 1741718028471
Received update: /ndn/be-site/be/svs_core/be=2, 1741718029741
Received update: /ndn/ch-site/ch/svs_core/ch=2, 1741718029741
Received update: /ndn/me-site/me/svs_core/me=2, 1741718031523
Received update: /ndn/pt-site/pt/svs_core/pt=2, 1741718031523
Received update: /ndn/is-site/is/svs_core/is=2, 1741718032322
Received update: /ndn/mk-site/mk/svs_core/mk=2, 1741718032657
Received update: /ndn/cy-site/cy/svs_core/cy=2, 1741718035255
Received update: /ndn/ee-site/ee/svs_core/ee=2, 1741718036323
Received update: /ndn/ro-site/ro/svs_core/ro=2, 1741718036323
Received update: /ndn/rs-site/rs/svs_core/rs=2, 1741718037103
Received update: /ndn/cz-site/cz/svs_core/cz=2, 1741718037366
Received update: /ndn/bg-site/bg/svs_core/bg=2, 1741718044343
Received update: /ndn/hr-site/hr/svs_core/hr=2, 1741718044343
Received update: /ndn/it-site/it/svs_core/it=2, 1741718044343
Received update: /ndn/lv-site/lv/svs_core/lv=2, 1741718045791
Received update: /ndn/az-site/az/svs_core/az=2, 1741718048301
Published sequence number: /ndn/mt-site/mt/svs_core/mt=2, 1741718052461
Sending Sync interest
Received update: /ndn/fi-site/fi/svs_core/fi=2, 1741718052594
Received update: /ndn/hu-site/hu/svs_core/hu=2, 1741718052594
Received update: /ndn/ie-site/ie/svs_core/ie=2, 1741718052594
Received update: /ndn/sk-site/sk/svs_core/sk=2, 1741718052594
Received update: /ndn/de1-site/de1/svs_core/de1=2, 1741718052594
Received update: /ndn/lu-site/lu/svs_core/lu=2, 1741718053312
Received update: /ndn/tr-site/tr/svs_core/tr=2, 1741718054077
Received update: /ndn/il-site/il/svs_core/il=3, 1741718057424
Received update: /ndn/al-site/al/svs_core/al=3, 1741718057598
Received update: /ndn/at-site/at/svs_core/at=3, 1741718057598
Received update: /ndn/am-site/am/svs_core/am=3, 1741718060680
Received update: /ndn/nl-site/nl/svs_core/nl=3, 1741718060680
Received update: /ndn/pl-site/pl/svs_core/pl=3, 1741718060680
Received update: /ndn/se-site/se/svs_core/se=3, 1741718060680
Received update: /ndn/si-site/si/svs_core/si=3, 1741718060680
Received update: /ndn/by-site/by/svs_core/by=3, 1741718065562
Received update: /ndn/dk-site/dk/svs_core/dk=3, 1741718065562
Received update: /ndn/ge-site/ge/svs_core/ge=3, 1741718065562
Received update: /ndn/gr-site/gr/svs_core/gr=3, 1741718065562
Received update: /ndn/no-site/no/svs_core/no=3, 1741718065562
Received update: /ndn/lt-site/lt/svs_core/lt=3, 1741718070330
Received update: /ndn/uk-site/uk/svs_core/uk=3, 1741718070330
Received update: /ndn/fr1-site/fr1/svs_core/fr1=3, 1741718070330
Received update: /ndn/es-site/es/svs_core/es=3, 1741718072281
Received update: /ndn/de2-site/de2/svs_core/de2=3, 1741718072281
Received update: /ndn/fr2-site/fr2/svs_core/fr2=3, 1741718072816
Received update: /ndn/md-site/md/svs_core/md=3, 1741718073113
Received update: /ndn/be-site/be/svs_core/be=3, 1741718073772
Received update: /ndn/ua-site/ua/svs_core/ua=3, 1741718073772
Received update: /ndn/ch-site/ch/svs_core/ch=3, 1741718074785
Received update: /ndn/me-site/me/svs_core/me=3, 1741718076485
Received update: /ndn/pt-site/pt/svs_core/pt=3, 1741718076485
Received update: /ndn/is-site/is/svs_core/is=3, 1741718077648
Received update: /ndn/mk-site/mk/svs_core/mk=3, 1741718077648
Received update: /ndn/bg-site/bg/svs_core/bg=3, 1741718082184
Received update: /ndn/cy-site/cy/svs_core/cy=3, 1741718082184
Received update: /ndn/rs-site/rs/svs_core/rs=3, 1741718082184
Received update: /ndn/cz-site/cz/svs_core/cz=3, 1741718082412
Received update: /ndn/ro-site/ro/svs_core/ro=3, 1741718082481
Received update: /ndn/ee-site/ee/svs_core/ee=3, 1741718082771
Received update: /ndn/hr-site/hr/svs_core/hr=3, 1741718089364
Received update: /ndn/it-site/it/svs_core/it=3, 1741718089527
Received update: /ndn/lv-site/lv/svs_core/lv=3, 1741718090807
Received update: /ndn/fi-site/fi/svs_core/fi=3, 1741718090912
Received update: /ndn/hu-site/hu/svs_core/hu=3, 1741718095857
Received update: /ndn/az-site/az/svs_core/az=3, 1741718096878
Received update: /ndn/de1-site/de1/svs_core/de1=3, 1741718096878
Published sequence number: /ndn/mt-site/mt/svs_core/mt=3, 1741718097464
Sending Sync interest
Received update: /ndn/ie-site/ie/svs_core/ie=3, 1741718099210
Received update: /ndn/lu-site/lu/svs_core/lu=3, 1741718099210
Received update: /ndn/sk-site/sk/svs_core/sk=3, 1741718099210
Received update: /ndn/tr-site/tr/svs_core/tr=3, 1741718099210
Sending Sync interest
Received update: /ndn/at-site/at/svs_core/at=4, 1741718101083
Received update: /ndn/il-site/il/svs_core/il=4, 1741718103105
Received update: /ndn/si-site/si/svs_core/si=4, 1741718103105
Received update: /ndn/pl-site/pl/svs_core/pl=4, 1741718103285
Received update: /ndn/ge-site/ge/svs_core/ge=4, 1741718106497
Received update: /ndn/nl-site/nl/svs_core/nl=4, 1741718106497
Received update: /ndn/gr-site/gr/svs_core/gr=4, 1741718106602
Received update: /ndn/am-site/am/svs_core/am=4, 1741718106634
Received update: /ndn/al-site/al/svs_core/al=4, 1741718107177
Received update: /ndn/by-site/by/svs_core/by=4, 1741718108100
Received update: /ndn/dk-site/dk/svs_core/dk=4, 1741718108100
Received update: /ndn/se-site/se/svs_core/se=4, 1741718108100
Received update: /ndn/md-site/md/svs_core/md=4, 1741718113024
Received update: /ndn/no-site/no/svs_core/no=4, 1741718113265
Received update: /ndn/uk-site/uk/svs_core/uk=4, 1741718113324
Received update: /ndn/es-site/es/svs_core/es=4, 1741718116131
Received update: /ndn/fr1-site/fr1/svs_core/fr1=4, 1741718116131
Received update: /ndn/be-site/be/svs_core/be=4, 1741718118788
Received update: /ndn/de2-site/de2/svs_core/de2=4, 1741718118788
Received update: /ndn/ch-site/ch/svs_core/ch=4, 1741718119754
Received update: /ndn/fr2-site/fr2/svs_core/fr2=4, 1741718119902
Received update: /ndn/lt-site/lt/svs_core/lt=4, 1741718121113
Received update: /ndn/pt-site/pt/svs_core/pt=4, 1741718121113
Received update: /ndn/ua-site/ua/svs_core/ua=4, 1741718121113
Received update: /ndn/me-site/me/svs_core/me=4, 1741718121498
Received update: /ndn/is-site/is/svs_core/is=4, 1741718122214
Received update: /ndn/cy-site/cy/svs_core/cy=4, 1741718126703
Received update: /ndn/cz-site/cz/svs_core/cz=4, 1741718126703
Received update: /ndn/ee-site/ee/svs_core/ee=4, 1741718126703
Received update: /ndn/mk-site/mk/svs_core/mk=4, 1741718126703
Received update: /ndn/ro-site/ro/svs_core/ro=4, 1741718126703
Received update: /ndn/bg-site/bg/svs_core/bg=4, 1741718127221
Received update: /ndn/rs-site/rs/svs_core/rs=4, 1741718127221
Received update: /ndn/it-site/it/svs_core/it=4, 1741718136107
Received update: /ndn/lv-site/lv/svs_core/lv=4, 1741718136107
Received update: /ndn/hr-site/hr/svs_core/hr=4, 1741718136176
Received update: /ndn/ie-site/ie/svs_core/ie=4, 1741718139738
Received update: /ndn/hu-site/hu/svs_core/hu=4, 1741718141765
Received update: /ndn/de1-site/de1/svs_core/de1=4, 1741718141765
Published sequence number: /ndn/mt-site/mt/svs_core/mt=4, 1741718142469
Sending Sync interest
Received update: /ndn/az-site/az/svs_core/az=4, 1741718144496
Received update: /ndn/lu-site/lu/svs_core/lu=4, 1741718144496
Received update: /ndn/tr-site/tr/svs_core/tr=4, 1741718144496
Received update: /ndn/sk-site/sk/svs_core/sk=4, 1741718144627
Sending Sync interest
Received update: /ndn/at-site/at/svs_core/at=5, 1741718146091
Received update: /ndn/fi-site/fi/svs_core/fi=4, 1741718146431
Received update: /ndn/il-site/il/svs_core/il=5, 1741718147441
Received update: /ndn/pl-site/pl/svs_core/pl=5, 1741718148501
Received update: /ndn/si-site/si/svs_core/si=5, 1741718148501
Received update: /ndn/nl-site/nl/svs_core/nl=5, 1741718149284
Received update: /ndn/am-site/am/svs_core/am=5, 1741718149550
Received update: /ndn/gr-site/gr/svs_core/gr=5, 1741718151450
Received update: /ndn/se-site/se/svs_core/se=5, 1741718151450
Received update: /ndn/ge-site/ge/svs_core/ge=5, 1741718151471
Received update: /ndn/al-site/al/svs_core/al=5, 1741718151760
Received update: /ndn/by-site/by/svs_core/by=5, 1741718160351
Received update: /ndn/dk-site/dk/svs_core/dk=5, 1741718160351
Received update: /ndn/lt-site/lt/svs_core/lt=5, 1741718160351
Received update: /ndn/md-site/md/svs_core/md=5, 1741718160351
Received update: /ndn/no-site/no/svs_core/no=5, 1741718160351
Received update: /ndn/uk-site/uk/svs_core/uk=5, 1741718160351
Received update: /ndn/fr1-site/fr1/svs_core/fr1=5, 1741718160564
Received update: /ndn/es-site/es/svs_core/es=5, 1741718162292
Received update: /ndn/de2-site/de2/svs_core/de2=5, 1741718162292
Received update: /ndn/ua-site/ua/svs_core/ua=5, 1741718163497
Received update: /ndn/ch-site/ch/svs_core/ch=5, 1741718164794
Received update: /ndn/fr2-site/fr2/svs_core/fr2=5, 1741718164917
Received update: /ndn/be-site/be/svs_core/be=5, 1741718165098
Received update: /ndn/me-site/me/svs_core/me=5, 1741718166601
Received update: /ndn/pt-site/pt/svs_core/pt=5, 1741718166601
Received update: /ndn/is-site/is/svs_core/is=5, 1741718167101
Received update: /ndn/cy-site/cy/svs_core/cy=5, 1741718170268
Received update: /ndn/cz-site/cz/svs_core/cz=5, 1741718171751
Received update: /ndn/ee-site/ee/svs_core/ee=5, 1741718171751
Received update: /ndn/mk-site/mk/svs_core/mk=5, 1741718171751
Received update: /ndn/ro-site/ro/svs_core/ro=5, 1741718171751
Received update: /ndn/bg-site/bg/svs_core/bg=5, 1741718172074
Received update: /ndn/it-site/it/svs_core/it=5, 1741718176437
Received update: /ndn/hr-site/hr/svs_core/hr=5, 1741718180374
Received update: /ndn/rs-site/rs/svs_core/rs=5, 1741718180375
Received update: /ndn/hu-site/hu/svs_core/hu=5, 1741718185851
Received update: /ndn/az-site/az/svs_core/az=5, 1741718186046
Received update: /ndn/fi-site/fi/svs_core/fi=5, 1741718186717
Received update: /ndn/lv-site/lv/svs_core/lv=5, 1741718186717
Received update: /ndn/de1-site/de1/svs_core/de1=5, 1741718186717
Received update: /ndn/ie-site/ie/svs_core/ie=5, 1741718187056
Published sequence number: /ndn/mt-site/mt/svs_core/mt=5, 1741718187472
Sending Sync interest
Received update: /ndn/at-site/at/svs_core/at=6, 1741718192456
Received update: /ndn/il-site/il/svs_core/il=6, 1741718192456
Received update: /ndn/lu-site/lu/svs_core/lu=5, 1741718192456
Received update: /ndn/sk-site/sk/svs_core/sk=5, 1741718192456
Received update: /ndn/tr-site/tr/svs_core/tr=5, 1741718192456
Sending Sync interest
Received update: /ndn/al-site/al/svs_core/al=6, 1741718193010
Received update: /ndn/si-site/si/svs_core/si=6, 1741718193010
Received update: /ndn/pl-site/pl/svs_core/pl=6, 1741718193315
Sending Sync interest
Received update: /ndn/am-site/am/svs_core/am=6, 1741718194550
Received update: /ndn/nl-site/nl/svs_core/nl=6, 1741718194550
Received update: /ndn/by-site/by/svs_core/by=6, 1741718197843
Received update: /ndn/se-site/se/svs_core/se=6, 1741718197843
Received update: /ndn/ge-site/ge/svs_core/ge=6, 1741718197994
Received update: /ndn/dk-site/dk/svs_core/dk=6, 1741718198047
Received update: /ndn/gr-site/gr/svs_core/gr=6, 1741718200899
Received update: /ndn/no-site/no/svs_core/no=6, 1741718200899
Received update: /ndn/uk-site/uk/svs_core/uk=6, 1741718201953
Received update: /ndn/md-site/md/svs_core/md=6, 1741718203310
Received update: /ndn/fr1-site/fr1/svs_core/fr1=6, 1741718205147
Received update: /ndn/es-site/es/svs_core/es=6, 1741718206075
Received update: /ndn/de2-site/de2/svs_core/de2=6, 1741718207293
Received update: /ndn/lt-site/lt/svs_core/lt=6, 1741718207561
Received update: /ndn/ua-site/ua/svs_core/ua=6, 1741718208608
Received update: /ndn/fr2-site/fr2/svs_core/fr2=6, 1741718208608
Received update: /ndn/be-site/be/svs_core/be=6, 1741718208786
Received update: /ndn/pt-site/pt/svs_core/pt=6, 1741718211131
Received update: /ndn/ch-site/ch/svs_core/ch=6, 1741718211221
Received update: /ndn/cy-site/cy/svs_core/cy=6, 1741718215262
Received update: /ndn/is-site/is/svs_core/is=6, 1741718215262
Received update: /ndn/me-site/me/svs_core/me=6, 1741718215262
Received update: /ndn/mk-site/mk/svs_core/mk=6, 1741718215262
Received update: /ndn/ro-site/ro/svs_core/ro=6, 1741718216291
Received update: /ndn/cz-site/cz/svs_core/cz=6, 1741718217030
Received update: /ndn/ee-site/ee/svs_core/ee=6, 1741718217030
Received update: /ndn/rs-site/rs/svs_core/rs=6, 1741718217151
Received update: /ndn/bg-site/bg/svs_core/bg=6, 1741718217341
Received update: /ndn/it-site/it/svs_core/it=6, 1741718221442
Received update: /ndn/lv-site/lv/svs_core/lv=6, 1741718225818
Received update: /ndn/hr-site/hr/svs_core/hr=6, 1741718225866
Received update: /ndn/az-site/az/svs_core/az=6, 1741718228081
Received update: /ndn/ie-site/ie/svs_core/ie=6, 1741718229765
Received update: /ndn/hu-site/hu/svs_core/hu=6, 1741718230859
Received update: /ndn/de1-site/de1/svs_core/de1=6, 1741718231732
Published sequence number: /ndn/mt-site/mt/svs_core/mt=6, 1741718232479
Sending Sync interest
Received update: /ndn/sk-site/sk/svs_core/sk=6, 1741718232621
Received update: /ndn/tr-site/tr/svs_core/tr=6, 1741718234091
Received update: /ndn/at-site/at/svs_core/at=7, 1741718241478
Received update: /ndn/fi-site/fi/svs_core/fi=6, 1741718241478
Received update: /ndn/ge-site/ge/svs_core/ge=7, 1741718241478
Received update: /ndn/il-site/il/svs_core/il=7, 1741718241478
Received update: /ndn/lu-site/lu/svs_core/lu=6, 1741718241478
Received update: /ndn/nl-site/nl/svs_core/nl=7, 1741718241478
Received update: /ndn/pl-site/pl/svs_core/pl=7, 1741718241478
Received update: /ndn/si-site/si/svs_core/si=7, 1741718241478
Received update: /ndn/am-site/am/svs_core/am=7, 1741718245569
Received update: /ndn/dk-site/dk/svs_core/dk=7, 1741718245569
Received update: /ndn/gr-site/gr/svs_core/gr=7, 1741718245569
Received update: /ndn/no-site/no/svs_core/no=7, 1741718245569
Received update: /ndn/se-site/se/svs_core/se=7, 1741718245569
Received update: /ndn/by-site/by/svs_core/by=7, 1741718245704
Received update: /ndn/al-site/al/svs_core/al=7, 1741718252295
Received update: /ndn/uk-site/uk/svs_core/uk=7, 1741718252295
Received update: /ndn/de2-site/de2/svs_core/de2=7, 1741718252295
Received update: /ndn/fr1-site/fr1/svs_core/fr1=7, 1741718252295
Received update: /ndn/lt-site/lt/svs_core/lt=7, 1741718252388
Received update: /ndn/es-site/es/svs_core/es=7, 1741718253589
Received update: /ndn/ua-site/ua/svs_core/ua=7, 1741718253589
Received update: /ndn/fr2-site/fr2/svs_core/fr2=7, 1741718253589
Received update: /ndn/be-site/be/svs_core/be=7, 1741718253787
Received update: /ndn/ch-site/ch/svs_core/ch=7, 1741718257694
Received update: /ndn/is-site/is/svs_core/is=7, 1741718257694
Received update: /ndn/mk-site/mk/svs_core/mk=7, 1741718257694
Received update: /ndn/pt-site/pt/svs_core/pt=7, 1741718257694
Received update: /ndn/cy-site/cy/svs_core/cy=7, 1741718262131
Received update: /ndn/me-site/me/svs_core/me=7, 1741718262131
Received update: /ndn/rs-site/rs/svs_core/rs=7, 1741718262131
Received update: /ndn/cz-site/cz/svs_core/cz=7, 1741718262206
Received update: /ndn/ee-site/ee/svs_core/ee=7, 1741718262206
Received update: /ndn/md-site/md/svs_core/md=7, 1741718262206
Received update: /ndn/ro-site/ro/svs_core/ro=7, 1741718262206
Received update: /ndn/bg-site/bg/svs_core/bg=7, 1741718263536
Received update: /ndn/it-site/it/svs_core/it=7, 1741718270828
Received update: /ndn/lv-site/lv/svs_core/lv=7, 1741718270828
Received update: /ndn/fi-site/fi/svs_core/fi=7, 1741718270973
Received update: /ndn/hr-site/hr/svs_core/hr=7, 1741718270973
Received update: /ndn/hu-site/hu/svs_core/hu=7, 1741718275876
Published sequence number: /ndn/mt-site/mt/svs_core/mt=7, 1741718277484
Sending Sync interest
Max suppression time updated to: 675
Received update: /ndn/sk-site/sk/svs_core/sk=7, 1741718277712
Received update: /ndn/de1-site/de1/svs_core/de1=7, 1741718277712
Received update: /ndn/lu-site/lu/svs_core/lu=7, 1741718278050
Received update: /ndn/ie-site/ie/svs_core/ie=7, 1741718278328
Received update: /ndn/tr-site/tr/svs_core/tr=7, 1741718279112
Received update: /ndn/at-site/at/svs_core/at=8, 1741718281096
Received update: /ndn/si-site/si/svs_core/si=8, 1741718283016
Received update: /ndn/il-site/il/svs_core/il=8, 1741718283227
Received update: /ndn/nl-site/nl/svs_core/nl=8, 1741718284428
Received update: /ndn/pl-site/pl/svs_core/pl=8, 1741718284428
Received update: /ndn/al-site/al/svs_core/al=8, 1741718284584
Received update: /ndn/se-site/se/svs_core/se=8, 1741718285801
Received update: /ndn/am-site/am/svs_core/am=8, 1741718286718
Received update: /ndn/ge-site/ge/svs_core/ge=8, 1741718286718
Received update: /ndn/gr-site/gr/svs_core/gr=8, 1741718286718
Received update: /ndn/dk-site/dk/svs_core/dk=8, 1741718287237
Received update: /ndn/by-site/by/svs_core/by=8, 1741718291959
Received update: /ndn/uk-site/uk/svs_core/uk=8, 1741718291959
Received update: /ndn/lt-site/lt/svs_core/lt=8, 1741718295191
Received update: /ndn/no-site/no/svs_core/no=8, 1741718295526
Received update: /ndn/fr1-site/fr1/svs_core/fr1=8, 1741718295640
Received update: /ndn/md-site/md/svs_core/md=8, 1741718295724
Received update: /ndn/es-site/es/svs_core/es=8, 1741718298925
Received update: /ndn/ua-site/ua/svs_core/ua=8, 1741718298925
Received update: /ndn/de2-site/de2/svs_core/de2=8, 1741718298925
Received update: /ndn/fr2-site/fr2/svs_core/fr2=8, 1741718299037
Received update: /ndn/be-site/be/svs_core/be=8, 1741718299086
Received update: /ndn/ch-site/ch/svs_core/ch=8, 1741718301136
Received update: /ndn/pt-site/pt/svs_core/pt=8, 1741718301136
Received update: /ndn/is-site/is/svs_core/is=8, 1741718302993
Received update: /ndn/me-site/me/svs_core/me=8, 1741718302993
Received update: /ndn/mk-site/mk/svs_core/mk=8, 1741718302993
Received update: /ndn/cy-site/cy/svs_core/cy=8, 1741718305270
Received update: /ndn/ee-site/ee/svs_core/ee=8, 1741718305714
Received update: /ndn/cz-site/cz/svs_core/cz=8, 1741718307256
Received update: /ndn/rs-site/rs/svs_core/rs=8, 1741718307256
Received update: /ndn/bg-site/bg/svs_core/bg=8, 1741718307344
Received update: /ndn/ro-site/ro/svs_core/ro=8, 1741718307344
Received update: /ndn/az-site/az/svs_core/az=7, 1741718311448
Received update: /ndn/it-site/it/svs_core/it=8, 1741718311448
Received update: /ndn/fi-site/fi/svs_core/fi=8, 1741718315844
Received update: /ndn/hr-site/hr/svs_core/hr=8, 1741718316053
Received update: /ndn/az-site/az/svs_core/az=8, 1741718318088
Received update: /ndn/lv-site/lv/svs_core/lv=8, 1741718318409
Published sequence number: /ndn/mt-site/mt/svs_core/mt=8, 1741718322486
Sending Sync interest
Received update: /ndn/hu-site/hu/svs_core/hu=8, 1741718322625
Received update: /ndn/ie-site/ie/svs_core/ie=8, 1741718322625
Received update: /ndn/sk-site/sk/svs_core/sk=8, 1741718322625
Received update: /ndn/de1-site/de1/svs_core/de1=8, 1741718322625
Received update: /ndn/lu-site/lu/svs_core/lu=8, 1741718323391
Sending Sync interest
Received update: /ndn/tr-site/tr/svs_core/tr=8, 1741718324127
Sending Sync interest
Received update: /ndn/at-site/at/svs_core/at=9, 1741718327549
Received update: /ndn/il-site/il/svs_core/il=9, 1741718327549
Sending Sync interest
Max suppression time updated to: 650
Received update: /ndn/al-site/al/svs_core/al=9, 1741718327945
Max suppression time updated to: 620
Received update: /ndn/pl-site/pl/svs_core/pl=9, 1741718328532
Received update: /ndn/si-site/si/svs_core/si=9, 1741718328532
Received update: /ndn/nl-site/nl/svs_core/nl=9, 1741718329281
Received update: /ndn/am-site/am/svs_core/am=9, 1741718332452
Received update: /ndn/dk-site/dk/svs_core/dk=9, 1741718332452
Received update: /ndn/ge-site/ge/svs_core/ge=9, 1741718332452
Received update: /ndn/gr-site/gr/svs_core/gr=9, 1741718332452
Received update: /ndn/se-site/se/svs_core/se=9, 1741718332452
Received update: /ndn/no-site/no/svs_core/no=9, 1741718335709
Received update: /ndn/by-site/by/svs_core/by=9, 1741718336990
Received update: /ndn/uk-site/uk/svs_core/uk=9, 1741718336990
Received update: /ndn/es-site/es/svs_core/es=9, 1741718341127
Received update: /ndn/fr1-site/fr1/svs_core/fr1=9, 1741718341377
Received update: /ndn/md-site/md/svs_core/md=9, 1741718341605
Received update: /ndn/de2-site/de2/svs_core/de2=9, 1741718342849
Received update: /ndn/fr2-site/fr2/svs_core/fr2=9, 1741718342849
Received update: /ndn/be-site/be/svs_core/be=9, 1741718343844
Received update: /ndn/lt-site/lt/svs_core/lt=9, 1741718344069
Received update: /ndn/ua-site/ua/svs_core/ua=9, 1741718344326
Received update: /ndn/ch-site/ch/svs_core/ch=9, 1741718344812
Received update: /ndn/pt-site/pt/svs_core/pt=9, 1741718346123
Sending Sync interest
Received update: /ndn/me-site/me/svs_core/me=9, 1741718346517
Received update: /ndn/is-site/is/svs_core/is=9, 1741718347112
Received update: /ndn/cy-site/cy/svs_core/cy=9, 1741718350584
Received update: /ndn/mk-site/mk/svs_core/mk=9, 1741718350584
Received update: /ndn/ee-site/ee/svs_core/ee=9, 1741718351133
Received update: /ndn/cz-site/cz/svs_core/cz=9, 1741718351844
Received update: /ndn/ro-site/ro/svs_core/ro=9, 1741718351844
Received update: /ndn/bg-site/bg/svs_core/bg=9, 1741718352091
Received update: /ndn/it-site/it/svs_core/it=9, 1741718356454
Received update: /ndn/rs-site/rs/svs_core/rs=9, 1741718356646
Received update: /ndn/hr-site/hr/svs_core/hr=9, 1741718360822
Received update: /ndn/lv-site/lv/svs_core/lv=9, 1741718360822
Received update: /ndn/de1-site/de1/svs_core/de1=9, 1741718366739
Received update: /ndn/fi-site/fi/svs_core/fi=9, 1741718366876
Received update: /ndn/az-site/az/svs_core/az=9, 1741718366940
Received update: /ndn/hu-site/hu/svs_core/hu=9, 1741718367035
Received update: /ndn/ie-site/ie/svs_core/ie=9, 1741718367331
Published sequence number: /ndn/mt-site/mt/svs_core/mt=9, 1741718367491
Sending Sync interest
Received update: /ndn/sk-site/sk/svs_core/sk=9, 1741718367592
Received update: /ndn/al-site/al/svs_core/al=10, 1741718372607
Received update: /ndn/at-site/at/svs_core/at=10, 1741718372607
Received update: /ndn/il-site/il/svs_core/il=10, 1741718372607
Received update: /ndn/lu-site/lu/svs_core/lu=9, 1741718372607
Received update: /ndn/tr-site/tr/svs_core/tr=9, 1741718372607
Received update: /ndn/si-site/si/svs_core/si=10, 1741718373055
Sending Sync interest
Received update: /ndn/nl-site/nl/svs_core/nl=10, 1741718374311
Sending Sync interest
Max suppression time updated to: 590
Received update: /ndn/am-site/am/svs_core/am=10, 1741718375309
Received update: /ndn/dk-site/dk/svs_core/dk=10, 1741718377504
Received update: /ndn/pl-site/pl/svs_core/pl=10, 1741718377504
Received update: /ndn/se-site/se/svs_core/se=10, 1741718377504
Received update: /ndn/gr-site/gr/svs_core/gr=10, 1741718377592
Received update: /ndn/lt-site/lt/svs_core/lt=10, 1741718385209
Received update: /ndn/ge-site/ge/svs_core/ge=10, 1741718385488
Received update: /ndn/fr1-site/fr1/svs_core/fr1=10, 1741718385488
Received update: /ndn/uk-site/uk/svs_core/uk=10, 1741718385497
Received update: /ndn/by-site/by/svs_core/by=10, 1741718385717
Received update: /ndn/no-site/no/svs_core/no=10, 1741718385717
Received update: /ndn/md-site/md/svs_core/md=10, 1741718385753
Received update: /ndn/es-site/es/svs_core/es=10, 1741718386092
Received update: /ndn/de2-site/de2/svs_core/de2=10, 1741718387306
Received update: /ndn/be-site/be/svs_core/be=10, 1741718388796
Received update: /ndn/fr2-site/fr2/svs_core/fr2=10, 1741718388993
Received update: /ndn/ch-site/ch/svs_core/ch=10, 1741718391121
Received update: /ndn/pt-site/pt/svs_core/pt=10, 1741718391121
Received update: /ndn/ua-site/ua/svs_core/ua=10, 1741718391121
Received update: /ndn/is-site/is/svs_core/is=10, 1741718392152
Received update: /ndn/me-site/me/svs_core/me=10, 1741718392455
Received update: /ndn/mk-site/mk/svs_core/mk=10, 1741718392691
Received update: /ndn/cy-site/cy/svs_core/cy=10, 1741718396297
Received update: /ndn/ro-site/ro/svs_core/ro=10, 1741718396297
Received update: /ndn/cz-site/cz/svs_core/cz=10, 1741718396743
Received update: /ndn/ee-site/ee/svs_core/ee=10, 1741718396896
Received update: /ndn/rs-site/rs/svs_core/rs=10, 1741718397309
Received update: /ndn/bg-site/bg/svs_core/bg=10, 1741718397550
Received update: /ndn/hr-site/hr/svs_core/hr=10, 1741718405965
Received update: /ndn/it-site/it/svs_core/it=10, 1741718405965
Received update: /ndn/lv-site/lv/svs_core/lv=10, 1741718405965
Received update: /ndn/fi-site/fi/svs_core/fi=10, 1741718406624
Received update: /ndn/hu-site/hu/svs_core/hu=10, 1741718410882
Received update: /ndn/ie-site/ie/svs_core/ie=10, 1741718410882
Published sequence number: /ndn/mt-site/mt/svs_core/mt=10, 1741718412495
Sending Sync interest
Received update: /ndn/at-site/at/svs_core/at=11, 1741718417456
Received update: /ndn/az-site/az/svs_core/az=10, 1741718417456
Received update: /ndn/il-site/il/svs_core/il=11, 1741718417456
Received update: /ndn/lu-site/lu/svs_core/lu=10, 1741718417456
Received update: /ndn/sk-site/sk/svs_core/sk=10, 1741718417456
Received update: /ndn/de1-site/de1/svs_core/de1=10, 1741718417456
Received update: /ndn/si-site/si/svs_core/si=11, 1741718418038
Sending Sync interest
Received update: /ndn/tr-site/tr/svs_core/tr=10, 1741718418293
Received update: /ndn/pl-site/pl/svs_core/pl=11, 1741718418325
Sending Sync interest
Received update: /ndn/al-site/al/svs_core/al=11, 1741718419326
Received update: /ndn/nl-site/nl/svs_core/nl=11, 1741718419326
Received update: /ndn/am-site/am/svs_core/am=11, 1741718419572
Sending Sync interest
Received update: /ndn/se-site/se/svs_core/se=11, 1741718420574
Received update: /ndn/ge-site/ge/svs_core/ge=11, 1741718421492
Received update: /ndn/gr-site/gr/svs_core/gr=11, 1741718421833
Received update: /ndn/dk-site/dk/svs_core/dk=11, 1741718422245
Received update: /ndn/by-site/by/svs_core/by=11, 1741718426967
Received update: /ndn/uk-site/uk/svs_core/uk=11, 1741718426967
Received update: /ndn/es-site/es/svs_core/es=11, 1741718432720
Received update: /ndn/de2-site/de2/svs_core/de2=11, 1741718432720
Received update: /ndn/fr1-site/fr1/svs_core/fr1=11, 1741718432720
Received update: /ndn/md-site/md/svs_core/md=11, 1741718432820
Received update: /ndn/no-site/no/svs_core/no=11, 1741718432820
Received update: /ndn/be-site/be/svs_core/be=11, 1741718434904
Received update: /ndn/ch-site/ch/svs_core/ch=11, 1741718434904
Received update: /ndn/lt-site/lt/svs_core/lt=11, 1741718434904
Received update: /ndn/ua-site/ua/svs_core/ua=11, 1741718434904
Received update: /ndn/fr2-site/fr2/svs_core/fr2=11, 1741718434904
Received update: /ndn/me-site/me/svs_core/me=11, 1741718437051
Received update: /ndn/is-site/is/svs_core/is=11, 1741718437130
Received update: /ndn/mk-site/mk/svs_core/mk=11, 1741718437877
Received update: /ndn/pt-site/pt/svs_core/pt=11, 1741718438274
Received update: /ndn/ee-site/ee/svs_core/ee=11, 1741718440708
Received update: /ndn/cy-site/cy/svs_core/cy=11, 1741718440873
Received update: /ndn/cz-site/cz/svs_core/cz=11, 1741718446758
Received update: /ndn/it-site/it/svs_core/it=11, 1741718446758
Received update: /ndn/bg-site/bg/svs_core/bg=11, 1741718447561
Received update: /ndn/ro-site/ro/svs_core/ro=11, 1741718447561
Received update: /ndn/rs-site/rs/svs_core/rs=11, 1741718447561
Received update: /ndn/hr-site/hr/svs_core/hr=11, 1741718449376
Received update: /ndn/lv-site/lv/svs_core/lv=11, 1741718450849
Received update: /ndn/az-site/az/svs_core/az=11, 1741718453189
Received update: /ndn/fi-site/fi/svs_core/fi=11, 1741718455016
Received update: /ndn/ie-site/ie/svs_core/ie=11, 1741718455016
Received update: /ndn/hu-site/hu/svs_core/hu=11, 1741718455878
Received update: /ndn/de1-site/de1/svs_core/de1=11, 1741718456740
Published sequence number: /ndn/mt-site/mt/svs_core/mt=11, 1741718457501
Sending Sync interest
Received update: /ndn/lu-site/lu/svs_core/lu=11, 1741718458099
Received update: /ndn/tr-site/tr/svs_core/tr=11, 1741718459130
Received update: /ndn/sk-site/sk/svs_core/sk=11, 1741718459193
Received update: /ndn/at-site/at/svs_core/at=12, 1741718461113
Received update: /ndn/pl-site/pl/svs_core/pl=12, 1741718463335
Received update: /ndn/si-site/si/svs_core/si=12, 1741718463567
Received update: /ndn/al-site/al/svs_core/al=12, 1741718463907
Received update: /ndn/il-site/il/svs_core/il=12, 1741718465565
Received update: /ndn/nl-site/nl/svs_core/nl=12, 1741718465565
Received update: /ndn/se-site/se/svs_core/se=12, 1741718465565
Received update: /ndn/am-site/am/svs_core/am=12, 1741718465868
Received update: /ndn/by-site/by/svs_core/by=12, 1741718470577
Received update: /ndn/dk-site/dk/svs_core/dk=12, 1741718470577
Received update: /ndn/ge-site/ge/svs_core/ge=12, 1741718470577
Received update: /ndn/no-site/no/svs_core/no=12, 1741718470577
Received update: /ndn/uk-site/uk/svs_core/uk=12, 1741718471972
Received update: /ndn/gr-site/gr/svs_core/gr=12, 1741718472313
Received update: /ndn/fr1-site/fr1/svs_core/fr1=12, 1741718475210
Received update: /ndn/es-site/es/svs_core/es=12, 1741718476100
Received update: /ndn/lt-site/lt/svs_core/lt=12, 1741718477850
Received update: /ndn/md-site/md/svs_core/md=12, 1741718477850
Received update: /ndn/fr2-site/fr2/svs_core/fr2=12, 1741718477850
Received update: /ndn/de2-site/de2/svs_core/de2=12, 1741718478051
Received update: /ndn/be-site/be/svs_core/be=12, 1741718478802
Received update: /ndn/ch-site/ch/svs_core/ch=12, 1741718479784
Received update: /ndn/pt-site/pt/svs_core/pt=12, 1741718481243
Received update: /ndn/ua-site/ua/svs_core/ua=12, 1741718481243
Received update: /ndn/me-site/me/svs_core/me=12, 1741718481532
Received update: /ndn/is-site/is/svs_core/is=12, 1741718482404
Received update: /ndn/mk-site/mk/svs_core/mk=12, 1741718482702
Received update: /ndn/cy-site/cy/svs_core/cy=12, 1741718485302
Received update: /ndn/ee-site/ee/svs_core/ee=12, 1741718486306
Received update: /ndn/ro-site/ro/svs_core/ro=12, 1741718486306
Received update: /ndn/cz-site/cz/svs_core/cz=12, 1741718486726
Received update: /ndn/bg-site/bg/svs_core/bg=12, 1741718487143
Received update: /ndn/rs-site/rs/svs_core/rs=12, 1741718487166
Received update: /ndn/it-site/it/svs_core/it=12, 1741718491465
Received update: /ndn/hr-site/hr/svs_core/hr=12, 1741718494459
Received update: /ndn/ie-site/ie/svs_core/ie=12, 1741718499773
Received update: /ndn/lv-site/lv/svs_core/lv=12, 1741718499773
Received update: /ndn/hu-site/hu/svs_core/hu=12, 1741718500882
Received update: /ndn/fi-site/fi/svs_core/fi=12, 1741718501164
Published sequence number: /ndn/mt-site/mt/svs_core/mt=12, 1741718502507
Sending Sync interest
Max suppression time updated to: 555
Received update: /ndn/az-site/az/svs_core/az=12, 1741718502753
Received update: /ndn/de1-site/de1/svs_core/de1=12, 1741718502753
Max suppression time updated to: 530
Received update: /ndn/lu-site/lu/svs_core/lu=12, 1741718503105
Received update: /ndn/sk-site/sk/svs_core/sk=12, 1741718504360
Received update: /ndn/tr-site/tr/svs_core/tr=12, 1741718504360
Received update: /ndn/il-site/il/svs_core/il=13, 1741718507472
Received update: /ndn/al-site/al/svs_core/al=13, 1741718507612
Received update: /ndn/at-site/at/svs_core/at=13, 1741718507668
Received update: /ndn/si-site/si/svs_core/si=13, 1741718508051
Received update: /ndn/pl-site/pl/svs_core/pl=13, 1741718508336
Received update: /ndn/am-site/am/svs_core/am=13, 1741718511813
Received update: /ndn/ge-site/ge/svs_core/ge=13, 1741718511813
Received update: /ndn/gr-site/gr/svs_core/gr=13, 1741718511813
Received update: /ndn/nl-site/nl/svs_core/nl=13, 1741718511813
Received update: /ndn/se-site/se/svs_core/se=13, 1741718511844
Received update: /ndn/by-site/by/svs_core/by=13, 1741718516060
Received update: /ndn/dk-site/dk/svs_core/dk=13, 1741718516060
Received update: /ndn/no-site/no/svs_core/no=13, 1741718516060
Received update: /ndn/uk-site/uk/svs_core/uk=13, 1741718516962
Received update: /ndn/fr1-site/fr1/svs_core/fr1=13, 1741718520190
Received update: /ndn/es-site/es/svs_core/es=13, 1741718521153
Received update: /ndn/lt-site/lt/svs_core/lt=13, 1741718521153
Received update: /ndn/de2-site/de2/svs_core/de2=13, 1741718522338
Received update: /ndn/md-site/md/svs_core/md=13, 1741718522588
Received update: /ndn/ua-site/ua/svs_core/ua=13, 1741718523518
Received update: /ndn/be-site/be/svs_core/be=13, 1741718523798
Received update: /ndn/fr2-site/fr2/svs_core/fr2=13, 1741718524072
Received update: /ndn/ch-site/ch/svs_core/ch=13, 1741718524788
Received update: /ndn/pt-site/pt/svs_core/pt=13, 1741718526134
Received update: /ndn/is-site/is/svs_core/is=13, 1741718527131
Received update: /ndn/me-site/me/svs_core/me=13, 1741718527483
Received update: /ndn/cz-site/cz/svs_core/cz=13, 1741718532113
Received update: /ndn/ro-site/ro/svs_core/ro=13, 1741718532113
Received update: /ndn/bg-site/bg/svs_core/bg=13, 1741718532420
Received update: /ndn/ee-site/ee/svs_core/ee=13, 1741718532420
Received update: /ndn/cy-site/cy/svs_core/cy=13, 1741718532719
Received update: /ndn/it-site/it/svs_core/it=13, 1741718536468
Received update: /ndn/mk-site/mk/svs_core/mk=13, 1741718536551
Received update: /ndn/hr-site/hr/svs_core/hr=13, 1741718539417
Received update: /ndn/rs-site/rs/svs_core/rs=13, 1741718539938
Received update: /ndn/hu-site/hu/svs_core/hu=13, 1741718546251
Received update: /ndn/lv-site/lv/svs_core/lv=13, 1741718546251
Received update: /ndn/fi-site/fi/svs_core/fi=13, 1741718546729
Received update: /ndn/ie-site/ie/svs_core/ie=13, 1741718546729
Received update: /ndn/az-site/az/svs_core/az=13, 1741718547062
Received update: /ndn/de1-site/de1/svs_core/de1=13, 1741718547062
Published sequence number: /ndn/mt-site/mt/svs_core/mt=13, 1741718547509
Sending Sync interest
Received update: /ndn/lu-site/lu/svs_core/lu=13, 1741718548071
Received update: /ndn/sk-site/sk/svs_core/sk=13, 1741718548141
Received update: /ndn/tr-site/tr/svs_core/tr=13, 1741718549153
Received update: /ndn/al-site/al/svs_core/al=14, 1741718552614
Received update: /ndn/at-site/at/svs_core/at=14, 1741718552708
Received update: /ndn/il-site/il/svs_core/il=14, 1741718552708
Received update: /ndn/si-site/si/svs_core/si=14, 1741718553433
Received update: /ndn/nl-site/nl/svs_core/nl=14, 1741718554301
Received update: /ndn/pl-site/pl/svs_core/pl=14, 1741718554301
Received update: /ndn/se-site/se/svs_core/se=14, 1741718555656
Received update: /ndn/gr-site/gr/svs_core/gr=14, 1741718556485
Received update: /ndn/am-site/am/svs_core/am=14, 1741718556620
Received update: /ndn/dk-site/dk/svs_core/dk=14, 1741718557428
Received update: /ndn/ge-site/ge/svs_core/ge=14, 1741718557428
Received update: /ndn/no-site/no/svs_core/no=14, 1741718560666
Received update: /ndn/uk-site/uk/svs_core/uk=14, 1741718561974
Received update: /ndn/by-site/by/svs_core/by=14, 1741718562367
Received update: /ndn/lt-site/lt/svs_core/lt=14, 1741718565208
Received update: /ndn/es-site/es/svs_core/es=14, 1741718566296
Received update: /ndn/fr1-site/fr1/svs_core/fr1=14, 1741718566296
Received update: /ndn/be-site/be/svs_core/be=14, 1741718568838
Received update: /ndn/md-site/md/svs_core/md=14, 1741718568838
Received update: /ndn/ua-site/ua/svs_core/ua=14, 1741718568838
Received update: /ndn/de2-site/de2/svs_core/de2=14, 1741718568838
Received update: /ndn/fr2-site/fr2/svs_core/fr2=14, 1741718568838
Received update: /ndn/ch-site/ch/svs_core/ch=14, 1741718569788
Received update: /ndn/is-site/is/svs_core/is=14, 1741718572143
Received update: /ndn/pt-site/pt/svs_core/pt=14, 1741718572143
Received update: /ndn/cy-site/cy/svs_core/cy=14, 1741718575297
Received update: /ndn/mk-site/mk/svs_core/mk=14, 1741718575297
Received update: /ndn/ee-site/ee/svs_core/ee=14, 1741718575734
Received update: /ndn/ro-site/ro/svs_core/ro=14, 1741718576342
Received update: /ndn/bg-site/bg/svs_core/bg=14, 1741718584627
Received update: /ndn/cz-site/cz/svs_core/cz=14, 1741718584627
Received update: /ndn/hr-site/hr/svs_core/hr=14, 1741718584627
Received update: /ndn/rs-site/rs/svs_core/rs=14, 1741718584627
Received update: /ndn/it-site/it/svs_core/it=14, 1741718584819
Received update: /ndn/az-site/az/svs_core/az=14, 1741718588150
Received update: /ndn/lv-site/lv/svs_core/lv=14, 1741718588162
Received update: /ndn/fi-site/fi/svs_core/fi=14, 1741718589117
Received update: /ndn/me-site/me/svs_core/me=14, 1741718589117
Received update: /ndn/hu-site/hu/svs_core/hu=14, 1741718590898
Published sequence number: /ndn/mt-site/mt/svs_core/mt=14, 1741718592511
Sending Sync interest
Received update: /ndn/sk-site/sk/svs_core/sk=14, 1741718594160
Received update: /ndn/tr-site/tr/svs_core/tr=14, 1741718594160
Received update: /ndn/de1-site/de1/svs_core/de1=14, 1741718594160
Sending Sync interest
Received update: /ndn/at-site/at/svs_core/at=15, 1741718596285
Received update: /ndn/lu-site/lu/svs_core/lu=14, 1741718596285
Received update: /ndn/il-site/il/svs_core/il=15, 1741718598244
Received update: /ndn/si-site/si/svs_core/si=15, 1741718598244
Received update: /ndn/nl-site/nl/svs_core/nl=15, 1741718599318
Received update: /ndn/pl-site/pl/svs_core/pl=15, 1741718599318
Received update: /ndn/am-site/am/svs_core/am=15, 1741718599655
Received update: /ndn/gr-site/gr/svs_core/gr=15, 1741718601483
Received update: /ndn/al-site/al/svs_core/al=15, 1741718602095
Received update: /ndn/ge-site/ge/svs_core/ge=15, 1741718602095
Received update: /ndn/dk-site/dk/svs_core/dk=15, 1741718602443
Received update: /ndn/se-site/se/svs_core/se=15, 1741718602443
Received update: /ndn/uk-site/uk/svs_core/uk=15, 1741718607003
Received update: /ndn/ie-site/ie/svs_core/ie=14, 1741718608587
Received update: /ndn/md-site/md/svs_core/md=15, 1741718608587
Received update: /ndn/no-site/no/svs_core/no=15, 1741718608587
Received update: /ndn/by-site/by/svs_core/by=15, 1741718608721
Received update: /ndn/es-site/es/svs_core/es=15, 1741718612360
Received update: /ndn/de2-site/de2/svs_core/de2=15, 1741718612360
Received update: /ndn/fr1-site/fr1/svs_core/fr1=15, 1741718612360
Received update: /ndn/lt-site/lt/svs_core/lt=15, 1741718612607
Received update: /ndn/be-site/be/svs_core/be=15, 1741718613822
Received update: /ndn/fr2-site/fr2/svs_core/fr2=15, 1741718613822
Received update: /ndn/ch-site/ch/svs_core/ch=15, 1741718616526
Received update: /ndn/me-site/me/svs_core/me=15, 1741718616526
Received update: /ndn/pt-site/pt/svs_core/pt=15, 1741718616526
Received update: /ndn/is-site/is/svs_core/is=15, 1741718617147
Received update: /ndn/mk-site/mk/svs_core/mk=15, 1741718617918
Received update: /ndn/ua-site/ua/svs_core/ua=15, 1741718618066
Received update: /ndn/bg-site/bg/svs_core/bg=15, 1741718622135
Received update: /ndn/cy-site/cy/svs_core/cy=15, 1741718622135
Received update: /ndn/cz-site/cz/svs_core/cz=15, 1741718622135
Received update: /ndn/ee-site/ee/svs_core/ee=15, 1741718622135
Received update: /ndn/ro-site/ro/svs_core/ro=15, 1741718622135
Received update: /ndn/rs-site/rs/svs_core/rs=15, 1741718622143
Received update: /ndn/lv-site/lv/svs_core/lv=15, 1741718630946
Received update: /ndn/hr-site/hr/svs_core/hr=15, 1741718631070
Received update: /ndn/it-site/it/svs_core/it=15, 1741718631070
Received update: /ndn/ie-site/ie/svs_core/ie=15, 1741718634833
Sending Sync interest
Received update: /ndn/az-site/az/svs_core/az=15, 1741718635962
Received update: /ndn/fi-site/fi/svs_core/fi=15, 1741718635962
Received update: /ndn/hu-site/hu/svs_core/hu=15, 1741718635962
Received update: /ndn/de1-site/de1/svs_core/de1=15, 1741718636911
Published sequence number: /ndn/mt-site/mt/svs_core/mt=15, 1741718637517
Sending Sync interest
Received update: /ndn/sk-site/sk/svs_core/sk=15, 1741718637646
Received update: /ndn/lu-site/lu/svs_core/lu=15, 1741718638100
Received update: /ndn/tr-site/tr/svs_core/tr=15, 1741718639149
Received update: /ndn/al-site/al/svs_core/al=16, 1741718642616
Received update: /ndn/at-site/at/svs_core/at=16, 1741718642616
Received update: /ndn/il-site/il/svs_core/il=16, 1741718643095
Received update: /ndn/nl-site/nl/svs_core/nl=16, 1741718644326
Received update: /ndn/gr-site/gr/svs_core/gr=16, 1741718646485
Received update: /ndn/si-site/si/svs_core/si=16, 1741718646647
Received update: /ndn/se-site/se/svs_core/se=16, 1741718646776
Received update: /ndn/pl-site/pl/svs_core/pl=16, 1741718646898
Received update: /ndn/am-site/am/svs_core/am=16, 1741718646948
Received update: /ndn/dk-site/dk/svs_core/dk=16, 1741718653053
Received update: /ndn/ge-site/ge/svs_core/ge=16, 1741718653053
Received update: /ndn/md-site/md/svs_core/md=16, 1741718653053
Received update: /ndn/uk-site/uk/svs_core/uk=16, 1741718653053
Received update: /ndn/no-site/no/svs_core/no=16, 1741718653656
Received update: /ndn/by-site/by/svs_core/by=16, 1741718653784
Received update: /ndn/lt-site/lt/svs_core/lt=16, 1741718655288
Received update: /ndn/fr1-site/fr1/svs_core/fr1=16, 1741718655311
Received update: /ndn/es-site/es/svs_core/es=16, 1741718656109
Received update: /ndn/de2-site/de2/svs_core/de2=16, 1741718657342
Received update: /ndn/be-site/be/svs_core/be=16, 1741718661164
Received update: /ndn/pt-site/pt/svs_core/pt=16, 1741718661164
Received update: /ndn/ua-site/ua/svs_core/ua=16, 1741718661164
Received update: /ndn/fr2-site/fr2/svs_core/fr2=16, 1741718661164
Received update: /ndn/ch-site/ch/svs_core/ch=16, 1741718661447
Received update: /ndn/cy-site/cy/svs_core/cy=16, 1741718665506
Received update: /ndn/is-site/is/svs_core/is=16, 1741718665506
Received update: /ndn/me-site/me/svs_core/me=16, 1741718665506
Received update: /ndn/mk-site/mk/svs_core/mk=16, 1741718665544
Received update: /ndn/ro-site/ro/svs_core/ro=16, 1741718666331
Received update: /ndn/rs-site/rs/svs_core/rs=16, 1741718667159
Received update: /ndn/bg-site/bg/svs_core/bg=16, 1741718667302
Received update: /ndn/cz-site/cz/svs_core/cz=16, 1741718667302
Received update: /ndn/ee-site/ee/svs_core/ee=16, 1741718667742
Received update: /ndn/lv-site/lv/svs_core/lv=16, 1741718675880
Received update: /ndn/it-site/it/svs_core/it=16, 1741718676062
Received update: /ndn/fi-site/fi/svs_core/fi=16, 1741718676695
Received update: /ndn/hr-site/hr/svs_core/hr=16, 1741718676695
Received update: /ndn/az-site/az/svs_core/az=16, 1741718678127
Received update: /ndn/hu-site/hu/svs_core/hu=16, 1741718680916
Received update: /ndn/ie-site/ie/svs_core/ie=16, 1741718682178
Received update: /ndn/de1-site/de1/svs_core/de1=16, 1741718682178
Published sequence number: /ndn/mt-site/mt/svs_core/mt=16, 1741718682519
Sending Sync interest
Received update: /ndn/sk-site/sk/svs_core/sk=16, 1741718682618
Received update: /ndn/lu-site/lu/svs_core/lu=16, 1741718683083
Sending Sync interest
Received update: /ndn/tr-site/tr/svs_core/tr=16, 1741718710174
Sending Sync interest
Stopping SVS client: /ndn/mt-site/mt/svs_core/mt
