SVS client starting: /ndn/sk-site/sk/svs_core/sk
Max suppression time updated to: 126
Max suppression time updated to: 159
Max suppression time updated to: 168
Max suppression time updated to: 159
Max suppression time updated to: 153
Max suppression time updated to: 159
Max suppression time updated to: 162
Max suppression time updated to: 174
Max suppression time updated to: 162
Max suppression time updated to: 156
Max suppression time updated to: 165
Max suppression time updated to: 177
Max suppression time updated to: 183
Max suppression time updated to: 189
Max suppression time updated to: 183
Sending Sync interest
Max suppression time updated to: 183
Max suppression time updated to: 180
Max suppression time updated to: 180
Max suppression time updated to: 183
Max suppression time updated to: 180
Max suppression time updated to: 177
Max suppression time updated to: 186
Max suppression time updated to: 186
Max suppression time updated to: 192
Max suppression time updated to: 189
Max suppression time updated to: 192
Max suppression time updated to: 192
Max suppression time updated to: 189
Max suppression time updated to: 192
Max suppression time updated to: 195
Received update: /ndn/be-site/be/svs_core/be=1, 1741733526489
Max suppression time updated to: 198
Max suppression time updated to: 201
Max suppression time updated to: 207
Max suppression time updated to: 213
Max suppression time updated to: 222
Received update: /ndn/se-site/se/svs_core/se=1, 1741733526994
Max suppression time updated to: 222
Received update: /ndn/ua-site/ua/svs_core/ua=1, 1741733528010
Max suppression time updated to: 216
Received update: /ndn/lu-site/lu/svs_core/lu=1, 1741733528160
Max suppression time updated to: 216
Max suppression time updated to: 216
Max suppression time updated to: 219
Max suppression time updated to: 216
Received update: /ndn/rs-site/rs/svs_core/rs=1, 1741733530793
Max suppression time updated to: 222
Received update: /ndn/pt-site/pt/svs_core/pt=1, 1741733531319
Max suppression time updated to: 225
Received update: /ndn/mt-site/mt/svs_core/mt=1, 1741733531485
Max suppression time updated to: 225
Received update: /ndn/es-site/es/svs_core/es=1, 1741733531740
Received update: /ndn/uk-site/uk/svs_core/uk=1, 1741733531740
Max suppression time updated to: 234
Received update: /ndn/ch-site/ch/svs_core/ch=1, 1741733532023
Max suppression time updated to: 237
Received update: /ndn/is-site/is/svs_core/is=1, 1741733532687
Max suppression time updated to: 237
Received update: /ndn/am-site/am/svs_core/am=1, 1741733533341
Max suppression time updated to: 237
Received update: /ndn/md-site/md/svs_core/md=1, 1741733534138
Max suppression time updated to: 237
Received update: /ndn/dk-site/dk/svs_core/dk=1, 1741733537364
Max suppression time updated to: 243
Received update: /ndn/fi-site/fi/svs_core/fi=1, 1741733537846
Max suppression time updated to: 243
Received update: /ndn/bg-site/bg/svs_core/bg=1, 1741733542186
Max suppression time updated to: 243
Received update: /ndn/fr1-site/fr1/svs_core/fr1=1, 1741733544096
Max suppression time updated to: 249
Received update: /ndn/fr2-site/fr2/svs_core/fr2=1, 1741733545580
Max suppression time updated to: 252
Received update: /ndn/ee-site/ee/svs_core/ee=1, 1741733546348
Max suppression time updated to: 249
Received update: /ndn/hr-site/hr/svs_core/hr=1, 1741733547407
Max suppression time updated to: 249
Received update: /ndn/si-site/si/svs_core/si=1, 1741733547805
Max suppression time updated to: 246
Received update: /ndn/me-site/me/svs_core/me=1, 1741733548148
Max suppression time updated to: 246
Received update: /ndn/nl-site/nl/svs_core/nl=1, 1741733549205
Max suppression time updated to: 246
Received update: /ndn/at-site/at/svs_core/at=1, 1741733549331
Max suppression time updated to: 246
Received update: /ndn/ie-site/ie/svs_core/ie=1, 1741733549566
Max suppression time updated to: 246
Received update: /ndn/lv-site/lv/svs_core/lv=1, 1741733550027
Max suppression time updated to: 246
Received update: /ndn/pl-site/pl/svs_core/pl=1, 1741733550125
Max suppression time updated to: 246
Received update: /ndn/ge-site/ge/svs_core/ge=1, 1741733551132
Max suppression time updated to: 243
Received update: /ndn/cz-site/cz/svs_core/cz=1, 1741733552536
Received update: /ndn/it-site/it/svs_core/it=1, 1741733552536
Max suppression time updated to: 243
Received update: /ndn/il-site/il/svs_core/il=1, 1741733554705
Max suppression time updated to: 243
Received update: /ndn/de1-site/de1/svs_core/de1=1, 1741733556357
Max suppression time updated to: 243
Received update: /ndn/mk-site/mk/svs_core/mk=1, 1741733556669
Max suppression time updated to: 240
Received update: /ndn/de2-site/de2/svs_core/de2=1, 1741733556837
Max suppression time updated to: 240
Received update: /ndn/gr-site/gr/svs_core/gr=1, 1741733557358
Max suppression time updated to: 237
Received update: /ndn/hu-site/hu/svs_core/hu=1, 1741733557984
Max suppression time updated to: 237
Received update: /ndn/lt-site/lt/svs_core/lt=1, 1741733558372
Max suppression time updated to: 237
Received update: /ndn/az-site/az/svs_core/az=1, 1741733560107
Max suppression time updated to: 237
Max suppression time updated to: 237
Max suppression time updated to: 234
Max suppression time updated to: 234
Max suppression time updated to: 234
Max suppression time updated to: 237
Max suppression time updated to: 234
Max suppression time updated to: 234
Max suppression time updated to: 234
Received update: /ndn/cy-site/cy/svs_core/cy=1, 1741733562010
Max suppression time updated to: 240
Received update: /ndn/no-site/no/svs_core/no=1, 1741733562299
Max suppression time updated to: 237
Max suppression time updated to: 237
Max suppression time updated to: 234
Received update: /ndn/tr-site/tr/svs_core/tr=1, 1741733562477
Max suppression time updated to: 237
Max suppression time updated to: 237
Max suppression time updated to: 237
Max suppression time updated to: 234
Received update: /ndn/ro-site/ro/svs_core/ro=1, 1741733562760
Max suppression time updated to: 234
Max suppression time updated to: 234
Published sequence number: /ndn/sk-site/sk/svs_core/sk=1, 1741733567145
Sending Sync interest
Max suppression time updated to: 234
Received update: /ndn/al-site/al/svs_core/al=1, 1741733570337
Max suppression time updated to: 234
Received update: /ndn/be-site/be/svs_core/be=2, 1741733571503
Max suppression time updated to: 234
Max suppression time updated to: 237
Max suppression time updated to: 237
Received update: /ndn/se-site/se/svs_core/se=2, 1741733571980
Max suppression time updated to: 237
Max suppression time updated to: 234
Received update: /ndn/by-site/by/svs_core/by=1, 1741733572201
Max suppression time updated to: 234
Max suppression time updated to: 234
Max suppression time updated to: 234
Max suppression time updated to: 234
Max suppression time updated to: 234
Received update: /ndn/lu-site/lu/svs_core/lu=2, 1741733572559
Max suppression time updated to: 234
Max suppression time updated to: 234
Received update: /ndn/ua-site/ua/svs_core/ua=2, 1741733573013
Max suppression time updated to: 237
Received update: /ndn/pt-site/pt/svs_core/pt=2, 1741733573426
Max suppression time updated to: 237
Received update: /ndn/ch-site/ch/svs_core/ch=2, 1741733576965
Received update: /ndn/uk-site/uk/svs_core/uk=2, 1741733576965
Max suppression time updated to: 240
Received update: /ndn/es-site/es/svs_core/es=2, 1741733577109
Max suppression time updated to: 237
Received update: /ndn/mt-site/mt/svs_core/mt=2, 1741733577385
Max suppression time updated to: 240
Max suppression time updated to: 240
Received update: /ndn/is-site/is/svs_core/is=2, 1741733577713
Max suppression time updated to: 240
Received update: /ndn/rs-site/rs/svs_core/rs=2, 1741733577877
Max suppression time updated to: 237
Max suppression time updated to: 237
Received update: /ndn/am-site/am/svs_core/am=2, 1741733578329
Max suppression time updated to: 237
Received update: /ndn/md-site/md/svs_core/md=2, 1741733579295
Max suppression time updated to: 237
Max suppression time updated to: 237
Max suppression time updated to: 237
Max suppression time updated to: 237
Max suppression time updated to: 237
Max suppression time updated to: 240
Received update: /ndn/dk-site/dk/svs_core/dk=2, 1741733582413
Max suppression time updated to: 243
Received update: /ndn/bg-site/bg/svs_core/bg=2, 1741733591431
Received update: /ndn/ee-site/ee/svs_core/ee=2, 1741733591431
Received update: /ndn/fr1-site/fr1/svs_core/fr1=2, 1741733591431
Max suppression time updated to: 243
Received update: /ndn/fr2-site/fr2/svs_core/fr2=2, 1741733591811
Max suppression time updated to: 243
Received update: /ndn/me-site/me/svs_core/me=2, 1741733592024
Max suppression time updated to: 243
Received update: /ndn/hr-site/hr/svs_core/hr=2, 1741733592406
Max suppression time updated to: 243
Received update: /ndn/nl-site/nl/svs_core/nl=2, 1741733594235
Max suppression time updated to: 243
Received update: /ndn/at-site/at/svs_core/at=2, 1741733594303
Max suppression time updated to: 243
Received update: /ndn/ie-site/ie/svs_core/ie=2, 1741733594706
Max suppression time updated to: 246
Max suppression time updated to: 243
Max suppression time updated to: 243
Max suppression time updated to: 243
Received update: /ndn/si-site/si/svs_core/si=2, 1741733595004
Max suppression time updated to: 243
Received update: /ndn/lv-site/lv/svs_core/lv=2, 1741733595018
Max suppression time updated to: 243
Received update: /ndn/pl-site/pl/svs_core/pl=2, 1741733595139
Max suppression time updated to: 246
Received update: /ndn/fi-site/fi/svs_core/fi=2, 1741733595651
Max suppression time updated to: 246
Max suppression time updated to: 243
Max suppression time updated to: 246
Max suppression time updated to: 246
Max suppression time updated to: 246
Max suppression time updated to: 243
Max suppression time updated to: 243
Max suppression time updated to: 243
Received update: /ndn/cz-site/cz/svs_core/cz=2, 1741733597279
Max suppression time updated to: 243
Received update: /ndn/ge-site/ge/svs_core/ge=2, 1741733597566
Max suppression time updated to: 243
Received update: /ndn/it-site/it/svs_core/it=2, 1741733597613
Max suppression time updated to: 243
Max suppression time updated to: 243
Received update: /ndn/il-site/il/svs_core/il=2, 1741733599721
Max suppression time updated to: 243
Received update: /ndn/de1-site/de1/svs_core/de1=2, 1741733601360
Max suppression time updated to: 243
Received update: /ndn/mk-site/mk/svs_core/mk=2, 1741733601705
Max suppression time updated to: 243
Max suppression time updated to: 243
Received update: /ndn/gr-site/gr/svs_core/gr=2, 1741733602374
Max suppression time updated to: 243
Received update: /ndn/de2-site/de2/svs_core/de2=2, 1741733602593
Max suppression time updated to: 240
Received update: /ndn/hu-site/hu/svs_core/hu=2, 1741733602979
Max suppression time updated to: 240
Received update: /ndn/ro-site/ro/svs_core/ro=2, 1741733605809
Max suppression time updated to: 240
Max suppression time updated to: 240
Max suppression time updated to: 240
Max suppression time updated to: 240
Received update: /ndn/az-site/az/svs_core/az=2, 1741733607017
Received update: /ndn/cy-site/cy/svs_core/cy=2, 1741733607017
Max suppression time updated to: 240
Received update: /ndn/tr-site/tr/svs_core/tr=2, 1741733607507
Published sequence number: /ndn/sk-site/sk/svs_core/sk=2, 1741733612158
Sending Sync interest
Max suppression time updated to: 240
Received update: /ndn/lt-site/lt/svs_core/lt=2, 1741733613085
Received update: /ndn/no-site/no/svs_core/no=2, 1741733613085
Max suppression time updated to: 240
Received update: /ndn/by-site/by/svs_core/by=2, 1741733613340
Max suppression time updated to: 243
Received update: /ndn/be-site/be/svs_core/be=3, 1741733616573
Max suppression time updated to: 243
Received update: /ndn/lu-site/lu/svs_core/lu=3, 1741733617069
Received update: /ndn/se-site/se/svs_core/se=3, 1741733617069
Max suppression time updated to: 243
Received update: /ndn/al-site/al/svs_core/al=2, 1741733617459
Max suppression time updated to: 243
Max suppression time updated to: 243
Max suppression time updated to: 243
Received update: /ndn/ua-site/ua/svs_core/ua=3, 1741733618023
Max suppression time updated to: 243
Received update: /ndn/rs-site/rs/svs_core/rs=3, 1741733620811
Max suppression time updated to: 243
Max suppression time updated to: 243
Received update: /ndn/pt-site/pt/svs_core/pt=3, 1741733621024
Max suppression time updated to: 243
Max suppression time updated to: 240
Max suppression time updated to: 243
Received update: /ndn/es-site/es/svs_core/es=3, 1741733621562
Max suppression time updated to: 243
Received update: /ndn/uk-site/uk/svs_core/uk=3, 1741733621809
Max suppression time updated to: 243
Received update: /ndn/ch-site/ch/svs_core/ch=3, 1741733621927
Max suppression time updated to: 243
Received update: /ndn/am-site/am/svs_core/am=3, 1741733623345
Max suppression time updated to: 246
Received update: /ndn/is-site/is/svs_core/is=3, 1741733623827
Max suppression time updated to: 246
Received update: /ndn/md-site/md/svs_core/md=3, 1741733624214
Max suppression time updated to: 246
Max suppression time updated to: 246
Max suppression time updated to: 246
Max suppression time updated to: 246
Received update: /ndn/dk-site/dk/svs_core/dk=3, 1741733627400
Max suppression time updated to: 249
Received update: /ndn/fi-site/fi/svs_core/fi=3, 1741733627882
Max suppression time updated to: 249
Received update: /ndn/bg-site/bg/svs_core/bg=3, 1741733632294
Received update: /ndn/mt-site/mt/svs_core/mt=3, 1741733632294
Max suppression time updated to: 252
Received update: /ndn/fr1-site/fr1/svs_core/fr1=3, 1741733634344
Max suppression time updated to: 252
Received update: /ndn/ee-site/ee/svs_core/ee=3, 1741733636483
Max suppression time updated to: 252
Received update: /ndn/me-site/me/svs_core/me=3, 1741733636505
Max suppression time updated to: 252
Max suppression time updated to: 252
Max suppression time updated to: 252
Received update: /ndn/fr2-site/fr2/svs_core/fr2=3, 1741733636571
Max suppression time updated to: 252
Max suppression time updated to: 252
Max suppression time updated to: 252
Max suppression time updated to: 255
Max suppression time updated to: 255
Max suppression time updated to: 252
Received update: /ndn/hr-site/hr/svs_core/hr=3, 1741733637445
Max suppression time updated to: 252
Received update: /ndn/si-site/si/svs_core/si=3, 1741733637840
Max suppression time updated to: 252
Max suppression time updated to: 252
Received update: /ndn/nl-site/nl/svs_core/nl=3, 1741733639244
Max suppression time updated to: 252
Received update: /ndn/at-site/at/svs_core/at=3, 1741733639343
Max suppression time updated to: 255
Received update: /ndn/ie-site/ie/svs_core/ie=3, 1741733639638
Max suppression time updated to: 255
Max suppression time updated to: 255
Max suppression time updated to: 255
Max suppression time updated to: 255
Max suppression time updated to: 255
Max suppression time updated to: 255
Max suppression time updated to: 258
Received update: /ndn/pl-site/pl/svs_core/pl=3, 1741733640209
Max suppression time updated to: 258
Received update: /ndn/ge-site/ge/svs_core/ge=3, 1741733641189
Max suppression time updated to: 258
Received update: /ndn/cz-site/cz/svs_core/cz=3, 1741733642408
Max suppression time updated to: 258
Max suppression time updated to: 255
Max suppression time updated to: 258
Max suppression time updated to: 258
Received update: /ndn/mk-site/mk/svs_core/mk=3, 1741733645519
Max suppression time updated to: 258
Received update: /ndn/it-site/it/svs_core/it=3, 1741733645845
Max suppression time updated to: 258
Received update: /ndn/lv-site/lv/svs_core/lv=3, 1741733646380
Max suppression time updated to: 258
Received update: /ndn/il-site/il/svs_core/il=3, 1741733646549
Max suppression time updated to: 258
Received update: /ndn/de1-site/de1/svs_core/de1=3, 1741733646570
Max suppression time updated to: 258
Received update: /ndn/de2-site/de2/svs_core/de2=3, 1741733646875
Max suppression time updated to: 258
Received update: /ndn/gr-site/gr/svs_core/gr=3, 1741733647408
Max suppression time updated to: 258
Received update: /ndn/hu-site/hu/svs_core/hu=3, 1741733648021
Max suppression time updated to: 258
Received update: /ndn/lt-site/lt/svs_core/lt=3, 1741733648131
Max suppression time updated to: 258
Max suppression time updated to: 258
Max suppression time updated to: 258
Max suppression time updated to: 258
Max suppression time updated to: 261
Max suppression time updated to: 261
Received update: /ndn/ro-site/ro/svs_core/ro=3, 1741733650848
Max suppression time updated to: 258
Received update: /ndn/cy-site/cy/svs_core/cy=3, 1741733652094
Sending Sync interest
Max suppression time updated to: 258
Received update: /ndn/az-site/az/svs_core/az=3, 1741733652570
Received update: /ndn/tr-site/tr/svs_core/tr=3, 1741733652570
Max suppression time updated to: 261
Received update: /ndn/by-site/by/svs_core/by=3, 1741733654794
Received update: /ndn/no-site/no/svs_core/no=3, 1741733654794
Published sequence number: /ndn/sk-site/sk/svs_core/sk=3, 1741733657193
Sending Sync interest
Max suppression time updated to: 261
Received update: /ndn/al-site/al/svs_core/al=3, 1741733666564
Received update: /ndn/be-site/be/svs_core/be=4, 1741733666564
Received update: /ndn/mt-site/mt/svs_core/mt=4, 1741733666564
Max suppression time updated to: 261
Received update: /ndn/es-site/es/svs_core/es=4, 1741733666600
Max suppression time updated to: 261
Received update: /ndn/se-site/se/svs_core/se=4, 1741733666787
Sending Sync interest
Max suppression time updated to: 261
Received update: /ndn/ua-site/ua/svs_core/ua=4, 1741733666901
Max suppression time updated to: 261
Received update: /ndn/pt-site/pt/svs_core/pt=4, 1741733666945
Sending Sync interest
Max suppression time updated to: 261
Received update: /ndn/ch-site/ch/svs_core/ch=4, 1741733667250
Received update: /ndn/lu-site/lu/svs_core/lu=4, 1741733667250
Received update: /ndn/uk-site/uk/svs_core/uk=4, 1741733667250
Max suppression time updated to: 261
Max suppression time updated to: 261
Received update: /ndn/rs-site/rs/svs_core/rs=4, 1741733667564
Max suppression time updated to: 264
Max suppression time updated to: 264
Max suppression time updated to: 264
Received update: /ndn/is-site/is/svs_core/is=4, 1741733667716
Max suppression time updated to: 264
Max suppression time updated to: 264
Max suppression time updated to: 264
Max suppression time updated to: 264
Max suppression time updated to: 264
Max suppression time updated to: 264
Received update: /ndn/dk-site/dk/svs_core/dk=4, 1741733672454
Max suppression time updated to: 264
Received update: /ndn/am-site/am/svs_core/am=4, 1741733672723
Max suppression time updated to: 264
Received update: /ndn/fi-site/fi/svs_core/fi=4, 1741733672818
Max suppression time updated to: 267
Received update: /ndn/fr1-site/fr1/svs_core/fr1=4, 1741733679226
Max suppression time updated to: 267
Received update: /ndn/bg-site/bg/svs_core/bg=4, 1741733679576
Max suppression time updated to: 267
Received update: /ndn/md-site/md/svs_core/md=4, 1741733679633
Max suppression time updated to: 267
Max suppression time updated to: 267
Max suppression time updated to: 267
Max suppression time updated to: 267
Received update: /ndn/fr2-site/fr2/svs_core/fr2=4, 1741733680569
Max suppression time updated to: 267
Received update: /ndn/me-site/me/svs_core/me=4, 1741733681267
Max suppression time updated to: 267
Received update: /ndn/ee-site/ee/svs_core/ee=4, 1741733681408
Max suppression time updated to: 267
Max suppression time updated to: 270
Max suppression time updated to: 270
Max suppression time updated to: 267
Received update: /ndn/hr-site/hr/svs_core/hr=4, 1741733682452
Max suppression time updated to: 267
Max suppression time updated to: 267
Max suppression time updated to: 267
Received update: /ndn/si-site/si/svs_core/si=4, 1741733682838
Max suppression time updated to: 267
Received update: /ndn/nl-site/nl/svs_core/nl=4, 1741733684321
Max suppression time updated to: 267
Received update: /ndn/lv-site/lv/svs_core/lv=4, 1741733685167
Received update: /ndn/pl-site/pl/svs_core/pl=4, 1741733685167
Max suppression time updated to: 267
Received update: /ndn/at-site/at/svs_core/at=4, 1741733685289
Max suppression time updated to: 267
Max suppression time updated to: 270
Received update: /ndn/ie-site/ie/svs_core/ie=4, 1741733685546
Max suppression time updated to: 270
Max suppression time updated to: 270
Received update: /ndn/cz-site/cz/svs_core/cz=4, 1741733687372
Received update: /ndn/ge-site/ge/svs_core/ge=4, 1741733687372
Max suppression time updated to: 270
Received update: /ndn/it-site/it/svs_core/it=4, 1741733687591
Max suppression time updated to: 270
Received update: /ndn/il-site/il/svs_core/il=4, 1741733690873
Received update: /ndn/mk-site/mk/svs_core/mk=4, 1741733690873
Max suppression time updated to: 270
Received update: /ndn/de1-site/de1/svs_core/de1=4, 1741733691409
Max suppression time updated to: 270
Received update: /ndn/de2-site/de2/svs_core/de2=4, 1741733691901
Max suppression time updated to: 270
Received update: /ndn/gr-site/gr/svs_core/gr=4, 1741733692799
Sending Sync interest
Max suppression time updated to: 270
Max suppression time updated to: 270
Received update: /ndn/lt-site/lt/svs_core/lt=4, 1741733693141
Max suppression time updated to: 267
Max suppression time updated to: 270
Received update: /ndn/hu-site/hu/svs_core/hu=4, 1741733695888
Received update: /ndn/ro-site/ro/svs_core/ro=4, 1741733695888
Max suppression time updated to: 270
Received update: /ndn/no-site/no/svs_core/no=4, 1741733697240
Max suppression time updated to: 270
Received update: /ndn/az-site/az/svs_core/az=4, 1741733697464
Max suppression time updated to: 270
Received update: /ndn/cy-site/cy/svs_core/cy=4, 1741733697563
Received update: /ndn/tr-site/tr/svs_core/tr=4, 1741733697563
Published sequence number: /ndn/sk-site/sk/svs_core/sk=4, 1741733702205
Sending Sync interest
Max suppression time updated to: 270
Received update: /ndn/be-site/be/svs_core/be=5, 1741733706586
Max suppression time updated to: 270
Received update: /ndn/by-site/by/svs_core/by=4, 1741733706841
Sending Sync interest
Max suppression time updated to: 270
Sending Sync interest
Max suppression time updated to: 270
Received update: /ndn/ua-site/ua/svs_core/ua=5, 1741733708065
Max suppression time updated to: 270
Max suppression time updated to: 270
Max suppression time updated to: 270
Max suppression time updated to: 270
Received update: /ndn/lu-site/lu/svs_core/lu=5, 1741733708422
Max suppression time updated to: 270
Received update: /ndn/pt-site/pt/svs_core/pt=5, 1741733708464
Max suppression time updated to: 270
Received update: /ndn/se-site/se/svs_core/se=5, 1741733708466
Max suppression time updated to: 267
Max suppression time updated to: 267
Received update: /ndn/al-site/al/svs_core/al=4, 1741733710859
Received update: /ndn/rs-site/rs/svs_core/rs=5, 1741733710859
Max suppression time updated to: 267
Received update: /ndn/es-site/es/svs_core/es=5, 1741733711587
Max suppression time updated to: 267
Max suppression time updated to: 267
Max suppression time updated to: 267
Max suppression time updated to: 270
Max suppression time updated to: 270
Max suppression time updated to: 267
Received update: /ndn/ch-site/ch/svs_core/ch=5, 1741733711976
Received update: /ndn/uk-site/uk/svs_core/uk=5, 1741733711976
Max suppression time updated to: 267
Received update: /ndn/mt-site/mt/svs_core/mt=5, 1741733712333
Max suppression time updated to: 267
Received update: /ndn/md-site/md/svs_core/md=5, 1741733714201
Max suppression time updated to: 267
Max suppression time updated to: 267
Max suppression time updated to: 267
Received update: /ndn/is-site/is/svs_core/is=5, 1741733714691
Max suppression time updated to: 267
Received update: /ndn/fi-site/fi/svs_core/fi=5, 1741733715979
Max suppression time updated to: 267
Max suppression time updated to: 267
Max suppression time updated to: 267
Max suppression time updated to: 267
Max suppression time updated to: 267
Max suppression time updated to: 267
Max suppression time updated to: 267
Max suppression time updated to: 267
Received update: /ndn/dk-site/dk/svs_core/dk=5, 1741733717462
Max suppression time updated to: 267
Received update: /ndn/am-site/am/svs_core/am=5, 1741733717742
Max suppression time updated to: 267
Received update: /ndn/bg-site/bg/svs_core/bg=5, 1741733722256
Sending Sync interest
Max suppression time updated to: 267
Max suppression time updated to: 267
Max suppression time updated to: 267
Max suppression time updated to: 267
Max suppression time updated to: 267
Received update: /ndn/fr1-site/fr1/svs_core/fr1=5, 1741733725777
Received update: /ndn/fr2-site/fr2/svs_core/fr2=5, 1741733725777
Max suppression time updated to: 267
Max suppression time updated to: 267
Received update: /ndn/ee-site/ee/svs_core/ee=5, 1741733726399
Max suppression time updated to: 267
Received update: /ndn/hr-site/hr/svs_core/hr=5, 1741733727457
Max suppression time updated to: 267
Max suppression time updated to: 267
Max suppression time updated to: 267
Max suppression time updated to: 267
Max suppression time updated to: 267
Received update: /ndn/me-site/me/svs_core/me=5, 1741733727788
Max suppression time updated to: 267
Received update: /ndn/si-site/si/svs_core/si=5, 1741733727842
Max suppression time updated to: 267
Max suppression time updated to: 267
Received update: /ndn/nl-site/nl/svs_core/nl=5, 1741733729275
Max suppression time updated to: 267
Received update: /ndn/at-site/at/svs_core/at=5, 1741733729453
Max suppression time updated to: 267
Received update: /ndn/lv-site/lv/svs_core/lv=5, 1741733730068
Max suppression time updated to: 267
Received update: /ndn/cz-site/cz/svs_core/cz=5, 1741733732333
Received update: /ndn/pl-site/pl/svs_core/pl=5, 1741733732333
Max suppression time updated to: 267
Received update: /ndn/ge-site/ge/svs_core/ge=5, 1741733732659
Max suppression time updated to: 267
Received update: /ndn/il-site/il/svs_core/il=5, 1741733734748
Max suppression time updated to: 267
Received update: /ndn/it-site/it/svs_core/it=5, 1741733734813
Max suppression time updated to: 267
Received update: /ndn/mk-site/mk/svs_core/mk=5, 1741733735552
Max suppression time updated to: 267
Received update: /ndn/de1-site/de1/svs_core/de1=5, 1741733736445
Max suppression time updated to: 267
Received update: /ndn/de2-site/de2/svs_core/de2=5, 1741733736879
Max suppression time updated to: 267
Received update: /ndn/lt-site/lt/svs_core/lt=5, 1741733738563
Max suppression time updated to: 267
Received update: /ndn/hu-site/hu/svs_core/hu=5, 1741733738652
Max suppression time updated to: 267
Max suppression time updated to: 267
Received update: /ndn/gr-site/gr/svs_core/gr=5, 1741733738902
Max suppression time updated to: 267
Max suppression time updated to: 267
Max suppression time updated to: 267
Max suppression time updated to: 267
Max suppression time updated to: 267
Max suppression time updated to: 267
Received update: /ndn/cy-site/cy/svs_core/cy=5, 1741733742085
Max suppression time updated to: 267
Received update: /ndn/tr-site/tr/svs_core/tr=5, 1741733742590
Max suppression time updated to: 267
Received update: /ndn/az-site/az/svs_core/az=5, 1741733742661
Max suppression time updated to: 267
Received update: /ndn/ro-site/ro/svs_core/ro=5, 1741733743372
Max suppression time updated to: 270
Max suppression time updated to: 270
Published sequence number: /ndn/sk-site/sk/svs_core/sk=5, 1741733747212
Sending Sync interest
Max suppression time updated to: 270
Received update: /ndn/by-site/by/svs_core/by=5, 1741733747497
Max suppression time updated to: 270
Max suppression time updated to: 270
Max suppression time updated to: 270
Received update: /ndn/ie-site/ie/svs_core/ie=5, 1741733747778
Max suppression time updated to: 270
Received update: /ndn/no-site/no/svs_core/no=5, 1741733748093
Max suppression time updated to: 270
Max suppression time updated to: 270
Max suppression time updated to: 270
Max suppression time updated to: 270
Received update: /ndn/al-site/al/svs_core/al=5, 1741733750340
Max suppression time updated to: 270
Received update: /ndn/lu-site/lu/svs_core/lu=6, 1741733752124
Received update: /ndn/se-site/se/svs_core/se=6, 1741733752124
Max suppression time updated to: 273
Max suppression time updated to: 270
Max suppression time updated to: 273
Received update: /ndn/be-site/be/svs_core/be=6, 1741733752415
Max suppression time updated to: 273
Max suppression time updated to: 270
Max suppression time updated to: 270
Received update: /ndn/mt-site/mt/svs_core/mt=6, 1741733756545
Max suppression time updated to: 270
Received update: /ndn/es-site/es/svs_core/es=6, 1741733756565
Max suppression time updated to: 270
Received update: /ndn/uk-site/uk/svs_core/uk=6, 1741733756832
Max suppression time updated to: 270
Max suppression time updated to: 270
Received update: /ndn/rs-site/rs/svs_core/rs=6, 1741733756881
Max suppression time updated to: 270
Max suppression time updated to: 270
Received update: /ndn/pt-site/pt/svs_core/pt=6, 1741733756946
Max suppression time updated to: 270
Max suppression time updated to: 270
Max suppression time updated to: 270
Max suppression time updated to: 270
Received update: /ndn/ch-site/ch/svs_core/ch=6, 1741733757204
Max suppression time updated to: 270
Max suppression time updated to: 270
Max suppression time updated to: 270
Received update: /ndn/ua-site/ua/svs_core/ua=6, 1741733757248
Max suppression time updated to: 270
Max suppression time updated to: 270
Max suppression time updated to: 270
Max suppression time updated to: 270
Received update: /ndn/am-site/am/svs_core/am=6, 1741733758423
Max suppression time updated to: 270
Received update: /ndn/md-site/md/svs_core/md=6, 1741733759227
Max suppression time updated to: 270
Received update: /ndn/is-site/is/svs_core/is=6, 1741733759738
Max suppression time updated to: 270
Received update: /ndn/fi-site/fi/svs_core/fi=6, 1741733760860
Max suppression time updated to: 270
Max suppression time updated to: 270
Max suppression time updated to: 270
Max suppression time updated to: 270
Max suppression time updated to: 270
Max suppression time updated to: 270
Max suppression time updated to: 270
Max suppression time updated to: 270
Received update: /ndn/dk-site/dk/svs_core/dk=6, 1741733762432
Max suppression time updated to: 270
Received update: /ndn/bg-site/bg/svs_core/bg=6, 1741733767272
Max suppression time updated to: 270
Received update: /ndn/fr1-site/fr1/svs_core/fr1=6, 1741733769198
Max suppression time updated to: 270
Received update: /ndn/me-site/me/svs_core/me=6, 1741733771403
Max suppression time updated to: 270
Max suppression time updated to: 270
Received update: /ndn/fr2-site/fr2/svs_core/fr2=6, 1741733771747
Max suppression time updated to: 270
Received update: /ndn/ee-site/ee/svs_core/ee=6, 1741733772060
Max suppression time updated to: 270
Max suppression time updated to: 270
Max suppression time updated to: 270
Received update: /ndn/hr-site/hr/svs_core/hr=6, 1741733772481
Max suppression time updated to: 270
Max suppression time updated to: 270
Received update: /ndn/si-site/si/svs_core/si=6, 1741733772858
Max suppression time updated to: 270
Max suppression time updated to: 270
Received update: /ndn/nl-site/nl/svs_core/nl=6, 1741733774288
Max suppression time updated to: 270
Received update: /ndn/ie-site/ie/svs_core/ie=6, 1741733774668
Max suppression time updated to: 270
Received update: /ndn/at-site/at/svs_core/at=6, 1741733774821
Max suppression time updated to: 270
Max suppression time updated to: 270
Max suppression time updated to: 270
Max suppression time updated to: 270
Received update: /ndn/pl-site/pl/svs_core/pl=6, 1741733775210
Max suppression time updated to: 270
Max suppression time updated to: 270
Max suppression time updated to: 270
Received update: /ndn/lv-site/lv/svs_core/lv=6, 1741733775921
Max suppression time updated to: 270
Received update: /ndn/ge-site/ge/svs_core/ge=6, 1741733776182
Max suppression time updated to: 270
Received update: /ndn/cz-site/cz/svs_core/cz=6, 1741733777343
Max suppression time updated to: 270
Received update: /ndn/it-site/it/svs_core/it=6, 1741733777602
Max suppression time updated to: 270
Received update: /ndn/il-site/il/svs_core/il=6, 1741733779829
Max suppression time updated to: 270
Received update: /ndn/gr-site/gr/svs_core/gr=6, 1741733782427
Received update: /ndn/de2-site/de2/svs_core/de2=6, 1741733782427
Max suppression time updated to: 270
Received update: /ndn/de1-site/de1/svs_core/de1=6, 1741733782816
Max suppression time updated to: 270
Max suppression time updated to: 270
Received update: /ndn/mk-site/mk/svs_core/mk=6, 1741733782992
Max suppression time updated to: 273
Received update: /ndn/hu-site/hu/svs_core/hu=6, 1741733783095
Max suppression time updated to: 273
Received update: /ndn/ro-site/ro/svs_core/ro=6, 1741733785878
Max suppression time updated to: 270
Max suppression time updated to: 270
Max suppression time updated to: 270
Max suppression time updated to: 270
Received update: /ndn/lt-site/lt/svs_core/lt=6, 1741733786302
Max suppression time updated to: 270
Received update: /ndn/cy-site/cy/svs_core/cy=6, 1741733787064
Max suppression time updated to: 270
Received update: /ndn/no-site/no/svs_core/no=6, 1741733787265
Max suppression time updated to: 273
Received update: /ndn/tr-site/tr/svs_core/tr=6, 1741733787646
Max suppression time updated to: 273
Received update: /ndn/az-site/az/svs_core/az=6, 1741733787800
Max suppression time updated to: 273
Received update: /ndn/by-site/by/svs_core/by=6, 1741733789625
Max suppression time updated to: 273
Max suppression time updated to: 273
Max suppression time updated to: 273
Max suppression time updated to: 273
Max suppression time updated to: 273
Max suppression time updated to: 273
Published sequence number: /ndn/sk-site/sk/svs_core/sk=6, 1741733792221
Sending Sync interest
Max suppression time updated to: 273
Received update: /ndn/al-site/al/svs_core/al=6, 1741733795392
Sending Sync interest
Max suppression time updated to: 273
Received update: /ndn/be-site/be/svs_core/be=7, 1741733796582
Max suppression time updated to: 273
Received update: /ndn/lu-site/lu/svs_core/lu=7, 1741733797133
Max suppression time updated to: 273
Received update: /ndn/ua-site/ua/svs_core/ua=7, 1741733798072
Max suppression time updated to: 273
Sending Sync interest
Max suppression time updated to: 273
Max suppression time updated to: 273
Max suppression time updated to: 273
Received update: /ndn/se-site/se/svs_core/se=7, 1741733798479
Max suppression time updated to: 273
Max suppression time updated to: 273
Max suppression time updated to: 273
Max suppression time updated to: 273
Max suppression time updated to: 273
Received update: /ndn/mt-site/mt/svs_core/mt=7, 1741733801510
Max suppression time updated to: 273
Received update: /ndn/es-site/es/svs_core/es=7, 1741733801576
Received update: /ndn/rs-site/rs/svs_core/rs=7, 1741733801576
Max suppression time updated to: 273
Max suppression time updated to: 273
Max suppression time updated to: 273
Max suppression time updated to: 273
Max suppression time updated to: 273
Max suppression time updated to: 273
Received update: /ndn/ch-site/ch/svs_core/ch=7, 1741733801955
Max suppression time updated to: 273
Received update: /ndn/pt-site/pt/svs_core/pt=7, 1741733802024
Max suppression time updated to: 273
Max suppression time updated to: 273
Received update: /ndn/uk-site/uk/svs_core/uk=7, 1741733802416
Max suppression time updated to: 276
Max suppression time updated to: 276
Max suppression time updated to: 276
Max suppression time updated to: 276
Received update: /ndn/is-site/is/svs_core/is=7, 1741733802736
Max suppression time updated to: 276
Max suppression time updated to: 276
Max suppression time updated to: 276
Max suppression time updated to: 276
Max suppression time updated to: 276
Max suppression time updated to: 276
Max suppression time updated to: 276
Received update: /ndn/am-site/am/svs_core/am=7, 1741733803388
Max suppression time updated to: 276
Received update: /ndn/md-site/md/svs_core/md=7, 1741733804209
Max suppression time updated to: 276
Max suppression time updated to: 276
Received update: /ndn/dk-site/dk/svs_core/dk=7, 1741733807442
Max suppression time updated to: 276
Received update: /ndn/bg-site/bg/svs_core/bg=7, 1741733812701
Received update: /ndn/fi-site/fi/svs_core/fi=7, 1741733812701
Max suppression time updated to: 273
Received update: /ndn/fr2-site/fr2/svs_core/fr2=7, 1741733815538
Max suppression time updated to: 273
Received update: /ndn/fr1-site/fr1/svs_core/fr1=7, 1741733815879
Max suppression time updated to: 273
Received update: /ndn/ee-site/ee/svs_core/ee=7, 1741733817130
Max suppression time updated to: 273
Received update: /ndn/si-site/si/svs_core/si=7, 1741733817858
Max suppression time updated to: 273
Received update: /ndn/hr-site/hr/svs_core/hr=7, 1741733818184
Max suppression time updated to: 273
Received update: /ndn/me-site/me/svs_core/me=7, 1741733818549
Max suppression time updated to: 273
Max suppression time updated to: 273
Received update: /ndn/at-site/at/svs_core/at=7, 1741733819368
Received update: /ndn/nl-site/nl/svs_core/nl=7, 1741733819368
Max suppression time updated to: 273
Max suppression time updated to: 273
Received update: /ndn/pl-site/pl/svs_core/pl=7, 1741733820177
Max suppression time updated to: 273
Received update: /ndn/ge-site/ge/svs_core/ge=7, 1741733821241
Max suppression time updated to: 273
Received update: /ndn/cz-site/cz/svs_core/cz=7, 1741733822345
Max suppression time updated to: 273
Received update: /ndn/it-site/it/svs_core/it=7, 1741733822607
Max suppression time updated to: 273
Received update: /ndn/ie-site/ie/svs_core/ie=7, 1741733824833
Received update: /ndn/il-site/il/svs_core/il=7, 1741733824833
Max suppression time updated to: 273
Received update: /ndn/mk-site/mk/svs_core/mk=7, 1741733825563
Max suppression time updated to: 273
Received update: /ndn/lv-site/lv/svs_core/lv=7, 1741733826446
Received update: /ndn/de1-site/de1/svs_core/de1=7, 1741733826446
Max suppression time updated to: 273
Received update: /ndn/de2-site/de2/svs_core/de2=7, 1741733826903
Max suppression time updated to: 273
Received update: /ndn/gr-site/gr/svs_core/gr=7, 1741733827457
Max suppression time updated to: 273
Received update: /ndn/hu-site/hu/svs_core/hu=7, 1741733828046
Max suppression time updated to: 273
Received update: /ndn/lt-site/lt/svs_core/lt=7, 1741733828165
Max suppression time updated to: 273
Max suppression time updated to: 273
Max suppression time updated to: 276
Max suppression time updated to: 273
Max suppression time updated to: 273
Max suppression time updated to: 273
Max suppression time updated to: 273
Max suppression time updated to: 273
Max suppression time updated to: 273
Received update: /ndn/ro-site/ro/svs_core/ro=7, 1741733830921
Max suppression time updated to: 273
Received update: /ndn/cy-site/cy/svs_core/cy=7, 1741733832064
Max suppression time updated to: 276
Received update: /ndn/no-site/no/svs_core/no=7, 1741733832365
Max suppression time updated to: 276
Received update: /ndn/tr-site/tr/svs_core/tr=7, 1741733832549
Published sequence number: /ndn/sk-site/sk/svs_core/sk=7, 1741733837232
Sending Sync interest
Max suppression time updated to: 276
Received update: /ndn/by-site/by/svs_core/by=7, 1741733837726
Max suppression time updated to: 276
Received update: /ndn/be-site/be/svs_core/be=8, 1741733841751
Max suppression time updated to: 276
Max suppression time updated to: 276
Received update: /ndn/al-site/al/svs_core/al=7, 1741733843113
Received update: /ndn/lu-site/lu/svs_core/lu=8, 1741733843113
Received update: /ndn/ua-site/ua/svs_core/ua=8, 1741733843113
Max suppression time updated to: 276
Received update: /ndn/pt-site/pt/svs_core/pt=8, 1741733843490
Max suppression time updated to: 276
Received update: /ndn/se-site/se/svs_core/se=8, 1741733843673
Max suppression time updated to: 276
Received update: /ndn/rs-site/rs/svs_core/rs=8, 1741733845886
Sending Sync interest
Max suppression time updated to: 276
Received update: /ndn/az-site/az/svs_core/az=7, 1741733846135
Max suppression time updated to: 276
Max suppression time updated to: 276
Max suppression time updated to: 273
Max suppression time updated to: 273
Max suppression time updated to: 273
Max suppression time updated to: 273
Max suppression time updated to: 273
Received update: /ndn/es-site/es/svs_core/es=8, 1741733846573
Max suppression time updated to: 273
Max suppression time updated to: 273
Received update: /ndn/mt-site/mt/svs_core/mt=8, 1741733846823
Received update: /ndn/uk-site/uk/svs_core/uk=8, 1741733846823
Max suppression time updated to: 276
Received update: /ndn/ch-site/ch/svs_core/ch=8, 1741733847064
Max suppression time updated to: 276
Received update: /ndn/am-site/am/svs_core/am=8, 1741733848390
Received update: /ndn/is-site/is/svs_core/is=8, 1741733848390
Max suppression time updated to: 276
Received update: /ndn/md-site/md/svs_core/md=8, 1741733849289
Max suppression time updated to: 276
Received update: /ndn/fi-site/fi/svs_core/fi=8, 1741733851169
Max suppression time updated to: 273
Max suppression time updated to: 276
Max suppression time updated to: 276
Max suppression time updated to: 276
Received update: /ndn/dk-site/dk/svs_core/dk=8, 1741733852500
Max suppression time updated to: 276
Received update: /ndn/bg-site/bg/svs_core/bg=8, 1741733857259
Max suppression time updated to: 276
Received update: /ndn/fr1-site/fr1/svs_core/fr1=8, 1741733859178
Max suppression time updated to: 273
Received update: /ndn/ee-site/ee/svs_core/ee=8, 1741733861498
Received update: /ndn/me-site/me/svs_core/me=8, 1741733861498
Max suppression time updated to: 273
Max suppression time updated to: 273
Received update: /ndn/fr2-site/fr2/svs_core/fr2=8, 1741733861600
Max suppression time updated to: 273
Max suppression time updated to: 273
Received update: /ndn/hr-site/hr/svs_core/hr=8, 1741733862467
Max suppression time updated to: 273
Received update: /ndn/si-site/si/svs_core/si=8, 1741733862857
Sending Sync interest
Max suppression time updated to: 276
Max suppression time updated to: 276
Max suppression time updated to: 276
Max suppression time updated to: 276
Received update: /ndn/nl-site/nl/svs_core/nl=8, 1741733864298
Max suppression time updated to: 276
Received update: /ndn/at-site/at/svs_core/at=8, 1741733864369
Max suppression time updated to: 276
Received update: /ndn/lv-site/lv/svs_core/lv=8, 1741733865112
Max suppression time updated to: 276
Max suppression time updated to: 276
Max suppression time updated to: 276
Max suppression time updated to: 276
Max suppression time updated to: 276
Max suppression time updated to: 276
Received update: /ndn/pl-site/pl/svs_core/pl=8, 1741733865603
Max suppression time updated to: 276
Received update: /ndn/ie-site/ie/svs_core/ie=8, 1741733866091
Max suppression time updated to: 276
Received update: /ndn/ge-site/ge/svs_core/ge=8, 1741733866197
Max suppression time updated to: 276
Received update: /ndn/cz-site/cz/svs_core/cz=8, 1741733867388
Max suppression time updated to: 276
Received update: /ndn/it-site/it/svs_core/it=8, 1741733867691
Max suppression time updated to: 273
Received update: /ndn/de1-site/de1/svs_core/de1=8, 1741733871416
Max suppression time updated to: 273
Received update: /ndn/mk-site/mk/svs_core/mk=8, 1741733871642
Max suppression time updated to: 276
Max suppression time updated to: 276
Received update: /ndn/gr-site/gr/svs_core/gr=8, 1741733872507
Received update: /ndn/de2-site/de2/svs_core/de2=8, 1741733872507
Max suppression time updated to: 276
Received update: /ndn/il-site/il/svs_core/il=8, 1741733872931
Max suppression time updated to: 276
Received update: /ndn/hu-site/hu/svs_core/hu=8, 1741733873063
Max suppression time updated to: 276
Received update: /ndn/lt-site/lt/svs_core/lt=8, 1741733873196
Max suppression time updated to: 279
Received update: /ndn/ro-site/ro/svs_core/ro=8, 1741733875904
Max suppression time updated to: 279
Received update: /ndn/az-site/az/svs_core/az=8, 1741733876271
Max suppression time updated to: 276
Received update: /ndn/cy-site/cy/svs_core/cy=8, 1741733877108
Max suppression time updated to: 276
Received update: /ndn/no-site/no/svs_core/no=8, 1741733878031
Received update: /ndn/tr-site/tr/svs_core/tr=8, 1741733878031
Max suppression time updated to: 276
Received update: /ndn/by-site/by/svs_core/by=8, 1741733879709
Max suppression time updated to: 276
Max suppression time updated to: 276
Max suppression time updated to: 276
Max suppression time updated to: 276
Max suppression time updated to: 276
Max suppression time updated to: 276
Max suppression time updated to: 279
Max suppression time updated to: 279
Max suppression time updated to: 276
Published sequence number: /ndn/sk-site/sk/svs_core/sk=8, 1741733882234
Sending Sync interest
Max suppression time updated to: 276
Received update: /ndn/be-site/be/svs_core/be=9, 1741733886617
Sending Sync interest
Max suppression time updated to: 276
Received update: /ndn/lu-site/lu/svs_core/lu=9, 1741733887130
Max suppression time updated to: 276
Received update: /ndn/al-site/al/svs_core/al=8, 1741733887384
Max suppression time updated to: 276
Received update: /ndn/ua-site/ua/svs_core/ua=9, 1741733888103
Max suppression time updated to: 276
Received update: /ndn/pt-site/pt/svs_core/pt=9, 1741733888493
Max suppression time updated to: 276
Received update: /ndn/se-site/se/svs_core/se=9, 1741733888715
Max suppression time updated to: 276
Max suppression time updated to: 276
Max suppression time updated to: 276
Received update: /ndn/es-site/es/svs_core/es=9, 1741733891638
Received update: /ndn/rs-site/rs/svs_core/rs=9, 1741733891638
Max suppression time updated to: 276
Received update: /ndn/ch-site/ch/svs_core/ch=9, 1741733891978
Received update: /ndn/mt-site/mt/svs_core/mt=9, 1741733891978
Max suppression time updated to: 276
Received update: /ndn/is-site/is/svs_core/is=9, 1741733892748
Received update: /ndn/uk-site/uk/svs_core/uk=9, 1741733892748
Max suppression time updated to: 276
Received update: /ndn/md-site/md/svs_core/md=9, 1741733894218
Max suppression time updated to: 276
Received update: /ndn/dk-site/dk/svs_core/dk=9, 1741733897480
Max suppression time updated to: 276
Max suppression time updated to: 273
Max suppression time updated to: 273
Max suppression time updated to: 273
Max suppression time updated to: 273
Received update: /ndn/am-site/am/svs_core/am=9, 1741733897964
Max suppression time updated to: 273
Received update: /ndn/bg-site/bg/svs_core/bg=9, 1741733902322
Max suppression time updated to: 273
Received update: /ndn/fr1-site/fr1/svs_core/fr1=9, 1741733904526
Max suppression time updated to: 273
Max suppression time updated to: 273
Max suppression time updated to: 273
Max suppression time updated to: 276
Received update: /ndn/me-site/me/svs_core/me=9, 1741733906286
Received update: /ndn/fr2-site/fr2/svs_core/fr2=9, 1741733906286
Max suppression time updated to: 276
Received update: /ndn/ee-site/ee/svs_core/ee=9, 1741733906434
Max suppression time updated to: 276
Max suppression time updated to: 276
Max suppression time updated to: 273
Max suppression time updated to: 273
Max suppression time updated to: 273
Sending Sync interest
Max suppression time updated to: 276
Max suppression time updated to: 276
Max suppression time updated to: 276
Max suppression time updated to: 273
Received update: /ndn/nl-site/nl/svs_core/nl=9, 1741733909296
Max suppression time updated to: 273
Received update: /ndn/at-site/at/svs_core/at=9, 1741733909370
Max suppression time updated to: 273
Received update: /ndn/lv-site/lv/svs_core/lv=9, 1741733910191
Received update: /ndn/pl-site/pl/svs_core/pl=9, 1741733910191
Max suppression time updated to: 273
Received update: /ndn/si-site/si/svs_core/si=9, 1741733910401
Max suppression time updated to: 273
Max suppression time updated to: 273
Max suppression time updated to: 273
Max suppression time updated to: 273
Received update: /ndn/hr-site/hr/svs_core/hr=9, 1741733910769
Max suppression time updated to: 273
Received update: /ndn/fi-site/fi/svs_core/fi=9, 1741733910804
Max suppression time updated to: 273
Received update: /ndn/ie-site/ie/svs_core/ie=9, 1741733911028
Max suppression time updated to: 273
Max suppression time updated to: 273
Received update: /ndn/ge-site/ge/svs_core/ge=9, 1741733911190
Max suppression time updated to: 273
Max suppression time updated to: 273
Max suppression time updated to: 273
Max suppression time updated to: 273
Received update: /ndn/cz-site/cz/svs_core/cz=9, 1741733914774
Received update: /ndn/il-site/il/svs_core/il=9, 1741733914774
Max suppression time updated to: 273
Received update: /ndn/it-site/it/svs_core/it=9, 1741733915119
Max suppression time updated to: 273
Max suppression time updated to: 273
Received update: /ndn/mk-site/mk/svs_core/mk=9, 1741733915590
Max suppression time updated to: 273
Received update: /ndn/de1-site/de1/svs_core/de1=9, 1741733916910
Received update: /ndn/de2-site/de2/svs_core/de2=9, 1741733916910
Max suppression time updated to: 273
Received update: /ndn/gr-site/gr/svs_core/gr=9, 1741733917468
Max suppression time updated to: 273
Received update: /ndn/hu-site/hu/svs_core/hu=9, 1741733918065
Max suppression time updated to: 273
Received update: /ndn/az-site/az/svs_core/az=9, 1741733920183
Max suppression time updated to: 273
Received update: /ndn/lt-site/lt/svs_core/lt=9, 1741733920276
Max suppression time updated to: 273
Max suppression time updated to: 273
Max suppression time updated to: 273
Max suppression time updated to: 273
Max suppression time updated to: 270
Max suppression time updated to: 273
Received update: /ndn/cy-site/cy/svs_core/cy=9, 1741733922083
Max suppression time updated to: 273
Received update: /ndn/ro-site/ro/svs_core/ro=9, 1741733922452
Max suppression time updated to: 270
Received update: /ndn/tr-site/tr/svs_core/tr=9, 1741733922558
Published sequence number: /ndn/sk-site/sk/svs_core/sk=9, 1741733927243
Sending Sync interest
Max suppression time updated to: 270
Received update: /ndn/al-site/al/svs_core/al=9, 1741733930363
Max suppression time updated to: 270
Received update: /ndn/by-site/by/svs_core/by=9, 1741733930599
Received update: /ndn/no-site/no/svs_core/no=9, 1741733930599
Max suppression time updated to: 270
Max suppression time updated to: 270
Sending Sync interest
Max suppression time updated to: 270
Sending Sync interest
Max suppression time updated to: 270
Max suppression time updated to: 270
Max suppression time updated to: 270
Max suppression time updated to: 270
Received update: /ndn/be-site/be/svs_core/be=10, 1741733931607
Max suppression time updated to: 270
Received update: /ndn/ua-site/ua/svs_core/ua=10, 1741733933117
Max suppression time updated to: 270
Max suppression time updated to: 270
Max suppression time updated to: 270
Max suppression time updated to: 270
Received update: /ndn/pt-site/pt/svs_core/pt=10, 1741733933479
Max suppression time updated to: 273
Received update: /ndn/lu-site/lu/svs_core/lu=10, 1741733933538
Max suppression time updated to: 273
Max suppression time updated to: 273
Max suppression time updated to: 273
Max suppression time updated to: 270
Received update: /ndn/se-site/se/svs_core/se=10, 1741733934518
Max suppression time updated to: 270
Received update: /ndn/rs-site/rs/svs_core/rs=10, 1741733936057
Max suppression time updated to: 273
Max suppression time updated to: 270
Received update: /ndn/uk-site/uk/svs_core/uk=10, 1741733936849
Max suppression time updated to: 273
Received update: /ndn/mt-site/mt/svs_core/mt=10, 1741733937293
Max suppression time updated to: 273
Received update: /ndn/ch-site/ch/svs_core/ch=10, 1741733937690
Max suppression time updated to: 273
Received update: /ndn/is-site/is/svs_core/is=10, 1741733937781
Max suppression time updated to: 273
Received update: /ndn/es-site/es/svs_core/es=10, 1741733938174
Max suppression time updated to: 273
Received update: /ndn/md-site/md/svs_core/md=10, 1741733939236
Max suppression time updated to: 273
Max suppression time updated to: 273
Max suppression time updated to: 273
Received update: /ndn/am-site/am/svs_core/am=10, 1741733939576
Max suppression time updated to: 276
Received update: /ndn/fi-site/fi/svs_core/fi=10, 1741733942976
Max suppression time updated to: 273
Max suppression time updated to: 273
Max suppression time updated to: 273
Received update: /ndn/dk-site/dk/svs_core/dk=10, 1741733949212
Received update: /ndn/fr1-site/fr1/svs_core/fr1=10, 1741733949212
Max suppression time updated to: 273
Received update: /ndn/ee-site/ee/svs_core/ee=10, 1741733951583
Max suppression time updated to: 273
Max suppression time updated to: 273
Max suppression time updated to: 273
Max suppression time updated to: 273
Received update: /ndn/me-site/me/svs_core/me=10, 1741733951859
Max suppression time updated to: 270
Received update: /ndn/fr2-site/fr2/svs_core/fr2=10, 1741733951869
Max suppression time updated to: 270
Received update: /ndn/bg-site/bg/svs_core/bg=10, 1741733952211
Max suppression time updated to: 270
Received update: /ndn/hr-site/hr/svs_core/hr=10, 1741733952487
Max suppression time updated to: 270
Max suppression time updated to: 270
Max suppression time updated to: 270
Received update: /ndn/si-site/si/svs_core/si=10, 1741733952876
Max suppression time updated to: 273
Received update: /ndn/at-site/at/svs_core/at=10, 1741733954411
Max suppression time updated to: 273
Received update: /ndn/lv-site/lv/svs_core/lv=10, 1741733955119
Max suppression time updated to: 273
Received update: /ndn/nl-site/nl/svs_core/nl=10, 1741733955380
Received update: /ndn/pl-site/pl/svs_core/pl=10, 1741733955380
Max suppression time updated to: 273
Max suppression time updated to: 273
Max suppression time updated to: 273
Max suppression time updated to: 273
Max suppression time updated to: 273
Received update: /ndn/ie-site/ie/svs_core/ie=10, 1741733956148
Max suppression time updated to: 270
Max suppression time updated to: 270
Max suppression time updated to: 270
Max suppression time updated to: 270
Max suppression time updated to: 270
Received update: /ndn/ge-site/ge/svs_core/ge=10, 1741733956796
Max suppression time updated to: 273
Max suppression time updated to: 273
Received update: /ndn/cz-site/cz/svs_core/cz=10, 1741733957379
Max suppression time updated to: 273
Received update: /ndn/it-site/it/svs_core/it=10, 1741733957623
Max suppression time updated to: 273
Max suppression time updated to: 270
Max suppression time updated to: 270
Received update: /ndn/il-site/il/svs_core/il=10, 1741733959769
Max suppression time updated to: 270
Max suppression time updated to: 270
Max suppression time updated to: 270
Max suppression time updated to: 270
Received update: /ndn/de1-site/de1/svs_core/de1=10, 1741733961499
Max suppression time updated to: 270
Received update: /ndn/mk-site/mk/svs_core/mk=10, 1741733961592
Max suppression time updated to: 270
Max suppression time updated to: 270
Max suppression time updated to: 270
Received update: /ndn/de2-site/de2/svs_core/de2=10, 1741733961936
Max suppression time updated to: 270
Received update: /ndn/gr-site/gr/svs_core/gr=10, 1741733962481
Max suppression time updated to: 270
Received update: /ndn/ro-site/ro/svs_core/ro=10, 1741733965891
Max suppression time updated to: 270
Received update: /ndn/hu-site/hu/svs_core/hu=10, 1741733966139
Max suppression time updated to: 270
Received update: /ndn/lt-site/lt/svs_core/lt=10, 1741733966140
Max suppression time updated to: 270
Max suppression time updated to: 270
Received update: /ndn/az-site/az/svs_core/az=10, 1741733966261
Max suppression time updated to: 273
Received update: /ndn/no-site/no/svs_core/no=10, 1741733967346
Max suppression time updated to: 273
Max suppression time updated to: 273
Max suppression time updated to: 273
Received update: /ndn/cy-site/cy/svs_core/cy=10, 1741733967651
Max suppression time updated to: 273
Received update: /ndn/by-site/by/svs_core/by=10, 1741733969835
Max suppression time updated to: 273
Received update: /ndn/tr-site/tr/svs_core/tr=10, 1741733970138
Published sequence number: /ndn/sk-site/sk/svs_core/sk=10, 1741733972248
Sending Sync interest
Max suppression time updated to: 273
Received update: /ndn/al-site/al/svs_core/al=10, 1741733975356
Sending Sync interest
Max suppression time updated to: 273
Received update: /ndn/be-site/be/svs_core/be=11, 1741733976624
Max suppression time updated to: 273
Max suppression time updated to: 273
Max suppression time updated to: 273
Received update: /ndn/se-site/se/svs_core/se=11, 1741733978111
Received update: /ndn/ua-site/ua/svs_core/ua=11, 1741733978111
Max suppression time updated to: 273
Received update: /ndn/lu-site/lu/svs_core/lu=11, 1741733978401
Max suppression time updated to: 273
Received update: /ndn/pt-site/pt/svs_core/pt=11, 1741733978461
Max suppression time updated to: 273
Received update: /ndn/rs-site/rs/svs_core/rs=11, 1741733980910
Max suppression time updated to: 273
Max suppression time updated to: 273
Max suppression time updated to: 273
Received update: /ndn/es-site/es/svs_core/es=11, 1741733981606
Max suppression time updated to: 276
Received update: /ndn/uk-site/uk/svs_core/uk=11, 1741733981874
Max suppression time updated to: 273
Received update: /ndn/ch-site/ch/svs_core/ch=11, 1741733981978
Max suppression time updated to: 276
Received update: /ndn/am-site/am/svs_core/am=11, 1741733983419
Max suppression time updated to: 276
Max suppression time updated to: 273
Max suppression time updated to: 273
Max suppression time updated to: 273
Received update: /ndn/is-site/is/svs_core/is=11, 1741733984251
Max suppression time updated to: 276
Received update: /ndn/mt-site/mt/svs_core/mt=11, 1741733984344
Max suppression time updated to: 273
Max suppression time updated to: 273
Max suppression time updated to: 273
Received update: /ndn/dk-site/dk/svs_core/dk=11, 1741733987466
Received update: /ndn/fi-site/fi/svs_core/fi=11, 1741733987466
Max suppression time updated to: 273
Received update: /ndn/bg-site/bg/svs_core/bg=11, 1741733992334
Max suppression time updated to: 273
Received update: /ndn/fr1-site/fr1/svs_core/fr1=11, 1741733994213
Max suppression time updated to: 276
Received update: /ndn/fr2-site/fr2/svs_core/fr2=11, 1741733995615
Max suppression time updated to: 276
Max suppression time updated to: 273
Max suppression time updated to: 273
Max suppression time updated to: 273
Received update: /ndn/ee-site/ee/svs_core/ee=11, 1741733997823
Received update: /ndn/hr-site/hr/svs_core/hr=11, 1741733997823
Received update: /ndn/me-site/me/svs_core/me=11, 1741733997823
Max suppression time updated to: 273
Received update: /ndn/nl-site/nl/svs_core/nl=11, 1741733999381
Max suppression time updated to: 273
Received update: /ndn/lv-site/lv/svs_core/lv=11, 1741734000185
Received update: /ndn/pl-site/pl/svs_core/pl=11, 1741734000185
Max suppression time updated to: 273
Received update: /ndn/at-site/at/svs_core/at=11, 1741734000278
Max suppression time updated to: 273
Max suppression time updated to: 273
Max suppression time updated to: 273
Received update: /ndn/md-site/md/svs_core/md=11, 1741734000897
Received update: /ndn/si-site/si/svs_core/si=11, 1741734000897
Max suppression time updated to: 273
Received update: /ndn/ie-site/ie/svs_core/ie=11, 1741734000957
Max suppression time updated to: 273
Max suppression time updated to: 273
Received update: /ndn/ge-site/ge/svs_core/ge=11, 1741734001192
Max suppression time updated to: 273
Max suppression time updated to: 273
Received update: /ndn/cz-site/cz/svs_core/cz=11, 1741734002405
Max suppression time updated to: 273
Received update: /ndn/it-site/it/svs_core/it=11, 1741734002676
Max suppression time updated to: 273
Received update: /ndn/il-site/il/svs_core/il=11, 1741734004846
Max suppression time updated to: 273
Received update: /ndn/de1-site/de1/svs_core/de1=11, 1741734006927
Received update: /ndn/de2-site/de2/svs_core/de2=11, 1741734006927
Max suppression time updated to: 273
Received update: /ndn/mk-site/mk/svs_core/mk=11, 1741734007326
Max suppression time updated to: 273
Received update: /ndn/gr-site/gr/svs_core/gr=11, 1741734007440
Max suppression time updated to: 273
Received update: /ndn/hu-site/hu/svs_core/hu=11, 1741734008069
Max suppression time updated to: 270
Received update: /ndn/ro-site/ro/svs_core/ro=11, 1741734010893
Max suppression time updated to: 270
Received update: /ndn/lt-site/lt/svs_core/lt=11, 1741734011078
Max suppression time updated to: 270
Received update: /ndn/az-site/az/svs_core/az=11, 1741734011260
Max suppression time updated to: 273
Received update: /ndn/no-site/no/svs_core/no=11, 1741734013066
Received update: /ndn/tr-site/tr/svs_core/tr=11, 1741734013066
Published sequence number: /ndn/sk-site/sk/svs_core/sk=11, 1741734017258
Sending Sync interest
Max suppression time updated to: 273
Received update: /ndn/al-site/al/svs_core/al=11, 1741734020359
Max suppression time updated to: 270
Received update: /ndn/cy-site/cy/svs_core/cy=11, 1741734020505
Max suppression time updated to: 273
Received update: /ndn/by-site/by/svs_core/by=11, 1741734020690
Max suppression time updated to: 273
Max suppression time updated to: 273
Max suppression time updated to: 273
Received update: /ndn/be-site/be/svs_core/be=12, 1741734022109
Received update: /ndn/se-site/se/svs_core/se=12, 1741734022109
Max suppression time updated to: 273
Received update: /ndn/lu-site/lu/svs_core/lu=12, 1741734022158
Max suppression time updated to: 273
Received update: /ndn/pt-site/pt/svs_core/pt=12, 1741734025894
Received update: /ndn/rs-site/rs/svs_core/rs=12, 1741734025894
Max suppression time updated to: 273
Received update: /ndn/mt-site/mt/svs_core/mt=12, 1741734026538
Max suppression time updated to: 273
Received update: /ndn/es-site/es/svs_core/es=12, 1741734026632
Max suppression time updated to: 273
Max suppression time updated to: 273
Max suppression time updated to: 273
Max suppression time updated to: 273
Max suppression time updated to: 273
Received update: /ndn/uk-site/uk/svs_core/uk=12, 1741734026843
Max suppression time updated to: 273
Received update: /ndn/ch-site/ch/svs_core/ch=12, 1741734027002
Received update: /ndn/ua-site/ua/svs_core/ua=12, 1741734027002
Max suppression time updated to: 273
Received update: /ndn/am-site/am/svs_core/am=12, 1741734028400
Sending Sync interest
Max suppression time updated to: 273
Max suppression time updated to: 273
Max suppression time updated to: 273
Max suppression time updated to: 273
Max suppression time updated to: 273
Max suppression time updated to: 273
Max suppression time updated to: 273
Received update: /ndn/md-site/md/svs_core/md=12, 1741734029214
Max suppression time updated to: 273
Max suppression time updated to: 273
Received update: /ndn/is-site/is/svs_core/is=12, 1741734029293
Max suppression time updated to: 273
Max suppression time updated to: 273
Max suppression time updated to: 276
Received update: /ndn/dk-site/dk/svs_core/dk=12, 1741734032521
Max suppression time updated to: 273
Received update: /ndn/bg-site/bg/svs_core/bg=12, 1741734040703
Received update: /ndn/fr2-site/fr2/svs_core/fr2=12, 1741734040703
Max suppression time updated to: 273
Max suppression time updated to: 276
Received update: /ndn/fr1-site/fr1/svs_core/fr1=12, 1741734041016
Max suppression time updated to: 276
Max suppression time updated to: 276
Max suppression time updated to: 276
Received update: /ndn/ee-site/ee/svs_core/ee=12, 1741734041421
Max suppression time updated to: 276
Max suppression time updated to: 273
Max suppression time updated to: 273
Received update: /ndn/me-site/me/svs_core/me=12, 1741734041951
Max suppression time updated to: 273
Received update: /ndn/hr-site/hr/svs_core/hr=12, 1741734042478
Max suppression time updated to: 273
Max suppression time updated to: 270
Max suppression time updated to: 270
Max suppression time updated to: 273
Max suppression time updated to: 270
Received update: /ndn/nl-site/nl/svs_core/nl=12, 1741734044314
Received update: /ndn/si-site/si/svs_core/si=12, 1741734044314
Max suppression time updated to: 270
Received update: /ndn/at-site/at/svs_core/at=12, 1741734044435
Max suppression time updated to: 270
Received update: /ndn/ie-site/ie/svs_core/ie=12, 1741734044828
Max suppression time updated to: 270
Max suppression time updated to: 270
Max suppression time updated to: 270
Received update: /ndn/pl-site/pl/svs_core/pl=12, 1741734045202
Max suppression time updated to: 270
Received update: /ndn/ge-site/ge/svs_core/ge=12, 1741734046234
Max suppression time updated to: 270
Received update: /ndn/cz-site/cz/svs_core/cz=12, 1741734047395
Max suppression time updated to: 273
Received update: /ndn/il-site/il/svs_core/il=12, 1741734049887
Max suppression time updated to: 273
Received update: /ndn/it-site/it/svs_core/it=12, 1741734049916
Max suppression time updated to: 270
Received update: /ndn/lv-site/lv/svs_core/lv=12, 1741734050302
Max suppression time updated to: 270
Received update: /ndn/mk-site/mk/svs_core/mk=12, 1741734050589
Max suppression time updated to: 270
Received update: /ndn/de1-site/de1/svs_core/de1=12, 1741734051433
Max suppression time updated to: 270
Received update: /ndn/fi-site/fi/svs_core/fi=12, 1741734051775
Max suppression time updated to: 270
Received update: /ndn/de2-site/de2/svs_core/de2=12, 1741734051924
Max suppression time updated to: 270
Received update: /ndn/lt-site/lt/svs_core/lt=12, 1741734053190
Max suppression time updated to: 270
Received update: /ndn/hu-site/hu/svs_core/hu=12, 1741734053323
Max suppression time updated to: 270
Received update: /ndn/gr-site/gr/svs_core/gr=12, 1741734053461
Max suppression time updated to: 270
Sending Sync interest
Max suppression time updated to: 270
Max suppression time updated to: 270
Received update: /ndn/az-site/az/svs_core/az=12, 1741734055175
Max suppression time updated to: 270
Received update: /ndn/ro-site/ro/svs_core/ro=12, 1741734055914
Max suppression time updated to: 270
Received update: /ndn/cy-site/cy/svs_core/cy=12, 1741734057202
Max suppression time updated to: 270
Received update: /ndn/tr-site/tr/svs_core/tr=12, 1741734057577
Max suppression time updated to: 270
Received update: /ndn/no-site/no/svs_core/no=12, 1741734058126
Published sequence number: /ndn/sk-site/sk/svs_core/sk=12, 1741734062262
Sending Sync interest
Max suppression time updated to: 270
Received update: /ndn/al-site/al/svs_core/al=12, 1741734065412
Max suppression time updated to: 270
Max suppression time updated to: 270
Max suppression time updated to: 270
Max suppression time updated to: 270
Max suppression time updated to: 270
Received update: /ndn/by-site/by/svs_core/by=12, 1741734067151
Received update: /ndn/lu-site/lu/svs_core/lu=13, 1741734067151
Max suppression time updated to: 270
Received update: /ndn/be-site/be/svs_core/be=13, 1741734067263
Max suppression time updated to: 270
Max suppression time updated to: 270
Received update: /ndn/se-site/se/svs_core/se=13, 1741734067870
Max suppression time updated to: 270
Max suppression time updated to: 270
Received update: /ndn/ua-site/ua/svs_core/ua=13, 1741734068121
Max suppression time updated to: 270
Received update: /ndn/pt-site/pt/svs_core/pt=13, 1741734068476
Max suppression time updated to: 270
Received update: /ndn/mt-site/mt/svs_core/mt=13, 1741734071699
Max suppression time updated to: 273
Received update: /ndn/es-site/es/svs_core/es=13, 1741734071704
Max suppression time updated to: 270
Received update: /ndn/rs-site/rs/svs_core/rs=13, 1741734071738
Max suppression time updated to: 273
Received update: /ndn/uk-site/uk/svs_core/uk=13, 1741734071869
Max suppression time updated to: 270
Max suppression time updated to: 270
Received update: /ndn/ch-site/ch/svs_core/ch=13, 1741734072628
Max suppression time updated to: 270
Received update: /ndn/is-site/is/svs_core/is=13, 1741734072748
Max suppression time updated to: 270
Received update: /ndn/am-site/am/svs_core/am=13, 1741734077596
Received update: /ndn/dk-site/dk/svs_core/dk=13, 1741734077596
Max suppression time updated to: 270
Received update: /ndn/bg-site/bg/svs_core/bg=13, 1741734082329
Max suppression time updated to: 270
Received update: /ndn/fi-site/fi/svs_core/fi=13, 1741734082971
Max suppression time updated to: 270
Received update: /ndn/fr1-site/fr1/svs_core/fr1=13, 1741734084221
Max suppression time updated to: 270
Received update: /ndn/fr2-site/fr2/svs_core/fr2=13, 1741734085550
Max suppression time updated to: 270
Received update: /ndn/ee-site/ee/svs_core/ee=13, 1741734086428
Max suppression time updated to: 270
Max suppression time updated to: 270
Max suppression time updated to: 270
Max suppression time updated to: 270
Received update: /ndn/me-site/me/svs_core/me=13, 1741734086835
Max suppression time updated to: 270
Max suppression time updated to: 270
Max suppression time updated to: 273
Received update: /ndn/hr-site/hr/svs_core/hr=13, 1741734087520
Max suppression time updated to: 273
Received update: /ndn/si-site/si/svs_core/si=13, 1741734087895
Max suppression time updated to: 273
Received update: /ndn/at-site/at/svs_core/at=13, 1741734089801
Received update: /ndn/ie-site/ie/svs_core/ie=13, 1741734089801
Received update: /ndn/nl-site/nl/svs_core/nl=13, 1741734089801
Max suppression time updated to: 270
Received update: /ndn/md-site/md/svs_core/md=13, 1741734090293
Max suppression time updated to: 270
Received update: /ndn/ge-site/ge/svs_core/ge=13, 1741734091226
Max suppression time updated to: 270
Received update: /ndn/cz-site/cz/svs_core/cz=13, 1741734092391
Max suppression time updated to: 270
Received update: /ndn/it-site/it/svs_core/it=13, 1741734092649
Max suppression time updated to: 273
Received update: /ndn/il-site/il/svs_core/il=13, 1741734094917
Max suppression time updated to: 273
Received update: /ndn/lv-site/lv/svs_core/lv=13, 1741734095103
Received update: /ndn/pl-site/pl/svs_core/pl=13, 1741734095103
Max suppression time updated to: 273
Max suppression time updated to: 273
Max suppression time updated to: 273
Max suppression time updated to: 273
Max suppression time updated to: 273
Max suppression time updated to: 273
Max suppression time updated to: 273
Received update: /ndn/mk-site/mk/svs_core/mk=13, 1741734095645
Max suppression time updated to: 273
Received update: /ndn/de1-site/de1/svs_core/de1=13, 1741734096476
Max suppression time updated to: 273
Received update: /ndn/de2-site/de2/svs_core/de2=13, 1741734096941
Max suppression time updated to: 273
Received update: /ndn/gr-site/gr/svs_core/gr=13, 1741734097464
Max suppression time updated to: 273
Max suppression time updated to: 273
Max suppression time updated to: 273
Received update: /ndn/hu-site/hu/svs_core/hu=13, 1741734098111
Max suppression time updated to: 273
Received update: /ndn/lt-site/lt/svs_core/lt=13, 1741734098168
Max suppression time updated to: 273
Received update: /ndn/az-site/az/svs_core/az=13, 1741734100353
Max suppression time updated to: 273
Max suppression time updated to: 273
Max suppression time updated to: 273
Received update: /ndn/ro-site/ro/svs_core/ro=13, 1741734100892
Max suppression time updated to: 273
Received update: /ndn/cy-site/cy/svs_core/cy=13, 1741734102107
Max suppression time updated to: 273
Received update: /ndn/no-site/no/svs_core/no=13, 1741734102344
Max suppression time updated to: 273
Max suppression time updated to: 273
Received update: /ndn/tr-site/tr/svs_core/tr=13, 1741734102606
Max suppression time updated to: 273
Received update: /ndn/by-site/by/svs_core/by=13, 1741734104672
Published sequence number: /ndn/sk-site/sk/svs_core/sk=13, 1741734107272
Sending Sync interest
Max suppression time updated to: 276
Received update: /ndn/lu-site/lu/svs_core/lu=14, 1741734112274
Max suppression time updated to: 276
Received update: /ndn/al-site/al/svs_core/al=13, 1741734113125
Received update: /ndn/ua-site/ua/svs_core/ua=14, 1741734113125
Max suppression time updated to: 276
Received update: /ndn/be-site/be/svs_core/be=14, 1741734113288
Max suppression time updated to: 276
Received update: /ndn/se-site/se/svs_core/se=14, 1741734113352
Max suppression time updated to: 276
Received update: /ndn/pt-site/pt/svs_core/pt=14, 1741734113541
Max suppression time updated to: 276
Max suppression time updated to: 276
Max suppression time updated to: 276
Received update: /ndn/rs-site/rs/svs_core/rs=14, 1741734115936
Max suppression time updated to: 276
Received update: /ndn/uk-site/uk/svs_core/uk=14, 1741734116856
Max suppression time updated to: 276
Received update: /ndn/is-site/is/svs_core/is=14, 1741734117760
Max suppression time updated to: 276
Received update: /ndn/ch-site/ch/svs_core/ch=14, 1741734118133
Max suppression time updated to: 276
Received update: /ndn/es-site/es/svs_core/es=14, 1741734118197
Max suppression time updated to: 276
Received update: /ndn/mt-site/mt/svs_core/mt=14, 1741734118241
Max suppression time updated to: 276
Max suppression time updated to: 276
Received update: /ndn/ee-site/ee/svs_core/ee=14, 1741734131462
Max suppression time updated to: 276
Received update: /ndn/dk-site/dk/svs_core/dk=14, 1741734131652
Received update: /ndn/me-site/me/svs_core/me=14, 1741734131652
Max suppression time updated to: 276
Received update: /ndn/bg-site/bg/svs_core/bg=14, 1741734131671
Max suppression time updated to: 276
Received update: /ndn/am-site/am/svs_core/am=14, 1741734131691
Max suppression time updated to: 276
Received update: /ndn/fr1-site/fr1/svs_core/fr1=14, 1741734131780
Max suppression time updated to: 276
Received update: /ndn/fr2-site/fr2/svs_core/fr2=14, 1741734131839
Max suppression time updated to: 276
Max suppression time updated to: 276
Max suppression time updated to: 276
Received update: /ndn/fi-site/fi/svs_core/fi=14, 1741734132134
Max suppression time updated to: 276
Max suppression time updated to: 276
Received update: /ndn/md-site/md/svs_core/md=14, 1741734132220
Max suppression time updated to: 273
Max suppression time updated to: 273
Max suppression time updated to: 273
Max suppression time updated to: 273
Max suppression time updated to: 273
Max suppression time updated to: 276
Max suppression time updated to: 276
Received update: /ndn/si-site/si/svs_core/si=14, 1741734133505
Max suppression time updated to: 276
Received update: /ndn/nl-site/nl/svs_core/nl=14, 1741734134360
Max suppression time updated to: 276
Received update: /ndn/at-site/at/svs_core/at=14, 1741734134411
Max suppression time updated to: 276
Received update: /ndn/hr-site/hr/svs_core/hr=14, 1741734134734
Max suppression time updated to: 276
Received update: /ndn/lv-site/lv/svs_core/lv=14, 1741734135141
Max suppression time updated to: 276
Max suppression time updated to: 276
Max suppression time updated to: 276
Received update: /ndn/ie-site/ie/svs_core/ie=14, 1741734135604
Max suppression time updated to: 276
Received update: /ndn/pl-site/pl/svs_core/pl=14, 1741734135640
Max suppression time updated to: 276
Max suppression time updated to: 276
Max suppression time updated to: 276
Max suppression time updated to: 276
Max suppression time updated to: 276
Received update: /ndn/ge-site/ge/svs_core/ge=14, 1741734136230
Max suppression time updated to: 276
Received update: /ndn/cz-site/cz/svs_core/cz=14, 1741734137412
Max suppression time updated to: 276
Received update: /ndn/it-site/it/svs_core/it=14, 1741734137683
Max suppression time updated to: 276
Received update: /ndn/il-site/il/svs_core/il=14, 1741734139818
Max suppression time updated to: 276
Received update: /ndn/mk-site/mk/svs_core/mk=14, 1741734140610
Max suppression time updated to: 276
Received update: /ndn/de1-site/de1/svs_core/de1=14, 1741734141434
Max suppression time updated to: 276
Received update: /ndn/de2-site/de2/svs_core/de2=14, 1741734141970
Max suppression time updated to: 276
Received update: /ndn/gr-site/gr/svs_core/gr=14, 1741734142539
Max suppression time updated to: 276
Received update: /ndn/hu-site/hu/svs_core/hu=14, 1741734143095
Max suppression time updated to: 276
Received update: /ndn/lt-site/lt/svs_core/lt=14, 1741734145930
Received update: /ndn/ro-site/ro/svs_core/ro=14, 1741734145930
Max suppression time updated to: 276
Received update: /ndn/cy-site/cy/svs_core/cy=14, 1741734147119
Max suppression time updated to: 276
Received update: /ndn/tr-site/tr/svs_core/tr=14, 1741734147659
Published sequence number: /ndn/sk-site/sk/svs_core/sk=14, 1741734152282
Sending Sync interest
Max suppression time updated to: 279
Received update: /ndn/se-site/se/svs_core/se=15, 1741734157120
Max suppression time updated to: 276
Received update: /ndn/be-site/be/svs_core/be=15, 1741734157142
Received update: /ndn/lu-site/lu/svs_core/lu=15, 1741734157142
Max suppression time updated to: 276
Received update: /ndn/by-site/by/svs_core/by=14, 1741734157393
Max suppression time updated to: 279
Max suppression time updated to: 279
Received update: /ndn/no-site/no/svs_core/no=14, 1741734157483
Max suppression time updated to: 279
Max suppression time updated to: 276
Received update: /ndn/az-site/az/svs_core/az=14, 1741734157696
Max suppression time updated to: 276
Received update: /ndn/al-site/al/svs_core/al=14, 1741734158387
Max suppression time updated to: 276
Max suppression time updated to: 276
Max suppression time updated to: 276
Received update: /ndn/pt-site/pt/svs_core/pt=15, 1741734158478
Max suppression time updated to: 276
Max suppression time updated to: 276
Max suppression time updated to: 276
Max suppression time updated to: 276
Received update: /ndn/rs-site/rs/svs_core/rs=15, 1741734161295
Received update: /ndn/ua-site/ua/svs_core/ua=15, 1741734161295
Max suppression time updated to: 276
Received update: /ndn/es-site/es/svs_core/es=15, 1741734161811
Max suppression time updated to: 276
Max suppression time updated to: 276
Max suppression time updated to: 273
Received update: /ndn/uk-site/uk/svs_core/uk=15, 1741734161853
Max suppression time updated to: 273
Max suppression time updated to: 273
Received update: /ndn/ch-site/ch/svs_core/ch=15, 1741734162010
Max suppression time updated to: 273
Received update: /ndn/am-site/am/svs_core/am=15, 1741734163418
Max suppression time updated to: 273
Received update: /ndn/mt-site/mt/svs_core/mt=15, 1741734163854
Max suppression time updated to: 276
Received update: /ndn/is-site/is/svs_core/is=15, 1741734163890
Max suppression time updated to: 276
Max suppression time updated to: 276
Received update: /ndn/md-site/md/svs_core/md=15, 1741734164494
Max suppression time updated to: 276
Max suppression time updated to: 276
Max suppression time updated to: 276
Received update: /ndn/fi-site/fi/svs_core/fi=15, 1741734166055
Max suppression time updated to: 276
Max suppression time updated to: 276
Max suppression time updated to: 276
Max suppression time updated to: 276
Received update: /ndn/dk-site/dk/svs_core/dk=15, 1741734167493
Max suppression time updated to: 276
Received update: /ndn/bg-site/bg/svs_core/bg=15, 1741734172327
Max suppression time updated to: 276
Received update: /ndn/fr1-site/fr1/svs_core/fr1=15, 1741734175551
Received update: /ndn/fr2-site/fr2/svs_core/fr2=15, 1741734175551
Max suppression time updated to: 276
Received update: /ndn/me-site/me/svs_core/me=15, 1741734176552
Max suppression time updated to: 276
Max suppression time updated to: 276
Max suppression time updated to: 276
Max suppression time updated to: 276
Max suppression time updated to: 276
Received update: /ndn/hr-site/hr/svs_core/hr=15, 1741734177483
Max suppression time updated to: 276
Received update: /ndn/ee-site/ee/svs_core/ee=15, 1741734179377
Received update: /ndn/nl-site/nl/svs_core/nl=15, 1741734179377
Max suppression time updated to: 276
Received update: /ndn/at-site/at/svs_core/at=15, 1741734179414
Max suppression time updated to: 276
Received update: /ndn/si-site/si/svs_core/si=15, 1741734179744
Max suppression time updated to: 276
Received update: /ndn/pl-site/pl/svs_core/pl=15, 1741734180202
Max suppression time updated to: 276
Received update: /ndn/ge-site/ge/svs_core/ge=15, 1741734181209
Received update: /ndn/ie-site/ie/svs_core/ie=15, 1741734181209
Max suppression time updated to: 276
Received update: /ndn/cz-site/cz/svs_core/cz=15, 1741734182404
Received update: /ndn/lv-site/lv/svs_core/lv=15, 1741734182404
Max suppression time updated to: 276
Received update: /ndn/it-site/it/svs_core/it=15, 1741734182682
Max suppression time updated to: 276
Received update: /ndn/il-site/il/svs_core/il=15, 1741734185840
Received update: /ndn/mk-site/mk/svs_core/mk=15, 1741734185840
Max suppression time updated to: 276
Max suppression time updated to: 276
Max suppression time updated to: 276
Received update: /ndn/de1-site/de1/svs_core/de1=15, 1741734186461
Max suppression time updated to: 276
Received update: /ndn/de2-site/de2/svs_core/de2=15, 1741734186953
Max suppression time updated to: 276
Received update: /ndn/gr-site/gr/svs_core/gr=15, 1741734187669
Max suppression time updated to: 276
Max suppression time updated to: 276
Max suppression time updated to: 276
Max suppression time updated to: 276
Received update: /ndn/hu-site/hu/svs_core/hu=15, 1741734188117
Max suppression time updated to: 276
Received update: /ndn/lt-site/lt/svs_core/lt=15, 1741734188190
Max suppression time updated to: 276
Received update: /ndn/az-site/az/svs_core/az=15, 1741734190195
Max suppression time updated to: 276
Received update: /ndn/ro-site/ro/svs_core/ro=15, 1741734190938
Max suppression time updated to: 276
Received update: /ndn/cy-site/cy/svs_core/cy=15, 1741734192126
Max suppression time updated to: 276
Received update: /ndn/no-site/no/svs_core/no=15, 1741734192351
Max suppression time updated to: 276
Max suppression time updated to: 276
Received update: /ndn/by-site/by/svs_core/by=15, 1741734194713
Max suppression time updated to: 276
Max suppression time updated to: 276
Max suppression time updated to: 276
Received update: /ndn/tr-site/tr/svs_core/tr=15, 1741734194988
Max suppression time updated to: 276
Published sequence number: /ndn/sk-site/sk/svs_core/sk=15, 1741734197294
Sending Sync interest
Max suppression time updated to: 276
Received update: /ndn/lu-site/lu/svs_core/lu=16, 1741734202154
Sending Sync interest
Max suppression time updated to: 276
Received update: /ndn/be-site/be/svs_core/be=16, 1741734202591
Sending Sync interest
Max suppression time updated to: 276
Received update: /ndn/al-site/al/svs_core/al=15, 1741734203076
Max suppression time updated to: 276
Received update: /ndn/ua-site/ua/svs_core/ua=16, 1741734203131
Max suppression time updated to: 276
Received update: /ndn/se-site/se/svs_core/se=16, 1741734203513
Max suppression time updated to: 279
Received update: /ndn/pt-site/pt/svs_core/pt=16, 1741734203563
Max suppression time updated to: 279
Max suppression time updated to: 276
Max suppression time updated to: 279
Max suppression time updated to: 279
Max suppression time updated to: 279
Max suppression time updated to: 279
Max suppression time updated to: 279
Max suppression time updated to: 279
Received update: /ndn/uk-site/uk/svs_core/uk=16, 1741734206883
Max suppression time updated to: 279
Received update: /ndn/ch-site/ch/svs_core/ch=16, 1741734207065
Max suppression time updated to: 279
Received update: /ndn/rs-site/rs/svs_core/rs=16, 1741734207247
Max suppression time updated to: 279
Received update: /ndn/es-site/es/svs_core/es=16, 1741734207384
Sending Sync interest
Max suppression time updated to: 279
Received update: /ndn/dk-site/dk/svs_core/dk=16, 1741734212506
Max suppression time updated to: 279
Received update: /ndn/md-site/md/svs_core/md=16, 1741734212907
Max suppression time updated to: 282
Received update: /ndn/fi-site/fi/svs_core/fi=16, 1741734212968
Max suppression time updated to: 282
Max suppression time updated to: 282
Received update: /ndn/am-site/am/svs_core/am=16, 1741734213304
Max suppression time updated to: 282
Max suppression time updated to: 282
Max suppression time updated to: 282
Max suppression time updated to: 282
Max suppression time updated to: 282
Max suppression time updated to: 282
Received update: /ndn/is-site/is/svs_core/is=16, 1741734213733
Max suppression time updated to: 282
Max suppression time updated to: 279
Max suppression time updated to: 279
Received update: /ndn/mt-site/mt/svs_core/mt=16, 1741734213805
Max suppression time updated to: 279
Max suppression time updated to: 279
Max suppression time updated to: 279
Max suppression time updated to: 279
Received update: /ndn/bg-site/bg/svs_core/bg=16, 1741734217367
Max suppression time updated to: 279
Received update: /ndn/fr1-site/fr1/svs_core/fr1=16, 1741734219252
Max suppression time updated to: 279
Received update: /ndn/me-site/me/svs_core/me=16, 1741734221325
Max suppression time updated to: 279
Max suppression time updated to: 279
Max suppression time updated to: 279
Max suppression time updated to: 279
Received update: /ndn/fr2-site/fr2/svs_core/fr2=16, 1741734221608
Max suppression time updated to: 279
Received update: /ndn/hr-site/hr/svs_core/hr=16, 1741734222493
Max suppression time updated to: 279
Received update: /ndn/si-site/si/svs_core/si=16, 1741734222917
Max suppression time updated to: 279
Received update: /ndn/nl-site/nl/svs_core/nl=16, 1741734224404
Max suppression time updated to: 279
Received update: /ndn/at-site/at/svs_core/at=16, 1741734224441
Max suppression time updated to: 279
Received update: /ndn/ie-site/ie/svs_core/ie=16, 1741734224699
Max suppression time updated to: 279
Max suppression time updated to: 279
Max suppression time updated to: 279
Max suppression time updated to: 279
Max suppression time updated to: 279
Max suppression time updated to: 279
Max suppression time updated to: 279
Max suppression time updated to: 279
Received update: /ndn/pl-site/pl/svs_core/pl=16, 1741734225252
Max suppression time updated to: 279
Received update: /ndn/ee-site/ee/svs_core/ee=16, 1741734225494
Max suppression time updated to: 279
Received update: /ndn/ge-site/ge/svs_core/ge=16, 1741734226243
Max suppression time updated to: 279
Received update: /ndn/lv-site/lv/svs_core/lv=16, 1741734226659
Max suppression time updated to: 279
Received update: /ndn/cz-site/cz/svs_core/cz=16, 1741734227408
Max suppression time updated to: 279
Received update: /ndn/it-site/it/svs_core/it=16, 1741734227721
Max suppression time updated to: 279
Received update: /ndn/il-site/il/svs_core/il=16, 1741734229831
Max suppression time updated to: 279
Received update: /ndn/mk-site/mk/svs_core/mk=16, 1741734230653
Max suppression time updated to: 279
Received update: /ndn/de1-site/de1/svs_core/de1=16, 1741734231506
Max suppression time updated to: 279
Received update: /ndn/de2-site/de2/svs_core/de2=16, 1741734231985
Max suppression time updated to: 279
Received update: /ndn/gr-site/gr/svs_core/gr=16, 1741734233292
Received update: /ndn/lt-site/lt/svs_core/lt=16, 1741734233292
Max suppression time updated to: 279
Max suppression time updated to: 279
Max suppression time updated to: 279
Received update: /ndn/hu-site/hu/svs_core/hu=16, 1741734235923
Received update: /ndn/ro-site/ro/svs_core/ro=16, 1741734235923
Max suppression time updated to: 279
Received update: /ndn/cy-site/cy/svs_core/cy=16, 1741734237139
Max suppression time updated to: 279
Max suppression time updated to: 279
Max suppression time updated to: 279
Received update: /ndn/az-site/az/svs_core/az=16, 1741734237372
Max suppression time updated to: 279
Received update: /ndn/tr-site/tr/svs_core/tr=16, 1741734237620
Published sequence number: /ndn/sk-site/sk/svs_core/sk=16, 1741734242303
Sending Sync interest
Max suppression time updated to: 279
Received update: /ndn/al-site/al/svs_core/al=16, 1741734245380
Sending Sync interest
Max suppression time updated to: 279
Max suppression time updated to: 279
Max suppression time updated to: 279
Received update: /ndn/no-site/no/svs_core/no=16, 1741734246194
Max suppression time updated to: 279
Stopping SVS client: /ndn/sk-site/sk/svs_core/sk
