SVS client starting: /ndn/hu-site/hu/svs_core/hu
Max suppression time updated to: 24
Max suppression time updated to: 34
Max suppression time updated to: 36
Max suppression time updated to: 32
Max suppression time updated to: 40
Max suppression time updated to: 40
Max suppression time updated to: 44
Max suppression time updated to: 46
Max suppression time updated to: 46
Sending Sync interest
Max suppression time updated to: 42
Max suppression time updated to: 44
Max suppression time updated to: 42
Max suppression time updated to: 40
Max suppression time updated to: 44
Max suppression time updated to: 46
Max suppression time updated to: 48
Max suppression time updated to: 50
Max suppression time updated to: 54
Max suppression time updated to: 54
Max suppression time updated to: 54
Max suppression time updated to: 56
Max suppression time updated to: 56
Max suppression time updated to: 56
Max suppression time updated to: 58
Max suppression time updated to: 58
Max suppression time updated to: 58
Max suppression time updated to: 58
Max suppression time updated to: 58
Max suppression time updated to: 58
Max suppression time updated to: 58
Max suppression time updated to: 56
Max suppression time updated to: 56
Max suppression time updated to: 58
Max suppression time updated to: 56
Max suppression time updated to: 58
Max suppression time updated to: 58
Max suppression time updated to: 58
Max suppression time updated to: 58
Max suppression time updated to: 118
Max suppression time updated to: 172
Max suppression time updated to: 168
Received update: /ndn/md-site/md/svs_core/md=1 at 1741548656865
Max suppression time updated to: 166
Received update: /ndn/ro-site/ro/svs_core/ro=1 at 1741548657487
Max suppression time updated to: 164
Received update: /ndn/pt-site/pt/svs_core/pt=1 at 1741548658536
Max suppression time updated to: 162
Received update: /ndn/pl-site/pl/svs_core/pl=1 at 1741548658712
Max suppression time updated to: 160
Max suppression time updated to: 158
Max suppression time updated to: 156
Max suppression time updated to: 154
Max suppression time updated to: 158
Received update: /ndn/mt-site/mt/svs_core/mt=1 at 1741548659138
Max suppression time updated to: 156
Received update: /ndn/fr1-site/fr1/svs_core/fr1=1 at 1741548662502
Max suppression time updated to: 154
Received update: /ndn/rs-site/rs/svs_core/rs=1 at 1741548662944
Max suppression time updated to: 152
Received update: /ndn/ie-site/ie/svs_core/ie=1 at 1741548666875
Max suppression time updated to: 152
Received update: /ndn/it-site/it/svs_core/it=1 at 1741548667737
Max suppression time updated to: 150
Received update: /ndn/me-site/me/svs_core/me=1 at 1741548668103
Max suppression time updated to: 222
Received update: /ndn/mk-site/mk/svs_core/mk=1 at 1741548668218
Max suppression time updated to: 260
Max suppression time updated to: 266
Max suppression time updated to: 264
Max suppression time updated to: 260
Max suppression time updated to: 258
Received update: /ndn/fi-site/fi/svs_core/fi=1 at 1741548669289
Max suppression time updated to: 256
Received update: /ndn/be-site/be/svs_core/be=1 at 1741548670060
Max suppression time updated to: 252
Received update: /ndn/by-site/by/svs_core/by=1 at 1741548670127
Max suppression time updated to: 250
Received update: /ndn/se-site/se/svs_core/se=1 at 1741548670639
Max suppression time updated to: 248
Received update: /ndn/no-site/no/svs_core/no=1 at 1741548670887
Max suppression time updated to: 246
Received update: /ndn/ee-site/ee/svs_core/ee=1 at 1741548672585
Max suppression time updated to: 244
Received update: /ndn/ch-site/ch/svs_core/ch=1 at 1741548672872
Max suppression time updated to: 244
Received update: /ndn/is-site/is/svs_core/is=1 at 1741548674265
Max suppression time updated to: 240
Received update: /ndn/tr-site/tr/svs_core/tr=1 at 1741548674679
Max suppression time updated to: 238
Received update: /ndn/il-site/il/svs_core/il=1 at 1741548675510
Max suppression time updated to: 236
Received update: /ndn/ge-site/ge/svs_core/ge=1 at 1741548676408
Max suppression time updated to: 234
Received update: /ndn/at-site/at/svs_core/at=1 at 1741548677286
Max suppression time updated to: 232
Received update: /ndn/si-site/si/svs_core/si=1 at 1741548679402
Max suppression time updated to: 230
Received update: /ndn/ua-site/ua/svs_core/ua=1 at 1741548679701
Max suppression time updated to: 228
Received update: /ndn/uk-site/uk/svs_core/uk=1 at 1741548680453
Max suppression time updated to: 226
Received update: /ndn/cz-site/cz/svs_core/cz=1 at 1741548680908
Max suppression time updated to: 224
Received update: /ndn/dk-site/dk/svs_core/dk=1 at 1741548682825
Max suppression time updated to: 222
Received update: /ndn/lu-site/lu/svs_core/lu=1 at 1741548683095
Max suppression time updated to: 220
Received update: /ndn/gr-site/gr/svs_core/gr=1 at 1741548683175
Max suppression time updated to: 218
Received update: /ndn/hr-site/hr/svs_core/hr=1 at 1741548684164
Max suppression time updated to: 216
Received update: /ndn/al-site/al/svs_core/al=1 at 1741548685918
Max suppression time updated to: 214
Max suppression time updated to: 212
Max suppression time updated to: 214
Max suppression time updated to: 214
Max suppression time updated to: 212
Received update: /ndn/lt-site/lt/svs_core/lt=1 at 1741548686417
Max suppression time updated to: 210
Max suppression time updated to: 208
Received update: /ndn/de1-site/de1/svs_core/de1=1 at 1741548687180
Max suppression time updated to: 256
Max suppression time updated to: 254
Max suppression time updated to: 252
Max suppression time updated to: 250
Max suppression time updated to: 248
Published sequence number: /ndn/hu-site/hu/svs_core/hu=1 at 1741548688662
Sending Sync interest
Max suppression time updated to: 246
Max suppression time updated to: 244
Received update: /ndn/es-site/es/svs_core/es=1 at 1741548688855
Max suppression time updated to: 242
Received update: /ndn/sk-site/sk/svs_core/sk=1 at 1741548690712
Max suppression time updated to: 240
Received update: /ndn/nl-site/nl/svs_core/nl=1 at 1741548696508
Max suppression time updated to: 238
Received update: /ndn/bg-site/bg/svs_core/bg=1 at 1741548698184
Max suppression time updated to: 238
Received update: /ndn/fr2-site/fr2/svs_core/fr2=1 at 1741548698472
Max suppression time updated to: 236
Received update: /ndn/am-site/am/svs_core/am=1 at 1741548698505
Max suppression time updated to: 234
Received update: /ndn/lv-site/lv/svs_core/lv=1 at 1741548698542
Max suppression time updated to: 234
Received update: /ndn/az-site/az/svs_core/az=1 at 1741548698603
Max suppression time updated to: 232
Received update: /ndn/cy-site/cy/svs_core/cy=1 at 1741548698797
Max suppression time updated to: 230
Max suppression time updated to: 228
Received update: /ndn/de2-site/de2/svs_core/de2=1 at 1741548698821
Max suppression time updated to: 226
Sending Sync interest
Max suppression time updated to: 224
Max suppression time updated to: 224
Received update: /ndn/md-site/md/svs_core/md=2 at 1741548701908
Max suppression time updated to: 222
Received update: /ndn/ro-site/ro/svs_core/ro=2 at 1741548702496
Max suppression time updated to: 220
Received update: /ndn/mt-site/mt/svs_core/mt=2 at 1741548702888
Max suppression time updated to: 220
Received update: /ndn/pt-site/pt/svs_core/pt=2 at 1741548703525
Max suppression time updated to: 218
Received update: /ndn/pl-site/pl/svs_core/pl=2 at 1741548707550
Received update: /ndn/fr1-site/fr1/svs_core/fr1=2 at 1741548707550
Max suppression time updated to: 216
Received update: /ndn/rs-site/rs/svs_core/rs=2 at 1741548707944
Max suppression time updated to: 180
Received update: /ndn/mk-site/mk/svs_core/mk=2 at 1741548711255
Max suppression time updated to: 178
Received update: /ndn/it-site/it/svs_core/it=2 at 1741548712738
Max suppression time updated to: 178
Received update: /ndn/me-site/me/svs_core/me=2 at 1741548713106
Sending Sync interest
Max suppression time updated to: 176
Max suppression time updated to: 176
Max suppression time updated to: 174
Received update: /ndn/ie-site/ie/svs_core/ie=2 at 1741548713556
Max suppression time updated to: 174
Max suppression time updated to: 174
Max suppression time updated to: 174
Received update: /ndn/fi-site/fi/svs_core/fi=2 at 1741548713802
Sending Sync interest
Max suppression time updated to: 172
Max suppression time updated to: 172
Max suppression time updated to: 170
Max suppression time updated to: 170
Received update: /ndn/no-site/no/svs_core/no=2 at 1741548715037
Max suppression time updated to: 170
Received update: /ndn/be-site/be/svs_core/be=2 at 1741548715049
Max suppression time updated to: 168
Received update: /ndn/by-site/by/svs_core/by=2 at 1741548715129
Max suppression time updated to: 168
Received update: /ndn/se-site/se/svs_core/se=2 at 1741548715632
Max suppression time updated to: 168
Max suppression time updated to: 166
Max suppression time updated to: 166
Max suppression time updated to: 166
Received update: /ndn/ch-site/ch/svs_core/ch=2 at 1741548717069
Max suppression time updated to: 166
Received update: /ndn/ee-site/ee/svs_core/ee=2 at 1741548717614
Sending Sync interest
Max suppression time updated to: 166
Max suppression time updated to: 164
Max suppression time updated to: 164
Max suppression time updated to: 162
Max suppression time updated to: 162
Max suppression time updated to: 162
Max suppression time updated to: 162
Max suppression time updated to: 160
Max suppression time updated to: 160
Max suppression time updated to: 160
Received update: /ndn/is-site/is/svs_core/is=2 at 1741548719253
Max suppression time updated to: 160
Received update: /ndn/tr-site/tr/svs_core/tr=2 at 1741548719797
Max suppression time updated to: 158
Received update: /ndn/il-site/il/svs_core/il=2 at 1741548720465
Max suppression time updated to: 158
Received update: /ndn/ge-site/ge/svs_core/ge=2 at 1741548721500
Max suppression time updated to: 156
Received update: /ndn/at-site/at/svs_core/at=2 at 1741548722241
Max suppression time updated to: 156
Received update: /ndn/uk-site/uk/svs_core/uk=2 at 1741548725447
Max suppression time updated to: 156
Received update: /ndn/cz-site/cz/svs_core/cz=2 at 1741548725933
Max suppression time updated to: 156
Received update: /ndn/ua-site/ua/svs_core/ua=2 at 1741548726317
Max suppression time updated to: 154
Received update: /ndn/gr-site/gr/svs_core/gr=2 at 1741548728227
Sending Sync interest
Max suppression time updated to: 154
Max suppression time updated to: 154
Max suppression time updated to: 152
Received update: /ndn/si-site/si/svs_core/si=2 at 1741548728463
Max suppression time updated to: 152
Received update: /ndn/dk-site/dk/svs_core/dk=2 at 1741548728505
Max suppression time updated to: 152
Max suppression time updated to: 152
Max suppression time updated to: 150
Received update: /ndn/lu-site/lu/svs_core/lu=2 at 1741548728530
Max suppression time updated to: 150
Max suppression time updated to: 150
Received update: /ndn/hr-site/hr/svs_core/hr=2 at 1741548729219
Max suppression time updated to: 150
Received update: /ndn/lt-site/lt/svs_core/lt=2 at 1741548731457
Published sequence number: /ndn/hu-site/hu/svs_core/hu=2 at 1741548733718
Sending Sync interest
Max suppression time updated to: 150
Max suppression time updated to: 148
Received update: /ndn/sk-site/sk/svs_core/sk=2 at 1741548735753
Max suppression time updated to: 148
Received update: /ndn/de1-site/de1/svs_core/de1=2 at 1741548735790
Max suppression time updated to: 148
Received update: /ndn/am-site/am/svs_core/am=2 at 1741548736010
Max suppression time updated to: 134
Received update: /ndn/al-site/al/svs_core/al=2 at 1741548736038
Max suppression time updated to: 132
Max suppression time updated to: 132
Max suppression time updated to: 132
Max suppression time updated to: 132
Max suppression time updated to: 132
Max suppression time updated to: 130
Received update: /ndn/az-site/az/svs_core/az=2 at 1741548736861
Max suppression time updated to: 130
Received update: /ndn/lv-site/lv/svs_core/lv=2 at 1741548738568
Max suppression time updated to: 130
Received update: /ndn/es-site/es/svs_core/es=2 at 1741548738671
Max suppression time updated to: 130
Max suppression time updated to: 130
Received update: /ndn/nl-site/nl/svs_core/nl=2 at 1741548741563
Max suppression time updated to: 130
Received update: /ndn/cy-site/cy/svs_core/cy=2 at 1741548742103
Max suppression time updated to: 130
Received update: /ndn/bg-site/bg/svs_core/bg=2 at 1741548743257
Max suppression time updated to: 130
Received update: /ndn/fr2-site/fr2/svs_core/fr2=2 at 1741548743426
Max suppression time updated to: 130
Received update: /ndn/de2-site/de2/svs_core/de2=2 at 1741548743872
Max suppression time updated to: 130
Received update: /ndn/md-site/md/svs_core/md=3 at 1741548747028
Max suppression time updated to: 128
Max suppression time updated to: 128
Max suppression time updated to: 128
Max suppression time updated to: 128
Sending Sync interest
Max suppression time updated to: 128
Max suppression time updated to: 116
Max suppression time updated to: 114
Received update: /ndn/ro-site/ro/svs_core/ro=3 at 1741548747553
Max suppression time updated to: 114
Received update: /ndn/pt-site/pt/svs_core/pt=3 at 1741548748590
Max suppression time updated to: 114
Max suppression time updated to: 112
Received update: /ndn/mk-site/mk/svs_core/mk=3 at 1741548756226
Max suppression time updated to: 112
Received update: /ndn/pl-site/pl/svs_core/pl=3 at 1741548756421
Max suppression time updated to: 112
Received update: /ndn/fr1-site/fr1/svs_core/fr1=3 at 1741548756589
Max suppression time updated to: 112
Received update: /ndn/mt-site/mt/svs_core/mt=3 at 1741548756698
Max suppression time updated to: 112
Received update: /ndn/ie-site/ie/svs_core/ie=3 at 1741548756963
Max suppression time updated to: 112
Max suppression time updated to: 112
Max suppression time updated to: 112
Max suppression time updated to: 112
Max suppression time updated to: 112
Received update: /ndn/rs-site/rs/svs_core/rs=3 at 1741548757533
Max suppression time updated to: 112
Received update: /ndn/it-site/it/svs_core/it=3 at 1741548757807
Max suppression time updated to: 112
Received update: /ndn/me-site/me/svs_core/me=3 at 1741548758164
Max suppression time updated to: 112
Max suppression time updated to: 112
Max suppression time updated to: 112
Max suppression time updated to: 112
Sending Sync interest
Max suppression time updated to: 112
Max suppression time updated to: 110
Max suppression time updated to: 112
Received update: /ndn/no-site/no/svs_core/no=3 at 1741548760104
Max suppression time updated to: 112
Received update: /ndn/be-site/be/svs_core/be=3 at 1741548760117
Max suppression time updated to: 110
Max suppression time updated to: 110
Max suppression time updated to: 110
Max suppression time updated to: 110
Received update: /ndn/fi-site/fi/svs_core/fi=3 at 1741548760539
Max suppression time updated to: 110
Received update: /ndn/by-site/by/svs_core/by=3 at 1741548760581
Max suppression time updated to: 110
Received update: /ndn/se-site/se/svs_core/se=3 at 1741548760687
Max suppression time updated to: 110
Received update: /ndn/ch-site/ch/svs_core/ch=3 at 1741548762140
Max suppression time updated to: 110
Received update: /ndn/tr-site/tr/svs_core/tr=3 at 1741548764735
Max suppression time updated to: 110
Received update: /ndn/is-site/is/svs_core/is=3 at 1741548764879
Max suppression time updated to: 110
Max suppression time updated to: 110
Received update: /ndn/il-site/il/svs_core/il=3 at 1741548765469
Max suppression time updated to: 110
Received update: /ndn/ee-site/ee/svs_core/ee=3 at 1741548765653
Max suppression time updated to: 110
Received update: /ndn/ge-site/ge/svs_core/ge=3 at 1741548766434
Max suppression time updated to: 110
Received update: /ndn/at-site/at/svs_core/at=3 at 1741548767271
Max suppression time updated to: 110
Received update: /ndn/si-site/si/svs_core/si=3 at 1741548769460
Max suppression time updated to: 110
Received update: /ndn/cz-site/cz/svs_core/cz=3 at 1741548770967
Max suppression time updated to: 110
Received update: /ndn/uk-site/uk/svs_core/uk=3 at 1741548771152
Max suppression time updated to: 110
Max suppression time updated to: 110
Max suppression time updated to: 110
Max suppression time updated to: 120
Max suppression time updated to: 122
Max suppression time updated to: 120
Max suppression time updated to: 120
Max suppression time updated to: 120
Max suppression time updated to: 120
Received update: /ndn/ua-site/ua/svs_core/ua=3 at 1741548771884
Max suppression time updated to: 120
Received update: /ndn/lu-site/lu/svs_core/lu=3 at 1741548771916
Max suppression time updated to: 120
Received update: /ndn/gr-site/gr/svs_core/gr=3 at 1741548773243
Max suppression time updated to: 120
Received update: /ndn/dk-site/dk/svs_core/dk=3 at 1741548773519
Max suppression time updated to: 120
Received update: /ndn/hr-site/hr/svs_core/hr=3 at 1741548774227
Max suppression time updated to: 120
Received update: /ndn/al-site/al/svs_core/al=3 at 1741548775993
Max suppression time updated to: 120
Received update: /ndn/de1-site/de1/svs_core/de1=3 at 1741548777267
Published sequence number: /ndn/hu-site/hu/svs_core/hu=3 at 1741548778725
Sending Sync interest
Max suppression time updated to: 120
Max suppression time updated to: 120
Received update: /ndn/es-site/es/svs_core/es=3 at 1741548779012
Max suppression time updated to: 120
Received update: /ndn/lt-site/lt/svs_core/lt=3 at 1741548779211
Max suppression time updated to: 120
Received update: /ndn/lv-site/lv/svs_core/lv=3 at 1741548783607
Max suppression time updated to: 120
Max suppression time updated to: 120
Max suppression time updated to: 120
Max suppression time updated to: 120
Max suppression time updated to: 120
Received update: /ndn/az-site/az/svs_core/az=3 at 1741548783855
Max suppression time updated to: 120
Received update: /ndn/sk-site/sk/svs_core/sk=3 at 1741548783856
Max suppression time updated to: 118
Max suppression time updated to: 118
Max suppression time updated to: 118
Max suppression time updated to: 118
Received update: /ndn/nl-site/nl/svs_core/nl=3 at 1741548786580
Max suppression time updated to: 118
Received update: /ndn/cy-site/cy/svs_core/cy=3 at 1741548787106
Max suppression time updated to: 118
Received update: /ndn/am-site/am/svs_core/am=3 at 1741548787421
Max suppression time updated to: 118
Received update: /ndn/bg-site/bg/svs_core/bg=3 at 1741548788237
Max suppression time updated to: 118
Max suppression time updated to: 118
Max suppression time updated to: 118
Max suppression time updated to: 118
Received update: /ndn/de2-site/de2/svs_core/de2=3 at 1741548788881
Max suppression time updated to: 118
Max suppression time updated to: 118
Received update: /ndn/fr2-site/fr2/svs_core/fr2=3 at 1741548816310
Max suppression time updated to: 118
Max suppression time updated to: 118
Max suppression time updated to: 118
Max suppression time updated to: 118
Max suppression time updated to: 118
Max suppression time updated to: 118
Max suppression time updated to: 118
Max suppression time updated to: 118
Max suppression time updated to: 118
Stopping SVS client: /ndn/hu-site/hu/svs_core/hu
