SVS client starting: /ndn/md-site/md/svs_core/md
Max suppression time updated to: 70
Max suppression time updated to: 66
Max suppression time updated to: 80
Max suppression time updated to: 82
Max suppression time updated to: 86
Max suppression time updated to: 86
Max suppression time updated to: 90
Max suppression time updated to: 84
Max suppression time updated to: 82
Sending Sync interest
Max suppression time updated to: 74
Max suppression time updated to: 72
Max suppression time updated to: 78
Max suppression time updated to: 82
Max suppression time updated to: 84
Max suppression time updated to: 88
Max suppression time updated to: 88
Max suppression time updated to: 92
Max suppression time updated to: 88
Max suppression time updated to: 90
Max suppression time updated to: 90
Max suppression time updated to: 92
Max suppression time updated to: 94
Max suppression time updated to: 94
Max suppression time updated to: 96
Max suppression time updated to: 94
Max suppression time updated to: 96
Max suppression time updated to: 96
Max suppression time updated to: 96
Max suppression time updated to: 96
Max suppression time updated to: 96
Max suppression time updated to: 98
Max suppression time updated to: 98
Max suppression time updated to: 168
Published sequence number: /ndn/md-site/md/svs_core/md=1 at 1741548656836
Sending Sync interest
Max suppression time updated to: 162
Max suppression time updated to: 164
Received update: /ndn/pt-site/pt/svs_core/pt=1 at 1741548658553
Received update: /ndn/ro-site/ro/svs_core/ro=1 at 1741548658553
Max suppression time updated to: 162
Received update: /ndn/pl-site/pl/svs_core/pl=1 at 1741548658733
Sending Sync interest
Max suppression time updated to: 158
Max suppression time updated to: 156
Max suppression time updated to: 154
Max suppression time updated to: 154
Max suppression time updated to: 158
Received update: /ndn/mt-site/mt/svs_core/mt=1 at 1741548659157
Max suppression time updated to: 158
Received update: /ndn/fr1-site/fr1/svs_core/fr1=1 at 1741548662524
Max suppression time updated to: 156
Received update: /ndn/rs-site/rs/svs_core/rs=1 at 1741548662980
Max suppression time updated to: 156
Received update: /ndn/ie-site/ie/svs_core/ie=1 at 1741548666899
Max suppression time updated to: 154
Received update: /ndn/it-site/it/svs_core/it=1 at 1741548667748
Max suppression time updated to: 154
Received update: /ndn/me-site/me/svs_core/me=1 at 1741548668127
Max suppression time updated to: 240
Received update: /ndn/mk-site/mk/svs_core/mk=1 at 1741548668250
Max suppression time updated to: 250
Max suppression time updated to: 292
Max suppression time updated to: 290
Max suppression time updated to: 286
Max suppression time updated to: 284
Received update: /ndn/fi-site/fi/svs_core/fi=1 at 1741548669312
Max suppression time updated to: 282
Received update: /ndn/be-site/be/svs_core/be=1 at 1741548672606
Received update: /ndn/by-site/by/svs_core/by=1 at 1741548672606
Received update: /ndn/ee-site/ee/svs_core/ee=1 at 1741548672606
Received update: /ndn/no-site/no/svs_core/no=1 at 1741548672606
Received update: /ndn/se-site/se/svs_core/se=1 at 1741548672606
Max suppression time updated to: 278
Received update: /ndn/ch-site/ch/svs_core/ch=1 at 1741548672896
Max suppression time updated to: 278
Received update: /ndn/is-site/is/svs_core/is=1 at 1741548674291
Max suppression time updated to: 276
Received update: /ndn/il-site/il/svs_core/il=1 at 1741548675533
Received update: /ndn/tr-site/tr/svs_core/tr=1 at 1741548675533
Max suppression time updated to: 274
Received update: /ndn/ge-site/ge/svs_core/ge=1 at 1741548676433
Max suppression time updated to: 272
Received update: /ndn/at-site/at/svs_core/at=1 at 1741548679742
Received update: /ndn/si-site/si/svs_core/si=1 at 1741548679742
Received update: /ndn/ua-site/ua/svs_core/ua=1 at 1741548679742
Max suppression time updated to: 270
Received update: /ndn/cz-site/cz/svs_core/cz=1 at 1741548683121
Received update: /ndn/dk-site/dk/svs_core/dk=1 at 1741548683121
Received update: /ndn/lu-site/lu/svs_core/lu=1 at 1741548683121
Received update: /ndn/uk-site/uk/svs_core/uk=1 at 1741548683121
Max suppression time updated to: 266
Received update: /ndn/gr-site/gr/svs_core/gr=1 at 1741548684190
Received update: /ndn/hr-site/hr/svs_core/hr=1 at 1741548684190
Max suppression time updated to: 264
Received update: /ndn/al-site/al/svs_core/al=1 at 1741548685944
Sending Sync interest
Max suppression time updated to: 260
Max suppression time updated to: 258
Max suppression time updated to: 256
Max suppression time updated to: 254
Received update: /ndn/lt-site/lt/svs_core/lt=1 at 1741548686441
Max suppression time updated to: 252
Received update: /ndn/de1-site/de1/svs_core/de1=1 at 1741548687215
Max suppression time updated to: 250
Max suppression time updated to: 248
Max suppression time updated to: 246
Received update: /ndn/es-site/es/svs_core/es=1 at 1741548688879
Received update: /ndn/hu-site/hu/svs_core/hu=1 at 1741548688879
Max suppression time updated to: 244
Received update: /ndn/nl-site/nl/svs_core/nl=1 at 1741548696529
Received update: /ndn/sk-site/sk/svs_core/sk=1 at 1741548696529
Max suppression time updated to: 242
Received update: /ndn/bg-site/bg/svs_core/bg=1 at 1741548698402
Received update: /ndn/fr2-site/fr2/svs_core/fr2=1 at 1741548698402
Max suppression time updated to: 242
Received update: /ndn/lv-site/lv/svs_core/lv=1 at 1741548698565
Max suppression time updated to: 240
Received update: /ndn/am-site/am/svs_core/am=1 at 1741548698821
Received update: /ndn/az-site/az/svs_core/az=1 at 1741548698821
Received update: /ndn/cy-site/cy/svs_core/cy=1 at 1741548698821
Max suppression time updated to: 238
Received update: /ndn/de2-site/de2/svs_core/de2=1 at 1741548698841
Max suppression time updated to: 236
Published sequence number: /ndn/md-site/md/svs_core/md=2 at 1741548701838
Sending Sync interest
Max suppression time updated to: 232
Max suppression time updated to: 230
Received update: /ndn/mt-site/mt/svs_core/mt=2 at 1741548702912
Received update: /ndn/ro-site/ro/svs_core/ro=2 at 1741548702912
Max suppression time updated to: 230
Received update: /ndn/pt-site/pt/svs_core/pt=2 at 1741548703548
Max suppression time updated to: 230
Received update: /ndn/pl-site/pl/svs_core/pl=2 at 1741548707617
Received update: /ndn/fr1-site/fr1/svs_core/fr1=2 at 1741548707617
Max suppression time updated to: 228
Received update: /ndn/rs-site/rs/svs_core/rs=2 at 1741548707968
Max suppression time updated to: 226
Received update: /ndn/it-site/it/svs_core/it=2 at 1741548713182
Received update: /ndn/me-site/me/svs_core/me=2 at 1741548713182
Received update: /ndn/mk-site/mk/svs_core/mk=2 at 1741548713182
Max suppression time updated to: 224
Max suppression time updated to: 226
Received update: /ndn/ie-site/ie/svs_core/ie=2 at 1741548713664
Max suppression time updated to: 224
Received update: /ndn/be-site/be/svs_core/be=2 at 1741548715801
Received update: /ndn/by-site/by/svs_core/by=2 at 1741548715801
Received update: /ndn/fi-site/fi/svs_core/fi=2 at 1741548715801
Received update: /ndn/no-site/no/svs_core/no=2 at 1741548715801
Received update: /ndn/se-site/se/svs_core/se=2 at 1741548715801
Max suppression time updated to: 224
Received update: /ndn/ch-site/ch/svs_core/ch=2 at 1741548717896
Received update: /ndn/ee-site/ee/svs_core/ee=2 at 1741548717896
Max suppression time updated to: 224
Max suppression time updated to: 224
Max suppression time updated to: 224
Max suppression time updated to: 222
Max suppression time updated to: 220
Max suppression time updated to: 220
Received update: /ndn/is-site/is/svs_core/is=2 at 1741548719275
Max suppression time updated to: 220
Received update: /ndn/il-site/il/svs_core/il=2 at 1741548720487
Received update: /ndn/tr-site/tr/svs_core/tr=2 at 1741548720487
Max suppression time updated to: 218
Received update: /ndn/at-site/at/svs_core/at=2 at 1741548722261
Received update: /ndn/ge-site/ge/svs_core/ge=2 at 1741548722261
Max suppression time updated to: 216
Received update: /ndn/uk-site/uk/svs_core/uk=2 at 1741548725468
Max suppression time updated to: 214
Received update: /ndn/cz-site/cz/svs_core/cz=2 at 1741548725958
Max suppression time updated to: 214
Received update: /ndn/gr-site/gr/svs_core/gr=2 at 1741548728252
Max suppression time updated to: 212
Received update: /ndn/ua-site/ua/svs_core/ua=2 at 1741548728279
Max suppression time updated to: 212
Received update: /ndn/dk-site/dk/svs_core/dk=2 at 1741548728527
Max suppression time updated to: 210
Received update: /ndn/lu-site/lu/svs_core/lu=2 at 1741548728552
Received update: /ndn/si-site/si/svs_core/si=2 at 1741548728552
Max suppression time updated to: 210
Max suppression time updated to: 210
Received update: /ndn/hr-site/hr/svs_core/hr=2 at 1741548731480
Received update: /ndn/lt-site/lt/svs_core/lt=2 at 1741548731480
Max suppression time updated to: 208
Received update: /ndn/hu-site/hu/svs_core/hu=2 at 1741548733752
Max suppression time updated to: 208
Received update: /ndn/am-site/am/svs_core/am=2 at 1741548736086
Received update: /ndn/sk-site/sk/svs_core/sk=2 at 1741548736086
Received update: /ndn/de1-site/de1/svs_core/de1=2 at 1741548736086
Max suppression time updated to: 206
Received update: /ndn/al-site/al/svs_core/al=2 at 1741548736222
Max suppression time updated to: 204
Max suppression time updated to: 204
Received update: /ndn/az-site/az/svs_core/az=2 at 1741548736880
Max suppression time updated to: 202
Received update: /ndn/lv-site/lv/svs_core/lv=2 at 1741548738590
Max suppression time updated to: 202
Received update: /ndn/es-site/es/svs_core/es=2 at 1741548738693
Max suppression time updated to: 202
Max suppression time updated to: 202
Received update: /ndn/cy-site/cy/svs_core/cy=2 at 1741548742143
Received update: /ndn/nl-site/nl/svs_core/nl=2 at 1741548742143
Max suppression time updated to: 200
Received update: /ndn/bg-site/bg/svs_core/bg=2 at 1741548743243
Published sequence number: /ndn/md-site/md/svs_core/md=3 at 1741548746893
Sending Sync interest
Max suppression time updated to: 200
Max suppression time updated to: 198
Received update: /ndn/de2-site/de2/svs_core/de2=2 at 1741548747280
Received update: /ndn/fr2-site/fr2/svs_core/fr2=2 at 1741548747280
Max suppression time updated to: 198
Max suppression time updated to: 198
Received update: /ndn/ro-site/ro/svs_core/ro=3 at 1741548747607
Max suppression time updated to: 162
Received update: /ndn/mk-site/mk/svs_core/mk=3 at 1741548756237
Received update: /ndn/pt-site/pt/svs_core/pt=3 at 1741548756237
Max suppression time updated to: 160
Received update: /ndn/pl-site/pl/svs_core/pl=3 at 1741548756455
Max suppression time updated to: 160
Received update: /ndn/fr1-site/fr1/svs_core/fr1=3 at 1741548756516
Max suppression time updated to: 160
Received update: /ndn/ie-site/ie/svs_core/ie=3 at 1741548757036
Received update: /ndn/mt-site/mt/svs_core/mt=3 at 1741548757036
Max suppression time updated to: 166
Sending Sync interest
Max suppression time updated to: 166
Max suppression time updated to: 166
Received update: /ndn/rs-site/rs/svs_core/rs=3 at 1741548757556
Max suppression time updated to: 166
Received update: /ndn/it-site/it/svs_core/it=3 at 1741548758850
Max suppression time updated to: 166
Received update: /ndn/be-site/be/svs_core/be=3 at 1741548760138
Received update: /ndn/me-site/me/svs_core/me=3 at 1741548760138
Received update: /ndn/no-site/no/svs_core/no=3 at 1741548760138
Max suppression time updated to: 164
Max suppression time updated to: 164
Received update: /ndn/by-site/by/svs_core/by=3 at 1741548760604
Received update: /ndn/fi-site/fi/svs_core/fi=3 at 1741548760604
Max suppression time updated to: 164
Received update: /ndn/ch-site/ch/svs_core/ch=3 at 1741548764793
Received update: /ndn/se-site/se/svs_core/se=3 at 1741548764793
Received update: /ndn/tr-site/tr/svs_core/tr=3 at 1741548764793
Max suppression time updated to: 164
Received update: /ndn/is-site/is/svs_core/is=3 at 1741548764901
Max suppression time updated to: 164
Received update: /ndn/ee-site/ee/svs_core/ee=3 at 1741548765674
Received update: /ndn/il-site/il/svs_core/il=3 at 1741548765674
Max suppression time updated to: 162
Received update: /ndn/at-site/at/svs_core/at=3 at 1741548769484
Received update: /ndn/ge-site/ge/svs_core/ge=3 at 1741548769484
Received update: /ndn/si-site/si/svs_core/si=3 at 1741548769484
Max suppression time updated to: 162
Received update: /ndn/cz-site/cz/svs_core/cz=3 at 1741548770978
Max suppression time updated to: 162
Received update: /ndn/uk-site/uk/svs_core/uk=3 at 1741548771221
Max suppression time updated to: 162
Max suppression time updated to: 162
Max suppression time updated to: 178
Sending Sync interest
Max suppression time updated to: 178
Max suppression time updated to: 178
Max suppression time updated to: 178
Received update: /ndn/ua-site/ua/svs_core/ua=3 at 1741548771904
Max suppression time updated to: 178
Received update: /ndn/gr-site/gr/svs_core/gr=3 at 1741548773266
Received update: /ndn/lu-site/lu/svs_core/lu=3 at 1741548773266
Max suppression time updated to: 178
Received update: /ndn/dk-site/dk/svs_core/dk=3 at 1741548773500
Max suppression time updated to: 178
Received update: /ndn/al-site/al/svs_core/al=3 at 1741548777289
Received update: /ndn/hr-site/hr/svs_core/hr=3 at 1741548777289
Received update: /ndn/de1-site/de1/svs_core/de1=3 at 1741548777289
Max suppression time updated to: 176
Received update: /ndn/es-site/es/svs_core/es=3 at 1741548779235
Received update: /ndn/hu-site/hu/svs_core/hu=3 at 1741548779235
Received update: /ndn/lt-site/lt/svs_core/lt=3 at 1741548779235
Max suppression time updated to: 176
Received update: /ndn/lv-site/lv/svs_core/lv=3 at 1741548783712
Max suppression time updated to: 176
Max suppression time updated to: 178
Max suppression time updated to: 178
Max suppression time updated to: 178
Received update: /ndn/az-site/az/svs_core/az=3 at 1741548783944
Max suppression time updated to: 178
Received update: /ndn/sk-site/sk/svs_core/sk=3 at 1741548783945
Max suppression time updated to: 178
Max suppression time updated to: 178
Max suppression time updated to: 178
Received update: /ndn/nl-site/nl/svs_core/nl=3 at 1741548786602
Max suppression time updated to: 178
Received update: /ndn/cy-site/cy/svs_core/cy=3 at 1741548787152
Max suppression time updated to: 178
Received update: /ndn/am-site/am/svs_core/am=3 at 1741548788407
Received update: /ndn/bg-site/bg/svs_core/bg=3 at 1741548788407
Max suppression time updated to: 178
Max suppression time updated to: 178
Received update: /ndn/de2-site/de2/svs_core/de2=3 at 1741548816258
Max suppression time updated to: 178
Received update: /ndn/fr2-site/fr2/svs_core/fr2=3 at 1741548816987
Max suppression time updated to: 178
Stopping SVS client: /ndn/md-site/md/svs_core/md
