SVS client starting: /ndn/pt-site/pt/svs_core/pt
Max suppression time updated to: 176
Max suppression time updated to: 132
Max suppression time updated to: 128
Max suppression time updated to: 152
Max suppression time updated to: 148
Max suppression time updated to: 164
Max suppression time updated to: 168
Max suppression time updated to: 164
Max suppression time updated to: 160
Max suppression time updated to: 168
Max suppression time updated to: 172
Max suppression time updated to: 176
Max suppression time updated to: 172
Max suppression time updated to: 176
Max suppression time updated to: 168
Max suppression time updated to: 172
Max suppression time updated to: 184
Max suppression time updated to: 188
Max suppression time updated to: 184
Max suppression time updated to: 184
Max suppression time updated to: 184
Sending Sync interest
Max suppression time updated to: 184
Max suppression time updated to: 180
Max suppression time updated to: 180
Max suppression time updated to: 184
Max suppression time updated to: 184
Max suppression time updated to: 184
Max suppression time updated to: 180
Max suppression time updated to: 184
Max suppression time updated to: 192
Max suppression time updated to: 192
Max suppression time updated to: 196
Max suppression time updated to: 200
Received update: /ndn/hr-site/hr/svs_core/hr=1, 1741620928930
Max suppression time updated to: 216
Max suppression time updated to: 212
Max suppression time updated to: 216
Max suppression time updated to: 216
Received update: /ndn/nl-site/nl/svs_core/nl=1, 1741620931042
Max suppression time updated to: 220
Max suppression time updated to: 216
Max suppression time updated to: 216
Max suppression time updated to: 216
Max suppression time updated to: 216
Received update: /ndn/lt-site/lt/svs_core/lt=1, 1741620931544
Max suppression time updated to: 216
Received update: /ndn/mt-site/mt/svs_core/mt=1, 1741620932856
Max suppression time updated to: 220
Max suppression time updated to: 220
Max suppression time updated to: 220
Max suppression time updated to: 224
Received update: /ndn/rs-site/rs/svs_core/rs=1, 1741620933205
Max suppression time updated to: 224
Received update: /ndn/al-site/al/svs_core/al=1, 1741620933567
Max suppression time updated to: 224
Received update: /ndn/fr1-site/fr1/svs_core/fr1=1, 1741620935092
Max suppression time updated to: 220
Received update: /ndn/de1-site/de1/svs_core/de1=1, 1741620936395
Max suppression time updated to: 220
Received update: /ndn/uk-site/uk/svs_core/uk=1, 1741620937033
Max suppression time updated to: 216
Received update: /ndn/dk-site/dk/svs_core/dk=1, 1741620937663
Max suppression time updated to: 220
Received update: /ndn/am-site/am/svs_core/am=1, 1741620938202
Max suppression time updated to: 216
Received update: /ndn/it-site/it/svs_core/it=1, 1741620938956
Max suppression time updated to: 216
Received update: /ndn/fi-site/fi/svs_core/fi=1, 1741620938979
Max suppression time updated to: 220
Received update: /ndn/by-site/by/svs_core/by=1, 1741620939218
Max suppression time updated to: 216
Max suppression time updated to: 216
Max suppression time updated to: 212
Max suppression time updated to: 216
Received update: /ndn/ua-site/ua/svs_core/ua=1, 1741620940427
Max suppression time updated to: 212
Received update: /ndn/no-site/no/svs_core/no=1, 1741620940428
Max suppression time updated to: 212
Received update: /ndn/ge-site/ge/svs_core/ge=1, 1741620940856
Published sequence number: /ndn/pt-site/pt/svs_core/pt=1, 1741620946514
Sending Sync interest
Max suppression time updated to: 212
Received update: /ndn/is-site/is/svs_core/is=1, 1741620948436
Received update: /ndn/de2-site/de2/svs_core/de2=1, 1741620948436
Max suppression time updated to: 212
Received update: /ndn/at-site/at/svs_core/at=1, 1741620950949
Max suppression time updated to: 212
Received update: /ndn/sk-site/sk/svs_core/sk=1, 1741620951763
Max suppression time updated to: 216
Received update: /ndn/az-site/az/svs_core/az=1, 1741620951919
Max suppression time updated to: 216
Received update: /ndn/bg-site/bg/svs_core/bg=1, 1741620952119
Max suppression time updated to: 216
Received update: /ndn/fr2-site/fr2/svs_core/fr2=1, 1741620952949
Max suppression time updated to: 216
Received update: /ndn/se-site/se/svs_core/se=1, 1741620955139
Max suppression time updated to: 220
Received update: /ndn/mk-site/mk/svs_core/mk=1, 1741620956152
Max suppression time updated to: 220
Received update: /ndn/ie-site/ie/svs_core/ie=1, 1741620956201
Max suppression time updated to: 216
Max suppression time updated to: 216
Received update: /ndn/cy-site/cy/svs_core/cy=1, 1741620959563
Max suppression time updated to: 216
Received update: /ndn/lu-site/lu/svs_core/lu=1, 1741620960904
Max suppression time updated to: 216
Received update: /ndn/ee-site/ee/svs_core/ee=1, 1741620961152
Max suppression time updated to: 216
Received update: /ndn/es-site/es/svs_core/es=1, 1741620961286
Max suppression time updated to: 216
Received update: /ndn/hu-site/hu/svs_core/hu=1, 1741620963089
Max suppression time updated to: 216
Received update: /ndn/cz-site/cz/svs_core/cz=1, 1741620963739
Max suppression time updated to: 216
Received update: /ndn/tr-site/tr/svs_core/tr=1, 1741620963824
Max suppression time updated to: 216
Received update: /ndn/il-site/il/svs_core/il=1, 1741620980338
Max suppression time updated to: 216
Received update: /ndn/gr-site/gr/svs_core/gr=1, 1741620981871
Received update: /ndn/si-site/si/svs_core/si=1, 1741620981871
Max suppression time updated to: 216
Received update: /ndn/be-site/be/svs_core/be=1, 1741620985395
Received update: /ndn/ro-site/ro/svs_core/ro=1, 1741620985395
Max suppression time updated to: 216
Received update: /ndn/pl-site/pl/svs_core/pl=1, 1741620987035
Max suppression time updated to: 216
Received update: /ndn/me-site/me/svs_core/me=1, 1741620987225
Max suppression time updated to: 216
Max suppression time updated to: 216
Max suppression time updated to: 216
Received update: /ndn/ch-site/ch/svs_core/ch=1, 1741620988173
Max suppression time updated to: 216
Received update: /ndn/nl-site/nl/svs_core/nl=2, 1741620989474
Max suppression time updated to: 216
Received update: /ndn/hr-site/hr/svs_core/hr=2, 1741620989497
Sending Sync interest
Max suppression time updated to: 216
Max suppression time updated to: 216
Received update: /ndn/md-site/md/svs_core/md=1, 1741620989797
Max suppression time updated to: 216
Max suppression time updated to: 216
Max suppression time updated to: 216
Received update: /ndn/lv-site/lv/svs_core/lv=1, 1741620990062
Max suppression time updated to: 216
Max suppression time updated to: 220
Max suppression time updated to: 216
Received update: /ndn/lt-site/lt/svs_core/lt=2, 1741620997002
Received update: /ndn/de1-site/de1/svs_core/de1=2, 1741620997002
Max suppression time updated to: 220
Max suppression time updated to: 220
Max suppression time updated to: 220
Received update: /ndn/fr1-site/fr1/svs_core/fr1=2, 1741620997224
Max suppression time updated to: 216
Max suppression time updated to: 216
Received update: /ndn/al-site/al/svs_core/al=2, 1741620997623
Received update: /ndn/mt-site/mt/svs_core/mt=2, 1741620997623
Received update: /ndn/uk-site/uk/svs_core/uk=2, 1741620997623
Max suppression time updated to: 216
Max suppression time updated to: 220
Max suppression time updated to: 220
Max suppression time updated to: 220
Max suppression time updated to: 220
Received update: /ndn/rs-site/rs/svs_core/rs=2, 1741620998015
Max suppression time updated to: 220
Max suppression time updated to: 220
Received update: /ndn/dk-site/dk/svs_core/dk=2, 1741620998254
Max suppression time updated to: 220
Received update: /ndn/am-site/am/svs_core/am=2, 1741620998764
Max suppression time updated to: 220
Received update: /ndn/fi-site/fi/svs_core/fi=2, 1741620999566
Max suppression time updated to: 220
Received update: /ndn/it-site/it/svs_core/it=2, 1741620999587
Max suppression time updated to: 224
Max suppression time updated to: 220
Max suppression time updated to: 220
Max suppression time updated to: 224
Max suppression time updated to: 224
Received update: /ndn/no-site/no/svs_core/no=2, 1741621001012
Max suppression time updated to: 224
Received update: /ndn/by-site/by/svs_core/by=2, 1741621001771
Received update: /ndn/ua-site/ua/svs_core/ua=2, 1741621001771
Max suppression time updated to: 224
Received update: /ndn/ge-site/ge/svs_core/ge=2, 1741621001972
Max suppression time updated to: 220
Published sequence number: /ndn/pt-site/pt/svs_core/pt=2, 1741621007089
Sending Sync interest
Max suppression time updated to: 220
Received update: /ndn/is-site/is/svs_core/is=2, 1741621009010
Received update: /ndn/de2-site/de2/svs_core/de2=2, 1741621009010
Sending Sync interest
Max suppression time updated to: 220
Received update: /ndn/at-site/at/svs_core/at=2, 1741621027079
Sending Sync interest
Max suppression time updated to: 220
Received update: /ndn/sk-site/sk/svs_core/sk=2, 1741621027902
Max suppression time updated to: 220
Received update: /ndn/az-site/az/svs_core/az=2, 1741621028028
Max suppression time updated to: 220
Max suppression time updated to: 220
Received update: /ndn/bg-site/bg/svs_core/bg=2, 1741621028245
Max suppression time updated to: 224
Max suppression time updated to: 224
Max suppression time updated to: 224
Max suppression time updated to: 224
Received update: /ndn/fr2-site/fr2/svs_core/fr2=2, 1741621029038
Max suppression time updated to: 220
Received update: /ndn/ie-site/ie/svs_core/ie=2, 1741621031655
Received update: /ndn/se-site/se/svs_core/se=2, 1741621031655
Max suppression time updated to: 220
Received update: /ndn/mk-site/mk/svs_core/mk=2, 1741621032258
Max suppression time updated to: 220
Max suppression time updated to: 220
Received update: /ndn/lu-site/lu/svs_core/lu=2, 1741621037002
Max suppression time updated to: 220
Received update: /ndn/es-site/es/svs_core/es=2, 1741621037333
Max suppression time updated to: 220
Received update: /ndn/cy-site/cy/svs_core/cy=2, 1741621039253
Received update: /ndn/ee-site/ee/svs_core/ee=2, 1741621039253
Received update: /ndn/hu-site/hu/svs_core/hu=2, 1741621039253
Sending Sync interest
Max suppression time updated to: 220
Max suppression time updated to: 220
Received update: /ndn/cz-site/cz/svs_core/cz=2, 1741621039878
Max suppression time updated to: 220
Max suppression time updated to: 220
Max suppression time updated to: 220
Received update: /ndn/tr-site/tr/svs_core/tr=2, 1741621039959
Max suppression time updated to: 220
Received update: /ndn/il-site/il/svs_core/il=2, 1741621040907
Max suppression time updated to: 220
Received update: /ndn/ro-site/ro/svs_core/ro=2, 1741621044744
Max suppression time updated to: 220
Received update: /ndn/si-site/si/svs_core/si=2, 1741621044872
Max suppression time updated to: 220
Received update: /ndn/be-site/be/svs_core/be=2, 1741621047599
Received update: /ndn/gr-site/gr/svs_core/gr=2, 1741621047599
Received update: /ndn/pl-site/pl/svs_core/pl=2, 1741621047599
Max suppression time updated to: 220
Received update: /ndn/ch-site/ch/svs_core/ch=2, 1741621048741
Max suppression time updated to: 220
Max suppression time updated to: 220
Max suppression time updated to: 220
Received update: /ndn/lv-site/lv/svs_core/lv=2, 1741621049315
Received update: /ndn/me-site/me/svs_core/me=2, 1741621049315
Max suppression time updated to: 220
Received update: /ndn/md-site/md/svs_core/md=2, 1741621049643
Max suppression time updated to: 224
Received update: /ndn/hr-site/hr/svs_core/hr=3, 1741621050091
Max suppression time updated to: 224
Received update: /ndn/rs-site/rs/svs_core/rs=3, 1741621052537
Max suppression time updated to: 224
Received update: /ndn/nl-site/nl/svs_core/nl=3, 1741621052670
Max suppression time updated to: 224
Max suppression time updated to: 224
Received update: /ndn/lt-site/lt/svs_core/lt=3, 1741621053179
Max suppression time updated to: 224
Received update: /ndn/mt-site/mt/svs_core/mt=3, 1741621053974
Max suppression time updated to: 224
Received update: /ndn/fr1-site/fr1/svs_core/fr1=3, 1741621056226
Max suppression time updated to: 224
Received update: /ndn/uk-site/uk/svs_core/uk=3, 1741621058164
Received update: /ndn/de1-site/de1/svs_core/de1=3, 1741621058164
Max suppression time updated to: 224
Received update: /ndn/dk-site/dk/svs_core/dk=3, 1741621058779
Max suppression time updated to: 224
Received update: /ndn/by-site/by/svs_core/by=3, 1741621059340
Max suppression time updated to: 224
Max suppression time updated to: 224
Max suppression time updated to: 224
Received update: /ndn/al-site/al/svs_core/al=3, 1741621059611
Max suppression time updated to: 224
Max suppression time updated to: 224
Max suppression time updated to: 224
Max suppression time updated to: 224
Received update: /ndn/ge-site/ge/svs_core/ge=3, 1741621062062
Received update: /ndn/it-site/it/svs_core/it=3, 1741621062062
Max suppression time updated to: 224
Max suppression time updated to: 224
Received update: /ndn/no-site/no/svs_core/no=3, 1741621062334
Max suppression time updated to: 224
Received update: /ndn/fi-site/fi/svs_core/fi=3, 1741621062459
Published sequence number: /ndn/pt-site/pt/svs_core/pt=3, 1741621067640
Sending Sync interest
Max suppression time updated to: 224
Received update: /ndn/am-site/am/svs_core/am=3, 1741621068200
Received update: /ndn/ua-site/ua/svs_core/ua=3, 1741621068200
Max suppression time updated to: 228
Max suppression time updated to: 228
Received update: /ndn/is-site/is/svs_core/is=3, 1741621069797
Received update: /ndn/de2-site/de2/svs_core/de2=3, 1741621069797
Max suppression time updated to: 228
Max suppression time updated to: 228
Max suppression time updated to: 228
Received update: /ndn/at-site/at/svs_core/at=3, 1741621072085
Max suppression time updated to: 232
Received update: /ndn/sk-site/sk/svs_core/sk=3, 1741621072925
Max suppression time updated to: 232
Received update: /ndn/az-site/az/svs_core/az=3, 1741621074076
Received update: /ndn/fr2-site/fr2/svs_core/fr2=3, 1741621074076
Max suppression time updated to: 228
Received update: /ndn/bg-site/bg/svs_core/bg=3, 1741621074243
Max suppression time updated to: 232
Received update: /ndn/mk-site/mk/svs_core/mk=3, 1741621077284
Received update: /ndn/se-site/se/svs_core/se=3, 1741621077284
Max suppression time updated to: 228
Received update: /ndn/cy-site/cy/svs_core/cy=3, 1741621082304
Received update: /ndn/ie-site/ie/svs_core/ie=3, 1741621082304
Received update: /ndn/lu-site/lu/svs_core/lu=3, 1741621082304
Max suppression time updated to: 232
Received update: /ndn/ee-site/ee/svs_core/ee=3, 1741621082353
Max suppression time updated to: 232
Received update: /ndn/es-site/es/svs_core/es=3, 1741621082359
Max suppression time updated to: 232
Received update: /ndn/hu-site/hu/svs_core/hu=3, 1741621084231
Max suppression time updated to: 232
Received update: /ndn/cz-site/cz/svs_core/cz=3, 1741621084879
Max suppression time updated to: 232
Received update: /ndn/tr-site/tr/svs_core/tr=3, 1741621084944
Max suppression time updated to: 232
Received update: /ndn/gr-site/gr/svs_core/gr=3, 1741621101585
Received update: /ndn/il-site/il/svs_core/il=3, 1741621101585
Max suppression time updated to: 232
Received update: /ndn/si-site/si/svs_core/si=3, 1741621103053
Max suppression time updated to: 232
Received update: /ndn/ro-site/ro/svs_core/ro=3, 1741621105369
Max suppression time updated to: 232
Received update: /ndn/pl-site/pl/svs_core/pl=3, 1741621108192
Max suppression time updated to: 232
Received update: /ndn/ch-site/ch/svs_core/ch=3, 1741621109362
Max suppression time updated to: 232
Received update: /ndn/be-site/be/svs_core/be=3, 1741621109464
Max suppression time updated to: 236
Received update: /ndn/md-site/md/svs_core/md=3, 1741621109706
Max suppression time updated to: 232
Received update: /ndn/lv-site/lv/svs_core/lv=3, 1741621110625
Received update: /ndn/nl-site/nl/svs_core/nl=4, 1741621110625
Max suppression time updated to: 232
Received update: /ndn/hr-site/hr/svs_core/hr=4, 1741621110673
Max suppression time updated to: 232
Received update: /ndn/me-site/me/svs_core/me=3, 1741621110992
Max suppression time updated to: 232
Max suppression time updated to: 236
Received update: /ndn/mt-site/mt/svs_core/mt=4, 1741621114622
Received update: /ndn/rs-site/rs/svs_core/rs=4, 1741621114622
Max suppression time updated to: 236
Received update: /ndn/de1-site/de1/svs_core/de1=4, 1741621118173
Received update: /ndn/fr1-site/fr1/svs_core/fr1=4, 1741621118173
Max suppression time updated to: 236
Received update: /ndn/uk-site/uk/svs_core/uk=4, 1741621118785
Max suppression time updated to: 236
Received update: /ndn/dk-site/dk/svs_core/dk=4, 1741621119407
Received update: /ndn/lt-site/lt/svs_core/lt=4, 1741621119407
Max suppression time updated to: 236
Received update: /ndn/am-site/am/svs_core/am=4, 1741621119945
Max suppression time updated to: 236
Received update: /ndn/al-site/al/svs_core/al=4, 1741621120152
Max suppression time updated to: 236
Max suppression time updated to: 236
Received update: /ndn/fi-site/fi/svs_core/fi=4, 1741621120929
Max suppression time updated to: 236
Received update: /ndn/it-site/it/svs_core/it=4, 1741621121185
Max suppression time updated to: 236
Received update: /ndn/ua-site/ua/svs_core/ua=4, 1741621122198
Max suppression time updated to: 236
Max suppression time updated to: 236
Max suppression time updated to: 236
Received update: /ndn/by-site/by/svs_core/by=4, 1741621122415
Max suppression time updated to: 236
Max suppression time updated to: 236
Max suppression time updated to: 236
Max suppression time updated to: 240
Received update: /ndn/ge-site/ge/svs_core/ge=4, 1741621123618
Max suppression time updated to: 240
Received update: /ndn/no-site/no/svs_core/no=4, 1741621123955
Published sequence number: /ndn/pt-site/pt/svs_core/pt=4, 1741621128254
Sending Sync interest
Max suppression time updated to: 240
Received update: /ndn/de2-site/de2/svs_core/de2=4, 1741621129840
Sending Sync interest
Max suppression time updated to: 240
Received update: /ndn/is-site/is/svs_core/is=4, 1741621130170
Max suppression time updated to: 240
Max suppression time updated to: 236
Max suppression time updated to: 236
Max suppression time updated to: 236
Max suppression time updated to: 240
Max suppression time updated to: 240
Max suppression time updated to: 240
Max suppression time updated to: 240
Max suppression time updated to: 240
Received update: /ndn/at-site/at/svs_core/at=4, 1741621148295
Max suppression time updated to: 240
Received update: /ndn/sk-site/sk/svs_core/sk=4, 1741621150284
Received update: /ndn/fr2-site/fr2/svs_core/fr2=4, 1741621150284
Max suppression time updated to: 240
Received update: /ndn/mk-site/mk/svs_core/mk=4, 1741621153472
Max suppression time updated to: 240
Received update: /ndn/ie-site/ie/svs_core/ie=4, 1741621153522
Max suppression time updated to: 240
Received update: /ndn/bg-site/bg/svs_core/bg=4, 1741621153703
Max suppression time updated to: 240
Received update: /ndn/se-site/se/svs_core/se=4, 1741621153756
Max suppression time updated to: 240
Max suppression time updated to: 240
Received update: /ndn/az-site/az/svs_core/az=4, 1741621154014
Max suppression time updated to: 240
Received update: /ndn/ee-site/ee/svs_core/ee=4, 1741621154403
Max suppression time updated to: 240
Max suppression time updated to: 240
Max suppression time updated to: 240
Received update: /ndn/cy-site/cy/svs_core/cy=4, 1741621158238
Received update: /ndn/lu-site/lu/svs_core/lu=4, 1741621158238
Max suppression time updated to: 240
Received update: /ndn/es-site/es/svs_core/es=4, 1741621158552
Max suppression time updated to: 240
Received update: /ndn/hu-site/hu/svs_core/hu=4, 1741621160428
Max suppression time updated to: 240
Received update: /ndn/cz-site/cz/svs_core/cz=4, 1741621161082
Max suppression time updated to: 240
Received update: /ndn/tr-site/tr/svs_core/tr=4, 1741621161146
Max suppression time updated to: 240
Received update: /ndn/il-site/il/svs_core/il=4, 1741621162126
Max suppression time updated to: 240
Received update: /ndn/gr-site/gr/svs_core/gr=4, 1741621162285
Max suppression time updated to: 240
Max suppression time updated to: 240
Received update: /ndn/be-site/be/svs_core/be=4, 1741621167181
Max suppression time updated to: 240
Received update: /ndn/pl-site/pl/svs_core/pl=4, 1741621168796
Received update: /ndn/ro-site/ro/svs_core/ro=4, 1741621168796
Received update: /ndn/si-site/si/svs_core/si=4, 1741621168796
Max suppression time updated to: 240
Received update: /ndn/me-site/me/svs_core/me=4, 1741621169002
Max suppression time updated to: 240
Received update: /ndn/ch-site/ch/svs_core/ch=4, 1741621169948
Max suppression time updated to: 240
Received update: /ndn/lv-site/lv/svs_core/lv=4, 1741621171448
Received update: /ndn/md-site/md/svs_core/md=4, 1741621171448
Received update: /ndn/nl-site/nl/svs_core/nl=5, 1741621171448
Max suppression time updated to: 240
Received update: /ndn/hr-site/hr/svs_core/hr=5, 1741621171598
Max suppression time updated to: 240
Received update: /ndn/rs-site/rs/svs_core/rs=5, 1741621173741
Max suppression time updated to: 240
Received update: /ndn/lt-site/lt/svs_core/lt=5, 1741621173919
Max suppression time updated to: 244
Received update: /ndn/mt-site/mt/svs_core/mt=5, 1741621175339
Max suppression time updated to: 244
Max suppression time updated to: 240
Max suppression time updated to: 244
Max suppression time updated to: 244
Received update: /ndn/al-site/al/svs_core/al=5, 1741621175922
Max suppression time updated to: 244
Received update: /ndn/fr1-site/fr1/svs_core/fr1=5, 1741621177522
Max suppression time updated to: 240
Max suppression time updated to: 240
Max suppression time updated to: 240
Received update: /ndn/uk-site/uk/svs_core/uk=5, 1741621179414
Received update: /ndn/de1-site/de1/svs_core/de1=5, 1741621179414
Max suppression time updated to: 240
Received update: /ndn/dk-site/dk/svs_core/dk=5, 1741621180007
Max suppression time updated to: 240
Received update: /ndn/am-site/am/svs_core/am=5, 1741621180640
Max suppression time updated to: 240
Max suppression time updated to: 240
Received update: /ndn/it-site/it/svs_core/it=5, 1741621181330
Max suppression time updated to: 240
Received update: /ndn/ua-site/ua/svs_core/ua=5, 1741621182789
Max suppression time updated to: 240
Received update: /ndn/no-site/no/svs_core/no=5, 1741621182963
Max suppression time updated to: 244
Max suppression time updated to: 244
Max suppression time updated to: 240
Received update: /ndn/ge-site/ge/svs_core/ge=5, 1741621183178
Max suppression time updated to: 240
Max suppression time updated to: 244
Received update: /ndn/by-site/by/svs_core/by=5, 1741621183543
Published sequence number: /ndn/pt-site/pt/svs_core/pt=5, 1741621188856
Sending Sync interest
Max suppression time updated to: 244
Received update: /ndn/at-site/at/svs_core/at=5, 1741621193298
Received update: /ndn/de2-site/de2/svs_core/de2=5, 1741621193298
Max suppression time updated to: 244
Received update: /ndn/is-site/is/svs_core/is=5, 1741621193447
Max suppression time updated to: 244
Received update: /ndn/fi-site/fi/svs_core/fi=5, 1741621193692
Max suppression time updated to: 244
Received update: /ndn/sk-site/sk/svs_core/sk=5, 1741621194126
Max suppression time updated to: 244
Received update: /ndn/az-site/az/svs_core/az=5, 1741621194251
Max suppression time updated to: 244
Max suppression time updated to: 244
Max suppression time updated to: 244
Received update: /ndn/bg-site/bg/svs_core/bg=5, 1741621194427
Max suppression time updated to: 244
Received update: /ndn/fr2-site/fr2/svs_core/fr2=5, 1741621195257
Max suppression time updated to: 244
Received update: /ndn/ie-site/ie/svs_core/ie=5, 1741621197893
Max suppression time updated to: 240
Received update: /ndn/se-site/se/svs_core/se=5, 1741621198166
Max suppression time updated to: 240
Received update: /ndn/mk-site/mk/svs_core/mk=5, 1741621198477
Max suppression time updated to: 240
Max suppression time updated to: 240
Max suppression time updated to: 240
Received update: /ndn/ee-site/ee/svs_core/ee=5, 1741621199740
Max suppression time updated to: 240
Received update: /ndn/cy-site/cy/svs_core/cy=5, 1741621201899
Max suppression time updated to: 240
Received update: /ndn/lu-site/lu/svs_core/lu=5, 1741621203265
Max suppression time updated to: 240
Received update: /ndn/es-site/es/svs_core/es=5, 1741621203558
Max suppression time updated to: 240
Received update: /ndn/cz-site/cz/svs_core/cz=5, 1741621206929
Received update: /ndn/gr-site/gr/svs_core/gr=5, 1741621206929
Received update: /ndn/hu-site/hu/svs_core/hu=5, 1741621206929
Received update: /ndn/tr-site/tr/svs_core/tr=5, 1741621206929
Max suppression time updated to: 244
Received update: /ndn/be-site/be/svs_core/be=5, 1741621228210
Received update: /ndn/il-site/il/svs_core/il=5, 1741621228210
Received update: /ndn/ro-site/ro/svs_core/ro=5, 1741621228210
Received update: /ndn/si-site/si/svs_core/si=5, 1741621228210
Max suppression time updated to: 244
Received update: /ndn/pl-site/pl/svs_core/pl=5, 1741621229282
Max suppression time updated to: 244
Received update: /ndn/me-site/me/svs_core/me=5, 1741621229482
Max suppression time updated to: 244
Received update: /ndn/ch-site/ch/svs_core/ch=5, 1741621230436
Max suppression time updated to: 244
Max suppression time updated to: 244
Received update: /ndn/nl-site/nl/svs_core/nl=6, 1741621231716
Max suppression time updated to: 244
Received update: /ndn/hr-site/hr/svs_core/hr=6, 1741621235772
Received update: /ndn/lv-site/lv/svs_core/lv=5, 1741621235772
Received update: /ndn/md-site/md/svs_core/md=5, 1741621235772
Received update: /ndn/mt-site/mt/svs_core/mt=6, 1741621235772
Max suppression time updated to: 244
Received update: /ndn/al-site/al/svs_core/al=6, 1741621236414
Max suppression time updated to: 244
Max suppression time updated to: 244
Received update: /ndn/lt-site/lt/svs_core/lt=6, 1741621239268
Received update: /ndn/de1-site/de1/svs_core/de1=6, 1741621239268
Received update: /ndn/fr1-site/fr1/svs_core/fr1=6, 1741621239268
Max suppression time updated to: 240
Received update: /ndn/dk-site/dk/svs_core/dk=6, 1741621240491
Received update: /ndn/uk-site/uk/svs_core/uk=6, 1741621240491
Max suppression time updated to: 244
Received update: /ndn/rs-site/rs/svs_core/rs=6, 1741621240690
Max suppression time updated to: 244
Received update: /ndn/it-site/it/svs_core/it=6, 1741621241791
Max suppression time updated to: 240
Received update: /ndn/by-site/by/svs_core/by=6, 1741621241852
Max suppression time updated to: 240
Max suppression time updated to: 240
Max suppression time updated to: 240
Received update: /ndn/am-site/am/svs_core/am=6, 1741621242101
Max suppression time updated to: 240
Max suppression time updated to: 240
Received update: /ndn/fi-site/fi/svs_core/fi=6, 1741621242419
Max suppression time updated to: 240
Received update: /ndn/ua-site/ua/svs_core/ua=6, 1741621243379
Max suppression time updated to: 240
Max suppression time updated to: 240
Max suppression time updated to: 240
Received update: /ndn/ge-site/ge/svs_core/ge=6, 1741621243672
Received update: /ndn/no-site/no/svs_core/no=6, 1741621243672
Published sequence number: /ndn/pt-site/pt/svs_core/pt=6, 1741621249339
Sending Sync interest
Max suppression time updated to: 240
Received update: /ndn/at-site/at/svs_core/at=6, 1741621271348
Received update: /ndn/is-site/is/svs_core/is=6, 1741621271348
Received update: /ndn/sk-site/sk/svs_core/sk=6, 1741621271348
Received update: /ndn/de2-site/de2/svs_core/de2=6, 1741621271348
Sending Sync interest
Max suppression time updated to: 240
Received update: /ndn/se-site/se/svs_core/se=6, 1741621274755
Max suppression time updated to: 240
Received update: /ndn/bg-site/bg/svs_core/bg=6, 1741621275118
Received update: /ndn/ie-site/ie/svs_core/ie=6, 1741621275118
Received update: /ndn/fr2-site/fr2/svs_core/fr2=6, 1741621275118
Max suppression time updated to: 240
Received update: /ndn/az-site/az/svs_core/az=6, 1741621275157
Max suppression time updated to: 240
Received update: /ndn/ee-site/ee/svs_core/ee=6, 1741621276732
Max suppression time updated to: 240
Max suppression time updated to: 240
Received update: /ndn/mk-site/mk/svs_core/mk=6, 1741621276946
Max suppression time updated to: 240
Max suppression time updated to: 240
Max suppression time updated to: 240
Received update: /ndn/cy-site/cy/svs_core/cy=6, 1741621280494
Received update: /ndn/lu-site/lu/svs_core/lu=6, 1741621280494
Max suppression time updated to: 240
Received update: /ndn/es-site/es/svs_core/es=6, 1741621280798
Max suppression time updated to: 240
Received update: /ndn/hu-site/hu/svs_core/hu=6, 1741621282670
Max suppression time updated to: 240
Received update: /ndn/cz-site/cz/svs_core/cz=6, 1741621283317
Max suppression time updated to: 240
Received update: /ndn/gr-site/gr/svs_core/gr=6, 1741621284138
Max suppression time updated to: 240
Received update: /ndn/tr-site/tr/svs_core/tr=6, 1741621284316
Max suppression time updated to: 240
Received update: /ndn/si-site/si/svs_core/si=6, 1741621285893
Max suppression time updated to: 240
Received update: /ndn/ro-site/ro/svs_core/ro=6, 1741621288235
Max suppression time updated to: 240
Received update: /ndn/il-site/il/svs_core/il=6, 1741621291264
Received update: /ndn/me-site/me/svs_core/me=6, 1741621291264
Received update: /ndn/pl-site/pl/svs_core/pl=6, 1741621291264
Max suppression time updated to: 240
Received update: /ndn/be-site/be/svs_core/be=6, 1741621291288
Max suppression time updated to: 240
Received update: /ndn/ch-site/ch/svs_core/ch=6, 1741621292209
Max suppression time updated to: 240
Received update: /ndn/lv-site/lv/svs_core/lv=6, 1741621292749
Max suppression time updated to: 240
Received update: /ndn/mt-site/mt/svs_core/mt=7, 1741621297412
Max suppression time updated to: 240
Received update: /ndn/hr-site/hr/svs_core/hr=7, 1741621297500
Received update: /ndn/md-site/md/svs_core/md=6, 1741621297500
Received update: /ndn/nl-site/nl/svs_core/nl=7, 1741621297500
Received update: /ndn/rs-site/rs/svs_core/rs=7, 1741621297500
Max suppression time updated to: 240
Max suppression time updated to: 240
Max suppression time updated to: 240
Received update: /ndn/lt-site/lt/svs_core/lt=7, 1741621297751
Max suppression time updated to: 240
Received update: /ndn/al-site/al/svs_core/al=7, 1741621298162
Max suppression time updated to: 240
Max suppression time updated to: 240
Max suppression time updated to: 240
Received update: /ndn/fr1-site/fr1/svs_core/fr1=7, 1741621299702
Max suppression time updated to: 240
Received update: /ndn/de1-site/de1/svs_core/de1=7, 1741621301009
Max suppression time updated to: 240
Max suppression time updated to: 240
Max suppression time updated to: 240
Max suppression time updated to: 236
Max suppression time updated to: 236
Received update: /ndn/uk-site/uk/svs_core/uk=7, 1741621301634
Max suppression time updated to: 236
Received update: /ndn/dk-site/dk/svs_core/dk=7, 1741621302254
Max suppression time updated to: 236
Max suppression time updated to: 236
Max suppression time updated to: 236
Received update: /ndn/am-site/am/svs_core/am=7, 1741621302759
Max suppression time updated to: 236
Received update: /ndn/it-site/it/svs_core/it=7, 1741621305020
Received update: /ndn/no-site/no/svs_core/no=7, 1741621305020
Max suppression time updated to: 236
Received update: /ndn/ua-site/ua/svs_core/ua=7, 1741621305031
Max suppression time updated to: 236
Max suppression time updated to: 236
Max suppression time updated to: 236
Received update: /ndn/ge-site/ge/svs_core/ge=7, 1741621305427
Max suppression time updated to: 236
Received update: /ndn/by-site/by/svs_core/by=7, 1741621305645
Max suppression time updated to: 236
Max suppression time updated to: 240
Received update: /ndn/fi-site/fi/svs_core/fi=7, 1741621305789
Max suppression time updated to: 240
Max suppression time updated to: 240
Published sequence number: /ndn/pt-site/pt/svs_core/pt=7, 1741621311095
Sending Sync interest
Max suppression time updated to: 240
Received update: /ndn/is-site/is/svs_core/is=7, 1741621313175
Max suppression time updated to: 240
Received update: /ndn/de2-site/de2/svs_core/de2=7, 1741621313435
Max suppression time updated to: 240
Received update: /ndn/at-site/at/svs_core/at=7, 1741621315587
Max suppression time updated to: 240
Received update: /ndn/az-site/az/svs_core/az=7, 1741621316698
Received update: /ndn/sk-site/sk/svs_core/sk=7, 1741621316698
Max suppression time updated to: 240
Received update: /ndn/bg-site/bg/svs_core/bg=7, 1741621316699
Max suppression time updated to: 240
Max suppression time updated to: 240
Max suppression time updated to: 240
Max suppression time updated to: 240
Max suppression time updated to: 244
Max suppression time updated to: 244
Max suppression time updated to: 244
Max suppression time updated to: 244
Received update: /ndn/ie-site/ie/svs_core/ie=7, 1741621320202
Max suppression time updated to: 244
Received update: /ndn/fr2-site/fr2/svs_core/fr2=7, 1741621320204
Max suppression time updated to: 244
Received update: /ndn/se-site/se/svs_core/se=7, 1741621320447
Max suppression time updated to: 244
Max suppression time updated to: 244
Received update: /ndn/mk-site/mk/svs_core/mk=7, 1741621320719
Max suppression time updated to: 244
Received update: /ndn/ee-site/ee/svs_core/ee=7, 1741621321658
Max suppression time updated to: 244
Max suppression time updated to: 244
Max suppression time updated to: 244
Received update: /ndn/cy-site/cy/svs_core/cy=7, 1741621324171
Max suppression time updated to: 244
Received update: /ndn/lu-site/lu/svs_core/lu=7, 1741621325501
Max suppression time updated to: 244
Received update: /ndn/es-site/es/svs_core/es=7, 1741621325800
Max suppression time updated to: 244
Received update: /ndn/hu-site/hu/svs_core/hu=7, 1741621327688
Max suppression time updated to: 244
Received update: /ndn/cz-site/cz/svs_core/cz=7, 1741621328341
Max suppression time updated to: 248
Received update: /ndn/tr-site/tr/svs_core/tr=7, 1741621328406
Max suppression time updated to: 244
Received update: /ndn/gr-site/gr/svs_core/gr=7, 1741621329364
Received update: /ndn/il-site/il/svs_core/il=7, 1741621329364
Max suppression time updated to: 244
Received update: /ndn/si-site/si/svs_core/si=7, 1741621347128
Max suppression time updated to: 244
Received update: /ndn/ro-site/ro/svs_core/ro=7, 1741621349490
Max suppression time updated to: 244
Received update: /ndn/be-site/be/svs_core/be=7, 1741621350679
Max suppression time updated to: 244
Max suppression time updated to: 244
Received update: /ndn/pl-site/pl/svs_core/pl=7, 1741621352320
Max suppression time updated to: 244
Received update: /ndn/ch-site/ch/svs_core/ch=7, 1741621353456
Max suppression time updated to: 244
Received update: /ndn/md-site/md/svs_core/md=7, 1741621353789
Max suppression time updated to: 248
Received update: /ndn/lv-site/lv/svs_core/lv=7, 1741621354064
Max suppression time updated to: 248
Received update: /ndn/me-site/me/svs_core/me=7, 1741621354256
Max suppression time updated to: 248
Received update: /ndn/hr-site/hr/svs_core/hr=8, 1741621354772
Max suppression time updated to: 248
Received update: /ndn/nl-site/nl/svs_core/nl=8, 1741621354883
Max suppression time updated to: 248
Max suppression time updated to: 248
Received update: /ndn/rs-site/rs/svs_core/rs=8, 1741621357250
Max suppression time updated to: 248
Max suppression time updated to: 248
Max suppression time updated to: 248
Received update: /ndn/lt-site/lt/svs_core/lt=8, 1741621357401
Max suppression time updated to: 248
Received update: /ndn/mt-site/mt/svs_core/mt=8, 1741621358900
Max suppression time updated to: 248
Max suppression time updated to: 248
Max suppression time updated to: 248
Received update: /ndn/de1-site/de1/svs_core/de1=8, 1741621362241
Max suppression time updated to: 248
Received update: /ndn/fr1-site/fr1/svs_core/fr1=8, 1741621362492
Max suppression time updated to: 248
Max suppression time updated to: 248
Max suppression time updated to: 248
Received update: /ndn/al-site/al/svs_core/al=8, 1741621362559
Max suppression time updated to: 248
Received update: /ndn/uk-site/uk/svs_core/uk=8, 1741621362889
Max suppression time updated to: 248
Max suppression time updated to: 248
Max suppression time updated to: 248
Max suppression time updated to: 248
Received update: /ndn/dk-site/dk/svs_core/dk=8, 1741621363906
Max suppression time updated to: 252
Max suppression time updated to: 252
Received update: /ndn/by-site/by/svs_core/by=8, 1741621364065
Max suppression time updated to: 252
Received update: /ndn/it-site/it/svs_core/it=8, 1741621364800
Max suppression time updated to: 252
Received update: /ndn/no-site/no/svs_core/no=8, 1741621366267
Max suppression time updated to: 248
Received update: /ndn/ge-site/ge/svs_core/ge=8, 1741621366691
Published sequence number: /ndn/pt-site/pt/svs_core/pt=8, 1741621372348
Sending Sync interest
Max suppression time updated to: 248
Received update: /ndn/am-site/am/svs_core/am=8, 1741621372654
Max suppression time updated to: 248
Received update: /ndn/fi-site/fi/svs_core/fi=8, 1741621372918
Received update: /ndn/ua-site/ua/svs_core/ua=8, 1741621372918
Sending Sync interest
Max suppression time updated to: 248
Max suppression time updated to: 248
Received update: /ndn/de2-site/de2/svs_core/de2=8, 1741621373939
Max suppression time updated to: 248
Received update: /ndn/is-site/is/svs_core/is=8, 1741621374275
Max suppression time updated to: 248
Received update: /ndn/at-site/at/svs_core/at=8, 1741621376804
Max suppression time updated to: 248
Received update: /ndn/sk-site/sk/svs_core/sk=8, 1741621377606
Max suppression time updated to: 248
Received update: /ndn/se-site/se/svs_core/se=8, 1741621381001
Max suppression time updated to: 248
Max suppression time updated to: 248
Max suppression time updated to: 248
Max suppression time updated to: 248
Max suppression time updated to: 248
Max suppression time updated to: 248
Max suppression time updated to: 248
Received update: /ndn/bg-site/bg/svs_core/bg=8, 1741621381337
Max suppression time updated to: 248
Received update: /ndn/az-site/az/svs_core/az=8, 1741621381427
Max suppression time updated to: 248
Received update: /ndn/fr2-site/fr2/svs_core/fr2=8, 1741621381464
Max suppression time updated to: 248
Max suppression time updated to: 248
Received update: /ndn/mk-site/mk/svs_core/mk=8, 1741621381974
Max suppression time updated to: 248
Received update: /ndn/ee-site/ee/svs_core/ee=8, 1741621382906
Received update: /ndn/ie-site/ie/svs_core/ie=8, 1741621382906
Max suppression time updated to: 248
Received update: /ndn/cy-site/cy/svs_core/cy=8, 1741621385448
Max suppression time updated to: 248
Received update: /ndn/hu-site/hu/svs_core/hu=8, 1741621388942
Received update: /ndn/lu-site/lu/svs_core/lu=8, 1741621388942
Max suppression time updated to: 248
Received update: /ndn/es-site/es/svs_core/es=8, 1741621389234
Max suppression time updated to: 248
Received update: /ndn/cz-site/cz/svs_core/cz=8, 1741621389594
Max suppression time updated to: 248
Received update: /ndn/tr-site/tr/svs_core/tr=8, 1741621389631
Max suppression time updated to: 248
Received update: /ndn/gr-site/gr/svs_core/gr=8, 1741621390401
Max suppression time updated to: 248
Received update: /ndn/il-site/il/svs_core/il=8, 1741621390603
Max suppression time updated to: 248
Received update: /ndn/si-site/si/svs_core/si=8, 1741621392155
Max suppression time updated to: 248
Received update: /ndn/be-site/be/svs_core/be=8, 1741621395683
Max suppression time updated to: 248
Max suppression time updated to: 248
Max suppression time updated to: 248
Received update: /ndn/pl-site/pl/svs_core/pl=8, 1741621397341
Max suppression time updated to: 248
Received update: /ndn/me-site/me/svs_core/me=8, 1741621397517
Max suppression time updated to: 248
Received update: /ndn/ch-site/ch/svs_core/ch=8, 1741621398480
Max suppression time updated to: 248
Received update: /ndn/ro-site/ro/svs_core/ro=8, 1741621398759
Max suppression time updated to: 248
Received update: /ndn/md-site/md/svs_core/md=8, 1741621398885
Max suppression time updated to: 248
Max suppression time updated to: 248
Received update: /ndn/lv-site/lv/svs_core/lv=8, 1741621399001
Max suppression time updated to: 248
Received update: /ndn/hr-site/hr/svs_core/hr=9, 1741621402328
Received update: /ndn/nl-site/nl/svs_core/nl=9, 1741621402328
Received update: /ndn/rs-site/rs/svs_core/rs=9, 1741621402328
Max suppression time updated to: 248
Received update: /ndn/lt-site/lt/svs_core/lt=9, 1741621402394
Max suppression time updated to: 248
Max suppression time updated to: 248
Received update: /ndn/mt-site/mt/svs_core/mt=9, 1741621403669
Max suppression time updated to: 248
Received update: /ndn/fr1-site/fr1/svs_core/fr1=9, 1741621422789
Max suppression time updated to: 248
Received update: /ndn/al-site/al/svs_core/al=9, 1741621424029
Received update: /ndn/de1-site/de1/svs_core/de1=9, 1741621424029
Max suppression time updated to: 248
Received update: /ndn/dk-site/dk/svs_core/dk=9, 1741621426755
Received update: /ndn/it-site/it/svs_core/it=9, 1741621426755
Received update: /ndn/uk-site/uk/svs_core/uk=9, 1741621426755
Max suppression time updated to: 248
Max suppression time updated to: 248
Received update: /ndn/am-site/am/svs_core/am=9, 1741621426825
Max suppression time updated to: 248
Received update: /ndn/by-site/by/svs_core/by=9, 1741621426857
Max suppression time updated to: 248
Max suppression time updated to: 248
Max suppression time updated to: 248
Max suppression time updated to: 244
Received update: /ndn/ua-site/ua/svs_core/ua=9, 1741621428052
Max suppression time updated to: 248
Received update: /ndn/fi-site/fi/svs_core/fi=9, 1741621428376
Received update: /ndn/no-site/no/svs_core/no=9, 1741621428376
Max suppression time updated to: 248
Received update: /ndn/ge-site/ge/svs_core/ge=9, 1741621428464
Max suppression time updated to: 244
Max suppression time updated to: 244
Max suppression time updated to: 244
Published sequence number: /ndn/pt-site/pt/svs_core/pt=9, 1741621434133
Sending Sync interest
Max suppression time updated to: 244
Received update: /ndn/is-site/is/svs_core/is=9, 1741621436325
Received update: /ndn/de2-site/de2/svs_core/de2=9, 1741621436325
Max suppression time updated to: 244
Max suppression time updated to: 244
Received update: /ndn/at-site/at/svs_core/at=9, 1741621439714
Received update: /ndn/bg-site/bg/svs_core/bg=9, 1741621439714
Received update: /ndn/sk-site/sk/svs_core/sk=9, 1741621439714
Max suppression time updated to: 248
Received update: /ndn/az-site/az/svs_core/az=9, 1741621440582
Received update: /ndn/fr2-site/fr2/svs_core/fr2=9, 1741621440582
Max suppression time updated to: 248
Received update: /ndn/se-site/se/svs_core/se=9, 1741621442800
Max suppression time updated to: 248
Max suppression time updated to: 244
Max suppression time updated to: 244
Max suppression time updated to: 244
Received update: /ndn/lu-site/lu/svs_core/lu=9, 1741621448534
Received update: /ndn/mk-site/mk/svs_core/mk=9, 1741621448534
Max suppression time updated to: 244
Received update: /ndn/ee-site/ee/svs_core/ee=9, 1741621448594
Max suppression time updated to: 244
Received update: /ndn/es-site/es/svs_core/es=9, 1741621448843
Max suppression time updated to: 244
Received update: /ndn/ie-site/ie/svs_core/ie=9, 1741621448972
Max suppression time updated to: 244
Received update: /ndn/cy-site/cy/svs_core/cy=9, 1741621449093
Max suppression time updated to: 244
Received update: /ndn/hu-site/hu/svs_core/hu=9, 1741621450727
Max suppression time updated to: 244
Received update: /ndn/cz-site/cz/svs_core/cz=9, 1741621451383
Max suppression time updated to: 244
Received update: /ndn/il-site/il/svs_core/il=9, 1741621452384
Received update: /ndn/tr-site/tr/svs_core/tr=9, 1741621452384
Max suppression time updated to: 244
Received update: /ndn/si-site/si/svs_core/si=9, 1741621470167
Max suppression time updated to: 244
Received update: /ndn/gr-site/gr/svs_core/gr=9, 1741621470248
Max suppression time updated to: 244
Max suppression time updated to: 244
Received update: /ndn/ro-site/ro/svs_core/ro=9, 1741621472508
Max suppression time updated to: 244
Received update: /ndn/be-site/be/svs_core/be=9, 1741621473708
Max suppression time updated to: 244
Received update: /ndn/me-site/me/svs_core/me=9, 1741621475509
Sending Sync interest
Max suppression time updated to: 244
Max suppression time updated to: 244
Received update: /ndn/pl-site/pl/svs_core/pl=9, 1741621476071
Max suppression time updated to: 244
Received update: /ndn/ch-site/ch/svs_core/ch=9, 1741621477765
Received update: /ndn/nl-site/nl/svs_core/nl=10, 1741621477765
Max suppression time updated to: 240
Received update: /ndn/rs-site/rs/svs_core/rs=10, 1741621480290
Max suppression time updated to: 240
Max suppression time updated to: 244
Max suppression time updated to: 244
Max suppression time updated to: 244
Received update: /ndn/hr-site/hr/svs_core/hr=10, 1741621480529
Max suppression time updated to: 240
Received update: /ndn/lt-site/lt/svs_core/lt=10, 1741621480749
Received update: /ndn/lv-site/lv/svs_core/lv=9, 1741621480749
Max suppression time updated to: 244
Received update: /ndn/mt-site/mt/svs_core/mt=10, 1741621481745
Max suppression time updated to: 244
Max suppression time updated to: 244
Max suppression time updated to: 244
Max suppression time updated to: 244
Received update: /ndn/al-site/al/svs_core/al=10, 1741621485287
Received update: /ndn/md-site/md/svs_core/md=9, 1741621485287
Received update: /ndn/de1-site/de1/svs_core/de1=10, 1741621485287
Max suppression time updated to: 244
Received update: /ndn/fr1-site/fr1/svs_core/fr1=10, 1741621485564
Max suppression time updated to: 244
Received update: /ndn/uk-site/uk/svs_core/uk=10, 1741621486001
Max suppression time updated to: 244
Received update: /ndn/dk-site/dk/svs_core/dk=10, 1741621487844
Received update: /ndn/it-site/it/svs_core/it=10, 1741621487844
Max suppression time updated to: 244
Received update: /ndn/am-site/am/svs_core/am=10, 1741621488613
Max suppression time updated to: 244
Max suppression time updated to: 244
Received update: /ndn/by-site/by/svs_core/by=10, 1741621488814
Max suppression time updated to: 244
Received update: /ndn/ua-site/ua/svs_core/ua=10, 1741621489333
Max suppression time updated to: 244
Max suppression time updated to: 244
Max suppression time updated to: 244
Max suppression time updated to: 244
Max suppression time updated to: 244
Received update: /ndn/ge-site/ge/svs_core/ge=10, 1741621489728
Max suppression time updated to: 244
Received update: /ndn/no-site/no/svs_core/no=10, 1741621489917
Max suppression time updated to: 244
Max suppression time updated to: 244
Max suppression time updated to: 244
Received update: /ndn/fi-site/fi/svs_core/fi=10, 1741621490638
Published sequence number: /ndn/pt-site/pt/svs_core/pt=10, 1741621495385
Sending Sync interest
Max suppression time updated to: 244
Received update: /ndn/de2-site/de2/svs_core/de2=10, 1741621496975
Max suppression time updated to: 244
Received update: /ndn/sk-site/sk/svs_core/sk=10, 1741621500632
Max suppression time updated to: 244
Max suppression time updated to: 244
Max suppression time updated to: 244
Received update: /ndn/at-site/at/svs_core/at=10, 1741621500818
Max suppression time updated to: 244
Received update: /ndn/az-site/az/svs_core/az=10, 1741621500862
Max suppression time updated to: 244
Received update: /ndn/is-site/is/svs_core/is=10, 1741621500993
Max suppression time updated to: 244
Max suppression time updated to: 244
Max suppression time updated to: 244
Received update: /ndn/fr2-site/fr2/svs_core/fr2=10, 1741621501792
Max suppression time updated to: 244
Received update: /ndn/bg-site/bg/svs_core/bg=10, 1741621502122
Max suppression time updated to: 244
Received update: /ndn/se-site/se/svs_core/se=10, 1741621504015
Max suppression time updated to: 244
Received update: /ndn/ie-site/ie/svs_core/ie=10, 1741621504398
Max suppression time updated to: 244
Max suppression time updated to: 244
Max suppression time updated to: 244
Max suppression time updated to: 244
Max suppression time updated to: 248
Received update: /ndn/cy-site/cy/svs_core/cy=10, 1741621508464
Received update: /ndn/mk-site/mk/svs_core/mk=10, 1741621508464
Max suppression time updated to: 248
Received update: /ndn/ee-site/ee/svs_core/ee=10, 1741621508768
Max suppression time updated to: 248
Received update: /ndn/es-site/es/svs_core/es=10, 1741621511982
Received update: /ndn/hu-site/hu/svs_core/hu=10, 1741621511982
Max suppression time updated to: 248
Received update: /ndn/gr-site/gr/svs_core/gr=10, 1741621513446
Max suppression time updated to: 248
Received update: /ndn/cz-site/cz/svs_core/cz=10, 1741621513591
Max suppression time updated to: 248
Max suppression time updated to: 248
Max suppression time updated to: 248
Received update: /ndn/il-site/il/svs_core/il=10, 1741621513832
Received update: /ndn/lu-site/lu/svs_core/lu=10, 1741621513832
Max suppression time updated to: 248
Received update: /ndn/tr-site/tr/svs_core/tr=10, 1741621513868
Max suppression time updated to: 248
Received update: /ndn/si-site/si/svs_core/si=10, 1741621515180
Max suppression time updated to: 248
Received update: /ndn/pl-site/pl/svs_core/pl=10, 1741621520358
Max suppression time updated to: 248
Received update: /ndn/ro-site/ro/svs_core/ro=10, 1741621520568
Max suppression time updated to: 248
Received update: /ndn/be-site/be/svs_core/be=10, 1741621521500
Received update: /ndn/ch-site/ch/svs_core/ch=10, 1741621521500
Received update: /ndn/me-site/me/svs_core/me=10, 1741621521500
Max suppression time updated to: 248
Received update: /ndn/md-site/md/svs_core/md=10, 1741621521820
Max suppression time updated to: 248
Received update: /ndn/hr-site/hr/svs_core/hr=11, 1741621522805
Max suppression time updated to: 248
Received update: /ndn/lv-site/lv/svs_core/lv=10, 1741621523126
Received update: /ndn/nl-site/nl/svs_core/nl=11, 1741621523126
Max suppression time updated to: 244
Received update: /ndn/rs-site/rs/svs_core/rs=11, 1741621525289
Max suppression time updated to: 244
Received update: /ndn/mt-site/mt/svs_core/mt=11, 1741621526904
Max suppression time updated to: 244
Max suppression time updated to: 244
Max suppression time updated to: 244
Received update: /ndn/fr1-site/fr1/svs_core/fr1=11, 1741621544951
Max suppression time updated to: 248
Received update: /ndn/de1-site/de1/svs_core/de1=11, 1741621546250
Max suppression time updated to: 248
Received update: /ndn/uk-site/uk/svs_core/uk=11, 1741621546873
Max suppression time updated to: 248
Received update: /ndn/al-site/al/svs_core/al=11, 1741621547554
Received update: /ndn/lt-site/lt/svs_core/lt=11, 1741621547554
Max suppression time updated to: 248
Received update: /ndn/dk-site/dk/svs_core/dk=11, 1741621547555
Max suppression time updated to: 248
Received update: /ndn/by-site/by/svs_core/by=11, 1741621548048
Sending Sync interest
Max suppression time updated to: 248
Max suppression time updated to: 248
Received update: /ndn/it-site/it/svs_core/it=11, 1741621548791
Max suppression time updated to: 248
Received update: /ndn/ua-site/ua/svs_core/ua=11, 1741621550254
Max suppression time updated to: 248
Received update: /ndn/ge-site/ge/svs_core/ge=11, 1741621550696
Published sequence number: /ndn/pt-site/pt/svs_core/pt=11, 1741621556335
Sending Sync interest
Max suppression time updated to: 248
Received update: /ndn/am-site/am/svs_core/am=11, 1741621556631
Max suppression time updated to: 248
Received update: /ndn/no-site/no/svs_core/no=11, 1741621556738
Max suppression time updated to: 248
Received update: /ndn/de2-site/de2/svs_core/de2=11, 1741621557915
Max suppression time updated to: 248
Received update: /ndn/is-site/is/svs_core/is=11, 1741621558290
Max suppression time updated to: 248
Received update: /ndn/at-site/at/svs_core/at=11, 1741621560814
Max suppression time updated to: 252
Received update: /ndn/mk-site/mk/svs_core/mk=11, 1741621566183
Received update: /ndn/sk-site/sk/svs_core/sk=11, 1741621566183
Received update: /ndn/fr2-site/fr2/svs_core/fr2=11, 1741621566183
Max suppression time updated to: 252
Max suppression time updated to: 252
Max suppression time updated to: 252
Received update: /ndn/az-site/az/svs_core/az=11, 1741621566509
Max suppression time updated to: 252
Max suppression time updated to: 252
Max suppression time updated to: 252
Received update: /ndn/ie-site/ie/svs_core/ie=11, 1741621566595
Max suppression time updated to: 252
Received update: /ndn/bg-site/bg/svs_core/bg=11, 1741621566844
Max suppression time updated to: 252
Received update: /ndn/ee-site/ee/svs_core/ee=11, 1741621567069
Max suppression time updated to: 252
Max suppression time updated to: 252
Received update: /ndn/se-site/se/svs_core/se=11, 1741621567211
Max suppression time updated to: 252
Max suppression time updated to: 252
Received update: /ndn/fi-site/fi/svs_core/fi=11, 1741621568692
Max suppression time updated to: 252
Received update: /ndn/cy-site/cy/svs_core/cy=11, 1741621571047
Received update: /ndn/es-site/es/svs_core/es=11, 1741621571047
Received update: /ndn/lu-site/lu/svs_core/lu=11, 1741621571047
Max suppression time updated to: 252
Received update: /ndn/hu-site/hu/svs_core/hu=11, 1741621572934
Max suppression time updated to: 252
Received update: /ndn/cz-site/cz/svs_core/cz=11, 1741621573591
Max suppression time updated to: 252
Received update: /ndn/tr-site/tr/svs_core/tr=11, 1741621573691
Max suppression time updated to: 252
Received update: /ndn/il-site/il/svs_core/il=11, 1741621574600
Max suppression time updated to: 252
Received update: /ndn/si-site/si/svs_core/si=11, 1741621591739
Max suppression time updated to: 252
Max suppression time updated to: 252
Max suppression time updated to: 252
Received update: /ndn/be-site/be/svs_core/be=11, 1741621595299
Max suppression time updated to: 252
Received update: /ndn/gr-site/gr/svs_core/gr=11, 1741621595407
Max suppression time updated to: 252
Max suppression time updated to: 252
Received update: /ndn/me-site/me/svs_core/me=11, 1741621597111
Received update: /ndn/pl-site/pl/svs_core/pl=11, 1741621597111
Max suppression time updated to: 252
Received update: /ndn/ro-site/ro/svs_core/ro=11, 1741621597144
Max suppression time updated to: 252
Max suppression time updated to: 252
Received update: /ndn/lv-site/lv/svs_core/lv=11, 1741621598631
Max suppression time updated to: 252
Received update: /ndn/ch-site/ch/svs_core/ch=11, 1741621598765
Max suppression time updated to: 252
Received update: /ndn/md-site/md/svs_core/md=11, 1741621599047
Max suppression time updated to: 252
Max suppression time updated to: 252
Max suppression time updated to: 252
Received update: /ndn/nl-site/nl/svs_core/nl=12, 1741621599313
Max suppression time updated to: 252
Received update: /ndn/hr-site/hr/svs_core/hr=12, 1741621599363
Max suppression time updated to: 252
Received update: /ndn/al-site/al/svs_core/al=12, 1741621604041
Max suppression time updated to: 252
Max suppression time updated to: 252
Max suppression time updated to: 252
Max suppression time updated to: 252
Received update: /ndn/mt-site/mt/svs_core/mt=12, 1741621604310
Max suppression time updated to: 252
Received update: /ndn/rs-site/rs/svs_core/rs=12, 1741621604322
Max suppression time updated to: 252
Received update: /ndn/fr1-site/fr1/svs_core/fr1=12, 1741621605566
Max suppression time updated to: 252
Max suppression time updated to: 252
Max suppression time updated to: 252
Max suppression time updated to: 252
Received update: /ndn/lt-site/lt/svs_core/lt=12, 1741621606576
Max suppression time updated to: 248
Max suppression time updated to: 248
Received update: /ndn/dk-site/dk/svs_core/dk=12, 1741621608310
Received update: /ndn/uk-site/uk/svs_core/uk=12, 1741621608310
Received update: /ndn/de1-site/de1/svs_core/de1=12, 1741621608310
Max suppression time updated to: 248
Max suppression time updated to: 248
Received update: /ndn/am-site/am/svs_core/am=12, 1741621608615
Max suppression time updated to: 248
Received update: /ndn/it-site/it/svs_core/it=12, 1741621609419
Max suppression time updated to: 248
Received update: /ndn/ge-site/ge/svs_core/ge=12, 1741621611274
Max suppression time updated to: 248
Received update: /ndn/ua-site/ua/svs_core/ua=12, 1741621611563
Max suppression time updated to: 248
Received update: /ndn/no-site/no/svs_core/no=12, 1741621611635
Max suppression time updated to: 248
Received update: /ndn/by-site/by/svs_core/by=12, 1741621611883
Max suppression time updated to: 248
Received update: /ndn/fi-site/fi/svs_core/fi=12, 1741621612274
Published sequence number: /ndn/pt-site/pt/svs_core/pt=12, 1741621616957
Sending Sync interest
Max suppression time updated to: 248
Received update: /ndn/de2-site/de2/svs_core/de2=12, 1741621618548
Max suppression time updated to: 248
Max suppression time updated to: 248
Received update: /ndn/at-site/at/svs_core/at=12, 1741621621408
Received update: /ndn/is-site/is/svs_core/is=12, 1741621621408
Max suppression time updated to: 252
Received update: /ndn/az-site/az/svs_core/az=12, 1741621622761
Max suppression time updated to: 252
Received update: /ndn/bg-site/bg/svs_core/bg=12, 1741621622846
Received update: /ndn/sk-site/sk/svs_core/sk=12, 1741621622846
Max suppression time updated to: 252
Max suppression time updated to: 252
Max suppression time updated to: 252
Max suppression time updated to: 252
Received update: /ndn/fr2-site/fr2/svs_core/fr2=12, 1741621623382
Max suppression time updated to: 248
Received update: /ndn/ie-site/ie/svs_core/ie=12, 1741621625964
Max suppression time updated to: 248
Received update: /ndn/se-site/se/svs_core/se=12, 1741621626112
Max suppression time updated to: 248
Max suppression time updated to: 248
Received update: /ndn/mk-site/mk/svs_core/mk=12, 1741621626715
Max suppression time updated to: 248
Received update: /ndn/ee-site/ee/svs_core/ee=12, 1741621627553
Max suppression time updated to: 248
Received update: /ndn/lu-site/lu/svs_core/lu=12, 1741621631333
Sending Sync interest
Max suppression time updated to: 248
Received update: /ndn/cy-site/cy/svs_core/cy=12, 1741621631593
Max suppression time updated to: 248
Max suppression time updated to: 248
Max suppression time updated to: 248
Max suppression time updated to: 248
Received update: /ndn/cz-site/cz/svs_core/cz=12, 1741621634199
Received update: /ndn/es-site/es/svs_core/es=12, 1741621634199
Received update: /ndn/hu-site/hu/svs_core/hu=12, 1741621634199
Max suppression time updated to: 252
Received update: /ndn/tr-site/tr/svs_core/tr=12, 1741621634293
Max suppression time updated to: 252
Received update: /ndn/il-site/il/svs_core/il=12, 1741621635192
Sending Sync interest
Max suppression time updated to: 252
Max suppression time updated to: 252
Max suppression time updated to: 252
Received update: /ndn/gr-site/gr/svs_core/gr=12, 1741621635812
Max suppression time updated to: 252
Received update: /ndn/si-site/si/svs_core/si=12, 1741621636752
Max suppression time updated to: 252
Received update: /ndn/ro-site/ro/svs_core/ro=12, 1741621639104
Max suppression time updated to: 252
Received update: /ndn/me-site/me/svs_core/me=12, 1741621642124
Max suppression time updated to: 252
Received update: /ndn/pl-site/pl/svs_core/pl=12, 1741621642247
Max suppression time updated to: 252
Max suppression time updated to: 252
Received update: /ndn/be-site/be/svs_core/be=12, 1741621642500
Max suppression time updated to: 252
Received update: /ndn/md-site/md/svs_core/md=12, 1741621643398
Max suppression time updated to: 252
Received update: /ndn/ch-site/ch/svs_core/ch=12, 1741621643540
Max suppression time updated to: 252
Max suppression time updated to: 256
Received update: /ndn/hr-site/hr/svs_core/hr=13, 1741621647114
Received update: /ndn/lt-site/lt/svs_core/lt=13, 1741621647114
Received update: /ndn/nl-site/nl/svs_core/nl=13, 1741621647114
Max suppression time updated to: 256
Max suppression time updated to: 256
Received update: /ndn/al-site/al/svs_core/al=13, 1741621649021
Max suppression time updated to: 256
Received update: /ndn/fr1-site/fr1/svs_core/fr1=13, 1741621650576
Max suppression time updated to: 256
Received update: /ndn/lv-site/lv/svs_core/lv=12, 1741621650917
Max suppression time updated to: 252
Received update: /ndn/mt-site/mt/svs_core/mt=13, 1741621651048
Max suppression time updated to: 252
Received update: /ndn/de1-site/de1/svs_core/de1=13, 1741621651852
Max suppression time updated to: 252
Received update: /ndn/uk-site/uk/svs_core/uk=13, 1741621652526
Max suppression time updated to: 252
Received update: /ndn/rs-site/rs/svs_core/rs=13, 1741621652717
Max suppression time updated to: 252
Received update: /ndn/dk-site/dk/svs_core/dk=13, 1741621653128
Max suppression time updated to: 252
Received update: /ndn/am-site/am/svs_core/am=13, 1741621653691
Received update: /ndn/by-site/by/svs_core/by=13, 1741621653691
Max suppression time updated to: 252
Max suppression time updated to: 252
Max suppression time updated to: 252
Received update: /ndn/it-site/it/svs_core/it=13, 1741621654438
Max suppression time updated to: 252
Received update: /ndn/ge-site/ge/svs_core/ge=13, 1741621656293
Received update: /ndn/no-site/no/svs_core/no=13, 1741621656293
Received update: /ndn/ua-site/ua/svs_core/ua=13, 1741621656293
Max suppression time updated to: 252
Max suppression time updated to: 252
Received update: /ndn/fi-site/fi/svs_core/fi=13, 1741621656578
Max suppression time updated to: 252
Max suppression time updated to: 252
Max suppression time updated to: 252
Max suppression time updated to: 248
Published sequence number: /ndn/pt-site/pt/svs_core/pt=13, 1741621661960
Sending Sync interest
Max suppression time updated to: 252
Received update: /ndn/de2-site/de2/svs_core/de2=13, 1741621663575
Sending Sync interest
Max suppression time updated to: 252
Received update: /ndn/is-site/is/svs_core/is=13, 1741621664096
Sending Sync interest
Max suppression time updated to: 252
Received update: /ndn/at-site/at/svs_core/at=13, 1741621667543
Received update: /ndn/bg-site/bg/svs_core/bg=13, 1741621667543
Sending Sync interest
Max suppression time updated to: 252
Max suppression time updated to: 252
Received update: /ndn/ee-site/ee/svs_core/ee=13, 1741621672519
Max suppression time updated to: 252
Received update: /ndn/mk-site/mk/svs_core/mk=13, 1741621672670
Received update: /ndn/fr2-site/fr2/svs_core/fr2=13, 1741621672670
Max suppression time updated to: 252
Max suppression time updated to: 252
Max suppression time updated to: 252
Received update: /ndn/az-site/az/svs_core/az=13, 1741621672749
Max suppression time updated to: 252
Received update: /ndn/sk-site/sk/svs_core/sk=13, 1741621672792
Max suppression time updated to: 252
Received update: /ndn/se-site/se/svs_core/se=13, 1741621672856
Max suppression time updated to: 252
Received update: /ndn/cy-site/cy/svs_core/cy=13, 1741621674995
Max suppression time updated to: 252
Received update: /ndn/ie-site/ie/svs_core/ie=13, 1741621675269
Max suppression time updated to: 252
Received update: /ndn/es-site/es/svs_core/es=13, 1741621676671
Max suppression time updated to: 252
Received update: /ndn/lu-site/lu/svs_core/lu=13, 1741621676848
Max suppression time updated to: 252
Max suppression time updated to: 252
Max suppression time updated to: 252
Received update: /ndn/cz-site/cz/svs_core/cz=13, 1741621679212
Max suppression time updated to: 252
Received update: /ndn/hu-site/hu/svs_core/hu=13, 1741621679414
Max suppression time updated to: 252
Received update: /ndn/tr-site/tr/svs_core/tr=13, 1741621679646
Max suppression time updated to: 252
Received update: /ndn/gr-site/gr/svs_core/gr=13, 1741621680006
Max suppression time updated to: 252
Received update: /ndn/il-site/il/svs_core/il=13, 1741621680198
Max suppression time updated to: 252
Received update: /ndn/si-site/si/svs_core/si=13, 1741621681909
Max suppression time updated to: 252
Max suppression time updated to: 252
Max suppression time updated to: 252
Received update: /ndn/ro-site/ro/svs_core/ro=13, 1741621684148
Max suppression time updated to: 252
Received update: /ndn/be-site/be/svs_core/be=13, 1741621685340
Max suppression time updated to: 252
Received update: /ndn/me-site/me/svs_core/me=13, 1741621687115
Max suppression time updated to: 252
Received update: /ndn/pl-site/pl/svs_core/pl=13, 1741621687365
Max suppression time updated to: 252
Received update: /ndn/ch-site/ch/svs_core/ch=13, 1741621688082
Max suppression time updated to: 252
Received update: /ndn/md-site/md/svs_core/md=13, 1741621688415
Max suppression time updated to: 252
Received update: /ndn/hr-site/hr/svs_core/hr=14, 1741621689381
Max suppression time updated to: 252
Max suppression time updated to: 252
Received update: /ndn/lv-site/lv/svs_core/lv=13, 1741621689963
Received update: /ndn/nl-site/nl/svs_core/nl=14, 1741621689963
Max suppression time updated to: 252
Received update: /ndn/lt-site/lt/svs_core/lt=14, 1741621692140
Max suppression time updated to: 252
Received update: /ndn/mt-site/mt/svs_core/mt=14, 1741621693342
Received update: /ndn/rs-site/rs/svs_core/rs=14, 1741621693342
Max suppression time updated to: 252
Received update: /ndn/de1-site/de1/svs_core/de1=14, 1741621696852
Max suppression time updated to: 252
Max suppression time updated to: 252
Received update: /ndn/fr1-site/fr1/svs_core/fr1=14, 1741621697092
Max suppression time updated to: 252
Max suppression time updated to: 252
Max suppression time updated to: 252
Received update: /ndn/uk-site/uk/svs_core/uk=14, 1741621697509
Max suppression time updated to: 252
Received update: /ndn/dk-site/dk/svs_core/dk=14, 1741621698122
Max suppression time updated to: 252
Max suppression time updated to: 252
Max suppression time updated to: 252
Max suppression time updated to: 252
Max suppression time updated to: 256
Max suppression time updated to: 256
Received update: /ndn/al-site/al/svs_core/al=14, 1741621698474
Max suppression time updated to: 256
Received update: /ndn/am-site/am/svs_core/am=14, 1741621699743
Received update: /ndn/it-site/it/svs_core/it=14, 1741621699743
Max suppression time updated to: 256
Received update: /ndn/ge-site/ge/svs_core/ge=14, 1741621701327
Published sequence number: /ndn/pt-site/pt/svs_core/pt=14, 1741621706970
Sending Sync interest
Max suppression time updated to: 256
Received update: /ndn/de2-site/de2/svs_core/de2=14, 1741621708557
Max suppression time updated to: 256
Received update: /ndn/no-site/no/svs_core/no=14, 1741621708783
Sending Sync interest
Max suppression time updated to: 256
Max suppression time updated to: 256
Received update: /ndn/at-site/at/svs_core/at=14, 1741621711439
Sending Sync interest
Max suppression time updated to: 256
Received update: /ndn/ua-site/ua/svs_core/ua=14, 1741621711715
Sending Sync interest
Max suppression time updated to: 256
Received update: /ndn/fi-site/fi/svs_core/fi=14, 1741621712009
Received update: /ndn/is-site/is/svs_core/is=14, 1741621712009
Sending Sync interest
Max suppression time updated to: 256
Max suppression time updated to: 256
Received update: /ndn/sk-site/sk/svs_core/sk=14, 1741621712215
Max suppression time updated to: 256
Max suppression time updated to: 256
Received update: /ndn/by-site/by/svs_core/by=14, 1741621712345
Max suppression time updated to: 256
Received update: /ndn/az-site/az/svs_core/az=14, 1741621712451
Max suppression time updated to: 256
Received update: /ndn/bg-site/bg/svs_core/bg=14, 1741621713591
Received update: /ndn/fr2-site/fr2/svs_core/fr2=14, 1741621713591
Max suppression time updated to: 256
Max suppression time updated to: 256
Received update: /ndn/ie-site/ie/svs_core/ie=14, 1741621715981
Received update: /ndn/se-site/se/svs_core/se=14, 1741621715981
Max suppression time updated to: 256
Received update: /ndn/cy-site/cy/svs_core/cy=14, 1741621720072
Max suppression time updated to: 256
Max suppression time updated to: 256
Max suppression time updated to: 256
Max suppression time updated to: 256
Received update: /ndn/ee-site/ee/svs_core/ee=14, 1741621720265
Max suppression time updated to: 256
Received update: /ndn/mk-site/mk/svs_core/mk=14, 1741621720444
Max suppression time updated to: 256
Received update: /ndn/lu-site/lu/svs_core/lu=14, 1741621721375
Max suppression time updated to: 256
Max suppression time updated to: 256
Max suppression time updated to: 256
Max suppression time updated to: 256
Received update: /ndn/es-site/es/svs_core/es=14, 1741621723829
Received update: /ndn/hu-site/hu/svs_core/hu=14, 1741621723829
Max suppression time updated to: 256
Received update: /ndn/cz-site/cz/svs_core/cz=14, 1741621724214
Max suppression time updated to: 256
Received update: /ndn/gr-site/gr/svs_core/gr=14, 1741621725028
Received update: /ndn/tr-site/tr/svs_core/tr=14, 1741621725028
Max suppression time updated to: 256
Received update: /ndn/ro-site/ro/svs_core/ro=14, 1741621729140
Max suppression time updated to: 256
Received update: /ndn/pl-site/pl/svs_core/pl=14, 1741621731935
Max suppression time updated to: 256
Max suppression time updated to: 256
Max suppression time updated to: 256
Max suppression time updated to: 252
Received update: /ndn/me-site/me/svs_core/me=14, 1741621732106
Max suppression time updated to: 252
Received update: /ndn/il-site/il/svs_core/il=14, 1741621732130
Max suppression time updated to: 252
Received update: /ndn/si-site/si/svs_core/si=14, 1741621732188
Max suppression time updated to: 252
Max suppression time updated to: 252
Max suppression time updated to: 252
Received update: /ndn/be-site/be/svs_core/be=14, 1741621732468
Max suppression time updated to: 252
Received update: /ndn/ch-site/ch/svs_core/ch=14, 1741621733097
Max suppression time updated to: 252
Received update: /ndn/md-site/md/svs_core/md=14, 1741621733417
Max suppression time updated to: 252
Max suppression time updated to: 252
Received update: /ndn/nl-site/nl/svs_core/nl=15, 1741621734332
Max suppression time updated to: 252
Received update: /ndn/rs-site/rs/svs_core/rs=15, 1741621736880
Max suppression time updated to: 252
Received update: /ndn/lt-site/lt/svs_core/lt=15, 1741621738548
Received update: /ndn/lv-site/lv/svs_core/lv=14, 1741621738548
Received update: /ndn/mt-site/mt/svs_core/mt=15, 1741621738548
Max suppression time updated to: 252
Received update: /ndn/al-site/al/svs_core/al=15, 1741621739023
Max suppression time updated to: 252
Max suppression time updated to: 252
Received update: /ndn/hr-site/hr/svs_core/hr=15, 1741621739294
Max suppression time updated to: 252
Max suppression time updated to: 252
Max suppression time updated to: 252
Max suppression time updated to: 252
Received update: /ndn/uk-site/uk/svs_core/uk=15, 1741621742513
Max suppression time updated to: 252
Received update: /ndn/fr1-site/fr1/svs_core/fr1=15, 1741621742804
Max suppression time updated to: 252
Max suppression time updated to: 252
Max suppression time updated to: 252
Received update: /ndn/de1-site/de1/svs_core/de1=15, 1741621743017
Max suppression time updated to: 252
Max suppression time updated to: 252
Received update: /ndn/dk-site/dk/svs_core/dk=15, 1741621743134
Max suppression time updated to: 252
Received update: /ndn/am-site/am/svs_core/am=15, 1741621743623
Max suppression time updated to: 252
Received update: /ndn/by-site/by/svs_core/by=15, 1741621743670
Max suppression time updated to: 252
Received update: /ndn/fi-site/fi/svs_core/fi=15, 1741621744458
Max suppression time updated to: 252
Max suppression time updated to: 252
Max suppression time updated to: 252
Max suppression time updated to: 252
Max suppression time updated to: 252
Received update: /ndn/it-site/it/svs_core/it=15, 1741621744661
Max suppression time updated to: 252
Max suppression time updated to: 252
Received update: /ndn/ua-site/ua/svs_core/ua=15, 1741621745899
Max suppression time updated to: 252
Received update: /ndn/ge-site/ge/svs_core/ge=15, 1741621746419
Max suppression time updated to: 252
Published sequence number: /ndn/pt-site/pt/svs_core/pt=15, 1741621751978
Sending Sync interest
Max suppression time updated to: 252
Received update: /ndn/no-site/no/svs_core/no=15, 1741621752151
Max suppression time updated to: 252
Max suppression time updated to: 252
Max suppression time updated to: 252
Received update: /ndn/de2-site/de2/svs_core/de2=15, 1741621753560
Max suppression time updated to: 252
Received update: /ndn/at-site/at/svs_core/at=15, 1741621756427
Received update: /ndn/is-site/is/svs_core/is=15, 1741621756427
Max suppression time updated to: 252
Received update: /ndn/az-site/az/svs_core/az=15, 1741621761716
Received update: /ndn/bg-site/bg/svs_core/bg=15, 1741621761716
Received update: /ndn/mk-site/mk/svs_core/mk=15, 1741621761716
Received update: /ndn/sk-site/sk/svs_core/sk=15, 1741621761716
Received update: /ndn/fr2-site/fr2/svs_core/fr2=15, 1741621761716
Max suppression time updated to: 252
Received update: /ndn/se-site/se/svs_core/se=15, 1741621762107
Max suppression time updated to: 248
Received update: /ndn/cy-site/cy/svs_core/cy=15, 1741621765010
Received update: /ndn/ee-site/ee/svs_core/ee=15, 1741621765010
Max suppression time updated to: 252
Received update: /ndn/lu-site/lu/svs_core/lu=15, 1741621766366
Max suppression time updated to: 252
Received update: /ndn/es-site/es/svs_core/es=15, 1741621766707
Max suppression time updated to: 252
Received update: /ndn/hu-site/hu/svs_core/hu=15, 1741621768841
Received update: /ndn/ie-site/ie/svs_core/ie=15, 1741621768841
Max suppression time updated to: 252
Received update: /ndn/cz-site/cz/svs_core/cz=15, 1741621769204
Max suppression time updated to: 252
Received update: /ndn/tr-site/tr/svs_core/tr=15, 1741621769253
Max suppression time updated to: 252
Received update: /ndn/gr-site/gr/svs_core/gr=15, 1741621770005
Max suppression time updated to: 252
Received update: /ndn/il-site/il/svs_core/il=15, 1741621774031
Received update: /ndn/si-site/si/svs_core/si=15, 1741621774031
Max suppression time updated to: 252
Received update: /ndn/be-site/be/svs_core/be=15, 1741621777178
Received update: /ndn/pl-site/pl/svs_core/pl=15, 1741621777178
Received update: /ndn/ro-site/ro/svs_core/ro=15, 1741621777178
Max suppression time updated to: 252
Received update: /ndn/ch-site/ch/svs_core/ch=15, 1741621778108
Max suppression time updated to: 252
Received update: /ndn/nl-site/nl/svs_core/nl=16, 1741621779340
Max suppression time updated to: 252
Received update: /ndn/me-site/me/svs_core/me=15, 1741621779648
Max suppression time updated to: 252
Received update: /ndn/hr-site/hr/svs_core/hr=16, 1741621779695
Max suppression time updated to: 252
Received update: /ndn/lv-site/lv/svs_core/lv=15, 1741621779868
Max suppression time updated to: 252
Received update: /ndn/md-site/md/svs_core/md=15, 1741621779965
Max suppression time updated to: 252
Received update: /ndn/al-site/al/svs_core/al=16, 1741621784089
Received update: /ndn/rs-site/rs/svs_core/rs=16, 1741621784089
Max suppression time updated to: 252
Received update: /ndn/lt-site/lt/svs_core/lt=16, 1741621784666
Received update: /ndn/mt-site/mt/svs_core/mt=16, 1741621784666
Max suppression time updated to: 252
Received update: /ndn/fr1-site/fr1/svs_core/fr1=16, 1741621785590
Max suppression time updated to: 252
Received update: /ndn/de1-site/de1/svs_core/de1=16, 1741621786882
Max suppression time updated to: 252
Received update: /ndn/uk-site/uk/svs_core/uk=16, 1741621787516
Max suppression time updated to: 252
Received update: /ndn/dk-site/dk/svs_core/dk=16, 1741621788149
Max suppression time updated to: 252
Received update: /ndn/it-site/it/svs_core/it=16, 1741621789422
Max suppression time updated to: 248
Received update: /ndn/fi-site/fi/svs_core/fi=16, 1741621789433
Max suppression time updated to: 248
Received update: /ndn/by-site/by/svs_core/by=16, 1741621789821
Max suppression time updated to: 248
Max suppression time updated to: 248
Max suppression time updated to: 248
Max suppression time updated to: 248
Max suppression time updated to: 248
Received update: /ndn/no-site/no/svs_core/no=16, 1741621790876
Max suppression time updated to: 248
Received update: /ndn/ua-site/ua/svs_core/ua=16, 1741621790901
Max suppression time updated to: 248
Received update: /ndn/am-site/am/svs_core/am=16, 1741621791052
Max suppression time updated to: 248
Max suppression time updated to: 248
Max suppression time updated to: 248
Received update: /ndn/ge-site/ge/svs_core/ge=16, 1741621791297
Published sequence number: /ndn/pt-site/pt/svs_core/pt=16, 1741621796981
Sending Sync interest
Max suppression time updated to: 252
Received update: /ndn/de2-site/de2/svs_core/de2=16, 1741621798588
Max suppression time updated to: 248
Received update: /ndn/at-site/at/svs_core/at=16, 1741621801436
Max suppression time updated to: 248
Received update: /ndn/sk-site/sk/svs_core/sk=16, 1741621802239
Max suppression time updated to: 248
Max suppression time updated to: 248
Max suppression time updated to: 248
Received update: /ndn/az-site/az/svs_core/az=16, 1741621802454
Max suppression time updated to: 248
Received update: /ndn/is-site/is/svs_core/is=16, 1741621802486
Max suppression time updated to: 248
Received update: /ndn/se-site/se/svs_core/se=16, 1741621805580
Max suppression time updated to: 248
Received update: /ndn/fr2-site/fr2/svs_core/fr2=16, 1741621805730
Max suppression time updated to: 248
Received update: /ndn/bg-site/bg/svs_core/bg=16, 1741621805909
Max suppression time updated to: 248
Received update: /ndn/mk-site/mk/svs_core/mk=16, 1741621806741
Max suppression time updated to: 248
Received update: /ndn/ee-site/ee/svs_core/ee=16, 1741621807565
Max suppression time updated to: 248
Received update: /ndn/ie-site/ie/svs_core/ie=16, 1741621807798
Max suppression time updated to: 248
Received update: /ndn/cy-site/cy/svs_core/cy=16, 1741621811378
Received update: /ndn/lu-site/lu/svs_core/lu=16, 1741621811378
Max suppression time updated to: 248
Received update: /ndn/es-site/es/svs_core/es=16, 1741621811693
Sending Sync interest
Max suppression time updated to: 248
Max suppression time updated to: 248
Received update: /ndn/hu-site/hu/svs_core/hu=16, 1741621813558
Max suppression time updated to: 248
Received update: /ndn/cz-site/cz/svs_core/cz=16, 1741621814212
Max suppression time updated to: 248
Received update: /ndn/tr-site/tr/svs_core/tr=16, 1741621814258
Max suppression time updated to: 248
Received update: /ndn/gr-site/gr/svs_core/gr=16, 1741621815014
Max suppression time updated to: 244
Received update: /ndn/si-site/si/svs_core/si=16, 1741621816802
Max suppression time updated to: 244
Received update: /ndn/be-site/be/svs_core/be=16, 1741621820317
Max suppression time updated to: 244
Received update: /ndn/ch-site/ch/svs_core/ch=16, 1741621823136
Received update: /ndn/il-site/il/svs_core/il=16, 1741621823136
Received update: /ndn/ro-site/ro/svs_core/ro=16, 1741621823136
Max suppression time updated to: 248
Received update: /ndn/pl-site/pl/svs_core/pl=16, 1741621823323
Max suppression time updated to: 248
Received update: /ndn/md-site/md/svs_core/md=16, 1741621823438
Max suppression time updated to: 248
Received update: /ndn/lv-site/lv/svs_core/lv=16, 1741621823665
Received update: /ndn/me-site/me/svs_core/me=16, 1741621823665
Max suppression time updated to: 248
Stopping SVS client: /ndn/pt-site/pt/svs_core/pt
