SVS client starting: /ndn/ie-site/ie/svs_core/ie
Sending Sync interest
Received update: /ndn/at-site/at/svs_core/at=1, 1741611292621
Received update: /ndn/ro-site/ro/svs_core/ro=1, 1741611293161
Received update: /ndn/be-site/be/svs_core/be=1, 1741611293562
Received update: /ndn/fr1-site/fr1/svs_core/fr1=1, 1741611295725
Received update: /ndn/ee-site/ee/svs_core/ee=1, 1741611295876
Received update: /ndn/bg-site/bg/svs_core/bg=1, 1741611298203
Received update: /ndn/hu-site/hu/svs_core/hu=1, 1741611299215
Received update: /ndn/sk-site/sk/svs_core/sk=1, 1741611299714
Received update: /ndn/is-site/is/svs_core/is=1, 1741611299879
Received update: /ndn/de1-site/de1/svs_core/de1=1, 1741611302272
Received update: /ndn/gr-site/gr/svs_core/gr=1, 1741611305525
Received update: /ndn/de2-site/de2/svs_core/de2=1, 1741611306280
Received update: /ndn/ch-site/ch/svs_core/ch=1, 1741611307069
Received update: /ndn/ge-site/ge/svs_core/ge=1, 1741611307220
Received update: /ndn/nl-site/nl/svs_core/nl=1, 1741611308496
Received update: /ndn/md-site/md/svs_core/md=1, 1741611309286
Received update: /ndn/tr-site/tr/svs_core/tr=1, 1741611309662
Received update: /ndn/cy-site/cy/svs_core/cy=1, 1741611310499
Received update: /ndn/rs-site/rs/svs_core/rs=1, 1741611312808
Received update: /ndn/by-site/by/svs_core/by=1, 1741611313398
Received update: /ndn/ua-site/ua/svs_core/ua=1, 1741611314318
Received update: /ndn/no-site/no/svs_core/no=1, 1741611315949
Received update: /ndn/lv-site/lv/svs_core/lv=1, 1741611316166
Received update: /ndn/al-site/al/svs_core/al=1, 1741611316586
Received update: /ndn/lu-site/lu/svs_core/lu=1, 1741611319612
Received update: /ndn/cz-site/cz/svs_core/cz=1, 1741611319752
Received update: /ndn/lt-site/lt/svs_core/lt=1, 1741611319914
Received update: /ndn/pl-site/pl/svs_core/pl=1, 1741611321427
Received update: /ndn/it-site/it/svs_core/it=1, 1741611321975
Received update: /ndn/pt-site/pt/svs_core/pt=1, 1741611322007
Received update: /ndn/mt-site/mt/svs_core/mt=1, 1741611322824
Received update: /ndn/am-site/am/svs_core/am=1, 1741611323539
Received update: /ndn/az-site/az/svs_core/az=1, 1741611324127
Received update: /ndn/dk-site/dk/svs_core/dk=1, 1741611324688
Received update: /ndn/si-site/si/svs_core/si=1, 1741611325275
Received update: /ndn/me-site/me/svs_core/me=1, 1741611326044
Received update: /ndn/mk-site/mk/svs_core/mk=1, 1741611327565
Received update: /ndn/hr-site/hr/svs_core/hr=1, 1741611327667
Published sequence number: /ndn/ie-site/ie/svs_core/ie=1, 1741611329193
Sending Sync interest
Received update: /ndn/fr2-site/fr2/svs_core/fr2=1, 1741611329382
Received update: /ndn/il-site/il/svs_core/il=1, 1741611329714
Received update: /ndn/es-site/es/svs_core/es=1, 1741611331084
Received update: /ndn/se-site/se/svs_core/se=1, 1741611331643
Received update: /ndn/fi-site/fi/svs_core/fi=1, 1741611331922
Received update: /ndn/uk-site/uk/svs_core/uk=1, 1741611333817
Received update: /ndn/at-site/at/svs_core/at=2, 1741611337630
Received update: /ndn/ro-site/ro/svs_core/ro=2, 1741611338161
Received update: /ndn/be-site/be/svs_core/be=2, 1741611338566
Received update: /ndn/fr1-site/fr1/svs_core/fr1=2, 1741611340724
Received update: /ndn/ee-site/ee/svs_core/ee=2, 1741611340885
Received update: /ndn/bg-site/bg/svs_core/bg=2, 1741611343200
Received update: /ndn/hu-site/hu/svs_core/hu=2, 1741611344211
Received update: /ndn/sk-site/sk/svs_core/sk=2, 1741611344707
Received update: /ndn/is-site/is/svs_core/is=2, 1741611344889
Received update: /ndn/de1-site/de1/svs_core/de1=2, 1741611347276
Received update: /ndn/gr-site/gr/svs_core/gr=2, 1741611350524
Received update: /ndn/de2-site/de2/svs_core/de2=2, 1741611351284
Received update: /ndn/ch-site/ch/svs_core/ch=2, 1741611352076
Received update: /ndn/ge-site/ge/svs_core/ge=2, 1741611352226
Received update: /ndn/nl-site/nl/svs_core/nl=2, 1741611353502
Received update: /ndn/md-site/md/svs_core/md=2, 1741611354293
Received update: /ndn/tr-site/tr/svs_core/tr=2, 1741611354666
Received update: /ndn/cy-site/cy/svs_core/cy=2, 1741611355503
Received update: /ndn/rs-site/rs/svs_core/rs=2, 1741611357809
Received update: /ndn/by-site/by/svs_core/by=2, 1741611358404
Received update: /ndn/ua-site/ua/svs_core/ua=2, 1741611359331
Received update: /ndn/no-site/no/svs_core/no=2, 1741611360967
Received update: /ndn/lv-site/lv/svs_core/lv=2, 1741611361171
Received update: /ndn/al-site/al/svs_core/al=2, 1741611361620
Received update: /ndn/lu-site/lu/svs_core/lu=2, 1741611364609
Received update: /ndn/cz-site/cz/svs_core/cz=2, 1741611364756
Received update: /ndn/lt-site/lt/svs_core/lt=2, 1741611364913
Received update: /ndn/pl-site/pl/svs_core/pl=2, 1741611366424
Received update: /ndn/it-site/it/svs_core/it=2, 1741611366975
Received update: /ndn/pt-site/pt/svs_core/pt=2, 1741611367007
Received update: /ndn/mt-site/mt/svs_core/mt=2, 1741611367818
Received update: /ndn/am-site/am/svs_core/am=2, 1741611368542
Received update: /ndn/az-site/az/svs_core/az=2, 1741611369156
Received update: /ndn/dk-site/dk/svs_core/dk=2, 1741611369687
Received update: /ndn/si-site/si/svs_core/si=2, 1741611370278
Received update: /ndn/me-site/me/svs_core/me=2, 1741611371050
Received update: /ndn/mk-site/mk/svs_core/mk=2, 1741611372566
Received update: /ndn/hr-site/hr/svs_core/hr=2, 1741611372668
Published sequence number: /ndn/ie-site/ie/svs_core/ie=2, 1741611374195
Sending Sync interest
Received update: /ndn/fr2-site/fr2/svs_core/fr2=2, 1741611374390
Received update: /ndn/il-site/il/svs_core/il=2, 1741611374721
Received update: /ndn/es-site/es/svs_core/es=2, 1741611376082
Received update: /ndn/se-site/se/svs_core/se=2, 1741611376639
Received update: /ndn/fi-site/fi/svs_core/fi=2, 1741611376925
Received update: /ndn/uk-site/uk/svs_core/uk=2, 1741611378824
Received update: /ndn/at-site/at/svs_core/at=3, 1741611382627
Received update: /ndn/ro-site/ro/svs_core/ro=3, 1741611383166
Received update: /ndn/be-site/be/svs_core/be=3, 1741611383574
Received update: /ndn/fr1-site/fr1/svs_core/fr1=3, 1741611385734
Received update: /ndn/ee-site/ee/svs_core/ee=3, 1741611385881
Received update: /ndn/bg-site/bg/svs_core/bg=3, 1741611388205
Received update: /ndn/hu-site/hu/svs_core/hu=3, 1741611389223
Received update: /ndn/sk-site/sk/svs_core/sk=3, 1741611389725
Received update: /ndn/is-site/is/svs_core/is=3, 1741611389886
Received update: /ndn/de1-site/de1/svs_core/de1=3, 1741611392284
Received update: /ndn/gr-site/gr/svs_core/gr=3, 1741611395530
Received update: /ndn/de2-site/de2/svs_core/de2=3, 1741611396285
Received update: /ndn/ch-site/ch/svs_core/ch=3, 1741611397076
Received update: /ndn/ge-site/ge/svs_core/ge=3, 1741611397225
Received update: /ndn/nl-site/nl/svs_core/nl=3, 1741611398505
Received update: /ndn/md-site/md/svs_core/md=3, 1741611399295
Received update: /ndn/tr-site/tr/svs_core/tr=3, 1741611399673
Received update: /ndn/cy-site/cy/svs_core/cy=3, 1741611400510
Received update: /ndn/rs-site/rs/svs_core/rs=3, 1741611402810
Received update: /ndn/by-site/by/svs_core/by=3, 1741611403403
Received update: /ndn/ua-site/ua/svs_core/ua=3, 1741611404321
Received update: /ndn/no-site/no/svs_core/no=3, 1741611405958
Received update: /ndn/lv-site/lv/svs_core/lv=3, 1741611406170
Received update: /ndn/al-site/al/svs_core/al=3, 1741611406598
Received update: /ndn/lu-site/lu/svs_core/lu=3, 1741611409616
Received update: /ndn/cz-site/cz/svs_core/cz=3, 1741611409756
Received update: /ndn/lt-site/lt/svs_core/lt=3, 1741611409919
Received update: /ndn/pl-site/pl/svs_core/pl=3, 1741611411434
Received update: /ndn/it-site/it/svs_core/it=3, 1741611411983
Received update: /ndn/pt-site/pt/svs_core/pt=3, 1741611412010
Received update: /ndn/mt-site/mt/svs_core/mt=3, 1741611412820
Received update: /ndn/am-site/am/svs_core/am=3, 1741611413561
Received update: /ndn/az-site/az/svs_core/az=3, 1741611414124
Received update: /ndn/dk-site/dk/svs_core/dk=3, 1741611414697
Received update: /ndn/si-site/si/svs_core/si=3, 1741611415282
Received update: /ndn/me-site/me/svs_core/me=3, 1741611416054
Received update: /ndn/mk-site/mk/svs_core/mk=3, 1741611417562
Received update: /ndn/hr-site/hr/svs_core/hr=3, 1741611417674
Published sequence number: /ndn/ie-site/ie/svs_core/ie=3, 1741611419197
Sending Sync interest
Received update: /ndn/fr2-site/fr2/svs_core/fr2=3, 1741611419393
Received update: /ndn/il-site/il/svs_core/il=3, 1741611419724
Received update: /ndn/es-site/es/svs_core/es=3, 1741611421084
Received update: /ndn/se-site/se/svs_core/se=3, 1741611421640
Received update: /ndn/fi-site/fi/svs_core/fi=3, 1741611421930
Received update: /ndn/uk-site/uk/svs_core/uk=3, 1741611423828
Received update: /ndn/at-site/at/svs_core/at=4, 1741611427624
Received update: /ndn/ro-site/ro/svs_core/ro=4, 1741611428167
Received update: /ndn/be-site/be/svs_core/be=4, 1741611428577
Received update: /ndn/fr1-site/fr1/svs_core/fr1=4, 1741611430738
Received update: /ndn/ee-site/ee/svs_core/ee=4, 1741611430886
Received update: /ndn/bg-site/bg/svs_core/bg=4, 1741611433209
Received update: /ndn/hu-site/hu/svs_core/hu=4, 1741611434222
Received update: /ndn/sk-site/sk/svs_core/sk=4, 1741611434721
Received update: /ndn/is-site/is/svs_core/is=4, 1741611434896
Received update: /ndn/de1-site/de1/svs_core/de1=4, 1741611437292
Received update: /ndn/gr-site/gr/svs_core/gr=4, 1741611440532
Received update: /ndn/de2-site/de2/svs_core/de2=4, 1741611441286
Received update: /ndn/ch-site/ch/svs_core/ch=4, 1741611442082
Received update: /ndn/ge-site/ge/svs_core/ge=4, 1741611442228
Received update: /ndn/nl-site/nl/svs_core/nl=4, 1741611443505
Received update: /ndn/md-site/md/svs_core/md=4, 1741611444298
Received update: /ndn/tr-site/tr/svs_core/tr=4, 1741611444675
Received update: /ndn/cy-site/cy/svs_core/cy=4, 1741611445509
Received update: /ndn/rs-site/rs/svs_core/rs=4, 1741611447836
Received update: /ndn/by-site/by/svs_core/by=4, 1741611448403
Received update: /ndn/ua-site/ua/svs_core/ua=4, 1741611449323
Received update: /ndn/no-site/no/svs_core/no=4, 1741611450972
Received update: /ndn/lv-site/lv/svs_core/lv=4, 1741611451166
Received update: /ndn/al-site/al/svs_core/al=4, 1741611451600
Received update: /ndn/lu-site/lu/svs_core/lu=4, 1741611454629
Received update: /ndn/cz-site/cz/svs_core/cz=4, 1741611454765
Received update: /ndn/lt-site/lt/svs_core/lt=4, 1741611454923
Received update: /ndn/pl-site/pl/svs_core/pl=4, 1741611456439
Received update: /ndn/it-site/it/svs_core/it=4, 1741611456983
Received update: /ndn/pt-site/pt/svs_core/pt=4, 1741611457010
Received update: /ndn/mt-site/mt/svs_core/mt=4, 1741611457843
Received update: /ndn/am-site/am/svs_core/am=4, 1741611458552
Received update: /ndn/az-site/az/svs_core/az=4, 1741611459130
Received update: /ndn/dk-site/dk/svs_core/dk=4, 1741611459694
Received update: /ndn/si-site/si/svs_core/si=4, 1741611460290
Received update: /ndn/me-site/me/svs_core/me=4, 1741611461059
Received update: /ndn/mk-site/mk/svs_core/mk=4, 1741611462570
Received update: /ndn/hr-site/hr/svs_core/hr=4, 1741611462679
Published sequence number: /ndn/ie-site/ie/svs_core/ie=4, 1741611464204
Sending Sync interest
Received update: /ndn/fr2-site/fr2/svs_core/fr2=4, 1741611464393
Received update: /ndn/il-site/il/svs_core/il=4, 1741611464728
Received update: /ndn/es-site/es/svs_core/es=4, 1741611466092
Received update: /ndn/se-site/se/svs_core/se=4, 1741611466645
Received update: /ndn/fi-site/fi/svs_core/fi=4, 1741611466932
Received update: /ndn/uk-site/uk/svs_core/uk=4, 1741611468827
Received update: /ndn/at-site/at/svs_core/at=5, 1741611472626
Received update: /ndn/ro-site/ro/svs_core/ro=5, 1741611473175
Received update: /ndn/be-site/be/svs_core/be=5, 1741611473580
Received update: /ndn/fr1-site/fr1/svs_core/fr1=5, 1741611475740
Received update: /ndn/ee-site/ee/svs_core/ee=5, 1741611475889
Received update: /ndn/bg-site/bg/svs_core/bg=5, 1741611478212
Received update: /ndn/hu-site/hu/svs_core/hu=5, 1741611479233
Received update: /ndn/sk-site/sk/svs_core/sk=5, 1741611479723
Received update: /ndn/is-site/is/svs_core/is=5, 1741611479899
Received update: /ndn/de1-site/de1/svs_core/de1=5, 1741611482296
Received update: /ndn/gr-site/gr/svs_core/gr=5, 1741611485534
Received update: /ndn/de2-site/de2/svs_core/de2=5, 1741611486294
Received update: /ndn/ch-site/ch/svs_core/ch=5, 1741611487081
Received update: /ndn/ge-site/ge/svs_core/ge=5, 1741611487234
Received update: /ndn/nl-site/nl/svs_core/nl=5, 1741611488514
Received update: /ndn/md-site/md/svs_core/md=5, 1741611489302
Received update: /ndn/tr-site/tr/svs_core/tr=5, 1741611489682
Received update: /ndn/cy-site/cy/svs_core/cy=5, 1741611490506
Received update: /ndn/rs-site/rs/svs_core/rs=5, 1741611492819
Received update: /ndn/by-site/by/svs_core/by=5, 1741611493405
Received update: /ndn/ua-site/ua/svs_core/ua=5, 1741611494328
Received update: /ndn/no-site/no/svs_core/no=5, 1741611495963
Received update: /ndn/lv-site/lv/svs_core/lv=5, 1741611496177
Received update: /ndn/al-site/al/svs_core/al=5, 1741611496613
Received update: /ndn/lu-site/lu/svs_core/lu=5, 1741611499615
Received update: /ndn/cz-site/cz/svs_core/cz=5, 1741611499762
Received update: /ndn/lt-site/lt/svs_core/lt=5, 1741611499927
Received update: /ndn/pl-site/pl/svs_core/pl=5, 1741611501443
Received update: /ndn/it-site/it/svs_core/it=5, 1741611501988
Received update: /ndn/pt-site/pt/svs_core/pt=5, 1741611502011
Received update: /ndn/mt-site/mt/svs_core/mt=5, 1741611502833
Received update: /ndn/am-site/am/svs_core/am=5, 1741611503552
Received update: /ndn/az-site/az/svs_core/az=5, 1741611504128
Received update: /ndn/dk-site/dk/svs_core/dk=5, 1741611504695
Received update: /ndn/si-site/si/svs_core/si=5, 1741611505293
Received update: /ndn/me-site/me/svs_core/me=5, 1741611506070
Received update: /ndn/mk-site/mk/svs_core/mk=5, 1741611507573
Received update: /ndn/hr-site/hr/svs_core/hr=5, 1741611507685
Published sequence number: /ndn/ie-site/ie/svs_core/ie=5, 1741611509207
Sending Sync interest
Received update: /ndn/fr2-site/fr2/svs_core/fr2=5, 1741611509402
Received update: /ndn/il-site/il/svs_core/il=5, 1741611509730
Received update: /ndn/es-site/es/svs_core/es=5, 1741611511095
Received update: /ndn/se-site/se/svs_core/se=5, 1741611511643
Received update: /ndn/fi-site/fi/svs_core/fi=5, 1741611511935
Received update: /ndn/uk-site/uk/svs_core/uk=5, 1741611513829
Received update: /ndn/at-site/at/svs_core/at=6, 1741611517630
Received update: /ndn/ro-site/ro/svs_core/ro=6, 1741611518180
Received update: /ndn/be-site/be/svs_core/be=6, 1741611518582
Received update: /ndn/fr1-site/fr1/svs_core/fr1=6, 1741611520740
Received update: /ndn/ee-site/ee/svs_core/ee=6, 1741611520890
Received update: /ndn/bg-site/bg/svs_core/bg=6, 1741611523213
Received update: /ndn/hu-site/hu/svs_core/hu=6, 1741611524230
Received update: /ndn/sk-site/sk/svs_core/sk=6, 1741611524725
Received update: /ndn/is-site/is/svs_core/is=6, 1741611524900
Received update: /ndn/de1-site/de1/svs_core/de1=6, 1741611527297
Received update: /ndn/gr-site/gr/svs_core/gr=6, 1741611530540
Received update: /ndn/de2-site/de2/svs_core/de2=6, 1741611531295
Received update: /ndn/ch-site/ch/svs_core/ch=6, 1741611532081
Received update: /ndn/ge-site/ge/svs_core/ge=6, 1741611532237
Received update: /ndn/nl-site/nl/svs_core/nl=6, 1741611533516
Received update: /ndn/md-site/md/svs_core/md=6, 1741611534302
Received update: /ndn/tr-site/tr/svs_core/tr=6, 1741611534685
Received update: /ndn/cy-site/cy/svs_core/cy=6, 1741611535514
Received update: /ndn/rs-site/rs/svs_core/rs=6, 1741611537821
Received update: /ndn/by-site/by/svs_core/by=6, 1741611538411
Received update: /ndn/ua-site/ua/svs_core/ua=6, 1741611539349
Received update: /ndn/no-site/no/svs_core/no=6, 1741611540969
Received update: /ndn/lv-site/lv/svs_core/lv=6, 1741611541181
Received update: /ndn/al-site/al/svs_core/al=6, 1741611541612
Received update: /ndn/lu-site/lu/svs_core/lu=6, 1741611544621
Received update: /ndn/cz-site/cz/svs_core/cz=6, 1741611544771
Received update: /ndn/lt-site/lt/svs_core/lt=6, 1741611544938
Received update: /ndn/pl-site/pl/svs_core/pl=6, 1741611546438
Received update: /ndn/it-site/it/svs_core/it=6, 1741611546989
Received update: /ndn/pt-site/pt/svs_core/pt=6, 1741611547012
Received update: /ndn/mt-site/mt/svs_core/mt=6, 1741611547840
Received update: /ndn/am-site/am/svs_core/am=6, 1741611548557
Received update: /ndn/az-site/az/svs_core/az=6, 1741611549138
Received update: /ndn/dk-site/dk/svs_core/dk=6, 1741611549696
Received update: /ndn/si-site/si/svs_core/si=6, 1741611550292
Received update: /ndn/me-site/me/svs_core/me=6, 1741611551071
Received update: /ndn/mk-site/mk/svs_core/mk=6, 1741611552571
Received update: /ndn/hr-site/hr/svs_core/hr=6, 1741611552689
Published sequence number: /ndn/ie-site/ie/svs_core/ie=6, 1741611554209
Sending Sync interest
Received update: /ndn/fr2-site/fr2/svs_core/fr2=6, 1741611554406
Received update: /ndn/il-site/il/svs_core/il=6, 1741611554732
Received update: /ndn/es-site/es/svs_core/es=6, 1741611556091
Received update: /ndn/se-site/se/svs_core/se=6, 1741611556647
Received update: /ndn/fi-site/fi/svs_core/fi=6, 1741611556946
Received update: /ndn/uk-site/uk/svs_core/uk=6, 1741611558835
Received update: /ndn/at-site/at/svs_core/at=7, 1741611562635
Received update: /ndn/ro-site/ro/svs_core/ro=7, 1741611563186
Received update: /ndn/be-site/be/svs_core/be=7, 1741611563590
Received update: /ndn/fr1-site/fr1/svs_core/fr1=7, 1741611565742
Received update: /ndn/ee-site/ee/svs_core/ee=7, 1741611565893
Received update: /ndn/bg-site/bg/svs_core/bg=7, 1741611568220
Received update: /ndn/hu-site/hu/svs_core/hu=7, 1741611569239
Received update: /ndn/sk-site/sk/svs_core/sk=7, 1741611569730
Received update: /ndn/is-site/is/svs_core/is=7, 1741611569908
Received update: /ndn/de1-site/de1/svs_core/de1=7, 1741611572304
Received update: /ndn/gr-site/gr/svs_core/gr=7, 1741611575543
Received update: /ndn/de2-site/de2/svs_core/de2=7, 1741611576301
Received update: /ndn/ch-site/ch/svs_core/ch=7, 1741611577086
Received update: /ndn/ge-site/ge/svs_core/ge=7, 1741611577238
Received update: /ndn/nl-site/nl/svs_core/nl=7, 1741611578522
Received update: /ndn/md-site/md/svs_core/md=7, 1741611579300
Received update: /ndn/tr-site/tr/svs_core/tr=7, 1741611579681
Received update: /ndn/cy-site/cy/svs_core/cy=7, 1741611580518
Received update: /ndn/rs-site/rs/svs_core/rs=7, 1741611582831
Received update: /ndn/by-site/by/svs_core/by=7, 1741611583411
Received update: /ndn/ua-site/ua/svs_core/ua=7, 1741611584329
Received update: /ndn/no-site/no/svs_core/no=7, 1741611585967
Received update: /ndn/lv-site/lv/svs_core/lv=7, 1741611586189
Received update: /ndn/al-site/al/svs_core/al=7, 1741611586613
Received update: /ndn/lu-site/lu/svs_core/lu=7, 1741611589626
Received update: /ndn/cz-site/cz/svs_core/cz=7, 1741611589771
Received update: /ndn/lt-site/lt/svs_core/lt=7, 1741611589933
Received update: /ndn/pl-site/pl/svs_core/pl=7, 1741611591443
Received update: /ndn/it-site/it/svs_core/it=7, 1741611591991
Received update: /ndn/pt-site/pt/svs_core/pt=7, 1741611592016
Received update: /ndn/mt-site/mt/svs_core/mt=7, 1741611592840
Received update: /ndn/am-site/am/svs_core/am=7, 1741611593562
Received update: /ndn/az-site/az/svs_core/az=7, 1741611594134
Received update: /ndn/dk-site/dk/svs_core/dk=7, 1741611594702
Received update: /ndn/si-site/si/svs_core/si=7, 1741611595301
Received update: /ndn/me-site/me/svs_core/me=7, 1741611596071
Received update: /ndn/mk-site/mk/svs_core/mk=7, 1741611597574
Received update: /ndn/hr-site/hr/svs_core/hr=7, 1741611597695
Published sequence number: /ndn/ie-site/ie/svs_core/ie=7, 1741611599213
Sending Sync interest
Received update: /ndn/fr2-site/fr2/svs_core/fr2=7, 1741611599404
Received update: /ndn/il-site/il/svs_core/il=7, 1741611599739
Received update: /ndn/es-site/es/svs_core/es=7, 1741611601106
Received update: /ndn/se-site/se/svs_core/se=7, 1741611601645
Received update: /ndn/fi-site/fi/svs_core/fi=7, 1741611601947
Received update: /ndn/uk-site/uk/svs_core/uk=7, 1741611603839
Received update: /ndn/at-site/at/svs_core/at=8, 1741611607635
Received update: /ndn/ro-site/ro/svs_core/ro=8, 1741611608191
Received update: /ndn/be-site/be/svs_core/be=8, 1741611608589
Received update: /ndn/fr1-site/fr1/svs_core/fr1=8, 1741611610743
Received update: /ndn/ee-site/ee/svs_core/ee=8, 1741611610900
Received update: /ndn/bg-site/bg/svs_core/bg=8, 1741611613222
Received update: /ndn/hu-site/hu/svs_core/hu=8, 1741611614236
Received update: /ndn/sk-site/sk/svs_core/sk=8, 1741611614736
Received update: /ndn/is-site/is/svs_core/is=8, 1741611614916
Received update: /ndn/de1-site/de1/svs_core/de1=8, 1741611617303
Received update: /ndn/gr-site/gr/svs_core/gr=8, 1741611620547
Received update: /ndn/de2-site/de2/svs_core/de2=8, 1741611621313
Received update: /ndn/ch-site/ch/svs_core/ch=8, 1741611622085
Received update: /ndn/ge-site/ge/svs_core/ge=8, 1741611622249
Received update: /ndn/nl-site/nl/svs_core/nl=8, 1741611623522
Received update: /ndn/md-site/md/svs_core/md=8, 1741611624306
Received update: /ndn/tr-site/tr/svs_core/tr=8, 1741611624695
Received update: /ndn/cy-site/cy/svs_core/cy=8, 1741611625523
Received update: /ndn/rs-site/rs/svs_core/rs=8, 1741611627824
Received update: /ndn/by-site/by/svs_core/by=8, 1741611628407
Received update: /ndn/ua-site/ua/svs_core/ua=8, 1741611629329
Received update: /ndn/no-site/no/svs_core/no=8, 1741611630964
Received update: /ndn/lv-site/lv/svs_core/lv=8, 1741611631191
Received update: /ndn/al-site/al/svs_core/al=8, 1741611631620
Received update: /ndn/lu-site/lu/svs_core/lu=8, 1741611634625
Received update: /ndn/cz-site/cz/svs_core/cz=8, 1741611634771
Received update: /ndn/lt-site/lt/svs_core/lt=8, 1741611634936
Received update: /ndn/pl-site/pl/svs_core/pl=8, 1741611636450
Received update: /ndn/it-site/it/svs_core/it=8, 1741611637003
Received update: /ndn/mt-site/mt/svs_core/mt=8, 1741611637843
Received update: /ndn/pt-site/pt/svs_core/pt=8, 1741611638063
Received update: /ndn/am-site/am/svs_core/am=8, 1741611638561
Received update: /ndn/az-site/az/svs_core/az=8, 1741611639147
Received update: /ndn/dk-site/dk/svs_core/dk=8, 1741611639703
Received update: /ndn/si-site/si/svs_core/si=8, 1741611640306
Received update: /ndn/me-site/me/svs_core/me=8, 1741611641076
Received update: /ndn/mk-site/mk/svs_core/mk=8, 1741611642587
Received update: /ndn/hr-site/hr/svs_core/hr=8, 1741611642697
Published sequence number: /ndn/ie-site/ie/svs_core/ie=8, 1741611644219
Sending Sync interest
Received update: /ndn/fr2-site/fr2/svs_core/fr2=8, 1741611644408
Received update: /ndn/il-site/il/svs_core/il=8, 1741611644740
Received update: /ndn/es-site/es/svs_core/es=8, 1741611646103
Received update: /ndn/se-site/se/svs_core/se=8, 1741611646649
Received update: /ndn/fi-site/fi/svs_core/fi=8, 1741611646952
Received update: /ndn/uk-site/uk/svs_core/uk=8, 1741611648844
Received update: /ndn/at-site/at/svs_core/at=9, 1741611652639
Received update: /ndn/ro-site/ro/svs_core/ro=9, 1741611653190
Received update: /ndn/be-site/be/svs_core/be=9, 1741611653592
Received update: /ndn/fr1-site/fr1/svs_core/fr1=9, 1741611655743
Received update: /ndn/ee-site/ee/svs_core/ee=9, 1741611655901
Received update: /ndn/bg-site/bg/svs_core/bg=9, 1741611658221
Received update: /ndn/hu-site/hu/svs_core/hu=9, 1741611659242
Received update: /ndn/sk-site/sk/svs_core/sk=9, 1741611659734
Received update: /ndn/is-site/is/svs_core/is=9, 1741611659915
Received update: /ndn/de1-site/de1/svs_core/de1=9, 1741611662307
Received update: /ndn/gr-site/gr/svs_core/gr=9, 1741611665549
Received update: /ndn/de2-site/de2/svs_core/de2=9, 1741611666309
Received update: /ndn/ch-site/ch/svs_core/ch=9, 1741611667087
Received update: /ndn/ge-site/ge/svs_core/ge=9, 1741611667243
Received update: /ndn/nl-site/nl/svs_core/nl=9, 1741611668523
Received update: /ndn/md-site/md/svs_core/md=9, 1741611669309
Received update: /ndn/tr-site/tr/svs_core/tr=9, 1741611669692
Received update: /ndn/cy-site/cy/svs_core/cy=9, 1741611670523
Received update: /ndn/rs-site/rs/svs_core/rs=9, 1741611672832
Received update: /ndn/by-site/by/svs_core/by=9, 1741611673409
Received update: /ndn/ua-site/ua/svs_core/ua=9, 1741611674333
Received update: /ndn/no-site/no/svs_core/no=9, 1741611675969
Received update: /ndn/lv-site/lv/svs_core/lv=9, 1741611676194
Received update: /ndn/al-site/al/svs_core/al=9, 1741611676619
Received update: /ndn/lu-site/lu/svs_core/lu=9, 1741611679630
Received update: /ndn/cz-site/cz/svs_core/cz=9, 1741611679774
Received update: /ndn/lt-site/lt/svs_core/lt=9, 1741611679942
Received update: /ndn/pl-site/pl/svs_core/pl=9, 1741611681452
Received update: /ndn/it-site/it/svs_core/it=9, 1741611682008
Received update: /ndn/pt-site/pt/svs_core/pt=9, 1741611682024
Received update: /ndn/mt-site/mt/svs_core/mt=9, 1741611682844
Received update: /ndn/am-site/am/svs_core/am=9, 1741611683597
Received update: /ndn/az-site/az/svs_core/az=9, 1741611684145
Received update: /ndn/dk-site/dk/svs_core/dk=9, 1741611684712
Received update: /ndn/si-site/si/svs_core/si=9, 1741611685309
Received update: /ndn/me-site/me/svs_core/me=9, 1741611686080
Received update: /ndn/mk-site/mk/svs_core/mk=9, 1741611687583
Received update: /ndn/hr-site/hr/svs_core/hr=9, 1741611687710
Published sequence number: /ndn/ie-site/ie/svs_core/ie=9, 1741611689223
Sending Sync interest
Received update: /ndn/fr2-site/fr2/svs_core/fr2=9, 1741611689411
Received update: /ndn/il-site/il/svs_core/il=9, 1741611689741
Received update: /ndn/es-site/es/svs_core/es=9, 1741611691106
Received update: /ndn/se-site/se/svs_core/se=9, 1741611691648
Received update: /ndn/fi-site/fi/svs_core/fi=9, 1741611691947
Received update: /ndn/uk-site/uk/svs_core/uk=9, 1741611693849
Received update: /ndn/at-site/at/svs_core/at=10, 1741611697640
Received update: /ndn/ro-site/ro/svs_core/ro=10, 1741611698192
Received update: /ndn/be-site/be/svs_core/be=10, 1741611698592
Received update: /ndn/fr1-site/fr1/svs_core/fr1=10, 1741611700748
Received update: /ndn/ee-site/ee/svs_core/ee=10, 1741611700902
Received update: /ndn/bg-site/bg/svs_core/bg=10, 1741611703228
Received update: /ndn/hu-site/hu/svs_core/hu=10, 1741611704246
Received update: /ndn/sk-site/sk/svs_core/sk=10, 1741611704742
Received update: /ndn/is-site/is/svs_core/is=10, 1741611704926
Received update: /ndn/de1-site/de1/svs_core/de1=10, 1741611707323
Received update: /ndn/gr-site/gr/svs_core/gr=10, 1741611710553
Received update: /ndn/de2-site/de2/svs_core/de2=10, 1741611711308
Received update: /ndn/ch-site/ch/svs_core/ch=10, 1741611712090
Received update: /ndn/ge-site/ge/svs_core/ge=10, 1741611712252
Received update: /ndn/nl-site/nl/svs_core/nl=10, 1741611713527
Received update: /ndn/md-site/md/svs_core/md=10, 1741611714320
Received update: /ndn/tr-site/tr/svs_core/tr=10, 1741611714693
Received update: /ndn/cy-site/cy/svs_core/cy=10, 1741611715528
Received update: /ndn/rs-site/rs/svs_core/rs=10, 1741611717840
Received update: /ndn/by-site/by/svs_core/by=10, 1741611718413
Received update: /ndn/ua-site/ua/svs_core/ua=10, 1741611719335
Received update: /ndn/no-site/no/svs_core/no=10, 1741611720972
Received update: /ndn/lv-site/lv/svs_core/lv=10, 1741611721198
Received update: /ndn/al-site/al/svs_core/al=10, 1741611721629
Received update: /ndn/lu-site/lu/svs_core/lu=10, 1741611724629
Received update: /ndn/cz-site/cz/svs_core/cz=10, 1741611724776
Received update: /ndn/lt-site/lt/svs_core/lt=10, 1741611724943
Received update: /ndn/pl-site/pl/svs_core/pl=10, 1741611726457
Received update: /ndn/it-site/it/svs_core/it=10, 1741611727010
Received update: /ndn/mt-site/mt/svs_core/mt=10, 1741611727852
Received update: /ndn/pt-site/pt/svs_core/pt=10, 1741611728042
Received update: /ndn/am-site/am/svs_core/am=10, 1741611728575
Received update: /ndn/az-site/az/svs_core/az=10, 1741611729145
Received update: /ndn/dk-site/dk/svs_core/dk=10, 1741611729710
Received update: /ndn/si-site/si/svs_core/si=10, 1741611730313
Received update: /ndn/me-site/me/svs_core/me=10, 1741611731085
Received update: /ndn/mk-site/mk/svs_core/mk=10, 1741611732584
Received update: /ndn/hr-site/hr/svs_core/hr=10, 1741611732705
Published sequence number: /ndn/ie-site/ie/svs_core/ie=10, 1741611734225
Sending Sync interest
Received update: /ndn/fr2-site/fr2/svs_core/fr2=10, 1741611734421
Received update: /ndn/il-site/il/svs_core/il=10, 1741611734745
Received update: /ndn/es-site/es/svs_core/es=10, 1741611736110
Received update: /ndn/se-site/se/svs_core/se=10, 1741611736659
Received update: /ndn/fi-site/fi/svs_core/fi=10, 1741611736953
Received update: /ndn/uk-site/uk/svs_core/uk=10, 1741611738851
Received update: /ndn/at-site/at/svs_core/at=11, 1741611742641
Received update: /ndn/ro-site/ro/svs_core/ro=11, 1741611743194
Received update: /ndn/be-site/be/svs_core/be=11, 1741611743599
Received update: /ndn/fr1-site/fr1/svs_core/fr1=11, 1741611745759
Received update: /ndn/ee-site/ee/svs_core/ee=11, 1741611745907
Received update: /ndn/bg-site/bg/svs_core/bg=11, 1741611748229
Received update: /ndn/hu-site/hu/svs_core/hu=11, 1741611749255
Received update: /ndn/sk-site/sk/svs_core/sk=11, 1741611749749
Received update: /ndn/is-site/is/svs_core/is=11, 1741611749927
Received update: /ndn/de1-site/de1/svs_core/de1=11, 1741611752315
Received update: /ndn/gr-site/gr/svs_core/gr=11, 1741611755551
Received update: /ndn/de2-site/de2/svs_core/de2=11, 1741611756309
Received update: /ndn/ch-site/ch/svs_core/ch=11, 1741611757093
Received update: /ndn/ge-site/ge/svs_core/ge=11, 1741611757256
Received update: /ndn/nl-site/nl/svs_core/nl=11, 1741611758531
Received update: /ndn/md-site/md/svs_core/md=11, 1741611759353
Received update: /ndn/tr-site/tr/svs_core/tr=11, 1741611759695
Received update: /ndn/cy-site/cy/svs_core/cy=11, 1741611760541
Received update: /ndn/rs-site/rs/svs_core/rs=11, 1741611762842
Received update: /ndn/by-site/by/svs_core/by=11, 1741611763423
Received update: /ndn/ua-site/ua/svs_core/ua=11, 1741611764341
Received update: /ndn/no-site/no/svs_core/no=11, 1741611765976
Received update: /ndn/lv-site/lv/svs_core/lv=11, 1741611766200
Received update: /ndn/al-site/al/svs_core/al=11, 1741611766626
Received update: /ndn/lu-site/lu/svs_core/lu=11, 1741611769638
Received update: /ndn/cz-site/cz/svs_core/cz=11, 1741611769783
Received update: /ndn/lt-site/lt/svs_core/lt=11, 1741611769944
Received update: /ndn/pl-site/pl/svs_core/pl=11, 1741611771461
Received update: /ndn/it-site/it/svs_core/it=11, 1741611772013
Received update: /ndn/mt-site/mt/svs_core/mt=11, 1741611772861
Received update: /ndn/pt-site/pt/svs_core/pt=11, 1741611773032
Received update: /ndn/am-site/am/svs_core/am=11, 1741611773581
Received update: /ndn/az-site/az/svs_core/az=11, 1741611774156
Received update: /ndn/dk-site/dk/svs_core/dk=11, 1741611774718
Received update: /ndn/si-site/si/svs_core/si=11, 1741611775314
Received update: /ndn/me-site/me/svs_core/me=11, 1741611776084
Received update: /ndn/mk-site/mk/svs_core/mk=11, 1741611777584
Received update: /ndn/hr-site/hr/svs_core/hr=11, 1741611777709
Published sequence number: /ndn/ie-site/ie/svs_core/ie=11, 1741611779226
Sending Sync interest
Received update: /ndn/fr2-site/fr2/svs_core/fr2=11, 1741611779425
Received update: /ndn/il-site/il/svs_core/il=11, 1741611779750
Received update: /ndn/es-site/es/svs_core/es=11, 1741611781112
Received update: /ndn/se-site/se/svs_core/se=11, 1741611781657
Received update: /ndn/fi-site/fi/svs_core/fi=11, 1741611781955
Received update: /ndn/uk-site/uk/svs_core/uk=11, 1741611783853
Received update: /ndn/at-site/at/svs_core/at=12, 1741611787642
Received update: /ndn/ro-site/ro/svs_core/ro=12, 1741611788201
Received update: /ndn/be-site/be/svs_core/be=12, 1741611788609
Received update: /ndn/fr1-site/fr1/svs_core/fr1=12, 1741611790758
Received update: /ndn/ee-site/ee/svs_core/ee=12, 1741611790915
Received update: /ndn/bg-site/bg/svs_core/bg=12, 1741611793233
Received update: /ndn/hu-site/hu/svs_core/hu=12, 1741611794251
Received update: /ndn/sk-site/sk/svs_core/sk=12, 1741611794750
Received update: /ndn/is-site/is/svs_core/is=12, 1741611794924
Received update: /ndn/de1-site/de1/svs_core/de1=12, 1741611797314
Received update: /ndn/gr-site/gr/svs_core/gr=12, 1741611800558
Received update: /ndn/de2-site/de2/svs_core/de2=12, 1741611801312
Received update: /ndn/ch-site/ch/svs_core/ch=12, 1741611802095
Received update: /ndn/ge-site/ge/svs_core/ge=12, 1741611802262
Received update: /ndn/nl-site/nl/svs_core/nl=12, 1741611803541
Received update: /ndn/md-site/md/svs_core/md=12, 1741611804328
Received update: /ndn/tr-site/tr/svs_core/tr=12, 1741611804701
Received update: /ndn/cy-site/cy/svs_core/cy=12, 1741611805548
Received update: /ndn/rs-site/rs/svs_core/rs=12, 1741611807836
Received update: /ndn/by-site/by/svs_core/by=12, 1741611808424
Received update: /ndn/ua-site/ua/svs_core/ua=12, 1741611809345
Received update: /ndn/no-site/no/svs_core/no=12, 1741611810984
Received update: /ndn/lv-site/lv/svs_core/lv=12, 1741611811206
Received update: /ndn/al-site/al/svs_core/al=12, 1741611811631
Received update: /ndn/lu-site/lu/svs_core/lu=12, 1741611814641
Received update: /ndn/cz-site/cz/svs_core/cz=12, 1741611814789
Received update: /ndn/lt-site/lt/svs_core/lt=12, 1741611814949
Received update: /ndn/pl-site/pl/svs_core/pl=12, 1741611816463
Received update: /ndn/it-site/it/svs_core/it=12, 1741611817022
Received update: /ndn/pt-site/pt/svs_core/pt=12, 1741611817025
Received update: /ndn/mt-site/mt/svs_core/mt=12, 1741611817860
Received update: /ndn/am-site/am/svs_core/am=12, 1741611818581
Received update: /ndn/az-site/az/svs_core/az=12, 1741611819162
Received update: /ndn/dk-site/dk/svs_core/dk=12, 1741611819721
Received update: /ndn/si-site/si/svs_core/si=12, 1741611820316
Received update: /ndn/me-site/me/svs_core/me=12, 1741611821084
Received update: /ndn/mk-site/mk/svs_core/mk=12, 1741611822585
Received update: /ndn/hr-site/hr/svs_core/hr=12, 1741611822715
Published sequence number: /ndn/ie-site/ie/svs_core/ie=12, 1741611824227
Sending Sync interest
Received update: /ndn/fr2-site/fr2/svs_core/fr2=12, 1741611824426
Received update: /ndn/il-site/il/svs_core/il=12, 1741611824758
Received update: /ndn/es-site/es/svs_core/es=12, 1741611826117
Received update: /ndn/se-site/se/svs_core/se=12, 1741611826662
Received update: /ndn/fi-site/fi/svs_core/fi=12, 1741611826958
Received update: /ndn/uk-site/uk/svs_core/uk=12, 1741611828859
Received update: /ndn/at-site/at/svs_core/at=13, 1741611832648
Received update: /ndn/ro-site/ro/svs_core/ro=13, 1741611833205
Received update: /ndn/be-site/be/svs_core/be=13, 1741611833605
Received update: /ndn/fr1-site/fr1/svs_core/fr1=13, 1741611835757
Received update: /ndn/ee-site/ee/svs_core/ee=13, 1741611835914
Received update: /ndn/bg-site/bg/svs_core/bg=13, 1741611838234
Received update: /ndn/hu-site/hu/svs_core/hu=13, 1741611839255
Received update: /ndn/sk-site/sk/svs_core/sk=13, 1741611839752
Received update: /ndn/is-site/is/svs_core/is=13, 1741611839924
Received update: /ndn/de1-site/de1/svs_core/de1=13, 1741611842319
Received update: /ndn/gr-site/gr/svs_core/gr=13, 1741611845556
Received update: /ndn/de2-site/de2/svs_core/de2=13, 1741611846318
Received update: /ndn/ch-site/ch/svs_core/ch=13, 1741611847099
Received update: /ndn/ge-site/ge/svs_core/ge=13, 1741611847262
Received update: /ndn/nl-site/nl/svs_core/nl=13, 1741611848535
Received update: /ndn/md-site/md/svs_core/md=13, 1741611849332
Received update: /ndn/tr-site/tr/svs_core/tr=13, 1741611849709
Received update: /ndn/cy-site/cy/svs_core/cy=13, 1741611850543
Received update: /ndn/rs-site/rs/svs_core/rs=13, 1741611852842
Received update: /ndn/by-site/by/svs_core/by=13, 1741611853429
Received update: /ndn/ua-site/ua/svs_core/ua=13, 1741611854344
Received update: /ndn/no-site/no/svs_core/no=13, 1741611855989
Received update: /ndn/lv-site/lv/svs_core/lv=13, 1741611856205
Received update: /ndn/al-site/al/svs_core/al=13, 1741611856638
Received update: /ndn/lu-site/lu/svs_core/lu=13, 1741611859643
Received update: /ndn/cz-site/cz/svs_core/cz=13, 1741611859789
Received update: /ndn/lt-site/lt/svs_core/lt=13, 1741611859965
Received update: /ndn/pl-site/pl/svs_core/pl=13, 1741611861463
Received update: /ndn/it-site/it/svs_core/it=13, 1741611862019
Received update: /ndn/pt-site/pt/svs_core/pt=13, 1741611862028
Received update: /ndn/mt-site/mt/svs_core/mt=13, 1741611862865
Received update: /ndn/am-site/am/svs_core/am=13, 1741611863584
Received update: /ndn/az-site/az/svs_core/az=13, 1741611864164
Received update: /ndn/dk-site/dk/svs_core/dk=13, 1741611864725
Received update: /ndn/si-site/si/svs_core/si=13, 1741611865320
Received update: /ndn/me-site/me/svs_core/me=13, 1741611866090
Received update: /ndn/mk-site/mk/svs_core/mk=13, 1741611867594
Received update: /ndn/hr-site/hr/svs_core/hr=13, 1741611867715
Published sequence number: /ndn/ie-site/ie/svs_core/ie=13, 1741611869228
Sending Sync interest
Received update: /ndn/fr2-site/fr2/svs_core/fr2=13, 1741611869429
Received update: /ndn/il-site/il/svs_core/il=13, 1741611869756
Received update: /ndn/es-site/es/svs_core/es=13, 1741611871120
Received update: /ndn/se-site/se/svs_core/se=13, 1741611871667
Received update: /ndn/fi-site/fi/svs_core/fi=13, 1741611871963
Received update: /ndn/uk-site/uk/svs_core/uk=13, 1741611873859
Received update: /ndn/at-site/at/svs_core/at=14, 1741611877646
Received update: /ndn/ro-site/ro/svs_core/ro=14, 1741611878206
Received update: /ndn/be-site/be/svs_core/be=14, 1741611878607
Received update: /ndn/fr1-site/fr1/svs_core/fr1=14, 1741611880758
Received update: /ndn/ee-site/ee/svs_core/ee=14, 1741611880916
Received update: /ndn/bg-site/bg/svs_core/bg=14, 1741611883240
Received update: /ndn/hu-site/hu/svs_core/hu=14, 1741611884253
Received update: /ndn/sk-site/sk/svs_core/sk=14, 1741611884754
Received update: /ndn/is-site/is/svs_core/is=14, 1741611884931
Received update: /ndn/de1-site/de1/svs_core/de1=14, 1741611887321
Received update: /ndn/gr-site/gr/svs_core/gr=14, 1741611890564
Received update: /ndn/de2-site/de2/svs_core/de2=14, 1741611891322
Received update: /ndn/ch-site/ch/svs_core/ch=14, 1741611892100
Received update: /ndn/ge-site/ge/svs_core/ge=14, 1741611892265
Received update: /ndn/nl-site/nl/svs_core/nl=14, 1741611893540
Received update: /ndn/md-site/md/svs_core/md=14, 1741611894352
Received update: /ndn/tr-site/tr/svs_core/tr=14, 1741611894711
Received update: /ndn/cy-site/cy/svs_core/cy=14, 1741611895543
Received update: /ndn/rs-site/rs/svs_core/rs=14, 1741611897845
Received update: /ndn/by-site/by/svs_core/by=14, 1741611898429
Received update: /ndn/ua-site/ua/svs_core/ua=14, 1741611899349
Received update: /ndn/no-site/no/svs_core/no=14, 1741611900989
Received update: /ndn/lv-site/lv/svs_core/lv=14, 1741611901209
Received update: /ndn/al-site/al/svs_core/al=14, 1741611901641
Received update: /ndn/lu-site/lu/svs_core/lu=14, 1741611904652
Received update: /ndn/cz-site/cz/svs_core/cz=14, 1741611904792
Received update: /ndn/lt-site/lt/svs_core/lt=14, 1741611904962
Received update: /ndn/pl-site/pl/svs_core/pl=14, 1741611906472
Received update: /ndn/it-site/it/svs_core/it=14, 1741611907021
Received update: /ndn/pt-site/pt/svs_core/pt=14, 1741611907027
Received update: /ndn/mt-site/mt/svs_core/mt=14, 1741611907868
Received update: /ndn/am-site/am/svs_core/am=14, 1741611908591
Received update: /ndn/az-site/az/svs_core/az=14, 1741611909167
Received update: /ndn/dk-site/dk/svs_core/dk=14, 1741611909724
Received update: /ndn/si-site/si/svs_core/si=14, 1741611910324
Received update: /ndn/me-site/me/svs_core/me=14, 1741611911097
Received update: /ndn/mk-site/mk/svs_core/mk=14, 1741611912602
Received update: /ndn/hr-site/hr/svs_core/hr=14, 1741611912718
Published sequence number: /ndn/ie-site/ie/svs_core/ie=14, 1741611914232
Sending Sync interest
Received update: /ndn/fr2-site/fr2/svs_core/fr2=14, 1741611914446
Received update: /ndn/il-site/il/svs_core/il=14, 1741611914764
Received update: /ndn/es-site/es/svs_core/es=14, 1741611916120
Received update: /ndn/se-site/se/svs_core/se=14, 1741611916661
Received update: /ndn/fi-site/fi/svs_core/fi=14, 1741611916964
Received update: /ndn/uk-site/uk/svs_core/uk=14, 1741611918863
Received update: /ndn/at-site/at/svs_core/at=15, 1741611922654
Received update: /ndn/ro-site/ro/svs_core/ro=15, 1741611923214
Received update: /ndn/be-site/be/svs_core/be=15, 1741611923611
Received update: /ndn/fr1-site/fr1/svs_core/fr1=15, 1741611925763
Received update: /ndn/ee-site/ee/svs_core/ee=15, 1741611925935
Received update: /ndn/bg-site/bg/svs_core/bg=15, 1741611928242
Received update: /ndn/hu-site/hu/svs_core/hu=15, 1741611929257
Received update: /ndn/sk-site/sk/svs_core/sk=15, 1741611929758
Received update: /ndn/is-site/is/svs_core/is=15, 1741611929931
Received update: /ndn/de1-site/de1/svs_core/de1=15, 1741611932326
Received update: /ndn/gr-site/gr/svs_core/gr=15, 1741611935565
Received update: /ndn/de2-site/de2/svs_core/de2=15, 1741611936329
Received update: /ndn/ch-site/ch/svs_core/ch=15, 1741611937098
Received update: /ndn/ge-site/ge/svs_core/ge=15, 1741611937271
Received update: /ndn/nl-site/nl/svs_core/nl=15, 1741611938543
Received update: /ndn/md-site/md/svs_core/md=15, 1741611939335
Received update: /ndn/tr-site/tr/svs_core/tr=15, 1741611939711
Received update: /ndn/cy-site/cy/svs_core/cy=15, 1741611940545
Received update: /ndn/rs-site/rs/svs_core/rs=15, 1741611942845
Received update: /ndn/by-site/by/svs_core/by=15, 1741611943428
Received update: /ndn/ua-site/ua/svs_core/ua=15, 1741611944351
Received update: /ndn/no-site/no/svs_core/no=15, 1741611946007
Received update: /ndn/lv-site/lv/svs_core/lv=15, 1741611946212
Received update: /ndn/al-site/al/svs_core/al=15, 1741611946644
Received update: /ndn/lu-site/lu/svs_core/lu=15, 1741611949656
Received update: /ndn/cz-site/cz/svs_core/cz=15, 1741611949796
Received update: /ndn/lt-site/lt/svs_core/lt=15, 1741611949961
Received update: /ndn/pl-site/pl/svs_core/pl=15, 1741611951469
Received update: /ndn/it-site/it/svs_core/it=15, 1741611952020
Received update: /ndn/pt-site/pt/svs_core/pt=15, 1741611952031
Received update: /ndn/mt-site/mt/svs_core/mt=15, 1741611952876
Received update: /ndn/am-site/am/svs_core/am=15, 1741611953595
Received update: /ndn/az-site/az/svs_core/az=15, 1741611954169
Received update: /ndn/dk-site/dk/svs_core/dk=15, 1741611954727
Received update: /ndn/si-site/si/svs_core/si=15, 1741611955326
Received update: /ndn/me-site/me/svs_core/me=15, 1741611956096
Received update: /ndn/mk-site/mk/svs_core/mk=15, 1741611957594
Received update: /ndn/hr-site/hr/svs_core/hr=15, 1741611957721
Published sequence number: /ndn/ie-site/ie/svs_core/ie=15, 1741611959232
Sending Sync interest
Received update: /ndn/fr2-site/fr2/svs_core/fr2=15, 1741611959440
Received update: /ndn/il-site/il/svs_core/il=15, 1741611959771
Received update: /ndn/es-site/es/svs_core/es=15, 1741611961126
Received update: /ndn/se-site/se/svs_core/se=15, 1741611961668
Received update: /ndn/fi-site/fi/svs_core/fi=15, 1741611961966
Received update: /ndn/uk-site/uk/svs_core/uk=15, 1741611963865
Received update: /ndn/at-site/at/svs_core/at=16, 1741611967659
Received update: /ndn/ro-site/ro/svs_core/ro=16, 1741611968218
Received update: /ndn/be-site/be/svs_core/be=16, 1741611968614
Received update: /ndn/fr1-site/fr1/svs_core/fr1=16, 1741611970767
Received update: /ndn/ee-site/ee/svs_core/ee=16, 1741611970925
Received update: /ndn/bg-site/bg/svs_core/bg=16, 1741611973240
Received update: /ndn/hu-site/hu/svs_core/hu=16, 1741611974257
Received update: /ndn/sk-site/sk/svs_core/sk=16, 1741611974771
Received update: /ndn/is-site/is/svs_core/is=16, 1741611974934
Received update: /ndn/de1-site/de1/svs_core/de1=16, 1741611977338
Received update: /ndn/gr-site/gr/svs_core/gr=16, 1741611980571
Received update: /ndn/de2-site/de2/svs_core/de2=16, 1741611981330
Received update: /ndn/ch-site/ch/svs_core/ch=16, 1741611982106
Received update: /ndn/ge-site/ge/svs_core/ge=16, 1741611982276
Received update: /ndn/nl-site/nl/svs_core/nl=16, 1741611983551
Received update: /ndn/md-site/md/svs_core/md=16, 1741611984337
Received update: /ndn/tr-site/tr/svs_core/tr=16, 1741611984716
Received update: /ndn/cy-site/cy/svs_core/cy=16, 1741611985548
Received update: /ndn/rs-site/rs/svs_core/rs=16, 1741611987854
Received update: /ndn/by-site/by/svs_core/by=16, 1741611988434
Received update: /ndn/ua-site/ua/svs_core/ua=16, 1741611989355
Received update: /ndn/no-site/no/svs_core/no=16, 1741611991000
Received update: /ndn/lv-site/lv/svs_core/lv=16, 1741611991212
Received update: /ndn/al-site/al/svs_core/al=16, 1741611991643
Received update: /ndn/lu-site/lu/svs_core/lu=16, 1741611994657
Received update: /ndn/cz-site/cz/svs_core/cz=16, 1741611994802
Received update: /ndn/lt-site/lt/svs_core/lt=16, 1741611994969
Received update: /ndn/pl-site/pl/svs_core/pl=16, 1741611996474
Received update: /ndn/it-site/it/svs_core/it=16, 1741611997029
Received update: /ndn/pt-site/pt/svs_core/pt=16, 1741611997033
Received update: /ndn/mt-site/mt/svs_core/mt=16, 1741611997878
Received update: /ndn/am-site/am/svs_core/am=16, 1741611998600
Received update: /ndn/az-site/az/svs_core/az=16, 1741611999170
Received update: /ndn/dk-site/dk/svs_core/dk=16, 1741611999734
Received update: /ndn/si-site/si/svs_core/si=16, 1741612000332
Received update: /ndn/me-site/me/svs_core/me=16, 1741612001100
Received update: /ndn/mk-site/mk/svs_core/mk=16, 1741612002598
Received update: /ndn/hr-site/hr/svs_core/hr=16, 1741612002725
Published sequence number: /ndn/ie-site/ie/svs_core/ie=16, 1741612004233
Sending Sync interest
Received update: /ndn/fr2-site/fr2/svs_core/fr2=16, 1741612004447
Received update: /ndn/il-site/il/svs_core/il=16, 1741612004773
Received update: /ndn/es-site/es/svs_core/es=16, 1741612006133
Received update: /ndn/se-site/se/svs_core/se=16, 1741612006686
Received update: /ndn/fi-site/fi/svs_core/fi=16, 1741612006973
Received update: /ndn/uk-site/uk/svs_core/uk=16, 1741612008872
Stopping SVS client: /ndn/ie-site/ie/svs_core/ie
