SVS client starting: /ndn/uk-site/uk/svs_core/uk
Max suppression time updated to: 132
Max suppression time updated to: 88
Max suppression time updated to: 120
Max suppression time updated to: 100
Sending Sync interest
Max suppression time updated to: 128
Max suppression time updated to: 144
Max suppression time updated to: 156
Max suppression time updated to: 176
Max suppression time updated to: 244
Max suppression time updated to: 228
Received update: /ndn/tr-site/tr/svs_core/tr=1, 1741663382354
Max suppression time updated to: 216
Received update: /ndn/al-site/al/svs_core/al=1, 1741663382680
Received update: /ndn/gr-site/gr/svs_core/gr=1, 1741663382680
Max suppression time updated to: 220
Received update: /ndn/cz-site/cz/svs_core/cz=1, 1741663383276
Max suppression time updated to: 208
Max suppression time updated to: 216
Max suppression time updated to: 204
Received update: /ndn/by-site/by/svs_core/by=1, 1741663387081
Received update: /ndn/ua-site/ua/svs_core/ua=1, 1741663387081
Max suppression time updated to: 196
Received update: /ndn/nl-site/nl/svs_core/nl=1, 1741663387087
Max suppression time updated to: 192
Max suppression time updated to: 188
Max suppression time updated to: 184
Max suppression time updated to: 176
Max suppression time updated to: 176
Max suppression time updated to: 168
Max suppression time updated to: 172
Published sequence number: /ndn/uk-site/uk/svs_core/uk=1, 1741663387845
Sending Sync interest
Max suppression time updated to: 172
Received update: /ndn/dk-site/dk/svs_core/dk=1, 1741663388057
Max suppression time updated to: 164
Received update: /ndn/de1-site/de1/svs_core/de1=1, 1741663388539
Max suppression time updated to: 164
Received update: /ndn/mk-site/mk/svs_core/mk=1, 1741663388563
Max suppression time updated to: 164
Max suppression time updated to: 160
Max suppression time updated to: 160
Max suppression time updated to: 160
Max suppression time updated to: 164
Max suppression time updated to: 168
Received update: /ndn/ch-site/ch/svs_core/ch=1, 1741663392931
Max suppression time updated to: 168
Received update: /ndn/hu-site/hu/svs_core/hu=1, 1741663398006
Received update: /ndn/de2-site/de2/svs_core/de2=1, 1741663398006
Max suppression time updated to: 168
Received update: /ndn/es-site/es/svs_core/es=1, 1741663402174
Received update: /ndn/it-site/it/svs_core/it=1, 1741663402174
Max suppression time updated to: 164
Received update: /ndn/lu-site/lu/svs_core/lu=1, 1741663403060
Max suppression time updated to: 164
Max suppression time updated to: 168
Max suppression time updated to: 164
Max suppression time updated to: 160
Max suppression time updated to: 160
Received update: /ndn/pt-site/pt/svs_core/pt=1, 1741663403256
Max suppression time updated to: 160
Received update: /ndn/rs-site/rs/svs_core/rs=1, 1741663403572
Received update: /ndn/si-site/si/svs_core/si=1, 1741663403572
Max suppression time updated to: 164
Received update: /ndn/fi-site/fi/svs_core/fi=1, 1741663403574
Sending Sync interest
Max suppression time updated to: 164
Received update: /ndn/ge-site/ge/svs_core/ge=1, 1741663404464
Max suppression time updated to: 160
Max suppression time updated to: 160
Received update: /ndn/ie-site/ie/svs_core/ie=1, 1741663404693
Max suppression time updated to: 160
Received update: /ndn/lv-site/lv/svs_core/lv=1, 1741663405148
Max suppression time updated to: 156
Max suppression time updated to: 156
Max suppression time updated to: 156
Received update: /ndn/lt-site/lt/svs_core/lt=1, 1741663405476
Received update: /ndn/se-site/se/svs_core/se=1, 1741663405476
Max suppression time updated to: 156
Max suppression time updated to: 152
Received update: /ndn/be-site/be/svs_core/be=1, 1741663406021
Max suppression time updated to: 164
Max suppression time updated to: 176
Max suppression time updated to: 192
Received update: /ndn/ro-site/ro/svs_core/ro=1, 1741663406398
Max suppression time updated to: 200
Max suppression time updated to: 204
Max suppression time updated to: 200
Max suppression time updated to: 200
Max suppression time updated to: 200
Max suppression time updated to: 200
Max suppression time updated to: 200
Max suppression time updated to: 196
Received update: /ndn/at-site/at/svs_core/at=1, 1741663407950
Received update: /ndn/mt-site/mt/svs_core/mt=1, 1741663407950
Max suppression time updated to: 196
Received update: /ndn/fr1-site/fr1/svs_core/fr1=1, 1741663408092
Max suppression time updated to: 196
Received update: /ndn/il-site/il/svs_core/il=1, 1741663408470
Max suppression time updated to: 196
Max suppression time updated to: 196
Max suppression time updated to: 196
Received update: /ndn/md-site/md/svs_core/md=1, 1741663409739
Received update: /ndn/me-site/me/svs_core/me=1, 1741663409739
Max suppression time updated to: 196
Received update: /ndn/cy-site/cy/svs_core/cy=1, 1741663418936
Max suppression time updated to: 196
Received update: /ndn/am-site/am/svs_core/am=1, 1741663419114
Max suppression time updated to: 196
Received update: /ndn/is-site/is/svs_core/is=1, 1741663419183
Sending Sync interest
Max suppression time updated to: 192
Max suppression time updated to: 196
Sending Sync interest
Published sequence number: /ndn/uk-site/uk/svs_core/uk=2, 1741663432852
Sending Sync interest
Max suppression time updated to: 196
Received update: /ndn/bg-site/bg/svs_core/bg=1, 1741663447939
Received update: /ndn/lu-site/lu/svs_core/lu=2, 1741663447939
Max suppression time updated to: 204
Received update: /ndn/es-site/es/svs_core/es=2, 1741663448056
Max suppression time updated to: 200
Max suppression time updated to: 200
Received update: /ndn/pt-site/pt/svs_core/pt=2, 1741663448259
Max suppression time updated to: 196
Received update: /ndn/gr-site/gr/svs_core/gr=2, 1741663448382
Received update: /ndn/hr-site/hr/svs_core/hr=1, 1741663448382
Received update: /ndn/hu-site/hu/svs_core/hu=2, 1741663448382
Received update: /ndn/pl-site/pl/svs_core/pl=1, 1741663448382
Received update: /ndn/tr-site/tr/svs_core/tr=2, 1741663448382
Received update: /ndn/de2-site/de2/svs_core/de2=2, 1741663448382
Sending Sync interest
Max suppression time updated to: 196
Received update: /ndn/ch-site/ch/svs_core/ch=2, 1741663448455
Received update: /ndn/it-site/it/svs_core/it=2, 1741663448455
Received update: /ndn/sk-site/sk/svs_core/sk=1, 1741663448455
Sending Sync interest
Max suppression time updated to: 196
Received update: /ndn/at-site/at/svs_core/at=2, 1741663453793
Received update: /ndn/az-site/az/svs_core/az=1, 1741663453793
Received update: /ndn/by-site/by/svs_core/by=2, 1741663453793
Received update: /ndn/dk-site/dk/svs_core/dk=2, 1741663453793
Received update: /ndn/il-site/il/svs_core/il=2, 1741663453793
Received update: /ndn/nl-site/nl/svs_core/nl=2, 1741663453793
Received update: /ndn/ua-site/ua/svs_core/ua=2, 1741663453793
Received update: /ndn/de1-site/de1/svs_core/de1=2, 1741663453793
Received update: /ndn/fr1-site/fr1/svs_core/fr1=2, 1741663453793
Max suppression time updated to: 196
Received update: /ndn/be-site/be/svs_core/be=2, 1741663456179
Received update: /ndn/sk-site/sk/svs_core/sk=2, 1741663456179
Max suppression time updated to: 196
Sending Sync interest
Max suppression time updated to: 200
Received update: /ndn/cy-site/cy/svs_core/cy=2, 1741663463928
Max suppression time updated to: 200
Received update: /ndn/ge-site/ge/svs_core/ge=2, 1741663464348
Received update: /ndn/pl-site/pl/svs_core/pl=2, 1741663464348
Max suppression time updated to: 196
Received update: /ndn/ee-site/ee/svs_core/ee=1, 1741663465398
Published sequence number: /ndn/uk-site/uk/svs_core/uk=3, 1741663477853
Max suppression time updated to: 200
Received update: /ndn/hr-site/hr/svs_core/hr=2, 1741663481727
Received update: /ndn/fr2-site/fr2/svs_core/fr2=1, 1741663481727
Received update: /ndn/fr2-site/fr2/svs_core/fr2=2, 1741663481727
Sending Sync interest
Max suppression time updated to: 200
Received update: /ndn/al-site/al/svs_core/al=2, 1741663482675
Received update: /ndn/cz-site/cz/svs_core/cz=2, 1741663482675
Received update: /ndn/cz-site/cz/svs_core/cz=3, 1741663482675
Received update: /ndn/dk-site/dk/svs_core/dk=3, 1741663482675
Received update: /ndn/fi-site/fi/svs_core/fi=2, 1741663482675
Received update: /ndn/gr-site/gr/svs_core/gr=3, 1741663482675
Received update: /ndn/hu-site/hu/svs_core/hu=3, 1741663482675
Received update: /ndn/nl-site/nl/svs_core/nl=3, 1741663482675
Received update: /ndn/no-site/no/svs_core/no=1, 1741663482675
Received update: /ndn/se-site/se/svs_core/se=2, 1741663482675
Received update: /ndn/de1-site/de1/svs_core/de1=3, 1741663482675
Sending Sync interest
Max suppression time updated to: 196
Received update: /ndn/ch-site/ch/svs_core/ch=3, 1741663487999
Received update: /ndn/tr-site/tr/svs_core/tr=3, 1741663487999
Received update: /ndn/de2-site/de2/svs_core/de2=3, 1741663487999
Sending Sync interest
Max suppression time updated to: 196
Max suppression time updated to: 196
Received update: /ndn/am-site/am/svs_core/am=2, 1741663489428
Received update: /ndn/si-site/si/svs_core/si=2, 1741663489428
Received update: /ndn/si-site/si/svs_core/si=3, 1741663489428
Max suppression time updated to: 196
Max suppression time updated to: 192
Max suppression time updated to: 192
Max suppression time updated to: 192
Received update: /ndn/ie-site/ie/svs_core/ie=2, 1741663493686
Received update: /ndn/ie-site/ie/svs_core/ie=3, 1741663493686
Max suppression time updated to: 192
Received update: /ndn/be-site/be/svs_core/be=3, 1741663496033
Sending Sync interest
Max suppression time updated to: 192
Max suppression time updated to: 192
Received update: /ndn/ee-site/ee/svs_core/ee=2, 1741663496909
Received update: /ndn/is-site/is/svs_core/is=2, 1741663496909
Received update: /ndn/is-site/is/svs_core/is=3, 1741663496909
Max suppression time updated to: 192
Received update: /ndn/at-site/at/svs_core/at=3, 1741663498819
Received update: /ndn/az-site/az/svs_core/az=2, 1741663498819
Received update: /ndn/bg-site/bg/svs_core/bg=2, 1741663498819
Received update: /ndn/ge-site/ge/svs_core/ge=3, 1741663498819
Received update: /ndn/lu-site/lu/svs_core/lu=3, 1741663498819
Received update: /ndn/ro-site/ro/svs_core/ro=2, 1741663498819
Received update: /ndn/ro-site/ro/svs_core/ro=3, 1741663498819
Received update: /ndn/ua-site/ua/svs_core/ua=3, 1741663498819
Max suppression time updated to: 192
Max suppression time updated to: 192
Received update: /ndn/il-site/il/svs_core/il=3, 1741663498973
Received update: /ndn/rs-site/rs/svs_core/rs=2, 1741663498973
Received update: /ndn/rs-site/rs/svs_core/rs=3, 1741663498973
Max suppression time updated to: 192
Received update: /ndn/cy-site/cy/svs_core/cy=3, 1741663508906
Max suppression time updated to: 188
Received update: /ndn/gr-site/gr/svs_core/gr=4, 1741663517366
Received update: /ndn/pl-site/pl/svs_core/pl=3, 1741663517366
Received update: /ndn/tr-site/tr/svs_core/tr=4, 1741663517366
Published sequence number: /ndn/uk-site/uk/svs_core/uk=4, 1741663522857
Sending Sync interest
Max suppression time updated to: 188
Received update: /ndn/ee-site/ee/svs_core/ee=3, 1741663523449
Received update: /ndn/lt-site/lt/svs_core/lt=2, 1741663523449
Received update: /ndn/lt-site/lt/svs_core/lt=3, 1741663523449
Received update: /ndn/lv-site/lv/svs_core/lv=2, 1741663523449
Received update: /ndn/lv-site/lv/svs_core/lv=3, 1741663523449
Received update: /ndn/lv-site/lv/svs_core/lv=4, 1741663523449
Received update: /ndn/de1-site/de1/svs_core/de1=4, 1741663523449
Sending Sync interest
Max suppression time updated to: 188
Received update: /ndn/al-site/al/svs_core/al=3, 1741663549471
Received update: /ndn/am-site/am/svs_core/am=3, 1741663549471
Received update: /ndn/az-site/az/svs_core/az=3, 1741663549471
Received update: /ndn/ch-site/ch/svs_core/ch=4, 1741663549471
Received update: /ndn/dk-site/dk/svs_core/dk=4, 1741663549471
Received update: /ndn/fi-site/fi/svs_core/fi=3, 1741663549471
Received update: /ndn/fi-site/fi/svs_core/fi=4, 1741663549471
Received update: /ndn/hr-site/hr/svs_core/hr=3, 1741663549471
Received update: /ndn/hr-site/hr/svs_core/hr=4, 1741663549471
Received update: /ndn/hu-site/hu/svs_core/hu=4, 1741663549471
Received update: /ndn/it-site/it/svs_core/it=3, 1741663549471
Received update: /ndn/mt-site/mt/svs_core/mt=2, 1741663549471
Received update: /ndn/mt-site/mt/svs_core/mt=3, 1741663549471
Received update: /ndn/nl-site/nl/svs_core/nl=4, 1741663549471
Received update: /ndn/se-site/se/svs_core/se=3, 1741663549471
Received update: /ndn/sk-site/sk/svs_core/sk=3, 1741663549471
Received update: /ndn/ua-site/ua/svs_core/ua=4, 1741663549471
Received update: /ndn/de2-site/de2/svs_core/de2=4, 1741663549471
Received update: /ndn/fr1-site/fr1/svs_core/fr1=3, 1741663549471
Received update: /ndn/fr2-site/fr2/svs_core/fr2=3, 1741663549471
Max suppression time updated to: 188
Received update: /ndn/at-site/at/svs_core/at=4, 1741663549475
Max suppression time updated to: 188
Received update: /ndn/il-site/il/svs_core/il=4, 1741663549654
Max suppression time updated to: 192
Received update: /ndn/rs-site/rs/svs_core/rs=4, 1741663549776
Max suppression time updated to: 192
Received update: /ndn/pt-site/pt/svs_core/pt=3, 1741663549984
Received update: /ndn/pt-site/pt/svs_core/pt=4, 1741663549984
Sending Sync interest
Max suppression time updated to: 192
Received update: /ndn/dk-site/dk/svs_core/dk=5, 1741663567352
Received update: /ndn/no-site/no/svs_core/no=2, 1741663567352
Received update: /ndn/no-site/no/svs_core/no=3, 1741663567352
Received update: /ndn/se-site/se/svs_core/se=4, 1741663567352
Sending Sync interest
Published sequence number: /ndn/uk-site/uk/svs_core/uk=5, 1741663567858
Sending Sync interest
Max suppression time updated to: 192
Received update: /ndn/am-site/am/svs_core/am=4, 1741663568328
Received update: /ndn/ge-site/ge/svs_core/ge=4, 1741663568328
Received update: /ndn/pl-site/pl/svs_core/pl=4, 1741663568328
Received update: /ndn/sk-site/sk/svs_core/sk=4, 1741663568328
Max suppression time updated to: 192
Received update: /ndn/be-site/be/svs_core/be=4, 1741663568590
Received update: /ndn/ee-site/ee/svs_core/ee=4, 1741663568590
Received update: /ndn/nl-site/nl/svs_core/nl=5, 1741663568590
Received update: /ndn/de1-site/de1/svs_core/de1=5, 1741663568590
Max suppression time updated to: 188
Received update: /ndn/al-site/al/svs_core/al=4, 1741663568673
Received update: /ndn/al-site/al/svs_core/al=5, 1741663568673
Received update: /ndn/by-site/by/svs_core/by=3, 1741663568673
Received update: /ndn/by-site/by/svs_core/by=4, 1741663568673
Received update: /ndn/by-site/by/svs_core/by=5, 1741663568673
Received update: /ndn/cy-site/cy/svs_core/cy=4, 1741663568673
Received update: /ndn/es-site/es/svs_core/es=3, 1741663568673
Received update: /ndn/es-site/es/svs_core/es=4, 1741663568673
Received update: /ndn/it-site/it/svs_core/it=4, 1741663568673
Received update: /ndn/tr-site/tr/svs_core/tr=5, 1741663568673
Received update: /ndn/fr1-site/fr1/svs_core/fr1=4, 1741663568673
Received update: /ndn/fr2-site/fr2/svs_core/fr2=4, 1741663568673
Max suppression time updated to: 188
Received update: /ndn/az-site/az/svs_core/az=4, 1741663568822
Received update: /ndn/lu-site/lu/svs_core/lu=4, 1741663568822
Max suppression time updated to: 188
Max suppression time updated to: 188
Max suppression time updated to: 196
Received update: /ndn/ch-site/ch/svs_core/ch=5, 1741663580093
Received update: /ndn/mt-site/mt/svs_core/mt=4, 1741663580093
Received update: /ndn/ua-site/ua/svs_core/ua=5, 1741663580093
Received update: /ndn/de2-site/de2/svs_core/de2=5, 1741663580093
Max suppression time updated to: 196
Received update: /ndn/bg-site/bg/svs_core/bg=3, 1741663584282
Received update: /ndn/bg-site/bg/svs_core/bg=4, 1741663584282
Received update: /ndn/ge-site/ge/svs_core/ge=5, 1741663584282
Received update: /ndn/md-site/md/svs_core/md=2, 1741663584282
Received update: /ndn/md-site/md/svs_core/md=3, 1741663584282
Received update: /ndn/md-site/md/svs_core/md=4, 1741663584282
Received update: /ndn/mk-site/mk/svs_core/mk=2, 1741663584282
Received update: /ndn/mk-site/mk/svs_core/mk=3, 1741663584282
Received update: /ndn/mk-site/mk/svs_core/mk=4, 1741663584282
Received update: /ndn/ro-site/ro/svs_core/ro=4, 1741663584282
Max suppression time updated to: 196
Received update: /ndn/cz-site/cz/svs_core/cz=4, 1741663584434
Received update: /ndn/cz-site/cz/svs_core/cz=5, 1741663584434
Received update: /ndn/hu-site/hu/svs_core/hu=5, 1741663584434
Received update: /ndn/it-site/it/svs_core/it=5, 1741663584434
Sending Sync interest
Max suppression time updated to: 188
Max suppression time updated to: 188
Received update: /ndn/ro-site/ro/svs_core/ro=5, 1741663585518
Max suppression time updated to: 188
Max suppression time updated to: 188
Received update: /ndn/gr-site/gr/svs_core/gr=5, 1741663586012
Max suppression time updated to: 188
Received update: /ndn/be-site/be/svs_core/be=5, 1741663586028
Max suppression time updated to: 196
Sending Sync interest
Max suppression time updated to: 196
Sending Sync interest
Max suppression time updated to: 196
Received update: /ndn/ie-site/ie/svs_core/ie=4, 1741663586891
Received update: /ndn/ie-site/ie/svs_core/ie=5, 1741663586891
Max suppression time updated to: 188
Received update: /ndn/fr1-site/fr1/svs_core/fr1=5, 1741663587782
Max suppression time updated to: 188
Sending Sync interest
Max suppression time updated to: 188
Sending Sync interest
Max suppression time updated to: 188
Received update: /ndn/il-site/il/svs_core/il=5, 1741663588515
Received update: /ndn/mt-site/mt/svs_core/mt=5, 1741663588515
Sending Sync interest
Max suppression time updated to: 188
Max suppression time updated to: 188
Received update: /ndn/at-site/at/svs_core/at=5, 1741663594565
Received update: /ndn/pl-site/pl/svs_core/pl=5, 1741663594565
Max suppression time updated to: 188
Received update: /ndn/lu-site/lu/svs_core/lu=5, 1741663594668
Max suppression time updated to: 188
Received update: /ndn/am-site/am/svs_core/am=5, 1741663595224
Received update: /ndn/ee-site/ee/svs_core/ee=5, 1741663595224
Received update: /ndn/rs-site/rs/svs_core/rs=5, 1741663595224
Max suppression time updated to: 188
Received update: /ndn/gr-site/gr/svs_core/gr=6, 1741663604887
Max suppression time updated to: 188
Received update: /ndn/cy-site/cy/svs_core/cy=5, 1741663605123
Max suppression time updated to: 188
Received update: /ndn/bg-site/bg/svs_core/bg=5, 1741663605979
Received update: /ndn/hr-site/hr/svs_core/hr=5, 1741663605979
Received update: /ndn/me-site/me/svs_core/me=2, 1741663605979
Received update: /ndn/me-site/me/svs_core/me=3, 1741663605979
Received update: /ndn/me-site/me/svs_core/me=4, 1741663605979
Received update: /ndn/me-site/me/svs_core/me=5, 1741663605979
Published sequence number: /ndn/uk-site/uk/svs_core/uk=6, 1741663612860
Sending Sync interest
Max suppression time updated to: 192
Received update: /ndn/de1-site/de1/svs_core/de1=6, 1741663613464
Sending Sync interest
Max suppression time updated to: 192
Received update: /ndn/nl-site/nl/svs_core/nl=6, 1741663613683
Max suppression time updated to: 192
Sending Sync interest
Max suppression time updated to: 192
Received update: /ndn/az-site/az/svs_core/az=5, 1741663624357
Received update: /ndn/hu-site/hu/svs_core/hu=6, 1741663624357
Received update: /ndn/si-site/si/svs_core/si=4, 1741663624357
Received update: /ndn/si-site/si/svs_core/si=5, 1741663624357
Received update: /ndn/si-site/si/svs_core/si=6, 1741663624357
Received update: /ndn/tr-site/tr/svs_core/tr=6, 1741663624357
Received update: /ndn/ua-site/ua/svs_core/ua=6, 1741663624357
Received update: /ndn/fr2-site/fr2/svs_core/fr2=5, 1741663624357
Max suppression time updated to: 192
Received update: /ndn/lu-site/lu/svs_core/lu=6, 1741663628126
Received update: /ndn/sk-site/sk/svs_core/sk=5, 1741663628126
Received update: /ndn/de2-site/de2/svs_core/de2=6, 1741663628126
Sending Sync interest
Max suppression time updated to: 192
Received update: /ndn/at-site/at/svs_core/at=6, 1741663636325
Received update: /ndn/by-site/by/svs_core/by=6, 1741663636325
Received update: /ndn/ch-site/ch/svs_core/ch=6, 1741663636325
Received update: /ndn/es-site/es/svs_core/es=5, 1741663636325
Received update: /ndn/ge-site/ge/svs_core/ge=6, 1741663636325
Received update: /ndn/il-site/il/svs_core/il=6, 1741663636325
Received update: /ndn/it-site/it/svs_core/it=6, 1741663636325
Received update: /ndn/mt-site/mt/svs_core/mt=6, 1741663636325
Received update: /ndn/rs-site/rs/svs_core/rs=6, 1741663636325
Received update: /ndn/fr1-site/fr1/svs_core/fr1=6, 1741663636325
Max suppression time updated to: 192
Received update: /ndn/cy-site/cy/svs_core/cy=6, 1741663657235
Received update: /ndn/hr-site/hr/svs_core/hr=6, 1741663657235
Received update: /ndn/lv-site/lv/svs_core/lv=5, 1741663657235
Received update: /ndn/lv-site/lv/svs_core/lv=6, 1741663657235
Received update: /ndn/nl-site/nl/svs_core/nl=7, 1741663657235
Received update: /ndn/tr-site/tr/svs_core/tr=7, 1741663657235
Received update: /ndn/ua-site/ua/svs_core/ua=7, 1741663657235
Max suppression time updated to: 192
Received update: /ndn/dk-site/dk/svs_core/dk=6, 1741663657736
Received update: /ndn/dk-site/dk/svs_core/dk=7, 1741663657736
Received update: /ndn/fi-site/fi/svs_core/fi=5, 1741663657736
Received update: /ndn/fi-site/fi/svs_core/fi=6, 1741663657736
Received update: /ndn/fi-site/fi/svs_core/fi=7, 1741663657736
Received update: /ndn/is-site/is/svs_core/is=4, 1741663657736
Received update: /ndn/is-site/is/svs_core/is=5, 1741663657736
Received update: /ndn/is-site/is/svs_core/is=6, 1741663657736
Received update: /ndn/no-site/no/svs_core/no=4, 1741663657736
Received update: /ndn/se-site/se/svs_core/se=5, 1741663657736
Received update: /ndn/se-site/se/svs_core/se=6, 1741663657736
Published sequence number: /ndn/uk-site/uk/svs_core/uk=7, 1741663657867
Sending Sync interest
Max suppression time updated to: 192
Received update: /ndn/de1-site/de1/svs_core/de1=7, 1741663658224
Sending Sync interest
Max suppression time updated to: 192
Received update: /ndn/be-site/be/svs_core/be=6, 1741663658625
Max suppression time updated to: 200
Received update: /ndn/al-site/al/svs_core/al=6, 1741663665033
Received update: /ndn/al-site/al/svs_core/al=7, 1741663665033
Received update: /ndn/ch-site/ch/svs_core/ch=7, 1741663665033
Max suppression time updated to: 200
Sending Sync interest
Max suppression time updated to: 200
Received update: /ndn/az-site/az/svs_core/az=6, 1741663669297
Received update: /ndn/ee-site/ee/svs_core/ee=6, 1741663669297
Received update: /ndn/si-site/si/svs_core/si=7, 1741663669297
Received update: /ndn/de2-site/de2/svs_core/de2=7, 1741663669297
Received update: /ndn/fr2-site/fr2/svs_core/fr2=6, 1741663669297
Max suppression time updated to: 196
Received update: /ndn/pl-site/pl/svs_core/pl=6, 1741663669377
Max suppression time updated to: 192
Received update: /ndn/by-site/by/svs_core/by=7, 1741663669433
Max suppression time updated to: 192
Max suppression time updated to: 188
Received update: /ndn/pt-site/pt/svs_core/pt=5, 1741663669631
Received update: /ndn/pt-site/pt/svs_core/pt=6, 1741663669631
Max suppression time updated to: 188
Received update: /ndn/hu-site/hu/svs_core/hu=7, 1741663669652
Max suppression time updated to: 188
Received update: /ndn/ie-site/ie/svs_core/ie=6, 1741663673706
Received update: /ndn/ie-site/ie/svs_core/ie=7, 1741663673706
Sending Sync interest
Max suppression time updated to: 188
Received update: /ndn/bg-site/bg/svs_core/bg=6, 1741663674149
Received update: /ndn/md-site/md/svs_core/md=5, 1741663674149
Received update: /ndn/mk-site/mk/svs_core/mk=5, 1741663674149
Received update: /ndn/mk-site/mk/svs_core/mk=6, 1741663674149
Received update: /ndn/sk-site/sk/svs_core/sk=6, 1741663674149
Max suppression time updated to: 188
Received update: /ndn/ge-site/ge/svs_core/ge=7, 1741663674265
Received update: /ndn/me-site/me/svs_core/me=6, 1741663674265
Received update: /ndn/ro-site/ro/svs_core/ro=6, 1741663674265
Sending Sync interest
Max suppression time updated to: 188
Max suppression time updated to: 188
Received update: /ndn/am-site/am/svs_core/am=6, 1741663678499
Received update: /ndn/il-site/il/svs_core/il=7, 1741663678499
Max suppression time updated to: 188
Received update: /ndn/at-site/at/svs_core/at=7, 1741663684644
Received update: /ndn/gr-site/gr/svs_core/gr=7, 1741663684644
Received update: /ndn/it-site/it/svs_core/it=7, 1741663684644
Received update: /ndn/md-site/md/svs_core/md=6, 1741663684644
Received update: /ndn/pl-site/pl/svs_core/pl=7, 1741663684644
Received update: /ndn/ro-site/ro/svs_core/ro=7, 1741663684644
Max suppression time updated to: 188
Received update: /ndn/az-site/az/svs_core/az=7, 1741663684796
Sending Sync interest
Max suppression time updated to: 188
Received update: /ndn/nl-site/nl/svs_core/nl=8, 1741663700922
Published sequence number: /ndn/uk-site/uk/svs_core/uk=8, 1741663702871
Sending Sync interest
Max suppression time updated to: 188
Received update: /ndn/hu-site/hu/svs_core/hu=8, 1741663707289
Received update: /ndn/tr-site/tr/svs_core/tr=8, 1741663707289
Max suppression time updated to: 188
Sending Sync interest
Max suppression time updated to: 188
Sending Sync interest
Max suppression time updated to: 188
Received update: /ndn/be-site/be/svs_core/be=7, 1741663712389
Max suppression time updated to: 188
Received update: /ndn/ch-site/ch/svs_core/ch=8, 1741663713203
Received update: /ndn/ee-site/ee/svs_core/ee=7, 1741663713203
Received update: /ndn/gr-site/gr/svs_core/gr=8, 1741663713203
Received update: /ndn/de1-site/de1/svs_core/de1=8, 1741663713203
Received update: /ndn/de2-site/de2/svs_core/de2=8, 1741663713203
Sending Sync interest
Max suppression time updated to: 188
Received update: /ndn/me-site/me/svs_core/me=7, 1741663719730
Received update: /ndn/rs-site/rs/svs_core/rs=7, 1741663719730
Received update: /ndn/rs-site/rs/svs_core/rs=8, 1741663719730
Sending Sync interest
Max suppression time updated to: 188
Received update: /ndn/am-site/am/svs_core/am=7, 1741663720706
Received update: /ndn/ge-site/ge/svs_core/ge=8, 1741663720706
Received update: /ndn/ro-site/ro/svs_core/ro=8, 1741663720706
Max suppression time updated to: 196
Received update: /ndn/am-site/am/svs_core/am=8, 1741663731161
Received update: /ndn/dk-site/dk/svs_core/dk=8, 1741663731161
Received update: /ndn/il-site/il/svs_core/il=8, 1741663731161
Received update: /ndn/is-site/is/svs_core/is=7, 1741663731161
Received update: /ndn/it-site/it/svs_core/it=8, 1741663731161
Received update: /ndn/si-site/si/svs_core/si=8, 1741663731161
Received update: /ndn/sk-site/sk/svs_core/sk=7, 1741663731161
Max suppression time updated to: 196
Received update: /ndn/gr-site/gr/svs_core/gr=9, 1741663739873
Sending Sync interest
Published sequence number: /ndn/uk-site/uk/svs_core/uk=9, 1741663747875
Sending Sync interest
Max suppression time updated to: 196
Received update: /ndn/at-site/at/svs_core/at=8, 1741663751238
Received update: /ndn/bg-site/bg/svs_core/bg=7, 1741663751238
Received update: /ndn/bg-site/bg/svs_core/bg=8, 1741663751238
Received update: /ndn/me-site/me/svs_core/me=8, 1741663751238
Received update: /ndn/nl-site/nl/svs_core/nl=9, 1741663751238
Received update: /ndn/pl-site/pl/svs_core/pl=8, 1741663751238
Received update: /ndn/tr-site/tr/svs_core/tr=9, 1741663751238
Sending Sync interest
Max suppression time updated to: 196
Received update: /ndn/az-site/az/svs_core/az=8, 1741663751718
Received update: /ndn/be-site/be/svs_core/be=8, 1741663751718
Received update: /ndn/cy-site/cy/svs_core/cy=7, 1741663751718
Received update: /ndn/cy-site/cy/svs_core/cy=8, 1741663751718
Received update: /ndn/hr-site/hr/svs_core/hr=7, 1741663751718
Received update: /ndn/hr-site/hr/svs_core/hr=8, 1741663751718
Received update: /ndn/lu-site/lu/svs_core/lu=7, 1741663751718
Received update: /ndn/lu-site/lu/svs_core/lu=8, 1741663751718
Received update: /ndn/mt-site/mt/svs_core/mt=7, 1741663751718
Received update: /ndn/mt-site/mt/svs_core/mt=8, 1741663751718
Received update: /ndn/ua-site/ua/svs_core/ua=8, 1741663751718
Received update: /ndn/ua-site/ua/svs_core/ua=9, 1741663751718
Received update: /ndn/de1-site/de1/svs_core/de1=9, 1741663751718
Sending Sync interest
Max suppression time updated to: 196
Received update: /ndn/al-site/al/svs_core/al=8, 1741663753867
Received update: /ndn/al-site/al/svs_core/al=9, 1741663753867
Received update: /ndn/ch-site/ch/svs_core/ch=9, 1741663753867
Sending Sync interest
Max suppression time updated to: 196
Received update: /ndn/cz-site/cz/svs_core/cz=6, 1741663754068
Received update: /ndn/cz-site/cz/svs_core/cz=7, 1741663754068
Received update: /ndn/cz-site/cz/svs_core/cz=8, 1741663754068
Received update: /ndn/cz-site/cz/svs_core/cz=9, 1741663754068
Max suppression time updated to: 196
Received update: /ndn/ie-site/ie/svs_core/ie=8, 1741663763713
Received update: /ndn/ie-site/ie/svs_core/ie=9, 1741663763713
Sending Sync interest
Max suppression time updated to: 192
Received update: /ndn/hu-site/hu/svs_core/hu=9, 1741663768510
Received update: /ndn/il-site/il/svs_core/il=9, 1741663768510
Max suppression time updated to: 192
Received update: /ndn/am-site/am/svs_core/am=9, 1741663775100
Received update: /ndn/at-site/at/svs_core/at=9, 1741663775100
Received update: /ndn/ge-site/ge/svs_core/ge=9, 1741663775100
Received update: /ndn/sk-site/sk/svs_core/sk=8, 1741663775100
Received update: /ndn/de2-site/de2/svs_core/de2=9, 1741663775100
Max suppression time updated to: 192
Received update: /ndn/ee-site/ee/svs_core/ee=8, 1741663775303
Published sequence number: /ndn/uk-site/uk/svs_core/uk=10, 1741663792878
Sending Sync interest
Max suppression time updated to: 192
Received update: /ndn/be-site/be/svs_core/be=9, 1741663794687
Received update: /ndn/by-site/by/svs_core/by=8, 1741663794687
Received update: /ndn/by-site/by/svs_core/by=9, 1741663794687
Received update: /ndn/me-site/me/svs_core/me=9, 1741663794687
Received update: /ndn/nl-site/nl/svs_core/nl=10, 1741663794687
Received update: /ndn/pl-site/pl/svs_core/pl=9, 1741663794687
Received update: /ndn/tr-site/tr/svs_core/tr=10, 1741663794687
Received update: /ndn/de1-site/de1/svs_core/de1=10, 1741663794687
Max suppression time updated to: 192
Received update: /ndn/hu-site/hu/svs_core/hu=10, 1741663797302
Max suppression time updated to: 192
Sending Sync interest
Max suppression time updated to: 192
Received update: /ndn/az-site/az/svs_core/az=9, 1741663798622
Received update: /ndn/cy-site/cy/svs_core/cy=9, 1741663798622
Received update: /ndn/gr-site/gr/svs_core/gr=10, 1741663798622
Received update: /ndn/it-site/it/svs_core/it=9, 1741663798622
Received update: /ndn/sk-site/sk/svs_core/sk=9, 1741663798622
Max suppression time updated to: 192
Received update: /ndn/by-site/by/svs_core/by=10, 1741663799588
Received update: /ndn/ch-site/ch/svs_core/ch=10, 1741663799588
Received update: /ndn/es-site/es/svs_core/es=6, 1741663799588
Received update: /ndn/es-site/es/svs_core/es=7, 1741663799588
Received update: /ndn/fr1-site/fr1/svs_core/fr1=7, 1741663799588
Received update: /ndn/fr1-site/fr1/svs_core/fr1=8, 1741663799588
Received update: /ndn/fr1-site/fr1/svs_core/fr1=9, 1741663799588
Max suppression time updated to: 192
Received update: /ndn/ie-site/ie/svs_core/ie=10, 1741663808717
Sending Sync interest
Max suppression time updated to: 192
Received update: /ndn/il-site/il/svs_core/il=10, 1741663813539
Max suppression time updated to: 192
Received update: /ndn/am-site/am/svs_core/am=10, 1741663820126
Received update: /ndn/bg-site/bg/svs_core/bg=9, 1741663820126
Received update: /ndn/it-site/it/svs_core/it=10, 1741663820126
Received update: /ndn/md-site/md/svs_core/md=7, 1741663820126
Received update: /ndn/md-site/md/svs_core/md=8, 1741663820126
Received update: /ndn/md-site/md/svs_core/md=9, 1741663820126
Received update: /ndn/mk-site/mk/svs_core/mk=7, 1741663820126
Received update: /ndn/mk-site/mk/svs_core/mk=8, 1741663820126
Received update: /ndn/mk-site/mk/svs_core/mk=9, 1741663820126
Received update: /ndn/mt-site/mt/svs_core/mt=9, 1741663820126
Received update: /ndn/ro-site/ro/svs_core/ro=9, 1741663820126
Received update: /ndn/ro-site/ro/svs_core/ro=10, 1741663820126
Received update: /ndn/rs-site/rs/svs_core/rs=9, 1741663820126
Received update: /ndn/rs-site/rs/svs_core/rs=10, 1741663820126
Received update: /ndn/de2-site/de2/svs_core/de2=10, 1741663820126
Sending Sync interest
Max suppression time updated to: 192
Received update: /ndn/at-site/at/svs_core/at=10, 1741663833042
Received update: /ndn/cz-site/cz/svs_core/cz=10, 1741663833042
Received update: /ndn/hr-site/hr/svs_core/hr=9, 1741663833042
Received update: /ndn/hr-site/hr/svs_core/hr=10, 1741663833042
Received update: /ndn/me-site/me/svs_core/me=10, 1741663833042
Received update: /ndn/pl-site/pl/svs_core/pl=10, 1741663833042
Received update: /ndn/tr-site/tr/svs_core/tr=11, 1741663833042
Received update: /ndn/ua-site/ua/svs_core/ua=10, 1741663833042
Max suppression time updated to: 192
Received update: /ndn/be-site/be/svs_core/be=10, 1741663833278
Max suppression time updated to: 192
Received update: /ndn/bg-site/bg/svs_core/bg=10, 1741663834169
Received update: /ndn/cy-site/cy/svs_core/cy=10, 1741663834169
Received update: /ndn/ge-site/ge/svs_core/ge=10, 1741663834169
Received update: /ndn/mk-site/mk/svs_core/mk=10, 1741663834169
Received update: /ndn/mk-site/mk/svs_core/mk=11, 1741663834169
Sending Sync interest
Max suppression time updated to: 192
Received update: /ndn/es-site/es/svs_core/es=8, 1741663834800
Received update: /ndn/es-site/es/svs_core/es=9, 1741663834800
Received update: /ndn/es-site/es/svs_core/es=10, 1741663834800
Received update: /ndn/fr1-site/fr1/svs_core/fr1=10, 1741663834800
Sending Sync interest
Max suppression time updated to: 192
Received update: /ndn/lu-site/lu/svs_core/lu=9, 1741663836132
Received update: /ndn/lu-site/lu/svs_core/lu=10, 1741663836132
Received update: /ndn/nl-site/nl/svs_core/nl=11, 1741663836132
Max suppression time updated to: 192
Published sequence number: /ndn/uk-site/uk/svs_core/uk=11, 1741663837886
Sending Sync interest
Max suppression time updated to: 192
Received update: /ndn/ch-site/ch/svs_core/ch=11, 1741663853179
Received update: /ndn/dk-site/dk/svs_core/dk=9, 1741663853179
Received update: /ndn/dk-site/dk/svs_core/dk=10, 1741663853179
Received update: /ndn/ee-site/ee/svs_core/ee=9, 1741663853179
Received update: /ndn/ee-site/ee/svs_core/ee=10, 1741663853179
Received update: /ndn/fi-site/fi/svs_core/fi=8, 1741663853179
Received update: /ndn/fi-site/fi/svs_core/fi=9, 1741663853179
Received update: /ndn/fi-site/fi/svs_core/fi=10, 1741663853179
Received update: /ndn/gr-site/gr/svs_core/gr=11, 1741663853179
Received update: /ndn/hu-site/hu/svs_core/hu=11, 1741663853179
Received update: /ndn/is-site/is/svs_core/is=8, 1741663853179
Received update: /ndn/is-site/is/svs_core/is=9, 1741663853179
Received update: /ndn/lu-site/lu/svs_core/lu=11, 1741663853179
Received update: /ndn/mt-site/mt/svs_core/mt=10, 1741663853179
Received update: /ndn/no-site/no/svs_core/no=5, 1741663853179
Received update: /ndn/no-site/no/svs_core/no=6, 1741663853179
Received update: /ndn/no-site/no/svs_core/no=7, 1741663853179
Received update: /ndn/no-site/no/svs_core/no=8, 1741663853179
Received update: /ndn/no-site/no/svs_core/no=9, 1741663853179
Received update: /ndn/se-site/se/svs_core/se=7, 1741663853179
Received update: /ndn/se-site/se/svs_core/se=8, 1741663853179
Received update: /ndn/se-site/se/svs_core/se=9, 1741663853179
Received update: /ndn/se-site/se/svs_core/se=10, 1741663853179
Received update: /ndn/si-site/si/svs_core/si=9, 1741663853179
Received update: /ndn/si-site/si/svs_core/si=10, 1741663853179
Received update: /ndn/sk-site/sk/svs_core/sk=10, 1741663853179
Received update: /ndn/de1-site/de1/svs_core/de1=11, 1741663853179
Received update: /ndn/de2-site/de2/svs_core/de2=11, 1741663853179
Max suppression time updated to: 192
Received update: /ndn/si-site/si/svs_core/si=11, 1741663853279
Max suppression time updated to: 192
Received update: /ndn/ie-site/ie/svs_core/ie=11, 1741663853723
Sending Sync interest
Max suppression time updated to: 192
Received update: /ndn/il-site/il/svs_core/il=11, 1741663858514
Max suppression time updated to: 192
Received update: /ndn/pt-site/pt/svs_core/pt=7, 1741663881469
Received update: /ndn/pt-site/pt/svs_core/pt=8, 1741663881469
Received update: /ndn/pt-site/pt/svs_core/pt=9, 1741663881469
Received update: /ndn/pt-site/pt/svs_core/pt=10, 1741663881469
Received update: /ndn/pt-site/pt/svs_core/pt=11, 1741663881469
Sending Sync interest
Published sequence number: /ndn/uk-site/uk/svs_core/uk=12, 1741663882889
Sending Sync interest
Max suppression time updated to: 192
Sending Sync interest
Max suppression time updated to: 192
Received update: /ndn/dk-site/dk/svs_core/dk=11, 1741663886399
Received update: /ndn/ee-site/ee/svs_core/ee=11, 1741663886399
Received update: /ndn/nl-site/nl/svs_core/nl=12, 1741663886399
Max suppression time updated to: 192
Received update: /ndn/at-site/at/svs_core/at=11, 1741663886477
Received update: /ndn/cy-site/cy/svs_core/cy=11, 1741663886477
Received update: /ndn/it-site/it/svs_core/it=11, 1741663886477
Received update: /ndn/ua-site/ua/svs_core/ua=11, 1741663886477
Max suppression time updated to: 192
Received update: /ndn/az-site/az/svs_core/az=10, 1741663886688
Received update: /ndn/az-site/az/svs_core/az=11, 1741663886688
Received update: /ndn/bg-site/bg/svs_core/bg=11, 1741663886688
Received update: /ndn/by-site/by/svs_core/by=11, 1741663886688
Received update: /ndn/by-site/by/svs_core/by=12, 1741663886688
Received update: /ndn/cz-site/cz/svs_core/cz=11, 1741663886688
Received update: /ndn/cz-site/cz/svs_core/cz=12, 1741663886688
Received update: /ndn/ge-site/ge/svs_core/ge=11, 1741663886688
Received update: /ndn/mk-site/mk/svs_core/mk=12, 1741663886688
Received update: /ndn/pl-site/pl/svs_core/pl=11, 1741663886688
Received update: /ndn/ro-site/ro/svs_core/ro=11, 1741663886688
Received update: /ndn/rs-site/rs/svs_core/rs=11, 1741663886688
Received update: /ndn/sk-site/sk/svs_core/sk=11, 1741663886688
Received update: /ndn/tr-site/tr/svs_core/tr=12, 1741663886688
Max suppression time updated to: 192
Received update: /ndn/dk-site/dk/svs_core/dk=12, 1741663888488
Received update: /ndn/hu-site/hu/svs_core/hu=12, 1741663888488
Received update: /ndn/me-site/me/svs_core/me=11, 1741663888488
Received update: /ndn/de1-site/de1/svs_core/de1=12, 1741663888488
Max suppression time updated to: 192
Received update: /ndn/ch-site/ch/svs_core/ch=12, 1741663893041
Received update: /ndn/gr-site/gr/svs_core/gr=12, 1741663893041
Received update: /ndn/ua-site/ua/svs_core/ua=12, 1741663893041
Received update: /ndn/de2-site/de2/svs_core/de2=12, 1741663893041
Received update: /ndn/fr2-site/fr2/svs_core/fr2=7, 1741663893041
Received update: /ndn/fr2-site/fr2/svs_core/fr2=8, 1741663893041
Received update: /ndn/fr2-site/fr2/svs_core/fr2=9, 1741663893041
Received update: /ndn/fr2-site/fr2/svs_core/fr2=10, 1741663893041
Received update: /ndn/fr2-site/fr2/svs_core/fr2=11, 1741663893041
Max suppression time updated to: 192
Received update: /ndn/hr-site/hr/svs_core/hr=11, 1741663897110
Received update: /ndn/it-site/it/svs_core/it=12, 1741663897110
Max suppression time updated to: 192
Received update: /ndn/ge-site/ge/svs_core/ge=12, 1741663899292
Max suppression time updated to: 192
Received update: /ndn/be-site/be/svs_core/be=11, 1741663901045
Received update: /ndn/be-site/be/svs_core/be=12, 1741663901045
Sending Sync interest
Max suppression time updated to: 192
Received update: /ndn/pt-site/pt/svs_core/pt=12, 1741663901436
Max suppression time updated to: 192
Received update: /ndn/am-site/am/svs_core/am=11, 1741663901737
Received update: /ndn/mt-site/mt/svs_core/mt=11, 1741663901737
Received update: /ndn/mt-site/mt/svs_core/mt=12, 1741663901737
Received update: /ndn/ro-site/ro/svs_core/ro=12, 1741663901737
Received update: /ndn/si-site/si/svs_core/si=12, 1741663901737
Max suppression time updated to: 192
Received update: /ndn/at-site/at/svs_core/at=12, 1741663909541
Received update: /ndn/hr-site/hr/svs_core/hr=12, 1741663909541
Received update: /ndn/me-site/me/svs_core/me=12, 1741663909541
Received update: /ndn/pl-site/pl/svs_core/pl=12, 1741663909541
Received update: /ndn/rs-site/rs/svs_core/rs=12, 1741663909541
Max suppression time updated to: 192
Received update: /ndn/ie-site/ie/svs_core/ie=12, 1741663909760
Max suppression time updated to: 192
Received update: /ndn/fi-site/fi/svs_core/fi=11, 1741663919406
Received update: /ndn/fi-site/fi/svs_core/fi=12, 1741663919406
Received update: /ndn/fi-site/fi/svs_core/fi=13, 1741663919406
Received update: /ndn/se-site/se/svs_core/se=11, 1741663919406
Received update: /ndn/se-site/se/svs_core/se=12, 1741663919406
Max suppression time updated to: 192
Received update: /ndn/cy-site/cy/svs_core/cy=12, 1741663919591
Received update: /ndn/il-site/il/svs_core/il=12, 1741663919591
Received update: /ndn/sk-site/sk/svs_core/sk=12, 1741663919591
Received update: /ndn/fr1-site/fr1/svs_core/fr1=11, 1741663919591
Received update: /ndn/fr1-site/fr1/svs_core/fr1=12, 1741663919591
Max suppression time updated to: 192
Received update: /ndn/lu-site/lu/svs_core/lu=12, 1741663919781
Max suppression time updated to: 192
Received update: /ndn/cz-site/cz/svs_core/cz=13, 1741663927389
Received update: /ndn/dk-site/dk/svs_core/dk=13, 1741663927389
Received update: /ndn/gr-site/gr/svs_core/gr=13, 1741663927389
Max suppression time updated to: 192
Received update: /ndn/by-site/by/svs_core/by=13, 1741663927644
Max suppression time updated to: 192
Received update: /ndn/tr-site/tr/svs_core/tr=13, 1741663927774
Max suppression time updated to: 192
Received update: /ndn/am-site/am/svs_core/am=12, 1741663927822
Received update: /ndn/nl-site/nl/svs_core/nl=13, 1741663927822
Published sequence number: /ndn/uk-site/uk/svs_core/uk=13, 1741663927894
Sending Sync interest
Max suppression time updated to: 192
Received update: /ndn/hu-site/hu/svs_core/hu=13, 1741663932697
Received update: /ndn/ua-site/ua/svs_core/ua=13, 1741663932697
Max suppression time updated to: 192
Sending Sync interest
Max suppression time updated to: 192
Received update: /ndn/de1-site/de1/svs_core/de1=13, 1741663932918
Sending Sync interest
Max suppression time updated to: 192
Received update: /ndn/de2-site/de2/svs_core/de2=13, 1741663938053
Sending Sync interest
Max suppression time updated to: 192
Received update: /ndn/az-site/az/svs_core/az=12, 1741663942535
Received update: /ndn/ch-site/ch/svs_core/ch=13, 1741663942535
Received update: /ndn/es-site/es/svs_core/es=11, 1741663942535
Received update: /ndn/es-site/es/svs_core/es=12, 1741663942535
Received update: /ndn/es-site/es/svs_core/es=13, 1741663942535
Received update: /ndn/si-site/si/svs_core/si=13, 1741663942535
Sending Sync interest
Max suppression time updated to: 192
Received update: /ndn/it-site/it/svs_core/it=13, 1741663942758
Sending Sync interest
Max suppression time updated to: 192
Received update: /ndn/ee-site/ee/svs_core/ee=12, 1741663943088
Max suppression time updated to: 192
Received update: /ndn/at-site/at/svs_core/at=13, 1741663954588
Received update: /ndn/ee-site/ee/svs_core/ee=13, 1741663954588
Received update: /ndn/ge-site/ge/svs_core/ge=13, 1741663954588
Received update: /ndn/md-site/md/svs_core/md=10, 1741663954588
Received update: /ndn/md-site/md/svs_core/md=11, 1741663954588
Received update: /ndn/md-site/md/svs_core/md=12, 1741663954588
Received update: /ndn/md-site/md/svs_core/md=13, 1741663954588
Received update: /ndn/ro-site/ro/svs_core/ro=13, 1741663954588
Received update: /ndn/rs-site/rs/svs_core/rs=13, 1741663954588
Received update: /ndn/fr1-site/fr1/svs_core/fr1=13, 1741663954588
Received update: /ndn/fr2-site/fr2/svs_core/fr2=12, 1741663954588
Max suppression time updated to: 192
Received update: /ndn/pt-site/pt/svs_core/pt=13, 1741663954782
Max suppression time updated to: 192
Received update: /ndn/il-site/il/svs_core/il=13, 1741663955023
Received update: /ndn/lu-site/lu/svs_core/lu=13, 1741663955023
Received update: /ndn/pl-site/pl/svs_core/pl=13, 1741663955023
Sending Sync interest
Max suppression time updated to: 192
Max suppression time updated to: 192
Received update: /ndn/by-site/by/svs_core/by=14, 1741663970951
Received update: /ndn/nl-site/nl/svs_core/nl=14, 1741663970951
Sending Sync interest
Published sequence number: /ndn/uk-site/uk/svs_core/uk=14, 1741663972900
Sending Sync interest
Max suppression time updated to: 192
Received update: /ndn/lt-site/lt/svs_core/lt=4, 1741663973137
Received update: /ndn/lt-site/lt/svs_core/lt=5, 1741663973137
Received update: /ndn/lt-site/lt/svs_core/lt=6, 1741663973137
Received update: /ndn/lt-site/lt/svs_core/lt=7, 1741663973137
Received update: /ndn/lt-site/lt/svs_core/lt=8, 1741663973137
Received update: /ndn/lt-site/lt/svs_core/lt=9, 1741663973137
Received update: /ndn/lt-site/lt/svs_core/lt=10, 1741663973137
Received update: /ndn/lt-site/lt/svs_core/lt=11, 1741663973137
Received update: /ndn/lt-site/lt/svs_core/lt=12, 1741663973137
Received update: /ndn/lt-site/lt/svs_core/lt=13, 1741663973137
Received update: /ndn/lv-site/lv/svs_core/lv=7, 1741663973137
Received update: /ndn/lv-site/lv/svs_core/lv=8, 1741663973137
Received update: /ndn/lv-site/lv/svs_core/lv=9, 1741663973137
Received update: /ndn/lv-site/lv/svs_core/lv=10, 1741663973137
Received update: /ndn/lv-site/lv/svs_core/lv=11, 1741663973137
Received update: /ndn/lv-site/lv/svs_core/lv=12, 1741663973137
Received update: /ndn/lv-site/lv/svs_core/lv=13, 1741663973137
Received update: /ndn/tr-site/tr/svs_core/tr=14, 1741663973137
Max suppression time updated to: 192
Received update: /ndn/be-site/be/svs_core/be=13, 1741663973178
Max suppression time updated to: 192
Received update: /ndn/al-site/al/svs_core/al=10, 1741663977470
Received update: /ndn/al-site/al/svs_core/al=11, 1741663977470
Received update: /ndn/al-site/al/svs_core/al=12, 1741663977470
Received update: /ndn/al-site/al/svs_core/al=13, 1741663977470
Received update: /ndn/cy-site/cy/svs_core/cy=13, 1741663977470
Received update: /ndn/gr-site/gr/svs_core/gr=14, 1741663977470
Received update: /ndn/hu-site/hu/svs_core/hu=14, 1741663977470
Received update: /ndn/me-site/me/svs_core/me=13, 1741663977470
Received update: /ndn/mt-site/mt/svs_core/mt=13, 1741663977470
Received update: /ndn/fr2-site/fr2/svs_core/fr2=13, 1741663977470
Sending Sync interest
Max suppression time updated to: 192
Received update: /ndn/pt-site/pt/svs_core/pt=14, 1741663988312
Max suppression time updated to: 192
Received update: /ndn/ie-site/ie/svs_core/ie=13, 1741663988739
Received update: /ndn/ie-site/ie/svs_core/ie=14, 1741663988739
Sending Sync interest
Max suppression time updated to: 192
Received update: /ndn/az-site/az/svs_core/az=13, 1741663989049
Max suppression time updated to: 192
Received update: /ndn/ro-site/ro/svs_core/ro=14, 1741663990548
Sending Sync interest
Max suppression time updated to: 192
Received update: /ndn/de1-site/de1/svs_core/de1=14, 1741663990752
Sending Sync interest
Max suppression time updated to: 184
Received update: /ndn/ch-site/ch/svs_core/ch=14, 1741663991180
Received update: /ndn/de2-site/de2/svs_core/de2=14, 1741663991180
Max suppression time updated to: 192
Sending Sync interest
Max suppression time updated to: 192
Sending Sync interest
Max suppression time updated to: 192
Received update: /ndn/cy-site/cy/svs_core/cy=14, 1741664003966
Received update: /ndn/ge-site/ge/svs_core/ge=14, 1741664003966
Received update: /ndn/lu-site/lu/svs_core/lu=14, 1741664003966
Received update: /ndn/rs-site/rs/svs_core/rs=14, 1741664003966
Max suppression time updated to: 188
Received update: /ndn/at-site/at/svs_core/at=14, 1741664004187
Received update: /ndn/be-site/be/svs_core/be=14, 1741664004187
Received update: /ndn/it-site/it/svs_core/it=14, 1741664004187
Received update: /ndn/si-site/si/svs_core/si=14, 1741664004187
Received update: /ndn/sk-site/sk/svs_core/sk=13, 1741664004187
Received update: /ndn/ua-site/ua/svs_core/ua=14, 1741664004187
Max suppression time updated to: 192
Received update: /ndn/al-site/al/svs_core/al=14, 1741664012566
Received update: /ndn/al-site/al/svs_core/al=15, 1741664012566
Sending Sync interest
Max suppression time updated to: 196
Received update: /ndn/az-site/az/svs_core/az=14, 1741664013865
Sending Sync interest
Max suppression time updated to: 192
Received update: /ndn/hr-site/hr/svs_core/hr=13, 1741664013994
Received update: /ndn/hr-site/hr/svs_core/hr=14, 1741664013994
Max suppression time updated to: 192
Received update: /ndn/il-site/il/svs_core/il=14, 1741664014007
Max suppression time updated to: 192
Received update: /ndn/tr-site/tr/svs_core/tr=15, 1741664014207
Max suppression time updated to: 192
Received update: /ndn/pl-site/pl/svs_core/pl=14, 1741664014253
Max suppression time updated to: 188
Max suppression time updated to: 192
Received update: /ndn/cz-site/cz/svs_core/cz=14, 1741664016947
Received update: /ndn/ua-site/ua/svs_core/ua=15, 1741664016947
Published sequence number: /ndn/uk-site/uk/svs_core/uk=15, 1741664017906
Sending Sync interest
Max suppression time updated to: 192
Received update: /ndn/nl-site/nl/svs_core/nl=15, 1741664021125
Received update: /ndn/de1-site/de1/svs_core/de1=15, 1741664021125
Sending Sync interest
Max suppression time updated to: 188
Received update: /ndn/gr-site/gr/svs_core/gr=15, 1741664028047
Received update: /ndn/sk-site/sk/svs_core/sk=14, 1741664028047
Received update: /ndn/de2-site/de2/svs_core/de2=15, 1741664028047
Received update: /ndn/fr2-site/fr2/svs_core/fr2=14, 1741664028047
Sending Sync interest
Max suppression time updated to: 188
Received update: /ndn/ch-site/ch/svs_core/ch=15, 1741664034686
Received update: /ndn/ge-site/ge/svs_core/ge=15, 1741664034686
Received update: /ndn/hu-site/hu/svs_core/hu=15, 1741664034686
Received update: /ndn/it-site/it/svs_core/it=15, 1741664034686
Received update: /ndn/si-site/si/svs_core/si=15, 1741664034686
Received update: /ndn/fr1-site/fr1/svs_core/fr1=14, 1741664034686
Max suppression time updated to: 188
Received update: /ndn/be-site/be/svs_core/be=15, 1741664036057
Sending Sync interest
Max suppression time updated to: 196
Received update: /ndn/at-site/at/svs_core/at=15, 1741664039042
Received update: /ndn/mt-site/mt/svs_core/mt=14, 1741664039042
Received update: /ndn/mt-site/mt/svs_core/mt=15, 1741664039042
Max suppression time updated to: 196
Received update: /ndn/cy-site/cy/svs_core/cy=15, 1741664059718
Received update: /ndn/hr-site/hr/svs_core/hr=15, 1741664059718
Received update: /ndn/me-site/me/svs_core/me=14, 1741664059718
Received update: /ndn/pl-site/pl/svs_core/pl=15, 1741664059718
Received update: /ndn/tr-site/tr/svs_core/tr=16, 1741664059718
Received update: /ndn/fr2-site/fr2/svs_core/fr2=15, 1741664059718
Max suppression time updated to: 196
Received update: /ndn/ee-site/ee/svs_core/ee=14, 1741664059785
Received update: /ndn/lt-site/lt/svs_core/lt=14, 1741664059785
Received update: /ndn/lv-site/lv/svs_core/lv=14, 1741664059785
Received update: /ndn/lv-site/lv/svs_core/lv=15, 1741664059785
Max suppression time updated to: 196
Received update: /ndn/gr-site/gr/svs_core/gr=16, 1741664060272
Received update: /ndn/rs-site/rs/svs_core/rs=15, 1741664060272
Sending Sync interest
Max suppression time updated to: 196
Received update: /ndn/ie-site/ie/svs_core/ie=15, 1741664060512
Published sequence number: /ndn/uk-site/uk/svs_core/uk=16, 1741664062912
Sending Sync interest
Max suppression time updated to: 196
Received update: /ndn/ch-site/ch/svs_core/ch=16, 1741664068471
Received update: /ndn/fr1-site/fr1/svs_core/fr1=15, 1741664068471
Sending Sync interest
Max suppression time updated to: 196
Sending Sync interest
Max suppression time updated to: 196
Received update: /ndn/dk-site/dk/svs_core/dk=14, 1741664070705
Received update: /ndn/dk-site/dk/svs_core/dk=15, 1741664070705
Received update: /ndn/dk-site/dk/svs_core/dk=16, 1741664070705
Received update: /ndn/fi-site/fi/svs_core/fi=14, 1741664070705
Received update: /ndn/fi-site/fi/svs_core/fi=15, 1741664070705
Received update: /ndn/hu-site/hu/svs_core/hu=16, 1741664070705
Received update: /ndn/is-site/is/svs_core/is=10, 1741664070705
Received update: /ndn/is-site/is/svs_core/is=11, 1741664070705
Received update: /ndn/is-site/is/svs_core/is=12, 1741664070705
Received update: /ndn/is-site/is/svs_core/is=13, 1741664070705
Received update: /ndn/is-site/is/svs_core/is=14, 1741664070705
Received update: /ndn/is-site/is/svs_core/is=15, 1741664070705
Received update: /ndn/nl-site/nl/svs_core/nl=16, 1741664070705
Received update: /ndn/se-site/se/svs_core/se=13, 1741664070705
Received update: /ndn/se-site/se/svs_core/se=14, 1741664070705
Received update: /ndn/de1-site/de1/svs_core/de1=16, 1741664070705
Max suppression time updated to: 196
Max suppression time updated to: 196
Received update: /ndn/il-site/il/svs_core/il=15, 1741664070976
Sending Sync interest
Max suppression time updated to: 196
Received update: /ndn/be-site/be/svs_core/be=16, 1741664081066
Max suppression time updated to: 192
Received update: /ndn/at-site/at/svs_core/at=16, 1741664083573
Received update: /ndn/bg-site/bg/svs_core/bg=12, 1741664083573
Received update: /ndn/bg-site/bg/svs_core/bg=13, 1741664083573
Received update: /ndn/bg-site/bg/svs_core/bg=14, 1741664083573
Received update: /ndn/es-site/es/svs_core/es=14, 1741664083573
Received update: /ndn/es-site/es/svs_core/es=15, 1741664083573
Received update: /ndn/es-site/es/svs_core/es=16, 1741664083573
Received update: /ndn/it-site/it/svs_core/it=16, 1741664083573
Received update: /ndn/md-site/md/svs_core/md=14, 1741664083573
Received update: /ndn/md-site/md/svs_core/md=15, 1741664083573
Received update: /ndn/ro-site/ro/svs_core/ro=15, 1741664083573
Received update: /ndn/ro-site/ro/svs_core/ro=16, 1741664083573
Received update: /ndn/sk-site/sk/svs_core/sk=15, 1741664083573
Sending Sync interest
Stopping SVS client: /ndn/uk-site/uk/svs_core/uk
