SVS client starting: /ndn/me-site/me/svs_core/me
Sending Sync interest
Received update: /ndn/fr1-site/fr1/svs_core/fr1=1, 1742602495890
Received update: /ndn/si-site/si/svs_core/si=1, 1742602495891
Received update: /ndn/ee-site/ee/svs_core/ee=1, 1742602495923
Received update: /ndn/lt-site/lt/svs_core/lt=1, 1742602498807
Received update: /ndn/pl-site/pl/svs_core/pl=1, 1742602498807
Received update: /ndn/ch-site/ch/svs_core/ch=1, 1742602499074
Received update: /ndn/am-site/am/svs_core/am=1, 1742602499205
Received update: /ndn/de2-site/de2/svs_core/de2=1, 1742602500079
Received update: /ndn/se-site/se/svs_core/se=1, 1742602501798
Received update: /ndn/fi-site/fi/svs_core/fi=1, 1742602502006
Received update: /ndn/az-site/az/svs_core/az=1, 1742602502251
Received update: /ndn/ua-site/ua/svs_core/ua=1, 1742602503683
Received update: /ndn/no-site/no/svs_core/no=1, 1742602504399
Received update: /ndn/uk-site/uk/svs_core/uk=1, 1742602504435
Received update: /ndn/gr-site/gr/svs_core/gr=1, 1742602508050
Received update: /ndn/es-site/es/svs_core/es=1, 1742602508299
Received update: /ndn/sk-site/sk/svs_core/sk=1, 1742602508615
Received update: /ndn/bg-site/bg/svs_core/bg=1, 1742602510481
Received update: /ndn/ie-site/ie/svs_core/ie=1, 1742602510481
Received update: /ndn/il-site/il/svs_core/il=1, 1742602510481
Received update: /ndn/mk-site/mk/svs_core/mk=1, 1742602510481
Received update: /ndn/md-site/md/svs_core/md=1, 1742602510496
Received update: /ndn/cy-site/cy/svs_core/cy=1, 1742602517360
Received update: /ndn/it-site/it/svs_core/it=1, 1742602517360
Received update: /ndn/ge-site/ge/svs_core/ge=1, 1742602519357
Received update: /ndn/de1-site/de1/svs_core/de1=1, 1742602519376
Received update: /ndn/ro-site/ro/svs_core/ro=1, 1742602519595
Received update: /ndn/nl-site/nl/svs_core/nl=1, 1742602520432
Received update: /ndn/lu-site/lu/svs_core/lu=1, 1742602520446
Received update: /ndn/rs-site/rs/svs_core/rs=1, 1742602522047
Received update: /ndn/be-site/be/svs_core/be=1, 1742602522278
Received update: /ndn/mt-site/mt/svs_core/mt=1, 1742602524025
Published sequence number: /ndn/me-site/me/svs_core/me=1, 1742602527496
Sending Sync interest
Received update: /ndn/lv-site/lv/svs_core/lv=1, 1742602527725
Received update: /ndn/al-site/al/svs_core/al=1, 1742602529066
Received update: /ndn/at-site/at/svs_core/at=1, 1742602529238
Received update: /ndn/by-site/by/svs_core/by=1, 1742602530151
Received update: /ndn/dk-site/dk/svs_core/dk=1, 1742602530465
Received update: /ndn/is-site/is/svs_core/is=1, 1742602530465
Received update: /ndn/cz-site/cz/svs_core/cz=1, 1742602534339
Received update: /ndn/hr-site/hr/svs_core/hr=1, 1742602534339
Received update: /ndn/fr2-site/fr2/svs_core/fr2=1, 1742602535821
Received update: /ndn/hu-site/hu/svs_core/hu=1, 1742602538945
Received update: /ndn/pt-site/pt/svs_core/pt=1, 1742602538945
Received update: /ndn/tr-site/tr/svs_core/tr=1, 1742602538945
Received update: /ndn/fr1-site/fr1/svs_core/fr1=2, 1742602538945
Received update: /ndn/lt-site/lt/svs_core/lt=2, 1742602541958
Received update: /ndn/si-site/si/svs_core/si=2, 1742602541958
Received update: /ndn/am-site/am/svs_core/am=2, 1742602543813
Received update: /ndn/pl-site/pl/svs_core/pl=2, 1742602543813
Received update: /ndn/az-site/az/svs_core/az=2, 1742602549401
Received update: /ndn/ch-site/ch/svs_core/ch=2, 1742602549401
Received update: /ndn/ee-site/ee/svs_core/ee=2, 1742602549401
Received update: /ndn/fi-site/fi/svs_core/fi=2, 1742602549401
Received update: /ndn/no-site/no/svs_core/no=2, 1742602549401
Received update: /ndn/se-site/se/svs_core/se=2, 1742602549401
Received update: /ndn/de2-site/de2/svs_core/de2=2, 1742602549401
Received update: /ndn/es-site/es/svs_core/es=2, 1742602553396
Received update: /ndn/gr-site/gr/svs_core/gr=2, 1742602553396
Received update: /ndn/ua-site/ua/svs_core/ua=2, 1742602553396
Received update: /ndn/uk-site/uk/svs_core/uk=2, 1742602553396
Received update: /ndn/il-site/il/svs_core/il=2, 1742602554089
Received update: /ndn/sk-site/sk/svs_core/sk=2, 1742602554089
Received update: /ndn/bg-site/bg/svs_core/bg=2, 1742602557262
Received update: /ndn/it-site/it/svs_core/it=2, 1742602557262
Received update: /ndn/ie-site/ie/svs_core/ie=2, 1742602561588
Received update: /ndn/mk-site/mk/svs_core/mk=2, 1742602561588
Received update: /ndn/ro-site/ro/svs_core/ro=2, 1742602561588
Received update: /ndn/ge-site/ge/svs_core/ge=2, 1742602564365
Received update: /ndn/de1-site/de1/svs_core/de1=2, 1742602564384
Received update: /ndn/cy-site/cy/svs_core/cy=2, 1742602564484
Received update: /ndn/md-site/md/svs_core/md=2, 1742602564484
Received update: /ndn/lu-site/lu/svs_core/lu=2, 1742602565451
Received update: /ndn/nl-site/nl/svs_core/nl=2, 1742602565451
Received update: /ndn/be-site/be/svs_core/be=2, 1742602566139
Received update: /ndn/rs-site/rs/svs_core/rs=2, 1742602567049
Published sequence number: /ndn/me-site/me/svs_core/me=2, 1742602572499
Sending Sync interest
Received update: /ndn/at-site/at/svs_core/at=2, 1742602575488
Received update: /ndn/dk-site/dk/svs_core/dk=2, 1742602575488
Received update: /ndn/is-site/is/svs_core/is=2, 1742602575488
Received update: /ndn/mt-site/mt/svs_core/mt=2, 1742602575488
Sending Sync interest
Received update: /ndn/al-site/al/svs_core/al=2, 1742602575710
Sending Sync interest
Received update: /ndn/by-site/by/svs_core/by=2, 1742602575971
Received update: /ndn/lv-site/lv/svs_core/lv=2, 1742602575971
Received update: /ndn/cz-site/cz/svs_core/cz=2, 1742602580812
Received update: /ndn/hr-site/hr/svs_core/hr=2, 1742602580812
Received update: /ndn/fr2-site/fr2/svs_core/fr2=2, 1742602580812
Received update: /ndn/tr-site/tr/svs_core/tr=2, 1742602581738
Received update: /ndn/hu-site/hu/svs_core/hu=2, 1742602584894
Received update: /ndn/pt-site/pt/svs_core/pt=2, 1742602584894
Received update: /ndn/si-site/si/svs_core/si=3, 1742602584894
Received update: /ndn/ee-site/ee/svs_core/ee=3, 1742602585808
Received update: /ndn/fr1-site/fr1/svs_core/fr1=3, 1742602585808
Received update: /ndn/lt-site/lt/svs_core/lt=3, 1742602588964
Received update: /ndn/pl-site/pl/svs_core/pl=3, 1742602588964
Received update: /ndn/am-site/am/svs_core/am=3, 1742602593910
Received update: /ndn/ch-site/ch/svs_core/ch=3, 1742602593910
Received update: /ndn/se-site/se/svs_core/se=3, 1742602593910
Received update: /ndn/ua-site/ua/svs_core/ua=3, 1742602593910
Received update: /ndn/de2-site/de2/svs_core/de2=3, 1742602593910
Received update: /ndn/fi-site/fi/svs_core/fi=3, 1742602594128
Received update: /ndn/no-site/no/svs_core/no=3, 1742602594400
Received update: /ndn/az-site/az/svs_core/az=3, 1742602598312
Received update: /ndn/es-site/es/svs_core/es=3, 1742602598312
Received update: /ndn/gr-site/gr/svs_core/gr=3, 1742602598517
Received update: /ndn/sk-site/sk/svs_core/sk=3, 1742602598633
Received update: /ndn/uk-site/uk/svs_core/uk=3, 1742602598738
Received update: /ndn/md-site/md/svs_core/md=3, 1742602598986
Received update: /ndn/il-site/il/svs_core/il=3, 1742602599087
Received update: /ndn/bg-site/bg/svs_core/bg=3, 1742602600289
Received update: /ndn/ie-site/ie/svs_core/ie=3, 1742602600401
Received update: /ndn/mk-site/mk/svs_core/mk=3, 1742602600401
Received update: /ndn/cy-site/cy/svs_core/cy=3, 1742602610440
Received update: /ndn/it-site/it/svs_core/it=3, 1742602610440
Received update: /ndn/nl-site/nl/svs_core/nl=3, 1742602610440
Received update: /ndn/ro-site/ro/svs_core/ro=3, 1742602610440
Received update: /ndn/ge-site/ge/svs_core/ge=3, 1742602610656
Received update: /ndn/lu-site/lu/svs_core/lu=3, 1742602610656
Sending Sync interest
Received update: /ndn/de1-site/de1/svs_core/de1=3, 1742602610877
Received update: /ndn/rs-site/rs/svs_core/rs=3, 1742602612057
Published sequence number: /ndn/me-site/me/svs_core/me=3, 1742602617502
Sending Sync interest
Received update: /ndn/al-site/al/svs_core/al=3, 1742602619101
Received update: /ndn/be-site/be/svs_core/be=3, 1742602619101
Received update: /ndn/lv-site/lv/svs_core/lv=3, 1742602619101
Received update: /ndn/mt-site/mt/svs_core/mt=3, 1742602619101
Received update: /ndn/at-site/at/svs_core/at=3, 1742602619247
Sending Sync interest
Received update: /ndn/dk-site/dk/svs_core/dk=3, 1742602621299
Received update: /ndn/hr-site/hr/svs_core/hr=3, 1742602621299
Received update: /ndn/is-site/is/svs_core/is=3, 1742602621299
Received update: /ndn/cz-site/cz/svs_core/cz=3, 1742602626024
Received update: /ndn/fr2-site/fr2/svs_core/fr2=3, 1742602626024
Received update: /ndn/by-site/by/svs_core/by=3, 1742602626250
Received update: /ndn/pt-site/pt/svs_core/pt=3, 1742602626608
Received update: /ndn/tr-site/tr/svs_core/tr=3, 1742602626726
Received update: /ndn/hu-site/hu/svs_core/hu=3, 1742602626909
Received update: /ndn/fr1-site/fr1/svs_core/fr1=4, 1742602628958
Received update: /ndn/si-site/si/svs_core/si=4, 1742602629892
Received update: /ndn/am-site/am/svs_core/am=4, 1742602631538
Received update: /ndn/ee-site/ee/svs_core/ee=4, 1742602631965
Received update: /ndn/lt-site/lt/svs_core/lt=4, 1742602631965
Received update: /ndn/pl-site/pl/svs_core/pl=4, 1742602633816
Received update: /ndn/ch-site/ch/svs_core/ch=4, 1742602634078
Received update: /ndn/de2-site/de2/svs_core/de2=4, 1742602635094
Received update: /ndn/az-site/az/svs_core/az=4, 1742602637266
Received update: /ndn/fi-site/fi/svs_core/fi=4, 1742602637355
Received update: /ndn/se-site/se/svs_core/se=4, 1742602637725
Received update: /ndn/no-site/no/svs_core/no=4, 1742602639443
Received update: /ndn/ua-site/ua/svs_core/ua=4, 1742602639443
Received update: /ndn/uk-site/uk/svs_core/uk=4, 1742602639443
Received update: /ndn/gr-site/gr/svs_core/gr=4, 1742602643056
Received update: /ndn/es-site/es/svs_core/es=4, 1742602643410
Received update: /ndn/sk-site/sk/svs_core/sk=4, 1742602643629
Received update: /ndn/md-site/md/svs_core/md=4, 1742602643991
Received update: /ndn/mk-site/mk/svs_core/mk=4, 1742602645306
Received update: /ndn/bg-site/bg/svs_core/bg=4, 1742602647489
Received update: /ndn/il-site/il/svs_core/il=4, 1742602647489
Received update: /ndn/it-site/it/svs_core/it=4, 1742602647489
Received update: /ndn/cy-site/cy/svs_core/cy=4, 1742602652375
Received update: /ndn/ro-site/ro/svs_core/ro=4, 1742602652375
Received update: /ndn/ge-site/ge/svs_core/ge=4, 1742602655440
Received update: /ndn/nl-site/nl/svs_core/nl=4, 1742602655440
Received update: /ndn/de1-site/de1/svs_core/de1=4, 1742602655440
Received update: /ndn/lu-site/lu/svs_core/lu=4, 1742602655454
Received update: /ndn/be-site/be/svs_core/be=4, 1742602662363
Received update: /ndn/lv-site/lv/svs_core/lv=4, 1742602662363
Published sequence number: /ndn/me-site/me/svs_core/me=4, 1742602662504
Sending Sync interest
Received update: /ndn/ie-site/ie/svs_core/ie=4, 1742602662590
Received update: /ndn/at-site/at/svs_core/at=4, 1742602664254
Sending Sync interest
Received update: /ndn/is-site/is/svs_core/is=4, 1742602664835
Received update: /ndn/mt-site/mt/svs_core/mt=4, 1742602664835
Received update: /ndn/rs-site/rs/svs_core/rs=4, 1742602664835
Sending Sync interest
Received update: /ndn/dk-site/dk/svs_core/dk=4, 1742602666254
Received update: /ndn/hr-site/hr/svs_core/hr=4, 1742602666254
Received update: /ndn/cz-site/cz/svs_core/cz=4, 1742602669342
Received update: /ndn/pt-site/pt/svs_core/pt=4, 1742602671615
Received update: /ndn/fr2-site/fr2/svs_core/fr2=4, 1742602671615
Received update: /ndn/hu-site/hu/svs_core/hu=4, 1742602671910
Received update: /ndn/tr-site/tr/svs_core/tr=4, 1742602671910
Received update: /ndn/fr1-site/fr1/svs_core/fr1=5, 1742602673960
Received update: /ndn/by-site/by/svs_core/by=4, 1742602674174
Received update: /ndn/ee-site/ee/svs_core/ee=5, 1742602675806
Received update: /ndn/si-site/si/svs_core/si=5, 1742602675806
Received update: /ndn/al-site/al/svs_core/al=4, 1742602676011
Received update: /ndn/am-site/am/svs_core/am=5, 1742602676489
Sending Sync interest
Received update: /ndn/lt-site/lt/svs_core/lt=5, 1742602676973
Received update: /ndn/ch-site/ch/svs_core/ch=5, 1742602679081
Received update: /ndn/pl-site/pl/svs_core/pl=5, 1742602679081
Received update: /ndn/az-site/az/svs_core/az=5, 1742602682268
Received update: /ndn/de2-site/de2/svs_core/de2=5, 1742602682268
Received update: /ndn/se-site/se/svs_core/se=5, 1742602682419
Received update: /ndn/fi-site/fi/svs_core/fi=5, 1742602682511
Received update: /ndn/ua-site/ua/svs_core/ua=5, 1742602683703
Received update: /ndn/es-site/es/svs_core/es=5, 1742602689206
Received update: /ndn/gr-site/gr/svs_core/gr=5, 1742602689206
Received update: /ndn/md-site/md/svs_core/md=5, 1742602689206
Received update: /ndn/sk-site/sk/svs_core/sk=5, 1742602689206
Received update: /ndn/uk-site/uk/svs_core/uk=5, 1742602689206
Received update: /ndn/ie-site/ie/svs_core/ie=5, 1742602690312
Received update: /ndn/bg-site/bg/svs_core/bg=5, 1742602690481
Received update: /ndn/il-site/il/svs_core/il=5, 1742602690506
Received update: /ndn/it-site/it/svs_core/it=5, 1742602692279
Received update: /ndn/mk-site/mk/svs_core/mk=5, 1742602692279
Received update: /ndn/cy-site/cy/svs_core/cy=5, 1742602697503
Received update: /ndn/no-site/no/svs_core/no=5, 1742602697503
Received update: /ndn/ro-site/ro/svs_core/ro=5, 1742602697544
Received update: /ndn/ge-site/ge/svs_core/ge=5, 1742602699375
Received update: /ndn/nl-site/nl/svs_core/nl=5, 1742602700447
Received update: /ndn/lu-site/lu/svs_core/lu=5, 1742602700454
Received update: /ndn/de1-site/de1/svs_core/de1=5, 1742602700662
Received update: /ndn/be-site/be/svs_core/be=5, 1742602704118
Received update: /ndn/mt-site/mt/svs_core/mt=5, 1742602704118
Received update: /ndn/rs-site/rs/svs_core/rs=5, 1742602704321
Received update: /ndn/lv-site/lv/svs_core/lv=5, 1742602707434
Published sequence number: /ndn/me-site/me/svs_core/me=5, 1742602707508
Sending Sync interest
Received update: /ndn/al-site/al/svs_core/al=5, 1742602709081
Sending Sync interest
Received update: /ndn/at-site/at/svs_core/at=5, 1742602715821
Received update: /ndn/dk-site/dk/svs_core/dk=5, 1742602715821
Received update: /ndn/hr-site/hr/svs_core/hr=5, 1742602715821
Received update: /ndn/is-site/is/svs_core/is=5, 1742602715821
Received update: /ndn/fr2-site/fr2/svs_core/fr2=5, 1742602715821
Received update: /ndn/cz-site/cz/svs_core/cz=5, 1742602716029
Received update: /ndn/pt-site/pt/svs_core/pt=5, 1742602716618
Received update: /ndn/by-site/by/svs_core/by=5, 1742602716840
Received update: /ndn/tr-site/tr/svs_core/tr=5, 1742602716840
Received update: /ndn/hu-site/hu/svs_core/hu=5, 1742602716913
Received update: /ndn/si-site/si/svs_core/si=6, 1742602719898
Received update: /ndn/fr1-site/fr1/svs_core/fr1=6, 1742602719898
Received update: /ndn/ee-site/ee/svs_core/ee=6, 1742602720700
Received update: /ndn/am-site/am/svs_core/am=6, 1742602721492
Received update: /ndn/lt-site/lt/svs_core/lt=6, 1742602721976
Received update: /ndn/ch-site/ch/svs_core/ch=6, 1742602724086
Received update: /ndn/pl-site/pl/svs_core/pl=6, 1742602724086
Received update: /ndn/fi-site/fi/svs_core/fi=6, 1742602726600
Received update: /ndn/de2-site/de2/svs_core/de2=6, 1742602726600
Received update: /ndn/az-site/az/svs_core/az=6, 1742602728855
Received update: /ndn/se-site/se/svs_core/se=6, 1742602728855
Received update: /ndn/ua-site/ua/svs_core/ua=6, 1742602728855
Received update: /ndn/uk-site/uk/svs_core/uk=6, 1742602729447
Received update: /ndn/gr-site/gr/svs_core/gr=6, 1742602733257
Received update: /ndn/no-site/no/svs_core/no=6, 1742602733257
Received update: /ndn/es-site/es/svs_core/es=6, 1742602735316
Received update: /ndn/md-site/md/svs_core/md=6, 1742602735316
Received update: /ndn/mk-site/mk/svs_core/mk=6, 1742602735316
Received update: /ndn/il-site/il/svs_core/il=6, 1742602735450
Received update: /ndn/sk-site/sk/svs_core/sk=6, 1742602735450
Received update: /ndn/it-site/it/svs_core/it=6, 1742602737277
Received update: /ndn/ro-site/ro/svs_core/ro=6, 1742602741510
Received update: /ndn/ie-site/ie/svs_core/ie=6, 1742602741640
Received update: /ndn/cy-site/cy/svs_core/cy=6, 1742602742406
Received update: /ndn/ge-site/ge/svs_core/ge=6, 1742602744380
Received update: /ndn/de1-site/de1/svs_core/de1=6, 1742602744394
Sending Sync interest
Received update: /ndn/bg-site/bg/svs_core/bg=6, 1742602744513
Received update: /ndn/nl-site/nl/svs_core/nl=6, 1742602745457
Received update: /ndn/lu-site/lu/svs_core/lu=6, 1742602745459
Published sequence number: /ndn/me-site/me/svs_core/me=6, 1742602752511
Sending Sync interest
Received update: /ndn/be-site/be/svs_core/be=6, 1742602752593
Received update: /ndn/lv-site/lv/svs_core/lv=6, 1742602752593
Received update: /ndn/mt-site/mt/svs_core/mt=6, 1742602752593
Received update: /ndn/rs-site/rs/svs_core/rs=6, 1742602752593
Received update: /ndn/al-site/al/svs_core/al=6, 1742602754078
Received update: /ndn/at-site/at/svs_core/at=6, 1742602755316
Received update: /ndn/is-site/is/svs_core/is=6, 1742602755316
Received update: /ndn/by-site/by/svs_core/by=6, 1742602756268
Received update: /ndn/dk-site/dk/svs_core/dk=6, 1742602756268
Received update: /ndn/hr-site/hr/svs_core/hr=6, 1742602756268
Received update: /ndn/pt-site/pt/svs_core/pt=6, 1742602761615
Received update: /ndn/cz-site/cz/svs_core/cz=6, 1742602761757
Received update: /ndn/hu-site/hu/svs_core/hu=6, 1742602763976
Received update: /ndn/tr-site/tr/svs_core/tr=6, 1742602763976
Received update: /ndn/fr1-site/fr1/svs_core/fr1=7, 1742602763976
Received update: /ndn/fr2-site/fr2/svs_core/fr2=6, 1742602763976
Received update: /ndn/am-site/am/svs_core/am=7, 1742602766503
Received update: /ndn/si-site/si/svs_core/si=7, 1742602766503
Received update: /ndn/ch-site/ch/svs_core/ch=7, 1742602769085
Received update: /ndn/ee-site/ee/svs_core/ee=7, 1742602769085
Received update: /ndn/lt-site/lt/svs_core/lt=7, 1742602769085
Received update: /ndn/de2-site/de2/svs_core/de2=7, 1742602770124
Received update: /ndn/pl-site/pl/svs_core/pl=7, 1742602770342
Received update: /ndn/az-site/az/svs_core/az=7, 1742602773940
Received update: /ndn/ua-site/ua/svs_core/ua=7, 1742602773940
Received update: /ndn/fi-site/fi/svs_core/fi=7, 1742602773941
Received update: /ndn/se-site/se/svs_core/se=7, 1742602773941
Received update: /ndn/no-site/no/svs_core/no=7, 1742602774430
Received update: /ndn/gr-site/gr/svs_core/gr=7, 1742602778305
Received update: /ndn/uk-site/uk/svs_core/uk=7, 1742602778305
Received update: /ndn/es-site/es/svs_core/es=7, 1742602778377
Received update: /ndn/sk-site/sk/svs_core/sk=7, 1742602778656
Received update: /ndn/il-site/il/svs_core/il=7, 1742602779107
Received update: /ndn/mk-site/mk/svs_core/mk=7, 1742602780315
Received update: /ndn/bg-site/bg/svs_core/bg=7, 1742602780318
Received update: /ndn/ie-site/ie/svs_core/ie=7, 1742602780518
Received update: /ndn/it-site/it/svs_core/it=7, 1742602782294
Received update: /ndn/md-site/md/svs_core/md=7, 1742602782294
Received update: /ndn/ro-site/ro/svs_core/ro=7, 1742602786523
Sending Sync interest
Received update: /ndn/cy-site/cy/svs_core/cy=7, 1742602787400
Received update: /ndn/de1-site/de1/svs_core/de1=7, 1742602789411
Received update: /ndn/ge-site/ge/svs_core/ge=7, 1742602789527
Received update: /ndn/be-site/be/svs_core/be=7, 1742602791364
Received update: /ndn/nl-site/nl/svs_core/nl=7, 1742602791364
Received update: /ndn/lu-site/lu/svs_core/lu=7, 1742602791381
Received update: /ndn/rs-site/rs/svs_core/rs=7, 1742602792114
Received update: /ndn/lv-site/lv/svs_core/lv=7, 1742602797389
Received update: /ndn/mt-site/mt/svs_core/mt=7, 1742602797389
Published sequence number: /ndn/me-site/me/svs_core/me=7, 1742602797512
Sending Sync interest
Received update: /ndn/at-site/at/svs_core/at=7, 1742602799262
Received update: /ndn/al-site/al/svs_core/al=7, 1742602804727
Received update: /ndn/by-site/by/svs_core/by=7, 1742602804727
Received update: /ndn/cz-site/cz/svs_core/cz=7, 1742602804727
Received update: /ndn/dk-site/dk/svs_core/dk=7, 1742602804727
Received update: /ndn/hr-site/hr/svs_core/hr=7, 1742602804727
Received update: /ndn/is-site/is/svs_core/is=7, 1742602804727
Received update: /ndn/fr2-site/fr2/svs_core/fr2=7, 1742602805836
Sending Sync interest
Received update: /ndn/tr-site/tr/svs_core/tr=7, 1742602806734
Received update: /ndn/hu-site/hu/svs_core/hu=7, 1742602806924
Received update: /ndn/pt-site/pt/svs_core/pt=7, 1742602806924
Received update: /ndn/fr1-site/fr1/svs_core/fr1=8, 1742602808988
Received update: /ndn/si-site/si/svs_core/si=8, 1742602809912
Received update: /ndn/ee-site/ee/svs_core/ee=8, 1742602810719
Received update: /ndn/am-site/am/svs_core/am=8, 1742602816695
Received update: /ndn/ch-site/ch/svs_core/ch=8, 1742602816695
Received update: /ndn/fi-site/fi/svs_core/fi=8, 1742602816695
Received update: /ndn/lt-site/lt/svs_core/lt=8, 1742602816695
Received update: /ndn/pl-site/pl/svs_core/pl=8, 1742602816695
Received update: /ndn/de2-site/de2/svs_core/de2=8, 1742602816695
Received update: /ndn/se-site/se/svs_core/se=8, 1742602816829
Received update: /ndn/ua-site/ua/svs_core/ua=8, 1742602818722
Received update: /ndn/az-site/az/svs_core/az=8, 1742602818931
Received update: /ndn/uk-site/uk/svs_core/uk=8, 1742602819458
Received update: /ndn/gr-site/gr/svs_core/gr=8, 1742602823188
Received update: /ndn/no-site/no/svs_core/no=8, 1742602823541
Received update: /ndn/es-site/es/svs_core/es=8, 1742602823582
Received update: /ndn/il-site/il/svs_core/il=8, 1742602824122
Received update: /ndn/sk-site/sk/svs_core/sk=8, 1742602824122
Received update: /ndn/ie-site/ie/svs_core/ie=8, 1742602827297
Received update: /ndn/it-site/it/svs_core/it=8, 1742602827297
Received update: /ndn/mk-site/mk/svs_core/mk=8, 1742602827415
Received update: /ndn/bg-site/bg/svs_core/bg=8, 1742602827643
Received update: /ndn/ge-site/ge/svs_core/ge=8, 1742602834396
Received update: /ndn/md-site/md/svs_core/md=8, 1742602834396
Received update: /ndn/cy-site/cy/svs_core/cy=8, 1742602835470
Received update: /ndn/lu-site/lu/svs_core/lu=8, 1742602835470
Received update: /ndn/ro-site/ro/svs_core/ro=8, 1742602835470
Received update: /ndn/de1-site/de1/svs_core/de1=8, 1742602835470
Received update: /ndn/mt-site/mt/svs_core/mt=8, 1742602838991
Received update: /ndn/be-site/be/svs_core/be=8, 1742602839069
Received update: /ndn/nl-site/nl/svs_core/nl=8, 1742602839069
Received update: /ndn/rs-site/rs/svs_core/rs=8, 1742602839069
Published sequence number: /ndn/me-site/me/svs_core/me=8, 1742602842517
Sending Sync interest
Received update: /ndn/al-site/al/svs_core/al=8, 1742602845397
Received update: /ndn/by-site/by/svs_core/by=8, 1742602845397
Received update: /ndn/at-site/at/svs_core/at=8, 1742602845481
Sending Sync interest
Received update: /ndn/is-site/is/svs_core/is=8, 1742602845600
Received update: /ndn/lv-site/lv/svs_core/lv=8, 1742602845602
Received update: /ndn/hr-site/hr/svs_core/hr=8, 1742602846280
Received update: /ndn/cz-site/cz/svs_core/cz=8, 1742602851635
Received update: /ndn/dk-site/dk/svs_core/dk=8, 1742602851635
Received update: /ndn/pt-site/pt/svs_core/pt=8, 1742602851635
Received update: /ndn/tr-site/tr/svs_core/tr=8, 1742602851739
Received update: /ndn/fr2-site/fr2/svs_core/fr2=8, 1742602851965
Received update: /ndn/hu-site/hu/svs_core/hu=8, 1742602852134
Received update: /ndn/fr1-site/fr1/svs_core/fr1=9, 1742602853995
Received update: /ndn/am-site/am/svs_core/am=9, 1742602856506
Received update: /ndn/ee-site/ee/svs_core/ee=9, 1742602856506
Received update: /ndn/si-site/si/svs_core/si=9, 1742602856506
Received update: /ndn/lt-site/lt/svs_core/lt=9, 1742602857001
Received update: /ndn/pl-site/pl/svs_core/pl=9, 1742602858836
Received update: /ndn/ch-site/ch/svs_core/ch=9, 1742602860130
Received update: /ndn/de2-site/de2/svs_core/de2=9, 1742602860130
Received update: /ndn/fi-site/fi/svs_core/fi=9, 1742602861273
Received update: /ndn/se-site/se/svs_core/se=9, 1742602861832
Received update: /ndn/az-site/az/svs_core/az=9, 1742602862290
Received update: /ndn/es-site/es/svs_core/es=9, 1742602868660
Received update: /ndn/no-site/no/svs_core/no=9, 1742602868660
Received update: /ndn/sk-site/sk/svs_core/sk=9, 1742602868660
Received update: /ndn/ua-site/ua/svs_core/ua=9, 1742602868660
Received update: /ndn/uk-site/uk/svs_core/uk=9, 1742602868660
Received update: /ndn/bg-site/bg/svs_core/bg=9, 1742602870325
Received update: /ndn/gr-site/gr/svs_core/gr=9, 1742602870325
Received update: /ndn/il-site/il/svs_core/il=9, 1742602870325
Received update: /ndn/mk-site/mk/svs_core/mk=9, 1742602870325
Received update: /ndn/ie-site/ie/svs_core/ie=9, 1742602870328
Received update: /ndn/md-site/md/svs_core/md=9, 1742602870769
Received update: /ndn/cy-site/cy/svs_core/cy=9, 1742602879416
Received update: /ndn/it-site/it/svs_core/it=9, 1742602879416
Received update: /ndn/ro-site/ro/svs_core/ro=9, 1742602879416
Received update: /ndn/de1-site/de1/svs_core/de1=9, 1742602879416
Received update: /ndn/ge-site/ge/svs_core/ge=9, 1742602880488
Received update: /ndn/lu-site/lu/svs_core/lu=9, 1742602880488
Received update: /ndn/be-site/be/svs_core/be=9, 1742602881198
Received update: /ndn/nl-site/nl/svs_core/nl=9, 1742602881198
Received update: /ndn/lv-site/lv/svs_core/lv=9, 1742602887398
Published sequence number: /ndn/me-site/me/svs_core/me=9, 1742602887520
Received update: /ndn/mt-site/mt/svs_core/mt=9, 1742602887675
Received update: /ndn/al-site/al/svs_core/al=9, 1742602889090
Received update: /ndn/rs-site/rs/svs_core/rs=9, 1742602889090
Sending Sync interest
Received update: /ndn/at-site/at/svs_core/at=9, 1742602890218
Received update: /ndn/by-site/by/svs_core/by=9, 1742602890218
Received update: /ndn/dk-site/dk/svs_core/dk=9, 1742602890488
Received update: /ndn/is-site/is/svs_core/is=9, 1742602890488
Received update: /ndn/hr-site/hr/svs_core/hr=9, 1742602891299
Received update: /ndn/cz-site/cz/svs_core/cz=9, 1742602895847
Received update: /ndn/fr2-site/fr2/svs_core/fr2=9, 1742602895847
Received update: /ndn/hu-site/hu/svs_core/hu=9, 1742602896928
Received update: /ndn/tr-site/tr/svs_core/tr=9, 1742602896928
Received update: /ndn/pt-site/pt/svs_core/pt=9, 1742602897148
Received update: /ndn/fr1-site/fr1/svs_core/fr1=10, 1742602898987
Received update: /ndn/am-site/am/svs_core/am=10, 1742602901514
Received update: /ndn/si-site/si/svs_core/si=10, 1742602901726
Received update: /ndn/ee-site/ee/svs_core/ee=10, 1742602902005
Received update: /ndn/lt-site/lt/svs_core/lt=10, 1742602902005
Received update: /ndn/pl-site/pl/svs_core/pl=10, 1742602903850
Received update: /ndn/ch-site/ch/svs_core/ch=10, 1742602905357
Received update: /ndn/de2-site/de2/svs_core/de2=10, 1742602905357
Received update: /ndn/fi-site/fi/svs_core/fi=10, 1742602906279
Received update: /ndn/az-site/az/svs_core/az=10, 1742602907295
Received update: /ndn/se-site/se/svs_core/se=10, 1742602907520
Received update: /ndn/ua-site/ua/svs_core/ua=10, 1742602908741
Received update: /ndn/uk-site/uk/svs_core/uk=10, 1742602909481
Received update: /ndn/gr-site/gr/svs_core/gr=10, 1742602913086
Sending Sync interest
Received update: /ndn/no-site/no/svs_core/no=10, 1742602913675
Received update: /ndn/sk-site/sk/svs_core/sk=10, 1742602913675
Received update: /ndn/es-site/es/svs_core/es=10, 1742602913894
Received update: /ndn/bg-site/bg/svs_core/bg=10, 1742602915330
Received update: /ndn/il-site/il/svs_core/il=10, 1742602915330
Received update: /ndn/ie-site/ie/svs_core/ie=10, 1742602915334
Received update: /ndn/it-site/it/svs_core/it=10, 1742602917312
Sending Sync interest
Received update: /ndn/mk-site/mk/svs_core/mk=10, 1742602917530
Received update: /ndn/cy-site/cy/svs_core/cy=10, 1742602924408
Received update: /ndn/ge-site/ge/svs_core/ge=10, 1742602924408
Received update: /ndn/ro-site/ro/svs_core/ro=10, 1742602924408
Received update: /ndn/lu-site/lu/svs_core/lu=10, 1742602925483
Received update: /ndn/de1-site/de1/svs_core/de1=10, 1742602925508
Received update: /ndn/nl-site/nl/svs_core/nl=10, 1742602925704
Received update: /ndn/be-site/be/svs_core/be=10, 1742602929224
Received update: /ndn/md-site/md/svs_core/md=10, 1742602929224
Received update: /ndn/mt-site/mt/svs_core/mt=10, 1742602929224
Received update: /ndn/rs-site/rs/svs_core/rs=10, 1742602929268
Published sequence number: /ndn/me-site/me/svs_core/me=10, 1742602932523
Sending Sync interest
Received update: /ndn/al-site/al/svs_core/al=10, 1742602934092
Received update: /ndn/at-site/at/svs_core/at=10, 1742602934280
Sending Sync interest
Sending Sync interest
Received update: /ndn/dk-site/dk/svs_core/dk=10, 1742602935672
Received update: /ndn/is-site/is/svs_core/is=10, 1742602935672
Received update: /ndn/lv-site/lv/svs_core/lv=10, 1742602935773
Received update: /ndn/by-site/by/svs_core/by=10, 1742602936288
Received update: /ndn/hr-site/hr/svs_core/hr=10, 1742602936288
Received update: /ndn/cz-site/cz/svs_core/cz=10, 1742602939382
Received update: /ndn/pt-site/pt/svs_core/pt=10, 1742602941656
Received update: /ndn/tr-site/tr/svs_core/tr=10, 1742602941755
Received update: /ndn/fr2-site/fr2/svs_core/fr2=10, 1742602941868
Received update: /ndn/hu-site/hu/svs_core/hu=10, 1742602942986
Received update: /ndn/fr1-site/fr1/svs_core/fr1=11, 1742602945272
Received update: /ndn/ee-site/ee/svs_core/ee=11, 1742602945749
Received update: /ndn/si-site/si/svs_core/si=11, 1742602945966
Received update: /ndn/am-site/am/svs_core/am=11, 1742602947011
Received update: /ndn/lt-site/lt/svs_core/lt=11, 1742602947011
Received update: /ndn/ch-site/ch/svs_core/ch=11, 1742602949096
Received update: /ndn/pl-site/pl/svs_core/pl=11, 1742602949096
Received update: /ndn/fi-site/fi/svs_core/fi=11, 1742602951383
Received update: /ndn/de2-site/de2/svs_core/de2=11, 1742602951383
Received update: /ndn/no-site/no/svs_core/no=11, 1742602954689
Received update: /ndn/se-site/se/svs_core/se=11, 1742602954689
Received update: /ndn/ua-site/ua/svs_core/ua=11, 1742602954689
Received update: /ndn/uk-site/uk/svs_core/uk=11, 1742602954689
Received update: /ndn/az-site/az/svs_core/az=11, 1742602954906
Received update: /ndn/es-site/es/svs_core/es=11, 1742602958332
Received update: /ndn/gr-site/gr/svs_core/gr=11, 1742602958332
Received update: /ndn/sk-site/sk/svs_core/sk=11, 1742602958679
Received update: /ndn/md-site/md/svs_core/md=11, 1742602959166
Received update: /ndn/il-site/il/svs_core/il=11, 1742602960333
Received update: /ndn/mk-site/mk/svs_core/mk=11, 1742602960333
Received update: /ndn/bg-site/bg/svs_core/bg=11, 1742602960338
Received update: /ndn/cy-site/cy/svs_core/cy=11, 1742602967443
Received update: /ndn/ie-site/ie/svs_core/ie=11, 1742602967443
Received update: /ndn/it-site/it/svs_core/it=11, 1742602967443
Received update: /ndn/ge-site/ge/svs_core/ge=11, 1742602969410
Received update: /ndn/ro-site/ro/svs_core/ro=11, 1742602969410
Received update: /ndn/lu-site/lu/svs_core/lu=11, 1742602970489
Received update: /ndn/de1-site/de1/svs_core/de1=11, 1742602970489
Received update: /ndn/be-site/be/svs_core/be=11, 1742602971206
Received update: /ndn/nl-site/nl/svs_core/nl=11, 1742602971206
Received update: /ndn/rs-site/rs/svs_core/rs=11, 1742602972109
Received update: /ndn/mt-site/mt/svs_core/mt=11, 1742602974143
Published sequence number: /ndn/me-site/me/svs_core/me=11, 1742602977525
Sending Sync interest
Received update: /ndn/al-site/al/svs_core/al=11, 1742602979286
Received update: /ndn/at-site/at/svs_core/at=11, 1742602979286
Received update: /ndn/lv-site/lv/svs_core/lv=11, 1742602979326
Received update: /ndn/by-site/by/svs_core/by=11, 1742602984607
Received update: /ndn/cz-site/cz/svs_core/cz=11, 1742602984607
Received update: /ndn/dk-site/dk/svs_core/dk=11, 1742602984607
Received update: /ndn/hr-site/hr/svs_core/hr=11, 1742602984607
Received update: /ndn/is-site/is/svs_core/is=11, 1742602984607
Received update: /ndn/tr-site/tr/svs_core/tr=11, 1742602986741
Received update: /ndn/fr2-site/fr2/svs_core/fr2=11, 1742602986961
Received update: /ndn/pt-site/pt/svs_core/pt=11, 1742602987208
Received update: /ndn/hu-site/hu/svs_core/hu=11, 1742602987368
Received update: /ndn/fr1-site/fr1/svs_core/fr1=12, 1742602989003
Received update: /ndn/si-site/si/svs_core/si=12, 1742602989942
Received update: /ndn/ee-site/ee/svs_core/ee=12, 1742602993877
Received update: /ndn/lt-site/lt/svs_core/lt=12, 1742602993877
Received update: /ndn/pl-site/pl/svs_core/pl=12, 1742602993877
Received update: /ndn/de2-site/de2/svs_core/de2=12, 1742602995144
Received update: /ndn/ch-site/ch/svs_core/ch=12, 1742602995372
Received update: /ndn/am-site/am/svs_core/am=12, 1742602997296
Received update: /ndn/az-site/az/svs_core/az=12, 1742602997296
Received update: /ndn/fi-site/fi/svs_core/fi=12, 1742602997296
Received update: /ndn/no-site/no/svs_core/no=12, 1742602999474
Received update: /ndn/se-site/se/svs_core/se=12, 1742602999474
Received update: /ndn/uk-site/uk/svs_core/uk=12, 1742602999480
Received update: /ndn/ua-site/ua/svs_core/ua=12, 1742602999648
Received update: /ndn/sk-site/sk/svs_core/sk=12, 1742603003681
Received update: /ndn/es-site/es/svs_core/es=12, 1742603004316
Received update: /ndn/gr-site/gr/svs_core/gr=12, 1742603004316
Received update: /ndn/md-site/md/svs_core/md=12, 1742603004316
Received update: /ndn/bg-site/bg/svs_core/bg=12, 1742603005333
Sending Sync interest
Received update: /ndn/il-site/il/svs_core/il=12, 1742603005553
Received update: /ndn/mk-site/mk/svs_core/mk=12, 1742603005553
Received update: /ndn/it-site/it/svs_core/it=12, 1742603011554
Received update: /ndn/ro-site/ro/svs_core/ro=12, 1742603011554
Received update: /ndn/cy-site/cy/svs_core/cy=12, 1742603012443
Received update: /ndn/ge-site/ge/svs_core/ge=12, 1742603014418
Received update: /ndn/ie-site/ie/svs_core/ie=12, 1742603014622
Received update: /ndn/de1-site/de1/svs_core/de1=12, 1742603014622
Received update: /ndn/lu-site/lu/svs_core/lu=12, 1742603015496
Received update: /ndn/be-site/be/svs_core/be=12, 1742603016236
Received update: /ndn/nl-site/nl/svs_core/nl=12, 1742603016236
Received update: /ndn/mt-site/mt/svs_core/mt=12, 1742603019014
Received update: /ndn/rs-site/rs/svs_core/rs=12, 1742603019120
Published sequence number: /ndn/me-site/me/svs_core/me=12, 1742603022529
Sending Sync interest
Received update: /ndn/at-site/at/svs_core/at=12, 1742603024286
Received update: /ndn/al-site/al/svs_core/al=12, 1742603025215
Received update: /ndn/by-site/by/svs_core/by=12, 1742603025215
Received update: /ndn/lv-site/lv/svs_core/lv=12, 1742603025384
Received update: /ndn/hr-site/hr/svs_core/hr=12, 1742603026312
Received update: /ndn/is-site/is/svs_core/is=12, 1742603026312
Received update: /ndn/cz-site/cz/svs_core/cz=12, 1742603029400
Received update: /ndn/dk-site/dk/svs_core/dk=12, 1742603029400
Received update: /ndn/pt-site/pt/svs_core/pt=12, 1742603031742
Received update: /ndn/tr-site/tr/svs_core/tr=12, 1742603031742
Received update: /ndn/fr2-site/fr2/svs_core/fr2=12, 1742603031983
Received update: /ndn/fr1-site/fr1/svs_core/fr1=13, 1742603034004
Received update: /ndn/hu-site/hu/svs_core/hu=12, 1742603034210
Received update: /ndn/si-site/si/svs_core/si=13, 1742603034946
Received update: /ndn/ee-site/ee/svs_core/ee=13, 1742603035755
Received update: /ndn/lt-site/lt/svs_core/lt=13, 1742603037052
Received update: /ndn/pl-site/pl/svs_core/pl=13, 1742603038881
Received update: /ndn/ch-site/ch/svs_core/ch=13, 1742603039106
Received update: /ndn/am-site/am/svs_core/am=13, 1742603040359
Received update: /ndn/de2-site/de2/svs_core/de2=13, 1742603040359
Received update: /ndn/se-site/se/svs_core/se=13, 1742603041859
Received update: /ndn/uk-site/uk/svs_core/uk=13, 1742603044486
Received update: /ndn/gr-site/gr/svs_core/gr=13, 1742603048109
Sending Sync interest
Received update: /ndn/az-site/az/svs_core/az=13, 1742603048284
Received update: /ndn/no-site/no/svs_core/no=13, 1742603048328
Received update: /ndn/ua-site/ua/svs_core/ua=13, 1742603048540
Received update: /ndn/es-site/es/svs_core/es=13, 1742603050383
Received update: /ndn/fi-site/fi/svs_core/fi=13, 1742603050383
Received update: /ndn/ie-site/ie/svs_core/ie=13, 1742603050383
Received update: /ndn/il-site/il/svs_core/il=13, 1742603050383
Received update: /ndn/sk-site/sk/svs_core/sk=13, 1742603050383
Received update: /ndn/mk-site/mk/svs_core/mk=13, 1742603050474
Received update: /ndn/bg-site/bg/svs_core/bg=13, 1742603050646
Received update: /ndn/md-site/md/svs_core/md=13, 1742603050646
Received update: /ndn/it-site/it/svs_core/it=13, 1742603056611
Received update: /ndn/ro-site/ro/svs_core/ro=13, 1742603056611
Received update: /ndn/nl-site/nl/svs_core/nl=13, 1742603060501
Received update: /ndn/be-site/be/svs_core/be=13, 1742603061667
Received update: /ndn/cy-site/cy/svs_core/cy=13, 1742603061667
Received update: /ndn/ge-site/ge/svs_core/ge=13, 1742603061667
Received update: /ndn/lu-site/lu/svs_core/lu=13, 1742603061667
Received update: /ndn/de1-site/de1/svs_core/de1=13, 1742603061667
Published sequence number: /ndn/me-site/me/svs_core/me=13, 1742603067532
Sending Sync interest
Received update: /ndn/at-site/at/svs_core/at=13, 1742603069294
Received update: /ndn/al-site/al/svs_core/al=13, 1742603069429
Received update: /ndn/is-site/is/svs_core/is=13, 1742603069453
Sending Sync interest
Received update: /ndn/mt-site/mt/svs_core/mt=13, 1742603069638
Received update: /ndn/rs-site/rs/svs_core/rs=13, 1742603069638
Received update: /ndn/lv-site/lv/svs_core/lv=13, 1742603069652
Sending Sync interest
Received update: /ndn/dk-site/dk/svs_core/dk=13, 1742603070515
Received update: /ndn/cz-site/cz/svs_core/cz=13, 1742603074398
Received update: /ndn/tr-site/tr/svs_core/tr=13, 1742603076745
Received update: /ndn/pt-site/pt/svs_core/pt=13, 1742603076795
Received update: /ndn/fr2-site/fr2/svs_core/fr2=13, 1742603076795
Received update: /ndn/hr-site/hr/svs_core/hr=13, 1742603076889
Received update: /ndn/si-site/si/svs_core/si=14, 1742603079948
Received update: /ndn/fr1-site/fr1/svs_core/fr1=14, 1742603079948
Received update: /ndn/hu-site/hu/svs_core/hu=13, 1742603080142
Received update: /ndn/ee-site/ee/svs_core/ee=14, 1742603080760
Received update: /ndn/am-site/am/svs_core/am=14, 1742603084119
Received update: /ndn/ch-site/ch/svs_core/ch=14, 1742603084119
Received update: /ndn/by-site/by/svs_core/by=13, 1742603084538
Received update: /ndn/lt-site/lt/svs_core/lt=14, 1742603084538
Received update: /ndn/pl-site/pl/svs_core/pl=14, 1742603084538
Received update: /ndn/de2-site/de2/svs_core/de2=14, 1742603085149
Received update: /ndn/az-site/az/svs_core/az=14, 1742603087303
Received update: /ndn/ua-site/ua/svs_core/ua=14, 1742603088762
Received update: /ndn/no-site/no/svs_core/no=14, 1742603089486
Received update: /ndn/uk-site/uk/svs_core/uk=14, 1742603089486
Received update: /ndn/es-site/es/svs_core/es=14, 1742603093449
Received update: /ndn/gr-site/gr/svs_core/gr=14, 1742603093449
Received update: /ndn/se-site/se/svs_core/se=14, 1742603093449
Received update: /ndn/sk-site/sk/svs_core/sk=14, 1742603093695
Received update: /ndn/md-site/md/svs_core/md=14, 1742603094034
Received update: /ndn/bg-site/bg/svs_core/bg=14, 1742603095338
Received update: /ndn/fi-site/fi/svs_core/fi=14, 1742603095341
Received update: /ndn/mk-site/mk/svs_core/mk=14, 1742603095341
Received update: /ndn/il-site/il/svs_core/il=14, 1742603095763
Received update: /ndn/it-site/it/svs_core/it=14, 1742603097317
Received update: /ndn/cy-site/cy/svs_core/cy=14, 1742603102456
Received update: /ndn/ge-site/ge/svs_core/ge=14, 1742603104433
Received update: /ndn/ie-site/ie/svs_core/ie=14, 1742603105507
Received update: /ndn/nl-site/nl/svs_core/nl=14, 1742603105507
Received update: /ndn/de1-site/de1/svs_core/de1=14, 1742603105507
Received update: /ndn/ro-site/ro/svs_core/ro=14, 1742603105561
Received update: /ndn/lu-site/lu/svs_core/lu=14, 1742603105960
Received update: /ndn/be-site/be/svs_core/be=14, 1742603106214
Received update: /ndn/rs-site/rs/svs_core/rs=14, 1742603107123
Published sequence number: /ndn/me-site/me/svs_core/me=14, 1742603112536
Sending Sync interest
Received update: /ndn/at-site/at/svs_core/at=14, 1742603114295
Received update: /ndn/is-site/is/svs_core/is=14, 1742603114455
Sending Sync interest
Received update: /ndn/al-site/al/svs_core/al=14, 1742603114523
Received update: /ndn/mt-site/mt/svs_core/mt=14, 1742603114523
Sending Sync interest
Received update: /ndn/by-site/by/svs_core/by=14, 1742603115214
Received update: /ndn/dk-site/dk/svs_core/dk=14, 1742603116315
Received update: /ndn/hr-site/hr/svs_core/hr=14, 1742603116315
Received update: /ndn/lv-site/lv/svs_core/lv=14, 1742603116315
Received update: /ndn/cz-site/cz/svs_core/cz=14, 1742603120860
Received update: /ndn/fr2-site/fr2/svs_core/fr2=14, 1742603120860
Received update: /ndn/pt-site/pt/svs_core/pt=14, 1742603121678
Sending Sync interest
Received update: /ndn/tr-site/tr/svs_core/tr=14, 1742603122063
Received update: /ndn/fr1-site/fr1/svs_core/fr1=15, 1742603124017
Received update: /ndn/hu-site/hu/svs_core/hu=14, 1742603124957
Received update: /ndn/si-site/si/svs_core/si=15, 1742603124957
Received update: /ndn/am-site/am/svs_core/am=15, 1742603129122
Received update: /ndn/ch-site/ch/svs_core/ch=15, 1742603129122
Received update: /ndn/ee-site/ee/svs_core/ee=15, 1742603129122
Received update: /ndn/lt-site/lt/svs_core/lt=15, 1742603129122
Received update: /ndn/pl-site/pl/svs_core/pl=15, 1742603129122
Received update: /ndn/fi-site/fi/svs_core/fi=15, 1742603131301
Sending Sync interest
Received update: /ndn/de2-site/de2/svs_core/de2=15, 1742603131682
Received update: /ndn/az-site/az/svs_core/az=15, 1742603132306
Received update: /ndn/se-site/se/svs_core/se=15, 1742603132472
Received update: /ndn/gr-site/gr/svs_core/gr=15, 1742603138118
Received update: /ndn/no-site/no/svs_core/no=15, 1742603138118
Received update: /ndn/uk-site/uk/svs_core/uk=15, 1742603138338
Received update: /ndn/ua-site/ua/svs_core/ua=15, 1742603138527
Received update: /ndn/sk-site/sk/svs_core/sk=15, 1742603138706
Received update: /ndn/es-site/es/svs_core/es=15, 1742603138720
Received update: /ndn/il-site/il/svs_core/il=15, 1742603139171
Received update: /ndn/bg-site/bg/svs_core/bg=15, 1742603140346
Received update: /ndn/mk-site/mk/svs_core/mk=15, 1742603140552
Received update: /ndn/ie-site/ie/svs_core/ie=15, 1742603140791
Received update: /ndn/md-site/md/svs_core/md=15, 1742603140948
Received update: /ndn/cy-site/cy/svs_core/cy=15, 1742603149440
Received update: /ndn/it-site/it/svs_core/it=15, 1742603149440
Received update: /ndn/ro-site/ro/svs_core/ro=15, 1742603149440
Received update: /ndn/de1-site/de1/svs_core/de1=15, 1742603149440
Received update: /ndn/be-site/be/svs_core/be=15, 1742603151224
Received update: /ndn/ge-site/ge/svs_core/ge=15, 1742603151224
Received update: /ndn/lu-site/lu/svs_core/lu=15, 1742603151224
Received update: /ndn/nl-site/nl/svs_core/nl=15, 1742603151260
Received update: /ndn/lv-site/lv/svs_core/lv=15, 1742603157428
Received update: /ndn/rs-site/rs/svs_core/rs=15, 1742603157460
Published sequence number: /ndn/me-site/me/svs_core/me=15, 1742603157536
Sending Sync interest
Received update: /ndn/at-site/at/svs_core/at=15, 1742603159313
Received update: /ndn/al-site/al/svs_core/al=15, 1742603159463
Received update: /ndn/dk-site/dk/svs_core/dk=15, 1742603160519
Received update: /ndn/hr-site/hr/svs_core/hr=15, 1742603161323
Received update: /ndn/is-site/is/svs_core/is=15, 1742603161670
Received update: /ndn/mt-site/mt/svs_core/mt=15, 1742603161670
Received update: /ndn/by-site/by/svs_core/by=15, 1742603164629
Received update: /ndn/cz-site/cz/svs_core/cz=15, 1742603164629
Received update: /ndn/tr-site/tr/svs_core/tr=15, 1742603166896
Received update: /ndn/hu-site/hu/svs_core/hu=15, 1742603169957
Received update: /ndn/pt-site/pt/svs_core/pt=15, 1742603169957
Received update: /ndn/si-site/si/svs_core/si=16, 1742603169957
Received update: /ndn/fr1-site/fr1/svs_core/fr1=16, 1742603169957
Received update: /ndn/fr2-site/fr2/svs_core/fr2=15, 1742603169957
Received update: /ndn/am-site/am/svs_core/am=16, 1742603171757
Received update: /ndn/ee-site/ee/svs_core/ee=16, 1742603171757
Received update: /ndn/ch-site/ch/svs_core/ch=16, 1742603174117
Received update: /ndn/pl-site/pl/svs_core/pl=16, 1742603174333
Received update: /ndn/fi-site/fi/svs_core/fi=16, 1742603176302
Received update: /ndn/de2-site/de2/svs_core/de2=16, 1742603176356
Received update: /ndn/lt-site/lt/svs_core/lt=16, 1742603176713
Received update: /ndn/az-site/az/svs_core/az=16, 1742603177302
Received update: /ndn/se-site/se/svs_core/se=16, 1742603177533
Received update: /ndn/ua-site/ua/svs_core/ua=16, 1742603178771
Received update: /ndn/uk-site/uk/svs_core/uk=16, 1742603179490
Received update: /ndn/es-site/es/svs_core/es=16, 1742603183350
Received update: /ndn/gr-site/gr/svs_core/gr=16, 1742603183548
Received update: /ndn/bg-site/bg/svs_core/bg=16, 1742603185349
Received update: /ndn/ie-site/ie/svs_core/ie=16, 1742603185360
Received update: /ndn/no-site/no/svs_core/no=16, 1742603185360
Received update: /ndn/il-site/il/svs_core/il=16, 1742603185554
Received update: /ndn/mk-site/mk/svs_core/mk=16, 1742603185554
Received update: /ndn/sk-site/sk/svs_core/sk=16, 1742603185620
Received update: /ndn/cy-site/cy/svs_core/cy=16, 1742603192467
Received update: /ndn/md-site/md/svs_core/md=16, 1742603192467
Received update: /ndn/ro-site/ro/svs_core/ro=16, 1742603192685
Received update: /ndn/it-site/it/svs_core/it=16, 1742603192686
Received update: /ndn/ge-site/ge/svs_core/ge=16, 1742603194436
Received update: /ndn/nl-site/nl/svs_core/nl=16, 1742603195512
Received update: /ndn/de1-site/de1/svs_core/de1=16, 1742603195512
Received update: /ndn/be-site/be/svs_core/be=16, 1742603196225
Received update: /ndn/lu-site/lu/svs_core/lu=16, 1742603196225
Received update: /ndn/rs-site/rs/svs_core/rs=16, 1742603197334
Published sequence number: /ndn/me-site/me/svs_core/me=16, 1742603202539
Sending Sync interest
Received update: /ndn/lv-site/lv/svs_core/lv=16, 1742603202849
Received update: /ndn/mt-site/mt/svs_core/mt=16, 1742603202849
Sending Sync interest
Received update: /ndn/al-site/al/svs_core/al=16, 1742603204306
Received update: /ndn/at-site/at/svs_core/at=16, 1742603204306
Sending Sync interest
Received update: /ndn/is-site/is/svs_core/is=16, 1742603204515
Sending Sync interest
Sending Sync interest
Received update: /ndn/dk-site/dk/svs_core/dk=16, 1742603206325
Received update: /ndn/hr-site/hr/svs_core/hr=16, 1742603206325
Received update: /ndn/cz-site/cz/svs_core/cz=16, 1742603209416
Received update: /ndn/fr2-site/fr2/svs_core/fr2=16, 1742603210875
Received update: /ndn/tr-site/tr/svs_core/tr=16, 1742603211757
Received update: /ndn/hu-site/hu/svs_core/hu=16, 1742603239031
Received update: /ndn/pt-site/pt/svs_core/pt=16, 1742603241101
Received update: /ndn/by-site/by/svs_core/by=16, 1742603241313
Stopping SVS client: /ndn/me-site/me/svs_core/me
