SVS client starting: /ndn/no-site/no/svs_core/no
Sending Sync interest
Max suppression time updated to: 216
Received update: /ndn/dk-site/dk/svs_core/dk=1, 1742585815816
Received update: /ndn/es-site/es/svs_core/es=1, 1742585815816
Received update: /ndn/nl-site/nl/svs_core/nl=1, 1742585815816
Received update: /ndn/pl-site/pl/svs_core/pl=1, 1742585815816
Published sequence number: /ndn/no-site/no/svs_core/no=1, 1742585818049
Sending Sync interest
Max suppression time updated to: 204
Received update: /ndn/lv-site/lv/svs_core/lv=1, 1742585819524
Received update: /ndn/rs-site/rs/svs_core/rs=1, 1742585819524
Received update: /ndn/uk-site/uk/svs_core/uk=1, 1742585819524
Max suppression time updated to: 189
Received update: /ndn/cy-site/cy/svs_core/cy=1, 1742585820587
Received update: /ndn/tr-site/tr/svs_core/tr=1, 1742585820587
Max suppression time updated to: 192
Max suppression time updated to: 201
Received update: /ndn/ua-site/ua/svs_core/ua=1, 1742585821517
Max suppression time updated to: 198
Received update: /ndn/is-site/is/svs_core/is=1, 1742585827943
Max suppression time updated to: 177
Received update: /ndn/by-site/by/svs_core/by=1, 1742585827991
Max suppression time updated to: 165
Max suppression time updated to: 153
Received update: /ndn/ge-site/ge/svs_core/ge=1, 1742585828169
Received update: /ndn/ie-site/ie/svs_core/ie=1, 1742585828169
Max suppression time updated to: 150
Max suppression time updated to: 153
Max suppression time updated to: 150
Received update: /ndn/hr-site/hr/svs_core/hr=1, 1742585831014
Received update: /ndn/it-site/it/svs_core/it=1, 1742585831014
Max suppression time updated to: 159
Received update: /ndn/gr-site/gr/svs_core/gr=1, 1742585831178
Max suppression time updated to: 159
Max suppression time updated to: 159
Received update: /ndn/at-site/at/svs_core/at=1, 1742585832159
Received update: /ndn/il-site/il/svs_core/il=1, 1742585832159
Max suppression time updated to: 165
Received update: /ndn/am-site/am/svs_core/am=1, 1742585838342
Received update: /ndn/lu-site/lu/svs_core/lu=1, 1742585838342
Received update: /ndn/mk-site/mk/svs_core/mk=1, 1742585838342
Received update: /ndn/de2-site/de2/svs_core/de2=1, 1742585838342
Max suppression time updated to: 165
Received update: /ndn/ee-site/ee/svs_core/ee=1, 1742585838489
Received update: /ndn/mt-site/mt/svs_core/mt=1, 1742585838489
Max suppression time updated to: 168
Max suppression time updated to: 171
Received update: /ndn/me-site/me/svs_core/me=1, 1742585838591
Max suppression time updated to: 165
Received update: /ndn/al-site/al/svs_core/al=1, 1742585838812
Received update: /ndn/ch-site/ch/svs_core/ch=1, 1742585838812
Received update: /ndn/fi-site/fi/svs_core/fi=1, 1742585838812
Sending Sync interest
Max suppression time updated to: 165
Received update: /ndn/az-site/az/svs_core/az=1, 1742585839289
Max suppression time updated to: 168
Max suppression time updated to: 162
Received update: /ndn/bg-site/bg/svs_core/bg=1, 1742585840296
Max suppression time updated to: 165
Max suppression time updated to: 165
Received update: /ndn/cz-site/cz/svs_core/cz=1, 1742585844651
Max suppression time updated to: 165
Received update: /ndn/ro-site/ro/svs_core/ro=1, 1742585849841
Received update: /ndn/de1-site/de1/svs_core/de1=1, 1742585849841
Max suppression time updated to: 168
Received update: /ndn/be-site/be/svs_core/be=1, 1742585854875
Received update: /ndn/md-site/md/svs_core/md=1, 1742585854875
Received update: /ndn/si-site/si/svs_core/si=1, 1742585854875
Received update: /ndn/sk-site/sk/svs_core/sk=1, 1742585854875
Received update: /ndn/fr1-site/fr1/svs_core/fr1=1, 1742585854875
Received update: /ndn/fr2-site/fr2/svs_core/fr2=1, 1742585854875
Max suppression time updated to: 162
Received update: /ndn/se-site/se/svs_core/se=1, 1742585857201
Max suppression time updated to: 159
Received update: /ndn/dk-site/dk/svs_core/dk=2, 1742585860111
Published sequence number: /ndn/no-site/no/svs_core/no=2, 1742585863051
Sending Sync interest
Max suppression time updated to: 159
Received update: /ndn/is-site/is/svs_core/is=2, 1742585872922
Sending Sync interest
Max suppression time updated to: 156
Received update: /ndn/by-site/by/svs_core/by=2, 1742585874017
Received update: /ndn/es-site/es/svs_core/es=2, 1742585874017
Received update: /ndn/it-site/it/svs_core/it=2, 1742585874017
Received update: /ndn/pl-site/pl/svs_core/pl=2, 1742585874017
Received update: /ndn/pt-site/pt/svs_core/pt=1, 1742585874017
Received update: /ndn/tr-site/tr/svs_core/tr=2, 1742585874017
Received update: /ndn/ua-site/ua/svs_core/ua=2, 1742585874017
Max suppression time updated to: 156
Received update: /ndn/cy-site/cy/svs_core/cy=2, 1742585874695
Received update: /ndn/ge-site/ge/svs_core/ge=2, 1742585874695
Received update: /ndn/hu-site/hu/svs_core/hu=1, 1742585874695
Received update: /ndn/lv-site/lv/svs_core/lv=2, 1742585874695
Received update: /ndn/nl-site/nl/svs_core/nl=2, 1742585874695
Received update: /ndn/rs-site/rs/svs_core/rs=2, 1742585874695
Received update: /ndn/uk-site/uk/svs_core/uk=2, 1742585874695
Max suppression time updated to: 159
Received update: /ndn/at-site/at/svs_core/at=2, 1742585876264
Received update: /ndn/gr-site/gr/svs_core/gr=2, 1742585876264
Received update: /ndn/hr-site/hr/svs_core/hr=2, 1742585876264
Received update: /ndn/ie-site/ie/svs_core/ie=2, 1742585876264
Received update: /ndn/lt-site/lt/svs_core/lt=1, 1742585876264
Max suppression time updated to: 159
Received update: /ndn/al-site/al/svs_core/al=2, 1742585886589
Received update: /ndn/am-site/am/svs_core/am=2, 1742585886589
Received update: /ndn/az-site/az/svs_core/az=2, 1742585886589
Received update: /ndn/ch-site/ch/svs_core/ch=2, 1742585886589
Received update: /ndn/ee-site/ee/svs_core/ee=2, 1742585886589
Received update: /ndn/fi-site/fi/svs_core/fi=2, 1742585886589
Received update: /ndn/il-site/il/svs_core/il=2, 1742585886589
Received update: /ndn/lu-site/lu/svs_core/lu=2, 1742585886589
Received update: /ndn/me-site/me/svs_core/me=2, 1742585886589
Received update: /ndn/mk-site/mk/svs_core/mk=2, 1742585886589
Received update: /ndn/mt-site/mt/svs_core/mt=2, 1742585886589
Received update: /ndn/de2-site/de2/svs_core/de2=2, 1742585886589
Received update: /ndn/fr1-site/fr1/svs_core/fr1=2, 1742585886589
Max suppression time updated to: 159
Received update: /ndn/bg-site/bg/svs_core/bg=2, 1742585889701
Received update: /ndn/cz-site/cz/svs_core/cz=2, 1742585889701
Max suppression time updated to: 159
Max suppression time updated to: 162
Received update: /ndn/be-site/be/svs_core/be=2, 1742585899745
Received update: /ndn/hu-site/hu/svs_core/hu=2, 1742585899745
Received update: /ndn/lt-site/lt/svs_core/lt=2, 1742585899745
Received update: /ndn/pt-site/pt/svs_core/pt=2, 1742585899745
Received update: /ndn/ro-site/ro/svs_core/ro=2, 1742585899745
Received update: /ndn/de1-site/de1/svs_core/de1=2, 1742585899745
Max suppression time updated to: 159
Received update: /ndn/se-site/se/svs_core/se=2, 1742585902214
Max suppression time updated to: 159
Received update: /ndn/md-site/md/svs_core/md=2, 1742585905571
Received update: /ndn/nl-site/nl/svs_core/nl=3, 1742585905571
Received update: /ndn/pl-site/pl/svs_core/pl=3, 1742585905571
Received update: /ndn/sk-site/sk/svs_core/sk=2, 1742585905571
Received update: /ndn/uk-site/uk/svs_core/uk=3, 1742585905571
Received update: /ndn/fr2-site/fr2/svs_core/fr2=2, 1742585905571
Max suppression time updated to: 156
Received update: /ndn/dk-site/dk/svs_core/dk=3, 1742585905702
Published sequence number: /ndn/no-site/no/svs_core/no=3, 1742585908054
Sending Sync interest
Max suppression time updated to: 153
Received update: /ndn/si-site/si/svs_core/si=2, 1742585908123
Max suppression time updated to: 150
Max suppression time updated to: 150
Received update: /ndn/is-site/is/svs_core/is=3, 1742585917932
Max suppression time updated to: 150
Received update: /ndn/it-site/it/svs_core/it=3, 1742585917991
Received update: /ndn/lv-site/lv/svs_core/lv=3, 1742585917991
Received update: /ndn/ua-site/ua/svs_core/ua=3, 1742585917991
Max suppression time updated to: 150
Received update: /ndn/rs-site/rs/svs_core/rs=3, 1742585918129
Max suppression time updated to: 153
Max suppression time updated to: 153
Received update: /ndn/cy-site/cy/svs_core/cy=3, 1742585918458
Received update: /ndn/ge-site/ge/svs_core/ge=3, 1742585918458
Received update: /ndn/ie-site/ie/svs_core/ie=3, 1742585918458
Received update: /ndn/tr-site/tr/svs_core/tr=3, 1742585918458
Max suppression time updated to: 153
Max suppression time updated to: 153
Received update: /ndn/at-site/at/svs_core/at=3, 1742585924563
Received update: /ndn/es-site/es/svs_core/es=3, 1742585924563
Received update: /ndn/gr-site/gr/svs_core/gr=3, 1742585924563
Received update: /ndn/hr-site/hr/svs_core/hr=3, 1742585924563
Received update: /ndn/de2-site/de2/svs_core/de2=3, 1742585924563
Max suppression time updated to: 150
Received update: /ndn/by-site/by/svs_core/by=3, 1742585925118
Received update: /ndn/il-site/il/svs_core/il=3, 1742585925118
Received update: /ndn/lu-site/lu/svs_core/lu=3, 1742585925118
Max suppression time updated to: 150
Received update: /ndn/ee-site/ee/svs_core/ee=3, 1742585926147
Received update: /ndn/mt-site/mt/svs_core/mt=3, 1742585926147
Max suppression time updated to: 150
Received update: /ndn/fi-site/fi/svs_core/fi=3, 1742585926278
Max suppression time updated to: 150
Received update: /ndn/al-site/al/svs_core/al=3, 1742585928916
Received update: /ndn/am-site/am/svs_core/am=3, 1742585928916
Received update: /ndn/ch-site/ch/svs_core/ch=3, 1742585928916
Max suppression time updated to: 153
Received update: /ndn/fr1-site/fr1/svs_core/fr1=3, 1742585931252
Max suppression time updated to: 153
Received update: /ndn/az-site/az/svs_core/az=3, 1742585931326
Received update: /ndn/mk-site/mk/svs_core/mk=3, 1742585931326
Max suppression time updated to: 150
Received update: /ndn/be-site/be/svs_core/be=3, 1742585943532
Received update: /ndn/bg-site/bg/svs_core/bg=3, 1742585943532
Received update: /ndn/me-site/me/svs_core/me=3, 1742585943532
Received update: /ndn/de1-site/de1/svs_core/de1=3, 1742585943532
Max suppression time updated to: 153
Received update: /ndn/cz-site/cz/svs_core/cz=3, 1742585944933
Received update: /ndn/hu-site/hu/svs_core/hu=3, 1742585944933
Received update: /ndn/md-site/md/svs_core/md=3, 1742585944933
Received update: /ndn/si-site/si/svs_core/si=3, 1742585944933
Received update: /ndn/sk-site/sk/svs_core/sk=3, 1742585944933
Max suppression time updated to: 150
Received update: /ndn/fr2-site/fr2/svs_core/fr2=3, 1742585945007
Max suppression time updated to: 150
Received update: /ndn/se-site/se/svs_core/se=3, 1742585947208
Max suppression time updated to: 150
Received update: /ndn/dk-site/dk/svs_core/dk=4, 1742585950115
Max suppression time updated to: 150
Published sequence number: /ndn/no-site/no/svs_core/no=4, 1742585953060
Sending Sync interest
Max suppression time updated to: 150
Received update: /ndn/lt-site/lt/svs_core/lt=3, 1742585954060
Received update: /ndn/nl-site/nl/svs_core/nl=4, 1742585954060
Received update: /ndn/pl-site/pl/svs_core/pl=4, 1742585954060
Received update: /ndn/tr-site/tr/svs_core/tr=4, 1742585954060
Max suppression time updated to: 153
Sending Sync interest
Max suppression time updated to: 153
Received update: /ndn/pt-site/pt/svs_core/pt=3, 1742585954415
Received update: /ndn/uk-site/uk/svs_core/uk=4, 1742585954415
Max suppression time updated to: 153
Received update: /ndn/lv-site/lv/svs_core/lv=4, 1742585954537
Sending Sync interest
Max suppression time updated to: 153
Sending Sync interest
Max suppression time updated to: 153
Received update: /ndn/es-site/es/svs_core/es=4, 1742585956730
Received update: /ndn/rs-site/rs/svs_core/rs=4, 1742585956730
Received update: /ndn/ua-site/ua/svs_core/ua=4, 1742585956730
Max suppression time updated to: 150
Received update: /ndn/is-site/is/svs_core/is=4, 1742585962929
Max suppression time updated to: 150
Max suppression time updated to: 153
Received update: /ndn/by-site/by/svs_core/by=4, 1742585967498
Received update: /ndn/ge-site/ge/svs_core/ge=4, 1742585967498
Received update: /ndn/hr-site/hr/svs_core/hr=4, 1742585967498
Received update: /ndn/lu-site/lu/svs_core/lu=4, 1742585967498
Max suppression time updated to: 153
Max suppression time updated to: 153
Received update: /ndn/it-site/it/svs_core/it=4, 1742585967577
Sending Sync interest
Max suppression time updated to: 153
Received update: /ndn/at-site/at/svs_core/at=4, 1742585967750
Received update: /ndn/cy-site/cy/svs_core/cy=4, 1742585967750
Received update: /ndn/il-site/il/svs_core/il=4, 1742585967750
Max suppression time updated to: 153
Received update: /ndn/am-site/am/svs_core/am=4, 1742585972747
Received update: /ndn/ee-site/ee/svs_core/ee=4, 1742585972747
Received update: /ndn/fi-site/fi/svs_core/fi=4, 1742585972747
Received update: /ndn/me-site/me/svs_core/me=4, 1742585972747
Received update: /ndn/mt-site/mt/svs_core/mt=4, 1742585972747
Received update: /ndn/de2-site/de2/svs_core/de2=4, 1742585972747
Max suppression time updated to: 153
Received update: /ndn/gr-site/gr/svs_core/gr=4, 1742585973510
Received update: /ndn/mk-site/mk/svs_core/mk=4, 1742585973510
Max suppression time updated to: 153
Received update: /ndn/az-site/az/svs_core/az=4, 1742585973677
Received update: /ndn/ch-site/ch/svs_core/ch=4, 1742585973677
Sending Sync interest
Max suppression time updated to: 153
Received update: /ndn/ro-site/ro/svs_core/ro=3, 1742585973870
Sending Sync interest
Max suppression time updated to: 156
Received update: /ndn/al-site/al/svs_core/al=4, 1742585985384
Received update: /ndn/bg-site/bg/svs_core/bg=4, 1742585985384
Received update: /ndn/cz-site/cz/svs_core/cz=4, 1742585985384
Received update: /ndn/ro-site/ro/svs_core/ro=4, 1742585985384
Received update: /ndn/de1-site/de1/svs_core/de1=4, 1742585985384
Received update: /ndn/fr1-site/fr1/svs_core/fr1=4, 1742585985384
Max suppression time updated to: 156
Received update: /ndn/ie-site/ie/svs_core/ie=4, 1742585987397
Received update: /ndn/si-site/si/svs_core/si=4, 1742585987397
Max suppression time updated to: 156
Received update: /ndn/sk-site/sk/svs_core/sk=4, 1742585987544
Max suppression time updated to: 156
Received update: /ndn/se-site/se/svs_core/se=4, 1742585992208
Max suppression time updated to: 156
Received update: /ndn/be-site/be/svs_core/be=4, 1742585995163
Received update: /ndn/dk-site/dk/svs_core/dk=5, 1742585995163
Sending Sync interest
Max suppression time updated to: 156
Received update: /ndn/hu-site/hu/svs_core/hu=4, 1742585995513
Received update: /ndn/pt-site/pt/svs_core/pt=4, 1742585995513
Received update: /ndn/uk-site/uk/svs_core/uk=5, 1742585995513
Received update: /ndn/fr2-site/fr2/svs_core/fr2=4, 1742585995513
Sending Sync interest
Max suppression time updated to: 156
Received update: /ndn/es-site/es/svs_core/es=5, 1742585995910
Max suppression time updated to: 162
Published sequence number: /ndn/no-site/no/svs_core/no=5, 1742585998035
Sending Sync interest
Max suppression time updated to: 162
Received update: /ndn/by-site/by/svs_core/by=5, 1742586003350
Received update: /ndn/lt-site/lt/svs_core/lt=4, 1742586003350
Received update: /ndn/pl-site/pl/svs_core/pl=5, 1742586003350
Received update: /ndn/rs-site/rs/svs_core/rs=5, 1742586003350
Received update: /ndn/tr-site/tr/svs_core/tr=5, 1742586003350
Max suppression time updated to: 162
Received update: /ndn/cy-site/cy/svs_core/cy=5, 1742586003428
Max suppression time updated to: 162
Sending Sync interest
Max suppression time updated to: 162
Received update: /ndn/ie-site/ie/svs_core/ie=5, 1742586006506
Received update: /ndn/it-site/it/svs_core/it=5, 1742586006506
Received update: /ndn/ua-site/ua/svs_core/ua=5, 1742586006506
Max suppression time updated to: 162
Received update: /ndn/is-site/is/svs_core/is=5, 1742586007907
Max suppression time updated to: 162
Received update: /ndn/ge-site/ge/svs_core/ge=5, 1742586008181
Received update: /ndn/lv-site/lv/svs_core/lv=5, 1742586008181
Max suppression time updated to: 162
Received update: /ndn/il-site/il/svs_core/il=5, 1742586012254
Received update: /ndn/md-site/md/svs_core/md=4, 1742586012254
Max suppression time updated to: 162
Received update: /ndn/at-site/at/svs_core/at=5, 1742586012378
Received update: /ndn/hr-site/hr/svs_core/hr=5, 1742586012378
Max suppression time updated to: 162
Received update: /ndn/al-site/al/svs_core/al=5, 1742586033667
Received update: /ndn/am-site/am/svs_core/am=5, 1742586033667
Received update: /ndn/az-site/az/svs_core/az=5, 1742586033667
Received update: /ndn/be-site/be/svs_core/be=5, 1742586033667
Received update: /ndn/bg-site/bg/svs_core/bg=5, 1742586033667
Received update: /ndn/ch-site/ch/svs_core/ch=5, 1742586033667
Received update: /ndn/cz-site/cz/svs_core/cz=5, 1742586033667
Received update: /ndn/ee-site/ee/svs_core/ee=5, 1742586033667
Received update: /ndn/fi-site/fi/svs_core/fi=5, 1742586033667
Received update: /ndn/gr-site/gr/svs_core/gr=5, 1742586033667
Received update: /ndn/lu-site/lu/svs_core/lu=5, 1742586033667
Received update: /ndn/mk-site/mk/svs_core/mk=5, 1742586033667
Received update: /ndn/mt-site/mt/svs_core/mt=5, 1742586033667
Received update: /ndn/nl-site/nl/svs_core/nl=5, 1742586033667
Received update: /ndn/pt-site/pt/svs_core/pt=5, 1742586033667
Received update: /ndn/ro-site/ro/svs_core/ro=5, 1742586033667
Received update: /ndn/si-site/si/svs_core/si=5, 1742586033667
Received update: /ndn/sk-site/sk/svs_core/sk=5, 1742586033667
Received update: /ndn/de1-site/de1/svs_core/de1=5, 1742586033667
Received update: /ndn/de2-site/de2/svs_core/de2=5, 1742586033667
Received update: /ndn/fr1-site/fr1/svs_core/fr1=5, 1742586033667
Received update: /ndn/fr2-site/fr2/svs_core/fr2=5, 1742586033667
Max suppression time updated to: 162
Received update: /ndn/hu-site/hu/svs_core/hu=5, 1742586034459
Max suppression time updated to: 162
Max suppression time updated to: 162
Received update: /ndn/dk-site/dk/svs_core/dk=6, 1742586040165
Received update: /ndn/nl-site/nl/svs_core/nl=6, 1742586040165
Received update: /ndn/se-site/se/svs_core/se=5, 1742586040165
Max suppression time updated to: 165
Received update: /ndn/lt-site/lt/svs_core/lt=5, 1742586040374
Max suppression time updated to: 165
Published sequence number: /ndn/no-site/no/svs_core/no=6, 1742586043034
Sending Sync interest
Max suppression time updated to: 165
Received update: /ndn/es-site/es/svs_core/es=6, 1742586051544
Received update: /ndn/it-site/it/svs_core/it=6, 1742586051544
Received update: /ndn/lv-site/lv/svs_core/lv=6, 1742586051544
Received update: /ndn/md-site/md/svs_core/md=5, 1742586051544
Received update: /ndn/pl-site/pl/svs_core/pl=6, 1742586051544
Received update: /ndn/rs-site/rs/svs_core/rs=6, 1742586051544
Received update: /ndn/tr-site/tr/svs_core/tr=6, 1742586051544
Received update: /ndn/ua-site/ua/svs_core/ua=6, 1742586051544
Received update: /ndn/uk-site/uk/svs_core/uk=6, 1742586051544
Max suppression time updated to: 165
Received update: /ndn/fi-site/fi/svs_core/fi=6, 1742586057865
Max suppression time updated to: 165
Received update: /ndn/at-site/at/svs_core/at=6, 1742586058121
Received update: /ndn/ge-site/ge/svs_core/ge=6, 1742586058121
Received update: /ndn/gr-site/gr/svs_core/gr=6, 1742586058121
Received update: /ndn/il-site/il/svs_core/il=6, 1742586058121
Received update: /ndn/is-site/is/svs_core/is=6, 1742586058121
Max suppression time updated to: 162
Received update: /ndn/by-site/by/svs_core/by=6, 1742586058132
Max suppression time updated to: 165
Received update: /ndn/am-site/am/svs_core/am=6, 1742586063607
Received update: /ndn/ch-site/ch/svs_core/ch=6, 1742586063607
Received update: /ndn/cy-site/cy/svs_core/cy=6, 1742586063607
Received update: /ndn/ie-site/ie/svs_core/ie=6, 1742586063607
Received update: /ndn/lu-site/lu/svs_core/lu=6, 1742586063607
Received update: /ndn/me-site/me/svs_core/me=5, 1742586063607
Received update: /ndn/me-site/me/svs_core/me=6, 1742586063607
Received update: /ndn/mk-site/mk/svs_core/mk=6, 1742586063607
Received update: /ndn/mt-site/mt/svs_core/mt=6, 1742586063607
Received update: /ndn/de2-site/de2/svs_core/de2=6, 1742586063607
Max suppression time updated to: 165
Received update: /ndn/al-site/al/svs_core/al=6, 1742586074823
Received update: /ndn/az-site/az/svs_core/az=6, 1742586074823
Received update: /ndn/ee-site/ee/svs_core/ee=6, 1742586074823
Received update: /ndn/hr-site/hr/svs_core/hr=6, 1742586074823
Received update: /ndn/ro-site/ro/svs_core/ro=6, 1742586074823
Received update: /ndn/de1-site/de1/svs_core/de1=6, 1742586074823
Received update: /ndn/fr1-site/fr1/svs_core/fr1=6, 1742586074823
Max suppression time updated to: 165
Received update: /ndn/be-site/be/svs_core/be=6, 1742586078489
Sending Sync interest
Max suppression time updated to: 165
Received update: /ndn/cz-site/cz/svs_core/cz=6, 1742586079672
Received update: /ndn/hu-site/hu/svs_core/hu=6, 1742586079672
Received update: /ndn/si-site/si/svs_core/si=6, 1742586079672
Received update: /ndn/sk-site/sk/svs_core/sk=6, 1742586079672
Max suppression time updated to: 165
Received update: /ndn/bg-site/bg/svs_core/bg=6, 1742586085281
Received update: /ndn/dk-site/dk/svs_core/dk=7, 1742586085281
Received update: /ndn/nl-site/nl/svs_core/nl=7, 1742586085281
Received update: /ndn/se-site/se/svs_core/se=6, 1742586085281
Max suppression time updated to: 165
Received update: /ndn/pl-site/pl/svs_core/pl=7, 1742586085737
Received update: /ndn/pt-site/pt/svs_core/pt=6, 1742586085737
Received update: /ndn/uk-site/uk/svs_core/uk=7, 1742586085737
Received update: /ndn/fr2-site/fr2/svs_core/fr2=6, 1742586085737
Published sequence number: /ndn/no-site/no/svs_core/no=7, 1742586088036
Sending Sync interest
Max suppression time updated to: 168
Received update: /ndn/cy-site/cy/svs_core/cy=7, 1742586090624
Received update: /ndn/rs-site/rs/svs_core/rs=7, 1742586090624
Sending Sync interest
Max suppression time updated to: 168
Received update: /ndn/by-site/by/svs_core/by=7, 1742586093262
Received update: /ndn/lt-site/lt/svs_core/lt=6, 1742586093262
Received update: /ndn/lv-site/lv/svs_core/lv=7, 1742586093262
Received update: /ndn/tr-site/tr/svs_core/tr=7, 1742586093262
Max suppression time updated to: 168
Received update: /ndn/ie-site/ie/svs_core/ie=7, 1742586095924
Received update: /ndn/ua-site/ua/svs_core/ua=7, 1742586095924
Max suppression time updated to: 168
Received update: /ndn/is-site/is/svs_core/is=7, 1742586097935
Max suppression time updated to: 168
Max suppression time updated to: 171
Received update: /ndn/ge-site/ge/svs_core/ge=7, 1742586098585
Received update: /ndn/it-site/it/svs_core/it=7, 1742586098585
Received update: /ndn/md-site/md/svs_core/md=6, 1742586098585
Max suppression time updated to: 171
Received update: /ndn/hr-site/hr/svs_core/hr=7, 1742586100925
Max suppression time updated to: 171
Received update: /ndn/fi-site/fi/svs_core/fi=7, 1742586102867
Max suppression time updated to: 171
Max suppression time updated to: 171
Received update: /ndn/at-site/at/svs_core/at=7, 1742586104760
Received update: /ndn/lu-site/lu/svs_core/lu=7, 1742586104760
Received update: /ndn/de2-site/de2/svs_core/de2=7, 1742586104760
Max suppression time updated to: 171
Received update: /ndn/es-site/es/svs_core/es=7, 1742586105090
Received update: /ndn/gr-site/gr/svs_core/gr=7, 1742586105090
Received update: /ndn/il-site/il/svs_core/il=7, 1742586105090
Max suppression time updated to: 171
Received update: /ndn/ee-site/ee/svs_core/ee=7, 1742586105961
Max suppression time updated to: 171
Received update: /ndn/am-site/am/svs_core/am=7, 1742586118202
Received update: /ndn/bg-site/bg/svs_core/bg=7, 1742586118202
Received update: /ndn/ch-site/ch/svs_core/ch=7, 1742586118202
Received update: /ndn/cz-site/cz/svs_core/cz=7, 1742586118202
Received update: /ndn/me-site/me/svs_core/me=7, 1742586118202
Received update: /ndn/mk-site/mk/svs_core/mk=7, 1742586118202
Received update: /ndn/ro-site/ro/svs_core/ro=7, 1742586118202
Received update: /ndn/fr1-site/fr1/svs_core/fr1=7, 1742586118202
Max suppression time updated to: 171
Max suppression time updated to: 171
Received update: /ndn/si-site/si/svs_core/si=7, 1742586122284
Max suppression time updated to: 171
Received update: /ndn/az-site/az/svs_core/az=7, 1742586122450
Received update: /ndn/mt-site/mt/svs_core/mt=7, 1742586122450
Received update: /ndn/de1-site/de1/svs_core/de1=7, 1742586122450
Max suppression time updated to: 171
Received update: /ndn/sk-site/sk/svs_core/sk=7, 1742586122621
Max suppression time updated to: 171
Received update: /ndn/fr2-site/fr2/svs_core/fr2=7, 1742586122786
Max suppression time updated to: 171
Received update: /ndn/pt-site/pt/svs_core/pt=7, 1742586122863
Max suppression time updated to: 171
Max suppression time updated to: 171
Max suppression time updated to: 171
Received update: /ndn/al-site/al/svs_core/al=7, 1742586123554
Received update: /ndn/be-site/be/svs_core/be=7, 1742586123554
Max suppression time updated to: 171
Received update: /ndn/se-site/se/svs_core/se=7, 1742586127181
Max suppression time updated to: 171
Received update: /ndn/dk-site/dk/svs_core/dk=8, 1742586130110
Received update: /ndn/hu-site/hu/svs_core/hu=7, 1742586130110
Received update: /ndn/nl-site/nl/svs_core/nl=8, 1742586130110
Max suppression time updated to: 174
Published sequence number: /ndn/no-site/no/svs_core/no=8, 1742586133045
Sending Sync interest
Max suppression time updated to: 174
Received update: /ndn/es-site/es/svs_core/es=8, 1742586140917
Received update: /ndn/ie-site/ie/svs_core/ie=8, 1742586140917
Received update: /ndn/lt-site/lt/svs_core/lt=7, 1742586140917
Received update: /ndn/pl-site/pl/svs_core/pl=8, 1742586140917
Received update: /ndn/uk-site/uk/svs_core/uk=8, 1742586140917
Max suppression time updated to: 174
Max suppression time updated to: 174
Max suppression time updated to: 174
Received update: /ndn/is-site/is/svs_core/is=8, 1742586142912
Received update: /ndn/lv-site/lv/svs_core/lv=8, 1742586142912
Received update: /ndn/md-site/md/svs_core/md=7, 1742586142912
Received update: /ndn/tr-site/tr/svs_core/tr=8, 1742586142912
Max suppression time updated to: 174
Received update: /ndn/hr-site/hr/svs_core/hr=8, 1742586145952
Max suppression time updated to: 174
Max suppression time updated to: 174
Received update: /ndn/at-site/at/svs_core/at=8, 1742586151115
Received update: /ndn/by-site/by/svs_core/by=8, 1742586151115
Received update: /ndn/ee-site/ee/svs_core/ee=8, 1742586151115
Received update: /ndn/fi-site/fi/svs_core/fi=8, 1742586151115
Received update: /ndn/ge-site/ge/svs_core/ge=8, 1742586151115
Received update: /ndn/gr-site/gr/svs_core/gr=8, 1742586151115
Received update: /ndn/il-site/il/svs_core/il=8, 1742586151115
Received update: /ndn/it-site/it/svs_core/it=8, 1742586151115
Received update: /ndn/lu-site/lu/svs_core/lu=8, 1742586151115
Received update: /ndn/mt-site/mt/svs_core/mt=8, 1742586151115
Received update: /ndn/rs-site/rs/svs_core/rs=8, 1742586151115
Received update: /ndn/ua-site/ua/svs_core/ua=8, 1742586151115
Received update: /ndn/de2-site/de2/svs_core/de2=8, 1742586151115
Max suppression time updated to: 174
Received update: /ndn/al-site/al/svs_core/al=8, 1742586172330
Received update: /ndn/am-site/am/svs_core/am=8, 1742586172330
Received update: /ndn/az-site/az/svs_core/az=8, 1742586172330
Received update: /ndn/bg-site/bg/svs_core/bg=8, 1742586172330
Received update: /ndn/ch-site/ch/svs_core/ch=8, 1742586172330
Received update: /ndn/cy-site/cy/svs_core/cy=8, 1742586172330
Received update: /ndn/cz-site/cz/svs_core/cz=8, 1742586172330
Received update: /ndn/me-site/me/svs_core/me=8, 1742586172330
Received update: /ndn/mk-site/mk/svs_core/mk=8, 1742586172330
Received update: /ndn/pt-site/pt/svs_core/pt=8, 1742586172330
Received update: /ndn/ro-site/ro/svs_core/ro=8, 1742586172330
Received update: /ndn/se-site/se/svs_core/se=8, 1742586172330
Received update: /ndn/si-site/si/svs_core/si=8, 1742586172330
Received update: /ndn/de1-site/de1/svs_core/de1=8, 1742586172330
Max suppression time updated to: 174
Received update: /ndn/hu-site/hu/svs_core/hu=8, 1742586172429
Received update: /ndn/md-site/md/svs_core/md=8, 1742586172429
Received update: /ndn/sk-site/sk/svs_core/sk=8, 1742586172429
Received update: /ndn/fr2-site/fr2/svs_core/fr2=8, 1742586172429
Max suppression time updated to: 174
Max suppression time updated to: 174
Received update: /ndn/be-site/be/svs_core/be=8, 1742586174307
Received update: /ndn/nl-site/nl/svs_core/nl=9, 1742586174307
Max suppression time updated to: 174
Received update: /ndn/fr1-site/fr1/svs_core/fr1=8, 1742586174337
Max suppression time updated to: 174
Received update: /ndn/dk-site/dk/svs_core/dk=9, 1742586175112
Published sequence number: /ndn/no-site/no/svs_core/no=9, 1742586178055
Sending Sync interest
Max suppression time updated to: 174
Received update: /ndn/lt-site/lt/svs_core/lt=8, 1742586179628
Received update: /ndn/lv-site/lv/svs_core/lv=9, 1742586179628
Received update: /ndn/pl-site/pl/svs_core/pl=9, 1742586179628
Received update: /ndn/tr-site/tr/svs_core/tr=9, 1742586179628
Received update: /ndn/uk-site/uk/svs_core/uk=9, 1742586179628
Max suppression time updated to: 174
Received update: /ndn/es-site/es/svs_core/es=9, 1742586179770
Sending Sync interest
Max suppression time updated to: 174
Sending Sync interest
Max suppression time updated to: 174
Received update: /ndn/by-site/by/svs_core/by=9, 1742586186538
Received update: /ndn/it-site/it/svs_core/it=9, 1742586186538
Received update: /ndn/rs-site/rs/svs_core/rs=9, 1742586186538
Received update: /ndn/ua-site/ua/svs_core/ua=9, 1742586186538
Sending Sync interest
Max suppression time updated to: 174
Received update: /ndn/ge-site/ge/svs_core/ge=9, 1742586192388
Received update: /ndn/ie-site/ie/svs_core/ie=9, 1742586192388
Received update: /ndn/il-site/il/svs_core/il=9, 1742586192388
Received update: /ndn/is-site/is/svs_core/is=9, 1742586192388
Received update: /ndn/lu-site/lu/svs_core/lu=9, 1742586192388
Max suppression time updated to: 174
Received update: /ndn/at-site/at/svs_core/at=9, 1742586192507
Received update: /ndn/hr-site/hr/svs_core/hr=9, 1742586192507
Max suppression time updated to: 174
Received update: /ndn/am-site/am/svs_core/am=9, 1742586197218
Received update: /ndn/cy-site/cy/svs_core/cy=9, 1742586197218
Received update: /ndn/fi-site/fi/svs_core/fi=9, 1742586197218
Received update: /ndn/de2-site/de2/svs_core/de2=9, 1742586197218
Max suppression time updated to: 174
Received update: /ndn/al-site/al/svs_core/al=9, 1742586198667
Received update: /ndn/az-site/az/svs_core/az=9, 1742586198667
Received update: /ndn/ee-site/ee/svs_core/ee=9, 1742586198667
Received update: /ndn/gr-site/gr/svs_core/gr=9, 1742586198667
Received update: /ndn/mt-site/mt/svs_core/mt=9, 1742586198667
Max suppression time updated to: 174
Received update: /ndn/me-site/me/svs_core/me=9, 1742586198997
Max suppression time updated to: 174
Received update: /ndn/ch-site/ch/svs_core/ch=9, 1742586199076
Max suppression time updated to: 177
Received update: /ndn/mk-site/mk/svs_core/mk=9, 1742586199194
Max suppression time updated to: 177
Received update: /ndn/bg-site/bg/svs_core/bg=9, 1742586209910
Received update: /ndn/ro-site/ro/svs_core/ro=9, 1742586209910
Received update: /ndn/de1-site/de1/svs_core/de1=9, 1742586209910
Received update: /ndn/fr1-site/fr1/svs_core/fr1=9, 1742586209910
Max suppression time updated to: 177
Received update: /ndn/cz-site/cz/svs_core/cz=9, 1742586210988
Received update: /ndn/pt-site/pt/svs_core/pt=9, 1742586210988
Max suppression time updated to: 177
Received update: /ndn/si-site/si/svs_core/si=9, 1742586212295
Max suppression time updated to: 177
Max suppression time updated to: 177
Max suppression time updated to: 177
Received update: /ndn/hu-site/hu/svs_core/hu=9, 1742586214487
Received update: /ndn/sk-site/sk/svs_core/sk=9, 1742586214487
Received update: /ndn/fr2-site/fr2/svs_core/fr2=9, 1742586214487
Max suppression time updated to: 177
Received update: /ndn/se-site/se/svs_core/se=9, 1742586217191
Max suppression time updated to: 177
Received update: /ndn/dk-site/dk/svs_core/dk=10, 1742586220162
Max suppression time updated to: 177
Received update: /ndn/pl-site/pl/svs_core/pl=10, 1742586220555
Published sequence number: /ndn/no-site/no/svs_core/no=10, 1742586223061
Sending Sync interest
Max suppression time updated to: 177
Received update: /ndn/be-site/be/svs_core/be=9, 1742586228253
Received update: /ndn/by-site/by/svs_core/by=10, 1742586228253
Received update: /ndn/nl-site/nl/svs_core/nl=10, 1742586228253
Received update: /ndn/uk-site/uk/svs_core/uk=10, 1742586228253
Max suppression time updated to: 177
Max suppression time updated to: 177
Received update: /ndn/tr-site/tr/svs_core/tr=10, 1742586228322
Received update: /ndn/ua-site/ua/svs_core/ua=10, 1742586228322
Max suppression time updated to: 177
Sending Sync interest
Max suppression time updated to: 177
Received update: /ndn/it-site/it/svs_core/it=10, 1742586231527
Received update: /ndn/lv-site/lv/svs_core/lv=10, 1742586231527
Max suppression time updated to: 177
Received update: /ndn/cy-site/cy/svs_core/cy=10, 1742586231550
Max suppression time updated to: 177
Sending Sync interest
Max suppression time updated to: 180
Received update: /ndn/am-site/am/svs_core/am=10, 1742586243373
Received update: /ndn/at-site/at/svs_core/at=10, 1742586243373
Received update: /ndn/es-site/es/svs_core/es=10, 1742586243373
Received update: /ndn/ge-site/ge/svs_core/ge=10, 1742586243373
Received update: /ndn/gr-site/gr/svs_core/gr=10, 1742586243373
Received update: /ndn/hr-site/hr/svs_core/hr=10, 1742586243373
Received update: /ndn/ie-site/ie/svs_core/ie=10, 1742586243373
Received update: /ndn/lu-site/lu/svs_core/lu=10, 1742586243373
Received update: /ndn/md-site/md/svs_core/md=9, 1742586243373
Received update: /ndn/mt-site/mt/svs_core/mt=10, 1742586243373
Received update: /ndn/rs-site/rs/svs_core/rs=10, 1742586243373
Received update: /ndn/de2-site/de2/svs_core/de2=10, 1742586243373
Max suppression time updated to: 186
Received update: /ndn/ee-site/ee/svs_core/ee=10, 1742586243375
Received update: /ndn/fi-site/fi/svs_core/fi=10, 1742586243375
Received update: /ndn/me-site/me/svs_core/me=10, 1742586243375
Max suppression time updated to: 186
Received update: /ndn/az-site/az/svs_core/az=10, 1742586249714
Received update: /ndn/cz-site/cz/svs_core/cz=10, 1742586249714
Max suppression time updated to: 186
Received update: /ndn/pt-site/pt/svs_core/pt=10, 1742586255886
Sending Sync interest
Max suppression time updated to: 186
Received update: /ndn/al-site/al/svs_core/al=10, 1742586256226
Received update: /ndn/bg-site/bg/svs_core/bg=10, 1742586256226
Received update: /ndn/ch-site/ch/svs_core/ch=10, 1742586256226
Received update: /ndn/lt-site/lt/svs_core/lt=9, 1742586256226
Received update: /ndn/mk-site/mk/svs_core/mk=10, 1742586256226
Received update: /ndn/de1-site/de1/svs_core/de1=10, 1742586256226
Max suppression time updated to: 186
Received update: /ndn/fr1-site/fr1/svs_core/fr1=10, 1742586256230
Max suppression time updated to: 186
Received update: /ndn/hu-site/hu/svs_core/hu=10, 1742586260043
Received update: /ndn/md-site/md/svs_core/md=10, 1742586260043
Received update: /ndn/ro-site/ro/svs_core/ro=10, 1742586260043
Received update: /ndn/si-site/si/svs_core/si=10, 1742586260043
Received update: /ndn/sk-site/sk/svs_core/sk=10, 1742586260043
Max suppression time updated to: 186
Received update: /ndn/fr2-site/fr2/svs_core/fr2=10, 1742586260066
Max suppression time updated to: 186
Received update: /ndn/se-site/se/svs_core/se=10, 1742586262203
Max suppression time updated to: 186
Received update: /ndn/dk-site/dk/svs_core/dk=11, 1742586265123
Max suppression time updated to: 186
Received update: /ndn/pl-site/pl/svs_core/pl=11, 1742586265374
Sending Sync interest
Max suppression time updated to: 186
Received update: /ndn/es-site/es/svs_core/es=11, 1742586266005
Received update: /ndn/lt-site/lt/svs_core/lt=10, 1742586266005
Max suppression time updated to: 186
Received update: /ndn/be-site/be/svs_core/be=10, 1742586266026
Received update: /ndn/il-site/il/svs_core/il=10, 1742586266026
Received update: /ndn/nl-site/nl/svs_core/nl=11, 1742586266026
Published sequence number: /ndn/no-site/no/svs_core/no=11, 1742586268067
Sending Sync interest
Max suppression time updated to: 186
Received update: /ndn/by-site/by/svs_core/by=11, 1742586276670
Received update: /ndn/it-site/it/svs_core/it=11, 1742586276670
Received update: /ndn/rs-site/rs/svs_core/rs=11, 1742586276670
Received update: /ndn/tr-site/tr/svs_core/tr=11, 1742586276670
Received update: /ndn/uk-site/uk/svs_core/uk=11, 1742586276670
Sending Sync interest
Max suppression time updated to: 189
Received update: /ndn/fi-site/fi/svs_core/fi=11, 1742586283099
Received update: /ndn/ge-site/ge/svs_core/ge=11, 1742586283099
Received update: /ndn/is-site/is/svs_core/is=10, 1742586283099
Received update: /ndn/is-site/is/svs_core/is=11, 1742586283099
Received update: /ndn/lu-site/lu/svs_core/lu=11, 1742586283099
Received update: /ndn/lv-site/lv/svs_core/lv=11, 1742586283099
Received update: /ndn/ua-site/ua/svs_core/ua=11, 1742586283099
Sending Sync interest
Max suppression time updated to: 186
Received update: /ndn/am-site/am/svs_core/am=11, 1742586298008
Received update: /ndn/at-site/at/svs_core/at=11, 1742586298008
Received update: /ndn/ch-site/ch/svs_core/ch=11, 1742586298008
Received update: /ndn/cy-site/cy/svs_core/cy=11, 1742586298008
Received update: /ndn/cz-site/cz/svs_core/cz=11, 1742586298008
Received update: /ndn/ee-site/ee/svs_core/ee=11, 1742586298008
Received update: /ndn/gr-site/gr/svs_core/gr=11, 1742586298008
Received update: /ndn/hr-site/hr/svs_core/hr=11, 1742586298008
Received update: /ndn/ie-site/ie/svs_core/ie=11, 1742586298008
Received update: /ndn/il-site/il/svs_core/il=11, 1742586298008
Received update: /ndn/mk-site/mk/svs_core/mk=11, 1742586298008
Received update: /ndn/mt-site/mt/svs_core/mt=11, 1742586298008
Received update: /ndn/ro-site/ro/svs_core/ro=11, 1742586298008
Received update: /ndn/de2-site/de2/svs_core/de2=11, 1742586298008
Received update: /ndn/fr1-site/fr1/svs_core/fr1=11, 1742586298008
Max suppression time updated to: 189
Received update: /ndn/al-site/al/svs_core/al=11, 1742586299954
Received update: /ndn/bg-site/bg/svs_core/bg=11, 1742586299954
Received update: /ndn/me-site/me/svs_core/me=11, 1742586299954
Received update: /ndn/de1-site/de1/svs_core/de1=11, 1742586299954
Max suppression time updated to: 189
Received update: /ndn/pt-site/pt/svs_core/pt=11, 1742586300896
Sending Sync interest
Max suppression time updated to: 189
Received update: /ndn/lt-site/lt/svs_core/lt=11, 1742586304202
Sending Sync interest
Max suppression time updated to: 189
Received update: /ndn/be-site/be/svs_core/be=11, 1742586307212
Received update: /ndn/se-site/se/svs_core/se=11, 1742586307212
Received update: /ndn/si-site/si/svs_core/si=11, 1742586307212
Received update: /ndn/fr2-site/fr2/svs_core/fr2=11, 1742586307212
Max suppression time updated to: 186
Received update: /ndn/dk-site/dk/svs_core/dk=12, 1742586310671
Received update: /ndn/hu-site/hu/svs_core/hu=11, 1742586310671
Received update: /ndn/nl-site/nl/svs_core/nl=12, 1742586310671
Received update: /ndn/pl-site/pl/svs_core/pl=12, 1742586310671
Published sequence number: /ndn/no-site/no/svs_core/no=12, 1742586313070
Sending Sync interest
Max suppression time updated to: 186
Received update: /ndn/at-site/at/svs_core/at=12, 1742586327239
Received update: /ndn/cy-site/cy/svs_core/cy=12, 1742586327239
Received update: /ndn/gr-site/gr/svs_core/gr=12, 1742586327239
Received update: /ndn/il-site/il/svs_core/il=12, 1742586327239
Received update: /ndn/lv-site/lv/svs_core/lv=12, 1742586327239
Received update: /ndn/md-site/md/svs_core/md=11, 1742586327239
Received update: /ndn/rs-site/rs/svs_core/rs=12, 1742586327239
Received update: /ndn/sk-site/sk/svs_core/sk=11, 1742586327239
Received update: /ndn/tr-site/tr/svs_core/tr=12, 1742586327239
Received update: /ndn/ua-site/ua/svs_core/ua=12, 1742586327239
Received update: /ndn/uk-site/uk/svs_core/uk=12, 1742586327239
Sending Sync interest
Max suppression time updated to: 186
Received update: /ndn/az-site/az/svs_core/az=11, 1742586329666
Received update: /ndn/by-site/by/svs_core/by=12, 1742586329666
Received update: /ndn/es-site/es/svs_core/es=12, 1742586329666
Received update: /ndn/ge-site/ge/svs_core/ge=12, 1742586329666
Received update: /ndn/hr-site/hr/svs_core/hr=12, 1742586329666
Received update: /ndn/it-site/it/svs_core/it=12, 1742586329666
Received update: /ndn/lu-site/lu/svs_core/lu=12, 1742586329666
Received update: /ndn/de2-site/de2/svs_core/de2=12, 1742586329666
Sending Sync interest
Max suppression time updated to: 186
Received update: /ndn/fi-site/fi/svs_core/fi=12, 1742586329935
Max suppression time updated to: 186
Received update: /ndn/ee-site/ee/svs_core/ee=12, 1742586331044
Received update: /ndn/is-site/is/svs_core/is=12, 1742586331044
Max suppression time updated to: 186
Received update: /ndn/am-site/am/svs_core/am=12, 1742586332284
Max suppression time updated to: 186
Received update: /ndn/me-site/me/svs_core/me=12, 1742586332707
Max suppression time updated to: 186
Received update: /ndn/az-site/az/svs_core/az=12, 1742586348721
Received update: /ndn/be-site/be/svs_core/be=12, 1742586348721
Received update: /ndn/mk-site/mk/svs_core/mk=12, 1742586348721
Received update: /ndn/mt-site/mt/svs_core/mt=12, 1742586348721
Received update: /ndn/de1-site/de1/svs_core/de1=12, 1742586348721
Max suppression time updated to: 186
Received update: /ndn/al-site/al/svs_core/al=12, 1742586349494
Received update: /ndn/bg-site/bg/svs_core/bg=12, 1742586349494
Received update: /ndn/ch-site/ch/svs_core/ch=12, 1742586349494
Received update: /ndn/cz-site/cz/svs_core/cz=12, 1742586349494
Received update: /ndn/hu-site/hu/svs_core/hu=12, 1742586349494
Received update: /ndn/ro-site/ro/svs_core/ro=12, 1742586349494
Received update: /ndn/si-site/si/svs_core/si=12, 1742586349494
Received update: /ndn/sk-site/sk/svs_core/sk=12, 1742586349494
Received update: /ndn/fr1-site/fr1/svs_core/fr1=12, 1742586349494
Received update: /ndn/fr2-site/fr2/svs_core/fr2=12, 1742586349494
Published sequence number: /ndn/no-site/no/svs_core/no=13, 1742586358081
Sending Sync interest
Max suppression time updated to: 186
Received update: /ndn/ie-site/ie/svs_core/ie=12, 1742586361768
Received update: /ndn/lt-site/lt/svs_core/lt=12, 1742586361768
Received update: /ndn/lv-site/lv/svs_core/lv=13, 1742586361768
Received update: /ndn/nl-site/nl/svs_core/nl=13, 1742586361768
Received update: /ndn/pl-site/pl/svs_core/pl=13, 1742586361768
Received update: /ndn/pt-site/pt/svs_core/pt=12, 1742586361768
Received update: /ndn/se-site/se/svs_core/se=12, 1742586361768
Received update: /ndn/tr-site/tr/svs_core/tr=13, 1742586361768
Received update: /ndn/ua-site/ua/svs_core/ua=13, 1742586361768
Received update: /ndn/uk-site/uk/svs_core/uk=13, 1742586361768
Sending Sync interest
Max suppression time updated to: 186
Received update: /ndn/at-site/at/svs_core/at=13, 1742586371529
Received update: /ndn/dk-site/dk/svs_core/dk=13, 1742586371529
Received update: /ndn/es-site/es/svs_core/es=13, 1742586371529
Received update: /ndn/ge-site/ge/svs_core/ge=13, 1742586371529
Received update: /ndn/gr-site/gr/svs_core/gr=13, 1742586371529
Received update: /ndn/hr-site/hr/svs_core/hr=13, 1742586371529
Received update: /ndn/it-site/it/svs_core/it=13, 1742586371529
Received update: /ndn/md-site/md/svs_core/md=12, 1742586371529
Received update: /ndn/rs-site/rs/svs_core/rs=13, 1742586371529
Sending Sync interest
Max suppression time updated to: 186
Received update: /ndn/fi-site/fi/svs_core/fi=13, 1742586372898
Sending Sync interest
Max suppression time updated to: 186
Received update: /ndn/il-site/il/svs_core/il=13, 1742586373053
Max suppression time updated to: 186
Received update: /ndn/by-site/by/svs_core/by=13, 1742586373150
Received update: /ndn/is-site/is/svs_core/is=13, 1742586373150
Received update: /ndn/lu-site/lu/svs_core/lu=13, 1742586373150
Max suppression time updated to: 186
Max suppression time updated to: 186
Received update: /ndn/cy-site/cy/svs_core/cy=13, 1742586374655
Received update: /ndn/ie-site/ie/svs_core/ie=13, 1742586374655
Received update: /ndn/de2-site/de2/svs_core/de2=13, 1742586374655
Max suppression time updated to: 186
Received update: /ndn/mt-site/mt/svs_core/mt=13, 1742586375990
Max suppression time updated to: 189
Max suppression time updated to: 189
Received update: /ndn/al-site/al/svs_core/al=13, 1742586381446
Received update: /ndn/am-site/am/svs_core/am=13, 1742586381446
Received update: /ndn/az-site/az/svs_core/az=13, 1742586381446
Received update: /ndn/ee-site/ee/svs_core/ee=13, 1742586381446
Received update: /ndn/me-site/me/svs_core/me=13, 1742586381446
Received update: /ndn/mk-site/mk/svs_core/mk=13, 1742586381446
Received update: /ndn/fr1-site/fr1/svs_core/fr1=13, 1742586381446
Max suppression time updated to: 189
Received update: /ndn/ch-site/ch/svs_core/ch=13, 1742586397224
Received update: /ndn/cz-site/cz/svs_core/cz=13, 1742586397224
Received update: /ndn/se-site/se/svs_core/se=13, 1742586397224
Received update: /ndn/de1-site/de1/svs_core/de1=13, 1742586397224
Max suppression time updated to: 189
Received update: /ndn/be-site/be/svs_core/be=13, 1742586397293
Received update: /ndn/ro-site/ro/svs_core/ro=13, 1742586397293
Received update: /ndn/si-site/si/svs_core/si=13, 1742586397293
Received update: /ndn/sk-site/sk/svs_core/sk=13, 1742586397293
Max suppression time updated to: 189
Max suppression time updated to: 189
Received update: /ndn/hu-site/hu/svs_core/hu=13, 1742586397992
Received update: /ndn/fr2-site/fr2/svs_core/fr2=13, 1742586397992
Max suppression time updated to: 189
Received update: /ndn/bg-site/bg/svs_core/bg=13, 1742586398170
Received update: /ndn/lt-site/lt/svs_core/lt=13, 1742586398170
Max suppression time updated to: 189
Received update: /ndn/md-site/md/svs_core/md=13, 1742586398334
Max suppression time updated to: 192
Received update: /ndn/nl-site/nl/svs_core/nl=14, 1742586402473
Received update: /ndn/pl-site/pl/svs_core/pl=14, 1742586402473
Received update: /ndn/pt-site/pt/svs_core/pt=13, 1742586402473
Max suppression time updated to: 192
Received update: /ndn/dk-site/dk/svs_core/dk=14, 1742586402683
Max suppression time updated to: 192
Received update: /ndn/rs-site/rs/svs_core/rs=14, 1742586402886
Max suppression time updated to: 192
Received update: /ndn/uk-site/uk/svs_core/uk=14, 1742586403001
Published sequence number: /ndn/no-site/no/svs_core/no=14, 1742586403087
Sending Sync interest
Max suppression time updated to: 192
Received update: /ndn/es-site/es/svs_core/es=14, 1742586413228
Received update: /ndn/ge-site/ge/svs_core/ge=14, 1742586413228
Received update: /ndn/tr-site/tr/svs_core/tr=14, 1742586413228
Max suppression time updated to: 192
Received update: /ndn/at-site/at/svs_core/at=14, 1742586416624
Received update: /ndn/by-site/by/svs_core/by=14, 1742586416624
Received update: /ndn/gr-site/gr/svs_core/gr=14, 1742586416624
Received update: /ndn/it-site/it/svs_core/it=14, 1742586416624
Received update: /ndn/ua-site/ua/svs_core/ua=14, 1742586416624
Max suppression time updated to: 192
Received update: /ndn/is-site/is/svs_core/is=14, 1742586416717
Max suppression time updated to: 192
Max suppression time updated to: 192
Max suppression time updated to: 192
Max suppression time updated to: 192
Received update: /ndn/hr-site/hr/svs_core/hr=14, 1742586417019
Max suppression time updated to: 192
Received update: /ndn/cy-site/cy/svs_core/cy=14, 1742586422555
Received update: /ndn/ie-site/ie/svs_core/ie=14, 1742586422555
Received update: /ndn/il-site/il/svs_core/il=14, 1742586422555
Received update: /ndn/lu-site/lu/svs_core/lu=14, 1742586422555
Received update: /ndn/lv-site/lv/svs_core/lv=14, 1742586422555
Received update: /ndn/me-site/me/svs_core/me=14, 1742586422555
Max suppression time updated to: 192
Received update: /ndn/am-site/am/svs_core/am=14, 1742586423723
Received update: /ndn/az-site/az/svs_core/az=14, 1742586423723
Received update: /ndn/de2-site/de2/svs_core/de2=14, 1742586423723
Max suppression time updated to: 192
Received update: /ndn/fi-site/fi/svs_core/fi=14, 1742586423935
Max suppression time updated to: 192
Received update: /ndn/al-site/al/svs_core/al=14, 1742586435053
Received update: /ndn/ch-site/ch/svs_core/ch=14, 1742586435053
Received update: /ndn/cz-site/cz/svs_core/cz=14, 1742586435053
Received update: /ndn/de1-site/de1/svs_core/de1=14, 1742586435053
Sending Sync interest
Max suppression time updated to: 192
Received update: /ndn/bg-site/bg/svs_core/bg=14, 1742586435569
Received update: /ndn/ee-site/ee/svs_core/ee=14, 1742586435569
Received update: /ndn/mk-site/mk/svs_core/mk=14, 1742586435569
Received update: /ndn/mt-site/mt/svs_core/mt=14, 1742586435569
Received update: /ndn/fr1-site/fr1/svs_core/fr1=14, 1742586435569
Max suppression time updated to: 192
Max suppression time updated to: 192
Received update: /ndn/hu-site/hu/svs_core/hu=14, 1742586439542
Received update: /ndn/ro-site/ro/svs_core/ro=14, 1742586439542
Received update: /ndn/sk-site/sk/svs_core/sk=14, 1742586439542
Max suppression time updated to: 192
Received update: /ndn/be-site/be/svs_core/be=14, 1742586439668
Max suppression time updated to: 192
Received update: /ndn/pt-site/pt/svs_core/pt=14, 1742586439792
Max suppression time updated to: 192
Received update: /ndn/si-site/si/svs_core/si=14, 1742586439966
Max suppression time updated to: 192
Received update: /ndn/se-site/se/svs_core/se=14, 1742586442231
Published sequence number: /ndn/no-site/no/svs_core/no=15, 1742586448087
Sending Sync interest
Max suppression time updated to: 195
Received update: /ndn/dk-site/dk/svs_core/dk=15, 1742586448815
Received update: /ndn/es-site/es/svs_core/es=15, 1742586448815
Received update: /ndn/md-site/md/svs_core/md=14, 1742586448815
Received update: /ndn/nl-site/nl/svs_core/nl=15, 1742586448815
Received update: /ndn/pl-site/pl/svs_core/pl=15, 1742586448815
Received update: /ndn/rs-site/rs/svs_core/rs=15, 1742586448815
Received update: /ndn/fr2-site/fr2/svs_core/fr2=14, 1742586448815
Sending Sync interest
Max suppression time updated to: 195
Received update: /ndn/tr-site/tr/svs_core/tr=15, 1742586449039
Max suppression time updated to: 195
Max suppression time updated to: 195
Max suppression time updated to: 195
Received update: /ndn/by-site/by/svs_core/by=15, 1742586461118
Received update: /ndn/cy-site/cy/svs_core/cy=15, 1742586461118
Received update: /ndn/hr-site/hr/svs_core/hr=15, 1742586461118
Received update: /ndn/it-site/it/svs_core/it=15, 1742586461118
Received update: /ndn/lt-site/lt/svs_core/lt=14, 1742586461118
Received update: /ndn/ua-site/ua/svs_core/ua=15, 1742586461118
Received update: /ndn/uk-site/uk/svs_core/uk=15, 1742586461118
Max suppression time updated to: 195
Max suppression time updated to: 195
Received update: /ndn/gr-site/gr/svs_core/gr=15, 1742586461226
Max suppression time updated to: 195
Received update: /ndn/lv-site/lv/svs_core/lv=15, 1742586461267
Max suppression time updated to: 195
Max suppression time updated to: 195
Received update: /ndn/ge-site/ge/svs_core/ge=15, 1742586461477
Max suppression time updated to: 195
Max suppression time updated to: 195
Received update: /ndn/is-site/is/svs_core/is=15, 1742586461701
Max suppression time updated to: 195
Received update: /ndn/at-site/at/svs_core/at=15, 1742586462162
Received update: /ndn/il-site/il/svs_core/il=15, 1742586462162
Max suppression time updated to: 195
Max suppression time updated to: 195
Max suppression time updated to: 198
Received update: /ndn/mt-site/mt/svs_core/mt=15, 1742586465763
Max suppression time updated to: 198
Max suppression time updated to: 198
Received update: /ndn/ie-site/ie/svs_core/ie=15, 1742586467570
Received update: /ndn/lu-site/lu/svs_core/lu=15, 1742586467570
Received update: /ndn/me-site/me/svs_core/me=15, 1742586467570
Received update: /ndn/de2-site/de2/svs_core/de2=15, 1742586467570
Max suppression time updated to: 198
Received update: /ndn/am-site/am/svs_core/am=15, 1742586468738
Received update: /ndn/ch-site/ch/svs_core/ch=15, 1742586468738
Received update: /ndn/ee-site/ee/svs_core/ee=15, 1742586468738
Max suppression time updated to: 198
Received update: /ndn/fi-site/fi/svs_core/fi=15, 1742586468861
Max suppression time updated to: 198
Received update: /ndn/al-site/al/svs_core/al=15, 1742586471457
Received update: /ndn/az-site/az/svs_core/az=15, 1742586471457
Received update: /ndn/mk-site/mk/svs_core/mk=15, 1742586471457
Received update: /ndn/fr1-site/fr1/svs_core/fr1=15, 1742586471457
Max suppression time updated to: 198
Received update: /ndn/bg-site/bg/svs_core/bg=15, 1742586478420
Received update: /ndn/cz-site/cz/svs_core/cz=15, 1742586478420
Received update: /ndn/ro-site/ro/svs_core/ro=15, 1742586478420
Max suppression time updated to: 198
Received update: /ndn/de1-site/de1/svs_core/de1=15, 1742586479871
Max suppression time updated to: 198
Received update: /ndn/be-site/be/svs_core/be=15, 1742586484030
Received update: /ndn/pt-site/pt/svs_core/pt=15, 1742586484030
Received update: /ndn/si-site/si/svs_core/si=15, 1742586484030
Received update: /ndn/sk-site/sk/svs_core/sk=15, 1742586484030
Received update: /ndn/fr2-site/fr2/svs_core/fr2=15, 1742586484030
Max suppression time updated to: 198
Received update: /ndn/hu-site/hu/svs_core/hu=15, 1742586485187
Received update: /ndn/lt-site/lt/svs_core/lt=15, 1742586485187
Received update: /ndn/md-site/md/svs_core/md=15, 1742586485187
Max suppression time updated to: 198
Received update: /ndn/se-site/se/svs_core/se=15, 1742586487243
Published sequence number: /ndn/no-site/no/svs_core/no=16, 1742586493094
Sending Sync interest
Max suppression time updated to: 198
Received update: /ndn/pl-site/pl/svs_core/pl=16, 1742586493996
Received update: /ndn/rs-site/rs/svs_core/rs=16, 1742586493996
Received update: /ndn/tr-site/tr/svs_core/tr=16, 1742586493996
Sending Sync interest
Max suppression time updated to: 198
Received update: /ndn/dk-site/dk/svs_core/dk=16, 1742586494246
Max suppression time updated to: 198
Received update: /ndn/nl-site/nl/svs_core/nl=16, 1742586494321
Received update: /ndn/uk-site/uk/svs_core/uk=16, 1742586494321
Max suppression time updated to: 198
Received update: /ndn/lv-site/lv/svs_core/lv=16, 1742586494630
Max suppression time updated to: 198
Received update: /ndn/cy-site/cy/svs_core/cy=16, 1742586503510
Received update: /ndn/es-site/es/svs_core/es=16, 1742586503510
Received update: /ndn/ge-site/ge/svs_core/ge=16, 1742586503510
Received update: /ndn/ie-site/ie/svs_core/ie=16, 1742586503510
Received update: /ndn/is-site/is/svs_core/is=16, 1742586503510
Received update: /ndn/it-site/it/svs_core/it=16, 1742586503510
Max suppression time updated to: 198
Received update: /ndn/at-site/at/svs_core/at=16, 1742586507418
Received update: /ndn/hr-site/hr/svs_core/hr=16, 1742586507418
Received update: /ndn/lu-site/lu/svs_core/lu=16, 1742586507418
Max suppression time updated to: 198
Received update: /ndn/il-site/il/svs_core/il=16, 1742586507540
Sending Sync interest
Max suppression time updated to: 198
Received update: /ndn/by-site/by/svs_core/by=16, 1742586510912
Received update: /ndn/fi-site/fi/svs_core/fi=16, 1742586510912
Received update: /ndn/mt-site/mt/svs_core/mt=16, 1742586510912
Received update: /ndn/de2-site/de2/svs_core/de2=16, 1742586510912
Max suppression time updated to: 198
Received update: /ndn/am-site/am/svs_core/am=16, 1742586520026
Received update: /ndn/az-site/az/svs_core/az=16, 1742586520026
Received update: /ndn/ch-site/ch/svs_core/ch=16, 1742586520026
Received update: /ndn/cz-site/cz/svs_core/cz=16, 1742586520026
Received update: /ndn/ee-site/ee/svs_core/ee=16, 1742586520026
Received update: /ndn/gr-site/gr/svs_core/gr=16, 1742586520026
Received update: /ndn/me-site/me/svs_core/me=16, 1742586520026
Received update: /ndn/ua-site/ua/svs_core/ua=16, 1742586520026
Received update: /ndn/fr1-site/fr1/svs_core/fr1=16, 1742586520026
Max suppression time updated to: 198
Received update: /ndn/al-site/al/svs_core/al=16, 1742586524871
Received update: /ndn/bg-site/bg/svs_core/bg=16, 1742586524871
Received update: /ndn/mk-site/mk/svs_core/mk=16, 1742586524871
Received update: /ndn/de1-site/de1/svs_core/de1=16, 1742586524871
Max suppression time updated to: 198
Received update: /ndn/si-site/si/svs_core/si=16, 1742586527411
Max suppression time updated to: 198
Received update: /ndn/fr2-site/fr2/svs_core/fr2=16, 1742586527471
Max suppression time updated to: 198
Received update: /ndn/be-site/be/svs_core/be=16, 1742586528552
Received update: /ndn/pt-site/pt/svs_core/pt=16, 1742586528552
Sending Sync interest
Max suppression time updated to: 198
Received update: /ndn/se-site/se/svs_core/se=16, 1742586532247
Stopping SVS client: /ndn/no-site/no/svs_core/no
