SVS client starting: /ndn/am-site/am/svs_core/am
Sending Sync interest
Received update: /ndn/ge-site/ge/svs_core/ge=1, 1741707158560
Received update: /ndn/fi-site/fi/svs_core/fi=1, 1741707159293
Received update: /ndn/no-site/no/svs_core/no=1, 1741707159293
Received update: /ndn/ie-site/ie/svs_core/ie=1, 1741707159395
Published sequence number: /ndn/am-site/am/svs_core/am=1, 1741707163473
Sending Sync interest
Max suppression time updated to: 148
Received update: /ndn/be-site/be/svs_core/be=1, 1741707163656
Max suppression time updated to: 472
Received update: /ndn/is-site/is/svs_core/is=1, 1741707164174
Received update: /ndn/pl-site/pl/svs_core/pl=1, 1741707164271
Received update: /ndn/al-site/al/svs_core/al=1, 1741707164541
Received update: /ndn/mt-site/mt/svs_core/mt=1, 1741707164541
Received update: /ndn/tr-site/tr/svs_core/tr=1, 1741707165368
Received update: /ndn/se-site/se/svs_core/se=1, 1741707165871
Received update: /ndn/mk-site/mk/svs_core/mk=1, 1741707166103
Received update: /ndn/lv-site/lv/svs_core/lv=1, 1741707168232
Received update: /ndn/me-site/me/svs_core/me=1, 1741707168232
Received update: /ndn/cy-site/cy/svs_core/cy=1, 1741707168257
Received update: /ndn/il-site/il/svs_core/il=1, 1741707171588
Received update: /ndn/md-site/md/svs_core/md=1, 1741707177733
Received update: /ndn/lt-site/lt/svs_core/lt=1, 1741707177767
Received update: /ndn/ch-site/ch/svs_core/ch=1, 1741707177879
Received update: /ndn/gr-site/gr/svs_core/gr=1, 1741707177975
Received update: /ndn/uk-site/uk/svs_core/uk=1, 1741707178024
Received update: /ndn/pt-site/pt/svs_core/pt=1, 1741707178061
Received update: /ndn/bg-site/bg/svs_core/bg=1, 1741707178251
Received update: /ndn/at-site/at/svs_core/at=1, 1741707179555
Received update: /ndn/de1-site/de1/svs_core/de1=1, 1741707181517
Received update: /ndn/rs-site/rs/svs_core/rs=1, 1741707181543
Received update: /ndn/sk-site/sk/svs_core/sk=1, 1741707182252
Received update: /ndn/ua-site/ua/svs_core/ua=1, 1741707182394
Received update: /ndn/cz-site/cz/svs_core/cz=1, 1741707185259
Received update: /ndn/de2-site/de2/svs_core/de2=1, 1741707186069
Received update: /ndn/az-site/az/svs_core/az=1, 1741707186640
Received update: /ndn/es-site/es/svs_core/es=1, 1741707186640
Received update: /ndn/hr-site/hr/svs_core/hr=1, 1741707186871
Received update: /ndn/si-site/si/svs_core/si=1, 1741707187518
Sending Sync interest
Received update: /ndn/nl-site/nl/svs_core/nl=1, 1741707190462
Received update: /ndn/fr1-site/fr1/svs_core/fr1=1, 1741707190504
Received update: /ndn/fr2-site/fr2/svs_core/fr2=1, 1741707190504
Received update: /ndn/dk-site/dk/svs_core/dk=1, 1741707197232
Received update: /ndn/hu-site/hu/svs_core/hu=1, 1741707197232
Received update: /ndn/lu-site/lu/svs_core/lu=1, 1741707197232
Received update: /ndn/ee-site/ee/svs_core/ee=1, 1741707197430
Received update: /ndn/by-site/by/svs_core/by=1, 1741707199667
Received update: /ndn/ro-site/ro/svs_core/ro=1, 1741707199770
Received update: /ndn/al-site/al/svs_core/al=2, 1741707205973
Received update: /ndn/ge-site/ge/svs_core/ge=2, 1741707205973
Received update: /ndn/it-site/it/svs_core/it=1, 1741707205973
Received update: /ndn/mt-site/mt/svs_core/mt=2, 1741707205973
Received update: /ndn/be-site/be/svs_core/be=2, 1741707208119
Received update: /ndn/ie-site/ie/svs_core/ie=2, 1741707208119
Received update: /ndn/is-site/is/svs_core/is=2, 1741707208119
Published sequence number: /ndn/am-site/am/svs_core/am=2, 1741707208475
Sending Sync interest
Received update: /ndn/tr-site/tr/svs_core/tr=2, 1741707210369
Received update: /ndn/fi-site/fi/svs_core/fi=2, 1741707210786
Sending Sync interest
Received update: /ndn/pl-site/pl/svs_core/pl=2, 1741707211016
Received update: /ndn/mk-site/mk/svs_core/mk=2, 1741707211100
Received update: /ndn/cy-site/cy/svs_core/cy=2, 1741707211508
Received update: /ndn/me-site/me/svs_core/me=2, 1741707212227
Received update: /ndn/il-site/il/svs_core/il=2, 1741707216587
Received update: /ndn/lv-site/lv/svs_core/lv=2, 1741707222781
Received update: /ndn/md-site/md/svs_core/md=2, 1741707222781
Received update: /ndn/pt-site/pt/svs_core/pt=2, 1741707222781
Received update: /ndn/uk-site/uk/svs_core/uk=2, 1741707222781
Received update: /ndn/lt-site/lt/svs_core/lt=2, 1741707223017
Received update: /ndn/no-site/no/svs_core/no=2, 1741707223017
Received update: /ndn/se-site/se/svs_core/se=2, 1741707223017
Received update: /ndn/ch-site/ch/svs_core/ch=2, 1741707223054
Received update: /ndn/at-site/at/svs_core/at=2, 1741707226708
Received update: /ndn/bg-site/bg/svs_core/bg=2, 1741707226708
Received update: /ndn/ua-site/ua/svs_core/ua=2, 1741707226708
Received update: /ndn/de1-site/de1/svs_core/de1=2, 1741707226783
Received update: /ndn/rs-site/rs/svs_core/rs=2, 1741707226858
Received update: /ndn/sk-site/sk/svs_core/sk=2, 1741707227261
Received update: /ndn/cz-site/cz/svs_core/cz=2, 1741707230264
Received update: /ndn/fr2-site/fr2/svs_core/fr2=2, 1741707233837
Received update: /ndn/hu-site/hu/svs_core/hu=2, 1741707233925
Received update: /ndn/de2-site/de2/svs_core/de2=2, 1741707233925
Received update: /ndn/fr1-site/fr1/svs_core/fr1=2, 1741707234054
Received update: /ndn/az-site/az/svs_core/az=2, 1741707234061
Received update: /ndn/si-site/si/svs_core/si=2, 1741707234067
Received update: /ndn/hr-site/hr/svs_core/hr=2, 1741707234370
Received update: /ndn/nl-site/nl/svs_core/nl=2, 1741707235225
Received update: /ndn/ge-site/ge/svs_core/ge=3, 1741707248689
Received update: /ndn/lu-site/lu/svs_core/lu=2, 1741707248809
Received update: /ndn/gr-site/gr/svs_core/gr=2, 1741707248875
Received update: /ndn/it-site/it/svs_core/it=2, 1741707248875
Received update: /ndn/ro-site/ro/svs_core/ro=2, 1741707248881
Received update: /ndn/dk-site/dk/svs_core/dk=2, 1741707249255
Received update: /ndn/ee-site/ee/svs_core/ee=2, 1741707249255
Received update: /ndn/no-site/no/svs_core/no=3, 1741707249255
Received update: /ndn/es-site/es/svs_core/es=2, 1741707249344
Received update: /ndn/mt-site/mt/svs_core/mt=3, 1741707249344
Received update: /ndn/by-site/by/svs_core/by=2, 1741707249590
Published sequence number: /ndn/am-site/am/svs_core/am=3, 1741707253475
Sending Sync interest
Received update: /ndn/be-site/be/svs_core/be=3, 1741707255902
Received update: /ndn/fi-site/fi/svs_core/fi=3, 1741707255902
Received update: /ndn/ie-site/ie/svs_core/ie=3, 1741707255902
Received update: /ndn/is-site/is/svs_core/is=3, 1741707255902
Received update: /ndn/pl-site/pl/svs_core/pl=3, 1741707255902
Received update: /ndn/se-site/se/svs_core/se=3, 1741707255902
Received update: /ndn/tr-site/tr/svs_core/tr=3, 1741707255902
Received update: /ndn/md-site/md/svs_core/md=3, 1741707267822
Received update: /ndn/mk-site/mk/svs_core/mk=3, 1741707267822
Received update: /ndn/at-site/at/svs_core/at=3, 1741707269565
Received update: /ndn/ch-site/ch/svs_core/ch=3, 1741707269565
Received update: /ndn/de1-site/de1/svs_core/de1=3, 1741707271527
Received update: /ndn/rs-site/rs/svs_core/rs=3, 1741707271539
Received update: /ndn/bg-site/bg/svs_core/bg=3, 1741707271870
Received update: /ndn/ua-site/ua/svs_core/ua=3, 1741707271870
Received update: /ndn/me-site/me/svs_core/me=3, 1741707271872
Received update: /ndn/al-site/al/svs_core/al=3, 1741707272273
Received update: /ndn/cy-site/cy/svs_core/cy=3, 1741707272273
Received update: /ndn/pt-site/pt/svs_core/pt=3, 1741707272273
Received update: /ndn/sk-site/sk/svs_core/sk=3, 1741707272273
Received update: /ndn/uk-site/uk/svs_core/uk=3, 1741707272273
Received update: /ndn/lv-site/lv/svs_core/lv=3, 1741707272310
Received update: /ndn/il-site/il/svs_core/il=3, 1741707272951
Received update: /ndn/gr-site/gr/svs_core/gr=3, 1741707273110
Received update: /ndn/es-site/es/svs_core/es=3, 1741707273843
Received update: /ndn/cz-site/cz/svs_core/cz=3, 1741707275338
Received update: /ndn/de2-site/de2/svs_core/de2=3, 1741707276078
Received update: /ndn/hu-site/hu/svs_core/hu=3, 1741707277627
Received update: /ndn/fr2-site/fr2/svs_core/fr2=3, 1741707278840
Received update: /ndn/nl-site/nl/svs_core/nl=3, 1741707280332
Received update: /ndn/fr1-site/fr1/svs_core/fr1=3, 1741707280332
Received update: /ndn/it-site/it/svs_core/it=3, 1741707284548
Received update: /ndn/dk-site/dk/svs_core/dk=3, 1741707284625
Received update: /ndn/az-site/az/svs_core/az=3, 1741707284772
Received update: /ndn/si-site/si/svs_core/si=3, 1741707285115
Received update: /ndn/lt-site/lt/svs_core/lt=3, 1741707285148
Received update: /ndn/ro-site/ro/svs_core/ro=3, 1741707285194
Received update: /ndn/hr-site/hr/svs_core/hr=3, 1741707285476
Received update: /ndn/ie-site/ie/svs_core/ie=4, 1741707292276
Received update: /ndn/lu-site/lu/svs_core/lu=3, 1741707292276
Received update: /ndn/al-site/al/svs_core/al=4, 1741707296096
Received update: /ndn/mt-site/mt/svs_core/mt=4, 1741707296096
Received update: /ndn/ge-site/ge/svs_core/ge=4, 1741707296244
Received update: /ndn/ee-site/ee/svs_core/ee=3, 1741707296457
Published sequence number: /ndn/am-site/am/svs_core/am=4, 1741707298481
Sending Sync interest
Received update: /ndn/pl-site/pl/svs_core/pl=4, 1741707299284
Sending Sync interest
Received update: /ndn/be-site/be/svs_core/be=4, 1741707299863
Received update: /ndn/by-site/by/svs_core/by=3, 1741707299863
Received update: /ndn/is-site/is/svs_core/is=4, 1741707299863
Sending Sync interest
Received update: /ndn/tr-site/tr/svs_core/tr=4, 1741707300496
Received update: /ndn/fi-site/fi/svs_core/fi=4, 1741707300677
Received update: /ndn/no-site/no/svs_core/no=4, 1741707300677
Received update: /ndn/se-site/se/svs_core/se=4, 1741707300677
Received update: /ndn/ch-site/ch/svs_core/ch=4, 1741707311101
Received update: /ndn/gr-site/gr/svs_core/gr=4, 1741707311101
Received update: /ndn/pt-site/pt/svs_core/pt=4, 1741707311308
Received update: /ndn/uk-site/uk/svs_core/uk=4, 1741707311308
Received update: /ndn/bg-site/bg/svs_core/bg=4, 1741707311342
Received update: /ndn/mk-site/mk/svs_core/mk=4, 1741707311342
Received update: /ndn/me-site/me/svs_core/me=4, 1741707312474
Received update: /ndn/lv-site/lv/svs_core/lv=4, 1741707312622
Received update: /ndn/il-site/il/svs_core/il=4, 1741707312844
Received update: /ndn/md-site/md/svs_core/md=4, 1741707312844
Received update: /ndn/de1-site/de1/svs_core/de1=4, 1741707316531
Received update: /ndn/es-site/es/svs_core/es=4, 1741707318839
Received update: /ndn/at-site/at/svs_core/at=4, 1741707319087
Received update: /ndn/rs-site/rs/svs_core/rs=4, 1741707319087
Received update: /ndn/sk-site/sk/svs_core/sk=4, 1741707319087
Received update: /ndn/lt-site/lt/svs_core/lt=4, 1741707319278
Received update: /ndn/cz-site/cz/svs_core/cz=4, 1741707320271
Received update: /ndn/hr-site/hr/svs_core/hr=4, 1741707321409
Received update: /ndn/de2-site/de2/svs_core/de2=4, 1741707321409
Received update: /ndn/az-site/az/svs_core/az=4, 1741707321643
Received update: /ndn/si-site/si/svs_core/si=4, 1741707322526
Received update: /ndn/hu-site/hu/svs_core/hu=4, 1741707323109
Received update: /ndn/fr1-site/fr1/svs_core/fr1=4, 1741707323109
Received update: /ndn/ua-site/ua/svs_core/ua=4, 1741707323294
Received update: /ndn/nl-site/nl/svs_core/nl=4, 1741707325232
Received update: /ndn/by-site/by/svs_core/by=4, 1741707334674
Received update: /ndn/dk-site/dk/svs_core/dk=4, 1741707334674
Received update: /ndn/ee-site/ee/svs_core/ee=4, 1741707334772
Received update: /ndn/lu-site/lu/svs_core/lu=4, 1741707334790
Received update: /ndn/it-site/it/svs_core/it=4, 1741707335194
Received update: /ndn/fr2-site/fr2/svs_core/fr2=4, 1741707335194
Received update: /ndn/ro-site/ro/svs_core/ro=4, 1741707335317
Published sequence number: /ndn/am-site/am/svs_core/am=5, 1741707343482
Sending Sync interest
Received update: /ndn/al-site/al/svs_core/al=5, 1741707345416
Received update: /ndn/be-site/be/svs_core/be=5, 1741707345416
Received update: /ndn/cy-site/cy/svs_core/cy=4, 1741707345416
Received update: /ndn/ie-site/ie/svs_core/ie=5, 1741707345416
Received update: /ndn/is-site/is/svs_core/is=5, 1741707345416
Received update: /ndn/no-site/no/svs_core/no=5, 1741707345416
Received update: /ndn/pl-site/pl/svs_core/pl=5, 1741707345416
Sending Sync interest
Max suppression time updated to: 332
Received update: /ndn/tr-site/tr/svs_core/tr=5, 1741707345977
Max suppression time updated to: 276
Max suppression time updated to: 260
Received update: /ndn/mt-site/mt/svs_core/mt=5, 1741707346107
Max suppression time updated to: 236
Received update: /ndn/fi-site/fi/svs_core/fi=5, 1741707346307
Received update: /ndn/se-site/se/svs_core/se=5, 1741707346307
Received update: /ndn/ge-site/ge/svs_core/ge=5, 1741707346415
Received update: /ndn/cy-site/cy/svs_core/cy=5, 1741707346587
Received update: /ndn/il-site/il/svs_core/il=5, 1741707351726
Received update: /ndn/bg-site/bg/svs_core/bg=5, 1741707358131
Received update: /ndn/ch-site/ch/svs_core/ch=5, 1741707358131
Received update: /ndn/gr-site/gr/svs_core/gr=5, 1741707358131
Received update: /ndn/lt-site/lt/svs_core/lt=5, 1741707358131
Received update: /ndn/lv-site/lv/svs_core/lv=5, 1741707358131
Received update: /ndn/mk-site/mk/svs_core/mk=5, 1741707358131
Received update: /ndn/de2-site/de2/svs_core/de2=5, 1741707366085
Received update: /ndn/me-site/me/svs_core/me=5, 1741707366298
Received update: /ndn/de1-site/de1/svs_core/de1=5, 1741707366298
Received update: /ndn/cz-site/cz/svs_core/cz=5, 1741707366439
Received update: /ndn/rs-site/rs/svs_core/rs=5, 1741707366439
Received update: /ndn/at-site/at/svs_core/at=5, 1741707366570
Received update: /ndn/md-site/md/svs_core/md=5, 1741707366570
Received update: /ndn/ua-site/ua/svs_core/ua=5, 1741707366570
Received update: /ndn/az-site/az/svs_core/az=5, 1741707366764
Received update: /ndn/sk-site/sk/svs_core/sk=5, 1741707366764
Received update: /ndn/si-site/si/svs_core/si=5, 1741707367533
Received update: /ndn/hu-site/hu/svs_core/hu=5, 1741707370326
Received update: /ndn/nl-site/nl/svs_core/nl=5, 1741707370326
Received update: /ndn/pt-site/pt/svs_core/pt=5, 1741707370326
Received update: /ndn/uk-site/uk/svs_core/uk=5, 1741707370326
Received update: /ndn/ee-site/ee/svs_core/ee=5, 1741707375977
Received update: /ndn/hr-site/hr/svs_core/hr=5, 1741707375977
Received update: /ndn/ro-site/ro/svs_core/ro=5, 1741707376078
Received update: /ndn/lu-site/lu/svs_core/lu=5, 1741707377240
Received update: /ndn/dk-site/dk/svs_core/dk=5, 1741707377835
Received update: /ndn/it-site/it/svs_core/it=5, 1741707382208
Received update: /ndn/mt-site/mt/svs_core/mt=6, 1741707382208
Received update: /ndn/be-site/be/svs_core/be=6, 1741707387602
Received update: /ndn/ie-site/ie/svs_core/ie=6, 1741707387602
Received update: /ndn/es-site/es/svs_core/es=5, 1741707387649
Received update: /ndn/fr1-site/fr1/svs_core/fr1=5, 1741707387649
Received update: /ndn/fr2-site/fr2/svs_core/fr2=5, 1741707387649
Received update: /ndn/al-site/al/svs_core/al=6, 1741707388074
Received update: /ndn/fi-site/fi/svs_core/fi=6, 1741707388074
Received update: /ndn/ge-site/ge/svs_core/ge=6, 1741707388180
Received update: /ndn/by-site/by/svs_core/by=5, 1741707388207
Published sequence number: /ndn/am-site/am/svs_core/am=6, 1741707388484
Sending Sync interest
Received update: /ndn/is-site/is/svs_core/is=6, 1741707389477
Received update: /ndn/no-site/no/svs_core/no=6, 1741707389477
Received update: /ndn/pl-site/pl/svs_core/pl=6, 1741707389477
Received update: /ndn/cy-site/cy/svs_core/cy=6, 1741707390921
Received update: /ndn/se-site/se/svs_core/se=6, 1741707391255
Received update: /ndn/tr-site/tr/svs_core/tr=6, 1741707391255
Received update: /ndn/me-site/me/svs_core/me=6, 1741707392459
Received update: /ndn/il-site/il/svs_core/il=6, 1741707396600
Received update: /ndn/gr-site/gr/svs_core/gr=6, 1741707398309
Received update: /ndn/uk-site/uk/svs_core/uk=6, 1741707400080
Received update: /ndn/pt-site/pt/svs_core/pt=6, 1741707400853
Received update: /ndn/bg-site/bg/svs_core/bg=6, 1741707401156
Received update: /ndn/mk-site/mk/svs_core/mk=6, 1741707401156
Received update: /ndn/md-site/md/svs_core/md=6, 1741707402903
Sending Sync interest
Received update: /ndn/ch-site/ch/svs_core/ch=6, 1741707403190
Received update: /ndn/at-site/at/svs_core/at=6, 1741707406522
Received update: /ndn/ua-site/ua/svs_core/ua=6, 1741707406522
Received update: /ndn/de1-site/de1/svs_core/de1=6, 1741707406531
Received update: /ndn/rs-site/rs/svs_core/rs=6, 1741707407362
Received update: /ndn/sk-site/sk/svs_core/sk=6, 1741707407362
Received update: /ndn/cz-site/cz/svs_core/cz=6, 1741707411239
Received update: /ndn/de2-site/de2/svs_core/de2=6, 1741707411239
Received update: /ndn/az-site/az/svs_core/az=6, 1741707412332
Received update: /ndn/es-site/es/svs_core/es=6, 1741707412702
Received update: /ndn/hr-site/hr/svs_core/hr=6, 1741707412702
Received update: /ndn/nl-site/nl/svs_core/nl=6, 1741707415239
Sending Sync interest
Max suppression time updated to: 216
Received update: /ndn/fr1-site/fr1/svs_core/fr1=6, 1741707415418
Received update: /ndn/hu-site/hu/svs_core/hu=6, 1741707415487
Received update: /ndn/si-site/si/svs_core/si=6, 1741707415487
Received update: /ndn/ro-site/ro/svs_core/ro=6, 1741707416465
Received update: /ndn/ee-site/ee/svs_core/ee=6, 1741707421186
Received update: /ndn/lt-site/lt/svs_core/lt=6, 1741707421186
Received update: /ndn/lv-site/lv/svs_core/lv=6, 1741707421186
Published sequence number: /ndn/am-site/am/svs_core/am=7, 1741707433485
Sending Sync interest
Received update: /ndn/dk-site/dk/svs_core/dk=6, 1741707435872
Received update: /ndn/ge-site/ge/svs_core/ge=7, 1741707435872
Received update: /ndn/is-site/is/svs_core/is=7, 1741707435872
Received update: /ndn/lu-site/lu/svs_core/lu=6, 1741707435872
Received update: /ndn/se-site/se/svs_core/se=7, 1741707435872
Received update: /ndn/al-site/al/svs_core/al=7, 1741707436066
Received update: /ndn/it-site/it/svs_core/it=6, 1741707436066
Received update: /ndn/mt-site/mt/svs_core/mt=7, 1741707436066
Received update: /ndn/tr-site/tr/svs_core/tr=7, 1741707436066
Received update: /ndn/fr2-site/fr2/svs_core/fr2=6, 1741707436066
Sending Sync interest
Received update: /ndn/mk-site/mk/svs_core/mk=7, 1741707436225
Received update: /ndn/be-site/be/svs_core/be=7, 1741707436404
Received update: /ndn/cy-site/cy/svs_core/cy=7, 1741707436404
Sending Sync interest
Received update: /ndn/by-site/by/svs_core/by=6, 1741707436564
Received update: /ndn/pl-site/pl/svs_core/pl=7, 1741707436564
Sending Sync interest
Received update: /ndn/me-site/me/svs_core/me=7, 1741707437308
Received update: /ndn/lv-site/lv/svs_core/lv=7, 1741707438207
Sending Sync interest
Received update: /ndn/gr-site/gr/svs_core/gr=7, 1741707451537
Received update: /ndn/de1-site/de1/svs_core/de1=7, 1741707451537
Received update: /ndn/at-site/at/svs_core/at=7, 1741707451611
Received update: /ndn/ua-site/ua/svs_core/ua=7, 1741707451611
Received update: /ndn/il-site/il/svs_core/il=7, 1741707451682
Received update: /ndn/md-site/md/svs_core/md=7, 1741707451682
Received update: /ndn/no-site/no/svs_core/no=7, 1741707451917
Received update: /ndn/ch-site/ch/svs_core/ch=7, 1741707452034
Received update: /ndn/fi-site/fi/svs_core/fi=7, 1741707452184
Received update: /ndn/sk-site/sk/svs_core/sk=7, 1741707452184
Received update: /ndn/uk-site/uk/svs_core/uk=7, 1741707452184
Received update: /ndn/de2-site/de2/svs_core/de2=7, 1741707456095
Received update: /ndn/hr-site/hr/svs_core/hr=7, 1741707456486
Received update: /ndn/ie-site/ie/svs_core/ie=7, 1741707456486
Received update: /ndn/pt-site/pt/svs_core/pt=7, 1741707456486
Sending Sync interest
Received update: /ndn/hu-site/hu/svs_core/hu=7, 1741707457641
Received update: /ndn/fr1-site/fr1/svs_core/fr1=7, 1741707457916
Received update: /ndn/bg-site/bg/svs_core/bg=7, 1741707458061
Received update: /ndn/cz-site/cz/svs_core/cz=7, 1741707458366
Received update: /ndn/es-site/es/svs_core/es=7, 1741707458366
Received update: /ndn/si-site/si/svs_core/si=7, 1741707458366
Received update: /ndn/az-site/az/svs_core/az=7, 1741707460431
Received update: /ndn/nl-site/nl/svs_core/nl=7, 1741707460431
Received update: /ndn/fr2-site/fr2/svs_core/fr2=7, 1741707460431
Received update: /ndn/dk-site/dk/svs_core/dk=7, 1741707460506
Received update: /ndn/lu-site/lu/svs_core/lu=7, 1741707467252
Sending Sync interest
Received update: /ndn/by-site/by/svs_core/by=7, 1741707469803
Received update: /ndn/ro-site/ro/svs_core/ro=7, 1741707469803
Received update: /ndn/it-site/it/svs_core/it=7, 1741707469863
Received update: /ndn/fi-site/fi/svs_core/fi=8, 1741707474431
Received update: /ndn/ie-site/ie/svs_core/ie=8, 1741707474431
Received update: /ndn/no-site/no/svs_core/no=8, 1741707474431
Received update: /ndn/ge-site/ge/svs_core/ge=8, 1741707474584
Received update: /ndn/ee-site/ee/svs_core/ee=7, 1741707475048
Received update: /ndn/lt-site/lt/svs_core/lt=7, 1741707475048
Received update: /ndn/rs-site/rs/svs_core/rs=7, 1741707475048
Published sequence number: /ndn/am-site/am/svs_core/am=8, 1741707478487
Sending Sync interest
Received update: /ndn/pl-site/pl/svs_core/pl=8, 1741707479300
Sending Sync interest
Received update: /ndn/be-site/be/svs_core/be=8, 1741707483174
Received update: /ndn/is-site/is/svs_core/is=8, 1741707483174
Received update: /ndn/lv-site/lv/svs_core/lv=8, 1741707483174
Received update: /ndn/tr-site/tr/svs_core/tr=8, 1741707483221
Sending Sync interest
Max suppression time updated to: 196
Received update: /ndn/mk-site/mk/svs_core/mk=8, 1741707483494
Received update: /ndn/mt-site/mt/svs_core/mt=8, 1741707483494
Received update: /ndn/al-site/al/svs_core/al=8, 1741707483738
Received update: /ndn/se-site/se/svs_core/se=8, 1741707483883
Received update: /ndn/me-site/me/svs_core/me=8, 1741707485570
Sending Sync interest
Received update: /ndn/uk-site/uk/svs_core/uk=8, 1741707490085
Received update: /ndn/md-site/md/svs_core/md=8, 1741707492827
Received update: /ndn/at-site/at/svs_core/at=8, 1741707494966
Received update: /ndn/ch-site/ch/svs_core/ch=8, 1741707494966
Received update: /ndn/il-site/il/svs_core/il=8, 1741707494966
Received update: /ndn/ua-site/ua/svs_core/ua=8, 1741707496531
Received update: /ndn/gr-site/gr/svs_core/gr=8, 1741707496720
Received update: /ndn/bg-site/bg/svs_core/bg=8, 1741707496841
Received update: /ndn/cy-site/cy/svs_core/cy=8, 1741707496892
Received update: /ndn/pt-site/pt/svs_core/pt=8, 1741707496892
Received update: /ndn/rs-site/rs/svs_core/rs=8, 1741707496892
Received update: /ndn/de1-site/de1/svs_core/de1=8, 1741707496892
Received update: /ndn/sk-site/sk/svs_core/sk=8, 1741707497115
Received update: /ndn/es-site/es/svs_core/es=8, 1741707498853
Received update: /ndn/lt-site/lt/svs_core/lt=8, 1741707499053
Received update: /ndn/de2-site/de2/svs_core/de2=8, 1741707503859
Received update: /ndn/fr2-site/fr2/svs_core/fr2=8, 1741707503859
Received update: /ndn/hu-site/hu/svs_core/hu=8, 1741707504007
Received update: /ndn/si-site/si/svs_core/si=8, 1741707504031
Received update: /ndn/az-site/az/svs_core/az=8, 1741707504199
Received update: /ndn/hr-site/hr/svs_core/hr=8, 1741707505249
Received update: /ndn/nl-site/nl/svs_core/nl=8, 1741707505249
Received update: /ndn/dk-site/dk/svs_core/dk=8, 1741707510998
Received update: /ndn/ee-site/ee/svs_core/ee=8, 1741707510998
Received update: /ndn/cz-site/cz/svs_core/cz=8, 1741707511093
Received update: /ndn/ro-site/ro/svs_core/ro=8, 1741707511093
Published sequence number: /ndn/am-site/am/svs_core/am=9, 1741707523489
Sending Sync interest
Received update: /ndn/by-site/by/svs_core/by=8, 1741707525526
Received update: /ndn/ge-site/ge/svs_core/ge=9, 1741707525526
Received update: /ndn/lu-site/lu/svs_core/lu=8, 1741707525526
Received update: /ndn/pl-site/pl/svs_core/pl=9, 1741707525526
Received update: /ndn/tr-site/tr/svs_core/tr=9, 1741707525526
Received update: /ndn/be-site/be/svs_core/be=9, 1741707525588
Sending Sync interest
Received update: /ndn/me-site/me/svs_core/me=9, 1741707527248
Sending Sync interest
Received update: /ndn/al-site/al/svs_core/al=9, 1741707527781
Received update: /ndn/it-site/it/svs_core/it=8, 1741707527781
Received update: /ndn/no-site/no/svs_core/no=9, 1741707527781
Received update: /ndn/se-site/se/svs_core/se=9, 1741707527781
Received update: /ndn/fr1-site/fr1/svs_core/fr1=8, 1741707527781
Received update: /ndn/is-site/is/svs_core/is=9, 1741707527789
Sending Sync interest
Received update: /ndn/il-site/il/svs_core/il=9, 1741707531614
Received update: /ndn/at-site/at/svs_core/at=9, 1741707539981
Received update: /ndn/ch-site/ch/svs_core/ch=9, 1741707539981
Received update: /ndn/cy-site/cy/svs_core/cy=9, 1741707539981
Received update: /ndn/lv-site/lv/svs_core/lv=9, 1741707539981
Received update: /ndn/uk-site/uk/svs_core/uk=9, 1741707539981
Received update: /ndn/mk-site/mk/svs_core/mk=9, 1741707540096
Received update: /ndn/lt-site/lt/svs_core/lt=9, 1741707540159
Received update: /ndn/gr-site/gr/svs_core/gr=9, 1741707540254
Received update: /ndn/md-site/md/svs_core/md=9, 1741707540376
Received update: /ndn/ua-site/ua/svs_core/ua=9, 1741707541533
Received update: /ndn/fi-site/fi/svs_core/fi=9, 1741707541623
Received update: /ndn/de1-site/de1/svs_core/de1=9, 1741707541623
Received update: /ndn/mt-site/mt/svs_core/mt=9, 1741707541725
Received update: /ndn/sk-site/sk/svs_core/sk=9, 1741707542139
Received update: /ndn/bg-site/bg/svs_core/bg=9, 1741707542231
Received update: /ndn/rs-site/rs/svs_core/rs=9, 1741707542598
Received update: /ndn/hr-site/hr/svs_core/hr=9, 1741707546428
Sending Sync interest
Max suppression time updated to: 180
Received update: /ndn/de2-site/de2/svs_core/de2=9, 1741707546722
Received update: /ndn/hu-site/hu/svs_core/hu=9, 1741707547816
Received update: /ndn/fr1-site/fr1/svs_core/fr1=9, 1741707547816
Received update: /ndn/az-site/az/svs_core/az=9, 1741707550609
Received update: /ndn/dk-site/dk/svs_core/dk=9, 1741707550609
Received update: /ndn/cz-site/cz/svs_core/cz=9, 1741707550675
Received update: /ndn/nl-site/nl/svs_core/nl=9, 1741707550864
Received update: /ndn/pt-site/pt/svs_core/pt=9, 1741707550864
Received update: /ndn/si-site/si/svs_core/si=9, 1741707550864
Received update: /ndn/es-site/es/svs_core/es=9, 1741707551043
Received update: /ndn/lu-site/lu/svs_core/lu=9, 1741707557256
Received update: /ndn/fr2-site/fr2/svs_core/fr2=9, 1741707557256
Received update: /ndn/ro-site/ro/svs_core/ro=9, 1741707557360
Received update: /ndn/by-site/by/svs_core/by=9, 1741707559691
Published sequence number: /ndn/am-site/am/svs_core/am=10, 1741707568493
Sending Sync interest
Max suppression time updated to: 172
Received update: /ndn/ee-site/ee/svs_core/ee=9, 1741707568648
Max suppression time updated to: 168
Received update: /ndn/ge-site/ge/svs_core/ge=10, 1741707569073
Received update: /ndn/it-site/it/svs_core/it=9, 1741707569073
Received update: /ndn/mt-site/mt/svs_core/mt=10, 1741707569073
Received update: /ndn/pl-site/pl/svs_core/pl=10, 1741707569443
Received update: /ndn/al-site/al/svs_core/al=10, 1741707569488
Received update: /ndn/be-site/be/svs_core/be=10, 1741707569541
Received update: /ndn/ie-site/ie/svs_core/ie=9, 1741707569541
Received update: /ndn/is-site/is/svs_core/is=10, 1741707570286
Received update: /ndn/fi-site/fi/svs_core/fi=10, 1741707570623
Received update: /ndn/no-site/no/svs_core/no=10, 1741707570623
Received update: /ndn/cy-site/cy/svs_core/cy=10, 1741707571062
Received update: /ndn/ie-site/ie/svs_core/ie=10, 1741707571240
Received update: /ndn/se-site/se/svs_core/se=10, 1741707571245
Received update: /ndn/me-site/me/svs_core/me=10, 1741707572305
Received update: /ndn/mk-site/mk/svs_core/mk=10, 1741707572438
Received update: /ndn/tr-site/tr/svs_core/tr=10, 1741707572882
Received update: /ndn/il-site/il/svs_core/il=10, 1741707576615
Received update: /ndn/gr-site/gr/svs_core/gr=10, 1741707578580
Received update: /ndn/uk-site/uk/svs_core/uk=10, 1741707580231
Received update: /ndn/bg-site/bg/svs_core/bg=10, 1741707580526
Received update: /ndn/lv-site/lv/svs_core/lv=10, 1741707580526
Received update: /ndn/ch-site/ch/svs_core/ch=10, 1741707581130
Sending Sync interest
Received update: /ndn/md-site/md/svs_core/md=10, 1741707586970
Received update: /ndn/pt-site/pt/svs_core/pt=10, 1741707586970
Received update: /ndn/rs-site/rs/svs_core/rs=10, 1741707586970
Received update: /ndn/de1-site/de1/svs_core/de1=10, 1741707586970
Received update: /ndn/at-site/at/svs_core/at=10, 1741707587096
Received update: /ndn/cz-site/cz/svs_core/cz=10, 1741707590290
Sending Sync interest
Received update: /ndn/lt-site/lt/svs_core/lt=10, 1741707591251
Received update: /ndn/sk-site/sk/svs_core/sk=10, 1741707591251
Received update: /ndn/ua-site/ua/svs_core/ua=10, 1741707591251
Received update: /ndn/de2-site/de2/svs_core/de2=10, 1741707591251
Received update: /ndn/az-site/az/svs_core/az=10, 1741707591656
Received update: /ndn/hr-site/hr/svs_core/hr=10, 1741707591789
Received update: /ndn/hu-site/hu/svs_core/hu=10, 1741707592648
Sending Sync interest
Received update: /ndn/es-site/es/svs_core/es=10, 1741707592908
Received update: /ndn/fr2-site/fr2/svs_core/fr2=10, 1741707593867
Received update: /ndn/si-site/si/svs_core/si=10, 1741707593964
Received update: /ndn/dk-site/dk/svs_core/dk=10, 1741707601002
Received update: /ndn/ee-site/ee/svs_core/ee=10, 1741707601002
Received update: /ndn/nl-site/nl/svs_core/nl=10, 1741707601002
Received update: /ndn/ro-site/ro/svs_core/ro=10, 1741707601148
Received update: /ndn/ge-site/ge/svs_core/ge=11, 1741707608597
Received update: /ndn/it-site/it/svs_core/it=10, 1741707608597
Received update: /ndn/fr1-site/fr1/svs_core/fr1=10, 1741707608597
Received update: /ndn/lu-site/lu/svs_core/lu=10, 1741707608810
Received update: /ndn/al-site/al/svs_core/al=11, 1741707611071
Published sequence number: /ndn/am-site/am/svs_core/am=11, 1741707613494
Sending Sync interest
Max suppression time updated to: 164
Received update: /ndn/mt-site/mt/svs_core/mt=11, 1741707613631
Max suppression time updated to: 172
Received update: /ndn/fi-site/fi/svs_core/fi=11, 1741707613672
Received update: /ndn/no-site/no/svs_core/no=11, 1741707613672
Received update: /ndn/pl-site/pl/svs_core/pl=11, 1741707614381
Received update: /ndn/by-site/by/svs_core/by=10, 1741707614604
Received update: /ndn/is-site/is/svs_core/is=11, 1741707614676
Received update: /ndn/tr-site/tr/svs_core/tr=11, 1741707615403
Received update: /ndn/bg-site/bg/svs_core/bg=11, 1741707619786
Received update: /ndn/me-site/me/svs_core/me=11, 1741707619786
Received update: /ndn/mk-site/mk/svs_core/mk=11, 1741707619786
Received update: /ndn/se-site/se/svs_core/se=11, 1741707619786
Received update: /ndn/lv-site/lv/svs_core/lv=11, 1741707619990
Received update: /ndn/il-site/il/svs_core/il=11, 1741707621622
Received update: /ndn/ch-site/ch/svs_core/ch=11, 1741707626105
Received update: /ndn/md-site/md/svs_core/md=11, 1741707627954
Received update: /ndn/gr-site/gr/svs_core/gr=11, 1741707628020
Received update: /ndn/be-site/be/svs_core/be=11, 1741707628106
Received update: /ndn/cy-site/cy/svs_core/cy=11, 1741707628106
Received update: /ndn/ie-site/ie/svs_core/ie=11, 1741707628106
Received update: /ndn/pt-site/pt/svs_core/pt=11, 1741707628106
Received update: /ndn/uk-site/uk/svs_core/uk=11, 1741707628106
Received update: /ndn/at-site/at/svs_core/at=11, 1741707629600
Sending Sync interest
Sending Sync interest
Received update: /ndn/lt-site/lt/svs_core/lt=11, 1741707631541
Received update: /ndn/de1-site/de1/svs_core/de1=11, 1741707631541
Received update: /ndn/sk-site/sk/svs_core/sk=11, 1741707632046
Received update: /ndn/cz-site/cz/svs_core/cz=11, 1741707636480
Received update: /ndn/hr-site/hr/svs_core/hr=11, 1741707636480
Received update: /ndn/de2-site/de2/svs_core/de2=11, 1741707636480
Received update: /ndn/az-site/az/svs_core/az=11, 1741707636656
Received update: /ndn/es-site/es/svs_core/es=11, 1741707637014
Received update: /ndn/si-site/si/svs_core/si=11, 1741707637542
Received update: /ndn/fr1-site/fr1/svs_core/fr1=11, 1741707637826
Received update: /ndn/rs-site/rs/svs_core/rs=11, 1741707638050
Received update: /ndn/ua-site/ua/svs_core/ua=11, 1741707638050
Received update: /ndn/hu-site/hu/svs_core/hu=11, 1741707638098
Received update: /ndn/dk-site/dk/svs_core/dk=11, 1741707640613
Received update: /ndn/nl-site/nl/svs_core/nl=11, 1741707640613
Received update: /ndn/fr2-site/fr2/svs_core/fr2=11, 1741707640799
Received update: /ndn/it-site/it/svs_core/it=11, 1741707644576
Received update: /ndn/ee-site/ee/svs_core/ee=11, 1741707646106
Received update: /ndn/ro-site/ro/svs_core/ro=11, 1741707646177
Received update: /ndn/by-site/by/svs_core/by=11, 1741707649808
Received update: /ndn/ge-site/ge/svs_core/ge=12, 1741707653598
Received update: /ndn/lu-site/lu/svs_core/lu=11, 1741707653831
Received update: /ndn/al-site/al/svs_core/al=12, 1741707655922
Sending Sync interest
Received update: /ndn/be-site/be/svs_core/be=12, 1741707657815
Published sequence number: /ndn/am-site/am/svs_core/am=12, 1741707658496
Sending Sync interest
Received update: /ndn/pl-site/pl/svs_core/pl=12, 1741707659309
Sending Sync interest
Received update: /ndn/tr-site/tr/svs_core/tr=12, 1741707660523
Sending Sync interest
Sending Sync interest
Received update: /ndn/cy-site/cy/svs_core/cy=12, 1741707661423
Received update: /ndn/mk-site/mk/svs_core/mk=12, 1741707661423
Received update: /ndn/mt-site/mt/svs_core/mt=12, 1741707661423
Received update: /ndn/fi-site/fi/svs_core/fi=12, 1741707661456
Received update: /ndn/is-site/is/svs_core/is=12, 1741707661456
Received update: /ndn/no-site/no/svs_core/no=12, 1741707661456
Sending Sync interest
Received update: /ndn/at-site/at/svs_core/at=12, 1741707676893
Received update: /ndn/pt-site/pt/svs_core/pt=12, 1741707676893
Received update: /ndn/se-site/se/svs_core/se=12, 1741707676893
Received update: /ndn/de1-site/de1/svs_core/de1=12, 1741707676893
Received update: /ndn/gr-site/gr/svs_core/gr=12, 1741707676947
Sending Sync interest
Received update: /ndn/ch-site/ch/svs_core/ch=12, 1741707677066
Received update: /ndn/md-site/md/svs_core/md=12, 1741707677066
Received update: /ndn/il-site/il/svs_core/il=12, 1741707677128
Sending Sync interest
Received update: /ndn/ie-site/ie/svs_core/ie=12, 1741707677329
Received update: /ndn/me-site/me/svs_core/me=12, 1741707677329
Received update: /ndn/uk-site/uk/svs_core/uk=12, 1741707677329
Received update: /ndn/bg-site/bg/svs_core/bg=12, 1741707677445
Received update: /ndn/rs-site/rs/svs_core/rs=12, 1741707677445
Received update: /ndn/ua-site/ua/svs_core/ua=12, 1741707677445
Received update: /ndn/sk-site/sk/svs_core/sk=12, 1741707677466
Sending Sync interest
Sending Sync interest
Received update: /ndn/es-site/es/svs_core/es=12, 1741707681266
Received update: /ndn/lt-site/lt/svs_core/lt=12, 1741707681266
Received update: /ndn/lv-site/lv/svs_core/lv=12, 1741707681266
Received update: /ndn/de2-site/de2/svs_core/de2=12, 1741707681266
Received update: /ndn/az-site/az/svs_core/az=12, 1741707681659
Received update: /ndn/hr-site/hr/svs_core/hr=12, 1741707682652
Received update: /ndn/hu-site/hu/svs_core/hu=12, 1741707682652
Received update: /ndn/si-site/si/svs_core/si=12, 1741707682652
Received update: /ndn/ee-site/ee/svs_core/ee=12, 1741707692595
Received update: /ndn/lu-site/lu/svs_core/lu=12, 1741707692595
Received update: /ndn/nl-site/nl/svs_core/nl=12, 1741707692595
Received update: /ndn/cz-site/cz/svs_core/cz=12, 1741707692715
Received update: /ndn/ro-site/ro/svs_core/ro=12, 1741707692715
Received update: /ndn/it-site/it/svs_core/it=12, 1741707693008
Received update: /ndn/fr1-site/fr1/svs_core/fr1=12, 1741707693008
Received update: /ndn/fr2-site/fr2/svs_core/fr2=12, 1741707693008
Received update: /ndn/by-site/by/svs_core/by=12, 1741707694832
Sending Sync interest
Received update: /ndn/be-site/be/svs_core/be=13, 1741707702630
Published sequence number: /ndn/am-site/am/svs_core/am=13, 1741707703499
Sending Sync interest
Received update: /ndn/ge-site/ge/svs_core/ge=13, 1741707705545
Received update: /ndn/pl-site/pl/svs_core/pl=13, 1741707705545
Received update: /ndn/tr-site/tr/svs_core/tr=13, 1741707705545
Received update: /ndn/ie-site/ie/svs_core/ie=13, 1741707705641
Received update: /ndn/dk-site/dk/svs_core/dk=12, 1741707705695
Received update: /ndn/fi-site/fi/svs_core/fi=13, 1741707705695
Received update: /ndn/se-site/se/svs_core/se=13, 1741707705695
Received update: /ndn/is-site/is/svs_core/is=13, 1741707705911
Received update: /ndn/me-site/me/svs_core/me=13, 1741707707476
Received update: /ndn/mk-site/mk/svs_core/mk=13, 1741707707476
Received update: /ndn/uk-site/uk/svs_core/uk=13, 1741707715271
Received update: /ndn/cy-site/cy/svs_core/cy=13, 1741707715458
Received update: /ndn/il-site/il/svs_core/il=13, 1741707715651
Received update: /ndn/bg-site/bg/svs_core/bg=13, 1741707715857
Received update: /ndn/pt-site/pt/svs_core/pt=13, 1741707715894
Received update: /ndn/al-site/al/svs_core/al=13, 1741707716545
Received update: /ndn/gr-site/gr/svs_core/gr=13, 1741707716545
Received update: /ndn/mt-site/mt/svs_core/mt=13, 1741707716545
Received update: /ndn/ch-site/ch/svs_core/ch=13, 1741707717755
Received update: /ndn/sk-site/sk/svs_core/sk=13, 1741707722209
Received update: /ndn/de1-site/de1/svs_core/de1=13, 1741707722209
Received update: /ndn/lv-site/lv/svs_core/lv=13, 1741707722387
Received update: /ndn/at-site/at/svs_core/at=13, 1741707722556
Received update: /ndn/no-site/no/svs_core/no=13, 1741707722566
Received update: /ndn/es-site/es/svs_core/es=13, 1741707724041
Received update: /ndn/ua-site/ua/svs_core/ua=13, 1741707724041
Received update: /ndn/cz-site/cz/svs_core/cz=13, 1741707726638
Received update: /ndn/lt-site/lt/svs_core/lt=13, 1741707726638
Received update: /ndn/md-site/md/svs_core/md=13, 1741707726638
Received update: /ndn/rs-site/rs/svs_core/rs=13, 1741707726638
Received update: /ndn/de2-site/de2/svs_core/de2=13, 1741707726638
Received update: /ndn/hu-site/hu/svs_core/hu=13, 1741707729036
Received update: /ndn/fr1-site/fr1/svs_core/fr1=13, 1741707729036
Received update: /ndn/fr2-site/fr2/svs_core/fr2=13, 1741707729036
Received update: /ndn/ro-site/ro/svs_core/ro=13, 1741707731598
Received update: /ndn/si-site/si/svs_core/si=13, 1741707731598
Received update: /ndn/nl-site/nl/svs_core/nl=13, 1741707731685
Received update: /ndn/az-site/az/svs_core/az=13, 1741707731844
Received update: /ndn/al-site/al/svs_core/al=14, 1741707745825
Received update: /ndn/it-site/it/svs_core/it=13, 1741707745825
Received update: /ndn/by-site/by/svs_core/by=13, 1741707746018
Received update: /ndn/ee-site/ee/svs_core/ee=13, 1741707746066
Received update: /ndn/lu-site/lu/svs_core/lu=13, 1741707746218
Published sequence number: /ndn/am-site/am/svs_core/am=14, 1741707748501
Sending Sync interest
Max suppression time updated to: 168
Received update: /ndn/ge-site/ge/svs_core/ge=14, 1741707748668
Received update: /ndn/pl-site/pl/svs_core/pl=14, 1741707749312
Received update: /ndn/dk-site/dk/svs_core/dk=13, 1741707749444
Received update: /ndn/fi-site/fi/svs_core/fi=14, 1741707749444
Received update: /ndn/no-site/no/svs_core/no=14, 1741707749444
Received update: /ndn/be-site/be/svs_core/be=14, 1741707749822
Received update: /ndn/is-site/is/svs_core/is=14, 1741707749822
Received update: /ndn/hr-site/hr/svs_core/hr=13, 1741707749958
Received update: /ndn/ie-site/ie/svs_core/ie=14, 1741707750278
Received update: /ndn/tr-site/tr/svs_core/tr=14, 1741707750411
Received update: /ndn/se-site/se/svs_core/se=14, 1741707750899
Received update: /ndn/bg-site/bg/svs_core/bg=14, 1741707754672
Received update: /ndn/mk-site/mk/svs_core/mk=14, 1741707754672
Received update: /ndn/lv-site/lv/svs_core/lv=14, 1741707754712
Received update: /ndn/mt-site/mt/svs_core/mt=14, 1741707754712
Received update: /ndn/ch-site/ch/svs_core/ch=14, 1741707761123
Received update: /ndn/me-site/me/svs_core/me=14, 1741707761266
Received update: /ndn/cy-site/cy/svs_core/cy=14, 1741707761402
Received update: /ndn/uk-site/uk/svs_core/uk=14, 1741707761402
Received update: /ndn/il-site/il/svs_core/il=14, 1741707761511
Received update: /ndn/at-site/at/svs_core/at=14, 1741707766550
Received update: /ndn/ua-site/ua/svs_core/ua=14, 1741707766550
Received update: /ndn/cz-site/cz/svs_core/cz=14, 1741707770516
Received update: /ndn/es-site/es/svs_core/es=14, 1741707770516
Received update: /ndn/lt-site/lt/svs_core/lt=14, 1741707770516
Received update: /ndn/de1-site/de1/svs_core/de1=14, 1741707770516
Received update: /ndn/rs-site/rs/svs_core/rs=14, 1741707771002
Received update: /ndn/sk-site/sk/svs_core/sk=14, 1741707771002
Received update: /ndn/az-site/az/svs_core/az=14, 1741707771832
Received update: /ndn/gr-site/gr/svs_core/gr=14, 1741707771832
Received update: /ndn/de2-site/de2/svs_core/de2=14, 1741707771832
Received update: /ndn/hu-site/hu/svs_core/hu=14, 1741707772975
Received update: /ndn/md-site/md/svs_core/md=14, 1741707772975
Received update: /ndn/fr2-site/fr2/svs_core/fr2=14, 1741707773879
Received update: /ndn/fr1-site/fr1/svs_core/fr1=14, 1741707773948
Received update: /ndn/nl-site/nl/svs_core/nl=14, 1741707775298
Received update: /ndn/hr-site/hr/svs_core/hr=14, 1741707775698
Received update: /ndn/si-site/si/svs_core/si=14, 1741707775698
Published sequence number: /ndn/am-site/am/svs_core/am=15, 1741707793505
Sending Sync interest
Received update: /ndn/tr-site/tr/svs_core/tr=15, 1741707795415
Received update: /ndn/by-site/by/svs_core/by=14, 1741707795529
Sending Sync interest
Received update: /ndn/it-site/it/svs_core/it=14, 1741707795633
Received update: /ndn/pl-site/pl/svs_core/pl=15, 1741707795633
Received update: /ndn/ro-site/ro/svs_core/ro=14, 1741707795718
Sending Sync interest
Received update: /ndn/dk-site/dk/svs_core/dk=14, 1741707795814
Received update: /ndn/ge-site/ge/svs_core/ge=15, 1741707795814
Received update: /ndn/no-site/no/svs_core/no=15, 1741707795814
Received update: /ndn/se-site/se/svs_core/se=15, 1741707795814
Max suppression time updated to: 164
Max suppression time updated to: 164
Received update: /ndn/be-site/be/svs_core/be=15, 1741707795951
Received update: /ndn/ie-site/ie/svs_core/ie=15, 1741707795951
Received update: /ndn/lu-site/lu/svs_core/lu=14, 1741707795951
Received update: /ndn/pt-site/pt/svs_core/pt=14, 1741707795951
Max suppression time updated to: 164
Received update: /ndn/cy-site/cy/svs_core/cy=15, 1741707796566
Received update: /ndn/ee-site/ee/svs_core/ee=14, 1741707796566
Received update: /ndn/fi-site/fi/svs_core/fi=15, 1741707796566
Received update: /ndn/is-site/is/svs_core/is=15, 1741707796566
Received update: /ndn/mk-site/mk/svs_core/mk=15, 1741707796566
Received update: /ndn/al-site/al/svs_core/al=15, 1741707796799
Received update: /ndn/il-site/il/svs_core/il=15, 1741707801626
Received update: /ndn/mt-site/mt/svs_core/mt=15, 1741707801814
Received update: /ndn/uk-site/uk/svs_core/uk=15, 1741707805245
Received update: /ndn/bg-site/bg/svs_core/bg=15, 1741707805645
Received update: /ndn/gr-site/gr/svs_core/gr=15, 1741707805645
Received update: /ndn/md-site/md/svs_core/md=15, 1741707807902
Received update: /ndn/lv-site/lv/svs_core/lv=15, 1741707807913
Received update: /ndn/ch-site/ch/svs_core/ch=15, 1741707807956
Received update: /ndn/pt-site/pt/svs_core/pt=15, 1741707807996
Received update: /ndn/at-site/at/svs_core/at=15, 1741707811699
Received update: /ndn/lt-site/lt/svs_core/lt=15, 1741707811699
Received update: /ndn/de1-site/de1/svs_core/de1=15, 1741707811699
Received update: /ndn/rs-site/rs/svs_core/rs=15, 1741707812179
Received update: /ndn/sk-site/sk/svs_core/sk=15, 1741707812179
Received update: /ndn/ua-site/ua/svs_core/ua=15, 1741707812179
Received update: /ndn/es-site/es/svs_core/es=15, 1741707813899
Sending Sync interest
Received update: /ndn/de2-site/de2/svs_core/de2=15, 1741707816123
Received update: /ndn/az-site/az/svs_core/az=15, 1741707816667
Received update: /ndn/hu-site/hu/svs_core/hu=15, 1741707817663
Received update: /ndn/me-site/me/svs_core/me=15, 1741707817663
Sending Sync interest
Received update: /ndn/si-site/si/svs_core/si=15, 1741707817896
Received update: /ndn/hr-site/hr/svs_core/hr=15, 1741707818010
Received update: /ndn/nl-site/nl/svs_core/nl=15, 1741707820401
Received update: /ndn/ee-site/ee/svs_core/ee=15, 1741707826015
Received update: /ndn/lu-site/lu/svs_core/lu=15, 1741707827300
Received update: /ndn/dk-site/dk/svs_core/dk=15, 1741707827382
Published sequence number: /ndn/am-site/am/svs_core/am=16, 1741707838509
Sending Sync interest
Max suppression time updated to: 160
Received update: /ndn/ge-site/ge/svs_core/ge=16, 1741707838655
Received update: /ndn/it-site/it/svs_core/it=15, 1741707838655
Max suppression time updated to: 156
Max suppression time updated to: 156
Received update: /ndn/fr2-site/fr2/svs_core/fr2=15, 1741707838720
Received update: /ndn/fr1-site/fr1/svs_core/fr1=15, 1741707838782
Received update: /ndn/by-site/by/svs_core/by=15, 1741707838832
Received update: /ndn/be-site/be/svs_core/be=16, 1741707838842
Received update: /ndn/ie-site/ie/svs_core/ie=16, 1741707838842
Received update: /ndn/is-site/is/svs_core/is=16, 1741707839021
Received update: /ndn/ro-site/ro/svs_core/ro=15, 1741707839176
Received update: /ndn/mk-site/mk/svs_core/mk=16, 1741707841144
Received update: /ndn/al-site/al/svs_core/al=16, 1741707841280
Received update: /ndn/fi-site/fi/svs_core/fi=16, 1741707841280
Received update: /ndn/mt-site/mt/svs_core/mt=16, 1741707841280
Received update: /ndn/no-site/no/svs_core/no=16, 1741707841280
Received update: /ndn/se-site/se/svs_core/se=16, 1741707841280
Received update: /ndn/pl-site/pl/svs_core/pl=16, 1741707841408
Received update: /ndn/tr-site/tr/svs_core/tr=16, 1741707841408
Received update: /ndn/il-site/il/svs_core/il=16, 1741707846635
Sending Sync interest
Max suppression time updated to: 152
Received update: /ndn/me-site/me/svs_core/me=16, 1741707846873
Max suppression time updated to: 156
Received update: /ndn/cy-site/cy/svs_core/cy=16, 1741707846951
Received update: /ndn/at-site/at/svs_core/at=16, 1741707854938
Received update: /ndn/ch-site/ch/svs_core/ch=16, 1741707854938
Received update: /ndn/cz-site/cz/svs_core/cz=15, 1741707854938
Received update: /ndn/gr-site/gr/svs_core/gr=16, 1741707854938
Received update: /ndn/cz-site/cz/svs_core/cz=16, 1741707861332
Received update: /ndn/uk-site/uk/svs_core/uk=16, 1741707861332
Received update: /ndn/de1-site/de1/svs_core/de1=16, 1741707861332
Received update: /ndn/de2-site/de2/svs_core/de2=16, 1741707861332
Received update: /ndn/az-site/az/svs_core/az=16, 1741707861953
Received update: /ndn/hr-site/hr/svs_core/hr=16, 1741707861953
Received update: /ndn/pt-site/pt/svs_core/pt=16, 1741707861953
Received update: /ndn/rs-site/rs/svs_core/rs=16, 1741707861953
Received update: /ndn/sk-site/sk/svs_core/sk=16, 1741707861953
Received update: /ndn/ua-site/ua/svs_core/ua=16, 1741707861953
Received update: /ndn/hu-site/hu/svs_core/hu=16, 1741707862668
Received update: /ndn/fr1-site/fr1/svs_core/fr1=16, 1741707862843
Received update: /ndn/es-site/es/svs_core/es=16, 1741707869591
Received update: /ndn/it-site/it/svs_core/it=16, 1741707869591
Received update: /ndn/ee-site/ee/svs_core/ee=16, 1741707871118
Received update: /ndn/bg-site/bg/svs_core/bg=16, 1741707871322
Received update: /ndn/dk-site/dk/svs_core/dk=16, 1741707871322
Received update: /ndn/nl-site/nl/svs_core/nl=16, 1741707871322
Received update: /ndn/fr2-site/fr2/svs_core/fr2=16, 1741707871394
Received update: /ndn/lu-site/lu/svs_core/lu=16, 1741707872332
Stopping SVS client: /ndn/am-site/am/svs_core/am
