SVS client starting: /ndn/ge-site/ge/svs_core/ge
Sending Sync interest
Published sequence number: /ndn/ge-site/ge/svs_core/ge=1, 1741707158530
Sending Sync interest
Received update: /ndn/fi-site/fi/svs_core/fi=1, 1741707159393
Received update: /ndn/ie-site/ie/svs_core/ie=1, 1741707159393
Received update: /ndn/no-site/no/svs_core/no=1, 1741707159393
Received update: /ndn/am-site/am/svs_core/am=1, 1741707163498
Received update: /ndn/is-site/is/svs_core/is=1, 1741707164173
Received update: /ndn/be-site/be/svs_core/be=1, 1741707164271
Received update: /ndn/pl-site/pl/svs_core/pl=1, 1741707164271
Received update: /ndn/al-site/al/svs_core/al=1, 1741707164434
Received update: /ndn/mt-site/mt/svs_core/mt=1, 1741707164434
Sending Sync interest
Received update: /ndn/tr-site/tr/svs_core/tr=1, 1741707165367
Received update: /ndn/se-site/se/svs_core/se=1, 1741707165872
Received update: /ndn/mk-site/mk/svs_core/mk=1, 1741707166102
Received update: /ndn/lv-site/lv/svs_core/lv=1, 1741707168029
Received update: /ndn/me-site/me/svs_core/me=1, 1741707168231
Received update: /ndn/cy-site/cy/svs_core/cy=1, 1741707168255
Received update: /ndn/il-site/il/svs_core/il=1, 1741707171587
Received update: /ndn/md-site/md/svs_core/md=1, 1741707177732
Received update: /ndn/lt-site/lt/svs_core/lt=1, 1741707177767
Received update: /ndn/gr-site/gr/svs_core/gr=1, 1741707177975
Received update: /ndn/ch-site/ch/svs_core/ch=1, 1741707178023
Received update: /ndn/uk-site/uk/svs_core/uk=1, 1741707178023
Received update: /ndn/pt-site/pt/svs_core/pt=1, 1741707178201
Received update: /ndn/bg-site/bg/svs_core/bg=1, 1741707178251
Received update: /ndn/at-site/at/svs_core/at=1, 1741707182252
Received update: /ndn/rs-site/rs/svs_core/rs=1, 1741707182252
Received update: /ndn/sk-site/sk/svs_core/sk=1, 1741707182252
Received update: /ndn/de1-site/de1/svs_core/de1=1, 1741707182252
Received update: /ndn/ua-site/ua/svs_core/ua=1, 1741707182394
Received update: /ndn/cz-site/cz/svs_core/cz=1, 1741707185259
Received update: /ndn/de2-site/de2/svs_core/de2=1, 1741707186069
Received update: /ndn/es-site/es/svs_core/es=1, 1741707186291
Received update: /ndn/az-site/az/svs_core/az=1, 1741707186639
Received update: /ndn/si-site/si/svs_core/si=1, 1741707187517
Received update: /ndn/hr-site/hr/svs_core/hr=1, 1741707187588
Received update: /ndn/nl-site/nl/svs_core/nl=1, 1741707190217
Sending Sync interest
Max suppression time updated to: 96
Received update: /ndn/fr1-site/fr1/svs_core/fr1=1, 1741707190505
Received update: /ndn/fr2-site/fr2/svs_core/fr2=1, 1741707190505
Received update: /ndn/hu-site/hu/svs_core/hu=1, 1741707190697
Received update: /ndn/dk-site/dk/svs_core/dk=1, 1741707190841
Received update: /ndn/lu-site/lu/svs_core/lu=1, 1741707197230
Received update: /ndn/ee-site/ee/svs_core/ee=1, 1741707197429
Received update: /ndn/ro-site/ro/svs_core/ro=1, 1741707197682
Received update: /ndn/by-site/by/svs_core/by=1, 1741707199666
Sending Sync interest
Sending Sync interest
Published sequence number: /ndn/ge-site/ge/svs_core/ge=2, 1741707203532
Sending Sync interest
Received update: /ndn/al-site/al/svs_core/al=2, 1741707208119
Received update: /ndn/be-site/be/svs_core/be=2, 1741707208119
Received update: /ndn/ie-site/ie/svs_core/ie=2, 1741707208119
Received update: /ndn/is-site/is/svs_core/is=2, 1741707208119
Received update: /ndn/it-site/it/svs_core/it=1, 1741707208119
Received update: /ndn/mt-site/mt/svs_core/mt=2, 1741707208119
Received update: /ndn/fi-site/fi/svs_core/fi=2, 1741707210786
Received update: /ndn/tr-site/tr/svs_core/tr=2, 1741707210786
Received update: /ndn/am-site/am/svs_core/am=2, 1741707210867
Received update: /ndn/pl-site/pl/svs_core/pl=2, 1741707211016
Sending Sync interest
Received update: /ndn/cy-site/cy/svs_core/cy=2, 1741707211508
Received update: /ndn/mk-site/mk/svs_core/mk=2, 1741707211508
Received update: /ndn/me-site/me/svs_core/me=2, 1741707212226
Received update: /ndn/il-site/il/svs_core/il=2, 1741707216587
Received update: /ndn/pt-site/pt/svs_core/pt=2, 1741707220834
Received update: /ndn/uk-site/uk/svs_core/uk=2, 1741707220834
Received update: /ndn/lv-site/lv/svs_core/lv=2, 1741707221509
Received update: /ndn/lt-site/lt/svs_core/lt=2, 1741707223017
Received update: /ndn/no-site/no/svs_core/no=2, 1741707223017
Received update: /ndn/se-site/se/svs_core/se=2, 1741707223017
Received update: /ndn/at-site/at/svs_core/at=2, 1741707224565
Received update: /ndn/ch-site/ch/svs_core/ch=2, 1741707224565
Received update: /ndn/md-site/md/svs_core/md=2, 1741707224565
Received update: /ndn/ua-site/ua/svs_core/ua=2, 1741707226509
Sending Sync interest
Received update: /ndn/bg-site/bg/svs_core/bg=2, 1741707226659
Received update: /ndn/de1-site/de1/svs_core/de1=2, 1741707226782
Received update: /ndn/rs-site/rs/svs_core/rs=2, 1741707226857
Received update: /ndn/cz-site/cz/svs_core/cz=2, 1741707230265
Received update: /ndn/sk-site/sk/svs_core/sk=2, 1741707230265
Received update: /ndn/hu-site/hu/svs_core/hu=2, 1741707233914
Received update: /ndn/de2-site/de2/svs_core/de2=2, 1741707233914
Received update: /ndn/fr2-site/fr2/svs_core/fr2=2, 1741707233914
Received update: /ndn/si-site/si/svs_core/si=2, 1741707234067
Received update: /ndn/fr1-site/fr1/svs_core/fr1=2, 1741707234122
Received update: /ndn/az-site/az/svs_core/az=2, 1741707234289
Published sequence number: /ndn/ge-site/ge/svs_core/ge=3, 1741707248534
Sending Sync interest
Max suppression time updated to: 96
Received update: /ndn/hr-site/hr/svs_core/hr=2, 1741707248690
Received update: /ndn/nl-site/nl/svs_core/nl=2, 1741707248690
Received update: /ndn/gr-site/gr/svs_core/gr=2, 1741707248866
Received update: /ndn/it-site/it/svs_core/it=2, 1741707248866
Received update: /ndn/lu-site/lu/svs_core/lu=2, 1741707248866
Received update: /ndn/ro-site/ro/svs_core/ro=2, 1741707248880
Received update: /ndn/es-site/es/svs_core/es=2, 1741707249221
Received update: /ndn/mt-site/mt/svs_core/mt=3, 1741707249221
Received update: /ndn/dk-site/dk/svs_core/dk=2, 1741707249254
Received update: /ndn/ee-site/ee/svs_core/ee=2, 1741707249254
Received update: /ndn/no-site/no/svs_core/no=3, 1741707249254
Sending Sync interest
Received update: /ndn/by-site/by/svs_core/by=2, 1741707249426
Sending Sync interest
Received update: /ndn/be-site/be/svs_core/be=3, 1741707253250
Received update: /ndn/ie-site/ie/svs_core/ie=3, 1741707253250
Received update: /ndn/is-site/is/svs_core/is=3, 1741707253250
Received update: /ndn/am-site/am/svs_core/am=3, 1741707254281
Received update: /ndn/pl-site/pl/svs_core/pl=3, 1741707254281
Received update: /ndn/fi-site/fi/svs_core/fi=3, 1741707255675
Received update: /ndn/se-site/se/svs_core/se=3, 1741707255675
Received update: /ndn/tr-site/tr/svs_core/tr=3, 1741707255752
Received update: /ndn/md-site/md/svs_core/md=3, 1741707267739
Received update: /ndn/mk-site/mk/svs_core/mk=3, 1741707267821
Received update: /ndn/at-site/at/svs_core/at=3, 1741707269565
Received update: /ndn/ch-site/ch/svs_core/ch=3, 1741707269565
Received update: /ndn/de1-site/de1/svs_core/de1=3, 1741707271526
Sending Sync interest
Received update: /ndn/bg-site/bg/svs_core/bg=3, 1741707271685
Received update: /ndn/rs-site/rs/svs_core/rs=3, 1741707271685
Received update: /ndn/ua-site/ua/svs_core/ua=3, 1741707271685
Sending Sync interest
Max suppression time updated to: 96
Received update: /ndn/me-site/me/svs_core/me=3, 1741707271872
Max suppression time updated to: 120
Received update: /ndn/al-site/al/svs_core/al=3, 1741707271964
Received update: /ndn/sk-site/sk/svs_core/sk=3, 1741707272031
Received update: /ndn/cy-site/cy/svs_core/cy=3, 1741707272273
Received update: /ndn/pt-site/pt/svs_core/pt=3, 1741707272273
Received update: /ndn/uk-site/uk/svs_core/uk=3, 1741707272273
Received update: /ndn/lv-site/lv/svs_core/lv=3, 1741707272310
Received update: /ndn/il-site/il/svs_core/il=3, 1741707272529
Received update: /ndn/gr-site/gr/svs_core/gr=3, 1741707273109
Received update: /ndn/es-site/es/svs_core/es=3, 1741707273842
Sending Sync interest
Received update: /ndn/cz-site/cz/svs_core/cz=3, 1741707275270
Received update: /ndn/hu-site/hu/svs_core/hu=3, 1741707277627
Received update: /ndn/de2-site/de2/svs_core/de2=3, 1741707277627
Received update: /ndn/nl-site/nl/svs_core/nl=3, 1741707280224
Received update: /ndn/fr1-site/fr1/svs_core/fr1=3, 1741707280331
Received update: /ndn/fr2-site/fr2/svs_core/fr2=3, 1741707280331
Received update: /ndn/it-site/it/svs_core/it=3, 1741707284548
Received update: /ndn/dk-site/dk/svs_core/dk=3, 1741707284646
Received update: /ndn/az-site/az/svs_core/az=3, 1741707284771
Received update: /ndn/lt-site/lt/svs_core/lt=3, 1741707285148
Received update: /ndn/si-site/si/svs_core/si=3, 1741707285148
Received update: /ndn/ro-site/ro/svs_core/ro=3, 1741707285194
Received update: /ndn/hr-site/hr/svs_core/hr=3, 1741707285548
Received update: /ndn/ie-site/ie/svs_core/ie=4, 1741707292301
Published sequence number: /ndn/ge-site/ge/svs_core/ge=4, 1741707293539
Sending Sync interest
Received update: /ndn/al-site/al/svs_core/al=4, 1741707296096
Received update: /ndn/lu-site/lu/svs_core/lu=3, 1741707296096
Received update: /ndn/mt-site/mt/svs_core/mt=4, 1741707296096
Sending Sync interest
Received update: /ndn/ee-site/ee/svs_core/ee=3, 1741707299283
Received update: /ndn/pl-site/pl/svs_core/pl=4, 1741707299283
Received update: /ndn/by-site/by/svs_core/by=3, 1741707299384
Received update: /ndn/is-site/is/svs_core/is=4, 1741707299736
Received update: /ndn/am-site/am/svs_core/am=4, 1741707299867
Received update: /ndn/tr-site/tr/svs_core/tr=4, 1741707300382
Received update: /ndn/be-site/be/svs_core/be=4, 1741707300382
Received update: /ndn/fi-site/fi/svs_core/fi=4, 1741707300676
Received update: /ndn/no-site/no/svs_core/no=4, 1741707300676
Received update: /ndn/se-site/se/svs_core/se=4, 1741707300676
Sending Sync interest
Received update: /ndn/ch-site/ch/svs_core/ch=4, 1741707311307
Received update: /ndn/gr-site/gr/svs_core/gr=4, 1741707311307
Received update: /ndn/pt-site/pt/svs_core/pt=4, 1741707311307
Received update: /ndn/uk-site/uk/svs_core/uk=4, 1741707311307
Received update: /ndn/bg-site/bg/svs_core/bg=4, 1741707312474
Received update: /ndn/me-site/me/svs_core/me=4, 1741707312474
Received update: /ndn/mk-site/mk/svs_core/mk=4, 1741707312474
Received update: /ndn/lv-site/lv/svs_core/lv=4, 1741707312622
Received update: /ndn/il-site/il/svs_core/il=4, 1741707312844
Received update: /ndn/md-site/md/svs_core/md=4, 1741707312844
Received update: /ndn/at-site/at/svs_core/at=4, 1741707318877
Received update: /ndn/es-site/es/svs_core/es=4, 1741707318877
Received update: /ndn/rs-site/rs/svs_core/rs=4, 1741707318877
Received update: /ndn/de1-site/de1/svs_core/de1=4, 1741707318877
Received update: /ndn/sk-site/sk/svs_core/sk=4, 1741707319086
Received update: /ndn/cz-site/cz/svs_core/cz=4, 1741707320271
Received update: /ndn/lt-site/lt/svs_core/lt=4, 1741707320271
Received update: /ndn/de2-site/de2/svs_core/de2=4, 1741707321084
Received update: /ndn/az-site/az/svs_core/az=4, 1741707323046
Received update: /ndn/hr-site/hr/svs_core/hr=4, 1741707323046
Received update: /ndn/si-site/si/svs_core/si=4, 1741707323046
Received update: /ndn/fr1-site/fr1/svs_core/fr1=4, 1741707323046
Received update: /ndn/hu-site/hu/svs_core/hu=4, 1741707323108
Received update: /ndn/ua-site/ua/svs_core/ua=4, 1741707323213
Received update: /ndn/nl-site/nl/svs_core/nl=4, 1741707325336
Received update: /ndn/dk-site/dk/svs_core/dk=4, 1741707325503
Received update: /ndn/ee-site/ee/svs_core/ee=4, 1741707331089
Received update: /ndn/by-site/by/svs_core/by=4, 1741707334674
Sending Sync interest
Received update: /ndn/it-site/it/svs_core/it=4, 1741707335104
Received update: /ndn/fr2-site/fr2/svs_core/fr2=4, 1741707335104
Received update: /ndn/lu-site/lu/svs_core/lu=4, 1741707335193
Received update: /ndn/ro-site/ro/svs_core/ro=4, 1741707335320
Published sequence number: /ndn/ge-site/ge/svs_core/ge=5, 1741707338545
Sending Sync interest
Received update: /ndn/pl-site/pl/svs_core/pl=5, 1741707344282
Sending Sync interest
Received update: /ndn/al-site/al/svs_core/al=5, 1741707345385
Received update: /ndn/ie-site/ie/svs_core/ie=5, 1741707345385
Received update: /ndn/is-site/is/svs_core/is=5, 1741707345385
Received update: /ndn/no-site/no/svs_core/no=5, 1741707345385
Received update: /ndn/tr-site/tr/svs_core/tr=5, 1741707345385
Sending Sync interest
Received update: /ndn/am-site/am/svs_core/am=5, 1741707346033
Received update: /ndn/be-site/be/svs_core/be=5, 1741707346033
Received update: /ndn/cy-site/cy/svs_core/cy=4, 1741707346033
Received update: /ndn/mt-site/mt/svs_core/mt=5, 1741707346136
Sending Sync interest
Received update: /ndn/fi-site/fi/svs_core/fi=5, 1741707346414
Received update: /ndn/se-site/se/svs_core/se=5, 1741707346414
Sending Sync interest
Received update: /ndn/il-site/il/svs_core/il=5, 1741707351600
Received update: /ndn/cy-site/cy/svs_core/cy=5, 1741707351751
Received update: /ndn/ch-site/ch/svs_core/ch=5, 1741707358043
Received update: /ndn/gr-site/gr/svs_core/gr=5, 1741707358043
Received update: /ndn/lt-site/lt/svs_core/lt=5, 1741707358043
Received update: /ndn/lv-site/lv/svs_core/lv=5, 1741707358043
Received update: /ndn/bg-site/bg/svs_core/bg=5, 1741707358130
Received update: /ndn/mk-site/mk/svs_core/mk=5, 1741707358130
Received update: /ndn/cz-site/cz/svs_core/cz=5, 1741707366211
Received update: /ndn/de2-site/de2/svs_core/de2=5, 1741707366211
Received update: /ndn/me-site/me/svs_core/me=5, 1741707366367
Received update: /ndn/rs-site/rs/svs_core/rs=5, 1741707366367
Received update: /ndn/de1-site/de1/svs_core/de1=5, 1741707366367
Received update: /ndn/at-site/at/svs_core/at=5, 1741707366451
Received update: /ndn/ua-site/ua/svs_core/ua=5, 1741707366451
Received update: /ndn/md-site/md/svs_core/md=5, 1741707366545
Received update: /ndn/sk-site/sk/svs_core/sk=5, 1741707366545
Received update: /ndn/az-site/az/svs_core/az=5, 1741707366644
Sending Sync interest
Received update: /ndn/si-site/si/svs_core/si=5, 1741707367533
Received update: /ndn/nl-site/nl/svs_core/nl=5, 1741707370232
Received update: /ndn/pt-site/pt/svs_core/pt=5, 1741707370232
Received update: /ndn/uk-site/uk/svs_core/uk=5, 1741707370232
Received update: /ndn/hu-site/hu/svs_core/hu=5, 1741707370326
Received update: /ndn/ee-site/ee/svs_core/ee=5, 1741707375976
Received update: /ndn/hr-site/hr/svs_core/hr=5, 1741707375976
Received update: /ndn/lu-site/lu/svs_core/lu=5, 1741707377316
Received update: /ndn/ro-site/ro/svs_core/ro=5, 1741707377316
Received update: /ndn/dk-site/dk/svs_core/dk=5, 1741707377834
Received update: /ndn/it-site/it/svs_core/it=5, 1741707382088
Received update: /ndn/mt-site/mt/svs_core/mt=6, 1741707382088
Sending Sync interest
Published sequence number: /ndn/ge-site/ge/svs_core/ge=6, 1741707383548
Sending Sync interest
Received update: /ndn/be-site/be/svs_core/be=6, 1741707387648
Received update: /ndn/es-site/es/svs_core/es=5, 1741707387648
Received update: /ndn/ie-site/ie/svs_core/ie=6, 1741707387648
Received update: /ndn/fr1-site/fr1/svs_core/fr1=5, 1741707387648
Received update: /ndn/fr2-site/fr2/svs_core/fr2=5, 1741707387648
Sending Sync interest
Received update: /ndn/al-site/al/svs_core/al=6, 1741707387798
Sending Sync interest
Received update: /ndn/fi-site/fi/svs_core/fi=6, 1741707388073
Received update: /ndn/am-site/am/svs_core/am=6, 1741707388514
Received update: /ndn/by-site/by/svs_core/by=5, 1741707388514
Received update: /ndn/pl-site/pl/svs_core/pl=6, 1741707389421
Received update: /ndn/cy-site/cy/svs_core/cy=6, 1741707390921
Received update: /ndn/is-site/is/svs_core/is=6, 1741707390921
Received update: /ndn/no-site/no/svs_core/no=6, 1741707390921
Received update: /ndn/me-site/me/svs_core/me=6, 1741707392460
Received update: /ndn/se-site/se/svs_core/se=6, 1741707392460
Received update: /ndn/tr-site/tr/svs_core/tr=6, 1741707392460
Received update: /ndn/il-site/il/svs_core/il=6, 1741707396599
Received update: /ndn/gr-site/gr/svs_core/gr=6, 1741707398309
Received update: /ndn/uk-site/uk/svs_core/uk=6, 1741707400079
Sending Sync interest
Received update: /ndn/pt-site/pt/svs_core/pt=6, 1741707400715
Sending Sync interest
Received update: /ndn/md-site/md/svs_core/md=6, 1741707402903
Received update: /ndn/bg-site/bg/svs_core/bg=6, 1741707402977
Received update: /ndn/mk-site/mk/svs_core/mk=6, 1741707402977
Received update: /ndn/at-site/at/svs_core/at=6, 1741707406523
Received update: /ndn/ch-site/ch/svs_core/ch=6, 1741707406523
Received update: /ndn/ua-site/ua/svs_core/ua=6, 1741707406523
Received update: /ndn/de1-site/de1/svs_core/de1=6, 1741707406531
Received update: /ndn/rs-site/rs/svs_core/rs=6, 1741707407362
Received update: /ndn/sk-site/sk/svs_core/sk=6, 1741707407362
Received update: /ndn/de2-site/de2/svs_core/de2=6, 1741707411091
Received update: /ndn/cz-site/cz/svs_core/cz=6, 1741707411238
Received update: /ndn/az-site/az/svs_core/az=6, 1741707412811
Received update: /ndn/es-site/es/svs_core/es=6, 1741707412811
Received update: /ndn/hr-site/hr/svs_core/hr=6, 1741707412811
Received update: /ndn/fr1-site/fr1/svs_core/fr1=6, 1741707412811
Received update: /ndn/nl-site/nl/svs_core/nl=6, 1741707415427
Received update: /ndn/hu-site/hu/svs_core/hu=6, 1741707415486
Received update: /ndn/si-site/si/svs_core/si=6, 1741707415486
Received update: /ndn/ro-site/ro/svs_core/ro=6, 1741707416465
Received update: /ndn/ee-site/ee/svs_core/ee=6, 1741707421095
Received update: /ndn/lt-site/lt/svs_core/lt=6, 1741707421095
Received update: /ndn/lv-site/lv/svs_core/lv=6, 1741707421095
Published sequence number: /ndn/ge-site/ge/svs_core/ge=7, 1741707428550
Sending Sync interest
Received update: /ndn/dk-site/dk/svs_core/dk=6, 1741707435684
Received update: /ndn/is-site/is/svs_core/is=7, 1741707435684
Received update: /ndn/se-site/se/svs_core/se=7, 1741707435684
Received update: /ndn/al-site/al/svs_core/al=7, 1741707436066
Received update: /ndn/it-site/it/svs_core/it=6, 1741707436066
Received update: /ndn/lu-site/lu/svs_core/lu=6, 1741707436066
Received update: /ndn/mt-site/mt/svs_core/mt=7, 1741707436066
Received update: /ndn/tr-site/tr/svs_core/tr=7, 1741707436066
Received update: /ndn/fr2-site/fr2/svs_core/fr2=6, 1741707436066
Received update: /ndn/mk-site/mk/svs_core/mk=7, 1741707436226
Received update: /ndn/be-site/be/svs_core/be=7, 1741707436403
Received update: /ndn/cy-site/cy/svs_core/cy=7, 1741707436403
Sending Sync interest
Received update: /ndn/by-site/by/svs_core/by=6, 1741707436564
Received update: /ndn/pl-site/pl/svs_core/pl=7, 1741707436564
Received update: /ndn/am-site/am/svs_core/am=7, 1741707436737
Received update: /ndn/me-site/me/svs_core/me=7, 1741707437307
Received update: /ndn/lv-site/lv/svs_core/lv=7, 1741707438047
Received update: /ndn/gr-site/gr/svs_core/gr=7, 1741707451536
Received update: /ndn/de1-site/de1/svs_core/de1=7, 1741707451536
Received update: /ndn/at-site/at/svs_core/at=7, 1741707451611
Received update: /ndn/ua-site/ua/svs_core/ua=7, 1741707451611
Received update: /ndn/il-site/il/svs_core/il=7, 1741707451695
Received update: /ndn/md-site/md/svs_core/md=7, 1741707451787
Received update: /ndn/ch-site/ch/svs_core/ch=7, 1741707451881
Received update: /ndn/no-site/no/svs_core/no=7, 1741707451917
Sending Sync interest
Received update: /ndn/fi-site/fi/svs_core/fi=7, 1741707452184
Received update: /ndn/sk-site/sk/svs_core/sk=7, 1741707452184
Received update: /ndn/uk-site/uk/svs_core/uk=7, 1741707452184
Received update: /ndn/hr-site/hr/svs_core/hr=7, 1741707456421
Received update: /ndn/ie-site/ie/svs_core/ie=7, 1741707456486
Received update: /ndn/pt-site/pt/svs_core/pt=7, 1741707456486
Received update: /ndn/de2-site/de2/svs_core/de2=7, 1741707456486
Received update: /ndn/hu-site/hu/svs_core/hu=7, 1741707457641
Received update: /ndn/bg-site/bg/svs_core/bg=7, 1741707458059
Received update: /ndn/fr1-site/fr1/svs_core/fr1=7, 1741707458059
Sending Sync interest
Received update: /ndn/cz-site/cz/svs_core/cz=7, 1741707460246
Received update: /ndn/es-site/es/svs_core/es=7, 1741707460246
Received update: /ndn/nl-site/nl/svs_core/nl=7, 1741707460246
Received update: /ndn/si-site/si/svs_core/si=7, 1741707460246
Received update: /ndn/fr2-site/fr2/svs_core/fr2=7, 1741707460246
Received update: /ndn/az-site/az/svs_core/az=7, 1741707460431
Received update: /ndn/dk-site/dk/svs_core/dk=7, 1741707467287
Received update: /ndn/lu-site/lu/svs_core/lu=7, 1741707467287
Received update: /ndn/by-site/by/svs_core/by=7, 1741707469802
Received update: /ndn/ro-site/ro/svs_core/ro=7, 1741707469802
Received update: /ndn/ie-site/ie/svs_core/ie=8, 1741707472137
Published sequence number: /ndn/ge-site/ge/svs_core/ge=8, 1741707473552
Sending Sync interest
Received update: /ndn/fi-site/fi/svs_core/fi=8, 1741707474440
Received update: /ndn/it-site/it/svs_core/it=7, 1741707474440
Received update: /ndn/no-site/no/svs_core/no=8, 1741707474440
Sending Sync interest
Received update: /ndn/ee-site/ee/svs_core/ee=7, 1741707474594
Received update: /ndn/lt-site/lt/svs_core/lt=7, 1741707474594
Sending Sync interest
Received update: /ndn/rs-site/rs/svs_core/rs=7, 1741707475072
Received update: /ndn/be-site/be/svs_core/be=8, 1741707479404
Received update: /ndn/pl-site/pl/svs_core/pl=8, 1741707479404
Received update: /ndn/is-site/is/svs_core/is=8, 1741707483173
Received update: /ndn/lv-site/lv/svs_core/lv=8, 1741707483173
Received update: /ndn/tr-site/tr/svs_core/tr=8, 1741707483221
Received update: /ndn/am-site/am/svs_core/am=8, 1741707483420
Received update: /ndn/mt-site/mt/svs_core/mt=8, 1741707483577
Received update: /ndn/mk-site/mk/svs_core/mk=8, 1741707483631
Received update: /ndn/al-site/al/svs_core/al=8, 1741707483737
Received update: /ndn/me-site/me/svs_core/me=8, 1741707485569
Received update: /ndn/se-site/se/svs_core/se=8, 1741707485626
Received update: /ndn/uk-site/uk/svs_core/uk=8, 1741707490085
Received update: /ndn/md-site/md/svs_core/md=8, 1741707492826
Received update: /ndn/at-site/at/svs_core/at=8, 1741707494583
Received update: /ndn/ch-site/ch/svs_core/ch=8, 1741707496629
Received update: /ndn/il-site/il/svs_core/il=8, 1741707496629
Received update: /ndn/ua-site/ua/svs_core/ua=8, 1741707496629
Received update: /ndn/de1-site/de1/svs_core/de1=8, 1741707496683
Received update: /ndn/cy-site/cy/svs_core/cy=8, 1741707496825
Received update: /ndn/gr-site/gr/svs_core/gr=8, 1741707496825
Received update: /ndn/pt-site/pt/svs_core/pt=8, 1741707496825
Received update: /ndn/bg-site/bg/svs_core/bg=8, 1741707496840
Received update: /ndn/rs-site/rs/svs_core/rs=8, 1741707496892
Received update: /ndn/sk-site/sk/svs_core/sk=8, 1741707497115
Received update: /ndn/es-site/es/svs_core/es=8, 1741707498853
Sending Sync interest
Received update: /ndn/lt-site/lt/svs_core/lt=8, 1741707499053
Sending Sync interest
Received update: /ndn/de2-site/de2/svs_core/de2=8, 1741707501099
Received update: /ndn/fr2-site/fr2/svs_core/fr2=8, 1741707503858
Received update: /ndn/hu-site/hu/svs_core/hu=8, 1741707503955
Received update: /ndn/si-site/si/svs_core/si=8, 1741707504030
Received update: /ndn/az-site/az/svs_core/az=8, 1741707504138
Received update: /ndn/hr-site/hr/svs_core/hr=8, 1741707504373
Received update: /ndn/nl-site/nl/svs_core/nl=8, 1741707505248
Received update: /ndn/cz-site/cz/svs_core/cz=8, 1741707506466
Received update: /ndn/ro-site/ro/svs_core/ro=8, 1741707506466
Received update: /ndn/dk-site/dk/svs_core/dk=8, 1741707511115
Received update: /ndn/ee-site/ee/svs_core/ee=8, 1741707511115
Received update: /ndn/lu-site/lu/svs_core/lu=8, 1741707512252
Published sequence number: /ndn/ge-site/ge/svs_core/ge=9, 1741707518558
Sending Sync interest
Received update: /ndn/tr-site/tr/svs_core/tr=9, 1741707525391
Received update: /ndn/be-site/be/svs_core/be=9, 1741707525588
Received update: /ndn/me-site/me/svs_core/me=9, 1741707527247
Received update: /ndn/by-site/by/svs_core/by=8, 1741707527346
Received update: /ndn/pl-site/pl/svs_core/pl=9, 1741707527346
Received update: /ndn/al-site/al/svs_core/al=9, 1741707527968
Received update: /ndn/am-site/am/svs_core/am=9, 1741707527968
Received update: /ndn/is-site/is/svs_core/is=9, 1741707527968
Received update: /ndn/it-site/it/svs_core/it=8, 1741707527968
Received update: /ndn/no-site/no/svs_core/no=9, 1741707527968
Received update: /ndn/se-site/se/svs_core/se=9, 1741707527968
Received update: /ndn/fr1-site/fr1/svs_core/fr1=8, 1741707527968
Received update: /ndn/il-site/il/svs_core/il=9, 1741707531614
Received update: /ndn/at-site/at/svs_core/at=9, 1741707539685
Received update: /ndn/lv-site/lv/svs_core/lv=9, 1741707539732
Received update: /ndn/ch-site/ch/svs_core/ch=9, 1741707539980
Received update: /ndn/cy-site/cy/svs_core/cy=9, 1741707539980
Received update: /ndn/uk-site/uk/svs_core/uk=9, 1741707539980
Received update: /ndn/gr-site/gr/svs_core/gr=9, 1741707540065
Received update: /ndn/mk-site/mk/svs_core/mk=9, 1741707540096
Received update: /ndn/lt-site/lt/svs_core/lt=9, 1741707540254
Received update: /ndn/md-site/md/svs_core/md=9, 1741707540469
Received update: /ndn/ua-site/ua/svs_core/ua=9, 1741707541534
Received update: /ndn/fi-site/fi/svs_core/fi=9, 1741707541724
Received update: /ndn/mt-site/mt/svs_core/mt=9, 1741707541724
Received update: /ndn/de1-site/de1/svs_core/de1=9, 1741707541724
Received update: /ndn/sk-site/sk/svs_core/sk=9, 1741707542043
Sending Sync interest
Received update: /ndn/bg-site/bg/svs_core/bg=9, 1741707542230
Received update: /ndn/rs-site/rs/svs_core/rs=9, 1741707542597
Received update: /ndn/de2-site/de2/svs_core/de2=9, 1741707546100
Received update: /ndn/hr-site/hr/svs_core/hr=9, 1741707546428
Sending Sync interest
Received update: /ndn/hu-site/hu/svs_core/hu=9, 1741707547645
Received update: /ndn/fr1-site/fr1/svs_core/fr1=9, 1741707547816
Received update: /ndn/az-site/az/svs_core/az=9, 1741707547824
Received update: /ndn/dk-site/dk/svs_core/dk=9, 1741707550608
Received update: /ndn/cz-site/cz/svs_core/cz=9, 1741707550676
Received update: /ndn/nl-site/nl/svs_core/nl=9, 1741707550687
Received update: /ndn/pt-site/pt/svs_core/pt=9, 1741707550793
Received update: /ndn/si-site/si/svs_core/si=9, 1741707550793
Received update: /ndn/es-site/es/svs_core/es=9, 1741707557366
Received update: /ndn/lu-site/lu/svs_core/lu=9, 1741707557366
Received update: /ndn/ro-site/ro/svs_core/ro=9, 1741707557366
Received update: /ndn/fr2-site/fr2/svs_core/fr2=9, 1741707557366
Received update: /ndn/by-site/by/svs_core/by=9, 1741707559769
Received update: /ndn/ee-site/ee/svs_core/ee=9, 1741707559774
Published sequence number: /ndn/ge-site/ge/svs_core/ge=10, 1741707563559
Sending Sync interest
Received update: /ndn/am-site/am/svs_core/am=10, 1741707568524
Sending Sync interest
Sending Sync interest
Received update: /ndn/it-site/it/svs_core/it=9, 1741707568955
Received update: /ndn/mt-site/mt/svs_core/mt=10, 1741707568955
Sending Sync interest
Received update: /ndn/pl-site/pl/svs_core/pl=10, 1741707569297
Sending Sync interest
Received update: /ndn/be-site/be/svs_core/be=10, 1741707569421
Received update: /ndn/ie-site/ie/svs_core/ie=9, 1741707569421
Received update: /ndn/al-site/al/svs_core/al=10, 1741707569488
Max suppression time updated to: 104
Max suppression time updated to: 104
Max suppression time updated to: 108
Received update: /ndn/is-site/is/svs_core/is=10, 1741707570294
Received update: /ndn/fi-site/fi/svs_core/fi=10, 1741707570623
Received update: /ndn/no-site/no/svs_core/no=10, 1741707570623
Received update: /ndn/cy-site/cy/svs_core/cy=10, 1741707571062
Received update: /ndn/ie-site/ie/svs_core/ie=10, 1741707571253
Received update: /ndn/me-site/me/svs_core/me=10, 1741707572304
Received update: /ndn/se-site/se/svs_core/se=10, 1741707572304
Received update: /ndn/mk-site/mk/svs_core/mk=10, 1741707572784
Received update: /ndn/tr-site/tr/svs_core/tr=10, 1741707572882
Received update: /ndn/gr-site/gr/svs_core/gr=10, 1741707578425
Received update: /ndn/il-site/il/svs_core/il=10, 1741707578425
Sending Sync interest
Received update: /ndn/uk-site/uk/svs_core/uk=10, 1741707580230
Received update: /ndn/bg-site/bg/svs_core/bg=10, 1741707580391
Received update: /ndn/ch-site/ch/svs_core/ch=10, 1741707581129
Sending Sync interest
Max suppression time updated to: 108
Received update: /ndn/lv-site/lv/svs_core/lv=10, 1741707581326
Received update: /ndn/at-site/at/svs_core/at=10, 1741707590390
Received update: /ndn/cz-site/cz/svs_core/cz=10, 1741707590390
Received update: /ndn/md-site/md/svs_core/md=10, 1741707590390
Received update: /ndn/pt-site/pt/svs_core/pt=10, 1741707590390
Received update: /ndn/rs-site/rs/svs_core/rs=10, 1741707590390
Received update: /ndn/de1-site/de1/svs_core/de1=10, 1741707590390
Received update: /ndn/sk-site/sk/svs_core/sk=10, 1741707591225
Received update: /ndn/de2-site/de2/svs_core/de2=10, 1741707591225
Received update: /ndn/az-site/az/svs_core/az=10, 1741707591656
Received update: /ndn/lt-site/lt/svs_core/lt=10, 1741707591656
Received update: /ndn/ua-site/ua/svs_core/ua=10, 1741707591656
Received update: /ndn/hr-site/hr/svs_core/hr=10, 1741707591790
Received update: /ndn/hu-site/hu/svs_core/hu=10, 1741707592648
Received update: /ndn/si-site/si/svs_core/si=10, 1741707592855
Received update: /ndn/es-site/es/svs_core/es=10, 1741707592908
Received update: /ndn/fr2-site/fr2/svs_core/fr2=10, 1741707593866
Received update: /ndn/dk-site/dk/svs_core/dk=10, 1741707601002
Received update: /ndn/ee-site/ee/svs_core/ee=10, 1741707601002
Received update: /ndn/nl-site/nl/svs_core/nl=10, 1741707601002
Received update: /ndn/it-site/it/svs_core/it=10, 1741707601193
Received update: /ndn/ro-site/ro/svs_core/ro=10, 1741707601193
Received update: /ndn/fr1-site/fr1/svs_core/fr1=10, 1741707601193
Published sequence number: /ndn/ge-site/ge/svs_core/ge=11, 1741707608566
Sending Sync interest
Received update: /ndn/al-site/al/svs_core/al=11, 1741707610984
Received update: /ndn/lu-site/lu/svs_core/lu=10, 1741707610984
Received update: /ndn/am-site/am/svs_core/am=11, 1741707613523
Received update: /ndn/mt-site/mt/svs_core/mt=11, 1741707613630
Received update: /ndn/fi-site/fi/svs_core/fi=11, 1741707613670
Received update: /ndn/no-site/no/svs_core/no=11, 1741707613670
Received update: /ndn/pl-site/pl/svs_core/pl=11, 1741707614303
Received update: /ndn/by-site/by/svs_core/by=10, 1741707614604
Received update: /ndn/is-site/is/svs_core/is=11, 1741707616315
Received update: /ndn/mk-site/mk/svs_core/mk=11, 1741707616315
Received update: /ndn/tr-site/tr/svs_core/tr=11, 1741707616315
Received update: /ndn/se-site/se/svs_core/se=11, 1741707616454
Received update: /ndn/bg-site/bg/svs_core/bg=11, 1741707619692
Received update: /ndn/me-site/me/svs_core/me=11, 1741707619786
Received update: /ndn/lv-site/lv/svs_core/lv=11, 1741707619990
Received update: /ndn/il-site/il/svs_core/il=11, 1741707621620
Received update: /ndn/ch-site/ch/svs_core/ch=11, 1741707626105
Received update: /ndn/md-site/md/svs_core/md=11, 1741707627859
Sending Sync interest
Received update: /ndn/gr-site/gr/svs_core/gr=11, 1741707628019
Max suppression time updated to: 112
Received update: /ndn/be-site/be/svs_core/be=11, 1741707628108
Received update: /ndn/cy-site/cy/svs_core/cy=11, 1741707628108
Received update: /ndn/ie-site/ie/svs_core/ie=11, 1741707628108
Received update: /ndn/pt-site/pt/svs_core/pt=11, 1741707628108
Received update: /ndn/uk-site/uk/svs_core/uk=11, 1741707628108
Received update: /ndn/at-site/at/svs_core/at=11, 1741707629773
Received update: /ndn/sk-site/sk/svs_core/sk=11, 1741707632046
Sending Sync interest
Received update: /ndn/lt-site/lt/svs_core/lt=11, 1741707632219
Received update: /ndn/de1-site/de1/svs_core/de1=11, 1741707632219
Received update: /ndn/cz-site/cz/svs_core/cz=11, 1741707635294
Received update: /ndn/az-site/az/svs_core/az=11, 1741707636657
Received update: /ndn/hr-site/hr/svs_core/hr=11, 1741707636669
Received update: /ndn/de2-site/de2/svs_core/de2=11, 1741707636669
Received update: /ndn/es-site/es/svs_core/es=11, 1741707637014
Received update: /ndn/si-site/si/svs_core/si=11, 1741707637711
Received update: /ndn/rs-site/rs/svs_core/rs=11, 1741707637944
Received update: /ndn/ua-site/ua/svs_core/ua=11, 1741707637944
Received update: /ndn/fr1-site/fr1/svs_core/fr1=11, 1741707638050
Received update: /ndn/hu-site/hu/svs_core/hu=11, 1741707638098
Received update: /ndn/dk-site/dk/svs_core/dk=11, 1741707640617
Received update: /ndn/nl-site/nl/svs_core/nl=11, 1741707640617
Received update: /ndn/ee-site/ee/svs_core/ee=11, 1741707646108
Received update: /ndn/it-site/it/svs_core/it=11, 1741707646108
Received update: /ndn/fr2-site/fr2/svs_core/fr2=11, 1741707646108
Received update: /ndn/ro-site/ro/svs_core/ro=11, 1741707646117
Received update: /ndn/by-site/by/svs_core/by=11, 1741707649809
Published sequence number: /ndn/ge-site/ge/svs_core/ge=12, 1741707653570
Sending Sync interest
Max suppression time updated to: 116
Received update: /ndn/lu-site/lu/svs_core/lu=11, 1741707653832
Received update: /ndn/al-site/al/svs_core/al=12, 1741707656043
Sending Sync interest
Received update: /ndn/be-site/be/svs_core/be=12, 1741707659309
Received update: /ndn/pl-site/pl/svs_core/pl=12, 1741707659309
Received update: /ndn/tr-site/tr/svs_core/tr=12, 1741707660406
Sending Sync interest
Sending Sync interest
Received update: /ndn/cy-site/cy/svs_core/cy=12, 1741707660977
Received update: /ndn/mk-site/mk/svs_core/mk=12, 1741707661238
Received update: /ndn/mt-site/mt/svs_core/mt=12, 1741707661431
Received update: /ndn/at-site/at/svs_core/at=12, 1741707676958
Received update: /ndn/ch-site/ch/svs_core/ch=12, 1741707676958
Received update: /ndn/fi-site/fi/svs_core/fi=12, 1741707676958
Received update: /ndn/gr-site/gr/svs_core/gr=12, 1741707676958
Received update: /ndn/is-site/is/svs_core/is=12, 1741707676958
Received update: /ndn/no-site/no/svs_core/no=12, 1741707676958
Received update: /ndn/pt-site/pt/svs_core/pt=12, 1741707676958
Received update: /ndn/se-site/se/svs_core/se=12, 1741707676958
Received update: /ndn/de1-site/de1/svs_core/de1=12, 1741707676958
Received update: /ndn/md-site/md/svs_core/md=12, 1741707677065
Received update: /ndn/il-site/il/svs_core/il=12, 1741707677128
Received update: /ndn/me-site/me/svs_core/me=12, 1741707677132
Received update: /ndn/bg-site/bg/svs_core/bg=12, 1741707677248
Received update: /ndn/ua-site/ua/svs_core/ua=12, 1741707677248
Received update: /ndn/sk-site/sk/svs_core/sk=12, 1741707677254
Received update: /ndn/ie-site/ie/svs_core/ie=12, 1741707677330
Received update: /ndn/uk-site/uk/svs_core/uk=12, 1741707677330
Received update: /ndn/rs-site/rs/svs_core/rs=12, 1741707677445
Received update: /ndn/am-site/am/svs_core/am=12, 1741707677512
Received update: /ndn/es-site/es/svs_core/es=12, 1741707681112
Received update: /ndn/de2-site/de2/svs_core/de2=12, 1741707681112
Received update: /ndn/lt-site/lt/svs_core/lt=12, 1741707681265
Received update: /ndn/lv-site/lv/svs_core/lv=12, 1741707681265
Received update: /ndn/az-site/az/svs_core/az=12, 1741707681659
Received update: /ndn/hr-site/hr/svs_core/hr=12, 1741707681775
Received update: /ndn/hu-site/hu/svs_core/hu=12, 1741707682651
Received update: /ndn/si-site/si/svs_core/si=12, 1741707682651
Received update: /ndn/cz-site/cz/svs_core/cz=12, 1741707682772
Received update: /ndn/ee-site/ee/svs_core/ee=12, 1741707692579
Received update: /ndn/lu-site/lu/svs_core/lu=12, 1741707692579
Received update: /ndn/nl-site/nl/svs_core/nl=12, 1741707692579
Received update: /ndn/ro-site/ro/svs_core/ro=12, 1741707692715
Received update: /ndn/it-site/it/svs_core/it=12, 1741707692901
Received update: /ndn/fr1-site/fr1/svs_core/fr1=12, 1741707692901
Received update: /ndn/fr2-site/fr2/svs_core/fr2=12, 1741707692901
Received update: /ndn/by-site/by/svs_core/by=12, 1741707694696
Published sequence number: /ndn/ge-site/ge/svs_core/ge=13, 1741707698571
Received update: /ndn/be-site/be/svs_core/be=13, 1741707702629
Sending Sync interest
Received update: /ndn/am-site/am/svs_core/am=13, 1741707705408
Received update: /ndn/pl-site/pl/svs_core/pl=13, 1741707705408
Received update: /ndn/tr-site/tr/svs_core/tr=13, 1741707705408
Sending Sync interest
Max suppression time updated to: 116
Received update: /ndn/ie-site/ie/svs_core/ie=13, 1741707705609
Received update: /ndn/dk-site/dk/svs_core/dk=12, 1741707705695
Received update: /ndn/fi-site/fi/svs_core/fi=13, 1741707705695
Received update: /ndn/se-site/se/svs_core/se=13, 1741707705695
Received update: /ndn/is-site/is/svs_core/is=13, 1741707705806
Received update: /ndn/cy-site/cy/svs_core/cy=13, 1741707715458
Received update: /ndn/me-site/me/svs_core/me=13, 1741707715458
Received update: /ndn/mk-site/mk/svs_core/mk=13, 1741707715458
Received update: /ndn/uk-site/uk/svs_core/uk=13, 1741707715458
Received update: /ndn/il-site/il/svs_core/il=13, 1741707715651
Received update: /ndn/bg-site/bg/svs_core/bg=13, 1741707715857
Received update: /ndn/al-site/al/svs_core/al=13, 1741707715949
Received update: /ndn/gr-site/gr/svs_core/gr=13, 1741707715949
Received update: /ndn/mt-site/mt/svs_core/mt=13, 1741707715949
Received update: /ndn/pt-site/pt/svs_core/pt=13, 1741707715949
Received update: /ndn/ch-site/ch/svs_core/ch=13, 1741707716709
Received update: /ndn/de1-site/de1/svs_core/de1=13, 1741707721575
Received update: /ndn/lv-site/lv/svs_core/lv=13, 1741707722387
Received update: /ndn/sk-site/sk/svs_core/sk=13, 1741707722387
Received update: /ndn/at-site/at/svs_core/at=13, 1741707722556
Received update: /ndn/ua-site/ua/svs_core/ua=13, 1741707722724
Received update: /ndn/no-site/no/svs_core/no=13, 1741707722862
Received update: /ndn/es-site/es/svs_core/es=13, 1741707724040
Received update: /ndn/cz-site/cz/svs_core/cz=13, 1741707726116
Received update: /ndn/md-site/md/svs_core/md=13, 1741707726116
Received update: /ndn/de2-site/de2/svs_core/de2=13, 1741707726116
Received update: /ndn/lt-site/lt/svs_core/lt=13, 1741707728921
Received update: /ndn/rs-site/rs/svs_core/rs=13, 1741707728921
Received update: /ndn/fr1-site/fr1/svs_core/fr1=13, 1741707728921
Received update: /ndn/fr2-site/fr2/svs_core/fr2=13, 1741707728921
Received update: /ndn/hu-site/hu/svs_core/hu=13, 1741707731597
Received update: /ndn/ro-site/ro/svs_core/ro=13, 1741707731597
Received update: /ndn/si-site/si/svs_core/si=13, 1741707731597
Received update: /ndn/nl-site/nl/svs_core/nl=13, 1741707731685
Received update: /ndn/it-site/it/svs_core/it=13, 1741707734586
Sending Sync interest
Received update: /ndn/az-site/az/svs_core/az=13, 1741707734711
Published sequence number: /ndn/ge-site/ge/svs_core/ge=14, 1741707743575
Sending Sync interest
Received update: /ndn/al-site/al/svs_core/al=14, 1741707745824
Sending Sync interest
Received update: /ndn/by-site/by/svs_core/by=13, 1741707746218
Received update: /ndn/ee-site/ee/svs_core/ee=13, 1741707746218
Received update: /ndn/lu-site/lu/svs_core/lu=13, 1741707746218
Sending Sync interest
Received update: /ndn/am-site/am/svs_core/am=14, 1741707748531
Sending Sync interest
Received update: /ndn/dk-site/dk/svs_core/dk=13, 1741707749559
Received update: /ndn/fi-site/fi/svs_core/fi=14, 1741707749559
Received update: /ndn/hr-site/hr/svs_core/hr=13, 1741707749559
Received update: /ndn/no-site/no/svs_core/no=14, 1741707749559
Received update: /ndn/pl-site/pl/svs_core/pl=14, 1741707749559
Received update: /ndn/is-site/is/svs_core/is=14, 1741707749643
Received update: /ndn/be-site/be/svs_core/be=14, 1741707749821
Sending Sync interest
Received update: /ndn/ie-site/ie/svs_core/ie=14, 1741707750410
Received update: /ndn/tr-site/tr/svs_core/tr=14, 1741707750410
Received update: /ndn/se-site/se/svs_core/se=14, 1741707750898
Received update: /ndn/bg-site/bg/svs_core/bg=14, 1741707754671
Received update: /ndn/mk-site/mk/svs_core/mk=14, 1741707754671
Received update: /ndn/lv-site/lv/svs_core/lv=14, 1741707754750
Received update: /ndn/mt-site/mt/svs_core/mt=14, 1741707754844
Received update: /ndn/ch-site/ch/svs_core/ch=14, 1741707761124
Received update: /ndn/il-site/il/svs_core/il=14, 1741707761511
Received update: /ndn/me-site/me/svs_core/me=14, 1741707761511
Received update: /ndn/cy-site/cy/svs_core/cy=14, 1741707761720
Received update: /ndn/uk-site/uk/svs_core/uk=14, 1741707761720
Received update: /ndn/at-site/at/svs_core/at=14, 1741707764613
Received update: /ndn/cz-site/cz/svs_core/cz=14, 1741707770312
Received update: /ndn/lt-site/lt/svs_core/lt=14, 1741707770312
Received update: /ndn/ua-site/ua/svs_core/ua=14, 1741707770312
Received update: /ndn/de1-site/de1/svs_core/de1=14, 1741707770312
Received update: /ndn/es-site/es/svs_core/es=14, 1741707770516
Received update: /ndn/rs-site/rs/svs_core/rs=14, 1741707771115
Received update: /ndn/sk-site/sk/svs_core/sk=14, 1741707771115
Received update: /ndn/de2-site/de2/svs_core/de2=14, 1741707771115
Received update: /ndn/az-site/az/svs_core/az=14, 1741707771662
Received update: /ndn/gr-site/gr/svs_core/gr=14, 1741707771831
Received update: /ndn/hu-site/hu/svs_core/hu=14, 1741707773099
Received update: /ndn/md-site/md/svs_core/md=14, 1741707773099
Received update: /ndn/nl-site/nl/svs_core/nl=14, 1741707775298
Received update: /ndn/fr1-site/fr1/svs_core/fr1=14, 1741707775298
Received update: /ndn/fr2-site/fr2/svs_core/fr2=14, 1741707775298
Received update: /ndn/hr-site/hr/svs_core/hr=14, 1741707775416
Received update: /ndn/si-site/si/svs_core/si=14, 1741707775697
Published sequence number: /ndn/ge-site/ge/svs_core/ge=15, 1741707788581
Sending Sync interest
Received update: /ndn/tr-site/tr/svs_core/tr=15, 1741707795415
Sending Sync interest
Received update: /ndn/by-site/by/svs_core/by=14, 1741707795680
Received update: /ndn/it-site/it/svs_core/it=14, 1741707795680
Received update: /ndn/pl-site/pl/svs_core/pl=15, 1741707795680
Received update: /ndn/ro-site/ro/svs_core/ro=14, 1741707795718
Received update: /ndn/am-site/am/svs_core/am=15, 1741707795912
Received update: /ndn/dk-site/dk/svs_core/dk=14, 1741707795948
Received update: /ndn/no-site/no/svs_core/no=15, 1741707795948
Received update: /ndn/se-site/se/svs_core/se=15, 1741707795948
Received update: /ndn/be-site/be/svs_core/be=15, 1741707795952
Received update: /ndn/ie-site/ie/svs_core/ie=15, 1741707795952
Received update: /ndn/lu-site/lu/svs_core/lu=14, 1741707795952
Received update: /ndn/pt-site/pt/svs_core/pt=14, 1741707795952
Received update: /ndn/fi-site/fi/svs_core/fi=15, 1741707796128
Received update: /ndn/is-site/is/svs_core/is=15, 1741707796327
Received update: /ndn/mk-site/mk/svs_core/mk=15, 1741707796327
Received update: /ndn/al-site/al/svs_core/al=15, 1741707796889
Received update: /ndn/cy-site/cy/svs_core/cy=15, 1741707796889
Received update: /ndn/ee-site/ee/svs_core/ee=14, 1741707796889
Received update: /ndn/il-site/il/svs_core/il=15, 1741707801814
Received update: /ndn/mt-site/mt/svs_core/mt=15, 1741707801814
Received update: /ndn/uk-site/uk/svs_core/uk=15, 1741707805245
Received update: /ndn/bg-site/bg/svs_core/bg=15, 1741707805653
Received update: /ndn/gr-site/gr/svs_core/gr=15, 1741707805653
Received update: /ndn/md-site/md/svs_core/md=15, 1741707807902
Received update: /ndn/lv-site/lv/svs_core/lv=15, 1741707807912
Received update: /ndn/ch-site/ch/svs_core/ch=15, 1741707807955
Received update: /ndn/pt-site/pt/svs_core/pt=15, 1741707807995
Received update: /ndn/at-site/at/svs_core/at=15, 1741707811700
Received update: /ndn/lt-site/lt/svs_core/lt=15, 1741707811700
Received update: /ndn/de1-site/de1/svs_core/de1=15, 1741707811700
Received update: /ndn/ua-site/ua/svs_core/ua=15, 1741707811801
Received update: /ndn/rs-site/rs/svs_core/rs=15, 1741707811845
Received update: /ndn/sk-site/sk/svs_core/sk=15, 1741707812179
Received update: /ndn/es-site/es/svs_core/es=15, 1741707814012
Received update: /ndn/de2-site/de2/svs_core/de2=15, 1741707816122
Received update: /ndn/az-site/az/svs_core/az=15, 1741707816668
Received update: /ndn/hu-site/hu/svs_core/hu=15, 1741707817663
Received update: /ndn/me-site/me/svs_core/me=15, 1741707817663
Received update: /ndn/hr-site/hr/svs_core/hr=15, 1741707818010
Received update: /ndn/si-site/si/svs_core/si=15, 1741707818010
Received update: /ndn/nl-site/nl/svs_core/nl=15, 1741707820401
Received update: /ndn/ee-site/ee/svs_core/ee=15, 1741707826014
Received update: /ndn/lu-site/lu/svs_core/lu=15, 1741707827303
Received update: /ndn/dk-site/dk/svs_core/dk=15, 1741707827381
Received update: /ndn/it-site/it/svs_core/it=15, 1741707827581
Published sequence number: /ndn/ge-site/ge/svs_core/ge=16, 1741707833584
Sending Sync interest
Received update: /ndn/am-site/am/svs_core/am=16, 1741707838537
Received update: /ndn/fr1-site/fr1/svs_core/fr1=15, 1741707838669
Received update: /ndn/fr2-site/fr2/svs_core/fr2=15, 1741707838782
Received update: /ndn/be-site/be/svs_core/be=16, 1741707838843
Received update: /ndn/ie-site/ie/svs_core/ie=16, 1741707838843
Received update: /ndn/is-site/is/svs_core/is=16, 1741707838843
Received update: /ndn/by-site/by/svs_core/by=15, 1741707838971
Received update: /ndn/ro-site/ro/svs_core/ro=15, 1741707838971
Sending Sync interest
Received update: /ndn/mk-site/mk/svs_core/mk=16, 1741707841138
Received update: /ndn/al-site/al/svs_core/al=16, 1741707841237
Received update: /ndn/mt-site/mt/svs_core/mt=16, 1741707841237
Received update: /ndn/pl-site/pl/svs_core/pl=16, 1741707841268
Received update: /ndn/fi-site/fi/svs_core/fi=16, 1741707841354
Received update: /ndn/no-site/no/svs_core/no=16, 1741707841354
Received update: /ndn/se-site/se/svs_core/se=16, 1741707841354
Received update: /ndn/tr-site/tr/svs_core/tr=16, 1741707841532
Received update: /ndn/il-site/il/svs_core/il=16, 1741707846737
Received update: /ndn/me-site/me/svs_core/me=16, 1741707846871
Received update: /ndn/cy-site/cy/svs_core/cy=16, 1741707847082
Received update: /ndn/cz-site/cz/svs_core/cz=15, 1741707847809
Received update: /ndn/at-site/at/svs_core/at=16, 1741707854620
Received update: /ndn/az-site/az/svs_core/az=16, 1741707861673
Received update: /ndn/ch-site/ch/svs_core/ch=16, 1741707861673
Received update: /ndn/cz-site/cz/svs_core/cz=16, 1741707861673
Received update: /ndn/gr-site/gr/svs_core/gr=16, 1741707861673
Received update: /ndn/uk-site/uk/svs_core/uk=16, 1741707861673
Received update: /ndn/de1-site/de1/svs_core/de1=16, 1741707861673
Received update: /ndn/de2-site/de2/svs_core/de2=16, 1741707861673
Received update: /ndn/hr-site/hr/svs_core/hr=16, 1741707862843
Received update: /ndn/pt-site/pt/svs_core/pt=16, 1741707862843
Received update: /ndn/rs-site/rs/svs_core/rs=16, 1741707862843
Received update: /ndn/sk-site/sk/svs_core/sk=16, 1741707862843
Received update: /ndn/ua-site/ua/svs_core/ua=16, 1741707862843
Received update: /ndn/fr1-site/fr1/svs_core/fr1=16, 1741707862843
Received update: /ndn/hu-site/hu/svs_core/hu=16, 1741707862952
Received update: /ndn/es-site/es/svs_core/es=16, 1741707863011
Received update: /ndn/it-site/it/svs_core/it=16, 1741707869590
Received update: /ndn/ee-site/ee/svs_core/ee=16, 1741707871041
Sending Sync interest
Received update: /ndn/bg-site/bg/svs_core/bg=16, 1741707871273
Max suppression time updated to: 120
Received update: /ndn/dk-site/dk/svs_core/dk=16, 1741707871323
Received update: /ndn/nl-site/nl/svs_core/nl=16, 1741707871323
Received update: /ndn/fr2-site/fr2/svs_core/fr2=16, 1741707871394
Received update: /ndn/lu-site/lu/svs_core/lu=16, 1741707872280
Sending Sync interest
Stopping SVS client: /ndn/ge-site/ge/svs_core/ge
