SVS client starting: /ndn/by-site/by/svs_core/by
Sending Sync interest
Received update: /ndn/az-site/az/svs_core/az=1, 1741669765037
Received update: /ndn/ro-site/ro/svs_core/ro=1, 1741669765264
Received update: /ndn/al-site/al/svs_core/al=1, 1741669768689
Received update: /ndn/mt-site/mt/svs_core/mt=1, 1741669768689
Received update: /ndn/dk-site/dk/svs_core/dk=1, 1741669771243
Received update: /ndn/uk-site/uk/svs_core/uk=1, 1741669771243
Received update: /ndn/lt-site/lt/svs_core/lt=1, 1741669771489
Received update: /ndn/ch-site/ch/svs_core/ch=1, 1741669775517
Received update: /ndn/it-site/it/svs_core/it=1, 1741669778081
Received update: /ndn/de2-site/de2/svs_core/de2=1, 1741669778081
Received update: /ndn/nl-site/nl/svs_core/nl=1, 1741669782275
Received update: /ndn/fr2-site/fr2/svs_core/fr2=1, 1741669782275
Received update: /ndn/se-site/se/svs_core/se=1, 1741669784197
Received update: /ndn/tr-site/tr/svs_core/tr=1, 1741669784197
Received update: /ndn/bg-site/bg/svs_core/bg=1, 1741669784306
Received update: /ndn/ee-site/ee/svs_core/ee=1, 1741669789494
Received update: /ndn/es-site/es/svs_core/es=1, 1741669789494
Received update: /ndn/ge-site/ge/svs_core/ge=1, 1741669789494
Received update: /ndn/hr-site/hr/svs_core/hr=1, 1741669793683
Received update: /ndn/ie-site/ie/svs_core/ie=1, 1741669794013
Received update: /ndn/me-site/me/svs_core/me=1, 1741669794070
Received update: /ndn/cy-site/cy/svs_core/cy=1, 1741669794236
Received update: /ndn/fi-site/fi/svs_core/fi=1, 1741669794237
Published sequence number: /ndn/by-site/by/svs_core/by=1, 1741669798628
Sending Sync interest
Received update: /ndn/cz-site/cz/svs_core/cz=1, 1741669798796
Received update: /ndn/hu-site/hu/svs_core/hu=1, 1741669798796
Received update: /ndn/lv-site/lv/svs_core/lv=1, 1741669798947
Received update: /ndn/mk-site/mk/svs_core/mk=1, 1741669799191
Received update: /ndn/si-site/si/svs_core/si=1, 1741669800795
Received update: /ndn/sk-site/sk/svs_core/sk=1, 1741669801022
Received update: /ndn/no-site/no/svs_core/no=1, 1741669801032
Received update: /ndn/pl-site/pl/svs_core/pl=1, 1741669801383
Received update: /ndn/gr-site/gr/svs_core/gr=1, 1741669802123
Received update: /ndn/il-site/il/svs_core/il=1, 1741669802123
Received update: /ndn/md-site/md/svs_core/md=1, 1741669802123
Received update: /ndn/be-site/be/svs_core/be=1, 1741669804711
Received update: /ndn/de1-site/de1/svs_core/de1=1, 1741669804711
Received update: /ndn/fr1-site/fr1/svs_core/fr1=1, 1741669804711
Received update: /ndn/is-site/is/svs_core/is=1, 1741669805069
Received update: /ndn/az-site/az/svs_core/az=2, 1741669810261
Received update: /ndn/lu-site/lu/svs_core/lu=1, 1741669810261
Received update: /ndn/am-site/am/svs_core/am=1, 1741669810841
Received update: /ndn/at-site/at/svs_core/at=1, 1741669810841
Received update: /ndn/pt-site/pt/svs_core/pt=1, 1741669810841
Received update: /ndn/ro-site/ro/svs_core/ro=2, 1741669810841
Received update: /ndn/rs-site/rs/svs_core/rs=1, 1741669810841
Received update: /ndn/uk-site/uk/svs_core/uk=2, 1741669810841
Received update: /ndn/al-site/al/svs_core/al=2, 1741669829859
Received update: /ndn/bg-site/bg/svs_core/bg=2, 1741669829859
Received update: /ndn/ch-site/ch/svs_core/ch=2, 1741669829859
Received update: /ndn/dk-site/dk/svs_core/dk=2, 1741669829859
Received update: /ndn/ee-site/ee/svs_core/ee=2, 1741669829859
Received update: /ndn/it-site/it/svs_core/it=2, 1741669829859
Received update: /ndn/lt-site/lt/svs_core/lt=2, 1741669829859
Received update: /ndn/mt-site/mt/svs_core/mt=2, 1741669829859
Received update: /ndn/nl-site/nl/svs_core/nl=2, 1741669829859
Received update: /ndn/se-site/se/svs_core/se=2, 1741669829859
Received update: /ndn/tr-site/tr/svs_core/tr=2, 1741669829859
Received update: /ndn/ua-site/ua/svs_core/ua=1, 1741669829859
Received update: /ndn/de2-site/de2/svs_core/de2=2, 1741669829859
Received update: /ndn/fr2-site/fr2/svs_core/fr2=2, 1741669829859
Received update: /ndn/ge-site/ge/svs_core/ge=2, 1741669834045
Received update: /ndn/cz-site/cz/svs_core/cz=2, 1741669840508
Received update: /ndn/hr-site/hr/svs_core/hr=2, 1741669840508
Received update: /ndn/me-site/me/svs_core/me=2, 1741669840508
Received update: /ndn/mk-site/mk/svs_core/mk=2, 1741669840770
Received update: /ndn/hu-site/hu/svs_core/hu=2, 1741669840995
Received update: /ndn/sk-site/sk/svs_core/sk=2, 1741669840995
Received update: /ndn/fi-site/fi/svs_core/fi=2, 1741669841234
Received update: /ndn/cy-site/cy/svs_core/cy=2, 1741669841376
Published sequence number: /ndn/by-site/by/svs_core/by=2, 1741669843629
Sending Sync interest
Received update: /ndn/es-site/es/svs_core/es=2, 1741669843861
Received update: /ndn/ie-site/ie/svs_core/ie=2, 1741669843861
Received update: /ndn/il-site/il/svs_core/il=2, 1741669845923
Received update: /ndn/md-site/md/svs_core/md=2, 1741669846375
Received update: /ndn/pl-site/pl/svs_core/pl=2, 1741669846375
Received update: /ndn/lv-site/lv/svs_core/lv=2, 1741669846489
Received update: /ndn/si-site/si/svs_core/si=2, 1741669846659
Received update: /ndn/gr-site/gr/svs_core/gr=2, 1741669849716
Received update: /ndn/no-site/no/svs_core/no=2, 1741669849716
Received update: /ndn/de1-site/de1/svs_core/de1=2, 1741669849716
Received update: /ndn/is-site/is/svs_core/is=2, 1741669850541
Received update: /ndn/rs-site/rs/svs_core/rs=2, 1741669850744
Received update: /ndn/be-site/be/svs_core/be=2, 1741669850940
Received update: /ndn/at-site/at/svs_core/at=2, 1741669851008
Received update: /ndn/am-site/am/svs_core/am=2, 1741669854492
Received update: /ndn/lu-site/lu/svs_core/lu=2, 1741669854492
Received update: /ndn/uk-site/uk/svs_core/uk=3, 1741669854492
Received update: /ndn/az-site/az/svs_core/az=3, 1741669855741
Received update: /ndn/mt-site/mt/svs_core/mt=3, 1741669855741
Received update: /ndn/pt-site/pt/svs_core/pt=2, 1741669855741
Received update: /ndn/ua-site/ua/svs_core/ua=2, 1741669855741
Received update: /ndn/ch-site/ch/svs_core/ch=3, 1741669865526
Received update: /ndn/lt-site/lt/svs_core/lt=3, 1741669865798
Received update: /ndn/fr1-site/fr1/svs_core/fr1=2, 1741669866281
Received update: /ndn/fr2-site/fr2/svs_core/fr2=3, 1741669866281
Received update: /ndn/dk-site/dk/svs_core/dk=3, 1741669866528
Received update: /ndn/ro-site/ro/svs_core/ro=3, 1741669866956
Received update: /ndn/bg-site/bg/svs_core/bg=3, 1741669884981
Received update: /ndn/me-site/me/svs_core/me=3, 1741669884981
Received update: /ndn/mk-site/mk/svs_core/mk=3, 1741669884981
Received update: /ndn/tr-site/tr/svs_core/tr=3, 1741669884981
Received update: /ndn/de2-site/de2/svs_core/de2=3, 1741669884981
Received update: /ndn/hr-site/hr/svs_core/hr=3, 1741669885113
Received update: /ndn/ee-site/ee/svs_core/ee=3, 1741669885401
Received update: /ndn/nl-site/nl/svs_core/nl=3, 1741669885401
Received update: /ndn/se-site/se/svs_core/se=3, 1741669885401
Received update: /ndn/es-site/es/svs_core/es=3, 1741669885555
Received update: /ndn/hu-site/hu/svs_core/hu=3, 1741669885555
Received update: /ndn/al-site/al/svs_core/al=3, 1741669885629
Received update: /ndn/cz-site/cz/svs_core/cz=3, 1741669885629
Received update: /ndn/ge-site/ge/svs_core/ge=3, 1741669885629
Received update: /ndn/it-site/it/svs_core/it=3, 1741669885629
Received update: /ndn/cy-site/cy/svs_core/cy=3, 1741669886055
Received update: /ndn/ie-site/ie/svs_core/ie=3, 1741669886055
Received update: /ndn/fi-site/fi/svs_core/fi=3, 1741669886705
Received update: /ndn/sk-site/sk/svs_core/sk=3, 1741669886705
Published sequence number: /ndn/by-site/by/svs_core/by=3, 1741669888632
Sending Sync interest
Received update: /ndn/no-site/no/svs_core/no=3, 1741669889665
Sending Sync interest
Received update: /ndn/si-site/si/svs_core/si=3, 1741669890814
Sending Sync interest
Received update: /ndn/md-site/md/svs_core/md=3, 1741669891230
Received update: /ndn/pl-site/pl/svs_core/pl=3, 1741669891379
Received update: /ndn/il-site/il/svs_core/il=3, 1741669893897
Received update: /ndn/fr1-site/fr1/svs_core/fr1=3, 1741669893897
Received update: /ndn/gr-site/gr/svs_core/gr=3, 1741669894262
Received update: /ndn/lv-site/lv/svs_core/lv=3, 1741669894262
Received update: /ndn/at-site/at/svs_core/at=3, 1741669896216
Received update: /ndn/be-site/be/svs_core/be=3, 1741669896216
Received update: /ndn/de1-site/de1/svs_core/de1=3, 1741669896216
Received update: /ndn/ua-site/ua/svs_core/ua=3, 1741669898943
Received update: /ndn/am-site/am/svs_core/am=3, 1741669899439
Received update: /ndn/lu-site/lu/svs_core/lu=3, 1741669899439
Received update: /ndn/az-site/az/svs_core/az=4, 1741669900270
Received update: /ndn/ro-site/ro/svs_core/ro=4, 1741669900270
Received update: /ndn/rs-site/rs/svs_core/rs=3, 1741669900270
Received update: /ndn/pt-site/pt/svs_core/pt=3, 1741669900478
Received update: /ndn/uk-site/uk/svs_core/uk=4, 1741669900478
Received update: /ndn/is-site/is/svs_core/is=3, 1741669900925
Received update: /ndn/ch-site/ch/svs_core/ch=4, 1741669912842
Received update: /ndn/de2-site/de2/svs_core/de2=4, 1741669912842
Received update: /ndn/fr2-site/fr2/svs_core/fr2=4, 1741669912842
Received update: /ndn/dk-site/dk/svs_core/dk=4, 1741669918498
Received update: /ndn/nl-site/nl/svs_core/nl=4, 1741669918498
Received update: /ndn/se-site/se/svs_core/se=4, 1741669918498
Sending Sync interest
Received update: /ndn/al-site/al/svs_core/al=4, 1741669918772
Received update: /ndn/it-site/it/svs_core/it=4, 1741669918772
Received update: /ndn/mt-site/mt/svs_core/mt=4, 1741669918772
Received update: /ndn/lt-site/lt/svs_core/lt=4, 1741669918810
Received update: /ndn/tr-site/tr/svs_core/tr=4, 1741669919213
Received update: /ndn/ee-site/ee/svs_core/ee=4, 1741669919470
Received update: /ndn/es-site/es/svs_core/es=4, 1741669927816
Received update: /ndn/ge-site/ge/svs_core/ge=4, 1741669927816
Received update: /ndn/me-site/me/svs_core/me=4, 1741669927816
Received update: /ndn/bg-site/bg/svs_core/bg=4, 1741669927991
Received update: /ndn/cy-site/cy/svs_core/cy=4, 1741669928150
Received update: /ndn/ie-site/ie/svs_core/ie=4, 1741669928150
Received update: /ndn/fi-site/fi/svs_core/fi=4, 1741669928284
Received update: /ndn/mk-site/mk/svs_core/mk=4, 1741669929783
Received update: /ndn/hr-site/hr/svs_core/hr=4, 1741669930011
Received update: /ndn/cz-site/cz/svs_core/cz=4, 1741669930805
Received update: /ndn/hu-site/hu/svs_core/hu=4, 1741669930805
Received update: /ndn/sk-site/sk/svs_core/sk=4, 1741669931070
Published sequence number: /ndn/by-site/by/svs_core/by=4, 1741669933640
Sending Sync interest
Received update: /ndn/be-site/be/svs_core/be=4, 1741669939205
Received update: /ndn/il-site/il/svs_core/il=4, 1741669939205
Received update: /ndn/fr1-site/fr1/svs_core/fr1=4, 1741669939205
Received update: /ndn/pl-site/pl/svs_core/pl=4, 1741669939311
Sending Sync interest
Received update: /ndn/gr-site/gr/svs_core/gr=4, 1741669939888
Received update: /ndn/lv-site/lv/svs_core/lv=4, 1741669939888
Received update: /ndn/de1-site/de1/svs_core/de1=4, 1741669939888
Received update: /ndn/md-site/md/svs_core/md=4, 1741669940228
Received update: /ndn/si-site/si/svs_core/si=4, 1741669940228
Received update: /ndn/rs-site/rs/svs_core/rs=4, 1741669940328
Received update: /ndn/no-site/no/svs_core/no=4, 1741669940734
Received update: /ndn/am-site/am/svs_core/am=4, 1741669942037
Received update: /ndn/is-site/is/svs_core/is=4, 1741669942037
Received update: /ndn/at-site/at/svs_core/at=4, 1741669942253
Received update: /ndn/lu-site/lu/svs_core/lu=4, 1741669942253
Received update: /ndn/ch-site/ch/svs_core/ch=5, 1741669955784
Received update: /ndn/ua-site/ua/svs_core/ua=4, 1741669955784
Received update: /ndn/lt-site/lt/svs_core/lt=5, 1741669956045
Received update: /ndn/pt-site/pt/svs_core/pt=4, 1741669956045
Received update: /ndn/dk-site/dk/svs_core/dk=5, 1741669956096
Received update: /ndn/az-site/az/svs_core/az=5, 1741669956349
Received update: /ndn/ro-site/ro/svs_core/ro=5, 1741669956349
Received update: /ndn/al-site/al/svs_core/al=5, 1741669956531
Received update: /ndn/mt-site/mt/svs_core/mt=5, 1741669956531
Received update: /ndn/uk-site/uk/svs_core/uk=5, 1741669956586
Received update: /ndn/ee-site/ee/svs_core/ee=5, 1741669973906
Received update: /ndn/hr-site/hr/svs_core/hr=5, 1741669973906
Received update: /ndn/it-site/it/svs_core/it=5, 1741669973906
Received update: /ndn/nl-site/nl/svs_core/nl=5, 1741669973906
Received update: /ndn/se-site/se/svs_core/se=5, 1741669973906
Received update: /ndn/tr-site/tr/svs_core/tr=5, 1741669973906
Received update: /ndn/de2-site/de2/svs_core/de2=5, 1741669973906
Received update: /ndn/fr2-site/fr2/svs_core/fr2=5, 1741669973906
Received update: /ndn/cy-site/cy/svs_core/cy=5, 1741669973933
Received update: /ndn/ge-site/ge/svs_core/ge=5, 1741669974016
Received update: /ndn/mk-site/mk/svs_core/mk=5, 1741669974723
Received update: /ndn/ie-site/ie/svs_core/ie=5, 1741669977292
Received update: /ndn/lv-site/lv/svs_core/lv=5, 1741669977292
Received update: /ndn/me-site/me/svs_core/me=5, 1741669977292
Published sequence number: /ndn/by-site/by/svs_core/by=5, 1741669978641
Sending Sync interest
Received update: /ndn/cz-site/cz/svs_core/cz=5, 1741669979494
Received update: /ndn/fi-site/fi/svs_core/fi=5, 1741669979494
Received update: /ndn/no-site/no/svs_core/no=5, 1741669979494
Sending Sync interest
Received update: /ndn/hu-site/hu/svs_core/hu=5, 1741669979709
Sending Sync interest
Received update: /ndn/bg-site/bg/svs_core/bg=5, 1741669980099
Received update: /ndn/es-site/es/svs_core/es=5, 1741669980099
Sending Sync interest
Received update: /ndn/sk-site/sk/svs_core/sk=5, 1741669980661
Received update: /ndn/il-site/il/svs_core/il=5, 1741669981384
Received update: /ndn/pl-site/pl/svs_core/pl=5, 1741669981384
Received update: /ndn/fr1-site/fr1/svs_core/fr1=5, 1741669983811
Received update: /ndn/md-site/md/svs_core/md=5, 1741669984258
Received update: /ndn/rs-site/rs/svs_core/rs=5, 1741669985327
Received update: /ndn/be-site/be/svs_core/be=5, 1741669985427
Received update: /ndn/is-site/is/svs_core/is=5, 1741669985785
Received update: /ndn/de1-site/de1/svs_core/de1=5, 1741669986012
Received update: /ndn/az-site/az/svs_core/az=6, 1741669990052
Received update: /ndn/si-site/si/svs_core/si=5, 1741669990052
Received update: /ndn/at-site/at/svs_core/at=5, 1741669990256
Received update: /ndn/lu-site/lu/svs_core/lu=5, 1741669990256
Received update: /ndn/ua-site/ua/svs_core/ua=5, 1741669990256
Received update: /ndn/am-site/am/svs_core/am=5, 1741669990276
Received update: /ndn/gr-site/gr/svs_core/gr=5, 1741669990533
Sending Sync interest
Received update: /ndn/mt-site/mt/svs_core/mt=6, 1741669991203
Received update: /ndn/ro-site/ro/svs_core/ro=6, 1741669991203
Received update: /ndn/al-site/al/svs_core/al=6, 1741670000821
Received update: /ndn/ch-site/ch/svs_core/ch=6, 1741670000821
Received update: /ndn/it-site/it/svs_core/it=6, 1741670000821
Received update: /ndn/pt-site/pt/svs_core/pt=5, 1741670000821
Received update: /ndn/uk-site/uk/svs_core/uk=6, 1741670000821
Received update: /ndn/de2-site/de2/svs_core/de2=6, 1741670002843
Received update: /ndn/dk-site/dk/svs_core/dk=6, 1741670007506
Received update: /ndn/nl-site/nl/svs_core/nl=6, 1741670007506
Received update: /ndn/ee-site/ee/svs_core/ee=6, 1741670007531
Received update: /ndn/lt-site/lt/svs_core/lt=6, 1741670007658
Received update: /ndn/tr-site/tr/svs_core/tr=6, 1741670009442
Received update: /ndn/cy-site/cy/svs_core/cy=6, 1741670016624
Received update: /ndn/me-site/me/svs_core/me=6, 1741670017553
Received update: /ndn/bg-site/bg/svs_core/bg=6, 1741670017717
Received update: /ndn/es-site/es/svs_core/es=6, 1741670018364
Received update: /ndn/ge-site/ge/svs_core/ge=6, 1741670018364
Received update: /ndn/ie-site/ie/svs_core/ie=6, 1741670018364
Received update: /ndn/fr2-site/fr2/svs_core/fr2=6, 1741670018364
Received update: /ndn/fi-site/fi/svs_core/fi=6, 1741670018378
Received update: /ndn/se-site/se/svs_core/se=6, 1741670018378
Received update: /ndn/cz-site/cz/svs_core/cz=6, 1741670020375
Received update: /ndn/hr-site/hr/svs_core/hr=6, 1741670020375
Received update: /ndn/mk-site/mk/svs_core/mk=6, 1741670020375
Received update: /ndn/sk-site/sk/svs_core/sk=6, 1741670020638
Sending Sync interest
Published sequence number: /ndn/by-site/by/svs_core/by=6, 1741670023647
Sending Sync interest
Received update: /ndn/hu-site/hu/svs_core/hu=6, 1741670029733
Received update: /ndn/de1-site/de1/svs_core/de1=6, 1741670029733
Sending Sync interest
Received update: /ndn/pl-site/pl/svs_core/pl=6, 1741670029907
Sending Sync interest
Received update: /ndn/ua-site/ua/svs_core/ua=6, 1741670033761
Received update: /ndn/at-site/at/svs_core/at=6, 1741670033980
Received update: /ndn/il-site/il/svs_core/il=6, 1741670033980
Received update: /ndn/lv-site/lv/svs_core/lv=6, 1741670033980
Received update: /ndn/rs-site/rs/svs_core/rs=6, 1741670033980
Received update: /ndn/fr1-site/fr1/svs_core/fr1=6, 1741670033980
Received update: /ndn/gr-site/gr/svs_core/gr=6, 1741670034033
Received update: /ndn/lu-site/lu/svs_core/lu=6, 1741670034033
Received update: /ndn/am-site/am/svs_core/am=6, 1741670034189
Received update: /ndn/az-site/az/svs_core/az=7, 1741670035266
Received update: /ndn/be-site/be/svs_core/be=6, 1741670035266
Received update: /ndn/pt-site/pt/svs_core/pt=6, 1741670035266
Received update: /ndn/uk-site/uk/svs_core/uk=7, 1741670035266
Received update: /ndn/ch-site/ch/svs_core/ch=7, 1741670045554
Received update: /ndn/md-site/md/svs_core/md=6, 1741670045554
Received update: /ndn/ro-site/ro/svs_core/ro=7, 1741670045554
Received update: /ndn/si-site/si/svs_core/si=6, 1741670045554
Received update: /ndn/dk-site/dk/svs_core/dk=7, 1741670046092
Received update: /ndn/is-site/is/svs_core/is=6, 1741670046092
Received update: /ndn/lt-site/lt/svs_core/lt=7, 1741670046092
Received update: /ndn/no-site/no/svs_core/no=6, 1741670046092
Received update: /ndn/fr2-site/fr2/svs_core/fr2=7, 1741670046092
Received update: /ndn/it-site/it/svs_core/it=7, 1741670046294
Received update: /ndn/nl-site/nl/svs_core/nl=7, 1741670052318
Received update: /ndn/bg-site/bg/svs_core/bg=7, 1741670056613
Received update: /ndn/ee-site/ee/svs_core/ee=7, 1741670056613
Received update: /ndn/de2-site/de2/svs_core/de2=7, 1741670056613
Received update: /ndn/cy-site/cy/svs_core/cy=7, 1741670061849
Received update: /ndn/tr-site/tr/svs_core/tr=7, 1741670061849
Received update: /ndn/al-site/al/svs_core/al=7, 1741670061872
Received update: /ndn/ge-site/ge/svs_core/ge=7, 1741670061872
Received update: /ndn/ie-site/ie/svs_core/ie=7, 1741670062406
Received update: /ndn/fi-site/fi/svs_core/fi=7, 1741670063101
Received update: /ndn/me-site/me/svs_core/me=7, 1741670063101
Received update: /ndn/se-site/se/svs_core/se=7, 1741670063101
Received update: /ndn/es-site/es/svs_core/es=7, 1741670063121
Published sequence number: /ndn/by-site/by/svs_core/by=7, 1741670068648
Sending Sync interest
Received update: /ndn/cz-site/cz/svs_core/cz=7, 1741670068951
Received update: /ndn/hr-site/hr/svs_core/hr=7, 1741670068951
Received update: /ndn/hu-site/hu/svs_core/hu=7, 1741670068951
Received update: /ndn/lv-site/lv/svs_core/lv=7, 1741670068951
Received update: /ndn/mk-site/mk/svs_core/mk=7, 1741670068951
Received update: /ndn/mt-site/mt/svs_core/mt=7, 1741670068951
Received update: /ndn/sk-site/sk/svs_core/sk=7, 1741670068951
Received update: /ndn/pl-site/pl/svs_core/pl=7, 1741670071395
Received update: /ndn/md-site/md/svs_core/md=7, 1741670071645
Received update: /ndn/si-site/si/svs_core/si=7, 1741670071645
Received update: /ndn/fr1-site/fr1/svs_core/fr1=7, 1741670073895
Received update: /ndn/be-site/be/svs_core/be=7, 1741670074409
Received update: /ndn/il-site/il/svs_core/il=7, 1741670074409
Received update: /ndn/at-site/at/svs_core/at=7, 1741670076334
Received update: /ndn/rs-site/rs/svs_core/rs=7, 1741670076334
Received update: /ndn/de1-site/de1/svs_core/de1=7, 1741670076334
Received update: /ndn/am-site/am/svs_core/am=7, 1741670076902
Received update: /ndn/ua-site/ua/svs_core/ua=7, 1741670079033
Received update: /ndn/is-site/is/svs_core/is=7, 1741670079560
Received update: /ndn/pt-site/pt/svs_core/pt=7, 1741670079560
Received update: /ndn/uk-site/uk/svs_core/uk=8, 1741670079560
Received update: /ndn/lt-site/lt/svs_core/lt=8, 1741670084935
Received update: /ndn/az-site/az/svs_core/az=8, 1741670085157
Received update: /ndn/gr-site/gr/svs_core/gr=7, 1741670085435
Received update: /ndn/mt-site/mt/svs_core/mt=8, 1741670085435
Received update: /ndn/no-site/no/svs_core/no=7, 1741670085435
Received update: /ndn/ro-site/ro/svs_core/ro=8, 1741670085459
Received update: /ndn/al-site/al/svs_core/al=8, 1741670093092
Received update: /ndn/ch-site/ch/svs_core/ch=8, 1741670093092
Received update: /ndn/dk-site/dk/svs_core/dk=8, 1741670093092
Received update: /ndn/it-site/it/svs_core/it=8, 1741670093092
Received update: /ndn/de2-site/de2/svs_core/de2=8, 1741670093092
Received update: /ndn/fr2-site/fr2/svs_core/fr2=8, 1741670093092
Received update: /ndn/ee-site/ee/svs_core/ee=8, 1741670096865
Received update: /ndn/se-site/se/svs_core/se=8, 1741670098099
Received update: /ndn/tr-site/tr/svs_core/tr=8, 1741670099242
Received update: /ndn/bg-site/bg/svs_core/bg=8, 1741670104073
Received update: /ndn/ge-site/ge/svs_core/ge=8, 1741670104073
Received update: /ndn/nl-site/nl/svs_core/nl=8, 1741670104243
Received update: /ndn/cy-site/cy/svs_core/cy=8, 1741670110020
Received update: /ndn/es-site/es/svs_core/es=8, 1741670110020
Received update: /ndn/fi-site/fi/svs_core/fi=8, 1741670110020
Received update: /ndn/ie-site/ie/svs_core/ie=8, 1741670110020
Received update: /ndn/lu-site/lu/svs_core/lu=7, 1741670110020
Received update: /ndn/cz-site/cz/svs_core/cz=8, 1741670110059
Published sequence number: /ndn/by-site/by/svs_core/by=8, 1741670113652
Sending Sync interest
Received update: /ndn/hu-site/hu/svs_core/hu=8, 1741670116192
Received update: /ndn/mk-site/mk/svs_core/mk=8, 1741670116192
Received update: /ndn/si-site/si/svs_core/si=8, 1741670116192
Sending Sync interest
Received update: /ndn/pl-site/pl/svs_core/pl=8, 1741670116407
Received update: /ndn/il-site/il/svs_core/il=8, 1741670116418
Sending Sync interest
Received update: /ndn/md-site/md/svs_core/md=8, 1741670116669
Sending Sync interest
Received update: /ndn/hr-site/hr/svs_core/hr=8, 1741670117167
Received update: /ndn/lv-site/lv/svs_core/lv=8, 1741670117167
Received update: /ndn/me-site/me/svs_core/me=8, 1741670119748
Received update: /ndn/sk-site/sk/svs_core/sk=8, 1741670119748
Received update: /ndn/de1-site/de1/svs_core/de1=8, 1741670119748
Received update: /ndn/al-site/al/svs_core/al=9, 1741670128814
Received update: /ndn/am-site/am/svs_core/am=8, 1741670128814
Received update: /ndn/be-site/be/svs_core/be=8, 1741670128814
Received update: /ndn/gr-site/gr/svs_core/gr=8, 1741670128814
Received update: /ndn/is-site/is/svs_core/is=8, 1741670128814
Received update: /ndn/mt-site/mt/svs_core/mt=9, 1741670128814
Received update: /ndn/pt-site/pt/svs_core/pt=8, 1741670128814
Received update: /ndn/fr1-site/fr1/svs_core/fr1=8, 1741670128814
Received update: /ndn/at-site/at/svs_core/at=8, 1741670129031
Received update: /ndn/lu-site/lu/svs_core/lu=8, 1741670129031
Received update: /ndn/az-site/az/svs_core/az=9, 1741670129245
Received update: /ndn/no-site/no/svs_core/no=8, 1741670129245
Received update: /ndn/uk-site/uk/svs_core/uk=9, 1741670129245
Received update: /ndn/ua-site/ua/svs_core/ua=8, 1741670129555
Received update: /ndn/ro-site/ro/svs_core/ro=9, 1741670129575
Received update: /ndn/lt-site/lt/svs_core/lt=9, 1741670138134
Received update: /ndn/de2-site/de2/svs_core/de2=9, 1741670138134
Received update: /ndn/ee-site/ee/svs_core/ee=9, 1741670143300
Received update: /ndn/se-site/se/svs_core/se=9, 1741670143300
Received update: /ndn/bg-site/bg/svs_core/bg=9, 1741670144471
Sending Sync interest
Received update: /ndn/dk-site/dk/svs_core/dk=9, 1741670144676
Received update: /ndn/nl-site/nl/svs_core/nl=9, 1741670144714
Received update: /ndn/tr-site/tr/svs_core/tr=9, 1741670144917
Received update: /ndn/ch-site/ch/svs_core/ch=9, 1741670145049
Received update: /ndn/it-site/it/svs_core/it=9, 1741670146192
Received update: /ndn/fr2-site/fr2/svs_core/fr2=9, 1741670146192
Received update: /ndn/es-site/es/svs_core/es=9, 1741670149080
Received update: /ndn/ge-site/ge/svs_core/ge=9, 1741670149080
Received update: /ndn/cy-site/cy/svs_core/cy=9, 1741670151839
Received update: /ndn/me-site/me/svs_core/me=9, 1741670152348
Sending Sync interest
Received update: /ndn/hr-site/hr/svs_core/hr=9, 1741670153933
Published sequence number: /ndn/by-site/by/svs_core/by=9, 1741670158653
Sending Sync interest
Received update: /ndn/cz-site/cz/svs_core/cz=9, 1741670160259
Received update: /ndn/hu-site/hu/svs_core/hu=9, 1741670160259
Received update: /ndn/rs-site/rs/svs_core/rs=8, 1741670160259
Received update: /ndn/sk-site/sk/svs_core/sk=9, 1741670160259
Sending Sync interest
Received update: /ndn/ie-site/ie/svs_core/ie=9, 1741670160464
Received update: /ndn/lv-site/lv/svs_core/lv=9, 1741670160464
Received update: /ndn/no-site/no/svs_core/no=9, 1741670160464
Received update: /ndn/mk-site/mk/svs_core/mk=9, 1741670160707
Received update: /ndn/fi-site/fi/svs_core/fi=9, 1741670161385
Received update: /ndn/md-site/md/svs_core/md=9, 1741670161385
Received update: /ndn/si-site/si/svs_core/si=9, 1741670161385
Received update: /ndn/gr-site/gr/svs_core/gr=9, 1741670161404
Received update: /ndn/pl-site/pl/svs_core/pl=9, 1741670161404
Received update: /ndn/fr1-site/fr1/svs_core/fr1=9, 1741670163994
Received update: /ndn/am-site/am/svs_core/am=9, 1741670169690
Received update: /ndn/be-site/be/svs_core/be=9, 1741670169690
Received update: /ndn/lu-site/lu/svs_core/lu=9, 1741670169690
Received update: /ndn/ro-site/ro/svs_core/ro=10, 1741670169690
Received update: /ndn/de1-site/de1/svs_core/de1=9, 1741670169690
Received update: /ndn/rs-site/rs/svs_core/rs=9, 1741670169927
Received update: /ndn/at-site/at/svs_core/at=9, 1741670170096
Received update: /ndn/il-site/il/svs_core/il=9, 1741670170096
Received update: /ndn/ch-site/ch/svs_core/ch=10, 1741670180783
Received update: /ndn/pt-site/pt/svs_core/pt=9, 1741670180783
Received update: /ndn/uk-site/uk/svs_core/uk=10, 1741670180783
Received update: /ndn/ua-site/ua/svs_core/ua=9, 1741670180808
Received update: /ndn/az-site/az/svs_core/az=10, 1741670181239
Received update: /ndn/lt-site/lt/svs_core/lt=10, 1741670181239
Received update: /ndn/mt-site/mt/svs_core/mt=10, 1741670181239
Received update: /ndn/de2-site/de2/svs_core/de2=10, 1741670182926
Received update: /ndn/ee-site/ee/svs_core/ee=10, 1741670187618
Received update: /ndn/nl-site/nl/svs_core/nl=10, 1741670187618
Sending Sync interest
Received update: /ndn/dk-site/dk/svs_core/dk=10, 1741670187851
Received update: /ndn/is-site/is/svs_core/is=9, 1741670187851
Sending Sync interest
Received update: /ndn/al-site/al/svs_core/al=10, 1741670199025
Received update: /ndn/es-site/es/svs_core/es=10, 1741670199025
Received update: /ndn/ge-site/ge/svs_core/ge=10, 1741670199025
Received update: /ndn/hr-site/hr/svs_core/hr=10, 1741670199025
Received update: /ndn/it-site/it/svs_core/it=10, 1741670199025
Received update: /ndn/me-site/me/svs_core/me=10, 1741670199025
Received update: /ndn/tr-site/tr/svs_core/tr=10, 1741670199025
Received update: /ndn/fr2-site/fr2/svs_core/fr2=10, 1741670199025
Received update: /ndn/bg-site/bg/svs_core/bg=10, 1741670200338
Received update: /ndn/cz-site/cz/svs_core/cz=10, 1741670200338
Received update: /ndn/fi-site/fi/svs_core/fi=10, 1741670200338
Received update: /ndn/ie-site/ie/svs_core/ie=10, 1741670200338
Received update: /ndn/se-site/se/svs_core/se=10, 1741670200338
Published sequence number: /ndn/by-site/by/svs_core/by=10, 1741670203724
Sending Sync interest
Received update: /ndn/mk-site/mk/svs_core/mk=10, 1741670203985
Received update: /ndn/hu-site/hu/svs_core/hu=10, 1741670206012
Received update: /ndn/il-site/il/svs_core/il=10, 1741670206012
Received update: /ndn/lv-site/lv/svs_core/lv=10, 1741670206012
Received update: /ndn/am-site/am/svs_core/am=10, 1741670211984
Received update: /ndn/be-site/be/svs_core/be=10, 1741670211984
Received update: /ndn/cy-site/cy/svs_core/cy=10, 1741670211984
Received update: /ndn/gr-site/gr/svs_core/gr=10, 1741670211984
Received update: /ndn/md-site/md/svs_core/md=10, 1741670211984
Received update: /ndn/pl-site/pl/svs_core/pl=10, 1741670211984
Received update: /ndn/si-site/si/svs_core/si=10, 1741670211984
Received update: /ndn/sk-site/sk/svs_core/sk=10, 1741670211984
Received update: /ndn/at-site/at/svs_core/at=10, 1741670212145
Received update: /ndn/de1-site/de1/svs_core/de1=10, 1741670212145
Received update: /ndn/lu-site/lu/svs_core/lu=10, 1741670214067
Received update: /ndn/ua-site/ua/svs_core/ua=10, 1741670214067
Received update: /ndn/rs-site/rs/svs_core/rs=10, 1741670214091
Received update: /ndn/is-site/is/svs_core/is=10, 1741670215895
Received update: /ndn/mt-site/mt/svs_core/mt=11, 1741670215895
Received update: /ndn/ro-site/ro/svs_core/ro=11, 1741670215895
Received update: /ndn/uk-site/uk/svs_core/uk=11, 1741670215895
Received update: /ndn/fr1-site/fr1/svs_core/fr1=10, 1741670215895
Received update: /ndn/al-site/al/svs_core/al=11, 1741670226087
Received update: /ndn/az-site/az/svs_core/az=11, 1741670226087
Received update: /ndn/ch-site/ch/svs_core/ch=11, 1741670226087
Received update: /ndn/it-site/it/svs_core/it=11, 1741670226087
Received update: /ndn/dk-site/dk/svs_core/dk=11, 1741670226171
Received update: /ndn/no-site/no/svs_core/no=10, 1741670226171
Received update: /ndn/pt-site/pt/svs_core/pt=10, 1741670226386
Received update: /ndn/fr2-site/fr2/svs_core/fr2=11, 1741670226386
Received update: /ndn/bg-site/bg/svs_core/bg=11, 1741670234414
Received update: /ndn/lt-site/lt/svs_core/lt=11, 1741670234414
Received update: /ndn/nl-site/nl/svs_core/nl=11, 1741670234414
Received update: /ndn/de2-site/de2/svs_core/de2=11, 1741670234414
Received update: /ndn/tr-site/tr/svs_core/tr=11, 1741670234547
Received update: /ndn/me-site/me/svs_core/me=11, 1741670242623
Received update: /ndn/cy-site/cy/svs_core/cy=11, 1741670242783
Received update: /ndn/fi-site/fi/svs_core/fi=11, 1741670242783
Received update: /ndn/ge-site/ge/svs_core/ge=11, 1741670242783
Received update: /ndn/se-site/se/svs_core/se=11, 1741670242783
Published sequence number: /ndn/by-site/by/svs_core/by=11, 1741670248727
Sending Sync interest
Received update: /ndn/cz-site/cz/svs_core/cz=11, 1741670251237
Received update: /ndn/hu-site/hu/svs_core/hu=11, 1741670251237
Received update: /ndn/ie-site/ie/svs_core/ie=11, 1741670251237
Received update: /ndn/il-site/il/svs_core/il=11, 1741670251237
Received update: /ndn/si-site/si/svs_core/si=11, 1741670251237
Received update: /ndn/ee-site/ee/svs_core/ee=11, 1741670251271
Received update: /ndn/lv-site/lv/svs_core/lv=11, 1741670251271
Sending Sync interest
Received update: /ndn/es-site/es/svs_core/es=11, 1741670251519
Received update: /ndn/hr-site/hr/svs_core/hr=11, 1741670251519
Received update: /ndn/gr-site/gr/svs_core/gr=11, 1741670251736
Received update: /ndn/md-site/md/svs_core/md=11, 1741670251860
Received update: /ndn/sk-site/sk/svs_core/sk=11, 1741670251860
Received update: /ndn/mk-site/mk/svs_core/mk=11, 1741670252072
Received update: /ndn/pl-site/pl/svs_core/pl=11, 1741670252072
Sending Sync interest
Received update: /ndn/be-site/be/svs_core/be=11, 1741670252583
Received update: /ndn/no-site/no/svs_core/no=11, 1741670252913
Received update: /ndn/de1-site/de1/svs_core/de1=11, 1741670254826
Received update: /ndn/uk-site/uk/svs_core/uk=12, 1741670259396
Received update: /ndn/am-site/am/svs_core/am=11, 1741670259594
Received update: /ndn/lu-site/lu/svs_core/lu=11, 1741670259594
Received update: /ndn/at-site/at/svs_core/at=11, 1741670260005
Received update: /ndn/is-site/is/svs_core/is=11, 1741670260005
Received update: /ndn/pt-site/pt/svs_core/pt=11, 1741670260655
Received update: /ndn/ro-site/ro/svs_core/ro=12, 1741670260655
Received update: /ndn/rs-site/rs/svs_core/rs=11, 1741670260655
Received update: /ndn/ua-site/ua/svs_core/ua=11, 1741670260655
Received update: /ndn/fr1-site/fr1/svs_core/fr1=11, 1741670260655
Received update: /ndn/al-site/al/svs_core/al=12, 1741670273175
Received update: /ndn/az-site/az/svs_core/az=12, 1741670273175
Received update: /ndn/ch-site/ch/svs_core/ch=12, 1741670273175
Received update: /ndn/de2-site/de2/svs_core/de2=12, 1741670273175
Received update: /ndn/dk-site/dk/svs_core/dk=12, 1741670276727
Received update: /ndn/ee-site/ee/svs_core/ee=12, 1741670276727
Sending Sync interest
Received update: /ndn/it-site/it/svs_core/it=12, 1741670277214
Received update: /ndn/fr2-site/fr2/svs_core/fr2=12, 1741670277214
Received update: /ndn/fi-site/fi/svs_core/fi=12, 1741670287563
Received update: /ndn/nl-site/nl/svs_core/nl=12, 1741670287563
Received update: /ndn/se-site/se/svs_core/se=12, 1741670287563
Received update: /ndn/tr-site/tr/svs_core/tr=12, 1741670287563
Received update: /ndn/cy-site/cy/svs_core/cy=12, 1741670287759
Received update: /ndn/ge-site/ge/svs_core/ge=12, 1741670287759
Received update: /ndn/ie-site/ie/svs_core/ie=12, 1741670287759
Received update: /ndn/lt-site/lt/svs_core/lt=12, 1741670287759
Received update: /ndn/me-site/me/svs_core/me=12, 1741670287759
Received update: /ndn/mt-site/mt/svs_core/mt=12, 1741670287834
Sending Sync interest
Received update: /ndn/es-site/es/svs_core/es=12, 1741670288287
Received update: /ndn/bg-site/bg/svs_core/bg=12, 1741670288986
Received update: /ndn/hr-site/hr/svs_core/hr=12, 1741670288986
Published sequence number: /ndn/by-site/by/svs_core/by=12, 1741670293736
Sending Sync interest
Received update: /ndn/lv-site/lv/svs_core/lv=12, 1741670294833
Received update: /ndn/no-site/no/svs_core/no=12, 1741670294833
Sending Sync interest
Sending Sync interest
Received update: /ndn/cz-site/cz/svs_core/cz=12, 1741670295472
Received update: /ndn/hu-site/hu/svs_core/hu=12, 1741670295472
Received update: /ndn/mk-site/mk/svs_core/mk=12, 1741670295472
Received update: /ndn/pl-site/pl/svs_core/pl=12, 1741670296489
Received update: /ndn/de1-site/de1/svs_core/de1=12, 1741670299825
Sending Sync interest
Received update: /ndn/is-site/is/svs_core/is=12, 1741670300031
Received update: /ndn/si-site/si/svs_core/si=12, 1741670300051
Received update: /ndn/sk-site/sk/svs_core/sk=12, 1741670300051
Sending Sync interest
Received update: /ndn/md-site/md/svs_core/md=12, 1741670300458
Received update: /ndn/be-site/be/svs_core/be=12, 1741670300708
Received update: /ndn/il-site/il/svs_core/il=12, 1741670300708
Received update: /ndn/gr-site/gr/svs_core/gr=12, 1741670300823
Received update: /ndn/fr1-site/fr1/svs_core/fr1=12, 1741670300823
Received update: /ndn/am-site/am/svs_core/am=12, 1741670301981
Sending Sync interest
Received update: /ndn/at-site/at/svs_core/at=12, 1741670302447
Received update: /ndn/rs-site/rs/svs_core/rs=12, 1741670302447
Received update: /ndn/lu-site/lu/svs_core/lu=12, 1741670304057
Received update: /ndn/ua-site/ua/svs_core/ua=12, 1741670304057
Received update: /ndn/pt-site/pt/svs_core/pt=12, 1741670304330
Received update: /ndn/uk-site/uk/svs_core/uk=13, 1741670304914
Received update: /ndn/mt-site/mt/svs_core/mt=13, 1741670305714
Received update: /ndn/az-site/az/svs_core/az=13, 1741670306407
Received update: /ndn/al-site/al/svs_core/al=13, 1741670315915
Received update: /ndn/it-site/it/svs_core/it=13, 1741670315915
Received update: /ndn/ch-site/ch/svs_core/ch=13, 1741670317943
Received update: /ndn/de2-site/de2/svs_core/de2=13, 1741670317943
Received update: /ndn/dk-site/dk/svs_core/dk=13, 1741670323386
Received update: /ndn/ee-site/ee/svs_core/ee=13, 1741670323386
Received update: /ndn/lt-site/lt/svs_core/lt=13, 1741670323386
Received update: /ndn/se-site/se/svs_core/se=13, 1741670323386
Received update: /ndn/ge-site/ge/svs_core/ge=13, 1741670329352
Sending Sync interest
Received update: /ndn/es-site/es/svs_core/es=13, 1741670329638
Received update: /ndn/nl-site/nl/svs_core/nl=13, 1741670329638
Received update: /ndn/fr2-site/fr2/svs_core/fr2=13, 1741670329638
Received update: /ndn/ro-site/ro/svs_core/ro=13, 1741670329697
Received update: /ndn/bg-site/bg/svs_core/bg=13, 1741670332626
Received update: /ndn/me-site/me/svs_core/me=13, 1741670332626
Received update: /ndn/tr-site/tr/svs_core/tr=13, 1741670332626
Received update: /ndn/cy-site/cy/svs_core/cy=13, 1741670337496
Received update: /ndn/cz-site/cz/svs_core/cz=13, 1741670337496
Received update: /ndn/fi-site/fi/svs_core/fi=13, 1741670337496
Received update: /ndn/hr-site/hr/svs_core/hr=13, 1741670337496
Received update: /ndn/ie-site/ie/svs_core/ie=13, 1741670337496
Received update: /ndn/lv-site/lv/svs_core/lv=13, 1741670337496
Received update: /ndn/mk-site/mk/svs_core/mk=13, 1741670337531
Received update: /ndn/hu-site/hu/svs_core/hu=13, 1741670337959
Received update: /ndn/sk-site/sk/svs_core/sk=13, 1741670337959
Sending Sync interest
Published sequence number: /ndn/by-site/by/svs_core/by=13, 1741670338742
Sending Sync interest
Received update: /ndn/si-site/si/svs_core/si=13, 1741670340932
Received update: /ndn/il-site/il/svs_core/il=13, 1741670341033
Sending Sync interest
Received update: /ndn/md-site/md/svs_core/md=13, 1741670341336
Sending Sync interest
Received update: /ndn/be-site/be/svs_core/be=13, 1741670342592
Received update: /ndn/pl-site/pl/svs_core/pl=13, 1741670342793
Received update: /ndn/gr-site/gr/svs_core/gr=13, 1741670343006
Sending Sync interest
Received update: /ndn/no-site/no/svs_core/no=13, 1741670343513
Received update: /ndn/de1-site/de1/svs_core/de1=13, 1741670344846
Received update: /ndn/rs-site/rs/svs_core/rs=13, 1741670345633
Received update: /ndn/fr1-site/fr1/svs_core/fr1=13, 1741670345892
Received update: /ndn/am-site/am/svs_core/am=13, 1741670347171
Received update: /ndn/at-site/at/svs_core/at=13, 1741670347171
Received update: /ndn/is-site/is/svs_core/is=13, 1741670348857
Received update: /ndn/ua-site/ua/svs_core/ua=13, 1741670348857
Received update: /ndn/pt-site/pt/svs_core/pt=13, 1741670349604
Received update: /ndn/uk-site/uk/svs_core/uk=14, 1741670349604
Received update: /ndn/lu-site/lu/svs_core/lu=13, 1741670349728
Received update: /ndn/ro-site/ro/svs_core/ro=14, 1741670349728
Received update: /ndn/al-site/al/svs_core/al=14, 1741670361488
Received update: /ndn/az-site/az/svs_core/az=14, 1741670361488
Received update: /ndn/lt-site/lt/svs_core/lt=14, 1741670361488
Received update: /ndn/mt-site/mt/svs_core/mt=14, 1741670361488
Received update: /ndn/fr2-site/fr2/svs_core/fr2=14, 1741670361488
Received update: /ndn/ch-site/ch/svs_core/ch=14, 1741670362949
Received update: /ndn/it-site/it/svs_core/it=14, 1741670362949
Received update: /ndn/de2-site/de2/svs_core/de2=14, 1741670362949
Received update: /ndn/dk-site/dk/svs_core/dk=14, 1741670369804
Received update: /ndn/ee-site/ee/svs_core/ee=14, 1741670369804
Received update: /ndn/nl-site/nl/svs_core/nl=14, 1741670369804
Received update: /ndn/tr-site/tr/svs_core/tr=14, 1741670369804
Received update: /ndn/cy-site/cy/svs_core/cy=14, 1741670376727
Sending Sync interest
Received update: /ndn/bg-site/bg/svs_core/bg=14, 1741670380292
Received update: /ndn/cz-site/cz/svs_core/cz=14, 1741670380292
Received update: /ndn/es-site/es/svs_core/es=14, 1741670380292
Received update: /ndn/fi-site/fi/svs_core/fi=14, 1741670380292
Received update: /ndn/ge-site/ge/svs_core/ge=14, 1741670380292
Received update: /ndn/hr-site/hr/svs_core/hr=14, 1741670380292
Received update: /ndn/se-site/se/svs_core/se=14, 1741670380292
Published sequence number: /ndn/by-site/by/svs_core/by=14, 1741670383748
Sending Sync interest
Received update: /ndn/si-site/si/svs_core/si=14, 1741670386149
Received update: /ndn/sk-site/sk/svs_core/sk=14, 1741670386149
Received update: /ndn/hu-site/hu/svs_core/hu=14, 1741670386168
Received update: /ndn/ie-site/ie/svs_core/ie=14, 1741670386168
Received update: /ndn/lv-site/lv/svs_core/lv=14, 1741670386168
Received update: /ndn/me-site/me/svs_core/me=14, 1741670386168
Received update: /ndn/mk-site/mk/svs_core/mk=14, 1741670386186
Sending Sync interest
Received update: /ndn/il-site/il/svs_core/il=14, 1741670386502
Received update: /ndn/pl-site/pl/svs_core/pl=14, 1741670386502
Received update: /ndn/md-site/md/svs_core/md=14, 1741670387379
Received update: /ndn/be-site/be/svs_core/be=14, 1741670390539
Received update: /ndn/gr-site/gr/svs_core/gr=14, 1741670390539
Received update: /ndn/no-site/no/svs_core/no=14, 1741670390539
Received update: /ndn/rs-site/rs/svs_core/rs=14, 1741670390539
Received update: /ndn/de1-site/de1/svs_core/de1=14, 1741670390539
Received update: /ndn/fr1-site/fr1/svs_core/fr1=14, 1741670390539
Received update: /ndn/is-site/is/svs_core/is=14, 1741670390686
Received update: /ndn/am-site/am/svs_core/am=14, 1741670393691
Received update: /ndn/at-site/at/svs_core/at=14, 1741670393691
Received update: /ndn/pt-site/pt/svs_core/pt=14, 1741670393691
Received update: /ndn/lu-site/lu/svs_core/lu=14, 1741670396205
Received update: /ndn/mt-site/mt/svs_core/mt=15, 1741670396205
Received update: /ndn/az-site/az/svs_core/az=15, 1741670396405
Received update: /ndn/ro-site/ro/svs_core/ro=15, 1741670396405
Received update: /ndn/ua-site/ua/svs_core/ua=14, 1741670396649
Received update: /ndn/uk-site/uk/svs_core/uk=15, 1741670396649
Received update: /ndn/dk-site/dk/svs_core/dk=15, 1741670401407
Received update: /ndn/ch-site/ch/svs_core/ch=15, 1741670405678
Sending Sync interest
Received update: /ndn/al-site/al/svs_core/al=15, 1741670407955
Received update: /ndn/de2-site/de2/svs_core/de2=15, 1741670407955
Received update: /ndn/ee-site/ee/svs_core/ee=15, 1741670412618
Received update: /ndn/nl-site/nl/svs_core/nl=15, 1741670412618
Received update: /ndn/it-site/it/svs_core/it=15, 1741670413648
Received update: /ndn/se-site/se/svs_core/se=15, 1741670413648
Received update: /ndn/fr2-site/fr2/svs_core/fr2=15, 1741670413648
Received update: /ndn/tr-site/tr/svs_core/tr=15, 1741670414350
Received update: /ndn/bg-site/bg/svs_core/bg=15, 1741670422505
Received update: /ndn/me-site/me/svs_core/me=15, 1741670422505
Received update: /ndn/cz-site/cz/svs_core/cz=15, 1741670426068
Received update: /ndn/ge-site/ge/svs_core/ge=15, 1741670426068
Received update: /ndn/hr-site/hr/svs_core/hr=15, 1741670426068
Received update: /ndn/hu-site/hu/svs_core/hu=15, 1741670426068
Received update: /ndn/mk-site/mk/svs_core/mk=15, 1741670426068
Received update: /ndn/fi-site/fi/svs_core/fi=15, 1741670427802
Received update: /ndn/lt-site/lt/svs_core/lt=15, 1741670428479
Received update: /ndn/lv-site/lv/svs_core/lv=15, 1741670428479
Received update: /ndn/sk-site/sk/svs_core/sk=15, 1741670428479
Published sequence number: /ndn/by-site/by/svs_core/by=15, 1741670428750
Sending Sync interest
Received update: /ndn/gr-site/gr/svs_core/gr=15, 1741670431492
Received update: /ndn/be-site/be/svs_core/be=15, 1741670435389
Received update: /ndn/cy-site/cy/svs_core/cy=15, 1741670435389
Received update: /ndn/ie-site/ie/svs_core/ie=15, 1741670435389
Received update: /ndn/il-site/il/svs_core/il=15, 1741670435389
Received update: /ndn/is-site/is/svs_core/is=15, 1741670435389
Received update: /ndn/md-site/md/svs_core/md=15, 1741670435389
Received update: /ndn/no-site/no/svs_core/no=15, 1741670435389
Received update: /ndn/pl-site/pl/svs_core/pl=15, 1741670435389
Received update: /ndn/de1-site/de1/svs_core/de1=15, 1741670435389
Received update: /ndn/rs-site/rs/svs_core/rs=15, 1741670435437
Received update: /ndn/am-site/am/svs_core/am=15, 1741670436993
Received update: /ndn/at-site/at/svs_core/at=15, 1741670436993
Received update: /ndn/es-site/es/svs_core/es=15, 1741670437191
Received update: /ndn/si-site/si/svs_core/si=15, 1741670437191
Received update: /ndn/fr1-site/fr1/svs_core/fr1=15, 1741670437191
Received update: /ndn/ua-site/ua/svs_core/ua=15, 1741670438872
Received update: /ndn/lu-site/lu/svs_core/lu=15, 1741670439095
Received update: /ndn/ro-site/ro/svs_core/ro=16, 1741670440098
Received update: /ndn/ch-site/ch/svs_core/ch=16, 1741670450678
Received update: /ndn/al-site/al/svs_core/al=16, 1741670451820
Received update: /ndn/it-site/it/svs_core/it=16, 1741670451820
Received update: /ndn/mt-site/mt/svs_core/mt=16, 1741670451820
Received update: /ndn/fr2-site/fr2/svs_core/fr2=16, 1741670451820
Received update: /ndn/dk-site/dk/svs_core/dk=16, 1741670456753
Received update: /ndn/ee-site/ee/svs_core/ee=16, 1741670456753
Received update: /ndn/de2-site/de2/svs_core/de2=16, 1741670456753
Received update: /ndn/bg-site/bg/svs_core/bg=16, 1741670459578
Received update: /ndn/nl-site/nl/svs_core/nl=16, 1741670459828
Received update: /ndn/az-site/az/svs_core/az=16, 1741670460119
Received update: /ndn/se-site/se/svs_core/se=16, 1741670460119
Received update: /ndn/tr-site/tr/svs_core/tr=16, 1741670460355
Received update: /ndn/pt-site/pt/svs_core/pt=15, 1741670460539
Received update: /ndn/uk-site/uk/svs_core/uk=16, 1741670460539
Received update: /ndn/es-site/es/svs_core/es=16, 1741670467814
Received update: /ndn/ge-site/ge/svs_core/ge=16, 1741670467814
Received update: /ndn/lt-site/lt/svs_core/lt=16, 1741670467814
Received update: /ndn/me-site/me/svs_core/me=16, 1741670467814
Received update: /ndn/cy-site/cy/svs_core/cy=16, 1741670469075
Received update: /ndn/hr-site/hr/svs_core/hr=16, 1741670469075
Received update: /ndn/ie-site/ie/svs_core/ie=16, 1741670469075
Received update: /ndn/sk-site/sk/svs_core/sk=16, 1741670470765
Published sequence number: /ndn/by-site/by/svs_core/by=16, 1741670473753
Sending Sync interest
Received update: /ndn/pl-site/pl/svs_core/pl=16, 1741670476517
Received update: /ndn/cz-site/cz/svs_core/cz=16, 1741670476669
Received update: /ndn/il-site/il/svs_core/il=16, 1741670476669
Received update: /ndn/hu-site/hu/svs_core/hu=16, 1741670476903
Received update: /ndn/gr-site/gr/svs_core/gr=16, 1741670477139
Received update: /ndn/lv-site/lv/svs_core/lv=16, 1741670477584
Received update: /ndn/no-site/no/svs_core/no=16, 1741670477584
Received update: /ndn/si-site/si/svs_core/si=16, 1741670477584
Received update: /ndn/mk-site/mk/svs_core/mk=16, 1741670477601
Received update: /ndn/be-site/be/svs_core/be=16, 1741670478306
Received update: /ndn/md-site/md/svs_core/md=16, 1741670478306
Received update: /ndn/is-site/is/svs_core/is=16, 1741670481300
Received update: /ndn/de1-site/de1/svs_core/de1=16, 1741670481300
Received update: /ndn/fr1-site/fr1/svs_core/fr1=16, 1741670481300
Received update: /ndn/at-site/at/svs_core/at=16, 1741670481358
Received update: /ndn/rs-site/rs/svs_core/rs=16, 1741670481564
Sending Sync interest
Received update: /ndn/am-site/am/svs_core/am=16, 1741670482000
Received update: /ndn/lu-site/lu/svs_core/lu=16, 1741670483244
Received update: /ndn/pt-site/pt/svs_core/pt=16, 1741670483244
Stopping SVS client: /ndn/by-site/by/svs_core/by
