SVS client starting: /ndn/de2-site/de2/svs_core/de2
Sending Sync interest
Received update: /ndn/be-site/be/svs_core/be=1, 1741668994001
Received update: /ndn/no-site/no/svs_core/no=1, 1741668994395
Received update: /ndn/ie-site/ie/svs_core/ie=1, 1741668994577
Received update: /ndn/me-site/me/svs_core/me=1, 1741668994648
Received update: /ndn/sk-site/sk/svs_core/sk=1, 1741668995237
Received update: /ndn/fr2-site/fr2/svs_core/fr2=1, 1741668997329
Received update: /ndn/al-site/al/svs_core/al=1, 1741668997427
Received update: /ndn/mt-site/mt/svs_core/mt=1, 1741668998182
Received update: /ndn/il-site/il/svs_core/il=1, 1741668998545
Received update: /ndn/bg-site/bg/svs_core/bg=1, 1741668999530
Received update: /ndn/hu-site/hu/svs_core/hu=1, 1741669001592
Received update: /ndn/az-site/az/svs_core/az=1, 1741669002739
Received update: /ndn/fr1-site/fr1/svs_core/fr1=1, 1741669003218
Received update: /ndn/is-site/is/svs_core/is=1, 1741669003486
Received update: /ndn/it-site/it/svs_core/it=1, 1741669004971
Received update: /ndn/rs-site/rs/svs_core/rs=1, 1741669005446
Received update: /ndn/uk-site/uk/svs_core/uk=1, 1741669006487
Received update: /ndn/pl-site/pl/svs_core/pl=1, 1741669006818
Received update: /ndn/de1-site/de1/svs_core/de1=1, 1741669006889
Received update: /ndn/am-site/am/svs_core/am=1, 1741669008206
Received update: /ndn/dk-site/dk/svs_core/dk=1, 1741669008371
Received update: /ndn/ua-site/ua/svs_core/ua=1, 1741669010725
Received update: /ndn/ch-site/ch/svs_core/ch=1, 1741669011233
Published sequence number: /ndn/de2-site/de2/svs_core/de2=1, 1741669012771
Sending Sync interest
Received update: /ndn/ee-site/ee/svs_core/ee=1, 1741669012952
Received update: /ndn/gr-site/gr/svs_core/gr=1, 1741669013944
Received update: /ndn/hr-site/hr/svs_core/hr=1, 1741669014499
Received update: /ndn/by-site/by/svs_core/by=1, 1741669015218
Received update: /ndn/at-site/at/svs_core/at=1, 1741669015629
Received update: /ndn/se-site/se/svs_core/se=1, 1741669017014
Received update: /ndn/nl-site/nl/svs_core/nl=1, 1741669017191
Received update: /ndn/mk-site/mk/svs_core/mk=1, 1741669017358
Received update: /ndn/cy-site/cy/svs_core/cy=1, 1741669018032
Received update: /ndn/es-site/es/svs_core/es=1, 1741669020826
Received update: /ndn/pt-site/pt/svs_core/pt=1, 1741669021333
Received update: /ndn/ro-site/ro/svs_core/ro=1, 1741669023050
Received update: /ndn/lv-site/lv/svs_core/lv=1, 1741669024239
Received update: /ndn/md-site/md/svs_core/md=1, 1741669024366
Received update: /ndn/cz-site/cz/svs_core/cz=1, 1741669026017
Received update: /ndn/fi-site/fi/svs_core/fi=1, 1741669030533
Received update: /ndn/lu-site/lu/svs_core/lu=1, 1741669034224
Received update: /ndn/ge-site/ge/svs_core/ge=1, 1741669035492
Received update: /ndn/tr-site/tr/svs_core/tr=1, 1741669035888
Received update: /ndn/si-site/si/svs_core/si=1, 1741669037738
Received update: /ndn/lt-site/lt/svs_core/lt=1, 1741669038664
Received update: /ndn/be-site/be/svs_core/be=2, 1741669039009
Received update: /ndn/no-site/no/svs_core/no=2, 1741669039406
Received update: /ndn/ie-site/ie/svs_core/ie=2, 1741669039577
Received update: /ndn/me-site/me/svs_core/me=2, 1741669039653
Received update: /ndn/sk-site/sk/svs_core/sk=2, 1741669040238
Received update: /ndn/fr2-site/fr2/svs_core/fr2=2, 1741669042330
Received update: /ndn/al-site/al/svs_core/al=2, 1741669042425
Received update: /ndn/mt-site/mt/svs_core/mt=2, 1741669043179
Received update: /ndn/il-site/il/svs_core/il=2, 1741669043551
Received update: /ndn/bg-site/bg/svs_core/bg=2, 1741669044539
Received update: /ndn/hu-site/hu/svs_core/hu=2, 1741669046596
Received update: /ndn/az-site/az/svs_core/az=2, 1741669047745
Received update: /ndn/fr1-site/fr1/svs_core/fr1=2, 1741669048225
Received update: /ndn/is-site/is/svs_core/is=2, 1741669048494
Received update: /ndn/it-site/it/svs_core/it=2, 1741669049970
Received update: /ndn/rs-site/rs/svs_core/rs=2, 1741669050450
Received update: /ndn/uk-site/uk/svs_core/uk=2, 1741669051495
Received update: /ndn/pl-site/pl/svs_core/pl=2, 1741669051821
Received update: /ndn/de1-site/de1/svs_core/de1=2, 1741669051889
Received update: /ndn/am-site/am/svs_core/am=2, 1741669053210
Received update: /ndn/dk-site/dk/svs_core/dk=2, 1741669053375
Received update: /ndn/ua-site/ua/svs_core/ua=2, 1741669055727
Received update: /ndn/ch-site/ch/svs_core/ch=2, 1741669056235
Published sequence number: /ndn/de2-site/de2/svs_core/de2=2, 1741669057773
Sending Sync interest
Received update: /ndn/ee-site/ee/svs_core/ee=2, 1741669057956
Received update: /ndn/gr-site/gr/svs_core/gr=2, 1741669058946
Received update: /ndn/hr-site/hr/svs_core/hr=2, 1741669059506
Received update: /ndn/by-site/by/svs_core/by=2, 1741669060238
Received update: /ndn/at-site/at/svs_core/at=2, 1741669060631
Received update: /ndn/se-site/se/svs_core/se=2, 1741669062021
Received update: /ndn/nl-site/nl/svs_core/nl=2, 1741669062196
Received update: /ndn/mk-site/mk/svs_core/mk=2, 1741669062363
Received update: /ndn/cy-site/cy/svs_core/cy=2, 1741669063034
Received update: /ndn/es-site/es/svs_core/es=2, 1741669065822
Received update: /ndn/pt-site/pt/svs_core/pt=2, 1741669066331
Received update: /ndn/ro-site/ro/svs_core/ro=2, 1741669068046
Received update: /ndn/lv-site/lv/svs_core/lv=2, 1741669069242
Received update: /ndn/md-site/md/svs_core/md=2, 1741669069365
Received update: /ndn/cz-site/cz/svs_core/cz=2, 1741669071024
Received update: /ndn/fi-site/fi/svs_core/fi=2, 1741669075539
Received update: /ndn/lu-site/lu/svs_core/lu=2, 1741669079229
Received update: /ndn/ge-site/ge/svs_core/ge=2, 1741669080489
Received update: /ndn/tr-site/tr/svs_core/tr=2, 1741669080889
Received update: /ndn/si-site/si/svs_core/si=2, 1741669082737
Received update: /ndn/lt-site/lt/svs_core/lt=2, 1741669083667
Received update: /ndn/be-site/be/svs_core/be=3, 1741669084007
Received update: /ndn/no-site/no/svs_core/no=3, 1741669084406
Received update: /ndn/ie-site/ie/svs_core/ie=3, 1741669084575
Received update: /ndn/me-site/me/svs_core/me=3, 1741669084653
Received update: /ndn/sk-site/sk/svs_core/sk=3, 1741669085241
Received update: /ndn/fr2-site/fr2/svs_core/fr2=3, 1741669087336
Received update: /ndn/al-site/al/svs_core/al=3, 1741669087427
Received update: /ndn/mt-site/mt/svs_core/mt=3, 1741669088188
Received update: /ndn/il-site/il/svs_core/il=3, 1741669088554
Received update: /ndn/bg-site/bg/svs_core/bg=3, 1741669089540
Received update: /ndn/hu-site/hu/svs_core/hu=3, 1741669091596
Received update: /ndn/az-site/az/svs_core/az=3, 1741669092749
Received update: /ndn/fr1-site/fr1/svs_core/fr1=3, 1741669093227
Received update: /ndn/is-site/is/svs_core/is=3, 1741669093496
Received update: /ndn/it-site/it/svs_core/it=3, 1741669094973
Received update: /ndn/rs-site/rs/svs_core/rs=3, 1741669095454
Received update: /ndn/uk-site/uk/svs_core/uk=3, 1741669096503
Received update: /ndn/pl-site/pl/svs_core/pl=3, 1741669096826
Received update: /ndn/de1-site/de1/svs_core/de1=3, 1741669096891
Received update: /ndn/am-site/am/svs_core/am=3, 1741669098212
Received update: /ndn/dk-site/dk/svs_core/dk=3, 1741669098377
Received update: /ndn/ua-site/ua/svs_core/ua=3, 1741669100729
Received update: /ndn/ch-site/ch/svs_core/ch=3, 1741669101240
Published sequence number: /ndn/de2-site/de2/svs_core/de2=3, 1741669102776
Sending Sync interest
Received update: /ndn/ee-site/ee/svs_core/ee=3, 1741669102969
Received update: /ndn/gr-site/gr/svs_core/gr=3, 1741669103952
Received update: /ndn/hr-site/hr/svs_core/hr=3, 1741669104510
Received update: /ndn/by-site/by/svs_core/by=3, 1741669105225
Received update: /ndn/at-site/at/svs_core/at=3, 1741669105636
Received update: /ndn/se-site/se/svs_core/se=3, 1741669107026
Received update: /ndn/nl-site/nl/svs_core/nl=3, 1741669107199
Received update: /ndn/mk-site/mk/svs_core/mk=3, 1741669107361
Received update: /ndn/cy-site/cy/svs_core/cy=3, 1741669108046
Received update: /ndn/es-site/es/svs_core/es=3, 1741669110827
Received update: /ndn/pt-site/pt/svs_core/pt=3, 1741669111338
Received update: /ndn/ro-site/ro/svs_core/ro=3, 1741669113058
Received update: /ndn/lv-site/lv/svs_core/lv=3, 1741669114247
Received update: /ndn/md-site/md/svs_core/md=3, 1741669114381
Received update: /ndn/cz-site/cz/svs_core/cz=3, 1741669116026
Received update: /ndn/fi-site/fi/svs_core/fi=3, 1741669120546
Received update: /ndn/lu-site/lu/svs_core/lu=3, 1741669124231
Received update: /ndn/ge-site/ge/svs_core/ge=3, 1741669125502
Received update: /ndn/tr-site/tr/svs_core/tr=3, 1741669125899
Received update: /ndn/si-site/si/svs_core/si=3, 1741669127743
Received update: /ndn/lt-site/lt/svs_core/lt=3, 1741669128667
Received update: /ndn/be-site/be/svs_core/be=4, 1741669129013
Received update: /ndn/no-site/no/svs_core/no=4, 1741669129410
Received update: /ndn/ie-site/ie/svs_core/ie=4, 1741669129579
Received update: /ndn/me-site/me/svs_core/me=4, 1741669129657
Received update: /ndn/sk-site/sk/svs_core/sk=4, 1741669130248
Received update: /ndn/fr2-site/fr2/svs_core/fr2=4, 1741669132341
Received update: /ndn/al-site/al/svs_core/al=4, 1741669132429
Received update: /ndn/mt-site/mt/svs_core/mt=4, 1741669133188
Received update: /ndn/il-site/il/svs_core/il=4, 1741669133560
Received update: /ndn/bg-site/bg/svs_core/bg=4, 1741669134548
Received update: /ndn/hu-site/hu/svs_core/hu=4, 1741669136599
Received update: /ndn/az-site/az/svs_core/az=4, 1741669137752
Received update: /ndn/fr1-site/fr1/svs_core/fr1=4, 1741669138230
Received update: /ndn/is-site/is/svs_core/is=4, 1741669138497
Received update: /ndn/it-site/it/svs_core/it=4, 1741669139981
Received update: /ndn/rs-site/rs/svs_core/rs=4, 1741669140456
Received update: /ndn/uk-site/uk/svs_core/uk=4, 1741669141510
Received update: /ndn/pl-site/pl/svs_core/pl=4, 1741669141832
Received update: /ndn/de1-site/de1/svs_core/de1=4, 1741669141892
Received update: /ndn/am-site/am/svs_core/am=4, 1741669143215
Received update: /ndn/dk-site/dk/svs_core/dk=4, 1741669143381
Received update: /ndn/ua-site/ua/svs_core/ua=4, 1741669145730
Received update: /ndn/ch-site/ch/svs_core/ch=4, 1741669146241
Published sequence number: /ndn/de2-site/de2/svs_core/de2=4, 1741669147779
Sending Sync interest
Received update: /ndn/ee-site/ee/svs_core/ee=4, 1741669147960
Received update: /ndn/gr-site/gr/svs_core/gr=4, 1741669148950
Received update: /ndn/hr-site/hr/svs_core/hr=4, 1741669149514
Received update: /ndn/by-site/by/svs_core/by=4, 1741669150229
Received update: /ndn/at-site/at/svs_core/at=4, 1741669150636
Received update: /ndn/se-site/se/svs_core/se=4, 1741669152027
Received update: /ndn/nl-site/nl/svs_core/nl=4, 1741669152201
Received update: /ndn/mk-site/mk/svs_core/mk=4, 1741669152368
Received update: /ndn/cy-site/cy/svs_core/cy=4, 1741669153044
Received update: /ndn/es-site/es/svs_core/es=4, 1741669155828
Received update: /ndn/pt-site/pt/svs_core/pt=4, 1741669156338
Received update: /ndn/ro-site/ro/svs_core/ro=4, 1741669158063
Received update: /ndn/lv-site/lv/svs_core/lv=4, 1741669159249
Received update: /ndn/md-site/md/svs_core/md=4, 1741669159374
Received update: /ndn/cz-site/cz/svs_core/cz=4, 1741669161026
Received update: /ndn/fi-site/fi/svs_core/fi=4, 1741669165559
Received update: /ndn/lu-site/lu/svs_core/lu=4, 1741669169238
Received update: /ndn/ge-site/ge/svs_core/ge=4, 1741669170494
Received update: /ndn/tr-site/tr/svs_core/tr=4, 1741669170897
Received update: /ndn/si-site/si/svs_core/si=4, 1741669172746
Received update: /ndn/lt-site/lt/svs_core/lt=4, 1741669173673
Received update: /ndn/be-site/be/svs_core/be=5, 1741669174016
Received update: /ndn/no-site/no/svs_core/no=5, 1741669174407
Received update: /ndn/ie-site/ie/svs_core/ie=5, 1741669174584
Received update: /ndn/me-site/me/svs_core/me=5, 1741669174658
Received update: /ndn/sk-site/sk/svs_core/sk=5, 1741669175249
Received update: /ndn/fr2-site/fr2/svs_core/fr2=5, 1741669177340
Received update: /ndn/al-site/al/svs_core/al=5, 1741669177428
Received update: /ndn/mt-site/mt/svs_core/mt=5, 1741669178191
Received update: /ndn/il-site/il/svs_core/il=5, 1741669178562
Received update: /ndn/bg-site/bg/svs_core/bg=5, 1741669179547
Received update: /ndn/hu-site/hu/svs_core/hu=5, 1741669181605
Received update: /ndn/az-site/az/svs_core/az=5, 1741669182758
Received update: /ndn/fr1-site/fr1/svs_core/fr1=5, 1741669183235
Received update: /ndn/is-site/is/svs_core/is=5, 1741669183499
Received update: /ndn/it-site/it/svs_core/it=5, 1741669184979
Received update: /ndn/rs-site/rs/svs_core/rs=5, 1741669185459
Received update: /ndn/uk-site/uk/svs_core/uk=5, 1741669186508
Received update: /ndn/pl-site/pl/svs_core/pl=5, 1741669186833
Received update: /ndn/de1-site/de1/svs_core/de1=5, 1741669186892
Received update: /ndn/am-site/am/svs_core/am=5, 1741669188215
Received update: /ndn/dk-site/dk/svs_core/dk=5, 1741669188382
Received update: /ndn/ua-site/ua/svs_core/ua=5, 1741669190754
Received update: /ndn/ch-site/ch/svs_core/ch=5, 1741669191246
Published sequence number: /ndn/de2-site/de2/svs_core/de2=5, 1741669192783
Sending Sync interest
Received update: /ndn/ee-site/ee/svs_core/ee=5, 1741669192967
Received update: /ndn/gr-site/gr/svs_core/gr=5, 1741669193954
Received update: /ndn/hr-site/hr/svs_core/hr=5, 1741669194515
Received update: /ndn/by-site/by/svs_core/by=5, 1741669195238
Received update: /ndn/at-site/at/svs_core/at=5, 1741669195639
Received update: /ndn/se-site/se/svs_core/se=5, 1741669197033
Received update: /ndn/nl-site/nl/svs_core/nl=5, 1741669197204
Received update: /ndn/mk-site/mk/svs_core/mk=5, 1741669197384
Received update: /ndn/cy-site/cy/svs_core/cy=5, 1741669198048
Received update: /ndn/es-site/es/svs_core/es=5, 1741669200839
Received update: /ndn/pt-site/pt/svs_core/pt=5, 1741669201342
Received update: /ndn/ro-site/ro/svs_core/ro=5, 1741669203064
Received update: /ndn/lv-site/lv/svs_core/lv=5, 1741669204253
Received update: /ndn/md-site/md/svs_core/md=5, 1741669204379
Received update: /ndn/cz-site/cz/svs_core/cz=5, 1741669206031
Received update: /ndn/fi-site/fi/svs_core/fi=5, 1741669210550
Received update: /ndn/lu-site/lu/svs_core/lu=5, 1741669214242
Received update: /ndn/ge-site/ge/svs_core/ge=5, 1741669215503
Received update: /ndn/tr-site/tr/svs_core/tr=5, 1741669215899
Received update: /ndn/si-site/si/svs_core/si=5, 1741669217743
Received update: /ndn/lt-site/lt/svs_core/lt=5, 1741669218685
Received update: /ndn/be-site/be/svs_core/be=6, 1741669219012
Received update: /ndn/no-site/no/svs_core/no=6, 1741669219412
Received update: /ndn/ie-site/ie/svs_core/ie=6, 1741669219594
Received update: /ndn/me-site/me/svs_core/me=6, 1741669219659
Received update: /ndn/sk-site/sk/svs_core/sk=6, 1741669220253
Received update: /ndn/fr2-site/fr2/svs_core/fr2=6, 1741669222357
Received update: /ndn/al-site/al/svs_core/al=6, 1741669222431
Received update: /ndn/mt-site/mt/svs_core/mt=6, 1741669223197
Received update: /ndn/il-site/il/svs_core/il=6, 1741669223570
Received update: /ndn/bg-site/bg/svs_core/bg=6, 1741669224566
Received update: /ndn/hu-site/hu/svs_core/hu=6, 1741669226610
Received update: /ndn/az-site/az/svs_core/az=6, 1741669227760
Received update: /ndn/fr1-site/fr1/svs_core/fr1=6, 1741669228239
Received update: /ndn/is-site/is/svs_core/is=6, 1741669228510
Received update: /ndn/it-site/it/svs_core/it=6, 1741669229990
Received update: /ndn/rs-site/rs/svs_core/rs=6, 1741669230461
Received update: /ndn/uk-site/uk/svs_core/uk=6, 1741669231517
Received update: /ndn/pl-site/pl/svs_core/pl=6, 1741669231835
Received update: /ndn/de1-site/de1/svs_core/de1=6, 1741669231892
Received update: /ndn/am-site/am/svs_core/am=6, 1741669233221
Received update: /ndn/dk-site/dk/svs_core/dk=6, 1741669233392
Received update: /ndn/ua-site/ua/svs_core/ua=6, 1741669235741
Received update: /ndn/ch-site/ch/svs_core/ch=6, 1741669236253
Published sequence number: /ndn/de2-site/de2/svs_core/de2=6, 1741669237792
Sending Sync interest
Received update: /ndn/ee-site/ee/svs_core/ee=6, 1741669237969
Received update: /ndn/gr-site/gr/svs_core/gr=6, 1741669238958
Received update: /ndn/hr-site/hr/svs_core/hr=6, 1741669239521
Received update: /ndn/by-site/by/svs_core/by=6, 1741669240249
Received update: /ndn/at-site/at/svs_core/at=6, 1741669240641
Received update: /ndn/se-site/se/svs_core/se=6, 1741669242038
Received update: /ndn/nl-site/nl/svs_core/nl=6, 1741669242204
Received update: /ndn/mk-site/mk/svs_core/mk=6, 1741669242378
Received update: /ndn/cy-site/cy/svs_core/cy=6, 1741669243062
Received update: /ndn/es-site/es/svs_core/es=6, 1741669245837
Received update: /ndn/pt-site/pt/svs_core/pt=6, 1741669246367
Received update: /ndn/ro-site/ro/svs_core/ro=6, 1741669248070
Received update: /ndn/lv-site/lv/svs_core/lv=6, 1741669249256
Received update: /ndn/md-site/md/svs_core/md=6, 1741669249383
Received update: /ndn/cz-site/cz/svs_core/cz=6, 1741669251041
Received update: /ndn/fi-site/fi/svs_core/fi=6, 1741669255556
Received update: /ndn/lu-site/lu/svs_core/lu=6, 1741669259253
Received update: /ndn/ge-site/ge/svs_core/ge=6, 1741669260507
Received update: /ndn/tr-site/tr/svs_core/tr=6, 1741669260911
Received update: /ndn/si-site/si/svs_core/si=6, 1741669262748
Received update: /ndn/lt-site/lt/svs_core/lt=6, 1741669263691
Received update: /ndn/be-site/be/svs_core/be=7, 1741669264017
Received update: /ndn/no-site/no/svs_core/no=7, 1741669264426
Received update: /ndn/ie-site/ie/svs_core/ie=7, 1741669264599
Received update: /ndn/me-site/me/svs_core/me=7, 1741669264664
Received update: /ndn/sk-site/sk/svs_core/sk=7, 1741669265256
Received update: /ndn/fr2-site/fr2/svs_core/fr2=7, 1741669267351
Received update: /ndn/al-site/al/svs_core/al=7, 1741669267438
Received update: /ndn/mt-site/mt/svs_core/mt=7, 1741669268204
Received update: /ndn/il-site/il/svs_core/il=7, 1741669268580
Received update: /ndn/bg-site/bg/svs_core/bg=7, 1741669269565
Received update: /ndn/hu-site/hu/svs_core/hu=7, 1741669271621
Received update: /ndn/az-site/az/svs_core/az=7, 1741669272765
Received update: /ndn/fr1-site/fr1/svs_core/fr1=7, 1741669273250
Received update: /ndn/is-site/is/svs_core/is=7, 1741669273522
Received update: /ndn/it-site/it/svs_core/it=7, 1741669274996
Received update: /ndn/rs-site/rs/svs_core/rs=7, 1741669275465
Received update: /ndn/uk-site/uk/svs_core/uk=7, 1741669276535
Received update: /ndn/pl-site/pl/svs_core/pl=7, 1741669276841
Received update: /ndn/de1-site/de1/svs_core/de1=7, 1741669276895
Received update: /ndn/am-site/am/svs_core/am=7, 1741669278219
Received update: /ndn/dk-site/dk/svs_core/dk=7, 1741669278397
Received update: /ndn/ua-site/ua/svs_core/ua=7, 1741669280751
Received update: /ndn/ch-site/ch/svs_core/ch=7, 1741669281259
Published sequence number: /ndn/de2-site/de2/svs_core/de2=7, 1741669282798
Sending Sync interest
Received update: /ndn/ee-site/ee/svs_core/ee=7, 1741669282974
Received update: /ndn/gr-site/gr/svs_core/gr=7, 1741669283968
Received update: /ndn/hr-site/hr/svs_core/hr=7, 1741669284520
Received update: /ndn/by-site/by/svs_core/by=7, 1741669285258
Received update: /ndn/at-site/at/svs_core/at=7, 1741669285643
Received update: /ndn/se-site/se/svs_core/se=7, 1741669287043
Received update: /ndn/nl-site/nl/svs_core/nl=7, 1741669287211
Received update: /ndn/mk-site/mk/svs_core/mk=7, 1741669287381
Received update: /ndn/cy-site/cy/svs_core/cy=7, 1741669288067
Received update: /ndn/es-site/es/svs_core/es=7, 1741669290851
Received update: /ndn/pt-site/pt/svs_core/pt=7, 1741669291348
Received update: /ndn/ro-site/ro/svs_core/ro=7, 1741669293069
Received update: /ndn/lv-site/lv/svs_core/lv=7, 1741669294261
Received update: /ndn/md-site/md/svs_core/md=7, 1741669294389
Received update: /ndn/cz-site/cz/svs_core/cz=7, 1741669296043
Received update: /ndn/fi-site/fi/svs_core/fi=7, 1741669300563
Received update: /ndn/lu-site/lu/svs_core/lu=7, 1741669304260
Received update: /ndn/ge-site/ge/svs_core/ge=7, 1741669305506
Received update: /ndn/tr-site/tr/svs_core/tr=7, 1741669305909
Received update: /ndn/si-site/si/svs_core/si=7, 1741669307752
Received update: /ndn/lt-site/lt/svs_core/lt=7, 1741669308701
Received update: /ndn/be-site/be/svs_core/be=8, 1741669309028
Received update: /ndn/no-site/no/svs_core/no=8, 1741669309435
Received update: /ndn/ie-site/ie/svs_core/ie=8, 1741669309601
Received update: /ndn/me-site/me/svs_core/me=8, 1741669309660
Received update: /ndn/sk-site/sk/svs_core/sk=8, 1741669310254
Received update: /ndn/fr2-site/fr2/svs_core/fr2=8, 1741669312366
Received update: /ndn/al-site/al/svs_core/al=8, 1741669312435
Received update: /ndn/mt-site/mt/svs_core/mt=8, 1741669313203
Received update: /ndn/il-site/il/svs_core/il=8, 1741669313585
Received update: /ndn/bg-site/bg/svs_core/bg=8, 1741669314574
Received update: /ndn/hu-site/hu/svs_core/hu=8, 1741669316636
Received update: /ndn/az-site/az/svs_core/az=8, 1741669317767
Received update: /ndn/fr1-site/fr1/svs_core/fr1=8, 1741669318250
Received update: /ndn/is-site/is/svs_core/is=8, 1741669318517
Received update: /ndn/it-site/it/svs_core/it=8, 1741669319994
Received update: /ndn/rs-site/rs/svs_core/rs=8, 1741669320465
Received update: /ndn/uk-site/uk/svs_core/uk=8, 1741669321536
Received update: /ndn/pl-site/pl/svs_core/pl=8, 1741669321850
Received update: /ndn/de1-site/de1/svs_core/de1=8, 1741669321892
Received update: /ndn/am-site/am/svs_core/am=8, 1741669323224
Received update: /ndn/dk-site/dk/svs_core/dk=8, 1741669323401
Received update: /ndn/ua-site/ua/svs_core/ua=8, 1741669325753
Received update: /ndn/ch-site/ch/svs_core/ch=8, 1741669326263
Published sequence number: /ndn/de2-site/de2/svs_core/de2=8, 1741669327800
Sending Sync interest
Received update: /ndn/ee-site/ee/svs_core/ee=8, 1741669327979
Received update: /ndn/gr-site/gr/svs_core/gr=8, 1741669328968
Received update: /ndn/hr-site/hr/svs_core/hr=8, 1741669329532
Received update: /ndn/by-site/by/svs_core/by=8, 1741669330265
Received update: /ndn/at-site/at/svs_core/at=8, 1741669330652
Received update: /ndn/se-site/se/svs_core/se=8, 1741669332042
Received update: /ndn/nl-site/nl/svs_core/nl=8, 1741669332217
Received update: /ndn/mk-site/mk/svs_core/mk=8, 1741669332379
Received update: /ndn/cy-site/cy/svs_core/cy=8, 1741669333073
Received update: /ndn/es-site/es/svs_core/es=8, 1741669335850
Received update: /ndn/pt-site/pt/svs_core/pt=8, 1741669336358
Received update: /ndn/ro-site/ro/svs_core/ro=8, 1741669338077
Received update: /ndn/lv-site/lv/svs_core/lv=8, 1741669339268
Received update: /ndn/md-site/md/svs_core/md=8, 1741669339391
Received update: /ndn/cz-site/cz/svs_core/cz=8, 1741669341051
Received update: /ndn/fi-site/fi/svs_core/fi=8, 1741669345568
Received update: /ndn/lu-site/lu/svs_core/lu=8, 1741669349273
Received update: /ndn/ge-site/ge/svs_core/ge=8, 1741669350509
Received update: /ndn/tr-site/tr/svs_core/tr=8, 1741669350913
Received update: /ndn/si-site/si/svs_core/si=8, 1741669352758
Received update: /ndn/lt-site/lt/svs_core/lt=8, 1741669353704
Received update: /ndn/be-site/be/svs_core/be=9, 1741669354034
Received update: /ndn/no-site/no/svs_core/no=9, 1741669354438
Received update: /ndn/ie-site/ie/svs_core/ie=9, 1741669354594
Received update: /ndn/me-site/me/svs_core/me=9, 1741669354666
Received update: /ndn/sk-site/sk/svs_core/sk=9, 1741669355266
Received update: /ndn/fr2-site/fr2/svs_core/fr2=9, 1741669357364
Received update: /ndn/al-site/al/svs_core/al=9, 1741669357435
Received update: /ndn/mt-site/mt/svs_core/mt=9, 1741669358209
Received update: /ndn/il-site/il/svs_core/il=9, 1741669358596
Received update: /ndn/bg-site/bg/svs_core/bg=9, 1741669359579
Received update: /ndn/hu-site/hu/svs_core/hu=9, 1741669361638
Received update: /ndn/az-site/az/svs_core/az=9, 1741669362774
Received update: /ndn/fr1-site/fr1/svs_core/fr1=9, 1741669363253
Received update: /ndn/is-site/is/svs_core/is=9, 1741669363528
Received update: /ndn/it-site/it/svs_core/it=9, 1741669364998
Received update: /ndn/rs-site/rs/svs_core/rs=9, 1741669365470
Received update: /ndn/uk-site/uk/svs_core/uk=9, 1741669366541
Received update: /ndn/pl-site/pl/svs_core/pl=9, 1741669366855
Received update: /ndn/de1-site/de1/svs_core/de1=9, 1741669366895
Received update: /ndn/am-site/am/svs_core/am=9, 1741669368224
Received update: /ndn/dk-site/dk/svs_core/dk=9, 1741669368401
Received update: /ndn/ua-site/ua/svs_core/ua=9, 1741669370761
Received update: /ndn/ch-site/ch/svs_core/ch=9, 1741669371265
Published sequence number: /ndn/de2-site/de2/svs_core/de2=9, 1741669372805
Sending Sync interest
Received update: /ndn/ee-site/ee/svs_core/ee=9, 1741669372984
Received update: /ndn/gr-site/gr/svs_core/gr=9, 1741669373969
Received update: /ndn/hr-site/hr/svs_core/hr=9, 1741669374541
Received update: /ndn/by-site/by/svs_core/by=9, 1741669375270
Received update: /ndn/at-site/at/svs_core/at=9, 1741669375657
Received update: /ndn/se-site/se/svs_core/se=9, 1741669377049
Received update: /ndn/nl-site/nl/svs_core/nl=9, 1741669377221
Received update: /ndn/mk-site/mk/svs_core/mk=9, 1741669377386
Received update: /ndn/cy-site/cy/svs_core/cy=9, 1741669378073
Received update: /ndn/es-site/es/svs_core/es=9, 1741669380852
Received update: /ndn/pt-site/pt/svs_core/pt=9, 1741669381358
Received update: /ndn/ro-site/ro/svs_core/ro=9, 1741669383076
Received update: /ndn/lv-site/lv/svs_core/lv=9, 1741669384267
Received update: /ndn/md-site/md/svs_core/md=9, 1741669384386
Received update: /ndn/cz-site/cz/svs_core/cz=9, 1741669386050
Received update: /ndn/fi-site/fi/svs_core/fi=9, 1741669390567
Received update: /ndn/lu-site/lu/svs_core/lu=9, 1741669394276
Received update: /ndn/ge-site/ge/svs_core/ge=9, 1741669395510
Received update: /ndn/tr-site/tr/svs_core/tr=9, 1741669395912
Received update: /ndn/si-site/si/svs_core/si=9, 1741669397765
Received update: /ndn/lt-site/lt/svs_core/lt=9, 1741669398704
Received update: /ndn/be-site/be/svs_core/be=10, 1741669399037
Received update: /ndn/no-site/no/svs_core/no=10, 1741669399439
Received update: /ndn/ie-site/ie/svs_core/ie=10, 1741669399597
Received update: /ndn/me-site/me/svs_core/me=10, 1741669399664
Received update: /ndn/sk-site/sk/svs_core/sk=10, 1741669400266
Received update: /ndn/fr2-site/fr2/svs_core/fr2=10, 1741669402366
Received update: /ndn/al-site/al/svs_core/al=10, 1741669402432
Received update: /ndn/mt-site/mt/svs_core/mt=10, 1741669403206
Received update: /ndn/il-site/il/svs_core/il=10, 1741669403599
Received update: /ndn/bg-site/bg/svs_core/bg=10, 1741669404584
Received update: /ndn/hu-site/hu/svs_core/hu=10, 1741669406640
Received update: /ndn/az-site/az/svs_core/az=10, 1741669407777
Received update: /ndn/fr1-site/fr1/svs_core/fr1=10, 1741669408254
Received update: /ndn/is-site/is/svs_core/is=10, 1741669408528
Received update: /ndn/it-site/it/svs_core/it=10, 1741669409995
Received update: /ndn/rs-site/rs/svs_core/rs=10, 1741669410471
Received update: /ndn/uk-site/uk/svs_core/uk=10, 1741669411540
Received update: /ndn/pl-site/pl/svs_core/pl=10, 1741669411859
Received update: /ndn/de1-site/de1/svs_core/de1=10, 1741669411896
Received update: /ndn/am-site/am/svs_core/am=10, 1741669413224
Received update: /ndn/dk-site/dk/svs_core/dk=10, 1741669413398
Received update: /ndn/ua-site/ua/svs_core/ua=10, 1741669415758
Received update: /ndn/ch-site/ch/svs_core/ch=10, 1741669416268
Published sequence number: /ndn/de2-site/de2/svs_core/de2=10, 1741669417808
Sending Sync interest
Received update: /ndn/ee-site/ee/svs_core/ee=10, 1741669417983
Received update: /ndn/gr-site/gr/svs_core/gr=10, 1741669418961
Received update: /ndn/hr-site/hr/svs_core/hr=10, 1741669419545
Received update: /ndn/by-site/by/svs_core/by=10, 1741669420271
Received update: /ndn/at-site/at/svs_core/at=10, 1741669420660
Received update: /ndn/se-site/se/svs_core/se=10, 1741669422052
Received update: /ndn/nl-site/nl/svs_core/nl=10, 1741669422224
Received update: /ndn/mk-site/mk/svs_core/mk=10, 1741669422394
Received update: /ndn/cy-site/cy/svs_core/cy=10, 1741669423069
Received update: /ndn/es-site/es/svs_core/es=10, 1741669425860
Received update: /ndn/pt-site/pt/svs_core/pt=10, 1741669426355
Received update: /ndn/ro-site/ro/svs_core/ro=10, 1741669428085
Received update: /ndn/lv-site/lv/svs_core/lv=10, 1741669429264
Received update: /ndn/md-site/md/svs_core/md=10, 1741669429392
Received update: /ndn/cz-site/cz/svs_core/cz=10, 1741669431055
Received update: /ndn/fi-site/fi/svs_core/fi=10, 1741669435570
Received update: /ndn/lu-site/lu/svs_core/lu=10, 1741669439289
Received update: /ndn/ge-site/ge/svs_core/ge=10, 1741669440514
Received update: /ndn/tr-site/tr/svs_core/tr=10, 1741669440919
Received update: /ndn/si-site/si/svs_core/si=10, 1741669442767
Received update: /ndn/lt-site/lt/svs_core/lt=10, 1741669443712
Received update: /ndn/be-site/be/svs_core/be=11, 1741669444040
Received update: /ndn/no-site/no/svs_core/no=11, 1741669444436
Received update: /ndn/ie-site/ie/svs_core/ie=11, 1741669444596
Received update: /ndn/me-site/me/svs_core/me=11, 1741669444666
Received update: /ndn/sk-site/sk/svs_core/sk=11, 1741669445273
Received update: /ndn/fr2-site/fr2/svs_core/fr2=11, 1741669447367
Received update: /ndn/al-site/al/svs_core/al=11, 1741669447430
Received update: /ndn/mt-site/mt/svs_core/mt=11, 1741669448213
Received update: /ndn/il-site/il/svs_core/il=11, 1741669448604
Received update: /ndn/bg-site/bg/svs_core/bg=11, 1741669449587
Received update: /ndn/hu-site/hu/svs_core/hu=11, 1741669451647
Received update: /ndn/az-site/az/svs_core/az=11, 1741669452783
Received update: /ndn/fr1-site/fr1/svs_core/fr1=11, 1741669453257
Received update: /ndn/is-site/is/svs_core/is=11, 1741669453529
Received update: /ndn/it-site/it/svs_core/it=11, 1741669455001
Received update: /ndn/rs-site/rs/svs_core/rs=11, 1741669455471
Received update: /ndn/uk-site/uk/svs_core/uk=11, 1741669456552
Received update: /ndn/pl-site/pl/svs_core/pl=11, 1741669456859
Received update: /ndn/de1-site/de1/svs_core/de1=11, 1741669456899
Received update: /ndn/am-site/am/svs_core/am=11, 1741669458226
Received update: /ndn/dk-site/dk/svs_core/dk=11, 1741669458400
Received update: /ndn/ua-site/ua/svs_core/ua=11, 1741669460764
Received update: /ndn/ch-site/ch/svs_core/ch=11, 1741669461270
Published sequence number: /ndn/de2-site/de2/svs_core/de2=11, 1741669462812
Sending Sync interest
Received update: /ndn/ee-site/ee/svs_core/ee=11, 1741669462987
Received update: /ndn/gr-site/gr/svs_core/gr=11, 1741669463965
Received update: /ndn/hr-site/hr/svs_core/hr=11, 1741669464546
Received update: /ndn/by-site/by/svs_core/by=11, 1741669465272
Received update: /ndn/at-site/at/svs_core/at=11, 1741669465663
Received update: /ndn/se-site/se/svs_core/se=11, 1741669467059
Received update: /ndn/nl-site/nl/svs_core/nl=11, 1741669467227
Received update: /ndn/mk-site/mk/svs_core/mk=11, 1741669467396
Received update: /ndn/cy-site/cy/svs_core/cy=11, 1741669468082
Received update: /ndn/es-site/es/svs_core/es=11, 1741669470855
Received update: /ndn/pt-site/pt/svs_core/pt=11, 1741669471357
Received update: /ndn/ro-site/ro/svs_core/ro=11, 1741669473086
Received update: /ndn/lv-site/lv/svs_core/lv=11, 1741669474273
Received update: /ndn/md-site/md/svs_core/md=11, 1741669474399
Received update: /ndn/cz-site/cz/svs_core/cz=11, 1741669476059
Received update: /ndn/fi-site/fi/svs_core/fi=11, 1741669480577
Received update: /ndn/lu-site/lu/svs_core/lu=11, 1741669484286
Received update: /ndn/ge-site/ge/svs_core/ge=11, 1741669485516
Received update: /ndn/tr-site/tr/svs_core/tr=11, 1741669485920
Received update: /ndn/si-site/si/svs_core/si=11, 1741669487763
Received update: /ndn/lt-site/lt/svs_core/lt=11, 1741669488714
Received update: /ndn/be-site/be/svs_core/be=12, 1741669489039
Received update: /ndn/no-site/no/svs_core/no=12, 1741669489441
Received update: /ndn/ie-site/ie/svs_core/ie=12, 1741669489592
Received update: /ndn/me-site/me/svs_core/me=12, 1741669489669
Received update: /ndn/sk-site/sk/svs_core/sk=12, 1741669490276
Received update: /ndn/fr2-site/fr2/svs_core/fr2=12, 1741669492374
Received update: /ndn/al-site/al/svs_core/al=12, 1741669492435
Received update: /ndn/mt-site/mt/svs_core/mt=12, 1741669493217
Received update: /ndn/il-site/il/svs_core/il=12, 1741669493606
Received update: /ndn/bg-site/bg/svs_core/bg=12, 1741669494591
Received update: /ndn/hu-site/hu/svs_core/hu=12, 1741669496650
Received update: /ndn/az-site/az/svs_core/az=12, 1741669497783
Received update: /ndn/fr1-site/fr1/svs_core/fr1=12, 1741669498264
Received update: /ndn/is-site/is/svs_core/is=12, 1741669498534
Received update: /ndn/it-site/it/svs_core/it=12, 1741669500011
Received update: /ndn/rs-site/rs/svs_core/rs=12, 1741669500473
Received update: /ndn/uk-site/uk/svs_core/uk=12, 1741669501554
Received update: /ndn/pl-site/pl/svs_core/pl=12, 1741669501867
Received update: /ndn/de1-site/de1/svs_core/de1=12, 1741669501897
Received update: /ndn/am-site/am/svs_core/am=12, 1741669503228
Received update: /ndn/dk-site/dk/svs_core/dk=12, 1741669503401
Received update: /ndn/ua-site/ua/svs_core/ua=12, 1741669505773
Received update: /ndn/ch-site/ch/svs_core/ch=12, 1741669506274
Published sequence number: /ndn/de2-site/de2/svs_core/de2=12, 1741669507818
Sending Sync interest
Received update: /ndn/ee-site/ee/svs_core/ee=12, 1741669507990
Received update: /ndn/gr-site/gr/svs_core/gr=12, 1741669508967
Received update: /ndn/hr-site/hr/svs_core/hr=12, 1741669509550
Received update: /ndn/by-site/by/svs_core/by=12, 1741669510279
Received update: /ndn/at-site/at/svs_core/at=12, 1741669510672
Received update: /ndn/se-site/se/svs_core/se=12, 1741669512064
Received update: /ndn/nl-site/nl/svs_core/nl=12, 1741669512231
Received update: /ndn/mk-site/mk/svs_core/mk=12, 1741669512399
Received update: /ndn/cy-site/cy/svs_core/cy=12, 1741669513080
Received update: /ndn/es-site/es/svs_core/es=12, 1741669515858
Received update: /ndn/pt-site/pt/svs_core/pt=12, 1741669516376
Received update: /ndn/ro-site/ro/svs_core/ro=12, 1741669518092
Received update: /ndn/lv-site/lv/svs_core/lv=12, 1741669519276
Received update: /ndn/md-site/md/svs_core/md=12, 1741669519399
Received update: /ndn/cz-site/cz/svs_core/cz=12, 1741669521061
Received update: /ndn/fi-site/fi/svs_core/fi=12, 1741669525577
Received update: /ndn/lu-site/lu/svs_core/lu=12, 1741669529290
Received update: /ndn/ge-site/ge/svs_core/ge=12, 1741669530521
Received update: /ndn/tr-site/tr/svs_core/tr=12, 1741669530923
Received update: /ndn/si-site/si/svs_core/si=12, 1741669532774
Received update: /ndn/lt-site/lt/svs_core/lt=12, 1741669533711
Received update: /ndn/be-site/be/svs_core/be=13, 1741669534052
Received update: /ndn/no-site/no/svs_core/no=13, 1741669534439
Received update: /ndn/ie-site/ie/svs_core/ie=13, 1741669534595
Received update: /ndn/me-site/me/svs_core/me=13, 1741669534669
Received update: /ndn/sk-site/sk/svs_core/sk=13, 1741669535279
Received update: /ndn/fr2-site/fr2/svs_core/fr2=13, 1741669537378
Received update: /ndn/al-site/al/svs_core/al=13, 1741669537439
Received update: /ndn/mt-site/mt/svs_core/mt=13, 1741669538222
Received update: /ndn/il-site/il/svs_core/il=13, 1741669538612
Received update: /ndn/bg-site/bg/svs_core/bg=13, 1741669539593
Received update: /ndn/hu-site/hu/svs_core/hu=13, 1741669541656
Received update: /ndn/az-site/az/svs_core/az=13, 1741669542788
Received update: /ndn/fr1-site/fr1/svs_core/fr1=13, 1741669543265
Received update: /ndn/is-site/is/svs_core/is=13, 1741669543536
Received update: /ndn/it-site/it/svs_core/it=13, 1741669545007
Received update: /ndn/rs-site/rs/svs_core/rs=13, 1741669545477
Received update: /ndn/uk-site/uk/svs_core/uk=13, 1741669546556
Received update: /ndn/pl-site/pl/svs_core/pl=13, 1741669546872
Received update: /ndn/am-site/am/svs_core/am=13, 1741669548228
Received update: /ndn/dk-site/dk/svs_core/dk=13, 1741669548400
Received update: /ndn/de1-site/de1/svs_core/de1=13, 1741669548449
Received update: /ndn/ua-site/ua/svs_core/ua=13, 1741669550773
Received update: /ndn/ch-site/ch/svs_core/ch=13, 1741669551276
Published sequence number: /ndn/de2-site/de2/svs_core/de2=13, 1741669552820
Sending Sync interest
Received update: /ndn/ee-site/ee/svs_core/ee=13, 1741669552995
Received update: /ndn/gr-site/gr/svs_core/gr=13, 1741669553969
Received update: /ndn/hr-site/hr/svs_core/hr=13, 1741669554562
Received update: /ndn/by-site/by/svs_core/by=13, 1741669555282
Received update: /ndn/at-site/at/svs_core/at=13, 1741669555676
Received update: /ndn/se-site/se/svs_core/se=13, 1741669557062
Received update: /ndn/nl-site/nl/svs_core/nl=13, 1741669557230
Received update: /ndn/mk-site/mk/svs_core/mk=13, 1741669557401
Received update: /ndn/cy-site/cy/svs_core/cy=13, 1741669558082
Received update: /ndn/es-site/es/svs_core/es=13, 1741669560860
Received update: /ndn/pt-site/pt/svs_core/pt=13, 1741669561371
Received update: /ndn/ro-site/ro/svs_core/ro=13, 1741669563099
Received update: /ndn/lv-site/lv/svs_core/lv=13, 1741669564281
Received update: /ndn/md-site/md/svs_core/md=13, 1741669564409
Received update: /ndn/cz-site/cz/svs_core/cz=13, 1741669566062
Received update: /ndn/fi-site/fi/svs_core/fi=13, 1741669570585
Received update: /ndn/lu-site/lu/svs_core/lu=13, 1741669574292
Received update: /ndn/ge-site/ge/svs_core/ge=13, 1741669575526
Received update: /ndn/tr-site/tr/svs_core/tr=13, 1741669575929
Received update: /ndn/si-site/si/svs_core/si=13, 1741669577776
Received update: /ndn/lt-site/lt/svs_core/lt=13, 1741669578714
Received update: /ndn/be-site/be/svs_core/be=14, 1741669579041
Received update: /ndn/no-site/no/svs_core/no=14, 1741669579446
Received update: /ndn/ie-site/ie/svs_core/ie=14, 1741669579600
Received update: /ndn/me-site/me/svs_core/me=14, 1741669579670
Received update: /ndn/sk-site/sk/svs_core/sk=14, 1741669580288
Received update: /ndn/fr2-site/fr2/svs_core/fr2=14, 1741669582383
Received update: /ndn/al-site/al/svs_core/al=14, 1741669582438
Received update: /ndn/mt-site/mt/svs_core/mt=14, 1741669583224
Received update: /ndn/il-site/il/svs_core/il=14, 1741669583611
Received update: /ndn/bg-site/bg/svs_core/bg=14, 1741669584596
Received update: /ndn/hu-site/hu/svs_core/hu=14, 1741669586654
Received update: /ndn/az-site/az/svs_core/az=14, 1741669587788
Received update: /ndn/fr1-site/fr1/svs_core/fr1=14, 1741669588267
Received update: /ndn/is-site/is/svs_core/is=14, 1741669588536
Received update: /ndn/it-site/it/svs_core/it=14, 1741669590009
Received update: /ndn/rs-site/rs/svs_core/rs=14, 1741669590477
Received update: /ndn/uk-site/uk/svs_core/uk=14, 1741669591560
Received update: /ndn/pl-site/pl/svs_core/pl=14, 1741669591873
Received update: /ndn/de1-site/de1/svs_core/de1=14, 1741669591902
Received update: /ndn/am-site/am/svs_core/am=14, 1741669593233
Received update: /ndn/dk-site/dk/svs_core/dk=14, 1741669593403
Received update: /ndn/ua-site/ua/svs_core/ua=14, 1741669595774
Received update: /ndn/ch-site/ch/svs_core/ch=14, 1741669596278
Published sequence number: /ndn/de2-site/de2/svs_core/de2=14, 1741669597822
Sending Sync interest
Received update: /ndn/ee-site/ee/svs_core/ee=14, 1741669597996
Received update: /ndn/gr-site/gr/svs_core/gr=14, 1741669598986
Received update: /ndn/hr-site/hr/svs_core/hr=14, 1741669599559
Received update: /ndn/by-site/by/svs_core/by=14, 1741669600285
Received update: /ndn/at-site/at/svs_core/at=14, 1741669600678
Received update: /ndn/se-site/se/svs_core/se=14, 1741669602064
Received update: /ndn/nl-site/nl/svs_core/nl=14, 1741669602235
Received update: /ndn/mk-site/mk/svs_core/mk=14, 1741669602403
Received update: /ndn/cy-site/cy/svs_core/cy=14, 1741669603086
Received update: /ndn/es-site/es/svs_core/es=14, 1741669605864
Received update: /ndn/pt-site/pt/svs_core/pt=14, 1741669606371
Received update: /ndn/ro-site/ro/svs_core/ro=14, 1741669608101
Received update: /ndn/lv-site/lv/svs_core/lv=14, 1741669609286
Received update: /ndn/md-site/md/svs_core/md=14, 1741669609407
Received update: /ndn/cz-site/cz/svs_core/cz=14, 1741669611065
Received update: /ndn/fi-site/fi/svs_core/fi=14, 1741669615587
Received update: /ndn/lu-site/lu/svs_core/lu=14, 1741669619297
Received update: /ndn/ge-site/ge/svs_core/ge=14, 1741669620531
Received update: /ndn/tr-site/tr/svs_core/tr=14, 1741669620933
Received update: /ndn/si-site/si/svs_core/si=14, 1741669622785
Received update: /ndn/lt-site/lt/svs_core/lt=14, 1741669623717
Received update: /ndn/be-site/be/svs_core/be=15, 1741669624048
Received update: /ndn/no-site/no/svs_core/no=15, 1741669624449
Received update: /ndn/ie-site/ie/svs_core/ie=15, 1741669624602
Received update: /ndn/me-site/me/svs_core/me=15, 1741669624671
Received update: /ndn/sk-site/sk/svs_core/sk=15, 1741669625281
Received update: /ndn/fr2-site/fr2/svs_core/fr2=15, 1741669627388
Received update: /ndn/al-site/al/svs_core/al=15, 1741669627439
Received update: /ndn/mt-site/mt/svs_core/mt=15, 1741669628225
Received update: /ndn/il-site/il/svs_core/il=15, 1741669628615
Received update: /ndn/bg-site/bg/svs_core/bg=15, 1741669629602
Received update: /ndn/hu-site/hu/svs_core/hu=15, 1741669631659
Received update: /ndn/az-site/az/svs_core/az=15, 1741669632795
Received update: /ndn/fr1-site/fr1/svs_core/fr1=15, 1741669633273
Received update: /ndn/is-site/is/svs_core/is=15, 1741669633543
Received update: /ndn/it-site/it/svs_core/it=15, 1741669635017
Received update: /ndn/rs-site/rs/svs_core/rs=15, 1741669635483
Received update: /ndn/uk-site/uk/svs_core/uk=15, 1741669636561
Received update: /ndn/pl-site/pl/svs_core/pl=15, 1741669636879
Received update: /ndn/am-site/am/svs_core/am=15, 1741669638233
Received update: /ndn/de1-site/de1/svs_core/de1=15, 1741669638300
Received update: /ndn/dk-site/dk/svs_core/dk=15, 1741669638405
Received update: /ndn/ua-site/ua/svs_core/ua=15, 1741669640776
Received update: /ndn/ch-site/ch/svs_core/ch=15, 1741669641280
Published sequence number: /ndn/de2-site/de2/svs_core/de2=15, 1741669642827
Sending Sync interest
Received update: /ndn/ee-site/ee/svs_core/ee=15, 1741669642997
Received update: /ndn/gr-site/gr/svs_core/gr=15, 1741669643980
Received update: /ndn/hr-site/hr/svs_core/hr=15, 1741669644560
Received update: /ndn/by-site/by/svs_core/by=15, 1741669645293
Received update: /ndn/at-site/at/svs_core/at=15, 1741669645681
Received update: /ndn/se-site/se/svs_core/se=15, 1741669647070
Received update: /ndn/nl-site/nl/svs_core/nl=15, 1741669647243
Received update: /ndn/mk-site/mk/svs_core/mk=15, 1741669647407
Received update: /ndn/cy-site/cy/svs_core/cy=15, 1741669648094
Received update: /ndn/es-site/es/svs_core/es=15, 1741669650864
Received update: /ndn/pt-site/pt/svs_core/pt=15, 1741669651375
Received update: /ndn/ro-site/ro/svs_core/ro=15, 1741669653104
Received update: /ndn/lv-site/lv/svs_core/lv=15, 1741669654301
Received update: /ndn/md-site/md/svs_core/md=15, 1741669654412
Received update: /ndn/cz-site/cz/svs_core/cz=15, 1741669656068
Received update: /ndn/fi-site/fi/svs_core/fi=15, 1741669660589
Received update: /ndn/lu-site/lu/svs_core/lu=15, 1741669664298
Received update: /ndn/ge-site/ge/svs_core/ge=15, 1741669665532
Received update: /ndn/tr-site/tr/svs_core/tr=15, 1741669665937
Received update: /ndn/si-site/si/svs_core/si=15, 1741669667788
Received update: /ndn/lt-site/lt/svs_core/lt=15, 1741669668724
Received update: /ndn/be-site/be/svs_core/be=16, 1741669669051
Received update: /ndn/no-site/no/svs_core/no=16, 1741669669454
Received update: /ndn/ie-site/ie/svs_core/ie=16, 1741669669599
Received update: /ndn/me-site/me/svs_core/me=16, 1741669669673
Received update: /ndn/sk-site/sk/svs_core/sk=16, 1741669670283
Received update: /ndn/fr2-site/fr2/svs_core/fr2=16, 1741669672389
Received update: /ndn/al-site/al/svs_core/al=16, 1741669672439
Received update: /ndn/mt-site/mt/svs_core/mt=16, 1741669673234
Received update: /ndn/il-site/il/svs_core/il=16, 1741669673615
Received update: /ndn/bg-site/bg/svs_core/bg=16, 1741669674608
Received update: /ndn/hu-site/hu/svs_core/hu=16, 1741669676664
Received update: /ndn/az-site/az/svs_core/az=16, 1741669677802
Received update: /ndn/fr1-site/fr1/svs_core/fr1=16, 1741669678278
Received update: /ndn/is-site/is/svs_core/is=16, 1741669678546
Received update: /ndn/it-site/it/svs_core/it=16, 1741669680023
Received update: /ndn/rs-site/rs/svs_core/rs=16, 1741669680483
Received update: /ndn/uk-site/uk/svs_core/uk=16, 1741669681569
Received update: /ndn/pl-site/pl/svs_core/pl=16, 1741669681881
Received update: /ndn/de1-site/de1/svs_core/de1=16, 1741669681906
Received update: /ndn/am-site/am/svs_core/am=16, 1741669683239
Received update: /ndn/dk-site/dk/svs_core/dk=16, 1741669683411
Received update: /ndn/ua-site/ua/svs_core/ua=16, 1741669685783
Received update: /ndn/ch-site/ch/svs_core/ch=16, 1741669686283
Published sequence number: /ndn/de2-site/de2/svs_core/de2=16, 1741669687831
Sending Sync interest
Received update: /ndn/ee-site/ee/svs_core/ee=16, 1741669687999
Received update: /ndn/gr-site/gr/svs_core/gr=16, 1741669688979
Received update: /ndn/hr-site/hr/svs_core/hr=16, 1741669689562
Received update: /ndn/by-site/by/svs_core/by=16, 1741669690302
Received update: /ndn/at-site/at/svs_core/at=16, 1741669690684
Received update: /ndn/se-site/se/svs_core/se=16, 1741669692066
Received update: /ndn/nl-site/nl/svs_core/nl=16, 1741669692246
Received update: /ndn/mk-site/mk/svs_core/mk=16, 1741669692410
Received update: /ndn/cy-site/cy/svs_core/cy=16, 1741669693100
Received update: /ndn/es-site/es/svs_core/es=16, 1741669695869
Received update: /ndn/pt-site/pt/svs_core/pt=16, 1741669696370
Received update: /ndn/ro-site/ro/svs_core/ro=16, 1741669698108
Received update: /ndn/lv-site/lv/svs_core/lv=16, 1741669699298
Received update: /ndn/md-site/md/svs_core/md=16, 1741669699416
Received update: /ndn/cz-site/cz/svs_core/cz=16, 1741669701072
Received update: /ndn/fi-site/fi/svs_core/fi=16, 1741669705597
Received update: /ndn/lu-site/lu/svs_core/lu=16, 1741669709300
Received update: /ndn/ge-site/ge/svs_core/ge=16, 1741669710540
Received update: /ndn/tr-site/tr/svs_core/tr=16, 1741669710939
Received update: /ndn/si-site/si/svs_core/si=16, 1741669712792
Received update: /ndn/lt-site/lt/svs_core/lt=16, 1741669713730
Stopping SVS client: /ndn/de2-site/de2/svs_core/de2
