SVS client starting: /ndn/me-site/me/svs_core/me
Sending Sync interest
Received update: /ndn/gr-site/gr/svs_core/gr=1, 1742597524898
Received update: /ndn/nl-site/nl/svs_core/nl=1, 1742597526272
Received update: /ndn/cz-site/cz/svs_core/cz=1, 1742597526718
Received update: /ndn/pl-site/pl/svs_core/pl=1, 1742597526718
Received update: /ndn/fr1-site/fr1/svs_core/fr1=1, 1742597526834
Received update: /ndn/dk-site/dk/svs_core/dk=1, 1742597527606
Received update: /ndn/de1-site/de1/svs_core/de1=1, 1742597527606
Received update: /ndn/am-site/am/svs_core/am=1, 1742597528634
Received update: /ndn/si-site/si/svs_core/si=1, 1742597529388
Received update: /ndn/rs-site/rs/svs_core/rs=1, 1742597529911
Received update: /ndn/ie-site/ie/svs_core/ie=1, 1742597530029
Received update: /ndn/ch-site/ch/svs_core/ch=1, 1742597531505
Received update: /ndn/cy-site/cy/svs_core/cy=1, 1742597531505
Received update: /ndn/be-site/be/svs_core/be=1, 1742597532363
Received update: /ndn/ro-site/ro/svs_core/ro=1, 1742597533149
Received update: /ndn/az-site/az/svs_core/az=1, 1742597536972
Received update: /ndn/tr-site/tr/svs_core/tr=1, 1742597536972
Received update: /ndn/uk-site/uk/svs_core/uk=1, 1742597536972
Published sequence number: /ndn/me-site/me/svs_core/me=1, 1742597537489
Sending Sync interest
Received update: /ndn/mk-site/mk/svs_core/mk=1, 1742597539202
Received update: /ndn/ge-site/ge/svs_core/ge=1, 1742597539842
Received update: /ndn/sk-site/sk/svs_core/sk=1, 1742597541745
Received update: /ndn/es-site/es/svs_core/es=1, 1742597545320
Received update: /ndn/de2-site/de2/svs_core/de2=1, 1742597545320
Received update: /ndn/il-site/il/svs_core/il=1, 1742597548984
Received update: /ndn/se-site/se/svs_core/se=1, 1742597548984
Received update: /ndn/ee-site/ee/svs_core/ee=1, 1742597549669
Received update: /ndn/hu-site/hu/svs_core/hu=1, 1742597550177
Received update: /ndn/no-site/no/svs_core/no=1, 1742597551967
Received update: /ndn/bg-site/bg/svs_core/bg=1, 1742597552755
Received update: /ndn/pt-site/pt/svs_core/pt=1, 1742597553490
Received update: /ndn/md-site/md/svs_core/md=1, 1742597553836
Received update: /ndn/it-site/it/svs_core/it=1, 1742597554709
Received update: /ndn/is-site/is/svs_core/is=1, 1742597554965
Received update: /ndn/hr-site/hr/svs_core/hr=1, 1742597557634
Received update: /ndn/fr2-site/fr2/svs_core/fr2=1, 1742597557634
Received update: /ndn/ua-site/ua/svs_core/ua=1, 1742597557852
Received update: /ndn/at-site/at/svs_core/at=1, 1742597562208
Received update: /ndn/by-site/by/svs_core/by=1, 1742597562368
Received update: /ndn/lv-site/lv/svs_core/lv=1, 1742597562368
Received update: /ndn/mt-site/mt/svs_core/mt=1, 1742597562370
Received update: /ndn/al-site/al/svs_core/al=1, 1742597562854
Received update: /ndn/lu-site/lu/svs_core/lu=1, 1742597563806
Received update: /ndn/cz-site/cz/svs_core/cz=2, 1742597571507
Received update: /ndn/fi-site/fi/svs_core/fi=1, 1742597571507
Received update: /ndn/lt-site/lt/svs_core/lt=1, 1742597571507
Received update: /ndn/nl-site/nl/svs_core/nl=2, 1742597571507
Received update: /ndn/pl-site/pl/svs_core/pl=2, 1742597571891
Received update: /ndn/fr1-site/fr1/svs_core/fr1=2, 1742597571891
Received update: /ndn/gr-site/gr/svs_core/gr=2, 1742597571918
Received update: /ndn/de1-site/de1/svs_core/de1=2, 1742597572292
Received update: /ndn/cy-site/cy/svs_core/cy=2, 1742597575854
Received update: /ndn/si-site/si/svs_core/si=2, 1742597575854
Received update: /ndn/rs-site/rs/svs_core/rs=2, 1742597575891
Received update: /ndn/am-site/am/svs_core/am=2, 1742597576003
Received update: /ndn/dk-site/dk/svs_core/dk=2, 1742597576008
Received update: /ndn/be-site/be/svs_core/be=2, 1742597578194
Received update: /ndn/ch-site/ch/svs_core/ch=2, 1742597578194
Received update: /ndn/ro-site/ro/svs_core/ro=2, 1742597578194
Received update: /ndn/az-site/az/svs_core/az=2, 1742597579050
Received update: /ndn/ie-site/ie/svs_core/ie=2, 1742597579050
Received update: /ndn/tr-site/tr/svs_core/tr=2, 1742597579542
Received update: /ndn/uk-site/uk/svs_core/uk=2, 1742597581980
Published sequence number: /ndn/me-site/me/svs_core/me=2, 1742597582494
Sending Sync interest
Received update: /ndn/ge-site/ge/svs_core/ge=2, 1742597584846
Received update: /ndn/mk-site/mk/svs_core/mk=2, 1742597584846
Sending Sync interest
Received update: /ndn/es-site/es/svs_core/es=2, 1742597590319
Received update: /ndn/sk-site/sk/svs_core/sk=2, 1742597590319
Sending Sync interest
Max suppression time updated to: 27
Received update: /ndn/de2-site/de2/svs_core/de2=2, 1742597590557
Max suppression time updated to: 33
Received update: /ndn/se-site/se/svs_core/se=2, 1742597591797
Received update: /ndn/ee-site/ee/svs_core/ee=2, 1742597598500
Received update: /ndn/hu-site/hu/svs_core/hu=2, 1742597598500
Received update: /ndn/no-site/no/svs_core/no=2, 1742597598500
Received update: /ndn/pt-site/pt/svs_core/pt=2, 1742597598500
Received update: /ndn/il-site/il/svs_core/il=2, 1742597598527
Received update: /ndn/bg-site/bg/svs_core/bg=2, 1742597598553
Received update: /ndn/is-site/is/svs_core/is=2, 1742597599965
Received update: /ndn/it-site/it/svs_core/it=2, 1742597599965
Received update: /ndn/hr-site/hr/svs_core/hr=2, 1742597602636
Received update: /ndn/md-site/md/svs_core/md=2, 1742597602636
Received update: /ndn/fr2-site/fr2/svs_core/fr2=2, 1742597602636
Received update: /ndn/at-site/at/svs_core/at=2, 1742597608712
Received update: /ndn/fi-site/fi/svs_core/fi=2, 1742597608712
Received update: /ndn/mt-site/mt/svs_core/mt=2, 1742597608712
Received update: /ndn/al-site/al/svs_core/al=2, 1742597608729
Received update: /ndn/lv-site/lv/svs_core/lv=2, 1742597608771
Received update: /ndn/ua-site/ua/svs_core/ua=2, 1742597609965
Received update: /ndn/by-site/by/svs_core/by=2, 1742597609967
Received update: /ndn/lu-site/lu/svs_core/lu=2, 1742597610128
Received update: /ndn/gr-site/gr/svs_core/gr=3, 1742597613859
Received update: /ndn/cz-site/cz/svs_core/cz=3, 1742597616506
Received update: /ndn/nl-site/nl/svs_core/nl=3, 1742597616506
Received update: /ndn/lt-site/lt/svs_core/lt=2, 1742597616509
Received update: /ndn/pl-site/pl/svs_core/pl=3, 1742597616853
Received update: /ndn/fr1-site/fr1/svs_core/fr1=3, 1742597616853
Received update: /ndn/dk-site/dk/svs_core/dk=3, 1742597618491
Received update: /ndn/de1-site/de1/svs_core/de1=3, 1742597618491
Received update: /ndn/am-site/am/svs_core/am=3, 1742597619396
Received update: /ndn/si-site/si/svs_core/si=3, 1742597619396
Received update: /ndn/ie-site/ie/svs_core/ie=3, 1742597619536
Received update: /ndn/ch-site/ch/svs_core/ch=3, 1742597623194
Received update: /ndn/cy-site/cy/svs_core/cy=3, 1742597623194
Received update: /ndn/ro-site/ro/svs_core/ro=3, 1742597623194
Received update: /ndn/tr-site/tr/svs_core/tr=3, 1742597624541
Received update: /ndn/be-site/be/svs_core/be=3, 1742597624613
Received update: /ndn/rs-site/rs/svs_core/rs=3, 1742597624671
Received update: /ndn/az-site/az/svs_core/az=3, 1742597626980
Received update: /ndn/uk-site/uk/svs_core/uk=3, 1742597626980
Published sequence number: /ndn/me-site/me/svs_core/me=3, 1742597627496
Sending Sync interest
Received update: /ndn/mk-site/mk/svs_core/mk=3, 1742597629244
Received update: /ndn/ge-site/ge/svs_core/ge=3, 1742597629849
Received update: /ndn/sk-site/sk/svs_core/sk=3, 1742597632796
Received update: /ndn/de2-site/de2/svs_core/de2=3, 1742597632796
Received update: /ndn/se-site/se/svs_core/se=3, 1742597636786
Received update: /ndn/es-site/es/svs_core/es=3, 1742597636801
Received update: /ndn/il-site/il/svs_core/il=3, 1742597638908
Received update: /ndn/hu-site/hu/svs_core/hu=3, 1742597640183
Received update: /ndn/bg-site/bg/svs_core/bg=3, 1742597643517
Received update: /ndn/ee-site/ee/svs_core/ee=3, 1742597643517
Received update: /ndn/no-site/no/svs_core/no=3, 1742597643517
Received update: /ndn/pt-site/pt/svs_core/pt=3, 1742597643517
Received update: /ndn/is-site/is/svs_core/is=3, 1742597644974
Received update: /ndn/it-site/it/svs_core/it=3, 1742597645042
Received update: /ndn/hr-site/hr/svs_core/hr=3, 1742597645346
Received update: /ndn/mt-site/mt/svs_core/mt=3, 1742597648564
Received update: /ndn/ua-site/ua/svs_core/ua=3, 1742597648577
Received update: /ndn/fr2-site/fr2/svs_core/fr2=3, 1742597648577
Received update: /ndn/by-site/by/svs_core/by=3, 1742597652128
Received update: /ndn/md-site/md/svs_core/md=3, 1742597652292
Received update: /ndn/at-site/at/svs_core/at=3, 1742597652415
Received update: /ndn/lv-site/lv/svs_core/lv=3, 1742597652415
Received update: /ndn/al-site/al/svs_core/al=3, 1742597652843
Received update: /ndn/fi-site/fi/svs_core/fi=3, 1742597653706
Received update: /ndn/lt-site/lt/svs_core/lt=3, 1742597658507
Received update: /ndn/cz-site/cz/svs_core/cz=4, 1742597661730
Received update: /ndn/gr-site/gr/svs_core/gr=4, 1742597661730
Received update: /ndn/nl-site/nl/svs_core/nl=4, 1742597661730
Received update: /ndn/pl-site/pl/svs_core/pl=4, 1742597661730
Received update: /ndn/lu-site/lu/svs_core/lu=3, 1742597661736
Received update: /ndn/de1-site/de1/svs_core/de1=4, 1742597662268
Received update: /ndn/fr1-site/fr1/svs_core/fr1=4, 1742597662268
Received update: /ndn/dk-site/dk/svs_core/dk=4, 1742597663374
Received update: /ndn/am-site/am/svs_core/am=4, 1742597664410
Received update: /ndn/si-site/si/svs_core/si=4, 1742597664410
Received update: /ndn/ie-site/ie/svs_core/ie=4, 1742597664541
Received update: /ndn/rs-site/rs/svs_core/rs=4, 1742597664930
Received update: /ndn/cy-site/cy/svs_core/cy=4, 1742597665790
Received update: /ndn/az-site/az/svs_core/az=4, 1742597669020
Received update: /ndn/ch-site/ch/svs_core/ch=4, 1742597669020
Received update: /ndn/ro-site/ro/svs_core/ro=4, 1742597669069
Received update: /ndn/be-site/be/svs_core/be=4, 1742597669084
Received update: /ndn/tr-site/tr/svs_core/tr=4, 1742597669545
Received update: /ndn/uk-site/uk/svs_core/uk=4, 1742597671982
Published sequence number: /ndn/me-site/me/svs_core/me=4, 1742597672497
Received update: /ndn/ge-site/ge/svs_core/ge=4, 1742597674854
Sending Sync interest
Received update: /ndn/sk-site/sk/svs_core/sk=4, 1742597676758
Sending Sync interest
Received update: /ndn/mk-site/mk/svs_core/mk=4, 1742597677603
Received update: /ndn/de2-site/de2/svs_core/de2=4, 1742597677603
Received update: /ndn/se-site/se/svs_core/se=4, 1742597681792
Sending Sync interest
Received update: /ndn/es-site/es/svs_core/es=4, 1742597681930
Received update: /ndn/il-site/il/svs_core/il=4, 1742597683933
Received update: /ndn/hu-site/hu/svs_core/hu=4, 1742597685188
Received update: /ndn/bg-site/bg/svs_core/bg=4, 1742597687772
Received update: /ndn/ee-site/ee/svs_core/ee=4, 1742597687772
Received update: /ndn/no-site/no/svs_core/no=4, 1742597687772
Received update: /ndn/pt-site/pt/svs_core/pt=4, 1742597688501
Sending Sync interest
Received update: /ndn/is-site/is/svs_core/is=4, 1742597691594
Received update: /ndn/it-site/it/svs_core/it=4, 1742597691594
Received update: /ndn/md-site/md/svs_core/md=4, 1742597691594
Received update: /ndn/ua-site/ua/svs_core/ua=4, 1742597691594
Received update: /ndn/hr-site/hr/svs_core/hr=4, 1742597691613
Received update: /ndn/mt-site/mt/svs_core/mt=4, 1742597693619
Received update: /ndn/fr2-site/fr2/svs_core/fr2=4, 1742597693619
Received update: /ndn/by-site/by/svs_core/by=4, 1742597697135
Received update: /ndn/lv-site/lv/svs_core/lv=4, 1742597697377
Received update: /ndn/at-site/at/svs_core/at=4, 1742597697403
Received update: /ndn/fi-site/fi/svs_core/fi=4, 1742597698812
Received update: /ndn/lu-site/lu/svs_core/lu=4, 1742597698812
Received update: /ndn/al-site/al/svs_core/al=4, 1742597698978
Received update: /ndn/lt-site/lt/svs_core/lt=4, 1742597703508
Received update: /ndn/nl-site/nl/svs_core/nl=5, 1742597706296
Received update: /ndn/cz-site/cz/svs_core/cz=5, 1742597706522
Received update: /ndn/pl-site/pl/svs_core/pl=5, 1742597707509
Received update: /ndn/de1-site/de1/svs_core/de1=5, 1742597707586
Received update: /ndn/fr1-site/fr1/svs_core/fr1=5, 1742597707586
Received update: /ndn/dk-site/dk/svs_core/dk=5, 1742597707610
Received update: /ndn/si-site/si/svs_core/si=5, 1742597709431
Received update: /ndn/am-site/am/svs_core/am=5, 1742597710793
Received update: /ndn/cy-site/cy/svs_core/cy=5, 1742597710793
Received update: /ndn/ie-site/ie/svs_core/ie=5, 1742597710793
Received update: /ndn/rs-site/rs/svs_core/rs=5, 1742597710843
Received update: /ndn/be-site/be/svs_core/be=5, 1742597712387
Received update: /ndn/ch-site/ch/svs_core/ch=5, 1742597712387
Received update: /ndn/gr-site/gr/svs_core/gr=5, 1742597712387
Received update: /ndn/az-site/az/svs_core/az=5, 1742597714013
Received update: /ndn/tr-site/tr/svs_core/tr=5, 1742597716979
Received update: /ndn/uk-site/uk/svs_core/uk=5, 1742597716979
Published sequence number: /ndn/me-site/me/svs_core/me=5, 1742597717498
Sending Sync interest
Received update: /ndn/ge-site/ge/svs_core/ge=5, 1742597721761
Received update: /ndn/ro-site/ro/svs_core/ro=5, 1742597721761
Received update: /ndn/sk-site/sk/svs_core/sk=5, 1742597721761
Received update: /ndn/de2-site/de2/svs_core/de2=5, 1742597722600
Received update: /ndn/il-site/il/svs_core/il=5, 1742597728932
Received update: /ndn/se-site/se/svs_core/se=5, 1742597728973
Received update: /ndn/mk-site/mk/svs_core/mk=5, 1742597728977
Received update: /ndn/es-site/es/svs_core/es=5, 1742597729012
Received update: /ndn/hu-site/hu/svs_core/hu=5, 1742597730190
Received update: /ndn/bg-site/bg/svs_core/bg=5, 1742597732775
Received update: /ndn/no-site/no/svs_core/no=5, 1742597732775
Received update: /ndn/it-site/it/svs_core/it=5, 1742597734786
Received update: /ndn/md-site/md/svs_core/md=5, 1742597734786
Received update: /ndn/pt-site/pt/svs_core/pt=5, 1742597734786
Received update: /ndn/ua-site/ua/svs_core/ua=5, 1742597736542
Received update: /ndn/is-site/is/svs_core/is=5, 1742597736653
Received update: /ndn/hr-site/hr/svs_core/hr=5, 1742597736747
Received update: /ndn/ee-site/ee/svs_core/ee=5, 1742597736966
Received update: /ndn/at-site/at/svs_core/at=5, 1742597742215
Received update: /ndn/fr2-site/fr2/svs_core/fr2=5, 1742597742261
Received update: /ndn/by-site/by/svs_core/by=5, 1742597742373
Received update: /ndn/lv-site/lv/svs_core/lv=5, 1742597742373
Received update: /ndn/al-site/al/svs_core/al=5, 1742597743790
Received update: /ndn/fi-site/fi/svs_core/fi=5, 1742597743790
Received update: /ndn/gr-site/gr/svs_core/gr=6, 1742597751290
Received update: /ndn/lu-site/lu/svs_core/lu=5, 1742597751290
Received update: /ndn/nl-site/nl/svs_core/nl=6, 1742597751290
Received update: /ndn/cz-site/cz/svs_core/cz=6, 1742597751518
Received update: /ndn/pl-site/pl/svs_core/pl=6, 1742597751737
Sending Sync interest
Received update: /ndn/lt-site/lt/svs_core/lt=5, 1742597751804
Received update: /ndn/dk-site/dk/svs_core/dk=6, 1742597752618
Received update: /ndn/mt-site/mt/svs_core/mt=5, 1742597752618
Received update: /ndn/fr1-site/fr1/svs_core/fr1=6, 1742597752618
Received update: /ndn/de1-site/de1/svs_core/de1=6, 1742597752644
Received update: /ndn/si-site/si/svs_core/si=6, 1742597754409
Received update: /ndn/am-site/am/svs_core/am=6, 1742597754459
Received update: /ndn/be-site/be/svs_core/be=6, 1742597757376
Received update: /ndn/ch-site/ch/svs_core/ch=6, 1742597757376
Received update: /ndn/cy-site/cy/svs_core/cy=6, 1742597757376
Received update: /ndn/ie-site/ie/svs_core/ie=6, 1742597757376
Received update: /ndn/rs-site/rs/svs_core/rs=6, 1742597757424
Received update: /ndn/ro-site/ro/svs_core/ro=6, 1742597758165
Received update: /ndn/tr-site/tr/svs_core/tr=6, 1742597761995
Received update: /ndn/uk-site/uk/svs_core/uk=6, 1742597761995
Received update: /ndn/az-site/az/svs_core/az=6, 1742597762023
Published sequence number: /ndn/me-site/me/svs_core/me=6, 1742597762503
Sending Sync interest
Received update: /ndn/mk-site/mk/svs_core/mk=6, 1742597764219
Received update: /ndn/ge-site/ge/svs_core/ge=6, 1742597766764
Received update: /ndn/sk-site/sk/svs_core/sk=6, 1742597766764
Received update: /ndn/il-site/il/svs_core/il=6, 1742597773976
Received update: /ndn/de2-site/de2/svs_core/de2=6, 1742597774003
Received update: /ndn/es-site/es/svs_core/es=6, 1742597774013
Received update: /ndn/ee-site/ee/svs_core/ee=6, 1742597774704
Received update: /ndn/se-site/se/svs_core/se=6, 1742597774704
Received update: /ndn/bg-site/bg/svs_core/bg=6, 1742597777783
Received update: /ndn/hu-site/hu/svs_core/hu=6, 1742597777783
Received update: /ndn/no-site/no/svs_core/no=6, 1742597777859
Received update: /ndn/md-site/md/svs_core/md=6, 1742597778849
Received update: /ndn/it-site/it/svs_core/it=6, 1742597779726
Received update: /ndn/is-site/is/svs_core/is=6, 1742597780039
Received update: /ndn/pt-site/pt/svs_core/pt=6, 1742597780039
Received update: /ndn/ua-site/ua/svs_core/ua=6, 1742597782644
Received update: /ndn/fr2-site/fr2/svs_core/fr2=6, 1742597782644
Received update: /ndn/hr-site/hr/svs_core/hr=6, 1742597782715
Received update: /ndn/at-site/at/svs_core/at=6, 1742597787217
Received update: /ndn/by-site/by/svs_core/by=6, 1742597787314
Received update: /ndn/mt-site/mt/svs_core/mt=6, 1742597787314
Received update: /ndn/al-site/al/svs_core/al=6, 1742597787849
Received update: /ndn/lu-site/lu/svs_core/lu=6, 1742597788890
Received update: /ndn/lv-site/lv/svs_core/lv=6, 1742597788890
Received update: /ndn/gr-site/gr/svs_core/gr=7, 1742597793872
Received update: /ndn/lt-site/lt/svs_core/lt=6, 1742597796296
Received update: /ndn/nl-site/nl/svs_core/nl=7, 1742597796296
Received update: /ndn/cz-site/cz/svs_core/cz=7, 1742597796529
Received update: /ndn/pl-site/pl/svs_core/pl=7, 1742597796738
Received update: /ndn/dk-site/dk/svs_core/dk=7, 1742597797660
Received update: /ndn/de1-site/de1/svs_core/de1=7, 1742597797660
Received update: /ndn/fr1-site/fr1/svs_core/fr1=7, 1742597797660
Received update: /ndn/am-site/am/svs_core/am=7, 1742597798692
Received update: /ndn/fi-site/fi/svs_core/fi=6, 1742597798692
Received update: /ndn/ie-site/ie/svs_core/ie=7, 1742597799549
Received update: /ndn/si-site/si/svs_core/si=7, 1742597799596
Received update: /ndn/rs-site/rs/svs_core/rs=7, 1742597799940
Received update: /ndn/cy-site/cy/svs_core/cy=7, 1742597800802
Received update: /ndn/be-site/be/svs_core/be=7, 1742597802391
Received update: /ndn/ro-site/ro/svs_core/ro=7, 1742597803174
Received update: /ndn/ch-site/ch/svs_core/ch=7, 1742597803232
Received update: /ndn/uk-site/uk/svs_core/uk=7, 1742597806984
Received update: /ndn/az-site/az/svs_core/az=7, 1742597807013
Received update: /ndn/tr-site/tr/svs_core/tr=7, 1742597807036
Published sequence number: /ndn/me-site/me/svs_core/me=7, 1742597807507
Sending Sync interest
Received update: /ndn/ge-site/ge/svs_core/ge=7, 1742597809864
Received update: /ndn/de2-site/de2/svs_core/de2=7, 1742597812601
Received update: /ndn/mk-site/mk/svs_core/mk=7, 1742597812654
Received update: /ndn/es-site/es/svs_core/es=7, 1742597815339
Received update: /ndn/sk-site/sk/svs_core/sk=7, 1742597815339
Received update: /ndn/se-site/se/svs_core/se=7, 1742597816801
Sending Sync interest
Received update: /ndn/il-site/il/svs_core/il=7, 1742597818930
Received update: /ndn/hu-site/hu/svs_core/hu=7, 1742597820198
Received update: /ndn/no-site/no/svs_core/no=7, 1742597821989
Received update: /ndn/bg-site/bg/svs_core/bg=7, 1742597823503
Received update: /ndn/ee-site/ee/svs_core/ee=7, 1742597823503
Received update: /ndn/pt-site/pt/svs_core/pt=7, 1742597823503
Received update: /ndn/is-site/is/svs_core/is=7, 1742597824985
Received update: /ndn/it-site/it/svs_core/it=7, 1742597824985
Received update: /ndn/md-site/md/svs_core/md=7, 1742597824985
Received update: /ndn/ua-site/ua/svs_core/ua=7, 1742597826585
Received update: /ndn/fr2-site/fr2/svs_core/fr2=7, 1742597827649
Received update: /ndn/by-site/by/svs_core/by=7, 1742597832140
Received update: /ndn/hr-site/hr/svs_core/hr=7, 1742597832140
Received update: /ndn/mt-site/mt/svs_core/mt=7, 1742597832170
Received update: /ndn/at-site/at/svs_core/at=7, 1742597838562
Received update: /ndn/lt-site/lt/svs_core/lt=7, 1742597838562
Received update: /ndn/lv-site/lv/svs_core/lv=7, 1742597838630
Received update: /ndn/al-site/al/svs_core/al=7, 1742597838660
Received update: /ndn/cz-site/cz/svs_core/cz=8, 1742597841576
Received update: /ndn/fi-site/fi/svs_core/fi=7, 1742597841576
Received update: /ndn/gr-site/gr/svs_core/gr=8, 1742597841576
Received update: /ndn/lu-site/lu/svs_core/lu=7, 1742597841576
Received update: /ndn/nl-site/nl/svs_core/nl=8, 1742597841576
Received update: /ndn/pl-site/pl/svs_core/pl=8, 1742597841749
Received update: /ndn/fr1-site/fr1/svs_core/fr1=8, 1742597841856
Sending Sync interest
Max suppression time updated to: 30
Received update: /ndn/de1-site/de1/svs_core/de1=8, 1742597842398
Max suppression time updated to: 33
Received update: /ndn/am-site/am/svs_core/am=8, 1742597843636
Received update: /ndn/dk-site/dk/svs_core/dk=8, 1742597843703
Received update: /ndn/si-site/si/svs_core/si=8, 1742597844408
Received update: /ndn/rs-site/rs/svs_core/rs=8, 1742597844945
Sending Sync interest
Received update: /ndn/cy-site/cy/svs_core/cy=8, 1742597845804
Received update: /ndn/be-site/be/svs_core/be=8, 1742597847396
Received update: /ndn/ch-site/ch/svs_core/ch=8, 1742597847396
Received update: /ndn/az-site/az/svs_core/az=8, 1742597849026
Published sequence number: /ndn/me-site/me/svs_core/me=8, 1742597852510
Sending Sync interest
Received update: /ndn/ge-site/ge/svs_core/ge=8, 1742597854867
Received update: /ndn/ro-site/ro/svs_core/ro=8, 1742597854867
Received update: /ndn/tr-site/tr/svs_core/tr=8, 1742597854867
Received update: /ndn/uk-site/uk/svs_core/uk=8, 1742597854867
Sending Sync interest
Received update: /ndn/mk-site/mk/svs_core/mk=8, 1742597854929
Sending Sync interest
Max suppression time updated to: 39
Received update: /ndn/de2-site/de2/svs_core/de2=8, 1742597857612
Received update: /ndn/es-site/es/svs_core/es=8, 1742597860358
Received update: /ndn/sk-site/sk/svs_core/sk=8, 1742597860419
Received update: /ndn/il-site/il/svs_core/il=8, 1742597863933
Received update: /ndn/se-site/se/svs_core/se=8, 1742597863933
Received update: /ndn/hu-site/hu/svs_core/hu=8, 1742597865203
Received update: /ndn/no-site/no/svs_core/no=8, 1742597867024
Received update: /ndn/ee-site/ee/svs_core/ee=8, 1742597867047
Sending Sync interest
Received update: /ndn/bg-site/bg/svs_core/bg=8, 1742597868857
Received update: /ndn/md-site/md/svs_core/md=8, 1742597868857
Received update: /ndn/pt-site/pt/svs_core/pt=8, 1742597868906
Received update: /ndn/it-site/it/svs_core/it=8, 1742597869738
Received update: /ndn/is-site/is/svs_core/is=8, 1742597871546
Received update: /ndn/ua-site/ua/svs_core/ua=8, 1742597871546
Received update: /ndn/hr-site/hr/svs_core/hr=8, 1742597872712
Received update: /ndn/fr2-site/fr2/svs_core/fr2=8, 1742597872712
Received update: /ndn/at-site/at/svs_core/at=8, 1742597877310
Received update: /ndn/ie-site/ie/svs_core/ie=8, 1742597877310
Received update: /ndn/mt-site/mt/svs_core/mt=8, 1742597877385
Received update: /ndn/by-site/by/svs_core/by=8, 1742597877465
Received update: /ndn/al-site/al/svs_core/al=8, 1742597877852
Received update: /ndn/lv-site/lv/svs_core/lv=8, 1742597877933
Received update: /ndn/fi-site/fi/svs_core/fi=8, 1742597878714
Received update: /ndn/lu-site/lu/svs_core/lu=8, 1742597878823
Received update: /ndn/cz-site/cz/svs_core/cz=9, 1742597886613
Received update: /ndn/gr-site/gr/svs_core/gr=9, 1742597886613
Received update: /ndn/lt-site/lt/svs_core/lt=8, 1742597886613
Received update: /ndn/nl-site/nl/svs_core/nl=9, 1742597886613
Received update: /ndn/pl-site/pl/svs_core/pl=9, 1742597886858
Received update: /ndn/fr1-site/fr1/svs_core/fr1=9, 1742597886858
Received update: /ndn/ie-site/ie/svs_core/ie=9, 1742597889602
Received update: /ndn/si-site/si/svs_core/si=9, 1742597889602
Received update: /ndn/de1-site/de1/svs_core/de1=9, 1742597889602
Received update: /ndn/dk-site/dk/svs_core/dk=9, 1742597889626
Received update: /ndn/am-site/am/svs_core/am=9, 1742597889668
Received update: /ndn/be-site/be/svs_core/be=9, 1742597892394
Received update: /ndn/ch-site/ch/svs_core/ch=9, 1742597892394
Received update: /ndn/cy-site/cy/svs_core/cy=9, 1742597892394
Received update: /ndn/rs-site/rs/svs_core/rs=9, 1742597892394
Received update: /ndn/ro-site/ro/svs_core/ro=9, 1742597896999
Received update: /ndn/tr-site/tr/svs_core/tr=9, 1742597896999
Received update: /ndn/uk-site/uk/svs_core/uk=9, 1742597896999
Published sequence number: /ndn/me-site/me/svs_core/me=9, 1742597897516
Sending Sync interest
Received update: /ndn/mk-site/mk/svs_core/mk=9, 1742597901813
Received update: /ndn/sk-site/sk/svs_core/sk=9, 1742597901813
Received update: /ndn/ge-site/ge/svs_core/ge=9, 1742597901874
Received update: /ndn/az-site/az/svs_core/az=9, 1742597901879
Received update: /ndn/de2-site/de2/svs_core/de2=9, 1742597902609
Received update: /ndn/es-site/es/svs_core/es=9, 1742597908949
Received update: /ndn/il-site/il/svs_core/il=9, 1742597908949
Received update: /ndn/se-site/se/svs_core/se=9, 1742597909001
Received update: /ndn/ee-site/ee/svs_core/ee=9, 1742597909689
Received update: /ndn/bg-site/bg/svs_core/bg=9, 1742597912794
Received update: /ndn/hu-site/hu/svs_core/hu=9, 1742597912820
Received update: /ndn/no-site/no/svs_core/no=9, 1742597912846
Received update: /ndn/pt-site/pt/svs_core/pt=9, 1742597913510
Received update: /ndn/it-site/it/svs_core/it=9, 1742597914745
Received update: /ndn/md-site/md/svs_core/md=9, 1742597914802
Received update: /ndn/is-site/is/svs_core/is=9, 1742597917654
Received update: /ndn/fr2-site/fr2/svs_core/fr2=9, 1742597917654
Received update: /ndn/at-site/at/svs_core/at=9, 1742597922222
Received update: /ndn/hr-site/hr/svs_core/hr=9, 1742597922222
Received update: /ndn/al-site/al/svs_core/al=9, 1742597922861
Received update: /ndn/by-site/by/svs_core/by=9, 1742597922928
Received update: /ndn/lv-site/lv/svs_core/lv=9, 1742597922951
Received update: /ndn/mt-site/mt/svs_core/mt=9, 1742597922951
Received update: /ndn/lt-site/lt/svs_core/lt=9, 1742597928526
Received update: /ndn/lu-site/lu/svs_core/lu=9, 1742597928552
Received update: /ndn/ua-site/ua/svs_core/ua=9, 1742597928552
Received update: /ndn/gr-site/gr/svs_core/gr=10, 1742597928876
Received update: /ndn/fi-site/fi/svs_core/fi=9, 1742597928982
Received update: /ndn/nl-site/nl/svs_core/nl=10, 1742597931312
Received update: /ndn/am-site/am/svs_core/am=10, 1742597933685
Received update: /ndn/cz-site/cz/svs_core/cz=10, 1742597933685
Received update: /ndn/dk-site/dk/svs_core/dk=10, 1742597933685
Received update: /ndn/pl-site/pl/svs_core/pl=10, 1742597933685
Received update: /ndn/de1-site/de1/svs_core/de1=10, 1742597933685
Received update: /ndn/fr1-site/fr1/svs_core/fr1=10, 1742597933685
Received update: /ndn/si-site/si/svs_core/si=10, 1742597934421
Received update: /ndn/cy-site/cy/svs_core/cy=10, 1742597935816
Received update: /ndn/ie-site/ie/svs_core/ie=10, 1742597935816
Received update: /ndn/ch-site/ch/svs_core/ch=10, 1742597936504
Received update: /ndn/ro-site/ro/svs_core/ro=10, 1742597938174
Received update: /ndn/be-site/be/svs_core/be=10, 1742597938301
Received update: /ndn/az-site/az/svs_core/az=10, 1742597939610
Received update: /ndn/tr-site/tr/svs_core/tr=10, 1742597939610
Received update: /ndn/rs-site/rs/svs_core/rs=10, 1742597939624
Received update: /ndn/uk-site/uk/svs_core/uk=10, 1742597942002
Published sequence number: /ndn/me-site/me/svs_core/me=10, 1742597942521
Sending Sync interest
Received update: /ndn/ge-site/ge/svs_core/ge=10, 1742597944947
Received update: /ndn/mk-site/mk/svs_core/mk=10, 1742597944947
Received update: /ndn/sk-site/sk/svs_core/sk=10, 1742597946777
Received update: /ndn/de2-site/de2/svs_core/de2=10, 1742597947613
Received update: /ndn/es-site/es/svs_core/es=10, 1742597950341
Received update: /ndn/ee-site/ee/svs_core/ee=10, 1742597954700
Received update: /ndn/il-site/il/svs_core/il=10, 1742597954728
Sending Sync interest
Received update: /ndn/hu-site/hu/svs_core/hu=10, 1742597958585
Received update: /ndn/no-site/no/svs_core/no=10, 1742597958585
Received update: /ndn/pt-site/pt/svs_core/pt=10, 1742597958585
Received update: /ndn/se-site/se/svs_core/se=10, 1742597958585
Received update: /ndn/md-site/md/svs_core/md=10, 1742597958914
Received update: /ndn/bg-site/bg/svs_core/bg=10, 1742597959127
Received update: /ndn/fr2-site/fr2/svs_core/fr2=10, 1742597962657
Received update: /ndn/it-site/it/svs_core/it=10, 1742597962729
Received update: /ndn/hr-site/hr/svs_core/hr=10, 1742597962787
Received update: /ndn/at-site/at/svs_core/at=10, 1742597967230
Received update: /ndn/is-site/is/svs_core/is=10, 1742597967230
Received update: /ndn/mt-site/mt/svs_core/mt=10, 1742597967307
Received update: /ndn/ua-site/ua/svs_core/ua=10, 1742597967389
Received update: /ndn/al-site/al/svs_core/al=10, 1742597967857
Received update: /ndn/lv-site/lv/svs_core/lv=10, 1742597967980
Received update: /ndn/by-site/by/svs_core/by=10, 1742597979420
Received update: /ndn/cz-site/cz/svs_core/cz=11, 1742597979420
Received update: /ndn/gr-site/gr/svs_core/gr=11, 1742597979420
Received update: /ndn/lt-site/lt/svs_core/lt=10, 1742597979420
Received update: /ndn/lu-site/lu/svs_core/lu=10, 1742597979420
Received update: /ndn/nl-site/nl/svs_core/nl=11, 1742597979420
Received update: /ndn/pl-site/pl/svs_core/pl=11, 1742597979420
Received update: /ndn/si-site/si/svs_core/si=11, 1742597979420
Received update: /ndn/fr1-site/fr1/svs_core/fr1=11, 1742597979420
Received update: /ndn/dk-site/dk/svs_core/dk=11, 1742597979490
Received update: /ndn/de1-site/de1/svs_core/de1=11, 1742597979490
Received update: /ndn/am-site/am/svs_core/am=11, 1742597979510
Received update: /ndn/ie-site/ie/svs_core/ie=11, 1742597979554
Sending Sync interest
Received update: /ndn/cy-site/cy/svs_core/cy=11, 1742597980811
Received update: /ndn/fi-site/fi/svs_core/fi=10, 1742597980811
Received update: /ndn/be-site/be/svs_core/be=11, 1742597982401
Received update: /ndn/ch-site/ch/svs_core/ch=11, 1742597982401
Received update: /ndn/ro-site/ro/svs_core/ro=11, 1742597983179
Received update: /ndn/az-site/az/svs_core/az=11, 1742597984066
Received update: /ndn/tr-site/tr/svs_core/tr=11, 1742597984571
Published sequence number: /ndn/me-site/me/svs_core/me=11, 1742597987523
Sending Sync interest
Received update: /ndn/mk-site/mk/svs_core/mk=11, 1742597989293
Received update: /ndn/uk-site/uk/svs_core/uk=11, 1742597989293
Sending Sync interest
Received update: /ndn/ge-site/ge/svs_core/ge=11, 1742597991783
Received update: /ndn/sk-site/sk/svs_core/sk=11, 1742597991783
Received update: /ndn/es-site/es/svs_core/es=11, 1742597995347
Received update: /ndn/de2-site/de2/svs_core/de2=11, 1742597995381
Received update: /ndn/il-site/il/svs_core/il=11, 1742597998941
Received update: /ndn/hu-site/hu/svs_core/hu=11, 1742598000214
Received update: /ndn/ee-site/ee/svs_core/ee=11, 1742598000293
Received update: /ndn/no-site/no/svs_core/no=11, 1742598003530
Received update: /ndn/pt-site/pt/svs_core/pt=11, 1742598003530
Received update: /ndn/se-site/se/svs_core/se=11, 1742598003530
Received update: /ndn/bg-site/bg/svs_core/bg=11, 1742598003580
Received update: /ndn/it-site/it/svs_core/it=11, 1742598004747
Received update: /ndn/md-site/md/svs_core/md=11, 1742598004747
Received update: /ndn/is-site/is/svs_core/is=11, 1742598005044
Received update: /ndn/fr2-site/fr2/svs_core/fr2=11, 1742598007679
Received update: /ndn/hr-site/hr/svs_core/hr=11, 1742598007704
Max suppression time updated to: 36
Received update: /ndn/rs-site/rs/svs_core/rs=11, 1742598009826
Received update: /ndn/mt-site/mt/svs_core/mt=11, 1742598009860
Received update: /ndn/ua-site/ua/svs_core/ua=11, 1742598009860
Received update: /ndn/at-site/at/svs_core/at=11, 1742598012232
Received update: /ndn/by-site/by/svs_core/by=11, 1742598012232
Received update: /ndn/lv-site/lv/svs_core/lv=11, 1742598012401
Received update: /ndn/al-site/al/svs_core/al=11, 1742598013696
Received update: /ndn/fi-site/fi/svs_core/fi=11, 1742598013696
Received update: /ndn/lu-site/lu/svs_core/lu=11, 1742598013829
Received update: /ndn/lt-site/lt/svs_core/lt=11, 1742598018540
Received update: /ndn/gr-site/gr/svs_core/gr=12, 1742598018881
Sending Sync interest
Received update: /ndn/nl-site/nl/svs_core/nl=12, 1742598021316
Received update: /ndn/fr1-site/fr1/svs_core/fr1=12, 1742598021867
Received update: /ndn/cz-site/cz/svs_core/cz=12, 1742598021926
Received update: /ndn/pl-site/pl/svs_core/pl=12, 1742598022291
Received update: /ndn/de1-site/de1/svs_core/de1=12, 1742598022291
Received update: /ndn/si-site/si/svs_core/si=12, 1742598024429
Received update: /ndn/am-site/am/svs_core/am=12, 1742598025938
Received update: /ndn/cy-site/cy/svs_core/cy=12, 1742598025938
Received update: /ndn/dk-site/dk/svs_core/dk=12, 1742598025938
Received update: /ndn/ch-site/ch/svs_core/ch=12, 1742598026508
Received update: /ndn/rs-site/rs/svs_core/rs=12, 1742598026508
Received update: /ndn/az-site/az/svs_core/az=12, 1742598029615
Received update: /ndn/be-site/be/svs_core/be=12, 1742598029615
Received update: /ndn/tr-site/tr/svs_core/tr=12, 1742598029615
Received update: /ndn/ro-site/ro/svs_core/ro=12, 1742598029659
Received update: /ndn/uk-site/uk/svs_core/uk=12, 1742598032009
Published sequence number: /ndn/me-site/me/svs_core/me=12, 1742598032526
Sending Sync interest
Received update: /ndn/mk-site/mk/svs_core/mk=12, 1742598034241
Sending Sync interest
Received update: /ndn/ge-site/ge/svs_core/ge=12, 1742598034891
Received update: /ndn/sk-site/sk/svs_core/sk=12, 1742598036790
Received update: /ndn/ie-site/ie/svs_core/ie=12, 1742598036878
Received update: /ndn/se-site/se/svs_core/se=12, 1742598041820
Received update: /ndn/de2-site/de2/svs_core/de2=12, 1742598041844
Received update: /ndn/ee-site/ee/svs_core/ee=12, 1742598045297
Received update: /ndn/es-site/es/svs_core/es=12, 1742598045297
Received update: /ndn/hu-site/hu/svs_core/hu=12, 1742598045297
Received update: /ndn/no-site/no/svs_core/no=12, 1742598047008
Received update: /ndn/bg-site/bg/svs_core/bg=12, 1742598047798
Received update: /ndn/il-site/il/svs_core/il=12, 1742598047843
Received update: /ndn/pt-site/pt/svs_core/pt=12, 1742598048516
Received update: /ndn/hr-site/hr/svs_core/hr=12, 1742598050375
Received update: /ndn/it-site/it/svs_core/it=12, 1742598050375
Received update: /ndn/md-site/md/svs_core/md=12, 1742598050375
Received update: /ndn/is-site/is/svs_core/is=12, 1742598052793
Received update: /ndn/fr2-site/fr2/svs_core/fr2=12, 1742598052793
Received update: /ndn/mt-site/mt/svs_core/mt=12, 1742598053628
Sending Sync interest
Received update: /ndn/at-site/at/svs_core/at=12, 1742598057234
Received update: /ndn/lu-site/lu/svs_core/lu=12, 1742598058846
Received update: /ndn/by-site/by/svs_core/by=12, 1742598058908
Received update: /ndn/lv-site/lv/svs_core/lv=12, 1742598058918
Received update: /ndn/al-site/al/svs_core/al=12, 1742598059000
Received update: /ndn/fi-site/fi/svs_core/fi=12, 1742598059000
Received update: /ndn/ua-site/ua/svs_core/ua=12, 1742598059000
Received update: /ndn/gr-site/gr/svs_core/gr=13, 1742598063997
Received update: /ndn/lt-site/lt/svs_core/lt=12, 1742598063997
Received update: /ndn/nl-site/nl/svs_core/nl=13, 1742598066321
Sending Sync interest
Received update: /ndn/cz-site/cz/svs_core/cz=13, 1742598066870
Received update: /ndn/pl-site/pl/svs_core/pl=13, 1742598066870
Received update: /ndn/fr1-site/fr1/svs_core/fr1=13, 1742598066870
Received update: /ndn/de1-site/de1/svs_core/de1=13, 1742598067290
Received update: /ndn/am-site/am/svs_core/am=13, 1742598069485
Received update: /ndn/si-site/si/svs_core/si=13, 1742598069485
Received update: /ndn/ie-site/ie/svs_core/ie=13, 1742598069563
Received update: /ndn/dk-site/dk/svs_core/dk=13, 1742598069632
Received update: /ndn/rs-site/rs/svs_core/rs=13, 1742598070004
Received update: /ndn/ch-site/ch/svs_core/ch=13, 1742598071529
Received update: /ndn/ro-site/ro/svs_core/ro=13, 1742598073223
Received update: /ndn/be-site/be/svs_core/be=13, 1742598073264
Received update: /ndn/cy-site/cy/svs_core/cy=13, 1742598073279
Published sequence number: /ndn/me-site/me/svs_core/me=13, 1742598077528
Sending Sync interest
Received update: /ndn/az-site/az/svs_core/az=13, 1742598077714
Received update: /ndn/tr-site/tr/svs_core/tr=13, 1742598077714
Received update: /ndn/uk-site/uk/svs_core/uk=13, 1742598077746
Received update: /ndn/ge-site/ge/svs_core/ge=13, 1742598079887
Received update: /ndn/mk-site/mk/svs_core/mk=13, 1742598079887
Received update: /ndn/sk-site/sk/svs_core/sk=13, 1742598081793
Received update: /ndn/es-site/es/svs_core/es=13, 1742598085361
Received update: /ndn/de2-site/de2/svs_core/de2=13, 1742598085361
Received update: /ndn/ee-site/ee/svs_core/ee=13, 1742598089737
Received update: /ndn/il-site/il/svs_core/il=13, 1742598089737
Received update: /ndn/hu-site/hu/svs_core/hu=13, 1742598090213
Received update: /ndn/se-site/se/svs_core/se=13, 1742598090213
Received update: /ndn/bg-site/bg/svs_core/bg=13, 1742598092808
Received update: /ndn/no-site/no/svs_core/no=13, 1742598092808
Received update: /ndn/md-site/md/svs_core/md=13, 1742598093869
Received update: /ndn/pt-site/pt/svs_core/pt=13, 1742598093909
Received update: /ndn/is-site/is/svs_core/is=13, 1742598097666
Received update: /ndn/it-site/it/svs_core/it=13, 1742598097666
Received update: /ndn/fr2-site/fr2/svs_core/fr2=13, 1742598097666
Received update: /ndn/hr-site/hr/svs_core/hr=13, 1742598098599
Received update: /ndn/mt-site/mt/svs_core/mt=13, 1742598098599
Received update: /ndn/ua-site/ua/svs_core/ua=13, 1742598098731
Received update: /ndn/by-site/by/svs_core/by=13, 1742598102160
Received update: /ndn/at-site/at/svs_core/at=13, 1742598102241
Received update: /ndn/lv-site/lv/svs_core/lv=13, 1742598102415
Received update: /ndn/al-site/al/svs_core/al=13, 1742598102881
Received update: /ndn/cz-site/cz/svs_core/cz=14, 1742598111537
Received update: /ndn/fi-site/fi/svs_core/fi=13, 1742598111537
Received update: /ndn/gr-site/gr/svs_core/gr=14, 1742598111537
Received update: /ndn/lu-site/lu/svs_core/lu=13, 1742598111537
Received update: /ndn/nl-site/nl/svs_core/nl=14, 1742598111537
Received update: /ndn/lt-site/lt/svs_core/lt=13, 1742598111625
Received update: /ndn/pl-site/pl/svs_core/pl=14, 1742598111910
Received update: /ndn/fr1-site/fr1/svs_core/fr1=14, 1742598111910
Received update: /ndn/am-site/am/svs_core/am=14, 1742598113725
Received update: /ndn/de1-site/de1/svs_core/de1=14, 1742598113725
Received update: /ndn/ie-site/ie/svs_core/ie=14, 1742598114626
Received update: /ndn/dk-site/dk/svs_core/dk=14, 1742598114630
Received update: /ndn/cy-site/cy/svs_core/cy=14, 1742598115821
Received update: /ndn/rs-site/rs/svs_core/rs=14, 1742598115821
Received update: /ndn/si-site/si/svs_core/si=14, 1742598115878
Received update: /ndn/be-site/be/svs_core/be=14, 1742598118184
Received update: /ndn/ch-site/ch/svs_core/ch=14, 1742598118184
Received update: /ndn/ro-site/ro/svs_core/ro=14, 1742598118184
Received update: /ndn/az-site/az/svs_core/az=14, 1742598119054
Published sequence number: /ndn/me-site/me/svs_core/me=14, 1742598122530
Sending Sync interest
Received update: /ndn/ge-site/ge/svs_core/ge=14, 1742598126883
Received update: /ndn/sk-site/sk/svs_core/sk=14, 1742598126883
Received update: /ndn/tr-site/tr/svs_core/tr=14, 1742598126883
Received update: /ndn/uk-site/uk/svs_core/uk=14, 1742598126883
Sending Sync interest
Received update: /ndn/mk-site/mk/svs_core/mk=14, 1742598127623
Received update: /ndn/de2-site/de2/svs_core/de2=14, 1742598127623
Sending Sync interest
Received update: /ndn/es-site/es/svs_core/es=14, 1742598130409
Sending Sync interest
Sending Sync interest
Received update: /ndn/bg-site/bg/svs_core/bg=14, 1742598137803
Received update: /ndn/se-site/se/svs_core/se=14, 1742598137803
Received update: /ndn/hu-site/hu/svs_core/hu=14, 1742598137847
Received update: /ndn/ee-site/ee/svs_core/ee=14, 1742598137855
Received update: /ndn/no-site/no/svs_core/no=14, 1742598137855
Received update: /ndn/il-site/il/svs_core/il=14, 1742598137988
Received update: /ndn/it-site/it/svs_core/it=14, 1742598139766
Received update: /ndn/hr-site/hr/svs_core/hr=14, 1742598140388
Received update: /ndn/md-site/md/svs_core/md=14, 1742598140388
Received update: /ndn/pt-site/pt/svs_core/pt=14, 1742598140442
Received update: /ndn/by-site/by/svs_core/by=14, 1742598147211
Received update: /ndn/is-site/is/svs_core/is=14, 1742598147216
Received update: /ndn/fr2-site/fr2/svs_core/fr2=14, 1742598147220
Received update: /ndn/at-site/at/svs_core/at=14, 1742598147327
Received update: /ndn/mt-site/mt/svs_core/mt=14, 1742598147327
Received update: /ndn/ua-site/ua/svs_core/ua=14, 1742598147335
Received update: /ndn/lv-site/lv/svs_core/lv=14, 1742598147434
Sending Sync interest
Received update: /ndn/lt-site/lt/svs_core/lt=14, 1742598153536
Received update: /ndn/lu-site/lu/svs_core/lu=14, 1742598153566
Received update: /ndn/al-site/al/svs_core/al=14, 1742598153647
Received update: /ndn/fi-site/fi/svs_core/fi=14, 1742598153652
Received update: /ndn/nl-site/nl/svs_core/nl=15, 1742598156321
Received update: /ndn/gr-site/gr/svs_core/gr=15, 1742598156432
Received update: /ndn/cz-site/cz/svs_core/cz=15, 1742598156773
Received update: /ndn/pl-site/pl/svs_core/pl=15, 1742598156773
Received update: /ndn/fr1-site/fr1/svs_core/fr1=15, 1742598156873
Received update: /ndn/de1-site/de1/svs_core/de1=15, 1742598157302
Received update: /ndn/am-site/am/svs_core/am=15, 1742598158659
Received update: /ndn/dk-site/dk/svs_core/dk=15, 1742598159977
Received update: /ndn/ie-site/ie/svs_core/ie=15, 1742598159977
Received update: /ndn/rs-site/rs/svs_core/rs=15, 1742598159977
Received update: /ndn/si-site/si/svs_core/si=15, 1742598159977
Received update: /ndn/cy-site/cy/svs_core/cy=15, 1742598160821
Received update: /ndn/ch-site/ch/svs_core/ch=15, 1742598161511
Received update: /ndn/be-site/be/svs_core/be=15, 1742598162429
Received update: /ndn/az-site/az/svs_core/az=15, 1742598164060
Received update: /ndn/ro-site/ro/svs_core/ro=15, 1742598164060
Received update: /ndn/tr-site/tr/svs_core/tr=15, 1742598164596
Received update: /ndn/uk-site/uk/svs_core/uk=15, 1742598167020
Published sequence number: /ndn/me-site/me/svs_core/me=15, 1742598167532
Sending Sync interest
Received update: /ndn/mk-site/mk/svs_core/mk=15, 1742598169248
Sending Sync interest
Received update: /ndn/es-site/es/svs_core/es=15, 1742598175372
Received update: /ndn/ge-site/ge/svs_core/ge=15, 1742598175372
Received update: /ndn/sk-site/sk/svs_core/sk=15, 1742598175372
Received update: /ndn/de2-site/de2/svs_core/de2=15, 1742598175372
Received update: /ndn/se-site/se/svs_core/se=15, 1742598176822
Sending Sync interest
Received update: /ndn/ee-site/ee/svs_core/ee=15, 1742598183539
Received update: /ndn/hu-site/hu/svs_core/hu=15, 1742598183539
Received update: /ndn/il-site/il/svs_core/il=15, 1742598183539
Received update: /ndn/pt-site/pt/svs_core/pt=15, 1742598183539
Received update: /ndn/bg-site/bg/svs_core/bg=15, 1742598183610
Received update: /ndn/no-site/no/svs_core/no=15, 1742598183728
Received update: /ndn/md-site/md/svs_core/md=15, 1742598183876
Received update: /ndn/is-site/is/svs_core/is=15, 1742598185005
Received update: /ndn/it-site/it/svs_core/it=15, 1742598185005
Received update: /ndn/fr2-site/fr2/svs_core/fr2=15, 1742598187678
Received update: /ndn/hr-site/hr/svs_core/hr=15, 1742598187717
Received update: /ndn/mt-site/mt/svs_core/mt=15, 1742598188604
Received update: /ndn/at-site/at/svs_core/at=15, 1742598192281
Received update: /ndn/by-site/by/svs_core/by=15, 1742598192281
Received update: /ndn/lv-site/lv/svs_core/lv=15, 1742598192417
Sending Sync interest
Received update: /ndn/ua-site/ua/svs_core/ua=15, 1742598192665
Received update: /ndn/al-site/al/svs_core/al=15, 1742598192902
Received update: /ndn/fi-site/fi/svs_core/fi=15, 1742598193728
Received update: /ndn/gr-site/gr/svs_core/gr=16, 1742598201400
Received update: /ndn/lt-site/lt/svs_core/lt=15, 1742598201400
Received update: /ndn/lu-site/lu/svs_core/lu=15, 1742598201400
Received update: /ndn/nl-site/nl/svs_core/nl=16, 1742598201400
Received update: /ndn/cz-site/cz/svs_core/cz=16, 1742598201538
Received update: /ndn/pl-site/pl/svs_core/pl=16, 1742598201876
Received update: /ndn/fr1-site/fr1/svs_core/fr1=16, 1742598201876
Received update: /ndn/de1-site/de1/svs_core/de1=16, 1742598202301
Received update: /ndn/am-site/am/svs_core/am=16, 1742598203659
Received update: /ndn/dk-site/dk/svs_core/dk=16, 1742598203659
Received update: /ndn/si-site/si/svs_core/si=16, 1742598204492
Received update: /ndn/ch-site/ch/svs_core/ch=16, 1742598206602
Received update: /ndn/cy-site/cy/svs_core/cy=16, 1742598206602
Received update: /ndn/ie-site/ie/svs_core/ie=16, 1742598206602
Received update: /ndn/rs-site/rs/svs_core/rs=16, 1742598206661
Received update: /ndn/be-site/be/svs_core/be=16, 1742598207421
Published sequence number: /ndn/me-site/me/svs_core/me=16, 1742598212533
Received update: /ndn/az-site/az/svs_core/az=16, 1742598216801
Received update: /ndn/ge-site/ge/svs_core/ge=16, 1742598216801
Received update: /ndn/mk-site/mk/svs_core/mk=16, 1742598216801
Received update: /ndn/ro-site/ro/svs_core/ro=16, 1742598216801
Received update: /ndn/sk-site/sk/svs_core/sk=16, 1742598216801
Received update: /ndn/tr-site/tr/svs_core/tr=16, 1742598216801
Received update: /ndn/uk-site/uk/svs_core/uk=16, 1742598216801
Sending Sync interest
Received update: /ndn/es-site/es/svs_core/es=16, 1742598220366
Received update: /ndn/il-site/il/svs_core/il=16, 1742598223958
Received update: /ndn/de2-site/de2/svs_core/de2=16, 1742598223958
Received update: /ndn/hu-site/hu/svs_core/hu=16, 1742598225220
Received update: /ndn/se-site/se/svs_core/se=16, 1742598225220
Received update: /ndn/ee-site/ee/svs_core/ee=16, 1742598227035
Received update: /ndn/no-site/no/svs_core/no=16, 1742598227035
Received update: /ndn/it-site/it/svs_core/it=16, 1742598229769
Received update: /ndn/bg-site/bg/svs_core/bg=16, 1742598229803
Received update: /ndn/pt-site/pt/svs_core/pt=16, 1742598229870
Received update: /ndn/md-site/md/svs_core/md=16, 1742598229940
Received update: /ndn/is-site/is/svs_core/is=16, 1742598230004
Received update: /ndn/hr-site/hr/svs_core/hr=16, 1742598232690
Received update: /ndn/ua-site/ua/svs_core/ua=16, 1742598232690
Received update: /ndn/fr2-site/fr2/svs_core/fr2=16, 1742598232690
Received update: /ndn/mt-site/mt/svs_core/mt=16, 1742598233618
Received update: /ndn/at-site/at/svs_core/at=16, 1742598237244
Received update: /ndn/by-site/by/svs_core/by=16, 1742598237244
Received update: /ndn/lu-site/lu/svs_core/lu=16, 1742598238839
Received update: /ndn/al-site/al/svs_core/al=16, 1742598238924
Received update: /ndn/lt-site/lt/svs_core/lt=16, 1742598243544
Sending Sync interest
Received update: /ndn/lv-site/lv/svs_core/lv=16, 1742598243604
Max suppression time updated to: 39
Stopping SVS client: /ndn/me-site/me/svs_core/me
