SVS client starting: /ndn/az-site/az/svs_core/az
Sending Sync interest
Max suppression time updated to: 66
Max suppression time updated to: 44
Max suppression time updated to: 44
Max suppression time updated to: 48
Max suppression time updated to: 56
Max suppression time updated to: 58
Max suppression time updated to: 58
Max suppression time updated to: 60
Max suppression time updated to: 62
Max suppression time updated to: 74
Max suppression time updated to: 76
Max suppression time updated to: 80
Max suppression time updated to: 78
Max suppression time updated to: 78
Received update: /ndn/al-site/al/svs_core/al=1, 1741621880469
Received update: /ndn/gr-site/gr/svs_core/gr=1, 1741621880469
Received update: /ndn/no-site/no/svs_core/no=1, 1741621880469
Max suppression time updated to: 84
Received update: /ndn/it-site/it/svs_core/it=1, 1741621881801
Received update: /ndn/ua-site/ua/svs_core/ua=1, 1741621881801
Max suppression time updated to: 84
Received update: /ndn/hu-site/hu/svs_core/hu=1, 1741621882915
Max suppression time updated to: 80
Received update: /ndn/de1-site/de1/svs_core/de1=1, 1741621884656
Max suppression time updated to: 84
Received update: /ndn/bg-site/bg/svs_core/bg=1, 1741621884752
Max suppression time updated to: 86
Max suppression time updated to: 82
Received update: /ndn/es-site/es/svs_core/es=1, 1741621884952
Max suppression time updated to: 84
Received update: /ndn/rs-site/rs/svs_core/rs=1, 1741621885005
Max suppression time updated to: 82
Received update: /ndn/cy-site/cy/svs_core/cy=1, 1741621885724
Sending Sync interest
Max suppression time updated to: 82
Max suppression time updated to: 82
Sending Sync interest
Max suppression time updated to: 82
Received update: /ndn/ch-site/ch/svs_core/ch=1, 1741621886442
Received update: /ndn/tr-site/tr/svs_core/tr=1, 1741621886442
Max suppression time updated to: 94
Sending Sync interest
Max suppression time updated to: 92
Max suppression time updated to: 92
Max suppression time updated to: 92
Max suppression time updated to: 92
Max suppression time updated to: 92
Max suppression time updated to: 90
Published sequence number: /ndn/az-site/az/svs_core/az=1, 1741621887133
Sending Sync interest
Max suppression time updated to: 90
Max suppression time updated to: 90
Max suppression time updated to: 90
Max suppression time updated to: 98
Received update: /ndn/ro-site/ro/svs_core/ro=1, 1741621890184
Max suppression time updated to: 98
Received update: /ndn/at-site/at/svs_core/at=1, 1741621891157
Max suppression time updated to: 98
Received update: /ndn/pt-site/pt/svs_core/pt=1, 1741621891692
Sending Sync interest
Max suppression time updated to: 98
Max suppression time updated to: 98
Max suppression time updated to: 98
Received update: /ndn/lv-site/lv/svs_core/lv=1, 1741621893246
Max suppression time updated to: 98
Received update: /ndn/ge-site/ge/svs_core/ge=1, 1741621895477
Max suppression time updated to: 96
Received update: /ndn/hr-site/hr/svs_core/hr=1, 1741621895727
Max suppression time updated to: 98
Received update: /ndn/nl-site/nl/svs_core/nl=1, 1741621897511
Received update: /ndn/uk-site/uk/svs_core/uk=1, 1741621897511
Received update: /ndn/de2-site/de2/svs_core/de2=1, 1741621897511
Received update: /ndn/fr2-site/fr2/svs_core/fr2=1, 1741621897511
Max suppression time updated to: 98
Received update: /ndn/ie-site/ie/svs_core/ie=1, 1741621897523
Received update: /ndn/md-site/md/svs_core/md=1, 1741621897523
Received update: /ndn/mk-site/mk/svs_core/mk=1, 1741621897523
Max suppression time updated to: 98
Received update: /ndn/by-site/by/svs_core/by=1, 1741621897574
Max suppression time updated to: 96
Max suppression time updated to: 96
Max suppression time updated to: 96
Max suppression time updated to: 98
Max suppression time updated to: 98
Received update: /ndn/il-site/il/svs_core/il=1, 1741621900562
Max suppression time updated to: 96
Received update: /ndn/am-site/am/svs_core/am=1, 1741621920432
Received update: /ndn/be-site/be/svs_core/be=1, 1741621920432
Received update: /ndn/cz-site/cz/svs_core/cz=1, 1741621920432
Received update: /ndn/dk-site/dk/svs_core/dk=1, 1741621920432
Received update: /ndn/ee-site/ee/svs_core/ee=1, 1741621920432
Received update: /ndn/is-site/is/svs_core/is=1, 1741621920432
Received update: /ndn/lu-site/lu/svs_core/lu=1, 1741621920432
Received update: /ndn/mt-site/mt/svs_core/mt=1, 1741621920432
Received update: /ndn/pl-site/pl/svs_core/pl=1, 1741621920432
Received update: /ndn/si-site/si/svs_core/si=1, 1741621920432
Received update: /ndn/sk-site/sk/svs_core/sk=1, 1741621920432
Received update: /ndn/fr1-site/fr1/svs_core/fr1=1, 1741621920432
Max suppression time updated to: 96
Received update: /ndn/rs-site/rs/svs_core/rs=2, 1741621928139
Sending Sync interest
Max suppression time updated to: 96
Received update: /ndn/hu-site/hu/svs_core/hu=2, 1741621928393
Received update: /ndn/ua-site/ua/svs_core/ua=2, 1741621928393
Max suppression time updated to: 96
Max suppression time updated to: 96
Received update: /ndn/gr-site/gr/svs_core/gr=2, 1741621928528
Sending Sync interest
Published sequence number: /ndn/az-site/az/svs_core/az=2, 1741621932134
Sending Sync interest
Max suppression time updated to: 96
Received update: /ndn/at-site/at/svs_core/at=2, 1741621936914
Received update: /ndn/pt-site/pt/svs_core/pt=2, 1741621936914
Sending Sync interest
Max suppression time updated to: 94
Received update: /ndn/de2-site/de2/svs_core/de2=2, 1741621941043
Sending Sync interest
Max suppression time updated to: 94
Received update: /ndn/es-site/es/svs_core/es=2, 1741621941230
Received update: /ndn/fi-site/fi/svs_core/fi=1, 1741621941230
Received update: /ndn/ge-site/ge/svs_core/ge=2, 1741621941230
Received update: /ndn/it-site/it/svs_core/it=2, 1741621941230
Received update: /ndn/se-site/se/svs_core/se=1, 1741621941230
Max suppression time updated to: 94
Received update: /ndn/md-site/md/svs_core/md=2, 1741621941280
Received update: /ndn/ro-site/ro/svs_core/ro=2, 1741621941280
Sending Sync interest
Max suppression time updated to: 94
Received update: /ndn/nl-site/nl/svs_core/nl=2, 1741621941470
Sending Sync interest
Max suppression time updated to: 92
Received update: /ndn/il-site/il/svs_core/il=2, 1741621945560
Received update: /ndn/uk-site/uk/svs_core/uk=2, 1741621945560
Received update: /ndn/de1-site/de1/svs_core/de1=2, 1741621945560
Sending Sync interest
Max suppression time updated to: 92
Received update: /ndn/bg-site/bg/svs_core/bg=2, 1741621945704
Received update: /ndn/mk-site/mk/svs_core/mk=2, 1741621945704
Max suppression time updated to: 92
Received update: /ndn/tr-site/tr/svs_core/tr=2, 1741621945771
Sending Sync interest
Max suppression time updated to: 92
Received update: /ndn/cy-site/cy/svs_core/cy=2, 1741621946004
Received update: /ndn/lt-site/lt/svs_core/lt=1, 1741621946004
Max suppression time updated to: 92
Received update: /ndn/sk-site/sk/svs_core/sk=2, 1741621946018
Received update: /ndn/fr2-site/fr2/svs_core/fr2=2, 1741621946018
Sending Sync interest
Max suppression time updated to: 90
Sending Sync interest
Max suppression time updated to: 92
Received update: /ndn/dk-site/dk/svs_core/dk=2, 1741621964911
Received update: /ndn/fi-site/fi/svs_core/fi=2, 1741621964911
Received update: /ndn/no-site/no/svs_core/no=2, 1741621964911
Received update: /ndn/se-site/se/svs_core/se=2, 1741621964911
Max suppression time updated to: 92
Received update: /ndn/al-site/al/svs_core/al=2, 1741621964981
Received update: /ndn/ch-site/ch/svs_core/ch=2, 1741621964981
Received update: /ndn/hr-site/hr/svs_core/hr=2, 1741621964981
Received update: /ndn/lt-site/lt/svs_core/lt=2, 1741621964981
Received update: /ndn/lv-site/lv/svs_core/lv=2, 1741621964981
Sending Sync interest
Published sequence number: /ndn/az-site/az/svs_core/az=3, 1741621977137
Sending Sync interest
Max suppression time updated to: 92
Received update: /ndn/at-site/at/svs_core/at=3, 1741621981510
Received update: /ndn/be-site/be/svs_core/be=2, 1741621981510
Received update: /ndn/ch-site/ch/svs_core/ch=3, 1741621981510
Received update: /ndn/cz-site/cz/svs_core/cz=2, 1741621981510
Received update: /ndn/ee-site/ee/svs_core/ee=2, 1741621981510
Received update: /ndn/es-site/es/svs_core/es=3, 1741621981510
Received update: /ndn/gr-site/gr/svs_core/gr=3, 1741621981510
Received update: /ndn/hu-site/hu/svs_core/hu=3, 1741621981510
Received update: /ndn/is-site/is/svs_core/is=2, 1741621981510
Received update: /ndn/it-site/it/svs_core/it=3, 1741621981510
Received update: /ndn/lu-site/lu/svs_core/lu=2, 1741621981510
Received update: /ndn/no-site/no/svs_core/no=3, 1741621981510
Received update: /ndn/pl-site/pl/svs_core/pl=2, 1741621981510
Received update: /ndn/si-site/si/svs_core/si=2, 1741621981510
Received update: /ndn/tr-site/tr/svs_core/tr=3, 1741621981510
Received update: /ndn/de1-site/de1/svs_core/de1=3, 1741621981510
Received update: /ndn/fr1-site/fr1/svs_core/fr1=2, 1741621981510
Sending Sync interest
Max suppression time updated to: 90
Received update: /ndn/am-site/am/svs_core/am=2, 1741621981793
Received update: /ndn/cy-site/cy/svs_core/cy=3, 1741621981793
Sending Sync interest
Max suppression time updated to: 90
Received update: /ndn/bg-site/bg/svs_core/bg=3, 1741621982484
Received update: /ndn/lv-site/lv/svs_core/lv=3, 1741621982484
Received update: /ndn/ro-site/ro/svs_core/ro=3, 1741621982484
Received update: /ndn/rs-site/rs/svs_core/rs=3, 1741621982484
Received update: /ndn/ua-site/ua/svs_core/ua=3, 1741621982484
Sending Sync interest
Max suppression time updated to: 92
Received update: /ndn/ie-site/ie/svs_core/ie=2, 1741621986051
Received update: /ndn/ie-site/ie/svs_core/ie=3, 1741621986051
Received update: /ndn/md-site/md/svs_core/md=3, 1741621986051
Received update: /ndn/uk-site/uk/svs_core/uk=3, 1741621986051
Received update: /ndn/de2-site/de2/svs_core/de2=3, 1741621986051
Sending Sync interest
Max suppression time updated to: 90
Received update: /ndn/il-site/il/svs_core/il=3, 1741621990670
Received update: /ndn/nl-site/nl/svs_core/nl=3, 1741621990670
Max suppression time updated to: 90
Sending Sync interest
Max suppression time updated to: 90
Received update: /ndn/ge-site/ge/svs_core/ge=3, 1741621990999
Received update: /ndn/sk-site/sk/svs_core/sk=3, 1741621990999
Sending Sync interest
Max suppression time updated to: 88
Sending Sync interest
Max suppression time updated to: 90
Sending Sync interest
Max suppression time updated to: 90
Received update: /ndn/be-site/be/svs_core/be=3, 1741622009012
Received update: /ndn/hr-site/hr/svs_core/hr=3, 1741622009012
Received update: /ndn/is-site/is/svs_core/is=3, 1741622009012
Received update: /ndn/pl-site/pl/svs_core/pl=3, 1741622009012
Received update: /ndn/pt-site/pt/svs_core/pt=3, 1741622009012
Received update: /ndn/se-site/se/svs_core/se=3, 1741622009012
Received update: /ndn/fr1-site/fr1/svs_core/fr1=3, 1741622009012
Max suppression time updated to: 90
Received update: /ndn/dk-site/dk/svs_core/dk=3, 1741622009026
Max suppression time updated to: 90
Received update: /ndn/ee-site/ee/svs_core/ee=3, 1741622009042
Sending Sync interest
Max suppression time updated to: 88
Received update: /ndn/lu-site/lu/svs_core/lu=3, 1741622009161
Sending Sync interest
Max suppression time updated to: 88
Received update: /ndn/cz-site/cz/svs_core/cz=3, 1741622009288
Published sequence number: /ndn/az-site/az/svs_core/az=4, 1741622022139
Sending Sync interest
Max suppression time updated to: 88
Received update: /ndn/al-site/al/svs_core/al=3, 1741622022249
Received update: /ndn/al-site/al/svs_core/al=4, 1741622022249
Received update: /ndn/mk-site/mk/svs_core/mk=3, 1741622022249
Received update: /ndn/mt-site/mt/svs_core/mt=2, 1741622022249
Received update: /ndn/mt-site/mt/svs_core/mt=3, 1741622022249
Received update: /ndn/si-site/si/svs_core/si=3, 1741622022249
Received update: /ndn/fr2-site/fr2/svs_core/fr2=3, 1741622022249
Max suppression time updated to: 88
Received update: /ndn/bg-site/bg/svs_core/bg=4, 1741622024323
Received update: /ndn/gr-site/gr/svs_core/gr=4, 1741622024323
Received update: /ndn/hu-site/hu/svs_core/hu=4, 1741622024323
Received update: /ndn/it-site/it/svs_core/it=4, 1741622024323
Received update: /ndn/me-site/me/svs_core/me=1, 1741622024323
Received update: /ndn/me-site/me/svs_core/me=2, 1741622024323
Received update: /ndn/me-site/me/svs_core/me=3, 1741622024323
Received update: /ndn/ro-site/ro/svs_core/ro=4, 1741622024323
Received update: /ndn/tr-site/tr/svs_core/tr=4, 1741622024323
Max suppression time updated to: 88
Received update: /ndn/ch-site/ch/svs_core/ch=4, 1741622026786
Received update: /ndn/cy-site/cy/svs_core/cy=4, 1741622026786
Received update: /ndn/es-site/es/svs_core/es=4, 1741622026786
Received update: /ndn/lt-site/lt/svs_core/lt=3, 1741622026786
Received update: /ndn/no-site/no/svs_core/no=4, 1741622026786
Received update: /ndn/pt-site/pt/svs_core/pt=4, 1741622026786
Received update: /ndn/de1-site/de1/svs_core/de1=4, 1741622026786
Max suppression time updated to: 88
Received update: /ndn/at-site/at/svs_core/at=4, 1741622026872
Received update: /ndn/rs-site/rs/svs_core/rs=4, 1741622026872
Max suppression time updated to: 88
Received update: /ndn/ie-site/ie/svs_core/ie=4, 1741622030476
Received update: /ndn/uk-site/uk/svs_core/uk=4, 1741622030476
Sending Sync interest
Max suppression time updated to: 88
Received update: /ndn/hr-site/hr/svs_core/hr=4, 1741622030829
Max suppression time updated to: 88
Received update: /ndn/am-site/am/svs_core/am=3, 1741622034920
Received update: /ndn/am-site/am/svs_core/am=4, 1741622034920
Received update: /ndn/ge-site/ge/svs_core/ge=4, 1741622034920
Received update: /ndn/lv-site/lv/svs_core/lv=4, 1741622034920
Received update: /ndn/nl-site/nl/svs_core/nl=4, 1741622034920
Received update: /ndn/de2-site/de2/svs_core/de2=4, 1741622034920
Max suppression time updated to: 88
Max suppression time updated to: 92
Received update: /ndn/fi-site/fi/svs_core/fi=3, 1741622037217
Received update: /ndn/fr2-site/fr2/svs_core/fr2=4, 1741622037217
Max suppression time updated to: 92
Received update: /ndn/mk-site/mk/svs_core/mk=4, 1741622037342
Received update: /ndn/sk-site/sk/svs_core/sk=4, 1741622037342
Received update: /ndn/ua-site/ua/svs_core/ua=4, 1741622037342
Max suppression time updated to: 92
Max suppression time updated to: 92
Received update: /ndn/il-site/il/svs_core/il=4, 1741622043504
Received update: /ndn/mt-site/mt/svs_core/mt=4, 1741622043504
Received update: /ndn/pl-site/pl/svs_core/pl=4, 1741622043504
Max suppression time updated to: 90
Max suppression time updated to: 90
Received update: /ndn/is-site/is/svs_core/is=4, 1741622048358
Received update: /ndn/si-site/si/svs_core/si=4, 1741622048358
Max suppression time updated to: 90
Received update: /ndn/md-site/md/svs_core/md=4, 1741622048431
Max suppression time updated to: 90
Received update: /ndn/be-site/be/svs_core/be=4, 1741622051921
Received update: /ndn/se-site/se/svs_core/se=4, 1741622051921
Max suppression time updated to: 90
Received update: /ndn/it-site/it/svs_core/it=5, 1741622061864
Max suppression time updated to: 90
Max suppression time updated to: 92
Received update: /ndn/cz-site/cz/svs_core/cz=4, 1741622061959
Sending Sync interest
Max suppression time updated to: 90
Received update: /ndn/cy-site/cy/svs_core/cy=5, 1741622065729
Sending Sync interest
Max suppression time updated to: 90
Received update: /ndn/lu-site/lu/svs_core/lu=4, 1741622065885
Received update: /ndn/ua-site/ua/svs_core/ua=5, 1741622065885
Published sequence number: /ndn/az-site/az/svs_core/az=5, 1741622067142
Sending Sync interest
Max suppression time updated to: 90
Received update: /ndn/ch-site/ch/svs_core/ch=5, 1741622071701
Received update: /ndn/dk-site/dk/svs_core/dk=4, 1741622071701
Received update: /ndn/pt-site/pt/svs_core/pt=5, 1741622071701
Sending Sync interest
Max suppression time updated to: 90
Received update: /ndn/hu-site/hu/svs_core/hu=5, 1741622071903
Received update: /ndn/me-site/me/svs_core/me=4, 1741622071903
Received update: /ndn/rs-site/rs/svs_core/rs=5, 1741622071903
Sending Sync interest
Max suppression time updated to: 94
Received update: /ndn/at-site/at/svs_core/at=5, 1741622075260
Received update: /ndn/bg-site/bg/svs_core/bg=5, 1741622075260
Received update: /ndn/ee-site/ee/svs_core/ee=4, 1741622075260
Received update: /ndn/es-site/es/svs_core/es=5, 1741622075260
Received update: /ndn/gr-site/gr/svs_core/gr=5, 1741622075260
Received update: /ndn/lt-site/lt/svs_core/lt=4, 1741622075260
Received update: /ndn/ro-site/ro/svs_core/ro=5, 1741622075260
Received update: /ndn/tr-site/tr/svs_core/tr=5, 1741622075260
Received update: /ndn/de1-site/de1/svs_core/de1=5, 1741622075260
Received update: /ndn/fr1-site/fr1/svs_core/fr1=4, 1741622075260
Max suppression time updated to: 94
Received update: /ndn/fi-site/fi/svs_core/fi=4, 1741622086099
Sending Sync interest
Max suppression time updated to: 94
Received update: /ndn/hr-site/hr/svs_core/hr=5, 1741622086160
Received update: /ndn/lv-site/lv/svs_core/lv=5, 1741622086160
Received update: /ndn/de2-site/de2/svs_core/de2=5, 1741622086160
Max suppression time updated to: 94
Received update: /ndn/ge-site/ge/svs_core/ge=5, 1741622086455
Received update: /ndn/nl-site/nl/svs_core/nl=5, 1741622086455
Received update: /ndn/sk-site/sk/svs_core/sk=5, 1741622086455
Received update: /ndn/uk-site/uk/svs_core/uk=5, 1741622086455
Max suppression time updated to: 94
Max suppression time updated to: 94
Received update: /ndn/am-site/am/svs_core/am=5, 1741622086520
Received update: /ndn/ee-site/ee/svs_core/ee=5, 1741622086520
Received update: /ndn/il-site/il/svs_core/il=5, 1741622086520
Max suppression time updated to: 94
Received update: /ndn/al-site/al/svs_core/al=5, 1741622108660
Received update: /ndn/cz-site/cz/svs_core/cz=5, 1741622108660
Received update: /ndn/es-site/es/svs_core/es=6, 1741622108660
Received update: /ndn/gr-site/gr/svs_core/gr=6, 1741622108660
Received update: /ndn/ie-site/ie/svs_core/ie=5, 1741622108660
Received update: /ndn/pl-site/pl/svs_core/pl=5, 1741622108660
Received update: /ndn/fr1-site/fr1/svs_core/fr1=5, 1741622108660
Received update: /ndn/fr2-site/fr2/svs_core/fr2=5, 1741622108660
Published sequence number: /ndn/az-site/az/svs_core/az=6, 1741622112153
Sending Sync interest
Max suppression time updated to: 94
Received update: /ndn/at-site/at/svs_core/at=6, 1741622116197
Received update: /ndn/bg-site/bg/svs_core/bg=6, 1741622116197
Received update: /ndn/by-site/by/svs_core/by=2, 1741622116197
Received update: /ndn/by-site/by/svs_core/by=3, 1741622116197
Received update: /ndn/by-site/by/svs_core/by=4, 1741622116197
Received update: /ndn/by-site/by/svs_core/by=5, 1741622116197
Received update: /ndn/dk-site/dk/svs_core/dk=5, 1741622116197
Received update: /ndn/is-site/is/svs_core/is=5, 1741622116197
Received update: /ndn/it-site/it/svs_core/it=6, 1741622116197
Received update: /ndn/lu-site/lu/svs_core/lu=5, 1741622116197
Received update: /ndn/mk-site/mk/svs_core/mk=5, 1741622116197
Received update: /ndn/mt-site/mt/svs_core/mt=5, 1741622116197
Received update: /ndn/se-site/se/svs_core/se=5, 1741622116197
Sending Sync interest
Max suppression time updated to: 94
Received update: /ndn/be-site/be/svs_core/be=5, 1741622116810
Received update: /ndn/ch-site/ch/svs_core/ch=6, 1741622116810
Received update: /ndn/pt-site/pt/svs_core/pt=6, 1741622116810
Sending Sync interest
Max suppression time updated to: 94
Received update: /ndn/no-site/no/svs_core/no=5, 1741622117570
Received update: /ndn/no-site/no/svs_core/no=6, 1741622117570
Sending Sync interest
Max suppression time updated to: 94
Received update: /ndn/hu-site/hu/svs_core/hu=6, 1741622120483
Received update: /ndn/ro-site/ro/svs_core/ro=6, 1741622120483
Received update: /ndn/si-site/si/svs_core/si=5, 1741622120483
Received update: /ndn/ua-site/ua/svs_core/ua=6, 1741622120483
Received update: /ndn/uk-site/uk/svs_core/uk=6, 1741622120483
Received update: /ndn/de1-site/de1/svs_core/de1=6, 1741622120483
Max suppression time updated to: 94
Received update: /ndn/mk-site/mk/svs_core/mk=6, 1741622122095
Sending Sync interest
Max suppression time updated to: 94
Received update: /ndn/ge-site/ge/svs_core/ge=6, 1741622122294
Received update: /ndn/tr-site/tr/svs_core/tr=6, 1741622122294
Received update: /ndn/de2-site/de2/svs_core/de2=6, 1741622122294
Max suppression time updated to: 94
Received update: /ndn/nl-site/nl/svs_core/nl=6, 1741622133470
Received update: /ndn/si-site/si/svs_core/si=6, 1741622133470
Max suppression time updated to: 92
Received update: /ndn/ee-site/ee/svs_core/ee=6, 1741622139881
Received update: /ndn/is-site/is/svs_core/is=6, 1741622139881
Received update: /ndn/lu-site/lu/svs_core/lu=6, 1741622139881
Max suppression time updated to: 94
Received update: /ndn/al-site/al/svs_core/al=6, 1741622150601
Received update: /ndn/al-site/al/svs_core/al=7, 1741622150601
Received update: /ndn/cy-site/cy/svs_core/cy=6, 1741622150601
Received update: /ndn/cz-site/cz/svs_core/cz=6, 1741622150601
Received update: /ndn/hr-site/hr/svs_core/hr=6, 1741622150601
Received update: /ndn/il-site/il/svs_core/il=6, 1741622150601
Received update: /ndn/sk-site/sk/svs_core/sk=6, 1741622150601
Max suppression time updated to: 92
Received update: /ndn/de1-site/de1/svs_core/de1=7, 1741622154724
Sending Sync interest
Max suppression time updated to: 92
Received update: /ndn/bg-site/bg/svs_core/bg=7, 1741622154981
Received update: /ndn/gr-site/gr/svs_core/gr=7, 1741622154981
Received update: /ndn/hu-site/hu/svs_core/hu=7, 1741622154981
Received update: /ndn/lt-site/lt/svs_core/lt=5, 1741622154981
Received update: /ndn/lv-site/lv/svs_core/lv=6, 1741622154981
Received update: /ndn/me-site/me/svs_core/me=5, 1741622154981
Received update: /ndn/me-site/me/svs_core/me=6, 1741622154981
Received update: /ndn/pl-site/pl/svs_core/pl=6, 1741622154981
Received update: /ndn/fr1-site/fr1/svs_core/fr1=6, 1741622154981
Received update: /ndn/fr2-site/fr2/svs_core/fr2=6, 1741622154981
Max suppression time updated to: 92
Received update: /ndn/lt-site/lt/svs_core/lt=6, 1741622155037
Sending Sync interest
Max suppression time updated to: 92
Received update: /ndn/be-site/be/svs_core/be=6, 1741622155170
Received update: /ndn/dk-site/dk/svs_core/dk=6, 1741622155170
Received update: /ndn/fi-site/fi/svs_core/fi=5, 1741622155170
Sending Sync interest
Published sequence number: /ndn/az-site/az/svs_core/az=7, 1741622157164
Sending Sync interest
Max suppression time updated to: 92
Received update: /ndn/md-site/md/svs_core/md=5, 1741622159275
Received update: /ndn/md-site/md/svs_core/md=6, 1741622159275
Received update: /ndn/ro-site/ro/svs_core/ro=7, 1741622159275
Sending Sync interest
Max suppression time updated to: 92
Received update: /ndn/at-site/at/svs_core/at=7, 1741622166351
Received update: /ndn/cy-site/cy/svs_core/cy=7, 1741622166351
Received update: /ndn/es-site/es/svs_core/es=7, 1741622166351
Received update: /ndn/ge-site/ge/svs_core/ge=7, 1741622166351
Received update: /ndn/hr-site/hr/svs_core/hr=7, 1741622166351
Received update: /ndn/pt-site/pt/svs_core/pt=7, 1741622166351
Received update: /ndn/tr-site/tr/svs_core/tr=7, 1741622166351
Received update: /ndn/uk-site/uk/svs_core/uk=7, 1741622166351
Received update: /ndn/de2-site/de2/svs_core/de2=7, 1741622166351
Sending Sync interest
Max suppression time updated to: 92
Received update: /ndn/ch-site/ch/svs_core/ch=7, 1741622166594
Sending Sync interest
Max suppression time updated to: 96
Received update: /ndn/am-site/am/svs_core/am=6, 1741622186559
Received update: /ndn/by-site/by/svs_core/by=6, 1741622186559
Received update: /ndn/ie-site/ie/svs_core/ie=6, 1741622186559
Received update: /ndn/ie-site/ie/svs_core/ie=7, 1741622186559
Received update: /ndn/il-site/il/svs_core/il=7, 1741622186559
Received update: /ndn/it-site/it/svs_core/it=7, 1741622186559
Received update: /ndn/mt-site/mt/svs_core/mt=6, 1741622186559
Received update: /ndn/mt-site/mt/svs_core/mt=7, 1741622186559
Received update: /ndn/nl-site/nl/svs_core/nl=7, 1741622186559
Received update: /ndn/no-site/no/svs_core/no=7, 1741622186559
Received update: /ndn/se-site/se/svs_core/se=6, 1741622186559
Received update: /ndn/fr1-site/fr1/svs_core/fr1=7, 1741622186559
Max suppression time updated to: 96
Received update: /ndn/sk-site/sk/svs_core/sk=7, 1741622191170
Received update: /ndn/ua-site/ua/svs_core/ua=7, 1741622191170
Received update: /ndn/ua-site/ua/svs_core/ua=8, 1741622191170
Max suppression time updated to: 96
Received update: /ndn/be-site/be/svs_core/be=7, 1741622191393
Received update: /ndn/cz-site/cz/svs_core/cz=7, 1741622191393
Received update: /ndn/dk-site/dk/svs_core/dk=7, 1741622191393
Received update: /ndn/ee-site/ee/svs_core/ee=7, 1741622191393
Received update: /ndn/is-site/is/svs_core/is=7, 1741622191393
Received update: /ndn/lu-site/lu/svs_core/lu=7, 1741622191393
Received update: /ndn/me-site/me/svs_core/me=7, 1741622191393
Received update: /ndn/fr2-site/fr2/svs_core/fr2=7, 1741622191393
Max suppression time updated to: 96
Received update: /ndn/lt-site/lt/svs_core/lt=7, 1741622191718
Received update: /ndn/lv-site/lv/svs_core/lv=7, 1741622191718
Received update: /ndn/pl-site/pl/svs_core/pl=7, 1741622191718
Received update: /ndn/si-site/si/svs_core/si=7, 1741622191718
Max suppression time updated to: 96
Max suppression time updated to: 98
Received update: /ndn/am-site/am/svs_core/am=7, 1741622192140
Max suppression time updated to: 98
Max suppression time updated to: 98
Max suppression time updated to: 98
Received update: /ndn/no-site/no/svs_core/no=8, 1741622192533
Received update: /ndn/se-site/se/svs_core/se=7, 1741622192533
Max suppression time updated to: 98
Received update: /ndn/bg-site/bg/svs_core/bg=8, 1741622199674
Received update: /ndn/gr-site/gr/svs_core/gr=8, 1741622199674
Received update: /ndn/hu-site/hu/svs_core/hu=8, 1741622199674
Received update: /ndn/md-site/md/svs_core/md=7, 1741622199674
Received update: /ndn/mk-site/mk/svs_core/mk=7, 1741622199674
Received update: /ndn/rs-site/rs/svs_core/rs=6, 1741622199674
Received update: /ndn/rs-site/rs/svs_core/rs=7, 1741622199674
Received update: /ndn/rs-site/rs/svs_core/rs=8, 1741622199674
Received update: /ndn/de1-site/de1/svs_core/de1=8, 1741622199674
Published sequence number: /ndn/az-site/az/svs_core/az=8, 1741622202174
Max suppression time updated to: 98
Received update: /ndn/ie-site/ie/svs_core/ie=8, 1741622208590
Sending Sync interest
Max suppression time updated to: 98
Received update: /ndn/at-site/at/svs_core/at=8, 1741622208776
Received update: /ndn/cy-site/cy/svs_core/cy=8, 1741622208776
Sending Sync interest
Max suppression time updated to: 98
Received update: /ndn/ch-site/ch/svs_core/ch=8, 1741622228310
Received update: /ndn/es-site/es/svs_core/es=8, 1741622228310
Received update: /ndn/it-site/it/svs_core/it=8, 1741622228310
Received update: /ndn/nl-site/nl/svs_core/nl=8, 1741622228310
Received update: /ndn/pt-site/pt/svs_core/pt=8, 1741622228310
Received update: /ndn/tr-site/tr/svs_core/tr=8, 1741622228310
Received update: /ndn/uk-site/uk/svs_core/uk=8, 1741622228310
Received update: /ndn/de2-site/de2/svs_core/de2=8, 1741622228310
Received update: /ndn/fr1-site/fr1/svs_core/fr1=8, 1741622228310
Max suppression time updated to: 98
Received update: /ndn/il-site/il/svs_core/il=8, 1741622228395
Max suppression time updated to: 98
Received update: /ndn/by-site/by/svs_core/by=7, 1741622228478
Received update: /ndn/by-site/by/svs_core/by=8, 1741622228478
Received update: /ndn/mk-site/mk/svs_core/mk=8, 1741622228478
Received update: /ndn/pl-site/pl/svs_core/pl=8, 1741622228478
Max suppression time updated to: 102
Received update: /ndn/is-site/is/svs_core/is=8, 1741622229125
Max suppression time updated to: 102
Received update: /ndn/cz-site/cz/svs_core/cz=8, 1741622231523
Received update: /ndn/ge-site/ge/svs_core/ge=8, 1741622231523
Received update: /ndn/hr-site/hr/svs_core/hr=8, 1741622231523
Received update: /ndn/ro-site/ro/svs_core/ro=8, 1741622231523
Received update: /ndn/si-site/si/svs_core/si=8, 1741622231523
Received update: /ndn/sk-site/sk/svs_core/sk=8, 1741622231523
Max suppression time updated to: 100
Received update: /ndn/be-site/be/svs_core/be=8, 1741622234642
Received update: /ndn/ee-site/ee/svs_core/ee=8, 1741622234642
Received update: /ndn/lt-site/lt/svs_core/lt=8, 1741622234642
Received update: /ndn/lu-site/lu/svs_core/lu=8, 1741622234642
Received update: /ndn/lv-site/lv/svs_core/lv=8, 1741622234642
Max suppression time updated to: 100
Received update: /ndn/fi-site/fi/svs_core/fi=6, 1741622234989
Received update: /ndn/fi-site/fi/svs_core/fi=7, 1741622234989
Received update: /ndn/fi-site/fi/svs_core/fi=8, 1741622234989
Max suppression time updated to: 100
Max suppression time updated to: 100
Max suppression time updated to: 100
Received update: /ndn/am-site/am/svs_core/am=8, 1741622236076
Received update: /ndn/dk-site/dk/svs_core/dk=8, 1741622236076
Received update: /ndn/me-site/me/svs_core/me=8, 1741622236076
Max suppression time updated to: 102
Received update: /ndn/bg-site/bg/svs_core/bg=9, 1741622245241
Received update: /ndn/es-site/es/svs_core/es=9, 1741622245241
Received update: /ndn/hu-site/hu/svs_core/hu=9, 1741622245241
Received update: /ndn/md-site/md/svs_core/md=8, 1741622245241
Received update: /ndn/rs-site/rs/svs_core/rs=9, 1741622245241
Received update: /ndn/se-site/se/svs_core/se=8, 1741622245241
Received update: /ndn/ua-site/ua/svs_core/ua=9, 1741622245241
Received update: /ndn/fr2-site/fr2/svs_core/fr2=8, 1741622245241
Published sequence number: /ndn/az-site/az/svs_core/az=9, 1741622247177
Sending Sync interest
Max suppression time updated to: 102
Received update: /ndn/at-site/at/svs_core/at=9, 1741622251240
Received update: /ndn/it-site/it/svs_core/it=9, 1741622251240
Received update: /ndn/tr-site/tr/svs_core/tr=9, 1741622251240
Sending Sync interest
Max suppression time updated to: 102
Received update: /ndn/lv-site/lv/svs_core/lv=9, 1741622256091
Received update: /ndn/de2-site/de2/svs_core/de2=9, 1741622256091
Sending Sync interest
Max suppression time updated to: 104
Received update: /ndn/uk-site/uk/svs_core/uk=9, 1741622256224
Sending Sync interest
Max suppression time updated to: 102
Received update: /ndn/ch-site/ch/svs_core/ch=9, 1741622263550
Received update: /ndn/cy-site/cy/svs_core/cy=9, 1741622263550
Received update: /ndn/gr-site/gr/svs_core/gr=9, 1741622263550
Received update: /ndn/no-site/no/svs_core/no=9, 1741622263550
Received update: /ndn/sk-site/sk/svs_core/sk=9, 1741622263550
Received update: /ndn/de1-site/de1/svs_core/de1=9, 1741622263550
Max suppression time updated to: 102
Received update: /ndn/mk-site/mk/svs_core/mk=9, 1741622263573
Received update: /ndn/nl-site/nl/svs_core/nl=9, 1741622263573
Sending Sync interest
Max suppression time updated to: 102
Received update: /ndn/hr-site/hr/svs_core/hr=9, 1741622263662
Max suppression time updated to: 102
Received update: /ndn/md-site/md/svs_core/md=9, 1741622263700
Received update: /ndn/ro-site/ro/svs_core/ro=9, 1741622263700
Sending Sync interest
Max suppression time updated to: 102
Received update: /ndn/al-site/al/svs_core/al=8, 1741622279736
Received update: /ndn/al-site/al/svs_core/al=9, 1741622279736
Received update: /ndn/cz-site/cz/svs_core/cz=9, 1741622279736
Received update: /ndn/ge-site/ge/svs_core/ge=9, 1741622279736
Received update: /ndn/il-site/il/svs_core/il=9, 1741622279736
Received update: /ndn/lt-site/lt/svs_core/lt=9, 1741622279736
Received update: /ndn/mt-site/mt/svs_core/mt=8, 1741622279736
Received update: /ndn/mt-site/mt/svs_core/mt=9, 1741622279736
Received update: /ndn/pl-site/pl/svs_core/pl=9, 1741622279736
Received update: /ndn/pt-site/pt/svs_core/pt=9, 1741622279736
Received update: /ndn/fr2-site/fr2/svs_core/fr2=9, 1741622279736
Sending Sync interest
Max suppression time updated to: 102
Received update: /ndn/ua-site/ua/svs_core/ua=10, 1741622281188
Max suppression time updated to: 102
Received update: /ndn/al-site/al/svs_core/al=10, 1741622285401
Max suppression time updated to: 102
Received update: /ndn/be-site/be/svs_core/be=9, 1741622285464
Received update: /ndn/dk-site/dk/svs_core/dk=9, 1741622285464
Received update: /ndn/is-site/is/svs_core/is=9, 1741622285464
Received update: /ndn/lu-site/lu/svs_core/lu=9, 1741622285464
Max suppression time updated to: 102
Received update: /ndn/ie-site/ie/svs_core/ie=9, 1741622285526
Max suppression time updated to: 102
Max suppression time updated to: 102
Received update: /ndn/ch-site/ch/svs_core/ch=10, 1741622290769
Received update: /ndn/cy-site/cy/svs_core/cy=10, 1741622290769
Received update: /ndn/es-site/es/svs_core/es=10, 1741622290769
Received update: /ndn/gr-site/gr/svs_core/gr=10, 1741622290769
Received update: /ndn/hu-site/hu/svs_core/hu=10, 1741622290769
Received update: /ndn/it-site/it/svs_core/it=10, 1741622290769
Received update: /ndn/fr1-site/fr1/svs_core/fr1=9, 1741622290769
Published sequence number: /ndn/az-site/az/svs_core/az=10, 1741622292185
Sending Sync interest
Max suppression time updated to: 102
Received update: /ndn/bg-site/bg/svs_core/bg=10, 1741622294463
Received update: /ndn/fi-site/fi/svs_core/fi=9, 1741622294463
Received update: /ndn/no-site/no/svs_core/no=10, 1741622294463
Received update: /ndn/ro-site/ro/svs_core/ro=10, 1741622294463
Received update: /ndn/se-site/se/svs_core/se=9, 1741622294463
Received update: /ndn/de1-site/de1/svs_core/de1=10, 1741622294463
Max suppression time updated to: 102
Sending Sync interest
Max suppression time updated to: 98
Sending Sync interest
Max suppression time updated to: 98
Received update: /ndn/at-site/at/svs_core/at=10, 1741622296377
Received update: /ndn/tr-site/tr/svs_core/tr=10, 1741622296377
Sending Sync interest
Max suppression time updated to: 98
Received update: /ndn/pt-site/pt/svs_core/pt=10, 1741622296844
Sending Sync interest
Max suppression time updated to: 98
Received update: /ndn/hr-site/hr/svs_core/hr=10, 1741622301101
Received update: /ndn/de2-site/de2/svs_core/de2=10, 1741622301101
Sending Sync interest
Max suppression time updated to: 98
Received update: /ndn/am-site/am/svs_core/am=9, 1741622301378
Received update: /ndn/nl-site/nl/svs_core/nl=10, 1741622301378
Sending Sync interest
Max suppression time updated to: 98
Received update: /ndn/si-site/si/svs_core/si=9, 1741622312845
Sending Sync interest
Max suppression time updated to: 96
Received update: /ndn/uk-site/uk/svs_core/uk=10, 1741622312959
Sending Sync interest
Max suppression time updated to: 96
Received update: /ndn/il-site/il/svs_core/il=10, 1741622313165
Received update: /ndn/pl-site/pl/svs_core/pl=10, 1741622313165
Sending Sync interest
Max suppression time updated to: 96
Received update: /ndn/ee-site/ee/svs_core/ee=9, 1741622313264
Received update: /ndn/ee-site/ee/svs_core/ee=10, 1741622313264
Received update: /ndn/lv-site/lv/svs_core/lv=10, 1741622313264
Max suppression time updated to: 96
Max suppression time updated to: 96
Sending Sync interest
Max suppression time updated to: 98
Received update: /ndn/by-site/by/svs_core/by=9, 1741622314386
Received update: /ndn/by-site/by/svs_core/by=10, 1741622314386
Received update: /ndn/ge-site/ge/svs_core/ge=10, 1741622314386
Received update: /ndn/me-site/me/svs_core/me=9, 1741622314386
Received update: /ndn/mk-site/mk/svs_core/mk=10, 1741622314386
Received update: /ndn/rs-site/rs/svs_core/rs=10, 1741622314386
Received update: /ndn/sk-site/sk/svs_core/sk=10, 1741622314386
Sending Sync interest
Max suppression time updated to: 98
Received update: /ndn/am-site/am/svs_core/am=10, 1741622318380
Received update: /ndn/is-site/is/svs_core/is=10, 1741622318380
Received update: /ndn/fr1-site/fr1/svs_core/fr1=10, 1741622318380
Received update: /ndn/fr2-site/fr2/svs_core/fr2=10, 1741622318380
Max suppression time updated to: 96
Received update: /ndn/se-site/se/svs_core/se=10, 1741622324026
Max suppression time updated to: 96
Received update: /ndn/cz-site/cz/svs_core/cz=10, 1741622324212
Received update: /ndn/dk-site/dk/svs_core/dk=10, 1741622324212
Received update: /ndn/si-site/si/svs_core/si=10, 1741622324212
Max suppression time updated to: 96
Received update: /ndn/lu-site/lu/svs_core/lu=10, 1741622324213
Max suppression time updated to: 96
Received update: /ndn/be-site/be/svs_core/be=10, 1741622333748
Received update: /ndn/es-site/es/svs_core/es=11, 1741622333748
Received update: /ndn/gr-site/gr/svs_core/gr=11, 1741622333748
Received update: /ndn/hu-site/hu/svs_core/hu=11, 1741622333748
Received update: /ndn/it-site/it/svs_core/it=11, 1741622333748
Received update: /ndn/md-site/md/svs_core/md=10, 1741622333748
Received update: /ndn/me-site/me/svs_core/me=10, 1741622333748
Received update: /ndn/mt-site/mt/svs_core/mt=10, 1741622333748
Received update: /ndn/ua-site/ua/svs_core/ua=11, 1741622333748
Max suppression time updated to: 96
Published sequence number: /ndn/az-site/az/svs_core/az=11, 1741622337191
Sending Sync interest
Max suppression time updated to: 96
Received update: /ndn/at-site/at/svs_core/at=11, 1741622345710
Received update: /ndn/bg-site/bg/svs_core/bg=11, 1741622345710
Received update: /ndn/cy-site/cy/svs_core/cy=11, 1741622345710
Received update: /ndn/ge-site/ge/svs_core/ge=11, 1741622345710
Received update: /ndn/hr-site/hr/svs_core/hr=11, 1741622345710
Received update: /ndn/pt-site/pt/svs_core/pt=11, 1741622345710
Received update: /ndn/rs-site/rs/svs_core/rs=11, 1741622345710
Received update: /ndn/tr-site/tr/svs_core/tr=11, 1741622345710
Received update: /ndn/uk-site/uk/svs_core/uk=11, 1741622345710
Received update: /ndn/de1-site/de1/svs_core/de1=11, 1741622345710
Max suppression time updated to: 96
Received update: /ndn/ch-site/ch/svs_core/ch=11, 1741622345757
Sending Sync interest
Max suppression time updated to: 96
Sending Sync interest
Max suppression time updated to: 96
Received update: /ndn/de2-site/de2/svs_core/de2=11, 1741622346106
Sending Sync interest
Max suppression time updated to: 96
Received update: /ndn/al-site/al/svs_core/al=11, 1741622357045
Received update: /ndn/ee-site/ee/svs_core/ee=11, 1741622357045
Received update: /ndn/fi-site/fi/svs_core/fi=10, 1741622357045
Received update: /ndn/il-site/il/svs_core/il=11, 1741622357045
Received update: /ndn/lt-site/lt/svs_core/lt=10, 1741622357045
Received update: /ndn/lv-site/lv/svs_core/lv=11, 1741622357045
Received update: /ndn/nl-site/nl/svs_core/nl=11, 1741622357045
Received update: /ndn/no-site/no/svs_core/no=11, 1741622357045
Received update: /ndn/pl-site/pl/svs_core/pl=11, 1741622357045
Received update: /ndn/ro-site/ro/svs_core/ro=11, 1741622357045
Received update: /ndn/sk-site/sk/svs_core/sk=11, 1741622357045
Sending Sync interest
Max suppression time updated to: 96
Received update: /ndn/is-site/is/svs_core/is=11, 1741622363285
Sending Sync interest
Max suppression time updated to: 96
Received update: /ndn/cz-site/cz/svs_core/cz=11, 1741622371272
Received update: /ndn/dk-site/dk/svs_core/dk=11, 1741622371272
Received update: /ndn/ua-site/ua/svs_core/ua=12, 1741622371272
Received update: /ndn/fr1-site/fr1/svs_core/fr1=11, 1741622371272
Received update: /ndn/fr2-site/fr2/svs_core/fr2=11, 1741622371272
Max suppression time updated to: 96
Received update: /ndn/be-site/be/svs_core/be=11, 1741622377967
Received update: /ndn/gr-site/gr/svs_core/gr=12, 1741622377967
Received update: /ndn/hu-site/hu/svs_core/hu=12, 1741622377967
Received update: /ndn/lt-site/lt/svs_core/lt=11, 1741622377967
Received update: /ndn/lu-site/lu/svs_core/lu=11, 1741622377967
Max suppression time updated to: 96
Received update: /ndn/am-site/am/svs_core/am=11, 1741622378048
Received update: /ndn/ie-site/ie/svs_core/ie=10, 1741622378048
Received update: /ndn/ie-site/ie/svs_core/ie=11, 1741622378048
Received update: /ndn/no-site/no/svs_core/no=12, 1741622378048
Received update: /ndn/se-site/se/svs_core/se=11, 1741622378048
Max suppression time updated to: 96
Received update: /ndn/bg-site/bg/svs_core/bg=12, 1741622378111
Received update: /ndn/mk-site/mk/svs_core/mk=11, 1741622378111
Max suppression time updated to: 96
Received update: /ndn/it-site/it/svs_core/it=12, 1741622378223
Max suppression time updated to: 96
Received update: /ndn/ch-site/ch/svs_core/ch=12, 1741622380213
Received update: /ndn/es-site/es/svs_core/es=12, 1741622380213
Max suppression time updated to: 96
Received update: /ndn/de1-site/de1/svs_core/de1=12, 1741622380301
Max suppression time updated to: 96
Received update: /ndn/me-site/me/svs_core/me=11, 1741622380459
Received update: /ndn/rs-site/rs/svs_core/rs=12, 1741622380459
Published sequence number: /ndn/az-site/az/svs_core/az=12, 1741622382198
Sending Sync interest
Max suppression time updated to: 96
Received update: /ndn/at-site/at/svs_core/at=12, 1741622390834
Received update: /ndn/by-site/by/svs_core/by=11, 1741622390834
Received update: /ndn/ie-site/ie/svs_core/ie=12, 1741622390834
Received update: /ndn/nl-site/nl/svs_core/nl=12, 1741622390834
Received update: /ndn/pt-site/pt/svs_core/pt=12, 1741622390834
Received update: /ndn/uk-site/uk/svs_core/uk=12, 1741622390834
Sending Sync interest
Max suppression time updated to: 96
Received update: /ndn/hr-site/hr/svs_core/hr=12, 1741622391111
Received update: /ndn/lv-site/lv/svs_core/lv=12, 1741622391111
Received update: /ndn/md-site/md/svs_core/md=11, 1741622391111
Received update: /ndn/ro-site/ro/svs_core/ro=12, 1741622391111
Received update: /ndn/si-site/si/svs_core/si=11, 1741622391111
Sending Sync interest
Max suppression time updated to: 96
Received update: /ndn/cy-site/cy/svs_core/cy=12, 1741622399196
Received update: /ndn/mk-site/mk/svs_core/mk=12, 1741622399196
Received update: /ndn/pl-site/pl/svs_core/pl=12, 1741622399196
Received update: /ndn/tr-site/tr/svs_core/tr=12, 1741622399196
Received update: /ndn/de2-site/de2/svs_core/de2=12, 1741622399196
Sending Sync interest
Max suppression time updated to: 96
Max suppression time updated to: 96
Received update: /ndn/il-site/il/svs_core/il=12, 1741622401172
Received update: /ndn/fr2-site/fr2/svs_core/fr2=12, 1741622401172
Max suppression time updated to: 96
Received update: /ndn/cz-site/cz/svs_core/cz=12, 1741622411404
Received update: /ndn/mt-site/mt/svs_core/mt=11, 1741622411404
Sending Sync interest
Max suppression time updated to: 96
Received update: /ndn/al-site/al/svs_core/al=12, 1741622423938
Received update: /ndn/al-site/al/svs_core/al=13, 1741622423938
Received update: /ndn/dk-site/dk/svs_core/dk=12, 1741622423938
Received update: /ndn/es-site/es/svs_core/es=13, 1741622423938
Received update: /ndn/fi-site/fi/svs_core/fi=11, 1741622423938
Received update: /ndn/fi-site/fi/svs_core/fi=12, 1741622423938
Received update: /ndn/gr-site/gr/svs_core/gr=13, 1741622423938
Received update: /ndn/hu-site/hu/svs_core/hu=13, 1741622423938
Received update: /ndn/is-site/is/svs_core/is=12, 1741622423938
Received update: /ndn/no-site/no/svs_core/no=13, 1741622423938
Received update: /ndn/rs-site/rs/svs_core/rs=13, 1741622423938
Received update: /ndn/se-site/se/svs_core/se=12, 1741622423938
Received update: /ndn/si-site/si/svs_core/si=12, 1741622423938
Received update: /ndn/ua-site/ua/svs_core/ua=13, 1741622423938
Received update: /ndn/fr1-site/fr1/svs_core/fr1=12, 1741622423938
Max suppression time updated to: 96
Received update: /ndn/it-site/it/svs_core/it=13, 1741622424201
Received update: /ndn/me-site/me/svs_core/me=12, 1741622424201
Received update: /ndn/mt-site/mt/svs_core/mt=12, 1741622424201
Max suppression time updated to: 96
Received update: /ndn/be-site/be/svs_core/be=12, 1741622426556
Received update: /ndn/tr-site/tr/svs_core/tr=13, 1741622426556
Published sequence number: /ndn/az-site/az/svs_core/az=13, 1741622427202
Sending Sync interest
Max suppression time updated to: 98
Received update: /ndn/sk-site/sk/svs_core/sk=12, 1741622427551
Sending Sync interest
Max suppression time updated to: 98
Received update: /ndn/ge-site/ge/svs_core/ge=12, 1741622427633
Received update: /ndn/lu-site/lu/svs_core/lu=12, 1741622427633
Max suppression time updated to: 102
Sending Sync interest
Max suppression time updated to: 102
Received update: /ndn/at-site/at/svs_core/at=13, 1741622441566
Received update: /ndn/bg-site/bg/svs_core/bg=13, 1741622441566
Received update: /ndn/by-site/by/svs_core/by=12, 1741622441566
Received update: /ndn/ch-site/ch/svs_core/ch=13, 1741622441566
Received update: /ndn/cy-site/cy/svs_core/cy=13, 1741622441566
Received update: /ndn/ee-site/ee/svs_core/ee=12, 1741622441566
Received update: /ndn/ee-site/ee/svs_core/ee=13, 1741622441566
Received update: /ndn/hr-site/hr/svs_core/hr=13, 1741622441566
Received update: /ndn/md-site/md/svs_core/md=12, 1741622441566
Received update: /ndn/nl-site/nl/svs_core/nl=13, 1741622441566
Received update: /ndn/ro-site/ro/svs_core/ro=13, 1741622441566
Received update: /ndn/de1-site/de1/svs_core/de1=13, 1741622441566
Max suppression time updated to: 102
Received update: /ndn/am-site/am/svs_core/am=12, 1741622441656
Received update: /ndn/de2-site/de2/svs_core/de2=13, 1741622441656
Max suppression time updated to: 102
Received update: /ndn/mk-site/mk/svs_core/mk=13, 1741622441767
Sending Sync interest
Max suppression time updated to: 102
Received update: /ndn/fr2-site/fr2/svs_core/fr2=13, 1741622441864
Sending Sync interest
Max suppression time updated to: 102
Received update: /ndn/il-site/il/svs_core/il=13, 1741622442106
Received update: /ndn/uk-site/uk/svs_core/uk=13, 1741622442106
Max suppression time updated to: 102
Max suppression time updated to: 100
Max suppression time updated to: 100
Max suppression time updated to: 100
Received update: /ndn/is-site/is/svs_core/is=13, 1741622457072
Received update: /ndn/lu-site/lu/svs_core/lu=13, 1741622457072
Received update: /ndn/se-site/se/svs_core/se=13, 1741622457072
Max suppression time updated to: 100
Received update: /ndn/pt-site/pt/svs_core/pt=13, 1741622457169
Max suppression time updated to: 100
Received update: /ndn/ge-site/ge/svs_core/ge=13, 1741622457693
Received update: /ndn/pl-site/pl/svs_core/pl=13, 1741622457693
Received update: /ndn/si-site/si/svs_core/si=13, 1741622457693
Received update: /ndn/sk-site/sk/svs_core/sk=13, 1741622457693
Received update: /ndn/fr1-site/fr1/svs_core/fr1=13, 1741622457693
Published sequence number: /ndn/az-site/az/svs_core/az=14, 1741622472211
Sending Sync interest
Max suppression time updated to: 100
Received update: /ndn/be-site/be/svs_core/be=13, 1741622480674
Received update: /ndn/cz-site/cz/svs_core/cz=13, 1741622480674
Received update: /ndn/dk-site/dk/svs_core/dk=13, 1741622480674
Received update: /ndn/ge-site/ge/svs_core/ge=14, 1741622480674
Received update: /ndn/gr-site/gr/svs_core/gr=14, 1741622480674
Received update: /ndn/ie-site/ie/svs_core/ie=13, 1741622480674
Received update: /ndn/it-site/it/svs_core/it=14, 1741622480674
Received update: /ndn/lt-site/lt/svs_core/lt=12, 1741622480674
Received update: /ndn/lt-site/lt/svs_core/lt=13, 1741622480674
Received update: /ndn/no-site/no/svs_core/no=14, 1741622480674
Received update: /ndn/uk-site/uk/svs_core/uk=14, 1741622480674
Max suppression time updated to: 100
Received update: /ndn/ch-site/ch/svs_core/ch=14, 1741622480752
Received update: /ndn/hu-site/hu/svs_core/hu=14, 1741622480752
Received update: /ndn/mt-site/mt/svs_core/mt=13, 1741622480752
Sending Sync interest
Max suppression time updated to: 100
Received update: /ndn/at-site/at/svs_core/at=14, 1741622481024
Received update: /ndn/bg-site/bg/svs_core/bg=14, 1741622481024
Received update: /ndn/by-site/by/svs_core/by=13, 1741622481024
Received update: /ndn/cy-site/cy/svs_core/cy=14, 1741622481024
Received update: /ndn/hr-site/hr/svs_core/hr=14, 1741622481024
Received update: /ndn/md-site/md/svs_core/md=13, 1741622481024
Received update: /ndn/nl-site/nl/svs_core/nl=14, 1741622481024
Received update: /ndn/ro-site/ro/svs_core/ro=14, 1741622481024
Received update: /ndn/tr-site/tr/svs_core/tr=14, 1741622481024
Received update: /ndn/de1-site/de1/svs_core/de1=14, 1741622481024
Sending Sync interest
Max suppression time updated to: 102
Received update: /ndn/am-site/am/svs_core/am=13, 1741622481742
Max suppression time updated to: 102
Sending Sync interest
Max suppression time updated to: 102
Received update: /ndn/de2-site/de2/svs_core/de2=14, 1741622481958
Max suppression time updated to: 102
Received update: /ndn/be-site/be/svs_core/be=14, 1741622499070
Received update: /ndn/es-site/es/svs_core/es=14, 1741622499070
Received update: /ndn/il-site/il/svs_core/il=14, 1741622499070
Received update: /ndn/is-site/is/svs_core/is=14, 1741622499070
Received update: /ndn/pt-site/pt/svs_core/pt=14, 1741622499070
Received update: /ndn/sk-site/sk/svs_core/sk=14, 1741622499070
Max suppression time updated to: 102
Received update: /ndn/ie-site/ie/svs_core/ie=14, 1741622499088
Max suppression time updated to: 102
Received update: /ndn/am-site/am/svs_core/am=14, 1741622499131
Max suppression time updated to: 102
Max suppression time updated to: 104
Max suppression time updated to: 104
Received update: /ndn/mt-site/mt/svs_core/mt=14, 1741622499379
Received update: /ndn/ua-site/ua/svs_core/ua=14, 1741622499379
Received update: /ndn/fr1-site/fr1/svs_core/fr1=14, 1741622499379
Max suppression time updated to: 104
Received update: /ndn/pl-site/pl/svs_core/pl=14, 1741622499585
Max suppression time updated to: 104
Received update: /ndn/dk-site/dk/svs_core/dk=14, 1741622504241
Received update: /ndn/mk-site/mk/svs_core/mk=14, 1741622504241
Max suppression time updated to: 104
Received update: /ndn/lu-site/lu/svs_core/lu=14, 1741622506187
Received update: /ndn/ua-site/ua/svs_core/ua=15, 1741622506187
Max suppression time updated to: 104
Received update: /ndn/cz-site/cz/svs_core/cz=14, 1741622514616
Received update: /ndn/ee-site/ee/svs_core/ee=14, 1741622514616
Received update: /ndn/hu-site/hu/svs_core/hu=15, 1741622514616
Received update: /ndn/lt-site/lt/svs_core/lt=14, 1741622514616
Received update: /ndn/lv-site/lv/svs_core/lv=13, 1741622514616
Received update: /ndn/lv-site/lv/svs_core/lv=14, 1741622514616
Received update: /ndn/de1-site/de1/svs_core/de1=15, 1741622514616
Max suppression time updated to: 104
Received update: /ndn/gr-site/gr/svs_core/gr=15, 1741622514759
Received update: /ndn/it-site/it/svs_core/it=15, 1741622514759
Received update: /ndn/rs-site/rs/svs_core/rs=14, 1741622514759
Received update: /ndn/rs-site/rs/svs_core/rs=15, 1741622514759
Received update: /ndn/fr2-site/fr2/svs_core/fr2=14, 1741622514759
Max suppression time updated to: 104
Received update: /ndn/bg-site/bg/svs_core/bg=15, 1741622515039
Received update: /ndn/si-site/si/svs_core/si=14, 1741622515039
Published sequence number: /ndn/az-site/az/svs_core/az=15, 1741622517213
Sending Sync interest
Max suppression time updated to: 104
Received update: /ndn/cy-site/cy/svs_core/cy=15, 1741622517434
Received update: /ndn/me-site/me/svs_core/me=13, 1741622517434
Received update: /ndn/me-site/me/svs_core/me=14, 1741622517434
Received update: /ndn/tr-site/tr/svs_core/tr=15, 1741622517434
Max suppression time updated to: 104
Received update: /ndn/at-site/at/svs_core/at=15, 1741622526131
Received update: /ndn/ch-site/ch/svs_core/ch=15, 1741622526131
Received update: /ndn/es-site/es/svs_core/es=15, 1741622526131
Received update: /ndn/hr-site/hr/svs_core/hr=15, 1741622526131
Received update: /ndn/md-site/md/svs_core/md=14, 1741622526131
Received update: /ndn/md-site/md/svs_core/md=15, 1741622526131
Received update: /ndn/ro-site/ro/svs_core/ro=15, 1741622526131
Received update: /ndn/de2-site/de2/svs_core/de2=15, 1741622526131
Max suppression time updated to: 104
Received update: /ndn/mt-site/mt/svs_core/mt=15, 1741622538388
Received update: /ndn/fr2-site/fr2/svs_core/fr2=15, 1741622538388
Max suppression time updated to: 104
Max suppression time updated to: 104
Received update: /ndn/am-site/am/svs_core/am=15, 1741622544027
Received update: /ndn/be-site/be/svs_core/be=15, 1741622544027
Received update: /ndn/by-site/by/svs_core/by=14, 1741622544027
Received update: /ndn/by-site/by/svs_core/by=15, 1741622544027
Received update: /ndn/nl-site/nl/svs_core/nl=15, 1741622544027
Received update: /ndn/pl-site/pl/svs_core/pl=15, 1741622544027
Received update: /ndn/si-site/si/svs_core/si=15, 1741622544027
Received update: /ndn/uk-site/uk/svs_core/uk=15, 1741622544027
Max suppression time updated to: 104
Received update: /ndn/ge-site/ge/svs_core/ge=15, 1741622544556
Received update: /ndn/fr1-site/fr1/svs_core/fr1=15, 1741622544556
Sending Sync interest
Max suppression time updated to: 104
Max suppression time updated to: 104
Received update: /ndn/il-site/il/svs_core/il=15, 1741622544947
Received update: /ndn/lu-site/lu/svs_core/lu=15, 1741622544947
Max suppression time updated to: 104
Received update: /ndn/is-site/is/svs_core/is=15, 1741622546413
Published sequence number: /ndn/az-site/az/svs_core/az=16, 1741622562219
Sending Sync interest
Max suppression time updated to: 104
Received update: /ndn/cy-site/cy/svs_core/cy=16, 1741622571265
Received update: /ndn/cz-site/cz/svs_core/cz=15, 1741622571265
Received update: /ndn/dk-site/dk/svs_core/dk=15, 1741622571265
Received update: /ndn/ee-site/ee/svs_core/ee=15, 1741622571265
Received update: /ndn/fi-site/fi/svs_core/fi=13, 1741622571265
Received update: /ndn/fi-site/fi/svs_core/fi=14, 1741622571265
Received update: /ndn/gr-site/gr/svs_core/gr=16, 1741622571265
Received update: /ndn/hu-site/hu/svs_core/hu=16, 1741622571265
Received update: /ndn/ie-site/ie/svs_core/ie=15, 1741622571265
Received update: /ndn/it-site/it/svs_core/it=16, 1741622571265
Received update: /ndn/lv-site/lv/svs_core/lv=15, 1741622571265
Received update: /ndn/me-site/me/svs_core/me=15, 1741622571265
Received update: /ndn/no-site/no/svs_core/no=15, 1741622571265
Received update: /ndn/no-site/no/svs_core/no=16, 1741622571265
Received update: /ndn/se-site/se/svs_core/se=14, 1741622571265
Received update: /ndn/se-site/se/svs_core/se=15, 1741622571265
Received update: /ndn/sk-site/sk/svs_core/sk=15, 1741622571265
Received update: /ndn/tr-site/tr/svs_core/tr=16, 1741622571265
Received update: /ndn/ua-site/ua/svs_core/ua=16, 1741622571265
Received update: /ndn/de1-site/de1/svs_core/de1=16, 1741622571265
Received update: /ndn/de2-site/de2/svs_core/de2=16, 1741622571265
Sending Sync interest
Max suppression time updated to: 104
Received update: /ndn/at-site/at/svs_core/at=16, 1741622571470
Received update: /ndn/bg-site/bg/svs_core/bg=16, 1741622571470
Received update: /ndn/ch-site/ch/svs_core/ch=16, 1741622571470
Received update: /ndn/ge-site/ge/svs_core/ge=16, 1741622571470
Received update: /ndn/mk-site/mk/svs_core/mk=15, 1741622571470
Received update: /ndn/nl-site/nl/svs_core/nl=16, 1741622571470
Received update: /ndn/ro-site/ro/svs_core/ro=16, 1741622571470
Received update: /ndn/uk-site/uk/svs_core/uk=16, 1741622571470
Sending Sync interest
Max suppression time updated to: 104
Received update: /ndn/by-site/by/svs_core/by=16, 1741622573563
Received update: /ndn/hr-site/hr/svs_core/hr=16, 1741622573563
Received update: /ndn/lt-site/lt/svs_core/lt=15, 1741622573563
Received update: /ndn/mk-site/mk/svs_core/mk=16, 1741622573563
Max suppression time updated to: 104
Received update: /ndn/es-site/es/svs_core/es=16, 1741622573664
Received update: /ndn/md-site/md/svs_core/md=16, 1741622573664
Received update: /ndn/pt-site/pt/svs_core/pt=15, 1741622573664
Received update: /ndn/fr2-site/fr2/svs_core/fr2=16, 1741622573664
Max suppression time updated to: 104
Sending Sync interest
Stopping SVS client: /ndn/az-site/az/svs_core/az
