SVS client starting: /ndn/lu-site/lu/svs_core/lu
Sending Sync interest
Received update: /ndn/it-site/it/svs_core/it=1, 1741612062026
Received update: /ndn/is-site/is/svs_core/is=1, 1741612062393
Received update: /ndn/by-site/by/svs_core/by=1, 1741612064954
Received update: /ndn/at-site/at/svs_core/at=1, 1741612066082
Received update: /ndn/fi-site/fi/svs_core/fi=1, 1741612066083
Received update: /ndn/lt-site/lt/svs_core/lt=1, 1741612066317
Received update: /ndn/ee-site/ee/svs_core/ee=1, 1741612067236
Received update: /ndn/al-site/al/svs_core/al=1, 1741612067247
Received update: /ndn/si-site/si/svs_core/si=1, 1741612067568
Received update: /ndn/pt-site/pt/svs_core/pt=1, 1741612068235
Received update: /ndn/mk-site/mk/svs_core/mk=1, 1741612069432
Received update: /ndn/dk-site/dk/svs_core/dk=1, 1741612069654
Received update: /ndn/tr-site/tr/svs_core/tr=1, 1741612070681
Received update: /ndn/me-site/me/svs_core/me=1, 1741612071881
Received update: /ndn/ge-site/ge/svs_core/ge=1, 1741612072501
Received update: /ndn/gr-site/gr/svs_core/gr=1, 1741612072627
Received update: /ndn/de2-site/de2/svs_core/de2=1, 1741612075026
Received update: /ndn/be-site/be/svs_core/be=1, 1741612076290
Received update: /ndn/es-site/es/svs_core/es=1, 1741612076533
Received update: /ndn/il-site/il/svs_core/il=1, 1741612076810
Received update: /ndn/ie-site/ie/svs_core/ie=1, 1741612077804
Received update: /ndn/fr2-site/fr2/svs_core/fr2=1, 1741612078153
Received update: /ndn/de1-site/de1/svs_core/de1=1, 1741612079731
Received update: /ndn/cy-site/cy/svs_core/cy=1, 1741612080862
Received update: /ndn/lv-site/lv/svs_core/lv=1, 1741612080862
Received update: /ndn/hr-site/hr/svs_core/hr=1, 1741612080950
Received update: /ndn/md-site/md/svs_core/md=1, 1741612084597
Received update: /ndn/ua-site/ua/svs_core/ua=1, 1741612084597
Received update: /ndn/am-site/am/svs_core/am=1, 1741612084996
Received update: /ndn/hu-site/hu/svs_core/hu=1, 1741612087177
Received update: /ndn/uk-site/uk/svs_core/uk=1, 1741612091718
Received update: /ndn/bg-site/bg/svs_core/bg=1, 1741612094042
Received update: /ndn/pl-site/pl/svs_core/pl=1, 1741612094414
Received update: /ndn/ch-site/ch/svs_core/ch=1, 1741612096037
Received update: /ndn/fr1-site/fr1/svs_core/fr1=1, 1741612096121
Received update: /ndn/sk-site/sk/svs_core/sk=1, 1741612096534
Received update: /ndn/az-site/az/svs_core/az=1, 1741612098270
Received update: /ndn/ro-site/ro/svs_core/ro=1, 1741612098538
Received update: /ndn/cz-site/cz/svs_core/cz=1, 1741612100785
Received update: /ndn/nl-site/nl/svs_core/nl=1, 1741612101912
Received update: /ndn/se-site/se/svs_core/se=1, 1741612102699
Published sequence number: /ndn/lu-site/lu/svs_core/lu=1, 1741612103406
Sending Sync interest
Received update: /ndn/no-site/no/svs_core/no=1, 1741612103939
Received update: /ndn/rs-site/rs/svs_core/rs=1, 1741612105487
Received update: /ndn/it-site/it/svs_core/it=2, 1741612107266
Received update: /ndn/mt-site/mt/svs_core/mt=1, 1741612107266
Received update: /ndn/is-site/is/svs_core/is=2, 1741612107406
Received update: /ndn/by-site/by/svs_core/by=2, 1741612109965
Received update: /ndn/at-site/at/svs_core/at=2, 1741612111082
Received update: /ndn/fi-site/fi/svs_core/fi=2, 1741612111084
Received update: /ndn/lt-site/lt/svs_core/lt=2, 1741612111292
Received update: /ndn/ee-site/ee/svs_core/ee=2, 1741612112235
Received update: /ndn/al-site/al/svs_core/al=2, 1741612112267
Received update: /ndn/si-site/si/svs_core/si=2, 1741612112570
Received update: /ndn/mk-site/mk/svs_core/mk=2, 1741612114451
Received update: /ndn/dk-site/dk/svs_core/dk=2, 1741612114669
Received update: /ndn/pt-site/pt/svs_core/pt=2, 1741612114687
Received update: /ndn/tr-site/tr/svs_core/tr=2, 1741612115689
Received update: /ndn/ge-site/ge/svs_core/ge=2, 1741612117507
Received update: /ndn/me-site/me/svs_core/me=2, 1741612117759
Received update: /ndn/de2-site/de2/svs_core/de2=2, 1741612120027
Received update: /ndn/gr-site/gr/svs_core/gr=2, 1741612120283
Received update: /ndn/be-site/be/svs_core/be=2, 1741612121305
Received update: /ndn/es-site/es/svs_core/es=2, 1741612121536
Received update: /ndn/il-site/il/svs_core/il=2, 1741612121825
Received update: /ndn/fr2-site/fr2/svs_core/fr2=2, 1741612123161
Received update: /ndn/ie-site/ie/svs_core/ie=2, 1741612123413
Received update: /ndn/de1-site/de1/svs_core/de1=2, 1741612124742
Received update: /ndn/cy-site/cy/svs_core/cy=2, 1741612125402
Received update: /ndn/lv-site/lv/svs_core/lv=2, 1741612125860
Received update: /ndn/hr-site/hr/svs_core/hr=2, 1741612125949
Received update: /ndn/md-site/md/svs_core/md=2, 1741612129471
Received update: /ndn/ua-site/ua/svs_core/ua=2, 1741612129603
Received update: /ndn/hu-site/hu/svs_core/hu=2, 1741612132189
Received update: /ndn/am-site/am/svs_core/am=2, 1741612132415
Received update: /ndn/uk-site/uk/svs_core/uk=2, 1741612136734
Received update: /ndn/bg-site/bg/svs_core/bg=2, 1741612139042
Received update: /ndn/pl-site/pl/svs_core/pl=2, 1741612139414
Received update: /ndn/ch-site/ch/svs_core/ch=2, 1741612141042
Received update: /ndn/fr1-site/fr1/svs_core/fr1=2, 1741612141119
Received update: /ndn/sk-site/sk/svs_core/sk=2, 1741612141546
Received update: /ndn/ro-site/ro/svs_core/ro=2, 1741612142202
Received update: /ndn/az-site/az/svs_core/az=2, 1741612143283
Received update: /ndn/cz-site/cz/svs_core/cz=2, 1741612145795
Received update: /ndn/nl-site/nl/svs_core/nl=2, 1741612146917
Published sequence number: /ndn/lu-site/lu/svs_core/lu=2, 1741612148410
Sending Sync interest
Received update: /ndn/se-site/se/svs_core/se=2, 1741612148717
Received update: /ndn/no-site/no/svs_core/no=2, 1741612148943
Received update: /ndn/mt-site/mt/svs_core/mt=2, 1741612149884
Received update: /ndn/rs-site/rs/svs_core/rs=2, 1741612150486
Received update: /ndn/it-site/it/svs_core/it=3, 1741612152040
Received update: /ndn/is-site/is/svs_core/is=3, 1741612152411
Received update: /ndn/by-site/by/svs_core/by=3, 1741612154957
Received update: /ndn/fi-site/fi/svs_core/fi=3, 1741612156086
Received update: /ndn/at-site/at/svs_core/at=3, 1741612156094
Received update: /ndn/al-site/al/svs_core/al=3, 1741612157260
Received update: /ndn/lt-site/lt/svs_core/lt=3, 1741612157501
Received update: /ndn/si-site/si/svs_core/si=3, 1741612157569
Received update: /ndn/ee-site/ee/svs_core/ee=3, 1741612158252
Received update: /ndn/pt-site/pt/svs_core/pt=3, 1741612158252
Received update: /ndn/mk-site/mk/svs_core/mk=3, 1741612159441
Received update: /ndn/dk-site/dk/svs_core/dk=3, 1741612159662
Received update: /ndn/tr-site/tr/svs_core/tr=3, 1741612160691
Received update: /ndn/me-site/me/svs_core/me=3, 1741612161881
Received update: /ndn/ge-site/ge/svs_core/ge=3, 1741612162520
Received update: /ndn/gr-site/gr/svs_core/gr=3, 1741612162627
Received update: /ndn/de2-site/de2/svs_core/de2=3, 1741612165029
Received update: /ndn/be-site/be/svs_core/be=3, 1741612166297
Received update: /ndn/es-site/es/svs_core/es=3, 1741612166532
Received update: /ndn/ie-site/ie/svs_core/ie=3, 1741612167837
Received update: /ndn/il-site/il/svs_core/il=3, 1741612168068
Received update: /ndn/fr2-site/fr2/svs_core/fr2=3, 1741612168175
Received update: /ndn/de1-site/de1/svs_core/de1=3, 1741612169741
Received update: /ndn/cy-site/cy/svs_core/cy=3, 1741612170403
Received update: /ndn/lv-site/lv/svs_core/lv=3, 1741612170882
Received update: /ndn/hr-site/hr/svs_core/hr=3, 1741612170954
Received update: /ndn/md-site/md/svs_core/md=3, 1741612174470
Received update: /ndn/ua-site/ua/svs_core/ua=3, 1741612174606
Received update: /ndn/hu-site/hu/svs_core/hu=3, 1741612177192
Received update: /ndn/bg-site/bg/svs_core/bg=3, 1741612184065
Received update: /ndn/uk-site/uk/svs_core/uk=3, 1741612184065
Received update: /ndn/ch-site/ch/svs_core/ch=3, 1741612186052
Received update: /ndn/pl-site/pl/svs_core/pl=3, 1741612186052
Received update: /ndn/fr1-site/fr1/svs_core/fr1=3, 1741612186128
Received update: /ndn/am-site/am/svs_core/am=3, 1741612186255
Received update: /ndn/ro-site/ro/svs_core/ro=3, 1741612187200
Received update: /ndn/sk-site/sk/svs_core/sk=3, 1741612187269
Received update: /ndn/az-site/az/svs_core/az=3, 1741612188293
Received update: /ndn/cz-site/cz/svs_core/cz=3, 1741612190797
Received update: /ndn/nl-site/nl/svs_core/nl=3, 1741612191910
Received update: /ndn/se-site/se/svs_core/se=3, 1741612192745
Published sequence number: /ndn/lu-site/lu/svs_core/lu=3, 1741612193413
Sending Sync interest
Received update: /ndn/no-site/no/svs_core/no=3, 1741612193941
Received update: /ndn/mt-site/mt/svs_core/mt=3, 1741612194885
Received update: /ndn/it-site/it/svs_core/it=4, 1741612197026
Received update: /ndn/rs-site/rs/svs_core/rs=3, 1741612197268
Received update: /ndn/is-site/is/svs_core/is=4, 1741612197417
Received update: /ndn/fi-site/fi/svs_core/fi=4, 1741612201086
Received update: /ndn/at-site/at/svs_core/at=4, 1741612201092
Received update: /ndn/lt-site/lt/svs_core/lt=4, 1741612201331
Received update: /ndn/by-site/by/svs_core/by=4, 1741612201344
Received update: /ndn/ee-site/ee/svs_core/ee=4, 1741612202241
Received update: /ndn/si-site/si/svs_core/si=4, 1741612202576
Received update: /ndn/al-site/al/svs_core/al=4, 1741612202800
Received update: /ndn/pt-site/pt/svs_core/pt=4, 1741612203245
Received update: /ndn/mk-site/mk/svs_core/mk=4, 1741612204437
Received update: /ndn/dk-site/dk/svs_core/dk=4, 1741612204679
Received update: /ndn/tr-site/tr/svs_core/tr=4, 1741612205695
Received update: /ndn/me-site/me/svs_core/me=4, 1741612206889
Received update: /ndn/ge-site/ge/svs_core/ge=4, 1741612207513
Received update: /ndn/gr-site/gr/svs_core/gr=4, 1741612207656
Received update: /ndn/de2-site/de2/svs_core/de2=4, 1741612210039
Received update: /ndn/be-site/be/svs_core/be=4, 1741612211316
Received update: /ndn/es-site/es/svs_core/es=4, 1741612211549
Received update: /ndn/il-site/il/svs_core/il=4, 1741612211823
Received update: /ndn/fr2-site/fr2/svs_core/fr2=4, 1741612213186
Received update: /ndn/de1-site/de1/svs_core/de1=4, 1741612214743
Received update: /ndn/ie-site/ie/svs_core/ie=4, 1741612214966
Received update: /ndn/cy-site/cy/svs_core/cy=4, 1741612215391
Received update: /ndn/hr-site/hr/svs_core/hr=4, 1741612215959
Received update: /ndn/md-site/md/svs_core/md=4, 1741612219481
Received update: /ndn/lv-site/lv/svs_core/lv=4, 1741612219598
Received update: /ndn/am-site/am/svs_core/am=4, 1741612221060
Received update: /ndn/hu-site/hu/svs_core/hu=4, 1741612222189
Received update: /ndn/bg-site/bg/svs_core/bg=4, 1741612229242
Received update: /ndn/ua-site/ua/svs_core/ua=4, 1741612229242
Received update: /ndn/uk-site/uk/svs_core/uk=4, 1741612229304
Received update: /ndn/pl-site/pl/svs_core/pl=4, 1741612229425
Received update: /ndn/ch-site/ch/svs_core/ch=4, 1741612231058
Received update: /ndn/fr1-site/fr1/svs_core/fr1=4, 1741612231124
Received update: /ndn/sk-site/sk/svs_core/sk=4, 1741612231577
Received update: /ndn/ro-site/ro/svs_core/ro=4, 1741612232218
Received update: /ndn/az-site/az/svs_core/az=4, 1741612233287
Received update: /ndn/cz-site/cz/svs_core/cz=4, 1741612235817
Received update: /ndn/nl-site/nl/svs_core/nl=4, 1741612236914
Published sequence number: /ndn/lu-site/lu/svs_core/lu=4, 1741612238415
Sending Sync interest
Received update: /ndn/se-site/se/svs_core/se=4, 1741612238554
Received update: /ndn/no-site/no/svs_core/no=4, 1741612238958
Received update: /ndn/rs-site/rs/svs_core/rs=4, 1741612240496
Received update: /ndn/mt-site/mt/svs_core/mt=4, 1741612240749
Received update: /ndn/it-site/it/svs_core/it=5, 1741612242029
Received update: /ndn/is-site/is/svs_core/is=5, 1741612242405
Received update: /ndn/fi-site/fi/svs_core/fi=5, 1741612246088
Received update: /ndn/at-site/at/svs_core/at=5, 1741612246093
Received update: /ndn/by-site/by/svs_core/by=5, 1741612246300
Received update: /ndn/lt-site/lt/svs_core/lt=5, 1741612246304
Received update: /ndn/ee-site/ee/svs_core/ee=5, 1741612247244
Received update: /ndn/al-site/al/svs_core/al=5, 1741612247260
Received update: /ndn/si-site/si/svs_core/si=5, 1741612247579
Received update: /ndn/pt-site/pt/svs_core/pt=5, 1741612248261
Received update: /ndn/mk-site/mk/svs_core/mk=5, 1741612249446
Received update: /ndn/dk-site/dk/svs_core/dk=5, 1741612249683
Received update: /ndn/tr-site/tr/svs_core/tr=5, 1741612250700
Received update: /ndn/ge-site/ge/svs_core/ge=5, 1741612252524
Received update: /ndn/gr-site/gr/svs_core/gr=5, 1741612252637
Received update: /ndn/de2-site/de2/svs_core/de2=5, 1741612255052
Received update: /ndn/me-site/me/svs_core/me=5, 1741612255305
Received update: /ndn/be-site/be/svs_core/be=5, 1741612256313
Received update: /ndn/es-site/es/svs_core/es=5, 1741612256545
Received update: /ndn/ie-site/ie/svs_core/ie=5, 1741612257816
Received update: /ndn/fr2-site/fr2/svs_core/fr2=5, 1741612258170
Received update: /ndn/de1-site/de1/svs_core/de1=5, 1741612259747
Received update: /ndn/cy-site/cy/svs_core/cy=5, 1741612260400
Received update: /ndn/il-site/il/svs_core/il=5, 1741612260563
Received update: /ndn/lv-site/lv/svs_core/lv=5, 1741612260885
Received update: /ndn/hr-site/hr/svs_core/hr=5, 1741612260960
Received update: /ndn/am-site/am/svs_core/am=5, 1741612265009
Received update: /ndn/ua-site/ua/svs_core/ua=5, 1741612265269
Received update: /ndn/md-site/md/svs_core/md=5, 1741612265272
Received update: /ndn/hu-site/hu/svs_core/hu=5, 1741612267191
Received update: /ndn/bg-site/bg/svs_core/bg=5, 1741612274065
Received update: /ndn/uk-site/uk/svs_core/uk=5, 1741612274065
Received update: /ndn/pl-site/pl/svs_core/pl=5, 1741612274455
Received update: /ndn/ch-site/ch/svs_core/ch=5, 1741612276060
Received update: /ndn/fr1-site/fr1/svs_core/fr1=5, 1741612276135
Received update: /ndn/sk-site/sk/svs_core/sk=5, 1741612276559
Received update: /ndn/ro-site/ro/svs_core/ro=5, 1741612277209
Received update: /ndn/az-site/az/svs_core/az=5, 1741612278300
Received update: /ndn/cz-site/cz/svs_core/cz=5, 1741612280809
Received update: /ndn/nl-site/nl/svs_core/nl=5, 1741612282730
Received update: /ndn/se-site/se/svs_core/se=5, 1741612282730
Published sequence number: /ndn/lu-site/lu/svs_core/lu=5, 1741612283417
Sending Sync interest
Received update: /ndn/no-site/no/svs_core/no=5, 1741612283967
Received update: /ndn/mt-site/mt/svs_core/mt=5, 1741612284912
Received update: /ndn/rs-site/rs/svs_core/rs=5, 1741612285489
Received update: /ndn/it-site/it/svs_core/it=6, 1741612287034
Received update: /ndn/is-site/is/svs_core/is=6, 1741612287438
Received update: /ndn/by-site/by/svs_core/by=6, 1741612289983
Received update: /ndn/at-site/at/svs_core/at=6, 1741612291089
Received update: /ndn/fi-site/fi/svs_core/fi=6, 1741612291531
Received update: /ndn/lt-site/lt/svs_core/lt=6, 1741612291531
Received update: /ndn/ee-site/ee/svs_core/ee=6, 1741612292251
Received update: /ndn/al-site/al/svs_core/al=6, 1741612292383
Received update: /ndn/pt-site/pt/svs_core/pt=6, 1741612293262
Received update: /ndn/si-site/si/svs_core/si=6, 1741612293453
Received update: /ndn/dk-site/dk/svs_core/dk=6, 1741612294676
Received update: /ndn/mk-site/mk/svs_core/mk=6, 1741612294676
Received update: /ndn/tr-site/tr/svs_core/tr=6, 1741612295700
Received update: /ndn/ge-site/ge/svs_core/ge=6, 1741612297523
Received update: /ndn/gr-site/gr/svs_core/gr=6, 1741612297634
Received update: /ndn/me-site/me/svs_core/me=6, 1741612297787
Received update: /ndn/de2-site/de2/svs_core/de2=6, 1741612300043
Received update: /ndn/be-site/be/svs_core/be=6, 1741612301315
Received update: /ndn/es-site/es/svs_core/es=6, 1741612301541
Received update: /ndn/il-site/il/svs_core/il=6, 1741612301834
Received update: /ndn/ie-site/ie/svs_core/ie=6, 1741612302823
Received update: /ndn/de1-site/de1/svs_core/de1=6, 1741612304744
Received update: /ndn/fr2-site/fr2/svs_core/fr2=6, 1741612304974
Received update: /ndn/cy-site/cy/svs_core/cy=6, 1741612305397
Received update: /ndn/lv-site/lv/svs_core/lv=6, 1741612305882
Received update: /ndn/hr-site/hr/svs_core/hr=6, 1741612305967
Received update: /ndn/md-site/md/svs_core/md=6, 1741612309495
Received update: /ndn/ua-site/ua/svs_core/ua=6, 1741612309618
Received update: /ndn/am-site/am/svs_core/am=6, 1741612310008
Received update: /ndn/hu-site/hu/svs_core/hu=6, 1741612312194
Received update: /ndn/uk-site/uk/svs_core/uk=6, 1741612316743
Received update: /ndn/bg-site/bg/svs_core/bg=6, 1741612319067
Received update: /ndn/pl-site/pl/svs_core/pl=6, 1741612319430
Received update: /ndn/ch-site/ch/svs_core/ch=6, 1741612321064
Received update: /ndn/fr1-site/fr1/svs_core/fr1=6, 1741612321122
Received update: /ndn/sk-site/sk/svs_core/sk=6, 1741612321544
Received update: /ndn/ro-site/ro/svs_core/ro=6, 1741612322224
Received update: /ndn/cz-site/cz/svs_core/cz=6, 1741612325813
Received update: /ndn/az-site/az/svs_core/az=6, 1741612326045
Received update: /ndn/nl-site/nl/svs_core/nl=6, 1741612327736
Received update: /ndn/se-site/se/svs_core/se=6, 1741612327736
Published sequence number: /ndn/lu-site/lu/svs_core/lu=6, 1741612328418
Sending Sync interest
Received update: /ndn/no-site/no/svs_core/no=6, 1741612328965
Received update: /ndn/mt-site/mt/svs_core/mt=6, 1741612329907
Received update: /ndn/rs-site/rs/svs_core/rs=6, 1741612330489
Received update: /ndn/it-site/it/svs_core/it=7, 1741612332035
Received update: /ndn/is-site/is/svs_core/is=7, 1741612332413
Received update: /ndn/by-site/by/svs_core/by=7, 1741612334984
Received update: /ndn/at-site/at/svs_core/at=7, 1741612336093
Received update: /ndn/lt-site/lt/svs_core/lt=7, 1741612336335
Received update: /ndn/ee-site/ee/svs_core/ee=7, 1741612337263
Received update: /ndn/si-site/si/svs_core/si=7, 1741612337587
Received update: /ndn/al-site/al/svs_core/al=7, 1741612337878
Received update: /ndn/fi-site/fi/svs_core/fi=7, 1741612338064
Received update: /ndn/pt-site/pt/svs_core/pt=7, 1741612338264
Received update: /ndn/mk-site/mk/svs_core/mk=7, 1741612339457
Received update: /ndn/dk-site/dk/svs_core/dk=7, 1741612339693
Received update: /ndn/tr-site/tr/svs_core/tr=7, 1741612340726
Received update: /ndn/me-site/me/svs_core/me=7, 1741612341906
Received update: /ndn/ge-site/ge/svs_core/ge=7, 1741612342536
Received update: /ndn/gr-site/gr/svs_core/gr=7, 1741612342669
Received update: /ndn/de2-site/de2/svs_core/de2=7, 1741612345044
Received update: /ndn/be-site/be/svs_core/be=7, 1741612346343
Received update: /ndn/es-site/es/svs_core/es=7, 1741612346728
Received update: /ndn/il-site/il/svs_core/il=7, 1741612346838
Received update: /ndn/ie-site/ie/svs_core/ie=7, 1741612347843
Received update: /ndn/fr2-site/fr2/svs_core/fr2=7, 1741612348205
Received update: /ndn/de1-site/de1/svs_core/de1=7, 1741612349748
Received update: /ndn/cy-site/cy/svs_core/cy=7, 1741612350400
Received update: /ndn/lv-site/lv/svs_core/lv=7, 1741612350975
Received update: /ndn/hr-site/hr/svs_core/hr=7, 1741612350991
Received update: /ndn/ua-site/ua/svs_core/ua=7, 1741612354633
Received update: /ndn/am-site/am/svs_core/am=7, 1741612355008
Received update: /ndn/hu-site/hu/svs_core/hu=7, 1741612357199
Received update: /ndn/uk-site/uk/svs_core/uk=7, 1741612361743
Received update: /ndn/bg-site/bg/svs_core/bg=7, 1741612364093
Received update: /ndn/md-site/md/svs_core/md=7, 1741612364316
Received update: /ndn/pl-site/pl/svs_core/pl=7, 1741612364428
Received update: /ndn/ch-site/ch/svs_core/ch=7, 1741612366081
Received update: /ndn/fr1-site/fr1/svs_core/fr1=7, 1741612366138
Received update: /ndn/sk-site/sk/svs_core/sk=7, 1741612366548
Received update: /ndn/ro-site/ro/svs_core/ro=7, 1741612367222
Received update: /ndn/az-site/az/svs_core/az=7, 1741612368302
Received update: /ndn/cz-site/cz/svs_core/cz=7, 1741612370817
Received update: /ndn/nl-site/nl/svs_core/nl=7, 1741612371936
Received update: /ndn/se-site/se/svs_core/se=7, 1741612372736
Published sequence number: /ndn/lu-site/lu/svs_core/lu=7, 1741612373424
Sending Sync interest
Received update: /ndn/mt-site/mt/svs_core/mt=7, 1741612374910
Received update: /ndn/it-site/it/svs_core/it=8, 1741612377051
Received update: /ndn/no-site/no/svs_core/no=7, 1741612377298
Received update: /ndn/is-site/is/svs_core/is=8, 1741612377412
Received update: /ndn/rs-site/rs/svs_core/rs=7, 1741612377563
Received update: /ndn/at-site/at/svs_core/at=8, 1741612381095
Received update: /ndn/lt-site/lt/svs_core/lt=8, 1741612381314
Received update: /ndn/fi-site/fi/svs_core/fi=8, 1741612381577
Received update: /ndn/by-site/by/svs_core/by=8, 1741612381870
Received update: /ndn/ee-site/ee/svs_core/ee=8, 1741612382256
Received update: /ndn/al-site/al/svs_core/al=8, 1741612382288
Received update: /ndn/si-site/si/svs_core/si=8, 1741612382598
Received update: /ndn/pt-site/pt/svs_core/pt=8, 1741612383256
Received update: /ndn/dk-site/dk/svs_core/dk=8, 1741612384681
Received update: /ndn/mk-site/mk/svs_core/mk=8, 1741612384681
Received update: /ndn/tr-site/tr/svs_core/tr=8, 1741612385719
Received update: /ndn/me-site/me/svs_core/me=8, 1741612386896
Received update: /ndn/gr-site/gr/svs_core/gr=8, 1741612387637
Received update: /ndn/ge-site/ge/svs_core/ge=8, 1741612390046
Received update: /ndn/de2-site/de2/svs_core/de2=8, 1741612390046
Received update: /ndn/be-site/be/svs_core/be=8, 1741612392083
Received update: /ndn/il-site/il/svs_core/il=8, 1741612392083
Received update: /ndn/es-site/es/svs_core/es=8, 1741612392110
Received update: /ndn/ie-site/ie/svs_core/ie=8, 1741612392830
Received update: /ndn/fr2-site/fr2/svs_core/fr2=8, 1741612393181
Received update: /ndn/de1-site/de1/svs_core/de1=8, 1741612394752
Received update: /ndn/cy-site/cy/svs_core/cy=8, 1741612395401
Received update: /ndn/lv-site/lv/svs_core/lv=8, 1741612395890
Received update: /ndn/hr-site/hr/svs_core/hr=8, 1741612399731
Received update: /ndn/md-site/md/svs_core/md=8, 1741612399731
Received update: /ndn/am-site/am/svs_core/am=8, 1741612400007
Received update: /ndn/hu-site/hu/svs_core/hu=8, 1741612402216
Received update: /ndn/ua-site/ua/svs_core/ua=8, 1741612402457
Received update: /ndn/uk-site/uk/svs_core/uk=8, 1741612406760
Received update: /ndn/ch-site/ch/svs_core/ch=8, 1741612411082
Received update: /ndn/fr1-site/fr1/svs_core/fr1=8, 1741612411131
Received update: /ndn/pl-site/pl/svs_core/pl=8, 1741612411320
Received update: /ndn/bg-site/bg/svs_core/bg=8, 1741612411331
Received update: /ndn/ro-site/ro/svs_core/ro=8, 1741612412266
Received update: /ndn/az-site/az/svs_core/az=8, 1741612413313
Received update: /ndn/sk-site/sk/svs_core/sk=8, 1741612413313
Received update: /ndn/cz-site/cz/svs_core/cz=8, 1741612415825
Received update: /ndn/nl-site/nl/svs_core/nl=8, 1741612416968
Received update: /ndn/se-site/se/svs_core/se=8, 1741612417741
Published sequence number: /ndn/lu-site/lu/svs_core/lu=8, 1741612418427
Sending Sync interest
Received update: /ndn/no-site/no/svs_core/no=8, 1741612418964
Received update: /ndn/mt-site/mt/svs_core/mt=8, 1741612419910
Received update: /ndn/rs-site/rs/svs_core/rs=8, 1741612420510
Received update: /ndn/it-site/it/svs_core/it=9, 1741612422048
Received update: /ndn/is-site/is/svs_core/is=9, 1741612422415
Received update: /ndn/by-site/by/svs_core/by=9, 1741612424981
Received update: /ndn/at-site/at/svs_core/at=9, 1741612426094
Received update: /ndn/fi-site/fi/svs_core/fi=9, 1741612426098
Received update: /ndn/ee-site/ee/svs_core/ee=9, 1741612427258
Received update: /ndn/lt-site/lt/svs_core/lt=9, 1741612427534
Received update: /ndn/si-site/si/svs_core/si=9, 1741612427587
Received update: /ndn/al-site/al/svs_core/al=9, 1741612427871
Received update: /ndn/pt-site/pt/svs_core/pt=9, 1741612428259
Received update: /ndn/mk-site/mk/svs_core/mk=9, 1741612429491
Received update: /ndn/dk-site/dk/svs_core/dk=9, 1741612429685
Received update: /ndn/tr-site/tr/svs_core/tr=9, 1741612430713
Received update: /ndn/me-site/me/svs_core/me=9, 1741612431900
Received update: /ndn/ge-site/ge/svs_core/ge=9, 1741612432559
Received update: /ndn/de2-site/de2/svs_core/de2=9, 1741612435052
Received update: /ndn/gr-site/gr/svs_core/gr=9, 1741612435343
Received update: /ndn/be-site/be/svs_core/be=9, 1741612436329
Received update: /ndn/es-site/es/svs_core/es=9, 1741612436549
Received update: /ndn/il-site/il/svs_core/il=9, 1741612436860
Received update: /ndn/ie-site/ie/svs_core/ie=9, 1741612437835
Sending Sync interest
Received update: /ndn/fr2-site/fr2/svs_core/fr2=9, 1741612438206
Received update: /ndn/cy-site/cy/svs_core/cy=9, 1741612440409
Received update: /ndn/de1-site/de1/svs_core/de1=9, 1741612440409
Received update: /ndn/lv-site/lv/svs_core/lv=9, 1741612440898
Received update: /ndn/hr-site/hr/svs_core/hr=9, 1741612440971
Received update: /ndn/md-site/md/svs_core/md=9, 1741612444491
Received update: /ndn/ua-site/ua/svs_core/ua=9, 1741612444616
Received update: /ndn/hu-site/hu/svs_core/hu=9, 1741612447208
Received update: /ndn/uk-site/uk/svs_core/uk=9, 1741612451763
Received update: /ndn/am-site/am/svs_core/am=9, 1741612452006
Received update: /ndn/bg-site/bg/svs_core/bg=9, 1741612454067
Received update: /ndn/pl-site/pl/svs_core/pl=9, 1741612454450
Received update: /ndn/ch-site/ch/svs_core/ch=9, 1741612456098
Received update: /ndn/sk-site/sk/svs_core/sk=9, 1741612456559
Received update: /ndn/fr1-site/fr1/svs_core/fr1=9, 1741612456559
Received update: /ndn/ro-site/ro/svs_core/ro=9, 1741612457243
Received update: /ndn/az-site/az/svs_core/az=9, 1741612458307
Received update: /ndn/cz-site/cz/svs_core/cz=9, 1741612460826
Received update: /ndn/nl-site/nl/svs_core/nl=9, 1741612461930
Received update: /ndn/se-site/se/svs_core/se=9, 1741612462743
Published sequence number: /ndn/lu-site/lu/svs_core/lu=9, 1741612463433
Sending Sync interest
Received update: /ndn/no-site/no/svs_core/no=9, 1741612463975
Received update: /ndn/mt-site/mt/svs_core/mt=9, 1741612464916
Received update: /ndn/it-site/it/svs_core/it=10, 1741612467064
Received update: /ndn/rs-site/rs/svs_core/rs=9, 1741612467319
Received update: /ndn/is-site/is/svs_core/is=10, 1741612467418
Received update: /ndn/by-site/by/svs_core/by=10, 1741612469984
Received update: /ndn/at-site/at/svs_core/at=10, 1741612471109
Received update: /ndn/ee-site/ee/svs_core/ee=10, 1741612472258
Received update: /ndn/lt-site/lt/svs_core/lt=10, 1741612472258
Received update: /ndn/al-site/al/svs_core/al=10, 1741612472276
Received update: /ndn/fi-site/fi/svs_core/fi=10, 1741612472525
Received update: /ndn/si-site/si/svs_core/si=10, 1741612472593
Received update: /ndn/pt-site/pt/svs_core/pt=10, 1741612473314
Received update: /ndn/mk-site/mk/svs_core/mk=10, 1741612474467
Received update: /ndn/dk-site/dk/svs_core/dk=10, 1741612475712
Received update: /ndn/tr-site/tr/svs_core/tr=10, 1741612475712
Received update: /ndn/me-site/me/svs_core/me=10, 1741612476901
Received update: /ndn/ge-site/ge/svs_core/ge=10, 1741612477539
Received update: /ndn/gr-site/gr/svs_core/gr=10, 1741612477663
Received update: /ndn/de2-site/de2/svs_core/de2=10, 1741612480080
Received update: /ndn/be-site/be/svs_core/be=10, 1741612481331
Received update: /ndn/es-site/es/svs_core/es=10, 1741612481558
Received update: /ndn/il-site/il/svs_core/il=10, 1741612481851
Received update: /ndn/ie-site/ie/svs_core/ie=10, 1741612482832
Received update: /ndn/fr2-site/fr2/svs_core/fr2=10, 1741612483196
Received update: /ndn/de1-site/de1/svs_core/de1=10, 1741612484762
Received update: /ndn/cy-site/cy/svs_core/cy=10, 1741612485961
Received update: /ndn/hr-site/hr/svs_core/hr=10, 1741612485961
Received update: /ndn/md-site/md/svs_core/md=10, 1741612489513
Received update: /ndn/ua-site/ua/svs_core/ua=10, 1741612489617
Received update: /ndn/lv-site/lv/svs_core/lv=10, 1741612489897
Received update: /ndn/hu-site/hu/svs_core/hu=10, 1741612492210
Received update: /ndn/uk-site/uk/svs_core/uk=10, 1741612496768
Received update: /ndn/am-site/am/svs_core/am=10, 1741612497004
Received update: /ndn/bg-site/bg/svs_core/bg=10, 1741612499071
Received update: /ndn/ch-site/ch/svs_core/ch=10, 1741612501081
Received update: /ndn/fr1-site/fr1/svs_core/fr1=10, 1741612501129
Received update: /ndn/pl-site/pl/svs_core/pl=10, 1741612501324
Received update: /ndn/sk-site/sk/svs_core/sk=10, 1741612501562
Received update: /ndn/ro-site/ro/svs_core/ro=10, 1741612502242
Received update: /ndn/az-site/az/svs_core/az=10, 1741612503313
Received update: /ndn/cz-site/cz/svs_core/cz=10, 1741612505829
Received update: /ndn/nl-site/nl/svs_core/nl=10, 1741612506932
Received update: /ndn/se-site/se/svs_core/se=10, 1741612507738
Published sequence number: /ndn/lu-site/lu/svs_core/lu=10, 1741612508436
Sending Sync interest
Received update: /ndn/no-site/no/svs_core/no=10, 1741612508980
Received update: /ndn/mt-site/mt/svs_core/mt=10, 1741612509920
Received update: /ndn/rs-site/rs/svs_core/rs=10, 1741612510518
Received update: /ndn/it-site/it/svs_core/it=11, 1741612512078
Received update: /ndn/is-site/is/svs_core/is=11, 1741612512419
Received update: /ndn/at-site/at/svs_core/at=11, 1741612516109
Received update: /ndn/fi-site/fi/svs_core/fi=11, 1741612516124
Received update: /ndn/by-site/by/svs_core/by=11, 1741612516193
Received update: /ndn/ee-site/ee/svs_core/ee=11, 1741612517285
Received update: /ndn/al-site/al/svs_core/al=11, 1741612517486
Received update: /ndn/lt-site/lt/svs_core/lt=11, 1741612517486
Received update: /ndn/si-site/si/svs_core/si=11, 1741612517597
Received update: /ndn/pt-site/pt/svs_core/pt=11, 1741612518267
Received update: /ndn/mk-site/mk/svs_core/mk=11, 1741612519495
Received update: /ndn/dk-site/dk/svs_core/dk=11, 1741612519689
Received update: /ndn/tr-site/tr/svs_core/tr=11, 1741612520719
Received update: /ndn/me-site/me/svs_core/me=11, 1741612521942
Received update: /ndn/ge-site/ge/svs_core/ge=11, 1741612522542
Received update: /ndn/gr-site/gr/svs_core/gr=11, 1741612522648
Received update: /ndn/de2-site/de2/svs_core/de2=11, 1741612525077
Received update: /ndn/be-site/be/svs_core/be=11, 1741612526333
Received update: /ndn/es-site/es/svs_core/es=11, 1741612526564
Received update: /ndn/il-site/il/svs_core/il=11, 1741612526853
Received update: /ndn/fr2-site/fr2/svs_core/fr2=11, 1741612528193
Received update: /ndn/ie-site/ie/svs_core/ie=11, 1741612528458
Received update: /ndn/cy-site/cy/svs_core/cy=11, 1741612530415
Received update: /ndn/de1-site/de1/svs_core/de1=11, 1741612530415
Received update: /ndn/lv-site/lv/svs_core/lv=11, 1741612530901
Received update: /ndn/hr-site/hr/svs_core/hr=11, 1741612530964
Received update: /ndn/ua-site/ua/svs_core/ua=11, 1741612534637
Received update: /ndn/am-site/am/svs_core/am=11, 1741612535044
Received update: /ndn/md-site/md/svs_core/md=11, 1741612535320
Received update: /ndn/hu-site/hu/svs_core/hu=11, 1741612537214
Received update: /ndn/uk-site/uk/svs_core/uk=11, 1741612541779
Received update: /ndn/bg-site/bg/svs_core/bg=11, 1741612544090
Received update: /ndn/pl-site/pl/svs_core/pl=11, 1741612544434
Received update: /ndn/ch-site/ch/svs_core/ch=11, 1741612546086
Received update: /ndn/fr1-site/fr1/svs_core/fr1=11, 1741612546144
Received update: /ndn/sk-site/sk/svs_core/sk=11, 1741612546562
Received update: /ndn/ro-site/ro/svs_core/ro=11, 1741612547248
Received update: /ndn/cz-site/cz/svs_core/cz=11, 1741612550832
Received update: /ndn/az-site/az/svs_core/az=11, 1741612551140
Received update: /ndn/nl-site/nl/svs_core/nl=11, 1741612551938
Received update: /ndn/se-site/se/svs_core/se=11, 1741612552868
Published sequence number: /ndn/lu-site/lu/svs_core/lu=11, 1741612553439
Sending Sync interest
Received update: /ndn/no-site/no/svs_core/no=11, 1741612553968
Received update: /ndn/mt-site/mt/svs_core/mt=11, 1741612554934
Received update: /ndn/rs-site/rs/svs_core/rs=11, 1741612555510
Sending Sync interest
Received update: /ndn/it-site/it/svs_core/it=12, 1741612557061
Received update: /ndn/is-site/is/svs_core/is=12, 1741612557441
Received update: /ndn/by-site/by/svs_core/by=12, 1741612559992
Received update: /ndn/at-site/at/svs_core/at=12, 1741612561103
Received update: /ndn/fi-site/fi/svs_core/fi=12, 1741612561111
Received update: /ndn/lt-site/lt/svs_core/lt=12, 1741612561333
Received update: /ndn/si-site/si/svs_core/si=12, 1741612562606
Received update: /ndn/al-site/al/svs_core/al=12, 1741612562710
Received update: /ndn/ee-site/ee/svs_core/ee=12, 1741612562860
Received update: /ndn/pt-site/pt/svs_core/pt=12, 1741612563269
Received update: /ndn/mk-site/mk/svs_core/mk=12, 1741612564501
Received update: /ndn/dk-site/dk/svs_core/dk=12, 1741612564711
Received update: /ndn/tr-site/tr/svs_core/tr=12, 1741612565720
Received update: /ndn/me-site/me/svs_core/me=12, 1741612566919
Received update: /ndn/ge-site/ge/svs_core/ge=12, 1741612567549
Received update: /ndn/gr-site/gr/svs_core/gr=12, 1741612567646
Received update: /ndn/de2-site/de2/svs_core/de2=12, 1741612570069
Received update: /ndn/be-site/be/svs_core/be=12, 1741612571352
Received update: /ndn/es-site/es/svs_core/es=12, 1741612571554
Received update: /ndn/il-site/il/svs_core/il=12, 1741612571857
Received update: /ndn/de1-site/de1/svs_core/de1=12, 1741612574769
Received update: /ndn/fr2-site/fr2/svs_core/fr2=12, 1741612575033
Received update: /ndn/ie-site/ie/svs_core/ie=12, 1741612575258
Received update: /ndn/cy-site/cy/svs_core/cy=12, 1741612575420
Received update: /ndn/lv-site/lv/svs_core/lv=12, 1741612575912
Received update: /ndn/hr-site/hr/svs_core/hr=12, 1741612575983
Received update: /ndn/md-site/md/svs_core/md=12, 1741612579506
Received update: /ndn/ua-site/ua/svs_core/ua=12, 1741612579659
Received update: /ndn/am-site/am/svs_core/am=12, 1741612580032
Received update: /ndn/hu-site/hu/svs_core/hu=12, 1741612582223
Received update: /ndn/uk-site/uk/svs_core/uk=12, 1741612586761
Received update: /ndn/bg-site/bg/svs_core/bg=12, 1741612589102
Received update: /ndn/pl-site/pl/svs_core/pl=12, 1741612589445
Received update: /ndn/ch-site/ch/svs_core/ch=12, 1741612591098
Received update: /ndn/fr1-site/fr1/svs_core/fr1=12, 1741612591137
Received update: /ndn/sk-site/sk/svs_core/sk=12, 1741612591559
Received update: /ndn/ro-site/ro/svs_core/ro=12, 1741612592259
Received update: /ndn/az-site/az/svs_core/az=12, 1741612593323
Received update: /ndn/cz-site/cz/svs_core/cz=12, 1741612595835
Received update: /ndn/nl-site/nl/svs_core/nl=12, 1741612596940
Received update: /ndn/se-site/se/svs_core/se=12, 1741612597753
Published sequence number: /ndn/lu-site/lu/svs_core/lu=12, 1741612598443
Sending Sync interest
Received update: /ndn/no-site/no/svs_core/no=12, 1741612598984
Received update: /ndn/rs-site/rs/svs_core/rs=12, 1741612600513
Received update: /ndn/mt-site/mt/svs_core/mt=12, 1741612600924
Received update: /ndn/it-site/it/svs_core/it=13, 1741612602060
Received update: /ndn/is-site/is/svs_core/is=13, 1741612602442
Received update: /ndn/by-site/by/svs_core/by=13, 1741612604996
Received update: /ndn/at-site/at/svs_core/at=13, 1741612606104
Received update: /ndn/lt-site/lt/svs_core/lt=13, 1741612606352
Received update: /ndn/ee-site/ee/svs_core/ee=13, 1741612607270
Received update: /ndn/al-site/al/svs_core/al=13, 1741612607288
Received update: /ndn/fi-site/fi/svs_core/fi=13, 1741612607531
Received update: /ndn/si-site/si/svs_core/si=13, 1741612607592
Received update: /ndn/pt-site/pt/svs_core/pt=13, 1741612608273
Received update: /ndn/mk-site/mk/svs_core/mk=13, 1741612609478
Received update: /ndn/dk-site/dk/svs_core/dk=13, 1741612609700
Received update: /ndn/tr-site/tr/svs_core/tr=13, 1741612610726
Received update: /ndn/me-site/me/svs_core/me=13, 1741612611924
Received update: /ndn/ge-site/ge/svs_core/ge=13, 1741612612652
Received update: /ndn/gr-site/gr/svs_core/gr=13, 1741612612652
Received update: /ndn/de2-site/de2/svs_core/de2=13, 1741612615075
Received update: /ndn/be-site/be/svs_core/be=13, 1741612616355
Received update: /ndn/es-site/es/svs_core/es=13, 1741612616563
Received update: /ndn/il-site/il/svs_core/il=13, 1741612616856
Received update: /ndn/ie-site/ie/svs_core/ie=13, 1741612617860
Received update: /ndn/fr2-site/fr2/svs_core/fr2=13, 1741612618204
Received update: /ndn/de1-site/de1/svs_core/de1=13, 1741612619821
Received update: /ndn/cy-site/cy/svs_core/cy=13, 1741612620420
Received update: /ndn/lv-site/lv/svs_core/lv=13, 1741612620910
Received update: /ndn/hr-site/hr/svs_core/hr=13, 1741612620963
Received update: /ndn/md-site/md/svs_core/md=13, 1741612624503
Received update: /ndn/ua-site/ua/svs_core/ua=13, 1741612624635
Received update: /ndn/am-site/am/svs_core/am=13, 1741612625025
Received update: /ndn/hu-site/hu/svs_core/hu=13, 1741612627239
Received update: /ndn/uk-site/uk/svs_core/uk=13, 1741612631770
Received update: /ndn/bg-site/bg/svs_core/bg=13, 1741612634087
Received update: /ndn/pl-site/pl/svs_core/pl=13, 1741612634464
Received update: /ndn/ch-site/ch/svs_core/ch=13, 1741612636093
Received update: /ndn/sk-site/sk/svs_core/sk=13, 1741612636571
Received update: /ndn/fr1-site/fr1/svs_core/fr1=13, 1741612636835
Received update: /ndn/ro-site/ro/svs_core/ro=13, 1741612637253
Received update: /ndn/az-site/az/svs_core/az=13, 1741612638326
Received update: /ndn/cz-site/cz/svs_core/cz=13, 1741612640858
Received update: /ndn/nl-site/nl/svs_core/nl=13, 1741612641943
Published sequence number: /ndn/lu-site/lu/svs_core/lu=13, 1741612643447
Sending Sync interest
Received update: /ndn/se-site/se/svs_core/se=13, 1741612643667
Received update: /ndn/no-site/no/svs_core/no=13, 1741612643969
Received update: /ndn/mt-site/mt/svs_core/mt=13, 1741612644966
Received update: /ndn/rs-site/rs/svs_core/rs=13, 1741612645518
Received update: /ndn/is-site/is/svs_core/is=14, 1741612647434
Received update: /ndn/it-site/it/svs_core/it=14, 1741612647556
Received update: /ndn/at-site/at/svs_core/at=14, 1741612651116
Received update: /ndn/by-site/by/svs_core/by=14, 1741612651260
Received update: /ndn/fi-site/fi/svs_core/fi=14, 1741612651671
Received update: /ndn/lt-site/lt/svs_core/lt=14, 1741612651963
Received update: /ndn/ee-site/ee/svs_core/ee=14, 1741612652304
Received update: /ndn/pt-site/pt/svs_core/pt=14, 1741612653275
Received update: /ndn/si-site/si/svs_core/si=14, 1741612653275
Received update: /ndn/al-site/al/svs_core/al=14, 1741612653546
Received update: /ndn/mk-site/mk/svs_core/mk=14, 1741612654480
Received update: /ndn/dk-site/dk/svs_core/dk=14, 1741612654705
Received update: /ndn/tr-site/tr/svs_core/tr=14, 1741612655735
Received update: /ndn/me-site/me/svs_core/me=14, 1741612656940
Received update: /ndn/ge-site/ge/svs_core/ge=14, 1741612657567
Received update: /ndn/gr-site/gr/svs_core/gr=14, 1741612657694
Received update: /ndn/de2-site/de2/svs_core/de2=14, 1741612660080
Received update: /ndn/be-site/be/svs_core/be=14, 1741612661342
Received update: /ndn/il-site/il/svs_core/il=14, 1741612661869
Received update: /ndn/es-site/es/svs_core/es=14, 1741612662115
Received update: /ndn/ie-site/ie/svs_core/ie=14, 1741612662860
Received update: /ndn/fr2-site/fr2/svs_core/fr2=14, 1741612663205
Received update: /ndn/de1-site/de1/svs_core/de1=14, 1741612664779
Received update: /ndn/cy-site/cy/svs_core/cy=14, 1741612665424
Received update: /ndn/lv-site/lv/svs_core/lv=14, 1741612665925
Received update: /ndn/hr-site/hr/svs_core/hr=14, 1741612665990
Received update: /ndn/md-site/md/svs_core/md=14, 1741612669524
Received update: /ndn/am-site/am/svs_core/am=14, 1741612670037
Received update: /ndn/hu-site/hu/svs_core/hu=14, 1741612672243
Received update: /ndn/uk-site/uk/svs_core/uk=14, 1741612676781
Received update: /ndn/bg-site/bg/svs_core/bg=14, 1741612679100
Received update: /ndn/ua-site/ua/svs_core/ua=14, 1741612679329
Received update: /ndn/pl-site/pl/svs_core/pl=14, 1741612679462
Received update: /ndn/ch-site/ch/svs_core/ch=14, 1741612681098
Received update: /ndn/fr1-site/fr1/svs_core/fr1=14, 1741612681167
Received update: /ndn/sk-site/sk/svs_core/sk=14, 1741612681580
Received update: /ndn/cz-site/cz/svs_core/cz=14, 1741612685842
Received update: /ndn/nl-site/nl/svs_core/nl=14, 1741612686949
Received update: /ndn/az-site/az/svs_core/az=14, 1741612687205
Received update: /ndn/ro-site/ro/svs_core/ro=14, 1741612687234
Received update: /ndn/se-site/se/svs_core/se=14, 1741612687758
Published sequence number: /ndn/lu-site/lu/svs_core/lu=14, 1741612688450
Sending Sync interest
Received update: /ndn/no-site/no/svs_core/no=14, 1741612688987
Received update: /ndn/mt-site/mt/svs_core/mt=14, 1741612689952
Received update: /ndn/it-site/it/svs_core/it=15, 1741612692107
Received update: /ndn/rs-site/rs/svs_core/rs=14, 1741612692107
Received update: /ndn/is-site/is/svs_core/is=15, 1741612692451
Received update: /ndn/by-site/by/svs_core/by=15, 1741612695018
Received update: /ndn/at-site/at/svs_core/at=15, 1741612696352
Received update: /ndn/lt-site/lt/svs_core/lt=15, 1741612696352
Received update: /ndn/fi-site/fi/svs_core/fi=15, 1741612696614
Received update: /ndn/ee-site/ee/svs_core/ee=15, 1741612697276
Received update: /ndn/al-site/al/svs_core/al=15, 1741612697291
Received update: /ndn/si-site/si/svs_core/si=15, 1741612697606
Received update: /ndn/pt-site/pt/svs_core/pt=15, 1741612698277
Received update: /ndn/mk-site/mk/svs_core/mk=15, 1741612699489
Received update: /ndn/dk-site/dk/svs_core/dk=15, 1741612699707
Received update: /ndn/tr-site/tr/svs_core/tr=15, 1741612700728
Received update: /ndn/me-site/me/svs_core/me=15, 1741612701931
Received update: /ndn/ge-site/ge/svs_core/ge=15, 1741612702571
Received update: /ndn/gr-site/gr/svs_core/gr=15, 1741612702667
Received update: /ndn/de2-site/de2/svs_core/de2=15, 1741612705083
Received update: /ndn/be-site/be/svs_core/be=15, 1741612706346
Received update: /ndn/es-site/es/svs_core/es=15, 1741612706558
Received update: /ndn/il-site/il/svs_core/il=15, 1741612706869
Received update: /ndn/de1-site/de1/svs_core/de1=15, 1741612709786
Received update: /ndn/fr2-site/fr2/svs_core/fr2=15, 1741612709786
Received update: /ndn/cy-site/cy/svs_core/cy=15, 1741612710424
Received update: /ndn/lv-site/lv/svs_core/lv=15, 1741612710913
Received update: /ndn/hr-site/hr/svs_core/hr=15, 1741612710966
Received update: /ndn/ie-site/ie/svs_core/ie=15, 1741612711190
Received update: /ndn/md-site/md/svs_core/md=15, 1741612714517
Received update: /ndn/ua-site/ua/svs_core/ua=15, 1741612714636
Received update: /ndn/am-site/am/svs_core/am=15, 1741612715030
Received update: /ndn/hu-site/hu/svs_core/hu=15, 1741612717224
Received update: /ndn/uk-site/uk/svs_core/uk=15, 1741612721772
Received update: /ndn/bg-site/bg/svs_core/bg=15, 1741612724087
Received update: /ndn/pl-site/pl/svs_core/pl=15, 1741612724469
Received update: /ndn/ch-site/ch/svs_core/ch=15, 1741612726100
Received update: /ndn/fr1-site/fr1/svs_core/fr1=15, 1741612726150
Received update: /ndn/sk-site/sk/svs_core/sk=15, 1741612726580
Received update: /ndn/ro-site/ro/svs_core/ro=15, 1741612727243
Received update: /ndn/az-site/az/svs_core/az=15, 1741612728350
Received update: /ndn/cz-site/cz/svs_core/cz=15, 1741612730852
Received update: /ndn/nl-site/nl/svs_core/nl=15, 1741612731968
Received update: /ndn/se-site/se/svs_core/se=15, 1741612732773
Published sequence number: /ndn/lu-site/lu/svs_core/lu=15, 1741612733454
Sending Sync interest
Received update: /ndn/no-site/no/svs_core/no=15, 1741612733981
Received update: /ndn/mt-site/mt/svs_core/mt=15, 1741612734953
Received update: /ndn/rs-site/rs/svs_core/rs=15, 1741612735525
Received update: /ndn/it-site/it/svs_core/it=16, 1741612737097
Received update: /ndn/is-site/is/svs_core/is=16, 1741612737453
Received update: /ndn/at-site/at/svs_core/at=16, 1741612741113
Received update: /ndn/lt-site/lt/svs_core/lt=16, 1741612741338
Received update: /ndn/by-site/by/svs_core/by=16, 1741612741351
Received update: /ndn/fi-site/fi/svs_core/fi=16, 1741612741655
Received update: /ndn/ee-site/ee/svs_core/ee=16, 1741612742279
Received update: /ndn/al-site/al/svs_core/al=16, 1741612742281
Received update: /ndn/si-site/si/svs_core/si=16, 1741612742611
Received update: /ndn/pt-site/pt/svs_core/pt=16, 1741612743301
Received update: /ndn/mk-site/mk/svs_core/mk=16, 1741612744495
Received update: /ndn/dk-site/dk/svs_core/dk=16, 1741612744723
Received update: /ndn/me-site/me/svs_core/me=16, 1741612746924
Received update: /ndn/tr-site/tr/svs_core/tr=16, 1741612746924
Received update: /ndn/ge-site/ge/svs_core/ge=16, 1741612747608
Received update: /ndn/gr-site/gr/svs_core/gr=16, 1741612750084
Received update: /ndn/de2-site/de2/svs_core/de2=16, 1741612750084
Received update: /ndn/be-site/be/svs_core/be=16, 1741612751569
Received update: /ndn/es-site/es/svs_core/es=16, 1741612751569
Received update: /ndn/il-site/il/svs_core/il=16, 1741612751868
Received update: /ndn/ie-site/ie/svs_core/ie=16, 1741612752862
Received update: /ndn/fr2-site/fr2/svs_core/fr2=16, 1741612753207
Received update: /ndn/de1-site/de1/svs_core/de1=16, 1741612754788
Received update: /ndn/cy-site/cy/svs_core/cy=16, 1741612755433
Received update: /ndn/lv-site/lv/svs_core/lv=16, 1741612755918
Received update: /ndn/md-site/md/svs_core/md=16, 1741612759518
Received update: /ndn/ua-site/ua/svs_core/ua=16, 1741612759647
Received update: /ndn/hr-site/hr/svs_core/hr=16, 1741612759686
Received update: /ndn/am-site/am/svs_core/am=16, 1741612760025
Received update: /ndn/hu-site/hu/svs_core/hu=16, 1741612762227
Received update: /ndn/uk-site/uk/svs_core/uk=16, 1741612766791
Received update: /ndn/bg-site/bg/svs_core/bg=16, 1741612769084
Received update: /ndn/pl-site/pl/svs_core/pl=16, 1741612769460
Received update: /ndn/ch-site/ch/svs_core/ch=16, 1741612771138
Received update: /ndn/fr1-site/fr1/svs_core/fr1=16, 1741612771160
Received update: /ndn/sk-site/sk/svs_core/sk=16, 1741612771579
Received update: /ndn/ro-site/ro/svs_core/ro=16, 1741612772250
Received update: /ndn/az-site/az/svs_core/az=16, 1741612773334
Received update: /ndn/cz-site/cz/svs_core/cz=16, 1741612775848
Received update: /ndn/nl-site/nl/svs_core/nl=16, 1741612776957
Received update: /ndn/se-site/se/svs_core/se=16, 1741612777766
Published sequence number: /ndn/lu-site/lu/svs_core/lu=16, 1741612778457
Sending Sync interest
Received update: /ndn/no-site/no/svs_core/no=16, 1741612778987
Received update: /ndn/mt-site/mt/svs_core/mt=16, 1741612779955
Received update: /ndn/rs-site/rs/svs_core/rs=16, 1741612780541
Stopping SVS client: /ndn/lu-site/lu/svs_core/lu
