SVS client starting: /ndn/az-site/az/svs_core/az
Sending Sync interest
Max suppression time updated to: 115
Max suppression time updated to: 115
Max suppression time updated to: 130
Max suppression time updated to: 125
Max suppression time updated to: 110
Max suppression time updated to: 120
Max suppression time updated to: 130
Max suppression time updated to: 140
Max suppression time updated to: 155
Max suppression time updated to: 155
Max suppression time updated to: 155
Max suppression time updated to: 150
Max suppression time updated to: 155
Max suppression time updated to: 150
Max suppression time updated to: 155
Max suppression time updated to: 155
Max suppression time updated to: 155
Max suppression time updated to: 160
Max suppression time updated to: 165
Max suppression time updated to: 170
Max suppression time updated to: 170
Max suppression time updated to: 175
Max suppression time updated to: 175
Max suppression time updated to: 175
Max suppression time updated to: 175
Max suppression time updated to: 175
Max suppression time updated to: 180
Max suppression time updated to: 180
Received update: /ndn/fr1-site/fr1/svs_core/fr1=1, 1741716185325
Max suppression time updated to: 180
Max suppression time updated to: 185
Received update: /ndn/bg-site/bg/svs_core/bg=1, 1741716187269
Received update: /ndn/lv-site/lv/svs_core/lv=1, 1741716187269
Max suppression time updated to: 180
Received update: /ndn/am-site/am/svs_core/am=1, 1741716187624
Max suppression time updated to: 175
Max suppression time updated to: 180
Max suppression time updated to: 180
Max suppression time updated to: 195
Received update: /ndn/mt-site/mt/svs_core/mt=1, 1741716188249
Max suppression time updated to: 195
Received update: /ndn/hu-site/hu/svs_core/hu=1, 1741716189565
Max suppression time updated to: 195
Received update: /ndn/pt-site/pt/svs_core/pt=1, 1741716189707
Max suppression time updated to: 195
Received update: /ndn/mk-site/mk/svs_core/mk=1, 1741716190178
Max suppression time updated to: 195
Received update: /ndn/de1-site/de1/svs_core/de1=1, 1741716190558
Max suppression time updated to: 195
Received update: /ndn/sk-site/sk/svs_core/sk=1, 1741716191116
Max suppression time updated to: 195
Received update: /ndn/cy-site/cy/svs_core/cy=1, 1741716194742
Max suppression time updated to: 195
Received update: /ndn/be-site/be/svs_core/be=1, 1741716195283
Max suppression time updated to: 195
Max suppression time updated to: 195
Max suppression time updated to: 195
Max suppression time updated to: 200
Max suppression time updated to: 200
Received update: /ndn/it-site/it/svs_core/it=1, 1741716198077
Max suppression time updated to: 200
Received update: /ndn/hr-site/hr/svs_core/hr=1, 1741716198956
Max suppression time updated to: 195
Received update: /ndn/at-site/at/svs_core/at=1, 1741716201569
Max suppression time updated to: 195
Received update: /ndn/cz-site/cz/svs_core/cz=1, 1741716203136
Received update: /ndn/nl-site/nl/svs_core/nl=1, 1741716203136
Max suppression time updated to: 200
Received update: /ndn/ua-site/ua/svs_core/ua=1, 1741716204219
Max suppression time updated to: 195
Received update: /ndn/ie-site/ie/svs_core/ie=1, 1741716205897
Max suppression time updated to: 195
Max suppression time updated to: 195
Received update: /ndn/ch-site/ch/svs_core/ch=1, 1741716212087
Received update: /ndn/dk-site/dk/svs_core/dk=1, 1741716212087
Received update: /ndn/is-site/is/svs_core/is=1, 1741716212087
Received update: /ndn/pl-site/pl/svs_core/pl=1, 1741716212087
Max suppression time updated to: 200
Received update: /ndn/ge-site/ge/svs_core/ge=1, 1741716213111
Received update: /ndn/lt-site/lt/svs_core/lt=1, 1741716213111
Received update: /ndn/lu-site/lu/svs_core/lu=1, 1741716213111
Max suppression time updated to: 195
Received update: /ndn/de2-site/de2/svs_core/de2=1, 1741716213577
Max suppression time updated to: 200
Received update: /ndn/es-site/es/svs_core/es=1, 1741716215737
Received update: /ndn/fr2-site/fr2/svs_core/fr2=1, 1741716215737
Max suppression time updated to: 200
Received update: /ndn/by-site/by/svs_core/by=1, 1741716216279
Received update: /ndn/ee-site/ee/svs_core/ee=1, 1741716216279
Max suppression time updated to: 200
Received update: /ndn/ro-site/ro/svs_core/ro=1, 1741716219170
Max suppression time updated to: 200
Received update: /ndn/rs-site/rs/svs_core/rs=1, 1741716219307
Max suppression time updated to: 200
Received update: /ndn/md-site/md/svs_core/md=1, 1741716220607
Max suppression time updated to: 205
Received update: /ndn/gr-site/gr/svs_core/gr=1, 1741716221120
Published sequence number: /ndn/az-site/az/svs_core/az=1, 1741716221450
Sending Sync interest
Max suppression time updated to: 200
Received update: /ndn/si-site/si/svs_core/si=1, 1741716221586
Max suppression time updated to: 205
Received update: /ndn/uk-site/uk/svs_core/uk=1, 1741716224532
Max suppression time updated to: 205
Received update: /ndn/no-site/no/svs_core/no=1, 1741716224882
Max suppression time updated to: 205
Received update: /ndn/il-site/il/svs_core/il=1, 1741716227497
Received update: /ndn/me-site/me/svs_core/me=1, 1741716227497
Received update: /ndn/se-site/se/svs_core/se=1, 1741716227497
Max suppression time updated to: 205
Received update: /ndn/al-site/al/svs_core/al=1, 1741716227770
Max suppression time updated to: 205
Received update: /ndn/tr-site/tr/svs_core/tr=1, 1741716227819
Max suppression time updated to: 205
Received update: /ndn/fi-site/fi/svs_core/fi=1, 1741716230468
Received update: /ndn/fr1-site/fr1/svs_core/fr1=2, 1741716230468
Max suppression time updated to: 205
Max suppression time updated to: 210
Received update: /ndn/bg-site/bg/svs_core/bg=2, 1741716231677
Max suppression time updated to: 210
Received update: /ndn/lv-site/lv/svs_core/lv=2, 1741716232472
Max suppression time updated to: 210
Received update: /ndn/hu-site/hu/svs_core/hu=2, 1741716235561
Received update: /ndn/de1-site/de1/svs_core/de1=2, 1741716235561
Max suppression time updated to: 205
Received update: /ndn/am-site/am/svs_core/am=2, 1741716235652
Max suppression time updated to: 205
Received update: /ndn/mk-site/mk/svs_core/mk=2, 1741716236117
Received update: /ndn/mt-site/mt/svs_core/mt=2, 1741716236117
Received update: /ndn/sk-site/sk/svs_core/sk=2, 1741716236117
Max suppression time updated to: 205
Received update: /ndn/cy-site/cy/svs_core/cy=2, 1741716239762
Received update: /ndn/pt-site/pt/svs_core/pt=2, 1741716239762
Max suppression time updated to: 205
Received update: /ndn/it-site/it/svs_core/it=2, 1741716243091
Max suppression time updated to: 210
Received update: /ndn/be-site/be/svs_core/be=2, 1741716243426
Max suppression time updated to: 210
Received update: /ndn/hr-site/hr/svs_core/hr=2, 1741716243962
Max suppression time updated to: 205
Received update: /ndn/at-site/at/svs_core/at=2, 1741716248135
Received update: /ndn/cz-site/cz/svs_core/cz=2, 1741716248135
Received update: /ndn/nl-site/nl/svs_core/nl=2, 1741716248135
Max suppression time updated to: 205
Received update: /ndn/ua-site/ua/svs_core/ua=2, 1741716249214
Max suppression time updated to: 205
Received update: /ndn/ie-site/ie/svs_core/ie=2, 1741716250811
Max suppression time updated to: 210
Received update: /ndn/is-site/is/svs_core/is=2, 1741716257085
Max suppression time updated to: 205
Received update: /ndn/pl-site/pl/svs_core/pl=2, 1741716257248
Max suppression time updated to: 210
Received update: /ndn/ch-site/ch/svs_core/ch=2, 1741716257685
Received update: /ndn/lt-site/lt/svs_core/lt=2, 1741716257685
Max suppression time updated to: 210
Received update: /ndn/dk-site/dk/svs_core/dk=2, 1741716257722
Max suppression time updated to: 210
Received update: /ndn/lu-site/lu/svs_core/lu=2, 1741716257904
Max suppression time updated to: 205
Max suppression time updated to: 205
Max suppression time updated to: 205
Max suppression time updated to: 205
Received update: /ndn/ge-site/ge/svs_core/ge=2, 1741716258765
Received update: /ndn/de2-site/de2/svs_core/de2=2, 1741716258765
Max suppression time updated to: 205
Received update: /ndn/es-site/es/svs_core/es=2, 1741716260726
Received update: /ndn/fr2-site/fr2/svs_core/fr2=2, 1741716260726
Max suppression time updated to: 210
Received update: /ndn/rs-site/rs/svs_core/rs=2, 1741716261548
Max suppression time updated to: 210
Received update: /ndn/ee-site/ee/svs_core/ee=2, 1741716261638
Max suppression time updated to: 210
Max suppression time updated to: 210
Received update: /ndn/ro-site/ro/svs_core/ro=2, 1741716264183
Max suppression time updated to: 210
Received update: /ndn/by-site/by/svs_core/by=2, 1741716265782
Received update: /ndn/md-site/md/svs_core/md=2, 1741716265782
Received update: /ndn/se-site/se/svs_core/se=2, 1741716265782
Max suppression time updated to: 210
Max suppression time updated to: 210
Received update: /ndn/gr-site/gr/svs_core/gr=2, 1741716266114
Published sequence number: /ndn/az-site/az/svs_core/az=2, 1741716266452
Sending Sync interest
Max suppression time updated to: 210
Received update: /ndn/no-site/no/svs_core/no=2, 1741716268871
Max suppression time updated to: 210
Received update: /ndn/si-site/si/svs_core/si=2, 1741716269074
Sending Sync interest
Max suppression time updated to: 210
Received update: /ndn/uk-site/uk/svs_core/uk=2, 1741716269529
Max suppression time updated to: 210
Received update: /ndn/me-site/me/svs_core/me=2, 1741716270574
Max suppression time updated to: 210
Received update: /ndn/fi-site/fi/svs_core/fi=2, 1741716270948
Max suppression time updated to: 210
Received update: /ndn/il-site/il/svs_core/il=2, 1741716272211
Received update: /ndn/tr-site/tr/svs_core/tr=2, 1741716272211
Max suppression time updated to: 210
Received update: /ndn/al-site/al/svs_core/al=2, 1741716272741
Max suppression time updated to: 210
Max suppression time updated to: 210
Max suppression time updated to: 210
Max suppression time updated to: 210
Received update: /ndn/bg-site/bg/svs_core/bg=3, 1741716279569
Received update: /ndn/hu-site/hu/svs_core/hu=3, 1741716279569
Received update: /ndn/mt-site/mt/svs_core/mt=3, 1741716279569
Received update: /ndn/fr1-site/fr1/svs_core/fr1=3, 1741716279569
Max suppression time updated to: 210
Received update: /ndn/pt-site/pt/svs_core/pt=3, 1741716279733
Max suppression time updated to: 210
Max suppression time updated to: 210
Max suppression time updated to: 210
Received update: /ndn/am-site/am/svs_core/am=3, 1741716280207
Received update: /ndn/lv-site/lv/svs_core/lv=3, 1741716280207
Max suppression time updated to: 215
Max suppression time updated to: 215
Received update: /ndn/sk-site/sk/svs_core/sk=3, 1741716281128
Received update: /ndn/de1-site/de1/svs_core/de1=3, 1741716281128
Max suppression time updated to: 210
Received update: /ndn/cy-site/cy/svs_core/cy=3, 1741716284753
Sending Sync interest
Max suppression time updated to: 210
Max suppression time updated to: 210
Max suppression time updated to: 210
Received update: /ndn/mk-site/mk/svs_core/mk=3, 1741716285054
Max suppression time updated to: 210
Max suppression time updated to: 210
Received update: /ndn/hr-site/hr/svs_core/hr=3, 1741716289229
Received update: /ndn/it-site/it/svs_core/it=3, 1741716289229
Max suppression time updated to: 210
Received update: /ndn/be-site/be/svs_core/be=3, 1741716289263
Max suppression time updated to: 210
Max suppression time updated to: 210
Max suppression time updated to: 210
Max suppression time updated to: 210
Received update: /ndn/at-site/at/svs_core/at=3, 1741716291568
Max suppression time updated to: 210
Received update: /ndn/nl-site/nl/svs_core/nl=3, 1741716292203
Max suppression time updated to: 210
Received update: /ndn/cz-site/cz/svs_core/cz=3, 1741716293135
Max suppression time updated to: 210
Received update: /ndn/ua-site/ua/svs_core/ua=3, 1741716294289
Max suppression time updated to: 210
Max suppression time updated to: 210
Max suppression time updated to: 210
Sending Sync interest
Max suppression time updated to: 210
Max suppression time updated to: 210
Max suppression time updated to: 210
Max suppression time updated to: 210
Received update: /ndn/ie-site/ie/svs_core/ie=3, 1741716298534
Received update: /ndn/pl-site/pl/svs_core/pl=3, 1741716298534
Max suppression time updated to: 210
Received update: /ndn/ch-site/ch/svs_core/ch=3, 1741716299811
Max suppression time updated to: 210
Received update: /ndn/dk-site/dk/svs_core/dk=3, 1741716299949
Max suppression time updated to: 210
Received update: /ndn/is-site/is/svs_core/is=3, 1741716302081
Max suppression time updated to: 210
Received update: /ndn/lt-site/lt/svs_core/lt=3, 1741716302696
Max suppression time updated to: 210
Received update: /ndn/lu-site/lu/svs_core/lu=3, 1741716302831
Max suppression time updated to: 210
Max suppression time updated to: 210
Max suppression time updated to: 210
Max suppression time updated to: 210
Max suppression time updated to: 210
Max suppression time updated to: 210
Received update: /ndn/de2-site/de2/svs_core/de2=3, 1741716303581
Max suppression time updated to: 210
Received update: /ndn/ge-site/ge/svs_core/ge=3, 1741716303828
Max suppression time updated to: 210
Received update: /ndn/fr2-site/fr2/svs_core/fr2=3, 1741716305425
Sending Sync interest
Max suppression time updated to: 210
Max suppression time updated to: 210
Max suppression time updated to: 210
Received update: /ndn/ee-site/ee/svs_core/ee=3, 1741716306549
Received update: /ndn/es-site/es/svs_core/es=3, 1741716306549
Received update: /ndn/rs-site/rs/svs_core/rs=3, 1741716306549
Max suppression time updated to: 210
Received update: /ndn/ro-site/ro/svs_core/ro=3, 1741716309186
Max suppression time updated to: 210
Received update: /ndn/se-site/se/svs_core/se=3, 1741716309748
Max suppression time updated to: 210
Received update: /ndn/by-site/by/svs_core/by=3, 1741716310076
Max suppression time updated to: 210
Received update: /ndn/gr-site/gr/svs_core/gr=3, 1741716311127
Max suppression time updated to: 215
Received update: /ndn/si-site/si/svs_core/si=3, 1741716311134
Published sequence number: /ndn/az-site/az/svs_core/az=3, 1741716311453
Sending Sync interest
Max suppression time updated to: 215
Received update: /ndn/md-site/md/svs_core/md=3, 1741716311631
Max suppression time updated to: 215
Max suppression time updated to: 215
Received update: /ndn/no-site/no/svs_core/no=3, 1741716313848
Max suppression time updated to: 215
Received update: /ndn/uk-site/uk/svs_core/uk=3, 1741716314698
Max suppression time updated to: 215
Max suppression time updated to: 215
Max suppression time updated to: 215
Max suppression time updated to: 215
Received update: /ndn/fi-site/fi/svs_core/fi=3, 1741716315157
Max suppression time updated to: 215
Received update: /ndn/il-site/il/svs_core/il=3, 1741716317207
Received update: /ndn/tr-site/tr/svs_core/tr=3, 1741716317207
Max suppression time updated to: 215
Received update: /ndn/al-site/al/svs_core/al=3, 1741716317567
Max suppression time updated to: 215
Received update: /ndn/fr1-site/fr1/svs_core/fr1=4, 1741716320358
Max suppression time updated to: 215
Received update: /ndn/me-site/me/svs_core/me=3, 1741716320688
Max suppression time updated to: 215
Received update: /ndn/lv-site/lv/svs_core/lv=4, 1741716322297
Max suppression time updated to: 215
Max suppression time updated to: 215
Received update: /ndn/am-site/am/svs_core/am=4, 1741716322709
Received update: /ndn/bg-site/bg/svs_core/bg=4, 1741716322709
Max suppression time updated to: 215
Received update: /ndn/hu-site/hu/svs_core/hu=4, 1741716324947
Received update: /ndn/mt-site/mt/svs_core/mt=4, 1741716324947
Max suppression time updated to: 215
Received update: /ndn/sk-site/sk/svs_core/sk=4, 1741716326132
Received update: /ndn/de1-site/de1/svs_core/de1=4, 1741716326132
Max suppression time updated to: 215
Received update: /ndn/cy-site/cy/svs_core/cy=4, 1741716330097
Received update: /ndn/mk-site/mk/svs_core/mk=4, 1741716330097
Max suppression time updated to: 215
Received update: /ndn/be-site/be/svs_core/be=4, 1741716330296
Max suppression time updated to: 220
Received update: /ndn/pt-site/pt/svs_core/pt=4, 1741716330709
Max suppression time updated to: 220
Received update: /ndn/it-site/it/svs_core/it=4, 1741716333122
Max suppression time updated to: 220
Max suppression time updated to: 220
Received update: /ndn/at-site/at/svs_core/at=4, 1741716336580
Max suppression time updated to: 220
Received update: /ndn/hr-site/hr/svs_core/hr=4, 1741716336853
Sending Sync interest
Max suppression time updated to: 220
Received update: /ndn/cz-site/cz/svs_core/cz=4, 1741716341225
Received update: /ndn/ie-site/ie/svs_core/ie=4, 1741716341225
Received update: /ndn/nl-site/nl/svs_core/nl=4, 1741716341225
Max suppression time updated to: 220
Max suppression time updated to: 220
Max suppression time updated to: 220
Received update: /ndn/pl-site/pl/svs_core/pl=4, 1741716343531
Max suppression time updated to: 220
Received update: /ndn/dk-site/dk/svs_core/dk=4, 1741716343814
Max suppression time updated to: 220
Received update: /ndn/ua-site/ua/svs_core/ua=4, 1741716344115
Max suppression time updated to: 220
Received update: /ndn/ch-site/ch/svs_core/ch=4, 1741716344826
Max suppression time updated to: 220
Received update: /ndn/lu-site/lu/svs_core/lu=4, 1741716347117
Max suppression time updated to: 220
Max suppression time updated to: 220
Max suppression time updated to: 220
Received update: /ndn/ge-site/ge/svs_core/ge=4, 1741716348417
Received update: /ndn/is-site/is/svs_core/is=4, 1741716348417
Received update: /ndn/lt-site/lt/svs_core/lt=4, 1741716348417
Max suppression time updated to: 220
Received update: /ndn/de2-site/de2/svs_core/de2=4, 1741716350426
Received update: /ndn/fr2-site/fr2/svs_core/fr2=4, 1741716350426
Max suppression time updated to: 220
Received update: /ndn/es-site/es/svs_core/es=4, 1741716351552
Received update: /ndn/rs-site/rs/svs_core/rs=4, 1741716351552
Max suppression time updated to: 220
Received update: /ndn/ro-site/ro/svs_core/ro=4, 1741716354350
Max suppression time updated to: 220
Max suppression time updated to: 220
Received update: /ndn/by-site/by/svs_core/by=4, 1741716354638
Received update: /ndn/ee-site/ee/svs_core/ee=4, 1741716354638
Max suppression time updated to: 220
Received update: /ndn/md-site/md/svs_core/md=4, 1741716355707
Max suppression time updated to: 220
Max suppression time updated to: 220
Received update: /ndn/se-site/se/svs_core/se=4, 1741716356057
Max suppression time updated to: 220
Received update: /ndn/si-site/si/svs_core/si=4, 1741716356096
Published sequence number: /ndn/az-site/az/svs_core/az=4, 1741716356456
Sending Sync interest
Max suppression time updated to: 220
Received update: /ndn/no-site/no/svs_core/no=4, 1741716358873
Max suppression time updated to: 220
Sending Sync interest
Max suppression time updated to: 220
Received update: /ndn/fi-site/fi/svs_core/fi=4, 1741716359387
Sending Sync interest
Max suppression time updated to: 220
Received update: /ndn/tr-site/tr/svs_core/tr=4, 1741716362146
Received update: /ndn/uk-site/uk/svs_core/uk=4, 1741716362146
Max suppression time updated to: 220
Received update: /ndn/il-site/il/svs_core/il=4, 1741716362215
Max suppression time updated to: 225
Received update: /ndn/gr-site/gr/svs_core/gr=4, 1741716362726
Received update: /ndn/me-site/me/svs_core/me=4, 1741716362726
Max suppression time updated to: 220
Received update: /ndn/al-site/al/svs_core/al=4, 1741716367713
Received update: /ndn/am-site/am/svs_core/am=5, 1741716367713
Received update: /ndn/fr1-site/fr1/svs_core/fr1=5, 1741716367713
Max suppression time updated to: 220
Max suppression time updated to: 220
Received update: /ndn/bg-site/bg/svs_core/bg=5, 1741716367962
Max suppression time updated to: 220
Max suppression time updated to: 220
Received update: /ndn/mt-site/mt/svs_core/mt=5, 1741716368274
Max suppression time updated to: 220
Received update: /ndn/hu-site/hu/svs_core/hu=5, 1741716369587
Max suppression time updated to: 220
Received update: /ndn/pt-site/pt/svs_core/pt=5, 1741716369780
Max suppression time updated to: 225
Received update: /ndn/lv-site/lv/svs_core/lv=5, 1741716369951
Max suppression time updated to: 220
Received update: /ndn/cy-site/cy/svs_core/cy=5, 1741716374756
Received update: /ndn/mk-site/mk/svs_core/mk=5, 1741716374756
Received update: /ndn/sk-site/sk/svs_core/sk=5, 1741716374756
Received update: /ndn/de1-site/de1/svs_core/de1=5, 1741716374756
Max suppression time updated to: 225
Received update: /ndn/be-site/be/svs_core/be=5, 1741716378109
Received update: /ndn/it-site/it/svs_core/it=5, 1741716378109
Max suppression time updated to: 220
Received update: /ndn/at-site/at/svs_core/at=5, 1741716382193
Received update: /ndn/hr-site/hr/svs_core/hr=5, 1741716382193
Received update: /ndn/nl-site/nl/svs_core/nl=5, 1741716382193
Max suppression time updated to: 220
Received update: /ndn/cz-site/cz/svs_core/cz=5, 1741716383146
Sending Sync interest
Max suppression time updated to: 220
Max suppression time updated to: 225
Max suppression time updated to: 225
Received update: /ndn/ua-site/ua/svs_core/ua=5, 1741716384229
Max suppression time updated to: 225
Received update: /ndn/dk-site/dk/svs_core/dk=5, 1741716388823
Max suppression time updated to: 225
Received update: /ndn/pl-site/pl/svs_core/pl=5, 1741716389089
Max suppression time updated to: 225
Received update: /ndn/ch-site/ch/svs_core/ch=5, 1741716389851
Max suppression time updated to: 225
Received update: /ndn/ie-site/ie/svs_core/ie=5, 1741716390125
Max suppression time updated to: 225
Received update: /ndn/is-site/is/svs_core/is=5, 1741716392109
Max suppression time updated to: 225
Received update: /ndn/lt-site/lt/svs_core/lt=5, 1741716392692
Received update: /ndn/lu-site/lu/svs_core/lu=5, 1741716392692
Max suppression time updated to: 225
Received update: /ndn/ge-site/ge/svs_core/ge=5, 1741716393100
Max suppression time updated to: 225
Max suppression time updated to: 225
Max suppression time updated to: 225
Received update: /ndn/de2-site/de2/svs_core/de2=5, 1741716393601
Max suppression time updated to: 225
Received update: /ndn/fr2-site/fr2/svs_core/fr2=5, 1741716395428
Sending Sync interest
Max suppression time updated to: 225
Max suppression time updated to: 225
Max suppression time updated to: 225
Max suppression time updated to: 225
Received update: /ndn/si-site/si/svs_core/si=5, 1741716401107
Max suppression time updated to: 225
Received update: /ndn/ro-site/ro/svs_core/ro=5, 1741716401413
Max suppression time updated to: 225
Received update: /ndn/rs-site/rs/svs_core/rs=5, 1741716401414
Max suppression time updated to: 225
Received update: /ndn/se-site/se/svs_core/se=5, 1741716401426
Published sequence number: /ndn/az-site/az/svs_core/az=5, 1741716401457
Sending Sync interest
Max suppression time updated to: 225
Received update: /ndn/by-site/by/svs_core/by=5, 1741716401774
Received update: /ndn/es-site/es/svs_core/es=5, 1741716401774
Received update: /ndn/gr-site/gr/svs_core/gr=5, 1741716401774
Max suppression time updated to: 225
Received update: /ndn/ee-site/ee/svs_core/ee=5, 1741716401853
Sending Sync interest
Max suppression time updated to: 225
Received update: /ndn/no-site/no/svs_core/no=5, 1741716403877
Max suppression time updated to: 225
Received update: /ndn/md-site/md/svs_core/md=5, 1741716404068
Max suppression time updated to: 225
Max suppression time updated to: 225
Received update: /ndn/il-site/il/svs_core/il=5, 1741716407214
Received update: /ndn/me-site/me/svs_core/me=5, 1741716407214
Received update: /ndn/tr-site/tr/svs_core/tr=5, 1741716407214
Received update: /ndn/uk-site/uk/svs_core/uk=5, 1741716407214
Max suppression time updated to: 225
Received update: /ndn/fi-site/fi/svs_core/fi=5, 1741716407517
Max suppression time updated to: 225
Max suppression time updated to: 225
Max suppression time updated to: 225
Received update: /ndn/al-site/al/svs_core/al=5, 1741716407991
Max suppression time updated to: 225
Received update: /ndn/fr1-site/fr1/svs_core/fr1=6, 1741716410356
Max suppression time updated to: 225
Received update: /ndn/bg-site/bg/svs_core/bg=6, 1741716411677
Sending Sync interest
Max suppression time updated to: 225
Received update: /ndn/am-site/am/svs_core/am=6, 1741716413001
Received update: /ndn/lv-site/lv/svs_core/lv=6, 1741716413001
Max suppression time updated to: 225
Received update: /ndn/mt-site/mt/svs_core/mt=6, 1741716413202
Max suppression time updated to: 225
Max suppression time updated to: 225
Received update: /ndn/hu-site/hu/svs_core/hu=6, 1741716414608
Max suppression time updated to: 225
Received update: /ndn/pt-site/pt/svs_core/pt=6, 1741716414752
Max suppression time updated to: 225
Received update: /ndn/mk-site/mk/svs_core/mk=6, 1741716415220
Max suppression time updated to: 225
Max suppression time updated to: 225
Max suppression time updated to: 225
Max suppression time updated to: 225
Received update: /ndn/de1-site/de1/svs_core/de1=6, 1741716415593
Max suppression time updated to: 225
Received update: /ndn/sk-site/sk/svs_core/sk=6, 1741716416137
Sending Sync interest
Max suppression time updated to: 225
Max suppression time updated to: 225
Max suppression time updated to: 225
Received update: /ndn/cy-site/cy/svs_core/cy=6, 1741716419764
Max suppression time updated to: 225
Received update: /ndn/be-site/be/svs_core/be=6, 1741716423130
Received update: /ndn/it-site/it/svs_core/it=6, 1741716423130
Max suppression time updated to: 225
Received update: /ndn/at-site/at/svs_core/at=6, 1741716426592
Received update: /ndn/hr-site/hr/svs_core/hr=6, 1741716426592
Max suppression time updated to: 225
Received update: /ndn/nl-site/nl/svs_core/nl=6, 1741716427216
Max suppression time updated to: 225
Received update: /ndn/cz-site/cz/svs_core/cz=6, 1741716428164
Max suppression time updated to: 225
Received update: /ndn/ua-site/ua/svs_core/ua=6, 1741716429230
Sending Sync interest
Max suppression time updated to: 225
Max suppression time updated to: 230
Received update: /ndn/ie-site/ie/svs_core/ie=6, 1741716430842
Max suppression time updated to: 225
Received update: /ndn/ch-site/ch/svs_core/ch=6, 1741716434797
Received update: /ndn/dk-site/dk/svs_core/dk=6, 1741716434797
Received update: /ndn/pl-site/pl/svs_core/pl=6, 1741716434797
Max suppression time updated to: 225
Received update: /ndn/lu-site/lu/svs_core/lu=6, 1741716437112
Max suppression time updated to: 225
Received update: /ndn/is-site/is/svs_core/is=6, 1741716437954
Received update: /ndn/lt-site/lt/svs_core/lt=6, 1741716437954
Max suppression time updated to: 225
Received update: /ndn/ge-site/ge/svs_core/ge=6, 1741716441560
Received update: /ndn/rs-site/rs/svs_core/rs=6, 1741716441560
Received update: /ndn/de2-site/de2/svs_core/de2=6, 1741716441560
Max suppression time updated to: 225
Received update: /ndn/ee-site/ee/svs_core/ee=6, 1741716441946
Max suppression time updated to: 225
Received update: /ndn/fr2-site/fr2/svs_core/fr2=6, 1741716442191
Max suppression time updated to: 225
Max suppression time updated to: 225
Received update: /ndn/by-site/by/svs_core/by=6, 1741716442283
Max suppression time updated to: 225
Max suppression time updated to: 225
Received update: /ndn/es-site/es/svs_core/es=6, 1741716442594
Published sequence number: /ndn/az-site/az/svs_core/az=6, 1741716446458
Sending Sync interest
Max suppression time updated to: 225
Received update: /ndn/gr-site/gr/svs_core/gr=6, 1741716446539
Received update: /ndn/md-site/md/svs_core/md=6, 1741716446539
Received update: /ndn/ro-site/ro/svs_core/ro=6, 1741716446539
Received update: /ndn/se-site/se/svs_core/se=6, 1741716446539
Received update: /ndn/si-site/si/svs_core/si=6, 1741716446539
Max suppression time updated to: 225
Max suppression time updated to: 225
Received update: /ndn/fi-site/fi/svs_core/fi=6, 1741716449383
Received update: /ndn/no-site/no/svs_core/no=6, 1741716449383
Max suppression time updated to: 225
Received update: /ndn/uk-site/uk/svs_core/uk=6, 1741716449545
Max suppression time updated to: 225
Received update: /ndn/al-site/al/svs_core/al=6, 1741716451145
Received update: /ndn/me-site/me/svs_core/me=6, 1741716451145
Max suppression time updated to: 225
Received update: /ndn/il-site/il/svs_core/il=6, 1741716455380
Received update: /ndn/tr-site/tr/svs_core/tr=6, 1741716455380
Received update: /ndn/fr1-site/fr1/svs_core/fr1=7, 1741716455380
Max suppression time updated to: 225
Received update: /ndn/bg-site/bg/svs_core/bg=7, 1741716456675
Max suppression time updated to: 225
Max suppression time updated to: 225
Max suppression time updated to: 225
Received update: /ndn/mt-site/mt/svs_core/mt=7, 1741716458214
Max suppression time updated to: 225
Received update: /ndn/hu-site/hu/svs_core/hu=7, 1741716459598
Received update: /ndn/lv-site/lv/svs_core/lv=7, 1741716459598
Max suppression time updated to: 225
Received update: /ndn/am-site/am/svs_core/am=7, 1741716459850
Max suppression time updated to: 225
Received update: /ndn/mk-site/mk/svs_core/mk=7, 1741716460275
Received update: /ndn/pt-site/pt/svs_core/pt=7, 1741716460275
Max suppression time updated to: 230
Max suppression time updated to: 230
Received update: /ndn/de1-site/de1/svs_core/de1=7, 1741716460595
Max suppression time updated to: 230
Received update: /ndn/sk-site/sk/svs_core/sk=7, 1741716461150
Max suppression time updated to: 230
Received update: /ndn/cy-site/cy/svs_core/cy=7, 1741716464771
Max suppression time updated to: 230
Received update: /ndn/be-site/be/svs_core/be=7, 1741716465321
Sending Sync interest
Max suppression time updated to: 230
Received update: /ndn/at-site/at/svs_core/at=7, 1741716471605
Received update: /ndn/hr-site/hr/svs_core/hr=7, 1741716471605
Received update: /ndn/it-site/it/svs_core/it=7, 1741716471605
Max suppression time updated to: 230
Received update: /ndn/nl-site/nl/svs_core/nl=7, 1741716472205
Max suppression time updated to: 230
Received update: /ndn/cz-site/cz/svs_core/cz=7, 1741716473173
Max suppression time updated to: 230
Received update: /ndn/ie-site/ie/svs_core/ie=7, 1741716476164
Received update: /ndn/ua-site/ua/svs_core/ua=7, 1741716476164
Max suppression time updated to: 230
Received update: /ndn/pl-site/pl/svs_core/pl=7, 1741716478666
Max suppression time updated to: 230
Max suppression time updated to: 230
Received update: /ndn/dk-site/dk/svs_core/dk=7, 1741716478913
Max suppression time updated to: 230
Received update: /ndn/ch-site/ch/svs_core/ch=7, 1741716479847
Max suppression time updated to: 230
Max suppression time updated to: 230
Max suppression time updated to: 230
Max suppression time updated to: 230
Received update: /ndn/is-site/is/svs_core/is=7, 1741716482720
Received update: /ndn/lt-site/lt/svs_core/lt=7, 1741716482720
Max suppression time updated to: 230
Received update: /ndn/lu-site/lu/svs_core/lu=7, 1741716483011
Max suppression time updated to: 230
Received update: /ndn/ge-site/ge/svs_core/ge=7, 1741716483099
Max suppression time updated to: 230
Received update: /ndn/de2-site/de2/svs_core/de2=7, 1741716483618
Max suppression time updated to: 230
Received update: /ndn/fr2-site/fr2/svs_core/fr2=7, 1741716485443
Max suppression time updated to: 230
Received update: /ndn/rs-site/rs/svs_core/rs=7, 1741716486571
Max suppression time updated to: 230
Received update: /ndn/ee-site/ee/svs_core/ee=7, 1741716486731
Max suppression time updated to: 230
Max suppression time updated to: 230
Max suppression time updated to: 230
Max suppression time updated to: 230
Max suppression time updated to: 235
Max suppression time updated to: 235
Received update: /ndn/by-site/by/svs_core/by=7, 1741716488308
Received update: /ndn/es-site/es/svs_core/es=7, 1741716488308
Max suppression time updated to: 235
Received update: /ndn/ro-site/ro/svs_core/ro=7, 1741716489724
Received update: /ndn/se-site/se/svs_core/se=7, 1741716489724
Max suppression time updated to: 235
Received update: /ndn/si-site/si/svs_core/si=7, 1741716491132
Sending Sync interest
Max suppression time updated to: 230
Max suppression time updated to: 230
Received update: /ndn/gr-site/gr/svs_core/gr=7, 1741716491408
Max suppression time updated to: 230
Published sequence number: /ndn/az-site/az/svs_core/az=7, 1741716491460
Sending Sync interest
Max suppression time updated to: 230
Received update: /ndn/md-site/md/svs_core/md=7, 1741716491496
Max suppression time updated to: 230
Max suppression time updated to: 230
Sending Sync interest
Max suppression time updated to: 230
Sending Sync interest
Max suppression time updated to: 230
Received update: /ndn/no-site/no/svs_core/no=7, 1741716493970
Max suppression time updated to: 230
Max suppression time updated to: 230
Received update: /ndn/fi-site/fi/svs_core/fi=7, 1741716494400
Max suppression time updated to: 230
Received update: /ndn/me-site/me/svs_core/me=7, 1741716495603
Received update: /ndn/uk-site/uk/svs_core/uk=7, 1741716495603
Max suppression time updated to: 230
Received update: /ndn/il-site/il/svs_core/il=7, 1741716497263
Received update: /ndn/tr-site/tr/svs_core/tr=7, 1741716497263
Max suppression time updated to: 230
Received update: /ndn/al-site/al/svs_core/al=7, 1741716500603
Received update: /ndn/fr1-site/fr1/svs_core/fr1=8, 1741716500603
Max suppression time updated to: 230
Received update: /ndn/am-site/am/svs_core/am=8, 1741716502753
Received update: /ndn/bg-site/bg/svs_core/bg=8, 1741716502753
Max suppression time updated to: 230
Received update: /ndn/mt-site/mt/svs_core/mt=8, 1741716503403
Max suppression time updated to: 230
Max suppression time updated to: 230
Received update: /ndn/hu-site/hu/svs_core/hu=8, 1741716504608
Received update: /ndn/lv-site/lv/svs_core/lv=8, 1741716504608
Max suppression time updated to: 230
Received update: /ndn/mk-site/mk/svs_core/mk=8, 1741716505561
Received update: /ndn/pt-site/pt/svs_core/pt=8, 1741716505561
Max suppression time updated to: 230
Max suppression time updated to: 230
Received update: /ndn/cy-site/cy/svs_core/cy=8, 1741716509778
Received update: /ndn/sk-site/sk/svs_core/sk=8, 1741716509778
Received update: /ndn/de1-site/de1/svs_core/de1=8, 1741716509778
Max suppression time updated to: 230
Received update: /ndn/at-site/at/svs_core/at=8, 1741716518176
Received update: /ndn/be-site/be/svs_core/be=8, 1741716518176
Received update: /ndn/cz-site/cz/svs_core/cz=8, 1741716518176
Received update: /ndn/hr-site/hr/svs_core/hr=8, 1741716518176
Received update: /ndn/it-site/it/svs_core/it=8, 1741716518176
Received update: /ndn/nl-site/nl/svs_core/nl=8, 1741716518176
Max suppression time updated to: 230
Received update: /ndn/ua-site/ua/svs_core/ua=8, 1741716519231
Max suppression time updated to: 235
Received update: /ndn/dk-site/dk/svs_core/dk=8, 1741716524138
Received update: /ndn/pl-site/pl/svs_core/pl=8, 1741716524138
Max suppression time updated to: 230
Received update: /ndn/ch-site/ch/svs_core/ch=8, 1741716524806
Max suppression time updated to: 230
Received update: /ndn/lu-site/lu/svs_core/lu=8, 1741716527120
Max suppression time updated to: 235
Received update: /ndn/is-site/is/svs_core/is=8, 1741716527266
Max suppression time updated to: 235
Max suppression time updated to: 235
Received update: /ndn/ge-site/ge/svs_core/ge=8, 1741716528909
Received update: /ndn/de2-site/de2/svs_core/de2=8, 1741716528909
Max suppression time updated to: 230
Received update: /ndn/es-site/es/svs_core/es=8, 1741716530739
Max suppression time updated to: 230
Received update: /ndn/ee-site/ee/svs_core/ee=8, 1741716530847
Received update: /ndn/lt-site/lt/svs_core/lt=8, 1741716530847
Received update: /ndn/fr2-site/fr2/svs_core/fr2=8, 1741716530847
Max suppression time updated to: 230
Max suppression time updated to: 230
Max suppression time updated to: 235
Received update: /ndn/rs-site/rs/svs_core/rs=8, 1741716531620
Max suppression time updated to: 235
Received update: /ndn/by-site/by/svs_core/by=8, 1741716531862
Max suppression time updated to: 240
Received update: /ndn/se-site/se/svs_core/se=8, 1741716535777
Max suppression time updated to: 240
Received update: /ndn/ro-site/ro/svs_core/ro=8, 1741716535777
Max suppression time updated to: 245
Max suppression time updated to: 245
Received update: /ndn/gr-site/gr/svs_core/gr=8, 1741716536139
Received update: /ndn/md-site/md/svs_core/md=8, 1741716536139
Published sequence number: /ndn/az-site/az/svs_core/az=8, 1741716536471
Sending Sync interest
Max suppression time updated to: 245
Received update: /ndn/si-site/si/svs_core/si=8, 1741716536646
Max suppression time updated to: 245
Max suppression time updated to: 245
Received update: /ndn/uk-site/uk/svs_core/uk=8, 1741716539547
Max suppression time updated to: 245
Received update: /ndn/al-site/al/svs_core/al=8, 1741716541092
Max suppression time updated to: 245
Max suppression time updated to: 245
Received update: /ndn/me-site/me/svs_core/me=8, 1741716541436
Max suppression time updated to: 245
Received update: /ndn/tr-site/tr/svs_core/tr=8, 1741716545389
Received update: /ndn/fr1-site/fr1/svs_core/fr1=9, 1741716545389
Max suppression time updated to: 245
Received update: /ndn/bg-site/bg/svs_core/bg=9, 1741716547132
Received update: /ndn/fi-site/fi/svs_core/fi=8, 1741716547132
Max suppression time updated to: 245
Received update: /ndn/il-site/il/svs_core/il=8, 1741716547344
Received update: /ndn/no-site/no/svs_core/no=8, 1741716547344
Max suppression time updated to: 245
Received update: /ndn/mt-site/mt/svs_core/mt=9, 1741716548229
Max suppression time updated to: 245
Received update: /ndn/am-site/am/svs_core/am=9, 1741716548486
Max suppression time updated to: 245
Received update: /ndn/hu-site/hu/svs_core/hu=9, 1741716549612
Max suppression time updated to: 240
Received update: /ndn/pt-site/pt/svs_core/pt=9, 1741716549755
Max suppression time updated to: 245
Received update: /ndn/mk-site/mk/svs_core/mk=9, 1741716550257
Max suppression time updated to: 245
Received update: /ndn/cy-site/cy/svs_core/cy=9, 1741716555109
Received update: /ndn/lv-site/lv/svs_core/lv=9, 1741716555109
Received update: /ndn/sk-site/sk/svs_core/sk=9, 1741716555109
Received update: /ndn/de1-site/de1/svs_core/de1=9, 1741716555109
Max suppression time updated to: 245
Received update: /ndn/it-site/it/svs_core/it=9, 1741716558219
Max suppression time updated to: 245
Received update: /ndn/cz-site/cz/svs_core/cz=9, 1741716563176
Received update: /ndn/hr-site/hr/svs_core/hr=9, 1741716563176
Received update: /ndn/ie-site/ie/svs_core/ie=8, 1741716563176
Received update: /ndn/nl-site/nl/svs_core/nl=9, 1741716563176
Max suppression time updated to: 240
Received update: /ndn/at-site/at/svs_core/at=9, 1741716563383
Max suppression time updated to: 245
Received update: /ndn/be-site/be/svs_core/be=9, 1741716568546
Received update: /ndn/pl-site/pl/svs_core/pl=9, 1741716568546
Received update: /ndn/ua-site/ua/svs_core/ua=9, 1741716568546
Max suppression time updated to: 245
Received update: /ndn/dk-site/dk/svs_core/dk=9, 1741716572141
Received update: /ndn/is-site/is/svs_core/is=9, 1741716572141
Max suppression time updated to: 240
Received update: /ndn/ch-site/ch/svs_core/ch=9, 1741716572387
Received update: /ndn/lu-site/lu/svs_core/lu=9, 1741716572387
Max suppression time updated to: 240
Received update: /ndn/ie-site/ie/svs_core/ie=9, 1741716572460
Max suppression time updated to: 240
Received update: /ndn/lt-site/lt/svs_core/lt=9, 1741716572711
Max suppression time updated to: 240
Max suppression time updated to: 240
Received update: /ndn/ge-site/ge/svs_core/ge=9, 1741716573104
Max suppression time updated to: 240
Received update: /ndn/de2-site/de2/svs_core/de2=9, 1741716573635
Max suppression time updated to: 240
Received update: /ndn/fr2-site/fr2/svs_core/fr2=9, 1741716575450
Max suppression time updated to: 240
Received update: /ndn/es-site/es/svs_core/es=9, 1741716575767
Max suppression time updated to: 240
Received update: /ndn/ee-site/ee/svs_core/ee=9, 1741716575875
Max suppression time updated to: 240
Max suppression time updated to: 240
Received update: /ndn/ro-site/ro/svs_core/ro=9, 1741716579208
Max suppression time updated to: 240
Received update: /ndn/by-site/by/svs_core/by=9, 1741716581174
Received update: /ndn/gr-site/gr/svs_core/gr=9, 1741716581174
Received update: /ndn/md-site/md/svs_core/md=9, 1741716581174
Received update: /ndn/se-site/se/svs_core/se=9, 1741716581174
Max suppression time updated to: 240
Received update: /ndn/rs-site/rs/svs_core/rs=9, 1741716581419
Received update: /ndn/si-site/si/svs_core/si=9, 1741716581419
Published sequence number: /ndn/az-site/az/svs_core/az=9, 1741716581473
Sending Sync interest
Max suppression time updated to: 245
Sending Sync interest
Max suppression time updated to: 245
Received update: /ndn/no-site/no/svs_core/no=9, 1741716583896
Sending Sync interest
Max suppression time updated to: 245
Received update: /ndn/al-site/al/svs_core/al=9, 1741716585856
Max suppression time updated to: 245
Received update: /ndn/tr-site/tr/svs_core/tr=9, 1741716587250
Received update: /ndn/uk-site/uk/svs_core/uk=9, 1741716587250
Max suppression time updated to: 245
Received update: /ndn/me-site/me/svs_core/me=9, 1741716587488
Max suppression time updated to: 245
Received update: /ndn/il-site/il/svs_core/il=9, 1741716587843
Max suppression time updated to: 245
Received update: /ndn/fi-site/fi/svs_core/fi=9, 1741716588153
Max suppression time updated to: 245
Received update: /ndn/bg-site/bg/svs_core/bg=10, 1741716591697
Max suppression time updated to: 245
Max suppression time updated to: 245
Max suppression time updated to: 245
Received update: /ndn/lv-site/lv/svs_core/lv=10, 1741716592318
Max suppression time updated to: 245
Received update: /ndn/fr1-site/fr1/svs_core/fr1=10, 1741716592620
Max suppression time updated to: 245
Max suppression time updated to: 245
Received update: /ndn/am-site/am/svs_core/am=10, 1741716594075
Max suppression time updated to: 245
Received update: /ndn/mt-site/mt/svs_core/mt=10, 1741716594463
Max suppression time updated to: 245
Received update: /ndn/hu-site/hu/svs_core/hu=10, 1741716595392
Received update: /ndn/mk-site/mk/svs_core/mk=10, 1741716595392
Max suppression time updated to: 240
Received update: /ndn/pt-site/pt/svs_core/pt=10, 1741716595498
Max suppression time updated to: 240
Max suppression time updated to: 240
Max suppression time updated to: 240
Received update: /ndn/de1-site/de1/svs_core/de1=10, 1741716595594
Max suppression time updated to: 245
Received update: /ndn/sk-site/sk/svs_core/sk=10, 1741716596225
Max suppression time updated to: 245
Received update: /ndn/cy-site/cy/svs_core/cy=10, 1741716599827
Max suppression time updated to: 245
Received update: /ndn/be-site/be/svs_core/be=10, 1741716600325
Max suppression time updated to: 245
Received update: /ndn/hr-site/hr/svs_core/hr=10, 1741716604022
Max suppression time updated to: 245
Received update: /ndn/it-site/it/svs_core/it=10, 1741716604164
Max suppression time updated to: 245
Max suppression time updated to: 245
Received update: /ndn/at-site/at/svs_core/at=10, 1741716606626
Max suppression time updated to: 245
Received update: /ndn/nl-site/nl/svs_core/nl=10, 1741716607233
Max suppression time updated to: 245
Received update: /ndn/dk-site/dk/svs_core/dk=10, 1741716614040
Max suppression time updated to: 245
Received update: /ndn/cz-site/cz/svs_core/cz=10, 1741716614134
Received update: /ndn/ie-site/ie/svs_core/ie=10, 1741716614134
Max suppression time updated to: 245
Received update: /ndn/ua-site/ua/svs_core/ua=10, 1741716614184
Max suppression time updated to: 245
Received update: /ndn/ch-site/ch/svs_core/ch=10, 1741716614817
Received update: /ndn/pl-site/pl/svs_core/pl=10, 1741716614817
Max suppression time updated to: 245
Received update: /ndn/lu-site/lu/svs_core/lu=10, 1741716617133
Max suppression time updated to: 245
Received update: /ndn/is-site/is/svs_core/is=10, 1741716617146
Max suppression time updated to: 240
Max suppression time updated to: 240
Received update: /ndn/ge-site/ge/svs_core/ge=10, 1741716618644
Received update: /ndn/lt-site/lt/svs_core/lt=10, 1741716618644
Received update: /ndn/de2-site/de2/svs_core/de2=10, 1741716618644
Max suppression time updated to: 240
Received update: /ndn/by-site/by/svs_core/by=10, 1741716621506
Received update: /ndn/es-site/es/svs_core/es=10, 1741716621506
Received update: /ndn/fr2-site/fr2/svs_core/fr2=10, 1741716621506
Max suppression time updated to: 240
Max suppression time updated to: 240
Max suppression time updated to: 240
Received update: /ndn/ee-site/ee/svs_core/ee=10, 1741716621732
Max suppression time updated to: 240
Received update: /ndn/md-site/md/svs_core/md=10, 1741716625672
Received update: /ndn/ro-site/ro/svs_core/ro=10, 1741716625672
Received update: /ndn/rs-site/rs/svs_core/rs=10, 1741716625672
Max suppression time updated to: 240
Received update: /ndn/se-site/se/svs_core/se=10, 1741716626126
Received update: /ndn/si-site/si/svs_core/si=10, 1741716626126
Published sequence number: /ndn/az-site/az/svs_core/az=10, 1741716626479
Sending Sync interest
Max suppression time updated to: 240
Received update: /ndn/no-site/no/svs_core/no=10, 1741716628923
Sending Sync interest
Max suppression time updated to: 240
Received update: /ndn/fi-site/fi/svs_core/fi=10, 1741716629701
Sending Sync interest
Max suppression time updated to: 240
Received update: /ndn/gr-site/gr/svs_core/gr=10, 1741716629854
Received update: /ndn/uk-site/uk/svs_core/uk=10, 1741716629854
Max suppression time updated to: 240
Sending Sync interest
Max suppression time updated to: 240
Received update: /ndn/me-site/me/svs_core/me=10, 1741716630618
Max suppression time updated to: 240
Received update: /ndn/tr-site/tr/svs_core/tr=10, 1741716632184
Max suppression time updated to: 235
Received update: /ndn/il-site/il/svs_core/il=10, 1741716632224
Max suppression time updated to: 235
Received update: /ndn/al-site/al/svs_core/al=10, 1741716635388
Received update: /ndn/fr1-site/fr1/svs_core/fr1=11, 1741716635388
Max suppression time updated to: 235
Received update: /ndn/bg-site/bg/svs_core/bg=11, 1741716636947
Max suppression time updated to: 235
Received update: /ndn/mt-site/mt/svs_core/mt=11, 1741716638230
Sending Sync interest
Max suppression time updated to: 235
Received update: /ndn/am-site/am/svs_core/am=11, 1741716638999
Received update: /ndn/lv-site/lv/svs_core/lv=11, 1741716638999
Max suppression time updated to: 240
Received update: /ndn/pt-site/pt/svs_core/pt=11, 1741716639818
Max suppression time updated to: 240
Received update: /ndn/hu-site/hu/svs_core/hu=11, 1741716640236
Received update: /ndn/mk-site/mk/svs_core/mk=11, 1741716640236
Sending Sync interest
Max suppression time updated to: 240
Max suppression time updated to: 240
Received update: /ndn/de1-site/de1/svs_core/de1=11, 1741716640615
Max suppression time updated to: 240
Received update: /ndn/sk-site/sk/svs_core/sk=11, 1741716641195
Max suppression time updated to: 240
Received update: /ndn/cy-site/cy/svs_core/cy=11, 1741716644798
Max suppression time updated to: 240
Received update: /ndn/be-site/be/svs_core/be=11, 1741716645340
Max suppression time updated to: 240
Received update: /ndn/hr-site/hr/svs_core/hr=11, 1741716649041
Max suppression time updated to: 240
Received update: /ndn/it-site/it/svs_core/it=11, 1741716649166
Max suppression time updated to: 240
Max suppression time updated to: 240
Max suppression time updated to: 240
Received update: /ndn/at-site/at/svs_core/at=11, 1741716651625
Max suppression time updated to: 240
Received update: /ndn/nl-site/nl/svs_core/nl=11, 1741716652229
Max suppression time updated to: 240
Received update: /ndn/cz-site/cz/svs_core/cz=11, 1741716653200
Max suppression time updated to: 240
Received update: /ndn/ua-site/ua/svs_core/ua=11, 1741716654414
Max suppression time updated to: 240
Max suppression time updated to: 240
Received update: /ndn/ie-site/ie/svs_core/ie=11, 1741716658856
Received update: /ndn/pl-site/pl/svs_core/pl=11, 1741716658856
Max suppression time updated to: 240
Received update: /ndn/dk-site/dk/svs_core/dk=11, 1741716658881
Max suppression time updated to: 240
Max suppression time updated to: 240
Received update: /ndn/lu-site/lu/svs_core/lu=11, 1741716662146
Max suppression time updated to: 240
Received update: /ndn/ch-site/ch/svs_core/ch=11, 1741716662158
Received update: /ndn/is-site/is/svs_core/is=11, 1741716662158
Max suppression time updated to: 240
Max suppression time updated to: 240
Max suppression time updated to: 240
Max suppression time updated to: 240
Max suppression time updated to: 240
Max suppression time updated to: 235
Received update: /ndn/ge-site/ge/svs_core/ge=11, 1741716663644
Received update: /ndn/de2-site/de2/svs_core/de2=11, 1741716663644
Max suppression time updated to: 235
Received update: /ndn/lt-site/lt/svs_core/lt=11, 1741716665468
Received update: /ndn/fr2-site/fr2/svs_core/fr2=11, 1741716665468
Max suppression time updated to: 235
Received update: /ndn/es-site/es/svs_core/es=11, 1741716665750
Max suppression time updated to: 235
Received update: /ndn/by-site/by/svs_core/by=11, 1741716666852
Received update: /ndn/rs-site/rs/svs_core/rs=11, 1741716666852
Max suppression time updated to: 235
Received update: /ndn/ee-site/ee/svs_core/ee=11, 1741716669236
Received update: /ndn/ro-site/ro/svs_core/ro=11, 1741716669236
Max suppression time updated to: 235
Received update: /ndn/se-site/se/svs_core/se=11, 1741716669750
Max suppression time updated to: 235
Received update: /ndn/md-site/md/svs_core/md=11, 1741716670668
Sending Sync interest
Max suppression time updated to: 235
Received update: /ndn/gr-site/gr/svs_core/gr=11, 1741716671149
Published sequence number: /ndn/az-site/az/svs_core/az=11, 1741716671480
Sending Sync interest
Max suppression time updated to: 240
Received update: /ndn/si-site/si/svs_core/si=11, 1741716671700
Max suppression time updated to: 240
Received update: /ndn/no-site/no/svs_core/no=11, 1741716677218
Received update: /ndn/tr-site/tr/svs_core/tr=11, 1741716677218
Received update: /ndn/uk-site/uk/svs_core/uk=11, 1741716677218
Max suppression time updated to: 240
Received update: /ndn/fi-site/fi/svs_core/fi=11, 1741716680431
Received update: /ndn/il-site/il/svs_core/il=11, 1741716680431
Received update: /ndn/fr1-site/fr1/svs_core/fr1=12, 1741716680431
Max suppression time updated to: 240
Received update: /ndn/bg-site/bg/svs_core/bg=12, 1741716681691
Max suppression time updated to: 240
Received update: /ndn/am-site/am/svs_core/am=12, 1741716682659
Sending Sync interest
Max suppression time updated to: 240
Max suppression time updated to: 240
Max suppression time updated to: 240
Received update: /ndn/hu-site/hu/svs_core/hu=12, 1741716684644
Max suppression time updated to: 240
Received update: /ndn/lv-site/lv/svs_core/lv=12, 1741716685055
Max suppression time updated to: 240
Received update: /ndn/mk-site/mk/svs_core/mk=12, 1741716685417
Received update: /ndn/mt-site/mt/svs_core/mt=12, 1741716685417
Max suppression time updated to: 240
Received update: /ndn/al-site/al/svs_core/al=11, 1741716685426
Max suppression time updated to: 240
Received update: /ndn/pt-site/pt/svs_core/pt=12, 1741716685455
Max suppression time updated to: 240
Max suppression time updated to: 240
Received update: /ndn/de1-site/de1/svs_core/de1=12, 1741716685601
Max suppression time updated to: 240
Received update: /ndn/me-site/me/svs_core/me=11, 1741716686182
Received update: /ndn/sk-site/sk/svs_core/sk=12, 1741716686182
Max suppression time updated to: 240
Received update: /ndn/cy-site/cy/svs_core/cy=12, 1741716689822
Max suppression time updated to: 240
Received update: /ndn/it-site/it/svs_core/it=12, 1741716693163
Max suppression time updated to: 240
Received update: /ndn/be-site/be/svs_core/be=12, 1741716694039
Received update: /ndn/hr-site/hr/svs_core/hr=12, 1741716694039
Max suppression time updated to: 240
Received update: /ndn/pl-site/pl/svs_core/pl=12, 1741716703571
Max suppression time updated to: 240
Max suppression time updated to: 240
Received update: /ndn/nl-site/nl/svs_core/nl=12, 1741716703805
Max suppression time updated to: 240
Received update: /ndn/at-site/at/svs_core/at=12, 1741716704035
Received update: /ndn/ua-site/ua/svs_core/ua=12, 1741716704035
Max suppression time updated to: 240
Received update: /ndn/cz-site/cz/svs_core/cz=12, 1741716704354
Received update: /ndn/ie-site/ie/svs_core/ie=12, 1741716704354
Max suppression time updated to: 240
Max suppression time updated to: 240
Received update: /ndn/ch-site/ch/svs_core/ch=12, 1741716704821
Max suppression time updated to: 240
Received update: /ndn/dk-site/dk/svs_core/dk=12, 1741716705102
Max suppression time updated to: 240
Received update: /ndn/lu-site/lu/svs_core/lu=12, 1741716707157
Max suppression time updated to: 240
Received update: /ndn/ge-site/ge/svs_core/ge=12, 1741716708124
Max suppression time updated to: 240
Received update: /ndn/de2-site/de2/svs_core/de2=12, 1741716708650
Max suppression time updated to: 240
Received update: /ndn/lt-site/lt/svs_core/lt=12, 1741716708973
Max suppression time updated to: 235
Received update: /ndn/is-site/is/svs_core/is=12, 1741716709009
Max suppression time updated to: 240
Max suppression time updated to: 240
Max suppression time updated to: 240
Received update: /ndn/fr2-site/fr2/svs_core/fr2=12, 1741716710506
Max suppression time updated to: 240
Received update: /ndn/ee-site/ee/svs_core/ee=12, 1741716710869
Max suppression time updated to: 240
Received update: /ndn/rs-site/rs/svs_core/rs=12, 1741716711590
Max suppression time updated to: 240
Received update: /ndn/es-site/es/svs_core/es=12, 1741716711686
Max suppression time updated to: 240
Max suppression time updated to: 240
Received update: /ndn/si-site/si/svs_core/si=12, 1741716716155
Max suppression time updated to: 240
Received update: /ndn/by-site/by/svs_core/by=12, 1741716716162
Received update: /ndn/gr-site/gr/svs_core/gr=12, 1741716716162
Max suppression time updated to: 235
Received update: /ndn/ro-site/ro/svs_core/ro=12, 1741716716302
Published sequence number: /ndn/az-site/az/svs_core/az=12, 1741716716481
Sending Sync interest
Max suppression time updated to: 235
Received update: /ndn/no-site/no/svs_core/no=12, 1741716718951
Max suppression time updated to: 235
Max suppression time updated to: 235
Max suppression time updated to: 235
Sending Sync interest
Max suppression time updated to: 235
Sending Sync interest
Max suppression time updated to: 235
Received update: /ndn/md-site/md/svs_core/md=12, 1741716719544
Max suppression time updated to: 235
Received update: /ndn/uk-site/uk/svs_core/uk=12, 1741716719567
Max suppression time updated to: 235
Received update: /ndn/fi-site/fi/svs_core/fi=12, 1741716719722
Received update: /ndn/se-site/se/svs_core/se=12, 1741716719722
Max suppression time updated to: 235
Max suppression time updated to: 235
Max suppression time updated to: 235
Max suppression time updated to: 235
Received update: /ndn/me-site/me/svs_core/me=12, 1741716722185
Received update: /ndn/tr-site/tr/svs_core/tr=12, 1741716722185
Max suppression time updated to: 235
Received update: /ndn/il-site/il/svs_core/il=12, 1741716725416
Received update: /ndn/fr1-site/fr1/svs_core/fr1=13, 1741716725416
Max suppression time updated to: 235
Received update: /ndn/bg-site/bg/svs_core/bg=13, 1741716729641
Received update: /ndn/hu-site/hu/svs_core/hu=13, 1741716729641
Received update: /ndn/mt-site/mt/svs_core/mt=13, 1741716729641
Max suppression time updated to: 235
Received update: /ndn/lv-site/lv/svs_core/lv=13, 1741716730067
Max suppression time updated to: 235
Received update: /ndn/mk-site/mk/svs_core/mk=13, 1741716730339
Max suppression time updated to: 235
Received update: /ndn/am-site/am/svs_core/am=13, 1741716730882
Received update: /ndn/pt-site/pt/svs_core/pt=13, 1741716730882
Received update: /ndn/de1-site/de1/svs_core/de1=13, 1741716730882
Max suppression time updated to: 235
Received update: /ndn/al-site/al/svs_core/al=12, 1741716730960
Max suppression time updated to: 235
Max suppression time updated to: 235
Max suppression time updated to: 235
Max suppression time updated to: 240
Max suppression time updated to: 240
Max suppression time updated to: 235
Max suppression time updated to: 240
Max suppression time updated to: 235
Received update: /ndn/be-site/be/svs_core/be=13, 1741716735384
Max suppression time updated to: 235
Received update: /ndn/hr-site/hr/svs_core/hr=13, 1741716739057
Received update: /ndn/sk-site/sk/svs_core/sk=13, 1741716739057
Max suppression time updated to: 235
Received update: /ndn/cy-site/cy/svs_core/cy=13, 1741716739213
Received update: /ndn/it-site/it/svs_core/it=13, 1741716739213
Max suppression time updated to: 235
Received update: /ndn/at-site/at/svs_core/at=13, 1741716741628
Max suppression time updated to: 240
Received update: /ndn/cz-site/cz/svs_core/cz=13, 1741716743198
Received update: /ndn/nl-site/nl/svs_core/nl=13, 1741716743198
Max suppression time updated to: 235
Received update: /ndn/pl-site/pl/svs_core/pl=13, 1741716748583
Received update: /ndn/ua-site/ua/svs_core/ua=13, 1741716748583
Max suppression time updated to: 235
Received update: /ndn/dk-site/dk/svs_core/dk=13, 1741716752157
Received update: /ndn/lu-site/lu/svs_core/lu=13, 1741716752157
Max suppression time updated to: 235
Received update: /ndn/is-site/is/svs_core/is=13, 1741716752166
Max suppression time updated to: 235
Received update: /ndn/ch-site/ch/svs_core/ch=13, 1741716752181
Max suppression time updated to: 235
Max suppression time updated to: 235
Max suppression time updated to: 235
Received update: /ndn/ge-site/ge/svs_core/ge=13, 1741716753123
Max suppression time updated to: 235
Received update: /ndn/lt-site/lt/svs_core/lt=13, 1741716753661
Received update: /ndn/de2-site/de2/svs_core/de2=13, 1741716753661
Max suppression time updated to: 235
Received update: /ndn/ie-site/ie/svs_core/ie=13, 1741716753810
Max suppression time updated to: 235
Received update: /ndn/ee-site/ee/svs_core/ee=13, 1741716755855
Max suppression time updated to: 235
Max suppression time updated to: 235
Max suppression time updated to: 235
Received update: /ndn/by-site/by/svs_core/by=13, 1741716756352
Max suppression time updated to: 235
Received update: /ndn/es-site/es/svs_core/es=13, 1741716756436
Received update: /ndn/fr2-site/fr2/svs_core/fr2=13, 1741716756436
Max suppression time updated to: 235
Max suppression time updated to: 235
Max suppression time updated to: 235
Max suppression time updated to: 235
Max suppression time updated to: 240
Received update: /ndn/ro-site/ro/svs_core/ro=13, 1741716761308
Max suppression time updated to: 245
Received update: /ndn/rs-site/rs/svs_core/rs=13, 1741716761309
Max suppression time updated to: 245
Received update: /ndn/se-site/se/svs_core/se=13, 1741716761309
Max suppression time updated to: 250
Received update: /ndn/si-site/si/svs_core/si=13, 1741716761310
Published sequence number: /ndn/az-site/az/svs_core/az=13, 1741716761492
Sending Sync interest
Max suppression time updated to: 250
Received update: /ndn/fi-site/fi/svs_core/fi=13, 1741716764438
Received update: /ndn/no-site/no/svs_core/no=13, 1741716764438
Sending Sync interest
Max suppression time updated to: 250
Received update: /ndn/gr-site/gr/svs_core/gr=13, 1741716764977
Received update: /ndn/uk-site/uk/svs_core/uk=13, 1741716764977
Max suppression time updated to: 250
Received update: /ndn/md-site/md/svs_core/md=13, 1741716766078
Received update: /ndn/me-site/me/svs_core/me=13, 1741716766078
Max suppression time updated to: 250
Received update: /ndn/tr-site/tr/svs_core/tr=13, 1741716767198
Max suppression time updated to: 250
Received update: /ndn/il-site/il/svs_core/il=13, 1741716767269
Max suppression time updated to: 250
Received update: /ndn/al-site/al/svs_core/al=13, 1741716772361
Received update: /ndn/lv-site/lv/svs_core/lv=14, 1741716772361
Max suppression time updated to: 250
Received update: /ndn/bg-site/bg/svs_core/bg=14, 1741716772577
Received update: /ndn/fr1-site/fr1/svs_core/fr1=14, 1741716772577
Max suppression time updated to: 250
Received update: /ndn/am-site/am/svs_core/am=14, 1741716772658
Max suppression time updated to: 255
Max suppression time updated to: 255
Received update: /ndn/hu-site/hu/svs_core/hu=14, 1741716774653
Received update: /ndn/mt-site/mt/svs_core/mt=14, 1741716774653
Max suppression time updated to: 255
Received update: /ndn/pt-site/pt/svs_core/pt=14, 1741716775060
Max suppression time updated to: 250
Max suppression time updated to: 250
Max suppression time updated to: 250
Received update: /ndn/mk-site/mk/svs_core/mk=14, 1741716775274
Max suppression time updated to: 255
Received update: /ndn/be-site/be/svs_core/be=14, 1741716780391
Received update: /ndn/sk-site/sk/svs_core/sk=14, 1741716780391
Received update: /ndn/de1-site/de1/svs_core/de1=14, 1741716780391
Max suppression time updated to: 255
Received update: /ndn/cy-site/cy/svs_core/cy=14, 1741716780707
Max suppression time updated to: 255
Received update: /ndn/it-site/it/svs_core/it=14, 1741716783166
Max suppression time updated to: 255
Received update: /ndn/at-site/at/svs_core/at=14, 1741716786645
Received update: /ndn/hr-site/hr/svs_core/hr=14, 1741716786645
Max suppression time updated to: 255
Received update: /ndn/nl-site/nl/svs_core/nl=14, 1741716787288
Max suppression time updated to: 255
Received update: /ndn/cz-site/cz/svs_core/cz=14, 1741716794400
Received update: /ndn/dk-site/dk/svs_core/dk=14, 1741716794400
Received update: /ndn/pl-site/pl/svs_core/pl=14, 1741716794400
Max suppression time updated to: 255
Max suppression time updated to: 260
Max suppression time updated to: 260
Received update: /ndn/ua-site/ua/svs_core/ua=14, 1741716794750
Max suppression time updated to: 260
Received update: /ndn/lu-site/lu/svs_core/lu=14, 1741716797179
Max suppression time updated to: 260
Received update: /ndn/ch-site/ch/svs_core/ch=14, 1741716797280
Max suppression time updated to: 260
Received update: /ndn/lt-site/lt/svs_core/lt=14, 1741716797728
Sending Sync interest
Max suppression time updated to: 260
Max suppression time updated to: 260
Max suppression time updated to: 260
Received update: /ndn/ge-site/ge/svs_core/ge=14, 1741716799004
Received update: /ndn/ie-site/ie/svs_core/ie=14, 1741716799004
Received update: /ndn/is-site/is/svs_core/is=14, 1741716799004
Received update: /ndn/de2-site/de2/svs_core/de2=14, 1741716799004
Max suppression time updated to: 260
Received update: /ndn/es-site/es/svs_core/es=14, 1741716804997
Received update: /ndn/se-site/se/svs_core/se=14, 1741716804997
Received update: /ndn/fr2-site/fr2/svs_core/fr2=14, 1741716804997
Max suppression time updated to: 260
Received update: /ndn/ro-site/ro/svs_core/ro=14, 1741716805069
Max suppression time updated to: 260
Received update: /ndn/by-site/by/svs_core/by=14, 1741716805451
Max suppression time updated to: 260
Max suppression time updated to: 260
Max suppression time updated to: 260
Received update: /ndn/ee-site/ee/svs_core/ee=14, 1741716806154
Received update: /ndn/si-site/si/svs_core/si=14, 1741716806154
Published sequence number: /ndn/az-site/az/svs_core/az=14, 1741716806500
Sending Sync interest
Max suppression time updated to: 260
Received update: /ndn/gr-site/gr/svs_core/gr=14, 1741716806694
Max suppression time updated to: 260
Max suppression time updated to: 260
Max suppression time updated to: 255
Max suppression time updated to: 255
Received update: /ndn/fi-site/fi/svs_core/fi=14, 1741716809446
Received update: /ndn/no-site/no/svs_core/no=14, 1741716809446
Max suppression time updated to: 255
Received update: /ndn/uk-site/uk/svs_core/uk=14, 1741716809574
Max suppression time updated to: 255
Received update: /ndn/md-site/md/svs_core/md=14, 1741716810043
Received update: /ndn/rs-site/rs/svs_core/rs=14, 1741716810043
Max suppression time updated to: 255
Received update: /ndn/al-site/al/svs_core/al=14, 1741716810862
Max suppression time updated to: 255
Received update: /ndn/tr-site/tr/svs_core/tr=14, 1741716812203
Max suppression time updated to: 255
Received update: /ndn/fr1-site/fr1/svs_core/fr1=15, 1741716818692
Max suppression time updated to: 255
Max suppression time updated to: 255
Max suppression time updated to: 255
Received update: /ndn/il-site/il/svs_core/il=14, 1741716818831
Max suppression time updated to: 255
Received update: /ndn/lv-site/lv/svs_core/lv=15, 1741716820536
Max suppression time updated to: 255
Received update: /ndn/bg-site/bg/svs_core/bg=15, 1741716820642
Received update: /ndn/me-site/me/svs_core/me=14, 1741716820642
Max suppression time updated to: 255
Received update: /ndn/am-site/am/svs_core/am=15, 1741716820838
Max suppression time updated to: 255
Max suppression time updated to: 260
Received update: /ndn/hu-site/hu/svs_core/hu=15, 1741716822852
Max suppression time updated to: 255
Received update: /ndn/pt-site/pt/svs_core/pt=15, 1741716822968
Max suppression time updated to: 255
Received update: /ndn/mk-site/mk/svs_core/mk=15, 1741716823447
Max suppression time updated to: 255
Received update: /ndn/sk-site/sk/svs_core/sk=15, 1741716824397
Max suppression time updated to: 255
Received update: /ndn/de1-site/de1/svs_core/de1=15, 1741716824585
Max suppression time updated to: 255
Max suppression time updated to: 255
Max suppression time updated to: 255
Received update: /ndn/cy-site/cy/svs_core/cy=15, 1741716828031
Received update: /ndn/mt-site/mt/svs_core/mt=15, 1741716828031
Max suppression time updated to: 255
Received update: /ndn/be-site/be/svs_core/be=15, 1741716828555
Max suppression time updated to: 255
Max suppression time updated to: 255
Max suppression time updated to: 255
Max suppression time updated to: 255
Received update: /ndn/hr-site/hr/svs_core/hr=15, 1741716832245
Max suppression time updated to: 255
Received update: /ndn/it-site/it/svs_core/it=15, 1741716832428
Max suppression time updated to: 255
Max suppression time updated to: 255
Received update: /ndn/at-site/at/svs_core/at=15, 1741716842091
Received update: /ndn/ie-site/ie/svs_core/ie=15, 1741716842091
Received update: /ndn/nl-site/nl/svs_core/nl=15, 1741716842091
Received update: /ndn/pl-site/pl/svs_core/pl=15, 1741716842091
Max suppression time updated to: 255
Received update: /ndn/cz-site/cz/svs_core/cz=15, 1741716842233
Max suppression time updated to: 255
Received update: /ndn/ch-site/ch/svs_core/ch=15, 1741716845681
Received update: /ndn/dk-site/dk/svs_core/dk=15, 1741716845681
Received update: /ndn/lu-site/lu/svs_core/lu=15, 1741716845681
Received update: /ndn/ua-site/ua/svs_core/ua=15, 1741716845681
Max suppression time updated to: 255
Received update: /ndn/is-site/is/svs_core/is=15, 1741716846057
Max suppression time updated to: 255
Received update: /ndn/ge-site/ge/svs_core/ge=15, 1741717084734
Received update: /ndn/lt-site/lt/svs_core/lt=15, 1741717084734
Received update: /ndn/de2-site/de2/svs_core/de2=15, 1741717084734
Received update: /ndn/fr2-site/fr2/svs_core/fr2=15, 1741717084734
Max suppression time updated to: 255
Received update: /ndn/rs-site/rs/svs_core/rs=15, 1741717086011
Max suppression time updated to: 255
Received update: /ndn/by-site/by/svs_core/by=15, 1741717086119
Max suppression time updated to: 255
Received update: /ndn/ee-site/ee/svs_core/ee=15, 1741717086179
Max suppression time updated to: 255
Max suppression time updated to: 255
Received update: /ndn/es-site/es/svs_core/es=15, 1741717086187
Max suppression time updated to: 255
Max suppression time updated to: 255
Max suppression time updated to: 255
Max suppression time updated to: 250
Received update: /ndn/ro-site/ro/svs_core/ro=15, 1741717088460
Max suppression time updated to: 250
Received update: /ndn/se-site/se/svs_core/se=15, 1741717089154
Published sequence number: /ndn/az-site/az/svs_core/az=15, 1741717090732
Sending Sync interest
Max suppression time updated to: 250
Received update: /ndn/si-site/si/svs_core/si=15, 1741717090952
Max suppression time updated to: 250
Max suppression time updated to: 250
Received update: /ndn/no-site/no/svs_core/no=15, 1741717093182
Max suppression time updated to: 255
Received update: /ndn/al-site/al/svs_core/al=15, 1741717095106
Received update: /ndn/gr-site/gr/svs_core/gr=15, 1741717095106
Received update: /ndn/uk-site/uk/svs_core/uk=15, 1741717095106
Max suppression time updated to: 250
Received update: /ndn/me-site/me/svs_core/me=15, 1741717095391
Max suppression time updated to: 250
Received update: /ndn/fr1-site/fr1/svs_core/fr1=16, 1741717099815
Max suppression time updated to: 250
Max suppression time updated to: 255
Max suppression time updated to: 255
Received update: /ndn/tr-site/tr/svs_core/tr=15, 1741717099919
Max suppression time updated to: 255
Received update: /ndn/md-site/md/svs_core/md=15, 1741717100015
Max suppression time updated to: 255
Received update: /ndn/fi-site/fi/svs_core/fi=15, 1741717100255
Max suppression time updated to: 255
Received update: /ndn/il-site/il/svs_core/il=15, 1741717100286
Max suppression time updated to: 255
Max suppression time updated to: 255
Max suppression time updated to: 250
Max suppression time updated to: 250
Received update: /ndn/hu-site/hu/svs_core/hu=16, 1741717103878
Max suppression time updated to: 250
Received update: /ndn/bg-site/bg/svs_core/bg=16, 1741717104215
Max suppression time updated to: 250
Received update: /ndn/lv-site/lv/svs_core/lv=16, 1741717104603
Max suppression time updated to: 250
Received update: /ndn/de1-site/de1/svs_core/de1=16, 1741717104852
Max suppression time updated to: 250
Received update: /ndn/pt-site/pt/svs_core/pt=16, 1741717105007
Max suppression time updated to: 250
Received update: /ndn/mk-site/mk/svs_core/mk=16, 1741717105132
Received update: /ndn/mt-site/mt/svs_core/mt=16, 1741717105132
Max suppression time updated to: 255
Max suppression time updated to: 255
Received update: /ndn/am-site/am/svs_core/am=16, 1741717106158
Received update: /ndn/sk-site/sk/svs_core/sk=16, 1741717106158
Max suppression time updated to: 255
Max suppression time updated to: 255
Max suppression time updated to: 255
Received update: /ndn/it-site/it/svs_core/it=16, 1741717112403
Max suppression time updated to: 255
Received update: /ndn/be-site/be/svs_core/be=16, 1741717112729
Max suppression time updated to: 255
Received update: /ndn/cy-site/cy/svs_core/cy=16, 1741717113095
Max suppression time updated to: 255
Received update: /ndn/hr-site/hr/svs_core/hr=16, 1741717113282
Max suppression time updated to: 255
Received update: /ndn/at-site/at/svs_core/at=16, 1741717116492
Received update: /ndn/nl-site/nl/svs_core/nl=16, 1741717116492
Max suppression time updated to: 255
Received update: /ndn/cz-site/cz/svs_core/cz=16, 1741717117440
Max suppression time updated to: 255
Received update: /ndn/ua-site/ua/svs_core/ua=16, 1741717118784
Max suppression time updated to: 255
Max suppression time updated to: 255
Max suppression time updated to: 255
Max suppression time updated to: 255
Max suppression time updated to: 255
Max suppression time updated to: 255
Max suppression time updated to: 255
Received update: /ndn/pl-site/pl/svs_core/pl=16, 1741717122857
Max suppression time updated to: 255
Received update: /ndn/ch-site/ch/svs_core/ch=16, 1741717124064
Received update: /ndn/dk-site/dk/svs_core/dk=16, 1741717124064
Max suppression time updated to: 255
Received update: /ndn/is-site/is/svs_core/is=16, 1741717126963
Received update: /ndn/lt-site/lt/svs_core/lt=16, 1741717126963
Received update: /ndn/lu-site/lu/svs_core/lu=16, 1741717126963
Max suppression time updated to: 255
Received update: /ndn/ge-site/ge/svs_core/ge=16, 1741717127363
Max suppression time updated to: 255
Max suppression time updated to: 255
Max suppression time updated to: 255
Received update: /ndn/rs-site/rs/svs_core/rs=16, 1741717130861
Received update: /ndn/de2-site/de2/svs_core/de2=16, 1741717130861
Max suppression time updated to: 255
Received update: /ndn/fr2-site/fr2/svs_core/fr2=16, 1741717131137
Max suppression time updated to: 255
Max suppression time updated to: 255
Received update: /ndn/es-site/es/svs_core/es=16, 1741717131269
Max suppression time updated to: 255
Received update: /ndn/ee-site/ee/svs_core/ee=16, 1741717131498
Received update: /ndn/ie-site/ie/svs_core/ie=16, 1741717131498
Max suppression time updated to: 255
Received update: /ndn/by-site/by/svs_core/by=16, 1741717134262
Received update: /ndn/se-site/se/svs_core/se=16, 1741717134262
Max suppression time updated to: 255
Received update: /ndn/ro-site/ro/svs_core/ro=16, 1741717134334
Max suppression time updated to: 255
Received update: /ndn/md-site/md/svs_core/md=16, 1741717134911
Max suppression time updated to: 255
Received update: /ndn/gr-site/gr/svs_core/gr=16, 1741717135401
Published sequence number: /ndn/az-site/az/svs_core/az=16, 1741717135731
Sending Sync interest
Max suppression time updated to: 255
Received update: /ndn/si-site/si/svs_core/si=16, 1741717135859
Max suppression time updated to: 255
Max suppression time updated to: 255
Received update: /ndn/fi-site/fi/svs_core/fi=16, 1741717138809
Received update: /ndn/no-site/no/svs_core/no=16, 1741717138809
Received update: /ndn/uk-site/uk/svs_core/uk=16, 1741717138809
Max suppression time updated to: 255
Received update: /ndn/tr-site/tr/svs_core/tr=16, 1741717141420
Max suppression time updated to: 255
Received update: /ndn/il-site/il/svs_core/il=16, 1741717141464
Max suppression time updated to: 260
Received update: /ndn/me-site/me/svs_core/me=16, 1741717169044
Max suppression time updated to: 260
Max suppression time updated to: 265
Max suppression time updated to: 265
Max suppression time updated to: 270
Stopping SVS client: /ndn/az-site/az/svs_core/az
