SVS client starting: /ndn/at-site/at/svs_core/at
Sending Sync interest
Max suppression time updated to: 66
Max suppression time updated to: 66
Max suppression time updated to: 54
Max suppression time updated to: 57
Max suppression time updated to: 57
Max suppression time updated to: 54
Max suppression time updated to: 66
Max suppression time updated to: 69
Max suppression time updated to: 72
Max suppression time updated to: 75
Max suppression time updated to: 72
Max suppression time updated to: 69
Max suppression time updated to: 75
Max suppression time updated to: 84
Max suppression time updated to: 81
Max suppression time updated to: 78
Max suppression time updated to: 81
Max suppression time updated to: 78
Max suppression time updated to: 75
Max suppression time updated to: 78
Max suppression time updated to: 84
Max suppression time updated to: 90
Max suppression time updated to: 93
Max suppression time updated to: 99
Max suppression time updated to: 96
Received update: /ndn/lu-site/lu/svs_core/lu=1, 1741647159575
Max suppression time updated to: 99
Received update: /ndn/ge-site/ge/svs_core/ge=1, 1741647160301
Max suppression time updated to: 99
Max suppression time updated to: 117
Max suppression time updated to: 114
Max suppression time updated to: 132
Max suppression time updated to: 147
Max suppression time updated to: 144
Max suppression time updated to: 141
Max suppression time updated to: 141
Received update: /ndn/il-site/il/svs_core/il=1, 1741647161661
Max suppression time updated to: 138
Received update: /ndn/de1-site/de1/svs_core/de1=1, 1741647164917
Max suppression time updated to: 138
Max suppression time updated to: 138
Received update: /ndn/gr-site/gr/svs_core/gr=1, 1741647165278
Max suppression time updated to: 138
Received update: /ndn/fr1-site/fr1/svs_core/fr1=1, 1741647165657
Max suppression time updated to: 135
Received update: /ndn/mk-site/mk/svs_core/mk=1, 1741647165911
Max suppression time updated to: 138
Received update: /ndn/az-site/az/svs_core/az=1, 1741647166039
Max suppression time updated to: 135
Max suppression time updated to: 135
Max suppression time updated to: 132
Received update: /ndn/ie-site/ie/svs_core/ie=1, 1741647166280
Max suppression time updated to: 132
Max suppression time updated to: 132
Received update: /ndn/bg-site/bg/svs_core/bg=1, 1741647168563
Max suppression time updated to: 132
Received update: /ndn/rs-site/rs/svs_core/rs=1, 1741647169655
Max suppression time updated to: 129
Max suppression time updated to: 129
Max suppression time updated to: 132
Received update: /ndn/cy-site/cy/svs_core/cy=1, 1741647170337
Max suppression time updated to: 132
Received update: /ndn/de2-site/de2/svs_core/de2=1, 1741647173007
Max suppression time updated to: 132
Received update: /ndn/hu-site/hu/svs_core/hu=1, 1741647173701
Max suppression time updated to: 132
Received update: /ndn/mt-site/mt/svs_core/mt=1, 1741647174588
Max suppression time updated to: 129
Max suppression time updated to: 129
Max suppression time updated to: 126
Received update: /ndn/be-site/be/svs_core/be=1, 1741647174729
Max suppression time updated to: 126
Received update: /ndn/pl-site/pl/svs_core/pl=1, 1741647174737
Max suppression time updated to: 129
Max suppression time updated to: 129
Max suppression time updated to: 129
Max suppression time updated to: 135
Sending Sync interest
Max suppression time updated to: 135
Received update: /ndn/tr-site/tr/svs_core/tr=1, 1741647175934
Max suppression time updated to: 135
Received update: /ndn/it-site/it/svs_core/it=1, 1741647178353
Sending Sync interest
Max suppression time updated to: 141
Sending Sync interest
Max suppression time updated to: 141
Max suppression time updated to: 141
Received update: /ndn/dk-site/dk/svs_core/dk=1, 1741647178760
Max suppression time updated to: 141
Received update: /ndn/al-site/al/svs_core/al=1, 1741647194797
Max suppression time updated to: 144
Received update: /ndn/cz-site/cz/svs_core/cz=1, 1741647195631
Max suppression time updated to: 144
Received update: /ndn/hr-site/hr/svs_core/hr=1, 1741647200706
Max suppression time updated to: 141
Received update: /ndn/ua-site/ua/svs_core/ua=1, 1741647202805
Max suppression time updated to: 141
Received update: /ndn/ro-site/ro/svs_core/ro=1, 1741647203239
Max suppression time updated to: 141
Received update: /ndn/sk-site/sk/svs_core/sk=1, 1741647203416
Max suppression time updated to: 141
Received update: /ndn/nl-site/nl/svs_core/nl=1, 1741647203600
Max suppression time updated to: 138
Received update: /ndn/es-site/es/svs_core/es=1, 1741647203826
Max suppression time updated to: 138
Max suppression time updated to: 144
Sending Sync interest
Max suppression time updated to: 144
Max suppression time updated to: 144
Max suppression time updated to: 144
Max suppression time updated to: 144
Max suppression time updated to: 144
Received update: /ndn/md-site/md/svs_core/md=1, 1741647204639
Max suppression time updated to: 147
Received update: /ndn/lt-site/lt/svs_core/lt=1, 1741647205135
Max suppression time updated to: 147
Max suppression time updated to: 147
Max suppression time updated to: 144
Max suppression time updated to: 144
Max suppression time updated to: 147
Received update: /ndn/is-site/is/svs_core/is=1, 1741647206468
Max suppression time updated to: 147
Received update: /ndn/pt-site/pt/svs_core/pt=1, 1741647206594
Max suppression time updated to: 147
Max suppression time updated to: 144
Received update: /ndn/si-site/si/svs_core/si=1, 1741647206690
Max suppression time updated to: 144
Max suppression time updated to: 144
Max suppression time updated to: 150
Received update: /ndn/by-site/by/svs_core/by=1, 1741647208839
Sending Sync interest
Max suppression time updated to: 150
Published sequence number: /ndn/at-site/at/svs_core/at=1, 1741647209081
Sending Sync interest
Max suppression time updated to: 150
Received update: /ndn/am-site/am/svs_core/am=1, 1741647221749
Received update: /ndn/il-site/il/svs_core/il=2, 1741647221749
Max suppression time updated to: 150
Received update: /ndn/gr-site/gr/svs_core/gr=2, 1741647221825
Max suppression time updated to: 147
Received update: /ndn/uk-site/uk/svs_core/uk=1, 1741647221853
Sending Sync interest
Max suppression time updated to: 147
Received update: /ndn/ch-site/ch/svs_core/ch=1, 1741647223806
Received update: /ndn/lu-site/lu/svs_core/lu=2, 1741647223806
Received update: /ndn/de1-site/de1/svs_core/de1=2, 1741647223806
Sending Sync interest
Max suppression time updated to: 147
Received update: /ndn/hu-site/hu/svs_core/hu=2, 1741647370136
Max suppression time updated to: 144
Received update: /ndn/bg-site/bg/svs_core/bg=2, 1741647370334
Max suppression time updated to: 144
Sending Sync interest
Max suppression time updated to: 144
Max suppression time updated to: 144
Max suppression time updated to: 141
Max suppression time updated to: 141
Received update: /ndn/fr1-site/fr1/svs_core/fr1=2, 1741647374153
Received update: /ndn/fr2-site/fr2/svs_core/fr2=1, 1741647374153
Max suppression time updated to: 141
Received update: /ndn/be-site/be/svs_core/be=2, 1741647374295
Received update: /ndn/dk-site/dk/svs_core/dk=2, 1741647374295
Max suppression time updated to: 141
Max suppression time updated to: 138
Received update: /ndn/ge-site/ge/svs_core/ge=2, 1741647374382
Received update: /ndn/pl-site/pl/svs_core/pl=2, 1741647374382
Received update: /ndn/de2-site/de2/svs_core/de2=2, 1741647374382
Max suppression time updated to: 138
Received update: /ndn/cy-site/cy/svs_core/cy=2, 1741647374486
Received update: /ndn/tr-site/tr/svs_core/tr=2, 1741647374486
Max suppression time updated to: 144
Max suppression time updated to: 150
Max suppression time updated to: 150
Received update: /ndn/az-site/az/svs_core/az=2, 1741647376617
Max suppression time updated to: 150
Max suppression time updated to: 150
Received update: /ndn/al-site/al/svs_core/al=2, 1741647377039
Received update: /ndn/it-site/it/svs_core/it=2, 1741647377039
Max suppression time updated to: 150
Max suppression time updated to: 150
Received update: /ndn/by-site/by/svs_core/by=2, 1741647377065
Max suppression time updated to: 150
Max suppression time updated to: 150
Max suppression time updated to: 147
Received update: /ndn/mk-site/mk/svs_core/mk=2, 1741647377330
Max suppression time updated to: 147
Received update: /ndn/cz-site/cz/svs_core/cz=2, 1741647384440
Received update: /ndn/sk-site/sk/svs_core/sk=2, 1741647384440
Sending Sync interest
Max suppression time updated to: 147
Received update: /ndn/ee-site/ee/svs_core/ee=1, 1741647389387
Received update: /ndn/lv-site/lv/svs_core/lv=1, 1741647389387
Received update: /ndn/lv-site/lv/svs_core/lv=2, 1741647389387
Received update: /ndn/nl-site/nl/svs_core/nl=2, 1741647389387
Sending Sync interest
Published sequence number: /ndn/at-site/at/svs_core/at=2, 1741647390657
Sending Sync interest
Max suppression time updated to: 147
Received update: /ndn/fr2-site/fr2/svs_core/fr2=2, 1741647393870
Sending Sync interest
Max suppression time updated to: 147
Max suppression time updated to: 147
Received update: /ndn/mt-site/mt/svs_core/mt=2, 1741647394079
Max suppression time updated to: 147
Sending Sync interest
Max suppression time updated to: 147
Received update: /ndn/hr-site/hr/svs_core/hr=2, 1741647394456
Max suppression time updated to: 147
Received update: /ndn/is-site/is/svs_core/is=2, 1741647396163
Received update: /ndn/rs-site/rs/svs_core/rs=2, 1741647396163
Sending Sync interest
Max suppression time updated to: 147
Received update: /ndn/lt-site/lt/svs_core/lt=2, 1741647396544
Max suppression time updated to: 147
Received update: /ndn/ch-site/ch/svs_core/ch=2, 1741647403266
Received update: /ndn/il-site/il/svs_core/il=3, 1741647403266
Max suppression time updated to: 147
Received update: /ndn/az-site/az/svs_core/az=3, 1741647411946
Received update: /ndn/cy-site/cy/svs_core/cy=3, 1741647411946
Max suppression time updated to: 144
Received update: /ndn/ua-site/ua/svs_core/ua=2, 1741647412105
Max suppression time updated to: 144
Received update: /ndn/ee-site/ee/svs_core/ee=2, 1741647412138
Received update: /ndn/no-site/no/svs_core/no=1, 1741647412138
Received update: /ndn/se-site/se/svs_core/se=1, 1741647412138
Received update: /ndn/uk-site/uk/svs_core/uk=2, 1741647412138
Max suppression time updated to: 144
Received update: /ndn/mk-site/mk/svs_core/mk=3, 1741647412181
Max suppression time updated to: 144
Received update: /ndn/si-site/si/svs_core/si=2, 1741647412315
Max suppression time updated to: 144
Received update: /ndn/am-site/am/svs_core/am=2, 1741647412338
Sending Sync interest
Max suppression time updated to: 141
Max suppression time updated to: 141
Sending Sync interest
Max suppression time updated to: 141
Received update: /ndn/es-site/es/svs_core/es=2, 1741647412726
Received update: /ndn/ge-site/ge/svs_core/ge=3, 1741647412726
Received update: /ndn/de1-site/de1/svs_core/de1=3, 1741647412726
Received update: /ndn/fr1-site/fr1/svs_core/fr1=3, 1741647412726
Sending Sync interest
Max suppression time updated to: 141
Max suppression time updated to: 141
Received update: /ndn/ro-site/ro/svs_core/ro=2, 1741647413448
Max suppression time updated to: 141
Received update: /ndn/bg-site/bg/svs_core/bg=3, 1741647413626
Max suppression time updated to: 138
Received update: /ndn/hu-site/hu/svs_core/hu=3, 1741647415333
Max suppression time updated to: 138
Received update: /ndn/es-site/es/svs_core/es=3, 1741647427034
Sending Sync interest
Max suppression time updated to: 138
Received update: /ndn/it-site/it/svs_core/it=3, 1741647427195
Max suppression time updated to: 138
Received update: /ndn/hr-site/hr/svs_core/hr=3, 1741647427268
Max suppression time updated to: 138
Received update: /ndn/lu-site/lu/svs_core/lu=3, 1741647427344
Received update: /ndn/de2-site/de2/svs_core/de2=3, 1741647427344
Max suppression time updated to: 141
Received update: /ndn/ua-site/ua/svs_core/ua=3, 1741647429388
Max suppression time updated to: 138
Received update: /ndn/be-site/be/svs_core/be=3, 1741647429516
Received update: /ndn/nl-site/nl/svs_core/nl=3, 1741647429516
Sending Sync interest
Max suppression time updated to: 138
Received update: /ndn/ro-site/ro/svs_core/ro=3, 1741647429724
Max suppression time updated to: 135
Received update: /ndn/cz-site/cz/svs_core/cz=3, 1741647429742
Received update: /ndn/pl-site/pl/svs_core/pl=3, 1741647429742
Received update: /ndn/tr-site/tr/svs_core/tr=3, 1741647429742
Max suppression time updated to: 135
Received update: /ndn/md-site/md/svs_core/md=2, 1741647429779
Received update: /ndn/md-site/md/svs_core/md=3, 1741647429779
Received update: /ndn/sk-site/sk/svs_core/sk=3, 1741647429779
Max suppression time updated to: 135
Max suppression time updated to: 132
Received update: /ndn/dk-site/dk/svs_core/dk=3, 1741647433549
Received update: /ndn/fi-site/fi/svs_core/fi=1, 1741647433549
Received update: /ndn/is-site/is/svs_core/is=3, 1741647433549
Received update: /ndn/se-site/se/svs_core/se=2, 1741647433549
Sending Sync interest
Max suppression time updated to: 132
Published sequence number: /ndn/at-site/at/svs_core/at=3, 1741647435661
Sending Sync interest
Max suppression time updated to: 138
Max suppression time updated to: 132
Received update: /ndn/pt-site/pt/svs_core/pt=2, 1741647435832
Received update: /ndn/pt-site/pt/svs_core/pt=3, 1741647435832
Received update: /ndn/rs-site/rs/svs_core/rs=3, 1741647435832
Max suppression time updated to: 132
Received update: /ndn/lt-site/lt/svs_core/lt=3, 1741647435856
Max suppression time updated to: 132
Max suppression time updated to: 132
Received update: /ndn/mk-site/mk/svs_core/mk=4, 1741647451826
Max suppression time updated to: 132
Received update: /ndn/ge-site/ge/svs_core/ge=4, 1741647456658
Received update: /ndn/lu-site/lu/svs_core/lu=4, 1741647456658
Received update: /ndn/rs-site/rs/svs_core/rs=4, 1741647456658
Received update: /ndn/uk-site/uk/svs_core/uk=3, 1741647456658
Max suppression time updated to: 132
Received update: /ndn/bg-site/bg/svs_core/bg=4, 1741647456873
Max suppression time updated to: 135
Sending Sync interest
Max suppression time updated to: 135
Received update: /ndn/gr-site/gr/svs_core/gr=3, 1741647457998
Received update: /ndn/mt-site/mt/svs_core/mt=3, 1741647457998
Max suppression time updated to: 138
Received update: /ndn/si-site/si/svs_core/si=3, 1741647458752
Max suppression time updated to: 138
Received update: /ndn/de2-site/de2/svs_core/de2=4, 1741647459483
Sending Sync interest
Max suppression time updated to: 138
Max suppression time updated to: 138
Received update: /ndn/cy-site/cy/svs_core/cy=4, 1741647460129
Received update: /ndn/de1-site/de1/svs_core/de1=4, 1741647460129
Sending Sync interest
Max suppression time updated to: 138
Max suppression time updated to: 135
Received update: /ndn/ch-site/ch/svs_core/ch=3, 1741647460329
Received update: /ndn/fr2-site/fr2/svs_core/fr2=3, 1741647460329
Max suppression time updated to: 135
Max suppression time updated to: 132
Received update: /ndn/gr-site/gr/svs_core/gr=4, 1741647460430
Max suppression time updated to: 132
Received update: /ndn/hu-site/hu/svs_core/hu=4, 1741647460876
Max suppression time updated to: 132
Received update: /ndn/az-site/az/svs_core/az=4, 1741647460995
Received update: /ndn/il-site/il/svs_core/il=4, 1741647460995
Max suppression time updated to: 132
Max suppression time updated to: 132
Max suppression time updated to: 132
Received update: /ndn/mt-site/mt/svs_core/mt=4, 1741647461223
Sending Sync interest
Max suppression time updated to: 132
Received update: /ndn/al-site/al/svs_core/al=3, 1741647461461
Sending Sync interest
Max suppression time updated to: 132
Received update: /ndn/be-site/be/svs_core/be=4, 1741647461614
Max suppression time updated to: 132
Received update: /ndn/pl-site/pl/svs_core/pl=4, 1741647461641
Max suppression time updated to: 132
Max suppression time updated to: 132
Sending Sync interest
Max suppression time updated to: 132
Sending Sync interest
Max suppression time updated to: 132
Received update: /ndn/al-site/al/svs_core/al=4, 1741647466500
Received update: /ndn/it-site/it/svs_core/it=4, 1741647466500
Sending Sync interest
Max suppression time updated to: 132
Received update: /ndn/fr1-site/fr1/svs_core/fr1=4, 1741647466868
Max suppression time updated to: 132
Received update: /ndn/tr-site/tr/svs_core/tr=4, 1741647467766
Max suppression time updated to: 132
Max suppression time updated to: 129
Received update: /ndn/me-site/me/svs_core/me=1, 1741647467867
Received update: /ndn/me-site/me/svs_core/me=2, 1741647467867
Received update: /ndn/me-site/me/svs_core/me=3, 1741647467867
Max suppression time updated to: 129
Received update: /ndn/cz-site/cz/svs_core/cz=4, 1741647467879
Max suppression time updated to: 126
Sending Sync interest
Max suppression time updated to: 126
Max suppression time updated to: 126
Received update: /ndn/am-site/am/svs_core/am=3, 1741647468324
Max suppression time updated to: 126
Received update: /ndn/hr-site/hr/svs_core/hr=4, 1741647472276
Max suppression time updated to: 126
Received update: /ndn/si-site/si/svs_core/si=4, 1741647477804
Sending Sync interest
Published sequence number: /ndn/at-site/at/svs_core/at=4, 1741647480664
Sending Sync interest
Max suppression time updated to: 126
Received update: /ndn/fr2-site/fr2/svs_core/fr2=4, 1741647483907
Sending Sync interest
Max suppression time updated to: 126
Received update: /ndn/am-site/am/svs_core/am=4, 1741647486186
Max suppression time updated to: 126
Received update: /ndn/sk-site/sk/svs_core/sk=4, 1741647486219
Max suppression time updated to: 126
Max suppression time updated to: 129
Max suppression time updated to: 129
Received update: /ndn/ch-site/ch/svs_core/ch=4, 1741647488324
Received update: /ndn/is-site/is/svs_core/is=4, 1741647488324
Received update: /ndn/nl-site/nl/svs_core/nl=4, 1741647488324
Received update: /ndn/uk-site/uk/svs_core/uk=4, 1741647488324
Max suppression time updated to: 129
Max suppression time updated to: 129
Received update: /ndn/ee-site/ee/svs_core/ee=3, 1741647488495
Received update: /ndn/lt-site/lt/svs_core/lt=4, 1741647488495
Received update: /ndn/lv-site/lv/svs_core/lv=3, 1741647488495
Received update: /ndn/lv-site/lv/svs_core/lv=4, 1741647488495
Max suppression time updated to: 129
Max suppression time updated to: 123
Received update: /ndn/gr-site/gr/svs_core/gr=5, 1741647492776
Received update: /ndn/lu-site/lu/svs_core/lu=5, 1741647492776
Max suppression time updated to: 126
Received update: /ndn/cy-site/cy/svs_core/cy=5, 1741647501937
Received update: /ndn/ge-site/ge/svs_core/ge=5, 1741647501937
Received update: /ndn/ro-site/ro/svs_core/ro=4, 1741647501937
Max suppression time updated to: 129
Max suppression time updated to: 129
Max suppression time updated to: 129
Received update: /ndn/bg-site/bg/svs_core/bg=5, 1741647503453
Received update: /ndn/mk-site/mk/svs_core/mk=5, 1741647503453
Max suppression time updated to: 129
Received update: /ndn/de2-site/de2/svs_core/de2=5, 1741647504653
Max suppression time updated to: 129
Max suppression time updated to: 132
Received update: /ndn/me-site/me/svs_core/me=4, 1741647505364
Received update: /ndn/rs-site/rs/svs_core/rs=5, 1741647505364
Max suppression time updated to: 132
Received update: /ndn/hu-site/hu/svs_core/hu=5, 1741647505400
Max suppression time updated to: 132
Max suppression time updated to: 132
Received update: /ndn/pl-site/pl/svs_core/pl=5, 1741647505659
Max suppression time updated to: 135
Received update: /ndn/es-site/es/svs_core/es=4, 1741647506999
Received update: /ndn/il-site/il/svs_core/il=5, 1741647506999
Received update: /ndn/fr1-site/fr1/svs_core/fr1=5, 1741647506999
Max suppression time updated to: 135
Max suppression time updated to: 135
Max suppression time updated to: 135
Received update: /ndn/tr-site/tr/svs_core/tr=5, 1741647507537
Max suppression time updated to: 135
Received update: /ndn/ua-site/ua/svs_core/ua=4, 1741647507577
Max suppression time updated to: 135
Received update: /ndn/lt-site/lt/svs_core/lt=5, 1741647516500
Received update: /ndn/nl-site/nl/svs_core/nl=5, 1741647516500
Max suppression time updated to: 132
Received update: /ndn/it-site/it/svs_core/it=5, 1741647516909
Received update: /ndn/mt-site/mt/svs_core/mt=5, 1741647516909
Max suppression time updated to: 129
Received update: /ndn/hr-site/hr/svs_core/hr=5, 1741647517270
Max suppression time updated to: 129
Max suppression time updated to: 129
Max suppression time updated to: 129
Received update: /ndn/si-site/si/svs_core/si=5, 1741647522812
Sending Sync interest
Max suppression time updated to: 129
Sending Sync interest
Max suppression time updated to: 129
Received update: /ndn/de1-site/de1/svs_core/de1=5, 1741647523162
Sending Sync interest
Max suppression time updated to: 129
Received update: /ndn/al-site/al/svs_core/al=5, 1741647524255
Received update: /ndn/be-site/be/svs_core/be=5, 1741647524255
Received update: /ndn/is-site/is/svs_core/is=5, 1741647524255
Max suppression time updated to: 132
Received update: /ndn/es-site/es/svs_core/es=5, 1741647524368
Max suppression time updated to: 132
Received update: /ndn/sk-site/sk/svs_core/sk=5, 1741647524567
Published sequence number: /ndn/at-site/at/svs_core/at=5, 1741647525669
Sending Sync interest
Max suppression time updated to: 129
Received update: /ndn/cz-site/cz/svs_core/cz=5, 1741647525913
Max suppression time updated to: 129
Received update: /ndn/il-site/il/svs_core/il=6, 1741647538163
Max suppression time updated to: 129
Received update: /ndn/ro-site/ro/svs_core/ro=5, 1741647538266
Max suppression time updated to: 129
Received update: /ndn/ch-site/ch/svs_core/ch=5, 1741647538477
Max suppression time updated to: 132
Received update: /ndn/ge-site/ge/svs_core/ge=6, 1741647541830
Received update: /ndn/ie-site/ie/svs_core/ie=2, 1741647541830
Received update: /ndn/ie-site/ie/svs_core/ie=3, 1741647541830
Received update: /ndn/ie-site/ie/svs_core/ie=4, 1741647541830
Received update: /ndn/ie-site/ie/svs_core/ie=5, 1741647541830
Received update: /ndn/ie-site/ie/svs_core/ie=6, 1741647541830
Received update: /ndn/md-site/md/svs_core/md=4, 1741647541830
Received update: /ndn/md-site/md/svs_core/md=5, 1741647541830
Received update: /ndn/me-site/me/svs_core/me=5, 1741647541830
Received update: /ndn/pt-site/pt/svs_core/pt=4, 1741647541830
Received update: /ndn/pt-site/pt/svs_core/pt=5, 1741647541830
Received update: /ndn/uk-site/uk/svs_core/uk=5, 1741647541830
Max suppression time updated to: 132
Received update: /ndn/mk-site/mk/svs_core/mk=6, 1741647541833
Max suppression time updated to: 132
Received update: /ndn/gr-site/gr/svs_core/gr=6, 1741647541889
Max suppression time updated to: 132
Received update: /ndn/lu-site/lu/svs_core/lu=6, 1741647542073
Sending Sync interest
Max suppression time updated to: 129
Sending Sync interest
Max suppression time updated to: 129
Received update: /ndn/by-site/by/svs_core/by=3, 1741647542608
Received update: /ndn/by-site/by/svs_core/by=4, 1741647542608
Received update: /ndn/by-site/by/svs_core/by=5, 1741647542608
Max suppression time updated to: 129
Received update: /ndn/bg-site/bg/svs_core/bg=6, 1741647545061
Max suppression time updated to: 129
Received update: /ndn/am-site/am/svs_core/am=5, 1741647545298
Max suppression time updated to: 129
Received update: /ndn/fr1-site/fr1/svs_core/fr1=6, 1741647545345
Max suppression time updated to: 129
Received update: /ndn/hu-site/hu/svs_core/hu=6, 1741647552738
Received update: /ndn/rs-site/rs/svs_core/rs=6, 1741647552738
Received update: /ndn/tr-site/tr/svs_core/tr=6, 1741647552738
Received update: /ndn/de2-site/de2/svs_core/de2=6, 1741647552738
Max suppression time updated to: 129
Received update: /ndn/fr2-site/fr2/svs_core/fr2=5, 1741647552968
Max suppression time updated to: 129
Received update: /ndn/ee-site/ee/svs_core/ee=4, 1741647553165
Received update: /ndn/lv-site/lv/svs_core/lv=5, 1741647553165
Received update: /ndn/pl-site/pl/svs_core/pl=6, 1741647553165
Max suppression time updated to: 129
Received update: /ndn/it-site/it/svs_core/it=6, 1741647554866
Sending Sync interest
Max suppression time updated to: 132
Received update: /ndn/by-site/by/svs_core/by=6, 1741647555383
Max suppression time updated to: 132
Sending Sync interest
Max suppression time updated to: 132
Sending Sync interest
Max suppression time updated to: 132
Received update: /ndn/cy-site/cy/svs_core/cy=6, 1741647555727
Sending Sync interest
Max suppression time updated to: 132
Max suppression time updated to: 132
Received update: /ndn/ua-site/ua/svs_core/ua=5, 1741647556070
Max suppression time updated to: 132
Received update: /ndn/cz-site/cz/svs_core/cz=6, 1741647559840
Received update: /ndn/nl-site/nl/svs_core/nl=6, 1741647559840
Sending Sync interest
Max suppression time updated to: 132
Max suppression time updated to: 132
Received update: /ndn/az-site/az/svs_core/az=5, 1741647561334
Received update: /ndn/az-site/az/svs_core/az=6, 1741647561334
Received update: /ndn/lt-site/lt/svs_core/lt=6, 1741647561334
Max suppression time updated to: 129
Received update: /ndn/hr-site/hr/svs_core/hr=6, 1741647562263
Sending Sync interest
Max suppression time updated to: 129
Received update: /ndn/si-site/si/svs_core/si=6, 1741647567816
Sending Sync interest
Max suppression time updated to: 132
Sending Sync interest
Max suppression time updated to: 132
Max suppression time updated to: 129
Received update: /ndn/ro-site/ro/svs_core/ro=6, 1741647568171
Published sequence number: /ndn/at-site/at/svs_core/at=6, 1741647570673
Sending Sync interest
Max suppression time updated to: 132
Received update: /ndn/lv-site/lv/svs_core/lv=6, 1741647570881
Received update: /ndn/de1-site/de1/svs_core/de1=6, 1741647570881
Max suppression time updated to: 132
Received update: /ndn/ch-site/ch/svs_core/ch=6, 1741647575801
Received update: /ndn/es-site/es/svs_core/es=6, 1741647575801
Received update: /ndn/fr2-site/fr2/svs_core/fr2=6, 1741647575801
Max suppression time updated to: 132
Received update: /ndn/me-site/me/svs_core/me=6, 1741647577268
Received update: /ndn/sk-site/sk/svs_core/sk=6, 1741647577268
Max suppression time updated to: 129
Received update: /ndn/ge-site/ge/svs_core/ge=7, 1741647581263
Max suppression time updated to: 129
Received update: /ndn/lu-site/lu/svs_core/lu=7, 1741647581498
Max suppression time updated to: 129
Received update: /ndn/il-site/il/svs_core/il=7, 1741647583259
Received update: /ndn/pt-site/pt/svs_core/pt=6, 1741647583259
Max suppression time updated to: 129
Received update: /ndn/cy-site/cy/svs_core/cy=7, 1741647591781
Received update: /ndn/uk-site/uk/svs_core/uk=6, 1741647591781
Max suppression time updated to: 129
Received update: /ndn/de2-site/de2/svs_core/de2=7, 1741647594507
Max suppression time updated to: 129
Received update: /ndn/ee-site/ee/svs_core/ee=5, 1741647595681
Received update: /ndn/ee-site/ee/svs_core/ee=6, 1741647595681
Received update: /ndn/pl-site/pl/svs_core/pl=7, 1741647595681
Max suppression time updated to: 129
Received update: /ndn/hu-site/hu/svs_core/hu=7, 1741647595815
Max suppression time updated to: 129
Received update: /ndn/gr-site/gr/svs_core/gr=7, 1741647595863
Max suppression time updated to: 129
Received update: /ndn/mt-site/mt/svs_core/mt=6, 1741647596094
Received update: /ndn/mt-site/mt/svs_core/mt=7, 1741647596094
Sending Sync interest
Max suppression time updated to: 129
Received update: /ndn/cz-site/cz/svs_core/cz=7, 1741647602193
Sending Sync interest
Max suppression time updated to: 129
Received update: /ndn/it-site/it/svs_core/it=7, 1741647602488
Received update: /ndn/md-site/md/svs_core/md=6, 1741647602488
Received update: /ndn/mk-site/mk/svs_core/mk=7, 1741647602488
Max suppression time updated to: 129
Max suppression time updated to: 129
Received update: /ndn/tr-site/tr/svs_core/tr=7, 1741647602575
Sending Sync interest
Max suppression time updated to: 129
Max suppression time updated to: 129
Max suppression time updated to: 129
Received update: /ndn/rs-site/rs/svs_core/rs=7, 1741647604784
Max suppression time updated to: 129
Received update: /ndn/bg-site/bg/svs_core/bg=7, 1741647604963
Max suppression time updated to: 129
Received update: /ndn/hr-site/hr/svs_core/hr=7, 1741647607273
Received update: /ndn/ro-site/ro/svs_core/ro=7, 1741647607273
Published sequence number: /ndn/at-site/at/svs_core/at=7, 1741647615680
Sending Sync interest
Max suppression time updated to: 129
Received update: /ndn/ch-site/ch/svs_core/ch=7, 1741647620996
Received update: /ndn/fr2-site/fr2/svs_core/fr2=7, 1741647620996
Max suppression time updated to: 129
Received update: /ndn/sk-site/sk/svs_core/sk=7, 1741647621180
Max suppression time updated to: 129
Received update: /ndn/me-site/me/svs_core/me=7, 1741647622145
Max suppression time updated to: 132
Received update: /ndn/be-site/be/svs_core/be=6, 1741647624343
Received update: /ndn/be-site/be/svs_core/be=7, 1741647624343
Received update: /ndn/dk-site/dk/svs_core/dk=4, 1741647624343
Received update: /ndn/dk-site/dk/svs_core/dk=5, 1741647624343
Received update: /ndn/dk-site/dk/svs_core/dk=6, 1741647624343
Received update: /ndn/fi-site/fi/svs_core/fi=2, 1741647624343
Received update: /ndn/fi-site/fi/svs_core/fi=3, 1741647624343
Received update: /ndn/fi-site/fi/svs_core/fi=4, 1741647624343
Received update: /ndn/fi-site/fi/svs_core/fi=5, 1741647624343
Received update: /ndn/fi-site/fi/svs_core/fi=6, 1741647624343
Received update: /ndn/ie-site/ie/svs_core/ie=7, 1741647624343
Received update: /ndn/is-site/is/svs_core/is=6, 1741647624343
Received update: /ndn/no-site/no/svs_core/no=2, 1741647624343
Received update: /ndn/no-site/no/svs_core/no=3, 1741647624343
Received update: /ndn/no-site/no/svs_core/no=4, 1741647624343
Received update: /ndn/no-site/no/svs_core/no=5, 1741647624343
Received update: /ndn/se-site/se/svs_core/se=3, 1741647624343
Received update: /ndn/se-site/se/svs_core/se=4, 1741647624343
Received update: /ndn/se-site/se/svs_core/se=5, 1741647624343
Received update: /ndn/uk-site/uk/svs_core/uk=7, 1741647624343
Sending Sync interest
Max suppression time updated to: 129
Sending Sync interest
Max suppression time updated to: 129
Received update: /ndn/gr-site/gr/svs_core/gr=8, 1741647627800
Max suppression time updated to: 129
Received update: /ndn/al-site/al/svs_core/al=6, 1741647628001
Received update: /ndn/al-site/al/svs_core/al=7, 1741647628001
Max suppression time updated to: 129
Received update: /ndn/ua-site/ua/svs_core/ua=6, 1741647628197
Received update: /ndn/ua-site/ua/svs_core/ua=7, 1741647628197
Max suppression time updated to: 129
Received update: /ndn/dk-site/dk/svs_core/dk=7, 1741647629061
Received update: /ndn/il-site/il/svs_core/il=8, 1741647629061
Received update: /ndn/is-site/is/svs_core/is=7, 1741647629061
Received update: /ndn/nl-site/nl/svs_core/nl=7, 1741647629061
Received update: /ndn/no-site/no/svs_core/no=6, 1741647629061
Received update: /ndn/pt-site/pt/svs_core/pt=7, 1741647629061
Received update: /ndn/se-site/se/svs_core/se=6, 1741647629061
Sending Sync interest
Max suppression time updated to: 129
Received update: /ndn/md-site/md/svs_core/md=7, 1741647634061
Max suppression time updated to: 129
Sending Sync interest
Max suppression time updated to: 129
Received update: /ndn/si-site/si/svs_core/si=7, 1741647634239
Sending Sync interest
Max suppression time updated to: 129
Received update: /ndn/mk-site/mk/svs_core/mk=8, 1741647634414
Max suppression time updated to: 129
Max suppression time updated to: 129
Received update: /ndn/ge-site/ge/svs_core/ge=8, 1741647634483
Max suppression time updated to: 129
Received update: /ndn/lu-site/lu/svs_core/lu=8, 1741647634494
Received update: /ndn/fr1-site/fr1/svs_core/fr1=7, 1741647634494
Received update: /ndn/fr1-site/fr1/svs_core/fr1=8, 1741647634494
Max suppression time updated to: 129
Sending Sync interest
Max suppression time updated to: 129
Received update: /ndn/cy-site/cy/svs_core/cy=8, 1741647639502
Received update: /ndn/de2-site/de2/svs_core/de2=8, 1741647639502
Sending Sync interest
Max suppression time updated to: 126
Received update: /ndn/ee-site/ee/svs_core/ee=7, 1741647640394
Received update: /ndn/hu-site/hu/svs_core/hu=8, 1741647640394
Received update: /ndn/de1-site/de1/svs_core/de1=7, 1741647640394
Received update: /ndn/de1-site/de1/svs_core/de1=8, 1741647640394
Max suppression time updated to: 129
Received update: /ndn/lt-site/lt/svs_core/lt=7, 1741647640567
Received update: /ndn/lv-site/lv/svs_core/lv=7, 1741647640567
Max suppression time updated to: 126
Received update: /ndn/bg-site/bg/svs_core/bg=8, 1741647640578
Max suppression time updated to: 126
Received update: /ndn/pl-site/pl/svs_core/pl=8, 1741647640674
Max suppression time updated to: 126
Received update: /ndn/rs-site/rs/svs_core/rs=8, 1741647642772
Received update: /ndn/tr-site/tr/svs_core/tr=8, 1741647642772
Sending Sync interest
Max suppression time updated to: 126
Max suppression time updated to: 126
Received update: /ndn/by-site/by/svs_core/by=7, 1741647645483
Received update: /ndn/by-site/by/svs_core/by=8, 1741647645483
Max suppression time updated to: 126
Max suppression time updated to: 126
Received update: /ndn/al-site/al/svs_core/al=8, 1741647646466
Received update: /ndn/it-site/it/svs_core/it=8, 1741647646466
Sending Sync interest
Max suppression time updated to: 126
Max suppression time updated to: 126
Received update: /ndn/cz-site/cz/svs_core/cz=8, 1741647647234
Sending Sync interest
Max suppression time updated to: 126
Received update: /ndn/md-site/md/svs_core/md=8, 1741647650667
Max suppression time updated to: 126
Received update: /ndn/ua-site/ua/svs_core/ua=8, 1741647654415
Sending Sync interest
Max suppression time updated to: 129
Received update: /ndn/es-site/es/svs_core/es=7, 1741647654670
Sending Sync interest
Max suppression time updated to: 129
Received update: /ndn/hr-site/hr/svs_core/hr=8, 1741647658168
Received update: /ndn/is-site/is/svs_core/is=8, 1741647658168
Received update: /ndn/pt-site/pt/svs_core/pt=8, 1741647658168
Max suppression time updated to: 129
Received update: /ndn/sk-site/sk/svs_core/sk=8, 1741647658195
Sending Sync interest
Published sequence number: /ndn/at-site/at/svs_core/at=8, 1741647660682
Sending Sync interest
Max suppression time updated to: 129
Received update: /ndn/lt-site/lt/svs_core/lt=8, 1741647660888
Max suppression time updated to: 129
Received update: /ndn/be-site/be/svs_core/be=8, 1741647671294
Received update: /ndn/dk-site/dk/svs_core/dk=8, 1741647671294
Received update: /ndn/fi-site/fi/svs_core/fi=7, 1741647671294
Received update: /ndn/fi-site/fi/svs_core/fi=8, 1741647671294
Received update: /ndn/ge-site/ge/svs_core/ge=9, 1741647671294
Received update: /ndn/lu-site/lu/svs_core/lu=9, 1741647671294
Received update: /ndn/nl-site/nl/svs_core/nl=8, 1741647671294
Received update: /ndn/no-site/no/svs_core/no=7, 1741647671294
Received update: /ndn/no-site/no/svs_core/no=8, 1741647671294
Received update: /ndn/se-site/se/svs_core/se=7, 1741647671294
Received update: /ndn/se-site/se/svs_core/se=8, 1741647671294
Received update: /ndn/uk-site/uk/svs_core/uk=8, 1741647671294
Max suppression time updated to: 129
Received update: /ndn/az-site/az/svs_core/az=7, 1741647677572
Received update: /ndn/az-site/az/svs_core/az=8, 1741647677572
Received update: /ndn/az-site/az/svs_core/az=9, 1741647677572
Received update: /ndn/il-site/il/svs_core/il=9, 1741647677572
Max suppression time updated to: 129
Received update: /ndn/de2-site/de2/svs_core/de2=9, 1741647684502
Max suppression time updated to: 129
Received update: /ndn/mk-site/mk/svs_core/mk=9, 1741647684687
Max suppression time updated to: 126
Received update: /ndn/ch-site/ch/svs_core/ch=8, 1741647684720
Received update: /ndn/fr2-site/fr2/svs_core/fr2=8, 1741647684720
Max suppression time updated to: 126
Received update: /ndn/gr-site/gr/svs_core/gr=9, 1741647684893
Received update: /ndn/ie-site/ie/svs_core/ie=8, 1741647684893
Received update: /ndn/fr1-site/fr1/svs_core/fr1=9, 1741647684893
Max suppression time updated to: 129
Received update: /ndn/ie-site/ie/svs_core/ie=9, 1741647684989
Sending Sync interest
Max suppression time updated to: 129
Received update: /ndn/hu-site/hu/svs_core/hu=9, 1741647685345
Received update: /ndn/ro-site/ro/svs_core/ro=8, 1741647685345
Max suppression time updated to: 129
Received update: /ndn/bg-site/bg/svs_core/bg=9, 1741647685442
Sending Sync interest
Max suppression time updated to: 129
Received update: /ndn/am-site/am/svs_core/am=6, 1741647685578
Received update: /ndn/am-site/am/svs_core/am=7, 1741647685578
Received update: /ndn/am-site/am/svs_core/am=8, 1741647685578
Max suppression time updated to: 129
Max suppression time updated to: 129
Received update: /ndn/cy-site/cy/svs_core/cy=9, 1741647687451
Received update: /ndn/tr-site/tr/svs_core/tr=9, 1741647687451
Max suppression time updated to: 129
Max suppression time updated to: 129
Max suppression time updated to: 126
Received update: /ndn/ee-site/ee/svs_core/ee=8, 1741647688204
Received update: /ndn/lv-site/lv/svs_core/lv=8, 1741647688204
Received update: /ndn/pl-site/pl/svs_core/pl=9, 1741647688204
Received update: /ndn/de1-site/de1/svs_core/de1=9, 1741647688204
Max suppression time updated to: 129
Sending Sync interest
Max suppression time updated to: 129
Received update: /ndn/cz-site/cz/svs_core/cz=9, 1741647692201
Max suppression time updated to: 132
Received update: /ndn/nl-site/nl/svs_core/nl=9, 1741647694659
Sending Sync interest
Max suppression time updated to: 132
Received update: /ndn/it-site/it/svs_core/it=9, 1741647694970
Max suppression time updated to: 132
Received update: /ndn/ro-site/ro/svs_core/ro=9, 1741647696168
Sending Sync interest
Max suppression time updated to: 132
Max suppression time updated to: 132
Received update: /ndn/rs-site/rs/svs_core/rs=9, 1741647697089
Max suppression time updated to: 129
Received update: /ndn/sk-site/sk/svs_core/sk=9, 1741647699266
Sending Sync interest
Max suppression time updated to: 129
Received update: /ndn/hr-site/hr/svs_core/hr=9, 1741647699607
Published sequence number: /ndn/at-site/at/svs_core/at=9, 1741647705685
Sending Sync interest
Max suppression time updated to: 129
Received update: /ndn/es-site/es/svs_core/es=8, 1741647709059
Received update: /ndn/fr2-site/fr2/svs_core/fr2=9, 1741647709059
Sending Sync interest
Max suppression time updated to: 132
Received update: /ndn/be-site/be/svs_core/be=9, 1741647713572
Received update: /ndn/uk-site/uk/svs_core/uk=9, 1741647713572
Max suppression time updated to: 132
Received update: /ndn/am-site/am/svs_core/am=9, 1741647713649
Sending Sync interest
Max suppression time updated to: 126
Received update: /ndn/si-site/si/svs_core/si=8, 1741647713751
Received update: /ndn/si-site/si/svs_core/si=9, 1741647713751
Max suppression time updated to: 126
Max suppression time updated to: 129
Sending Sync interest
Max suppression time updated to: 135
Received update: /ndn/ua-site/ua/svs_core/ua=9, 1741647716028
Max suppression time updated to: 135
Max suppression time updated to: 135
Received update: /ndn/lu-site/lu/svs_core/lu=10, 1741647716127
Max suppression time updated to: 135
Received update: /ndn/ch-site/ch/svs_core/ch=9, 1741647716169
Received update: /ndn/es-site/es/svs_core/es=9, 1741647716169
Max suppression time updated to: 132
Max suppression time updated to: 132
Received update: /ndn/al-site/al/svs_core/al=9, 1741647716269
Max suppression time updated to: 132
Received update: /ndn/lt-site/lt/svs_core/lt=9, 1741647716310
Sending Sync interest
Max suppression time updated to: 135
Received update: /ndn/ee-site/ee/svs_core/ee=9, 1741647717591
Received update: /ndn/lv-site/lv/svs_core/lv=9, 1741647717591
Sending Sync interest
Max suppression time updated to: 135
Received update: /ndn/dk-site/dk/svs_core/dk=9, 1741647720390
Received update: /ndn/is-site/is/svs_core/is=9, 1741647720390
Received update: /ndn/de1-site/de1/svs_core/de1=10, 1741647720390
Sending Sync interest
Max suppression time updated to: 135
Max suppression time updated to: 135
Max suppression time updated to: 135
Received update: /ndn/gr-site/gr/svs_core/gr=10, 1741647720711
Max suppression time updated to: 135
Received update: /ndn/mk-site/mk/svs_core/mk=10, 1741647721855
Max suppression time updated to: 138
Received update: /ndn/ge-site/ge/svs_core/ge=10, 1741647722458
Received update: /ndn/ie-site/ie/svs_core/ie=10, 1741647722458
Received update: /ndn/il-site/il/svs_core/il=10, 1741647722458
Received update: /ndn/fr1-site/fr1/svs_core/fr1=10, 1741647722458
Sending Sync interest
Max suppression time updated to: 138
Max suppression time updated to: 138
Received update: /ndn/mt-site/mt/svs_core/mt=8, 1741647722906
Received update: /ndn/mt-site/mt/svs_core/mt=9, 1741647722906
Max suppression time updated to: 138
Received update: /ndn/cy-site/cy/svs_core/cy=10, 1741647726898
Max suppression time updated to: 138
Received update: /ndn/az-site/az/svs_core/az=10, 1741647730815
Received update: /ndn/pl-site/pl/svs_core/pl=10, 1741647730815
Received update: /ndn/de2-site/de2/svs_core/de2=10, 1741647730815
Max suppression time updated to: 138
Received update: /ndn/it-site/it/svs_core/it=10, 1741647734870
Sending Sync interest
Max suppression time updated to: 132
Received update: /ndn/by-site/by/svs_core/by=9, 1741647735353
Received update: /ndn/by-site/by/svs_core/by=10, 1741647735353
Sending Sync interest
Max suppression time updated to: 135
Received update: /ndn/hu-site/hu/svs_core/hu=10, 1741647737163
Received update: /ndn/me-site/me/svs_core/me=8, 1741647737163
Received update: /ndn/me-site/me/svs_core/me=9, 1741647737163
Received update: /ndn/tr-site/tr/svs_core/tr=10, 1741647737163
Max suppression time updated to: 135
Received update: /ndn/bg-site/bg/svs_core/bg=10, 1741647745750
Received update: /ndn/cz-site/cz/svs_core/cz=10, 1741647745750
Received update: /ndn/nl-site/nl/svs_core/nl=10, 1741647745750
Received update: /ndn/rs-site/rs/svs_core/rs=10, 1741647745750
Received update: /ndn/sk-site/sk/svs_core/sk=10, 1741647745750
Max suppression time updated to: 135
Received update: /ndn/be-site/be/svs_core/be=10, 1741647747182
Received update: /ndn/pt-site/pt/svs_core/pt=9, 1741647747182
Received update: /ndn/pt-site/pt/svs_core/pt=10, 1741647747182
Max suppression time updated to: 135
Received update: /ndn/ua-site/ua/svs_core/ua=10, 1741647747384
Published sequence number: /ndn/at-site/at/svs_core/at=10, 1741647750692
Sending Sync interest
Max suppression time updated to: 135
Received update: /ndn/ge-site/ge/svs_core/ge=11, 1741647761387
Sending Sync interest
Max suppression time updated to: 135
Max suppression time updated to: 135
Received update: /ndn/ch-site/ch/svs_core/ch=10, 1741647761567
Received update: /ndn/es-site/es/svs_core/es=10, 1741647761567
Max suppression time updated to: 135
Max suppression time updated to: 135
Received update: /ndn/hr-site/hr/svs_core/hr=10, 1741647762554
Received update: /ndn/me-site/me/svs_core/me=10, 1741647762554
Received update: /ndn/ro-site/ro/svs_core/ro=10, 1741647762554
Sending Sync interest
Max suppression time updated to: 135
Received update: /ndn/uk-site/uk/svs_core/uk=10, 1741647763496
Sending Sync interest
Max suppression time updated to: 135
Received update: /ndn/fr2-site/fr2/svs_core/fr2=10, 1741647763673
Max suppression time updated to: 135
Received update: /ndn/am-site/am/svs_core/am=10, 1741647767631
Received update: /ndn/az-site/az/svs_core/az=11, 1741647767631
Sending Sync interest
Max suppression time updated to: 135
Received update: /ndn/cy-site/cy/svs_core/cy=11, 1741647771908
Received update: /ndn/il-site/il/svs_core/il=11, 1741647771908
Received update: /ndn/is-site/is/svs_core/is=10, 1741647771908
Received update: /ndn/lu-site/lu/svs_core/lu=11, 1741647771908
Received update: /ndn/fr1-site/fr1/svs_core/fr1=11, 1741647771908
Max suppression time updated to: 135
Received update: /ndn/al-site/al/svs_core/al=10, 1741647772154
Max suppression time updated to: 135
Received update: /ndn/de2-site/de2/svs_core/de2=11, 1741647774512
Max suppression time updated to: 135
Received update: /ndn/pl-site/pl/svs_core/pl=11, 1741647775690
Sending Sync interest
Max suppression time updated to: 135
Max suppression time updated to: 135
Received update: /ndn/si-site/si/svs_core/si=10, 1741647775901
Sending Sync interest
Max suppression time updated to: 138
Received update: /ndn/md-site/md/svs_core/md=9, 1741647777021
Received update: /ndn/md-site/md/svs_core/md=10, 1741647777021
Max suppression time updated to: 138
Received update: /ndn/it-site/it/svs_core/it=11, 1741647780051
Sending Sync interest
Max suppression time updated to: 138
Max suppression time updated to: 138
Received update: /ndn/bg-site/bg/svs_core/bg=11, 1741647780408
Received update: /ndn/mk-site/mk/svs_core/mk=11, 1741647780408
Max suppression time updated to: 138
Received update: /ndn/dk-site/dk/svs_core/dk=10, 1741647784726
Received update: /ndn/ee-site/ee/svs_core/ee=10, 1741647784726
Received update: /ndn/lv-site/lv/svs_core/lv=10, 1741647784726
Received update: /ndn/nl-site/nl/svs_core/nl=11, 1741647784726
Received update: /ndn/se-site/se/svs_core/se=9, 1741647784726
Received update: /ndn/de1-site/de1/svs_core/de1=11, 1741647784726
Sending Sync interest
Max suppression time updated to: 138
Received update: /ndn/gr-site/gr/svs_core/gr=11, 1741647784956
Max suppression time updated to: 138
Received update: /ndn/lt-site/lt/svs_core/lt=10, 1741647786446
Received update: /ndn/lt-site/lt/svs_core/lt=11, 1741647786446
Sending Sync interest
Max suppression time updated to: 135
Received update: /ndn/hr-site/hr/svs_core/hr=11, 1741647787491
Received update: /ndn/tr-site/tr/svs_core/tr=11, 1741647787491
Max suppression time updated to: 135
Max suppression time updated to: 135
Received update: /ndn/be-site/be/svs_core/be=11, 1741647788032
Received update: /ndn/mt-site/mt/svs_core/mt=10, 1741647788032
Received update: /ndn/mt-site/mt/svs_core/mt=11, 1741647788032
Max suppression time updated to: 135
Received update: /ndn/lv-site/lv/svs_core/lv=11, 1741647794069
Sending Sync interest
Max suppression time updated to: 135
Max suppression time updated to: 135
Received update: /ndn/al-site/al/svs_core/al=11, 1741647795495
Max suppression time updated to: 135
Received update: /ndn/cz-site/cz/svs_core/cz=11, 1741647795509
Published sequence number: /ndn/at-site/at/svs_core/at=11, 1741647795694
Sending Sync interest
Max suppression time updated to: 135
Received update: /ndn/fr2-site/fr2/svs_core/fr2=11, 1741647798920
Sending Sync interest
Max suppression time updated to: 135
Received update: /ndn/me-site/me/svs_core/me=11, 1741647802160
Sending Sync interest
Max suppression time updated to: 135
Received update: /ndn/by-site/by/svs_core/by=11, 1741647802535
Max suppression time updated to: 135
Received update: /ndn/hu-site/hu/svs_core/hu=11, 1741647805389
Received update: /ndn/ro-site/ro/svs_core/ro=11, 1741647805389
Received update: /ndn/sk-site/sk/svs_core/sk=11, 1741647805389
Sending Sync interest
Max suppression time updated to: 135
Received update: /ndn/ch-site/ch/svs_core/ch=11, 1741647805712
Max suppression time updated to: 135
Received update: /ndn/dk-site/dk/svs_core/dk=11, 1741647805749
Received update: /ndn/ee-site/ee/svs_core/ee=11, 1741647805749
Received update: /ndn/fi-site/fi/svs_core/fi=9, 1741647805749
Received update: /ndn/fi-site/fi/svs_core/fi=10, 1741647805749
Received update: /ndn/se-site/se/svs_core/se=10, 1741647805749
Received update: /ndn/se-site/se/svs_core/se=11, 1741647805749
Sending Sync interest
Max suppression time updated to: 129
Received update: /ndn/ie-site/ie/svs_core/ie=11, 1741647805916
Received update: /ndn/is-site/is/svs_core/is=11, 1741647805916
Received update: /ndn/uk-site/uk/svs_core/uk=11, 1741647805916
Max suppression time updated to: 129
Max suppression time updated to: 129
Received update: /ndn/gr-site/gr/svs_core/gr=12, 1741647807817
Max suppression time updated to: 129
Received update: /ndn/si-site/si/svs_core/si=11, 1741647807945
Sending Sync interest
Max suppression time updated to: 132
Received update: /ndn/de1-site/de1/svs_core/de1=12, 1741647810190
Sending Sync interest
Max suppression time updated to: 132
Max suppression time updated to: 132
Max suppression time updated to: 132
Sending Sync interest
Max suppression time updated to: 132
Received update: /ndn/am-site/am/svs_core/am=11, 1741647811785
Received update: /ndn/es-site/es/svs_core/es=11, 1741647811785
Received update: /ndn/ge-site/ge/svs_core/ge=12, 1741647811785
Received update: /ndn/lu-site/lu/svs_core/lu=12, 1741647811785
Max suppression time updated to: 132
Received update: /ndn/mk-site/mk/svs_core/mk=12, 1741647811868
Max suppression time updated to: 132
Received update: /ndn/pt-site/pt/svs_core/pt=11, 1741647811988
Max suppression time updated to: 132
Received update: /ndn/bg-site/bg/svs_core/bg=12, 1741647815089
Max suppression time updated to: 132
Received update: /ndn/de2-site/de2/svs_core/de2=12, 1741647819514
Sending Sync interest
Max suppression time updated to: 132
Received update: /ndn/rs-site/rs/svs_core/rs=11, 1741647819729
Max suppression time updated to: 132
Received update: /ndn/ua-site/ua/svs_core/ua=11, 1741647819918
Max suppression time updated to: 132
Received update: /ndn/hu-site/hu/svs_core/hu=12, 1741647820174
Received update: /ndn/rs-site/rs/svs_core/rs=12, 1741647820174
Sending Sync interest
Max suppression time updated to: 132
Received update: /ndn/pl-site/pl/svs_core/pl=12, 1741647820746
Max suppression time updated to: 132
Received update: /ndn/il-site/il/svs_core/il=12, 1741647838857
Max suppression time updated to: 132
Received update: /ndn/cy-site/cy/svs_core/cy=12, 1741647838978
Max suppression time updated to: 132
Received update: /ndn/lt-site/lt/svs_core/lt=12, 1741647839159
Max suppression time updated to: 135
Received update: /ndn/it-site/it/svs_core/it=12, 1741647839167
Max suppression time updated to: 132
Received update: /ndn/mt-site/mt/svs_core/mt=12, 1741647839220
Max suppression time updated to: 132
Max suppression time updated to: 132
Received update: /ndn/si-site/si/svs_core/si=12, 1741647839280
Sending Sync interest
Max suppression time updated to: 132
Received update: /ndn/fr1-site/fr1/svs_core/fr1=12, 1741647839548
Max suppression time updated to: 132
Received update: /ndn/ua-site/ua/svs_core/ua=12, 1741647839603
Max suppression time updated to: 132
Received update: /ndn/be-site/be/svs_core/be=12, 1741647839735
Received update: /ndn/nl-site/nl/svs_core/nl=12, 1741647839735
Sending Sync interest
Max suppression time updated to: 132
Received update: /ndn/az-site/az/svs_core/az=12, 1741647839974
Received update: /ndn/tr-site/tr/svs_core/tr=12, 1741647839974
Max suppression time updated to: 132
Received update: /ndn/sk-site/sk/svs_core/sk=12, 1741647840017
Max suppression time updated to: 132
Received update: /ndn/al-site/al/svs_core/al=12, 1741647840043
Published sequence number: /ndn/at-site/at/svs_core/at=12, 1741647840700
Sending Sync interest
Max suppression time updated to: 132
Received update: /ndn/cz-site/cz/svs_core/cz=12, 1741647840895
Max suppression time updated to: 132
Received update: /ndn/gr-site/gr/svs_core/gr=13, 1741647852815
Received update: /ndn/hr-site/hr/svs_core/hr=12, 1741647852815
Received update: /ndn/ro-site/ro/svs_core/ro=12, 1741647852815
Max suppression time updated to: 132
Received update: /ndn/ge-site/ge/svs_core/ge=13, 1741647853051
Max suppression time updated to: 132
Received update: /ndn/ch-site/ch/svs_core/ch=12, 1741647853226
Received update: /ndn/es-site/es/svs_core/es=12, 1741647853226
Received update: /ndn/is-site/is/svs_core/is=12, 1741647853226
Received update: /ndn/lu-site/lu/svs_core/lu=13, 1741647853226
Max suppression time updated to: 132
Received update: /ndn/lv-site/lv/svs_core/lv=12, 1741647853357
Received update: /ndn/uk-site/uk/svs_core/uk=12, 1741647853357
Max suppression time updated to: 132
Max suppression time updated to: 132
Received update: /ndn/ee-site/ee/svs_core/ee=12, 1741647854476
Received update: /ndn/il-site/il/svs_core/il=13, 1741647854476
Max suppression time updated to: 135
Max suppression time updated to: 135
Received update: /ndn/md-site/md/svs_core/md=11, 1741647854685
Received update: /ndn/md-site/md/svs_core/md=12, 1741647854685
Max suppression time updated to: 135
Max suppression time updated to: 135
Received update: /ndn/dk-site/dk/svs_core/dk=12, 1741647854814
Received update: /ndn/no-site/no/svs_core/no=9, 1741647854814
Received update: /ndn/no-site/no/svs_core/no=10, 1741647854814
Received update: /ndn/no-site/no/svs_core/no=11, 1741647854814
Received update: /ndn/se-site/se/svs_core/se=12, 1741647854814
Max suppression time updated to: 135
Max suppression time updated to: 135
Max suppression time updated to: 135
Max suppression time updated to: 135
Max suppression time updated to: 135
Received update: /ndn/ie-site/ie/svs_core/ie=12, 1741647855550
Received update: /ndn/fr2-site/fr2/svs_core/fr2=12, 1741647855550
Max suppression time updated to: 135
Received update: /ndn/me-site/me/svs_core/me=12, 1741647855595
Sending Sync interest
Max suppression time updated to: 135
Received update: /ndn/bg-site/bg/svs_core/bg=13, 1741647860278
Received update: /ndn/mk-site/mk/svs_core/mk=13, 1741647860278
Sending Sync interest
Max suppression time updated to: 135
Max suppression time updated to: 135
Received update: /ndn/pl-site/pl/svs_core/pl=13, 1741647865699
Sending Sync interest
Max suppression time updated to: 135
Received update: /ndn/be-site/be/svs_core/be=13, 1741647867017
Received update: /ndn/dk-site/dk/svs_core/dk=13, 1741647867017
Received update: /ndn/de1-site/de1/svs_core/de1=13, 1741647867017
Max suppression time updated to: 135
Received update: /ndn/ie-site/ie/svs_core/ie=13, 1741647867019
Sending Sync interest
Max suppression time updated to: 135
Received update: /ndn/cy-site/cy/svs_core/cy=13, 1741647867183
Received update: /ndn/de2-site/de2/svs_core/de2=13, 1741647867183
Max suppression time updated to: 135
Sending Sync interest
Max suppression time updated to: 135
Received update: /ndn/hu-site/hu/svs_core/hu=13, 1741647867471
Received update: /ndn/tr-site/tr/svs_core/tr=13, 1741647867471
Max suppression time updated to: 135
Received update: /ndn/it-site/it/svs_core/it=13, 1741647869874
Max suppression time updated to: 135
Received update: /ndn/am-site/am/svs_core/am=12, 1741647870081
Max suppression time updated to: 135
Received update: /ndn/by-site/by/svs_core/by=12, 1741647870504
Received update: /ndn/by-site/by/svs_core/by=13, 1741647870504
Max suppression time updated to: 135
Received update: /ndn/nl-site/nl/svs_core/nl=13, 1741647874557
Received update: /ndn/pt-site/pt/svs_core/pt=12, 1741647874557
Published sequence number: /ndn/at-site/at/svs_core/at=13, 1741647885704
Sending Sync interest
Max suppression time updated to: 135
Received update: /ndn/ch-site/ch/svs_core/ch=13, 1741647893896
Received update: /ndn/is-site/is/svs_core/is=13, 1741647893896
Received update: /ndn/uk-site/uk/svs_core/uk=13, 1741647893896
Received update: /ndn/fr1-site/fr1/svs_core/fr1=13, 1741647893896
Max suppression time updated to: 135
Received update: /ndn/al-site/al/svs_core/al=13, 1741647894212
Received update: /ndn/es-site/es/svs_core/es=13, 1741647894212
Received update: /ndn/fr2-site/fr2/svs_core/fr2=13, 1741647894212
Sending Sync interest
Max suppression time updated to: 135
Received update: /ndn/cz-site/cz/svs_core/cz=13, 1741647896039
Received update: /ndn/mt-site/mt/svs_core/mt=13, 1741647896039
Received update: /ndn/sk-site/sk/svs_core/sk=13, 1741647896039
Max suppression time updated to: 135
Received update: /ndn/lu-site/lu/svs_core/lu=14, 1741647896129
Max suppression time updated to: 135
Received update: /ndn/am-site/am/svs_core/am=13, 1741647896277
Received update: /ndn/az-site/az/svs_core/az=13, 1741647896277
Max suppression time updated to: 135
Max suppression time updated to: 132
Received update: /ndn/ua-site/ua/svs_core/ua=13, 1741647896409
Sending Sync interest
Max suppression time updated to: 132
Received update: /ndn/mk-site/mk/svs_core/mk=14, 1741647901882
Sending Sync interest
Max suppression time updated to: 132
Received update: /ndn/az-site/az/svs_core/az=14, 1741647902472
Sending Sync interest
Max suppression time updated to: 132
Max suppression time updated to: 132
Max suppression time updated to: 132
Received update: /ndn/hr-site/hr/svs_core/hr=13, 1741647902797
Received update: /ndn/ro-site/ro/svs_core/ro=13, 1741647902797
Max suppression time updated to: 132
Received update: /ndn/gr-site/gr/svs_core/gr=14, 1741647902865
Max suppression time updated to: 132
Max suppression time updated to: 132
Received update: /ndn/bg-site/bg/svs_core/bg=14, 1741647905104
Sending Sync interest
Max suppression time updated to: 132
Max suppression time updated to: 132
Received update: /ndn/ge-site/ge/svs_core/ge=14, 1741647905480
Max suppression time updated to: 132
Received update: /ndn/cy-site/cy/svs_core/cy=14, 1741647906965
Received update: /ndn/rs-site/rs/svs_core/rs=13, 1741647906965
Max suppression time updated to: 132
Received update: /ndn/hu-site/hu/svs_core/hu=14, 1741647910187
Max suppression time updated to: 132
Received update: /ndn/de2-site/de2/svs_core/de2=14, 1741647910305
Max suppression time updated to: 132
Received update: /ndn/si-site/si/svs_core/si=13, 1741647910375
Max suppression time updated to: 129
Received update: /ndn/il-site/il/svs_core/il=14, 1741647910481
Max suppression time updated to: 129
Received update: /ndn/lv-site/lv/svs_core/lv=13, 1741647910996
Received update: /ndn/pl-site/pl/svs_core/pl=14, 1741647910996
Published sequence number: /ndn/at-site/at/svs_core/at=14, 1741647930707
Sending Sync interest
Max suppression time updated to: 129
Received update: /ndn/si-site/si/svs_core/si=14, 1741647930900
Max suppression time updated to: 123
Received update: /ndn/hr-site/hr/svs_core/hr=14, 1741647931127
Max suppression time updated to: 123
Received update: /ndn/cz-site/cz/svs_core/cz=14, 1741647931500
Received update: /ndn/ro-site/ro/svs_core/ro=14, 1741647931500
Received update: /ndn/tr-site/tr/svs_core/tr=14, 1741647931500
Max suppression time updated to: 126
Max suppression time updated to: 126
Received update: /ndn/dk-site/dk/svs_core/dk=14, 1741647931544
Received update: /ndn/nl-site/nl/svs_core/nl=14, 1741647931544
Received update: /ndn/de1-site/de1/svs_core/de1=14, 1741647931544
Received update: /ndn/fr1-site/fr1/svs_core/fr1=14, 1741647931544
Max suppression time updated to: 126
Received update: /ndn/al-site/al/svs_core/al=14, 1741647932037
Received update: /ndn/it-site/it/svs_core/it=14, 1741647932037
Received update: /ndn/md-site/md/svs_core/md=13, 1741647932037
Received update: /ndn/md-site/md/svs_core/md=14, 1741647932037
Received update: /ndn/mt-site/mt/svs_core/mt=14, 1741647932037
Sending Sync interest
Max suppression time updated to: 126
Max suppression time updated to: 126
Received update: /ndn/ua-site/ua/svs_core/ua=14, 1741647932353
Max suppression time updated to: 123
Received update: /ndn/es-site/es/svs_core/es=14, 1741647932408
Received update: /ndn/sk-site/sk/svs_core/sk=14, 1741647932408
Max suppression time updated to: 126
Received update: /ndn/rs-site/rs/svs_core/rs=14, 1741647933217
Sending Sync interest
Max suppression time updated to: 126
Max suppression time updated to: 126
Max suppression time updated to: 126
Max suppression time updated to: 126
Max suppression time updated to: 126
Received update: /ndn/ch-site/ch/svs_core/ch=14, 1741647935838
Received update: /ndn/lt-site/lt/svs_core/lt=13, 1741647935838
Received update: /ndn/lt-site/lt/svs_core/lt=14, 1741647935838
Received update: /ndn/me-site/me/svs_core/me=13, 1741647935838
Received update: /ndn/fr2-site/fr2/svs_core/fr2=14, 1741647935838
Max suppression time updated to: 126
Received update: /ndn/mk-site/mk/svs_core/mk=15, 1741647946897
Sending Sync interest
Max suppression time updated to: 129
Received update: /ndn/be-site/be/svs_core/be=14, 1741647947267
Received update: /ndn/lv-site/lv/svs_core/lv=14, 1741647947267
Received update: /ndn/no-site/no/svs_core/no=12, 1741647947267
Received update: /ndn/no-site/no/svs_core/no=13, 1741647947267
Received update: /ndn/no-site/no/svs_core/no=14, 1741647947267
Received update: /ndn/uk-site/uk/svs_core/uk=14, 1741647947267
Received update: /ndn/de1-site/de1/svs_core/de1=15, 1741647947267
Sending Sync interest
Max suppression time updated to: 129
Received update: /ndn/lu-site/lu/svs_core/lu=15, 1741647954530
Received update: /ndn/de2-site/de2/svs_core/de2=15, 1741647954530
Sending Sync interest
Max suppression time updated to: 129
Received update: /ndn/am-site/am/svs_core/am=14, 1741647954722
Max suppression time updated to: 129
Received update: /ndn/be-site/be/svs_core/be=15, 1741647954742
Received update: /ndn/pt-site/pt/svs_core/pt=13, 1741647954742
Received update: /ndn/pt-site/pt/svs_core/pt=14, 1741647954742
Max suppression time updated to: 129
Received update: /ndn/bg-site/bg/svs_core/bg=15, 1741647954757
Max suppression time updated to: 129
Received update: /ndn/gr-site/gr/svs_core/gr=15, 1741647954858
Max suppression time updated to: 129
Max suppression time updated to: 129
Max suppression time updated to: 129
Received update: /ndn/dk-site/dk/svs_core/dk=15, 1741647955389
Received update: /ndn/ge-site/ge/svs_core/ge=15, 1741647955389
Received update: /ndn/hu-site/hu/svs_core/hu=15, 1741647955389
Received update: /ndn/is-site/is/svs_core/is=14, 1741647955389
Received update: /ndn/me-site/me/svs_core/me=14, 1741647955389
Received update: /ndn/rs-site/rs/svs_core/rs=15, 1741647955389
Max suppression time updated to: 129
Max suppression time updated to: 129
Received update: /ndn/pl-site/pl/svs_core/pl=15, 1741647957020
Max suppression time updated to: 129
Received update: /ndn/it-site/it/svs_core/it=15, 1741647960066
Sending Sync interest
Max suppression time updated to: 129
Received update: /ndn/az-site/az/svs_core/az=15, 1741647960352
Received update: /ndn/cy-site/cy/svs_core/cy=15, 1741647960352
Received update: /ndn/fr1-site/fr1/svs_core/fr1=15, 1741647960352
Max suppression time updated to: 129
Received update: /ndn/by-site/by/svs_core/by=14, 1741647960414
Received update: /ndn/by-site/by/svs_core/by=15, 1741647960414
Sending Sync interest
Max suppression time updated to: 129
Sending Sync interest
Max suppression time updated to: 129
Received update: /ndn/tr-site/tr/svs_core/tr=15, 1741647960872
Max suppression time updated to: 129
Received update: /ndn/mt-site/mt/svs_core/mt=15, 1741647961139
Max suppression time updated to: 129
Sending Sync interest
Published sequence number: /ndn/at-site/at/svs_core/at=15, 1741647975710
Sending Sync interest
Max suppression time updated to: 129
Received update: /ndn/nl-site/nl/svs_core/nl=15, 1741647975877
Max suppression time updated to: 129
Received update: /ndn/fr2-site/fr2/svs_core/fr2=15, 1741647978945
Max suppression time updated to: 129
Sending Sync interest
Max suppression time updated to: 129
Received update: /ndn/si-site/si/svs_core/si=15, 1741647979137
Sending Sync interest
Max suppression time updated to: 129
Received update: /ndn/hr-site/hr/svs_core/hr=15, 1741647979231
Max suppression time updated to: 129
Received update: /ndn/ee-site/ee/svs_core/ee=13, 1741647979392
Received update: /ndn/ee-site/ee/svs_core/ee=14, 1741647979392
Received update: /ndn/lt-site/lt/svs_core/lt=15, 1741647979392
Max suppression time updated to: 129
Received update: /ndn/cz-site/cz/svs_core/cz=15, 1741647979428
Max suppression time updated to: 129
Received update: /ndn/ch-site/ch/svs_core/ch=15, 1741647980846
Sending Sync interest
Max suppression time updated to: 129
Received update: /ndn/ie-site/ie/svs_core/ie=14, 1741647986353
Received update: /ndn/ie-site/ie/svs_core/ie=15, 1741647986353
Sending Sync interest
Max suppression time updated to: 129
Received update: /ndn/fi-site/fi/svs_core/fi=11, 1741647986519
Received update: /ndn/fi-site/fi/svs_core/fi=12, 1741647986519
Received update: /ndn/fi-site/fi/svs_core/fi=13, 1741647986519
Received update: /ndn/fi-site/fi/svs_core/fi=14, 1741647986519
Received update: /ndn/il-site/il/svs_core/il=15, 1741647986519
Received update: /ndn/se-site/se/svs_core/se=13, 1741647986519
Received update: /ndn/se-site/se/svs_core/se=14, 1741647986519
Received update: /ndn/se-site/se/svs_core/se=15, 1741647986519
Received update: /ndn/sk-site/sk/svs_core/sk=15, 1741647986519
Received update: /ndn/uk-site/uk/svs_core/uk=15, 1741647986519
Max suppression time updated to: 129
Received update: /ndn/md-site/md/svs_core/md=15, 1741647986531
Received update: /ndn/ro-site/ro/svs_core/ro=15, 1741647986531
Sending Sync interest
Max suppression time updated to: 129
Received update: /ndn/ge-site/ge/svs_core/ge=16, 1741647986668
Sending Sync interest
Max suppression time updated to: 129
Received update: /ndn/gr-site/gr/svs_core/gr=16, 1741647987838
Max suppression time updated to: 129
Received update: /ndn/es-site/es/svs_core/es=15, 1741647987993
Max suppression time updated to: 126
Received update: /ndn/cy-site/cy/svs_core/cy=16, 1741647996802
Sending Sync interest
Max suppression time updated to: 126
Received update: /ndn/be-site/be/svs_core/be=16, 1741647999594
Received update: /ndn/ee-site/ee/svs_core/ee=15, 1741647999594
Received update: /ndn/is-site/is/svs_core/is=15, 1741647999594
Received update: /ndn/lu-site/lu/svs_core/lu=16, 1741647999594
Sending Sync interest
Max suppression time updated to: 126
Received update: /ndn/pl-site/pl/svs_core/pl=16, 1741648000719
Sending Sync interest
Max suppression time updated to: 126
Received update: /ndn/bg-site/bg/svs_core/bg=16, 1741648000877
Max suppression time updated to: 123
Max suppression time updated to: 123
Received update: /ndn/mk-site/mk/svs_core/mk=16, 1741648001123
Sending Sync interest
Max suppression time updated to: 123
Received update: /ndn/rs-site/rs/svs_core/rs=16, 1741648001429
Received update: /ndn/de2-site/de2/svs_core/de2=16, 1741648001429
Max suppression time updated to: 123
Received update: /ndn/il-site/il/svs_core/il=16, 1741648001580
Max suppression time updated to: 123
Received update: /ndn/hu-site/hu/svs_core/hu=16, 1741648001659
Max suppression time updated to: 120
Received update: /ndn/am-site/am/svs_core/am=15, 1741648001839
Sending Sync interest
Max suppression time updated to: 120
Received update: /ndn/it-site/it/svs_core/it=16, 1741648004898
Max suppression time updated to: 123
Received update: /ndn/me-site/me/svs_core/me=15, 1741648007249
Max suppression time updated to: 126
Received update: /ndn/tr-site/tr/svs_core/tr=16, 1741648007249
Max suppression time updated to: 126
Received update: /ndn/sk-site/sk/svs_core/sk=16, 1741648014308
Published sequence number: /ndn/at-site/at/svs_core/at=16, 1741648020718
Sending Sync interest
Max suppression time updated to: 126
Received update: /ndn/cz-site/cz/svs_core/cz=16, 1741648020947
Max suppression time updated to: 126
Received update: /ndn/az-site/az/svs_core/az=16, 1741648021083
Received update: /ndn/by-site/by/svs_core/by=16, 1741648021083
Received update: /ndn/lt-site/lt/svs_core/lt=16, 1741648021083
Received update: /ndn/lv-site/lv/svs_core/lv=15, 1741648021083
Received update: /ndn/lv-site/lv/svs_core/lv=16, 1741648021083
Received update: /ndn/nl-site/nl/svs_core/nl=16, 1741648021083
Received update: /ndn/pt-site/pt/svs_core/pt=15, 1741648021083
Received update: /ndn/pt-site/pt/svs_core/pt=16, 1741648021083
Received update: /ndn/de1-site/de1/svs_core/de1=16, 1741648021083
Max suppression time updated to: 126
Received update: /ndn/am-site/am/svs_core/am=16, 1741648026082
Sending Sync interest
Max suppression time updated to: 126
Received update: /ndn/ch-site/ch/svs_core/ch=16, 1741648026386
Received update: /ndn/es-site/es/svs_core/es=16, 1741648026386
Received update: /ndn/ie-site/ie/svs_core/ie=16, 1741648026386
Received update: /ndn/fr1-site/fr1/svs_core/fr1=16, 1741648026386
Received update: /ndn/fr2-site/fr2/svs_core/fr2=16, 1741648026386
Max suppression time updated to: 126
Received update: /ndn/no-site/no/svs_core/no=15, 1741648027325
Received update: /ndn/se-site/se/svs_core/se=16, 1741648027325
Sending Sync interest
Max suppression time updated to: 126
Max suppression time updated to: 126
Received update: /ndn/dk-site/dk/svs_core/dk=16, 1741648028387
Received update: /ndn/is-site/is/svs_core/is=16, 1741648028387
Received update: /ndn/uk-site/uk/svs_core/uk=16, 1741648028387
Sending Sync interest
Max suppression time updated to: 126
Max suppression time updated to: 123
Received update: /ndn/me-site/me/svs_core/me=16, 1741648028813
Max suppression time updated to: 123
Received update: /ndn/ee-site/ee/svs_core/ee=16, 1741648030658
Max suppression time updated to: 126
Received update: /ndn/ua-site/ua/svs_core/ua=15, 1741648051526
Received update: /ndn/ua-site/ua/svs_core/ua=16, 1741648051526
Sending Sync interest
Max suppression time updated to: 126
Received update: /ndn/hr-site/hr/svs_core/hr=16, 1741648051699
Sending Sync interest
Max suppression time updated to: 126
Stopping SVS client: /ndn/at-site/at/svs_core/at
