SVS client starting: /ndn/fr2-site/fr2/svs_core/fr2
Max suppression time updated to: 66
Sending Sync interest
Max suppression time updated to: 99
Max suppression time updated to: 120
Max suppression time updated to: 123
Max suppression time updated to: 111
Max suppression time updated to: 123
Max suppression time updated to: 123
Max suppression time updated to: 132
Max suppression time updated to: 129
Max suppression time updated to: 138
Max suppression time updated to: 138
Max suppression time updated to: 141
Max suppression time updated to: 138
Max suppression time updated to: 135
Max suppression time updated to: 135
Max suppression time updated to: 138
Max suppression time updated to: 141
Received update: /ndn/ge-site/ge/svs_core/ge=1, 1741647159789
Received update: /ndn/lu-site/lu/svs_core/lu=1, 1741647159789
Max suppression time updated to: 147
Max suppression time updated to: 144
Max suppression time updated to: 147
Max suppression time updated to: 168
Max suppression time updated to: 165
Max suppression time updated to: 162
Max suppression time updated to: 159
Received update: /ndn/gr-site/gr/svs_core/gr=1, 1741647161816
Received update: /ndn/il-site/il/svs_core/il=1, 1741647161816
Max suppression time updated to: 177
Received update: /ndn/de1-site/de1/svs_core/de1=1, 1741647165261
Max suppression time updated to: 177
Max suppression time updated to: 174
Received update: /ndn/fr1-site/fr1/svs_core/fr1=1, 1741647165642
Max suppression time updated to: 171
Received update: /ndn/az-site/az/svs_core/az=1, 1741647165945
Sending Sync interest
Max suppression time updated to: 171
Received update: /ndn/mk-site/mk/svs_core/mk=1, 1741647166166
Max suppression time updated to: 168
Received update: /ndn/ie-site/ie/svs_core/ie=1, 1741647166304
Max suppression time updated to: 171
Received update: /ndn/bg-site/bg/svs_core/bg=1, 1741647168605
Max suppression time updated to: 171
Received update: /ndn/rs-site/rs/svs_core/rs=1, 1741647169679
Sending Sync interest
Max suppression time updated to: 168
Max suppression time updated to: 171
Received update: /ndn/cy-site/cy/svs_core/cy=1, 1741647170326
Max suppression time updated to: 168
Received update: /ndn/de2-site/de2/svs_core/de2=1, 1741647173019
Max suppression time updated to: 168
Received update: /ndn/hu-site/hu/svs_core/hu=1, 1741647173685
Max suppression time updated to: 165
Received update: /ndn/mt-site/mt/svs_core/mt=1, 1741647174705
Max suppression time updated to: 168
Max suppression time updated to: 165
Received update: /ndn/be-site/be/svs_core/be=1, 1741647174852
Received update: /ndn/pl-site/pl/svs_core/pl=1, 1741647174852
Max suppression time updated to: 162
Max suppression time updated to: 174
Sending Sync interest
Max suppression time updated to: 171
Received update: /ndn/it-site/it/svs_core/it=1, 1741647178353
Max suppression time updated to: 180
Max suppression time updated to: 180
Received update: /ndn/tr-site/tr/svs_core/tr=1, 1741647178739
Max suppression time updated to: 177
Max suppression time updated to: 177
Received update: /ndn/al-site/al/svs_core/al=1, 1741647194812
Received update: /ndn/dk-site/dk/svs_core/dk=1, 1741647194812
Max suppression time updated to: 180
Received update: /ndn/cz-site/cz/svs_core/cz=1, 1741647195631
Max suppression time updated to: 183
Received update: /ndn/hr-site/hr/svs_core/hr=1, 1741647203295
Received update: /ndn/ro-site/ro/svs_core/ro=1, 1741647203295
Received update: /ndn/ua-site/ua/svs_core/ua=1, 1741647203295
Max suppression time updated to: 180
Received update: /ndn/es-site/es/svs_core/es=1, 1741647203339
Max suppression time updated to: 177
Received update: /ndn/nl-site/nl/svs_core/nl=1, 1741647203612
Received update: /ndn/sk-site/sk/svs_core/sk=1, 1741647203612
Sending Sync interest
Max suppression time updated to: 174
Max suppression time updated to: 183
Max suppression time updated to: 180
Max suppression time updated to: 180
Max suppression time updated to: 180
Max suppression time updated to: 180
Received update: /ndn/md-site/md/svs_core/md=1, 1741647204667
Max suppression time updated to: 186
Received update: /ndn/lt-site/lt/svs_core/lt=1, 1741647205169
Max suppression time updated to: 186
Max suppression time updated to: 186
Received update: /ndn/is-site/is/svs_core/is=1, 1741647206583
Received update: /ndn/pt-site/pt/svs_core/pt=1, 1741647206583
Max suppression time updated to: 186
Received update: /ndn/si-site/si/svs_core/si=1, 1741647206934
Max suppression time updated to: 183
Max suppression time updated to: 192
Received update: /ndn/by-site/by/svs_core/by=1, 1741647208878
Max suppression time updated to: 189
Max suppression time updated to: 189
Published sequence number: /ndn/fr2-site/fr2/svs_core/fr2=1, 1741647212265
Sending Sync interest
Max suppression time updated to: 189
Received update: /ndn/il-site/il/svs_core/il=2, 1741647221591
Max suppression time updated to: 186
Received update: /ndn/ch-site/ch/svs_core/ch=1, 1741647221708
Received update: /ndn/uk-site/uk/svs_core/uk=1, 1741647221708
Sending Sync interest
Max suppression time updated to: 183
Received update: /ndn/gr-site/gr/svs_core/gr=2, 1741647221826
Sending Sync interest
Max suppression time updated to: 183
Received update: /ndn/am-site/am/svs_core/am=1, 1741647223741
Received update: /ndn/at-site/at/svs_core/at=1, 1741647223741
Received update: /ndn/de1-site/de1/svs_core/de1=2, 1741647223741
Sending Sync interest
Max suppression time updated to: 180
Received update: /ndn/lu-site/lu/svs_core/lu=2, 1741647360684
Max suppression time updated to: 177
Received update: /ndn/fr1-site/fr1/svs_core/fr1=2, 1741647374142
Max suppression time updated to: 177
Received update: /ndn/it-site/it/svs_core/it=2, 1741647374844
Max suppression time updated to: 183
Received update: /ndn/ge-site/ge/svs_core/ge=2, 1741647374927
Received update: /ndn/de2-site/de2/svs_core/de2=2, 1741647374927
Sending Sync interest
Max suppression time updated to: 180
Received update: /ndn/al-site/al/svs_core/al=2, 1741647376333
Max suppression time updated to: 180
Max suppression time updated to: 177
Received update: /ndn/az-site/az/svs_core/az=2, 1741647376885
Received update: /ndn/be-site/be/svs_core/be=2, 1741647376885
Received update: /ndn/bg-site/bg/svs_core/bg=2, 1741647376885
Received update: /ndn/cy-site/cy/svs_core/cy=2, 1741647376885
Received update: /ndn/dk-site/dk/svs_core/dk=2, 1741647376885
Received update: /ndn/hu-site/hu/svs_core/hu=2, 1741647376885
Received update: /ndn/pl-site/pl/svs_core/pl=2, 1741647376885
Received update: /ndn/tr-site/tr/svs_core/tr=2, 1741647376885
Sending Sync interest
Max suppression time updated to: 180
Received update: /ndn/by-site/by/svs_core/by=2, 1741647378378
Max suppression time updated to: 177
Received update: /ndn/ee-site/ee/svs_core/ee=1, 1741647389248
Received update: /ndn/lv-site/lv/svs_core/lv=1, 1741647389248
Received update: /ndn/lv-site/lv/svs_core/lv=2, 1741647389248
Received update: /ndn/nl-site/nl/svs_core/nl=2, 1741647389248
Sending Sync interest
Published sequence number: /ndn/fr2-site/fr2/svs_core/fr2=2, 1741647393841
Sending Sync interest
Max suppression time updated to: 177
Received update: /ndn/cz-site/cz/svs_core/cz=2, 1741647394200
Received update: /ndn/mk-site/mk/svs_core/mk=2, 1741647394200
Received update: /ndn/sk-site/sk/svs_core/sk=2, 1741647394200
Max suppression time updated to: 177
Received update: /ndn/at-site/at/svs_core/at=2, 1741647395780
Received update: /ndn/ch-site/ch/svs_core/ch=2, 1741647395780
Received update: /ndn/mt-site/mt/svs_core/mt=2, 1741647395780
Max suppression time updated to: 177
Received update: /ndn/hr-site/hr/svs_core/hr=2, 1741647396568
Received update: /ndn/is-site/is/svs_core/is=2, 1741647396568
Received update: /ndn/lt-site/lt/svs_core/lt=2, 1741647396568
Received update: /ndn/rs-site/rs/svs_core/rs=2, 1741647396568
Sending Sync interest
Max suppression time updated to: 183
Received update: /ndn/il-site/il/svs_core/il=3, 1741647408197
Received update: /ndn/uk-site/uk/svs_core/uk=2, 1741647408197
Received update: /ndn/fr1-site/fr1/svs_core/fr1=3, 1741647408197
Max suppression time updated to: 183
Received update: /ndn/az-site/az/svs_core/az=3, 1741647411946
Received update: /ndn/cy-site/cy/svs_core/cy=3, 1741647411946
Sending Sync interest
Max suppression time updated to: 180
Received update: /ndn/am-site/am/svs_core/am=2, 1741647412328
Received update: /ndn/ee-site/ee/svs_core/ee=2, 1741647412328
Received update: /ndn/no-site/no/svs_core/no=1, 1741647412328
Received update: /ndn/se-site/se/svs_core/se=1, 1741647412328
Max suppression time updated to: 180
Received update: /ndn/mk-site/mk/svs_core/mk=3, 1741647412497
Received update: /ndn/si-site/si/svs_core/si=2, 1741647412497
Received update: /ndn/ua-site/ua/svs_core/ua=2, 1741647412497
Sending Sync interest
Max suppression time updated to: 180
Received update: /ndn/es-site/es/svs_core/es=2, 1741647419851
Received update: /ndn/ge-site/ge/svs_core/ge=3, 1741647419851
Received update: /ndn/it-site/it/svs_core/it=3, 1741647419851
Received update: /ndn/ro-site/ro/svs_core/ro=2, 1741647419851
Received update: /ndn/de1-site/de1/svs_core/de1=3, 1741647419851
Max suppression time updated to: 180
Received update: /ndn/bg-site/bg/svs_core/bg=3, 1741647420020
Received update: /ndn/hu-site/hu/svs_core/hu=3, 1741647420020
Max suppression time updated to: 177
Received update: /ndn/es-site/es/svs_core/es=3, 1741647427009
Sending Sync interest
Max suppression time updated to: 177
Received update: /ndn/hr-site/hr/svs_core/hr=3, 1741647427296
Max suppression time updated to: 177
Received update: /ndn/be-site/be/svs_core/be=3, 1741647429802
Received update: /ndn/cz-site/cz/svs_core/cz=3, 1741647429802
Received update: /ndn/lu-site/lu/svs_core/lu=3, 1741647429802
Received update: /ndn/md-site/md/svs_core/md=2, 1741647429802
Received update: /ndn/md-site/md/svs_core/md=3, 1741647429802
Received update: /ndn/nl-site/nl/svs_core/nl=3, 1741647429802
Received update: /ndn/pl-site/pl/svs_core/pl=3, 1741647429802
Received update: /ndn/ro-site/ro/svs_core/ro=3, 1741647429802
Received update: /ndn/sk-site/sk/svs_core/sk=3, 1741647429802
Received update: /ndn/tr-site/tr/svs_core/tr=3, 1741647429802
Received update: /ndn/ua-site/ua/svs_core/ua=3, 1741647429802
Received update: /ndn/de2-site/de2/svs_core/de2=3, 1741647429802
Published sequence number: /ndn/fr2-site/fr2/svs_core/fr2=3, 1741647438848
Sending Sync interest
Max suppression time updated to: 171
Received update: /ndn/at-site/at/svs_core/at=3, 1741647457591
Received update: /ndn/bg-site/bg/svs_core/bg=4, 1741647457591
Received update: /ndn/dk-site/dk/svs_core/dk=3, 1741647457591
Received update: /ndn/fi-site/fi/svs_core/fi=1, 1741647457591
Received update: /ndn/ge-site/ge/svs_core/ge=4, 1741647457591
Received update: /ndn/is-site/is/svs_core/is=3, 1741647457591
Received update: /ndn/lt-site/lt/svs_core/lt=3, 1741647457591
Received update: /ndn/lu-site/lu/svs_core/lu=4, 1741647457591
Received update: /ndn/mk-site/mk/svs_core/mk=4, 1741647457591
Received update: /ndn/pt-site/pt/svs_core/pt=2, 1741647457591
Received update: /ndn/pt-site/pt/svs_core/pt=3, 1741647457591
Received update: /ndn/rs-site/rs/svs_core/rs=3, 1741647457591
Received update: /ndn/rs-site/rs/svs_core/rs=4, 1741647457591
Received update: /ndn/se-site/se/svs_core/se=2, 1741647457591
Received update: /ndn/uk-site/uk/svs_core/uk=3, 1741647457591
Max suppression time updated to: 174
Received update: /ndn/ch-site/ch/svs_core/ch=3, 1741647457742
Received update: /ndn/de1-site/de1/svs_core/de1=4, 1741647457742
Max suppression time updated to: 174
Received update: /ndn/gr-site/gr/svs_core/gr=3, 1741647457751
Sending Sync interest
Max suppression time updated to: 171
Received update: /ndn/cy-site/cy/svs_core/cy=4, 1741647460139
Received update: /ndn/mt-site/mt/svs_core/mt=3, 1741647460139
Received update: /ndn/si-site/si/svs_core/si=3, 1741647460139
Max suppression time updated to: 171
Received update: /ndn/de2-site/de2/svs_core/de2=4, 1741647460292
Sending Sync interest
Max suppression time updated to: 171
Received update: /ndn/gr-site/gr/svs_core/gr=4, 1741647461000
Received update: /ndn/hu-site/hu/svs_core/hu=4, 1741647461000
Max suppression time updated to: 171
Received update: /ndn/az-site/az/svs_core/az=4, 1741647461394
Received update: /ndn/il-site/il/svs_core/il=4, 1741647461394
Received update: /ndn/mt-site/mt/svs_core/mt=4, 1741647461394
Max suppression time updated to: 174
Received update: /ndn/al-site/al/svs_core/al=3, 1741647461496
Max suppression time updated to: 171
Received update: /ndn/be-site/be/svs_core/be=4, 1741647461603
Max suppression time updated to: 171
Received update: /ndn/al-site/al/svs_core/al=4, 1741647467911
Received update: /ndn/cz-site/cz/svs_core/cz=4, 1741647467911
Received update: /ndn/it-site/it/svs_core/it=4, 1741647467911
Received update: /ndn/me-site/me/svs_core/me=1, 1741647467911
Received update: /ndn/me-site/me/svs_core/me=2, 1741647467911
Received update: /ndn/me-site/me/svs_core/me=3, 1741647467911
Received update: /ndn/pl-site/pl/svs_core/pl=4, 1741647467911
Received update: /ndn/tr-site/tr/svs_core/tr=4, 1741647467911
Received update: /ndn/fr1-site/fr1/svs_core/fr1=4, 1741647467911
Max suppression time updated to: 174
Max suppression time updated to: 174
Received update: /ndn/am-site/am/svs_core/am=3, 1741647472313
Received update: /ndn/hr-site/hr/svs_core/hr=4, 1741647472313
Published sequence number: /ndn/fr2-site/fr2/svs_core/fr2=4, 1741647483853
Sending Sync interest
Max suppression time updated to: 174
Received update: /ndn/ch-site/ch/svs_core/ch=4, 1741647485780
Max suppression time updated to: 174
Received update: /ndn/is-site/is/svs_core/is=4, 1741647488274
Received update: /ndn/nl-site/nl/svs_core/nl=4, 1741647488274
Received update: /ndn/si-site/si/svs_core/si=4, 1741647488274
Received update: /ndn/uk-site/uk/svs_core/uk=4, 1741647488274
Max suppression time updated to: 174
Max suppression time updated to: 171
Received update: /ndn/am-site/am/svs_core/am=4, 1741647491086
Received update: /ndn/at-site/at/svs_core/at=4, 1741647491086
Received update: /ndn/lu-site/lu/svs_core/lu=5, 1741647491086
Received update: /ndn/sk-site/sk/svs_core/sk=4, 1741647491086
Sending Sync interest
Max suppression time updated to: 171
Received update: /ndn/es-site/es/svs_core/es=4, 1741647497325
Received update: /ndn/fr1-site/fr1/svs_core/fr1=5, 1741647497325
Max suppression time updated to: 174
Received update: /ndn/cy-site/cy/svs_core/cy=5, 1741647502868
Received update: /ndn/ee-site/ee/svs_core/ee=3, 1741647502868
Received update: /ndn/lt-site/lt/svs_core/lt=4, 1741647502868
Received update: /ndn/lv-site/lv/svs_core/lv=3, 1741647502868
Received update: /ndn/lv-site/lv/svs_core/lv=4, 1741647502868
Sending Sync interest
Max suppression time updated to: 174
Received update: /ndn/bg-site/bg/svs_core/bg=5, 1741647517437
Received update: /ndn/ge-site/ge/svs_core/ge=5, 1741647517437
Received update: /ndn/gr-site/gr/svs_core/gr=5, 1741647517437
Received update: /ndn/hr-site/hr/svs_core/hr=5, 1741647517437
Received update: /ndn/hu-site/hu/svs_core/hu=5, 1741647517437
Received update: /ndn/il-site/il/svs_core/il=5, 1741647517437
Received update: /ndn/it-site/it/svs_core/it=5, 1741647517437
Received update: /ndn/lt-site/lt/svs_core/lt=5, 1741647517437
Received update: /ndn/me-site/me/svs_core/me=4, 1741647517437
Received update: /ndn/mt-site/mt/svs_core/mt=5, 1741647517437
Received update: /ndn/nl-site/nl/svs_core/nl=5, 1741647517437
Received update: /ndn/pl-site/pl/svs_core/pl=5, 1741647517437
Received update: /ndn/ro-site/ro/svs_core/ro=4, 1741647517437
Received update: /ndn/rs-site/rs/svs_core/rs=5, 1741647517437
Received update: /ndn/tr-site/tr/svs_core/tr=5, 1741647517437
Received update: /ndn/de2-site/de2/svs_core/de2=5, 1741647517437
Max suppression time updated to: 174
Received update: /ndn/mk-site/mk/svs_core/mk=5, 1741647517487
Received update: /ndn/ua-site/ua/svs_core/ua=4, 1741647517487
Max suppression time updated to: 174
Max suppression time updated to: 174
Received update: /ndn/al-site/al/svs_core/al=5, 1741647523017
Received update: /ndn/si-site/si/svs_core/si=5, 1741647523017
Max suppression time updated to: 174
Received update: /ndn/de1-site/de1/svs_core/de1=5, 1741647523186
Sending Sync interest
Max suppression time updated to: 174
Max suppression time updated to: 174
Received update: /ndn/es-site/es/svs_core/es=5, 1741647523386
Received update: /ndn/is-site/is/svs_core/is=5, 1741647523386
Sending Sync interest
Max suppression time updated to: 174
Received update: /ndn/be-site/be/svs_core/be=5, 1741647524265
Sending Sync interest
Published sequence number: /ndn/fr2-site/fr2/svs_core/fr2=5, 1741647528856
Sending Sync interest
Max suppression time updated to: 174
Received update: /ndn/am-site/am/svs_core/am=5, 1741647552790
Received update: /ndn/at-site/at/svs_core/at=5, 1741647552790
Received update: /ndn/bg-site/bg/svs_core/bg=6, 1741647552790
Received update: /ndn/by-site/by/svs_core/by=3, 1741647552790
Received update: /ndn/by-site/by/svs_core/by=4, 1741647552790
Received update: /ndn/by-site/by/svs_core/by=5, 1741647552790
Received update: /ndn/ch-site/ch/svs_core/ch=5, 1741647552790
Received update: /ndn/cz-site/cz/svs_core/cz=5, 1741647552790
Received update: /ndn/ge-site/ge/svs_core/ge=6, 1741647552790
Received update: /ndn/gr-site/gr/svs_core/gr=6, 1741647552790
Received update: /ndn/hu-site/hu/svs_core/hu=6, 1741647552790
Received update: /ndn/ie-site/ie/svs_core/ie=2, 1741647552790
Received update: /ndn/ie-site/ie/svs_core/ie=3, 1741647552790
Received update: /ndn/ie-site/ie/svs_core/ie=4, 1741647552790
Received update: /ndn/ie-site/ie/svs_core/ie=5, 1741647552790
Received update: /ndn/ie-site/ie/svs_core/ie=6, 1741647552790
Received update: /ndn/il-site/il/svs_core/il=6, 1741647552790
Received update: /ndn/lu-site/lu/svs_core/lu=6, 1741647552790
Received update: /ndn/md-site/md/svs_core/md=4, 1741647552790
Received update: /ndn/md-site/md/svs_core/md=5, 1741647552790
Received update: /ndn/me-site/me/svs_core/me=5, 1741647552790
Received update: /ndn/mk-site/mk/svs_core/mk=6, 1741647552790
Received update: /ndn/pt-site/pt/svs_core/pt=4, 1741647552790
Received update: /ndn/pt-site/pt/svs_core/pt=5, 1741647552790
Received update: /ndn/ro-site/ro/svs_core/ro=5, 1741647552790
Received update: /ndn/rs-site/rs/svs_core/rs=6, 1741647552790
Received update: /ndn/sk-site/sk/svs_core/sk=5, 1741647552790
Received update: /ndn/tr-site/tr/svs_core/tr=6, 1741647552790
Received update: /ndn/uk-site/uk/svs_core/uk=5, 1741647552790
Received update: /ndn/de2-site/de2/svs_core/de2=6, 1741647552790
Received update: /ndn/fr1-site/fr1/svs_core/fr1=6, 1741647552790
Sending Sync interest
Max suppression time updated to: 177
Received update: /ndn/it-site/it/svs_core/it=6, 1741647554883
Max suppression time updated to: 177
Received update: /ndn/by-site/by/svs_core/by=6, 1741647555409
Sending Sync interest
Max suppression time updated to: 177
Received update: /ndn/cy-site/cy/svs_core/cy=6, 1741647556094
Received update: /ndn/ee-site/ee/svs_core/ee=4, 1741647556094
Received update: /ndn/lv-site/lv/svs_core/lv=5, 1741647556094
Received update: /ndn/pl-site/pl/svs_core/pl=6, 1741647556094
Received update: /ndn/ua-site/ua/svs_core/ua=5, 1741647556094
Max suppression time updated to: 177
Received update: /ndn/nl-site/nl/svs_core/nl=6, 1741647559528
Max suppression time updated to: 177
Max suppression time updated to: 177
Received update: /ndn/cz-site/cz/svs_core/cz=6, 1741647559887
Sending Sync interest
Max suppression time updated to: 177
Received update: /ndn/az-site/az/svs_core/az=5, 1741647561356
Received update: /ndn/az-site/az/svs_core/az=6, 1741647561356
Received update: /ndn/lt-site/lt/svs_core/lt=6, 1741647561356
Max suppression time updated to: 174
Received update: /ndn/es-site/es/svs_core/es=6, 1741647562022
Published sequence number: /ndn/fr2-site/fr2/svs_core/fr2=6, 1741647573863
Sending Sync interest
Sending Sync interest
Published sequence number: /ndn/fr2-site/fr2/svs_core/fr2=7, 1741647618865
Sending Sync interest
Max suppression time updated to: 174
Received update: /ndn/at-site/at/svs_core/at=6, 1741647620789
Received update: /ndn/at-site/at/svs_core/at=7, 1741647620789
Received update: /ndn/bg-site/bg/svs_core/bg=7, 1741647620789
Received update: /ndn/ch-site/ch/svs_core/ch=6, 1741647620789
Received update: /ndn/ch-site/ch/svs_core/ch=7, 1741647620789
Received update: /ndn/cy-site/cy/svs_core/cy=7, 1741647620789
Received update: /ndn/cz-site/cz/svs_core/cz=7, 1741647620789
Received update: /ndn/ee-site/ee/svs_core/ee=5, 1741647620789
Received update: /ndn/ee-site/ee/svs_core/ee=6, 1741647620789
Received update: /ndn/ge-site/ge/svs_core/ge=7, 1741647620789
Received update: /ndn/gr-site/gr/svs_core/gr=7, 1741647620789
Received update: /ndn/hr-site/hr/svs_core/hr=6, 1741647620789
Received update: /ndn/hr-site/hr/svs_core/hr=7, 1741647620789
Received update: /ndn/hu-site/hu/svs_core/hu=7, 1741647620789
Received update: /ndn/il-site/il/svs_core/il=7, 1741647620789
Received update: /ndn/it-site/it/svs_core/it=7, 1741647620789
Received update: /ndn/lu-site/lu/svs_core/lu=7, 1741647620789
Received update: /ndn/lv-site/lv/svs_core/lv=6, 1741647620789
Received update: /ndn/md-site/md/svs_core/md=6, 1741647620789
Received update: /ndn/me-site/me/svs_core/me=6, 1741647620789
Received update: /ndn/mk-site/mk/svs_core/mk=7, 1741647620789
Received update: /ndn/mt-site/mt/svs_core/mt=6, 1741647620789
Received update: /ndn/mt-site/mt/svs_core/mt=7, 1741647620789
Received update: /ndn/pl-site/pl/svs_core/pl=7, 1741647620789
Received update: /ndn/pt-site/pt/svs_core/pt=6, 1741647620789
Received update: /ndn/ro-site/ro/svs_core/ro=6, 1741647620789
Received update: /ndn/ro-site/ro/svs_core/ro=7, 1741647620789
Received update: /ndn/rs-site/rs/svs_core/rs=7, 1741647620789
Received update: /ndn/si-site/si/svs_core/si=6, 1741647620789
Received update: /ndn/sk-site/sk/svs_core/sk=6, 1741647620789
Received update: /ndn/tr-site/tr/svs_core/tr=7, 1741647620789
Received update: /ndn/uk-site/uk/svs_core/uk=6, 1741647620789
Received update: /ndn/de1-site/de1/svs_core/de1=6, 1741647620789
Received update: /ndn/de2-site/de2/svs_core/de2=7, 1741647620789
Sending Sync interest
Max suppression time updated to: 174
Received update: /ndn/be-site/be/svs_core/be=6, 1741647627823
Received update: /ndn/be-site/be/svs_core/be=7, 1741647627823
Received update: /ndn/dk-site/dk/svs_core/dk=4, 1741647627823
Received update: /ndn/dk-site/dk/svs_core/dk=5, 1741647627823
Received update: /ndn/dk-site/dk/svs_core/dk=6, 1741647627823
Received update: /ndn/fi-site/fi/svs_core/fi=2, 1741647627823
Received update: /ndn/fi-site/fi/svs_core/fi=3, 1741647627823
Received update: /ndn/fi-site/fi/svs_core/fi=4, 1741647627823
Received update: /ndn/fi-site/fi/svs_core/fi=5, 1741647627823
Received update: /ndn/fi-site/fi/svs_core/fi=6, 1741647627823
Received update: /ndn/gr-site/gr/svs_core/gr=8, 1741647627823
Received update: /ndn/ie-site/ie/svs_core/ie=7, 1741647627823
Received update: /ndn/is-site/is/svs_core/is=6, 1741647627823
Received update: /ndn/me-site/me/svs_core/me=7, 1741647627823
Received update: /ndn/no-site/no/svs_core/no=2, 1741647627823
Received update: /ndn/no-site/no/svs_core/no=3, 1741647627823
Received update: /ndn/no-site/no/svs_core/no=4, 1741647627823
Received update: /ndn/no-site/no/svs_core/no=5, 1741647627823
Received update: /ndn/se-site/se/svs_core/se=3, 1741647627823
Received update: /ndn/se-site/se/svs_core/se=4, 1741647627823
Received update: /ndn/se-site/se/svs_core/se=5, 1741647627823
Received update: /ndn/sk-site/sk/svs_core/sk=7, 1741647627823
Received update: /ndn/uk-site/uk/svs_core/uk=7, 1741647627823
Max suppression time updated to: 174
Received update: /ndn/al-site/al/svs_core/al=6, 1741647627977
Received update: /ndn/al-site/al/svs_core/al=7, 1741647627977
Max suppression time updated to: 174
Received update: /ndn/dk-site/dk/svs_core/dk=7, 1741647629085
Received update: /ndn/il-site/il/svs_core/il=8, 1741647629085
Received update: /ndn/is-site/is/svs_core/is=7, 1741647629085
Received update: /ndn/nl-site/nl/svs_core/nl=7, 1741647629085
Received update: /ndn/no-site/no/svs_core/no=6, 1741647629085
Received update: /ndn/pt-site/pt/svs_core/pt=7, 1741647629085
Received update: /ndn/se-site/se/svs_core/se=6, 1741647629085
Max suppression time updated to: 174
Received update: /ndn/es-site/es/svs_core/es=7, 1741647629308
Max suppression time updated to: 174
Received update: /ndn/md-site/md/svs_core/md=7, 1741647634145
Received update: /ndn/ua-site/ua/svs_core/ua=6, 1741647634145
Received update: /ndn/ua-site/ua/svs_core/ua=7, 1741647634145
Sending Sync interest
Max suppression time updated to: 174
Received update: /ndn/lu-site/lu/svs_core/lu=8, 1741647634516
Received update: /ndn/fr1-site/fr1/svs_core/fr1=7, 1741647634516
Received update: /ndn/fr1-site/fr1/svs_core/fr1=8, 1741647634516
Sending Sync interest
Max suppression time updated to: 174
Received update: /ndn/cy-site/cy/svs_core/cy=8, 1741647640174
Received update: /ndn/ge-site/ge/svs_core/ge=8, 1741647640174
Received update: /ndn/hu-site/hu/svs_core/hu=8, 1741647640174
Received update: /ndn/si-site/si/svs_core/si=7, 1741647640174
Received update: /ndn/de2-site/de2/svs_core/de2=8, 1741647640174
Sending Sync interest
Max suppression time updated to: 174
Received update: /ndn/bg-site/bg/svs_core/bg=8, 1741647642784
Received update: /ndn/ee-site/ee/svs_core/ee=7, 1741647642784
Received update: /ndn/lt-site/lt/svs_core/lt=7, 1741647642784
Received update: /ndn/lv-site/lv/svs_core/lv=7, 1741647642784
Received update: /ndn/mk-site/mk/svs_core/mk=8, 1741647642784
Received update: /ndn/rs-site/rs/svs_core/rs=8, 1741647642784
Received update: /ndn/tr-site/tr/svs_core/tr=8, 1741647642784
Received update: /ndn/de1-site/de1/svs_core/de1=7, 1741647642784
Received update: /ndn/de1-site/de1/svs_core/de1=8, 1741647642784
Sending Sync interest
Max suppression time updated to: 171
Max suppression time updated to: 171
Received update: /ndn/al-site/al/svs_core/al=8, 1741647654438
Received update: /ndn/by-site/by/svs_core/by=7, 1741647654438
Received update: /ndn/by-site/by/svs_core/by=8, 1741647654438
Received update: /ndn/cz-site/cz/svs_core/cz=8, 1741647654438
Received update: /ndn/it-site/it/svs_core/it=8, 1741647654438
Received update: /ndn/pl-site/pl/svs_core/pl=8, 1741647654438
Received update: /ndn/ua-site/ua/svs_core/ua=8, 1741647654438
Sending Sync interest
Max suppression time updated to: 171
Received update: /ndn/md-site/md/svs_core/md=8, 1741647654821
Max suppression time updated to: 171
Received update: /ndn/hr-site/hr/svs_core/hr=8, 1741647658355
Received update: /ndn/is-site/is/svs_core/is=8, 1741647658355
Received update: /ndn/pt-site/pt/svs_core/pt=8, 1741647658355
Received update: /ndn/sk-site/sk/svs_core/sk=8, 1741647658355
Published sequence number: /ndn/fr2-site/fr2/svs_core/fr2=8, 1741647663869
Sending Sync interest
Max suppression time updated to: 171
Received update: /ndn/ch-site/ch/svs_core/ch=8, 1741647665794
Sending Sync interest
Max suppression time updated to: 171
Received update: /ndn/at-site/at/svs_core/at=8, 1741647673165
Received update: /ndn/il-site/il/svs_core/il=9, 1741647673165
Received update: /ndn/lt-site/lt/svs_core/lt=8, 1741647673165
Max suppression time updated to: 171
Received update: /ndn/be-site/be/svs_core/be=8, 1741647673324
Received update: /ndn/dk-site/dk/svs_core/dk=8, 1741647673324
Received update: /ndn/fi-site/fi/svs_core/fi=7, 1741647673324
Received update: /ndn/fi-site/fi/svs_core/fi=8, 1741647673324
Received update: /ndn/ge-site/ge/svs_core/ge=9, 1741647673324
Received update: /ndn/lu-site/lu/svs_core/lu=9, 1741647673324
Received update: /ndn/nl-site/nl/svs_core/nl=8, 1741647673324
Received update: /ndn/no-site/no/svs_core/no=7, 1741647673324
Received update: /ndn/no-site/no/svs_core/no=8, 1741647673324
Received update: /ndn/se-site/se/svs_core/se=7, 1741647673324
Received update: /ndn/se-site/se/svs_core/se=8, 1741647673324
Received update: /ndn/uk-site/uk/svs_core/uk=8, 1741647673324
Sending Sync interest
Max suppression time updated to: 171
Received update: /ndn/az-site/az/svs_core/az=7, 1741647684525
Received update: /ndn/az-site/az/svs_core/az=8, 1741647684525
Received update: /ndn/az-site/az/svs_core/az=9, 1741647684525
Received update: /ndn/de2-site/de2/svs_core/de2=9, 1741647684525
Max suppression time updated to: 171
Sending Sync interest
Max suppression time updated to: 171
Received update: /ndn/ie-site/ie/svs_core/ie=8, 1741647684710
Received update: /ndn/fr1-site/fr1/svs_core/fr1=9, 1741647684710
Sending Sync interest
Max suppression time updated to: 171
Received update: /ndn/es-site/es/svs_core/es=8, 1741647684903
Max suppression time updated to: 171
Received update: /ndn/bg-site/bg/svs_core/bg=9, 1741647687462
Received update: /ndn/cy-site/cy/svs_core/cy=9, 1741647687462
Received update: /ndn/gr-site/gr/svs_core/gr=9, 1741647687462
Received update: /ndn/hu-site/hu/svs_core/hu=9, 1741647687462
Received update: /ndn/ie-site/ie/svs_core/ie=9, 1741647687462
Received update: /ndn/mk-site/mk/svs_core/mk=9, 1741647687462
Received update: /ndn/ro-site/ro/svs_core/ro=8, 1741647687462
Received update: /ndn/tr-site/tr/svs_core/tr=9, 1741647687462
Sending Sync interest
Max suppression time updated to: 171
Received update: /ndn/am-site/am/svs_core/am=6, 1741647696332
Received update: /ndn/am-site/am/svs_core/am=7, 1741647696332
Received update: /ndn/am-site/am/svs_core/am=8, 1741647696332
Received update: /ndn/cz-site/cz/svs_core/cz=9, 1741647696332
Received update: /ndn/ee-site/ee/svs_core/ee=8, 1741647696332
Received update: /ndn/it-site/it/svs_core/it=9, 1741647696332
Received update: /ndn/lv-site/lv/svs_core/lv=8, 1741647696332
Received update: /ndn/nl-site/nl/svs_core/nl=9, 1741647696332
Received update: /ndn/pl-site/pl/svs_core/pl=9, 1741647696332
Received update: /ndn/ro-site/ro/svs_core/ro=9, 1741647696332
Received update: /ndn/de1-site/de1/svs_core/de1=9, 1741647696332
Sending Sync interest
Published sequence number: /ndn/fr2-site/fr2/svs_core/fr2=9, 1741647708876
Sending Sync interest
Max suppression time updated to: 171
Received update: /ndn/rs-site/rs/svs_core/rs=9, 1741647709059
Received update: /ndn/sk-site/sk/svs_core/sk=9, 1741647709059
Max suppression time updated to: 174
Received update: /ndn/es-site/es/svs_core/es=9, 1741647711162
Sending Sync interest
Max suppression time updated to: 174
Received update: /ndn/am-site/am/svs_core/am=9, 1741647713881
Received update: /ndn/at-site/at/svs_core/at=9, 1741647713881
Received update: /ndn/be-site/be/svs_core/be=9, 1741647713881
Received update: /ndn/hr-site/hr/svs_core/hr=9, 1741647713881
Received update: /ndn/uk-site/uk/svs_core/uk=9, 1741647713881
Sending Sync interest
Max suppression time updated to: 174
Received update: /ndn/si-site/si/svs_core/si=8, 1741647715407
Received update: /ndn/si-site/si/svs_core/si=9, 1741647715407
Max suppression time updated to: 180
Sending Sync interest
Max suppression time updated to: 183
Received update: /ndn/ua-site/ua/svs_core/ua=9, 1741647716051
Max suppression time updated to: 183
Received update: /ndn/lu-site/lu/svs_core/lu=10, 1741647716106
Sending Sync interest
Max suppression time updated to: 180
Received update: /ndn/ch-site/ch/svs_core/ch=9, 1741647716332
Received update: /ndn/lt-site/lt/svs_core/lt=9, 1741647716332
Max suppression time updated to: 180
Received update: /ndn/al-site/al/svs_core/al=9, 1741647716493
Max suppression time updated to: 180
Received update: /ndn/dk-site/dk/svs_core/dk=9, 1741647720536
Received update: /ndn/ee-site/ee/svs_core/ee=9, 1741647720536
Received update: /ndn/is-site/is/svs_core/is=9, 1741647720536
Received update: /ndn/lv-site/lv/svs_core/lv=9, 1741647720536
Received update: /ndn/de1-site/de1/svs_core/de1=10, 1741647720536
Max suppression time updated to: 180
Received update: /ndn/az-site/az/svs_core/az=10, 1741647730880
Received update: /ndn/cy-site/cy/svs_core/cy=10, 1741647730880
Received update: /ndn/ge-site/ge/svs_core/ge=10, 1741647730880
Received update: /ndn/gr-site/gr/svs_core/gr=10, 1741647730880
Received update: /ndn/ie-site/ie/svs_core/ie=10, 1741647730880
Received update: /ndn/il-site/il/svs_core/il=10, 1741647730880
Received update: /ndn/mk-site/mk/svs_core/mk=10, 1741647730880
Received update: /ndn/mt-site/mt/svs_core/mt=8, 1741647730880
Received update: /ndn/mt-site/mt/svs_core/mt=9, 1741647730880
Received update: /ndn/pl-site/pl/svs_core/pl=10, 1741647730880
Received update: /ndn/fr1-site/fr1/svs_core/fr1=10, 1741647730880
Published sequence number: /ndn/fr2-site/fr2/svs_core/fr2=10, 1741647753884
Sending Sync interest
Max suppression time updated to: 180
Received update: /ndn/be-site/be/svs_core/be=10, 1741647761413
Received update: /ndn/bg-site/bg/svs_core/bg=10, 1741647761413
Received update: /ndn/by-site/by/svs_core/by=9, 1741647761413
Received update: /ndn/by-site/by/svs_core/by=10, 1741647761413
Received update: /ndn/cz-site/cz/svs_core/cz=10, 1741647761413
Received update: /ndn/ge-site/ge/svs_core/ge=11, 1741647761413
Received update: /ndn/hu-site/hu/svs_core/hu=10, 1741647761413
Received update: /ndn/it-site/it/svs_core/it=10, 1741647761413
Received update: /ndn/me-site/me/svs_core/me=8, 1741647761413
Received update: /ndn/me-site/me/svs_core/me=9, 1741647761413
Received update: /ndn/nl-site/nl/svs_core/nl=10, 1741647761413
Received update: /ndn/pt-site/pt/svs_core/pt=9, 1741647761413
Received update: /ndn/pt-site/pt/svs_core/pt=10, 1741647761413
Received update: /ndn/rs-site/rs/svs_core/rs=10, 1741647761413
Received update: /ndn/sk-site/sk/svs_core/sk=10, 1741647761413
Received update: /ndn/tr-site/tr/svs_core/tr=10, 1741647761413
Received update: /ndn/de2-site/de2/svs_core/de2=10, 1741647761413
Sending Sync interest
Max suppression time updated to: 180
Received update: /ndn/ch-site/ch/svs_core/ch=10, 1741647761645
Received update: /ndn/es-site/es/svs_core/es=10, 1741647761645
Max suppression time updated to: 180
Received update: /ndn/at-site/at/svs_core/at=10, 1741647762577
Received update: /ndn/hr-site/hr/svs_core/hr=10, 1741647762577
Received update: /ndn/me-site/me/svs_core/me=10, 1741647762577
Received update: /ndn/ro-site/ro/svs_core/ro=10, 1741647762577
Received update: /ndn/ua-site/ua/svs_core/ua=10, 1741647762577
Max suppression time updated to: 180
Sending Sync interest
Max suppression time updated to: 180
Received update: /ndn/uk-site/uk/svs_core/uk=10, 1741647762732
Max suppression time updated to: 180
Sending Sync interest
Max suppression time updated to: 177
Max suppression time updated to: 177
Max suppression time updated to: 177
Max suppression time updated to: 177
Received update: /ndn/al-site/al/svs_core/al=10, 1741647779879
Received update: /ndn/am-site/am/svs_core/am=10, 1741647779879
Received update: /ndn/az-site/az/svs_core/az=11, 1741647779879
Received update: /ndn/cy-site/cy/svs_core/cy=11, 1741647779879
Received update: /ndn/il-site/il/svs_core/il=11, 1741647779879
Received update: /ndn/is-site/is/svs_core/is=10, 1741647779879
Received update: /ndn/it-site/it/svs_core/it=11, 1741647779879
Received update: /ndn/lu-site/lu/svs_core/lu=11, 1741647779879
Received update: /ndn/de2-site/de2/svs_core/de2=11, 1741647779879
Received update: /ndn/fr1-site/fr1/svs_core/fr1=11, 1741647779879
Max suppression time updated to: 174
Received update: /ndn/pl-site/pl/svs_core/pl=11, 1741647780074
Received update: /ndn/si-site/si/svs_core/si=10, 1741647780074
Max suppression time updated to: 174
Received update: /ndn/bg-site/bg/svs_core/bg=11, 1741647785172
Received update: /ndn/dk-site/dk/svs_core/dk=10, 1741647785172
Received update: /ndn/ee-site/ee/svs_core/ee=10, 1741647785172
Received update: /ndn/gr-site/gr/svs_core/gr=11, 1741647785172
Received update: /ndn/lv-site/lv/svs_core/lv=10, 1741647785172
Received update: /ndn/md-site/md/svs_core/md=9, 1741647785172
Received update: /ndn/md-site/md/svs_core/md=10, 1741647785172
Received update: /ndn/mk-site/mk/svs_core/mk=11, 1741647785172
Received update: /ndn/mt-site/mt/svs_core/mt=10, 1741647785172
Received update: /ndn/mt-site/mt/svs_core/mt=11, 1741647785172
Received update: /ndn/nl-site/nl/svs_core/nl=11, 1741647785172
Received update: /ndn/se-site/se/svs_core/se=9, 1741647785172
Received update: /ndn/de1-site/de1/svs_core/de1=11, 1741647785172
Max suppression time updated to: 174
Received update: /ndn/lt-site/lt/svs_core/lt=10, 1741647786708
Received update: /ndn/lt-site/lt/svs_core/lt=11, 1741647786708
Max suppression time updated to: 174
Received update: /ndn/be-site/be/svs_core/be=11, 1741647787894
Received update: /ndn/hr-site/hr/svs_core/hr=11, 1741647787894
Received update: /ndn/tr-site/tr/svs_core/tr=11, 1741647787894
Sending Sync interest
Max suppression time updated to: 174
Max suppression time updated to: 174
Received update: /ndn/lv-site/lv/svs_core/lv=11, 1741647795327
Published sequence number: /ndn/fr2-site/fr2/svs_core/fr2=11, 1741647798893
Sending Sync interest
Max suppression time updated to: 174
Received update: /ndn/al-site/al/svs_core/al=11, 1741647805565
Received update: /ndn/at-site/at/svs_core/at=11, 1741647805565
Received update: /ndn/by-site/by/svs_core/by=11, 1741647805565
Received update: /ndn/cz-site/cz/svs_core/cz=11, 1741647805565
Received update: /ndn/hu-site/hu/svs_core/hu=11, 1741647805565
Received update: /ndn/me-site/me/svs_core/me=11, 1741647805565
Received update: /ndn/ro-site/ro/svs_core/ro=11, 1741647805565
Received update: /ndn/sk-site/sk/svs_core/sk=11, 1741647805565
Max suppression time updated to: 174
Received update: /ndn/dk-site/dk/svs_core/dk=11, 1741647805781
Received update: /ndn/ee-site/ee/svs_core/ee=11, 1741647805781
Received update: /ndn/fi-site/fi/svs_core/fi=9, 1741647805781
Received update: /ndn/fi-site/fi/svs_core/fi=10, 1741647805781
Received update: /ndn/se-site/se/svs_core/se=10, 1741647805781
Received update: /ndn/se-site/se/svs_core/se=11, 1741647805781
Max suppression time updated to: 174
Received update: /ndn/ch-site/ch/svs_core/ch=11, 1741647805929
Received update: /ndn/ie-site/ie/svs_core/ie=11, 1741647805929
Received update: /ndn/is-site/is/svs_core/is=11, 1741647805929
Received update: /ndn/uk-site/uk/svs_core/uk=11, 1741647805929
Max suppression time updated to: 174
Max suppression time updated to: 174
Received update: /ndn/es-site/es/svs_core/es=11, 1741647806135
Max suppression time updated to: 174
Received update: /ndn/de1-site/de1/svs_core/de1=12, 1741647810378
Sending Sync interest
Max suppression time updated to: 174
Received update: /ndn/gr-site/gr/svs_core/gr=12, 1741647810545
Sending Sync interest
Max suppression time updated to: 174
Received update: /ndn/am-site/am/svs_core/am=11, 1741647824876
Received update: /ndn/bg-site/bg/svs_core/bg=12, 1741647824876
Received update: /ndn/ge-site/ge/svs_core/ge=12, 1741647824876
Received update: /ndn/hu-site/hu/svs_core/hu=12, 1741647824876
Received update: /ndn/it-site/it/svs_core/it=12, 1741647824876
Received update: /ndn/lu-site/lu/svs_core/lu=12, 1741647824876
Received update: /ndn/mk-site/mk/svs_core/mk=12, 1741647824876
Received update: /ndn/pt-site/pt/svs_core/pt=11, 1741647824876
Received update: /ndn/rs-site/rs/svs_core/rs=11, 1741647824876
Received update: /ndn/rs-site/rs/svs_core/rs=12, 1741647824876
Received update: /ndn/si-site/si/svs_core/si=11, 1741647824876
Received update: /ndn/ua-site/ua/svs_core/ua=11, 1741647824876
Received update: /ndn/de2-site/de2/svs_core/de2=12, 1741647824876
Max suppression time updated to: 177
Received update: /ndn/il-site/il/svs_core/il=12, 1741647839226
Max suppression time updated to: 177
Received update: /ndn/be-site/be/svs_core/be=12, 1741647839717
Received update: /ndn/cy-site/cy/svs_core/cy=12, 1741647839717
Received update: /ndn/lt-site/lt/svs_core/lt=12, 1741647839717
Received update: /ndn/mt-site/mt/svs_core/mt=12, 1741647839717
Received update: /ndn/nl-site/nl/svs_core/nl=12, 1741647839717
Received update: /ndn/pl-site/pl/svs_core/pl=12, 1741647839717
Received update: /ndn/si-site/si/svs_core/si=12, 1741647839717
Max suppression time updated to: 177
Received update: /ndn/tr-site/tr/svs_core/tr=12, 1741647839803
Received update: /ndn/fr1-site/fr1/svs_core/fr1=12, 1741647839803
Max suppression time updated to: 174
Received update: /ndn/al-site/al/svs_core/al=12, 1741647840042
Received update: /ndn/ua-site/ua/svs_core/ua=12, 1741647840042
Max suppression time updated to: 174
Received update: /ndn/az-site/az/svs_core/az=12, 1741647840442
Received update: /ndn/es-site/es/svs_core/es=12, 1741647840442
Received update: /ndn/sk-site/sk/svs_core/sk=12, 1741647840442
Max suppression time updated to: 171
Received update: /ndn/at-site/at/svs_core/at=12, 1741647840866
Received update: /ndn/cz-site/cz/svs_core/cz=12, 1741647840866
Received update: /ndn/hr-site/hr/svs_core/hr=12, 1741647840866
Received update: /ndn/ro-site/ro/svs_core/ro=12, 1741647840866
Max suppression time updated to: 171
Max suppression time updated to: 171
Received update: /ndn/is-site/is/svs_core/is=12, 1741647840938
Published sequence number: /ndn/fr2-site/fr2/svs_core/fr2=12, 1741647843900
Sending Sync interest
Max suppression time updated to: 171
Received update: /ndn/gr-site/gr/svs_core/gr=13, 1741647852994
Sending Sync interest
Max suppression time updated to: 171
Received update: /ndn/ch-site/ch/svs_core/ch=12, 1741647853180
Sending Sync interest
Max suppression time updated to: 171
Received update: /ndn/ge-site/ge/svs_core/ge=13, 1741647854303
Received update: /ndn/ie-site/ie/svs_core/ie=12, 1741647854303
Received update: /ndn/il-site/il/svs_core/il=13, 1741647854303
Received update: /ndn/lu-site/lu/svs_core/lu=13, 1741647854303
Received update: /ndn/lv-site/lv/svs_core/lv=12, 1741647854303
Received update: /ndn/uk-site/uk/svs_core/uk=12, 1741647854303
Sending Sync interest
Max suppression time updated to: 171
Received update: /ndn/dk-site/dk/svs_core/dk=12, 1741647854825
Received update: /ndn/ee-site/ee/svs_core/ee=12, 1741647854825
Received update: /ndn/md-site/md/svs_core/md=11, 1741647854825
Received update: /ndn/md-site/md/svs_core/md=12, 1741647854825
Received update: /ndn/no-site/no/svs_core/no=9, 1741647854825
Received update: /ndn/no-site/no/svs_core/no=10, 1741647854825
Received update: /ndn/no-site/no/svs_core/no=11, 1741647854825
Received update: /ndn/se-site/se/svs_core/se=12, 1741647854825
Sending Sync interest
Max suppression time updated to: 174
Max suppression time updated to: 174
Max suppression time updated to: 174
Max suppression time updated to: 174
Max suppression time updated to: 174
Sending Sync interest
Max suppression time updated to: 174
Received update: /ndn/be-site/be/svs_core/be=13, 1741647867192
Received update: /ndn/bg-site/bg/svs_core/bg=13, 1741647867192
Received update: /ndn/dk-site/dk/svs_core/dk=13, 1741647867192
Received update: /ndn/ie-site/ie/svs_core/ie=13, 1741647867192
Received update: /ndn/me-site/me/svs_core/me=12, 1741647867192
Received update: /ndn/mk-site/mk/svs_core/mk=13, 1741647867192
Received update: /ndn/pl-site/pl/svs_core/pl=13, 1741647867192
Received update: /ndn/de1-site/de1/svs_core/de1=13, 1741647867192
Max suppression time updated to: 174
Received update: /ndn/cy-site/cy/svs_core/cy=13, 1741647867204
Received update: /ndn/de2-site/de2/svs_core/de2=13, 1741647867204
Max suppression time updated to: 174
Received update: /ndn/hu-site/hu/svs_core/hu=13, 1741647867484
Received update: /ndn/tr-site/tr/svs_core/tr=13, 1741647867484
Max suppression time updated to: 174
Received update: /ndn/it-site/it/svs_core/it=13, 1741647869874
Published sequence number: /ndn/fr2-site/fr2/svs_core/fr2=13, 1741647888902
Sending Sync interest
Max suppression time updated to: 174
Received update: /ndn/am-site/am/svs_core/am=12, 1741647889025
Received update: /ndn/at-site/at/svs_core/at=13, 1741647889025
Received update: /ndn/by-site/by/svs_core/by=12, 1741647889025
Received update: /ndn/by-site/by/svs_core/by=13, 1741647889025
Received update: /ndn/nl-site/nl/svs_core/nl=13, 1741647889025
Received update: /ndn/pt-site/pt/svs_core/pt=12, 1741647889025
Max suppression time updated to: 174
Received update: /ndn/is-site/is/svs_core/is=13, 1741647893667
Received update: /ndn/uk-site/uk/svs_core/uk=13, 1741647893667
Max suppression time updated to: 171
Sending Sync interest
Max suppression time updated to: 171
Received update: /ndn/ch-site/ch/svs_core/ch=13, 1741647893897
Received update: /ndn/mt-site/mt/svs_core/mt=13, 1741647893897
Received update: /ndn/fr1-site/fr1/svs_core/fr1=13, 1741647893897
Max suppression time updated to: 171
Received update: /ndn/es-site/es/svs_core/es=13, 1741647893939
Max suppression time updated to: 171
Received update: /ndn/al-site/al/svs_core/al=13, 1741647894372
Max suppression time updated to: 171
Received update: /ndn/lu-site/lu/svs_core/lu=14, 1741647896277
Max suppression time updated to: 171
Received update: /ndn/am-site/am/svs_core/am=13, 1741647902640
Received update: /ndn/az-site/az/svs_core/az=13, 1741647902640
Received update: /ndn/az-site/az/svs_core/az=14, 1741647902640
Received update: /ndn/cz-site/cz/svs_core/cz=13, 1741647902640
Received update: /ndn/mk-site/mk/svs_core/mk=14, 1741647902640
Received update: /ndn/sk-site/sk/svs_core/sk=13, 1741647902640
Received update: /ndn/ua-site/ua/svs_core/ua=13, 1741647902640
Max suppression time updated to: 171
Max suppression time updated to: 171
Received update: /ndn/gr-site/gr/svs_core/gr=14, 1741647903071
Received update: /ndn/hr-site/hr/svs_core/hr=13, 1741647903071
Received update: /ndn/ro-site/ro/svs_core/ro=13, 1741647903071
Max suppression time updated to: 168
Received update: /ndn/bg-site/bg/svs_core/bg=14, 1741647910504
Received update: /ndn/cy-site/cy/svs_core/cy=14, 1741647910504
Received update: /ndn/ge-site/ge/svs_core/ge=14, 1741647910504
Received update: /ndn/hu-site/hu/svs_core/hu=14, 1741647910504
Received update: /ndn/il-site/il/svs_core/il=14, 1741647910504
Received update: /ndn/rs-site/rs/svs_core/rs=13, 1741647910504
Received update: /ndn/si-site/si/svs_core/si=13, 1741647910504
Received update: /ndn/de2-site/de2/svs_core/de2=14, 1741647910504
Max suppression time updated to: 165
Received update: /ndn/fr1-site/fr1/svs_core/fr1=14, 1741647910590
Max suppression time updated to: 165
Received update: /ndn/at-site/at/svs_core/at=14, 1741647931571
Received update: /ndn/cz-site/cz/svs_core/cz=14, 1741647931571
Received update: /ndn/hr-site/hr/svs_core/hr=14, 1741647931571
Received update: /ndn/lv-site/lv/svs_core/lv=13, 1741647931571
Received update: /ndn/pl-site/pl/svs_core/pl=14, 1741647931571
Received update: /ndn/ro-site/ro/svs_core/ro=14, 1741647931571
Received update: /ndn/si-site/si/svs_core/si=14, 1741647931571
Received update: /ndn/sk-site/sk/svs_core/sk=14, 1741647931571
Received update: /ndn/tr-site/tr/svs_core/tr=14, 1741647931571
Max suppression time updated to: 165
Received update: /ndn/md-site/md/svs_core/md=13, 1741647931615
Received update: /ndn/md-site/md/svs_core/md=14, 1741647931615
Sending Sync interest
Max suppression time updated to: 171
Max suppression time updated to: 174
Received update: /ndn/dk-site/dk/svs_core/dk=14, 1741647931791
Received update: /ndn/nl-site/nl/svs_core/nl=14, 1741647931791
Received update: /ndn/de1-site/de1/svs_core/de1=14, 1741647931791
Max suppression time updated to: 174
Received update: /ndn/es-site/es/svs_core/es=14, 1741647931929
Max suppression time updated to: 174
Received update: /ndn/al-site/al/svs_core/al=14, 1741647933367
Received update: /ndn/it-site/it/svs_core/it=14, 1741647933367
Received update: /ndn/mt-site/mt/svs_core/mt=14, 1741647933367
Received update: /ndn/rs-site/rs/svs_core/rs=14, 1741647933367
Received update: /ndn/ua-site/ua/svs_core/ua=14, 1741647933367
Max suppression time updated to: 174
Published sequence number: /ndn/fr2-site/fr2/svs_core/fr2=14, 1741647933908
Sending Sync interest
Max suppression time updated to: 174
Received update: /ndn/ch-site/ch/svs_core/ch=14, 1741647935835
Received update: /ndn/lt-site/lt/svs_core/lt=13, 1741647935835
Received update: /ndn/lt-site/lt/svs_core/lt=14, 1741647935835
Received update: /ndn/me-site/me/svs_core/me=13, 1741647935835
Max suppression time updated to: 174
Received update: /ndn/lv-site/lv/svs_core/lv=14, 1741647936019
Max suppression time updated to: 174
Received update: /ndn/am-site/am/svs_core/am=14, 1741647956923
Received update: /ndn/be-site/be/svs_core/be=14, 1741647956923
Received update: /ndn/be-site/be/svs_core/be=15, 1741647956923
Received update: /ndn/bg-site/bg/svs_core/bg=15, 1741647956923
Received update: /ndn/ge-site/ge/svs_core/ge=15, 1741647956923
Received update: /ndn/gr-site/gr/svs_core/gr=15, 1741647956923
Received update: /ndn/hu-site/hu/svs_core/hu=15, 1741647956923
Received update: /ndn/lu-site/lu/svs_core/lu=15, 1741647956923
Received update: /ndn/me-site/me/svs_core/me=14, 1741647956923
Received update: /ndn/mk-site/mk/svs_core/mk=15, 1741647956923
Received update: /ndn/no-site/no/svs_core/no=12, 1741647956923
Received update: /ndn/no-site/no/svs_core/no=13, 1741647956923
Received update: /ndn/no-site/no/svs_core/no=14, 1741647956923
Received update: /ndn/pt-site/pt/svs_core/pt=13, 1741647956923
Received update: /ndn/pt-site/pt/svs_core/pt=14, 1741647956923
Received update: /ndn/rs-site/rs/svs_core/rs=15, 1741647956923
Received update: /ndn/uk-site/uk/svs_core/uk=14, 1741647956923
Received update: /ndn/de1-site/de1/svs_core/de1=15, 1741647956923
Received update: /ndn/de2-site/de2/svs_core/de2=15, 1741647956923
Max suppression time updated to: 174
Received update: /ndn/dk-site/dk/svs_core/dk=15, 1741647960260
Received update: /ndn/is-site/is/svs_core/is=14, 1741647960260
Received update: /ndn/it-site/it/svs_core/it=15, 1741647960260
Received update: /ndn/fr1-site/fr1/svs_core/fr1=15, 1741647960260
Max suppression time updated to: 174
Received update: /ndn/az-site/az/svs_core/az=15, 1741647960563
Received update: /ndn/by-site/by/svs_core/by=14, 1741647960563
Received update: /ndn/by-site/by/svs_core/by=15, 1741647960563
Received update: /ndn/cy-site/cy/svs_core/cy=15, 1741647960563
Received update: /ndn/pl-site/pl/svs_core/pl=15, 1741647960563
Published sequence number: /ndn/fr2-site/fr2/svs_core/fr2=15, 1741647978913
Sending Sync interest
Max suppression time updated to: 174
Received update: /ndn/at-site/at/svs_core/at=15, 1741647979254
Received update: /ndn/hr-site/hr/svs_core/hr=15, 1741647979254
Received update: /ndn/mt-site/mt/svs_core/mt=15, 1741647979254
Received update: /ndn/nl-site/nl/svs_core/nl=15, 1741647979254
Received update: /ndn/si-site/si/svs_core/si=15, 1741647979254
Received update: /ndn/tr-site/tr/svs_core/tr=15, 1741647979254
Max suppression time updated to: 174
Received update: /ndn/ee-site/ee/svs_core/ee=13, 1741647979416
Received update: /ndn/ee-site/ee/svs_core/ee=14, 1741647979416
Received update: /ndn/lt-site/lt/svs_core/lt=15, 1741647979416
Max suppression time updated to: 168
Received update: /ndn/es-site/es/svs_core/es=15, 1741647979416
Max suppression time updated to: 168
Received update: /ndn/ch-site/ch/svs_core/ch=15, 1741647980833
Sending Sync interest
Max suppression time updated to: 168
Received update: /ndn/il-site/il/svs_core/il=15, 1741647981159
Received update: /ndn/sk-site/sk/svs_core/sk=15, 1741647981159
Sending Sync interest
Max suppression time updated to: 168
Received update: /ndn/fi-site/fi/svs_core/fi=11, 1741647986627
Received update: /ndn/fi-site/fi/svs_core/fi=12, 1741647986627
Received update: /ndn/fi-site/fi/svs_core/fi=13, 1741647986627
Received update: /ndn/fi-site/fi/svs_core/fi=14, 1741647986627
Received update: /ndn/ge-site/ge/svs_core/ge=16, 1741647986627
Received update: /ndn/ie-site/ie/svs_core/ie=14, 1741647986627
Received update: /ndn/ie-site/ie/svs_core/ie=15, 1741647986627
Received update: /ndn/se-site/se/svs_core/se=13, 1741647986627
Received update: /ndn/se-site/se/svs_core/se=14, 1741647986627
Received update: /ndn/se-site/se/svs_core/se=15, 1741647986627
Received update: /ndn/uk-site/uk/svs_core/uk=15, 1741647986627
Max suppression time updated to: 168
Received update: /ndn/cz-site/cz/svs_core/cz=15, 1741647986835
Received update: /ndn/md-site/md/svs_core/md=15, 1741647986835
Received update: /ndn/ro-site/ro/svs_core/ro=15, 1741647986835
Sending Sync interest
Max suppression time updated to: 168
Received update: /ndn/be-site/be/svs_core/be=16, 1741648000925
Received update: /ndn/cy-site/cy/svs_core/cy=16, 1741648000925
Received update: /ndn/ee-site/ee/svs_core/ee=15, 1741648000925
Received update: /ndn/gr-site/gr/svs_core/gr=16, 1741648000925
Received update: /ndn/is-site/is/svs_core/is=15, 1741648000925
Received update: /ndn/lu-site/lu/svs_core/lu=16, 1741648000925
Received update: /ndn/pl-site/pl/svs_core/pl=16, 1741648000925
Max suppression time updated to: 168
Received update: /ndn/am-site/am/svs_core/am=15, 1741648001988
Received update: /ndn/bg-site/bg/svs_core/bg=16, 1741648001988
Received update: /ndn/hu-site/hu/svs_core/hu=16, 1741648001988
Received update: /ndn/il-site/il/svs_core/il=16, 1741648001988
Received update: /ndn/mk-site/mk/svs_core/mk=16, 1741648001988
Received update: /ndn/rs-site/rs/svs_core/rs=16, 1741648001988
Received update: /ndn/de2-site/de2/svs_core/de2=16, 1741648001988
Published sequence number: /ndn/fr2-site/fr2/svs_core/fr2=16, 1741648023921
Sending Sync interest
Max suppression time updated to: 168
Received update: /ndn/am-site/am/svs_core/am=16, 1741648026299
Received update: /ndn/at-site/at/svs_core/at=16, 1741648026299
Received update: /ndn/az-site/az/svs_core/az=16, 1741648026299
Received update: /ndn/by-site/by/svs_core/by=16, 1741648026299
Received update: /ndn/ch-site/ch/svs_core/ch=16, 1741648026299
Received update: /ndn/cz-site/cz/svs_core/cz=16, 1741648026299
Received update: /ndn/ie-site/ie/svs_core/ie=16, 1741648026299
Received update: /ndn/it-site/it/svs_core/it=16, 1741648026299
Received update: /ndn/lt-site/lt/svs_core/lt=16, 1741648026299
Received update: /ndn/lv-site/lv/svs_core/lv=15, 1741648026299
Received update: /ndn/lv-site/lv/svs_core/lv=16, 1741648026299
Received update: /ndn/me-site/me/svs_core/me=15, 1741648026299
Received update: /ndn/nl-site/nl/svs_core/nl=16, 1741648026299
Received update: /ndn/pt-site/pt/svs_core/pt=15, 1741648026299
Received update: /ndn/pt-site/pt/svs_core/pt=16, 1741648026299
Received update: /ndn/sk-site/sk/svs_core/sk=16, 1741648026299
Received update: /ndn/tr-site/tr/svs_core/tr=16, 1741648026299
Received update: /ndn/de1-site/de1/svs_core/de1=16, 1741648026299
Received update: /ndn/fr1-site/fr1/svs_core/fr1=16, 1741648026299
Max suppression time updated to: 168
Received update: /ndn/es-site/es/svs_core/es=16, 1741648026348
Max suppression time updated to: 168
Received update: /ndn/dk-site/dk/svs_core/dk=16, 1741648028322
Received update: /ndn/is-site/is/svs_core/is=16, 1741648028322
Received update: /ndn/uk-site/uk/svs_core/uk=16, 1741648028322
Sending Sync interest
Sending Sync interest
Stopping SVS client: /ndn/fr2-site/fr2/svs_core/fr2
