SVS client starting: /ndn/il-site/il/svs_core/il
Sending Sync interest
Received update: /ndn/mt-site/mt/svs_core/mt=1, 1741648853319
Received update: /ndn/ee-site/ee/svs_core/ee=1, 1741648856821
Received update: /ndn/lu-site/lu/svs_core/lu=1, 1741648856991
Received update: /ndn/pt-site/pt/svs_core/pt=1, 1741648857071
Received update: /ndn/de1-site/de1/svs_core/de1=1, 1741648857071
Received update: /ndn/am-site/am/svs_core/am=1, 1741648857450
Received update: /ndn/hr-site/hr/svs_core/hr=1, 1741648857701
Received update: /ndn/al-site/al/svs_core/al=1, 1741648860780
Received update: /ndn/mk-site/mk/svs_core/mk=1, 1741648860812
Received update: /ndn/cz-site/cz/svs_core/cz=1, 1741648861028
Received update: /ndn/fr1-site/fr1/svs_core/fr1=1, 1741648861028
Received update: /ndn/ua-site/ua/svs_core/ua=1, 1741648862167
Received update: /ndn/lt-site/lt/svs_core/lt=1, 1741648864708
Received update: /ndn/sk-site/sk/svs_core/sk=1, 1741648864708
Received update: /ndn/pl-site/pl/svs_core/pl=1, 1741648864784
Received update: /ndn/be-site/be/svs_core/be=1, 1741648866610
Received update: /ndn/me-site/me/svs_core/me=1, 1741648866872
Published sequence number: /ndn/il-site/il/svs_core/il=1, 1741648866894
Sending Sync interest
Received update: /ndn/ch-site/ch/svs_core/ch=1, 1741648870967
Received update: /ndn/lv-site/lv/svs_core/lv=1, 1741648870967
Received update: /ndn/az-site/az/svs_core/az=1, 1741648879359
Received update: /ndn/fi-site/fi/svs_core/fi=1, 1741648879359
Received update: /ndn/it-site/it/svs_core/it=1, 1741648879359
Received update: /ndn/fr2-site/fr2/svs_core/fr2=1, 1741648879359
Received update: /ndn/es-site/es/svs_core/es=1, 1741648879482
Received update: /ndn/dk-site/dk/svs_core/dk=1, 1741648880056
Received update: /ndn/rs-site/rs/svs_core/rs=1, 1741648880056
Received update: /ndn/is-site/is/svs_core/is=1, 1741648880266
Received update: /ndn/si-site/si/svs_core/si=1, 1741648881998
Received update: /ndn/ge-site/ge/svs_core/ge=1, 1741648883575
Received update: /ndn/md-site/md/svs_core/md=1, 1741648883575
Received update: /ndn/ro-site/ro/svs_core/ro=1, 1741648883575
Received update: /ndn/cy-site/cy/svs_core/cy=1, 1741648884350
Received update: /ndn/uk-site/uk/svs_core/uk=1, 1741648886001
Received update: /ndn/nl-site/nl/svs_core/nl=1, 1741648888641
Received update: /ndn/hu-site/hu/svs_core/hu=1, 1741648894351
Received update: /ndn/ie-site/ie/svs_core/ie=1, 1741648894351
Received update: /ndn/tr-site/tr/svs_core/tr=1, 1741648894351
Received update: /ndn/de2-site/de2/svs_core/de2=1, 1741648894425
Received update: /ndn/bg-site/bg/svs_core/bg=1, 1741648894622
Received update: /ndn/gr-site/gr/svs_core/gr=1, 1741648894622
Received update: /ndn/at-site/at/svs_core/at=1, 1741648895105
Received update: /ndn/by-site/by/svs_core/by=1, 1741648895105
Received update: /ndn/mt-site/mt/svs_core/mt=2, 1741648898371
Received update: /ndn/se-site/se/svs_core/se=1, 1741648899735
Received update: /ndn/lu-site/lu/svs_core/lu=2, 1741648900649
Received update: /ndn/pt-site/pt/svs_core/pt=2, 1741648900649
Received update: /ndn/de1-site/de1/svs_core/de1=2, 1741648902025
Received update: /ndn/hr-site/hr/svs_core/hr=2, 1741648905819
Received update: /ndn/mk-site/mk/svs_core/mk=2, 1741648905819
Received update: /ndn/al-site/al/svs_core/al=2, 1741648906052
Received update: /ndn/no-site/no/svs_core/no=1, 1741648906052
Received update: /ndn/am-site/am/svs_core/am=2, 1741648906132
Received update: /ndn/fr1-site/fr1/svs_core/fr1=2, 1741648906132
Received update: /ndn/pl-site/pl/svs_core/pl=2, 1741648909890
Received update: /ndn/ee-site/ee/svs_core/ee=2, 1741648910088
Received update: /ndn/sk-site/sk/svs_core/sk=2, 1741648910088
Received update: /ndn/cz-site/cz/svs_core/cz=2, 1741648910260
Received update: /ndn/me-site/me/svs_core/me=2, 1741648911344
Received update: /ndn/be-site/be/svs_core/be=2, 1741648911613
Published sequence number: /ndn/il-site/il/svs_core/il=2, 1741648911897
Sending Sync interest
Received update: /ndn/it-site/it/svs_core/it=2, 1741648918873
Received update: /ndn/lt-site/lt/svs_core/lt=2, 1741648918873
Received update: /ndn/ua-site/ua/svs_core/ua=2, 1741648918960
Received update: /ndn/ch-site/ch/svs_core/ch=2, 1741648918988
Received update: /ndn/fr2-site/fr2/svs_core/fr2=2, 1741648918988
Received update: /ndn/rs-site/rs/svs_core/rs=2, 1741648919924
Received update: /ndn/az-site/az/svs_core/az=2, 1741648919934
Received update: /ndn/lv-site/lv/svs_core/lv=2, 1741648920150
Received update: /ndn/es-site/es/svs_core/es=2, 1741648920232
Received update: /ndn/si-site/si/svs_core/si=2, 1741648927030
Received update: /ndn/dk-site/dk/svs_core/dk=2, 1741648927256
Received update: /ndn/is-site/is/svs_core/is=2, 1741648927289
Received update: /ndn/cy-site/cy/svs_core/cy=2, 1741648929356
Received update: /ndn/ge-site/ge/svs_core/ge=2, 1741648929356
Received update: /ndn/md-site/md/svs_core/md=2, 1741648933742
Received update: /ndn/nl-site/nl/svs_core/nl=2, 1741648933742
Received update: /ndn/ro-site/ro/svs_core/ro=2, 1741648933742
Received update: /ndn/uk-site/uk/svs_core/uk=2, 1741648933742
Received update: /ndn/ie-site/ie/svs_core/ie=2, 1741648933936
Received update: /ndn/hu-site/hu/svs_core/hu=2, 1741648935398
Received update: /ndn/fi-site/fi/svs_core/fi=2, 1741648935560
Received update: /ndn/no-site/no/svs_core/no=2, 1741648935560
Received update: /ndn/se-site/se/svs_core/se=2, 1741648935653
Received update: /ndn/de2-site/de2/svs_core/de2=2, 1741648935680
Received update: /ndn/bg-site/bg/svs_core/bg=2, 1741648938470
Received update: /ndn/gr-site/gr/svs_core/gr=2, 1741648938470
Received update: /ndn/tr-site/tr/svs_core/tr=2, 1741648939349
Received update: /ndn/am-site/am/svs_core/am=3, 1741648947104
Received update: /ndn/at-site/at/svs_core/at=2, 1741648947104
Received update: /ndn/de1-site/de1/svs_core/de1=3, 1741648947104
Received update: /ndn/by-site/by/svs_core/by=2, 1741648947126
Received update: /ndn/lu-site/lu/svs_core/lu=3, 1741648947238
Received update: /ndn/hr-site/hr/svs_core/hr=3, 1741648947349
Received update: /ndn/ee-site/ee/svs_core/ee=3, 1741648947554
Received update: /ndn/pt-site/pt/svs_core/pt=3, 1741648947554
Received update: /ndn/cz-site/cz/svs_core/cz=3, 1741648950894
Received update: /ndn/mk-site/mk/svs_core/mk=3, 1741648950894
Received update: /ndn/mt-site/mt/svs_core/mt=3, 1741648950894
Received update: /ndn/al-site/al/svs_core/al=3, 1741648950917
Received update: /ndn/fr1-site/fr1/svs_core/fr1=3, 1741648951056
Received update: /ndn/sk-site/sk/svs_core/sk=3, 1741648953411
Received update: /ndn/be-site/be/svs_core/be=3, 1741648956621
Received update: /ndn/lt-site/lt/svs_core/lt=3, 1741648956704
Received update: /ndn/me-site/me/svs_core/me=3, 1741648956704
Received update: /ndn/pl-site/pl/svs_core/pl=3, 1741648956704
Published sequence number: /ndn/il-site/il/svs_core/il=3, 1741648956900
Sending Sync interest
Received update: /ndn/ua-site/ua/svs_core/ua=3, 1741648956952
Received update: /ndn/lv-site/lv/svs_core/lv=3, 1741648961011
Received update: /ndn/ch-site/ch/svs_core/ch=3, 1741648961255
Received update: /ndn/it-site/it/svs_core/it=3, 1741648964019
Received update: /ndn/fr2-site/fr2/svs_core/fr2=3, 1741648964019
Received update: /ndn/es-site/es/svs_core/es=3, 1741648964458
Received update: /ndn/fi-site/fi/svs_core/fi=3, 1741648969293
Received update: /ndn/rs-site/rs/svs_core/rs=3, 1741648969293
Received update: /ndn/az-site/az/svs_core/az=3, 1741648969386
Received update: /ndn/dk-site/dk/svs_core/dk=3, 1741648970050
Received update: /ndn/is-site/is/svs_core/is=3, 1741648972890
Received update: /ndn/ro-site/ro/svs_core/ro=3, 1741648972890
Received update: /ndn/ge-site/ge/svs_core/ge=3, 1741648973011
Received update: /ndn/cy-site/cy/svs_core/cy=3, 1741648974378
Received update: /ndn/si-site/si/svs_core/si=3, 1741648974378
Received update: /ndn/nl-site/nl/svs_core/nl=3, 1741648978889
Received update: /ndn/uk-site/uk/svs_core/uk=3, 1741648978889
Received update: /ndn/se-site/se/svs_core/se=3, 1741648980375
Received update: /ndn/hu-site/hu/svs_core/hu=3, 1741648980523
Received update: /ndn/de2-site/de2/svs_core/de2=3, 1741648980682
Received update: /ndn/gr-site/gr/svs_core/gr=3, 1741648980893
Received update: /ndn/md-site/md/svs_core/md=3, 1741648980893
Received update: /ndn/bg-site/bg/svs_core/bg=3, 1741648983553
Received update: /ndn/ie-site/ie/svs_core/ie=3, 1741648983553
Received update: /ndn/by-site/by/svs_core/by=3, 1741648983601
Received update: /ndn/tr-site/tr/svs_core/tr=3, 1741648984348
Received update: /ndn/at-site/at/svs_core/at=3, 1741648986863
Received update: /ndn/lu-site/lu/svs_core/lu=4, 1741648986863
Received update: /ndn/mt-site/mt/svs_core/mt=4, 1741648988339
Received update: /ndn/am-site/am/svs_core/am=4, 1741648991585
Received update: /ndn/no-site/no/svs_core/no=3, 1741648991585
Received update: /ndn/pt-site/pt/svs_core/pt=4, 1741648991585
Received update: /ndn/hr-site/hr/svs_core/hr=4, 1741648992276
Received update: /ndn/al-site/al/svs_core/al=4, 1741648995791
Received update: /ndn/cz-site/cz/svs_core/cz=4, 1741648995991
Received update: /ndn/ee-site/ee/svs_core/ee=4, 1741648999787
Received update: /ndn/lt-site/lt/svs_core/lt=4, 1741648999787
Received update: /ndn/mk-site/mk/svs_core/mk=4, 1741648999787
Received update: /ndn/pl-site/pl/svs_core/pl=4, 1741648999787
Received update: /ndn/fr1-site/fr1/svs_core/fr1=4, 1741648999787
Received update: /ndn/ua-site/ua/svs_core/ua=4, 1741648999967
Published sequence number: /ndn/il-site/il/svs_core/il=4, 1741649001907
Sending Sync interest
Max suppression time updated to: 106
Received update: /ndn/be-site/be/svs_core/be=4, 1741649002063
Received update: /ndn/sk-site/sk/svs_core/sk=4, 1741649002063
Max suppression time updated to: 102
Max suppression time updated to: 96
Received update: /ndn/me-site/me/svs_core/me=4, 1741649002232
Sending Sync interest
Received update: /ndn/lv-site/lv/svs_core/lv=4, 1741649005975
Received update: /ndn/ch-site/ch/svs_core/ch=4, 1741649006261
Received update: /ndn/it-site/it/svs_core/it=4, 1741649008585
Received update: /ndn/az-site/az/svs_core/az=4, 1741649009201
Sending Sync interest
Received update: /ndn/fr2-site/fr2/svs_core/fr2=4, 1741649009386
Received update: /ndn/es-site/es/svs_core/es=4, 1741649009470
Received update: /ndn/dk-site/dk/svs_core/dk=4, 1741649015059
Received update: /ndn/rs-site/rs/svs_core/rs=4, 1741649015059
Received update: /ndn/ge-site/ge/svs_core/ge=4, 1741649020085
Received update: /ndn/is-site/is/svs_core/is=4, 1741649020085
Received update: /ndn/ro-site/ro/svs_core/ro=4, 1741649020085
Received update: /ndn/si-site/si/svs_core/si=4, 1741649020085
Received update: /ndn/de1-site/de1/svs_core/de1=4, 1741649020085
Received update: /ndn/cy-site/cy/svs_core/cy=4, 1741649020189
Received update: /ndn/md-site/md/svs_core/md=4, 1741649020189
Received update: /ndn/no-site/no/svs_core/no=4, 1741649022903
Received update: /ndn/uk-site/uk/svs_core/uk=4, 1741649022991
Received update: /ndn/ie-site/ie/svs_core/ie=4, 1741649023230
Received update: /ndn/nl-site/nl/svs_core/nl=4, 1741649023655
Received update: /ndn/hu-site/hu/svs_core/hu=4, 1741649025395
Received update: /ndn/gr-site/gr/svs_core/gr=4, 1741649025791
Sending Sync interest
Received update: /ndn/de2-site/de2/svs_core/de2=4, 1741649025919
Received update: /ndn/by-site/by/svs_core/by=4, 1741649028138
Received update: /ndn/fi-site/fi/svs_core/fi=4, 1741649028250
Received update: /ndn/se-site/se/svs_core/se=4, 1741649028250
Received update: /ndn/bg-site/bg/svs_core/bg=4, 1741649029371
Received update: /ndn/tr-site/tr/svs_core/tr=4, 1741649029371
Received update: /ndn/at-site/at/svs_core/at=4, 1741649029518
Received update: /ndn/am-site/am/svs_core/am=5, 1741649036545
Received update: /ndn/lu-site/lu/svs_core/lu=5, 1741649036545
Received update: /ndn/mt-site/mt/svs_core/mt=5, 1741649036545
Received update: /ndn/hr-site/hr/svs_core/hr=5, 1741649037292
Received update: /ndn/ee-site/ee/svs_core/ee=5, 1741649037505
Received update: /ndn/al-site/al/svs_core/al=5, 1741649040935
Received update: /ndn/mk-site/mk/svs_core/mk=5, 1741649040935
Received update: /ndn/de1-site/de1/svs_core/de1=5, 1741649040935
Received update: /ndn/pt-site/pt/svs_core/pt=5, 1741649040938
Received update: /ndn/fr1-site/fr1/svs_core/fr1=5, 1741649041030
Received update: /ndn/cz-site/cz/svs_core/cz=5, 1741649041250
Received update: /ndn/sk-site/sk/svs_core/sk=5, 1741649043516
Received update: /ndn/ua-site/ua/svs_core/ua=5, 1741649043516
Received update: /ndn/lt-site/lt/svs_core/lt=5, 1741649044794
Received update: /ndn/pl-site/pl/svs_core/pl=5, 1741649044794
Sending Sync interest
Published sequence number: /ndn/il-site/il/svs_core/il=5, 1741649046913
Sending Sync interest
Received update: /ndn/be-site/be/svs_core/be=5, 1741649048228
Received update: /ndn/ch-site/ch/svs_core/ch=5, 1741649048228
Sending Sync interest
Max suppression time updated to: 94
Received update: /ndn/me-site/me/svs_core/me=5, 1741649048534
Received update: /ndn/it-site/it/svs_core/it=5, 1741649053719
Received update: /ndn/lv-site/lv/svs_core/lv=5, 1741649053779
Received update: /ndn/fr2-site/fr2/svs_core/fr2=5, 1741649053961
Received update: /ndn/es-site/es/svs_core/es=5, 1741649060279
Received update: /ndn/fi-site/fi/svs_core/fi=5, 1741649060279
Received update: /ndn/is-site/is/svs_core/is=5, 1741649060279
Received update: /ndn/rs-site/rs/svs_core/rs=5, 1741649060413
Received update: /ndn/az-site/az/svs_core/az=5, 1741649060415
Received update: /ndn/dk-site/dk/svs_core/dk=5, 1741649060661
Received update: /ndn/md-site/md/svs_core/md=5, 1741649063520
Received update: /ndn/ro-site/ro/svs_core/ro=5, 1741649063520
Received update: /ndn/si-site/si/svs_core/si=5, 1741649063670
Received update: /ndn/cy-site/cy/svs_core/cy=5, 1741649064373
Received update: /ndn/ge-site/ge/svs_core/ge=5, 1741649064373
Received update: /ndn/ie-site/ie/svs_core/ie=5, 1741649067394
Received update: /ndn/uk-site/uk/svs_core/uk=5, 1741649067394
Received update: /ndn/hu-site/hu/svs_core/hu=5, 1741649070520
Received update: /ndn/nl-site/nl/svs_core/nl=5, 1741649070520
Received update: /ndn/se-site/se/svs_core/se=5, 1741649070642
Received update: /ndn/de2-site/de2/svs_core/de2=5, 1741649070690
Received update: /ndn/bg-site/bg/svs_core/bg=5, 1741649073451
Received update: /ndn/by-site/by/svs_core/by=5, 1741649074363
Received update: /ndn/gr-site/gr/svs_core/gr=5, 1741649074363
Received update: /ndn/tr-site/tr/svs_core/tr=5, 1741649074363
Received update: /ndn/at-site/at/svs_core/at=5, 1741649074538
Received update: /ndn/lu-site/lu/svs_core/lu=6, 1741649076874
Received update: /ndn/am-site/am/svs_core/am=6, 1741649081478
Received update: /ndn/hr-site/hr/svs_core/hr=6, 1741649082297
Received update: /ndn/no-site/no/svs_core/no=5, 1741649082616
Received update: /ndn/pt-site/pt/svs_core/pt=6, 1741649082616
Received update: /ndn/de1-site/de1/svs_core/de1=6, 1741649082704
Received update: /ndn/ee-site/ee/svs_core/ee=6, 1741649085820
Received update: /ndn/mk-site/mk/svs_core/mk=6, 1741649085820
Received update: /ndn/mt-site/mt/svs_core/mt=6, 1741649085820
Received update: /ndn/al-site/al/svs_core/al=6, 1741649085952
Sending Sync interest
Received update: /ndn/fr1-site/fr1/svs_core/fr1=6, 1741649086050
Received update: /ndn/cz-site/cz/svs_core/cz=6, 1741649086266
Sending Sync interest
Received update: /ndn/sk-site/sk/svs_core/sk=6, 1741649088326
Received update: /ndn/ua-site/ua/svs_core/ua=6, 1741649088406
Received update: /ndn/lt-site/lt/svs_core/lt=6, 1741649089807
Received update: /ndn/pl-site/pl/svs_core/pl=6, 1741649089807
Published sequence number: /ndn/il-site/il/svs_core/il=6, 1741649091920
Sending Sync interest
Received update: /ndn/be-site/be/svs_core/be=6, 1741649093235
Received update: /ndn/ch-site/ch/svs_core/ch=6, 1741649093235
Received update: /ndn/es-site/es/svs_core/es=6, 1741649099474
Received update: /ndn/it-site/it/svs_core/it=6, 1741649099474
Received update: /ndn/lv-site/lv/svs_core/lv=6, 1741649099474
Received update: /ndn/me-site/me/svs_core/me=6, 1741649099474
Received update: /ndn/fr2-site/fr2/svs_core/fr2=6, 1741649099474
Received update: /ndn/az-site/az/svs_core/az=6, 1741649099979
Received update: /ndn/rs-site/rs/svs_core/rs=6, 1741649099979
Received update: /ndn/dk-site/dk/svs_core/dk=6, 1741649107804
Received update: /ndn/ge-site/ge/svs_core/ge=6, 1741649107804
Received update: /ndn/is-site/is/svs_core/is=6, 1741649107804
Received update: /ndn/ro-site/ro/svs_core/ro=6, 1741649108155
Received update: /ndn/si-site/si/svs_core/si=6, 1741649108155
Received update: /ndn/cy-site/cy/svs_core/cy=6, 1741649112399
Received update: /ndn/fi-site/fi/svs_core/fi=6, 1741649112399
Received update: /ndn/ie-site/ie/svs_core/ie=6, 1741649112399
Received update: /ndn/uk-site/uk/svs_core/uk=6, 1741649112510
Received update: /ndn/md-site/md/svs_core/md=6, 1741649112968
Received update: /ndn/no-site/no/svs_core/no=6, 1741649112968
Received update: /ndn/hu-site/hu/svs_core/hu=6, 1741649115400
Received update: /ndn/nl-site/nl/svs_core/nl=6, 1741649115400
Received update: /ndn/se-site/se/svs_core/se=6, 1741649115471
Received update: /ndn/at-site/at/svs_core/at=6, 1741649119665
Received update: /ndn/bg-site/bg/svs_core/bg=6, 1741649119665
Received update: /ndn/gr-site/gr/svs_core/gr=6, 1741649119665
Received update: /ndn/de2-site/de2/svs_core/de2=6, 1741649119665
Received update: /ndn/tr-site/tr/svs_core/tr=6, 1741649119791
Received update: /ndn/lu-site/lu/svs_core/lu=7, 1741649121880
Received update: /ndn/pt-site/pt/svs_core/pt=7, 1741649125761
Received update: /ndn/by-site/by/svs_core/by=6, 1741649125897
Received update: /ndn/mt-site/mt/svs_core/mt=7, 1741649125933
Received update: /ndn/am-site/am/svs_core/am=7, 1741649126483
Sending Sync interest
Received update: /ndn/hr-site/hr/svs_core/hr=7, 1741649127315
Received update: /ndn/ee-site/ee/svs_core/ee=7, 1741649127477
Received update: /ndn/de1-site/de1/svs_core/de1=7, 1741649127557
Received update: /ndn/al-site/al/svs_core/al=7, 1741649131249
Received update: /ndn/mk-site/mk/svs_core/mk=7, 1741649131249
Received update: /ndn/fr1-site/fr1/svs_core/fr1=7, 1741649131249
Received update: /ndn/cz-site/cz/svs_core/cz=7, 1741649131251
Received update: /ndn/sk-site/sk/svs_core/sk=7, 1741649133330
Received update: /ndn/me-site/me/svs_core/me=7, 1741649136412
Received update: /ndn/pl-site/pl/svs_core/pl=7, 1741649136412
Received update: /ndn/lt-site/lt/svs_core/lt=7, 1741649136578
Published sequence number: /ndn/il-site/il/svs_core/il=7, 1741649136927
Sending Sync interest
Received update: /ndn/ch-site/ch/svs_core/ch=7, 1741649138249
Sending Sync interest
Sending Sync interest
Max suppression time updated to: 90
Received update: /ndn/be-site/be/svs_core/be=7, 1741649138491
Max suppression time updated to: 90
Received update: /ndn/ua-site/ua/svs_core/ua=7, 1741649138728
Received update: /ndn/lv-site/lv/svs_core/lv=7, 1741649140991
Received update: /ndn/it-site/it/svs_core/it=7, 1741649143953
Received update: /ndn/fr2-site/fr2/svs_core/fr2=7, 1741649143953
Received update: /ndn/es-site/es/svs_core/es=7, 1741649144477
Received update: /ndn/az-site/az/svs_core/az=7, 1741649144539
Received update: /ndn/fi-site/fi/svs_core/fi=7, 1741649149295
Received update: /ndn/rs-site/rs/svs_core/rs=7, 1741649149469
Received update: /ndn/ro-site/ro/svs_core/ro=7, 1741649152772
Received update: /ndn/dk-site/dk/svs_core/dk=7, 1741649153053
Received update: /ndn/is-site/is/svs_core/is=7, 1741649153053
Received update: /ndn/si-site/si/svs_core/si=7, 1741649153094
Received update: /ndn/cy-site/cy/svs_core/cy=7, 1741649154384
Received update: /ndn/ge-site/ge/svs_core/ge=7, 1741649154384
Sending Sync interest
Received update: /ndn/uk-site/uk/svs_core/uk=7, 1741649156029
Received update: /ndn/bg-site/bg/svs_core/bg=7, 1741649163430
Received update: /ndn/gr-site/gr/svs_core/gr=7, 1741649163430
Received update: /ndn/hu-site/hu/svs_core/hu=7, 1741649163430
Received update: /ndn/md-site/md/svs_core/md=7, 1741649163430
Received update: /ndn/nl-site/nl/svs_core/nl=7, 1741649163430
Received update: /ndn/de2-site/de2/svs_core/de2=7, 1741649163430
Received update: /ndn/tr-site/tr/svs_core/tr=7, 1741649164374
Received update: /ndn/ie-site/ie/svs_core/ie=7, 1741649164426
Received update: /ndn/at-site/at/svs_core/at=7, 1741649164664
Received update: /ndn/se-site/se/svs_core/se=7, 1741649164664
Sending Sync interest
Received update: /ndn/lu-site/lu/svs_core/lu=8, 1741649170650
Received update: /ndn/pt-site/pt/svs_core/pt=8, 1741649170650
Received update: /ndn/ee-site/ee/svs_core/ee=8, 1741649171851
Received update: /ndn/am-site/am/svs_core/am=8, 1741649171953
Received update: /ndn/no-site/no/svs_core/no=7, 1741649172084
Received update: /ndn/de1-site/de1/svs_core/de1=8, 1741649172145
Received update: /ndn/mt-site/mt/svs_core/mt=8, 1741649172167
Received update: /ndn/hr-site/hr/svs_core/hr=8, 1741649172292
Received update: /ndn/cz-site/cz/svs_core/cz=8, 1741649175960
Received update: /ndn/al-site/al/svs_core/al=8, 1741649176049
Received update: /ndn/fr1-site/fr1/svs_core/fr1=8, 1741649176049
Received update: /ndn/mk-site/mk/svs_core/mk=8, 1741649176396
Received update: /ndn/by-site/by/svs_core/by=7, 1741649177138
Received update: /ndn/ua-site/ua/svs_core/ua=8, 1741649177430
Received update: /ndn/sk-site/sk/svs_core/sk=8, 1741649178335
Received update: /ndn/lt-site/lt/svs_core/lt=8, 1741649179745
Published sequence number: /ndn/il-site/il/svs_core/il=8, 1741649181934
Sending Sync interest
Received update: /ndn/be-site/be/svs_core/be=8, 1741649183245
Received update: /ndn/ch-site/ch/svs_core/ch=8, 1741649183245
Received update: /ndn/pl-site/pl/svs_core/pl=8, 1741649183245
Sending Sync interest
Received update: /ndn/lv-site/lv/svs_core/lv=8, 1741649186026
Received update: /ndn/it-site/it/svs_core/it=8, 1741649188818
Received update: /ndn/me-site/me/svs_core/me=8, 1741649188818
Received update: /ndn/az-site/az/svs_core/az=8, 1741649189223
Sending Sync interest
Max suppression time updated to: 90
Received update: /ndn/fr2-site/fr2/svs_core/fr2=8, 1741649189430
Max suppression time updated to: 94
Received update: /ndn/ge-site/ge/svs_core/ge=8, 1741649197920
Received update: /ndn/rs-site/rs/svs_core/rs=8, 1741649197920
Received update: /ndn/ro-site/ro/svs_core/ro=8, 1741649198093
Received update: /ndn/es-site/es/svs_core/es=8, 1741649198208
Received update: /ndn/dk-site/dk/svs_core/dk=8, 1741649198400
Received update: /ndn/is-site/is/svs_core/is=8, 1741649198400
Received update: /ndn/si-site/si/svs_core/si=8, 1741649198400
Sending Sync interest
Received update: /ndn/cy-site/cy/svs_core/cy=8, 1741649201037
Received update: /ndn/uk-site/uk/svs_core/uk=8, 1741649201037
Received update: /ndn/nl-site/nl/svs_core/nl=8, 1741649203711
Received update: /ndn/hu-site/hu/svs_core/hu=8, 1741649205401
Received update: /ndn/no-site/no/svs_core/no=8, 1741649205608
Received update: /ndn/se-site/se/svs_core/se=8, 1741649205608
Received update: /ndn/fi-site/fi/svs_core/fi=8, 1741649205693
Received update: /ndn/ie-site/ie/svs_core/ie=8, 1741649205693
Received update: /ndn/gr-site/gr/svs_core/gr=8, 1741649205913
Received update: /ndn/de2-site/de2/svs_core/de2=8, 1741649205937
Received update: /ndn/md-site/md/svs_core/md=8, 1741649206173
Received update: /ndn/bg-site/bg/svs_core/bg=8, 1741649208431
Received update: /ndn/by-site/by/svs_core/by=8, 1741649208965
Received update: /ndn/at-site/at/svs_core/at=8, 1741649210195
Received update: /ndn/tr-site/tr/svs_core/tr=8, 1741649210195
Received update: /ndn/lu-site/lu/svs_core/lu=9, 1741649211890
Received update: /ndn/mt-site/mt/svs_core/mt=9, 1741649213353
Received update: /ndn/ee-site/ee/svs_core/ee=9, 1741649217060
Received update: /ndn/de1-site/de1/svs_core/de1=9, 1741649217060
Sending Sync interest
Received update: /ndn/am-site/am/svs_core/am=9, 1741649217172
Received update: /ndn/hr-site/hr/svs_core/hr=9, 1741649217290
Received update: /ndn/al-site/al/svs_core/al=9, 1741649220920
Received update: /ndn/cz-site/cz/svs_core/cz=9, 1741649220920
Received update: /ndn/mk-site/mk/svs_core/mk=9, 1741649223204
Received update: /ndn/ua-site/ua/svs_core/ua=9, 1741649223204
Received update: /ndn/fr1-site/fr1/svs_core/fr1=9, 1741649223204
Received update: /ndn/sk-site/sk/svs_core/sk=9, 1741649223343
Received update: /ndn/me-site/me/svs_core/me=9, 1741649226386
Received update: /ndn/lt-site/lt/svs_core/lt=9, 1741649226402
Received update: /ndn/pl-site/pl/svs_core/pl=9, 1741649226402
Received update: /ndn/be-site/be/svs_core/be=9, 1741649226644
Published sequence number: /ndn/il-site/il/svs_core/il=9, 1741649226939
Sending Sync interest
Received update: /ndn/es-site/es/svs_core/es=9, 1741649234541
Received update: /ndn/it-site/it/svs_core/it=9, 1741649234541
Received update: /ndn/ch-site/ch/svs_core/ch=9, 1741649234592
Received update: /ndn/fr2-site/fr2/svs_core/fr2=9, 1741649234592
Received update: /ndn/az-site/az/svs_core/az=9, 1741649234753
Received update: /ndn/lv-site/lv/svs_core/lv=9, 1741649234881
Received update: /ndn/rs-site/rs/svs_core/rs=9, 1741649234950
Received update: /ndn/ro-site/ro/svs_core/ro=9, 1741649242782
Received update: /ndn/cy-site/cy/svs_core/cy=9, 1741649244404
Received update: /ndn/ge-site/ge/svs_core/ge=9, 1741649244404
Received update: /ndn/dk-site/dk/svs_core/dk=9, 1741649246533
Received update: /ndn/is-site/is/svs_core/is=9, 1741649246533
Received update: /ndn/pt-site/pt/svs_core/pt=9, 1741649246533
Received update: /ndn/uk-site/uk/svs_core/uk=9, 1741649246533
Received update: /ndn/si-site/si/svs_core/si=9, 1741649246707
Received update: /ndn/fi-site/fi/svs_core/fi=9, 1741649247485
Received update: /ndn/ie-site/ie/svs_core/ie=9, 1741649247485
Received update: /ndn/md-site/md/svs_core/md=9, 1741649247485
Received update: /ndn/no-site/no/svs_core/no=9, 1741649247935
Received update: /ndn/hu-site/hu/svs_core/hu=9, 1741649250516
Received update: /ndn/nl-site/nl/svs_core/nl=9, 1741649250516
Received update: /ndn/se-site/se/svs_core/se=9, 1741649250699
Received update: /ndn/de2-site/de2/svs_core/de2=9, 1741649250699
Received update: /ndn/bg-site/bg/svs_core/bg=9, 1741649253450
Received update: /ndn/gr-site/gr/svs_core/gr=9, 1741649253450
Received update: /ndn/tr-site/tr/svs_core/tr=9, 1741649254386
Received update: /ndn/at-site/at/svs_core/at=9, 1741649254543
Received update: /ndn/lu-site/lu/svs_core/lu=10, 1741649256934
Received update: /ndn/by-site/by/svs_core/by=9, 1741649262217
Received update: /ndn/ee-site/ee/svs_core/ee=10, 1741649262217
Received update: /ndn/mt-site/mt/svs_core/mt=10, 1741649262217
Received update: /ndn/de1-site/de1/svs_core/de1=10, 1741649262217
Received update: /ndn/am-site/am/svs_core/am=10, 1741649266051
Received update: /ndn/hr-site/hr/svs_core/hr=10, 1741649266051
Received update: /ndn/fr1-site/fr1/svs_core/fr1=10, 1741649266051
Received update: /ndn/cz-site/cz/svs_core/cz=10, 1741649266201
Received update: /ndn/mk-site/mk/svs_core/mk=10, 1741649266514
Received update: /ndn/sk-site/sk/svs_core/sk=10, 1741649268343
Received update: /ndn/lt-site/lt/svs_core/lt=10, 1741649269785
Received update: /ndn/ua-site/ua/svs_core/ua=10, 1741649269924
Received update: /ndn/pt-site/pt/svs_core/pt=10, 1741649270099
Received update: /ndn/pl-site/pl/svs_core/pl=10, 1741649270148
Received update: /ndn/be-site/be/svs_core/be=10, 1741649271653
Published sequence number: /ndn/il-site/il/svs_core/il=10, 1741649271941
Sending Sync interest
Received update: /ndn/al-site/al/svs_core/al=10, 1741649276151
Received update: /ndn/ch-site/ch/svs_core/ch=10, 1741649276151
Received update: /ndn/lv-site/lv/svs_core/lv=10, 1741649276151
Received update: /ndn/me-site/me/svs_core/me=10, 1741649276151
Sending Sync interest
Sending Sync interest
Received update: /ndn/it-site/it/svs_core/it=10, 1741649278952
Received update: /ndn/fr2-site/fr2/svs_core/fr2=10, 1741649278952
Received update: /ndn/az-site/az/svs_core/az=10, 1741649285437
Received update: /ndn/dk-site/dk/svs_core/dk=10, 1741649285437
Received update: /ndn/fi-site/fi/svs_core/fi=10, 1741649285437
Received update: /ndn/is-site/is/svs_core/is=10, 1741649285437
Received update: /ndn/ge-site/ge/svs_core/ge=10, 1741649287931
Received update: /ndn/ro-site/ro/svs_core/ro=10, 1741649287931
Received update: /ndn/si-site/si/svs_core/si=10, 1741649287931
Received update: /ndn/es-site/es/svs_core/es=10, 1741649288043
Received update: /ndn/rs-site/rs/svs_core/rs=10, 1741649288173
Received update: /ndn/ie-site/ie/svs_core/ie=10, 1741649292409
Sending Sync interest
Received update: /ndn/cy-site/cy/svs_core/cy=10, 1741649292731
Received update: /ndn/uk-site/uk/svs_core/uk=10, 1741649292731
Received update: /ndn/nl-site/nl/svs_core/nl=10, 1741649295828
Received update: /ndn/de2-site/de2/svs_core/de2=10, 1741649295828
Received update: /ndn/gr-site/gr/svs_core/gr=10, 1741649295852
Received update: /ndn/hu-site/hu/svs_core/hu=10, 1741649295852
Received update: /ndn/md-site/md/svs_core/md=10, 1741649296047
Received update: /ndn/no-site/no/svs_core/no=10, 1741649296098
Received update: /ndn/se-site/se/svs_core/se=10, 1741649296098
Received update: /ndn/bg-site/bg/svs_core/bg=10, 1741649298567
Received update: /ndn/by-site/by/svs_core/by=10, 1741649298567
Received update: /ndn/at-site/at/svs_core/at=10, 1741649301945
Received update: /ndn/lu-site/lu/svs_core/lu=11, 1741649301945
Received update: /ndn/tr-site/tr/svs_core/tr=10, 1741649301945
Received update: /ndn/pt-site/pt/svs_core/pt=11, 1741649305651
Received update: /ndn/hr-site/hr/svs_core/hr=11, 1741649310847
Received update: /ndn/mk-site/mk/svs_core/mk=11, 1741649310847
Received update: /ndn/am-site/am/svs_core/am=11, 1741649310893
Received update: /ndn/ee-site/ee/svs_core/ee=11, 1741649310893
Received update: /ndn/de1-site/de1/svs_core/de1=11, 1741649310893
Received update: /ndn/al-site/al/svs_core/al=11, 1741649310957
Received update: /ndn/cz-site/cz/svs_core/cz=11, 1741649311094
Received update: /ndn/fr1-site/fr1/svs_core/fr1=11, 1741649311932
Received update: /ndn/ua-site/ua/svs_core/ua=11, 1741649312223
Received update: /ndn/pl-site/pl/svs_core/pl=11, 1741649314823
Received update: /ndn/sk-site/sk/svs_core/sk=11, 1741649314967
Received update: /ndn/lt-site/lt/svs_core/lt=11, 1741649315286
Received update: /ndn/be-site/be/svs_core/be=11, 1741649316881
Received update: /ndn/me-site/me/svs_core/me=11, 1741649316881
Published sequence number: /ndn/il-site/il/svs_core/il=11, 1741649316948
Sending Sync interest
Received update: /ndn/ch-site/ch/svs_core/ch=11, 1741649323625
Received update: /ndn/it-site/it/svs_core/it=11, 1741649323625
Received update: /ndn/fr2-site/fr2/svs_core/fr2=11, 1741649323935
Received update: /ndn/az-site/az/svs_core/az=11, 1741649324240
Received update: /ndn/es-site/es/svs_core/es=11, 1741649324515
Received update: /ndn/rs-site/rs/svs_core/rs=11, 1741649326502
Received update: /ndn/lv-site/lv/svs_core/lv=11, 1741649326673
Received update: /ndn/dk-site/dk/svs_core/dk=11, 1741649330488
Received update: /ndn/fi-site/fi/svs_core/fi=11, 1741649330488
Received update: /ndn/is-site/is/svs_core/is=11, 1741649330488
Received update: /ndn/ro-site/ro/svs_core/ro=11, 1741649332776
Received update: /ndn/ge-site/ge/svs_core/ge=11, 1741649332814
Received update: /ndn/si-site/si/svs_core/si=11, 1741649333199
Max suppression time updated to: 96
Received update: /ndn/mt-site/mt/svs_core/mt=11, 1741649334420
Received update: /ndn/cy-site/cy/svs_core/cy=11, 1741649336187
Received update: /ndn/uk-site/uk/svs_core/uk=11, 1741649336187
Received update: /ndn/ie-site/ie/svs_core/ie=11, 1741649338697
Received update: /ndn/nl-site/nl/svs_core/nl=11, 1741649338697
Received update: /ndn/se-site/se/svs_core/se=11, 1741649340554
Received update: /ndn/no-site/no/svs_core/no=11, 1741649340710
Received update: /ndn/de2-site/de2/svs_core/de2=11, 1741649340710
Received update: /ndn/hu-site/hu/svs_core/hu=11, 1741649340735
Received update: /ndn/gr-site/gr/svs_core/gr=11, 1741649340823
Sending Sync interest
Received update: /ndn/by-site/by/svs_core/by=11, 1741649343350
Received update: /ndn/md-site/md/svs_core/md=11, 1741649343350
Received update: /ndn/bg-site/bg/svs_core/bg=11, 1741649344395
Received update: /ndn/tr-site/tr/svs_core/tr=11, 1741649344395
Received update: /ndn/pt-site/pt/svs_core/pt=12, 1741649350672
Received update: /ndn/at-site/at/svs_core/at=11, 1741649350705
Received update: /ndn/lu-site/lu/svs_core/lu=12, 1741649350705
Received update: /ndn/ee-site/ee/svs_core/ee=12, 1741649352041
Received update: /ndn/de1-site/de1/svs_core/de1=12, 1741649352041
Received update: /ndn/al-site/al/svs_core/al=12, 1741649355843
Received update: /ndn/cz-site/cz/svs_core/cz=12, 1741649355943
Received update: /ndn/mk-site/mk/svs_core/mk=12, 1741649355943
Sending Sync interest
Received update: /ndn/fr1-site/fr1/svs_core/fr1=12, 1741649356056
Max suppression time updated to: 94
Received update: /ndn/am-site/am/svs_core/am=12, 1741649356157
Received update: /ndn/hr-site/hr/svs_core/hr=12, 1741649359826
Received update: /ndn/pl-site/pl/svs_core/pl=12, 1741649359826
Received update: /ndn/sk-site/sk/svs_core/sk=12, 1741649359826
Received update: /ndn/ua-site/ua/svs_core/ua=12, 1741649359826
Received update: /ndn/be-site/be/svs_core/be=12, 1741649361672
Sending Sync interest
Received update: /ndn/mt-site/mt/svs_core/mt=12, 1741649361866
Max suppression time updated to: 92
Received update: /ndn/me-site/me/svs_core/me=12, 1741649361891
Published sequence number: /ndn/il-site/il/svs_core/il=12, 1741649361954
Sending Sync interest
Received update: /ndn/lt-site/lt/svs_core/lt=12, 1741649362092
Max suppression time updated to: 88
Received update: /ndn/ch-site/ch/svs_core/ch=12, 1741649363301
Received update: /ndn/es-site/es/svs_core/es=12, 1741649369528
Received update: /ndn/it-site/it/svs_core/it=12, 1741649369528
Received update: /ndn/lv-site/lv/svs_core/lv=12, 1741649369528
Received update: /ndn/fr2-site/fr2/svs_core/fr2=12, 1741649369528
Received update: /ndn/az-site/az/svs_core/az=12, 1741649369625
Received update: /ndn/ro-site/ro/svs_core/ro=12, 1741649377784
Received update: /ndn/ge-site/ge/svs_core/ge=12, 1741649377867
Received update: /ndn/rs-site/rs/svs_core/rs=12, 1741649377867
Received update: /ndn/dk-site/dk/svs_core/dk=12, 1741649377966
Received update: /ndn/si-site/si/svs_core/si=12, 1741649378010
Received update: /ndn/is-site/is/svs_core/is=12, 1741649378036
Sending Sync interest
Received update: /ndn/cy-site/cy/svs_core/cy=12, 1741649379398
Received update: /ndn/md-site/md/svs_core/md=12, 1741649379398
Received update: /ndn/uk-site/uk/svs_core/uk=12, 1741649381068
Received update: /ndn/by-site/by/svs_core/by=12, 1741649388183
Received update: /ndn/hu-site/hu/svs_core/hu=12, 1741649388183
Received update: /ndn/ie-site/ie/svs_core/ie=12, 1741649388183
Received update: /ndn/nl-site/nl/svs_core/nl=12, 1741649388183
Received update: /ndn/de2-site/de2/svs_core/de2=12, 1741649388183
Received update: /ndn/gr-site/gr/svs_core/gr=12, 1741649388252
Received update: /ndn/bg-site/bg/svs_core/bg=12, 1741649388770
Received update: /ndn/fi-site/fi/svs_core/fi=12, 1741649388770
Received update: /ndn/no-site/no/svs_core/no=12, 1741649388770
Received update: /ndn/se-site/se/svs_core/se=12, 1741649388770
Received update: /ndn/tr-site/tr/svs_core/tr=12, 1741649389415
Received update: /ndn/at-site/at/svs_core/at=12, 1741649391985
Received update: /ndn/lu-site/lu/svs_core/lu=13, 1741649391985
Received update: /ndn/mt-site/mt/svs_core/mt=13, 1741649393368
Received update: /ndn/pt-site/pt/svs_core/pt=13, 1741649397111
Received update: /ndn/de1-site/de1/svs_core/de1=13, 1741649397111
Received update: /ndn/am-site/am/svs_core/am=13, 1741649397243
Received update: /ndn/ee-site/ee/svs_core/ee=13, 1741649397598
Received update: /ndn/hr-site/hr/svs_core/hr=13, 1741649397598
Received update: /ndn/mk-site/mk/svs_core/mk=13, 1741649400869
Received update: /ndn/al-site/al/svs_core/al=13, 1741649402351
Received update: /ndn/cz-site/cz/svs_core/cz=13, 1741649402351
Received update: /ndn/ua-site/ua/svs_core/ua=13, 1741649402351
Received update: /ndn/fr1-site/fr1/svs_core/fr1=13, 1741649402351
Received update: /ndn/sk-site/sk/svs_core/sk=13, 1741649403351
Received update: /ndn/be-site/be/svs_core/be=13, 1741649406671
Published sequence number: /ndn/il-site/il/svs_core/il=13, 1741649406961
Sending Sync interest
Received update: /ndn/ch-site/ch/svs_core/ch=13, 1741649413652
Received update: /ndn/it-site/it/svs_core/it=13, 1741649413652
Received update: /ndn/pl-site/pl/svs_core/pl=13, 1741649413652
Sending Sync interest
Received update: /ndn/me-site/me/svs_core/me=13, 1741649413795
Sending Sync interest
Received update: /ndn/fr2-site/fr2/svs_core/fr2=13, 1741649413973
Received update: /ndn/az-site/az/svs_core/az=13, 1741649414611
Received update: /ndn/es-site/es/svs_core/es=13, 1741649414611
Received update: /ndn/lt-site/lt/svs_core/lt=13, 1741649414774
Received update: /ndn/lv-site/lv/svs_core/lv=13, 1741649414774
Received update: /ndn/si-site/si/svs_core/si=13, 1741649422049
Received update: /ndn/is-site/is/svs_core/is=13, 1741649422226
Received update: /ndn/ro-site/ro/svs_core/ro=13, 1741649422791
Sending Sync interest
Received update: /ndn/dk-site/dk/svs_core/dk=13, 1741649422905
Received update: /ndn/fi-site/fi/svs_core/fi=13, 1741649423121
Received update: /ndn/rs-site/rs/svs_core/rs=13, 1741649423121
Received update: /ndn/ge-site/ge/svs_core/ge=13, 1741649426156
Received update: /ndn/uk-site/uk/svs_core/uk=13, 1741649426156
Received update: /ndn/cy-site/cy/svs_core/cy=13, 1741649426261
Received update: /ndn/ie-site/ie/svs_core/ie=13, 1741649427432
Received update: /ndn/no-site/no/svs_core/no=13, 1741649428000
Received update: /ndn/md-site/md/svs_core/md=13, 1741649428085
Received update: /ndn/nl-site/nl/svs_core/nl=13, 1741649428726
Received update: /ndn/hu-site/hu/svs_core/hu=13, 1741649430430
Received update: /ndn/se-site/se/svs_core/se=13, 1741649430574
Received update: /ndn/de2-site/de2/svs_core/de2=13, 1741649430726
Received update: /ndn/gr-site/gr/svs_core/gr=13, 1741649430829
Received update: /ndn/at-site/at/svs_core/at=13, 1741649434569
Received update: /ndn/am-site/am/svs_core/am=14, 1741649441520
Received update: /ndn/bg-site/bg/svs_core/bg=13, 1741649441692
Received update: /ndn/lu-site/lu/svs_core/lu=14, 1741649441692
Received update: /ndn/tr-site/tr/svs_core/tr=13, 1741649441692
Received update: /ndn/pt-site/pt/svs_core/pt=14, 1741649441724
Received update: /ndn/by-site/by/svs_core/by=13, 1741649442037
Received update: /ndn/mt-site/mt/svs_core/mt=14, 1741649442037
Received update: /ndn/de1-site/de1/svs_core/de1=14, 1741649442282
Received update: /ndn/ee-site/ee/svs_core/ee=14, 1741649442439
Received update: /ndn/al-site/al/svs_core/al=14, 1741649446267
Received update: /ndn/cz-site/cz/svs_core/cz=14, 1741649446267
Received update: /ndn/hr-site/hr/svs_core/hr=14, 1741649446267
Received update: /ndn/mk-site/mk/svs_core/mk=14, 1741649446267
Received update: /ndn/fr1-site/fr1/svs_core/fr1=14, 1741649446297
Received update: /ndn/sk-site/sk/svs_core/sk=14, 1741649448359
Received update: /ndn/be-site/be/svs_core/be=14, 1741649451701
Received update: /ndn/pl-site/pl/svs_core/pl=14, 1741649451748
Published sequence number: /ndn/il-site/il/svs_core/il=14, 1741649451964
Sending Sync interest
Received update: /ndn/lt-site/lt/svs_core/lt=14, 1741649452123
Received update: /ndn/me-site/me/svs_core/me=14, 1741649452123
Max suppression time updated to: 94
Received update: /ndn/ch-site/ch/svs_core/ch=14, 1741649456104
Received update: /ndn/lv-site/lv/svs_core/lv=14, 1741649456104
Received update: /ndn/it-site/it/svs_core/it=14, 1741649458645
Received update: /ndn/az-site/az/svs_core/az=14, 1741649459401
Received update: /ndn/fr2-site/fr2/svs_core/fr2=14, 1741649459401
Received update: /ndn/fi-site/fi/svs_core/fi=14, 1741649464362
Received update: /ndn/rs-site/rs/svs_core/rs=14, 1741649464387
Received update: /ndn/es-site/es/svs_core/es=14, 1741649464413
Received update: /ndn/dk-site/dk/svs_core/dk=14, 1741649465120
Received update: /ndn/si-site/si/svs_core/si=14, 1741649467089
Sending Sync interest
Max suppression time updated to: 90
Received update: /ndn/is-site/is/svs_core/is=14, 1741649467235
Max suppression time updated to: 90
Received update: /ndn/md-site/md/svs_core/md=14, 1741649468550
Received update: /ndn/ge-site/ge/svs_core/ge=14, 1741649468702
Received update: /ndn/ro-site/ro/svs_core/ro=14, 1741649468702
Received update: /ndn/cy-site/cy/svs_core/cy=14, 1741649473723
Received update: /ndn/ie-site/ie/svs_core/ie=14, 1741649473723
Received update: /ndn/nl-site/nl/svs_core/nl=14, 1741649473723
Received update: /ndn/uk-site/uk/svs_core/uk=14, 1741649473723
Received update: /ndn/no-site/no/svs_core/no=14, 1741649475564
Received update: /ndn/se-site/se/svs_core/se=14, 1741649475564
Received update: /ndn/hu-site/hu/svs_core/hu=14, 1741649475595
Received update: /ndn/bg-site/bg/svs_core/bg=14, 1741649478669
Received update: /ndn/by-site/by/svs_core/by=14, 1741649478669
Received update: /ndn/gr-site/gr/svs_core/gr=14, 1741649478669
Received update: /ndn/de2-site/de2/svs_core/de2=14, 1741649478669
Received update: /ndn/tr-site/tr/svs_core/tr=14, 1741649479414
Received update: /ndn/at-site/at/svs_core/at=14, 1741649479562
Received update: /ndn/lu-site/lu/svs_core/lu=15, 1741649481927
Received update: /ndn/mt-site/mt/svs_core/mt=15, 1741649483501
Received update: /ndn/pt-site/pt/svs_core/pt=15, 1741649485676
Received update: /ndn/ua-site/ua/svs_core/ua=14, 1741649485766
Received update: /ndn/al-site/al/svs_core/al=15, 1741649490904
Received update: /ndn/am-site/am/svs_core/am=15, 1741649490904
Received update: /ndn/ee-site/ee/svs_core/ee=15, 1741649490904
Received update: /ndn/hr-site/hr/svs_core/hr=15, 1741649490904
Received update: /ndn/cz-site/cz/svs_core/cz=15, 1741649490947
Received update: /ndn/mk-site/mk/svs_core/mk=15, 1741649491175
Received update: /ndn/de1-site/de1/svs_core/de1=15, 1741649491175
Received update: /ndn/fr1-site/fr1/svs_core/fr1=15, 1741649491311
Received update: /ndn/ua-site/ua/svs_core/ua=15, 1741649492234
Received update: /ndn/sk-site/sk/svs_core/sk=15, 1741649493392
Received update: /ndn/lt-site/lt/svs_core/lt=15, 1741649494783
Received update: /ndn/me-site/me/svs_core/me=15, 1741649496352
Received update: /ndn/pl-site/pl/svs_core/pl=15, 1741649496476
Published sequence number: /ndn/il-site/il/svs_core/il=15, 1741649496971
Sending Sync interest
Received update: /ndn/ch-site/ch/svs_core/ch=15, 1741649498277
Sending Sync interest
Received update: /ndn/be-site/be/svs_core/be=15, 1741649498461
Received update: /ndn/lv-site/lv/svs_core/lv=15, 1741649501069
Sending Sync interest
Received update: /ndn/it-site/it/svs_core/it=15, 1741649505103
Received update: /ndn/rs-site/rs/svs_core/rs=15, 1741649505103
Received update: /ndn/fr2-site/fr2/svs_core/fr2=15, 1741649505103
Received update: /ndn/es-site/es/svs_core/es=15, 1741649505268
Received update: /ndn/az-site/az/svs_core/az=15, 1741649505326
Sending Sync interest
Received update: /ndn/dk-site/dk/svs_core/dk=15, 1741649512894
Received update: /ndn/ro-site/ro/svs_core/ro=15, 1741649512894
Received update: /ndn/ie-site/ie/svs_core/ie=15, 1741649517484
Received update: /ndn/is-site/is/svs_core/is=15, 1741649517630
Received update: /ndn/uk-site/uk/svs_core/uk=15, 1741649517630
Received update: /ndn/ge-site/ge/svs_core/ge=15, 1741649517665
Received update: /ndn/si-site/si/svs_core/si=15, 1741649517675
Received update: /ndn/md-site/md/svs_core/md=15, 1741649517688
Received update: /ndn/cy-site/cy/svs_core/cy=15, 1741649517705
Sending Sync interest
Received update: /ndn/fi-site/fi/svs_core/fi=15, 1741649517905
Received update: /ndn/no-site/no/svs_core/no=15, 1741649518139
Received update: /ndn/nl-site/nl/svs_core/nl=15, 1741649518738
Received update: /ndn/hu-site/hu/svs_core/hu=15, 1741649520434
Received update: /ndn/se-site/se/svs_core/se=15, 1741649520532
Received update: /ndn/bg-site/bg/svs_core/bg=15, 1741649523486
Received update: /ndn/de2-site/de2/svs_core/de2=15, 1741649523549
Received update: /ndn/at-site/at/svs_core/at=15, 1741649524569
Received update: /ndn/by-site/by/svs_core/by=15, 1741649524569
Sending Sync interest
Max suppression time updated to: 92
Received update: /ndn/gr-site/gr/svs_core/gr=15, 1741649524785
Received update: /ndn/tr-site/tr/svs_core/tr=15, 1741649524923
Received update: /ndn/mt-site/mt/svs_core/mt=16, 1741649528413
Received update: /ndn/ee-site/ee/svs_core/ee=16, 1741649531886
Received update: /ndn/lu-site/lu/svs_core/lu=16, 1741649531886
Received update: /ndn/hr-site/hr/svs_core/hr=16, 1741649532327
Sending Sync interest
Received update: /ndn/am-site/am/svs_core/am=16, 1741649532442
Max suppression time updated to: 88
Received update: /ndn/pt-site/pt/svs_core/pt=16, 1741649532627
Received update: /ndn/de1-site/de1/svs_core/de1=16, 1741649532627
Received update: /ndn/cz-site/cz/svs_core/cz=16, 1741649536087
Received update: /ndn/fr1-site/fr1/svs_core/fr1=16, 1741649536087
Received update: /ndn/mk-site/mk/svs_core/mk=16, 1741649536436
Received update: /ndn/lt-site/lt/svs_core/lt=16, 1741649539782
Received update: /ndn/al-site/al/svs_core/al=16, 1741649539924
Received update: /ndn/me-site/me/svs_core/me=16, 1741649541498
Received update: /ndn/pl-site/pl/svs_core/pl=16, 1741649541498
Received update: /ndn/sk-site/sk/svs_core/sk=16, 1741649541498
Received update: /ndn/ua-site/ua/svs_core/ua=16, 1741649541498
Published sequence number: /ndn/il-site/il/svs_core/il=16, 1741649541977
Sending Sync interest
Received update: /ndn/be-site/be/svs_core/be=16, 1741649543277
Received update: /ndn/ch-site/ch/svs_core/ch=16, 1741649543277
Sending Sync interest
Received update: /ndn/dk-site/dk/svs_core/dk=16, 1741649555115
Received update: /ndn/it-site/it/svs_core/it=16, 1741649555115
Received update: /ndn/lv-site/lv/svs_core/lv=16, 1741649555115
Received update: /ndn/fr2-site/fr2/svs_core/fr2=16, 1741649555134
Sending Sync interest
Received update: /ndn/az-site/az/svs_core/az=16, 1741649555246
Received update: /ndn/rs-site/rs/svs_core/rs=16, 1741649555271
Sending Sync interest
Received update: /ndn/is-site/is/svs_core/is=16, 1741649555338
Sending Sync interest
Received update: /ndn/es-site/es/svs_core/es=16, 1741649555488
Received update: /ndn/fi-site/fi/svs_core/fi=16, 1741649555488
Received update: /ndn/si-site/si/svs_core/si=16, 1741649557065
Received update: /ndn/ro-site/ro/svs_core/ro=16, 1741649557857
Received update: /ndn/ge-site/ge/svs_core/ge=16, 1741649558146
Received update: /ndn/md-site/md/svs_core/md=16, 1741649558568
Received update: /ndn/cy-site/cy/svs_core/cy=16, 1741649562518
Received update: /ndn/ie-site/ie/svs_core/ie=16, 1741649562518
Received update: /ndn/uk-site/uk/svs_core/uk=16, 1741649562518
Received update: /ndn/hu-site/hu/svs_core/hu=16, 1741649565450
Received update: /ndn/se-site/se/svs_core/se=16, 1741649565481
Received update: /ndn/nl-site/nl/svs_core/nl=16, 1741649565550
Sending Sync interest
Received update: /ndn/gr-site/gr/svs_core/gr=16, 1741649566675
Received update: /ndn/de2-site/de2/svs_core/de2=16, 1741649566675
Received update: /ndn/no-site/no/svs_core/no=16, 1741649566825
Received update: /ndn/bg-site/bg/svs_core/bg=16, 1741649568492
Stopping SVS client: /ndn/il-site/il/svs_core/il
