SVS client starting: /ndn/no-site/no/svs_core/no
Sending Sync interest
Received update: /ndn/de1-site/de1/svs_core/de1=1, 1742576969504
Received update: /ndn/nl-site/nl/svs_core/nl=1, 1742576971419
Received update: /ndn/pt-site/pt/svs_core/pt=1, 1742576971685
Received update: /ndn/cz-site/cz/svs_core/cz=1, 1742576972718
Received update: /ndn/me-site/me/svs_core/me=1, 1742576972896
Received update: /ndn/al-site/al/svs_core/al=1, 1742576974967
Received update: /ndn/am-site/am/svs_core/am=1, 1742576975384
Received update: /ndn/mk-site/mk/svs_core/mk=1, 1742576975384
Received update: /ndn/il-site/il/svs_core/il=1, 1742576975545
Received update: /ndn/ge-site/ge/svs_core/ge=1, 1742576976467
Received update: /ndn/si-site/si/svs_core/si=1, 1742576976467
Received update: /ndn/fr1-site/fr1/svs_core/fr1=1, 1742576977052
Received update: /ndn/mt-site/mt/svs_core/mt=1, 1742576979325
Received update: /ndn/ie-site/ie/svs_core/ie=1, 1742576979471
Received update: /ndn/is-site/is/svs_core/is=1, 1742576979511
Received update: /ndn/cy-site/cy/svs_core/cy=1, 1742576979989
Received update: /ndn/rs-site/rs/svs_core/rs=1, 1742576980829
Received update: /ndn/sk-site/sk/svs_core/sk=1, 1742576981146
Received update: /ndn/ch-site/ch/svs_core/ch=1, 1742576981269
Received update: /ndn/az-site/az/svs_core/az=1, 1742576981840
Received update: /ndn/ro-site/ro/svs_core/ro=1, 1742576982195
Received update: /ndn/uk-site/uk/svs_core/uk=1, 1742576983057
Received update: /ndn/hr-site/hr/svs_core/hr=1, 1742576983553
Received update: /ndn/bg-site/bg/svs_core/bg=1, 1742576987828
Received update: /ndn/be-site/be/svs_core/be=1, 1742576990640
Received update: /ndn/lu-site/lu/svs_core/lu=1, 1742576991041
Received update: /ndn/gr-site/gr/svs_core/gr=1, 1742576993979
Received update: /ndn/md-site/md/svs_core/md=1, 1742576993992
Received update: /ndn/hu-site/hu/svs_core/hu=1, 1742576997668
Received update: /ndn/it-site/it/svs_core/it=1, 1742576997668
Received update: /ndn/es-site/es/svs_core/es=1, 1742576997797
Received update: /ndn/de2-site/de2/svs_core/de2=1, 1742576999942
Received update: /ndn/ee-site/ee/svs_core/ee=1, 1742577000697
Received update: /ndn/fi-site/fi/svs_core/fi=1, 1742577003963
Received update: /ndn/se-site/se/svs_core/se=1, 1742577004210
Published sequence number: /ndn/no-site/no/svs_core/no=1, 1742577005754
Sending Sync interest
Received update: /ndn/lv-site/lv/svs_core/lv=1, 1742577005847
Received update: /ndn/tr-site/tr/svs_core/tr=1, 1742577005847
Received update: /ndn/at-site/at/svs_core/at=1, 1742577006207
Sending Sync interest
Received update: /ndn/lt-site/lt/svs_core/lt=1, 1742577006704
Max suppression time updated to: 600
Received update: /ndn/dk-site/dk/svs_core/dk=1, 1742577007484
Received update: /ndn/by-site/by/svs_core/by=1, 1742577011508
Received update: /ndn/pl-site/pl/svs_core/pl=1, 1742577011508
Received update: /ndn/ua-site/ua/svs_core/ua=1, 1742577011508
Received update: /ndn/fr2-site/fr2/svs_core/fr2=1, 1742577011708
Received update: /ndn/de1-site/de1/svs_core/de1=2, 1742577014505
Received update: /ndn/pt-site/pt/svs_core/pt=2, 1742577015102
Received update: /ndn/nl-site/nl/svs_core/nl=2, 1742577016423
Received update: /ndn/me-site/me/svs_core/me=2, 1742577017938
Received update: /ndn/cz-site/cz/svs_core/cz=2, 1742577018047
Received update: /ndn/al-site/al/svs_core/al=2, 1742577019961
Received update: /ndn/ge-site/ge/svs_core/ge=2, 1742577022451
Received update: /ndn/il-site/il/svs_core/il=2, 1742577022451
Received update: /ndn/is-site/is/svs_core/is=2, 1742577022451
Received update: /ndn/mk-site/mk/svs_core/mk=2, 1742577022451
Received update: /ndn/am-site/am/svs_core/am=2, 1742577022533
Received update: /ndn/si-site/si/svs_core/si=2, 1742577022533
Received update: /ndn/fr1-site/fr1/svs_core/fr1=2, 1742577022544
Received update: /ndn/ie-site/ie/svs_core/ie=2, 1742577024460
Received update: /ndn/mt-site/mt/svs_core/mt=2, 1742577024800
Received update: /ndn/cy-site/cy/svs_core/cy=2, 1742577024975
Received update: /ndn/az-site/az/svs_core/az=2, 1742577026891
Received update: /ndn/ch-site/ch/svs_core/ch=2, 1742577026891
Received update: /ndn/rs-site/rs/svs_core/rs=2, 1742577026891
Received update: /ndn/sk-site/sk/svs_core/sk=2, 1742577027097
Received update: /ndn/ro-site/ro/svs_core/ro=2, 1742577027185
Received update: /ndn/hr-site/hr/svs_core/hr=2, 1742577028549
Received update: /ndn/uk-site/uk/svs_core/uk=2, 1742577028549
Received update: /ndn/bg-site/bg/svs_core/bg=2, 1742577036023
Received update: /ndn/lu-site/lu/svs_core/lu=2, 1742577036023
Received update: /ndn/be-site/be/svs_core/be=2, 1742577036047
Received update: /ndn/gr-site/gr/svs_core/gr=2, 1742577038986
Received update: /ndn/hu-site/hu/svs_core/hu=2, 1742577042701
Received update: /ndn/md-site/md/svs_core/md=2, 1742577042809
Received update: /ndn/ee-site/ee/svs_core/ee=2, 1742577045679
Received update: /ndn/es-site/es/svs_core/es=2, 1742577045797
Received update: /ndn/it-site/it/svs_core/it=2, 1742577045797
Received update: /ndn/de2-site/de2/svs_core/de2=2, 1742577045797
Received update: /ndn/fi-site/fi/svs_core/fi=2, 1742577048967
Received update: /ndn/tr-site/tr/svs_core/tr=2, 1742577050264
Received update: /ndn/se-site/se/svs_core/se=2, 1742577050460
Published sequence number: /ndn/no-site/no/svs_core/no=2, 1742577050759
Sending Sync interest
Received update: /ndn/at-site/at/svs_core/at=2, 1742577051800
Received update: /ndn/lt-site/lt/svs_core/lt=2, 1742577051800
Received update: /ndn/lv-site/lv/svs_core/lv=2, 1742577051800
Received update: /ndn/dk-site/dk/svs_core/dk=2, 1742577051997
Received update: /ndn/by-site/by/svs_core/by=2, 1742577052798
Received update: /ndn/ua-site/ua/svs_core/ua=2, 1742577056146
Received update: /ndn/fr2-site/fr2/svs_core/fr2=2, 1742577056146
Received update: /ndn/de1-site/de1/svs_core/de1=3, 1742577059525
Received update: /ndn/nl-site/nl/svs_core/nl=3, 1742577061415
Received update: /ndn/am-site/am/svs_core/am=3, 1742577064870
Received update: /ndn/cz-site/cz/svs_core/cz=3, 1742577064870
Received update: /ndn/me-site/me/svs_core/me=3, 1742577064870
Received update: /ndn/pl-site/pl/svs_core/pl=2, 1742577064870
Received update: /ndn/pt-site/pt/svs_core/pt=3, 1742577064870
Received update: /ndn/al-site/al/svs_core/al=3, 1742577065063
Received update: /ndn/mk-site/mk/svs_core/mk=3, 1742577065384
Received update: /ndn/ge-site/ge/svs_core/ge=3, 1742577065677
Received update: /ndn/fr1-site/fr1/svs_core/fr1=3, 1742577067090
Received update: /ndn/mt-site/mt/svs_core/mt=3, 1742577069358
Received update: /ndn/si-site/si/svs_core/si=3, 1742577069358
Received update: /ndn/ie-site/ie/svs_core/ie=3, 1742577069469
Received update: /ndn/il-site/il/svs_core/il=3, 1742577069588
Received update: /ndn/cy-site/cy/svs_core/cy=3, 1742577070007
Received update: /ndn/is-site/is/svs_core/is=3, 1742577070170
Received update: /ndn/rs-site/rs/svs_core/rs=3, 1742577070869
Received update: /ndn/ch-site/ch/svs_core/ch=3, 1742577071250
Received update: /ndn/sk-site/sk/svs_core/sk=3, 1742577071250
Received update: /ndn/ro-site/ro/svs_core/ro=3, 1742577072203
Received update: /ndn/bg-site/bg/svs_core/bg=3, 1742577077896
Received update: /ndn/uk-site/uk/svs_core/uk=3, 1742577077896
Received update: /ndn/hr-site/hr/svs_core/hr=3, 1742577078187
Received update: /ndn/be-site/be/svs_core/be=3, 1742577080636
Received update: /ndn/az-site/az/svs_core/az=3, 1742577084108
Received update: /ndn/gr-site/gr/svs_core/gr=3, 1742577084108
Received update: /ndn/lu-site/lu/svs_core/lu=3, 1742577084108
Received update: /ndn/md-site/md/svs_core/md=3, 1742577084307
Received update: /ndn/hu-site/hu/svs_core/hu=3, 1742577087689
Received update: /ndn/it-site/it/svs_core/it=3, 1742577087689
Received update: /ndn/es-site/es/svs_core/es=3, 1742577090003
Received update: /ndn/de2-site/de2/svs_core/de2=3, 1742577090003
Received update: /ndn/fi-site/fi/svs_core/fi=3, 1742577093977
Received update: /ndn/ee-site/ee/svs_core/ee=3, 1742577094432
Received update: /ndn/se-site/se/svs_core/se=3, 1742577094432
Published sequence number: /ndn/no-site/no/svs_core/no=3, 1742577095769
Sending Sync interest
Max suppression time updated to: 384
Received update: /ndn/lv-site/lv/svs_core/lv=3, 1742577095950
Received update: /ndn/tr-site/tr/svs_core/tr=3, 1742577095950
Max suppression time updated to: 315
Received update: /ndn/at-site/at/svs_core/at=3, 1742577096247
Received update: /ndn/dk-site/dk/svs_core/dk=3, 1742577096682
Received update: /ndn/by-site/by/svs_core/by=3, 1742577097695
Received update: /ndn/lt-site/lt/svs_core/lt=3, 1742577097864
Received update: /ndn/fr2-site/fr2/svs_core/fr2=3, 1742577101100
Received update: /ndn/ua-site/ua/svs_core/ua=3, 1742577101381
Received update: /ndn/pl-site/pl/svs_core/pl=3, 1742577104526
Received update: /ndn/de1-site/de1/svs_core/de1=4, 1742577104526
Received update: /ndn/pt-site/pt/svs_core/pt=4, 1742577105243
Received update: /ndn/cz-site/cz/svs_core/cz=4, 1742577107692
Received update: /ndn/nl-site/nl/svs_core/nl=4, 1742577107692
Received update: /ndn/am-site/am/svs_core/am=4, 1742577109886
Received update: /ndn/mk-site/mk/svs_core/mk=4, 1742577110395
Received update: /ndn/ge-site/ge/svs_core/ge=4, 1742577110707
Received update: /ndn/il-site/il/svs_core/il=4, 1742577110707
Received update: /ndn/si-site/si/svs_core/si=4, 1742577111498
Received update: /ndn/al-site/al/svs_core/al=4, 1742577112383
Received update: /ndn/fr1-site/fr1/svs_core/fr1=4, 1742577112383
Received update: /ndn/cy-site/cy/svs_core/cy=4, 1742577115008
Received update: /ndn/is-site/is/svs_core/is=4, 1742577115008
Received update: /ndn/ie-site/ie/svs_core/ie=4, 1742577115199
Received update: /ndn/me-site/me/svs_core/me=4, 1742577115412
Received update: /ndn/ch-site/ch/svs_core/ch=4, 1742577116267
Received update: /ndn/sk-site/sk/svs_core/sk=4, 1742577116267
Received update: /ndn/ro-site/ro/svs_core/ro=4, 1742577118063
Received update: /ndn/uk-site/uk/svs_core/uk=4, 1742577118063
Received update: /ndn/az-site/az/svs_core/az=4, 1742577118367
Received update: /ndn/hr-site/hr/svs_core/hr=4, 1742577118557
Received update: /ndn/rs-site/rs/svs_core/rs=4, 1742577118953
Received update: /ndn/be-site/be/svs_core/be=4, 1742577125662
Received update: /ndn/bg-site/bg/svs_core/bg=4, 1742577125662
Received update: /ndn/mt-site/mt/svs_core/mt=4, 1742577125662
Received update: /ndn/gr-site/gr/svs_core/gr=4, 1742577129102
Received update: /ndn/lu-site/lu/svs_core/lu=4, 1742577129102
Received update: /ndn/hu-site/hu/svs_core/hu=4, 1742577132701
Received update: /ndn/es-site/es/svs_core/es=4, 1742577133119
Received update: /ndn/it-site/it/svs_core/it=4, 1742577133119
Received update: /ndn/md-site/md/svs_core/md=4, 1742577133119
Received update: /ndn/ee-site/ee/svs_core/ee=4, 1742577135675
Received update: /ndn/de2-site/de2/svs_core/de2=4, 1742577135731
Received update: /ndn/fi-site/fi/svs_core/fi=4, 1742577138992
Received update: /ndn/se-site/se/svs_core/se=4, 1742577139229
Received update: /ndn/lv-site/lv/svs_core/lv=4, 1742577140751
Published sequence number: /ndn/no-site/no/svs_core/no=4, 1742577140775
Sending Sync interest
Received update: /ndn/tr-site/tr/svs_core/tr=4, 1742577140844
Max suppression time updated to: 285
Max suppression time updated to: 261
Max suppression time updated to: 237
Max suppression time updated to: 228
Max suppression time updated to: 228
Received update: /ndn/lt-site/lt/svs_core/lt=4, 1742577141598
Received update: /ndn/at-site/at/svs_core/at=4, 1742577143248
Received update: /ndn/ua-site/ua/svs_core/ua=4, 1742577143248
Received update: /ndn/dk-site/dk/svs_core/dk=4, 1742577143456
Received update: /ndn/pl-site/pl/svs_core/pl=4, 1742577146739
Received update: /ndn/fr2-site/fr2/svs_core/fr2=4, 1742577146739
Received update: /ndn/by-site/by/svs_core/by=4, 1742577146751
Received update: /ndn/de1-site/de1/svs_core/de1=5, 1742577149529
Received update: /ndn/nl-site/nl/svs_core/nl=5, 1742577151766
Received update: /ndn/pt-site/pt/svs_core/pt=5, 1742577151766
Received update: /ndn/al-site/al/svs_core/al=5, 1742577154969
Received update: /ndn/am-site/am/svs_core/am=5, 1742577154969
Received update: /ndn/cz-site/cz/svs_core/cz=5, 1742577154969
Received update: /ndn/me-site/me/svs_core/me=5, 1742577155141
Received update: /ndn/ge-site/ge/svs_core/ge=5, 1742577155696
Received update: /ndn/mk-site/mk/svs_core/mk=5, 1742577155844
Received update: /ndn/il-site/il/svs_core/il=5, 1742577155965
Received update: /ndn/si-site/si/svs_core/si=5, 1742577156500
Received update: /ndn/fr1-site/fr1/svs_core/fr1=5, 1742577157062
Received update: /ndn/mt-site/mt/svs_core/mt=5, 1742577159361
Received update: /ndn/is-site/is/svs_core/is=5, 1742577159477
Received update: /ndn/rs-site/rs/svs_core/rs=5, 1742577160853
Received update: /ndn/cy-site/cy/svs_core/cy=5, 1742577160944
Received update: /ndn/ch-site/ch/svs_core/ch=5, 1742577161415
Received update: /ndn/ie-site/ie/svs_core/ie=5, 1742577161415
Received update: /ndn/sk-site/sk/svs_core/sk=5, 1742577161415
Received update: /ndn/az-site/az/svs_core/az=5, 1742577161861
Sending Sync interest
Received update: /ndn/ro-site/ro/svs_core/ro=5, 1742577162191
Received update: /ndn/lu-site/lu/svs_core/lu=5, 1742577171043
Received update: /ndn/uk-site/uk/svs_core/uk=5, 1742577171043
Received update: /ndn/be-site/be/svs_core/be=5, 1742577171201
Received update: /ndn/hr-site/hr/svs_core/hr=5, 1742577171457
Received update: /ndn/gr-site/gr/svs_core/gr=5, 1742577174026
Received update: /ndn/it-site/it/svs_core/it=5, 1742577176989
Received update: /ndn/bg-site/bg/svs_core/bg=5, 1742577177079
Received update: /ndn/hu-site/hu/svs_core/hu=5, 1742577177718
Received update: /ndn/es-site/es/svs_core/es=5, 1742577177799
Received update: /ndn/md-site/md/svs_core/md=5, 1742577177947
Received update: /ndn/de2-site/de2/svs_core/de2=5, 1742577180006
Received update: /ndn/fi-site/fi/svs_core/fi=5, 1742577183989
Received update: /ndn/se-site/se/svs_core/se=5, 1742577184233
Received update: /ndn/ee-site/ee/svs_core/ee=5, 1742577185723
Received update: /ndn/lv-site/lv/svs_core/lv=5, 1742577185723
Published sequence number: /ndn/no-site/no/svs_core/no=5, 1742577185777
Received update: /ndn/at-site/at/svs_core/at=5, 1742577186707
Received update: /ndn/dk-site/dk/svs_core/dk=5, 1742577186707
Received update: /ndn/lt-site/lt/svs_core/lt=5, 1742577186707
Received update: /ndn/tr-site/tr/svs_core/tr=5, 1742577186707
Sending Sync interest
Received update: /ndn/pl-site/pl/svs_core/pl=5, 1742577191585
Received update: /ndn/by-site/by/svs_core/by=5, 1742577191824
Received update: /ndn/fr2-site/fr2/svs_core/fr2=5, 1742577191824
Received update: /ndn/pt-site/pt/svs_core/pt=6, 1742577195093
Received update: /ndn/ua-site/ua/svs_core/ua=5, 1742577195336
Received update: /ndn/de1-site/de1/svs_core/de1=6, 1742577195457
Received update: /ndn/cz-site/cz/svs_core/cz=6, 1742577197720
Received update: /ndn/nl-site/nl/svs_core/nl=6, 1742577197862
Received update: /ndn/me-site/me/svs_core/me=6, 1742577197922
Received update: /ndn/am-site/am/svs_core/am=6, 1742577199873
Received update: /ndn/al-site/al/svs_core/al=6, 1742577199998
Received update: /ndn/mk-site/mk/svs_core/mk=6, 1742577200422
Received update: /ndn/ge-site/ge/svs_core/ge=6, 1742577200855
Received update: /ndn/il-site/il/svs_core/il=6, 1742577200855
Received update: /ndn/is-site/is/svs_core/is=6, 1742577202465
Received update: /ndn/si-site/si/svs_core/si=6, 1742577202465
Received update: /ndn/fr1-site/fr1/svs_core/fr1=6, 1742577202465
Received update: /ndn/mt-site/mt/svs_core/mt=6, 1742577204383
Received update: /ndn/ie-site/ie/svs_core/ie=6, 1742577204795
Received update: /ndn/ch-site/ch/svs_core/ch=6, 1742577206298
Received update: /ndn/sk-site/sk/svs_core/sk=6, 1742577206298
Received update: /ndn/cy-site/cy/svs_core/cy=6, 1742577206303
Received update: /ndn/rs-site/rs/svs_core/rs=6, 1742577206533
Received update: /ndn/ro-site/ro/svs_core/ro=6, 1742577207228
Received update: /ndn/az-site/az/svs_core/az=6, 1742577208577
Received update: /ndn/hr-site/hr/svs_core/hr=6, 1742577208577
Received update: /ndn/uk-site/uk/svs_core/uk=6, 1742577208746
Received update: /ndn/bg-site/bg/svs_core/bg=6, 1742577213014
Received update: /ndn/be-site/be/svs_core/be=6, 1742577215674
Received update: /ndn/lu-site/lu/svs_core/lu=6, 1742577216050
Received update: /ndn/gr-site/gr/svs_core/gr=6, 1742577221950
Received update: /ndn/it-site/it/svs_core/it=6, 1742577221950
Received update: /ndn/md-site/md/svs_core/md=6, 1742577222130
Received update: /ndn/ee-site/ee/svs_core/ee=6, 1742577225706
Received update: /ndn/es-site/es/svs_core/es=6, 1742577225706
Received update: /ndn/hu-site/hu/svs_core/hu=6, 1742577225706
Received update: /ndn/de2-site/de2/svs_core/de2=6, 1742577225706
Received update: /ndn/fi-site/fi/svs_core/fi=6, 1742577229001
Received update: /ndn/se-site/se/svs_core/se=6, 1742577229234
Received update: /ndn/tr-site/tr/svs_core/tr=6, 1742577230297
Received update: /ndn/lv-site/lv/svs_core/lv=6, 1742577230734
Published sequence number: /ndn/no-site/no/svs_core/no=6, 1742577230779
Sending Sync interest
Received update: /ndn/at-site/at/svs_core/at=6, 1742577231837
Received update: /ndn/dk-site/dk/svs_core/dk=6, 1742577231837
Received update: /ndn/lt-site/lt/svs_core/lt=6, 1742577231837
Received update: /ndn/by-site/by/svs_core/by=6, 1742577232720
Received update: /ndn/pl-site/pl/svs_core/pl=6, 1742577236528
Received update: /ndn/fr2-site/fr2/svs_core/fr2=6, 1742577236622
Received update: /ndn/ua-site/ua/svs_core/ua=6, 1742577236827
Received update: /ndn/de1-site/de1/svs_core/de1=7, 1742577239592
Received update: /ndn/nl-site/nl/svs_core/nl=7, 1742577241441
Received update: /ndn/pt-site/pt/svs_core/pt=7, 1742577241441
Received update: /ndn/am-site/am/svs_core/am=7, 1742577245592
Received update: /ndn/cz-site/cz/svs_core/cz=7, 1742577245592
Received update: /ndn/il-site/il/svs_core/il=7, 1742577245592
Received update: /ndn/mk-site/mk/svs_core/mk=7, 1742577245592
Received update: /ndn/al-site/al/svs_core/al=7, 1742577247466
Received update: /ndn/is-site/is/svs_core/is=7, 1742577247466
Received update: /ndn/me-site/me/svs_core/me=7, 1742577247466
Received update: /ndn/fr1-site/fr1/svs_core/fr1=7, 1742577247466
Received update: /ndn/ge-site/ge/svs_core/ge=7, 1742577247511
Received update: /ndn/si-site/si/svs_core/si=7, 1742577247511
Received update: /ndn/ie-site/ie/svs_core/ie=7, 1742577249505
Received update: /ndn/cy-site/cy/svs_core/cy=7, 1742577250001
Received update: /ndn/mt-site/mt/svs_core/mt=7, 1742577250177
Received update: /ndn/rs-site/rs/svs_core/rs=7, 1742577250878
Received update: /ndn/ch-site/ch/svs_core/ch=7, 1742577252210
Received update: /ndn/ro-site/ro/svs_core/ro=7, 1742577252210
Received update: /ndn/sk-site/sk/svs_core/sk=7, 1742577252210
Received update: /ndn/az-site/az/svs_core/az=7, 1742577261029
Received update: /ndn/bg-site/bg/svs_core/bg=7, 1742577261029
Received update: /ndn/hr-site/hr/svs_core/hr=7, 1742577261029
Received update: /ndn/lu-site/lu/svs_core/lu=7, 1742577261029
Received update: /ndn/uk-site/uk/svs_core/uk=7, 1742577261029
Received update: /ndn/be-site/be/svs_core/be=7, 1742577267112
Received update: /ndn/it-site/it/svs_core/it=7, 1742577267112
Received update: /ndn/md-site/md/svs_core/md=7, 1742577267112
Received update: /ndn/ee-site/ee/svs_core/ee=7, 1742577270681
Received update: /ndn/es-site/es/svs_core/es=7, 1742577270681
Received update: /ndn/gr-site/gr/svs_core/gr=7, 1742577270681
Received update: /ndn/hu-site/hu/svs_core/hu=7, 1742577270681
Received update: /ndn/de2-site/de2/svs_core/de2=7, 1742577270869
Received update: /ndn/se-site/se/svs_core/se=7, 1742577274242
Received update: /ndn/fi-site/fi/svs_core/fi=7, 1742577274320
Published sequence number: /ndn/no-site/no/svs_core/no=7, 1742577275780
Sending Sync interest
Max suppression time updated to: 216
Received update: /ndn/tr-site/tr/svs_core/tr=7, 1742577275958
Max suppression time updated to: 210
Max suppression time updated to: 207
Received update: /ndn/lv-site/lv/svs_core/lv=7, 1742577276139
Received update: /ndn/at-site/at/svs_core/at=7, 1742577276834
Received update: /ndn/dk-site/dk/svs_core/dk=7, 1742577276834
Received update: /ndn/lt-site/lt/svs_core/lt=7, 1742577276915
Received update: /ndn/by-site/by/svs_core/by=7, 1742577277742
Received update: /ndn/ua-site/ua/svs_core/ua=7, 1742577278287
Received update: /ndn/pl-site/pl/svs_core/pl=7, 1742577281527
Received update: /ndn/de1-site/de1/svs_core/de1=8, 1742577284554
Received update: /ndn/nl-site/nl/svs_core/nl=8, 1742577286506
Received update: /ndn/pt-site/pt/svs_core/pt=8, 1742577286506
Received update: /ndn/fr2-site/fr2/svs_core/fr2=7, 1742577286506
Received update: /ndn/am-site/am/svs_core/am=8, 1742577289891
Received update: /ndn/cz-site/cz/svs_core/cz=8, 1742577289973
Received update: /ndn/al-site/al/svs_core/al=8, 1742577290343
Received update: /ndn/me-site/me/svs_core/me=8, 1742577290343
Received update: /ndn/mk-site/mk/svs_core/mk=8, 1742577290422
Received update: /ndn/il-site/il/svs_core/il=8, 1742577290585
Received update: /ndn/si-site/si/svs_core/si=8, 1742577291654
Received update: /ndn/ge-site/ge/svs_core/ge=8, 1742577291691
Received update: /ndn/is-site/is/svs_core/is=8, 1742577292491
Received update: /ndn/fr1-site/fr1/svs_core/fr1=8, 1742577292491
Received update: /ndn/ie-site/ie/svs_core/ie=8, 1742577294517
Received update: /ndn/mt-site/mt/svs_core/mt=8, 1742577295933
Received update: /ndn/rs-site/rs/svs_core/rs=8, 1742577295933
Received update: /ndn/az-site/az/svs_core/az=8, 1742577296959
Received update: /ndn/ch-site/ch/svs_core/ch=8, 1742577296959
Received update: /ndn/cy-site/cy/svs_core/cy=8, 1742577296959
Received update: /ndn/sk-site/sk/svs_core/sk=8, 1742577296959
Received update: /ndn/uk-site/uk/svs_core/uk=8, 1742577298113
Received update: /ndn/hr-site/hr/svs_core/hr=8, 1742577298602
Received update: /ndn/bg-site/bg/svs_core/bg=8, 1742577302836
Received update: /ndn/ro-site/ro/svs_core/ro=8, 1742577302836
Received update: /ndn/be-site/be/svs_core/be=8, 1742577306046
Received update: /ndn/lu-site/lu/svs_core/lu=8, 1742577306046
Received update: /ndn/gr-site/gr/svs_core/gr=8, 1742577309032
Received update: /ndn/md-site/md/svs_core/md=8, 1742577309098
Received update: /ndn/hu-site/hu/svs_core/hu=8, 1742577312713
Received update: /ndn/ee-site/ee/svs_core/ee=8, 1742577315750
Received update: /ndn/it-site/it/svs_core/it=8, 1742577315750
Received update: /ndn/de2-site/de2/svs_core/de2=8, 1742577315750
Received update: /ndn/es-site/es/svs_core/es=8, 1742577315848
Received update: /ndn/fi-site/fi/svs_core/fi=8, 1742577319006
Received update: /ndn/lv-site/lv/svs_core/lv=8, 1742577320741
Received update: /ndn/tr-site/tr/svs_core/tr=8, 1742577320741
Published sequence number: /ndn/no-site/no/svs_core/no=8, 1742577320782
Sending Sync interest
Max suppression time updated to: 195
Received update: /ndn/se-site/se/svs_core/se=8, 1742577320852
Received update: /ndn/at-site/at/svs_core/at=8, 1742577321254
Received update: /ndn/by-site/by/svs_core/by=8, 1742577323358
Received update: /ndn/lt-site/lt/svs_core/lt=8, 1742577323358
Received update: /ndn/ua-site/ua/svs_core/ua=8, 1742577323358
Received update: /ndn/dk-site/dk/svs_core/dk=8, 1742577323489
Received update: /ndn/pl-site/pl/svs_core/pl=8, 1742577326537
Received update: /ndn/fr2-site/fr2/svs_core/fr2=8, 1742577326537
Received update: /ndn/de1-site/de1/svs_core/de1=9, 1742577329554
Received update: /ndn/pt-site/pt/svs_core/pt=9, 1742577330100
Received update: /ndn/nl-site/nl/svs_core/nl=9, 1742577331449
Received update: /ndn/am-site/am/svs_core/am=9, 1742577334935
Received update: /ndn/cz-site/cz/svs_core/cz=9, 1742577334935
Received update: /ndn/al-site/al/svs_core/al=9, 1742577334991
Received update: /ndn/me-site/me/svs_core/me=9, 1742577335498
Received update: /ndn/mk-site/mk/svs_core/mk=9, 1742577335498
Received update: /ndn/il-site/il/svs_core/il=9, 1742577335591
Received update: /ndn/ge-site/ge/svs_core/ge=9, 1742577337071
Received update: /ndn/si-site/si/svs_core/si=9, 1742577337071
Received update: /ndn/fr1-site/fr1/svs_core/fr1=9, 1742577337071
Received update: /ndn/is-site/is/svs_core/is=9, 1742577337481
Received update: /ndn/mt-site/mt/svs_core/mt=9, 1742577339491
Received update: /ndn/sk-site/sk/svs_core/sk=9, 1742577341209
Received update: /ndn/uk-site/uk/svs_core/uk=9, 1742577343083
Received update: /ndn/cy-site/cy/svs_core/cy=9, 1742577343224
Received update: /ndn/ch-site/ch/svs_core/ch=9, 1742577343247
Received update: /ndn/az-site/az/svs_core/az=9, 1742577343473
Received update: /ndn/ie-site/ie/svs_core/ie=9, 1742577343473
Received update: /ndn/ro-site/ro/svs_core/ro=9, 1742577343473
Received update: /ndn/hr-site/hr/svs_core/hr=9, 1742577343591
Received update: /ndn/be-site/be/svs_core/be=9, 1742577350680
Received update: /ndn/rs-site/rs/svs_core/rs=9, 1742577350680
Received update: /ndn/bg-site/bg/svs_core/bg=9, 1742577351079
Received update: /ndn/lu-site/lu/svs_core/lu=9, 1742577351079
Received update: /ndn/md-site/md/svs_core/md=9, 1742577354069
Received update: /ndn/it-site/it/svs_core/it=9, 1742577356993
Received update: /ndn/gr-site/gr/svs_core/gr=9, 1742577357083
Received update: /ndn/hu-site/hu/svs_core/hu=9, 1742577357757
Received update: /ndn/es-site/es/svs_core/es=9, 1742577357819
Received update: /ndn/de2-site/de2/svs_core/de2=9, 1742577359999
Received update: /ndn/se-site/se/svs_core/se=9, 1742577364256
Received update: /ndn/tr-site/tr/svs_core/tr=9, 1742577365354
Sending Sync interest
Received update: /ndn/ee-site/ee/svs_core/ee=9, 1742577365564
Sending Sync interest
Received update: /ndn/lv-site/lv/svs_core/lv=9, 1742577365743
Max suppression time updated to: 183
Received update: /ndn/fi-site/fi/svs_core/fi=9, 1742577365781
Published sequence number: /ndn/no-site/no/svs_core/no=9, 1742577365784
Sending Sync interest
Received update: /ndn/at-site/at/svs_core/at=9, 1742577371386
Received update: /ndn/dk-site/dk/svs_core/dk=9, 1742577371386
Received update: /ndn/lt-site/lt/svs_core/lt=9, 1742577371386
Received update: /ndn/ua-site/ua/svs_core/ua=9, 1742577371386
Received update: /ndn/fr2-site/fr2/svs_core/fr2=9, 1742577371386
Received update: /ndn/de1-site/de1/svs_core/de1=10, 1742577374551
Received update: /ndn/pl-site/pl/svs_core/pl=9, 1742577374731
Received update: /ndn/by-site/by/svs_core/by=9, 1742577374940
Received update: /ndn/pt-site/pt/svs_core/pt=10, 1742577375118
Received update: /ndn/nl-site/nl/svs_core/nl=10, 1742577376495
Received update: /ndn/cz-site/cz/svs_core/cz=10, 1742577377774
Received update: /ndn/me-site/me/svs_core/me=10, 1742577378067
Received update: /ndn/al-site/al/svs_core/al=10, 1742577379978
Received update: /ndn/am-site/am/svs_core/am=10, 1742577380090
Received update: /ndn/il-site/il/svs_core/il=10, 1742577380683
Received update: /ndn/mk-site/mk/svs_core/mk=10, 1742577380683
Received update: /ndn/si-site/si/svs_core/si=10, 1742577381531
Received update: /ndn/ge-site/ge/svs_core/ge=10, 1742577381708
Received update: /ndn/is-site/is/svs_core/is=10, 1742577382487
Received update: /ndn/fr1-site/fr1/svs_core/fr1=10, 1742577382487
Received update: /ndn/cy-site/cy/svs_core/cy=10, 1742577385016
Received update: /ndn/ie-site/ie/svs_core/ie=10, 1742577385153
Received update: /ndn/ch-site/ch/svs_core/ch=10, 1742577386300
Received update: /ndn/sk-site/sk/svs_core/sk=10, 1742577386532
Received update: /ndn/az-site/az/svs_core/az=10, 1742577386886
Received update: /ndn/mt-site/mt/svs_core/mt=10, 1742577386886
Received update: /ndn/uk-site/uk/svs_core/uk=10, 1742577388163
Received update: /ndn/ro-site/ro/svs_core/ro=10, 1742577388424
Received update: /ndn/bg-site/bg/svs_core/bg=10, 1742577392939
Received update: /ndn/hr-site/hr/svs_core/hr=10, 1742577392939
Received update: /ndn/lu-site/lu/svs_core/lu=10, 1742577396061
Received update: /ndn/be-site/be/svs_core/be=10, 1742577396192
Received update: /ndn/gr-site/gr/svs_core/gr=10, 1742577399015
Received update: /ndn/rs-site/rs/svs_core/rs=10, 1742577399142
Received update: /ndn/hu-site/hu/svs_core/hu=10, 1742577402738
Received update: /ndn/it-site/it/svs_core/it=10, 1742577402738
Received update: /ndn/md-site/md/svs_core/md=10, 1742577402738
Received update: /ndn/fi-site/fi/svs_core/fi=10, 1742577409014
Received update: /ndn/de2-site/de2/svs_core/de2=10, 1742577409167
Received update: /ndn/se-site/se/svs_core/se=10, 1742577409257
Received update: /ndn/ee-site/ee/svs_core/ee=10, 1742577409282
Received update: /ndn/es-site/es/svs_core/es=10, 1742577409340
Received update: /ndn/tr-site/tr/svs_core/tr=10, 1742577410327
Published sequence number: /ndn/no-site/no/svs_core/no=10, 1742577410786
Sending Sync interest
Received update: /ndn/lv-site/lv/svs_core/lv=10, 1742577410875
Received update: /ndn/at-site/at/svs_core/at=10, 1742577411664
Received update: /ndn/lt-site/lt/svs_core/lt=10, 1742577411664
Received update: /ndn/dk-site/dk/svs_core/dk=10, 1742577411708
Received update: /ndn/ua-site/ua/svs_core/ua=10, 1742577413270
Received update: /ndn/pl-site/pl/svs_core/pl=10, 1742577416597
Received update: /ndn/fr2-site/fr2/svs_core/fr2=10, 1742577416597
Received update: /ndn/by-site/by/svs_core/by=10, 1742577416768
Received update: /ndn/de1-site/de1/svs_core/de1=11, 1742577419676
Received update: /ndn/pt-site/pt/svs_core/pt=11, 1742577420113
Received update: /ndn/me-site/me/svs_core/me=11, 1742577422960
Received update: /ndn/nl-site/nl/svs_core/nl=11, 1742577422960
Received update: /ndn/cz-site/cz/svs_core/cz=11, 1742577423156
Received update: /ndn/mk-site/mk/svs_core/mk=11, 1742577425591
Received update: /ndn/al-site/al/svs_core/al=11, 1742577425878
Received update: /ndn/am-site/am/svs_core/am=11, 1742577425878
Received update: /ndn/ge-site/ge/svs_core/ge=11, 1742577425878
Received update: /ndn/il-site/il/svs_core/il=11, 1742577425879
Received update: /ndn/is-site/is/svs_core/is=11, 1742577427484
Received update: /ndn/si-site/si/svs_core/si=11, 1742577427484
Received update: /ndn/fr1-site/fr1/svs_core/fr1=11, 1742577427484
Received update: /ndn/ie-site/ie/svs_core/ie=11, 1742577429700
Received update: /ndn/mt-site/mt/svs_core/mt=11, 1742577429884
Sending Sync interest
Received update: /ndn/sk-site/sk/svs_core/sk=11, 1742577431184
Received update: /ndn/ch-site/ch/svs_core/ch=11, 1742577431327
Received update: /ndn/cy-site/cy/svs_core/cy=11, 1742577431485
Received update: /ndn/rs-site/rs/svs_core/rs=11, 1742577431485
Received update: /ndn/az-site/az/svs_core/az=11, 1742577431890
Sending Sync interest
Received update: /ndn/ro-site/ro/svs_core/ro=11, 1742577432306
Received update: /ndn/uk-site/uk/svs_core/uk=11, 1742577433096
Received update: /ndn/hr-site/hr/svs_core/hr=11, 1742577433663
Received update: /ndn/bg-site/bg/svs_core/bg=11, 1742577437836
Received update: /ndn/be-site/be/svs_core/be=11, 1742577444024
Received update: /ndn/gr-site/gr/svs_core/gr=11, 1742577444024
Received update: /ndn/lu-site/lu/svs_core/lu=11, 1742577444024
Received update: /ndn/md-site/md/svs_core/md=11, 1742577444386
Received update: /ndn/it-site/it/svs_core/it=11, 1742577446999
Received update: /ndn/es-site/es/svs_core/es=11, 1742577448161
Received update: /ndn/hu-site/hu/svs_core/hu=11, 1742577448161
Received update: /ndn/ee-site/ee/svs_core/ee=11, 1742577450704
Received update: /ndn/de2-site/de2/svs_core/de2=11, 1742577450704
Received update: /ndn/fi-site/fi/svs_core/fi=11, 1742577454027
Received update: /ndn/se-site/se/svs_core/se=11, 1742577454267
Published sequence number: /ndn/no-site/no/svs_core/no=11, 1742577455789
Sending Sync interest
Max suppression time updated to: 171
Received update: /ndn/lv-site/lv/svs_core/lv=11, 1742577455895
Received update: /ndn/tr-site/tr/svs_core/tr=11, 1742577455895
Max suppression time updated to: 168
Max suppression time updated to: 174
Max suppression time updated to: 180
Received update: /ndn/dk-site/dk/svs_core/dk=11, 1742577456714
Received update: /ndn/at-site/at/svs_core/at=11, 1742577456891
Received update: /ndn/lt-site/lt/svs_core/lt=11, 1742577457115
Received update: /ndn/fr2-site/fr2/svs_core/fr2=11, 1742577461197
Received update: /ndn/by-site/by/svs_core/by=11, 1742577461562
Received update: /ndn/pl-site/pl/svs_core/pl=11, 1742577461562
Received update: /ndn/ua-site/ua/svs_core/ua=11, 1742577464559
Received update: /ndn/de1-site/de1/svs_core/de1=12, 1742577464559
Received update: /ndn/pt-site/pt/svs_core/pt=12, 1742577465122
Received update: /ndn/nl-site/nl/svs_core/nl=12, 1742577466476
Received update: /ndn/cz-site/cz/svs_core/cz=12, 1742577467839
Received update: /ndn/me-site/me/svs_core/me=12, 1742577467989
Received update: /ndn/al-site/al/svs_core/al=12, 1742577470736
Received update: /ndn/ge-site/ge/svs_core/ge=12, 1742577470736
Received update: /ndn/il-site/il/svs_core/il=12, 1742577470736
Received update: /ndn/am-site/am/svs_core/am=12, 1742577470761
Received update: /ndn/si-site/si/svs_core/si=12, 1742577471518
Received update: /ndn/mk-site/mk/svs_core/mk=12, 1742577472378
Received update: /ndn/fr1-site/fr1/svs_core/fr1=12, 1742577472378
Received update: /ndn/is-site/is/svs_core/is=12, 1742577474502
Received update: /ndn/mt-site/mt/svs_core/mt=12, 1742577474502
Received update: /ndn/cy-site/cy/svs_core/cy=12, 1742577475029
Received update: /ndn/ie-site/ie/svs_core/ie=12, 1742577475029
Received update: /ndn/ch-site/ch/svs_core/ch=12, 1742577476325
Received update: /ndn/sk-site/sk/svs_core/sk=12, 1742577476325
Received update: /ndn/az-site/az/svs_core/az=12, 1742577477370
Received update: /ndn/ro-site/ro/svs_core/ro=12, 1742577477370
Received update: /ndn/uk-site/uk/svs_core/uk=12, 1742577478097
Received update: /ndn/rs-site/rs/svs_core/rs=12, 1742577478371
Received update: /ndn/bg-site/bg/svs_core/bg=12, 1742577482884
Received update: /ndn/be-site/be/svs_core/be=12, 1742577485691
Received update: /ndn/gr-site/gr/svs_core/gr=12, 1742577489030
Received update: /ndn/hr-site/hr/svs_core/hr=12, 1742577489030
Received update: /ndn/lu-site/lu/svs_core/lu=12, 1742577489030
Received update: /ndn/md-site/md/svs_core/md=12, 1742577489061
Received update: /ndn/it-site/it/svs_core/it=12, 1742577492119
Received update: /ndn/hu-site/hu/svs_core/hu=12, 1742577492744
Received update: /ndn/ee-site/ee/svs_core/ee=12, 1742577495715
Received update: /ndn/es-site/es/svs_core/es=12, 1742577495715
Received update: /ndn/de2-site/de2/svs_core/de2=12, 1742577495715
Received update: /ndn/fi-site/fi/svs_core/fi=12, 1742577499057
Received update: /ndn/se-site/se/svs_core/se=12, 1742577499285
Published sequence number: /ndn/no-site/no/svs_core/no=12, 1742577500793
Sending Sync interest
Received update: /ndn/at-site/at/svs_core/at=12, 1742577501435
Received update: /ndn/tr-site/tr/svs_core/tr=12, 1742577501435
Received update: /ndn/lt-site/lt/svs_core/lt=12, 1742577501672
Received update: /ndn/lv-site/lv/svs_core/lv=12, 1742577501906
Received update: /ndn/dk-site/dk/svs_core/dk=12, 1742577502053
Received update: /ndn/by-site/by/svs_core/by=12, 1742577506802
Received update: /ndn/pl-site/pl/svs_core/pl=12, 1742577506802
Received update: /ndn/fr2-site/fr2/svs_core/fr2=12, 1742577506802
Received update: /ndn/ua-site/ua/svs_core/ua=12, 1742577507054
Received update: /ndn/nl-site/nl/svs_core/nl=13, 1742577511486
Received update: /ndn/de1-site/de1/svs_core/de1=13, 1742577511486
Received update: /ndn/al-site/al/svs_core/al=13, 1742577515460
Received update: /ndn/cz-site/cz/svs_core/cz=13, 1742577515460
Received update: /ndn/mk-site/mk/svs_core/mk=13, 1742577515460
Received update: /ndn/pt-site/pt/svs_core/pt=13, 1742577515460
Received update: /ndn/me-site/me/svs_core/me=13, 1742577515674
Received update: /ndn/am-site/am/svs_core/am=13, 1742577515904
Received update: /ndn/il-site/il/svs_core/il=13, 1742577515904
Received update: /ndn/ge-site/ge/svs_core/ge=13, 1742577516546
Received update: /ndn/si-site/si/svs_core/si=13, 1742577516546
Received update: /ndn/is-site/is/svs_core/is=13, 1742577517502
Received update: /ndn/ie-site/ie/svs_core/ie=13, 1742577519536
Received update: /ndn/fr1-site/fr1/svs_core/fr1=13, 1742577519665
Received update: /ndn/mt-site/mt/svs_core/mt=13, 1742577519870
Received update: /ndn/cy-site/cy/svs_core/cy=13, 1742577521208
Received update: /ndn/rs-site/rs/svs_core/rs=13, 1742577521208
Received update: /ndn/sk-site/sk/svs_core/sk=13, 1742577521208
Received update: /ndn/ch-site/ch/svs_core/ch=13, 1742577521323
Received update: /ndn/ro-site/ro/svs_core/ro=13, 1742577522269
Sending Sync interest
Received update: /ndn/az-site/az/svs_core/az=13, 1742577523609
Received update: /ndn/hr-site/hr/svs_core/hr=13, 1742577523609
Received update: /ndn/uk-site/uk/svs_core/uk=13, 1742577523609
Received update: /ndn/bg-site/bg/svs_core/bg=13, 1742577527836
Received update: /ndn/be-site/be/svs_core/be=13, 1742577530699
Received update: /ndn/lu-site/lu/svs_core/lu=13, 1742577531219
Received update: /ndn/gr-site/gr/svs_core/gr=13, 1742577534041
Received update: /ndn/hu-site/hu/svs_core/hu=13, 1742577537754
Received update: /ndn/it-site/it/svs_core/it=13, 1742577537754
Received update: /ndn/md-site/md/svs_core/md=13, 1742577537754
Received update: /ndn/de2-site/de2/svs_core/de2=13, 1742577540033
Received update: /ndn/ee-site/ee/svs_core/ee=13, 1742577540715
Sending Sync interest
Received update: /ndn/es-site/es/svs_core/es=13, 1742577545346
Received update: /ndn/tr-site/tr/svs_core/tr=13, 1742577545346
Published sequence number: /ndn/no-site/no/svs_core/no=13, 1742577545796
Sending Sync interest
Max suppression time updated to: 171
Received update: /ndn/fi-site/fi/svs_core/fi=13, 1742577545855
Received update: /ndn/se-site/se/svs_core/se=13, 1742577545855
Received update: /ndn/lv-site/lv/svs_core/lv=13, 1742577546091
Received update: /ndn/at-site/at/svs_core/at=13, 1742577546674
Received update: /ndn/lt-site/lt/svs_core/lt=13, 1742577546674
Received update: /ndn/dk-site/dk/svs_core/dk=13, 1742577546723
Received update: /ndn/by-site/by/svs_core/by=13, 1742577551570
Received update: /ndn/pl-site/pl/svs_core/pl=13, 1742577551570
Received update: /ndn/pt-site/pt/svs_core/pt=14, 1742577555122
Received update: /ndn/de1-site/de1/svs_core/de1=14, 1742577555122
Received update: /ndn/fr2-site/fr2/svs_core/fr2=13, 1742577555122
Received update: /ndn/ua-site/ua/svs_core/ua=13, 1742577555362
Received update: /ndn/nl-site/nl/svs_core/nl=14, 1742577556491
Received update: /ndn/al-site/al/svs_core/al=14, 1742577560571
Received update: /ndn/cz-site/cz/svs_core/cz=14, 1742577560571
Received update: /ndn/mk-site/mk/svs_core/mk=14, 1742577560571
Received update: /ndn/ge-site/ge/svs_core/ge=14, 1742577561063
Received update: /ndn/il-site/il/svs_core/il=14, 1742577561063
Received update: /ndn/me-site/me/svs_core/me=14, 1742577561063
Received update: /ndn/si-site/si/svs_core/si=14, 1742577561550
Received update: /ndn/am-site/am/svs_core/am=14, 1742577562417
Received update: /ndn/fr1-site/fr1/svs_core/fr1=14, 1742577562464
Received update: /ndn/is-site/is/svs_core/is=14, 1742577562642
Received update: /ndn/mt-site/mt/svs_core/mt=14, 1742577564428
Received update: /ndn/cy-site/cy/svs_core/cy=14, 1742577565044
Received update: /ndn/ie-site/ie/svs_core/ie=14, 1742577565996
Received update: /ndn/rs-site/rs/svs_core/rs=14, 1742577565996
Received update: /ndn/sk-site/sk/svs_core/sk=14, 1742577566201
Received update: /ndn/ch-site/ch/svs_core/ch=14, 1742577566314
Received update: /ndn/ro-site/ro/svs_core/ro=14, 1742577568120
Received update: /ndn/uk-site/uk/svs_core/uk=14, 1742577568120
Received update: /ndn/az-site/az/svs_core/az=14, 1742577568180
Received update: /ndn/hr-site/hr/svs_core/hr=14, 1742577568607
Received update: /ndn/bg-site/bg/svs_core/bg=14, 1742577573013
Received update: /ndn/be-site/be/svs_core/be=14, 1742577582824
Received update: /ndn/es-site/es/svs_core/es=14, 1742577582824
Received update: /ndn/gr-site/gr/svs_core/gr=14, 1742577582877
Received update: /ndn/hu-site/hu/svs_core/hu=14, 1742577582877
Received update: /ndn/it-site/it/svs_core/it=14, 1742577582877
Received update: /ndn/lu-site/lu/svs_core/lu=14, 1742577583219
Received update: /ndn/md-site/md/svs_core/md=14, 1742577583219
Received update: /ndn/ee-site/ee/svs_core/ee=14, 1742577585850
Received update: /ndn/de2-site/de2/svs_core/de2=14, 1742577585850
Received update: /ndn/se-site/se/svs_core/se=14, 1742577589277
Received update: /ndn/fi-site/fi/svs_core/fi=14, 1742577590346
Received update: /ndn/tr-site/tr/svs_core/tr=14, 1742577590346
Received update: /ndn/lv-site/lv/svs_core/lv=14, 1742577590774
Published sequence number: /ndn/no-site/no/svs_core/no=14, 1742577590798
Sending Sync interest
Sending Sync interest
Received update: /ndn/at-site/at/svs_core/at=14, 1742577591268
Received update: /ndn/dk-site/dk/svs_core/dk=14, 1742577591749
Received update: /ndn/ua-site/ua/svs_core/ua=14, 1742577593234
Received update: /ndn/by-site/by/svs_core/by=14, 1742577593299
Received update: /ndn/lt-site/lt/svs_core/lt=14, 1742577600314
Received update: /ndn/pl-site/pl/svs_core/pl=14, 1742577600314
Received update: /ndn/pt-site/pt/svs_core/pt=15, 1742577600314
Received update: /ndn/de1-site/de1/svs_core/de1=15, 1742577600314
Received update: /ndn/fr2-site/fr2/svs_core/fr2=14, 1742577600314
Received update: /ndn/cz-site/cz/svs_core/cz=15, 1742577602770
Received update: /ndn/me-site/me/svs_core/me=15, 1742577603028
Received update: /ndn/nl-site/nl/svs_core/nl=15, 1742577603028
Received update: /ndn/am-site/am/svs_core/am=15, 1742577605720
Received update: /ndn/il-site/il/svs_core/il=15, 1742577605720
Received update: /ndn/mk-site/mk/svs_core/mk=15, 1742577605720
Received update: /ndn/si-site/si/svs_core/si=15, 1742577606537
Received update: /ndn/al-site/al/svs_core/al=15, 1742577606597
Received update: /ndn/ge-site/ge/svs_core/ge=15, 1742577606597
Received update: /ndn/fr1-site/fr1/svs_core/fr1=15, 1742577607077
Received update: /ndn/is-site/is/svs_core/is=15, 1742577607509
Received update: /ndn/mt-site/mt/svs_core/mt=15, 1742577609413
Received update: /ndn/ie-site/ie/svs_core/ie=15, 1742577609538
Received update: /ndn/cy-site/cy/svs_core/cy=15, 1742577610040
Received update: /ndn/az-site/az/svs_core/az=15, 1742577612155
Received update: /ndn/ch-site/ch/svs_core/ch=15, 1742577612155
Received update: /ndn/sk-site/sk/svs_core/sk=15, 1742577612155
Received update: /ndn/uk-site/uk/svs_core/uk=15, 1742577613107
Received update: /ndn/bg-site/bg/svs_core/bg=15, 1742577617861
Received update: /ndn/hr-site/hr/svs_core/hr=15, 1742577617952
Received update: /ndn/be-site/be/svs_core/be=15, 1742577620708
Received update: /ndn/ro-site/ro/svs_core/ro=15, 1742577620740
Received update: /ndn/gr-site/gr/svs_core/gr=15, 1742577624100
Received update: /ndn/lu-site/lu/svs_core/lu=15, 1742577624100
Received update: /ndn/rs-site/rs/svs_core/rs=15, 1742577624100
Received update: /ndn/md-site/md/svs_core/md=15, 1742577624103
Received update: /ndn/hu-site/hu/svs_core/hu=15, 1742577627753
Received update: /ndn/it-site/it/svs_core/it=15, 1742577627753
Received update: /ndn/es-site/es/svs_core/es=15, 1742577627849
Received update: /ndn/de2-site/de2/svs_core/de2=15, 1742577630031
Received update: /ndn/ee-site/ee/svs_core/ee=15, 1742577634285
Received update: /ndn/fi-site/fi/svs_core/fi=15, 1742577634285
Published sequence number: /ndn/no-site/no/svs_core/no=15, 1742577635800
Sending Sync interest
Max suppression time updated to: 165
Received update: /ndn/se-site/se/svs_core/se=15, 1742577635868
Received update: /ndn/tr-site/tr/svs_core/tr=15, 1742577635868
Max suppression time updated to: 162
Max suppression time updated to: 162
Received update: /ndn/at-site/at/svs_core/at=15, 1742577636609
Received update: /ndn/lt-site/lt/svs_core/lt=15, 1742577636609
Received update: /ndn/lv-site/lv/svs_core/lv=15, 1742577636609
Received update: /ndn/dk-site/dk/svs_core/dk=15, 1742577638241
Received update: /ndn/ua-site/ua/svs_core/ua=15, 1742577638241
Received update: /ndn/by-site/by/svs_core/by=15, 1742577641403
Received update: /ndn/fr2-site/fr2/svs_core/fr2=15, 1742577641403
Received update: /ndn/pl-site/pl/svs_core/pl=15, 1742577641574
Received update: /ndn/de1-site/de1/svs_core/de1=16, 1742577644578
Received update: /ndn/nl-site/nl/svs_core/nl=16, 1742577646496
Received update: /ndn/cz-site/cz/svs_core/cz=16, 1742577647788
Received update: /ndn/am-site/am/svs_core/am=16, 1742577650013
Received update: /ndn/pt-site/pt/svs_core/pt=16, 1742577650013
Received update: /ndn/al-site/al/svs_core/al=16, 1742577650690
Received update: /ndn/mk-site/mk/svs_core/mk=16, 1742577650690
Received update: /ndn/ge-site/ge/svs_core/ge=16, 1742577650792
Received update: /ndn/il-site/il/svs_core/il=16, 1742577650972
Received update: /ndn/is-site/is/svs_core/is=16, 1742577652663
Received update: /ndn/me-site/me/svs_core/me=16, 1742577652663
Received update: /ndn/si-site/si/svs_core/si=16, 1742577652752
Received update: /ndn/fr1-site/fr1/svs_core/fr1=16, 1742577652866
Received update: /ndn/ie-site/ie/svs_core/ie=16, 1742577654557
Received update: /ndn/mt-site/mt/svs_core/mt=16, 1742577654727
Received update: /ndn/ch-site/ch/svs_core/ch=16, 1742577656533
Received update: /ndn/cy-site/cy/svs_core/cy=16, 1742577656533
Received update: /ndn/sk-site/sk/svs_core/sk=16, 1742577656533
Received update: /ndn/az-site/az/svs_core/az=16, 1742577656915
Received update: /ndn/rs-site/rs/svs_core/rs=16, 1742577657136
Received update: /ndn/ro-site/ro/svs_core/ro=16, 1742577657780
Received update: /ndn/uk-site/uk/svs_core/uk=16, 1742577658121
Received update: /ndn/bg-site/bg/svs_core/bg=16, 1742577666312
Received update: /ndn/lu-site/lu/svs_core/lu=16, 1742577666312
Received update: /ndn/be-site/be/svs_core/be=16, 1742577666516
Received update: /ndn/hr-site/hr/svs_core/hr=16, 1742577666566
Received update: /ndn/gr-site/gr/svs_core/gr=16, 1742577672006
Received update: /ndn/it-site/it/svs_core/it=16, 1742577672006
Received update: /ndn/hu-site/hu/svs_core/hu=16, 1742577672758
Received update: /ndn/es-site/es/svs_core/es=16, 1742577672847
Received update: /ndn/de2-site/de2/svs_core/de2=16, 1742577675043
Received update: /ndn/se-site/se/svs_core/se=16, 1742577679286
Received update: /ndn/tr-site/tr/svs_core/tr=16, 1742577680402
Sending Sync interest
Published sequence number: /ndn/no-site/no/svs_core/no=16, 1742577680802
Sending Sync interest
Received update: /ndn/ee-site/ee/svs_core/ee=16, 1742577680838
Received update: /ndn/lv-site/lv/svs_core/lv=16, 1742577680838
Received update: /ndn/fi-site/fi/svs_core/fi=16, 1742577680911
Sending Sync interest
Max suppression time updated to: 165
Received update: /ndn/md-site/md/svs_core/md=16, 1742577681222
Received update: /ndn/at-site/at/svs_core/at=16, 1742577681950
Received update: /ndn/dk-site/dk/svs_core/dk=16, 1742577681950
Received update: /ndn/lt-site/lt/svs_core/lt=16, 1742577681969
Received update: /ndn/by-site/by/svs_core/by=16, 1742577682778
Received update: /ndn/pl-site/pl/svs_core/pl=16, 1742577686577
Received update: /ndn/ua-site/ua/svs_core/ua=16, 1742577713459
Received update: /ndn/fr2-site/fr2/svs_core/fr2=16, 1742577713714
Stopping SVS client: /ndn/no-site/no/svs_core/no
