SVS client starting: /ndn/be-site/be/svs_core/be
Sending Sync interest
Max suppression time updated to: 255
Max suppression time updated to: 252
Max suppression time updated to: 291
Max suppression time updated to: 279
Max suppression time updated to: 270
Max suppression time updated to: 288
Max suppression time updated to: 300
Max suppression time updated to: 309
Max suppression time updated to: 315
Max suppression time updated to: 309
Max suppression time updated to: 315
Max suppression time updated to: 309
Max suppression time updated to: 315
Max suppression time updated to: 336
Max suppression time updated to: 321
Max suppression time updated to: 330
Max suppression time updated to: 327
Max suppression time updated to: 336
Max suppression time updated to: 345
Max suppression time updated to: 351
Max suppression time updated to: 360
Max suppression time updated to: 366
Max suppression time updated to: 375
Max suppression time updated to: 384
Max suppression time updated to: 384
Max suppression time updated to: 393
Max suppression time updated to: 399
Max suppression time updated to: 402
Max suppression time updated to: 411
Max suppression time updated to: 414
Max suppression time updated to: 420
Max suppression time updated to: 423
Max suppression time updated to: 429
Max suppression time updated to: 435
Max suppression time updated to: 438
Max suppression time updated to: 444
Received update: /ndn/ro-site/ro/svs_core/ro=1, 1741734297596
Max suppression time updated to: 447
Received update: /ndn/md-site/md/svs_core/md=1, 1741734298019
Max suppression time updated to: 450
Received update: /ndn/sk-site/sk/svs_core/sk=1, 1741734298229
Max suppression time updated to: 453
Received update: /ndn/rs-site/rs/svs_core/rs=1, 1741734300817
Max suppression time updated to: 450
Max suppression time updated to: 447
Max suppression time updated to: 450
Max suppression time updated to: 450
Max suppression time updated to: 453
Max suppression time updated to: 456
Received update: /ndn/lv-site/lv/svs_core/lv=1, 1741734301181
Max suppression time updated to: 456
Received update: /ndn/pl-site/pl/svs_core/pl=1, 1741734301374
Max suppression time updated to: 453
Received update: /ndn/pt-site/pt/svs_core/pt=1, 1741734301420
Max suppression time updated to: 450
Received update: /ndn/uk-site/uk/svs_core/uk=1, 1741734301895
Max suppression time updated to: 450
Received update: /ndn/no-site/no/svs_core/no=1, 1741734302307
Max suppression time updated to: 453
Received update: /ndn/se-site/se/svs_core/se=1, 1741734302438
Max suppression time updated to: 450
Max suppression time updated to: 447
Max suppression time updated to: 450
Max suppression time updated to: 450
Received update: /ndn/it-site/it/svs_core/it=1, 1741734303429
Max suppression time updated to: 447
Received update: /ndn/lu-site/lu/svs_core/lu=1, 1741734303429
Max suppression time updated to: 444
Received update: /ndn/ie-site/ie/svs_core/ie=1, 1741734303672
Max suppression time updated to: 447
Max suppression time updated to: 447
Received update: /ndn/bg-site/bg/svs_core/bg=1, 1741734305137
Max suppression time updated to: 450
Received update: /ndn/hr-site/hr/svs_core/hr=1, 1741734305472
Max suppression time updated to: 450
Received update: /ndn/es-site/es/svs_core/es=1, 1741734305556
Max suppression time updated to: 450
Received update: /ndn/cz-site/cz/svs_core/cz=1, 1741734305891
Max suppression time updated to: 453
Max suppression time updated to: 450
Received update: /ndn/de1-site/de1/svs_core/de1=1, 1741734306131
Max suppression time updated to: 453
Received update: /ndn/hu-site/hu/svs_core/hu=1, 1741734307101
Max suppression time updated to: 450
Received update: /ndn/fr1-site/fr1/svs_core/fr1=1, 1741734309516
Max suppression time updated to: 444
Received update: /ndn/nl-site/nl/svs_core/nl=1, 1741734310554
Max suppression time updated to: 447
Received update: /ndn/gr-site/gr/svs_core/gr=1, 1741734312600
Max suppression time updated to: 444
Max suppression time updated to: 444
Max suppression time updated to: 447
Received update: /ndn/mk-site/mk/svs_core/mk=1, 1741734313015
Max suppression time updated to: 447
Received update: /ndn/il-site/il/svs_core/il=1, 1741734315254
Max suppression time updated to: 444
Received update: /ndn/dk-site/dk/svs_core/dk=1, 1741734315264
Max suppression time updated to: 444
Received update: /ndn/is-site/is/svs_core/is=1, 1741734316128
Max suppression time updated to: 447
Received update: /ndn/ch-site/ch/svs_core/ch=1, 1741734318149
Max suppression time updated to: 447
Received update: /ndn/si-site/si/svs_core/si=1, 1741734319692
Max suppression time updated to: 447
Received update: /ndn/az-site/az/svs_core/az=1, 1741734320180
Published sequence number: /ndn/be-site/be/svs_core/be=1, 1741734320912
Sending Sync interest
Max suppression time updated to: 450
Received update: /ndn/fi-site/fi/svs_core/fi=1, 1741734321366
Max suppression time updated to: 450
Received update: /ndn/lt-site/lt/svs_core/lt=1, 1741734321722
Max suppression time updated to: 453
Received update: /ndn/at-site/at/svs_core/at=1, 1741734323739
Max suppression time updated to: 453
Received update: /ndn/ee-site/ee/svs_core/ee=1, 1741734325392
Max suppression time updated to: 453
Received update: /ndn/mt-site/mt/svs_core/mt=1, 1741734331944
Received update: /ndn/de2-site/de2/svs_core/de2=1, 1741734331944
Max suppression time updated to: 453
Received update: /ndn/tr-site/tr/svs_core/tr=1, 1741734332281
Max suppression time updated to: 456
Max suppression time updated to: 456
Received update: /ndn/by-site/by/svs_core/by=1, 1741734332959
Max suppression time updated to: 456
Received update: /ndn/cy-site/cy/svs_core/cy=1, 1741734333389
Max suppression time updated to: 453
Max suppression time updated to: 450
Max suppression time updated to: 453
Max suppression time updated to: 453
Max suppression time updated to: 456
Max suppression time updated to: 456
Received update: /ndn/ua-site/ua/svs_core/ua=1, 1741734334348
Max suppression time updated to: 459
Received update: /ndn/me-site/me/svs_core/me=1, 1741734334393
Max suppression time updated to: 459
Received update: /ndn/ge-site/ge/svs_core/ge=1, 1741734337878
Received update: /ndn/fr2-site/fr2/svs_core/fr2=1, 1741734337878
Max suppression time updated to: 459
Received update: /ndn/am-site/am/svs_core/am=1, 1741734338519
Max suppression time updated to: 462
Received update: /ndn/al-site/al/svs_core/al=1, 1741734338651
Max suppression time updated to: 459
Max suppression time updated to: 456
Max suppression time updated to: 456
Max suppression time updated to: 456
Max suppression time updated to: 453
Max suppression time updated to: 456
Max suppression time updated to: 456
Received update: /ndn/ro-site/ro/svs_core/ro=2, 1741734342600
Max suppression time updated to: 459
Received update: /ndn/md-site/md/svs_core/md=2, 1741734343291
Received update: /ndn/sk-site/sk/svs_core/sk=2, 1741734343291
Max suppression time updated to: 459
Received update: /ndn/rs-site/rs/svs_core/rs=2, 1741734346147
Max suppression time updated to: 459
Max suppression time updated to: 459
Max suppression time updated to: 459
Max suppression time updated to: 459
Received update: /ndn/pl-site/pl/svs_core/pl=2, 1741734346499
Max suppression time updated to: 456
Received update: /ndn/uk-site/uk/svs_core/uk=2, 1741734346857
Max suppression time updated to: 456
Received update: /ndn/pt-site/pt/svs_core/pt=2, 1741734347027
Max suppression time updated to: 456
Received update: /ndn/no-site/no/svs_core/no=2, 1741734347622
Max suppression time updated to: 459
Received update: /ndn/lv-site/lv/svs_core/lv=2, 1741734347803
Max suppression time updated to: 459
Received update: /ndn/se-site/se/svs_core/se=2, 1741734348036
Max suppression time updated to: 462
Max suppression time updated to: 462
Received update: /ndn/it-site/it/svs_core/it=2, 1741734348461
Max suppression time updated to: 462
Max suppression time updated to: 459
Received update: /ndn/ie-site/ie/svs_core/ie=2, 1741734348676
Max suppression time updated to: 462
Received update: /ndn/lu-site/lu/svs_core/lu=2, 1741734349379
Max suppression time updated to: 462
Max suppression time updated to: 462
Max suppression time updated to: 462
Max suppression time updated to: 465
Received update: /ndn/bg-site/bg/svs_core/bg=2, 1741734350567
Received update: /ndn/hr-site/hr/svs_core/hr=2, 1741734350567
Max suppression time updated to: 462
Received update: /ndn/es-site/es/svs_core/es=2, 1741734350568
Max suppression time updated to: 462
Max suppression time updated to: 462
Max suppression time updated to: 465
Max suppression time updated to: 465
Received update: /ndn/cz-site/cz/svs_core/cz=2, 1741734351661
Max suppression time updated to: 465
Received update: /ndn/de1-site/de1/svs_core/de1=2, 1741734351895
Max suppression time updated to: 465
Max suppression time updated to: 465
Max suppression time updated to: 465
Max suppression time updated to: 468
Max suppression time updated to: 468
Received update: /ndn/hu-site/hu/svs_core/hu=2, 1741734352529
Max suppression time updated to: 468
Max suppression time updated to: 465
Received update: /ndn/nl-site/nl/svs_core/nl=2, 1741734355558
Max suppression time updated to: 465
Received update: /ndn/fr1-site/fr1/svs_core/fr1=2, 1741734355824
Max suppression time updated to: 462
Received update: /ndn/dk-site/dk/svs_core/dk=2, 1741734360218
Max suppression time updated to: 462
Received update: /ndn/il-site/il/svs_core/il=2, 1741734360220
Max suppression time updated to: 459
Received update: /ndn/mk-site/mk/svs_core/mk=2, 1741734360549
Max suppression time updated to: 462
Max suppression time updated to: 462
Received update: /ndn/gr-site/gr/svs_core/gr=2, 1741734360743
Max suppression time updated to: 465
Received update: /ndn/is-site/is/svs_core/is=2, 1741734361286
Max suppression time updated to: 465
Received update: /ndn/az-site/az/svs_core/az=2, 1741734361495
Max suppression time updated to: 465
Received update: /ndn/si-site/si/svs_core/si=2, 1741734364690
Published sequence number: /ndn/be-site/be/svs_core/be=2, 1741734365916
Sending Sync interest
Max suppression time updated to: 465
Received update: /ndn/ch-site/ch/svs_core/ch=2, 1741734366366
Max suppression time updated to: 465
Received update: /ndn/lt-site/lt/svs_core/lt=2, 1741734366676
Max suppression time updated to: 465
Max suppression time updated to: 468
Max suppression time updated to: 468
Max suppression time updated to: 468
Received update: /ndn/at-site/at/svs_core/at=2, 1741734368704
Max suppression time updated to: 468
Received update: /ndn/fi-site/fi/svs_core/fi=2, 1741734369501
Max suppression time updated to: 471
Received update: /ndn/ee-site/ee/svs_core/ee=2, 1741734370486
Max suppression time updated to: 471
Max suppression time updated to: 471
Received update: /ndn/mt-site/mt/svs_core/mt=2, 1741734371226
Max suppression time updated to: 471
Received update: /ndn/tr-site/tr/svs_core/tr=2, 1741734371420
Max suppression time updated to: 471
Received update: /ndn/de2-site/de2/svs_core/de2=2, 1741734376132
Max suppression time updated to: 471
Received update: /ndn/cy-site/cy/svs_core/cy=2, 1741734378464
Max suppression time updated to: 471
Received update: /ndn/am-site/am/svs_core/am=2, 1741734379139
Max suppression time updated to: 471
Received update: /ndn/by-site/by/svs_core/by=2, 1741734379179
Max suppression time updated to: 471
Received update: /ndn/ua-site/ua/svs_core/ua=2, 1741734379297
Max suppression time updated to: 474
Received update: /ndn/ge-site/ge/svs_core/ge=2, 1741734382960
Received update: /ndn/me-site/me/svs_core/me=2, 1741734382960
Max suppression time updated to: 471
Received update: /ndn/pt-site/pt/svs_core/pt=3, 1741734388331
Max suppression time updated to: 471
Received update: /ndn/sk-site/sk/svs_core/sk=3, 1741734388631
Max suppression time updated to: 471
Max suppression time updated to: 471
Max suppression time updated to: 471
Max suppression time updated to: 474
Received update: /ndn/fr2-site/fr2/svs_core/fr2=2, 1741734388907
Max suppression time updated to: 474
Received update: /ndn/ro-site/ro/svs_core/ro=3, 1741734389085
Max suppression time updated to: 474
Max suppression time updated to: 474
Max suppression time updated to: 474
Max suppression time updated to: 474
Max suppression time updated to: 477
Received update: /ndn/al-site/al/svs_core/al=2, 1741734390091
Received update: /ndn/md-site/md/svs_core/md=3, 1741734390091
Max suppression time updated to: 477
Received update: /ndn/rs-site/rs/svs_core/rs=3, 1741734390840
Max suppression time updated to: 477
Received update: /ndn/lv-site/lv/svs_core/lv=3, 1741734391646
Received update: /ndn/pl-site/pl/svs_core/pl=3, 1741734391646
Max suppression time updated to: 474
Received update: /ndn/uk-site/uk/svs_core/uk=3, 1741734391863
Max suppression time updated to: 474
Received update: /ndn/no-site/no/svs_core/no=3, 1741734392816
Max suppression time updated to: 474
Max suppression time updated to: 474
Max suppression time updated to: 474
Max suppression time updated to: 474
Received update: /ndn/se-site/se/svs_core/se=3, 1741734393628
Max suppression time updated to: 474
Received update: /ndn/bg-site/bg/svs_core/bg=3, 1741734395252
Max suppression time updated to: 477
Max suppression time updated to: 477
Max suppression time updated to: 477
Received update: /ndn/es-site/es/svs_core/es=3, 1741734395605
Max suppression time updated to: 477
Received update: /ndn/hr-site/hr/svs_core/hr=3, 1741734395719
Received update: /ndn/it-site/it/svs_core/it=3, 1741734395719
Max suppression time updated to: 477
Received update: /ndn/cz-site/cz/svs_core/cz=3, 1741734395817
Max suppression time updated to: 477
Received update: /ndn/lu-site/lu/svs_core/lu=3, 1741734395817
Max suppression time updated to: 477
Received update: /ndn/de1-site/de1/svs_core/de1=3, 1741734396182
Max suppression time updated to: 477
Received update: /ndn/ie-site/ie/svs_core/ie=3, 1741734396782
Max suppression time updated to: 477
Max suppression time updated to: 477
Max suppression time updated to: 477
Received update: /ndn/hu-site/hu/svs_core/hu=3, 1741734397495
Max suppression time updated to: 477
Max suppression time updated to: 477
Max suppression time updated to: 477
Received update: /ndn/fr1-site/fr1/svs_core/fr1=3, 1741734399795
Max suppression time updated to: 477
Received update: /ndn/nl-site/nl/svs_core/nl=3, 1741734400563
Max suppression time updated to: 477
Received update: /ndn/gr-site/gr/svs_core/gr=3, 1741734402690
Max suppression time updated to: 477
Received update: /ndn/mk-site/mk/svs_core/mk=3, 1741734402987
Max suppression time updated to: 480
Received update: /ndn/dk-site/dk/svs_core/dk=3, 1741734405220
Max suppression time updated to: 477
Received update: /ndn/il-site/il/svs_core/il=3, 1741734405223
Max suppression time updated to: 477
Max suppression time updated to: 477
Max suppression time updated to: 477
Received update: /ndn/is-site/is/svs_core/is=3, 1741734406117
Max suppression time updated to: 477
Received update: /ndn/az-site/az/svs_core/az=3, 1741734408840
Received update: /ndn/ch-site/ch/svs_core/ch=3, 1741734408840
Published sequence number: /ndn/be-site/be/svs_core/be=3, 1741734410917
Sending Sync interest
Max suppression time updated to: 477
Received update: /ndn/lt-site/lt/svs_core/lt=3, 1741734411684
Received update: /ndn/si-site/si/svs_core/si=3, 1741734411684
Sending Sync interest
Max suppression time updated to: 477
Received update: /ndn/at-site/at/svs_core/at=3, 1741734415674
Received update: /ndn/ee-site/ee/svs_core/ee=3, 1741734415674
Max suppression time updated to: 480
Received update: /ndn/fi-site/fi/svs_core/fi=3, 1741734416352
Max suppression time updated to: 480
Received update: /ndn/tr-site/tr/svs_core/tr=3, 1741734416594
Max suppression time updated to: 480
Received update: /ndn/by-site/by/svs_core/by=3, 1741734421126
Max suppression time updated to: 480
Received update: /ndn/de2-site/de2/svs_core/de2=3, 1741734421175
Max suppression time updated to: 480
Max suppression time updated to: 480
Max suppression time updated to: 480
Received update: /ndn/mt-site/mt/svs_core/mt=3, 1741734421982
Max suppression time updated to: 480
Received update: /ndn/cy-site/cy/svs_core/cy=3, 1741734423396
Max suppression time updated to: 480
Received update: /ndn/am-site/am/svs_core/am=3, 1741734424172
Max suppression time updated to: 480
Max suppression time updated to: 480
Max suppression time updated to: 483
Received update: /ndn/me-site/me/svs_core/me=3, 1741734425395
Max suppression time updated to: 483
Received update: /ndn/ua-site/ua/svs_core/ua=3, 1741734426075
Max suppression time updated to: 483
Received update: /ndn/ge-site/ge/svs_core/ge=3, 1741734427919
Received update: /ndn/fr2-site/fr2/svs_core/fr2=3, 1741734427919
Max suppression time updated to: 483
Received update: /ndn/md-site/md/svs_core/md=4, 1741734433290
Received update: /ndn/sk-site/sk/svs_core/sk=4, 1741734433290
Max suppression time updated to: 483
Received update: /ndn/al-site/al/svs_core/al=3, 1741734435010
Max suppression time updated to: 486
Max suppression time updated to: 483
Max suppression time updated to: 483
Max suppression time updated to: 483
Received update: /ndn/ro-site/ro/svs_core/ro=4, 1741734435657
Max suppression time updated to: 483
Max suppression time updated to: 483
Received update: /ndn/uk-site/uk/svs_core/uk=4, 1741734436875
Max suppression time updated to: 483
Received update: /ndn/no-site/no/svs_core/no=4, 1741734437395
Max suppression time updated to: 486
Received update: /ndn/pt-site/pt/svs_core/pt=4, 1741734437429
Max suppression time updated to: 486
Received update: /ndn/se-site/se/svs_core/se=4, 1741734437435
Max suppression time updated to: 486
Max suppression time updated to: 486
Received update: /ndn/lv-site/lv/svs_core/lv=4, 1741734437841
Received update: /ndn/pl-site/pl/svs_core/pl=4, 1741734437841
Max suppression time updated to: 486
Received update: /ndn/rs-site/rs/svs_core/rs=4, 1741734438104
Max suppression time updated to: 489
Max suppression time updated to: 489
Max suppression time updated to: 489
Max suppression time updated to: 489
Max suppression time updated to: 489
Received update: /ndn/it-site/it/svs_core/it=4, 1741734439126
Max suppression time updated to: 489
Max suppression time updated to: 489
Received update: /ndn/lu-site/lu/svs_core/lu=4, 1741734439672
Max suppression time updated to: 489
Received update: /ndn/bg-site/bg/svs_core/bg=4, 1741734440200
Max suppression time updated to: 489
Max suppression time updated to: 486
Max suppression time updated to: 486
Received update: /ndn/cz-site/cz/svs_core/cz=4, 1741734440876
Received update: /ndn/hr-site/hr/svs_core/hr=4, 1741734440876
Max suppression time updated to: 486
Received update: /ndn/es-site/es/svs_core/es=4, 1741734441681
Received update: /ndn/de1-site/de1/svs_core/de1=4, 1741734441681
Max suppression time updated to: 486
Max suppression time updated to: 486
Received update: /ndn/hu-site/hu/svs_core/hu=4, 1741734442143
Max suppression time updated to: 486
Received update: /ndn/ie-site/ie/svs_core/ie=4, 1741734445568
Received update: /ndn/nl-site/nl/svs_core/nl=4, 1741734445568
Max suppression time updated to: 486
Received update: /ndn/gr-site/gr/svs_core/gr=4, 1741734447933
Received update: /ndn/mk-site/mk/svs_core/mk=4, 1741734447933
Max suppression time updated to: 486
Max suppression time updated to: 486
Received update: /ndn/fr1-site/fr1/svs_core/fr1=4, 1741734448837
Sending Sync interest
Max suppression time updated to: 486
Max suppression time updated to: 486
Max suppression time updated to: 486
Max suppression time updated to: 486
Received update: /ndn/dk-site/dk/svs_core/dk=4, 1741734450226
Max suppression time updated to: 486
Received update: /ndn/il-site/il/svs_core/il=4, 1741734450227
Max suppression time updated to: 486
Received update: /ndn/az-site/az/svs_core/az=4, 1741734451478
Sending Sync interest
Max suppression time updated to: 486
Max suppression time updated to: 486
Received update: /ndn/is-site/is/svs_core/is=4, 1741734452009
Max suppression time updated to: 486
Max suppression time updated to: 486
Max suppression time updated to: 483
Received update: /ndn/ch-site/ch/svs_core/ch=4, 1741734453120
Max suppression time updated to: 483
Received update: /ndn/si-site/si/svs_core/si=4, 1741734454713
Max suppression time updated to: 486
Max suppression time updated to: 486
Max suppression time updated to: 486
Max suppression time updated to: 486
Published sequence number: /ndn/be-site/be/svs_core/be=4, 1741734455919
Sending Sync interest
Max suppression time updated to: 486
Received update: /ndn/lt-site/lt/svs_core/lt=4, 1741734456770
Sending Sync interest
Max suppression time updated to: 486
Received update: /ndn/at-site/at/svs_core/at=4, 1741734458756
Max suppression time updated to: 486
Received update: /ndn/ee-site/ee/svs_core/ee=4, 1741734460468
Max suppression time updated to: 486
Received update: /ndn/mt-site/mt/svs_core/mt=4, 1741734460621
Max suppression time updated to: 486
Received update: /ndn/de2-site/de2/svs_core/de2=4, 1741734466179
Max suppression time updated to: 486
Received update: /ndn/by-site/by/svs_core/by=4, 1741734466222
Max suppression time updated to: 486
Received update: /ndn/cy-site/cy/svs_core/cy=4, 1741734468443
Received update: /ndn/tr-site/tr/svs_core/tr=4, 1741734468443
Max suppression time updated to: 489
Received update: /ndn/fi-site/fi/svs_core/fi=4, 1741734472367
Received update: /ndn/ge-site/ge/svs_core/ge=4, 1741734472367
Max suppression time updated to: 489
Received update: /ndn/me-site/me/svs_core/me=4, 1741734472968
Max suppression time updated to: 492
Received update: /ndn/pt-site/pt/svs_core/pt=5, 1741734478564
Received update: /ndn/fr2-site/fr2/svs_core/fr2=4, 1741734478564
Max suppression time updated to: 489
Received update: /ndn/al-site/al/svs_core/al=4, 1741734478785
Received update: /ndn/sk-site/sk/svs_core/sk=5, 1741734478785
Max suppression time updated to: 492
Max suppression time updated to: 492
Received update: /ndn/am-site/am/svs_core/am=4, 1741734479118
Max suppression time updated to: 492
Received update: /ndn/ro-site/ro/svs_core/ro=5, 1741734479199
Received update: /ndn/ua-site/ua/svs_core/ua=4, 1741734479199
Max suppression time updated to: 492
Max suppression time updated to: 492
Received update: /ndn/md-site/md/svs_core/md=5, 1741734480951
Received update: /ndn/rs-site/rs/svs_core/rs=5, 1741734480951
Max suppression time updated to: 492
Received update: /ndn/uk-site/uk/svs_core/uk=5, 1741734481873
Max suppression time updated to: 492
Received update: /ndn/ie-site/ie/svs_core/ie=5, 1741734483735
Received update: /ndn/no-site/no/svs_core/no=5, 1741734483735
Max suppression time updated to: 492
Received update: /ndn/lv-site/lv/svs_core/lv=5, 1741734483832
Max suppression time updated to: 492
Max suppression time updated to: 495
Max suppression time updated to: 495
Max suppression time updated to: 495
Max suppression time updated to: 495
Received update: /ndn/pl-site/pl/svs_core/pl=5, 1741734484287
Max suppression time updated to: 495
Received update: /ndn/lu-site/lu/svs_core/lu=5, 1741734484486
Max suppression time updated to: 495
Received update: /ndn/se-site/se/svs_core/se=5, 1741734484497
Max suppression time updated to: 495
Received update: /ndn/it-site/it/svs_core/it=5, 1741734484788
Max suppression time updated to: 495
Max suppression time updated to: 495
Max suppression time updated to: 492
Max suppression time updated to: 495
Received update: /ndn/hr-site/hr/svs_core/hr=5, 1741734485569
Max suppression time updated to: 492
Max suppression time updated to: 492
Received update: /ndn/cz-site/cz/svs_core/cz=5, 1741734485954
Max suppression time updated to: 495
Max suppression time updated to: 495
Received update: /ndn/de1-site/de1/svs_core/de1=5, 1741734486148
Max suppression time updated to: 495
Received update: /ndn/es-site/es/svs_core/es=5, 1741734486634
Max suppression time updated to: 495
Received update: /ndn/bg-site/bg/svs_core/bg=5, 1741734486983
Max suppression time updated to: 495
Received update: /ndn/hu-site/hu/svs_core/hu=5, 1741734487112
Max suppression time updated to: 495
Received update: /ndn/fr1-site/fr1/svs_core/fr1=5, 1741734489766
Max suppression time updated to: 495
Received update: /ndn/gr-site/gr/svs_core/gr=5, 1741734492624
Received update: /ndn/nl-site/nl/svs_core/nl=5, 1741734492624
Max suppression time updated to: 495
Received update: /ndn/mk-site/mk/svs_core/mk=5, 1741734493384
Max suppression time updated to: 495
Received update: /ndn/il-site/il/svs_core/il=5, 1741734495265
Max suppression time updated to: 492
Received update: /ndn/dk-site/dk/svs_core/dk=5, 1741734496102
Received update: /ndn/is-site/is/svs_core/is=5, 1741734496102
Max suppression time updated to: 495
Received update: /ndn/az-site/az/svs_core/az=5, 1741734496526
Max suppression time updated to: 495
Received update: /ndn/ch-site/ch/svs_core/ch=5, 1741734498185
Max suppression time updated to: 495
Received update: /ndn/si-site/si/svs_core/si=5, 1741734499814
Published sequence number: /ndn/be-site/be/svs_core/be=5, 1741734500928
Sending Sync interest
Max suppression time updated to: 495
Received update: /ndn/lt-site/lt/svs_core/lt=5, 1741734501957
Max suppression time updated to: 495
Max suppression time updated to: 495
Max suppression time updated to: 495
Received update: /ndn/at-site/at/svs_core/at=5, 1741734503719
Max suppression time updated to: 495
Received update: /ndn/ee-site/ee/svs_core/ee=5, 1741734505873
Max suppression time updated to: 495
Received update: /ndn/tr-site/tr/svs_core/tr=5, 1741734506436
Max suppression time updated to: 495
Received update: /ndn/mt-site/mt/svs_core/mt=5, 1741734511096
Received update: /ndn/de2-site/de2/svs_core/de2=5, 1741734511096
Max suppression time updated to: 495
Received update: /ndn/cy-site/cy/svs_core/cy=5, 1741734513422
Max suppression time updated to: 495
Received update: /ndn/by-site/by/svs_core/by=5, 1741734513909
Max suppression time updated to: 495
Max suppression time updated to: 492
Max suppression time updated to: 495
Received update: /ndn/me-site/me/svs_core/me=5, 1741734514416
Max suppression time updated to: 492
Max suppression time updated to: 492
Max suppression time updated to: 492
Received update: /ndn/ua-site/ua/svs_core/ua=5, 1741734514952
Max suppression time updated to: 492
Max suppression time updated to: 492
Received update: /ndn/am-site/am/svs_core/am=5, 1741734515551
Max suppression time updated to: 489
Received update: /ndn/fi-site/fi/svs_core/fi=5, 1741734515684
Max suppression time updated to: 489
Received update: /ndn/ge-site/ge/svs_core/ge=5, 1741734517270
Max suppression time updated to: 489
Received update: /ndn/ro-site/ro/svs_core/ro=6, 1741734522569
Max suppression time updated to: 489
Received update: /ndn/fr2-site/fr2/svs_core/fr2=5, 1741734523208
Max suppression time updated to: 489
Received update: /ndn/sk-site/sk/svs_core/sk=6, 1741734523295
Max suppression time updated to: 489
Received update: /ndn/pt-site/pt/svs_core/pt=6, 1741734523331
Max suppression time updated to: 489
Received update: /ndn/rs-site/rs/svs_core/rs=6, 1741734525850
Max suppression time updated to: 489
Max suppression time updated to: 489
Received update: /ndn/lv-site/lv/svs_core/lv=6, 1741734526173
Max suppression time updated to: 489
Max suppression time updated to: 489
Received update: /ndn/pl-site/pl/svs_core/pl=6, 1741734526433
Max suppression time updated to: 489
Received update: /ndn/uk-site/uk/svs_core/uk=6, 1741734526884
Max suppression time updated to: 489
Received update: /ndn/no-site/no/svs_core/no=6, 1741734527330
Max suppression time updated to: 489
Received update: /ndn/se-site/se/svs_core/se=6, 1741734527417
Max suppression time updated to: 489
Received update: /ndn/al-site/al/svs_core/al=5, 1741734527813
Max suppression time updated to: 489
Received update: /ndn/it-site/it/svs_core/it=6, 1741734528473
Max suppression time updated to: 489
Received update: /ndn/md-site/md/svs_core/md=6, 1741734528501
Max suppression time updated to: 489
Max suppression time updated to: 489
Max suppression time updated to: 492
Max suppression time updated to: 492
Max suppression time updated to: 492
Received update: /ndn/lu-site/lu/svs_core/lu=6, 1741734528985
Max suppression time updated to: 489
Max suppression time updated to: 492
Max suppression time updated to: 489
Max suppression time updated to: 489
Received update: /ndn/bg-site/bg/svs_core/bg=6, 1741734530213
Max suppression time updated to: 492
Received update: /ndn/ie-site/ie/svs_core/ie=6, 1741734530474
Max suppression time updated to: 489
Received update: /ndn/hr-site/hr/svs_core/hr=6, 1741734530485
Max suppression time updated to: 492
Received update: /ndn/cz-site/cz/svs_core/cz=6, 1741734530866
Max suppression time updated to: 492
Received update: /ndn/de1-site/de1/svs_core/de1=6, 1741734531185
Max suppression time updated to: 489
Received update: /ndn/es-site/es/svs_core/es=6, 1741734531747
Max suppression time updated to: 489
Received update: /ndn/hu-site/hu/svs_core/hu=6, 1741734532076
Max suppression time updated to: 489
Received update: /ndn/nl-site/nl/svs_core/nl=6, 1741734535575
Received update: /ndn/fr1-site/fr1/svs_core/fr1=6, 1741734535575
Max suppression time updated to: 489
Received update: /ndn/gr-site/gr/svs_core/gr=6, 1741734537982
Max suppression time updated to: 489
Max suppression time updated to: 489
Received update: /ndn/mk-site/mk/svs_core/mk=6, 1741734538477
Max suppression time updated to: 492
Max suppression time updated to: 492
Received update: /ndn/il-site/il/svs_core/il=6, 1741734540225
Max suppression time updated to: 489
Received update: /ndn/dk-site/dk/svs_core/dk=6, 1741734541104
Received update: /ndn/is-site/is/svs_core/is=6, 1741734541104
Max suppression time updated to: 492
Received update: /ndn/ch-site/ch/svs_core/ch=6, 1741734543140
Max suppression time updated to: 492
Received update: /ndn/az-site/az/svs_core/az=6, 1741734543721
Published sequence number: /ndn/be-site/be/svs_core/be=6, 1741734545931
Sending Sync interest
Max suppression time updated to: 489
Received update: /ndn/at-site/at/svs_core/at=6, 1741734548730
Sending Sync interest
Max suppression time updated to: 489
Received update: /ndn/lt-site/lt/svs_core/lt=6, 1741734549444
Sending Sync interest
Max suppression time updated to: 492
Received update: /ndn/si-site/si/svs_core/si=6, 1741734550072
Max suppression time updated to: 489
Max suppression time updated to: 489
Received update: /ndn/ee-site/ee/svs_core/ee=6, 1741734550587
Max suppression time updated to: 489
Max suppression time updated to: 489
Max suppression time updated to: 489
Received update: /ndn/mt-site/mt/svs_core/mt=6, 1741734550994
Max suppression time updated to: 489
Max suppression time updated to: 492
Received update: /ndn/tr-site/tr/svs_core/tr=6, 1741734551511
Max suppression time updated to: 492
Received update: /ndn/fi-site/fi/svs_core/fi=6, 1741734551512
Sending Sync interest
Max suppression time updated to: 489
Max suppression time updated to: 489
Max suppression time updated to: 492
Received update: /ndn/de2-site/de2/svs_core/de2=6, 1741734556191
Max suppression time updated to: 492
Received update: /ndn/cy-site/cy/svs_core/cy=6, 1741734558488
Max suppression time updated to: 492
Received update: /ndn/ua-site/ua/svs_core/ua=6, 1741734559356
Max suppression time updated to: 492
Received update: /ndn/me-site/me/svs_core/me=6, 1741734559414
Max suppression time updated to: 492
Received update: /ndn/by-site/by/svs_core/by=6, 1741734560058
Max suppression time updated to: 492
Max suppression time updated to: 495
Max suppression time updated to: 495
Max suppression time updated to: 495
Max suppression time updated to: 495
Received update: /ndn/am-site/am/svs_core/am=6, 1741734561351
Max suppression time updated to: 495
Received update: /ndn/ge-site/ge/svs_core/ge=6, 1741734562326
Max suppression time updated to: 495
Received update: /ndn/fr2-site/fr2/svs_core/fr2=6, 1741734563067
Max suppression time updated to: 495
Received update: /ndn/al-site/al/svs_core/al=6, 1741734563524
Max suppression time updated to: 495
Max suppression time updated to: 495
Max suppression time updated to: 495
Received update: /ndn/ro-site/ro/svs_core/ro=7, 1741734567535
Max suppression time updated to: 495
Received update: /ndn/sk-site/sk/svs_core/sk=7, 1741734568302
Max suppression time updated to: 495
Received update: /ndn/lv-site/lv/svs_core/lv=7, 1741734571141
Max suppression time updated to: 495
Received update: /ndn/pl-site/pl/svs_core/pl=7, 1741734571444
Received update: /ndn/pt-site/pt/svs_core/pt=7, 1741734571444
Max suppression time updated to: 495
Max suppression time updated to: 495
Max suppression time updated to: 495
Max suppression time updated to: 495
Max suppression time updated to: 495
Received update: /ndn/uk-site/uk/svs_core/uk=7, 1741734571922
Max suppression time updated to: 495
Max suppression time updated to: 495
Max suppression time updated to: 495
Received update: /ndn/no-site/no/svs_core/no=7, 1741734572823
Received update: /ndn/rs-site/rs/svs_core/rs=7, 1741734572823
Max suppression time updated to: 498
Max suppression time updated to: 495
Received update: /ndn/se-site/se/svs_core/se=7, 1741734573094
Max suppression time updated to: 495
Received update: /ndn/md-site/md/svs_core/md=7, 1741734573179
Max suppression time updated to: 495
Max suppression time updated to: 498
Max suppression time updated to: 498
Received update: /ndn/it-site/it/svs_core/it=7, 1741734574534
Max suppression time updated to: 495
Received update: /ndn/lu-site/lu/svs_core/lu=7, 1741734574994
Max suppression time updated to: 495
Received update: /ndn/ie-site/ie/svs_core/ie=7, 1741734575458
Max suppression time updated to: 495
Received update: /ndn/hr-site/hr/svs_core/hr=7, 1741734575585
Max suppression time updated to: 495
Received update: /ndn/cz-site/cz/svs_core/cz=7, 1741734576149
Received update: /ndn/de1-site/de1/svs_core/de1=7, 1741734576149
Max suppression time updated to: 495
Received update: /ndn/bg-site/bg/svs_core/bg=7, 1741734576193
Max suppression time updated to: 495
Max suppression time updated to: 495
Max suppression time updated to: 495
Received update: /ndn/es-site/es/svs_core/es=7, 1741734577101
Max suppression time updated to: 495
Received update: /ndn/hu-site/hu/svs_core/hu=7, 1741734577115
Max suppression time updated to: 495
Max suppression time updated to: 492
Received update: /ndn/fr1-site/fr1/svs_core/fr1=7, 1741734579551
Max suppression time updated to: 492
Received update: /ndn/gr-site/gr/svs_core/gr=7, 1741734582720
Max suppression time updated to: 492
Received update: /ndn/mk-site/mk/svs_core/mk=7, 1741734583980
Received update: /ndn/nl-site/nl/svs_core/nl=7, 1741734583980
Max suppression time updated to: 495
Received update: /ndn/az-site/az/svs_core/az=7, 1741734586540
Received update: /ndn/il-site/il/svs_core/il=7, 1741734586540
Max suppression time updated to: 492
Received update: /ndn/dk-site/dk/svs_core/dk=7, 1741734586615
Received update: /ndn/is-site/is/svs_core/is=7, 1741734586615
Max suppression time updated to: 492
Max suppression time updated to: 492
Max suppression time updated to: 492
Received update: /ndn/ch-site/ch/svs_core/ch=7, 1741734588190
Max suppression time updated to: 492
Received update: /ndn/si-site/si/svs_core/si=7, 1741734589774
Published sequence number: /ndn/be-site/be/svs_core/be=7, 1741734590940
Sending Sync interest
Max suppression time updated to: 495
Received update: /ndn/fi-site/fi/svs_core/fi=7, 1741734591394
Max suppression time updated to: 495
Max suppression time updated to: 495
Max suppression time updated to: 495
Max suppression time updated to: 495
Received update: /ndn/at-site/at/svs_core/at=7, 1741734593732
Received update: /ndn/lt-site/lt/svs_core/lt=7, 1741734593732
Max suppression time updated to: 495
Received update: /ndn/ee-site/ee/svs_core/ee=7, 1741734595566
Max suppression time updated to: 495
Max suppression time updated to: 495
Received update: /ndn/mt-site/mt/svs_core/mt=7, 1741734596001
Max suppression time updated to: 495
Max suppression time updated to: 495
Received update: /ndn/tr-site/tr/svs_core/tr=7, 1741734596561
Max suppression time updated to: 495
Max suppression time updated to: 495
Max suppression time updated to: 495
Received update: /ndn/de2-site/de2/svs_core/de2=7, 1741734601101
Max suppression time updated to: 495
Received update: /ndn/by-site/by/svs_core/by=7, 1741734601176
Max suppression time updated to: 495
Received update: /ndn/cy-site/cy/svs_core/cy=7, 1741734603416
Max suppression time updated to: 492
Received update: /ndn/am-site/am/svs_core/am=7, 1741734604149
Max suppression time updated to: 495
Received update: /ndn/ge-site/ge/svs_core/ge=7, 1741734607368
Max suppression time updated to: 492
Max suppression time updated to: 492
Max suppression time updated to: 492
Received update: /ndn/fr2-site/fr2/svs_core/fr2=7, 1741734607934
Max suppression time updated to: 492
Received update: /ndn/ua-site/ua/svs_core/ua=7, 1741734607963
Max suppression time updated to: 492
Received update: /ndn/al-site/al/svs_core/al=7, 1741734608580
Max suppression time updated to: 492
Received update: /ndn/me-site/me/svs_core/me=7, 1741734608678
Max suppression time updated to: 492
Max suppression time updated to: 492
Max suppression time updated to: 492
Max suppression time updated to: 492
Max suppression time updated to: 492
Max suppression time updated to: 492
Received update: /ndn/ro-site/ro/svs_core/ro=8, 1741734612623
Max suppression time updated to: 492
Received update: /ndn/sk-site/sk/svs_core/sk=8, 1741734613323
Max suppression time updated to: 495
Received update: /ndn/pt-site/pt/svs_core/pt=8, 1741734613614
Max suppression time updated to: 495
Max suppression time updated to: 495
Max suppression time updated to: 495
Received update: /ndn/rs-site/rs/svs_core/rs=8, 1741734615920
Max suppression time updated to: 495
Received update: /ndn/md-site/md/svs_core/md=8, 1741734617761
Received update: /ndn/pl-site/pl/svs_core/pl=8, 1741734617761
Received update: /ndn/se-site/se/svs_core/se=8, 1741734617761
Received update: /ndn/uk-site/uk/svs_core/uk=8, 1741734617761
Max suppression time updated to: 495
Received update: /ndn/ie-site/ie/svs_core/ie=8, 1741734618754
Max suppression time updated to: 498
Received update: /ndn/lu-site/lu/svs_core/lu=8, 1741734619337
Received update: /ndn/lv-site/lv/svs_core/lv=8, 1741734619337
Max suppression time updated to: 498
Received update: /ndn/it-site/it/svs_core/it=8, 1741734619767
Max suppression time updated to: 498
Received update: /ndn/no-site/no/svs_core/no=8, 1741734619801
Max suppression time updated to: 498
Max suppression time updated to: 498
Received update: /ndn/bg-site/bg/svs_core/bg=8, 1741734620208
Max suppression time updated to: 498
Max suppression time updated to: 498
Max suppression time updated to: 498
Received update: /ndn/cz-site/cz/svs_core/cz=8, 1741734620875
Received update: /ndn/es-site/es/svs_core/es=8, 1741734620875
Max suppression time updated to: 498
Received update: /ndn/hr-site/hr/svs_core/hr=8, 1741734621157
Max suppression time updated to: 498
Received update: /ndn/de1-site/de1/svs_core/de1=8, 1741734621591
Max suppression time updated to: 498
Received update: /ndn/hu-site/hu/svs_core/hu=8, 1741734622092
Max suppression time updated to: 495
Received update: /ndn/fr1-site/fr1/svs_core/fr1=8, 1741734624567
Max suppression time updated to: 495
Max suppression time updated to: 495
Max suppression time updated to: 495
Max suppression time updated to: 495
Max suppression time updated to: 492
Received update: /ndn/gr-site/gr/svs_core/gr=8, 1741734630242
Received update: /ndn/il-site/il/svs_core/il=8, 1741734630242
Received update: /ndn/mk-site/mk/svs_core/mk=8, 1741734630242
Received update: /ndn/nl-site/nl/svs_core/nl=8, 1741734630242
Max suppression time updated to: 495
Received update: /ndn/dk-site/dk/svs_core/dk=8, 1741734631303
Received update: /ndn/is-site/is/svs_core/is=8, 1741734631303
Max suppression time updated to: 492
Received update: /ndn/az-site/az/svs_core/az=8, 1741734631487
Max suppression time updated to: 495
Max suppression time updated to: 492
Received update: /ndn/ch-site/ch/svs_core/ch=8, 1741734633159
Max suppression time updated to: 492
Received update: /ndn/si-site/si/svs_core/si=8, 1741734634742
Published sequence number: /ndn/be-site/be/svs_core/be=8, 1741734635950
Sending Sync interest
Max suppression time updated to: 492
Received update: /ndn/fi-site/fi/svs_core/fi=8, 1741734636391
Max suppression time updated to: 492
Max suppression time updated to: 492
Received update: /ndn/lt-site/lt/svs_core/lt=8, 1741734636735
Max suppression time updated to: 492
Received update: /ndn/at-site/at/svs_core/at=8, 1741734638688
Max suppression time updated to: 492
Received update: /ndn/ee-site/ee/svs_core/ee=8, 1741734640669
Sending Sync interest
Max suppression time updated to: 492
Max suppression time updated to: 492
Max suppression time updated to: 492
Max suppression time updated to: 492
Max suppression time updated to: 492
Received update: /ndn/cy-site/cy/svs_core/cy=8, 1741734648590
Received update: /ndn/tr-site/tr/svs_core/tr=8, 1741734648590
Max suppression time updated to: 492
Received update: /ndn/de2-site/de2/svs_core/de2=8, 1741734648893
Max suppression time updated to: 492
Max suppression time updated to: 492
Max suppression time updated to: 492
Max suppression time updated to: 492
Received update: /ndn/me-site/me/svs_core/me=8, 1741734649427
Max suppression time updated to: 492
Received update: /ndn/by-site/by/svs_core/by=8, 1741734649601
Max suppression time updated to: 492
Received update: /ndn/mt-site/mt/svs_core/mt=8, 1741734649602
Max suppression time updated to: 492
Received update: /ndn/fr2-site/fr2/svs_core/fr2=8, 1741734653283
Max suppression time updated to: 492
Received update: /ndn/ua-site/ua/svs_core/ua=8, 1741734654200
Max suppression time updated to: 492
Received update: /ndn/ge-site/ge/svs_core/ge=8, 1741734654922
Max suppression time updated to: 492
Received update: /ndn/ro-site/ro/svs_core/ro=9, 1741734657542
Max suppression time updated to: 492
Received update: /ndn/sk-site/sk/svs_core/sk=9, 1741734658291
Max suppression time updated to: 489
Received update: /ndn/pt-site/pt/svs_core/pt=9, 1741734658352
Max suppression time updated to: 489
Received update: /ndn/lv-site/lv/svs_core/lv=9, 1741734661336
Max suppression time updated to: 489
Max suppression time updated to: 492
Received update: /ndn/pl-site/pl/svs_core/pl=9, 1741734661465
Max suppression time updated to: 492
Received update: /ndn/uk-site/uk/svs_core/uk=9, 1741734661886
Max suppression time updated to: 492
Max suppression time updated to: 492
Received update: /ndn/rs-site/rs/svs_core/rs=9, 1741734661887
Max suppression time updated to: 492
Received update: /ndn/md-site/md/svs_core/md=9, 1741734661897
Max suppression time updated to: 492
Received update: /ndn/al-site/al/svs_core/al=8, 1741734661957
Max suppression time updated to: 492
Max suppression time updated to: 489
Received update: /ndn/am-site/am/svs_core/am=8, 1741734662141
Sending Sync interest
Max suppression time updated to: 489
Max suppression time updated to: 489
Max suppression time updated to: 492
Max suppression time updated to: 492
Max suppression time updated to: 492
Max suppression time updated to: 492
Max suppression time updated to: 492
Received update: /ndn/it-site/it/svs_core/it=9, 1741734663449
Max suppression time updated to: 492
Received update: /ndn/lu-site/lu/svs_core/lu=9, 1741734663483
Max suppression time updated to: 492
Received update: /ndn/bg-site/bg/svs_core/bg=9, 1741734665322
Max suppression time updated to: 492
Max suppression time updated to: 492
Max suppression time updated to: 492
Received update: /ndn/cz-site/cz/svs_core/cz=9, 1741734665973
Received update: /ndn/hr-site/hr/svs_core/hr=9, 1741734665973
Max suppression time updated to: 492
Received update: /ndn/no-site/no/svs_core/no=9, 1741734666058
Max suppression time updated to: 492
Received update: /ndn/se-site/se/svs_core/se=9, 1741734666075
Max suppression time updated to: 492
Received update: /ndn/de1-site/de1/svs_core/de1=9, 1741734666162
Max suppression time updated to: 489
Max suppression time updated to: 492
Max suppression time updated to: 492
Received update: /ndn/es-site/es/svs_core/es=9, 1741734666816
Max suppression time updated to: 492
Max suppression time updated to: 492
Received update: /ndn/ie-site/ie/svs_core/ie=9, 1741734667801
Max suppression time updated to: 489
Received update: /ndn/hu-site/hu/svs_core/hu=9, 1741734668025
Max suppression time updated to: 489
Received update: /ndn/fr1-site/fr1/svs_core/fr1=9, 1741734669577
Max suppression time updated to: 489
Received update: /ndn/nl-site/nl/svs_core/nl=9, 1741734670585
Max suppression time updated to: 486
Received update: /ndn/il-site/il/svs_core/il=9, 1741734675254
Max suppression time updated to: 486
Received update: /ndn/dk-site/dk/svs_core/dk=9, 1741734675296
Max suppression time updated to: 486
Received update: /ndn/gr-site/gr/svs_core/gr=9, 1741734675574
Received update: /ndn/mk-site/mk/svs_core/mk=9, 1741734675574
Max suppression time updated to: 486
Max suppression time updated to: 486
Max suppression time updated to: 486
Max suppression time updated to: 486
Max suppression time updated to: 486
Received update: /ndn/is-site/is/svs_core/is=9, 1741734676130
Max suppression time updated to: 486
Max suppression time updated to: 486
Max suppression time updated to: 486
Max suppression time updated to: 486
Max suppression time updated to: 486
Max suppression time updated to: 486
Max suppression time updated to: 486
Max suppression time updated to: 486
Max suppression time updated to: 486
Received update: /ndn/az-site/az/svs_core/az=9, 1741734677664
Max suppression time updated to: 486
Max suppression time updated to: 486
Max suppression time updated to: 486
Max suppression time updated to: 486
Received update: /ndn/si-site/si/svs_core/si=9, 1741734679924
Max suppression time updated to: 486
Received update: /ndn/ch-site/ch/svs_core/ch=9, 1741734680008
Published sequence number: /ndn/be-site/be/svs_core/be=9, 1741734680955
Sending Sync interest
Max suppression time updated to: 486
Received update: /ndn/fi-site/fi/svs_core/fi=9, 1741734681350
Max suppression time updated to: 486
Received update: /ndn/at-site/at/svs_core/at=9, 1741734683816
Max suppression time updated to: 489
Received update: /ndn/ee-site/ee/svs_core/ee=9, 1741734686452
Received update: /ndn/tr-site/tr/svs_core/tr=9, 1741734686452
Max suppression time updated to: 489
Received update: /ndn/by-site/by/svs_core/by=9, 1741734691276
Max suppression time updated to: 489
Max suppression time updated to: 489
Received update: /ndn/de2-site/de2/svs_core/de2=9, 1741734691572
Max suppression time updated to: 489
Max suppression time updated to: 489
Max suppression time updated to: 489
Received update: /ndn/mt-site/mt/svs_core/mt=9, 1741734692247
Max suppression time updated to: 489
Received update: /ndn/lt-site/lt/svs_core/lt=9, 1741734692676
Max suppression time updated to: 489
Received update: /ndn/cy-site/cy/svs_core/cy=9, 1741734694447
Received update: /ndn/me-site/me/svs_core/me=9, 1741734694447
Max suppression time updated to: 489
Received update: /ndn/al-site/al/svs_core/al=9, 1741734698598
Max suppression time updated to: 489
Received update: /ndn/ge-site/ge/svs_core/ge=9, 1741734699289
Max suppression time updated to: 489
Received update: /ndn/am-site/am/svs_core/am=9, 1741734699349
Received update: /ndn/fr2-site/fr2/svs_core/fr2=9, 1741734699349
Max suppression time updated to: 489
Received update: /ndn/ua-site/ua/svs_core/ua=9, 1741734699892
Max suppression time updated to: 489
Received update: /ndn/sk-site/sk/svs_core/sk=10, 1741734703293
Max suppression time updated to: 489
Received update: /ndn/pt-site/pt/svs_core/pt=10, 1741734703351
Max suppression time updated to: 489
Max suppression time updated to: 486
Max suppression time updated to: 489
Max suppression time updated to: 486
Max suppression time updated to: 486
Received update: /ndn/ro-site/ro/svs_core/ro=10, 1741734703854
Max suppression time updated to: 486
Received update: /ndn/md-site/md/svs_core/md=10, 1741734704422
Max suppression time updated to: 486
Max suppression time updated to: 489
Max suppression time updated to: 489
Max suppression time updated to: 489
Received update: /ndn/lv-site/lv/svs_core/lv=10, 1741734706460
Received update: /ndn/pl-site/pl/svs_core/pl=10, 1741734706460
Max suppression time updated to: 489
Max suppression time updated to: 489
Max suppression time updated to: 489
Max suppression time updated to: 489
Max suppression time updated to: 492
Max suppression time updated to: 489
Max suppression time updated to: 489
Received update: /ndn/no-site/no/svs_core/no=10, 1741734707423
Received update: /ndn/uk-site/uk/svs_core/uk=10, 1741734707423
Max suppression time updated to: 489
Received update: /ndn/rs-site/rs/svs_core/rs=10, 1741734707760
Max suppression time updated to: 486
Max suppression time updated to: 489
Received update: /ndn/se-site/se/svs_core/se=10, 1741734708543
Max suppression time updated to: 489
Received update: /ndn/ie-site/ie/svs_core/ie=10, 1741734708768
Max suppression time updated to: 489
Received update: /ndn/it-site/it/svs_core/it=10, 1741734709360
Received update: /ndn/lu-site/lu/svs_core/lu=10, 1741734709360
Max suppression time updated to: 489
Max suppression time updated to: 489
Received update: /ndn/bg-site/bg/svs_core/bg=10, 1741734710285
Max suppression time updated to: 486
Received update: /ndn/de1-site/de1/svs_core/de1=10, 1741734711217
Max suppression time updated to: 486
Max suppression time updated to: 486
Received update: /ndn/cz-site/cz/svs_core/cz=10, 1741734711429
Max suppression time updated to: 486
Received update: /ndn/es-site/es/svs_core/es=10, 1741734711991
Received update: /ndn/hr-site/hr/svs_core/hr=10, 1741734711991
Max suppression time updated to: 486
Received update: /ndn/hu-site/hu/svs_core/hu=10, 1741734712133
Max suppression time updated to: 486
Max suppression time updated to: 486
Received update: /ndn/nl-site/nl/svs_core/nl=10, 1741734715630
Max suppression time updated to: 489
Received update: /ndn/fr1-site/fr1/svs_core/fr1=10, 1741734716148
Max suppression time updated to: 489
Max suppression time updated to: 489
Max suppression time updated to: 489
Received update: /ndn/gr-site/gr/svs_core/gr=10, 1741734717688
Max suppression time updated to: 489
Received update: /ndn/mk-site/mk/svs_core/mk=10, 1741734718001
Max suppression time updated to: 489
Received update: /ndn/dk-site/dk/svs_core/dk=10, 1741734720301
Max suppression time updated to: 489
Received update: /ndn/is-site/is/svs_core/is=10, 1741734721187
Max suppression time updated to: 489
Received update: /ndn/ch-site/ch/svs_core/ch=10, 1741734723156
Max suppression time updated to: 489
Received update: /ndn/si-site/si/svs_core/si=10, 1741734724815
Max suppression time updated to: 489
Received update: /ndn/az-site/az/svs_core/az=10, 1741734725289
Max suppression time updated to: 486
Received update: /ndn/il-site/il/svs_core/il=10, 1741734725871
Published sequence number: /ndn/be-site/be/svs_core/be=10, 1741734725957
Sending Sync interest
Max suppression time updated to: 486
Received update: /ndn/fi-site/fi/svs_core/fi=10, 1741734726314
Max suppression time updated to: 486
Max suppression time updated to: 486
Max suppression time updated to: 486
Max suppression time updated to: 486
Received update: /ndn/at-site/at/svs_core/at=10, 1741734728791
Max suppression time updated to: 486
Received update: /ndn/lt-site/lt/svs_core/lt=10, 1741734731452
Received update: /ndn/tr-site/tr/svs_core/tr=10, 1741734731452
Max suppression time updated to: 486
Received update: /ndn/ee-site/ee/svs_core/ee=10, 1741734736245
Received update: /ndn/de2-site/de2/svs_core/de2=10, 1741734736245
Max suppression time updated to: 486
Received update: /ndn/mt-site/mt/svs_core/mt=10, 1741734736803
Max suppression time updated to: 489
Received update: /ndn/cy-site/cy/svs_core/cy=10, 1741734738556
Max suppression time updated to: 489
Received update: /ndn/ua-site/ua/svs_core/ua=10, 1741734739354
Max suppression time updated to: 489
Received update: /ndn/me-site/me/svs_core/me=10, 1741734739661
Max suppression time updated to: 489
Max suppression time updated to: 489
Max suppression time updated to: 489
Max suppression time updated to: 489
Received update: /ndn/by-site/by/svs_core/by=10, 1741734740172
Max suppression time updated to: 489
Received update: /ndn/am-site/am/svs_core/am=10, 1741734740272
Max suppression time updated to: 489
Max suppression time updated to: 489
Received update: /ndn/ge-site/ge/svs_core/ge=10, 1741734742343
Max suppression time updated to: 489
Received update: /ndn/md-site/md/svs_core/md=11, 1741734748074
Received update: /ndn/ro-site/ro/svs_core/ro=11, 1741734748074
Max suppression time updated to: 489
Received update: /ndn/fr2-site/fr2/svs_core/fr2=10, 1741734748260
Max suppression time updated to: 489
Received update: /ndn/pt-site/pt/svs_core/pt=11, 1741734748353
Max suppression time updated to: 489
Received update: /ndn/al-site/al/svs_core/al=10, 1741734750853
Received update: /ndn/rs-site/rs/svs_core/rs=11, 1741734750853
Max suppression time updated to: 489
Received update: /ndn/pl-site/pl/svs_core/pl=11, 1741734751469
Max suppression time updated to: 489
Received update: /ndn/sk-site/sk/svs_core/sk=11, 1741734752010
Max suppression time updated to: 489
Received update: /ndn/it-site/it/svs_core/it=11, 1741734753549
Received update: /ndn/uk-site/uk/svs_core/uk=11, 1741734753549
Max suppression time updated to: 489
Received update: /ndn/lu-site/lu/svs_core/lu=11, 1741734754224
Received update: /ndn/se-site/se/svs_core/se=11, 1741734754224
Max suppression time updated to: 489
Received update: /ndn/lv-site/lv/svs_core/lv=11, 1741734754405
Max suppression time updated to: 489
Received update: /ndn/bg-site/bg/svs_core/bg=11, 1741734755300
Max suppression time updated to: 489
Received update: /ndn/hr-site/hr/svs_core/hr=11, 1741734755559
Max suppression time updated to: 489
Received update: /ndn/cz-site/cz/svs_core/cz=11, 1741734756250
Received update: /ndn/es-site/es/svs_core/es=11, 1741734756250
Received update: /ndn/de1-site/de1/svs_core/de1=11, 1741734756250
Max suppression time updated to: 489
Max suppression time updated to: 492
Received update: /ndn/ie-site/ie/svs_core/ie=11, 1741734756343
Max suppression time updated to: 492
Max suppression time updated to: 492
Max suppression time updated to: 492
Max suppression time updated to: 489
Received update: /ndn/hu-site/hu/svs_core/hu=11, 1741734757087
Max suppression time updated to: 489
Max suppression time updated to: 489
Max suppression time updated to: 489
Sending Sync interest
Max suppression time updated to: 492
Max suppression time updated to: 492
Max suppression time updated to: 492
Max suppression time updated to: 492
Max suppression time updated to: 492
Max suppression time updated to: 492
Received update: /ndn/no-site/no/svs_core/no=11, 1741734757823
Max suppression time updated to: 492
Sending Sync interest
Max suppression time updated to: 492
Max suppression time updated to: 492
Max suppression time updated to: 492
Max suppression time updated to: 492
Received update: /ndn/nl-site/nl/svs_core/nl=11, 1741734760598
Max suppression time updated to: 492
Received update: /ndn/fr1-site/fr1/svs_core/fr1=11, 1741734761317
Max suppression time updated to: 495
Received update: /ndn/gr-site/gr/svs_core/gr=11, 1741734765351
Received update: /ndn/il-site/il/svs_core/il=11, 1741734765351
Max suppression time updated to: 495
Received update: /ndn/dk-site/dk/svs_core/dk=11, 1741734766162
Received update: /ndn/mk-site/mk/svs_core/mk=11, 1741734766162
Max suppression time updated to: 495
Max suppression time updated to: 495
Max suppression time updated to: 495
Received update: /ndn/az-site/az/svs_core/az=11, 1741734766627
Max suppression time updated to: 495
Sending Sync interest
Max suppression time updated to: 495
Max suppression time updated to: 495
Received update: /ndn/is-site/is/svs_core/is=11, 1741734767430
Max suppression time updated to: 495
Received update: /ndn/ch-site/ch/svs_core/ch=11, 1741734768352
Published sequence number: /ndn/be-site/be/svs_core/be=11, 1741734770959
Sending Sync interest
Max suppression time updated to: 495
Received update: /ndn/lt-site/lt/svs_core/lt=11, 1741734771758
Max suppression time updated to: 495
Received update: /ndn/si-site/si/svs_core/si=11, 1741734772313
Max suppression time updated to: 495
Received update: /ndn/at-site/at/svs_core/at=11, 1741734773907
Max suppression time updated to: 495
Received update: /ndn/ee-site/ee/svs_core/ee=11, 1741734775445
Max suppression time updated to: 495
Received update: /ndn/fi-site/fi/svs_core/fi=11, 1741734776145
Max suppression time updated to: 495
Received update: /ndn/tr-site/tr/svs_core/tr=11, 1741734776504
Max suppression time updated to: 495
Received update: /ndn/de2-site/de2/svs_core/de2=11, 1741734781135
Max suppression time updated to: 492
Received update: /ndn/cy-site/cy/svs_core/cy=11, 1741734783437
Max suppression time updated to: 492
Received update: /ndn/by-site/by/svs_core/by=11, 1741734784247
Max suppression time updated to: 492
Received update: /ndn/mt-site/mt/svs_core/mt=11, 1741734784258
Max suppression time updated to: 492
Received update: /ndn/ua-site/ua/svs_core/ua=11, 1741734784314
Max suppression time updated to: 492
Received update: /ndn/me-site/me/svs_core/me=11, 1741734784438
Max suppression time updated to: 492
Max suppression time updated to: 492
Max suppression time updated to: 492
Max suppression time updated to: 492
Sending Sync interest
Max suppression time updated to: 492
Max suppression time updated to: 492
Max suppression time updated to: 492
Received update: /ndn/am-site/am/svs_core/am=11, 1741734786104
Max suppression time updated to: 492
Received update: /ndn/ge-site/ge/svs_core/ge=11, 1741734787363
Max suppression time updated to: 492
Received update: /ndn/al-site/al/svs_core/al=11, 1741734788594
Received update: /ndn/fr2-site/fr2/svs_core/fr2=11, 1741734788594
Max suppression time updated to: 492
Received update: /ndn/ro-site/ro/svs_core/ro=12, 1741734792599
Max suppression time updated to: 492
Received update: /ndn/sk-site/sk/svs_core/sk=12, 1741734793396
Max suppression time updated to: 492
Max suppression time updated to: 492
Max suppression time updated to: 492
Received update: /ndn/md-site/md/svs_core/md=12, 1741734794519
Max suppression time updated to: 492
Received update: /ndn/lv-site/lv/svs_core/lv=12, 1741734796224
Max suppression time updated to: 492
Max suppression time updated to: 492
Received update: /ndn/pt-site/pt/svs_core/pt=12, 1741734796702
Max suppression time updated to: 492
Max suppression time updated to: 492
Received update: /ndn/rs-site/rs/svs_core/rs=12, 1741734797047
Max suppression time updated to: 492
Received update: /ndn/pl-site/pl/svs_core/pl=12, 1741734797519
Max suppression time updated to: 492
Received update: /ndn/se-site/se/svs_core/se=12, 1741734797803
Received update: /ndn/uk-site/uk/svs_core/uk=12, 1741734797803
Max suppression time updated to: 492
Max suppression time updated to: 492
Max suppression time updated to: 492
Max suppression time updated to: 492
Max suppression time updated to: 492
Max suppression time updated to: 492
Received update: /ndn/lu-site/lu/svs_core/lu=12, 1741734798459
Max suppression time updated to: 492
Received update: /ndn/it-site/it/svs_core/it=12, 1741734798511
Max suppression time updated to: 492
Received update: /ndn/ie-site/ie/svs_core/ie=12, 1741734799341
Max suppression time updated to: 492
Received update: /ndn/no-site/no/svs_core/no=12, 1741734799898
Max suppression time updated to: 492
Received update: /ndn/bg-site/bg/svs_core/bg=12, 1741734800190
Max suppression time updated to: 492
Received update: /ndn/hr-site/hr/svs_core/hr=12, 1741734800543
Max suppression time updated to: 492
Received update: /ndn/cz-site/cz/svs_core/cz=12, 1741734800888
Max suppression time updated to: 492
Received update: /ndn/de1-site/de1/svs_core/de1=12, 1741734801531
Max suppression time updated to: 495
Received update: /ndn/es-site/es/svs_core/es=12, 1741734801968
Max suppression time updated to: 492
Received update: /ndn/hu-site/hu/svs_core/hu=12, 1741734802093
Max suppression time updated to: 492
Received update: /ndn/fr1-site/fr1/svs_core/fr1=12, 1741734804586
Max suppression time updated to: 492
Received update: /ndn/nl-site/nl/svs_core/nl=12, 1741734805608
Max suppression time updated to: 492
Received update: /ndn/gr-site/gr/svs_core/gr=12, 1741734807705
Max suppression time updated to: 492
Received update: /ndn/il-site/il/svs_core/il=12, 1741734810271
Max suppression time updated to: 492
Received update: /ndn/dk-site/dk/svs_core/dk=12, 1741734810313
Received update: /ndn/mk-site/mk/svs_core/mk=12, 1741734810313
Max suppression time updated to: 492
Max suppression time updated to: 492
Max suppression time updated to: 492
Max suppression time updated to: 492
Max suppression time updated to: 492
Received update: /ndn/az-site/az/svs_core/az=12, 1741734811514
Max suppression time updated to: 492
Received update: /ndn/ch-site/ch/svs_core/ch=12, 1741734813245
Max suppression time updated to: 492
Max suppression time updated to: 492
Max suppression time updated to: 492
Max suppression time updated to: 492
Received update: /ndn/is-site/is/svs_core/is=12, 1741734813825
Max suppression time updated to: 492
Published sequence number: /ndn/be-site/be/svs_core/be=12, 1741734815966
Sending Sync interest
Max suppression time updated to: 489
Received update: /ndn/si-site/si/svs_core/si=12, 1741734816390
Max suppression time updated to: 489
Received update: /ndn/lt-site/lt/svs_core/lt=12, 1741734816894
Max suppression time updated to: 489
Max suppression time updated to: 489
Max suppression time updated to: 489
Max suppression time updated to: 489
Received update: /ndn/at-site/at/svs_core/at=12, 1741734818813
Max suppression time updated to: 489
Received update: /ndn/fi-site/fi/svs_core/fi=12, 1741734819561
Max suppression time updated to: 489
Received update: /ndn/ee-site/ee/svs_core/ee=12, 1741734820488
Max suppression time updated to: 489
Received update: /ndn/mt-site/mt/svs_core/mt=12, 1741734820705
Max suppression time updated to: 489
Max suppression time updated to: 489
Max suppression time updated to: 489
Max suppression time updated to: 489
Max suppression time updated to: 489
Max suppression time updated to: 489
Max suppression time updated to: 489
Max suppression time updated to: 489
Received update: /ndn/by-site/by/svs_core/by=12, 1741734826184
Max suppression time updated to: 489
Received update: /ndn/tr-site/tr/svs_core/tr=12, 1741734826707
Received update: /ndn/de2-site/de2/svs_core/de2=12, 1741734826707
Max suppression time updated to: 489
Received update: /ndn/am-site/am/svs_core/am=12, 1741734829215
Max suppression time updated to: 489
Received update: /ndn/me-site/me/svs_core/me=12, 1741734829395
Max suppression time updated to: 489
Max suppression time updated to: 489
Max suppression time updated to: 489
Received update: /ndn/cy-site/cy/svs_core/cy=12, 1741734829782
Max suppression time updated to: 489
Max suppression time updated to: 489
Max suppression time updated to: 489
Received update: /ndn/ge-site/ge/svs_core/ge=12, 1741734832368
Received update: /ndn/ua-site/ua/svs_core/ua=12, 1741734832368
Max suppression time updated to: 489
Received update: /ndn/fr2-site/fr2/svs_core/fr2=12, 1741734833012
Max suppression time updated to: 489
Received update: /ndn/al-site/al/svs_core/al=12, 1741734833631
Max suppression time updated to: 489
Max suppression time updated to: 489
Max suppression time updated to: 489
Max suppression time updated to: 489
Received update: /ndn/pt-site/pt/svs_core/pt=13, 1741734838361
Max suppression time updated to: 489
Received update: /ndn/ro-site/ro/svs_core/ro=13, 1741734838768
Max suppression time updated to: 489
Max suppression time updated to: 489
Received update: /ndn/sk-site/sk/svs_core/sk=13, 1741734839468
Max suppression time updated to: 489
Received update: /ndn/md-site/md/svs_core/md=13, 1741734840024
Max suppression time updated to: 489
Received update: /ndn/rs-site/rs/svs_core/rs=13, 1741734841916
Received update: /ndn/uk-site/uk/svs_core/uk=13, 1741734841916
Max suppression time updated to: 489
Received update: /ndn/pl-site/pl/svs_core/pl=13, 1741734842542
Max suppression time updated to: 489
Received update: /ndn/lu-site/lu/svs_core/lu=13, 1741734843504
Received update: /ndn/se-site/se/svs_core/se=13, 1741734843504
Max suppression time updated to: 489
Received update: /ndn/it-site/it/svs_core/it=13, 1741734843512
Max suppression time updated to: 489
Received update: /ndn/ie-site/ie/svs_core/ie=13, 1741734843735
Max suppression time updated to: 489
Max suppression time updated to: 489
Max suppression time updated to: 492
Max suppression time updated to: 492
Received update: /ndn/no-site/no/svs_core/no=13, 1741734844144
Max suppression time updated to: 492
Received update: /ndn/lv-site/lv/svs_core/lv=13, 1741734844401
Max suppression time updated to: 492
Max suppression time updated to: 492
Max suppression time updated to: 492
Max suppression time updated to: 489
Max suppression time updated to: 489
Max suppression time updated to: 489
Received update: /ndn/bg-site/bg/svs_core/bg=13, 1741734845282
Max suppression time updated to: 489
Received update: /ndn/hr-site/hr/svs_core/hr=13, 1741734845513
Max suppression time updated to: 492
Received update: /ndn/cz-site/cz/svs_core/cz=13, 1741734845953
Max suppression time updated to: 489
Received update: /ndn/de1-site/de1/svs_core/de1=13, 1741734846219
Max suppression time updated to: 489
Received update: /ndn/hu-site/hu/svs_core/hu=13, 1741734847098
Max suppression time updated to: 489
Received update: /ndn/es-site/es/svs_core/es=13, 1741734847759
Max suppression time updated to: 489
Received update: /ndn/dk-site/dk/svs_core/dk=13, 1741734855309
Received update: /ndn/nl-site/nl/svs_core/nl=13, 1741734855309
Received update: /ndn/fr1-site/fr1/svs_core/fr1=13, 1741734855309
Max suppression time updated to: 489
Received update: /ndn/il-site/il/svs_core/il=13, 1741734855827
Received update: /ndn/mk-site/mk/svs_core/mk=13, 1741734855827
Max suppression time updated to: 489
Received update: /ndn/az-site/az/svs_core/az=13, 1741734856524
Received update: /ndn/gr-site/gr/svs_core/gr=13, 1741734856524
Max suppression time updated to: 489
Max suppression time updated to: 489
Max suppression time updated to: 489
Received update: /ndn/ch-site/ch/svs_core/ch=13, 1741734858162
Max suppression time updated to: 489
Received update: /ndn/is-site/is/svs_core/is=13, 1741734859819
Received update: /ndn/si-site/si/svs_core/si=13, 1741734859819
Published sequence number: /ndn/be-site/be/svs_core/be=13, 1741734860969
Sending Sync interest
Max suppression time updated to: 489
Received update: /ndn/at-site/at/svs_core/at=13, 1741734863810
Received update: /ndn/lt-site/lt/svs_core/lt=13, 1741734863810
Max suppression time updated to: 489
Received update: /ndn/fi-site/fi/svs_core/fi=13, 1741734864608
Max suppression time updated to: 489
Received update: /ndn/tr-site/tr/svs_core/tr=13, 1741734866500
Max suppression time updated to: 489
Received update: /ndn/mt-site/mt/svs_core/mt=13, 1741734867329
Max suppression time updated to: 489
Received update: /ndn/by-site/by/svs_core/by=13, 1741734871232
Max suppression time updated to: 489
Received update: /ndn/cy-site/cy/svs_core/cy=13, 1741734873460
Received update: /ndn/de2-site/de2/svs_core/de2=13, 1741734873460
Max suppression time updated to: 489
Received update: /ndn/ee-site/ee/svs_core/ee=13, 1741734874340
Max suppression time updated to: 489
Received update: /ndn/me-site/me/svs_core/me=13, 1741734874451
Max suppression time updated to: 489
Received update: /ndn/ge-site/ge/svs_core/ge=13, 1741734877376
Max suppression time updated to: 489
Max suppression time updated to: 489
Max suppression time updated to: 489
Max suppression time updated to: 489
Max suppression time updated to: 489
Max suppression time updated to: 489
Max suppression time updated to: 489
Received update: /ndn/am-site/am/svs_core/am=13, 1741734878148
Max suppression time updated to: 489
Max suppression time updated to: 489
Received update: /ndn/ro-site/ro/svs_core/ro=14, 1741734883064
Received update: /ndn/ua-site/ua/svs_core/ua=13, 1741734883064
Received update: /ndn/fr2-site/fr2/svs_core/fr2=13, 1741734883064
Max suppression time updated to: 489
Received update: /ndn/pt-site/pt/svs_core/pt=14, 1741734883457
Max suppression time updated to: 489
Received update: /ndn/al-site/al/svs_core/al=13, 1741734883513
Max suppression time updated to: 489
Received update: /ndn/sk-site/sk/svs_core/sk=14, 1741734884209
Max suppression time updated to: 489
Received update: /ndn/lv-site/lv/svs_core/lv=14, 1741734886468
Received update: /ndn/pl-site/pl/svs_core/pl=14, 1741734886468
Max suppression time updated to: 489
Received update: /ndn/rs-site/rs/svs_core/rs=14, 1741734886789
Max suppression time updated to: 489
Max suppression time updated to: 489
Max suppression time updated to: 489
Received update: /ndn/uk-site/uk/svs_core/uk=14, 1741734887377
Max suppression time updated to: 489
Received update: /ndn/se-site/se/svs_core/se=14, 1741734887413
Max suppression time updated to: 489
Received update: /ndn/md-site/md/svs_core/md=14, 1741734887917
Max suppression time updated to: 489
Received update: /ndn/lu-site/lu/svs_core/lu=14, 1741734888460
Max suppression time updated to: 489
Received update: /ndn/it-site/it/svs_core/it=14, 1741734888473
Max suppression time updated to: 489
Received update: /ndn/no-site/no/svs_core/no=14, 1741734888484
Max suppression time updated to: 486
Received update: /ndn/ie-site/ie/svs_core/ie=14, 1741734888751
Sending Sync interest
Max suppression time updated to: 486
Max suppression time updated to: 486
Max suppression time updated to: 489
Max suppression time updated to: 489
Max suppression time updated to: 486
Max suppression time updated to: 486
Max suppression time updated to: 486
Max suppression time updated to: 486
Max suppression time updated to: 486
Received update: /ndn/hr-site/hr/svs_core/hr=14, 1741734890515
Max suppression time updated to: 486
Received update: /ndn/es-site/es/svs_core/es=14, 1741734890788
Max suppression time updated to: 486
Received update: /ndn/cz-site/cz/svs_core/cz=14, 1741734890945
Max suppression time updated to: 489
Received update: /ndn/de1-site/de1/svs_core/de1=14, 1741734891219
Max suppression time updated to: 489
Received update: /ndn/bg-site/bg/svs_core/bg=14, 1741734891310
Max suppression time updated to: 489
Max suppression time updated to: 489
Received update: /ndn/hu-site/hu/svs_core/hu=14, 1741734894695
Received update: /ndn/fr1-site/fr1/svs_core/fr1=14, 1741734894695
Max suppression time updated to: 489
Received update: /ndn/nl-site/nl/svs_core/nl=14, 1741734895614
Max suppression time updated to: 489
Received update: /ndn/gr-site/gr/svs_core/gr=14, 1741734897716
Max suppression time updated to: 489
Received update: /ndn/il-site/il/svs_core/il=14, 1741734900332
Max suppression time updated to: 489
Received update: /ndn/az-site/az/svs_core/az=14, 1741734902256
Received update: /ndn/is-site/is/svs_core/is=14, 1741734902256
Max suppression time updated to: 489
Received update: /ndn/dk-site/dk/svs_core/dk=14, 1741734902259
Max suppression time updated to: 489
Received update: /ndn/mk-site/mk/svs_core/mk=14, 1741734902382
Max suppression time updated to: 489
Max suppression time updated to: 489
Max suppression time updated to: 489
Max suppression time updated to: 486
Max suppression time updated to: 486
Max suppression time updated to: 486
Received update: /ndn/ch-site/ch/svs_core/ch=14, 1741734903972
Max suppression time updated to: 486
Published sequence number: /ndn/be-site/be/svs_core/be=14, 1741734905975
Sending Sync interest
Max suppression time updated to: 486
Received update: /ndn/lt-site/lt/svs_core/lt=14, 1741734906731
Sending Sync interest
Max suppression time updated to: 486
Max suppression time updated to: 486
Received update: /ndn/si-site/si/svs_core/si=14, 1741734907714
Max suppression time updated to: 486
Received update: /ndn/fi-site/fi/svs_core/fi=14, 1741734908067
Max suppression time updated to: 486
Received update: /ndn/at-site/at/svs_core/at=14, 1741734908742
Max suppression time updated to: 486
Received update: /ndn/mt-site/mt/svs_core/mt=14, 1741734910702
Sending Sync interest
Max suppression time updated to: 486
Max suppression time updated to: 486
Max suppression time updated to: 486
Received update: /ndn/ee-site/ee/svs_core/ee=14, 1741734911576
Max suppression time updated to: 486
Max suppression time updated to: 486
Received update: /ndn/tr-site/tr/svs_core/tr=14, 1741734912763
Max suppression time updated to: 489
Max suppression time updated to: 486
Received update: /ndn/de2-site/de2/svs_core/de2=14, 1741734916197
Max suppression time updated to: 486
Received update: /ndn/cy-site/cy/svs_core/cy=14, 1741734918699
Max suppression time updated to: 486
Received update: /ndn/ua-site/ua/svs_core/ua=14, 1741734919381
Sending Sync interest
Max suppression time updated to: 486
Received update: /ndn/me-site/me/svs_core/me=14, 1741734919540
Max suppression time updated to: 486
Max suppression time updated to: 489
Max suppression time updated to: 489
Received update: /ndn/am-site/am/svs_core/am=14, 1741734920303
Max suppression time updated to: 489
Max suppression time updated to: 489
Received update: /ndn/ge-site/ge/svs_core/ge=14, 1741734922373
Max suppression time updated to: 489
Received update: /ndn/by-site/by/svs_core/by=14, 1741734922959
Received update: /ndn/fr2-site/fr2/svs_core/fr2=14, 1741734922959
Max suppression time updated to: 489
Max suppression time updated to: 489
Received update: /ndn/ro-site/ro/svs_core/ro=15, 1741734927614
Max suppression time updated to: 489
Received update: /ndn/sk-site/sk/svs_core/sk=15, 1741734928403
Max suppression time updated to: 489
Received update: /ndn/al-site/al/svs_core/al=14, 1741734929115
Max suppression time updated to: 489
Received update: /ndn/md-site/md/svs_core/md=15, 1741734929164
Max suppression time updated to: 489
Received update: /ndn/pt-site/pt/svs_core/pt=15, 1741734929277
Max suppression time updated to: 489
Max suppression time updated to: 489
Received update: /ndn/lv-site/lv/svs_core/lv=15, 1741734931463
Max suppression time updated to: 492
Received update: /ndn/pl-site/pl/svs_core/pl=15, 1741734931476
Max suppression time updated to: 492
Received update: /ndn/uk-site/uk/svs_core/uk=15, 1741734931929
Max suppression time updated to: 492
Received update: /ndn/rs-site/rs/svs_core/rs=15, 1741734931930
Max suppression time updated to: 492
Max suppression time updated to: 492
Received update: /ndn/no-site/no/svs_core/no=15, 1741734933286
Max suppression time updated to: 492
Received update: /ndn/it-site/it/svs_core/it=15, 1741734933566
Max suppression time updated to: 489
Received update: /ndn/ie-site/ie/svs_core/ie=15, 1741734933739
Max suppression time updated to: 489
Max suppression time updated to: 489
Received update: /ndn/lu-site/lu/svs_core/lu=15, 1741734934241
Max suppression time updated to: 489
Max suppression time updated to: 489
Received update: /ndn/es-site/es/svs_core/es=15, 1741734935615
Max suppression time updated to: 489
Received update: /ndn/cz-site/cz/svs_core/cz=15, 1741734936180
Received update: /ndn/hr-site/hr/svs_core/hr=15, 1741734936180
Received update: /ndn/se-site/se/svs_core/se=15, 1741734936180
Max suppression time updated to: 489
Received update: /ndn/bg-site/bg/svs_core/bg=15, 1741734936530
Max suppression time updated to: 489
Max suppression time updated to: 489
Received update: /ndn/de1-site/de1/svs_core/de1=15, 1741734939122
Max suppression time updated to: 489
Max suppression time updated to: 489
Received update: /ndn/hu-site/hu/svs_core/hu=15, 1741734939479
Max suppression time updated to: 489
Received update: /ndn/nl-site/nl/svs_core/nl=15, 1741734940617
Max suppression time updated to: 489
Received update: /ndn/fr1-site/fr1/svs_core/fr1=15, 1741734941317
Max suppression time updated to: 489
Max suppression time updated to: 489
Received update: /ndn/il-site/il/svs_core/il=15, 1741734945287
Received update: /ndn/mk-site/mk/svs_core/mk=15, 1741734945287
Max suppression time updated to: 489
Received update: /ndn/dk-site/dk/svs_core/dk=15, 1741734945289
Max suppression time updated to: 489
Received update: /ndn/is-site/is/svs_core/is=15, 1741734946613
Max suppression time updated to: 489
Max suppression time updated to: 489
Max suppression time updated to: 489
Received update: /ndn/az-site/az/svs_core/az=15, 1741734948175
Received update: /ndn/ch-site/ch/svs_core/ch=15, 1741734948175
Max suppression time updated to: 489
Received update: /ndn/gr-site/gr/svs_core/gr=15, 1741734948777
Published sequence number: /ndn/be-site/be/svs_core/be=15, 1741734950985
Sending Sync interest
Max suppression time updated to: 489
Received update: /ndn/fi-site/fi/svs_core/fi=15, 1741734951411
Max suppression time updated to: 489
Received update: /ndn/lt-site/lt/svs_core/lt=15, 1741734951726
Max suppression time updated to: 489
Max suppression time updated to: 489
Received update: /ndn/si-site/si/svs_core/si=15, 1741734951850
Max suppression time updated to: 486
Max suppression time updated to: 489
Sending Sync interest
Max suppression time updated to: 489
Received update: /ndn/at-site/at/svs_core/at=15, 1741734953843
Max suppression time updated to: 489
Received update: /ndn/tr-site/tr/svs_core/tr=15, 1741734956502
Max suppression time updated to: 489
Received update: /ndn/de2-site/de2/svs_core/de2=15, 1741734961159
Max suppression time updated to: 489
Received update: /ndn/cy-site/cy/svs_core/cy=15, 1741734963463
Max suppression time updated to: 489
Received update: /ndn/by-site/by/svs_core/by=15, 1741734963822
Max suppression time updated to: 486
Received update: /ndn/me-site/me/svs_core/me=15, 1741734964571
Max suppression time updated to: 489
Max suppression time updated to: 486
Max suppression time updated to: 486
Received update: /ndn/am-site/am/svs_core/am=15, 1741734965098
Max suppression time updated to: 486
Received update: /ndn/mt-site/mt/svs_core/mt=15, 1741734965864
Max suppression time updated to: 486
Received update: /ndn/fr2-site/fr2/svs_core/fr2=15, 1741734967968
Max suppression time updated to: 486
Received update: /ndn/al-site/al/svs_core/al=15, 1741734968912
Received update: /ndn/ge-site/ge/svs_core/ge=15, 1741734968912
Max suppression time updated to: 486
Max suppression time updated to: 486
Max suppression time updated to: 486
Received update: /ndn/md-site/md/svs_core/md=16, 1741734973047
Max suppression time updated to: 486
Received update: /ndn/sk-site/sk/svs_core/sk=16, 1741734973320
Max suppression time updated to: 486
Received update: /ndn/pt-site/pt/svs_core/pt=16, 1741734973364
Max suppression time updated to: 486
Received update: /ndn/ro-site/ro/svs_core/ro=16, 1741734973959
Sending Sync interest
Max suppression time updated to: 486
Received update: /ndn/ua-site/ua/svs_core/ua=15, 1741734975215
Max suppression time updated to: 486
Received update: /ndn/rs-site/rs/svs_core/rs=16, 1741734975878
Max suppression time updated to: 486
Received update: /ndn/lv-site/lv/svs_core/lv=16, 1741734976235
Max suppression time updated to: 486
Received update: /ndn/pl-site/pl/svs_core/pl=16, 1741734976586
Max suppression time updated to: 486
Max suppression time updated to: 486
Max suppression time updated to: 486
Max suppression time updated to: 486
Max suppression time updated to: 486
Max suppression time updated to: 489
Received update: /ndn/no-site/no/svs_core/no=16, 1741734977603
Received update: /ndn/uk-site/uk/svs_core/uk=16, 1741734977603
Max suppression time updated to: 489
Received update: /ndn/lu-site/lu/svs_core/lu=16, 1741734978473
Max suppression time updated to: 486
Received update: /ndn/it-site/it/svs_core/it=16, 1741734978493
Max suppression time updated to: 486
Max suppression time updated to: 489
Max suppression time updated to: 489
Received update: /ndn/hr-site/hr/svs_core/hr=16, 1741734980570
Max suppression time updated to: 486
Received update: /ndn/es-site/es/svs_core/es=16, 1741734980613
Max suppression time updated to: 486
Received update: /ndn/cz-site/cz/svs_core/cz=16, 1741734980913
Max suppression time updated to: 486
Received update: /ndn/de1-site/de1/svs_core/de1=16, 1741734981180
Max suppression time updated to: 486
Received update: /ndn/ie-site/ie/svs_core/ie=16, 1741734981181
Max suppression time updated to: 486
Received update: /ndn/bg-site/bg/svs_core/bg=16, 1741734981255
Max suppression time updated to: 486
Max suppression time updated to: 486
Max suppression time updated to: 486
Max suppression time updated to: 486
Received update: /ndn/hu-site/hu/svs_core/hu=16, 1741734983232
Max suppression time updated to: 486
Received update: /ndn/fr1-site/fr1/svs_core/fr1=16, 1741734984617
Max suppression time updated to: 486
Received update: /ndn/nl-site/nl/svs_core/nl=16, 1741734985639
Max suppression time updated to: 486
Received update: /ndn/mk-site/mk/svs_core/mk=16, 1741734988023
Max suppression time updated to: 483
Received update: /ndn/il-site/il/svs_core/il=16, 1741734990297
Max suppression time updated to: 483
Received update: /ndn/dk-site/dk/svs_core/dk=16, 1741734990331
Max suppression time updated to: 483
Received update: /ndn/gr-site/gr/svs_core/gr=16, 1741734991158
Max suppression time updated to: 483
Max suppression time updated to: 483
Max suppression time updated to: 483
Max suppression time updated to: 483
Max suppression time updated to: 483
Received update: /ndn/az-site/az/svs_core/az=16, 1741734991520
Max suppression time updated to: 480
Received update: /ndn/is-site/is/svs_core/is=16, 1741734991562
Max suppression time updated to: 483
Max suppression time updated to: 480
Max suppression time updated to: 480
Received update: /ndn/ee-site/ee/svs_core/ee=15, 1741734992383
Max suppression time updated to: 480
Max suppression time updated to: 480
Max suppression time updated to: 480
Received update: /ndn/si-site/si/svs_core/si=16, 1741734994822
Published sequence number: /ndn/be-site/be/svs_core/be=16, 1741734995987
Sending Sync interest
Max suppression time updated to: 480
Received update: /ndn/ch-site/ch/svs_core/ch=16, 1741734996704
Max suppression time updated to: 480
Received update: /ndn/at-site/at/svs_core/at=16, 1741734998767
Received update: /ndn/fi-site/fi/svs_core/fi=16, 1741734998767
Max suppression time updated to: 480
Received update: /ndn/ee-site/ee/svs_core/ee=16, 1741735000515
Max suppression time updated to: 480
Received update: /ndn/mt-site/mt/svs_core/mt=16, 1741735000668
Max suppression time updated to: 480
Max suppression time updated to: 480
Max suppression time updated to: 480
Max suppression time updated to: 480
Received update: /ndn/lt-site/lt/svs_core/lt=16, 1741735001735
Max suppression time updated to: 480
Received update: /ndn/tr-site/tr/svs_core/tr=16, 1741735006226
Received update: /ndn/de2-site/de2/svs_core/de2=16, 1741735006226
Max suppression time updated to: 483
Received update: /ndn/cy-site/cy/svs_core/cy=16, 1741735008509
Max suppression time updated to: 483
Received update: /ndn/ua-site/ua/svs_core/ua=16, 1741735009389
Max suppression time updated to: 483
Received update: /ndn/me-site/me/svs_core/me=16, 1741735009470
Max suppression time updated to: 480
Received update: /ndn/am-site/am/svs_core/am=16, 1741735009786
Max suppression time updated to: 483
Max suppression time updated to: 483
Max suppression time updated to: 483
Max suppression time updated to: 480
Max suppression time updated to: 480
Received update: /ndn/se-site/se/svs_core/se=16, 1741735010728
Max suppression time updated to: 480
Received update: /ndn/by-site/by/svs_core/by=16, 1741735012931
Received update: /ndn/ge-site/ge/svs_core/ge=16, 1741735012931
Max suppression time updated to: 480
Max suppression time updated to: 483
Received update: /ndn/fr2-site/fr2/svs_core/fr2=16, 1741735013195
Max suppression time updated to: 483
Received update: /ndn/al-site/al/svs_core/al=16, 1741735013937
Max suppression time updated to: 483
Sending Sync interest
Max suppression time updated to: 483
Stopping SVS client: /ndn/be-site/be/svs_core/be
