SVS client starting: /ndn/pt-site/pt/svs_core/pt
Max suppression time updated to: 176
Max suppression time updated to: 176
Max suppression time updated to: 172
Max suppression time updated to: 196
Max suppression time updated to: 180
Max suppression time updated to: 164
Max suppression time updated to: 180
Max suppression time updated to: 192
Max suppression time updated to: 196
Max suppression time updated to: 188
Max suppression time updated to: 184
Max suppression time updated to: 184
Max suppression time updated to: 184
Max suppression time updated to: 184
Max suppression time updated to: 184
Max suppression time updated to: 188
Max suppression time updated to: 188
Max suppression time updated to: 184
Sending Sync interest
Max suppression time updated to: 184
Max suppression time updated to: 180
Max suppression time updated to: 180
Max suppression time updated to: 184
Max suppression time updated to: 184
Max suppression time updated to: 188
Max suppression time updated to: 188
Max suppression time updated to: 192
Max suppression time updated to: 196
Max suppression time updated to: 196
Max suppression time updated to: 204
Max suppression time updated to: 204
Received update: /ndn/ch-site/ch/svs_core/ch=1, 1741644718720
Received update: /ndn/mt-site/mt/svs_core/mt=1, 1741644718720
Max suppression time updated to: 208
Received update: /ndn/bg-site/bg/svs_core/bg=1, 1741644719194
Max suppression time updated to: 204
Received update: /ndn/be-site/be/svs_core/be=1, 1741644721013
Max suppression time updated to: 204
Received update: /ndn/dk-site/dk/svs_core/dk=1, 1741644722083
Max suppression time updated to: 204
Max suppression time updated to: 204
Max suppression time updated to: 204
Max suppression time updated to: 208
Received update: /ndn/lt-site/lt/svs_core/lt=1, 1741644722782
Published sequence number: /ndn/pt-site/pt/svs_core/pt=1, 1741644723868
Sending Sync interest
Max suppression time updated to: 208
Received update: /ndn/fr2-site/fr2/svs_core/fr2=1, 1741644724025
Max suppression time updated to: 208
Received update: /ndn/pl-site/pl/svs_core/pl=1, 1741644724061
Max suppression time updated to: 208
Max suppression time updated to: 212
Received update: /ndn/al-site/al/svs_core/al=1, 1741644724490
Max suppression time updated to: 212
Received update: /ndn/nl-site/nl/svs_core/nl=1, 1741644725439
Received update: /ndn/si-site/si/svs_core/si=1, 1741644725439
Received update: /ndn/tr-site/tr/svs_core/tr=1, 1741644725439
Max suppression time updated to: 212
Received update: /ndn/ge-site/ge/svs_core/ge=1, 1741644726128
Max suppression time updated to: 208
Received update: /ndn/fi-site/fi/svs_core/fi=1, 1741644727863
Received update: /ndn/is-site/is/svs_core/is=1, 1741644727863
Max suppression time updated to: 208
Received update: /ndn/ee-site/ee/svs_core/ee=1, 1741644729876
Max suppression time updated to: 212
Received update: /ndn/me-site/me/svs_core/me=1, 1741644730179
Max suppression time updated to: 212
Received update: /ndn/at-site/at/svs_core/at=1, 1741644731300
Received update: /ndn/by-site/by/svs_core/by=1, 1741644731300
Max suppression time updated to: 212
Received update: /ndn/gr-site/gr/svs_core/gr=1, 1741644732209
Max suppression time updated to: 212
Received update: /ndn/fr1-site/fr1/svs_core/fr1=1, 1741644732340
Max suppression time updated to: 212
Max suppression time updated to: 212
Received update: /ndn/se-site/se/svs_core/se=1, 1741644732834
Max suppression time updated to: 212
Received update: /ndn/am-site/am/svs_core/am=1, 1741644733045
Max suppression time updated to: 212
Received update: /ndn/az-site/az/svs_core/az=1, 1741644733961
Max suppression time updated to: 212
Received update: /ndn/it-site/it/svs_core/it=1, 1741644734431
Max suppression time updated to: 212
Received update: /ndn/ie-site/ie/svs_core/ie=1, 1741644734495
Max suppression time updated to: 212
Received update: /ndn/ua-site/ua/svs_core/ua=1, 1741644735201
Max suppression time updated to: 212
Received update: /ndn/lu-site/lu/svs_core/lu=1, 1741644735820
Max suppression time updated to: 212
Received update: /ndn/ro-site/ro/svs_core/ro=1, 1741644736512
Max suppression time updated to: 208
Received update: /ndn/mk-site/mk/svs_core/mk=1, 1741644737310
Received update: /ndn/uk-site/uk/svs_core/uk=1, 1741644737310
Max suppression time updated to: 208
Received update: /ndn/es-site/es/svs_core/es=1, 1741644743515
Max suppression time updated to: 208
Received update: /ndn/sk-site/sk/svs_core/sk=1, 1741644745666
Max suppression time updated to: 208
Received update: /ndn/il-site/il/svs_core/il=1, 1741644749244
Max suppression time updated to: 208
Received update: /ndn/cy-site/cy/svs_core/cy=1, 1741644760241
Received update: /ndn/cz-site/cz/svs_core/cz=1, 1741644760241
Received update: /ndn/hu-site/hu/svs_core/hu=1, 1741644760241
Received update: /ndn/rs-site/rs/svs_core/rs=1, 1741644760241
Received update: /ndn/de2-site/de2/svs_core/de2=1, 1741644760241
Max suppression time updated to: 208
Received update: /ndn/hr-site/hr/svs_core/hr=1, 1741644760453
Max suppression time updated to: 208
Received update: /ndn/lv-site/lv/svs_core/lv=1, 1741644760762
Max suppression time updated to: 212
Received update: /ndn/de1-site/de1/svs_core/de1=1, 1741644760845
Max suppression time updated to: 212
Received update: /ndn/md-site/md/svs_core/md=1, 1741644761192
Max suppression time updated to: 216
Received update: /ndn/bg-site/bg/svs_core/bg=2, 1741644764247
Received update: /ndn/ch-site/ch/svs_core/ch=2, 1741644764247
Received update: /ndn/mt-site/mt/svs_core/mt=2, 1741644764247
Received update: /ndn/no-site/no/svs_core/no=1, 1741644764247
Max suppression time updated to: 212
Received update: /ndn/dk-site/dk/svs_core/dk=2, 1741644767012
Max suppression time updated to: 212
Received update: /ndn/be-site/be/svs_core/be=2, 1741644767165
Max suppression time updated to: 212
Received update: /ndn/lt-site/lt/svs_core/lt=2, 1741644767913
Published sequence number: /ndn/pt-site/pt/svs_core/pt=2, 1741644768872
Sending Sync interest
Max suppression time updated to: 212
Received update: /ndn/al-site/al/svs_core/al=2, 1741644769488
Received update: /ndn/pl-site/pl/svs_core/pl=2, 1741644769488
Sending Sync interest
Max suppression time updated to: 216
Received update: /ndn/ge-site/ge/svs_core/ge=2, 1741644771145
Received update: /ndn/nl-site/nl/svs_core/nl=2, 1741644771145
Received update: /ndn/tr-site/tr/svs_core/tr=2, 1741644771145
Received update: /ndn/fr2-site/fr2/svs_core/fr2=2, 1741644771145
Sending Sync interest
Max suppression time updated to: 216
Received update: /ndn/at-site/at/svs_core/at=2, 1741644776335
Received update: /ndn/fi-site/fi/svs_core/fi=2, 1741644776335
Received update: /ndn/is-site/is/svs_core/is=2, 1741644776335
Received update: /ndn/me-site/me/svs_core/me=2, 1741644776335
Received update: /ndn/si-site/si/svs_core/si=2, 1741644776335
Max suppression time updated to: 216
Received update: /ndn/by-site/by/svs_core/by=2, 1741644776548
Sending Sync interest
Max suppression time updated to: 216
Received update: /ndn/fr1-site/fr1/svs_core/fr1=2, 1741644777013
Max suppression time updated to: 216
Received update: /ndn/ee-site/ee/svs_core/ee=2, 1741644777060
Max suppression time updated to: 216
Received update: /ndn/gr-site/gr/svs_core/gr=2, 1741644777218
Max suppression time updated to: 216
Received update: /ndn/se-site/se/svs_core/se=2, 1741644778032
Max suppression time updated to: 216
Max suppression time updated to: 216
Received update: /ndn/am-site/am/svs_core/am=2, 1741644780198
Received update: /ndn/ua-site/ua/svs_core/ua=2, 1741644780198
Max suppression time updated to: 216
Received update: /ndn/it-site/it/svs_core/it=2, 1741644780252
Max suppression time updated to: 212
Received update: /ndn/ie-site/ie/svs_core/ie=2, 1741644780326
Max suppression time updated to: 212
Max suppression time updated to: 216
Received update: /ndn/lu-site/lu/svs_core/lu=2, 1741644781568
Received update: /ndn/ro-site/ro/svs_core/ro=2, 1741644781568
Max suppression time updated to: 216
Received update: /ndn/mk-site/mk/svs_core/mk=2, 1741644782068
Max suppression time updated to: 220
Received update: /ndn/az-site/az/svs_core/az=2, 1741644790663
Received update: /ndn/cz-site/cz/svs_core/cz=2, 1741644790663
Received update: /ndn/rs-site/rs/svs_core/rs=2, 1741644790663
Received update: /ndn/uk-site/uk/svs_core/uk=2, 1741644790663
Max suppression time updated to: 220
Received update: /ndn/sk-site/sk/svs_core/sk=2, 1741644790700
Max suppression time updated to: 220
Received update: /ndn/es-site/es/svs_core/es=2, 1741644790896
Max suppression time updated to: 224
Received update: /ndn/cy-site/cy/svs_core/cy=2, 1741644804706
Received update: /ndn/hr-site/hr/svs_core/hr=2, 1741644804706
Received update: /ndn/hu-site/hu/svs_core/hu=2, 1741644804706
Received update: /ndn/il-site/il/svs_core/il=2, 1741644804706
Max suppression time updated to: 224
Received update: /ndn/lv-site/lv/svs_core/lv=2, 1741644808105
Received update: /ndn/mt-site/mt/svs_core/mt=3, 1741644808105
Max suppression time updated to: 224
Received update: /ndn/de2-site/de2/svs_core/de2=2, 1741644808138
Max suppression time updated to: 224
Received update: /ndn/ch-site/ch/svs_core/ch=3, 1741644808702
Sending Sync interest
Max suppression time updated to: 224
Max suppression time updated to: 224
Max suppression time updated to: 224
Received update: /ndn/be-site/be/svs_core/be=3, 1741644811019
Received update: /ndn/de1-site/de1/svs_core/de1=2, 1741644811019
Published sequence number: /ndn/pt-site/pt/svs_core/pt=3, 1741644813873
Sending Sync interest
Max suppression time updated to: 224
Received update: /ndn/pl-site/pl/svs_core/pl=3, 1741644814045
Max suppression time updated to: 224
Received update: /ndn/fr2-site/fr2/svs_core/fr2=3, 1741644814111
Max suppression time updated to: 220
Sending Sync interest
Max suppression time updated to: 220
Max suppression time updated to: 220
Received update: /ndn/dk-site/dk/svs_core/dk=3, 1741644814323
Received update: /ndn/no-site/no/svs_core/no=2, 1741644814323
Max suppression time updated to: 220
Received update: /ndn/bg-site/bg/svs_core/bg=3, 1741644814363
Received update: /ndn/lt-site/lt/svs_core/lt=3, 1741644814363
Max suppression time updated to: 220
Received update: /ndn/al-site/al/svs_core/al=3, 1741644814483
Sending Sync interest
Max suppression time updated to: 220
Received update: /ndn/md-site/md/svs_core/md=2, 1741644814792
Max suppression time updated to: 220
Max suppression time updated to: 220
Max suppression time updated to: 220
Received update: /ndn/fi-site/fi/svs_core/fi=3, 1741644817917
Received update: /ndn/nl-site/nl/svs_core/nl=3, 1741644817917
Received update: /ndn/tr-site/tr/svs_core/tr=3, 1741644817917
Max suppression time updated to: 220
Received update: /ndn/me-site/me/svs_core/me=3, 1741644819124
Received update: /ndn/si-site/si/svs_core/si=3, 1741644819124
Max suppression time updated to: 220
Max suppression time updated to: 220
Received update: /ndn/ge-site/ge/svs_core/ge=3, 1741644819217
Max suppression time updated to: 220
Max suppression time updated to: 220
Received update: /ndn/is-site/is/svs_core/is=3, 1741644819636
Max suppression time updated to: 220
Received update: /ndn/ee-site/ee/svs_core/ee=3, 1741644820087
Max suppression time updated to: 220
Received update: /ndn/am-site/am/svs_core/am=3, 1741644823061
Received update: /ndn/at-site/at/svs_core/at=3, 1741644823061
Received update: /ndn/by-site/by/svs_core/by=3, 1741644823061
Received update: /ndn/fr1-site/fr1/svs_core/fr1=3, 1741644823061
Max suppression time updated to: 220
Received update: /ndn/gr-site/gr/svs_core/gr=3, 1741644823327
Max suppression time updated to: 220
Received update: /ndn/az-site/az/svs_core/az=3, 1741644824502
Received update: /ndn/ie-site/ie/svs_core/ie=3, 1741644824502
Received update: /ndn/se-site/se/svs_core/se=3, 1741644824502
Max suppression time updated to: 220
Received update: /ndn/it-site/it/svs_core/it=3, 1741644825203
Received update: /ndn/ua-site/ua/svs_core/ua=3, 1741644825203
Max suppression time updated to: 220
Received update: /ndn/ro-site/ro/svs_core/ro=3, 1741644826647
Max suppression time updated to: 220
Received update: /ndn/lu-site/lu/svs_core/lu=3, 1741644826713
Max suppression time updated to: 220
Max suppression time updated to: 220
Max suppression time updated to: 216
Received update: /ndn/mk-site/mk/svs_core/mk=3, 1741644827314
Received update: /ndn/uk-site/uk/svs_core/uk=3, 1741644827314
Max suppression time updated to: 216
Received update: /ndn/cz-site/cz/svs_core/cz=3, 1741644834882
Max suppression time updated to: 220
Received update: /ndn/es-site/es/svs_core/es=3, 1741644835625
Received update: /ndn/rs-site/rs/svs_core/rs=3, 1741644835625
Max suppression time updated to: 216
Received update: /ndn/sk-site/sk/svs_core/sk=3, 1741644835663
Max suppression time updated to: 220
Received update: /ndn/hu-site/hu/svs_core/hu=3, 1741644841688
Received update: /ndn/il-site/il/svs_core/il=3, 1741644841688
Max suppression time updated to: 220
Received update: /ndn/cy-site/cy/svs_core/cy=3, 1741644849774
Received update: /ndn/hr-site/hr/svs_core/hr=3, 1741644849774
Received update: /ndn/lv-site/lv/svs_core/lv=3, 1741644849774
Max suppression time updated to: 220
Max suppression time updated to: 220
Received update: /ndn/de2-site/de2/svs_core/de2=3, 1741644850250
Max suppression time updated to: 220
Received update: /ndn/no-site/no/svs_core/no=3, 1741644851056
Received update: /ndn/de1-site/de1/svs_core/de1=3, 1741644851056
Max suppression time updated to: 220
Received update: /ndn/mt-site/mt/svs_core/mt=4, 1741644853136
Max suppression time updated to: 220
Received update: /ndn/bg-site/bg/svs_core/bg=4, 1741644854216
Max suppression time updated to: 220
Received update: /ndn/ch-site/ch/svs_core/ch=4, 1741644854337
Max suppression time updated to: 220
Received update: /ndn/md-site/md/svs_core/md=3, 1741644854549
Max suppression time updated to: 220
Max suppression time updated to: 220
Received update: /ndn/be-site/be/svs_core/be=4, 1741644856026
Max suppression time updated to: 220
Received update: /ndn/dk-site/dk/svs_core/dk=4, 1741644857218
Max suppression time updated to: 220
Max suppression time updated to: 216
Received update: /ndn/lt-site/lt/svs_core/lt=4, 1741644857953
Published sequence number: /ndn/pt-site/pt/svs_core/pt=4, 1741644858877
Sending Sync interest
Max suppression time updated to: 220
Received update: /ndn/pl-site/pl/svs_core/pl=4, 1741644859877
Received update: /ndn/tr-site/tr/svs_core/tr=4, 1741644859877
Received update: /ndn/fr2-site/fr2/svs_core/fr2=4, 1741644859877
Sending Sync interest
Max suppression time updated to: 216
Received update: /ndn/nl-site/nl/svs_core/nl=4, 1741644860225
Received update: /ndn/si-site/si/svs_core/si=4, 1741644860225
Sending Sync interest
Max suppression time updated to: 216
Received update: /ndn/is-site/is/svs_core/is=4, 1741644862337
Max suppression time updated to: 216
Max suppression time updated to: 216
Sending Sync interest
Max suppression time updated to: 216
Received update: /ndn/ge-site/ge/svs_core/ge=4, 1741644862598
Max suppression time updated to: 216
Sending Sync interest
Max suppression time updated to: 216
Max suppression time updated to: 220
Received update: /ndn/me-site/me/svs_core/me=4, 1741644864182
Max suppression time updated to: 216
Received update: /ndn/at-site/at/svs_core/at=4, 1741644866319
Received update: /ndn/by-site/by/svs_core/by=4, 1741644866319
Max suppression time updated to: 216
Received update: /ndn/al-site/al/svs_core/al=4, 1741644866540
Max suppression time updated to: 216
Received update: /ndn/fr1-site/fr1/svs_core/fr1=4, 1741644867017
Max suppression time updated to: 220
Received update: /ndn/ee-site/ee/svs_core/ee=4, 1741644867406
Max suppression time updated to: 220
Received update: /ndn/it-site/it/svs_core/it=4, 1741644869429
Max suppression time updated to: 220
Received update: /ndn/am-site/am/svs_core/am=4, 1741644869477
Max suppression time updated to: 220
Received update: /ndn/gr-site/gr/svs_core/gr=4, 1741644869637
Max suppression time updated to: 220
Received update: /ndn/ua-site/ua/svs_core/ua=4, 1741644870211
Max suppression time updated to: 220
Received update: /ndn/az-site/az/svs_core/az=4, 1741644870411
Max suppression time updated to: 220
Received update: /ndn/lu-site/lu/svs_core/lu=4, 1741644870819
Max suppression time updated to: 220
Received update: /ndn/fi-site/fi/svs_core/fi=4, 1741644872068
Received update: /ndn/ie-site/ie/svs_core/ie=4, 1741644872068
Received update: /ndn/mk-site/mk/svs_core/mk=4, 1741644872068
Received update: /ndn/ro-site/ro/svs_core/ro=4, 1741644872068
Received update: /ndn/se-site/se/svs_core/se=4, 1741644872068
Max suppression time updated to: 220
Received update: /ndn/uk-site/uk/svs_core/uk=4, 1741644872321
Max suppression time updated to: 220
Received update: /ndn/es-site/es/svs_core/es=4, 1741644878549
Sending Sync interest
Max suppression time updated to: 220
Received update: /ndn/cz-site/cz/svs_core/cz=4, 1741644879876
Max suppression time updated to: 220
Received update: /ndn/il-site/il/svs_core/il=4, 1741644884435
Received update: /ndn/sk-site/sk/svs_core/sk=4, 1741644884435
Max suppression time updated to: 220
Received update: /ndn/rs-site/rs/svs_core/rs=4, 1741644884496
Max suppression time updated to: 220
Max suppression time updated to: 220
Max suppression time updated to: 220
Max suppression time updated to: 220
Max suppression time updated to: 220
Received update: /ndn/cy-site/cy/svs_core/cy=4, 1741644888731
Received update: /ndn/lv-site/lv/svs_core/lv=4, 1741644888731
Max suppression time updated to: 220
Received update: /ndn/hu-site/hu/svs_core/hu=4, 1741644888860
Max suppression time updated to: 224
Received update: /ndn/no-site/no/svs_core/no=4, 1741644891239
Max suppression time updated to: 224
Received update: /ndn/ch-site/ch/svs_core/ch=5, 1741644898716
Received update: /ndn/hr-site/hr/svs_core/hr=4, 1741644898716
Max suppression time updated to: 220
Received update: /ndn/de2-site/de2/svs_core/de2=4, 1741644898751
Max suppression time updated to: 220
Max suppression time updated to: 220
Max suppression time updated to: 220
Max suppression time updated to: 220
Max suppression time updated to: 220
Max suppression time updated to: 220
Received update: /ndn/md-site/md/svs_core/md=4, 1741644899103
Received update: /ndn/mt-site/mt/svs_core/mt=5, 1741644899103
Max suppression time updated to: 220
Received update: /ndn/de1-site/de1/svs_core/de1=4, 1741644899130
Max suppression time updated to: 220
Received update: /ndn/bg-site/bg/svs_core/bg=5, 1741644899229
Max suppression time updated to: 224
Max suppression time updated to: 224
Max suppression time updated to: 220
Max suppression time updated to: 220
Received update: /ndn/be-site/be/svs_core/be=5, 1741644901031
Max suppression time updated to: 220
Received update: /ndn/dk-site/dk/svs_core/dk=5, 1741644902024
Published sequence number: /ndn/pt-site/pt/svs_core/pt=5, 1741644903880
Sending Sync interest
Max suppression time updated to: 224
Received update: /ndn/al-site/al/svs_core/al=5, 1741644904520
Max suppression time updated to: 224
Received update: /ndn/pl-site/pl/svs_core/pl=5, 1741644904587
Max suppression time updated to: 224
Max suppression time updated to: 224
Received update: /ndn/lt-site/lt/svs_core/lt=5, 1741644904775
Received update: /ndn/fr2-site/fr2/svs_core/fr2=5, 1741644904775
Max suppression time updated to: 224
Received update: /ndn/tr-site/tr/svs_core/tr=5, 1741644904867
Max suppression time updated to: 224
Received update: /ndn/nl-site/nl/svs_core/nl=5, 1741644905292
Max suppression time updated to: 224
Received update: /ndn/ge-site/ge/svs_core/ge=5, 1741644906389
Received update: /ndn/si-site/si/svs_core/si=5, 1741644906389
Max suppression time updated to: 224
Received update: /ndn/is-site/is/svs_core/is=5, 1741644907339
Max suppression time updated to: 224
Received update: /ndn/me-site/me/svs_core/me=5, 1741644909095
Max suppression time updated to: 224
Received update: /ndn/ee-site/ee/svs_core/ee=5, 1741644909874
Max suppression time updated to: 224
Received update: /ndn/by-site/by/svs_core/by=5, 1741644910467
Max suppression time updated to: 224
Max suppression time updated to: 224
Max suppression time updated to: 224
Received update: /ndn/at-site/at/svs_core/at=5, 1741644911322
Max suppression time updated to: 220
Received update: /ndn/fr1-site/fr1/svs_core/fr1=5, 1741644912023
Max suppression time updated to: 220
Max suppression time updated to: 220
Max suppression time updated to: 224
Received update: /ndn/gr-site/gr/svs_core/gr=5, 1741644912401
Max suppression time updated to: 224
Max suppression time updated to: 220
Max suppression time updated to: 220
Received update: /ndn/am-site/am/svs_core/am=5, 1741644913065
Max suppression time updated to: 220
Received update: /ndn/fi-site/fi/svs_core/fi=5, 1741644913300
Received update: /ndn/se-site/se/svs_core/se=5, 1741644913300
Max suppression time updated to: 220
Received update: /ndn/it-site/it/svs_core/it=5, 1741644915467
Received update: /ndn/ua-site/ua/svs_core/ua=5, 1741644915467
Max suppression time updated to: 220
Received update: /ndn/az-site/az/svs_core/az=5, 1741644915620
Max suppression time updated to: 220
Received update: /ndn/mk-site/mk/svs_core/mk=5, 1741644917073
Max suppression time updated to: 220
Received update: /ndn/cz-site/cz/svs_core/cz=5, 1741644924877
Received update: /ndn/lu-site/lu/svs_core/lu=5, 1741644924877
Received update: /ndn/ro-site/ro/svs_core/ro=5, 1741644924877
Received update: /ndn/uk-site/uk/svs_core/uk=5, 1741644924877
Max suppression time updated to: 224
Received update: /ndn/il-site/il/svs_core/il=5, 1741644929289
Received update: /ndn/sk-site/sk/svs_core/sk=5, 1741644929289
Max suppression time updated to: 224
Received update: /ndn/ie-site/ie/svs_core/ie=5, 1741644929525
Max suppression time updated to: 224
Received update: /ndn/es-site/es/svs_core/es=5, 1741644929548
Max suppression time updated to: 224
Received update: /ndn/lv-site/lv/svs_core/lv=5, 1741644929611
Max suppression time updated to: 224
Received update: /ndn/cy-site/cy/svs_core/cy=5, 1741644933583
Max suppression time updated to: 224
Received update: /ndn/hu-site/hu/svs_core/hu=5, 1741644933693
Max suppression time updated to: 224
Max suppression time updated to: 224
Max suppression time updated to: 220
Max suppression time updated to: 220
Received update: /ndn/rs-site/rs/svs_core/rs=5, 1741644934024
Max suppression time updated to: 220
Received update: /ndn/hr-site/hr/svs_core/hr=5, 1741644940925
Received update: /ndn/md-site/md/svs_core/md=5, 1741644940925
Received update: /ndn/de1-site/de1/svs_core/de1=5, 1741644940925
Received update: /ndn/de2-site/de2/svs_core/de2=5, 1741644940925
Max suppression time updated to: 224
Received update: /ndn/no-site/no/svs_core/no=5, 1741644941202
Max suppression time updated to: 224
Max suppression time updated to: 224
Received update: /ndn/ch-site/ch/svs_core/ch=6, 1741644943723
Published sequence number: /ndn/pt-site/pt/svs_core/pt=6, 1741644948881
Sending Sync interest
Max suppression time updated to: 224
Received update: /ndn/be-site/be/svs_core/be=6, 1741644949302
Received update: /ndn/bg-site/bg/svs_core/bg=6, 1741644949302
Received update: /ndn/dk-site/dk/svs_core/dk=6, 1741644949302
Received update: /ndn/mt-site/mt/svs_core/mt=6, 1741644949302
Received update: /ndn/fr2-site/fr2/svs_core/fr2=6, 1741644949302
Sending Sync interest
Max suppression time updated to: 224
Received update: /ndn/pl-site/pl/svs_core/pl=6, 1741644949590
Sending Sync interest
Max suppression time updated to: 224
Received update: /ndn/tr-site/tr/svs_core/tr=6, 1741644949861
Sending Sync interest
Max suppression time updated to: 228
Received update: /ndn/nl-site/nl/svs_core/nl=6, 1741644950374
Max suppression time updated to: 228
Received update: /ndn/si-site/si/svs_core/si=6, 1741644950474
Max suppression time updated to: 224
Sending Sync interest
Max suppression time updated to: 224
Received update: /ndn/lt-site/lt/svs_core/lt=6, 1741644950789
Sending Sync interest
Max suppression time updated to: 224
Received update: /ndn/al-site/al/svs_core/al=6, 1741644950944
Max suppression time updated to: 224
Sending Sync interest
Max suppression time updated to: 224
Received update: /ndn/is-site/is/svs_core/is=6, 1741644952348
Max suppression time updated to: 224
Max suppression time updated to: 224
Sending Sync interest
Max suppression time updated to: 228
Received update: /ndn/ge-site/ge/svs_core/ge=6, 1741644952647
Sending Sync interest
Max suppression time updated to: 228
Received update: /ndn/fi-site/fi/svs_core/fi=6, 1741644952881
Sending Sync interest
Max suppression time updated to: 228
Max suppression time updated to: 228
Max suppression time updated to: 224
Received update: /ndn/at-site/at/svs_core/at=6, 1741644957188
Received update: /ndn/me-site/me/svs_core/me=6, 1741644957188
Received update: /ndn/fr1-site/fr1/svs_core/fr1=6, 1741644957188
Max suppression time updated to: 228
Received update: /ndn/gr-site/gr/svs_core/gr=6, 1741644957231
Max suppression time updated to: 228
Received update: /ndn/ee-site/ee/svs_core/ee=6, 1741644957362
Max suppression time updated to: 228
Received update: /ndn/az-site/az/svs_core/az=6, 1741644959065
Max suppression time updated to: 228
Received update: /ndn/am-site/am/svs_core/am=6, 1741644962080
Received update: /ndn/by-site/by/svs_core/by=6, 1741644962080
Received update: /ndn/ie-site/ie/svs_core/ie=6, 1741644962080
Received update: /ndn/it-site/it/svs_core/it=6, 1741644962080
Received update: /ndn/lu-site/lu/svs_core/lu=6, 1741644962080
Received update: /ndn/mk-site/mk/svs_core/mk=6, 1741644962080
Received update: /ndn/ro-site/ro/svs_core/ro=6, 1741644962080
Received update: /ndn/se-site/se/svs_core/se=6, 1741644962080
Received update: /ndn/ua-site/ua/svs_core/ua=6, 1741644962080
Max suppression time updated to: 228
Received update: /ndn/uk-site/uk/svs_core/uk=6, 1741644962329
Max suppression time updated to: 228
Received update: /ndn/cz-site/cz/svs_core/cz=6, 1741644970090
Max suppression time updated to: 228
Received update: /ndn/es-site/es/svs_core/es=6, 1741644970115
Max suppression time updated to: 228
Received update: /ndn/rs-site/rs/svs_core/rs=6, 1741644970638
Max suppression time updated to: 228
Received update: /ndn/lv-site/lv/svs_core/lv=6, 1741644974718
Max suppression time updated to: 228
Max suppression time updated to: 228
Received update: /ndn/cy-site/cy/svs_core/cy=6, 1741644978590
Received update: /ndn/hu-site/hu/svs_core/hu=6, 1741644978590
Received update: /ndn/il-site/il/svs_core/il=6, 1741644978590
Received update: /ndn/sk-site/sk/svs_core/sk=6, 1741644978590
Max suppression time updated to: 228
Received update: /ndn/ch-site/ch/svs_core/ch=7, 1741644989054
Received update: /ndn/hr-site/hr/svs_core/hr=6, 1741644989054
Received update: /ndn/de1-site/de1/svs_core/de1=6, 1741644989054
Received update: /ndn/de2-site/de2/svs_core/de2=6, 1741644989054
Max suppression time updated to: 228
Received update: /ndn/bg-site/bg/svs_core/bg=7, 1741644989230
Max suppression time updated to: 228
Received update: /ndn/no-site/no/svs_core/no=6, 1741644989632
Max suppression time updated to: 228
Received update: /ndn/mt-site/mt/svs_core/mt=7, 1741644989873
Max suppression time updated to: 228
Received update: /ndn/dk-site/dk/svs_core/dk=7, 1741644992029
Max suppression time updated to: 228
Max suppression time updated to: 228
Received update: /ndn/be-site/be/svs_core/be=7, 1741644992279
Max suppression time updated to: 228
Max suppression time updated to: 228
Published sequence number: /ndn/pt-site/pt/svs_core/pt=7, 1741644993888
Sending Sync interest
Max suppression time updated to: 232
Received update: /ndn/lt-site/lt/svs_core/lt=7, 1741644994366
Received update: /ndn/fr2-site/fr2/svs_core/fr2=7, 1741644994366
Max suppression time updated to: 232
Received update: /ndn/pl-site/pl/svs_core/pl=7, 1741644994389
Max suppression time updated to: 232
Max suppression time updated to: 232
Max suppression time updated to: 232
Received update: /ndn/tr-site/tr/svs_core/tr=7, 1741644994889
Max suppression time updated to: 232
Received update: /ndn/is-site/is/svs_core/is=7, 1741644997356
Received update: /ndn/md-site/md/svs_core/md=6, 1741644997356
Received update: /ndn/nl-site/nl/svs_core/nl=7, 1741644997356
Received update: /ndn/si-site/si/svs_core/si=7, 1741644997356
Max suppression time updated to: 232
Received update: /ndn/ge-site/ge/svs_core/ge=7, 1741644997611
Max suppression time updated to: 232
Received update: /ndn/al-site/al/svs_core/al=7, 1741644997656
Max suppression time updated to: 232
Received update: /ndn/at-site/at/svs_core/at=7, 1741645001633
Received update: /ndn/fi-site/fi/svs_core/fi=7, 1741645001633
Max suppression time updated to: 232
Received update: /ndn/ee-site/ee/svs_core/ee=7, 1741645002034
Received update: /ndn/fr1-site/fr1/svs_core/fr1=7, 1741645002034
Max suppression time updated to: 232
Received update: /ndn/me-site/me/svs_core/me=7, 1741645002517
Max suppression time updated to: 232
Received update: /ndn/by-site/by/svs_core/by=7, 1741645002746
Received update: /ndn/gr-site/gr/svs_core/gr=7, 1741645002746
Max suppression time updated to: 232
Received update: /ndn/it-site/it/svs_core/it=7, 1741645004451
Received update: /ndn/se-site/se/svs_core/se=7, 1741645004451
Max suppression time updated to: 232
Received update: /ndn/ie-site/ie/svs_core/ie=7, 1741645004510
Max suppression time updated to: 232
Received update: /ndn/am-site/am/svs_core/am=7, 1741645005980
Received update: /ndn/lu-site/lu/svs_core/lu=7, 1741645005980
Received update: /ndn/ua-site/ua/svs_core/ua=7, 1741645005980
Max suppression time updated to: 236
Max suppression time updated to: 232
Max suppression time updated to: 236
Max suppression time updated to: 236
Received update: /ndn/az-site/az/svs_core/az=7, 1741645006632
Received update: /ndn/ro-site/ro/svs_core/ro=7, 1741645006632
Max suppression time updated to: 236
Received update: /ndn/uk-site/uk/svs_core/uk=7, 1741645007336
Max suppression time updated to: 236
Received update: /ndn/es-site/es/svs_core/es=7, 1741645013634
Received update: /ndn/mk-site/mk/svs_core/mk=7, 1741645013634
Max suppression time updated to: 236
Received update: /ndn/cz-site/cz/svs_core/cz=7, 1741645014884
Max suppression time updated to: 236
Max suppression time updated to: 232
Received update: /ndn/rs-site/rs/svs_core/rs=7, 1741645015642
Max suppression time updated to: 232
Received update: /ndn/hr-site/hr/svs_core/hr=7, 1741645029741
Received update: /ndn/hu-site/hu/svs_core/hu=7, 1741645029741
Received update: /ndn/il-site/il/svs_core/il=7, 1741645029741
Received update: /ndn/sk-site/sk/svs_core/sk=7, 1741645029741
Max suppression time updated to: 232
Received update: /ndn/lv-site/lv/svs_core/lv=7, 1741645029848
Max suppression time updated to: 232
Received update: /ndn/cy-site/cy/svs_core/cy=7, 1741645030278
Received update: /ndn/de2-site/de2/svs_core/de2=7, 1741645030278
Max suppression time updated to: 236
Received update: /ndn/bg-site/bg/svs_core/bg=8, 1741645034496
Received update: /ndn/ch-site/ch/svs_core/ch=8, 1741645034496
Received update: /ndn/md-site/md/svs_core/md=7, 1741645034496
Received update: /ndn/de1-site/de1/svs_core/de1=7, 1741645034496
Max suppression time updated to: 236
Received update: /ndn/be-site/be/svs_core/be=8, 1741645036394
Received update: /ndn/mt-site/mt/svs_core/mt=8, 1741645036394
Published sequence number: /ndn/pt-site/pt/svs_core/pt=8, 1741645038891
Sending Sync interest
Max suppression time updated to: 236
Received update: /ndn/lt-site/lt/svs_core/lt=8, 1741645039057
Received update: /ndn/no-site/no/svs_core/no=7, 1741645039057
Received update: /ndn/pl-site/pl/svs_core/pl=8, 1741645039057
Max suppression time updated to: 236
Received update: /ndn/dk-site/dk/svs_core/dk=8, 1741645039330
Sending Sync interest
Max suppression time updated to: 236
Received update: /ndn/al-site/al/svs_core/al=8, 1741645039530
Sending Sync interest
Max suppression time updated to: 236
Max suppression time updated to: 236
Received update: /ndn/fr2-site/fr2/svs_core/fr2=8, 1741645039793
Max suppression time updated to: 236
Sending Sync interest
Max suppression time updated to: 236
Received update: /ndn/tr-site/tr/svs_core/tr=8, 1741645039921
Max suppression time updated to: 236
Received update: /ndn/si-site/si/svs_core/si=8, 1741645039990
Max suppression time updated to: 236
Sending Sync interest
Max suppression time updated to: 236
Received update: /ndn/me-site/me/svs_core/me=8, 1741645044063
Max suppression time updated to: 236
Received update: /ndn/ge-site/ge/svs_core/ge=8, 1741645044256
Received update: /ndn/is-site/is/svs_core/is=8, 1741645044256
Received update: /ndn/nl-site/nl/svs_core/nl=8, 1741645044256
Max suppression time updated to: 236
Max suppression time updated to: 236
Received update: /ndn/at-site/at/svs_core/at=8, 1741645047047
Received update: /ndn/ee-site/ee/svs_core/ee=8, 1741645047047
Received update: /ndn/fr1-site/fr1/svs_core/fr1=8, 1741645047047
Max suppression time updated to: 236
Received update: /ndn/gr-site/gr/svs_core/gr=8, 1741645047236
Max suppression time updated to: 236
Received update: /ndn/fi-site/fi/svs_core/fi=8, 1741645048176
Received update: /ndn/se-site/se/svs_core/se=8, 1741645048176
Max suppression time updated to: 236
Received update: /ndn/it-site/it/svs_core/it=8, 1741645049491
Max suppression time updated to: 236
Received update: /ndn/az-site/az/svs_core/az=8, 1741645049625
Max suppression time updated to: 236
Max suppression time updated to: 236
Received update: /ndn/am-site/am/svs_core/am=8, 1741645049915
Max suppression time updated to: 236
Received update: /ndn/mk-site/mk/svs_core/mk=8, 1741645052056
Received update: /ndn/ua-site/ua/svs_core/ua=8, 1741645052056
Max suppression time updated to: 236
Received update: /ndn/ro-site/ro/svs_core/ro=8, 1741645052226
Max suppression time updated to: 236
Received update: /ndn/ie-site/ie/svs_core/ie=8, 1741645052250
Max suppression time updated to: 236
Received update: /ndn/lu-site/lu/svs_core/lu=8, 1741645052336
Received update: /ndn/uk-site/uk/svs_core/uk=8, 1741645052336
Max suppression time updated to: 236
Max suppression time updated to: 236
Max suppression time updated to: 236
Received update: /ndn/cz-site/cz/svs_core/cz=8, 1741645060043
Max suppression time updated to: 236
Max suppression time updated to: 240
Max suppression time updated to: 240
Received update: /ndn/es-site/es/svs_core/es=8, 1741645060285
Max suppression time updated to: 240
Received update: /ndn/by-site/by/svs_core/by=8, 1741645060625
Max suppression time updated to: 240
Received update: /ndn/hu-site/hu/svs_core/hu=8, 1741645066713
Received update: /ndn/sk-site/sk/svs_core/sk=8, 1741645066713
Max suppression time updated to: 240
Received update: /ndn/il-site/il/svs_core/il=8, 1741645066915
Max suppression time updated to: 236
Received update: /ndn/cy-site/cy/svs_core/cy=8, 1741645068594
Received update: /ndn/lv-site/lv/svs_core/lv=8, 1741645068594
Max suppression time updated to: 236
Received update: /ndn/de2-site/de2/svs_core/de2=8, 1741645075281
Max suppression time updated to: 236
Received update: /ndn/hr-site/hr/svs_core/hr=8, 1741645075444
Max suppression time updated to: 236
Received update: /ndn/no-site/no/svs_core/no=8, 1741645075666
Max suppression time updated to: 236
Received update: /ndn/de1-site/de1/svs_core/de1=8, 1741645075850
Max suppression time updated to: 236
Max suppression time updated to: 236
Received update: /ndn/rs-site/rs/svs_core/rs=8, 1741645075950
Max suppression time updated to: 236
Received update: /ndn/ch-site/ch/svs_core/ch=9, 1741645078786
Max suppression time updated to: 236
Received update: /ndn/bg-site/bg/svs_core/bg=9, 1741645079278
Max suppression time updated to: 236
Received update: /ndn/md-site/md/svs_core/md=8, 1741645079516
Max suppression time updated to: 236
Received update: /ndn/be-site/be/svs_core/be=9, 1741645083126
Received update: /ndn/dk-site/dk/svs_core/dk=9, 1741645083126
Received update: /ndn/lt-site/lt/svs_core/lt=9, 1741645083126
Received update: /ndn/mt-site/mt/svs_core/mt=9, 1741645083126
Published sequence number: /ndn/pt-site/pt/svs_core/pt=9, 1741645083894
Sending Sync interest
Max suppression time updated to: 236
Received update: /ndn/si-site/si/svs_core/si=9, 1741645085121
Received update: /ndn/fr2-site/fr2/svs_core/fr2=9, 1741645085121
Max suppression time updated to: 240
Max suppression time updated to: 236
Max suppression time updated to: 236
Received update: /ndn/nl-site/nl/svs_core/nl=9, 1741645085239
Max suppression time updated to: 236
Received update: /ndn/pl-site/pl/svs_core/pl=9, 1741645085312
Max suppression time updated to: 240
Received update: /ndn/al-site/al/svs_core/al=9, 1741645085580
Max suppression time updated to: 240
Received update: /ndn/tr-site/tr/svs_core/tr=9, 1741645085611
Max suppression time updated to: 240
Max suppression time updated to: 240
Received update: /ndn/ge-site/ge/svs_core/ge=9, 1741645089120
Received update: /ndn/is-site/is/svs_core/is=9, 1741645089120
Received update: /ndn/me-site/me/svs_core/me=9, 1741645089120
Max suppression time updated to: 240
Received update: /ndn/by-site/by/svs_core/by=9, 1741645090502
Max suppression time updated to: 240
Max suppression time updated to: 240
Max suppression time updated to: 240
Max suppression time updated to: 240
Received update: /ndn/fi-site/fi/svs_core/fi=9, 1741645090740
Max suppression time updated to: 240
Received update: /ndn/am-site/am/svs_core/am=9, 1741645093174
Received update: /ndn/at-site/at/svs_core/at=9, 1741645093174
Received update: /ndn/ee-site/ee/svs_core/ee=9, 1741645093174
Max suppression time updated to: 240
Max suppression time updated to: 240
Received update: /ndn/gr-site/gr/svs_core/gr=9, 1741645093330
Max suppression time updated to: 240
Max suppression time updated to: 240
Received update: /ndn/se-site/se/svs_core/se=9, 1741645093487
Received update: /ndn/fr1-site/fr1/svs_core/fr1=9, 1741645093487
Max suppression time updated to: 240
Max suppression time updated to: 240
Received update: /ndn/az-site/az/svs_core/az=9, 1741645093989
Max suppression time updated to: 240
Received update: /ndn/ie-site/ie/svs_core/ie=9, 1741645095429
Received update: /ndn/it-site/it/svs_core/it=9, 1741645095429
Received update: /ndn/ua-site/ua/svs_core/ua=9, 1741645095429
Max suppression time updated to: 240
Received update: /ndn/lu-site/lu/svs_core/lu=9, 1741645095891
Max suppression time updated to: 240
Received update: /ndn/mk-site/mk/svs_core/mk=9, 1741645097976
Received update: /ndn/ro-site/ro/svs_core/ro=9, 1741645097976
Received update: /ndn/uk-site/uk/svs_core/uk=9, 1741645097976
Max suppression time updated to: 240
Received update: /ndn/es-site/es/svs_core/es=9, 1741645105700
Received update: /ndn/rs-site/rs/svs_core/rs=9, 1741645105700
Received update: /ndn/sk-site/sk/svs_core/sk=9, 1741645105700
Max suppression time updated to: 240
Received update: /ndn/il-site/il/svs_core/il=9, 1741645109321
Max suppression time updated to: 240
Sending Sync interest
Max suppression time updated to: 240
Received update: /ndn/cz-site/cz/svs_core/cz=9, 1741645109591
Max suppression time updated to: 240
Received update: /ndn/cy-site/cy/svs_core/cy=9, 1741645113604
Received update: /ndn/hu-site/hu/svs_core/hu=9, 1741645113604
Max suppression time updated to: 240
Received update: /ndn/md-site/md/svs_core/md=9, 1741645119967
Max suppression time updated to: 236
Max suppression time updated to: 236
Received update: /ndn/hr-site/hr/svs_core/hr=9, 1741645120178
Max suppression time updated to: 236
Max suppression time updated to: 236
Received update: /ndn/de2-site/de2/svs_core/de2=9, 1741645120273
Max suppression time updated to: 236
Received update: /ndn/de1-site/de1/svs_core/de1=9, 1741645121015
Max suppression time updated to: 236
Max suppression time updated to: 236
Received update: /ndn/bg-site/bg/svs_core/bg=10, 1741645124235
Received update: /ndn/ch-site/ch/svs_core/ch=10, 1741645124235
Received update: /ndn/lv-site/lv/svs_core/lv=9, 1741645124235
Max suppression time updated to: 236
Received update: /ndn/be-site/be/svs_core/be=10, 1741645127241
Received update: /ndn/dk-site/dk/svs_core/dk=10, 1741645127241
Max suppression time updated to: 236
Received update: /ndn/mt-site/mt/svs_core/mt=10, 1741645127613
Published sequence number: /ndn/pt-site/pt/svs_core/pt=10, 1741645128899
Sending Sync interest
Max suppression time updated to: 236
Received update: /ndn/lt-site/lt/svs_core/lt=10, 1741645129124
Received update: /ndn/fr2-site/fr2/svs_core/fr2=10, 1741645129124
Max suppression time updated to: 236
Max suppression time updated to: 236
Max suppression time updated to: 236
Received update: /ndn/pl-site/pl/svs_core/pl=10, 1741645129310
Max suppression time updated to: 236
Received update: /ndn/no-site/no/svs_core/no=9, 1741645129376
Max suppression time updated to: 236
Max suppression time updated to: 236
Received update: /ndn/si-site/si/svs_core/si=10, 1741645130019
Received update: /ndn/tr-site/tr/svs_core/tr=10, 1741645130019
Max suppression time updated to: 232
Received update: /ndn/ge-site/ge/svs_core/ge=10, 1741645131161
Received update: /ndn/nl-site/nl/svs_core/nl=10, 1741645131161
Max suppression time updated to: 232
Max suppression time updated to: 232
Received update: /ndn/at-site/at/svs_core/at=10, 1741645136342
Received update: /ndn/by-site/by/svs_core/by=10, 1741645136342
Received update: /ndn/is-site/is/svs_core/is=10, 1741645136342
Received update: /ndn/me-site/me/svs_core/me=10, 1741645136342
Max suppression time updated to: 232
Received update: /ndn/al-site/al/svs_core/al=10, 1741645136997
Received update: /ndn/ee-site/ee/svs_core/ee=10, 1741645136997
Max suppression time updated to: 236
Received update: /ndn/am-site/am/svs_core/am=10, 1741645138066
Max suppression time updated to: 232
Max suppression time updated to: 236
Received update: /ndn/gr-site/gr/svs_core/gr=10, 1741645138354
Max suppression time updated to: 236
Max suppression time updated to: 236
Received update: /ndn/fr1-site/fr1/svs_core/fr1=10, 1741645138456
Max suppression time updated to: 236
Received update: /ndn/az-site/az/svs_core/az=10, 1741645140365
Received update: /ndn/ie-site/ie/svs_core/ie=10, 1741645140365
Received update: /ndn/it-site/it/svs_core/it=10, 1741645140365
Received update: /ndn/ua-site/ua/svs_core/ua=10, 1741645140365
Max suppression time updated to: 236
Received update: /ndn/fi-site/fi/svs_core/fi=10, 1741645140793
Received update: /ndn/se-site/se/svs_core/se=10, 1741645140793
Max suppression time updated to: 236
Received update: /ndn/lu-site/lu/svs_core/lu=10, 1741645142150
Received update: /ndn/mk-site/mk/svs_core/mk=10, 1741645142150
Max suppression time updated to: 236
Received update: /ndn/ro-site/ro/svs_core/ro=10, 1741645142790
Received update: /ndn/uk-site/uk/svs_core/uk=10, 1741645142790
Max suppression time updated to: 236
Max suppression time updated to: 236
Max suppression time updated to: 236
Max suppression time updated to: 236
Received update: /ndn/cz-site/cz/svs_core/cz=10, 1741645150088
Received update: /ndn/es-site/es/svs_core/es=10, 1741645150088
Max suppression time updated to: 236
Max suppression time updated to: 236
Max suppression time updated to: 236
Received update: /ndn/rs-site/rs/svs_core/rs=10, 1741645150651
Max suppression time updated to: 236
Received update: /ndn/lv-site/lv/svs_core/lv=10, 1741645154648
Max suppression time updated to: 236
Received update: /ndn/il-site/il/svs_core/il=10, 1741645154682
Received update: /ndn/sk-site/sk/svs_core/sk=10, 1741645154682
Max suppression time updated to: 236
Max suppression time updated to: 236
Max suppression time updated to: 236
Max suppression time updated to: 236
Max suppression time updated to: 236
Max suppression time updated to: 236
Received update: /ndn/md-site/md/svs_core/md=10, 1741645165010
Max suppression time updated to: 236
Received update: /ndn/hu-site/hu/svs_core/hu=10, 1741645165066
Max suppression time updated to: 236
Received update: /ndn/cy-site/cy/svs_core/cy=10, 1741645168410
Received update: /ndn/hr-site/hr/svs_core/hr=10, 1741645168410
Received update: /ndn/mt-site/mt/svs_core/mt=11, 1741645168410
Received update: /ndn/de2-site/de2/svs_core/de2=10, 1741645168410
Max suppression time updated to: 236
Received update: /ndn/no-site/no/svs_core/no=10, 1741645168485
Received update: /ndn/de1-site/de1/svs_core/de1=10, 1741645168485
Max suppression time updated to: 236
Max suppression time updated to: 236
Received update: /ndn/ch-site/ch/svs_core/ch=11, 1741645168755
Max suppression time updated to: 236
Received update: /ndn/bg-site/bg/svs_core/bg=11, 1741645169270
Max suppression time updated to: 236
Max suppression time updated to: 236
Max suppression time updated to: 236
Max suppression time updated to: 236
Received update: /ndn/be-site/be/svs_core/be=11, 1741645171093
Max suppression time updated to: 236
Received update: /ndn/dk-site/dk/svs_core/dk=11, 1741645172060
Max suppression time updated to: 236
Max suppression time updated to: 236
Published sequence number: /ndn/pt-site/pt/svs_core/pt=11, 1741645173905
Sending Sync interest
Max suppression time updated to: 236
Received update: /ndn/pl-site/pl/svs_core/pl=11, 1741645174096
Max suppression time updated to: 236
Received update: /ndn/si-site/si/svs_core/si=11, 1741645175175
Received update: /ndn/fr2-site/fr2/svs_core/fr2=11, 1741645175175
Max suppression time updated to: 236
Received update: /ndn/al-site/al/svs_core/al=11, 1741645175202
Max suppression time updated to: 236
Received update: /ndn/lt-site/lt/svs_core/lt=11, 1741645175263
Received update: /ndn/nl-site/nl/svs_core/nl=11, 1741645175263
Received update: /ndn/tr-site/tr/svs_core/tr=11, 1741645175263
Max suppression time updated to: 236
Received update: /ndn/ge-site/ge/svs_core/ge=11, 1741645177470
Received update: /ndn/is-site/is/svs_core/is=11, 1741645177470
Max suppression time updated to: 240
Received update: /ndn/me-site/me/svs_core/me=11, 1741645179086
Max suppression time updated to: 240
Max suppression time updated to: 236
Max suppression time updated to: 236
Max suppression time updated to: 240
Max suppression time updated to: 240
Received update: /ndn/at-site/at/svs_core/at=11, 1741645182851
Received update: /ndn/gr-site/gr/svs_core/gr=11, 1741645182851
Received update: /ndn/se-site/se/svs_core/se=11, 1741645182851
Received update: /ndn/fr1-site/fr1/svs_core/fr1=11, 1741645182851
Max suppression time updated to: 240
Received update: /ndn/am-site/am/svs_core/am=11, 1741645183097
Max suppression time updated to: 240
Max suppression time updated to: 240
Received update: /ndn/ee-site/ee/svs_core/ee=11, 1741645183432
Received update: /ndn/fi-site/fi/svs_core/fi=11, 1741645183432
Max suppression time updated to: 240
Max suppression time updated to: 240
Received update: /ndn/it-site/it/svs_core/it=11, 1741645184467
Max suppression time updated to: 240
Received update: /ndn/by-site/by/svs_core/by=11, 1741645184526
Received update: /ndn/ie-site/ie/svs_core/ie=11, 1741645184526
Max suppression time updated to: 240
Max suppression time updated to: 240
Max suppression time updated to: 240
Max suppression time updated to: 240
Received update: /ndn/az-site/az/svs_core/az=11, 1741645184998
Max suppression time updated to: 240
Received update: /ndn/ua-site/ua/svs_core/ua=11, 1741645185339
Max suppression time updated to: 240
Received update: /ndn/lu-site/lu/svs_core/lu=11, 1741645185855
Max suppression time updated to: 240
Received update: /ndn/mk-site/mk/svs_core/mk=11, 1741645187065
Max suppression time updated to: 240
Max suppression time updated to: 240
Max suppression time updated to: 240
Received update: /ndn/uk-site/uk/svs_core/uk=11, 1741645187341
Max suppression time updated to: 240
Received update: /ndn/es-site/es/svs_core/es=11, 1741645193737
Received update: /ndn/ro-site/ro/svs_core/ro=11, 1741645193737
Max suppression time updated to: 240
Max suppression time updated to: 240
Received update: /ndn/cz-site/cz/svs_core/cz=11, 1741645201719
Received update: /ndn/hu-site/hu/svs_core/hu=11, 1741645201719
Received update: /ndn/sk-site/sk/svs_core/sk=11, 1741645201719
Max suppression time updated to: 240
Received update: /ndn/rs-site/rs/svs_core/rs=11, 1741645201833
Max suppression time updated to: 240
Received update: /ndn/cy-site/cy/svs_core/cy=11, 1741645203614
Received update: /ndn/il-site/il/svs_core/il=11, 1741645203614
Received update: /ndn/lv-site/lv/svs_core/lv=11, 1741645203614
Max suppression time updated to: 236
Received update: /ndn/md-site/md/svs_core/md=11, 1741645210146
Max suppression time updated to: 236
Max suppression time updated to: 240
Max suppression time updated to: 240
Received update: /ndn/hr-site/hr/svs_core/hr=11, 1741645210208
Max suppression time updated to: 240
Received update: /ndn/no-site/no/svs_core/no=11, 1741645210700
Received update: /ndn/de2-site/de2/svs_core/de2=11, 1741645210700
Max suppression time updated to: 240
Received update: /ndn/ch-site/ch/svs_core/ch=12, 1741645214016
Received update: /ndn/mt-site/mt/svs_core/mt=12, 1741645214016
Max suppression time updated to: 240
Max suppression time updated to: 240
Received update: /ndn/de1-site/de1/svs_core/de1=11, 1741645214017
Max suppression time updated to: 236
Received update: /ndn/bg-site/bg/svs_core/bg=12, 1741645214259
Max suppression time updated to: 240
Sending Sync interest
Max suppression time updated to: 240
Max suppression time updated to: 240
Max suppression time updated to: 240
Max suppression time updated to: 240
Received update: /ndn/dk-site/dk/svs_core/dk=12, 1741645217072
Max suppression time updated to: 240
Received update: /ndn/be-site/be/svs_core/be=12, 1741645217291
Published sequence number: /ndn/pt-site/pt/svs_core/pt=12, 1741645218911
Sending Sync interest
Max suppression time updated to: 240
Received update: /ndn/lt-site/lt/svs_core/lt=12, 1741645219883
Received update: /ndn/pl-site/pl/svs_core/pl=12, 1741645219883
Received update: /ndn/tr-site/tr/svs_core/tr=12, 1741645219883
Max suppression time updated to: 240
Received update: /ndn/si-site/si/svs_core/si=12, 1741645220018
Max suppression time updated to: 240
Max suppression time updated to: 240
Received update: /ndn/fr2-site/fr2/svs_core/fr2=12, 1741645220260
Max suppression time updated to: 240
Received update: /ndn/nl-site/nl/svs_core/nl=12, 1741645220280
Max suppression time updated to: 240
Max suppression time updated to: 240
Max suppression time updated to: 240
Max suppression time updated to: 240
Received update: /ndn/ge-site/ge/svs_core/ge=12, 1741645221169
Max suppression time updated to: 240
Received update: /ndn/al-site/al/svs_core/al=12, 1741645222379
Received update: /ndn/is-site/is/svs_core/is=12, 1741645222379
Max suppression time updated to: 240
Max suppression time updated to: 240
Received update: /ndn/ee-site/ee/svs_core/ee=12, 1741645225147
Received update: /ndn/me-site/me/svs_core/me=12, 1741645225147
Max suppression time updated to: 240
Received update: /ndn/at-site/at/svs_core/at=12, 1741645226345
Max suppression time updated to: 240
Received update: /ndn/it-site/it/svs_core/it=12, 1741645229463
Max suppression time updated to: 240
Received update: /ndn/by-site/by/svs_core/by=12, 1741645229747
Max suppression time updated to: 240
Received update: /ndn/gr-site/gr/svs_core/gr=12, 1741645230148
Received update: /ndn/ie-site/ie/svs_core/ie=12, 1741645230148
Received update: /ndn/fr1-site/fr1/svs_core/fr1=12, 1741645230148
Max suppression time updated to: 240
Received update: /ndn/az-site/az/svs_core/az=12, 1741645230240
Max suppression time updated to: 240
Max suppression time updated to: 240
Max suppression time updated to: 240
Received update: /ndn/ua-site/ua/svs_core/ua=12, 1741645230756
Max suppression time updated to: 240
Received update: /ndn/am-site/am/svs_core/am=12, 1741645231090
Received update: /ndn/lu-site/lu/svs_core/lu=12, 1741645231090
Max suppression time updated to: 240
Received update: /ndn/uk-site/uk/svs_core/uk=12, 1741645232347
Max suppression time updated to: 240
Received update: /ndn/mk-site/mk/svs_core/mk=12, 1741645233000
Received update: /ndn/ro-site/ro/svs_core/ro=12, 1741645233000
Max suppression time updated to: 240
Received update: /ndn/rs-site/rs/svs_core/rs=12, 1741645240651
Max suppression time updated to: 240
Received update: /ndn/sk-site/sk/svs_core/sk=12, 1741645240798
Max suppression time updated to: 240
Received update: /ndn/cz-site/cz/svs_core/cz=12, 1741645240901
Max suppression time updated to: 240
Max suppression time updated to: 236
Received update: /ndn/fi-site/fi/svs_core/fi=12, 1741645241060
Received update: /ndn/se-site/se/svs_core/se=12, 1741645241060
Max suppression time updated to: 236
Received update: /ndn/es-site/es/svs_core/es=12, 1741645244290
Received update: /ndn/il-site/il/svs_core/il=12, 1741645244290
Max suppression time updated to: 240
Max suppression time updated to: 240
Received update: /ndn/cy-site/cy/svs_core/cy=12, 1741645255303
Received update: /ndn/hu-site/hu/svs_core/hu=12, 1741645255303
Received update: /ndn/lv-site/lv/svs_core/lv=12, 1741645255303
Received update: /ndn/no-site/no/svs_core/no=12, 1741645255303
Received update: /ndn/de2-site/de2/svs_core/de2=12, 1741645255303
Max suppression time updated to: 240
Received update: /ndn/de1-site/de1/svs_core/de1=12, 1741645255866
Max suppression time updated to: 240
Received update: /ndn/md-site/md/svs_core/md=12, 1741645256279
Max suppression time updated to: 236
Received update: /ndn/hr-site/hr/svs_core/hr=12, 1741645258344
Received update: /ndn/mt-site/mt/svs_core/mt=13, 1741645258344
Max suppression time updated to: 236
Max suppression time updated to: 240
Max suppression time updated to: 240
Received update: /ndn/ch-site/ch/svs_core/ch=13, 1741645258743
Max suppression time updated to: 240
Received update: /ndn/bg-site/bg/svs_core/bg=13, 1741645259275
Max suppression time updated to: 236
Received update: /ndn/be-site/be/svs_core/be=13, 1741645261063
Max suppression time updated to: 236
Received update: /ndn/dk-site/dk/svs_core/dk=13, 1741645262157
Published sequence number: /ndn/pt-site/pt/svs_core/pt=13, 1741645263920
Sending Sync interest
Max suppression time updated to: 240
Received update: /ndn/lt-site/lt/svs_core/lt=13, 1741645264155
Max suppression time updated to: 240
Received update: /ndn/al-site/al/svs_core/al=13, 1741645264840
Received update: /ndn/pl-site/pl/svs_core/pl=13, 1741645264840
Received update: /ndn/fr2-site/fr2/svs_core/fr2=13, 1741645264840
Max suppression time updated to: 240
Received update: /ndn/si-site/si/svs_core/si=13, 1741645265017
Max suppression time updated to: 240
Received update: /ndn/tr-site/tr/svs_core/tr=13, 1741645265097
Max suppression time updated to: 240
Received update: /ndn/ee-site/ee/svs_core/ee=13, 1741645269926
Received update: /ndn/nl-site/nl/svs_core/nl=13, 1741645269926
Max suppression time updated to: 240
Received update: /ndn/is-site/is/svs_core/is=13, 1741645270106
Max suppression time updated to: 240
Received update: /ndn/by-site/by/svs_core/by=13, 1741645270513
Received update: /ndn/me-site/me/svs_core/me=13, 1741645270513
Max suppression time updated to: 236
Received update: /ndn/at-site/at/svs_core/at=13, 1741645271370
Max suppression time updated to: 236
Received update: /ndn/fi-site/fi/svs_core/fi=13, 1741645273064
Received update: /ndn/ge-site/ge/svs_core/ge=13, 1741645273064
Received update: /ndn/se-site/se/svs_core/se=13, 1741645273064
Received update: /ndn/fr1-site/fr1/svs_core/fr1=13, 1741645273064
Max suppression time updated to: 240
Max suppression time updated to: 240
Received update: /ndn/am-site/am/svs_core/am=13, 1741645273274
Max suppression time updated to: 240
Received update: /ndn/gr-site/gr/svs_core/gr=13, 1741645273350
Max suppression time updated to: 240
Received update: /ndn/az-site/az/svs_core/az=13, 1741645274011
Max suppression time updated to: 236
Received update: /ndn/ie-site/ie/svs_core/ie=13, 1741645275868
Received update: /ndn/it-site/it/svs_core/it=13, 1741645275868
Received update: /ndn/lu-site/lu/svs_core/lu=13, 1741645275868
Max suppression time updated to: 236
Received update: /ndn/ua-site/ua/svs_core/ua=13, 1741645276143
Max suppression time updated to: 236
Received update: /ndn/ro-site/ro/svs_core/ro=13, 1741645276805
Max suppression time updated to: 236
Received update: /ndn/mk-site/mk/svs_core/mk=13, 1741645277070
Max suppression time updated to: 236
Received update: /ndn/uk-site/uk/svs_core/uk=13, 1741645277357
Max suppression time updated to: 236
Received update: /ndn/es-site/es/svs_core/es=13, 1741645283745
Max suppression time updated to: 236
Max suppression time updated to: 236
Received update: /ndn/cz-site/cz/svs_core/cz=13, 1741645284930
Max suppression time updated to: 236
Received update: /ndn/rs-site/rs/svs_core/rs=13, 1741645286904
Received update: /ndn/sk-site/sk/svs_core/sk=13, 1741645286904
Max suppression time updated to: 236
Max suppression time updated to: 236
Received update: /ndn/hu-site/hu/svs_core/hu=13, 1741645296208
Received update: /ndn/no-site/no/svs_core/no=13, 1741645296208
Max suppression time updated to: 236
Max suppression time updated to: 236
Max suppression time updated to: 236
Max suppression time updated to: 236
Max suppression time updated to: 236
Max suppression time updated to: 236
Received update: /ndn/cy-site/cy/svs_core/cy=13, 1741645296866
Received update: /ndn/il-site/il/svs_core/il=13, 1741645296866
Received update: /ndn/lv-site/lv/svs_core/lv=13, 1741645296866
Max suppression time updated to: 236
Received update: /ndn/de2-site/de2/svs_core/de2=13, 1741645300495
Max suppression time updated to: 236
Max suppression time updated to: 236
Received update: /ndn/md-site/md/svs_core/md=13, 1741645300645
Max suppression time updated to: 236
Received update: /ndn/hr-site/hr/svs_core/hr=13, 1741645300724
Max suppression time updated to: 236
Received update: /ndn/mt-site/mt/svs_core/mt=14, 1741645303266
Max suppression time updated to: 236
Max suppression time updated to: 236
Received update: /ndn/de1-site/de1/svs_core/de1=13, 1741645303592
Max suppression time updated to: 236
Received update: /ndn/ch-site/ch/svs_core/ch=14, 1741645303742
Max suppression time updated to: 236
Received update: /ndn/be-site/be/svs_core/be=14, 1741645306074
Max suppression time updated to: 236
Max suppression time updated to: 236
Max suppression time updated to: 236
Max suppression time updated to: 236
Max suppression time updated to: 236
Max suppression time updated to: 236
Received update: /ndn/bg-site/bg/svs_core/bg=14, 1741645306433
Max suppression time updated to: 236
Max suppression time updated to: 236
Received update: /ndn/dk-site/dk/svs_core/dk=14, 1741645307069
Published sequence number: /ndn/pt-site/pt/svs_core/pt=14, 1741645308923
Sending Sync interest
Max suppression time updated to: 236
Received update: /ndn/lt-site/lt/svs_core/lt=14, 1741645309017
Max suppression time updated to: 236
Received update: /ndn/fr2-site/fr2/svs_core/fr2=14, 1741645309068
Max suppression time updated to: 236
Max suppression time updated to: 236
Max suppression time updated to: 236
Received update: /ndn/pl-site/pl/svs_core/pl=14, 1741645309558
Max suppression time updated to: 236
Received update: /ndn/al-site/al/svs_core/al=14, 1741645309672
Max suppression time updated to: 236
Received update: /ndn/nl-site/nl/svs_core/nl=14, 1741645310247
Max suppression time updated to: 236
Received update: /ndn/si-site/si/svs_core/si=14, 1741645310435
Received update: /ndn/tr-site/tr/svs_core/tr=14, 1741645310435
Max suppression time updated to: 232
Max suppression time updated to: 236
Max suppression time updated to: 232
Received update: /ndn/ge-site/ge/svs_core/ge=14, 1741645311175
Max suppression time updated to: 232
Received update: /ndn/fi-site/fi/svs_core/fi=14, 1741645312817
Max suppression time updated to: 232
Received update: /ndn/at-site/at/svs_core/at=14, 1741645316747
Received update: /ndn/ee-site/ee/svs_core/ee=14, 1741645316747
Received update: /ndn/is-site/is/svs_core/is=14, 1741645316747
Max suppression time updated to: 232
Received update: /ndn/me-site/me/svs_core/me=14, 1741645316851
Max suppression time updated to: 232
Received update: /ndn/by-site/by/svs_core/by=14, 1741645317063
Received update: /ndn/fr1-site/fr1/svs_core/fr1=14, 1741645317063
Max suppression time updated to: 232
Received update: /ndn/am-site/am/svs_core/am=14, 1741645318090
Received update: /ndn/se-site/se/svs_core/se=14, 1741645318090
Max suppression time updated to: 232
Received update: /ndn/az-site/az/svs_core/az=14, 1741645319022
Max suppression time updated to: 232
Max suppression time updated to: 232
Max suppression time updated to: 232
Max suppression time updated to: 232
Max suppression time updated to: 232
Received update: /ndn/gr-site/gr/svs_core/gr=14, 1741645319303
Max suppression time updated to: 232
Received update: /ndn/it-site/it/svs_core/it=14, 1741645319492
Max suppression time updated to: 232
Max suppression time updated to: 232
Received update: /ndn/lu-site/lu/svs_core/lu=14, 1741645320886
Max suppression time updated to: 232
Received update: /ndn/ro-site/ro/svs_core/ro=14, 1741645321653
Received update: /ndn/ua-site/ua/svs_core/ua=14, 1741645321653
Max suppression time updated to: 232
Max suppression time updated to: 232
Max suppression time updated to: 232
Max suppression time updated to: 232
Max suppression time updated to: 232
Received update: /ndn/ie-site/ie/svs_core/ie=14, 1741645322501
Received update: /ndn/uk-site/uk/svs_core/uk=14, 1741645322501
Max suppression time updated to: 232
Received update: /ndn/mk-site/mk/svs_core/mk=14, 1741645322569
Max suppression time updated to: 236
Received update: /ndn/cz-site/cz/svs_core/cz=14, 1741645330016
Max suppression time updated to: 236
Received update: /ndn/es-site/es/svs_core/es=14, 1741645330218
Max suppression time updated to: 236
Received update: /ndn/rs-site/rs/svs_core/rs=14, 1741645330676
Max suppression time updated to: 236
Received update: /ndn/cy-site/cy/svs_core/cy=14, 1741645338829
Received update: /ndn/hu-site/hu/svs_core/hu=14, 1741645338829
Received update: /ndn/sk-site/sk/svs_core/sk=14, 1741645338829
Max suppression time updated to: 236
Received update: /ndn/hr-site/hr/svs_core/hr=14, 1741645348313
Received update: /ndn/il-site/il/svs_core/il=14, 1741645348313
Received update: /ndn/lv-site/lv/svs_core/lv=14, 1741645348313
Received update: /ndn/mt-site/mt/svs_core/mt=15, 1741645348313
Received update: /ndn/de2-site/de2/svs_core/de2=14, 1741645348313
Max suppression time updated to: 236
Received update: /ndn/no-site/no/svs_core/no=14, 1741645348519
Received update: /ndn/de1-site/de1/svs_core/de1=14, 1741645348519
Max suppression time updated to: 236
Received update: /ndn/md-site/md/svs_core/md=14, 1741645348607
Max suppression time updated to: 236
Max suppression time updated to: 236
Max suppression time updated to: 236
Received update: /ndn/bg-site/bg/svs_core/bg=15, 1741645349291
Received update: /ndn/ch-site/ch/svs_core/ch=15, 1741645349291
Max suppression time updated to: 236
Received update: /ndn/be-site/be/svs_core/be=15, 1741645351142
Max suppression time updated to: 236
Received update: /ndn/lt-site/lt/svs_core/lt=15, 1741645353044
Max suppression time updated to: 236
Max suppression time updated to: 236
Received update: /ndn/dk-site/dk/svs_core/dk=15, 1741645353281
Max suppression time updated to: 236
Max suppression time updated to: 236
Published sequence number: /ndn/pt-site/pt/svs_core/pt=15, 1741645353928
Sending Sync interest
Max suppression time updated to: 236
Received update: /ndn/fr2-site/fr2/svs_core/fr2=15, 1741645354091
Max suppression time updated to: 236
Received update: /ndn/nl-site/nl/svs_core/nl=15, 1741645355288
Received update: /ndn/pl-site/pl/svs_core/pl=15, 1741645355288
Received update: /ndn/tr-site/tr/svs_core/tr=15, 1741645355288
Max suppression time updated to: 236
Received update: /ndn/ge-site/ge/svs_core/ge=15, 1741645356208
Max suppression time updated to: 236
Received update: /ndn/is-site/is/svs_core/is=15, 1741645357399
Max suppression time updated to: 236
Max suppression time updated to: 236
Max suppression time updated to: 236
Received update: /ndn/fi-site/fi/svs_core/fi=15, 1741645357687
Max suppression time updated to: 236
Max suppression time updated to: 236
Received update: /ndn/al-site/al/svs_core/al=15, 1741645358262
Max suppression time updated to: 236
Received update: /ndn/si-site/si/svs_core/si=15, 1741645358604
Max suppression time updated to: 236
Max suppression time updated to: 236
Received update: /ndn/me-site/me/svs_core/me=15, 1741645359080
Max suppression time updated to: 236
Received update: /ndn/fr1-site/fr1/svs_core/fr1=15, 1741645362076
Max suppression time updated to: 236
Received update: /ndn/by-site/by/svs_core/by=15, 1741645362241
Max suppression time updated to: 236
Received update: /ndn/at-site/at/svs_core/at=15, 1741645362605
Received update: /ndn/gr-site/gr/svs_core/gr=15, 1741645362605
Max suppression time updated to: 240
Received update: /ndn/ee-site/ee/svs_core/ee=15, 1741645362618
Max suppression time updated to: 240
Max suppression time updated to: 240
Max suppression time updated to: 240
Max suppression time updated to: 240
Received update: /ndn/ie-site/ie/svs_core/ie=15, 1741645364533
Max suppression time updated to: 240
Received update: /ndn/az-site/az/svs_core/az=15, 1741645364913
Received update: /ndn/it-site/it/svs_core/it=15, 1741645364913
Max suppression time updated to: 240
Received update: /ndn/se-site/se/svs_core/se=15, 1741645365512
Received update: /ndn/ua-site/ua/svs_core/ua=15, 1741645365512
Max suppression time updated to: 240
Max suppression time updated to: 240
Received update: /ndn/am-site/am/svs_core/am=15, 1741645365688
Max suppression time updated to: 240
Received update: /ndn/mk-site/mk/svs_core/mk=15, 1741645375734
Received update: /ndn/ro-site/ro/svs_core/ro=15, 1741645375734
Received update: /ndn/sk-site/sk/svs_core/sk=15, 1741645375734
Received update: /ndn/uk-site/uk/svs_core/uk=15, 1741645375734
Max suppression time updated to: 240
Received update: /ndn/lu-site/lu/svs_core/lu=15, 1741645375896
Max suppression time updated to: 240
Received update: /ndn/cz-site/cz/svs_core/cz=15, 1741645375929
Max suppression time updated to: 240
Max suppression time updated to: 240
Received update: /ndn/es-site/es/svs_core/es=15, 1741645376176
Max suppression time updated to: 240
Max suppression time updated to: 240
Received update: /ndn/il-site/il/svs_core/il=15, 1741645379317
Max suppression time updated to: 240
Received update: /ndn/lv-site/lv/svs_core/lv=15, 1741645379895
Max suppression time updated to: 240
Received update: /ndn/hu-site/hu/svs_core/hu=15, 1741645382015
Received update: /ndn/rs-site/rs/svs_core/rs=15, 1741645382015
Max suppression time updated to: 240
Received update: /ndn/cy-site/cy/svs_core/cy=15, 1741645386166
Received update: /ndn/no-site/no/svs_core/no=15, 1741645386166
Max suppression time updated to: 240
Max suppression time updated to: 240
Received update: /ndn/hr-site/hr/svs_core/hr=15, 1741645390298
Received update: /ndn/md-site/md/svs_core/md=15, 1741645390298
Max suppression time updated to: 240
Received update: /ndn/de2-site/de2/svs_core/de2=15, 1741645390303
Max suppression time updated to: 240
Received update: /ndn/de1-site/de1/svs_core/de1=15, 1741645390889
Max suppression time updated to: 240
Received update: /ndn/mt-site/mt/svs_core/mt=16, 1741645393367
Max suppression time updated to: 240
Max suppression time updated to: 240
Sending Sync interest
Max suppression time updated to: 240
Received update: /ndn/be-site/be/svs_core/be=16, 1741645396088
Received update: /ndn/bg-site/bg/svs_core/bg=16, 1741645396088
Received update: /ndn/ch-site/ch/svs_core/ch=16, 1741645396088
Max suppression time updated to: 240
Received update: /ndn/dk-site/dk/svs_core/dk=16, 1741645397446
Max suppression time updated to: 244
Published sequence number: /ndn/pt-site/pt/svs_core/pt=16, 1741645398937
Sending Sync interest
Max suppression time updated to: 240
Received update: /ndn/al-site/al/svs_core/al=16, 1741645399537
Sending Sync interest
Max suppression time updated to: 240
Received update: /ndn/lt-site/lt/svs_core/lt=16, 1741645400030
Received update: /ndn/pl-site/pl/svs_core/pl=16, 1741645400030
Received update: /ndn/si-site/si/svs_core/si=16, 1741645400030
Received update: /ndn/fr2-site/fr2/svs_core/fr2=16, 1741645400030
Max suppression time updated to: 240
Received update: /ndn/ge-site/ge/svs_core/ge=16, 1741645401310
Received update: /ndn/tr-site/tr/svs_core/tr=16, 1741645401310
Max suppression time updated to: 240
Received update: /ndn/by-site/by/svs_core/by=16, 1741645406080
Received update: /ndn/ee-site/ee/svs_core/ee=16, 1741645406080
Received update: /ndn/is-site/is/svs_core/is=16, 1741645406080
Received update: /ndn/me-site/me/svs_core/me=16, 1741645406080
Received update: /ndn/nl-site/nl/svs_core/nl=16, 1741645406080
Max suppression time updated to: 244
Received update: /ndn/at-site/at/svs_core/at=16, 1741645406405
Max suppression time updated to: 244
Received update: /ndn/fi-site/fi/svs_core/fi=16, 1741645406456
Max suppression time updated to: 240
Received update: /ndn/fr1-site/fr1/svs_core/fr1=16, 1741645407077
Max suppression time updated to: 240
Max suppression time updated to: 240
Received update: /ndn/gr-site/gr/svs_core/gr=16, 1741645408053
Received update: /ndn/se-site/se/svs_core/se=16, 1741645408053
Max suppression time updated to: 240
Received update: /ndn/am-site/am/svs_core/am=16, 1741645409023
Received update: /ndn/az-site/az/svs_core/az=16, 1741645409023
Max suppression time updated to: 240
Max suppression time updated to: 240
Received update: /ndn/it-site/it/svs_core/it=16, 1741645409462
Max suppression time updated to: 240
Received update: /ndn/ie-site/ie/svs_core/ie=16, 1741645409462
Max suppression time updated to: 240
Received update: /ndn/ua-site/ua/svs_core/ua=16, 1741645410185
Max suppression time updated to: 240
Max suppression time updated to: 240
Max suppression time updated to: 244
Received update: /ndn/ro-site/ro/svs_core/ro=16, 1741645411543
Max suppression time updated to: 240
Received update: /ndn/cz-site/cz/svs_core/cz=16, 1741645419866
Received update: /ndn/lu-site/lu/svs_core/lu=16, 1741645419866
Max suppression time updated to: 240
Received update: /ndn/mk-site/mk/svs_core/mk=16, 1741645419940
Max suppression time updated to: 240
Received update: /ndn/uk-site/uk/svs_core/uk=16, 1741645419941
Max suppression time updated to: 244
Received update: /ndn/es-site/es/svs_core/es=16, 1741645426750
Received update: /ndn/hu-site/hu/svs_core/hu=16, 1741645426750
Received update: /ndn/sk-site/sk/svs_core/sk=16, 1741645426750
Max suppression time updated to: 244
Received update: /ndn/cy-site/cy/svs_core/cy=16, 1741645428587
Max suppression time updated to: 244
Received update: /ndn/il-site/il/svs_core/il=16, 1741645428820
Received update: /ndn/lv-site/lv/svs_core/lv=16, 1741645428820
Max suppression time updated to: 244
Max suppression time updated to: 244
Received update: /ndn/rs-site/rs/svs_core/rs=16, 1741645429107
Max suppression time updated to: 244
Received update: /ndn/md-site/md/svs_core/md=16, 1741645434940
Max suppression time updated to: 244
Received update: /ndn/hr-site/hr/svs_core/hr=16, 1741645435822
Received update: /ndn/de1-site/de1/svs_core/de1=16, 1741645435822
Received update: /ndn/de2-site/de2/svs_core/de2=16, 1741645435822
Stopping SVS client: /ndn/pt-site/pt/svs_core/pt
