SVS client starting: /ndn/lt-site/lt/svs_core/lt
Sending Sync interest
Received update: /ndn/it-site/it/svs_core/it=1, 1742598294343
Received update: /ndn/md-site/md/svs_core/md=1, 1742598294392
Received update: /ndn/me-site/me/svs_core/me=1, 1742598294420
Received update: /ndn/ro-site/ro/svs_core/ro=1, 1742598297877
Received update: /ndn/il-site/il/svs_core/il=1, 1742598297947
Received update: /ndn/fr1-site/fr1/svs_core/fr1=1, 1742598298341
Received update: /ndn/pt-site/pt/svs_core/pt=1, 1742598298425
Received update: /ndn/lv-site/lv/svs_core/lv=1, 1742598299756
Received update: /ndn/mt-site/mt/svs_core/mt=1, 1742598299756
Received update: /ndn/dk-site/dk/svs_core/dk=1, 1742598302092
Received update: /ndn/ee-site/ee/svs_core/ee=1, 1742598303871
Received update: /ndn/be-site/be/svs_core/be=1, 1742598304613
Received update: /ndn/es-site/es/svs_core/es=1, 1742598304799
Received update: /ndn/fr2-site/fr2/svs_core/fr2=1, 1742598305623
Sending Sync interest
Received update: /ndn/al-site/al/svs_core/al=1, 1742598308266
Received update: /ndn/no-site/no/svs_core/no=1, 1742598308266
Received update: /ndn/de1-site/de1/svs_core/de1=1, 1742598309894
Received update: /ndn/tr-site/tr/svs_core/tr=1, 1742598311203
Received update: /ndn/az-site/az/svs_core/az=1, 1742598311432
Received update: /ndn/ie-site/ie/svs_core/ie=1, 1742598311443
Received update: /ndn/ge-site/ge/svs_core/ge=1, 1742598312470
Received update: /ndn/cy-site/cy/svs_core/cy=1, 1742598313867
Received update: /ndn/sk-site/sk/svs_core/sk=1, 1742598313867
Received update: /ndn/lu-site/lu/svs_core/lu=1, 1742598316694
Received update: /ndn/gr-site/gr/svs_core/gr=1, 1742598319139
Received update: /ndn/si-site/si/svs_core/si=1, 1742598319485
Received update: /ndn/de2-site/de2/svs_core/de2=1, 1742598320344
Received update: /ndn/by-site/by/svs_core/by=1, 1742598320650
Received update: /ndn/bg-site/bg/svs_core/bg=1, 1742598323137
Received update: /ndn/ch-site/ch/svs_core/ch=1, 1742598323137
Received update: /ndn/fi-site/fi/svs_core/fi=1, 1742598323137
Received update: /ndn/uk-site/uk/svs_core/uk=1, 1742598324008
Published sequence number: /ndn/lt-site/lt/svs_core/lt=1, 1742598326402
Sending Sync interest
Max suppression time updated to: 96
Received update: /ndn/cz-site/cz/svs_core/cz=1, 1742598326512
Max suppression time updated to: 78
Received update: /ndn/is-site/is/svs_core/is=1, 1742598327338
Received update: /ndn/at-site/at/svs_core/at=1, 1742598330336
Received update: /ndn/mk-site/mk/svs_core/mk=1, 1742598332266
Received update: /ndn/rs-site/rs/svs_core/rs=1, 1742598332266
Received update: /ndn/ua-site/ua/svs_core/ua=1, 1742598332266
Received update: /ndn/hu-site/hu/svs_core/hu=1, 1742598333345
Received update: /ndn/pl-site/pl/svs_core/pl=1, 1742598333345
Received update: /ndn/hr-site/hr/svs_core/hr=1, 1742598333631
Received update: /ndn/am-site/am/svs_core/am=1, 1742598333858
Received update: /ndn/nl-site/nl/svs_core/nl=1, 1742598338861
Received update: /ndn/se-site/se/svs_core/se=1, 1742598338861
Received update: /ndn/it-site/it/svs_core/it=2, 1742598339426
Received update: /ndn/me-site/me/svs_core/me=2, 1742598339426
Received update: /ndn/md-site/md/svs_core/md=2, 1742598342864
Received update: /ndn/ro-site/ro/svs_core/ro=2, 1742598342864
Received update: /ndn/il-site/il/svs_core/il=2, 1742598342969
Received update: /ndn/fr1-site/fr1/svs_core/fr1=2, 1742598343349
Received update: /ndn/pt-site/pt/svs_core/pt=2, 1742598343421
Received update: /ndn/dk-site/dk/svs_core/dk=2, 1742598347134
Received update: /ndn/lv-site/lv/svs_core/lv=2, 1742598347348
Received update: /ndn/mt-site/mt/svs_core/mt=2, 1742598347397
Received update: /ndn/be-site/be/svs_core/be=2, 1742598349621
Received update: /ndn/ee-site/ee/svs_core/ee=2, 1742598349657
Received update: /ndn/al-site/al/svs_core/al=2, 1742598356455
Received update: /ndn/az-site/az/svs_core/az=2, 1742598356455
Received update: /ndn/es-site/es/svs_core/es=2, 1742598356455
Received update: /ndn/no-site/no/svs_core/no=2, 1742598356455
Received update: /ndn/tr-site/tr/svs_core/tr=2, 1742598356455
Received update: /ndn/de1-site/de1/svs_core/de1=2, 1742598356455
Received update: /ndn/fr2-site/fr2/svs_core/fr2=2, 1742598356455
Received update: /ndn/ie-site/ie/svs_core/ie=2, 1742598356576
Received update: /ndn/ge-site/ge/svs_core/ge=2, 1742598357469
Sending Sync interest
Received update: /ndn/cy-site/cy/svs_core/cy=2, 1742598358875
Received update: /ndn/sk-site/sk/svs_core/sk=2, 1742598358875
Received update: /ndn/lu-site/lu/svs_core/lu=2, 1742598361803
Received update: /ndn/gr-site/gr/svs_core/gr=2, 1742598364159
Received update: /ndn/si-site/si/svs_core/si=2, 1742598365350
Received update: /ndn/de2-site/de2/svs_core/de2=2, 1742598365350
Received update: /ndn/fi-site/fi/svs_core/fi=2, 1742598367617
Received update: /ndn/bg-site/bg/svs_core/bg=2, 1742598367683
Received update: /ndn/by-site/by/svs_core/by=2, 1742598367741
Received update: /ndn/ch-site/ch/svs_core/ch=2, 1742598367880
Received update: /ndn/uk-site/uk/svs_core/uk=2, 1742598369018
Published sequence number: /ndn/lt-site/lt/svs_core/lt=2, 1742598371403
Sending Sync interest
Received update: /ndn/is-site/is/svs_core/is=2, 1742598372330
Received update: /ndn/cz-site/cz/svs_core/cz=2, 1742598372364
Sending Sync interest
Sending Sync interest
Received update: /ndn/at-site/at/svs_core/at=2, 1742598375500
Received update: /ndn/rs-site/rs/svs_core/rs=2, 1742598376664
Sending Sync interest
Received update: /ndn/mk-site/mk/svs_core/mk=2, 1742598377261
Sending Sync interest
Received update: /ndn/am-site/am/svs_core/am=2, 1742598378067
Received update: /ndn/hr-site/hr/svs_core/hr=2, 1742598378634
Received update: /ndn/hu-site/hu/svs_core/hu=2, 1742598378634
Received update: /ndn/pl-site/pl/svs_core/pl=2, 1742598378634
Received update: /ndn/nl-site/nl/svs_core/nl=2, 1742598379849
Sending Sync interest
Received update: /ndn/ua-site/ua/svs_core/ua=2, 1742598380005
Received update: /ndn/il-site/il/svs_core/il=3, 1742598388067
Received update: /ndn/ro-site/ro/svs_core/ro=3, 1742598388067
Received update: /ndn/it-site/it/svs_core/it=3, 1742598388092
Received update: /ndn/md-site/md/svs_core/md=3, 1742598388202
Received update: /ndn/se-site/se/svs_core/se=2, 1742598388202
Received update: /ndn/fr1-site/fr1/svs_core/fr1=3, 1742598388354
Received update: /ndn/lv-site/lv/svs_core/lv=3, 1742598389766
Received update: /ndn/pt-site/pt/svs_core/pt=3, 1742598389869
Received update: /ndn/be-site/be/svs_core/be=3, 1742598395660
Received update: /ndn/dk-site/dk/svs_core/dk=3, 1742598395660
Received update: /ndn/es-site/es/svs_core/es=3, 1742598395660
Received update: /ndn/mt-site/mt/svs_core/mt=3, 1742598395660
Received update: /ndn/fr2-site/fr2/svs_core/fr2=3, 1742598395660
Received update: /ndn/al-site/al/svs_core/al=3, 1742598397167
Received update: /ndn/ee-site/ee/svs_core/ee=3, 1742598397409
Received update: /ndn/me-site/me/svs_core/me=3, 1742598401210
Received update: /ndn/tr-site/tr/svs_core/tr=3, 1742598401210
Received update: /ndn/az-site/az/svs_core/az=3, 1742598401354
Received update: /ndn/ie-site/ie/svs_core/ie=3, 1742598401445
Received update: /ndn/de1-site/de1/svs_core/de1=3, 1742598401529
Received update: /ndn/no-site/no/svs_core/no=3, 1742598401857
Received update: /ndn/ge-site/ge/svs_core/ge=3, 1742598402483
Received update: /ndn/cy-site/cy/svs_core/cy=3, 1742598406692
Received update: /ndn/lu-site/lu/svs_core/lu=3, 1742598406692
Received update: /ndn/sk-site/sk/svs_core/sk=3, 1742598406692
Received update: /ndn/gr-site/gr/svs_core/gr=3, 1742598409166
Received update: /ndn/by-site/by/svs_core/by=3, 1742598410656
Received update: /ndn/si-site/si/svs_core/si=3, 1742598410656
Received update: /ndn/de2-site/de2/svs_core/de2=3, 1742598410749
Received update: /ndn/fi-site/fi/svs_core/fi=3, 1742598412649
Received update: /ndn/bg-site/bg/svs_core/bg=3, 1742598412851
Received update: /ndn/ch-site/ch/svs_core/ch=3, 1742598412893
Received update: /ndn/cz-site/cz/svs_core/cz=3, 1742598415298
Received update: /ndn/uk-site/uk/svs_core/uk=3, 1742598415298
Published sequence number: /ndn/lt-site/lt/svs_core/lt=3, 1742598416403
Sending Sync interest
Received update: /ndn/is-site/is/svs_core/is=3, 1742598417473
Received update: /ndn/at-site/at/svs_core/at=3, 1742598421737
Received update: /ndn/ua-site/ua/svs_core/ua=3, 1742598421737
Received update: /ndn/am-site/am/svs_core/am=3, 1742598423056
Received update: /ndn/hu-site/hu/svs_core/hu=3, 1742598423056
Received update: /ndn/mk-site/mk/svs_core/mk=3, 1742598423056
Received update: /ndn/rs-site/rs/svs_core/rs=3, 1742598423288
Received update: /ndn/hr-site/hr/svs_core/hr=3, 1742598423639
Received update: /ndn/pl-site/pl/svs_core/pl=3, 1742598423639
Received update: /ndn/it-site/it/svs_core/it=4, 1742598429343
Received update: /ndn/nl-site/nl/svs_core/nl=3, 1742598429343
Received update: /ndn/md-site/md/svs_core/md=4, 1742598429426
Received update: /ndn/se-site/se/svs_core/se=3, 1742598429478
Received update: /ndn/ro-site/ro/svs_core/ro=4, 1742598432866
Received update: /ndn/il-site/il/svs_core/il=4, 1742598432956
Received update: /ndn/fr1-site/fr1/svs_core/fr1=4, 1742598433351
Received update: /ndn/pt-site/pt/svs_core/pt=4, 1742598433448
Received update: /ndn/mt-site/mt/svs_core/mt=4, 1742598433860
Received update: /ndn/me-site/me/svs_core/me=4, 1742598434098
Received update: /ndn/dk-site/dk/svs_core/dk=4, 1742598437105
Received update: /ndn/lv-site/lv/svs_core/lv=4, 1742598437105
Received update: /ndn/ee-site/ee/svs_core/ee=4, 1742598438930
Received update: /ndn/es-site/es/svs_core/es=4, 1742598439801
Received update: /ndn/be-site/be/svs_core/be=4, 1742598439862
Received update: /ndn/fr2-site/fr2/svs_core/fr2=4, 1742598441067
Received update: /ndn/no-site/no/svs_core/no=4, 1742598443026
Received update: /ndn/ge-site/ge/svs_core/ge=4, 1742598447604
Received update: /ndn/ie-site/ie/svs_core/ie=4, 1742598447604
Received update: /ndn/tr-site/tr/svs_core/tr=4, 1742598447604
Received update: /ndn/de1-site/de1/svs_core/de1=4, 1742598447604
Received update: /ndn/cy-site/cy/svs_core/cy=4, 1742598447785
Received update: /ndn/al-site/al/svs_core/al=4, 1742598448031
Received update: /ndn/az-site/az/svs_core/az=4, 1742598448031
Received update: /ndn/sk-site/sk/svs_core/sk=4, 1742598448902
Received update: /ndn/lu-site/lu/svs_core/lu=4, 1742598451690
Received update: /ndn/gr-site/gr/svs_core/gr=4, 1742598455485
Received update: /ndn/de2-site/de2/svs_core/de2=4, 1742598455485
Received update: /ndn/bg-site/bg/svs_core/bg=4, 1742598459024
Received update: /ndn/uk-site/uk/svs_core/uk=4, 1742598459024
Received update: /ndn/by-site/by/svs_core/by=4, 1742598459047
Received update: /ndn/ch-site/ch/svs_core/ch=4, 1742598459158
Received update: /ndn/fi-site/fi/svs_core/fi=4, 1742598459250
Received update: /ndn/si-site/si/svs_core/si=4, 1742598459250
Received update: /ndn/cz-site/cz/svs_core/cz=4, 1742598460316
Published sequence number: /ndn/lt-site/lt/svs_core/lt=4, 1742598461405
Sending Sync interest
Received update: /ndn/is-site/is/svs_core/is=4, 1742598462356
Received update: /ndn/at-site/at/svs_core/at=4, 1742598467660
Received update: /ndn/hu-site/hu/svs_core/hu=4, 1742598467660
Received update: /ndn/mk-site/mk/svs_core/mk=4, 1742598467660
Received update: /ndn/ua-site/ua/svs_core/ua=4, 1742598467660
Received update: /ndn/am-site/am/svs_core/am=4, 1742598468054
Received update: /ndn/pl-site/pl/svs_core/pl=4, 1742598468314
Received update: /ndn/rs-site/rs/svs_core/rs=4, 1742598468314
Received update: /ndn/nl-site/nl/svs_core/nl=4, 1742598469848
Received update: /ndn/hr-site/hr/svs_core/hr=4, 1742598469915
Received update: /ndn/it-site/it/svs_core/it=5, 1742598474346
Received update: /ndn/ro-site/ro/svs_core/ro=5, 1742598477879
Received update: /ndn/se-site/se/svs_core/se=4, 1742598477879
Received update: /ndn/il-site/il/svs_core/il=5, 1742598477980
Received update: /ndn/me-site/me/svs_core/me=5, 1742598478087
Received update: /ndn/lv-site/lv/svs_core/lv=5, 1742598479768
Received update: /ndn/fr1-site/fr1/svs_core/fr1=5, 1742598479874
Received update: /ndn/mt-site/mt/svs_core/mt=5, 1742598479936
Received update: /ndn/md-site/md/svs_core/md=5, 1742598479982
Received update: /ndn/pt-site/pt/svs_core/pt=5, 1742598480015
Sending Sync interest
Received update: /ndn/dk-site/dk/svs_core/dk=5, 1742598483898
Received update: /ndn/ee-site/ee/svs_core/ee=5, 1742598483898
Received update: /ndn/be-site/be/svs_core/be=5, 1742598484632
Received update: /ndn/es-site/es/svs_core/es=5, 1742598484836
Received update: /ndn/no-site/no/svs_core/no=5, 1742598488026
Received update: /ndn/fr2-site/fr2/svs_core/fr2=5, 1742598488127
Received update: /ndn/de1-site/de1/svs_core/de1=5, 1742598489908
Received update: /ndn/tr-site/tr/svs_core/tr=5, 1742598491221
Received update: /ndn/az-site/az/svs_core/az=5, 1742598493879
Received update: /ndn/ge-site/ge/svs_core/ge=5, 1742598493879
Received update: /ndn/ie-site/ie/svs_core/ie=5, 1742598493879
Received update: /ndn/sk-site/sk/svs_core/sk=5, 1742598493879
Received update: /ndn/cy-site/cy/svs_core/cy=5, 1742598493941
Received update: /ndn/al-site/al/svs_core/al=5, 1742598499276
Received update: /ndn/gr-site/gr/svs_core/gr=5, 1742598499276
Received update: /ndn/lu-site/lu/svs_core/lu=5, 1742598499276
Received update: /ndn/si-site/si/svs_core/si=5, 1742598499488
Received update: /ndn/de2-site/de2/svs_core/de2=5, 1742598500360
Received update: /ndn/fi-site/fi/svs_core/fi=5, 1742598502834
Received update: /ndn/ch-site/ch/svs_core/ch=5, 1742598502882
Received update: /ndn/bg-site/bg/svs_core/bg=5, 1742598502897
Received update: /ndn/by-site/by/svs_core/by=5, 1742598503951
Received update: /ndn/cz-site/cz/svs_core/cz=5, 1742598505298
Published sequence number: /ndn/lt-site/lt/svs_core/lt=5, 1742598506406
Sending Sync interest
Max suppression time updated to: 78
Received update: /ndn/uk-site/uk/svs_core/uk=5, 1742598506505
Max suppression time updated to: 75
Max suppression time updated to: 75
Max suppression time updated to: 78
Received update: /ndn/is-site/is/svs_core/is=5, 1742598507335
Received update: /ndn/at-site/at/svs_core/at=5, 1742598511723
Received update: /ndn/rs-site/rs/svs_core/rs=5, 1742598511723
Received update: /ndn/hu-site/hu/svs_core/hu=5, 1742598512670
Received update: /ndn/am-site/am/svs_core/am=5, 1742598513053
Received update: /ndn/mk-site/mk/svs_core/mk=5, 1742598513053
Received update: /ndn/pl-site/pl/svs_core/pl=5, 1742598513318
Received update: /ndn/ua-site/ua/svs_core/ua=5, 1742598513443
Received update: /ndn/hr-site/hr/svs_core/hr=5, 1742598513655
Received update: /ndn/md-site/md/svs_core/md=6, 1742598519400
Received update: /ndn/nl-site/nl/svs_core/nl=5, 1742598519400
Received update: /ndn/it-site/it/svs_core/it=6, 1742598519576
Received update: /ndn/me-site/me/svs_core/me=6, 1742598519576
Received update: /ndn/ro-site/ro/svs_core/ro=6, 1742598522870
Received update: /ndn/se-site/se/svs_core/se=5, 1742598522870
Received update: /ndn/fr1-site/fr1/svs_core/fr1=6, 1742598523389
Received update: /ndn/lv-site/lv/svs_core/lv=6, 1742598524772
Received update: /ndn/il-site/il/svs_core/il=6, 1742598524917
Received update: /ndn/pt-site/pt/svs_core/pt=6, 1742598524917
Received update: /ndn/dk-site/dk/svs_core/dk=6, 1742598527113
Received update: /ndn/mt-site/mt/svs_core/mt=6, 1742598527113
Received update: /ndn/be-site/be/svs_core/be=6, 1742598529641
Received update: /ndn/es-site/es/svs_core/es=6, 1742598529806
Received update: /ndn/fr2-site/fr2/svs_core/fr2=6, 1742598530638
Received update: /ndn/ee-site/ee/svs_core/ee=6, 1742598530983
Received update: /ndn/al-site/al/svs_core/al=6, 1742598534983
Received update: /ndn/no-site/no/svs_core/no=6, 1742598534983
Received update: /ndn/de1-site/de1/svs_core/de1=6, 1742598534983
Received update: /ndn/az-site/az/svs_core/az=6, 1742598535626
Received update: /ndn/ge-site/ge/svs_core/ge=6, 1742598537491
Received update: /ndn/tr-site/tr/svs_core/tr=6, 1742598537491
Received update: /ndn/ie-site/ie/svs_core/ie=6, 1742598537625
Received update: /ndn/cy-site/cy/svs_core/cy=6, 1742598538893
Received update: /ndn/sk-site/sk/svs_core/sk=6, 1742598538893
Received update: /ndn/lu-site/lu/svs_core/lu=6, 1742598541694
Received update: /ndn/de2-site/de2/svs_core/de2=6, 1742598545367
Received update: /ndn/si-site/si/svs_core/si=6, 1742598545593
Received update: /ndn/by-site/by/svs_core/by=6, 1742598545666
Received update: /ndn/bg-site/bg/svs_core/bg=6, 1742598546043
Received update: /ndn/fi-site/fi/svs_core/fi=6, 1742598547707
Received update: /ndn/gr-site/gr/svs_core/gr=6, 1742598547707
Published sequence number: /ndn/lt-site/lt/svs_core/lt=6, 1742598551408
Sending Sync interest
Received update: /ndn/at-site/at/svs_core/at=6, 1742598555306
Received update: /ndn/ch-site/ch/svs_core/ch=6, 1742598555306
Received update: /ndn/is-site/is/svs_core/is=6, 1742598555306
Received update: /ndn/uk-site/uk/svs_core/uk=6, 1742598555306
Sending Sync interest
Max suppression time updated to: 84
Received update: /ndn/cz-site/cz/svs_core/cz=6, 1742598555530
Received update: /ndn/mk-site/mk/svs_core/mk=6, 1742598557260
Received update: /ndn/hu-site/hu/svs_core/hu=6, 1742598557685
Received update: /ndn/pl-site/pl/svs_core/pl=6, 1742598558325
Received update: /ndn/rs-site/rs/svs_core/rs=6, 1742598558325
Received update: /ndn/am-site/am/svs_core/am=6, 1742598558421
Received update: /ndn/ua-site/ua/svs_core/ua=6, 1742598558436
Received update: /ndn/hr-site/hr/svs_core/hr=6, 1742598558684
Received update: /ndn/nl-site/nl/svs_core/nl=6, 1742598559886
Received update: /ndn/se-site/se/svs_core/se=6, 1742598563676
Received update: /ndn/it-site/it/svs_core/it=7, 1742598564354
Received update: /ndn/me-site/me/svs_core/me=7, 1742598564433
Received update: /ndn/il-site/il/svs_core/il=7, 1742598568158
Received update: /ndn/md-site/md/svs_core/md=7, 1742598568158
Received update: /ndn/ro-site/ro/svs_core/ro=7, 1742598568158
Received update: /ndn/pt-site/pt/svs_core/pt=7, 1742598568423
Received update: /ndn/mt-site/mt/svs_core/mt=7, 1742598568914
Received update: /ndn/lv-site/lv/svs_core/lv=7, 1742598569809
Received update: /ndn/fr1-site/fr1/svs_core/fr1=7, 1742598569922
Received update: /ndn/dk-site/dk/svs_core/dk=7, 1742598572116
Received update: /ndn/ee-site/ee/svs_core/ee=7, 1742598573882
Received update: /ndn/be-site/be/svs_core/be=7, 1742598574835
Received update: /ndn/es-site/es/svs_core/es=7, 1742598574835
Received update: /ndn/ie-site/ie/svs_core/ie=7, 1742598579012
Received update: /ndn/al-site/al/svs_core/al=7, 1742598579110
Received update: /ndn/fr2-site/fr2/svs_core/fr2=7, 1742598579110
Received update: /ndn/az-site/az/svs_core/az=7, 1742598582482
Received update: /ndn/ge-site/ge/svs_core/ge=7, 1742598582482
Received update: /ndn/no-site/no/svs_core/no=7, 1742598582482
Received update: /ndn/tr-site/tr/svs_core/tr=7, 1742598582482
Received update: /ndn/de1-site/de1/svs_core/de1=7, 1742598582482
Received update: /ndn/cy-site/cy/svs_core/cy=7, 1742598583883
Received update: /ndn/sk-site/sk/svs_core/sk=7, 1742598583883
Received update: /ndn/si-site/si/svs_core/si=7, 1742598589525
Received update: /ndn/gr-site/gr/svs_core/gr=7, 1742598589566
Received update: /ndn/lu-site/lu/svs_core/lu=7, 1742598589566
Received update: /ndn/de2-site/de2/svs_core/de2=7, 1742598590357
Received update: /ndn/by-site/by/svs_core/by=7, 1742598590697
Received update: /ndn/fi-site/fi/svs_core/fi=7, 1742598592619
Received update: /ndn/bg-site/bg/svs_core/bg=7, 1742598592837
Received update: /ndn/uk-site/uk/svs_core/uk=7, 1742598594036
Received update: /ndn/ch-site/ch/svs_core/ch=7, 1742598594187
Received update: /ndn/cz-site/cz/svs_core/cz=7, 1742598595306
Published sequence number: /ndn/lt-site/lt/svs_core/lt=7, 1742598596412
Sending Sync interest
Received update: /ndn/at-site/at/svs_core/at=7, 1742598600318
Sending Sync interest
Received update: /ndn/is-site/is/svs_core/is=7, 1742598600414
Sending Sync interest
Received update: /ndn/mk-site/mk/svs_core/mk=7, 1742598602250
Sending Sync interest
Received update: /ndn/rs-site/rs/svs_core/rs=7, 1742598602566
Received update: /ndn/ua-site/ua/svs_core/ua=7, 1742598602566
Received update: /ndn/hu-site/hu/svs_core/hu=7, 1742598602675
Received update: /ndn/am-site/am/svs_core/am=7, 1742598603424
Received update: /ndn/pl-site/pl/svs_core/pl=7, 1742598603424
Received update: /ndn/nl-site/nl/svs_core/nl=7, 1742598604855
Received update: /ndn/hr-site/hr/svs_core/hr=7, 1742598604889
Received update: /ndn/se-site/se/svs_core/se=7, 1742598608675
Received update: /ndn/it-site/it/svs_core/it=8, 1742598609366
Received update: /ndn/ro-site/ro/svs_core/ro=8, 1742598612883
Sending Sync interest
Received update: /ndn/il-site/il/svs_core/il=8, 1742598613243
Received update: /ndn/me-site/me/svs_core/me=8, 1742598613243
Received update: /ndn/md-site/md/svs_core/md=8, 1742598613355
Received update: /ndn/mt-site/mt/svs_core/mt=8, 1742598613880
Received update: /ndn/fr1-site/fr1/svs_core/fr1=8, 1742598613880
Received update: /ndn/dk-site/dk/svs_core/dk=8, 1742598617118
Received update: /ndn/lv-site/lv/svs_core/lv=8, 1742598617228
Received update: /ndn/be-site/be/svs_core/be=8, 1742598619738
Received update: /ndn/ee-site/ee/svs_core/ee=8, 1742598619738
Received update: /ndn/pt-site/pt/svs_core/pt=8, 1742598619738
Received update: /ndn/fr2-site/fr2/svs_core/fr2=8, 1742598620643
Received update: /ndn/es-site/es/svs_core/es=8, 1742598620679
Received update: /ndn/al-site/al/svs_core/al=8, 1742598625031
Received update: /ndn/no-site/no/svs_core/no=8, 1742598625031
Received update: /ndn/de1-site/de1/svs_core/de1=8, 1742598625031
Received update: /ndn/ie-site/ie/svs_core/ie=8, 1742598625183
Received update: /ndn/az-site/az/svs_core/az=8, 1742598625675
Received update: /ndn/ge-site/ge/svs_core/ge=8, 1742598631708
Received update: /ndn/lu-site/lu/svs_core/lu=8, 1742598631708
Received update: /ndn/tr-site/tr/svs_core/tr=8, 1742598631708
Received update: /ndn/cy-site/cy/svs_core/cy=8, 1742598631775
Received update: /ndn/sk-site/sk/svs_core/sk=8, 1742598631880
Received update: /ndn/gr-site/gr/svs_core/gr=8, 1742598634153
Received update: /ndn/si-site/si/svs_core/si=8, 1742598634612
Received update: /ndn/bg-site/bg/svs_core/bg=8, 1742598635803
Received update: /ndn/de2-site/de2/svs_core/de2=8, 1742598635803
Received update: /ndn/fi-site/fi/svs_core/fi=8, 1742598637631
Received update: /ndn/ch-site/ch/svs_core/ch=8, 1742598639038
Received update: /ndn/uk-site/uk/svs_core/uk=8, 1742598639038
Received update: /ndn/cz-site/cz/svs_core/cz=8, 1742598640308
Received update: /ndn/by-site/by/svs_core/by=8, 1742598640405
Published sequence number: /ndn/lt-site/lt/svs_core/lt=8, 1742598641413
Sending Sync interest
Received update: /ndn/at-site/at/svs_core/at=8, 1742598645316
Sending Sync interest
Received update: /ndn/is-site/is/svs_core/is=8, 1742598645460
Sending Sync interest
Received update: /ndn/mk-site/mk/svs_core/mk=8, 1742598647314
Received update: /ndn/rs-site/rs/svs_core/rs=8, 1742598647314
Received update: /ndn/ua-site/ua/svs_core/ua=8, 1742598647314
Received update: /ndn/am-site/am/svs_core/am=8, 1742598648329
Received update: /ndn/hu-site/hu/svs_core/hu=8, 1742598648329
Received update: /ndn/pl-site/pl/svs_core/pl=8, 1742598648329
Received update: /ndn/hr-site/hr/svs_core/hr=8, 1742598648672
Received update: /ndn/it-site/it/svs_core/it=9, 1742598654365
Received update: /ndn/nl-site/nl/svs_core/nl=8, 1742598654365
Received update: /ndn/se-site/se/svs_core/se=8, 1742598654365
Received update: /ndn/ro-site/ro/svs_core/ro=9, 1742598657888
Received update: /ndn/il-site/il/svs_core/il=9, 1742598657982
Received update: /ndn/lv-site/lv/svs_core/lv=9, 1742598659913
Received update: /ndn/mt-site/mt/svs_core/mt=9, 1742598659913
Received update: /ndn/dk-site/dk/svs_core/dk=9, 1742598662141
Received update: /ndn/pt-site/pt/svs_core/pt=9, 1742598662264
Received update: /ndn/md-site/md/svs_core/md=9, 1742598662277
Received update: /ndn/me-site/me/svs_core/me=9, 1742598662514
Received update: /ndn/fr1-site/fr1/svs_core/fr1=9, 1742598662514
Received update: /ndn/be-site/be/svs_core/be=9, 1742598664656
Sending Sync interest
Received update: /ndn/ee-site/ee/svs_core/ee=9, 1742598664766
Received update: /ndn/es-site/es/svs_core/es=9, 1742598664803
Received update: /ndn/fr2-site/fr2/svs_core/fr2=9, 1742598665652
Received update: /ndn/al-site/al/svs_core/al=9, 1742598669027
Received update: /ndn/ie-site/ie/svs_core/ie=9, 1742598669027
Received update: /ndn/no-site/no/svs_core/no=9, 1742598670026
Received update: /ndn/de1-site/de1/svs_core/de1=9, 1742598670026
Received update: /ndn/az-site/az/svs_core/az=9, 1742598672885
Received update: /ndn/cy-site/cy/svs_core/cy=9, 1742598672885
Received update: /ndn/ge-site/ge/svs_core/ge=9, 1742598672885
Received update: /ndn/tr-site/tr/svs_core/tr=9, 1742598672885
Received update: /ndn/gr-site/gr/svs_core/gr=9, 1742598679167
Received update: /ndn/lu-site/lu/svs_core/lu=9, 1742598679209
Received update: /ndn/si-site/si/svs_core/si=9, 1742598680444
Received update: /ndn/sk-site/sk/svs_core/sk=9, 1742598680444
Received update: /ndn/de2-site/de2/svs_core/de2=9, 1742598680444
Received update: /ndn/by-site/by/svs_core/by=9, 1742598682990
Received update: /ndn/ch-site/ch/svs_core/ch=9, 1742598682990
Received update: /ndn/fi-site/fi/svs_core/fi=9, 1742598683247
Received update: /ndn/bg-site/bg/svs_core/bg=9, 1742598683370
Received update: /ndn/uk-site/uk/svs_core/uk=9, 1742598684041
Received update: /ndn/cz-site/cz/svs_core/cz=9, 1742598685338
Published sequence number: /ndn/lt-site/lt/svs_core/lt=9, 1742598686413
Sending Sync interest
Received update: /ndn/at-site/at/svs_core/at=9, 1742598690495
Received update: /ndn/is-site/is/svs_core/is=9, 1742598690495
Received update: /ndn/ua-site/ua/svs_core/ua=9, 1742598691778
Received update: /ndn/mk-site/mk/svs_core/mk=9, 1742598692326
Received update: /ndn/rs-site/rs/svs_core/rs=9, 1742598692326
Received update: /ndn/hu-site/hu/svs_core/hu=9, 1742598692684
Received update: /ndn/am-site/am/svs_core/am=9, 1742598693138
Received update: /ndn/pl-site/pl/svs_core/pl=9, 1742598693329
Sending Sync interest
Received update: /ndn/hr-site/hr/svs_core/hr=9, 1742598693661
Received update: /ndn/nl-site/nl/svs_core/nl=9, 1742598694870
Received update: /ndn/it-site/it/svs_core/it=10, 1742598702881
Received update: /ndn/ro-site/ro/svs_core/ro=10, 1742598702881
Received update: /ndn/se-site/se/svs_core/se=9, 1742598702881
Received update: /ndn/me-site/me/svs_core/me=10, 1742598702944
Received update: /ndn/il-site/il/svs_core/il=10, 1742598702972
Received update: /ndn/lv-site/lv/svs_core/lv=10, 1742598704832
Sending Sync interest
Received update: /ndn/md-site/md/svs_core/md=10, 1742598704982
Received update: /ndn/pt-site/pt/svs_core/pt=10, 1742598704982
Max suppression time updated to: 87
Max suppression time updated to: 90
Max suppression time updated to: 90
Received update: /ndn/mt-site/mt/svs_core/mt=10, 1742598705363
Received update: /ndn/fr1-site/fr1/svs_core/fr1=10, 1742598705363
Received update: /ndn/al-site/al/svs_core/al=10, 1742598712312
Received update: /ndn/be-site/be/svs_core/be=10, 1742598712312
Received update: /ndn/dk-site/dk/svs_core/dk=10, 1742598712312
Received update: /ndn/ee-site/ee/svs_core/ee=10, 1742598712312
Received update: /ndn/es-site/es/svs_core/es=10, 1742598712312
Received update: /ndn/fr2-site/fr2/svs_core/fr2=10, 1742598712312
Received update: /ndn/no-site/no/svs_core/no=10, 1742598714935
Received update: /ndn/de1-site/de1/svs_core/de1=10, 1742598714935
Received update: /ndn/ie-site/ie/svs_core/ie=10, 1742598715006
Received update: /ndn/az-site/az/svs_core/az=10, 1742598716309
Received update: /ndn/tr-site/tr/svs_core/tr=10, 1742598716309
Received update: /ndn/cy-site/cy/svs_core/cy=10, 1742598717802
Received update: /ndn/ge-site/ge/svs_core/ge=10, 1742598717903
Received update: /ndn/lu-site/lu/svs_core/lu=10, 1742598721712
Received update: /ndn/gr-site/gr/svs_core/gr=10, 1742598724220
Received update: /ndn/sk-site/sk/svs_core/sk=10, 1742598724281
Received update: /ndn/si-site/si/svs_core/si=10, 1742598724501
Received update: /ndn/de2-site/de2/svs_core/de2=10, 1742598725363
Received update: /ndn/bg-site/bg/svs_core/bg=10, 1742598725807
Received update: /ndn/ch-site/ch/svs_core/ch=10, 1742598727892
Received update: /ndn/cz-site/cz/svs_core/cz=10, 1742598730323
Received update: /ndn/uk-site/uk/svs_core/uk=10, 1742598730323
Received update: /ndn/by-site/by/svs_core/by=10, 1742598730429
Published sequence number: /ndn/lt-site/lt/svs_core/lt=10, 1742598731418
Sending Sync interest
Max suppression time updated to: 93
Received update: /ndn/fi-site/fi/svs_core/fi=10, 1742598731616
Received update: /ndn/at-site/at/svs_core/at=10, 1742598735324
Received update: /ndn/is-site/is/svs_core/is=10, 1742598736716
Received update: /ndn/ua-site/ua/svs_core/ua=10, 1742598736716
Received update: /ndn/am-site/am/svs_core/am=10, 1742598738578
Received update: /ndn/hu-site/hu/svs_core/hu=10, 1742598738578
Received update: /ndn/mk-site/mk/svs_core/mk=10, 1742598738578
Received update: /ndn/pl-site/pl/svs_core/pl=10, 1742598738578
Received update: /ndn/nl-site/nl/svs_core/nl=10, 1742598747899
Received update: /ndn/ro-site/ro/svs_core/ro=11, 1742598747899
Received update: /ndn/hr-site/hr/svs_core/hr=10, 1742598747926
Received update: /ndn/it-site/it/svs_core/it=11, 1742598747926
Received update: /ndn/md-site/md/svs_core/md=11, 1742598747926
Received update: /ndn/me-site/me/svs_core/me=11, 1742598748070
Received update: /ndn/il-site/il/svs_core/il=11, 1742598748206
Received update: /ndn/se-site/se/svs_core/se=10, 1742598748206
Received update: /ndn/pt-site/pt/svs_core/pt=11, 1742598748449
Sending Sync interest
Max suppression time updated to: 93
Received update: /ndn/fr1-site/fr1/svs_core/fr1=11, 1742598748624
Received update: /ndn/mt-site/mt/svs_core/mt=11, 1742598748891
Received update: /ndn/dk-site/dk/svs_core/dk=11, 1742598752130
Received update: /ndn/be-site/be/svs_core/be=11, 1742598754886
Received update: /ndn/es-site/es/svs_core/es=11, 1742598754886
Received update: /ndn/lv-site/lv/svs_core/lv=11, 1742598754955
Received update: /ndn/ee-site/ee/svs_core/ee=11, 1742598754975
Sending Sync interest
Received update: /ndn/no-site/no/svs_core/no=11, 1742598758055
Received update: /ndn/fr2-site/fr2/svs_core/fr2=11, 1742598758141
Received update: /ndn/al-site/al/svs_core/al=11, 1742598758233
Received update: /ndn/ie-site/ie/svs_core/ie=11, 1742598759024
Sending Sync interest
Received update: /ndn/az-site/az/svs_core/az=11, 1742598760645
Received update: /ndn/de1-site/de1/svs_core/de1=11, 1742598760692
Received update: /ndn/ge-site/ge/svs_core/ge=11, 1742598762532
Received update: /ndn/cy-site/cy/svs_core/cy=11, 1742598762884
Received update: /ndn/tr-site/tr/svs_core/tr=11, 1742598762934
Received update: /ndn/gr-site/gr/svs_core/gr=11, 1742598769187
Received update: /ndn/lu-site/lu/svs_core/lu=11, 1742598769187
Received update: /ndn/sk-site/sk/svs_core/sk=11, 1742598769187
Received update: /ndn/bg-site/bg/svs_core/bg=11, 1742598770823
Received update: /ndn/si-site/si/svs_core/si=11, 1742598770888
Received update: /ndn/rs-site/rs/svs_core/rs=10, 1742598771039
Received update: /ndn/de2-site/de2/svs_core/de2=11, 1742598771039
Received update: /ndn/fi-site/fi/svs_core/fi=11, 1742598772637
Received update: /ndn/ch-site/ch/svs_core/ch=11, 1742598772898
Received update: /ndn/cz-site/cz/svs_core/cz=11, 1742598775321
Received update: /ndn/uk-site/uk/svs_core/uk=11, 1742598775321
Published sequence number: /ndn/lt-site/lt/svs_core/lt=11, 1742598776420
Sending Sync interest
Received update: /ndn/at-site/at/svs_core/at=11, 1742598780502
Received update: /ndn/is-site/is/svs_core/is=11, 1742598780502
Sending Sync interest
Received update: /ndn/rs-site/rs/svs_core/rs=11, 1742598781761
Received update: /ndn/ua-site/ua/svs_core/ua=11, 1742598781761
Received update: /ndn/by-site/by/svs_core/by=11, 1742598781824
Sending Sync interest
Sending Sync interest
Received update: /ndn/mk-site/mk/svs_core/mk=11, 1742598783338
Received update: /ndn/pl-site/pl/svs_core/pl=11, 1742598783338
Received update: /ndn/hr-site/hr/svs_core/hr=11, 1742598783658
Received update: /ndn/hu-site/hu/svs_core/hu=11, 1742598783658
Received update: /ndn/se-site/se/svs_core/se=11, 1742598788687
Received update: /ndn/nl-site/nl/svs_core/nl=11, 1742598788719
Received update: /ndn/md-site/md/svs_core/md=12, 1742598789418
Received update: /ndn/am-site/am/svs_core/am=11, 1742598789423
Received update: /ndn/it-site/it/svs_core/it=12, 1742598789423
Received update: /ndn/il-site/il/svs_core/il=12, 1742598792976
Received update: /ndn/ro-site/ro/svs_core/ro=12, 1742598792976
Received update: /ndn/me-site/me/svs_core/me=12, 1742598793538
Received update: /ndn/pt-site/pt/svs_core/pt=12, 1742598793538
Received update: /ndn/lv-site/lv/svs_core/lv=12, 1742598794793
Sending Sync interest
Received update: /ndn/be-site/be/svs_core/be=12, 1742598799665
Received update: /ndn/dk-site/dk/svs_core/dk=12, 1742598799665
Received update: /ndn/ee-site/ee/svs_core/ee=12, 1742598799665
Received update: /ndn/fr1-site/fr1/svs_core/fr1=12, 1742598799665
Received update: /ndn/no-site/no/svs_core/no=12, 1742598803074
Received update: /ndn/es-site/es/svs_core/es=12, 1742598803132
Received update: /ndn/fr2-site/fr2/svs_core/fr2=12, 1742598803132
Received update: /ndn/al-site/al/svs_core/al=12, 1742598805696
Received update: /ndn/az-site/az/svs_core/az=12, 1742598805696
Received update: /ndn/ie-site/ie/svs_core/ie=12, 1742598805696
Received update: /ndn/de1-site/de1/svs_core/de1=12, 1742598805696
Received update: /ndn/ge-site/ge/svs_core/ge=12, 1742598807506
Received update: /ndn/tr-site/tr/svs_core/tr=12, 1742598807506
Received update: /ndn/cy-site/cy/svs_core/cy=12, 1742598807812
Received update: /ndn/lu-site/lu/svs_core/lu=12, 1742598813779
Received update: /ndn/sk-site/sk/svs_core/sk=12, 1742598813779
Received update: /ndn/gr-site/gr/svs_core/gr=12, 1742598814165
Received update: /ndn/si-site/si/svs_core/si=12, 1742598814501
Received update: /ndn/de2-site/de2/svs_core/de2=12, 1742598815378
Received update: /ndn/fi-site/fi/svs_core/fi=12, 1742598817639
Received update: /ndn/bg-site/bg/svs_core/bg=12, 1742598817696
Received update: /ndn/by-site/by/svs_core/by=12, 1742598817917
Received update: /ndn/ch-site/ch/svs_core/ch=12, 1742598817917
Received update: /ndn/cz-site/cz/svs_core/cz=12, 1742598820481
Received update: /ndn/uk-site/uk/svs_core/uk=12, 1742598820481
Published sequence number: /ndn/lt-site/lt/svs_core/lt=12, 1742598821426
Sending Sync interest
Received update: /ndn/is-site/is/svs_core/is=12, 1742598822365
Sending Sync interest
Received update: /ndn/at-site/at/svs_core/at=12, 1742598826690
Received update: /ndn/rs-site/rs/svs_core/rs=12, 1742598826690
Sending Sync interest
Received update: /ndn/mk-site/mk/svs_core/mk=12, 1742598827300
Received update: /ndn/am-site/am/svs_core/am=12, 1742598828724
Received update: /ndn/hr-site/hr/svs_core/hr=12, 1742598828724
Received update: /ndn/hu-site/hu/svs_core/hu=12, 1742598828724
Received update: /ndn/mt-site/mt/svs_core/mt=12, 1742598828724
Received update: /ndn/pl-site/pl/svs_core/pl=12, 1742598828724
Received update: /ndn/ua-site/ua/svs_core/ua=12, 1742598828724
Received update: /ndn/nl-site/nl/svs_core/nl=12, 1742598829868
Received update: /ndn/md-site/md/svs_core/md=13, 1742598834404
Received update: /ndn/se-site/se/svs_core/se=12, 1742598834404
Received update: /ndn/me-site/me/svs_core/me=13, 1742598834442
Received update: /ndn/it-site/it/svs_core/it=13, 1742598834504
Received update: /ndn/ro-site/ro/svs_core/ro=13, 1742598837894
Received update: /ndn/il-site/il/svs_core/il=13, 1742598837977
Received update: /ndn/fr1-site/fr1/svs_core/fr1=13, 1742598838373
Received update: /ndn/dk-site/dk/svs_core/dk=13, 1742598842133
Received update: /ndn/lv-site/lv/svs_core/lv=13, 1742598842241
Received update: /ndn/pt-site/pt/svs_core/pt=13, 1742598842249
Received update: /ndn/ee-site/ee/svs_core/ee=13, 1742598843927
Received update: /ndn/mt-site/mt/svs_core/mt=13, 1742598843981
Received update: /ndn/es-site/es/svs_core/es=13, 1742598845654
Received update: /ndn/fr2-site/fr2/svs_core/fr2=13, 1742598845654
Received update: /ndn/be-site/be/svs_core/be=13, 1742598848055
Received update: /ndn/no-site/no/svs_core/no=13, 1742598848055
Received update: /ndn/de1-site/de1/svs_core/de1=13, 1742598849933
Received update: /ndn/tr-site/tr/svs_core/tr=13, 1742598851254
Received update: /ndn/az-site/az/svs_core/az=13, 1742598851312
Received update: /ndn/ge-site/ge/svs_core/ge=13, 1742598852502
Received update: /ndn/al-site/al/svs_core/al=13, 1742598852815
Received update: /ndn/cy-site/cy/svs_core/cy=13, 1742598852815
Received update: /ndn/ie-site/ie/svs_core/ie=13, 1742598852954
Received update: /ndn/gr-site/gr/svs_core/gr=13, 1742598859284
Received update: /ndn/sk-site/sk/svs_core/sk=13, 1742598859284
Received update: /ndn/si-site/si/svs_core/si=13, 1742598859513
Received update: /ndn/lu-site/lu/svs_core/lu=13, 1742598859595
Received update: /ndn/by-site/by/svs_core/by=13, 1742598860685
Received update: /ndn/bg-site/bg/svs_core/bg=13, 1742598860809
Received update: /ndn/de2-site/de2/svs_core/de2=13, 1742598860809
Published sequence number: /ndn/lt-site/lt/svs_core/lt=13, 1742598866433
Sending Sync interest
Received update: /ndn/ch-site/ch/svs_core/ch=13, 1742598867412
Received update: /ndn/cz-site/cz/svs_core/cz=13, 1742598867412
Received update: /ndn/fi-site/fi/svs_core/fi=13, 1742598867412
Received update: /ndn/is-site/is/svs_core/is=13, 1742598867412
Received update: /ndn/uk-site/uk/svs_core/uk=13, 1742598867412
Sending Sync interest
Received update: /ndn/at-site/at/svs_core/at=13, 1742598870348
Max suppression time updated to: 132
Received update: /ndn/rs-site/rs/svs_core/rs=13, 1742598871691
Received update: /ndn/mk-site/mk/svs_core/mk=13, 1742598872269
Received update: /ndn/ua-site/ua/svs_core/ua=13, 1742598872410
Received update: /ndn/hu-site/hu/svs_core/hu=13, 1742598873385
Received update: /ndn/pl-site/pl/svs_core/pl=13, 1742598873385
Received update: /ndn/am-site/am/svs_core/am=13, 1742598873511
Received update: /ndn/hr-site/hr/svs_core/hr=13, 1742598874869
Received update: /ndn/nl-site/nl/svs_core/nl=13, 1742598874869
Received update: /ndn/it-site/it/svs_core/it=14, 1742598879373
Received update: /ndn/il-site/il/svs_core/il=14, 1742598882984
Received update: /ndn/ro-site/ro/svs_core/ro=14, 1742598882984
Received update: /ndn/se-site/se/svs_core/se=13, 1742598883074
Received update: /ndn/lv-site/lv/svs_core/lv=14, 1742598884802
Received update: /ndn/md-site/md/svs_core/md=14, 1742598885266
Received update: /ndn/pt-site/pt/svs_core/pt=14, 1742598885266
Received update: /ndn/fr1-site/fr1/svs_core/fr1=14, 1742598885266
Received update: /ndn/me-site/me/svs_core/me=14, 1742598885486
Received update: /ndn/mt-site/mt/svs_core/mt=14, 1742598885486
Received update: /ndn/dk-site/dk/svs_core/dk=14, 1742598887152
Received update: /ndn/be-site/be/svs_core/be=14, 1742598889665
Received update: /ndn/ee-site/ee/svs_core/ee=14, 1742598893067
Received update: /ndn/es-site/es/svs_core/es=14, 1742598893067
Received update: /ndn/no-site/no/svs_core/no=14, 1742598893067
Received update: /ndn/al-site/al/svs_core/al=14, 1742598893115
Received update: /ndn/ie-site/ie/svs_core/ie=14, 1742598894052
Received update: /ndn/de1-site/de1/svs_core/de1=14, 1742598894941
Received update: /ndn/fr2-site/fr2/svs_core/fr2=14, 1742598895053
Received update: /ndn/az-site/az/svs_core/az=14, 1742598896251
Received update: /ndn/tr-site/tr/svs_core/tr=14, 1742598896251
Received update: /ndn/cy-site/cy/svs_core/cy=14, 1742598904180
Received update: /ndn/ge-site/ge/svs_core/ge=14, 1742598904180
Received update: /ndn/gr-site/gr/svs_core/gr=14, 1742598904180
Received update: /ndn/lu-site/lu/svs_core/lu=14, 1742598904180
Received update: /ndn/sk-site/sk/svs_core/sk=14, 1742598904180
Received update: /ndn/fi-site/fi/svs_core/fi=14, 1742598907789
Received update: /ndn/si-site/si/svs_core/si=14, 1742598907789
Received update: /ndn/de2-site/de2/svs_core/de2=14, 1742598907789
Received update: /ndn/bg-site/bg/svs_core/bg=14, 1742598907865
Received update: /ndn/by-site/by/svs_core/by=14, 1742598907919
Published sequence number: /ndn/lt-site/lt/svs_core/lt=14, 1742598911436
Sending Sync interest
Received update: /ndn/is-site/is/svs_core/is=14, 1742598912487
Received update: /ndn/uk-site/uk/svs_core/uk=14, 1742598912487
Sending Sync interest
Received update: /ndn/at-site/at/svs_core/at=14, 1742598915329
Sending Sync interest
Received update: /ndn/ch-site/ch/svs_core/ch=14, 1742598915482
Sending Sync interest
Received update: /ndn/rs-site/rs/svs_core/rs=14, 1742598916689
Received update: /ndn/cz-site/cz/svs_core/cz=14, 1742598916739
Received update: /ndn/ua-site/ua/svs_core/ua=14, 1742598916856
Received update: /ndn/mk-site/mk/svs_core/mk=14, 1742598917275
Received update: /ndn/hr-site/hr/svs_core/hr=14, 1742598918682
Received update: /ndn/hu-site/hu/svs_core/hu=14, 1742598918682
Received update: /ndn/pl-site/pl/svs_core/pl=14, 1742598918682
Received update: /ndn/am-site/am/svs_core/am=14, 1742598919877
Received update: /ndn/nl-site/nl/svs_core/nl=14, 1742598919877
Received update: /ndn/it-site/it/svs_core/it=15, 1742598924453
Received update: /ndn/me-site/me/svs_core/me=15, 1742598924453
Received update: /ndn/il-site/il/svs_core/il=15, 1742598928000
Received update: /ndn/ro-site/ro/svs_core/ro=15, 1742598928000
Received update: /ndn/se-site/se/svs_core/se=14, 1742598928000
Received update: /ndn/pt-site/pt/svs_core/pt=15, 1742598928446
Received update: /ndn/fr1-site/fr1/svs_core/fr1=15, 1742598928446
Received update: /ndn/md-site/md/svs_core/md=15, 1742598928890
Received update: /ndn/mt-site/mt/svs_core/mt=15, 1742598928890
Received update: /ndn/lv-site/lv/svs_core/lv=15, 1742598929805
Received update: /ndn/dk-site/dk/svs_core/dk=15, 1742598933966
Received update: /ndn/ee-site/ee/svs_core/ee=15, 1742598933966
Received update: /ndn/be-site/be/svs_core/be=15, 1742598934824
Received update: /ndn/es-site/es/svs_core/es=15, 1742598934824
Received update: /ndn/al-site/al/svs_core/al=15, 1742598937192
Received update: /ndn/fr2-site/fr2/svs_core/fr2=15, 1742598937192
Received update: /ndn/az-site/az/svs_core/az=15, 1742598940645
Received update: /ndn/no-site/no/svs_core/no=15, 1742598940798
Received update: /ndn/de1-site/de1/svs_core/de1=15, 1742598940798
Received update: /ndn/ie-site/ie/svs_core/ie=15, 1742598940835
Received update: /ndn/tr-site/tr/svs_core/tr=15, 1742598941254
Received update: /ndn/cy-site/cy/svs_core/cy=15, 1742598946725
Received update: /ndn/ge-site/ge/svs_core/ge=15, 1742598946725
Received update: /ndn/lu-site/lu/svs_core/lu=15, 1742598946725
Received update: /ndn/gr-site/gr/svs_core/gr=15, 1742598949299
Received update: /ndn/sk-site/sk/svs_core/sk=15, 1742598949299
Received update: /ndn/de2-site/de2/svs_core/de2=15, 1742598950396
Received update: /ndn/by-site/by/svs_core/by=15, 1742598950694
Received update: /ndn/bg-site/bg/svs_core/bg=15, 1742598950817
Received update: /ndn/si-site/si/svs_core/si=15, 1742598951009
Received update: /ndn/ch-site/ch/svs_core/ch=15, 1742598955339
Received update: /ndn/cz-site/cz/svs_core/cz=15, 1742598955339
Received update: /ndn/uk-site/uk/svs_core/uk=15, 1742598955339
Published sequence number: /ndn/lt-site/lt/svs_core/lt=15, 1742598956440
Sending Sync interest
Received update: /ndn/at-site/at/svs_core/at=15, 1742598960333
Received update: /ndn/fi-site/fi/svs_core/fi=15, 1742598960333
Received update: /ndn/is-site/is/svs_core/is=15, 1742598960333
Received update: /ndn/ua-site/ua/svs_core/ua=15, 1742598961716
Received update: /ndn/rs-site/rs/svs_core/rs=15, 1742598961780
Received update: /ndn/hu-site/hu/svs_core/hu=15, 1742598962715
Received update: /ndn/pl-site/pl/svs_core/pl=15, 1742598963354
Received update: /ndn/am-site/am/svs_core/am=15, 1742598963826
Received update: /ndn/hr-site/hr/svs_core/hr=15, 1742598963826
Received update: /ndn/mk-site/mk/svs_core/mk=15, 1742598968716
Received update: /ndn/se-site/se/svs_core/se=15, 1742598968716
Received update: /ndn/nl-site/nl/svs_core/nl=15, 1742598968785
Received update: /ndn/it-site/it/svs_core/it=16, 1742598969436
Received update: /ndn/ro-site/ro/svs_core/ro=16, 1742598972908
Received update: /ndn/me-site/me/svs_core/me=16, 1742598973018
Received update: /ndn/fr1-site/fr1/svs_core/fr1=16, 1742598973378
Received update: /ndn/pt-site/pt/svs_core/pt=16, 1742598973451
Received update: /ndn/il-site/il/svs_core/il=16, 1742598973686
Received update: /ndn/md-site/md/svs_core/md=16, 1742598973686
Received update: /ndn/mt-site/mt/svs_core/mt=16, 1742598973942
Received update: /ndn/lv-site/lv/svs_core/lv=16, 1742598974806
Received update: /ndn/dk-site/dk/svs_core/dk=16, 1742598977145
Received update: /ndn/be-site/be/svs_core/be=16, 1742598979843
Received update: /ndn/ee-site/ee/svs_core/ee=16, 1742598979843
Received update: /ndn/es-site/es/svs_core/es=16, 1742598979843
Received update: /ndn/al-site/al/svs_core/al=16, 1742598982200
Received update: /ndn/fr2-site/fr2/svs_core/fr2=16, 1742598982266
Received update: /ndn/no-site/no/svs_core/no=16, 1742598984938
Received update: /ndn/de1-site/de1/svs_core/de1=16, 1742598984938
Received update: /ndn/az-site/az/svs_core/az=16, 1742598985646
Sending Sync interest
Received update: /ndn/tr-site/tr/svs_core/tr=16, 1742598986252
Received update: /ndn/ge-site/ge/svs_core/ge=16, 1742598987517
Received update: /ndn/ie-site/ie/svs_core/ie=16, 1742598987517
Received update: /ndn/cy-site/cy/svs_core/cy=16, 1742598987837
Received update: /ndn/sk-site/sk/svs_core/sk=16, 1742598988910
Received update: /ndn/lu-site/lu/svs_core/lu=16, 1742598991731
Received update: /ndn/de2-site/de2/svs_core/de2=16, 1742598995408
Received update: /ndn/by-site/by/svs_core/by=16, 1742598995694
Received update: /ndn/si-site/si/svs_core/si=16, 1742598995741
Received update: /ndn/gr-site/gr/svs_core/gr=16, 1742598996040
Received update: /ndn/fi-site/fi/svs_core/fi=16, 1742598997648
Received update: /ndn/bg-site/bg/svs_core/bg=16, 1742598997719
Received update: /ndn/ch-site/ch/svs_core/ch=16, 1742598997926
Received update: /ndn/uk-site/uk/svs_core/uk=16, 1742598999063
Received update: /ndn/cz-site/cz/svs_core/cz=16, 1742599000347
Published sequence number: /ndn/lt-site/lt/svs_core/lt=16, 1742599001445
Sending Sync interest
Received update: /ndn/is-site/is/svs_core/is=16, 1742599002386
Sending Sync interest
Received update: /ndn/at-site/at/svs_core/at=16, 1742599005336
Received update: /ndn/rs-site/rs/svs_core/rs=16, 1742599006698
Received update: /ndn/mk-site/mk/svs_core/mk=16, 1742599007292
Received update: /ndn/hu-site/hu/svs_core/hu=16, 1742599013745
Received update: /ndn/se-site/se/svs_core/se=16, 1742599013745
Received update: /ndn/nl-site/nl/svs_core/nl=16, 1742599013760
Received update: /ndn/pl-site/pl/svs_core/pl=16, 1742599013839
Received update: /ndn/am-site/am/svs_core/am=16, 1742599014064
Received update: /ndn/hr-site/hr/svs_core/hr=16, 1742599014064
Received update: /ndn/ua-site/ua/svs_core/ua=16, 1742599014064
Stopping SVS client: /ndn/lt-site/lt/svs_core/lt
