SVS client starting: /ndn/bg-site/bg/svs_core/bg
Sending Sync interest
Received update: /ndn/be-site/be/svs_core/be=1, 1741635035693
Received update: /ndn/pt-site/pt/svs_core/pt=1, 1741635036116
Received update: /ndn/cy-site/cy/svs_core/cy=1, 1741635038004
Received update: /ndn/lt-site/lt/svs_core/lt=1, 1741635038004
Received update: /ndn/de1-site/de1/svs_core/de1=1, 1741635039475
Received update: /ndn/mk-site/mk/svs_core/mk=1, 1741635040644
Received update: /ndn/lu-site/lu/svs_core/lu=1, 1741635040867
Sending Sync interest
Received update: /ndn/se-site/se/svs_core/se=1, 1741635045758
Received update: /ndn/ua-site/ua/svs_core/ua=1, 1741635045758
Received update: /ndn/am-site/am/svs_core/am=1, 1741635046447
Received update: /ndn/hr-site/hr/svs_core/hr=1, 1741635046494
Received update: /ndn/fi-site/fi/svs_core/fi=1, 1741635047311
Received update: /ndn/ge-site/ge/svs_core/ge=1, 1741635047311
Received update: /ndn/by-site/by/svs_core/by=1, 1741635048071
Received update: /ndn/ee-site/ee/svs_core/ee=1, 1741635049023
Received update: /ndn/lv-site/lv/svs_core/lv=1, 1741635050175
Received update: /ndn/gr-site/gr/svs_core/gr=1, 1741635053990
Received update: /ndn/il-site/il/svs_core/il=1, 1741635053990
Received update: /ndn/uk-site/uk/svs_core/uk=1, 1741635053990
Received update: /ndn/me-site/me/svs_core/me=1, 1741635054041
Received update: /ndn/it-site/it/svs_core/it=1, 1741635054857
Received update: /ndn/nl-site/nl/svs_core/nl=1, 1741635054917
Received update: /ndn/no-site/no/svs_core/no=1, 1741635055117
Received update: /ndn/de2-site/de2/svs_core/de2=1, 1741635056658
Published sequence number: /ndn/bg-site/bg/svs_core/bg=1, 1741635057897
Sending Sync interest
Max suppression time updated to: 72
Received update: /ndn/si-site/si/svs_core/si=1, 1741635058091
Max suppression time updated to: 111
Received update: /ndn/mt-site/mt/svs_core/mt=1, 1741635058264
Received update: /ndn/es-site/es/svs_core/es=1, 1741635062180
Received update: /ndn/sk-site/sk/svs_core/sk=1, 1741635062241
Received update: /ndn/al-site/al/svs_core/al=1, 1741635062574
Sending Sync interest
Max suppression time updated to: 84
Received update: /ndn/at-site/at/svs_core/at=1, 1741635062767
Received update: /ndn/dk-site/dk/svs_core/dk=1, 1741635062767
Max suppression time updated to: 114
Sending Sync interest
Received update: /ndn/is-site/is/svs_core/is=1, 1741635062913
Sending Sync interest
Received update: /ndn/fr2-site/fr2/svs_core/fr2=1, 1741635063358
Received update: /ndn/az-site/az/svs_core/az=1, 1741635072541
Received update: /ndn/cz-site/cz/svs_core/cz=1, 1741635072541
Received update: /ndn/rs-site/rs/svs_core/rs=1, 1741635072541
Received update: /ndn/ro-site/ro/svs_core/ro=1, 1741635073908
Received update: /ndn/ch-site/ch/svs_core/ch=1, 1741635074095
Received update: /ndn/lt-site/lt/svs_core/lt=2, 1741635079934
Sending Sync interest
Received update: /ndn/hu-site/hu/svs_core/hu=1, 1741635080233
Received update: /ndn/tr-site/tr/svs_core/tr=1, 1741635080233
Received update: /ndn/pl-site/pl/svs_core/pl=1, 1741635080651
Received update: /ndn/ee-site/ee/svs_core/ee=2, 1741635094005
Sending Sync interest
Received update: /ndn/lu-site/lu/svs_core/lu=2, 1741635094134
Max suppression time updated to: 105
Received update: /ndn/cy-site/cy/svs_core/cy=2, 1741635095117
Received update: /ndn/gr-site/gr/svs_core/gr=2, 1741635095117
Received update: /ndn/hr-site/hr/svs_core/hr=2, 1741635095117
Received update: /ndn/me-site/me/svs_core/me=2, 1741635095223
Received update: /ndn/de1-site/de1/svs_core/de1=2, 1741635095826
Received update: /ndn/fr1-site/fr1/svs_core/fr1=1, 1741635095889
Received update: /ndn/am-site/am/svs_core/am=2, 1741635096227
Received update: /ndn/se-site/se/svs_core/se=2, 1741635096227
Received update: /ndn/by-site/by/svs_core/by=2, 1741635096496
Received update: /ndn/mk-site/mk/svs_core/mk=2, 1741635096496
Sending Sync interest
Received update: /ndn/be-site/be/svs_core/be=2, 1741635096691
Sending Sync interest
Published sequence number: /ndn/bg-site/bg/svs_core/bg=2, 1741635102899
Sending Sync interest
Received update: /ndn/il-site/il/svs_core/il=2, 1741635108562
Received update: /ndn/it-site/it/svs_core/it=2, 1741635108562
Received update: /ndn/nl-site/nl/svs_core/nl=2, 1741635108562
Received update: /ndn/pt-site/pt/svs_core/pt=2, 1741635108562
Received update: /ndn/uk-site/uk/svs_core/uk=2, 1741635108562
Received update: /ndn/de2-site/de2/svs_core/de2=2, 1741635108562
Received update: /ndn/fr2-site/fr2/svs_core/fr2=2, 1741635108562
Sending Sync interest
Received update: /ndn/at-site/at/svs_core/at=2, 1741635119814
Received update: /ndn/pl-site/pl/svs_core/pl=2, 1741635119814
Received update: /ndn/sk-site/sk/svs_core/sk=2, 1741635119814
Received update: /ndn/ro-site/ro/svs_core/ro=2, 1741635119841
Sending Sync interest
Received update: /ndn/ch-site/ch/svs_core/ch=2, 1741635119957
Received update: /ndn/si-site/si/svs_core/si=2, 1741635120141
Received update: /ndn/dk-site/dk/svs_core/dk=2, 1741635120466
Received update: /ndn/is-site/is/svs_core/is=2, 1741635120466
Received update: /ndn/rs-site/rs/svs_core/rs=2, 1741635120466
Received update: /ndn/mk-site/mk/svs_core/mk=3, 1741635130653
Sending Sync interest
Received update: /ndn/be-site/be/svs_core/be=3, 1741635130949
Received update: /ndn/cz-site/cz/svs_core/cz=2, 1741635130949
Received update: /ndn/ge-site/ge/svs_core/ge=2, 1741635130949
Received update: /ndn/hu-site/hu/svs_core/hu=2, 1741635130949
Received update: /ndn/ie-site/ie/svs_core/ie=1, 1741635130949
Received update: /ndn/ie-site/ie/svs_core/ie=2, 1741635130949
Received update: /ndn/lt-site/lt/svs_core/lt=3, 1741635130949
Received update: /ndn/lu-site/lu/svs_core/lu=3, 1741635130949
Received update: /ndn/lv-site/lv/svs_core/lv=2, 1741635130949
Received update: /ndn/tr-site/tr/svs_core/tr=2, 1741635130949
Received update: /ndn/ua-site/ua/svs_core/ua=2, 1741635131023
Received update: /ndn/ua-site/ua/svs_core/ua=3, 1741635131023
Sending Sync interest
Received update: /ndn/es-site/es/svs_core/es=2, 1741635136569
Received update: /ndn/hr-site/hr/svs_core/hr=3, 1741635136569
Received update: /ndn/me-site/me/svs_core/me=3, 1741635136569
Received update: /ndn/pt-site/pt/svs_core/pt=3, 1741635136569
Received update: /ndn/fr1-site/fr1/svs_core/fr1=2, 1741635136569
Received update: /ndn/de1-site/de1/svs_core/de1=3, 1741635136607
Sending Sync interest
Received update: /ndn/ge-site/ge/svs_core/ge=3, 1741635144856
Received update: /ndn/it-site/it/svs_core/it=3, 1741635144856
Sending Sync interest
Received update: /ndn/am-site/am/svs_core/am=3, 1741635145461
Received update: /ndn/fi-site/fi/svs_core/fi=2, 1741635145461
Received update: /ndn/nl-site/nl/svs_core/nl=3, 1741635145461
Received update: /ndn/no-site/no/svs_core/no=2, 1741635145461
Received update: /ndn/se-site/se/svs_core/se=3, 1741635145461
Received update: /ndn/uk-site/uk/svs_core/uk=3, 1741635145461
Received update: /ndn/de2-site/de2/svs_core/de2=3, 1741635146665
Published sequence number: /ndn/bg-site/bg/svs_core/bg=3, 1741635147904
Sending Sync interest
Received update: /ndn/cy-site/cy/svs_core/cy=3, 1741635148204
Received update: /ndn/ee-site/ee/svs_core/ee=3, 1741635148204
Received update: /ndn/lv-site/lv/svs_core/lv=3, 1741635148204
Received update: /ndn/no-site/no/svs_core/no=3, 1741635148204
Received update: /ndn/md-site/md/svs_core/md=1, 1741635148325
Received update: /ndn/md-site/md/svs_core/md=2, 1741635148325
Received update: /ndn/az-site/az/svs_core/az=2, 1741635148693
Received update: /ndn/az-site/az/svs_core/az=3, 1741635148693
Sending Sync interest
Received update: /ndn/gr-site/gr/svs_core/gr=3, 1741635148779
Sending Sync interest
Received update: /ndn/mt-site/mt/svs_core/mt=2, 1741635149032
Received update: /ndn/mt-site/mt/svs_core/mt=3, 1741635149032
Received update: /ndn/si-site/si/svs_core/si=3, 1741635149032
Received update: /ndn/ro-site/ro/svs_core/ro=3, 1741635163881
Received update: /ndn/md-site/md/svs_core/md=3, 1741635163908
Sending Sync interest
Received update: /ndn/cz-site/cz/svs_core/cz=3, 1741635164714
Received update: /ndn/pl-site/pl/svs_core/pl=3, 1741635164714
Sending Sync interest
Received update: /ndn/dk-site/dk/svs_core/dk=3, 1741635164982
Sending Sync interest
Received update: /ndn/al-site/al/svs_core/al=2, 1741635169184
Received update: /ndn/at-site/at/svs_core/at=3, 1741635169184
Received update: /ndn/ch-site/ch/svs_core/ch=3, 1741635169184
Received update: /ndn/es-site/es/svs_core/es=3, 1741635169184
Received update: /ndn/il-site/il/svs_core/il=3, 1741635169184
Received update: /ndn/fr1-site/fr1/svs_core/fr1=3, 1741635169184
Received update: /ndn/fr2-site/fr2/svs_core/fr2=3, 1741635169184
Received update: /ndn/hu-site/hu/svs_core/hu=3, 1741635169258
Received update: /ndn/sk-site/sk/svs_core/sk=3, 1741635169258
Sending Sync interest
Received update: /ndn/be-site/be/svs_core/be=4, 1741635170807
Received update: /ndn/lt-site/lt/svs_core/lt=4, 1741635170807
Received update: /ndn/tr-site/tr/svs_core/tr=3, 1741635170807
Sending Sync interest
Sending Sync interest
Received update: /ndn/ie-site/ie/svs_core/ie=3, 1741635175823
Received update: /ndn/mk-site/mk/svs_core/mk=4, 1741635175823
Sending Sync interest
Received update: /ndn/ua-site/ua/svs_core/ua=4, 1741635176032
Sending Sync interest
Received update: /ndn/cy-site/cy/svs_core/cy=4, 1741635176143
Sending Sync interest
Received update: /ndn/lu-site/lu/svs_core/lu=4, 1741635177458
Sending Sync interest
Received update: /ndn/by-site/by/svs_core/by=3, 1741635177685
Received update: /ndn/by-site/by/svs_core/by=4, 1741635177685
Received update: /ndn/rs-site/rs/svs_core/rs=3, 1741635177695
Received update: /ndn/me-site/me/svs_core/me=4, 1741635181126
Received update: /ndn/gr-site/gr/svs_core/gr=4, 1741635187654
Received update: /ndn/il-site/il/svs_core/il=4, 1741635187654
Received update: /ndn/is-site/is/svs_core/is=3, 1741635187654
Received update: /ndn/de1-site/de1/svs_core/de1=4, 1741635187654
Received update: /ndn/al-site/al/svs_core/al=3, 1741635192398
Received update: /ndn/uk-site/uk/svs_core/uk=4, 1741635192398
Received update: /ndn/de2-site/de2/svs_core/de2=4, 1741635192398
Published sequence number: /ndn/bg-site/bg/svs_core/bg=4, 1741635192905
Sending Sync interest
Received update: /ndn/ee-site/ee/svs_core/ee=4, 1741635197010
Received update: /ndn/es-site/es/svs_core/es=4, 1741635197010
Received update: /ndn/ge-site/ge/svs_core/ge=4, 1741635197010
Received update: /ndn/hr-site/hr/svs_core/hr=4, 1741635197010
Received update: /ndn/it-site/it/svs_core/it=4, 1741635197010
Received update: /ndn/mt-site/mt/svs_core/mt=4, 1741635197010
Received update: /ndn/nl-site/nl/svs_core/nl=4, 1741635197010
Received update: /ndn/si-site/si/svs_core/si=4, 1741635197010
Sending Sync interest
Received update: /ndn/lv-site/lv/svs_core/lv=4, 1741635197147
Received update: /ndn/at-site/at/svs_core/at=4, 1741635197163
Sending Sync interest
Received update: /ndn/ro-site/ro/svs_core/ro=4, 1741635208923
Received update: /ndn/cz-site/cz/svs_core/cz=4, 1741635210909
Received update: /ndn/hu-site/hu/svs_core/hu=4, 1741635210909
Received update: /ndn/rs-site/rs/svs_core/rs=4, 1741635210909
Received update: /ndn/am-site/am/svs_core/am=4, 1741635211131
Received update: /ndn/sk-site/sk/svs_core/sk=4, 1741635211131
Received update: /ndn/ch-site/ch/svs_core/ch=4, 1741635213369
Received update: /ndn/tr-site/tr/svs_core/tr=4, 1741635213369
Received update: /ndn/pl-site/pl/svs_core/pl=4, 1741635213511
Received update: /ndn/mk-site/mk/svs_core/mk=5, 1741635220660
Received update: /ndn/al-site/al/svs_core/al=4, 1741635220761
Received update: /ndn/az-site/az/svs_core/az=4, 1741635220761
Received update: /ndn/cy-site/cy/svs_core/cy=5, 1741635220761
Received update: /ndn/fr2-site/fr2/svs_core/fr2=4, 1741635220761
Received update: /ndn/be-site/be/svs_core/be=5, 1741635220774
Received update: /ndn/fr1-site/fr1/svs_core/fr1=4, 1741635220774
Received update: /ndn/ua-site/ua/svs_core/ua=5, 1741635221034
Received update: /ndn/lt-site/lt/svs_core/lt=5, 1741635221115
Received update: /ndn/ie-site/ie/svs_core/ie=4, 1741635225748
Received update: /ndn/is-site/is/svs_core/is=4, 1741635225748
Received update: /ndn/am-site/am/svs_core/am=5, 1741635226704
Received update: /ndn/dk-site/dk/svs_core/dk=4, 1741635226704
Received update: /ndn/hr-site/hr/svs_core/hr=5, 1741635226704
Received update: /ndn/lu-site/lu/svs_core/lu=5, 1741635226704
Received update: /ndn/de1-site/de1/svs_core/de1=5, 1741635226704
Received update: /ndn/gr-site/gr/svs_core/gr=5, 1741635229088
Received update: /ndn/pt-site/pt/svs_core/pt=4, 1741635229655
Received update: /ndn/pt-site/pt/svs_core/pt=5, 1741635229655
Received update: /ndn/by-site/by/svs_core/by=5, 1741635232382
Received update: /ndn/ge-site/ge/svs_core/ge=5, 1741635232382
Received update: /ndn/il-site/il/svs_core/il=5, 1741635232382
Received update: /ndn/az-site/az/svs_core/az=5, 1741635236604
Received update: /ndn/it-site/it/svs_core/it=5, 1741635236604
Received update: /ndn/ee-site/ee/svs_core/ee=5, 1741635237243
Received update: /ndn/fi-site/fi/svs_core/fi=3, 1741635237243
Received update: /ndn/fi-site/fi/svs_core/fi=4, 1741635237243
Received update: /ndn/fi-site/fi/svs_core/fi=5, 1741635237243
Received update: /ndn/lv-site/lv/svs_core/lv=5, 1741635237243
Received update: /ndn/me-site/me/svs_core/me=5, 1741635237243
Received update: /ndn/mt-site/mt/svs_core/mt=5, 1741635237243
Received update: /ndn/nl-site/nl/svs_core/nl=5, 1741635237243
Received update: /ndn/no-site/no/svs_core/no=4, 1741635237243
Received update: /ndn/se-site/se/svs_core/se=4, 1741635237243
Received update: /ndn/se-site/se/svs_core/se=5, 1741635237243
Received update: /ndn/uk-site/uk/svs_core/uk=5, 1741635237243
Received update: /ndn/de2-site/de2/svs_core/de2=5, 1741635237243
Published sequence number: /ndn/bg-site/bg/svs_core/bg=5, 1741635237908
Sending Sync interest
Received update: /ndn/al-site/al/svs_core/al=5, 1741635242480
Sending Sync interest
Sending Sync interest
Received update: /ndn/at-site/at/svs_core/at=5, 1741635253412
Received update: /ndn/ch-site/ch/svs_core/ch=5, 1741635253412
Received update: /ndn/cz-site/cz/svs_core/cz=5, 1741635253421
Received update: /ndn/si-site/si/svs_core/si=5, 1741635253560
Received update: /ndn/sk-site/sk/svs_core/sk=5, 1741635253805
Sending Sync interest
Received update: /ndn/fr2-site/fr2/svs_core/fr2=5, 1741635254011
Received update: /ndn/am-site/am/svs_core/am=6, 1741635266123
Received update: /ndn/hu-site/hu/svs_core/hu=5, 1741635266123
Received update: /ndn/pl-site/pl/svs_core/pl=5, 1741635266123
Received update: /ndn/ro-site/ro/svs_core/ro=5, 1741635266123
Received update: /ndn/cy-site/cy/svs_core/cy=6, 1741635266235
Received update: /ndn/dk-site/dk/svs_core/dk=5, 1741635266235
Received update: /ndn/es-site/es/svs_core/es=5, 1741635266235
Received update: /ndn/tr-site/tr/svs_core/tr=5, 1741635266235
Received update: /ndn/de1-site/de1/svs_core/de1=6, 1741635266235
Received update: /ndn/fr1-site/fr1/svs_core/fr1=5, 1741635266235
Received update: /ndn/mk-site/mk/svs_core/mk=6, 1741635266307
Sending Sync interest
Received update: /ndn/ua-site/ua/svs_core/ua=6, 1741635268077
Max suppression time updated to: 189
Received update: /ndn/lt-site/lt/svs_core/lt=6, 1741635268309
Received update: /ndn/md-site/md/svs_core/md=4, 1741635268309
Received update: /ndn/md-site/md/svs_core/md=5, 1741635268309
Received update: /ndn/ge-site/ge/svs_core/ge=6, 1741635272839
Received update: /ndn/hr-site/hr/svs_core/hr=6, 1741635272839
Received update: /ndn/ie-site/ie/svs_core/ie=5, 1741635272839
Received update: /ndn/is-site/is/svs_core/is=5, 1741635272839
Received update: /ndn/pt-site/pt/svs_core/pt=6, 1741635272839
Received update: /ndn/rs-site/rs/svs_core/rs=5, 1741635272839
Received update: /ndn/gr-site/gr/svs_core/gr=6, 1741635277450
Received update: /ndn/il-site/il/svs_core/il=6, 1741635277450
Received update: /ndn/be-site/be/svs_core/be=6, 1741635279710
Received update: /ndn/lu-site/lu/svs_core/lu=6, 1741635279710
Received update: /ndn/it-site/it/svs_core/it=6, 1741635279864
Received update: /ndn/si-site/si/svs_core/si=6, 1741635282730
Published sequence number: /ndn/bg-site/bg/svs_core/bg=6, 1741635282911
Sending Sync interest
Received update: /ndn/at-site/at/svs_core/at=6, 1741635287176
Received update: /ndn/ee-site/ee/svs_core/ee=6, 1741635287592
Received update: /ndn/is-site/is/svs_core/is=6, 1741635287592
Received update: /ndn/lv-site/lv/svs_core/lv=6, 1741635287592
Received update: /ndn/me-site/me/svs_core/me=6, 1741635287592
Received update: /ndn/nl-site/nl/svs_core/nl=6, 1741635287592
Received update: /ndn/no-site/no/svs_core/no=5, 1741635287592
Received update: /ndn/no-site/no/svs_core/no=6, 1741635287592
Received update: /ndn/uk-site/uk/svs_core/uk=6, 1741635287592
Received update: /ndn/de2-site/de2/svs_core/de2=6, 1741635287592
Received update: /ndn/az-site/az/svs_core/az=6, 1741635299894
Received update: /ndn/ch-site/ch/svs_core/ch=6, 1741635299894
Received update: /ndn/cz-site/cz/svs_core/cz=6, 1741635299894
Received update: /ndn/dk-site/dk/svs_core/dk=6, 1741635299894
Received update: /ndn/es-site/es/svs_core/es=6, 1741635299894
Received update: /ndn/ie-site/ie/svs_core/ie=6, 1741635299894
Received update: /ndn/rs-site/rs/svs_core/rs=6, 1741635299894
Received update: /ndn/sk-site/sk/svs_core/sk=6, 1741635299894
Received update: /ndn/tr-site/tr/svs_core/tr=6, 1741635299894
Received update: /ndn/fr2-site/fr2/svs_core/fr2=6, 1741635299894
Received update: /ndn/ro-site/ro/svs_core/ro=6, 1741635299969
Received update: /ndn/mk-site/mk/svs_core/mk=7, 1741635310670
Received update: /ndn/al-site/al/svs_core/al=6, 1741635311500
Received update: /ndn/cy-site/cy/svs_core/cy=7, 1741635311500
Received update: /ndn/hu-site/hu/svs_core/hu=6, 1741635311500
Received update: /ndn/lu-site/lu/svs_core/lu=7, 1741635311500
Received update: /ndn/de1-site/de1/svs_core/de1=7, 1741635311500
Received update: /ndn/fr1-site/fr1/svs_core/fr1=6, 1741635311500
Received update: /ndn/gr-site/gr/svs_core/gr=7, 1741635318972
Sending Sync interest
Received update: /ndn/pl-site/pl/svs_core/pl=6, 1741635319378
Received update: /ndn/il-site/il/svs_core/il=7, 1741635323490
Sending Sync interest
Received update: /ndn/ge-site/ge/svs_core/ge=7, 1741635323551
Received update: /ndn/hr-site/hr/svs_core/hr=7, 1741635323551
Received update: /ndn/ua-site/ua/svs_core/ua=7, 1741635324185
Received update: /ndn/uk-site/uk/svs_core/uk=7, 1741635324185
Received update: /ndn/be-site/be/svs_core/be=7, 1741635325366
Received update: /ndn/nl-site/nl/svs_core/nl=7, 1741635325366
Published sequence number: /ndn/bg-site/bg/svs_core/bg=7, 1741635327914
Sending Sync interest
Received update: /ndn/fi-site/fi/svs_core/fi=6, 1741635327918
Received update: /ndn/fi-site/fi/svs_core/fi=7, 1741635327918
Received update: /ndn/it-site/it/svs_core/it=7, 1741635327918
Received update: /ndn/se-site/se/svs_core/se=6, 1741635327918
Received update: /ndn/se-site/se/svs_core/se=7, 1741635327918
Received update: /ndn/si-site/si/svs_core/si=7, 1741635327918
Received update: /ndn/de2-site/de2/svs_core/de2=7, 1741635327918
Received update: /ndn/ch-site/ch/svs_core/ch=7, 1741635343357
Received update: /ndn/at-site/at/svs_core/at=7, 1741635343419
Received update: /ndn/az-site/az/svs_core/az=7, 1741635343419
Received update: /ndn/cz-site/cz/svs_core/cz=7, 1741635343419
Received update: /ndn/rs-site/rs/svs_core/rs=7, 1741635343419
Sending Sync interest
Sending Sync interest
Received update: /ndn/ro-site/ro/svs_core/ro=7, 1741635343890
Received update: /ndn/ie-site/ie/svs_core/ie=7, 1741635344478
Received update: /ndn/me-site/me/svs_core/me=7, 1741635344478
Received update: /ndn/pt-site/pt/svs_core/pt=7, 1741635344478
Received update: /ndn/sk-site/sk/svs_core/sk=7, 1741635344478
Received update: /ndn/fr2-site/fr2/svs_core/fr2=7, 1741635344478
Received update: /ndn/al-site/al/svs_core/al=7, 1741635346414
Received update: /ndn/dk-site/dk/svs_core/dk=7, 1741635346414
Received update: /ndn/es-site/es/svs_core/es=7, 1741635346414
Received update: /ndn/hu-site/hu/svs_core/hu=7, 1741635346414
Received update: /ndn/is-site/is/svs_core/is=7, 1741635346414
Received update: /ndn/no-site/no/svs_core/no=7, 1741635346414
Received update: /ndn/tr-site/tr/svs_core/tr=7, 1741635346414
Received update: /ndn/pl-site/pl/svs_core/pl=7, 1741635354474
Received update: /ndn/de1-site/de1/svs_core/de1=8, 1741635354474
Received update: /ndn/am-site/am/svs_core/am=7, 1741635355674
Received update: /ndn/cy-site/cy/svs_core/cy=8, 1741635355674
Received update: /ndn/mk-site/mk/svs_core/mk=8, 1741635355674
Received update: /ndn/fr1-site/fr1/svs_core/fr1=7, 1741635355674
Received update: /ndn/by-site/by/svs_core/by=6, 1741635369194
Received update: /ndn/by-site/by/svs_core/by=7, 1741635369194
Received update: /ndn/by-site/by/svs_core/by=8, 1741635369194
Received update: /ndn/ee-site/ee/svs_core/ee=7, 1741635369194
Received update: /ndn/ee-site/ee/svs_core/ee=8, 1741635369194
Received update: /ndn/il-site/il/svs_core/il=8, 1741635369194
Received update: /ndn/lv-site/lv/svs_core/lv=7, 1741635369194
Received update: /ndn/lv-site/lv/svs_core/lv=8, 1741635369194
Received update: /ndn/uk-site/uk/svs_core/uk=8, 1741635369194
Received update: /ndn/hr-site/hr/svs_core/hr=8, 1741635369475
Received update: /ndn/si-site/si/svs_core/si=8, 1741635372746
Published sequence number: /ndn/bg-site/bg/svs_core/bg=8, 1741635372920
Sending Sync interest
Received update: /ndn/me-site/me/svs_core/me=8, 1741635373034
Sending Sync interest
Received update: /ndn/at-site/at/svs_core/at=8, 1741635377559
Received update: /ndn/be-site/be/svs_core/be=8, 1741635377559
Received update: /ndn/sk-site/sk/svs_core/sk=8, 1741635377559
Sending Sync interest
Max suppression time updated to: 183
Received update: /ndn/dk-site/dk/svs_core/dk=8, 1741635378215
Received update: /ndn/ge-site/ge/svs_core/ge=8, 1741635378215
Received update: /ndn/lt-site/lt/svs_core/lt=7, 1741635378215
Received update: /ndn/lt-site/lt/svs_core/lt=8, 1741635378215
Received update: /ndn/nl-site/nl/svs_core/nl=8, 1741635378215
Received update: /ndn/de2-site/de2/svs_core/de2=8, 1741635378215
Received update: /ndn/md-site/md/svs_core/md=6, 1741635387763
Received update: /ndn/md-site/md/svs_core/md=7, 1741635387763
Sending Sync interest
Received update: /ndn/az-site/az/svs_core/az=8, 1741635400769
Received update: /ndn/be-site/be/svs_core/be=9, 1741635400769
Received update: /ndn/cz-site/cz/svs_core/cz=8, 1741635400769
Received update: /ndn/is-site/is/svs_core/is=8, 1741635400769
Received update: /ndn/no-site/no/svs_core/no=8, 1741635400769
Received update: /ndn/de1-site/de1/svs_core/de1=9, 1741635400769
Received update: /ndn/am-site/am/svs_core/am=8, 1741635401449
Received update: /ndn/am-site/am/svs_core/am=9, 1741635401449
Received update: /ndn/ch-site/ch/svs_core/ch=8, 1741635401449
Received update: /ndn/cy-site/cy/svs_core/cy=9, 1741635401449
Received update: /ndn/gr-site/gr/svs_core/gr=8, 1741635401449
Received update: /ndn/hu-site/hu/svs_core/hu=8, 1741635401449
Received update: /ndn/it-site/it/svs_core/it=8, 1741635401449
Received update: /ndn/pt-site/pt/svs_core/pt=8, 1741635401449
Received update: /ndn/pt-site/pt/svs_core/pt=9, 1741635401449
Received update: /ndn/ro-site/ro/svs_core/ro=8, 1741635401449
Received update: /ndn/tr-site/tr/svs_core/tr=8, 1741635401449
Received update: /ndn/fr1-site/fr1/svs_core/fr1=8, 1741635401449
Received update: /ndn/fr2-site/fr2/svs_core/fr2=8, 1741635401449
Received update: /ndn/al-site/al/svs_core/al=8, 1741635401601
Received update: /ndn/mt-site/mt/svs_core/mt=6, 1741635401601
Received update: /ndn/mt-site/mt/svs_core/mt=7, 1741635401601
Received update: /ndn/mt-site/mt/svs_core/mt=8, 1741635401601
Received update: /ndn/md-site/md/svs_core/md=8, 1741635401697
Received update: /ndn/mk-site/mk/svs_core/mk=9, 1741635401783
Received update: /ndn/pl-site/pl/svs_core/pl=8, 1741635401949
Sending Sync interest
Received update: /ndn/hr-site/hr/svs_core/hr=9, 1741635404873
Received update: /ndn/rs-site/rs/svs_core/rs=8, 1741635404873
Sending Sync interest
Received update: /ndn/no-site/no/svs_core/no=9, 1741635412779
Received update: /ndn/ua-site/ua/svs_core/ua=8, 1741635412779
Received update: /ndn/ua-site/ua/svs_core/ua=9, 1741635412779
Received update: /ndn/lu-site/lu/svs_core/lu=8, 1741635412887
Received update: /ndn/lu-site/lu/svs_core/lu=9, 1741635412887
Received update: /ndn/me-site/me/svs_core/me=9, 1741635412887
Received update: /ndn/ge-site/ge/svs_core/ge=9, 1741635412959
Received update: /ndn/uk-site/uk/svs_core/uk=9, 1741635414057
Sending Sync interest
Received update: /ndn/ee-site/ee/svs_core/ee=9, 1741635414462
Sending Sync interest
Received update: /ndn/il-site/il/svs_core/il=9, 1741635414882
Received update: /ndn/es-site/es/svs_core/es=8, 1741635415018
Received update: /ndn/lt-site/lt/svs_core/lt=9, 1741635415018
Received update: /ndn/se-site/se/svs_core/se=8, 1741635415018
Received update: /ndn/se-site/se/svs_core/se=9, 1741635415018
Published sequence number: /ndn/bg-site/bg/svs_core/bg=9, 1741635417925
Sending Sync interest
Received update: /ndn/es-site/es/svs_core/es=9, 1741635422254
Received update: /ndn/is-site/is/svs_core/is=9, 1741635422254
Received update: /ndn/it-site/it/svs_core/it=9, 1741635422254
Received update: /ndn/si-site/si/svs_core/si=9, 1741635422254
Received update: /ndn/de2-site/de2/svs_core/de2=9, 1741635422254
Received update: /ndn/at-site/at/svs_core/at=9, 1741635422415
Received update: /ndn/nl-site/nl/svs_core/nl=9, 1741635422415
Sending Sync interest
Received update: /ndn/dk-site/dk/svs_core/dk=9, 1741635422454
Received update: /ndn/lv-site/lv/svs_core/lv=9, 1741635422454
Received update: /ndn/gr-site/gr/svs_core/gr=9, 1741635422568
Sending Sync interest
Max suppression time updated to: 174
Received update: /ndn/az-site/az/svs_core/az=9, 1741635422830
Received update: /ndn/sk-site/sk/svs_core/sk=9, 1741635422830
Received update: /ndn/fr2-site/fr2/svs_core/fr2=9, 1741635423597
Received update: /ndn/by-site/by/svs_core/by=9, 1741635423718
Received update: /ndn/al-site/al/svs_core/al=9, 1741635423758
Received update: /ndn/mt-site/mt/svs_core/mt=9, 1741635423758
Received update: /ndn/cz-site/cz/svs_core/cz=9, 1741635433928
Received update: /ndn/md-site/md/svs_core/md=9, 1741635433928
Received update: /ndn/ro-site/ro/svs_core/ro=9, 1741635433928
Received update: /ndn/hu-site/hu/svs_core/hu=9, 1741635435939
Received update: /ndn/am-site/am/svs_core/am=10, 1741635446061
Received update: /ndn/pl-site/pl/svs_core/pl=9, 1741635446061
Received update: /ndn/tr-site/tr/svs_core/tr=9, 1741635446061
Received update: /ndn/ua-site/ua/svs_core/ua=10, 1741635446186
Received update: /ndn/ch-site/ch/svs_core/ch=9, 1741635447545
Received update: /ndn/mk-site/mk/svs_core/mk=10, 1741635447565
Received update: /ndn/be-site/be/svs_core/be=10, 1741635447903
Received update: /ndn/lu-site/lu/svs_core/lu=10, 1741635447903
Received update: /ndn/ge-site/ge/svs_core/ge=10, 1741635452602
Received update: /ndn/hr-site/hr/svs_core/hr=10, 1741635452602
Received update: /ndn/ee-site/ee/svs_core/ee=10, 1741635457525
Received update: /ndn/il-site/il/svs_core/il=10, 1741635457525
Received update: /ndn/lt-site/lt/svs_core/lt=10, 1741635457525
Received update: /ndn/me-site/me/svs_core/me=10, 1741635457652
Received update: /ndn/fi-site/fi/svs_core/fi=8, 1741635457952
Received update: /ndn/fi-site/fi/svs_core/fi=9, 1741635457952
Received update: /ndn/fi-site/fi/svs_core/fi=10, 1741635457952
Received update: /ndn/ie-site/ie/svs_core/ie=8, 1741635457952
Received update: /ndn/ie-site/ie/svs_core/ie=9, 1741635457952
Received update: /ndn/se-site/se/svs_core/se=10, 1741635457952
Received update: /ndn/fr1-site/fr1/svs_core/fr1=9, 1741635457952
Received update: /ndn/by-site/by/svs_core/by=10, 1741635458222
Received update: /ndn/gr-site/gr/svs_core/gr=10, 1741635458413
Received update: /ndn/lv-site/lv/svs_core/lv=10, 1741635458413
Published sequence number: /ndn/bg-site/bg/svs_core/bg=10, 1741635462923
Sending Sync interest
Received update: /ndn/nl-site/nl/svs_core/nl=10, 1741635463012
Received update: /ndn/no-site/no/svs_core/no=10, 1741635463012
Received update: /ndn/pt-site/pt/svs_core/pt=10, 1741635463012
Received update: /ndn/uk-site/uk/svs_core/uk=10, 1741635463012
Received update: /ndn/de2-site/de2/svs_core/de2=10, 1741635463012
Sending Sync interest
Received update: /ndn/at-site/at/svs_core/at=10, 1741635467490
Received update: /ndn/az-site/az/svs_core/az=10, 1741635467490
Sending Sync interest
Received update: /ndn/it-site/it/svs_core/it=10, 1741635467704
Received update: /ndn/si-site/si/svs_core/si=10, 1741635467704
Received update: /ndn/sk-site/sk/svs_core/sk=10, 1741635467704
Sending Sync interest
Received update: /ndn/es-site/es/svs_core/es=10, 1741635468396
Received update: /ndn/fr2-site/fr2/svs_core/fr2=10, 1741635468396
Received update: /ndn/mt-site/mt/svs_core/mt=10, 1741635469516
Received update: /ndn/cy-site/cy/svs_core/cy=10, 1741635477978
Received update: /ndn/dk-site/dk/svs_core/dk=10, 1741635477978
Received update: /ndn/ie-site/ie/svs_core/ie=10, 1741635477978
Received update: /ndn/pl-site/pl/svs_core/pl=10, 1741635479740
Received update: /ndn/al-site/al/svs_core/al=10, 1741635489113
Received update: /ndn/ch-site/ch/svs_core/ch=10, 1741635489113
Received update: /ndn/cy-site/cy/svs_core/cy=11, 1741635489113
Received update: /ndn/cz-site/cz/svs_core/cz=10, 1741635489113
Received update: /ndn/hu-site/hu/svs_core/hu=10, 1741635489113
Received update: /ndn/ro-site/ro/svs_core/ro=10, 1741635489113
Received update: /ndn/tr-site/tr/svs_core/tr=10, 1741635489113
Received update: /ndn/fr1-site/fr1/svs_core/fr1=10, 1741635489113
Received update: /ndn/be-site/be/svs_core/be=11, 1741635490806
Received update: /ndn/is-site/is/svs_core/is=10, 1741635490806
Received update: /ndn/pt-site/pt/svs_core/pt=11, 1741635490806
Received update: /ndn/ua-site/ua/svs_core/ua=11, 1741635491192
Received update: /ndn/mk-site/mk/svs_core/mk=11, 1741635491412
Received update: /ndn/lu-site/lu/svs_core/lu=11, 1741635491657
Received update: /ndn/rs-site/rs/svs_core/rs=9, 1741635491657
Received update: /ndn/rs-site/rs/svs_core/rs=10, 1741635491657
Received update: /ndn/de1-site/de1/svs_core/de1=10, 1741635491657
Received update: /ndn/de1-site/de1/svs_core/de1=11, 1741635491657
Received update: /ndn/it-site/it/svs_core/it=11, 1741635504913
Received update: /ndn/uk-site/uk/svs_core/uk=11, 1741635504913
Received update: /ndn/am-site/am/svs_core/am=11, 1741635507699
Received update: /ndn/az-site/az/svs_core/az=11, 1741635507699
Received update: /ndn/by-site/by/svs_core/by=11, 1741635507699
Received update: /ndn/ee-site/ee/svs_core/ee=11, 1741635507699
Received update: /ndn/ge-site/ge/svs_core/ge=11, 1741635507699
Received update: /ndn/il-site/il/svs_core/il=11, 1741635507699
Received update: /ndn/lt-site/lt/svs_core/lt=11, 1741635507699
Received update: /ndn/lv-site/lv/svs_core/lv=11, 1741635507699
Received update: /ndn/me-site/me/svs_core/me=11, 1741635507699
Received update: /ndn/nl-site/nl/svs_core/nl=11, 1741635507699
Received update: /ndn/de2-site/de2/svs_core/de2=11, 1741635507699
Published sequence number: /ndn/bg-site/bg/svs_core/bg=11, 1741635507936
Sending Sync interest
Received update: /ndn/al-site/al/svs_core/al=11, 1741635514904
Received update: /ndn/at-site/at/svs_core/at=11, 1741635514904
Received update: /ndn/es-site/es/svs_core/es=11, 1741635514904
Received update: /ndn/gr-site/gr/svs_core/gr=11, 1741635514904
Received update: /ndn/hr-site/hr/svs_core/hr=11, 1741635514904
Received update: /ndn/ie-site/ie/svs_core/ie=11, 1741635514904
Received update: /ndn/md-site/md/svs_core/md=10, 1741635514904
Received update: /ndn/mt-site/mt/svs_core/mt=11, 1741635514904
Received update: /ndn/si-site/si/svs_core/si=11, 1741635514904
Received update: /ndn/fr2-site/fr2/svs_core/fr2=11, 1741635514904
Received update: /ndn/tr-site/tr/svs_core/tr=11, 1741635524333
Received update: /ndn/rs-site/rs/svs_core/rs=11, 1741635524430
Received update: /ndn/ch-site/ch/svs_core/ch=11, 1741635524458
Received update: /ndn/ro-site/ro/svs_core/ro=11, 1741635524552
Received update: /ndn/cz-site/cz/svs_core/cz=11, 1741635525048
Received update: /ndn/dk-site/dk/svs_core/dk=11, 1741635525048
Received update: /ndn/pl-site/pl/svs_core/pl=11, 1741635525048
Received update: /ndn/be-site/be/svs_core/be=12, 1741635530896
Received update: /ndn/hu-site/hu/svs_core/hu=11, 1741635531061
Received update: /ndn/sk-site/sk/svs_core/sk=11, 1741635531061
Received update: /ndn/mt-site/mt/svs_core/mt=12, 1741635550253
Sending Sync interest
Received update: /ndn/ua-site/ua/svs_core/ua=12, 1741635550436
Received update: /ndn/cy-site/cy/svs_core/cy=12, 1741635550996
Received update: /ndn/lt-site/lt/svs_core/lt=12, 1741635550996
Received update: /ndn/lu-site/lu/svs_core/lu=12, 1741635550996
Received update: /ndn/pt-site/pt/svs_core/pt=12, 1741635550996
Received update: /ndn/uk-site/uk/svs_core/uk=12, 1741635550996
Received update: /ndn/de1-site/de1/svs_core/de1=12, 1741635550996
Received update: /ndn/mk-site/mk/svs_core/mk=12, 1741635551004
Received update: /ndn/am-site/am/svs_core/am=12, 1741635551118
Received update: /ndn/gr-site/gr/svs_core/gr=12, 1741635551619
Received update: /ndn/it-site/it/svs_core/it=12, 1741635551619
Received update: /ndn/nl-site/nl/svs_core/nl=12, 1741635551619
Received update: /ndn/de2-site/de2/svs_core/de2=12, 1741635551711
Sending Sync interest
Published sequence number: /ndn/bg-site/bg/svs_core/bg=12, 1741635552939
Sending Sync interest
Received update: /ndn/dk-site/dk/svs_core/dk=12, 1741635557285
Received update: /ndn/at-site/at/svs_core/at=12, 1741635557456
Sending Sync interest
Received update: /ndn/ge-site/ge/svs_core/ge=12, 1741635557596
Sending Sync interest
Received update: /ndn/al-site/al/svs_core/al=12, 1741635558455
Received update: /ndn/az-site/az/svs_core/az=12, 1741635558455
Received update: /ndn/by-site/by/svs_core/by=12, 1741635558455
Received update: /ndn/es-site/es/svs_core/es=12, 1741635558455
Received update: /ndn/hr-site/hr/svs_core/hr=12, 1741635558455
Received update: /ndn/il-site/il/svs_core/il=12, 1741635558455
Received update: /ndn/si-site/si/svs_core/si=12, 1741635558455
Received update: /ndn/sk-site/sk/svs_core/sk=12, 1741635558455
Received update: /ndn/fr1-site/fr1/svs_core/fr1=11, 1741635558455
Received update: /ndn/is-site/is/svs_core/is=11, 1741635558775
Received update: /ndn/is-site/is/svs_core/is=12, 1741635558775
Received update: /ndn/ch-site/ch/svs_core/ch=12, 1741635568911
Received update: /ndn/cz-site/cz/svs_core/cz=12, 1741635568911
Received update: /ndn/ro-site/ro/svs_core/ro=12, 1741635568911
Received update: /ndn/fr2-site/fr2/svs_core/fr2=12, 1741635568911
Received update: /ndn/me-site/me/svs_core/me=12, 1741635569036
Received update: /ndn/rs-site/rs/svs_core/rs=12, 1741635569036
Sending Sync interest
Max suppression time updated to: 162
Received update: /ndn/md-site/md/svs_core/md=11, 1741635569324
Received update: /ndn/md-site/md/svs_core/md=12, 1741635569324
Received update: /ndn/hu-site/hu/svs_core/hu=12, 1741635570974
Received update: /ndn/tr-site/tr/svs_core/tr=12, 1741635570974
Received update: /ndn/pl-site/pl/svs_core/pl=12, 1741635571109
Sending Sync interest
Received update: /ndn/fr1-site/fr1/svs_core/fr1=12, 1741635574297
Sending Sync interest
Received update: /ndn/cy-site/cy/svs_core/cy=13, 1741635577711
Received update: /ndn/lt-site/lt/svs_core/lt=13, 1741635577816
Sending Sync interest
Sending Sync interest
Received update: /ndn/am-site/am/svs_core/am=13, 1741635581050
Received update: /ndn/lu-site/lu/svs_core/lu=13, 1741635581050
Sending Sync interest
Received update: /ndn/ee-site/ee/svs_core/ee=12, 1741635592762
Received update: /ndn/fi-site/fi/svs_core/fi=11, 1741635592762
Received update: /ndn/ge-site/ge/svs_core/ge=13, 1741635592762
Received update: /ndn/hr-site/hr/svs_core/hr=13, 1741635592762
Received update: /ndn/il-site/il/svs_core/il=13, 1741635592762
Received update: /ndn/lv-site/lv/svs_core/lv=12, 1741635592762
Received update: /ndn/mk-site/mk/svs_core/mk=13, 1741635592762
Received update: /ndn/no-site/no/svs_core/no=11, 1741635592762
Received update: /ndn/no-site/no/svs_core/no=12, 1741635592762
Received update: /ndn/de1-site/de1/svs_core/de1=13, 1741635592762
Received update: /ndn/be-site/be/svs_core/be=13, 1741635594933
Received update: /ndn/nl-site/nl/svs_core/nl=13, 1741635594933
Published sequence number: /ndn/bg-site/bg/svs_core/bg=13, 1741635597940
Sending Sync interest
Received update: /ndn/gr-site/gr/svs_core/gr=13, 1741635598098
Received update: /ndn/ua-site/ua/svs_core/ua=13, 1741635598098
Received update: /ndn/uk-site/uk/svs_core/uk=13, 1741635598098
Received update: /ndn/de2-site/de2/svs_core/de2=13, 1741635598098
Max suppression time updated to: 165
Received update: /ndn/it-site/it/svs_core/it=13, 1741635598134
Received update: /ndn/az-site/az/svs_core/az=13, 1741635598316
Sending Sync interest
Received update: /ndn/at-site/at/svs_core/at=13, 1741635602215
Received update: /ndn/is-site/is/svs_core/is=13, 1741635602215
Received update: /ndn/si-site/si/svs_core/si=13, 1741635602215
Received update: /ndn/mt-site/mt/svs_core/mt=13, 1741635602402
Received update: /ndn/dk-site/dk/svs_core/dk=13, 1741635602649
Received update: /ndn/fi-site/fi/svs_core/fi=12, 1741635602649
Received update: /ndn/fi-site/fi/svs_core/fi=13, 1741635602649
Received update: /ndn/se-site/se/svs_core/se=11, 1741635602649
Received update: /ndn/se-site/se/svs_core/se=12, 1741635602649
Received update: /ndn/se-site/se/svs_core/se=13, 1741635602649
Received update: /ndn/cz-site/cz/svs_core/cz=13, 1741635614555
Received update: /ndn/ro-site/ro/svs_core/ro=13, 1741635614555
Received update: /ndn/sk-site/sk/svs_core/sk=13, 1741635614555
Received update: /ndn/tr-site/tr/svs_core/tr=13, 1741635614555
Received update: /ndn/fr2-site/fr2/svs_core/fr2=13, 1741635614555
Received update: /ndn/by-site/by/svs_core/by=13, 1741635614751
Received update: /ndn/ch-site/ch/svs_core/ch=13, 1741635614751
Received update: /ndn/pl-site/pl/svs_core/pl=13, 1741635614751
Sending Sync interest
Received update: /ndn/al-site/al/svs_core/al=13, 1741635624643
Received update: /ndn/es-site/es/svs_core/es=13, 1741635624643
Received update: /ndn/hu-site/hu/svs_core/hu=13, 1741635624643
Received update: /ndn/me-site/me/svs_core/me=13, 1741635624643
Received update: /ndn/pt-site/pt/svs_core/pt=13, 1741635624643
Received update: /ndn/de1-site/de1/svs_core/de1=14, 1741635624643
Received update: /ndn/mk-site/mk/svs_core/mk=14, 1741635625704
Received update: /ndn/cy-site/cy/svs_core/cy=14, 1741635626232
Received update: /ndn/lu-site/lu/svs_core/lu=14, 1741635626232
Sending Sync interest
Received update: /ndn/be-site/be/svs_core/be=14, 1741635626633
Sending Sync interest
Received update: /ndn/ee-site/ee/svs_core/ee=13, 1741635634166
Received update: /ndn/ee-site/ee/svs_core/ee=14, 1741635634166
Received update: /ndn/lt-site/lt/svs_core/lt=14, 1741635634166
Received update: /ndn/lv-site/lv/svs_core/lv=13, 1741635634166
Received update: /ndn/no-site/no/svs_core/no=13, 1741635634166
Received update: /ndn/gr-site/gr/svs_core/gr=14, 1741635640103
Received update: /ndn/it-site/it/svs_core/it=14, 1741635640103
Received update: /ndn/ie-site/ie/svs_core/ie=12, 1741635640954
Received update: /ndn/ie-site/ie/svs_core/ie=13, 1741635640954
Received update: /ndn/fr1-site/fr1/svs_core/fr1=13, 1741635640954
Sending Sync interest
Received update: /ndn/az-site/az/svs_core/az=14, 1741635641646
Received update: /ndn/il-site/il/svs_core/il=14, 1741635641646
Received update: /ndn/nl-site/nl/svs_core/nl=14, 1741635641646
Received update: /ndn/pt-site/pt/svs_core/pt=14, 1741635641646
Received update: /ndn/uk-site/uk/svs_core/uk=14, 1741635641646
Received update: /ndn/de2-site/de2/svs_core/de2=14, 1741635641714
Received update: /ndn/by-site/by/svs_core/by=14, 1741635642519
Received update: /ndn/ge-site/ge/svs_core/ge=14, 1741635642519
Received update: /ndn/hr-site/hr/svs_core/hr=14, 1741635642519
Received update: /ndn/me-site/me/svs_core/me=14, 1741635642727
Published sequence number: /ndn/bg-site/bg/svs_core/bg=14, 1741635642946
Sending Sync interest
Received update: /ndn/is-site/is/svs_core/is=14, 1741635645264
Sending Sync interest
Received update: /ndn/es-site/es/svs_core/es=14, 1741635647148
Received update: /ndn/no-site/no/svs_core/no=14, 1741635647148
Received update: /ndn/se-site/se/svs_core/se=14, 1741635647148
Received update: /ndn/dk-site/dk/svs_core/dk=14, 1741635647291
Received update: /ndn/fi-site/fi/svs_core/fi=14, 1741635647291
Received update: /ndn/rs-site/rs/svs_core/rs=13, 1741635647314
Received update: /ndn/at-site/at/svs_core/at=14, 1741635647480
Received update: /ndn/si-site/si/svs_core/si=14, 1741635647480
Received update: /ndn/am-site/am/svs_core/am=14, 1741635652219
Received update: /ndn/cz-site/cz/svs_core/cz=14, 1741635652219
Received update: /ndn/mt-site/mt/svs_core/mt=14, 1741635652219
Received update: /ndn/sk-site/sk/svs_core/sk=14, 1741635652219
Max suppression time updated to: 153
Received update: /ndn/ua-site/ua/svs_core/ua=14, 1741635654852
Received update: /ndn/rs-site/rs/svs_core/rs=14, 1741635657134
Received update: /ndn/md-site/md/svs_core/md=13, 1741635658950
Received update: /ndn/md-site/md/svs_core/md=14, 1741635658950
Sending Sync interest
Received update: /ndn/tr-site/tr/svs_core/tr=14, 1741635659317
Received update: /ndn/ch-site/ch/svs_core/ch=14, 1741635659754
Received update: /ndn/pl-site/pl/svs_core/pl=14, 1741635659754
Received update: /ndn/fr2-site/fr2/svs_core/fr2=14, 1741635659754
Received update: /ndn/be-site/be/svs_core/be=15, 1741635668287
Received update: /ndn/cy-site/cy/svs_core/cy=15, 1741635668287
Received update: /ndn/hu-site/hu/svs_core/hu=14, 1741635668287
Received update: /ndn/pt-site/pt/svs_core/pt=15, 1741635668287
Received update: /ndn/fr1-site/fr1/svs_core/fr1=14, 1741635668287
Received update: /ndn/ie-site/ie/svs_core/ie=14, 1741635684067
Received update: /ndn/il-site/il/svs_core/il=15, 1741635684067
Received update: /ndn/uk-site/uk/svs_core/uk=15, 1741635684067
Received update: /ndn/al-site/al/svs_core/al=14, 1741635684241
Received update: /ndn/by-site/by/svs_core/by=15, 1741635684241
Received update: /ndn/ge-site/ge/svs_core/ge=15, 1741635684241
Received update: /ndn/gr-site/gr/svs_core/gr=15, 1741635684241
Received update: /ndn/lt-site/lt/svs_core/lt=15, 1741635684241
Received update: /ndn/lu-site/lu/svs_core/lu=15, 1741635684241
Received update: /ndn/lv-site/lv/svs_core/lv=14, 1741635684241
Received update: /ndn/de1-site/de1/svs_core/de1=15, 1741635684241
Received update: /ndn/si-site/si/svs_core/si=15, 1741635687754
Sending Sync interest
Published sequence number: /ndn/bg-site/bg/svs_core/bg=15, 1741635687951
Sending Sync interest
Received update: /ndn/at-site/at/svs_core/at=15, 1741635692511
Received update: /ndn/it-site/it/svs_core/it=15, 1741635692511
Received update: /ndn/nl-site/nl/svs_core/nl=15, 1741635692511
Received update: /ndn/de2-site/de2/svs_core/de2=15, 1741635692511
Sending Sync interest
Received update: /ndn/al-site/al/svs_core/al=15, 1741635702075
Received update: /ndn/hr-site/hr/svs_core/hr=15, 1741635702075
Received update: /ndn/rs-site/rs/svs_core/rs=15, 1741635702075
Sending Sync interest
Received update: /ndn/am-site/am/svs_core/am=15, 1741635705965
Received update: /ndn/az-site/az/svs_core/az=15, 1741635705965
Received update: /ndn/cz-site/cz/svs_core/cz=15, 1741635705965
Received update: /ndn/dk-site/dk/svs_core/dk=15, 1741635705965
Received update: /ndn/es-site/es/svs_core/es=15, 1741635705965
Received update: /ndn/hu-site/hu/svs_core/hu=15, 1741635705965
Received update: /ndn/is-site/is/svs_core/is=15, 1741635705965
Received update: /ndn/sk-site/sk/svs_core/sk=15, 1741635705965
Received update: /ndn/ua-site/ua/svs_core/ua=15, 1741635705965
Received update: /ndn/fr2-site/fr2/svs_core/fr2=15, 1741635705965
Received update: /ndn/ch-site/ch/svs_core/ch=15, 1741635709524
Received update: /ndn/pl-site/pl/svs_core/pl=15, 1741635709524
Received update: /ndn/tr-site/tr/svs_core/tr=15, 1741635709524
Received update: /ndn/fi-site/fi/svs_core/fi=15, 1741635711198
Received update: /ndn/fi-site/fi/svs_core/fi=16, 1741635711198
Received update: /ndn/no-site/no/svs_core/no=15, 1741635711198
Received update: /ndn/fr1-site/fr1/svs_core/fr1=15, 1741635711198
Sending Sync interest
Received update: /ndn/mk-site/mk/svs_core/mk=15, 1741635711513
Received update: /ndn/ro-site/ro/svs_core/ro=14, 1741635711513
Received update: /ndn/ro-site/ro/svs_core/ro=15, 1741635711513
Sending Sync interest
Max suppression time updated to: 150
Received update: /ndn/se-site/se/svs_core/se=15, 1741635711727
Received update: /ndn/be-site/be/svs_core/be=16, 1741635724161
Received update: /ndn/cy-site/cy/svs_core/cy=16, 1741635724161
Received update: /ndn/gr-site/gr/svs_core/gr=16, 1741635724161
Received update: /ndn/ie-site/ie/svs_core/ie=15, 1741635724161
Received update: /ndn/me-site/me/svs_core/me=15, 1741635724161
Received update: /ndn/ee-site/ee/svs_core/ee=15, 1741635731723
Received update: /ndn/ge-site/ge/svs_core/ge=16, 1741635731723
Received update: /ndn/lt-site/lt/svs_core/lt=16, 1741635731723
Received update: /ndn/se-site/se/svs_core/se=16, 1741635731723
Received update: /ndn/de1-site/de1/svs_core/de1=16, 1741635731723
Received update: /ndn/de2-site/de2/svs_core/de2=16, 1741635731723
Published sequence number: /ndn/bg-site/bg/svs_core/bg=16, 1741635732955
Sending Sync interest
Received update: /ndn/at-site/at/svs_core/at=16, 1741635737216
Received update: /ndn/es-site/es/svs_core/es=16, 1741635737216
Received update: /ndn/is-site/is/svs_core/is=16, 1741635737216
Received update: /ndn/it-site/it/svs_core/it=16, 1741635737216
Received update: /ndn/mk-site/mk/svs_core/mk=16, 1741635737216
Received update: /ndn/nl-site/nl/svs_core/nl=16, 1741635737216
Received update: /ndn/me-site/me/svs_core/me=16, 1741635737357
Sending Sync interest
Received update: /ndn/ee-site/ee/svs_core/ee=16, 1741635738076
Received update: /ndn/lu-site/lu/svs_core/lu=16, 1741635738076
Received update: /ndn/lv-site/lv/svs_core/lv=15, 1741635738076
Received update: /ndn/mt-site/mt/svs_core/mt=15, 1741635738076
Received update: /ndn/mt-site/mt/svs_core/mt=16, 1741635738076
Received update: /ndn/sk-site/sk/svs_core/sk=16, 1741635738076
Received update: /ndn/uk-site/uk/svs_core/uk=16, 1741635738076
Received update: /ndn/am-site/am/svs_core/am=16, 1741635748368
Received update: /ndn/ch-site/ch/svs_core/ch=16, 1741635748368
Received update: /ndn/dk-site/dk/svs_core/dk=16, 1741635748368
Received update: /ndn/ie-site/ie/svs_core/ie=16, 1741635748368
Received update: /ndn/lv-site/lv/svs_core/lv=16, 1741635748368
Received update: /ndn/ua-site/ua/svs_core/ua=16, 1741635748504
Received update: /ndn/pt-site/pt/svs_core/pt=16, 1741635748600
Received update: /ndn/cz-site/cz/svs_core/cz=16, 1741635749132
Received update: /ndn/hr-site/hr/svs_core/hr=16, 1741635749132
Received update: /ndn/rs-site/rs/svs_core/rs=16, 1741635749132
Received update: /ndn/fr2-site/fr2/svs_core/fr2=16, 1741635749132
Received update: /ndn/ro-site/ro/svs_core/ro=16, 1741635749270
Received update: /ndn/al-site/al/svs_core/al=16, 1741635749763
Received update: /ndn/pl-site/pl/svs_core/pl=16, 1741635749763
Received update: /ndn/hu-site/hu/svs_core/hu=16, 1741635750999
Received update: /ndn/si-site/si/svs_core/si=16, 1741635750999
Stopping SVS client: /ndn/bg-site/bg/svs_core/bg
