SVS client starting: /ndn/dk-site/dk/svs_core/dk
Max suppression time updated to: 66
Sending Sync interest
Max suppression time updated to: 81
Max suppression time updated to: 87
Max suppression time updated to: 78
Max suppression time updated to: 81
Max suppression time updated to: 78
Max suppression time updated to: 90
Max suppression time updated to: 96
Max suppression time updated to: 96
Max suppression time updated to: 99
Max suppression time updated to: 96
Max suppression time updated to: 102
Max suppression time updated to: 105
Max suppression time updated to: 105
Max suppression time updated to: 105
Max suppression time updated to: 105
Max suppression time updated to: 108
Max suppression time updated to: 108
Max suppression time updated to: 108
Max suppression time updated to: 108
Max suppression time updated to: 108
Max suppression time updated to: 108
Max suppression time updated to: 111
Max suppression time updated to: 108
Max suppression time updated to: 108
Max suppression time updated to: 111
Max suppression time updated to: 114
Max suppression time updated to: 111
Max suppression time updated to: 111
Max suppression time updated to: 114
Max suppression time updated to: 111
Max suppression time updated to: 111
Max suppression time updated to: 114
Max suppression time updated to: 114
Max suppression time updated to: 117
Max suppression time updated to: 117
Max suppression time updated to: 117
Max suppression time updated to: 117
Max suppression time updated to: 117
Max suppression time updated to: 120
Max suppression time updated to: 120
Max suppression time updated to: 120
Max suppression time updated to: 120
Received update: /ndn/cy-site/cy/svs_core/cy=1, 1741620094278
Max suppression time updated to: 123
Received update: /ndn/cz-site/cz/svs_core/cz=1, 1741620094459
Max suppression time updated to: 123
Max suppression time updated to: 123
Max suppression time updated to: 123
Received update: /ndn/fi-site/fi/svs_core/fi=1, 1741620094960
Max suppression time updated to: 123
Received update: /ndn/at-site/at/svs_core/at=1, 1741620094970
Max suppression time updated to: 123
Received update: /ndn/lt-site/lt/svs_core/lt=1, 1741620095619
Max suppression time updated to: 123
Max suppression time updated to: 123
Max suppression time updated to: 123
Max suppression time updated to: 123
Received update: /ndn/ee-site/ee/svs_core/ee=1, 1741620097645
Max suppression time updated to: 126
Received update: /ndn/ua-site/ua/svs_core/ua=1, 1741620097793
Max suppression time updated to: 126
Received update: /ndn/bg-site/bg/svs_core/bg=1, 1741620098502
Max suppression time updated to: 129
Received update: /ndn/si-site/si/svs_core/si=1, 1741620099598
Max suppression time updated to: 129
Received update: /ndn/lv-site/lv/svs_core/lv=1, 1741620103573
Max suppression time updated to: 126
Max suppression time updated to: 126
Max suppression time updated to: 126
Max suppression time updated to: 126
Max suppression time updated to: 126
Max suppression time updated to: 126
Max suppression time updated to: 126
Received update: /ndn/uk-site/uk/svs_core/uk=1, 1741620104843
Max suppression time updated to: 126
Received update: /ndn/hu-site/hu/svs_core/hu=1, 1741620107030
Max suppression time updated to: 126
Received update: /ndn/gr-site/gr/svs_core/gr=1, 1741620107726
Max suppression time updated to: 129
Received update: /ndn/md-site/md/svs_core/md=1, 1741620107727
Max suppression time updated to: 126
Max suppression time updated to: 126
Max suppression time updated to: 126
Max suppression time updated to: 126
Received update: /ndn/pt-site/pt/svs_core/pt=1, 1741620108791
Max suppression time updated to: 126
Received update: /ndn/no-site/no/svs_core/no=1, 1741620110958
Max suppression time updated to: 126
Received update: /ndn/hr-site/hr/svs_core/hr=1, 1741620112108
Max suppression time updated to: 126
Max suppression time updated to: 126
Max suppression time updated to: 126
Max suppression time updated to: 126
Received update: /ndn/se-site/se/svs_core/se=1, 1741620114097
Max suppression time updated to: 126
Received update: /ndn/mk-site/mk/svs_core/mk=1, 1741620114200
Max suppression time updated to: 126
Received update: /ndn/rs-site/rs/svs_core/rs=1, 1741620114322
Max suppression time updated to: 126
Received update: /ndn/by-site/by/svs_core/by=1, 1741620117121
Max suppression time updated to: 126
Received update: /ndn/is-site/is/svs_core/is=1, 1741620117362
Max suppression time updated to: 126
Received update: /ndn/ge-site/ge/svs_core/ge=1, 1741620117650
Max suppression time updated to: 126
Received update: /ndn/ch-site/ch/svs_core/ch=1, 1741620118993
Max suppression time updated to: 126
Received update: /ndn/de1-site/de1/svs_core/de1=1, 1741620119114
Max suppression time updated to: 126
Received update: /ndn/am-site/am/svs_core/am=1, 1741620119163
Max suppression time updated to: 123
Max suppression time updated to: 123
Max suppression time updated to: 123
Received update: /ndn/tr-site/tr/svs_core/tr=1, 1741620122874
Max suppression time updated to: 126
Received update: /ndn/fr1-site/fr1/svs_core/fr1=1, 1741620122925
Max suppression time updated to: 126
Max suppression time updated to: 123
Received update: /ndn/lu-site/lu/svs_core/lu=1, 1741620123317
Max suppression time updated to: 126
Received update: /ndn/ro-site/ro/svs_core/ro=1, 1741620124912
Max suppression time updated to: 126
Received update: /ndn/il-site/il/svs_core/il=1, 1741620125081
Max suppression time updated to: 126
Received update: /ndn/fr2-site/fr2/svs_core/fr2=1, 1741620125314
Max suppression time updated to: 126
Received update: /ndn/al-site/al/svs_core/al=1, 1741620125678
Published sequence number: /ndn/dk-site/dk/svs_core/dk=1, 1741620127399
Sending Sync interest
Max suppression time updated to: 129
Received update: /ndn/es-site/es/svs_core/es=1, 1741620129016
Max suppression time updated to: 126
Max suppression time updated to: 129
Max suppression time updated to: 129
Max suppression time updated to: 126
Received update: /ndn/be-site/be/svs_core/be=1, 1741620131186
Max suppression time updated to: 129
Received update: /ndn/az-site/az/svs_core/az=1, 1741620133463
Received update: /ndn/nl-site/nl/svs_core/nl=1, 1741620133463
Max suppression time updated to: 129
Received update: /ndn/pl-site/pl/svs_core/pl=1, 1741620133552
Max suppression time updated to: 132
Received update: /ndn/me-site/me/svs_core/me=1, 1741620134204
Max suppression time updated to: 132
Max suppression time updated to: 132
Max suppression time updated to: 132
Received update: /ndn/ie-site/ie/svs_core/ie=1, 1741620134354
Max suppression time updated to: 132
Max suppression time updated to: 132
Received update: /ndn/sk-site/sk/svs_core/sk=1, 1741620135787
Max suppression time updated to: 135
Received update: /ndn/mt-site/mt/svs_core/mt=1, 1741620137132
Received update: /ndn/de2-site/de2/svs_core/de2=1, 1741620137132
Max suppression time updated to: 135
Received update: /ndn/it-site/it/svs_core/it=1, 1741620138435
Max suppression time updated to: 135
Received update: /ndn/cz-site/cz/svs_core/cz=2, 1741620138804
Max suppression time updated to: 135
Received update: /ndn/at-site/at/svs_core/at=2, 1741620140018
Received update: /ndn/cy-site/cy/svs_core/cy=2, 1741620140018
Max suppression time updated to: 135
Received update: /ndn/ua-site/ua/svs_core/ua=2, 1741620142803
Max suppression time updated to: 135
Received update: /ndn/lt-site/lt/svs_core/lt=2, 1741620142862
Max suppression time updated to: 135
Max suppression time updated to: 135
Max suppression time updated to: 135
Received update: /ndn/fi-site/fi/svs_core/fi=2, 1741620142992
Max suppression time updated to: 135
Received update: /ndn/bg-site/bg/svs_core/bg=2, 1741620143513
Max suppression time updated to: 135
Received update: /ndn/ee-site/ee/svs_core/ee=2, 1741620143657
Max suppression time updated to: 135
Received update: /ndn/si-site/si/svs_core/si=2, 1741620144590
Max suppression time updated to: 135
Received update: /ndn/uk-site/uk/svs_core/uk=2, 1741620149869
Max suppression time updated to: 135
Received update: /ndn/hu-site/hu/svs_core/hu=2, 1741620152056
Received update: /ndn/lv-site/lv/svs_core/lv=2, 1741620152056
Max suppression time updated to: 135
Received update: /ndn/pt-site/pt/svs_core/pt=2, 1741620153812
Max suppression time updated to: 135
Max suppression time updated to: 135
Max suppression time updated to: 135
Received update: /ndn/gr-site/gr/svs_core/gr=2, 1741620153971
Max suppression time updated to: 135
Max suppression time updated to: 135
Max suppression time updated to: 138
Max suppression time updated to: 138
Max suppression time updated to: 135
Received update: /ndn/no-site/no/svs_core/no=2, 1741620155961
Max suppression time updated to: 135
Received update: /ndn/hr-site/hr/svs_core/hr=2, 1741620157291
Received update: /ndn/md-site/md/svs_core/md=2, 1741620157291
Max suppression time updated to: 138
Max suppression time updated to: 138
Received update: /ndn/se-site/se/svs_core/se=2, 1741620159103
Max suppression time updated to: 138
Received update: /ndn/mk-site/mk/svs_core/mk=2, 1741620159270
Max suppression time updated to: 138
Max suppression time updated to: 138
Max suppression time updated to: 138
Max suppression time updated to: 138
Max suppression time updated to: 138
Received update: /ndn/is-site/is/svs_core/is=2, 1741620162394
Max suppression time updated to: 138
Received update: /ndn/ge-site/ge/svs_core/ge=2, 1741620162647
Max suppression time updated to: 138
Received update: /ndn/de1-site/de1/svs_core/de1=2, 1741620163164
Max suppression time updated to: 138
Received update: /ndn/by-site/by/svs_core/by=2, 1741620163381
Max suppression time updated to: 138
Received update: /ndn/ch-site/ch/svs_core/ch=2, 1741620164017
Max suppression time updated to: 138
Received update: /ndn/rs-site/rs/svs_core/rs=2, 1741620164234
Max suppression time updated to: 138
Received update: /ndn/fr1-site/fr1/svs_core/fr1=2, 1741620164516
Max suppression time updated to: 141
Received update: /ndn/tr-site/tr/svs_core/tr=2, 1741620167872
Max suppression time updated to: 141
Received update: /ndn/am-site/am/svs_core/am=2, 1741620168046
Max suppression time updated to: 141
Received update: /ndn/ro-site/ro/svs_core/ro=2, 1741620169888
Max suppression time updated to: 141
Received update: /ndn/lu-site/lu/svs_core/lu=2, 1741620170031
Max suppression time updated to: 141
Max suppression time updated to: 141
Received update: /ndn/il-site/il/svs_core/il=2, 1741620170080
Max suppression time updated to: 141
Received update: /ndn/fr2-site/fr2/svs_core/fr2=2, 1741620170328
Max suppression time updated to: 141
Max suppression time updated to: 141
Max suppression time updated to: 141
Received update: /ndn/al-site/al/svs_core/al=2, 1741620170687
Published sequence number: /ndn/dk-site/dk/svs_core/dk=2, 1741620172404
Sending Sync interest
Max suppression time updated to: 141
Received update: /ndn/es-site/es/svs_core/es=2, 1741620174006
Max suppression time updated to: 141
Sending Sync interest
Max suppression time updated to: 141
Max suppression time updated to: 141
Max suppression time updated to: 141
Max suppression time updated to: 141
Sending Sync interest
Max suppression time updated to: 141
Max suppression time updated to: 141
Max suppression time updated to: 141
Max suppression time updated to: 141
Max suppression time updated to: 141
Max suppression time updated to: 141
Max suppression time updated to: 141
Received update: /ndn/be-site/be/svs_core/be=2, 1741620176186
Max suppression time updated to: 141
Received update: /ndn/nl-site/nl/svs_core/nl=2, 1741620177209
Max suppression time updated to: 141
Received update: /ndn/pl-site/pl/svs_core/pl=2, 1741620180838
Received update: /ndn/sk-site/sk/svs_core/sk=2, 1741620180838
Received update: /ndn/de2-site/de2/svs_core/de2=2, 1741620180838
Max suppression time updated to: 141
Received update: /ndn/az-site/az/svs_core/az=2, 1741620180961
Max suppression time updated to: 141
Received update: /ndn/ie-site/ie/svs_core/ie=2, 1741620181045
Max suppression time updated to: 141
Max suppression time updated to: 141
Max suppression time updated to: 141
Max suppression time updated to: 141
Max suppression time updated to: 144
Max suppression time updated to: 144
Received update: /ndn/me-site/me/svs_core/me=2, 1741620181301
Max suppression time updated to: 144
Max suppression time updated to: 144
Max suppression time updated to: 144
Max suppression time updated to: 144
Max suppression time updated to: 147
Max suppression time updated to: 147
Received update: /ndn/it-site/it/svs_core/it=2, 1741620183644
Received update: /ndn/mt-site/mt/svs_core/mt=2, 1741620183644
Max suppression time updated to: 147
Received update: /ndn/cz-site/cz/svs_core/cz=3, 1741620183801
Max suppression time updated to: 147
Received update: /ndn/cy-site/cy/svs_core/cy=3, 1741620184285
Max suppression time updated to: 147
Received update: /ndn/at-site/at/svs_core/at=3, 1741620189589
Received update: /ndn/si-site/si/svs_core/si=3, 1741620189589
Max suppression time updated to: 147
Received update: /ndn/bg-site/bg/svs_core/bg=3, 1741620189768
Max suppression time updated to: 147
Received update: /ndn/lt-site/lt/svs_core/lt=3, 1741620189968
Max suppression time updated to: 147
Received update: /ndn/ee-site/ee/svs_core/ee=3, 1741620189969
Max suppression time updated to: 147
Max suppression time updated to: 147
Received update: /ndn/ua-site/ua/svs_core/ua=3, 1741620190285
Max suppression time updated to: 147
Max suppression time updated to: 147
Received update: /ndn/uk-site/uk/svs_core/uk=3, 1741620194863
Max suppression time updated to: 147
Received update: /ndn/hu-site/hu/svs_core/hu=3, 1741620197043
Max suppression time updated to: 147
Received update: /ndn/lv-site/lv/svs_core/lv=3, 1741620197129
Max suppression time updated to: 147
Max suppression time updated to: 147
Max suppression time updated to: 147
Max suppression time updated to: 147
Received update: /ndn/md-site/md/svs_core/md=3, 1741620197786
Max suppression time updated to: 147
Received update: /ndn/no-site/no/svs_core/no=3, 1741620200970
Sending Sync interest
Max suppression time updated to: 147
Max suppression time updated to: 147
Max suppression time updated to: 147
Max suppression time updated to: 147
Received update: /ndn/pt-site/pt/svs_core/pt=3, 1741620201182
Max suppression time updated to: 147
Max suppression time updated to: 147
Max suppression time updated to: 147
Max suppression time updated to: 147
Received update: /ndn/gr-site/gr/svs_core/gr=3, 1741620201352
Max suppression time updated to: 147
Received update: /ndn/fi-site/fi/svs_core/fi=3, 1741620201412
Max suppression time updated to: 147
Max suppression time updated to: 147
Max suppression time updated to: 147
Max suppression time updated to: 147
Max suppression time updated to: 147
Max suppression time updated to: 150
Received update: /ndn/hr-site/hr/svs_core/hr=3, 1741620202371
Max suppression time updated to: 147
Received update: /ndn/se-site/se/svs_core/se=3, 1741620204103
Max suppression time updated to: 147
Received update: /ndn/mk-site/mk/svs_core/mk=3, 1741620204209
Max suppression time updated to: 147
Received update: /ndn/is-site/is/svs_core/is=3, 1741620207370
Max suppression time updated to: 147
Received update: /ndn/de1-site/de1/svs_core/de1=3, 1741620208190
Max suppression time updated to: 147
Received update: /ndn/am-site/am/svs_core/am=3, 1741620209172
Max suppression time updated to: 147
Received update: /ndn/by-site/by/svs_core/by=3, 1741620209579
Received update: /ndn/ge-site/ge/svs_core/ge=3, 1741620209579
Max suppression time updated to: 147
Received update: /ndn/ch-site/ch/svs_core/ch=3, 1741620209580
Max suppression time updated to: 150
Received update: /ndn/fr1-site/fr1/svs_core/fr1=3, 1741620209968
Max suppression time updated to: 150
Received update: /ndn/rs-site/rs/svs_core/rs=3, 1741620210589
Max suppression time updated to: 153
Max suppression time updated to: 156
Max suppression time updated to: 156
Max suppression time updated to: 156
Max suppression time updated to: 156
Max suppression time updated to: 156
Max suppression time updated to: 156
Max suppression time updated to: 156
Max suppression time updated to: 156
Max suppression time updated to: 156
Received update: /ndn/tr-site/tr/svs_core/tr=3, 1741620212865
Max suppression time updated to: 156
Received update: /ndn/lu-site/lu/svs_core/lu=3, 1741620213339
Max suppression time updated to: 156
Max suppression time updated to: 156
Max suppression time updated to: 156
Max suppression time updated to: 156
Received update: /ndn/il-site/il/svs_core/il=3, 1741620215089
Max suppression time updated to: 156
Received update: /ndn/ro-site/ro/svs_core/ro=3, 1741620215171
Max suppression time updated to: 156
Received update: /ndn/fr2-site/fr2/svs_core/fr2=3, 1741620215324
Published sequence number: /ndn/dk-site/dk/svs_core/dk=3, 1741620217410
Sending Sync interest
Max suppression time updated to: 156
Received update: /ndn/es-site/es/svs_core/es=3, 1741620219057
Max suppression time updated to: 156
Received update: /ndn/be-site/be/svs_core/be=3, 1741620221205
Max suppression time updated to: 156
Received update: /ndn/nl-site/nl/svs_core/nl=3, 1741620222227
Max suppression time updated to: 156
Received update: /ndn/ie-site/ie/svs_core/ie=3, 1741620222483
Max suppression time updated to: 156
Max suppression time updated to: 156
Max suppression time updated to: 156
Max suppression time updated to: 156
Max suppression time updated to: 156
Max suppression time updated to: 156
Received update: /ndn/al-site/al/svs_core/al=3, 1741620222817
Max suppression time updated to: 156
Received update: /ndn/az-site/az/svs_core/az=3, 1741620223408
Received update: /ndn/pl-site/pl/svs_core/pl=3, 1741620223408
Max suppression time updated to: 153
Max suppression time updated to: 156
Max suppression time updated to: 156
Max suppression time updated to: 156
Received update: /ndn/sk-site/sk/svs_core/sk=3, 1741620225863
Received update: /ndn/de2-site/de2/svs_core/de2=3, 1741620225863
Max suppression time updated to: 156
Received update: /ndn/mt-site/mt/svs_core/mt=3, 1741620227095
Max suppression time updated to: 156
Received update: /ndn/cz-site/cz/svs_core/cz=4, 1741620228809
Max suppression time updated to: 156
Received update: /ndn/it-site/it/svs_core/it=3, 1741620228870
Max suppression time updated to: 156
Max suppression time updated to: 156
Max suppression time updated to: 156
Received update: /ndn/cy-site/cy/svs_core/cy=4, 1741620229298
Max suppression time updated to: 159
Received update: /ndn/me-site/me/svs_core/me=3, 1741620229564
Max suppression time updated to: 156
Received update: /ndn/fi-site/fi/svs_core/fi=4, 1741620229954
Max suppression time updated to: 159
Received update: /ndn/at-site/at/svs_core/at=4, 1741620229995
Max suppression time updated to: 159
Max suppression time updated to: 159
Max suppression time updated to: 159
Max suppression time updated to: 159
Max suppression time updated to: 159
Max suppression time updated to: 159
Max suppression time updated to: 159
Received update: /ndn/ee-site/ee/svs_core/ee=4, 1741620232652
Received update: /ndn/lt-site/lt/svs_core/lt=4, 1741620232652
Max suppression time updated to: 159
Received update: /ndn/bg-site/bg/svs_core/bg=4, 1741620233507
Max suppression time updated to: 159
Received update: /ndn/uk-site/uk/svs_core/uk=4, 1741620239877
Max suppression time updated to: 159
Received update: /ndn/si-site/si/svs_core/si=4, 1741620240111
Max suppression time updated to: 159
Received update: /ndn/lv-site/lv/svs_core/lv=4, 1741620240349
Max suppression time updated to: 159
Received update: /ndn/hu-site/hu/svs_core/hu=4, 1741620242074
Max suppression time updated to: 159
Received update: /ndn/ua-site/ua/svs_core/ua=4, 1741620242269
Max suppression time updated to: 159
Received update: /ndn/pt-site/pt/svs_core/pt=4, 1741620243830
Max suppression time updated to: 159
Max suppression time updated to: 159
Max suppression time updated to: 159
Max suppression time updated to: 159
Max suppression time updated to: 159
Max suppression time updated to: 159
Max suppression time updated to: 159
Max suppression time updated to: 159
Received update: /ndn/gr-site/gr/svs_core/gr=4, 1741620244000
Max suppression time updated to: 159
Max suppression time updated to: 159
Max suppression time updated to: 159
Received update: /ndn/no-site/no/svs_core/no=4, 1741620245990
Max suppression time updated to: 159
Received update: /ndn/md-site/md/svs_core/md=4, 1741620246287
Max suppression time updated to: 159
Max suppression time updated to: 159
Received update: /ndn/hr-site/hr/svs_core/hr=4, 1741620247129
Max suppression time updated to: 159
Received update: /ndn/mk-site/mk/svs_core/mk=4, 1741620249246
Received update: /ndn/rs-site/rs/svs_core/rs=4, 1741620249246
Max suppression time updated to: 162
Received update: /ndn/by-site/by/svs_core/by=4, 1741620252143
Max suppression time updated to: 162
Received update: /ndn/se-site/se/svs_core/se=4, 1741620252221
Max suppression time updated to: 159
Received update: /ndn/is-site/is/svs_core/is=4, 1741620252377
Max suppression time updated to: 159
Received update: /ndn/ge-site/ge/svs_core/ge=4, 1741620252669
Max suppression time updated to: 159
Received update: /ndn/de1-site/de1/svs_core/de1=4, 1741620253181
Max suppression time updated to: 159
Received update: /ndn/ch-site/ch/svs_core/ch=4, 1741620254020
Max suppression time updated to: 159
Received update: /ndn/tr-site/tr/svs_core/tr=4, 1741620257876
Received update: /ndn/fr1-site/fr1/svs_core/fr1=4, 1741620257876
Max suppression time updated to: 159
Received update: /ndn/ro-site/ro/svs_core/ro=4, 1741620259892
Max suppression time updated to: 159
Received update: /ndn/lu-site/lu/svs_core/lu=4, 1741620259998
Max suppression time updated to: 159
Max suppression time updated to: 159
Received update: /ndn/il-site/il/svs_core/il=4, 1741620260093
Max suppression time updated to: 159
Received update: /ndn/am-site/am/svs_core/am=4, 1741620260178
Max suppression time updated to: 159
Received update: /ndn/fr2-site/fr2/svs_core/fr2=4, 1741620260325
Max suppression time updated to: 159
Received update: /ndn/al-site/al/svs_core/al=4, 1741620260736
Max suppression time updated to: 159
Max suppression time updated to: 159
Published sequence number: /ndn/dk-site/dk/svs_core/dk=4, 1741620262417
Sending Sync interest
Max suppression time updated to: 162
Received update: /ndn/es-site/es/svs_core/es=4, 1741620264296
Sending Sync interest
Max suppression time updated to: 162
Received update: /ndn/be-site/be/svs_core/be=4, 1741620267241
Received update: /ndn/nl-site/nl/svs_core/nl=4, 1741620267241
Max suppression time updated to: 162
Received update: /ndn/pl-site/pl/svs_core/pl=4, 1741620267934
Max suppression time updated to: 162
Max suppression time updated to: 162
Received update: /ndn/ie-site/ie/svs_core/ie=4, 1741620267990
Max suppression time updated to: 162
Max suppression time updated to: 162
Max suppression time updated to: 162
Max suppression time updated to: 162
Received update: /ndn/az-site/az/svs_core/az=4, 1741620270800
Received update: /ndn/sk-site/sk/svs_core/sk=4, 1741620270800
Max suppression time updated to: 162
Received update: /ndn/de2-site/de2/svs_core/de2=4, 1741620270837
Max suppression time updated to: 162
Received update: /ndn/me-site/me/svs_core/me=4, 1741620270998
Max suppression time updated to: 162
Received update: /ndn/it-site/it/svs_core/it=4, 1741620273474
Max suppression time updated to: 162
Received update: /ndn/cy-site/cy/svs_core/cy=5, 1741620274300
Max suppression time updated to: 162
Received update: /ndn/cz-site/cz/svs_core/cz=5, 1741620274433
Max suppression time updated to: 162
Max suppression time updated to: 162
Received update: /ndn/mt-site/mt/svs_core/mt=4, 1741620274740
Max suppression time updated to: 162
Received update: /ndn/fi-site/fi/svs_core/fi=5, 1741620274963
Max suppression time updated to: 162
Received update: /ndn/at-site/at/svs_core/at=5, 1741620274986
Max suppression time updated to: 162
Max suppression time updated to: 162
Max suppression time updated to: 162
Max suppression time updated to: 162
Received update: /ndn/ee-site/ee/svs_core/ee=5, 1741620277663
Max suppression time updated to: 162
Received update: /ndn/ua-site/ua/svs_core/ua=5, 1741620277853
Max suppression time updated to: 162
Received update: /ndn/lt-site/lt/svs_core/lt=5, 1741620278062
Max suppression time updated to: 162
Received update: /ndn/bg-site/bg/svs_core/bg=5, 1741620278636
Max suppression time updated to: 162
Max suppression time updated to: 162
Max suppression time updated to: 162
Max suppression time updated to: 162
Received update: /ndn/uk-site/uk/svs_core/uk=5, 1741620284882
Max suppression time updated to: 159
Received update: /ndn/lv-site/lv/svs_core/lv=5, 1741620285100
Max suppression time updated to: 159
Received update: /ndn/si-site/si/svs_core/si=5, 1741620285124
Max suppression time updated to: 159
Max suppression time updated to: 162
Received update: /ndn/hu-site/hu/svs_core/hu=5, 1741620287092
Max suppression time updated to: 162
Received update: /ndn/gr-site/gr/svs_core/gr=5, 1741620287737
Max suppression time updated to: 162
Received update: /ndn/hr-site/hr/svs_core/hr=5, 1741620292244
Max suppression time updated to: 162
Max suppression time updated to: 162
Max suppression time updated to: 162
Max suppression time updated to: 162
Received update: /ndn/by-site/by/svs_core/by=5, 1741620297186
Max suppression time updated to: 162
Received update: /ndn/md-site/md/svs_core/md=5, 1741620297270
Max suppression time updated to: 162
Max suppression time updated to: 159
Received update: /ndn/rs-site/rs/svs_core/rs=5, 1741620297382
Max suppression time updated to: 159
Received update: /ndn/no-site/no/svs_core/no=5, 1741620297394
Max suppression time updated to: 159
Received update: /ndn/se-site/se/svs_core/se=5, 1741620297407
Max suppression time updated to: 159
Received update: /ndn/is-site/is/svs_core/is=5, 1741620297417
Max suppression time updated to: 159
Max suppression time updated to: 159
Max suppression time updated to: 159
Max suppression time updated to: 159
Max suppression time updated to: 159
Received update: /ndn/ge-site/ge/svs_core/ge=5, 1741620297814
Max suppression time updated to: 159
Received update: /ndn/mk-site/mk/svs_core/mk=5, 1741620297823
Max suppression time updated to: 159
Max suppression time updated to: 159
Max suppression time updated to: 159
Received update: /ndn/pt-site/pt/svs_core/pt=5, 1741620298009
Max suppression time updated to: 159
Max suppression time updated to: 159
Max suppression time updated to: 159
Max suppression time updated to: 159
Max suppression time updated to: 159
Max suppression time updated to: 159
Max suppression time updated to: 159
Received update: /ndn/am-site/am/svs_core/am=5, 1741620299231
Max suppression time updated to: 162
Received update: /ndn/ch-site/ch/svs_core/ch=5, 1741620299426
Max suppression time updated to: 162
Received update: /ndn/fr1-site/fr1/svs_core/fr1=5, 1741620299704
Max suppression time updated to: 162
Received update: /ndn/de1-site/de1/svs_core/de1=5, 1741620299871
Max suppression time updated to: 162
Received update: /ndn/tr-site/tr/svs_core/tr=5, 1741620302945
Max suppression time updated to: 162
Received update: /ndn/lu-site/lu/svs_core/lu=5, 1741620303366
Max suppression time updated to: 162
Received update: /ndn/ro-site/ro/svs_core/ro=5, 1741620304885
Max suppression time updated to: 162
Max suppression time updated to: 162
Max suppression time updated to: 162
Max suppression time updated to: 162
Received update: /ndn/fr2-site/fr2/svs_core/fr2=5, 1741620305345
Max suppression time updated to: 162
Received update: /ndn/al-site/al/svs_core/al=5, 1741620305696
Max suppression time updated to: 162
Max suppression time updated to: 162
Max suppression time updated to: 162
Max suppression time updated to: 162
Received update: /ndn/il-site/il/svs_core/il=5, 1741620305877
Published sequence number: /ndn/dk-site/dk/svs_core/dk=5, 1741620307425
Sending Sync interest
Max suppression time updated to: 162
Received update: /ndn/be-site/be/svs_core/be=5, 1741620311207
Sending Sync interest
Max suppression time updated to: 162
Received update: /ndn/es-site/es/svs_core/es=5, 1741620311448
Sending Sync interest
Max suppression time updated to: 162
Max suppression time updated to: 162
Received update: /ndn/nl-site/nl/svs_core/nl=5, 1741620312262
Max suppression time updated to: 162
Received update: /ndn/az-site/az/svs_core/az=5, 1741620313586
Received update: /ndn/pl-site/pl/svs_core/pl=5, 1741620313586
Max suppression time updated to: 162
Max suppression time updated to: 162
Received update: /ndn/me-site/me/svs_core/me=5, 1741620314329
Max suppression time updated to: 162
Max suppression time updated to: 162
Received update: /ndn/sk-site/sk/svs_core/sk=5, 1741620315811
Max suppression time updated to: 165
Received update: /ndn/mt-site/mt/svs_core/mt=5, 1741620317151
Max suppression time updated to: 165
Max suppression time updated to: 165
Received update: /ndn/de2-site/de2/svs_core/de2=5, 1741620317211
Max suppression time updated to: 165
Max suppression time updated to: 165
Max suppression time updated to: 162
Max suppression time updated to: 162
Max suppression time updated to: 159
Max suppression time updated to: 159
Max suppression time updated to: 159
Max suppression time updated to: 159
Received update: /ndn/ie-site/ie/svs_core/ie=5, 1741620317675
Max suppression time updated to: 159
Received update: /ndn/cz-site/cz/svs_core/cz=6, 1741620318875
Max suppression time updated to: 159
Max suppression time updated to: 159
Received update: /ndn/it-site/it/svs_core/it=5, 1741620318954
Max suppression time updated to: 159
Max suppression time updated to: 159
Received update: /ndn/cy-site/cy/svs_core/cy=6, 1741620319311
Max suppression time updated to: 159
Received update: /ndn/at-site/at/svs_core/at=6, 1741620319992
Max suppression time updated to: 159
Received update: /ndn/lt-site/lt/svs_core/lt=6, 1741620320660
Sending Sync interest
Max suppression time updated to: 159
Max suppression time updated to: 159
Received update: /ndn/fi-site/fi/svs_core/fi=6, 1741620320874
Max suppression time updated to: 159
Max suppression time updated to: 159
Received update: /ndn/ee-site/ee/svs_core/ee=6, 1741620322652
Max suppression time updated to: 159
Received update: /ndn/ua-site/ua/svs_core/ua=6, 1741620322968
Max suppression time updated to: 159
Max suppression time updated to: 159
Received update: /ndn/bg-site/bg/svs_core/bg=6, 1741620323556
Max suppression time updated to: 159
Received update: /ndn/lv-site/lv/svs_core/lv=6, 1741620328756
Received update: /ndn/si-site/si/svs_core/si=6, 1741620328756
Max suppression time updated to: 159
Received update: /ndn/uk-site/uk/svs_core/uk=6, 1741620329894
Max suppression time updated to: 162
Received update: /ndn/hu-site/hu/svs_core/hu=6, 1741620333205
Received update: /ndn/md-site/md/svs_core/md=6, 1741620333205
Max suppression time updated to: 162
Received update: /ndn/gr-site/gr/svs_core/gr=6, 1741620333269
Max suppression time updated to: 162
Max suppression time updated to: 162
Received update: /ndn/pt-site/pt/svs_core/pt=6, 1741620333834
Max suppression time updated to: 162
Received update: /ndn/hr-site/hr/svs_core/hr=6, 1741620337133
Max suppression time updated to: 159
Received update: /ndn/rs-site/rs/svs_core/rs=6, 1741620338381
Max suppression time updated to: 159
Max suppression time updated to: 159
Max suppression time updated to: 159
Received update: /ndn/no-site/no/svs_core/no=6, 1741620338615
Max suppression time updated to: 159
Max suppression time updated to: 159
Received update: /ndn/se-site/se/svs_core/se=6, 1741620339116
Max suppression time updated to: 159
Received update: /ndn/by-site/by/svs_core/by=6, 1741620342139
Max suppression time updated to: 159
Max suppression time updated to: 159
Max suppression time updated to: 159
Max suppression time updated to: 159
Received update: /ndn/is-site/is/svs_core/is=6, 1741620342381
Max suppression time updated to: 159
Received update: /ndn/mk-site/mk/svs_core/mk=6, 1741620342518
Max suppression time updated to: 159
Received update: /ndn/de1-site/de1/svs_core/de1=6, 1741620343224
Max suppression time updated to: 159
Received update: /ndn/ge-site/ge/svs_core/ge=6, 1741620343416
Max suppression time updated to: 159
Received update: /ndn/ch-site/ch/svs_core/ch=6, 1741620344033
Max suppression time updated to: 159
Max suppression time updated to: 159
Max suppression time updated to: 159
Received update: /ndn/fr1-site/fr1/svs_core/fr1=6, 1741620344471
Max suppression time updated to: 159
Received update: /ndn/am-site/am/svs_core/am=6, 1741620344673
Max suppression time updated to: 159
Received update: /ndn/lu-site/lu/svs_core/lu=6, 1741620348352
Max suppression time updated to: 159
Received update: /ndn/tr-site/tr/svs_core/tr=6, 1741620348565
Max suppression time updated to: 159
Received update: /ndn/il-site/il/svs_core/il=6, 1741620350265
Max suppression time updated to: 159
Received update: /ndn/al-site/al/svs_core/al=6, 1741620350863
Received update: /ndn/ro-site/ro/svs_core/ro=6, 1741620350863
Max suppression time updated to: 159
Received update: /ndn/fr2-site/fr2/svs_core/fr2=6, 1741620350889
Max suppression time updated to: 159
Published sequence number: /ndn/dk-site/dk/svs_core/dk=6, 1741620352436
Sending Sync interest
Max suppression time updated to: 159
Received update: /ndn/es-site/es/svs_core/es=6, 1741620354069
Max suppression time updated to: 159
Received update: /ndn/be-site/be/svs_core/be=6, 1741620356219
Max suppression time updated to: 159
Received update: /ndn/nl-site/nl/svs_core/nl=6, 1741620357274
Max suppression time updated to: 162
Received update: /ndn/ie-site/ie/svs_core/ie=6, 1741620357508
Max suppression time updated to: 162
Max suppression time updated to: 162
Max suppression time updated to: 162
Received update: /ndn/pl-site/pl/svs_core/pl=6, 1741620357825
Sending Sync interest
Max suppression time updated to: 162
Max suppression time updated to: 162
Max suppression time updated to: 162
Max suppression time updated to: 162
Max suppression time updated to: 162
Received update: /ndn/az-site/az/svs_core/az=6, 1741620358465
Max suppression time updated to: 162
Received update: /ndn/sk-site/sk/svs_core/sk=6, 1741620360816
Max suppression time updated to: 162
Received update: /ndn/de2-site/de2/svs_core/de2=6, 1741620360842
Max suppression time updated to: 162
Received update: /ndn/me-site/me/svs_core/me=6, 1741620361063
Max suppression time updated to: 162
Received update: /ndn/it-site/it/svs_core/it=6, 1741620363472
Max suppression time updated to: 162
Received update: /ndn/cz-site/cz/svs_core/cz=7, 1741620363837
Max suppression time updated to: 159
Received update: /ndn/mt-site/mt/svs_core/mt=6, 1741620364072
Max suppression time updated to: 159
Received update: /ndn/cy-site/cy/svs_core/cy=7, 1741620364315
Max suppression time updated to: 159
Received update: /ndn/at-site/at/svs_core/at=7, 1741620364998
Max suppression time updated to: 159
Received update: /ndn/fi-site/fi/svs_core/fi=7, 1741620365179
Sending Sync interest
Max suppression time updated to: 159
Received update: /ndn/uk-site/uk/svs_core/uk=7, 1741620374903
Max suppression time updated to: 159
Received update: /ndn/lt-site/lt/svs_core/lt=7, 1741620375137
Max suppression time updated to: 159
Received update: /ndn/si-site/si/svs_core/si=7, 1741620375301
Max suppression time updated to: 159
Received update: /ndn/bg-site/bg/svs_core/bg=7, 1741620375327
Max suppression time updated to: 159
Received update: /ndn/ua-site/ua/svs_core/ua=7, 1741620375346
Max suppression time updated to: 159
Received update: /ndn/ee-site/ee/svs_core/ee=7, 1741620375371
Max suppression time updated to: 159
Max suppression time updated to: 159
Received update: /ndn/lv-site/lv/svs_core/lv=7, 1741620375383
Max suppression time updated to: 159
Max suppression time updated to: 159
Max suppression time updated to: 159
Received update: /ndn/hu-site/hu/svs_core/hu=7, 1741620377081
Max suppression time updated to: 162
Received update: /ndn/hr-site/hr/svs_core/hr=7, 1741620382177
Max suppression time updated to: 159
Received update: /ndn/gr-site/gr/svs_core/gr=7, 1741620382186
Max suppression time updated to: 159
Max suppression time updated to: 159
Received update: /ndn/pt-site/pt/svs_core/pt=7, 1741620382423
Max suppression time updated to: 159
Received update: /ndn/md-site/md/svs_core/md=7, 1741620382444
Max suppression time updated to: 159
Max suppression time updated to: 159
Max suppression time updated to: 162
Max suppression time updated to: 162
Received update: /ndn/no-site/no/svs_core/no=7, 1741620382954
Max suppression time updated to: 162
Received update: /ndn/by-site/by/svs_core/by=7, 1741620387336
Received update: /ndn/rs-site/rs/svs_core/rs=7, 1741620387336
Max suppression time updated to: 162
Received update: /ndn/mk-site/mk/svs_core/mk=7, 1741620387348
Max suppression time updated to: 159
Received update: /ndn/is-site/is/svs_core/is=7, 1741620387383
Max suppression time updated to: 159
Max suppression time updated to: 159
Received update: /ndn/se-site/se/svs_core/se=7, 1741620387578
Sending Sync interest
Max suppression time updated to: 159
Received update: /ndn/de1-site/de1/svs_core/de1=7, 1741620388182
Max suppression time updated to: 162
Received update: /ndn/ch-site/ch/svs_core/ch=7, 1741620389101
Max suppression time updated to: 162
Received update: /ndn/fr1-site/fr1/svs_core/fr1=7, 1741620389549
Max suppression time updated to: 162
Received update: /ndn/tr-site/tr/svs_core/tr=7, 1741620392912
Max suppression time updated to: 162
Received update: /ndn/ge-site/ge/svs_core/ge=7, 1741620393086
Max suppression time updated to: 162
Received update: /ndn/lu-site/lu/svs_core/lu=7, 1741620393372
Sending Sync interest
Max suppression time updated to: 162
Received update: /ndn/am-site/am/svs_core/am=7, 1741620393539
Max suppression time updated to: 162
Max suppression time updated to: 159
Max suppression time updated to: 159
Received update: /ndn/il-site/il/svs_core/il=7, 1741620395118
Max suppression time updated to: 159
Received update: /ndn/fr2-site/fr2/svs_core/fr2=7, 1741620395363
Published sequence number: /ndn/dk-site/dk/svs_core/dk=7, 1741620397444
Sending Sync interest
Max suppression time updated to: 159
Received update: /ndn/ro-site/ro/svs_core/ro=7, 1741620397759
Max suppression time updated to: 159
Received update: /ndn/es-site/es/svs_core/es=7, 1741620399084
Max suppression time updated to: 159
Max suppression time updated to: 159
Max suppression time updated to: 159
Max suppression time updated to: 159
Max suppression time updated to: 159
Received update: /ndn/nl-site/nl/svs_core/nl=7, 1741620402271
Max suppression time updated to: 159
Received update: /ndn/be-site/be/svs_core/be=7, 1741620402473
Max suppression time updated to: 159
Received update: /ndn/ie-site/ie/svs_core/ie=7, 1741620402500
Max suppression time updated to: 159
Received update: /ndn/al-site/al/svs_core/al=7, 1741620402707
Max suppression time updated to: 159
Received update: /ndn/pl-site/pl/svs_core/pl=7, 1741620402836
Sending Sync interest
Max suppression time updated to: 159
Max suppression time updated to: 159
Received update: /ndn/az-site/az/svs_core/az=7, 1741620403453
Max suppression time updated to: 159
Received update: /ndn/sk-site/sk/svs_core/sk=7, 1741620405818
Max suppression time updated to: 159
Received update: /ndn/de2-site/de2/svs_core/de2=7, 1741620405843
Max suppression time updated to: 159
Max suppression time updated to: 159
Max suppression time updated to: 159
Max suppression time updated to: 159
Max suppression time updated to: 159
Received update: /ndn/it-site/it/svs_core/it=7, 1741620408513
Max suppression time updated to: 159
Received update: /ndn/at-site/at/svs_core/at=8, 1741620410006
Received update: /ndn/cz-site/cz/svs_core/cz=8, 1741620410006
Max suppression time updated to: 159
Received update: /ndn/cy-site/cy/svs_core/cy=8, 1741620410192
Max suppression time updated to: 159
Received update: /ndn/me-site/me/svs_core/me=7, 1741620410210
Max suppression time updated to: 159
Max suppression time updated to: 159
Received update: /ndn/mt-site/mt/svs_core/mt=7, 1741620410293
Max suppression time updated to: 159
Received update: /ndn/lt-site/lt/svs_core/lt=8, 1741620410881
Max suppression time updated to: 159
Received update: /ndn/bg-site/bg/svs_core/bg=8, 1741620413558
Max suppression time updated to: 159
Max suppression time updated to: 159
Max suppression time updated to: 159
Received update: /ndn/fi-site/fi/svs_core/fi=8, 1741620413852
Max suppression time updated to: 159
Received update: /ndn/ee-site/ee/svs_core/ee=8, 1741620413853
Max suppression time updated to: 159
Max suppression time updated to: 159
Max suppression time updated to: 159
Max suppression time updated to: 159
Received update: /ndn/hu-site/hu/svs_core/hu=8, 1741620422075
Received update: /ndn/si-site/si/svs_core/si=8, 1741620422075
Received update: /ndn/ua-site/ua/svs_core/ua=8, 1741620422075
Max suppression time updated to: 159
Received update: /ndn/gr-site/gr/svs_core/gr=8, 1741620422748
Max suppression time updated to: 159
Received update: /ndn/uk-site/uk/svs_core/uk=8, 1741620422928
Max suppression time updated to: 159
Max suppression time updated to: 159
Max suppression time updated to: 159
Max suppression time updated to: 159
Max suppression time updated to: 159
Received update: /ndn/lv-site/lv/svs_core/lv=8, 1741620423188
Max suppression time updated to: 159
Received update: /ndn/md-site/md/svs_core/md=8, 1741620423210
Max suppression time updated to: 159
Max suppression time updated to: 159
Received update: /ndn/rs-site/rs/svs_core/rs=8, 1741620428396
Max suppression time updated to: 159
Received update: /ndn/hr-site/hr/svs_core/hr=8, 1741620428574
Max suppression time updated to: 159
Received update: /ndn/no-site/no/svs_core/no=8, 1741620428618
Max suppression time updated to: 159
Max suppression time updated to: 159
Received update: /ndn/pt-site/pt/svs_core/pt=8, 1741620428975
Max suppression time updated to: 159
Max suppression time updated to: 159
Received update: /ndn/se-site/se/svs_core/se=8, 1741620429123
Max suppression time updated to: 159
Received update: /ndn/by-site/by/svs_core/by=8, 1741620432137
Max suppression time updated to: 159
Max suppression time updated to: 156
Max suppression time updated to: 156
Max suppression time updated to: 156
Max suppression time updated to: 156
Max suppression time updated to: 156
Received update: /ndn/mk-site/mk/svs_core/mk=8, 1741620432354
Max suppression time updated to: 156
Max suppression time updated to: 156
Received update: /ndn/is-site/is/svs_core/is=8, 1741620432398
Max suppression time updated to: 156
Received update: /ndn/ge-site/ge/svs_core/ge=8, 1741620432683
Max suppression time updated to: 156
Received update: /ndn/de1-site/de1/svs_core/de1=8, 1741620433189
Max suppression time updated to: 156
Received update: /ndn/ch-site/ch/svs_core/ch=8, 1741620434050
Max suppression time updated to: 156
Max suppression time updated to: 156
Received update: /ndn/am-site/am/svs_core/am=8, 1741620434200
Max suppression time updated to: 156
Max suppression time updated to: 156
Max suppression time updated to: 156
Received update: /ndn/fr1-site/fr1/svs_core/fr1=8, 1741620434498
Max suppression time updated to: 156
Received update: /ndn/ro-site/ro/svs_core/ro=8, 1741620439927
Received update: /ndn/tr-site/tr/svs_core/tr=8, 1741620439927
Max suppression time updated to: 156
Max suppression time updated to: 156
Max suppression time updated to: 156
Max suppression time updated to: 156
Max suppression time updated to: 156
Received update: /ndn/lu-site/lu/svs_core/lu=8, 1741620440311
Max suppression time updated to: 156
Received update: /ndn/al-site/al/svs_core/al=8, 1741620440717
Max suppression time updated to: 156
Max suppression time updated to: 156
Max suppression time updated to: 156
Published sequence number: /ndn/dk-site/dk/svs_core/dk=8, 1741620442454
Sending Sync interest
Max suppression time updated to: 156
Received update: /ndn/il-site/il/svs_core/il=8, 1741620442693
Max suppression time updated to: 156
Max suppression time updated to: 156
Received update: /ndn/fr2-site/fr2/svs_core/fr2=8, 1741620442750
Max suppression time updated to: 156
Max suppression time updated to: 156
Received update: /ndn/es-site/es/svs_core/es=8, 1741620444049
Max suppression time updated to: 156
Received update: /ndn/nl-site/nl/svs_core/nl=8, 1741620447276
Max suppression time updated to: 156
Received update: /ndn/be-site/be/svs_core/be=8, 1741620447492
Max suppression time updated to: 156
Received update: /ndn/ie-site/ie/svs_core/ie=8, 1741620447504
Max suppression time updated to: 156
Max suppression time updated to: 156
Received update: /ndn/pl-site/pl/svs_core/pl=8, 1741620447849
Max suppression time updated to: 156
Received update: /ndn/it-site/it/svs_core/it=8, 1741620453488
Received update: /ndn/de2-site/de2/svs_core/de2=8, 1741620453488
Max suppression time updated to: 156
Received update: /ndn/cz-site/cz/svs_core/cz=9, 1741620453874
Max suppression time updated to: 156
Received update: /ndn/az-site/az/svs_core/az=8, 1741620454031
Max suppression time updated to: 156
Received update: /ndn/sk-site/sk/svs_core/sk=8, 1741620454289
Max suppression time updated to: 156
Received update: /ndn/cy-site/cy/svs_core/cy=9, 1741620454314
Received update: /ndn/me-site/me/svs_core/me=8, 1741620454314
Max suppression time updated to: 156
Received update: /ndn/mt-site/mt/svs_core/mt=8, 1741620454346
Max suppression time updated to: 156
Received update: /ndn/at-site/at/svs_core/at=9, 1741620455053
Max suppression time updated to: 156
Received update: /ndn/fi-site/fi/svs_core/fi=9, 1741620455182
Sending Sync interest
Max suppression time updated to: 156
Received update: /ndn/ee-site/ee/svs_core/ee=9, 1741620457668
Max suppression time updated to: 156
Sending Sync interest
Max suppression time updated to: 156
Max suppression time updated to: 156
Sending Sync interest
Max suppression time updated to: 156
Max suppression time updated to: 156
Max suppression time updated to: 156
Sending Sync interest
Max suppression time updated to: 156
Received update: /ndn/lt-site/lt/svs_core/lt=9, 1741620458233
Max suppression time updated to: 156
Max suppression time updated to: 156
Received update: /ndn/lv-site/lv/svs_core/lv=9, 1741620463805
Received update: /ndn/ua-site/ua/svs_core/ua=9, 1741620463805
Max suppression time updated to: 159
Received update: /ndn/si-site/si/svs_core/si=9, 1741620464013
Max suppression time updated to: 156
Received update: /ndn/bg-site/bg/svs_core/bg=9, 1741620464024
Max suppression time updated to: 159
Max suppression time updated to: 159
Max suppression time updated to: 156
Received update: /ndn/hu-site/hu/svs_core/hu=9, 1741620467086
Received update: /ndn/uk-site/uk/svs_core/uk=9, 1741620467086
Max suppression time updated to: 159
Received update: /ndn/gr-site/gr/svs_core/gr=9, 1741620467790
Max suppression time updated to: 159
Received update: /ndn/no-site/no/svs_core/no=9, 1741620471016
Max suppression time updated to: 159
Received update: /ndn/pt-site/pt/svs_core/pt=9, 1741620471376
Max suppression time updated to: 159
Received update: /ndn/hr-site/hr/svs_core/hr=9, 1741620472195
Max suppression time updated to: 159
Received update: /ndn/rs-site/rs/svs_core/rs=9, 1741620473377
Max suppression time updated to: 159
Max suppression time updated to: 159
Max suppression time updated to: 159
Max suppression time updated to: 159
Max suppression time updated to: 159
Received update: /ndn/mk-site/mk/svs_core/mk=9, 1741620474250
Max suppression time updated to: 159
Received update: /ndn/md-site/md/svs_core/md=9, 1741620474496
Max suppression time updated to: 159
Received update: /ndn/se-site/se/svs_core/se=9, 1741620474725
Max suppression time updated to: 159
Received update: /ndn/by-site/by/svs_core/by=9, 1741620477141
Sending Sync interest
Max suppression time updated to: 159
Max suppression time updated to: 159
Max suppression time updated to: 159
Received update: /ndn/is-site/is/svs_core/is=9, 1741620477392
Max suppression time updated to: 159
Received update: /ndn/ge-site/ge/svs_core/ge=9, 1741620477691
Max suppression time updated to: 159
Received update: /ndn/de1-site/de1/svs_core/de1=9, 1741620478209
Max suppression time updated to: 159
Received update: /ndn/ch-site/ch/svs_core/ch=9, 1741620479059
Max suppression time updated to: 159
Received update: /ndn/am-site/am/svs_core/am=9, 1741620479254
Max suppression time updated to: 159
Max suppression time updated to: 159
Max suppression time updated to: 159
Max suppression time updated to: 156
Max suppression time updated to: 159
Received update: /ndn/fr1-site/fr1/svs_core/fr1=9, 1741620479691
Max suppression time updated to: 159
Received update: /ndn/tr-site/tr/svs_core/tr=9, 1741620482906
Max suppression time updated to: 159
Received update: /ndn/lu-site/lu/svs_core/lu=9, 1741620483368
Max suppression time updated to: 159
Max suppression time updated to: 159
Max suppression time updated to: 159
Max suppression time updated to: 159
Received update: /ndn/ro-site/ro/svs_core/ro=9, 1741620484959
Max suppression time updated to: 159
Received update: /ndn/al-site/al/svs_core/al=9, 1741620485733
Received update: /ndn/il-site/il/svs_core/il=9, 1741620485733
Max suppression time updated to: 159
Received update: /ndn/fr2-site/fr2/svs_core/fr2=9, 1741620485770
Published sequence number: /ndn/dk-site/dk/svs_core/dk=9, 1741620487465
Sending Sync interest
Max suppression time updated to: 159
Received update: /ndn/be-site/be/svs_core/be=9, 1741620491239
Max suppression time updated to: 159
Received update: /ndn/es-site/es/svs_core/es=9, 1741620491483
Max suppression time updated to: 159
Max suppression time updated to: 159
Received update: /ndn/nl-site/nl/svs_core/nl=9, 1741620492271
Max suppression time updated to: 159
Received update: /ndn/ie-site/ie/svs_core/ie=9, 1741620492524
Max suppression time updated to: 159
Received update: /ndn/pl-site/pl/svs_core/pl=9, 1741620492828
Max suppression time updated to: 159
Received update: /ndn/sk-site/sk/svs_core/sk=9, 1741620495835
Max suppression time updated to: 159
Received update: /ndn/de2-site/de2/svs_core/de2=9, 1741620495848
Max suppression time updated to: 159
Received update: /ndn/az-site/az/svs_core/az=9, 1741620496021
Received update: /ndn/me-site/me/svs_core/me=9, 1741620496021
Max suppression time updated to: 159
Received update: /ndn/mt-site/mt/svs_core/mt=9, 1741620497161
Max suppression time updated to: 159
Max suppression time updated to: 159
Max suppression time updated to: 159
Received update: /ndn/it-site/it/svs_core/it=9, 1741620498512
Max suppression time updated to: 159
Received update: /ndn/cy-site/cy/svs_core/cy=10, 1741620499326
Max suppression time updated to: 159
Received update: /ndn/cz-site/cz/svs_core/cz=10, 1741620499376
Max suppression time updated to: 159
Max suppression time updated to: 159
Max suppression time updated to: 159
Received update: /ndn/at-site/at/svs_core/at=10, 1741620500013
Max suppression time updated to: 159
Received update: /ndn/lt-site/lt/svs_core/lt=10, 1741620500687
Max suppression time updated to: 159
Max suppression time updated to: 159
Max suppression time updated to: 159
Max suppression time updated to: 159
Received update: /ndn/fi-site/fi/svs_core/fi=10, 1741620500963
Max suppression time updated to: 159
Received update: /ndn/ee-site/ee/svs_core/ee=10, 1741620502667
Max suppression time updated to: 159
Received update: /ndn/bg-site/bg/svs_core/bg=10, 1741620503616
Max suppression time updated to: 159
Received update: /ndn/si-site/si/svs_core/si=10, 1741620504644
Max suppression time updated to: 159
Received update: /ndn/ua-site/ua/svs_core/ua=10, 1741620504824
Max suppression time updated to: 159
Received update: /ndn/gr-site/gr/svs_core/gr=10, 1741620512812
Received update: /ndn/hu-site/hu/svs_core/hu=10, 1741620512812
Received update: /ndn/uk-site/uk/svs_core/uk=10, 1741620512812
Max suppression time updated to: 156
Received update: /ndn/md-site/md/svs_core/md=10, 1741620512849
Max suppression time updated to: 156
Max suppression time updated to: 156
Received update: /ndn/lv-site/lv/svs_core/lv=10, 1741620512965
Max suppression time updated to: 156
Max suppression time updated to: 156
Max suppression time updated to: 156
Max suppression time updated to: 156
Received update: /ndn/pt-site/pt/svs_core/pt=10, 1741620513856
Max suppression time updated to: 156
Received update: /ndn/hr-site/hr/svs_core/hr=10, 1741620518593
Received update: /ndn/rs-site/rs/svs_core/rs=10, 1741620518593
Max suppression time updated to: 159
Received update: /ndn/no-site/no/svs_core/no=10, 1741620518842
Max suppression time updated to: 156
Received update: /ndn/mk-site/mk/svs_core/mk=10, 1741620519270
Max suppression time updated to: 159
Received update: /ndn/is-site/is/svs_core/is=10, 1741620522395
Sending Sync interest
Max suppression time updated to: 159
Max suppression time updated to: 159
Received update: /ndn/se-site/se/svs_core/se=10, 1741620522621
Max suppression time updated to: 156
Received update: /ndn/ge-site/ge/svs_core/ge=10, 1741620522694
Max suppression time updated to: 156
Max suppression time updated to: 156
Received update: /ndn/ch-site/ch/svs_core/ch=10, 1741620524070
Received update: /ndn/de1-site/de1/svs_core/de1=10, 1741620524070
Max suppression time updated to: 156
Received update: /ndn/am-site/am/svs_core/am=10, 1741620524223
Max suppression time updated to: 156
Received update: /ndn/lu-site/lu/svs_core/lu=10, 1741620528370
Max suppression time updated to: 156
Received update: /ndn/tr-site/tr/svs_core/tr=10, 1741620528597
Max suppression time updated to: 156
Received update: /ndn/fr1-site/fr1/svs_core/fr1=10, 1741620528606
Max suppression time updated to: 156
Max suppression time updated to: 156
Received update: /ndn/by-site/by/svs_core/by=10, 1741620529960
Received update: /ndn/ro-site/ro/svs_core/ro=10, 1741620529960
Max suppression time updated to: 156
Received update: /ndn/fr2-site/fr2/svs_core/fr2=10, 1741620530421
Max suppression time updated to: 156
Received update: /ndn/il-site/il/svs_core/il=10, 1741620530434
Max suppression time updated to: 156
Max suppression time updated to: 156
Received update: /ndn/al-site/al/svs_core/al=10, 1741620530742
Published sequence number: /ndn/dk-site/dk/svs_core/dk=10, 1741620532474
Sending Sync interest
Max suppression time updated to: 156
Received update: /ndn/es-site/es/svs_core/es=10, 1741620534126
Max suppression time updated to: 156
Max suppression time updated to: 156
Received update: /ndn/be-site/be/svs_core/be=10, 1741620536246
Max suppression time updated to: 156
Received update: /ndn/nl-site/nl/svs_core/nl=10, 1741620537326
Max suppression time updated to: 156
Received update: /ndn/ie-site/ie/svs_core/ie=10, 1741620537544
Max suppression time updated to: 156
Max suppression time updated to: 156
Max suppression time updated to: 156
Max suppression time updated to: 156
Max suppression time updated to: 159
Max suppression time updated to: 159
Received update: /ndn/pl-site/pl/svs_core/pl=10, 1741620537877
Max suppression time updated to: 159
Received update: /ndn/me-site/me/svs_core/me=10, 1741620540873
Received update: /ndn/sk-site/sk/svs_core/sk=10, 1741620540873
Max suppression time updated to: 159
Received update: /ndn/de2-site/de2/svs_core/de2=10, 1741620540908
Max suppression time updated to: 159
Received update: /ndn/az-site/az/svs_core/az=10, 1741620540924
Max suppression time updated to: 159
Received update: /ndn/mt-site/mt/svs_core/mt=10, 1741620542161
Max suppression time updated to: 159
Received update: /ndn/it-site/it/svs_core/it=10, 1741620543529
Max suppression time updated to: 159
Received update: /ndn/cy-site/cy/svs_core/cy=11, 1741620544345
Received update: /ndn/cz-site/cz/svs_core/cz=11, 1741620544345
Max suppression time updated to: 159
Received update: /ndn/lt-site/lt/svs_core/lt=11, 1741620545829
Sending Sync interest
Max suppression time updated to: 159
Received update: /ndn/at-site/at/svs_core/at=11, 1741620548754
Received update: /ndn/bg-site/bg/svs_core/bg=11, 1741620548754
Received update: /ndn/ua-site/ua/svs_core/ua=11, 1741620548754
Max suppression time updated to: 156
Received update: /ndn/si-site/si/svs_core/si=11, 1741620549651
Max suppression time updated to: 159
Received update: /ndn/hu-site/hu/svs_core/hu=11, 1741620557107
Received update: /ndn/uk-site/uk/svs_core/uk=11, 1741620557107
Max suppression time updated to: 159
Received update: /ndn/ee-site/ee/svs_core/ee=11, 1741620557311
Received update: /ndn/lv-site/lv/svs_core/lv=11, 1741620557311
Max suppression time updated to: 156
Received update: /ndn/gr-site/gr/svs_core/gr=11, 1741620557786
Max suppression time updated to: 156
Received update: /ndn/md-site/md/svs_core/md=11, 1741620557798
Max suppression time updated to: 156
Max suppression time updated to: 156
Max suppression time updated to: 156
Max suppression time updated to: 156
Max suppression time updated to: 156
Max suppression time updated to: 156
Received update: /ndn/fi-site/fi/svs_core/fi=11, 1741620558085
Max suppression time updated to: 156
Received update: /ndn/pt-site/pt/svs_core/pt=11, 1741620558853
Max suppression time updated to: 156
Received update: /ndn/no-site/no/svs_core/no=11, 1741620561029
Sending Sync interest
Max suppression time updated to: 156
Max suppression time updated to: 156
Max suppression time updated to: 156
Max suppression time updated to: 156
Received update: /ndn/hr-site/hr/svs_core/hr=11, 1741620562189
Max suppression time updated to: 156
Received update: /ndn/se-site/se/svs_core/se=11, 1741620564141
Max suppression time updated to: 156
Received update: /ndn/mk-site/mk/svs_core/mk=11, 1741620564269
Max suppression time updated to: 156
Received update: /ndn/rs-site/rs/svs_core/rs=11, 1741620564461
Max suppression time updated to: 156
Max suppression time updated to: 156
Max suppression time updated to: 156
Max suppression time updated to: 156
Received update: /ndn/is-site/is/svs_core/is=11, 1741620567398
Max suppression time updated to: 156
Received update: /ndn/ge-site/ge/svs_core/ge=11, 1741620568217
Received update: /ndn/de1-site/de1/svs_core/de1=11, 1741620568217
Max suppression time updated to: 156
Received update: /ndn/by-site/by/svs_core/by=11, 1741620568519
Max suppression time updated to: 159
Sending Sync interest
Max suppression time updated to: 159
Received update: /ndn/ch-site/ch/svs_core/ch=11, 1741620569666
Received update: /ndn/fr1-site/fr1/svs_core/fr1=11, 1741620569666
Max suppression time updated to: 159
Received update: /ndn/tr-site/tr/svs_core/tr=11, 1741620572930
Max suppression time updated to: 159
Max suppression time updated to: 159
Max suppression time updated to: 159
Received update: /ndn/lu-site/lu/svs_core/lu=11, 1741620573377
Max suppression time updated to: 159
Received update: /ndn/il-site/il/svs_core/il=11, 1741620575200
Received update: /ndn/ro-site/ro/svs_core/ro=11, 1741620575200
Max suppression time updated to: 159
Received update: /ndn/fr2-site/fr2/svs_core/fr2=11, 1741620575363
Max suppression time updated to: 159
Received update: /ndn/am-site/am/svs_core/am=11, 1741620575376
Published sequence number: /ndn/dk-site/dk/svs_core/dk=11, 1741620577477
Sending Sync interest
Max suppression time updated to: 159
Received update: /ndn/al-site/al/svs_core/al=11, 1741620577886
Max suppression time updated to: 159
Received update: /ndn/nl-site/nl/svs_core/nl=11, 1741620582285
Max suppression time updated to: 159
Received update: /ndn/be-site/be/svs_core/be=11, 1741620582336
Max suppression time updated to: 159
Received update: /ndn/es-site/es/svs_core/es=11, 1741620582463
Max suppression time updated to: 159
Received update: /ndn/ie-site/ie/svs_core/ie=11, 1741620582532
Max suppression time updated to: 159
Max suppression time updated to: 159
Max suppression time updated to: 159
Received update: /ndn/pl-site/pl/svs_core/pl=11, 1741620582843
Max suppression time updated to: 159
Received update: /ndn/me-site/me/svs_core/me=11, 1741620584239
Max suppression time updated to: 159
Received update: /ndn/mt-site/mt/svs_core/mt=11, 1741620587181
Received update: /ndn/sk-site/sk/svs_core/sk=11, 1741620587181
Max suppression time updated to: 159
Received update: /ndn/de2-site/de2/svs_core/de2=11, 1741620587282
Max suppression time updated to: 159
Received update: /ndn/cz-site/cz/svs_core/cz=12, 1741620589081
Received update: /ndn/it-site/it/svs_core/it=11, 1741620589081
Max suppression time updated to: 159
Received update: /ndn/at-site/at/svs_core/at=12, 1741620590020
Max suppression time updated to: 159
Received update: /ndn/cy-site/cy/svs_core/cy=12, 1741620590204
Max suppression time updated to: 159
Received update: /ndn/az-site/az/svs_core/az=11, 1741620590212
Max suppression time updated to: 159
Max suppression time updated to: 159
Received update: /ndn/ee-site/ee/svs_core/ee=12, 1741620592684
Max suppression time updated to: 159
Received update: /ndn/ua-site/ua/svs_core/ua=12, 1741620592902
Max suppression time updated to: 159
Received update: /ndn/bg-site/bg/svs_core/bg=12, 1741620593563
Max suppression time updated to: 159
Received update: /ndn/si-site/si/svs_core/si=12, 1741620594671
Max suppression time updated to: 159
Received update: /ndn/lt-site/lt/svs_core/lt=12, 1741620598827
Received update: /ndn/lv-site/lv/svs_core/lv=12, 1741620598827
Max suppression time updated to: 159
Received update: /ndn/uk-site/uk/svs_core/uk=12, 1741620599949
Max suppression time updated to: 159
Received update: /ndn/hu-site/hu/svs_core/hu=12, 1741620602107
Max suppression time updated to: 159
Received update: /ndn/gr-site/gr/svs_core/gr=12, 1741620602800
Max suppression time updated to: 159
Received update: /ndn/pt-site/pt/svs_core/pt=12, 1741620603883
Max suppression time updated to: 159
Max suppression time updated to: 159
Received update: /ndn/no-site/no/svs_core/no=12, 1741620606036
Sending Sync interest
Max suppression time updated to: 159
Received update: /ndn/md-site/md/svs_core/md=12, 1741620606245
Max suppression time updated to: 159
Max suppression time updated to: 159
Received update: /ndn/se-site/se/svs_core/se=12, 1741620609175
Max suppression time updated to: 159
Received update: /ndn/fi-site/fi/svs_core/fi=12, 1741620609422
Max suppression time updated to: 159
Received update: /ndn/hr-site/hr/svs_core/hr=12, 1741620609631
Max suppression time updated to: 159
Received update: /ndn/mk-site/mk/svs_core/mk=12, 1741620609941
Max suppression time updated to: 162
Received update: /ndn/by-site/by/svs_core/by=12, 1741620612212
Max suppression time updated to: 162
Max suppression time updated to: 162
Max suppression time updated to: 162
Max suppression time updated to: 162
Received update: /ndn/is-site/is/svs_core/is=12, 1741620612397
Max suppression time updated to: 162
Received update: /ndn/ge-site/ge/svs_core/ge=12, 1741620612750
Max suppression time updated to: 162
Max suppression time updated to: 162
Received update: /ndn/de1-site/de1/svs_core/de1=12, 1741620613230
Max suppression time updated to: 162
Received update: /ndn/ch-site/ch/svs_core/ch=12, 1741620614068
Max suppression time updated to: 162
Received update: /ndn/am-site/am/svs_core/am=12, 1741620614230
Max suppression time updated to: 162
Received update: /ndn/rs-site/rs/svs_core/rs=12, 1741620614247
Max suppression time updated to: 162
Max suppression time updated to: 162
Max suppression time updated to: 162
Max suppression time updated to: 159
Received update: /ndn/fr1-site/fr1/svs_core/fr1=12, 1741620614518
Max suppression time updated to: 159
Received update: /ndn/tr-site/tr/svs_core/tr=12, 1741620617958
Max suppression time updated to: 159
Received update: /ndn/lu-site/lu/svs_core/lu=12, 1741620618385
Max suppression time updated to: 159
Received update: /ndn/ro-site/ro/svs_core/ro=12, 1741620620041
Max suppression time updated to: 159
Max suppression time updated to: 159
Max suppression time updated to: 159
Max suppression time updated to: 159
Max suppression time updated to: 159
Received update: /ndn/fr2-site/fr2/svs_core/fr2=12, 1741620620386
Published sequence number: /ndn/dk-site/dk/svs_core/dk=12, 1741620622480
Sending Sync interest
Max suppression time updated to: 159
Received update: /ndn/es-site/es/svs_core/es=12, 1741620624089
Received update: /ndn/il-site/il/svs_core/il=12, 1741620624089
Sending Sync interest
Max suppression time updated to: 159
Received update: /ndn/al-site/al/svs_core/al=12, 1741620624334
Sending Sync interest
Max suppression time updated to: 159
Received update: /ndn/pl-site/pl/svs_core/pl=12, 1741620630863
Received update: /ndn/de2-site/de2/svs_core/de2=12, 1741620630863
Max suppression time updated to: 159
Received update: /ndn/sk-site/sk/svs_core/sk=12, 1741620630872
Max suppression time updated to: 159
Max suppression time updated to: 156
Received update: /ndn/az-site/az/svs_core/az=12, 1741620631029
Max suppression time updated to: 159
Received update: /ndn/nl-site/nl/svs_core/nl=12, 1741620631038
Max suppression time updated to: 159
Received update: /ndn/be-site/be/svs_core/be=12, 1741620631078
Max suppression time updated to: 159
Max suppression time updated to: 159
Received update: /ndn/ie-site/ie/svs_core/ie=12, 1741620631202
Max suppression time updated to: 159
Max suppression time updated to: 159
Max suppression time updated to: 159
Max suppression time updated to: 159
Max suppression time updated to: 159
Max suppression time updated to: 159
Max suppression time updated to: 159
Received update: /ndn/me-site/me/svs_core/me=12, 1741620631485
Max suppression time updated to: 159
Max suppression time updated to: 159
Max suppression time updated to: 159
Max suppression time updated to: 159
Max suppression time updated to: 159
Max suppression time updated to: 159
Max suppression time updated to: 159
Max suppression time updated to: 159
Received update: /ndn/it-site/it/svs_core/it=12, 1741620633517
Max suppression time updated to: 159
Received update: /ndn/cz-site/cz/svs_core/cz=13, 1741620633889
Max suppression time updated to: 159
Received update: /ndn/cy-site/cy/svs_core/cy=13, 1741620634357
Max suppression time updated to: 159
Received update: /ndn/mt-site/mt/svs_core/mt=12, 1741620634601
Max suppression time updated to: 159
Received update: /ndn/at-site/at/svs_core/at=13, 1741620635033
Max suppression time updated to: 159
Received update: /ndn/lt-site/lt/svs_core/lt=13, 1741620635737
Max suppression time updated to: 159
Max suppression time updated to: 159
Max suppression time updated to: 159
Max suppression time updated to: 159
Received update: /ndn/fi-site/fi/svs_core/fi=13, 1741620636138
Max suppression time updated to: 162
Received update: /ndn/ee-site/ee/svs_core/ee=13, 1741620637769
Max suppression time updated to: 162
Max suppression time updated to: 162
Received update: /ndn/lv-site/lv/svs_core/lv=13, 1741620643636
Max suppression time updated to: 162
Received update: /ndn/uk-site/uk/svs_core/uk=13, 1741620644977
Max suppression time updated to: 162
Max suppression time updated to: 162
Max suppression time updated to: 162
Max suppression time updated to: 162
Max suppression time updated to: 162
Received update: /ndn/bg-site/bg/svs_core/bg=13, 1741620645169
Max suppression time updated to: 162
Received update: /ndn/si-site/si/svs_core/si=13, 1741620645206
Max suppression time updated to: 162
Received update: /ndn/hu-site/hu/svs_core/hu=13, 1741620647114
Max suppression time updated to: 162
Received update: /ndn/gr-site/gr/svs_core/gr=13, 1741620647804
Max suppression time updated to: 162
Received update: /ndn/pt-site/pt/svs_core/pt=13, 1741620648869
Max suppression time updated to: 162
Received update: /ndn/no-site/no/svs_core/no=13, 1741620651041
Max suppression time updated to: 162
Max suppression time updated to: 162
Max suppression time updated to: 162
Max suppression time updated to: 162
Sending Sync interest
Max suppression time updated to: 162
Max suppression time updated to: 159
Received update: /ndn/md-site/md/svs_core/md=13, 1741620651478
Max suppression time updated to: 162
Received update: /ndn/ua-site/ua/svs_core/ua=13, 1741620651580
Max suppression time updated to: 162
Received update: /ndn/hr-site/hr/svs_core/hr=13, 1741620652272
Max suppression time updated to: 159
Max suppression time updated to: 159
Max suppression time updated to: 159
Received update: /ndn/rs-site/rs/svs_core/rs=13, 1741620653397
Max suppression time updated to: 159
Max suppression time updated to: 159
Max suppression time updated to: 159
Max suppression time updated to: 159
Max suppression time updated to: 159
Max suppression time updated to: 159
Max suppression time updated to: 159
Max suppression time updated to: 159
Received update: /ndn/se-site/se/svs_core/se=13, 1741620654162
Max suppression time updated to: 159
Received update: /ndn/by-site/by/svs_core/by=13, 1741620657186
Max suppression time updated to: 159
Received update: /ndn/is-site/is/svs_core/is=13, 1741620657410
Max suppression time updated to: 159
Received update: /ndn/de1-site/de1/svs_core/de1=13, 1741620658245
Max suppression time updated to: 159
Received update: /ndn/ge-site/ge/svs_core/ge=13, 1741620658449
Max suppression time updated to: 159
Received update: /ndn/mk-site/mk/svs_core/mk=13, 1741620658715
Max suppression time updated to: 159
Received update: /ndn/ch-site/ch/svs_core/ch=13, 1741620659085
Max suppression time updated to: 159
Received update: /ndn/am-site/am/svs_core/am=13, 1741620659344
Max suppression time updated to: 159
Sending Sync interest
Max suppression time updated to: 159
Max suppression time updated to: 159
Max suppression time updated to: 162
Max suppression time updated to: 162
Received update: /ndn/tr-site/tr/svs_core/tr=13, 1741620665548
Received update: /ndn/fr1-site/fr1/svs_core/fr1=13, 1741620665548
Max suppression time updated to: 162
Received update: /ndn/lu-site/lu/svs_core/lu=13, 1741620666019
Max suppression time updated to: 162
Max suppression time updated to: 162
Max suppression time updated to: 162
Max suppression time updated to: 162
Received update: /ndn/ro-site/ro/svs_core/ro=13, 1741620667543
Max suppression time updated to: 162
Received update: /ndn/il-site/il/svs_core/il=13, 1741620667775
Published sequence number: /ndn/dk-site/dk/svs_core/dk=13, 1741620670088
Sending Sync interest
Max suppression time updated to: 159
Received update: /ndn/fr2-site/fr2/svs_core/fr2=13, 1741620670248
Max suppression time updated to: 159
Max suppression time updated to: 159
Max suppression time updated to: 159
Max suppression time updated to: 159
Received update: /ndn/be-site/be/svs_core/be=13, 1741620673886
Max suppression time updated to: 159
Received update: /ndn/nl-site/nl/svs_core/nl=13, 1741620674896
Max suppression time updated to: 159
Received update: /ndn/ie-site/ie/svs_core/ie=13, 1741620675150
Max suppression time updated to: 159
Received update: /ndn/es-site/es/svs_core/es=13, 1741620675151
Max suppression time updated to: 159
Max suppression time updated to: 159
Max suppression time updated to: 159
Received update: /ndn/al-site/al/svs_core/al=13, 1741620675424
Max suppression time updated to: 159
Max suppression time updated to: 159
Received update: /ndn/pl-site/pl/svs_core/pl=13, 1741620675836
Max suppression time updated to: 159
Received update: /ndn/az-site/az/svs_core/az=13, 1741620678469
Received update: /ndn/de2-site/de2/svs_core/de2=13, 1741620678469
Max suppression time updated to: 159
Received update: /ndn/me-site/me/svs_core/me=13, 1741620678614
Max suppression time updated to: 159
Received update: /ndn/mt-site/mt/svs_core/mt=13, 1741620679791
Received update: /ndn/sk-site/sk/svs_core/sk=13, 1741620679791
Max suppression time updated to: 159
Received update: /ndn/it-site/it/svs_core/it=13, 1741620681132
Max suppression time updated to: 159
Received update: /ndn/cz-site/cz/svs_core/cz=14, 1741620681532
Max suppression time updated to: 159
Received update: /ndn/fi-site/fi/svs_core/fi=14, 1741620682621
Max suppression time updated to: 159
Received update: /ndn/at-site/at/svs_core/at=14, 1741620682666
Received update: /ndn/cy-site/cy/svs_core/cy=14, 1741620682666
Max suppression time updated to: 159
Max suppression time updated to: 159
Max suppression time updated to: 159
Max suppression time updated to: 159
Max suppression time updated to: 159
Received update: /ndn/ee-site/ee/svs_core/ee=14, 1741620685324
Max suppression time updated to: 159
Received update: /ndn/ua-site/ua/svs_core/ua=14, 1741620685493
Max suppression time updated to: 159
Max suppression time updated to: 159
Max suppression time updated to: 159
Received update: /ndn/lt-site/lt/svs_core/lt=14, 1741620685735
Max suppression time updated to: 159
Received update: /ndn/bg-site/bg/svs_core/bg=14, 1741620686244
Max suppression time updated to: 159
Received update: /ndn/si-site/si/svs_core/si=14, 1741620687317
Max suppression time updated to: 162
Received update: /ndn/uk-site/uk/svs_core/uk=14, 1741620707983
Max suppression time updated to: 159
Received update: /ndn/lv-site/lv/svs_core/lv=14, 1741620708248
Max suppression time updated to: 159
Received update: /ndn/hu-site/hu/svs_core/hu=14, 1741620710119
Sending Sync interest
Max suppression time updated to: 159
Max suppression time updated to: 162
Max suppression time updated to: 159
Received update: /ndn/gr-site/gr/svs_core/gr=14, 1741620711120
Received update: /ndn/md-site/md/svs_core/md=14, 1741620711120
Max suppression time updated to: 159
Received update: /ndn/pt-site/pt/svs_core/pt=14, 1741620711862
Max suppression time updated to: 159
Received update: /ndn/no-site/no/svs_core/no=14, 1741620714025
Sending Sync interest
Max suppression time updated to: 159
Max suppression time updated to: 159
Max suppression time updated to: 159
Received update: /ndn/mk-site/mk/svs_core/mk=14, 1741620717286
Max suppression time updated to: 162
Received update: /ndn/by-site/by/svs_core/by=14, 1741620720214
Received update: /ndn/hr-site/hr/svs_core/hr=14, 1741620720214
Max suppression time updated to: 162
Received update: /ndn/se-site/se/svs_core/se=14, 1741620720383
Max suppression time updated to: 162
Received update: /ndn/is-site/is/svs_core/is=14, 1741620720396
Max suppression time updated to: 159
Received update: /ndn/rs-site/rs/svs_core/rs=14, 1741620720664
Max suppression time updated to: 159
Received update: /ndn/ge-site/ge/svs_core/ge=14, 1741620720701
Max suppression time updated to: 159
Received update: /ndn/am-site/am/svs_core/am=14, 1741620722215
Received update: /ndn/ch-site/ch/svs_core/ch=14, 1741620722215
Max suppression time updated to: 159
Received update: /ndn/de1-site/de1/svs_core/de1=14, 1741620722274
Max suppression time updated to: 159
Received update: /ndn/fr1-site/fr1/svs_core/fr1=14, 1741620722480
Max suppression time updated to: 159
Max suppression time updated to: 156
Max suppression time updated to: 156
Received update: /ndn/tr-site/tr/svs_core/tr=14, 1741620725914
Max suppression time updated to: 156
Received update: /ndn/lu-site/lu/svs_core/lu=14, 1741620726390
Max suppression time updated to: 156
Received update: /ndn/il-site/il/svs_core/il=14, 1741620728142
Max suppression time updated to: 156
Received update: /ndn/fr2-site/fr2/svs_core/fr2=14, 1741620728377
Max suppression time updated to: 156
Received update: /ndn/ro-site/ro/svs_core/ro=14, 1741620728403
Max suppression time updated to: 156
Received update: /ndn/al-site/al/svs_core/al=14, 1741620728839
Published sequence number: /ndn/dk-site/dk/svs_core/dk=14, 1741620730471
Sending Sync interest
Max suppression time updated to: 159
Received update: /ndn/be-site/be/svs_core/be=14, 1741620735310
Received update: /ndn/nl-site/nl/svs_core/nl=14, 1741620735310
Max suppression time updated to: 156
Received update: /ndn/es-site/es/svs_core/es=14, 1741620735499
Max suppression time updated to: 156
Max suppression time updated to: 156
Received update: /ndn/az-site/az/svs_core/az=14, 1741620736485
Received update: /ndn/pl-site/pl/svs_core/pl=14, 1741620736485
Max suppression time updated to: 156
Received update: /ndn/de2-site/de2/svs_core/de2=14, 1741620738867
Max suppression time updated to: 156
Received update: /ndn/it-site/it/svs_core/it=14, 1741620741535
Max suppression time updated to: 156
Received update: /ndn/sk-site/sk/svs_core/sk=14, 1741620741682
Max suppression time updated to: 156
Received update: /ndn/mt-site/mt/svs_core/mt=14, 1741620741709
Max suppression time updated to: 156
Received update: /ndn/ie-site/ie/svs_core/ie=14, 1741620741939
Max suppression time updated to: 156
Max suppression time updated to: 156
Received update: /ndn/cz-site/cz/svs_core/cz=15, 1741620742006
Max suppression time updated to: 156
Max suppression time updated to: 156
Max suppression time updated to: 156
Received update: /ndn/at-site/at/svs_core/at=15, 1741620743030
Received update: /ndn/cy-site/cy/svs_core/cy=15, 1741620743030
Received update: /ndn/me-site/me/svs_core/me=14, 1741620743030
Max suppression time updated to: 156
Received update: /ndn/ee-site/ee/svs_core/ee=15, 1741620745704
Max suppression time updated to: 156
Max suppression time updated to: 156
Max suppression time updated to: 156
Max suppression time updated to: 156
Received update: /ndn/bg-site/bg/svs_core/bg=15, 1741620746622
Received update: /ndn/lt-site/lt/svs_core/lt=15, 1741620746622
Max suppression time updated to: 156
Received update: /ndn/ua-site/ua/svs_core/ua=15, 1741620746830
Max suppression time updated to: 156
Received update: /ndn/si-site/si/svs_core/si=15, 1741620747655
Max suppression time updated to: 156
Received update: /ndn/lv-site/lv/svs_core/lv=15, 1741620751634
Max suppression time updated to: 156
Max suppression time updated to: 156
Max suppression time updated to: 156
Max suppression time updated to: 156
Max suppression time updated to: 156
Received update: /ndn/uk-site/uk/svs_core/uk=15, 1741620752970
Max suppression time updated to: 156
Received update: /ndn/hu-site/hu/svs_core/hu=15, 1741620755129
Max suppression time updated to: 156
Received update: /ndn/gr-site/gr/svs_core/gr=15, 1741620757033
Received update: /ndn/md-site/md/svs_core/md=15, 1741620757033
Received update: /ndn/pt-site/pt/svs_core/pt=15, 1741620757033
Max suppression time updated to: 159
Received update: /ndn/hr-site/hr/svs_core/hr=15, 1741620760243
Max suppression time updated to: 156
Received update: /ndn/mk-site/mk/svs_core/mk=15, 1741620762262
Max suppression time updated to: 156
Max suppression time updated to: 156
Received update: /ndn/no-site/no/svs_core/no=15, 1741620762355
Received update: /ndn/se-site/se/svs_core/se=15, 1741620762355
Max suppression time updated to: 159
Max suppression time updated to: 159
Max suppression time updated to: 159
Max suppression time updated to: 159
Received update: /ndn/rs-site/rs/svs_core/rs=15, 1741620762522
Max suppression time updated to: 159
Max suppression time updated to: 159
Received update: /ndn/fi-site/fi/svs_core/fi=15, 1741620762570
Max suppression time updated to: 159
Received update: /ndn/is-site/is/svs_core/is=15, 1741620765409
Max suppression time updated to: 159
Received update: /ndn/ge-site/ge/svs_core/ge=15, 1741620765725
Max suppression time updated to: 159
Max suppression time updated to: 159
Max suppression time updated to: 159
Received update: /ndn/de1-site/de1/svs_core/de1=15, 1741620766235
Max suppression time updated to: 159
Received update: /ndn/by-site/by/svs_core/by=15, 1741620766449
Max suppression time updated to: 159
Max suppression time updated to: 159
Max suppression time updated to: 159
Max suppression time updated to: 159
Received update: /ndn/ch-site/ch/svs_core/ch=15, 1741620767111
Max suppression time updated to: 159
Received update: /ndn/tr-site/tr/svs_core/tr=15, 1741620786410
Max suppression time updated to: 156
Received update: /ndn/lu-site/lu/svs_core/lu=15, 1741620786860
Max suppression time updated to: 156
Received update: /ndn/ro-site/ro/svs_core/ro=15, 1741620788434
Max suppression time updated to: 156
Max suppression time updated to: 156
Max suppression time updated to: 156
Received update: /ndn/il-site/il/svs_core/il=15, 1741620788625
Max suppression time updated to: 156
Received update: /ndn/fr1-site/fr1/svs_core/fr1=15, 1741620788626
Max suppression time updated to: 156
Received update: /ndn/am-site/am/svs_core/am=15, 1741620788839
Max suppression time updated to: 156
Max suppression time updated to: 156
Max suppression time updated to: 156
Max suppression time updated to: 156
Max suppression time updated to: 156
Max suppression time updated to: 156
Max suppression time updated to: 156
Received update: /ndn/fr2-site/fr2/svs_core/fr2=15, 1741620789279
Published sequence number: /ndn/dk-site/dk/svs_core/dk=15, 1741620790963
Sending Sync interest
Max suppression time updated to: 156
Received update: /ndn/al-site/al/svs_core/al=15, 1741620795914
Received update: /ndn/nl-site/nl/svs_core/nl=15, 1741620795914
Max suppression time updated to: 156
Received update: /ndn/es-site/es/svs_core/es=15, 1741620796226
Max suppression time updated to: 156
Received update: /ndn/pl-site/pl/svs_core/pl=15, 1741620796331
Max suppression time updated to: 156
Received update: /ndn/be-site/be/svs_core/be=15, 1741620796545
Max suppression time updated to: 156
Received update: /ndn/ie-site/ie/svs_core/ie=15, 1741620796581
Max suppression time updated to: 156
Max suppression time updated to: 156
Received update: /ndn/az-site/az/svs_core/az=15, 1741620796959
Max suppression time updated to: 156
Received update: /ndn/me-site/me/svs_core/me=15, 1741620797775
Max suppression time updated to: 156
Max suppression time updated to: 156
Max suppression time updated to: 156
Max suppression time updated to: 156
Max suppression time updated to: 156
Max suppression time updated to: 156
Received update: /ndn/it-site/it/svs_core/it=15, 1741620802014
Max suppression time updated to: 156
Received update: /ndn/de2-site/de2/svs_core/de2=15, 1741620802139
Max suppression time updated to: 156
Received update: /ndn/sk-site/sk/svs_core/sk=15, 1741620802221
Max suppression time updated to: 156
Received update: /ndn/mt-site/mt/svs_core/mt=15, 1741620802406
Max suppression time updated to: 156
Received update: /ndn/cz-site/cz/svs_core/cz=16, 1741620802495
Max suppression time updated to: 156
Max suppression time updated to: 156
Received update: /ndn/cy-site/cy/svs_core/cy=16, 1741620802821
Max suppression time updated to: 156
Received update: /ndn/at-site/at/svs_core/at=16, 1741620803520
Max suppression time updated to: 156
Received update: /ndn/lt-site/lt/svs_core/lt=16, 1741620804209
Max suppression time updated to: 156
Received update: /ndn/ua-site/ua/svs_core/ua=16, 1741620806390
Max suppression time updated to: 156
Max suppression time updated to: 159
Max suppression time updated to: 159
Max suppression time updated to: 159
Received update: /ndn/bg-site/bg/svs_core/bg=16, 1741620807109
Max suppression time updated to: 159
Received update: /ndn/fi-site/fi/svs_core/fi=16, 1741620807331
Max suppression time updated to: 159
Received update: /ndn/ee-site/ee/svs_core/ee=16, 1741620807574
Max suppression time updated to: 159
Received update: /ndn/si-site/si/svs_core/si=16, 1741620808165
Max suppression time updated to: 159
Max suppression time updated to: 159
Max suppression time updated to: 159
Max suppression time updated to: 159
Max suppression time updated to: 159
Max suppression time updated to: 159
Max suppression time updated to: 156
Max suppression time updated to: 156
Received update: /ndn/gr-site/gr/svs_core/gr=16, 1741620831846
Received update: /ndn/hu-site/hu/svs_core/hu=16, 1741620831846
Received update: /ndn/uk-site/uk/svs_core/uk=16, 1741620831846
Max suppression time updated to: 159
Received update: /ndn/pt-site/pt/svs_core/pt=16, 1741620832958
Max suppression time updated to: 159
Received update: /ndn/lv-site/lv/svs_core/lv=16, 1741620833236
Max suppression time updated to: 159
Received update: /ndn/md-site/md/svs_core/md=16, 1741620833486
Max suppression time updated to: 159
Max suppression time updated to: 159
Max suppression time updated to: 159
Received update: /ndn/hr-site/hr/svs_core/hr=16, 1741620836238
Max suppression time updated to: 159
Received update: /ndn/no-site/no/svs_core/no=16, 1741620836470
Max suppression time updated to: 159
Received update: /ndn/rs-site/rs/svs_core/rs=16, 1741620837482
Max suppression time updated to: 159
Received update: /ndn/se-site/se/svs_core/se=16, 1741620838207
Max suppression time updated to: 159
Max suppression time updated to: 159
Max suppression time updated to: 159
Received update: /ndn/is-site/is/svs_core/is=16, 1741620841464
Max suppression time updated to: 159
Received update: /ndn/mk-site/mk/svs_core/mk=16, 1741620841605
Max suppression time updated to: 159
Received update: /ndn/by-site/by/svs_core/by=16, 1741620841737
Max suppression time updated to: 159
Max suppression time updated to: 159
Max suppression time updated to: 159
Max suppression time updated to: 159
Received update: /ndn/de1-site/de1/svs_core/de1=16, 1741620842286
Max suppression time updated to: 159
Received update: /ndn/ge-site/ge/svs_core/ge=16, 1741620842547
Max suppression time updated to: 162
Max suppression time updated to: 159
Max suppression time updated to: 162
Max suppression time updated to: 159
Max suppression time updated to: 159
Max suppression time updated to: 159
Received update: /ndn/fr1-site/fr1/svs_core/fr1=16, 1741620843568
Max suppression time updated to: 159
Received update: /ndn/ch-site/ch/svs_core/ch=16, 1741620843716
Max suppression time updated to: 162
Received update: /ndn/il-site/il/svs_core/il=16, 1741620849226
Max suppression time updated to: 162
Received update: /ndn/tr-site/tr/svs_core/tr=16, 1741620849371
Max suppression time updated to: 162
Received update: /ndn/ro-site/ro/svs_core/ro=16, 1741620849446
Max suppression time updated to: 162
Received update: /ndn/am-site/am/svs_core/am=16, 1741620849558
Max suppression time updated to: 162
Received update: /ndn/fr2-site/fr2/svs_core/fr2=16, 1741620849743
Max suppression time updated to: 162
Received update: /ndn/lu-site/lu/svs_core/lu=16, 1741620849791
Max suppression time updated to: 162
Max suppression time updated to: 162
Max suppression time updated to: 162
Max suppression time updated to: 162
Max suppression time updated to: 162
Published sequence number: /ndn/dk-site/dk/svs_core/dk=16, 1741620851536
Sending Sync interest
Max suppression time updated to: 162
Received update: /ndn/es-site/es/svs_core/es=16, 1741620853147
Max suppression time updated to: 162
Received update: /ndn/be-site/be/svs_core/be=16, 1741620855421
Max suppression time updated to: 162
Max suppression time updated to: 162
Received update: /ndn/al-site/al/svs_core/al=16, 1741620855554
Max suppression time updated to: 162
Max suppression time updated to: 165
Max suppression time updated to: 165
Max suppression time updated to: 165
Received update: /ndn/nl-site/nl/svs_core/nl=16, 1741620856344
Max suppression time updated to: 165
Received update: /ndn/ie-site/ie/svs_core/ie=16, 1741620856998
Received update: /ndn/pl-site/pl/svs_core/pl=16, 1741620856998
Max suppression time updated to: 165
Max suppression time updated to: 165
Max suppression time updated to: 165
Received update: /ndn/me-site/me/svs_core/me=16, 1741620858285
Max suppression time updated to: 165
Received update: /ndn/de2-site/de2/svs_core/de2=16, 1741620859908
Max suppression time updated to: 165
Received update: /ndn/sk-site/sk/svs_core/sk=16, 1741620859939
Max suppression time updated to: 165
Received update: /ndn/az-site/az/svs_core/az=16, 1741620861411
Received update: /ndn/mt-site/mt/svs_core/mt=16, 1741620861411
Max suppression time updated to: 165
Received update: /ndn/it-site/it/svs_core/it=16, 1741620862600
Max suppression time updated to: 165
Max suppression time updated to: 165
Max suppression time updated to: 165
Stopping SVS client: /ndn/dk-site/dk/svs_core/dk
