SVS client starting: /ndn/mk-site/mk/svs_core/mk
Sending Sync interest
Received update: /ndn/hr-site/hr/svs_core/hr=1, 1741642408264
Received update: /ndn/ch-site/ch/svs_core/ch=1, 1741642410648
Published sequence number: /ndn/mk-site/mk/svs_core/mk=1, 1741642417467
Sending Sync interest
Received update: /ndn/ua-site/ua/svs_core/ua=1, 1741642417474
Received update: /ndn/cz-site/cz/svs_core/cz=1, 1741642417698
Received update: /ndn/it-site/it/svs_core/it=1, 1741642418349
Received update: /ndn/rs-site/rs/svs_core/rs=1, 1741642418349
Received update: /ndn/az-site/az/svs_core/az=1, 1741642418610
Sending Sync interest
Received update: /ndn/me-site/me/svs_core/me=1, 1741642419800
Received update: /ndn/dk-site/dk/svs_core/dk=1, 1741642420127
Received update: /ndn/is-site/is/svs_core/is=1, 1741642420127
Received update: /ndn/hu-site/hu/svs_core/hu=1, 1741642420331
Received update: /ndn/ie-site/ie/svs_core/ie=1, 1741642421113
Received update: /ndn/al-site/al/svs_core/al=1, 1741642421341
Received update: /ndn/ee-site/ee/svs_core/ee=1, 1741642421437
Sending Sync interest
Received update: /ndn/be-site/be/svs_core/be=1, 1741642428792
Received update: /ndn/si-site/si/svs_core/si=1, 1741642428792
Received update: /ndn/uk-site/uk/svs_core/uk=1, 1741642428792
Received update: /ndn/ro-site/ro/svs_core/ro=1, 1741642432897
Received update: /ndn/gr-site/gr/svs_core/gr=1, 1741642433125
Received update: /ndn/de1-site/de1/svs_core/de1=1, 1741642433405
Received update: /ndn/mt-site/mt/svs_core/mt=1, 1741642433632
Received update: /ndn/sk-site/sk/svs_core/sk=1, 1741642434270
Received update: /ndn/tr-site/tr/svs_core/tr=1, 1741642436785
Received update: /ndn/lt-site/lt/svs_core/lt=1, 1741642437037
Received update: /ndn/lv-site/lv/svs_core/lv=1, 1741642437037
Received update: /ndn/by-site/by/svs_core/by=1, 1741642437507
Received update: /ndn/fr1-site/fr1/svs_core/fr1=1, 1741642437507
Received update: /ndn/pt-site/pt/svs_core/pt=1, 1741642438350
Received update: /ndn/cy-site/cy/svs_core/cy=1, 1741642444685
Received update: /ndn/no-site/no/svs_core/no=1, 1741642444685
Received update: /ndn/se-site/se/svs_core/se=1, 1741642444685
Received update: /ndn/lu-site/lu/svs_core/lu=1, 1741642444847
Received update: /ndn/nl-site/nl/svs_core/nl=1, 1741642445448
Received update: /ndn/pl-site/pl/svs_core/pl=1, 1741642445448
Received update: /ndn/ge-site/ge/svs_core/ge=1, 1741642448415
Received update: /ndn/am-site/am/svs_core/am=1, 1741642448457
Received update: /ndn/il-site/il/svs_core/il=1, 1741642448633
Sending Sync interest
Received update: /ndn/at-site/at/svs_core/at=1, 1741642448857
Received update: /ndn/es-site/es/svs_core/es=1, 1741642448857
Received update: /ndn/fr2-site/fr2/svs_core/fr2=1, 1741642448857
Published sequence number: /ndn/mk-site/mk/svs_core/mk=2, 1741642462483
Sending Sync interest
Received update: /ndn/az-site/az/svs_core/az=2, 1741642463781
Received update: /ndn/cz-site/cz/svs_core/cz=2, 1741642463781
Received update: /ndn/hr-site/hr/svs_core/hr=2, 1741642463781
Received update: /ndn/it-site/it/svs_core/it=2, 1741642463781
Received update: /ndn/rs-site/rs/svs_core/rs=2, 1741642463781
Received update: /ndn/de2-site/de2/svs_core/de2=1, 1741642463781
Received update: /ndn/hu-site/hu/svs_core/hu=2, 1741642465357
Sending Sync interest
Received update: /ndn/gr-site/gr/svs_core/gr=2, 1741642474044
Received update: /ndn/si-site/si/svs_core/si=2, 1741642474044
Received update: /ndn/ua-site/ua/svs_core/ua=2, 1741642474044
Received update: /ndn/lu-site/lu/svs_core/lu=2, 1741642488812
Received update: /ndn/am-site/am/svs_core/am=2, 1741642493499
Received update: /ndn/be-site/be/svs_core/be=2, 1741642493499
Received update: /ndn/ch-site/ch/svs_core/ch=2, 1741642493499
Received update: /ndn/cy-site/cy/svs_core/cy=2, 1741642493499
Received update: /ndn/es-site/es/svs_core/es=2, 1741642493499
Received update: /ndn/ie-site/ie/svs_core/ie=2, 1741642493499
Received update: /ndn/is-site/is/svs_core/is=2, 1741642493499
Received update: /ndn/nl-site/nl/svs_core/nl=2, 1741642493499
Received update: /ndn/pt-site/pt/svs_core/pt=2, 1741642493499
Received update: /ndn/uk-site/uk/svs_core/uk=2, 1741642493499
Received update: /ndn/de1-site/de1/svs_core/de1=2, 1741642493499
Received update: /ndn/fr1-site/fr1/svs_core/fr1=2, 1741642493499
Received update: /ndn/at-site/at/svs_core/at=2, 1741642500671
Received update: /ndn/bg-site/bg/svs_core/bg=1, 1741642500671
Received update: /ndn/bg-site/bg/svs_core/bg=2, 1741642500671
Received update: /ndn/fi-site/fi/svs_core/fi=1, 1741642500671
Received update: /ndn/fi-site/fi/svs_core/fi=2, 1741642500671
Received update: /ndn/ge-site/ge/svs_core/ge=2, 1741642500671
Received update: /ndn/il-site/il/svs_core/il=2, 1741642500671
Received update: /ndn/md-site/md/svs_core/md=1, 1741642500671
Received update: /ndn/pl-site/pl/svs_core/pl=2, 1741642500671
Received update: /ndn/ro-site/ro/svs_core/ro=2, 1741642500671
Received update: /ndn/se-site/se/svs_core/se=2, 1741642500671
Received update: /ndn/sk-site/sk/svs_core/sk=2, 1741642500671
Received update: /ndn/by-site/by/svs_core/by=2, 1741642500715
Received update: /ndn/ch-site/ch/svs_core/ch=3, 1741642500715
Received update: /ndn/de2-site/de2/svs_core/de2=2, 1741642500715
Sending Sync interest
Received update: /ndn/tr-site/tr/svs_core/tr=2, 1741642501699
Received update: /ndn/fr2-site/fr2/svs_core/fr2=2, 1741642501824
Sending Sync interest
Received update: /ndn/lt-site/lt/svs_core/lt=2, 1741642502159
Sending Sync interest
Received update: /ndn/md-site/md/svs_core/md=2, 1741642502813
Sending Sync interest
Received update: /ndn/it-site/it/svs_core/it=3, 1741642504198
Published sequence number: /ndn/mk-site/mk/svs_core/mk=3, 1741642507496
Sending Sync interest
Received update: /ndn/am-site/am/svs_core/am=3, 1741642515510
Received update: /ndn/gr-site/gr/svs_core/gr=3, 1741642515510
Received update: /ndn/hu-site/hu/svs_core/hu=3, 1741642515511
Sending Sync interest
Received update: /ndn/az-site/az/svs_core/az=3, 1741642528775
Received update: /ndn/fi-site/fi/svs_core/fi=3, 1741642528775
Received update: /ndn/ie-site/ie/svs_core/ie=3, 1741642528775
Received update: /ndn/se-site/se/svs_core/se=3, 1741642528775
Received update: /ndn/tr-site/tr/svs_core/tr=3, 1741642528775
Received update: /ndn/uk-site/uk/svs_core/uk=3, 1741642528775
Sending Sync interest
Received update: /ndn/ro-site/ro/svs_core/ro=3, 1741642528999
Received update: /ndn/ua-site/ua/svs_core/ua=3, 1741642528999
Sending Sync interest
Received update: /ndn/fr1-site/fr1/svs_core/fr1=3, 1741642529431
Received update: /ndn/be-site/be/svs_core/be=3, 1741642532197
Received update: /ndn/dk-site/dk/svs_core/dk=2, 1741642532197
Received update: /ndn/dk-site/dk/svs_core/dk=3, 1741642532197
Received update: /ndn/ee-site/ee/svs_core/ee=2, 1741642532197
Received update: /ndn/ee-site/ee/svs_core/ee=3, 1741642532197
Received update: /ndn/is-site/is/svs_core/is=3, 1741642532197
Received update: /ndn/lv-site/lv/svs_core/lv=2, 1741642532197
Received update: /ndn/md-site/md/svs_core/md=3, 1741642532197
Received update: /ndn/me-site/me/svs_core/me=2, 1741642532197
Received update: /ndn/me-site/me/svs_core/me=3, 1741642532197
Received update: /ndn/nl-site/nl/svs_core/nl=3, 1741642532197
Received update: /ndn/sk-site/sk/svs_core/sk=3, 1741642532197
Received update: /ndn/de1-site/de1/svs_core/de1=3, 1741642532197
Received update: /ndn/cy-site/cy/svs_core/cy=3, 1741642534893
Received update: /ndn/il-site/il/svs_core/il=3, 1741642534893
Received update: /ndn/mt-site/mt/svs_core/mt=2, 1741642534893
Received update: /ndn/mt-site/mt/svs_core/mt=3, 1741642534893
Sending Sync interest
Received update: /ndn/at-site/at/svs_core/at=3, 1741642536207
Sending Sync interest
Received update: /ndn/pl-site/pl/svs_core/pl=3, 1741642537235
Received update: /ndn/si-site/si/svs_core/si=3, 1741642537235
Received update: /ndn/fr2-site/fr2/svs_core/fr2=3, 1741642537235
Received update: /ndn/bg-site/bg/svs_core/bg=3, 1741642538540
Published sequence number: /ndn/mk-site/mk/svs_core/mk=4, 1741642552499
Sending Sync interest
Received update: /ndn/si-site/si/svs_core/si=4, 1741642563813
Sending Sync interest
Received update: /ndn/al-site/al/svs_core/al=2, 1741642564041
Received update: /ndn/al-site/al/svs_core/al=3, 1741642564041
Received update: /ndn/ch-site/ch/svs_core/ch=4, 1741642564041
Received update: /ndn/cz-site/cz/svs_core/cz=3, 1741642564041
Received update: /ndn/ge-site/ge/svs_core/ge=3, 1741642564041
Received update: /ndn/hu-site/hu/svs_core/hu=4, 1741642564041
Received update: /ndn/rs-site/rs/svs_core/rs=3, 1741642564041
Received update: /ndn/rs-site/rs/svs_core/rs=4, 1741642564041
Received update: /ndn/de2-site/de2/svs_core/de2=3, 1741642564041
Sending Sync interest
Received update: /ndn/am-site/am/svs_core/am=4, 1741642566494
Received update: /ndn/cz-site/cz/svs_core/cz=4, 1741642566494
Received update: /ndn/hr-site/hr/svs_core/hr=3, 1741642566494
Received update: /ndn/hr-site/hr/svs_core/hr=4, 1741642566494
Received update: /ndn/is-site/is/svs_core/is=4, 1741642566494
Received update: /ndn/uk-site/uk/svs_core/uk=4, 1741642566494
Received update: /ndn/by-site/by/svs_core/by=3, 1741642578708
Received update: /ndn/it-site/it/svs_core/it=4, 1741642578708
Received update: /ndn/lt-site/lt/svs_core/lt=3, 1741642578708
Received update: /ndn/lu-site/lu/svs_core/lu=3, 1741642578708
Received update: /ndn/lu-site/lu/svs_core/lu=4, 1741642578708
Received update: /ndn/lv-site/lv/svs_core/lv=3, 1741642578708
Received update: /ndn/ro-site/ro/svs_core/ro=4, 1741642578708
Received update: /ndn/sk-site/sk/svs_core/sk=4, 1741642578708
Received update: /ndn/tr-site/tr/svs_core/tr=4, 1741642578708
Received update: /ndn/pl-site/pl/svs_core/pl=4, 1741642580478
Received update: /ndn/az-site/az/svs_core/az=4, 1741642585096
Received update: /ndn/de2-site/de2/svs_core/de2=4, 1741642585096
Sending Sync interest
Received update: /ndn/at-site/at/svs_core/at=4, 1741642590337
Received update: /ndn/hr-site/hr/svs_core/hr=5, 1741642590337
Sending Sync interest
Received update: /ndn/bg-site/bg/svs_core/bg=4, 1741642590766
Received update: /ndn/gr-site/gr/svs_core/gr=4, 1741642590766
Received update: /ndn/ua-site/ua/svs_core/ua=4, 1741642590766
Received update: /ndn/fr2-site/fr2/svs_core/fr2=4, 1741642590766
Received update: /ndn/al-site/al/svs_core/al=4, 1741642591972
Received update: /ndn/be-site/be/svs_core/be=4, 1741642591972
Received update: /ndn/ch-site/ch/svs_core/ch=5, 1741642591972
Received update: /ndn/cy-site/cy/svs_core/cy=4, 1741642591972
Received update: /ndn/dk-site/dk/svs_core/dk=4, 1741642591972
Received update: /ndn/ee-site/ee/svs_core/ee=4, 1741642591972
Received update: /ndn/ee-site/ee/svs_core/ee=5, 1741642591972
Received update: /ndn/es-site/es/svs_core/es=3, 1741642591972
Received update: /ndn/es-site/es/svs_core/es=4, 1741642591972
Received update: /ndn/ge-site/ge/svs_core/ge=4, 1741642591972
Received update: /ndn/ie-site/ie/svs_core/ie=4, 1741642591972
Received update: /ndn/lt-site/lt/svs_core/lt=4, 1741642591972
Received update: /ndn/lv-site/lv/svs_core/lv=4, 1741642591972
Received update: /ndn/mt-site/mt/svs_core/mt=4, 1741642591972
Received update: /ndn/nl-site/nl/svs_core/nl=4, 1741642591972
Received update: /ndn/pt-site/pt/svs_core/pt=3, 1741642591972
Received update: /ndn/pt-site/pt/svs_core/pt=4, 1741642591972
Received update: /ndn/de1-site/de1/svs_core/de1=4, 1741642591972
Received update: /ndn/fr1-site/fr1/svs_core/fr1=4, 1741642591972
Published sequence number: /ndn/mk-site/mk/svs_core/mk=5, 1741642597503
Sending Sync interest
Received update: /ndn/il-site/il/svs_core/il=4, 1741642597675
Received update: /ndn/ua-site/ua/svs_core/ua=5, 1741642597675
Received update: /ndn/dk-site/dk/svs_core/dk=5, 1741642600480
Received update: /ndn/fi-site/fi/svs_core/fi=4, 1741642600480
Received update: /ndn/is-site/is/svs_core/is=5, 1741642600480
Received update: /ndn/no-site/no/svs_core/no=2, 1741642600480
Received update: /ndn/no-site/no/svs_core/no=3, 1741642600480
Received update: /ndn/no-site/no/svs_core/no=4, 1741642600480
Received update: /ndn/se-site/se/svs_core/se=4, 1741642600480
Received update: /ndn/md-site/md/svs_core/md=4, 1741642601030
Sending Sync interest
Received update: /ndn/cz-site/cz/svs_core/cz=5, 1741642601870
Received update: /ndn/hu-site/hu/svs_core/hu=5, 1741642601870
Received update: /ndn/me-site/me/svs_core/me=4, 1741642601870
Sending Sync interest
Sending Sync interest
Received update: /ndn/lt-site/lt/svs_core/lt=5, 1741642617099
Sending Sync interest
Received update: /ndn/az-site/az/svs_core/az=5, 1741642621139
Received update: /ndn/it-site/it/svs_core/it=5, 1741642621139
Received update: /ndn/me-site/me/svs_core/me=5, 1741642621139
Received update: /ndn/nl-site/nl/svs_core/nl=5, 1741642621139
Received update: /ndn/rs-site/rs/svs_core/rs=5, 1741642621139
Received update: /ndn/ro-site/ro/svs_core/ro=5, 1741642621351
Received update: /ndn/mt-site/mt/svs_core/mt=5, 1741642623664
Received update: /ndn/tr-site/tr/svs_core/tr=5, 1741642623664
Received update: /ndn/cy-site/cy/svs_core/cy=5, 1741642624720
Received update: /ndn/by-site/by/svs_core/by=4, 1741642624910
Received update: /ndn/by-site/by/svs_core/by=5, 1741642624910
Received update: /ndn/gr-site/gr/svs_core/gr=5, 1741642624910
Received update: /ndn/al-site/al/svs_core/al=5, 1741642624963
Received update: /ndn/at-site/at/svs_core/at=5, 1741642626199
Received update: /ndn/sk-site/sk/svs_core/sk=5, 1741642626199
Received update: /ndn/be-site/be/svs_core/be=5, 1741642631132
Received update: /ndn/bg-site/bg/svs_core/bg=5, 1741642631132
Received update: /ndn/es-site/es/svs_core/es=5, 1741642631132
Received update: /ndn/ge-site/ge/svs_core/ge=5, 1741642631132
Received update: /ndn/lu-site/lu/svs_core/lu=5, 1741642631132
Received update: /ndn/pl-site/pl/svs_core/pl=5, 1741642631132
Received update: /ndn/uk-site/uk/svs_core/uk=5, 1741642631132
Received update: /ndn/de2-site/de2/svs_core/de2=5, 1741642631132
Received update: /ndn/fr1-site/fr1/svs_core/fr1=5, 1741642631132
Received update: /ndn/fr2-site/fr2/svs_core/fr2=5, 1741642631132
Received update: /ndn/hr-site/hr/svs_core/hr=6, 1741642633741
Received update: /ndn/lv-site/lv/svs_core/lv=5, 1741642633741
Received update: /ndn/si-site/si/svs_core/si=5, 1741642633741
Received update: /ndn/ee-site/ee/svs_core/ee=6, 1741642635180
Received update: /ndn/se-site/se/svs_core/se=5, 1741642635180
Received update: /ndn/de1-site/de1/svs_core/de1=5, 1741642635180
Sending Sync interest
Published sequence number: /ndn/mk-site/mk/svs_core/mk=6, 1741642642504
Sending Sync interest
Received update: /ndn/cz-site/cz/svs_core/cz=6, 1741642645631
Received update: /ndn/hu-site/hu/svs_core/hu=6, 1741642645631
Received update: /ndn/ua-site/ua/svs_core/ua=6, 1741642645631
Sending Sync interest
Received update: /ndn/az-site/az/svs_core/az=6, 1741642652674
Received update: /ndn/be-site/be/svs_core/be=6, 1741642652674
Received update: /ndn/pt-site/pt/svs_core/pt=5, 1741642652674
Received update: /ndn/uk-site/uk/svs_core/uk=6, 1741642652674
Sending Sync interest
Received update: /ndn/sk-site/sk/svs_core/sk=6, 1741642659314
Sending Sync interest
Received update: /ndn/si-site/si/svs_core/si=6, 1741642659529
Sending Sync interest
Received update: /ndn/ro-site/ro/svs_core/ro=6, 1741642659746
Sending Sync interest
Received update: /ndn/ch-site/ch/svs_core/ch=6, 1741642663562
Received update: /ndn/gr-site/gr/svs_core/gr=6, 1741642663562
Received update: /ndn/it-site/it/svs_core/it=6, 1741642663562
Received update: /ndn/md-site/md/svs_core/md=5, 1741642663562
Received update: /ndn/md-site/md/svs_core/md=6, 1741642663562
Received update: /ndn/fr1-site/fr1/svs_core/fr1=6, 1741642663562
Sending Sync interest
Received update: /ndn/by-site/by/svs_core/by=6, 1741642675090
Received update: /ndn/cy-site/cy/svs_core/cy=6, 1741642675090
Received update: /ndn/ge-site/ge/svs_core/ge=6, 1741642675090
Received update: /ndn/lu-site/lu/svs_core/lu=6, 1741642675090
Received update: /ndn/me-site/me/svs_core/me=6, 1741642675090
Received update: /ndn/nl-site/nl/svs_core/nl=6, 1741642675090
Received update: /ndn/pl-site/pl/svs_core/pl=6, 1741642675090
Received update: /ndn/tr-site/tr/svs_core/tr=6, 1741642675090
Received update: /ndn/de1-site/de1/svs_core/de1=6, 1741642675090
Received update: /ndn/de2-site/de2/svs_core/de2=6, 1741642675090
Received update: /ndn/at-site/at/svs_core/at=6, 1741642675522
Received update: /ndn/bg-site/bg/svs_core/bg=6, 1741642675522
Received update: /ndn/lt-site/lt/svs_core/lt=6, 1741642675522
Received update: /ndn/mt-site/mt/svs_core/mt=6, 1741642675522
Received update: /ndn/fr2-site/fr2/svs_core/fr2=6, 1741642675522
Received update: /ndn/ch-site/ch/svs_core/ch=7, 1741642680909
Received update: /ndn/il-site/il/svs_core/il=5, 1741642680909
Received update: /ndn/il-site/il/svs_core/il=6, 1741642680909
Received update: /ndn/es-site/es/svs_core/es=6, 1741642681328
Received update: /ndn/hr-site/hr/svs_core/hr=7, 1741642681328
Received update: /ndn/rs-site/rs/svs_core/rs=6, 1741642681328
Received update: /ndn/it-site/it/svs_core/it=7, 1741642684394
Received update: /ndn/rs-site/rs/svs_core/rs=7, 1741642684458
Received update: /ndn/lv-site/lv/svs_core/lv=6, 1741642684697
Published sequence number: /ndn/mk-site/mk/svs_core/mk=7, 1741642687506
Sending Sync interest
Received update: /ndn/al-site/al/svs_core/al=6, 1741642695335
Received update: /ndn/cz-site/cz/svs_core/cz=7, 1741642695335
Received update: /ndn/gr-site/gr/svs_core/gr=7, 1741642695335
Received update: /ndn/ua-site/ua/svs_core/ua=7, 1741642695335
Sending Sync interest
Received update: /ndn/be-site/be/svs_core/be=7, 1741642698535
Received update: /ndn/hu-site/hu/svs_core/hu=7, 1741642698535
Received update: /ndn/az-site/az/svs_core/az=7, 1741642698961
Received update: /ndn/dk-site/dk/svs_core/dk=6, 1741642698961
Received update: /ndn/ee-site/ee/svs_core/ee=7, 1741642698961
Received update: /ndn/ie-site/ie/svs_core/ie=5, 1741642698961
Received update: /ndn/ie-site/ie/svs_core/ie=6, 1741642698961
Received update: /ndn/ie-site/ie/svs_core/ie=7, 1741642698961
Received update: /ndn/is-site/is/svs_core/is=6, 1741642698961
Received update: /ndn/is-site/is/svs_core/is=7, 1741642698961
Received update: /ndn/me-site/me/svs_core/me=7, 1741642698961
Received update: /ndn/uk-site/uk/svs_core/uk=7, 1741642698961
Received update: /ndn/sk-site/sk/svs_core/sk=7, 1741642704317
Sending Sync interest
Received update: /ndn/al-site/al/svs_core/al=7, 1741642713583
Received update: /ndn/am-site/am/svs_core/am=5, 1741642713583
Received update: /ndn/am-site/am/svs_core/am=6, 1741642713583
Received update: /ndn/am-site/am/svs_core/am=7, 1741642713583
Received update: /ndn/il-site/il/svs_core/il=7, 1741642713583
Received update: /ndn/lt-site/lt/svs_core/lt=7, 1741642713583
Received update: /ndn/mt-site/mt/svs_core/mt=7, 1741642713583
Received update: /ndn/nl-site/nl/svs_core/nl=7, 1741642713583
Received update: /ndn/pt-site/pt/svs_core/pt=6, 1741642713583
Received update: /ndn/pt-site/pt/svs_core/pt=7, 1741642713583
Received update: /ndn/tr-site/tr/svs_core/tr=7, 1741642713583
Received update: /ndn/de1-site/de1/svs_core/de1=7, 1741642713583
Received update: /ndn/fr1-site/fr1/svs_core/fr1=7, 1741642713583
Received update: /ndn/cy-site/cy/svs_core/cy=7, 1741642714886
Received update: /ndn/lu-site/lu/svs_core/lu=7, 1741642715253
Received update: /ndn/by-site/by/svs_core/by=7, 1741642715801
Received update: /ndn/md-site/md/svs_core/md=7, 1741642715801
Received update: /ndn/ro-site/ro/svs_core/ro=7, 1741642715801
Received update: /ndn/si-site/si/svs_core/si=7, 1741642715813
Received update: /ndn/bg-site/bg/svs_core/bg=7, 1741642718553
Sending Sync interest
Received update: /ndn/at-site/at/svs_core/at=7, 1741642718794
Published sequence number: /ndn/mk-site/mk/svs_core/mk=8, 1741642732511
Sending Sync interest
Received update: /ndn/ch-site/ch/svs_core/ch=8, 1741642733212
Received update: /ndn/cz-site/cz/svs_core/cz=8, 1741642733212
Received update: /ndn/es-site/es/svs_core/es=7, 1741642733212
Received update: /ndn/hr-site/hr/svs_core/hr=8, 1741642733212
Received update: /ndn/it-site/it/svs_core/it=8, 1741642733212
Received update: /ndn/pl-site/pl/svs_core/pl=7, 1741642733212
Received update: /ndn/de2-site/de2/svs_core/de2=7, 1741642733212
Received update: /ndn/fr2-site/fr2/svs_core/fr2=7, 1741642733212
Received update: /ndn/dk-site/dk/svs_core/dk=7, 1741642733575
Received update: /ndn/fi-site/fi/svs_core/fi=5, 1741642733575
Received update: /ndn/fi-site/fi/svs_core/fi=6, 1741642733575
Received update: /ndn/fi-site/fi/svs_core/fi=7, 1741642733575
Received update: /ndn/fi-site/fi/svs_core/fi=8, 1741642733575
Received update: /ndn/is-site/is/svs_core/is=8, 1741642733575
Received update: /ndn/no-site/no/svs_core/no=5, 1741642733575
Received update: /ndn/no-site/no/svs_core/no=6, 1741642733575
Received update: /ndn/no-site/no/svs_core/no=7, 1741642733575
Received update: /ndn/se-site/se/svs_core/se=6, 1741642733575
Received update: /ndn/se-site/se/svs_core/se=7, 1741642733575
Sending Sync interest
Received update: /ndn/az-site/az/svs_core/az=8, 1741642734040
Received update: /ndn/ge-site/ge/svs_core/ge=7, 1741642736512
Received update: /ndn/me-site/me/svs_core/me=8, 1741642736512
Received update: /ndn/ua-site/ua/svs_core/ua=8, 1741642736512
Received update: /ndn/si-site/si/svs_core/si=8, 1741642743969
Received update: /ndn/be-site/be/svs_core/be=8, 1741642756630
Received update: /ndn/dk-site/dk/svs_core/dk=8, 1741642756630
Received update: /ndn/gr-site/gr/svs_core/gr=8, 1741642756630
Received update: /ndn/hu-site/hu/svs_core/hu=8, 1741642756630
Received update: /ndn/ie-site/ie/svs_core/ie=8, 1741642756630
Received update: /ndn/mt-site/mt/svs_core/mt=8, 1741642756630
Received update: /ndn/nl-site/nl/svs_core/nl=8, 1741642756630
Received update: /ndn/sk-site/sk/svs_core/sk=8, 1741642756630
Received update: /ndn/uk-site/uk/svs_core/uk=8, 1741642756630
Received update: /ndn/fr1-site/fr1/svs_core/fr1=8, 1741642756630
Received update: /ndn/ee-site/ee/svs_core/ee=8, 1741642765607
Received update: /ndn/ge-site/ge/svs_core/ge=8, 1741642765607
Received update: /ndn/lt-site/lt/svs_core/lt=8, 1741642765607
Received update: /ndn/lv-site/lv/svs_core/lv=7, 1741642765607
Received update: /ndn/lv-site/lv/svs_core/lv=8, 1741642765607
Received update: /ndn/de1-site/de1/svs_core/de1=8, 1741642765607
Sending Sync interest
Received update: /ndn/at-site/at/svs_core/at=8, 1741642765962
Received update: /ndn/bg-site/bg/svs_core/bg=8, 1741642765962
Received update: /ndn/md-site/md/svs_core/md=8, 1741642765962
Received update: /ndn/ro-site/ro/svs_core/ro=8, 1741642765962
Received update: /ndn/tr-site/tr/svs_core/tr=8, 1741642765962
Received update: /ndn/de2-site/de2/svs_core/de2=8, 1741642765962
Received update: /ndn/fr2-site/fr2/svs_core/fr2=8, 1741642766286
Sending Sync interest
Received update: /ndn/am-site/am/svs_core/am=8, 1741642766931
Received update: /ndn/cy-site/cy/svs_core/cy=8, 1741642766931
Received update: /ndn/pl-site/pl/svs_core/pl=8, 1741642766931
Received update: /ndn/rs-site/rs/svs_core/rs=8, 1741642773146
Received update: /ndn/rs-site/rs/svs_core/rs=9, 1741642773146
Received update: /ndn/al-site/al/svs_core/al=8, 1741642774394
Received update: /ndn/it-site/it/svs_core/it=9, 1741642774394
Published sequence number: /ndn/mk-site/mk/svs_core/mk=9, 1741642777515
Sending Sync interest
Received update: /ndn/dk-site/dk/svs_core/dk=9, 1741642780286
Received update: /ndn/ua-site/ua/svs_core/ua=9, 1741642780286
Sending Sync interest
Received update: /ndn/al-site/al/svs_core/al=9, 1741642780731
Received update: /ndn/cz-site/cz/svs_core/cz=9, 1741642780731
Sending Sync interest
Received update: /ndn/gr-site/gr/svs_core/gr=9, 1741642785536
Received update: /ndn/hr-site/hr/svs_core/hr=9, 1741642785536
Received update: /ndn/hu-site/hu/svs_core/hu=9, 1741642785536
Sending Sync interest
Received update: /ndn/md-site/md/svs_core/md=9, 1741642797552
Sending Sync interest
Received update: /ndn/am-site/am/svs_core/am=9, 1741642797802
Received update: /ndn/az-site/az/svs_core/az=9, 1741642797802
Received update: /ndn/ch-site/ch/svs_core/ch=9, 1741642797802
Received update: /ndn/il-site/il/svs_core/il=8, 1741642797802
Received update: /ndn/lu-site/lu/svs_core/lu=8, 1741642797802
Received update: /ndn/ro-site/ro/svs_core/ro=9, 1741642797802
Received update: /ndn/sk-site/sk/svs_core/sk=9, 1741642797802
Received update: /ndn/tr-site/tr/svs_core/tr=9, 1741642797802
Received update: /ndn/es-site/es/svs_core/es=8, 1741642797964
Received update: /ndn/ie-site/ie/svs_core/ie=9, 1741642797964
Received update: /ndn/lv-site/lv/svs_core/lv=9, 1741642797964
Received update: /ndn/uk-site/uk/svs_core/uk=9, 1741642797964
Received update: /ndn/de1-site/de1/svs_core/de1=9, 1741642797964
Received update: /ndn/by-site/by/svs_core/by=8, 1741642798199
Received update: /ndn/by-site/by/svs_core/by=9, 1741642798199
Sending Sync interest
Received update: /ndn/il-site/il/svs_core/il=9, 1741642803348
Received update: /ndn/is-site/is/svs_core/is=9, 1741642803348
Received update: /ndn/lt-site/lt/svs_core/lt=9, 1741642803348
Received update: /ndn/pt-site/pt/svs_core/pt=8, 1741642803348
Received update: /ndn/mt-site/mt/svs_core/mt=9, 1741642803770
Received update: /ndn/be-site/be/svs_core/be=9, 1741642813248
Received update: /ndn/cy-site/cy/svs_core/cy=9, 1741642813248
Received update: /ndn/es-site/es/svs_core/es=9, 1741642813248
Received update: /ndn/lu-site/lu/svs_core/lu=9, 1741642813248
Received update: /ndn/me-site/me/svs_core/me=9, 1741642813248
Received update: /ndn/nl-site/nl/svs_core/nl=9, 1741642813248
Received update: /ndn/pl-site/pl/svs_core/pl=9, 1741642813248
Received update: /ndn/de2-site/de2/svs_core/de2=9, 1741642813248
Received update: /ndn/fr2-site/fr2/svs_core/fr2=9, 1741642813248
Received update: /ndn/at-site/at/svs_core/at=9, 1741642813486
Received update: /ndn/bg-site/bg/svs_core/bg=9, 1741642813486
Received update: /ndn/cz-site/cz/svs_core/cz=10, 1741642821426
Received update: /ndn/ge-site/ge/svs_core/ge=9, 1741642821426
Received update: /ndn/si-site/si/svs_core/si=9, 1741642821426
Published sequence number: /ndn/mk-site/mk/svs_core/mk=10, 1741642822517
Sending Sync interest
Received update: /ndn/hr-site/hr/svs_core/hr=10, 1741642824256
Received update: /ndn/me-site/me/svs_core/me=10, 1741642824256
Sending Sync interest
Received update: /ndn/ch-site/ch/svs_core/ch=10, 1741642826149
Received update: /ndn/ee-site/ee/svs_core/ee=9, 1741642826149
Received update: /ndn/ee-site/ee/svs_core/ee=10, 1741642826149
Received update: /ndn/hu-site/hu/svs_core/hu=10, 1741642826149
Received update: /ndn/it-site/it/svs_core/it=10, 1741642826149
Sending Sync interest
Received update: /ndn/pt-site/pt/svs_core/pt=9, 1741642826414
Sending Sync interest
Received update: /ndn/mt-site/mt/svs_core/mt=10, 1741642831426
Sending Sync interest
Received update: /ndn/dk-site/dk/svs_core/dk=10, 1741642831679
Received update: /ndn/fi-site/fi/svs_core/fi=9, 1741642831679
Received update: /ndn/fi-site/fi/svs_core/fi=10, 1741642831679
Received update: /ndn/is-site/is/svs_core/is=10, 1741642831679
Received update: /ndn/fr1-site/fr1/svs_core/fr1=9, 1741642831679
Sending Sync interest
Received update: /ndn/be-site/be/svs_core/be=10, 1741642832259
Received update: /ndn/uk-site/uk/svs_core/uk=10, 1741642832259
Sending Sync interest
Received update: /ndn/nl-site/nl/svs_core/nl=10, 1741642846152
Received update: /ndn/ro-site/ro/svs_core/ro=10, 1741642846152
Received update: /ndn/de1-site/de1/svs_core/de1=10, 1741642846152
Received update: /ndn/gr-site/gr/svs_core/gr=10, 1741642846353
Received update: /ndn/fr1-site/fr1/svs_core/fr1=10, 1741642852199
Received update: /ndn/fr2-site/fr2/svs_core/fr2=10, 1741642852199
Received update: /ndn/at-site/at/svs_core/at=10, 1741642852259
Received update: /ndn/pl-site/pl/svs_core/pl=10, 1741642852259
Received update: /ndn/sk-site/sk/svs_core/sk=10, 1741642852259
Received update: /ndn/ge-site/ge/svs_core/ge=10, 1741642853344
Received update: /ndn/lt-site/lt/svs_core/lt=10, 1741642853344
Received update: /ndn/tr-site/tr/svs_core/tr=10, 1741642853344
Received update: /ndn/cz-site/cz/svs_core/cz=11, 1741642866226
Published sequence number: /ndn/mk-site/mk/svs_core/mk=11, 1741642867519
Sending Sync interest
Received update: /ndn/al-site/al/svs_core/al=10, 1741642896454
Received update: /ndn/al-site/al/svs_core/al=11, 1741642896454
Received update: /ndn/am-site/am/svs_core/am=10, 1741642896454
Received update: /ndn/at-site/at/svs_core/at=11, 1741642896454
Received update: /ndn/ch-site/ch/svs_core/ch=11, 1741642896454
Received update: /ndn/cy-site/cy/svs_core/cy=10, 1741642896454
Received update: /ndn/it-site/it/svs_core/it=11, 1741642896454
Received update: /ndn/lu-site/lu/svs_core/lu=10, 1741642896454
Received update: /ndn/lv-site/lv/svs_core/lv=10, 1741642896454
Received update: /ndn/si-site/si/svs_core/si=10, 1741642896454
Received update: /ndn/ua-site/ua/svs_core/ua=10, 1741642896454
Received update: /ndn/ua-site/ua/svs_core/ua=11, 1741642896454
Received update: /ndn/de2-site/de2/svs_core/de2=10, 1741642896454
Received update: /ndn/cy-site/cy/svs_core/cy=11, 1741642896927
Received update: /ndn/md-site/md/svs_core/md=10, 1741642896927
Received update: /ndn/md-site/md/svs_core/md=11, 1741642896927
Received update: /ndn/ro-site/ro/svs_core/ro=11, 1741642896927
Received update: /ndn/am-site/am/svs_core/am=11, 1741642898309
Received update: /ndn/be-site/be/svs_core/be=11, 1741642898309
Received update: /ndn/dk-site/dk/svs_core/dk=11, 1741642898309
Received update: /ndn/es-site/es/svs_core/es=10, 1741642898309
Received update: /ndn/es-site/es/svs_core/es=11, 1741642898309
Received update: /ndn/gr-site/gr/svs_core/gr=11, 1741642898309
Received update: /ndn/hr-site/hr/svs_core/hr=11, 1741642898309
Received update: /ndn/hu-site/hu/svs_core/hu=11, 1741642898309
Received update: /ndn/ie-site/ie/svs_core/ie=10, 1741642898309
Received update: /ndn/ie-site/ie/svs_core/ie=11, 1741642898309
Received update: /ndn/is-site/is/svs_core/is=11, 1741642898309
Received update: /ndn/me-site/me/svs_core/me=11, 1741642898309
Received update: /ndn/nl-site/nl/svs_core/nl=11, 1741642898309
Received update: /ndn/no-site/no/svs_core/no=8, 1741642898309
Received update: /ndn/no-site/no/svs_core/no=9, 1741642898309
Received update: /ndn/no-site/no/svs_core/no=10, 1741642898309
Received update: /ndn/pl-site/pl/svs_core/pl=11, 1741642898309
Received update: /ndn/pt-site/pt/svs_core/pt=10, 1741642898309
Received update: /ndn/rs-site/rs/svs_core/rs=10, 1741642898309
Received update: /ndn/rs-site/rs/svs_core/rs=11, 1741642898309
Received update: /ndn/se-site/se/svs_core/se=8, 1741642898309
Received update: /ndn/se-site/se/svs_core/se=9, 1741642898309
Received update: /ndn/se-site/se/svs_core/se=10, 1741642898309
Received update: /ndn/uk-site/uk/svs_core/uk=11, 1741642898309
Received update: /ndn/de1-site/de1/svs_core/de1=11, 1741642898309
Received update: /ndn/fr2-site/fr2/svs_core/fr2=11, 1741642898309
Published sequence number: /ndn/mk-site/mk/svs_core/mk=12, 1741642912523
Sending Sync interest
Received update: /ndn/az-site/az/svs_core/az=10, 1741642916922
Received update: /ndn/az-site/az/svs_core/az=11, 1741642916922
Received update: /ndn/bg-site/bg/svs_core/bg=10, 1741642916922
Received update: /ndn/bg-site/bg/svs_core/bg=11, 1741642916922
Received update: /ndn/by-site/by/svs_core/by=10, 1741642916922
Received update: /ndn/by-site/by/svs_core/by=11, 1741642916922
Received update: /ndn/ch-site/ch/svs_core/ch=12, 1741642916922
Received update: /ndn/cz-site/cz/svs_core/cz=12, 1741642916922
Received update: /ndn/fi-site/fi/svs_core/fi=11, 1741642916922
Received update: /ndn/ge-site/ge/svs_core/ge=11, 1741642916922
Received update: /ndn/hu-site/hu/svs_core/hu=12, 1741642916922
Received update: /ndn/il-site/il/svs_core/il=10, 1741642916922
Received update: /ndn/il-site/il/svs_core/il=11, 1741642916922
Received update: /ndn/it-site/it/svs_core/it=12, 1741642916922
Received update: /ndn/lu-site/lu/svs_core/lu=11, 1741642916922
Received update: /ndn/no-site/no/svs_core/no=11, 1741642916922
Received update: /ndn/se-site/se/svs_core/se=11, 1741642916922
Received update: /ndn/si-site/si/svs_core/si=11, 1741642916922
Received update: /ndn/sk-site/sk/svs_core/sk=11, 1741642916922
Received update: /ndn/tr-site/tr/svs_core/tr=11, 1741642916922
Received update: /ndn/de2-site/de2/svs_core/de2=11, 1741642916922
Received update: /ndn/fr1-site/fr1/svs_core/fr1=11, 1741642916922
Received update: /ndn/pt-site/pt/svs_core/pt=11, 1741642917105
Sending Sync interest
Received update: /ndn/is-site/is/svs_core/is=12, 1741642917739
Received update: /ndn/uk-site/uk/svs_core/uk=12, 1741642917739
Sending Sync interest
Sending Sync interest
Received update: /ndn/gr-site/gr/svs_core/gr=12, 1741642920557
Received update: /ndn/hr-site/hr/svs_core/hr=12, 1741642920557
Sending Sync interest
Received update: /ndn/ro-site/ro/svs_core/ro=12, 1741642933000
Received update: /ndn/si-site/si/svs_core/si=12, 1741642933000
Received update: /ndn/fr1-site/fr1/svs_core/fr1=12, 1741642933000
Received update: /ndn/ua-site/ua/svs_core/ua=12, 1741642933011
Sending Sync interest
Received update: /ndn/at-site/at/svs_core/at=12, 1741642941234
Received update: /ndn/mt-site/mt/svs_core/mt=11, 1741642941234
Received update: /ndn/mt-site/mt/svs_core/mt=12, 1741642941234
Received update: /ndn/tr-site/tr/svs_core/tr=12, 1741642941234
Received update: /ndn/cy-site/cy/svs_core/cy=12, 1741642943574
Received update: /ndn/ge-site/ge/svs_core/ge=12, 1741642943574
Sending Sync interest
Received update: /ndn/bg-site/bg/svs_core/bg=12, 1741642943777
Received update: /ndn/az-site/az/svs_core/az=12, 1741642943801
Received update: /ndn/pl-site/pl/svs_core/pl=12, 1741642943801
Received update: /ndn/lu-site/lu/svs_core/lu=12, 1741642943985
Received update: /ndn/nl-site/nl/svs_core/nl=12, 1741642943985
Received update: /ndn/sk-site/sk/svs_core/sk=12, 1741642943985
Received update: /ndn/me-site/me/svs_core/me=12, 1741642944028
Received update: /ndn/il-site/il/svs_core/il=12, 1741642944248
Received update: /ndn/be-site/be/svs_core/be=12, 1741642945443
Received update: /ndn/es-site/es/svs_core/es=12, 1741642945443
Received update: /ndn/fr2-site/fr2/svs_core/fr2=12, 1741642945443
Received update: /ndn/de2-site/de2/svs_core/de2=12, 1741642945620
Received update: /ndn/ee-site/ee/svs_core/ee=11, 1741642949999
Received update: /ndn/ee-site/ee/svs_core/ee=12, 1741642949999
Received update: /ndn/ee-site/ee/svs_core/ee=13, 1741642949999
Received update: /ndn/hr-site/hr/svs_core/hr=13, 1741642950250
Published sequence number: /ndn/mk-site/mk/svs_core/mk=13, 1741642957528
Received update: /ndn/az-site/az/svs_core/az=13, 1741642977850
Received update: /ndn/be-site/be/svs_core/be=13, 1741642977850
Received update: /ndn/hu-site/hu/svs_core/hu=13, 1741642977850
Received update: /ndn/ie-site/ie/svs_core/ie=12, 1741642977850
Received update: /ndn/md-site/md/svs_core/md=12, 1741642977850
Received update: /ndn/md-site/md/svs_core/md=13, 1741642977850
Received update: /ndn/me-site/me/svs_core/me=13, 1741642977850
Received update: /ndn/pt-site/pt/svs_core/pt=12, 1741642977850
Received update: /ndn/ro-site/ro/svs_core/ro=13, 1741642977850
Received update: /ndn/rs-site/rs/svs_core/rs=12, 1741642977850
Received update: /ndn/uk-site/uk/svs_core/uk=13, 1741642977850
Sending Sync interest
Received update: /ndn/am-site/am/svs_core/am=12, 1741642978235
Received update: /ndn/am-site/am/svs_core/am=13, 1741642978235
Received update: /ndn/cz-site/cz/svs_core/cz=13, 1741642978235
Received update: /ndn/gr-site/gr/svs_core/gr=13, 1741642978235
Received update: /ndn/it-site/it/svs_core/it=13, 1741642978235
Received update: /ndn/fr1-site/fr1/svs_core/fr1=13, 1741642978235
Sending Sync interest
Received update: /ndn/ch-site/ch/svs_core/ch=13, 1741642978459
Received update: /ndn/si-site/si/svs_core/si=13, 1741642978459
Received update: /ndn/sk-site/sk/svs_core/sk=13, 1741642978459
Sending Sync interest
Received update: /ndn/mt-site/mt/svs_core/mt=13, 1741642980508
Received update: /ndn/at-site/at/svs_core/at=13, 1741642988821
Received update: /ndn/by-site/by/svs_core/by=12, 1741642988821
Received update: /ndn/by-site/by/svs_core/by=13, 1741642988821
Received update: /ndn/cy-site/cy/svs_core/cy=13, 1741642988821
Received update: /ndn/ie-site/ie/svs_core/ie=13, 1741642988821
Received update: /ndn/il-site/il/svs_core/il=13, 1741642988821
Received update: /ndn/lt-site/lt/svs_core/lt=11, 1741642988821
Received update: /ndn/lt-site/lt/svs_core/lt=12, 1741642988821
Received update: /ndn/lt-site/lt/svs_core/lt=13, 1741642988821
Received update: /ndn/lv-site/lv/svs_core/lv=11, 1741642988821
Received update: /ndn/lv-site/lv/svs_core/lv=12, 1741642988821
Received update: /ndn/lv-site/lv/svs_core/lv=13, 1741642988821
Received update: /ndn/nl-site/nl/svs_core/nl=13, 1741642988821
Received update: /ndn/pl-site/pl/svs_core/pl=13, 1741642988821
Received update: /ndn/pt-site/pt/svs_core/pt=13, 1741642988821
Received update: /ndn/tr-site/tr/svs_core/tr=13, 1741642988821
Received update: /ndn/fr2-site/fr2/svs_core/fr2=13, 1741642988821
Published sequence number: /ndn/mk-site/mk/svs_core/mk=14, 1741643002530
Sending Sync interest
Received update: /ndn/al-site/al/svs_core/al=12, 1741643002544
Received update: /ndn/al-site/al/svs_core/al=13, 1741643002544
Received update: /ndn/dk-site/dk/svs_core/dk=12, 1741643002544
Received update: /ndn/dk-site/dk/svs_core/dk=13, 1741643002544
Received update: /ndn/es-site/es/svs_core/es=13, 1741643002544
Received update: /ndn/fi-site/fi/svs_core/fi=12, 1741643002544
Received update: /ndn/ge-site/ge/svs_core/ge=13, 1741643002544
Received update: /ndn/hr-site/hr/svs_core/hr=14, 1741643002544
Received update: /ndn/is-site/is/svs_core/is=13, 1741643002544
Received update: /ndn/lu-site/lu/svs_core/lu=13, 1741643002544
Received update: /ndn/no-site/no/svs_core/no=12, 1741643002544
Received update: /ndn/no-site/no/svs_core/no=13, 1741643002544
Received update: /ndn/se-site/se/svs_core/se=12, 1741643002544
Received update: /ndn/se-site/se/svs_core/se=13, 1741643002544
Received update: /ndn/ua-site/ua/svs_core/ua=13, 1741643002544
Received update: /ndn/ua-site/ua/svs_core/ua=14, 1741643002544
Received update: /ndn/de1-site/de1/svs_core/de1=12, 1741643002544
Received update: /ndn/de1-site/de1/svs_core/de1=13, 1741643002544
Received update: /ndn/de2-site/de2/svs_core/de2=13, 1741643002544
Received update: /ndn/hu-site/hu/svs_core/hu=14, 1741643007861
Received update: /ndn/rs-site/rs/svs_core/rs=13, 1741643007861
Received update: /ndn/rs-site/rs/svs_core/rs=14, 1741643007861
Sending Sync interest
Received update: /ndn/md-site/md/svs_core/md=14, 1741643022773
Received update: /ndn/ro-site/ro/svs_core/ro=14, 1741643022773
Sending Sync interest
Received update: /ndn/be-site/be/svs_core/be=14, 1741643023222
Received update: /ndn/bg-site/bg/svs_core/bg=13, 1741643023222
Received update: /ndn/cz-site/cz/svs_core/cz=14, 1741643023222
Received update: /ndn/lt-site/lt/svs_core/lt=14, 1741643030713
Received update: /ndn/pl-site/pl/svs_core/pl=14, 1741643030713
Received update: /ndn/tr-site/tr/svs_core/tr=14, 1741643030713
Received update: /ndn/lu-site/lu/svs_core/lu=14, 1741643031439
Received update: /ndn/nl-site/nl/svs_core/nl=14, 1741643031439
Received update: /ndn/si-site/si/svs_core/si=14, 1741643031439
Received update: /ndn/sk-site/sk/svs_core/sk=14, 1741643031439
Received update: /ndn/at-site/at/svs_core/at=14, 1741643031638
Received update: /ndn/az-site/az/svs_core/az=14, 1741643031638
Received update: /ndn/il-site/il/svs_core/il=14, 1741643031638
Received update: /ndn/uk-site/uk/svs_core/uk=14, 1741643031638
Sending Sync interest
Received update: /ndn/gr-site/gr/svs_core/gr=14, 1741643033497
Received update: /ndn/it-site/it/svs_core/it=14, 1741643033497
Received update: /ndn/mt-site/mt/svs_core/mt=14, 1741643033497
Received update: /ndn/cy-site/cy/svs_core/cy=14, 1741643033776
Received update: /ndn/am-site/am/svs_core/am=14, 1741643033820
Sending Sync interest
Received update: /ndn/bg-site/bg/svs_core/bg=14, 1741643035338
Received update: /ndn/ge-site/ge/svs_core/ge=14, 1741643035338
Received update: /ndn/de2-site/de2/svs_core/de2=14, 1741643035338
Received update: /ndn/hr-site/hr/svs_core/hr=15, 1741643038382
Published sequence number: /ndn/mk-site/mk/svs_core/mk=15, 1741643047531
Sending Sync interest
Received update: /ndn/az-site/az/svs_core/az=15, 1741643049232
Received update: /ndn/ch-site/ch/svs_core/ch=14, 1741643049232
Received update: /ndn/ch-site/ch/svs_core/ch=15, 1741643049232
Received update: /ndn/cz-site/cz/svs_core/cz=15, 1741643049232
Received update: /ndn/dk-site/dk/svs_core/dk=14, 1741643049232
Received update: /ndn/is-site/is/svs_core/is=14, 1741643049232
Received update: /ndn/is-site/is/svs_core/is=15, 1741643049232
Received update: /ndn/me-site/me/svs_core/me=14, 1741643049232
Received update: /ndn/rs-site/rs/svs_core/rs=15, 1741643049232
Received update: /ndn/fr1-site/fr1/svs_core/fr1=14, 1741643049232
Sending Sync interest
Received update: /ndn/al-site/al/svs_core/al=14, 1741643065296
Received update: /ndn/am-site/am/svs_core/am=15, 1741643065296
Received update: /ndn/dk-site/dk/svs_core/dk=15, 1741643065296
Received update: /ndn/ee-site/ee/svs_core/ee=14, 1741643065296
Received update: /ndn/ee-site/ee/svs_core/ee=15, 1741643065296
Received update: /ndn/es-site/es/svs_core/es=14, 1741643065296
Received update: /ndn/fi-site/fi/svs_core/fi=13, 1741643065296
Received update: /ndn/hu-site/hu/svs_core/hu=15, 1741643065296
Received update: /ndn/it-site/it/svs_core/it=15, 1741643065296
Received update: /ndn/lt-site/lt/svs_core/lt=15, 1741643065296
Received update: /ndn/lv-site/lv/svs_core/lv=14, 1741643065296
Received update: /ndn/me-site/me/svs_core/me=15, 1741643065296
Received update: /ndn/no-site/no/svs_core/no=14, 1741643065296
Received update: /ndn/ro-site/ro/svs_core/ro=15, 1741643065296
Received update: /ndn/se-site/se/svs_core/se=14, 1741643065296
Received update: /ndn/uk-site/uk/svs_core/uk=15, 1741643065296
Received update: /ndn/de1-site/de1/svs_core/de1=14, 1741643065296
Received update: /ndn/fr2-site/fr2/svs_core/fr2=14, 1741643065296
Received update: /ndn/gr-site/gr/svs_core/gr=15, 1741643065584
Received update: /ndn/de1-site/de1/svs_core/de1=15, 1741643065584
Received update: /ndn/sk-site/sk/svs_core/sk=15, 1741643065738
Received update: /ndn/al-site/al/svs_core/al=15, 1741643066827
Received update: /ndn/by-site/by/svs_core/by=14, 1741643066827
Received update: /ndn/by-site/by/svs_core/by=15, 1741643066827
Received update: /ndn/mt-site/mt/svs_core/mt=15, 1741643066827
Received update: /ndn/pt-site/pt/svs_core/pt=14, 1741643066827
Received update: /ndn/si-site/si/svs_core/si=15, 1741643066827
Received update: /ndn/ua-site/ua/svs_core/ua=15, 1741643066827
Received update: /ndn/be-site/be/svs_core/be=15, 1741643071140
Received update: /ndn/nl-site/nl/svs_core/nl=15, 1741643071140
Received update: /ndn/fr1-site/fr1/svs_core/fr1=15, 1741643071140
Received update: /ndn/at-site/at/svs_core/at=15, 1741643076448
Received update: /ndn/cy-site/cy/svs_core/cy=15, 1741643076448
Received update: /ndn/tr-site/tr/svs_core/tr=15, 1741643076448
Received update: /ndn/pl-site/pl/svs_core/pl=15, 1741643076481
Received update: /ndn/lu-site/lu/svs_core/lu=15, 1741643077152
Received update: /ndn/lv-site/lv/svs_core/lv=15, 1741643077152
Received update: /ndn/fr2-site/fr2/svs_core/fr2=15, 1741643077152
Received update: /ndn/bg-site/bg/svs_core/bg=15, 1741643080123
Received update: /ndn/ge-site/ge/svs_core/ge=15, 1741643080123
Received update: /ndn/il-site/il/svs_core/il=15, 1741643080123
Received update: /ndn/de2-site/de2/svs_core/de2=15, 1741643080123
Received update: /ndn/cz-site/cz/svs_core/cz=16, 1741643091249
Published sequence number: /ndn/mk-site/mk/svs_core/mk=16, 1741643092535
Sending Sync interest
Received update: /ndn/hr-site/hr/svs_core/hr=16, 1741643103851
Received update: /ndn/si-site/si/svs_core/si=16, 1741643103851
Received update: /ndn/se-site/se/svs_core/se=15, 1741643108510
Received update: /ndn/de1-site/de1/svs_core/de1=16, 1741643108510
Sending Sync interest
Received update: /ndn/sk-site/sk/svs_core/sk=16, 1741643109373
Sending Sync interest
Received update: /ndn/al-site/al/svs_core/al=16, 1741643110185
Received update: /ndn/ch-site/ch/svs_core/ch=16, 1741643110185
Received update: /ndn/gr-site/gr/svs_core/gr=16, 1741643110185
Received update: /ndn/hu-site/hu/svs_core/hu=16, 1741643110185
Received update: /ndn/it-site/it/svs_core/it=16, 1741643110185
Received update: /ndn/am-site/am/svs_core/am=16, 1741643122826
Received update: /ndn/az-site/az/svs_core/az=16, 1741643122826
Received update: /ndn/be-site/be/svs_core/be=16, 1741643122826
Received update: /ndn/by-site/by/svs_core/by=16, 1741643122826
Received update: /ndn/dk-site/dk/svs_core/dk=16, 1741643122826
Received update: /ndn/ee-site/ee/svs_core/ee=16, 1741643122826
Received update: /ndn/lt-site/lt/svs_core/lt=16, 1741643122826
Received update: /ndn/lv-site/lv/svs_core/lv=16, 1741643122826
Received update: /ndn/me-site/me/svs_core/me=16, 1741643122826
Received update: /ndn/nl-site/nl/svs_core/nl=16, 1741643122826
Received update: /ndn/tr-site/tr/svs_core/tr=16, 1741643122826
Received update: /ndn/uk-site/uk/svs_core/uk=16, 1741643122826
Received update: /ndn/fr1-site/fr1/svs_core/fr1=16, 1741643122826
Received update: /ndn/fr2-site/fr2/svs_core/fr2=16, 1741643122826
Stopping SVS client: /ndn/mk-site/mk/svs_core/mk
