SVS client starting: /ndn/gr-site/gr/svs_core/gr
Max suppression time updated to: 24
Max suppression time updated to: 38
Max suppression time updated to: 50
Max suppression time updated to: 48
Max suppression time updated to: 52
Max suppression time updated to: 54
Sending Sync interest
Max suppression time updated to: 52
Max suppression time updated to: 54
Max suppression time updated to: 62
Max suppression time updated to: 60
Max suppression time updated to: 58
Max suppression time updated to: 68
Max suppression time updated to: 66
Max suppression time updated to: 74
Max suppression time updated to: 74
Max suppression time updated to: 76
Max suppression time updated to: 82
Max suppression time updated to: 82
Max suppression time updated to: 82
Max suppression time updated to: 82
Max suppression time updated to: 82
Max suppression time updated to: 80
Max suppression time updated to: 80
Max suppression time updated to: 78
Max suppression time updated to: 80
Max suppression time updated to: 80
Max suppression time updated to: 82
Max suppression time updated to: 82
Max suppression time updated to: 82
Received update: /ndn/de1-site/de1/svs_core/de1=1, 1741659527215
Max suppression time updated to: 82
Received update: /ndn/am-site/am/svs_core/am=1, 1741659527331
Max suppression time updated to: 92
Max suppression time updated to: 102
Max suppression time updated to: 112
Max suppression time updated to: 120
Max suppression time updated to: 118
Max suppression time updated to: 118
Max suppression time updated to: 118
Max suppression time updated to: 118
Max suppression time updated to: 116
Max suppression time updated to: 116
Max suppression time updated to: 114
Received update: /ndn/mt-site/mt/svs_core/mt=1, 1741659529303
Max suppression time updated to: 112
Received update: /ndn/cz-site/cz/svs_core/cz=1, 1741659529438
Max suppression time updated to: 112
Max suppression time updated to: 112
Max suppression time updated to: 112
Received update: /ndn/dk-site/dk/svs_core/dk=1, 1741659531655
Received update: /ndn/pt-site/pt/svs_core/pt=1, 1741659531655
Max suppression time updated to: 112
Received update: /ndn/rs-site/rs/svs_core/rs=1, 1741659532444
Max suppression time updated to: 110
Received update: /ndn/il-site/il/svs_core/il=1, 1741659534374
Max suppression time updated to: 112
Received update: /ndn/cy-site/cy/svs_core/cy=1, 1741659535054
Max suppression time updated to: 110
Received update: /ndn/me-site/me/svs_core/me=1, 1741659535311
Max suppression time updated to: 110
Max suppression time updated to: 108
Received update: /ndn/pl-site/pl/svs_core/pl=1, 1741659536194
Max suppression time updated to: 106
Received update: /ndn/hu-site/hu/svs_core/hu=1, 1741659540050
Max suppression time updated to: 106
Received update: /ndn/is-site/is/svs_core/is=1, 1741659540160
Max suppression time updated to: 106
Received update: /ndn/az-site/az/svs_core/az=1, 1741659540213
Max suppression time updated to: 106
Received update: /ndn/ie-site/ie/svs_core/ie=1, 1741659540847
Max suppression time updated to: 106
Received update: /ndn/md-site/md/svs_core/md=1, 1741659542732
Max suppression time updated to: 106
Received update: /ndn/lu-site/lu/svs_core/lu=1, 1741659544226
Received update: /ndn/fr2-site/fr2/svs_core/fr2=1, 1741659544226
Max suppression time updated to: 106
Received update: /ndn/uk-site/uk/svs_core/uk=1, 1741659545896
Max suppression time updated to: 106
Received update: /ndn/ua-site/ua/svs_core/ua=1, 1741659546112
Max suppression time updated to: 104
Received update: /ndn/si-site/si/svs_core/si=1, 1741659546311
Max suppression time updated to: 104
Max suppression time updated to: 104
Max suppression time updated to: 104
Received update: /ndn/bg-site/bg/svs_core/bg=1, 1741659546418
Max suppression time updated to: 102
Max suppression time updated to: 102
Max suppression time updated to: 102
Max suppression time updated to: 102
Max suppression time updated to: 102
Max suppression time updated to: 100
Received update: /ndn/it-site/it/svs_core/it=1, 1741659547386
Max suppression time updated to: 102
Received update: /ndn/lv-site/lv/svs_core/lv=1, 1741659549166
Max suppression time updated to: 100
Max suppression time updated to: 100
Max suppression time updated to: 100
Max suppression time updated to: 100
Received update: /ndn/tr-site/tr/svs_core/tr=1, 1741659549488
Max suppression time updated to: 100
Received update: /ndn/be-site/be/svs_core/be=1, 1741659550288
Max suppression time updated to: 100
Received update: /ndn/at-site/at/svs_core/at=1, 1741659550836
Published sequence number: /ndn/gr-site/gr/svs_core/gr=1, 1741659558263
Sending Sync interest
Max suppression time updated to: 98
Received update: /ndn/es-site/es/svs_core/es=1, 1741659558269
Received update: /ndn/fr1-site/fr1/svs_core/fr1=1, 1741659558269
Max suppression time updated to: 98
Received update: /ndn/al-site/al/svs_core/al=1, 1741659558414
Sending Sync interest
Max suppression time updated to: 98
Received update: /ndn/nl-site/nl/svs_core/nl=1, 1741659558584
Max suppression time updated to: 98
Max suppression time updated to: 98
Received update: /ndn/ge-site/ge/svs_core/ge=1, 1741659558726
Max suppression time updated to: 100
Received update: /ndn/lt-site/lt/svs_core/lt=1, 1741659559519
Max suppression time updated to: 100
Max suppression time updated to: 98
Max suppression time updated to: 98
Max suppression time updated to: 98
Max suppression time updated to: 100
Received update: /ndn/fi-site/fi/svs_core/fi=1, 1741659563569
Max suppression time updated to: 100
Received update: /ndn/ro-site/ro/svs_core/ro=1, 1741659563882
Received update: /ndn/de2-site/de2/svs_core/de2=1, 1741659563882
Max suppression time updated to: 100
Received update: /ndn/am-site/am/svs_core/am=2, 1741659572409
Received update: /ndn/by-site/by/svs_core/by=1, 1741659572409
Received update: /ndn/mk-site/mk/svs_core/mk=1, 1741659572409
Max suppression time updated to: 100
Received update: /ndn/de1-site/de1/svs_core/de1=2, 1741659572434
Max suppression time updated to: 98
Max suppression time updated to: 98
Received update: /ndn/sk-site/sk/svs_core/sk=1, 1741659572457
Max suppression time updated to: 98
Received update: /ndn/ch-site/ch/svs_core/ch=1, 1741659572514
Max suppression time updated to: 96
Received update: /ndn/hr-site/hr/svs_core/hr=1, 1741659572537
Max suppression time updated to: 98
Max suppression time updated to: 98
Received update: /ndn/no-site/no/svs_core/no=1, 1741659572622
Max suppression time updated to: 98
Received update: /ndn/se-site/se/svs_core/se=1, 1741659572677
Max suppression time updated to: 98
Max suppression time updated to: 96
Max suppression time updated to: 96
Max suppression time updated to: 96
Max suppression time updated to: 96
Max suppression time updated to: 96
Received update: /ndn/cz-site/cz/svs_core/cz=2, 1741659573111
Max suppression time updated to: 96
Received update: /ndn/dk-site/dk/svs_core/dk=2, 1741659574704
Received update: /ndn/ee-site/ee/svs_core/ee=1, 1741659574704
Max suppression time updated to: 96
Max suppression time updated to: 96
Received update: /ndn/by-site/by/svs_core/by=2, 1741659581346
Received update: /ndn/cy-site/cy/svs_core/cy=2, 1741659581346
Received update: /ndn/pl-site/pl/svs_core/pl=2, 1741659581346
Max suppression time updated to: 96
Received update: /ndn/me-site/me/svs_core/me=2, 1741659581374
Max suppression time updated to: 96
Received update: /ndn/il-site/il/svs_core/il=2, 1741659581411
Received update: /ndn/pt-site/pt/svs_core/pt=2, 1741659581411
Max suppression time updated to: 96
Received update: /ndn/rs-site/rs/svs_core/rs=2, 1741659581506
Max suppression time updated to: 96
Max suppression time updated to: 96
Received update: /ndn/mt-site/mt/svs_core/mt=2, 1741659581736
Max suppression time updated to: 96
Received update: /ndn/hu-site/hu/svs_core/hu=2, 1741659585103
Max suppression time updated to: 96
Received update: /ndn/fr2-site/fr2/svs_core/fr2=2, 1741659585168
Max suppression time updated to: 98
Received update: /ndn/az-site/az/svs_core/az=2, 1741659585262
Max suppression time updated to: 96
Max suppression time updated to: 96
Max suppression time updated to: 96
Received update: /ndn/ie-site/ie/svs_core/ie=2, 1741659590919
Received update: /ndn/uk-site/uk/svs_core/uk=2, 1741659590919
Max suppression time updated to: 96
Received update: /ndn/is-site/is/svs_core/is=2, 1741659590984
Max suppression time updated to: 96
Received update: /ndn/lu-site/lu/svs_core/lu=2, 1741659591020
Max suppression time updated to: 96
Received update: /ndn/bg-site/bg/svs_core/bg=2, 1741659591225
Received update: /ndn/md-site/md/svs_core/md=2, 1741659591225
Max suppression time updated to: 96
Received update: /ndn/si-site/si/svs_core/si=2, 1741659591300
Max suppression time updated to: 96
Received update: /ndn/it-site/it/svs_core/it=2, 1741659592446
Max suppression time updated to: 96
Max suppression time updated to: 96
Max suppression time updated to: 96
Max suppression time updated to: 96
Received update: /ndn/es-site/es/svs_core/es=2, 1741659595477
Received update: /ndn/lv-site/lv/svs_core/lv=2, 1741659595477
Received update: /ndn/ua-site/ua/svs_core/ua=2, 1741659595477
Max suppression time updated to: 96
Received update: /ndn/tr-site/tr/svs_core/tr=2, 1741659595616
Max suppression time updated to: 96
Received update: /ndn/be-site/be/svs_core/be=2, 1741659595659
Max suppression time updated to: 96
Received update: /ndn/at-site/at/svs_core/at=2, 1741659595841
Max suppression time updated to: 96
Received update: /ndn/al-site/al/svs_core/al=2, 1741659601446
Received update: /ndn/ge-site/ge/svs_core/ge=2, 1741659601446
Received update: /ndn/nl-site/nl/svs_core/nl=2, 1741659601446
Published sequence number: /ndn/gr-site/gr/svs_core/gr=2, 1741659603261
Sending Sync interest
Max suppression time updated to: 96
Received update: /ndn/lt-site/lt/svs_core/lt=2, 1741659605746
Max suppression time updated to: 96
Max suppression time updated to: 96
Sending Sync interest
Max suppression time updated to: 96
Max suppression time updated to: 96
Max suppression time updated to: 96
Received update: /ndn/fr1-site/fr1/svs_core/fr1=2, 1741659605899
Sending Sync interest
Max suppression time updated to: 96
Received update: /ndn/no-site/no/svs_core/no=2, 1741659607288
Max suppression time updated to: 96
Max suppression time updated to: 96
Max suppression time updated to: 96
Max suppression time updated to: 96
Received update: /ndn/mk-site/mk/svs_core/mk=2, 1741659607428
Max suppression time updated to: 96
Max suppression time updated to: 96
Max suppression time updated to: 96
Max suppression time updated to: 96
Max suppression time updated to: 96
Max suppression time updated to: 96
Max suppression time updated to: 96
Max suppression time updated to: 96
Max suppression time updated to: 96
Received update: /ndn/ro-site/ro/svs_core/ro=2, 1741659614832
Received update: /ndn/sk-site/sk/svs_core/sk=2, 1741659614832
Received update: /ndn/de2-site/de2/svs_core/de2=2, 1741659614832
Max suppression time updated to: 96
Received update: /ndn/hr-site/hr/svs_core/hr=2, 1741659615759
Max suppression time updated to: 96
Received update: /ndn/cz-site/cz/svs_core/cz=3, 1741659618111
Max suppression time updated to: 94
Sending Sync interest
Max suppression time updated to: 94
Max suppression time updated to: 94
Max suppression time updated to: 94
Received update: /ndn/ch-site/ch/svs_core/ch=2, 1741659618279
Max suppression time updated to: 94
Received update: /ndn/am-site/am/svs_core/am=3, 1741659618339
Max suppression time updated to: 94
Received update: /ndn/ee-site/ee/svs_core/ee=2, 1741659618496
Received update: /ndn/fi-site/fi/svs_core/fi=2, 1741659618496
Received update: /ndn/se-site/se/svs_core/se=2, 1741659618496
Received update: /ndn/de1-site/de1/svs_core/de1=3, 1741659618496
Max suppression time updated to: 94
Received update: /ndn/pt-site/pt/svs_core/pt=3, 1741659621553
Max suppression time updated to: 94
Max suppression time updated to: 92
Max suppression time updated to: 94
Received update: /ndn/il-site/il/svs_core/il=3, 1741659624391
Max suppression time updated to: 94
Received update: /ndn/mt-site/mt/svs_core/mt=3, 1741659624489
Max suppression time updated to: 94
Max suppression time updated to: 94
Received update: /ndn/by-site/by/svs_core/by=3, 1741659624561
Max suppression time updated to: 94
Received update: /ndn/dk-site/dk/svs_core/dk=3, 1741659624562
Max suppression time updated to: 94
Received update: /ndn/rs-site/rs/svs_core/rs=3, 1741659624587
Max suppression time updated to: 92
Max suppression time updated to: 92
Max suppression time updated to: 90
Received update: /ndn/cy-site/cy/svs_core/cy=3, 1741659625047
Max suppression time updated to: 90
Received update: /ndn/pl-site/pl/svs_core/pl=3, 1741659626231
Max suppression time updated to: 90
Max suppression time updated to: 90
Max suppression time updated to: 90
Received update: /ndn/me-site/me/svs_core/me=3, 1741659626507
Max suppression time updated to: 90
Received update: /ndn/lu-site/lu/svs_core/lu=3, 1741659634209
Max suppression time updated to: 90
Max suppression time updated to: 90
Received update: /ndn/ie-site/ie/svs_core/ie=3, 1741659634290
Max suppression time updated to: 90
Received update: /ndn/hu-site/hu/svs_core/hu=3, 1741659634299
Max suppression time updated to: 90
Received update: /ndn/md-site/md/svs_core/md=3, 1741659634357
Max suppression time updated to: 90
Received update: /ndn/fr2-site/fr2/svs_core/fr2=3, 1741659634394
Max suppression time updated to: 90
Received update: /ndn/az-site/az/svs_core/az=3, 1741659634446
Max suppression time updated to: 90
Max suppression time updated to: 90
Received update: /ndn/bg-site/bg/svs_core/bg=3, 1741659634660
Max suppression time updated to: 90
Received update: /ndn/is-site/is/svs_core/is=3, 1741659634718
Max suppression time updated to: 90
Received update: /ndn/uk-site/uk/svs_core/uk=3, 1741659635897
Max suppression time updated to: 90
Received update: /ndn/it-site/it/svs_core/it=3, 1741659637389
Max suppression time updated to: 90
Received update: /ndn/si-site/si/svs_core/si=3, 1741659637461
Max suppression time updated to: 90
Received update: /ndn/tr-site/tr/svs_core/tr=3, 1741659639611
Received update: /ndn/ua-site/ua/svs_core/ua=3, 1741659639611
Max suppression time updated to: 90
Received update: /ndn/at-site/at/svs_core/at=3, 1741659640858
Max suppression time updated to: 90
Received update: /ndn/be-site/be/svs_core/be=3, 1741659640951
Max suppression time updated to: 90
Max suppression time updated to: 90
Max suppression time updated to: 90
Max suppression time updated to: 90
Max suppression time updated to: 90
Max suppression time updated to: 92
Received update: /ndn/ge-site/ge/svs_core/ge=3, 1741659644793
Max suppression time updated to: 92
Received update: /ndn/al-site/al/svs_core/al=3, 1741659646470
Received update: /ndn/es-site/es/svs_core/es=3, 1741659646470
Received update: /ndn/nl-site/nl/svs_core/nl=3, 1741659646470
Max suppression time updated to: 92
Max suppression time updated to: 92
Max suppression time updated to: 94
Max suppression time updated to: 94
Max suppression time updated to: 94
Published sequence number: /ndn/gr-site/gr/svs_core/gr=3, 1741659648264
Sending Sync interest
Max suppression time updated to: 94
Received update: /ndn/lt-site/lt/svs_core/lt=3, 1741659649632
Received update: /ndn/lv-site/lv/svs_core/lv=3, 1741659649632
Max suppression time updated to: 94
Received update: /ndn/de2-site/de2/svs_core/de2=3, 1741659653636
Max suppression time updated to: 92
Received update: /ndn/fi-site/fi/svs_core/fi=3, 1741659653651
Max suppression time updated to: 94
Received update: /ndn/ro-site/ro/svs_core/ro=3, 1741659653831
Sending Sync interest
Max suppression time updated to: 94
Max suppression time updated to: 94
Max suppression time updated to: 94
Max suppression time updated to: 94
Received update: /ndn/ch-site/ch/svs_core/ch=3, 1741659661079
Max suppression time updated to: 94
Received update: /ndn/ee-site/ee/svs_core/ee=3, 1741659661211
Received update: /ndn/fr1-site/fr1/svs_core/fr1=3, 1741659661211
Max suppression time updated to: 94
Received update: /ndn/sk-site/sk/svs_core/sk=3, 1741659661224
Max suppression time updated to: 94
Max suppression time updated to: 94
Max suppression time updated to: 94
Max suppression time updated to: 94
Received update: /ndn/de1-site/de1/svs_core/de1=4, 1741659662247
Max suppression time updated to: 94
Received update: /ndn/hr-site/hr/svs_core/hr=3, 1741659662352
Max suppression time updated to: 94
Received update: /ndn/cz-site/cz/svs_core/cz=4, 1741659663151
Max suppression time updated to: 94
Received update: /ndn/am-site/am/svs_core/am=4, 1741659663268
Max suppression time updated to: 94
Received update: /ndn/dk-site/dk/svs_core/dk=4, 1741659664860
Received update: /ndn/no-site/no/svs_core/no=3, 1741659664860
Received update: /ndn/se-site/se/svs_core/se=3, 1741659664860
Sending Sync interest
Max suppression time updated to: 94
Max suppression time updated to: 94
Received update: /ndn/mt-site/mt/svs_core/mt=4, 1741659665164
Max suppression time updated to: 96
Received update: /ndn/by-site/by/svs_core/by=4, 1741659665440
Max suppression time updated to: 96
Received update: /ndn/rs-site/rs/svs_core/rs=4, 1741659667436
Sending Sync interest
Max suppression time updated to: 96
Received update: /ndn/pt-site/pt/svs_core/pt=4, 1741659667538
Max suppression time updated to: 96
Max suppression time updated to: 96
Max suppression time updated to: 96
Max suppression time updated to: 96
Received update: /ndn/il-site/il/svs_core/il=4, 1741659669380
Max suppression time updated to: 94
Received update: /ndn/mk-site/mk/svs_core/mk=3, 1741659669533
Max suppression time updated to: 94
Received update: /ndn/cy-site/cy/svs_core/cy=4, 1741659670053
Max suppression time updated to: 94
Received update: /ndn/hu-site/hu/svs_core/hu=4, 1741659675067
Max suppression time updated to: 96
Received update: /ndn/fr2-site/fr2/svs_core/fr2=4, 1741659675168
Max suppression time updated to: 94
Max suppression time updated to: 94
Received update: /ndn/pl-site/pl/svs_core/pl=4, 1741659675188
Max suppression time updated to: 94
Received update: /ndn/az-site/az/svs_core/az=4, 1741659675220
Max suppression time updated to: 94
Max suppression time updated to: 94
Max suppression time updated to: 94
Max suppression time updated to: 94
Received update: /ndn/me-site/me/svs_core/me=4, 1741659675588
Max suppression time updated to: 94
Max suppression time updated to: 94
Max suppression time updated to: 94
Max suppression time updated to: 94
Received update: /ndn/bg-site/bg/svs_core/bg=4, 1741659676423
Max suppression time updated to: 94
Received update: /ndn/ie-site/ie/svs_core/ie=4, 1741659676590
Max suppression time updated to: 94
Received update: /ndn/ua-site/ua/svs_core/ua=4, 1741659681113
Max suppression time updated to: 94
Received update: /ndn/lu-site/lu/svs_core/lu=4, 1741659681248
Max suppression time updated to: 94
Received update: /ndn/uk-site/uk/svs_core/uk=4, 1741659681289
Max suppression time updated to: 94
Received update: /ndn/it-site/it/svs_core/it=4, 1741659682391
Max suppression time updated to: 94
Received update: /ndn/is-site/is/svs_core/is=4, 1741659682494
Max suppression time updated to: 94
Max suppression time updated to: 94
Max suppression time updated to: 94
Received update: /ndn/md-site/md/svs_core/md=4, 1741659682522
Max suppression time updated to: 94
Max suppression time updated to: 96
Received update: /ndn/tr-site/tr/svs_core/tr=4, 1741659684515
Max suppression time updated to: 96
Received update: /ndn/si-site/si/svs_core/si=4, 1741659684614
Max suppression time updated to: 96
Received update: /ndn/ge-site/ge/svs_core/ge=4, 1741659689795
Sending Sync interest
Max suppression time updated to: 96
Received update: /ndn/at-site/at/svs_core/at=4, 1741659690097
Received update: /ndn/be-site/be/svs_core/be=4, 1741659690097
Max suppression time updated to: 96
Received update: /ndn/nl-site/nl/svs_core/nl=4, 1741659690878
Max suppression time updated to: 96
Received update: /ndn/lv-site/lv/svs_core/lv=4, 1741659690976
Published sequence number: /ndn/gr-site/gr/svs_core/gr=4, 1741659693263
Sending Sync interest
Max suppression time updated to: 96
Received update: /ndn/al-site/al/svs_core/al=4, 1741659693435
Max suppression time updated to: 96
Received update: /ndn/lt-site/lt/svs_core/lt=4, 1741659694651
Max suppression time updated to: 96
Max suppression time updated to: 96
Sending Sync interest
Max suppression time updated to: 96
Max suppression time updated to: 96
Received update: /ndn/fr1-site/fr1/svs_core/fr1=4, 1741659694785
Max suppression time updated to: 96
Received update: /ndn/es-site/es/svs_core/es=4, 1741659694844
Max suppression time updated to: 96
Max suppression time updated to: 96
Max suppression time updated to: 96
Max suppression time updated to: 96
Max suppression time updated to: 96
Received update: /ndn/no-site/no/svs_core/no=4, 1741659698716
Received update: /ndn/de2-site/de2/svs_core/de2=4, 1741659698716
Max suppression time updated to: 96
Max suppression time updated to: 96
Received update: /ndn/fi-site/fi/svs_core/fi=4, 1741659699401
Received update: /ndn/se-site/se/svs_core/se=4, 1741659699401
Max suppression time updated to: 96
Received update: /ndn/sk-site/sk/svs_core/sk=4, 1741659704838
Max suppression time updated to: 96
Max suppression time updated to: 96
Max suppression time updated to: 96
Max suppression time updated to: 96
Max suppression time updated to: 96
Max suppression time updated to: 96
Max suppression time updated to: 96
Received update: /ndn/mk-site/mk/svs_core/mk=4, 1741659705175
Received update: /ndn/ro-site/ro/svs_core/ro=4, 1741659705175
Max suppression time updated to: 96
Received update: /ndn/ch-site/ch/svs_core/ch=4, 1741659706115
Received update: /ndn/hr-site/hr/svs_core/hr=4, 1741659706115
Max suppression time updated to: 98
Received update: /ndn/ee-site/ee/svs_core/ee=4, 1741659706141
Max suppression time updated to: 98
Max suppression time updated to: 98
Received update: /ndn/am-site/am/svs_core/am=5, 1741659707318
Max suppression time updated to: 98
Received update: /ndn/dk-site/dk/svs_core/dk=5, 1741659712572
Received update: /ndn/mt-site/mt/svs_core/mt=5, 1741659712572
Received update: /ndn/rs-site/rs/svs_core/rs=5, 1741659712572
Received update: /ndn/de1-site/de1/svs_core/de1=5, 1741659712572
Max suppression time updated to: 98
Received update: /ndn/cz-site/cz/svs_core/cz=5, 1741659712734
Max suppression time updated to: 96
Received update: /ndn/by-site/by/svs_core/by=5, 1741659712834
Max suppression time updated to: 96
Received update: /ndn/il-site/il/svs_core/il=5, 1741659714403
Received update: /ndn/pt-site/pt/svs_core/pt=5, 1741659714403
Max suppression time updated to: 96
Received update: /ndn/cy-site/cy/svs_core/cy=5, 1741659715073
Max suppression time updated to: 98
Received update: /ndn/me-site/me/svs_core/me=5, 1741659715272
Sending Sync interest
Max suppression time updated to: 98
Max suppression time updated to: 96
Max suppression time updated to: 98
Max suppression time updated to: 98
Received update: /ndn/pl-site/pl/svs_core/pl=5, 1741659716205
Max suppression time updated to: 98
Received update: /ndn/hu-site/hu/svs_core/hu=5, 1741659725908
Received update: /ndn/uk-site/uk/svs_core/uk=5, 1741659725908
Max suppression time updated to: 98
Received update: /ndn/lu-site/lu/svs_core/lu=5, 1741659726030
Max suppression time updated to: 96
Received update: /ndn/bg-site/bg/svs_core/bg=5, 1741659726124
Received update: /ndn/md-site/md/svs_core/md=5, 1741659726124
Max suppression time updated to: 96
Received update: /ndn/fr2-site/fr2/svs_core/fr2=5, 1741659726148
Max suppression time updated to: 96
Received update: /ndn/ie-site/ie/svs_core/ie=5, 1741659726210
Max suppression time updated to: 96
Received update: /ndn/az-site/az/svs_core/az=5, 1741659726226
Max suppression time updated to: 96
Max suppression time updated to: 96
Received update: /ndn/ua-site/ua/svs_core/ua=5, 1741659726285
Max suppression time updated to: 96
Received update: /ndn/si-site/si/svs_core/si=5, 1741659726303
Max suppression time updated to: 96
Max suppression time updated to: 96
Max suppression time updated to: 96
Max suppression time updated to: 96
Max suppression time updated to: 96
Max suppression time updated to: 96
Max suppression time updated to: 96
Max suppression time updated to: 96
Max suppression time updated to: 96
Max suppression time updated to: 96
Received update: /ndn/is-site/is/svs_core/is=5, 1741659726606
Max suppression time updated to: 96
Max suppression time updated to: 96
Max suppression time updated to: 96
Max suppression time updated to: 96
Received update: /ndn/it-site/it/svs_core/it=5, 1741659727404
Max suppression time updated to: 96
Received update: /ndn/lv-site/lv/svs_core/lv=5, 1741659729187
Max suppression time updated to: 96
Max suppression time updated to: 96
Max suppression time updated to: 98
Max suppression time updated to: 96
Max suppression time updated to: 98
Max suppression time updated to: 98
Received update: /ndn/tr-site/tr/svs_core/tr=5, 1741659729513
Max suppression time updated to: 98
Received update: /ndn/es-site/es/svs_core/es=5, 1741659730518
Sending Sync interest
Max suppression time updated to: 98
Sending Sync interest
Max suppression time updated to: 98
Max suppression time updated to: 98
Max suppression time updated to: 98
Received update: /ndn/be-site/be/svs_core/be=5, 1741659730789
Max suppression time updated to: 98
Received update: /ndn/at-site/at/svs_core/at=5, 1741659734806
Received update: /ndn/ge-site/ge/svs_core/ge=5, 1741659734806
Max suppression time updated to: 98
Received update: /ndn/nl-site/nl/svs_core/nl=5, 1741659735854
Published sequence number: /ndn/gr-site/gr/svs_core/gr=5, 1741659738264
Sending Sync interest
Max suppression time updated to: 98
Received update: /ndn/mk-site/mk/svs_core/mk=5, 1741659740910
Max suppression time updated to: 98
Max suppression time updated to: 98
Max suppression time updated to: 98
Received update: /ndn/lt-site/lt/svs_core/lt=5, 1741659741225
Received update: /ndn/fr1-site/fr1/svs_core/fr1=5, 1741659741225
Max suppression time updated to: 98
Received update: /ndn/al-site/al/svs_core/al=5, 1741659741262
Max suppression time updated to: 98
Max suppression time updated to: 98
Max suppression time updated to: 98
Received update: /ndn/fi-site/fi/svs_core/fi=5, 1741659743607
Max suppression time updated to: 98
Received update: /ndn/de2-site/de2/svs_core/de2=5, 1741659743622
Max suppression time updated to: 98
Max suppression time updated to: 98
Max suppression time updated to: 98
Max suppression time updated to: 98
Max suppression time updated to: 98
Max suppression time updated to: 98
Max suppression time updated to: 98
Max suppression time updated to: 98
Max suppression time updated to: 98
Received update: /ndn/ro-site/ro/svs_core/ro=5, 1741659743848
Max suppression time updated to: 98
Max suppression time updated to: 98
Max suppression time updated to: 98
Max suppression time updated to: 98
Received update: /ndn/se-site/se/svs_core/se=5, 1741659744897
Max suppression time updated to: 98
Received update: /ndn/no-site/no/svs_core/no=5, 1741659744995
Max suppression time updated to: 98
Received update: /ndn/sk-site/sk/svs_core/sk=5, 1741659749841
Max suppression time updated to: 98
Max suppression time updated to: 98
Max suppression time updated to: 98
Received update: /ndn/hr-site/hr/svs_core/hr=5, 1741659750767
Max suppression time updated to: 96
Received update: /ndn/ch-site/ch/svs_core/ch=5, 1741659751079
Max suppression time updated to: 96
Received update: /ndn/de1-site/de1/svs_core/de1=6, 1741659752237
Max suppression time updated to: 96
Max suppression time updated to: 96
Received update: /ndn/am-site/am/svs_core/am=6, 1741659752336
Max suppression time updated to: 96
Max suppression time updated to: 98
Received update: /ndn/cz-site/cz/svs_core/cz=6, 1741659753150
Max suppression time updated to: 96
Max suppression time updated to: 96
Received update: /ndn/mt-site/mt/svs_core/mt=6, 1741659754395
Max suppression time updated to: 98
Received update: /ndn/il-site/il/svs_core/il=6, 1741659759406
Received update: /ndn/pt-site/pt/svs_core/pt=6, 1741659759406
Max suppression time updated to: 98
Received update: /ndn/pl-site/pl/svs_core/pl=6, 1741659761198
Max suppression time updated to: 98
Received update: /ndn/rs-site/rs/svs_core/rs=6, 1741659761399
Max suppression time updated to: 98
Received update: /ndn/me-site/me/svs_core/me=6, 1741659761535
Max suppression time updated to: 98
Received update: /ndn/cy-site/cy/svs_core/cy=6, 1741659761559
Max suppression time updated to: 98
Max suppression time updated to: 98
Received update: /ndn/dk-site/dk/svs_core/dk=6, 1741659761688
Received update: /ndn/ee-site/ee/svs_core/ee=5, 1741659761688
Max suppression time updated to: 98
Received update: /ndn/by-site/by/svs_core/by=6, 1741659765078
Received update: /ndn/hu-site/hu/svs_core/hu=6, 1741659765078
Max suppression time updated to: 98
Received update: /ndn/az-site/az/svs_core/az=6, 1741659765226
Max suppression time updated to: 98
Received update: /ndn/is-site/is/svs_core/is=6, 1741659765229
Max suppression time updated to: 98
Max suppression time updated to: 98
Received update: /ndn/fr2-site/fr2/svs_core/fr2=6, 1741659765374
Max suppression time updated to: 98
Max suppression time updated to: 98
Max suppression time updated to: 98
Received update: /ndn/bg-site/bg/svs_core/bg=6, 1741659766430
Max suppression time updated to: 98
Max suppression time updated to: 98
Max suppression time updated to: 100
Received update: /ndn/ie-site/ie/svs_core/ie=6, 1741659767944
Max suppression time updated to: 100
Max suppression time updated to: 100
Received update: /ndn/lu-site/lu/svs_core/lu=6, 1741659769211
Max suppression time updated to: 100
Max suppression time updated to: 100
Max suppression time updated to: 100
Max suppression time updated to: 98
Max suppression time updated to: 98
Max suppression time updated to: 98
Received update: /ndn/ua-site/ua/svs_core/ua=6, 1741659771114
Max suppression time updated to: 98
Received update: /ndn/it-site/it/svs_core/it=6, 1741659772409
Received update: /ndn/md-site/md/svs_core/md=6, 1741659772409
Max suppression time updated to: 98
Received update: /ndn/uk-site/uk/svs_core/uk=6, 1741659772532
Max suppression time updated to: 98
Max suppression time updated to: 98
Max suppression time updated to: 98
Received update: /ndn/si-site/si/svs_core/si=6, 1741659772649
Max suppression time updated to: 98
Received update: /ndn/tr-site/tr/svs_core/tr=6, 1741659774501
Sending Sync interest
Max suppression time updated to: 98
Max suppression time updated to: 98
Max suppression time updated to: 98
Received update: /ndn/at-site/at/svs_core/at=6, 1741659779852
Received update: /ndn/ge-site/ge/svs_core/ge=6, 1741659779852
Max suppression time updated to: 98
Max suppression time updated to: 98
Received update: /ndn/be-site/be/svs_core/be=6, 1741659780082
Max suppression time updated to: 98
Max suppression time updated to: 98
Max suppression time updated to: 98
Max suppression time updated to: 98
Received update: /ndn/nl-site/nl/svs_core/nl=6, 1741659781025
Max suppression time updated to: 98
Max suppression time updated to: 98
Received update: /ndn/al-site/al/svs_core/al=6, 1741659781486
Max suppression time updated to: 98
Published sequence number: /ndn/gr-site/gr/svs_core/gr=6, 1741659783265
Sending Sync interest
Max suppression time updated to: 98
Received update: /ndn/mk-site/mk/svs_core/mk=6, 1741659785875
Max suppression time updated to: 98
Received update: /ndn/no-site/no/svs_core/no=6, 1741659787358
Max suppression time updated to: 98
Received update: /ndn/es-site/es/svs_core/es=6, 1741659787540
Max suppression time updated to: 98
Received update: /ndn/fr1-site/fr1/svs_core/fr1=6, 1741659787651
Max suppression time updated to: 98
Received update: /ndn/de2-site/de2/svs_core/de2=6, 1741659788638
Max suppression time updated to: 98
Received update: /ndn/ro-site/ro/svs_core/ro=6, 1741659788810
Max suppression time updated to: 98
Max suppression time updated to: 98
Max suppression time updated to: 98
Max suppression time updated to: 98
Received update: /ndn/am-site/am/svs_core/am=7, 1741659797703
Received update: /ndn/ch-site/ch/svs_core/ch=6, 1741659797703
Received update: /ndn/hr-site/hr/svs_core/hr=6, 1741659797703
Received update: /ndn/sk-site/sk/svs_core/sk=6, 1741659797703
Received update: /ndn/de1-site/de1/svs_core/de1=7, 1741659797703
Max suppression time updated to: 98
Received update: /ndn/ee-site/ee/svs_core/ee=6, 1741659797849
Received update: /ndn/lt-site/lt/svs_core/lt=6, 1741659797849
Received update: /ndn/lv-site/lv/svs_core/lv=6, 1741659797849
Max suppression time updated to: 98
Received update: /ndn/fi-site/fi/svs_core/fi=6, 1741659797908
Received update: /ndn/se-site/se/svs_core/se=6, 1741659797908
Max suppression time updated to: 98
Received update: /ndn/by-site/by/svs_core/by=7, 1741659801558
Received update: /ndn/dk-site/dk/svs_core/dk=7, 1741659801558
Received update: /ndn/pt-site/pt/svs_core/pt=7, 1741659801558
Max suppression time updated to: 98
Received update: /ndn/mt-site/mt/svs_core/mt=7, 1741659801702
Max suppression time updated to: 100
Received update: /ndn/rs-site/rs/svs_core/rs=7, 1741659802472
Max suppression time updated to: 98
Received update: /ndn/cz-site/cz/svs_core/cz=7, 1741659802538
Max suppression time updated to: 98
Max suppression time updated to: 98
Max suppression time updated to: 100
Max suppression time updated to: 100
Max suppression time updated to: 100
Received update: /ndn/il-site/il/svs_core/il=7, 1741659804386
Max suppression time updated to: 100
Received update: /ndn/pl-site/pl/svs_core/pl=7, 1741659806221
Max suppression time updated to: 100
Received update: /ndn/cy-site/cy/svs_core/cy=7, 1741659806370
Max suppression time updated to: 100
Received update: /ndn/hu-site/hu/svs_core/hu=7, 1741659810078
Received update: /ndn/is-site/is/svs_core/is=7, 1741659810078
Received update: /ndn/fr2-site/fr2/svs_core/fr2=7, 1741659810078
Max suppression time updated to: 100
Received update: /ndn/lu-site/lu/svs_core/lu=7, 1741659814234
Max suppression time updated to: 100
Received update: /ndn/me-site/me/svs_core/me=7, 1741659814374
Max suppression time updated to: 100
Received update: /ndn/uk-site/uk/svs_core/uk=7, 1741659815910
Max suppression time updated to: 100
Received update: /ndn/ua-site/ua/svs_core/ua=7, 1741659816162
Max suppression time updated to: 100
Received update: /ndn/az-site/az/svs_core/az=7, 1741659816173
Received update: /ndn/ie-site/ie/svs_core/ie=7, 1741659816173
Max suppression time updated to: 100
Max suppression time updated to: 100
Max suppression time updated to: 100
Max suppression time updated to: 100
Max suppression time updated to: 100
Received update: /ndn/md-site/md/svs_core/md=7, 1741659817190
Max suppression time updated to: 100
Max suppression time updated to: 100
Received update: /ndn/si-site/si/svs_core/si=7, 1741659817316
Max suppression time updated to: 100
Received update: /ndn/it-site/it/svs_core/it=7, 1741659817396
Max suppression time updated to: 100
Received update: /ndn/bg-site/bg/svs_core/bg=7, 1741659817399
Max suppression time updated to: 100
Sending Sync interest
Max suppression time updated to: 100
Received update: /ndn/tr-site/tr/svs_core/tr=7, 1741659819497
Max suppression time updated to: 100
Received update: /ndn/lv-site/lv/svs_core/lv=7, 1741659819624
Max suppression time updated to: 102
Received update: /ndn/at-site/at/svs_core/at=7, 1741659820858
Received update: /ndn/be-site/be/svs_core/be=7, 1741659820858
Published sequence number: /ndn/gr-site/gr/svs_core/gr=7, 1741659828266
Sending Sync interest
Max suppression time updated to: 102
Received update: /ndn/es-site/es/svs_core/es=7, 1741659828306
Received update: /ndn/fr1-site/fr1/svs_core/fr1=7, 1741659828306
Max suppression time updated to: 102
Received update: /ndn/ge-site/ge/svs_core/ge=7, 1741659828341
Received update: /ndn/nl-site/nl/svs_core/nl=7, 1741659828341
Max suppression time updated to: 102
Received update: /ndn/mk-site/mk/svs_core/mk=7, 1741659833839
Received update: /ndn/no-site/no/svs_core/no=7, 1741659833839
Received update: /ndn/ro-site/ro/svs_core/ro=7, 1741659833839
Received update: /ndn/de2-site/de2/svs_core/de2=7, 1741659833839
Max suppression time updated to: 102
Received update: /ndn/al-site/al/svs_core/al=7, 1741659833990
Max suppression time updated to: 102
Received update: /ndn/sk-site/sk/svs_core/sk=7, 1741659839844
Sending Sync interest
Max suppression time updated to: 102
Received update: /ndn/fi-site/fi/svs_core/fi=7, 1741659840152
Received update: /ndn/se-site/se/svs_core/se=7, 1741659840152
Max suppression time updated to: 102
Received update: /ndn/hr-site/hr/svs_core/hr=7, 1741659841023
Max suppression time updated to: 102
Max suppression time updated to: 102
Max suppression time updated to: 102
Max suppression time updated to: 102
Received update: /ndn/ch-site/ch/svs_core/ch=7, 1741659841306
Max suppression time updated to: 102
Received update: /ndn/ee-site/ee/svs_core/ee=7, 1741659841307
Max suppression time updated to: 102
Max suppression time updated to: 102
Received update: /ndn/de1-site/de1/svs_core/de1=8, 1741659842234
Max suppression time updated to: 102
Received update: /ndn/cz-site/cz/svs_core/cz=8, 1741659843119
Max suppression time updated to: 102
Max suppression time updated to: 100
Max suppression time updated to: 100
Max suppression time updated to: 100
Received update: /ndn/mt-site/mt/svs_core/mt=8, 1741659844327
Max suppression time updated to: 100
Received update: /ndn/am-site/am/svs_core/am=8, 1741659844404
Max suppression time updated to: 100
Max suppression time updated to: 100
Max suppression time updated to: 100
Received update: /ndn/dk-site/dk/svs_core/dk=8, 1741659844739
Max suppression time updated to: 100
Max suppression time updated to: 100
Max suppression time updated to: 100
Max suppression time updated to: 100
Received update: /ndn/lt-site/lt/svs_core/lt=7, 1741659844847
Max suppression time updated to: 100
Max suppression time updated to: 100
Max suppression time updated to: 100
Max suppression time updated to: 100
Received update: /ndn/by-site/by/svs_core/by=8, 1741659845414
Max suppression time updated to: 100
Received update: /ndn/pt-site/pt/svs_core/pt=8, 1741659846531
Sending Sync interest
Max suppression time updated to: 100
Received update: /ndn/me-site/me/svs_core/me=8, 1741659850277
Max suppression time updated to: 100
Received update: /ndn/rs-site/rs/svs_core/rs=8, 1741659850398
Max suppression time updated to: 100
Received update: /ndn/cy-site/cy/svs_core/cy=8, 1741659850590
Received update: /ndn/il-site/il/svs_core/il=8, 1741659850590
Max suppression time updated to: 102
Max suppression time updated to: 102
Received update: /ndn/pl-site/pl/svs_core/pl=8, 1741659851587
Max suppression time updated to: 102
Max suppression time updated to: 102
Max suppression time updated to: 102
Max suppression time updated to: 102
Max suppression time updated to: 102
Received update: /ndn/lu-site/lu/svs_core/lu=8, 1741659859252
Max suppression time updated to: 102
Received update: /ndn/az-site/az/svs_core/az=8, 1741659859316
Max suppression time updated to: 102
Received update: /ndn/bg-site/bg/svs_core/bg=8, 1741659859362
Received update: /ndn/hu-site/hu/svs_core/hu=8, 1741659859362
Received update: /ndn/md-site/md/svs_core/md=8, 1741659859362
Max suppression time updated to: 102
Received update: /ndn/is-site/is/svs_core/is=8, 1741659859371
Max suppression time updated to: 102
Received update: /ndn/fr2-site/fr2/svs_core/fr2=8, 1741659859480
Max suppression time updated to: 102
Max suppression time updated to: 102
Max suppression time updated to: 102
Max suppression time updated to: 102
Received update: /ndn/ie-site/ie/svs_core/ie=8, 1741659859720
Max suppression time updated to: 100
Max suppression time updated to: 102
Max suppression time updated to: 102
Max suppression time updated to: 100
Max suppression time updated to: 100
Max suppression time updated to: 100
Max suppression time updated to: 100
Max suppression time updated to: 100
Received update: /ndn/uk-site/uk/svs_core/uk=8, 1741659860915
Max suppression time updated to: 100
Received update: /ndn/ua-site/ua/svs_core/ua=8, 1741659861118
Max suppression time updated to: 100
Received update: /ndn/it-site/it/svs_core/it=8, 1741659862414
Max suppression time updated to: 100
Received update: /ndn/tr-site/tr/svs_core/tr=8, 1741659864495
Max suppression time updated to: 100
Received update: /ndn/es-site/es/svs_core/es=8, 1741659865481
Max suppression time updated to: 100
Max suppression time updated to: 100
Max suppression time updated to: 100
Max suppression time updated to: 100
Max suppression time updated to: 100
Received update: /ndn/be-site/be/svs_core/be=8, 1741659865621
Max suppression time updated to: 100
Received update: /ndn/lv-site/lv/svs_core/lv=8, 1741659865891
Max suppression time updated to: 100
Received update: /ndn/si-site/si/svs_core/si=8, 1741659866062
Max suppression time updated to: 100
Received update: /ndn/at-site/at/svs_core/at=8, 1741659866094
Max suppression time updated to: 102
Max suppression time updated to: 100
Received update: /ndn/nl-site/nl/svs_core/nl=8, 1741659870835
Max suppression time updated to: 100
Received update: /ndn/al-site/al/svs_core/al=8, 1741659871413
Max suppression time updated to: 100
Received update: /ndn/ge-site/ge/svs_core/ge=8, 1741659871531
Published sequence number: /ndn/gr-site/gr/svs_core/gr=8, 1741659873266
Sending Sync interest
Max suppression time updated to: 100
Received update: /ndn/fr1-site/fr1/svs_core/fr1=8, 1741659873294
Max suppression time updated to: 100
Sending Sync interest
Max suppression time updated to: 100
Max suppression time updated to: 100
Max suppression time updated to: 100
Received update: /ndn/ch-site/ch/svs_core/ch=8, 1741659886186
Received update: /ndn/de2-site/de2/svs_core/de2=8, 1741659886186
Max suppression time updated to: 102
Received update: /ndn/de1-site/de1/svs_core/de1=9, 1741659887265
Max suppression time updated to: 100
Received update: /ndn/cz-site/cz/svs_core/cz=9, 1741659888120
Sending Sync interest
Max suppression time updated to: 100
Max suppression time updated to: 100
Received update: /ndn/ee-site/ee/svs_core/ee=8, 1741659888239
Received update: /ndn/lt-site/lt/svs_core/lt=8, 1741659888239
Received update: /ndn/se-site/se/svs_core/se=8, 1741659888239
Max suppression time updated to: 100
Max suppression time updated to: 100
Received update: /ndn/hr-site/hr/svs_core/hr=8, 1741659888364
Max suppression time updated to: 100
Received update: /ndn/ro-site/ro/svs_core/ro=8, 1741659888368
Max suppression time updated to: 100
Max suppression time updated to: 100
Max suppression time updated to: 100
Received update: /ndn/am-site/am/svs_core/am=9, 1741659888472
Max suppression time updated to: 100
Received update: /ndn/sk-site/sk/svs_core/sk=8, 1741659888486
Max suppression time updated to: 100
Max suppression time updated to: 100
Max suppression time updated to: 100
Received update: /ndn/fi-site/fi/svs_core/fi=8, 1741659888594
Max suppression time updated to: 100
Max suppression time updated to: 100
Received update: /ndn/mk-site/mk/svs_core/mk=8, 1741659888659
Received update: /ndn/no-site/no/svs_core/no=8, 1741659888659
Max suppression time updated to: 100
Max suppression time updated to: 100
Max suppression time updated to: 100
Max suppression time updated to: 100
Max suppression time updated to: 100
Max suppression time updated to: 100
Received update: /ndn/cy-site/cy/svs_core/cy=9, 1741659895578
Received update: /ndn/me-site/me/svs_core/me=9, 1741659895578
Received update: /ndn/rs-site/rs/svs_core/rs=9, 1741659895578
Max suppression time updated to: 100
Received update: /ndn/dk-site/dk/svs_core/dk=9, 1741659895705
Max suppression time updated to: 100
Received update: /ndn/il-site/il/svs_core/il=9, 1741659895831
Max suppression time updated to: 100
Received update: /ndn/mt-site/mt/svs_core/mt=9, 1741659895861
Sending Sync interest
Max suppression time updated to: 100
Max suppression time updated to: 100
Max suppression time updated to: 100
Received update: /ndn/by-site/by/svs_core/by=9, 1741659895992
Max suppression time updated to: 100
Max suppression time updated to: 100
Received update: /ndn/pt-site/pt/svs_core/pt=9, 1741659896090
Max suppression time updated to: 100
Max suppression time updated to: 100
Max suppression time updated to: 100
Received update: /ndn/fr2-site/fr2/svs_core/fr2=9, 1741659899193
Max suppression time updated to: 100
Received update: /ndn/pl-site/pl/svs_core/pl=9, 1741659899346
Max suppression time updated to: 100
Received update: /ndn/hu-site/hu/svs_core/hu=9, 1741659900168
Max suppression time updated to: 100
Received update: /ndn/az-site/az/svs_core/az=9, 1741659904706
Received update: /ndn/bg-site/bg/svs_core/bg=9, 1741659904706
Received update: /ndn/ie-site/ie/svs_core/ie=9, 1741659904706
Received update: /ndn/is-site/is/svs_core/is=9, 1741659904706
Received update: /ndn/lu-site/lu/svs_core/lu=9, 1741659904706
Received update: /ndn/md-site/md/svs_core/md=9, 1741659904706
Max suppression time updated to: 100
Received update: /ndn/si-site/si/svs_core/si=9, 1741659906317
Max suppression time updated to: 100
Received update: /ndn/it-site/it/svs_core/it=9, 1741659907399
Max suppression time updated to: 100
Received update: /ndn/uk-site/uk/svs_core/uk=9, 1741659907516
Max suppression time updated to: 100
Max suppression time updated to: 100
Received update: /ndn/ua-site/ua/svs_core/ua=9, 1741659907654
Max suppression time updated to: 100
Received update: /ndn/at-site/at/svs_core/at=9, 1741659914789
Received update: /ndn/ge-site/ge/svs_core/ge=9, 1741659914789
Received update: /ndn/tr-site/tr/svs_core/tr=9, 1741659914789
Max suppression time updated to: 100
Received update: /ndn/es-site/es/svs_core/es=9, 1741659914947
Max suppression time updated to: 100
Received update: /ndn/be-site/be/svs_core/be=9, 1741659914981
Max suppression time updated to: 100
Received update: /ndn/nl-site/nl/svs_core/nl=9, 1741659915863
Max suppression time updated to: 100
Max suppression time updated to: 100
Received update: /ndn/al-site/al/svs_core/al=9, 1741659916450
Published sequence number: /ndn/gr-site/gr/svs_core/gr=9, 1741659918266
Sending Sync interest
Max suppression time updated to: 100
Received update: /ndn/de2-site/de2/svs_core/de2=9, 1741659923633
Max suppression time updated to: 102
Received update: /ndn/hr-site/hr/svs_core/hr=9, 1741659930837
Max suppression time updated to: 102
Received update: /ndn/fr1-site/fr1/svs_core/fr1=9, 1741659930940
Max suppression time updated to: 102
Max suppression time updated to: 102
Received update: /ndn/sk-site/sk/svs_core/sk=9, 1741659931027
Max suppression time updated to: 102
Received update: /ndn/mk-site/mk/svs_core/mk=9, 1741659931031
Received update: /ndn/ro-site/ro/svs_core/ro=9, 1741659931031
Max suppression time updated to: 102
Received update: /ndn/lt-site/lt/svs_core/lt=9, 1741659931180
Received update: /ndn/lv-site/lv/svs_core/lv=9, 1741659931180
Max suppression time updated to: 102
Max suppression time updated to: 102
Max suppression time updated to: 102
Received update: /ndn/ee-site/ee/svs_core/ee=9, 1741659931269
Max suppression time updated to: 102
Max suppression time updated to: 102
Max suppression time updated to: 100
Received update: /ndn/ch-site/ch/svs_core/ch=9, 1741659931432
Max suppression time updated to: 100
Max suppression time updated to: 100
Received update: /ndn/am-site/am/svs_core/am=10, 1741659932426
Received update: /ndn/fi-site/fi/svs_core/fi=9, 1741659932426
Received update: /ndn/se-site/se/svs_core/se=9, 1741659932426
Received update: /ndn/de1-site/de1/svs_core/de1=10, 1741659932426
Max suppression time updated to: 100
Max suppression time updated to: 100
Received update: /ndn/dk-site/dk/svs_core/dk=10, 1741659934756
Max suppression time updated to: 100
Received update: /ndn/mt-site/mt/svs_core/mt=10, 1741659934889
Max suppression time updated to: 100
Received update: /ndn/by-site/by/svs_core/by=10, 1741659935506
Received update: /ndn/cz-site/cz/svs_core/cz=10, 1741659935506
Max suppression time updated to: 100
Max suppression time updated to: 100
Received update: /ndn/rs-site/rs/svs_core/rs=10, 1741659937444
Max suppression time updated to: 100
Received update: /ndn/no-site/no/svs_core/no=9, 1741659937524
Max suppression time updated to: 100
Max suppression time updated to: 100
Received update: /ndn/cy-site/cy/svs_core/cy=10, 1741659940047
Max suppression time updated to: 100
Received update: /ndn/il-site/il/svs_core/il=10, 1741659940218
Max suppression time updated to: 98
Received update: /ndn/me-site/me/svs_core/me=10, 1741659941323
Received update: /ndn/pl-site/pl/svs_core/pl=10, 1741659941323
Max suppression time updated to: 98
Received update: /ndn/pt-site/pt/svs_core/pt=10, 1741659941426
Max suppression time updated to: 100
Received update: /ndn/is-site/is/svs_core/is=10, 1741659944551
Max suppression time updated to: 100
Received update: /ndn/hu-site/hu/svs_core/hu=10, 1741659945067
Max suppression time updated to: 100
Received update: /ndn/az-site/az/svs_core/az=10, 1741659945211
Max suppression time updated to: 100
Received update: /ndn/fr2-site/fr2/svs_core/fr2=10, 1741659945240
Sending Sync interest
Max suppression time updated to: 100
Max suppression time updated to: 100
Max suppression time updated to: 100
Received update: /ndn/ie-site/ie/svs_core/ie=10, 1741659950903
Received update: /ndn/uk-site/uk/svs_core/uk=10, 1741659950903
Max suppression time updated to: 100
Received update: /ndn/ua-site/ua/svs_core/ua=10, 1741659951124
Max suppression time updated to: 100
Max suppression time updated to: 100
Max suppression time updated to: 100
Max suppression time updated to: 100
Received update: /ndn/lu-site/lu/svs_core/lu=10, 1741659951254
Max suppression time updated to: 100
Max suppression time updated to: 100
Received update: /ndn/bg-site/bg/svs_core/bg=10, 1741659951384
Max suppression time updated to: 100
Max suppression time updated to: 100
Max suppression time updated to: 100
Received update: /ndn/si-site/si/svs_core/si=10, 1741659951552
Max suppression time updated to: 100
Received update: /ndn/it-site/it/svs_core/it=10, 1741659954585
Received update: /ndn/tr-site/tr/svs_core/tr=10, 1741659954585
Max suppression time updated to: 100
Max suppression time updated to: 100
Received update: /ndn/at-site/at/svs_core/at=10, 1741659955844
Max suppression time updated to: 100
Received update: /ndn/be-site/be/svs_core/be=10, 1741659956046
Max suppression time updated to: 100
Received update: /ndn/es-site/es/svs_core/es=10, 1741659956071
Max suppression time updated to: 100
Received update: /ndn/ge-site/ge/svs_core/ge=10, 1741659959790
Max suppression time updated to: 100
Max suppression time updated to: 100
Max suppression time updated to: 100
Max suppression time updated to: 100
Received update: /ndn/lv-site/lv/svs_core/lv=10, 1741659959960
Max suppression time updated to: 100
Max suppression time updated to: 100
Max suppression time updated to: 100
Max suppression time updated to: 100
Received update: /ndn/nl-site/nl/svs_core/nl=10, 1741659960839
Max suppression time updated to: 100
Received update: /ndn/al-site/al/svs_core/al=10, 1741659961412
Max suppression time updated to: 100
Max suppression time updated to: 100
Max suppression time updated to: 100
Max suppression time updated to: 100
Max suppression time updated to: 100
Received update: /ndn/md-site/md/svs_core/md=10, 1741659962787
Published sequence number: /ndn/gr-site/gr/svs_core/gr=10, 1741659963265
Sending Sync interest
Max suppression time updated to: 100
Received update: /ndn/fi-site/fi/svs_core/fi=10, 1741659968667
Max suppression time updated to: 100
Received update: /ndn/fr1-site/fr1/svs_core/fr1=10, 1741659968788
Max suppression time updated to: 100
Received update: /ndn/mk-site/mk/svs_core/mk=10, 1741659968930
Received update: /ndn/ro-site/ro/svs_core/ro=10, 1741659968930
Received update: /ndn/de2-site/de2/svs_core/de2=10, 1741659968930
Max suppression time updated to: 100
Max suppression time updated to: 100
Received update: /ndn/no-site/no/svs_core/no=10, 1741659969040
Max suppression time updated to: 100
Max suppression time updated to: 102
Max suppression time updated to: 102
Max suppression time updated to: 102
Received update: /ndn/sk-site/sk/svs_core/sk=10, 1741659974851
Max suppression time updated to: 102
Received update: /ndn/hr-site/hr/svs_core/hr=10, 1741659975767
Max suppression time updated to: 102
Received update: /ndn/ch-site/ch/svs_core/ch=10, 1741659976272
Received update: /ndn/ee-site/ee/svs_core/ee=10, 1741659976272
Received update: /ndn/lt-site/lt/svs_core/lt=10, 1741659976272
Max suppression time updated to: 100
Max suppression time updated to: 102
Received update: /ndn/pt-site/pt/svs_core/pt=11, 1741659982561
Received update: /ndn/rs-site/rs/svs_core/rs=11, 1741659982561
Max suppression time updated to: 100
Received update: /ndn/de1-site/de1/svs_core/de1=11, 1741659982669
Max suppression time updated to: 102
Received update: /ndn/am-site/am/svs_core/am=11, 1741659982790
Max suppression time updated to: 100
Received update: /ndn/dk-site/dk/svs_core/dk=11, 1741659982939
Received update: /ndn/se-site/se/svs_core/se=10, 1741659982939
Max suppression time updated to: 100
Received update: /ndn/mt-site/mt/svs_core/mt=11, 1741659983093
Max suppression time updated to: 100
Received update: /ndn/by-site/by/svs_core/by=11, 1741659985059
Received update: /ndn/cy-site/cy/svs_core/cy=11, 1741659985059
Received update: /ndn/il-site/il/svs_core/il=11, 1741659985059
Max suppression time updated to: 100
Received update: /ndn/fr2-site/fr2/svs_core/fr2=11, 1741659989181
Max suppression time updated to: 100
Received update: /ndn/pl-site/pl/svs_core/pl=11, 1741659989315
Max suppression time updated to: 100
Received update: /ndn/is-site/is/svs_core/is=11, 1741659989425
Max suppression time updated to: 100
Max suppression time updated to: 102
Max suppression time updated to: 100
Max suppression time updated to: 100
Received update: /ndn/cz-site/cz/svs_core/cz=11, 1741659989648
Received update: /ndn/me-site/me/svs_core/me=11, 1741659989648
Max suppression time updated to: 100
Max suppression time updated to: 100
Received update: /ndn/hu-site/hu/svs_core/hu=11, 1741659990110
Max suppression time updated to: 100
Received update: /ndn/az-site/az/svs_core/az=11, 1741659991564
Received update: /ndn/bg-site/bg/svs_core/bg=11, 1741659991564
Max suppression time updated to: 100
Received update: /ndn/md-site/md/svs_core/md=11, 1741659992813
Max suppression time updated to: 100
Received update: /ndn/lu-site/lu/svs_core/lu=11, 1741659994229
Max suppression time updated to: 100
Received update: /ndn/ie-site/ie/svs_core/ie=11, 1741659994427
Max suppression time updated to: 100
Received update: /ndn/ua-site/ua/svs_core/ua=11, 1741659996136
Max suppression time updated to: 100
Max suppression time updated to: 100
Max suppression time updated to: 100
Max suppression time updated to: 100
Received update: /ndn/si-site/si/svs_core/si=11, 1741659996322
Max suppression time updated to: 102
Received update: /ndn/uk-site/uk/svs_core/uk=11, 1741659996457
Max suppression time updated to: 102
Max suppression time updated to: 102
Max suppression time updated to: 102
Max suppression time updated to: 102
Max suppression time updated to: 100
Max suppression time updated to: 102
Received update: /ndn/it-site/it/svs_core/it=11, 1741659999606
Received update: /ndn/tr-site/tr/svs_core/tr=11, 1741659999606
Max suppression time updated to: 100
Received update: /ndn/lv-site/lv/svs_core/lv=11, 1741659999808
Max suppression time updated to: 100
Received update: /ndn/at-site/at/svs_core/at=11, 1741660000841
Max suppression time updated to: 100
Received update: /ndn/es-site/es/svs_core/es=11, 1741660000978
Max suppression time updated to: 100
Received update: /ndn/be-site/be/svs_core/be=11, 1741660001178
Max suppression time updated to: 102
Received update: /ndn/al-site/al/svs_core/al=11, 1741660006423
Max suppression time updated to: 102
Received update: /ndn/nl-site/nl/svs_core/nl=11, 1741660006548
Max suppression time updated to: 102
Max suppression time updated to: 102
Received update: /ndn/ge-site/ge/svs_core/ge=11, 1741660006678
Published sequence number: /ndn/gr-site/gr/svs_core/gr=11, 1741660008264
Sending Sync interest
Max suppression time updated to: 102
Received update: /ndn/fr1-site/fr1/svs_core/fr1=11, 1741660008281
Max suppression time updated to: 102
Received update: /ndn/mk-site/mk/svs_core/mk=11, 1741660010884
Max suppression time updated to: 102
Max suppression time updated to: 102
Max suppression time updated to: 102
Received update: /ndn/no-site/no/svs_core/no=11, 1741660013941
Received update: /ndn/de2-site/de2/svs_core/de2=11, 1741660013941
Max suppression time updated to: 102
Received update: /ndn/hr-site/hr/svs_core/hr=11, 1741660020767
Received update: /ndn/ro-site/ro/svs_core/ro=11, 1741660020767
Received update: /ndn/sk-site/sk/svs_core/sk=11, 1741660020767
Max suppression time updated to: 102
Received update: /ndn/ee-site/ee/svs_core/ee=11, 1741660021132
Received update: /ndn/lt-site/lt/svs_core/lt=11, 1741660021132
Max suppression time updated to: 102
Received update: /ndn/ch-site/ch/svs_core/ch=11, 1741660022335
Received update: /ndn/se-site/se/svs_core/se=11, 1741660022335
Max suppression time updated to: 102
Received update: /ndn/de1-site/de1/svs_core/de1=12, 1741660022437
Max suppression time updated to: 102
Received update: /ndn/mt-site/mt/svs_core/mt=12, 1741660024325
Max suppression time updated to: 102
Received update: /ndn/am-site/am/svs_core/am=12, 1741660024363
Max suppression time updated to: 102
Max suppression time updated to: 102
Max suppression time updated to: 102
Received update: /ndn/fi-site/fi/svs_core/fi=11, 1741660024541
Sending Sync interest
Max suppression time updated to: 102
Max suppression time updated to: 102
Max suppression time updated to: 102
Max suppression time updated to: 102
Max suppression time updated to: 102
Max suppression time updated to: 102
Received update: /ndn/cz-site/cz/svs_core/cz=12, 1741660024769
Max suppression time updated to: 100
Received update: /ndn/dk-site/dk/svs_core/dk=12, 1741660024945
Max suppression time updated to: 100
Received update: /ndn/by-site/by/svs_core/by=12, 1741660027525
Received update: /ndn/pt-site/pt/svs_core/pt=12, 1741660027525
Received update: /ndn/rs-site/rs/svs_core/rs=12, 1741660027525
Max suppression time updated to: 100
Max suppression time updated to: 100
Received update: /ndn/il-site/il/svs_core/il=12, 1741660029389
Max suppression time updated to: 100
Received update: /ndn/cy-site/cy/svs_core/cy=12, 1741660030058
Max suppression time updated to: 100
Received update: /ndn/me-site/me/svs_core/me=12, 1741660030279
Max suppression time updated to: 100
Max suppression time updated to: 100
Max suppression time updated to: 102
Max suppression time updated to: 102
Received update: /ndn/pl-site/pl/svs_core/pl=12, 1741660031227
Max suppression time updated to: 102
Received update: /ndn/hu-site/hu/svs_core/hu=12, 1741660035112
Max suppression time updated to: 102
Received update: /ndn/bg-site/bg/svs_core/bg=12, 1741660036498
Max suppression time updated to: 102
Received update: /ndn/lu-site/lu/svs_core/lu=12, 1741660041036
Received update: /ndn/uk-site/uk/svs_core/uk=12, 1741660041036
Received update: /ndn/fr2-site/fr2/svs_core/fr2=12, 1741660041036
Max suppression time updated to: 102
Received update: /ndn/it-site/it/svs_core/it=12, 1741660042404
Max suppression time updated to: 102
Received update: /ndn/tr-site/tr/svs_core/tr=12, 1741660044496
Max suppression time updated to: 102
Max suppression time updated to: 102
Received update: /ndn/az-site/az/svs_core/az=12, 1741660044603
Max suppression time updated to: 102
Max suppression time updated to: 102
Max suppression time updated to: 102
Received update: /ndn/lv-site/lv/svs_core/lv=12, 1741660044651
Max suppression time updated to: 102
Received update: /ndn/ie-site/ie/svs_core/ie=12, 1741660044672
Max suppression time updated to: 102
Max suppression time updated to: 102
Max suppression time updated to: 102
Received update: /ndn/ua-site/ua/svs_core/ua=12, 1741660044743
Max suppression time updated to: 102
Received update: /ndn/si-site/si/svs_core/si=12, 1741660044950
Max suppression time updated to: 102
Received update: /ndn/md-site/md/svs_core/md=12, 1741660045000
Max suppression time updated to: 102
Max suppression time updated to: 102
Max suppression time updated to: 102
Received update: /ndn/be-site/be/svs_core/be=12, 1741660045298
Max suppression time updated to: 102
Received update: /ndn/is-site/is/svs_core/is=12, 1741660045389
Max suppression time updated to: 102
Received update: /ndn/al-site/al/svs_core/al=12, 1741660051416
Max suppression time updated to: 102
Received update: /ndn/at-site/at/svs_core/at=12, 1741660051503
Received update: /ndn/ge-site/ge/svs_core/ge=12, 1741660051503
Received update: /ndn/nl-site/nl/svs_core/nl=12, 1741660051503
Max suppression time updated to: 102
Max suppression time updated to: 102
Max suppression time updated to: 102
Max suppression time updated to: 100
Max suppression time updated to: 102
Max suppression time updated to: 102
Published sequence number: /ndn/gr-site/gr/svs_core/gr=12, 1741660053265
Max suppression time updated to: 102
Received update: /ndn/fr1-site/fr1/svs_core/fr1=12, 1741660053295
Max suppression time updated to: 102
Received update: /ndn/de2-site/de2/svs_core/de2=12, 1741660058633
Sending Sync interest
Max suppression time updated to: 102
Received update: /ndn/se-site/se/svs_core/se=12, 1741660059454
Max suppression time updated to: 102
Received update: /ndn/sk-site/sk/svs_core/sk=12, 1741660064860
Max suppression time updated to: 102
Received update: /ndn/fi-site/fi/svs_core/fi=12, 1741660065258
Received update: /ndn/mk-site/mk/svs_core/mk=12, 1741660065258
Received update: /ndn/ro-site/ro/svs_core/ro=12, 1741660065258
Max suppression time updated to: 102
Received update: /ndn/ch-site/ch/svs_core/ch=12, 1741660067321
Received update: /ndn/es-site/es/svs_core/es=12, 1741660067321
Received update: /ndn/de1-site/de1/svs_core/de1=13, 1741660067321
Max suppression time updated to: 102
Received update: /ndn/am-site/am/svs_core/am=13, 1741660067338
Max suppression time updated to: 102
Received update: /ndn/hr-site/hr/svs_core/hr=12, 1741660067453
Max suppression time updated to: 102
Max suppression time updated to: 102
Max suppression time updated to: 102
Max suppression time updated to: 102
Max suppression time updated to: 102
Received update: /ndn/cz-site/cz/svs_core/cz=13, 1741660068222
Max suppression time updated to: 102
Received update: /ndn/no-site/no/svs_core/no=12, 1741660068369
Max suppression time updated to: 102
Received update: /ndn/mt-site/mt/svs_core/mt=13, 1741660069329
Max suppression time updated to: 102
Received update: /ndn/ee-site/ee/svs_core/ee=12, 1741660069364
Received update: /ndn/lt-site/lt/svs_core/lt=12, 1741660069364
Max suppression time updated to: 102
Max suppression time updated to: 102
Max suppression time updated to: 102
Max suppression time updated to: 100
Received update: /ndn/cy-site/cy/svs_core/cy=13, 1741660075384
Received update: /ndn/il-site/il/svs_core/il=13, 1741660075384
Received update: /ndn/me-site/me/svs_core/me=13, 1741660075384
Max suppression time updated to: 100
Max suppression time updated to: 100
Received update: /ndn/rs-site/rs/svs_core/rs=13, 1741660075490
Max suppression time updated to: 100
Received update: /ndn/pt-site/pt/svs_core/pt=13, 1741660075511
Max suppression time updated to: 100
Max suppression time updated to: 100
Max suppression time updated to: 100
Received update: /ndn/by-site/by/svs_core/by=13, 1741660076230
Received update: /ndn/pl-site/pl/svs_core/pl=13, 1741660076230
Max suppression time updated to: 100
Received update: /ndn/hu-site/hu/svs_core/hu=13, 1741660080071
Max suppression time updated to: 98
Received update: /ndn/fr2-site/fr2/svs_core/fr2=13, 1741660080220
Max suppression time updated to: 100
Received update: /ndn/ie-site/ie/svs_core/ie=13, 1741660080883
Max suppression time updated to: 98
Max suppression time updated to: 98
Max suppression time updated to: 98
Received update: /ndn/dk-site/dk/svs_core/dk=13, 1741660081102
Max suppression time updated to: 98
Received update: /ndn/az-site/az/svs_core/az=13, 1741660081134
Max suppression time updated to: 98
Max suppression time updated to: 98
Received update: /ndn/uk-site/uk/svs_core/uk=13, 1741660085903
Max suppression time updated to: 98
Received update: /ndn/lu-site/lu/svs_core/lu=13, 1741660085970
Max suppression time updated to: 98
Received update: /ndn/bg-site/bg/svs_core/bg=13, 1741660086026
Max suppression time updated to: 98
Max suppression time updated to: 98
Received update: /ndn/is-site/is/svs_core/is=13, 1741660086211
Max suppression time updated to: 98
Received update: /ndn/ua-site/ua/svs_core/ua=13, 1741660086213
Max suppression time updated to: 98
Max suppression time updated to: 98
Received update: /ndn/it-site/it/svs_core/it=13, 1741660087417
Max suppression time updated to: 98
Received update: /ndn/at-site/at/svs_core/at=13, 1741660090842
Received update: /ndn/tr-site/tr/svs_core/tr=13, 1741660090842
Max suppression time updated to: 98
Received update: /ndn/be-site/be/svs_core/be=13, 1741660091078
Max suppression time updated to: 98
Received update: /ndn/ge-site/ge/svs_core/ge=13, 1741660094799
Received update: /ndn/si-site/si/svs_core/si=13, 1741660094799
Max suppression time updated to: 98
Received update: /ndn/nl-site/nl/svs_core/nl=13, 1741660095849
Max suppression time updated to: 98
Received update: /ndn/al-site/al/svs_core/al=13, 1741660096430
Sending Sync interest
Max suppression time updated to: 98
Max suppression time updated to: 98
Max suppression time updated to: 98
Max suppression time updated to: 98
Max suppression time updated to: 98
Max suppression time updated to: 98
Max suppression time updated to: 98
Max suppression time updated to: 98
Received update: /ndn/es-site/es/svs_core/es=13, 1741660096853
Published sequence number: /ndn/gr-site/gr/svs_core/gr=13, 1741660098265
Sending Sync interest
Max suppression time updated to: 96
Received update: /ndn/mk-site/mk/svs_core/mk=13, 1741660100886
Max suppression time updated to: 96
Sending Sync interest
Max suppression time updated to: 96
Received update: /ndn/lv-site/lv/svs_core/lv=13, 1741660101054
Max suppression time updated to: 96
Max suppression time updated to: 96
Received update: /ndn/fr1-site/fr1/svs_core/fr1=13, 1741660101194
Max suppression time updated to: 96
Max suppression time updated to: 96
Max suppression time updated to: 96
Received update: /ndn/de2-site/de2/svs_core/de2=13, 1741660103635
Max suppression time updated to: 96
Received update: /ndn/fi-site/fi/svs_core/fi=13, 1741660103698
Max suppression time updated to: 96
Received update: /ndn/hr-site/hr/svs_core/hr=13, 1741660110768
Max suppression time updated to: 96
Max suppression time updated to: 98
Max suppression time updated to: 98
Max suppression time updated to: 98
Max suppression time updated to: 98
Received update: /ndn/sk-site/sk/svs_core/sk=13, 1741660111075
Max suppression time updated to: 98
Received update: /ndn/ee-site/ee/svs_core/ee=13, 1741660111109
Max suppression time updated to: 98
Received update: /ndn/no-site/no/svs_core/no=13, 1741660111232
Received update: /ndn/se-site/se/svs_core/se=13, 1741660111232
Max suppression time updated to: 98
Max suppression time updated to: 98
Received update: /ndn/ch-site/ch/svs_core/ch=13, 1741660111310
Max suppression time updated to: 98
Max suppression time updated to: 98
Max suppression time updated to: 98
Max suppression time updated to: 98
Max suppression time updated to: 98
Received update: /ndn/lt-site/lt/svs_core/lt=13, 1741660111680
Max suppression time updated to: 98
Received update: /ndn/de1-site/de1/svs_core/de1=14, 1741660112264
Max suppression time updated to: 98
Received update: /ndn/am-site/am/svs_core/am=14, 1741660112346
Max suppression time updated to: 98
Received update: /ndn/mt-site/mt/svs_core/mt=14, 1741660114340
Max suppression time updated to: 98
Max suppression time updated to: 98
Max suppression time updated to: 98
Received update: /ndn/ro-site/ro/svs_core/ro=13, 1741660114628
Max suppression time updated to: 98
Received update: /ndn/cz-site/cz/svs_core/cz=14, 1741660114677
Max suppression time updated to: 98
Max suppression time updated to: 98
Received update: /ndn/dk-site/dk/svs_core/dk=14, 1741660114931
Max suppression time updated to: 98
Received update: /ndn/pt-site/pt/svs_core/pt=14, 1741660117567
Received update: /ndn/rs-site/rs/svs_core/rs=14, 1741660117567
Max suppression time updated to: 98
Received update: /ndn/by-site/by/svs_core/by=14, 1741660117612
Max suppression time updated to: 98
Max suppression time updated to: 98
Max suppression time updated to: 98
Received update: /ndn/md-site/md/svs_core/md=13, 1741660117762
Max suppression time updated to: 96
Max suppression time updated to: 96
Max suppression time updated to: 96
Received update: /ndn/il-site/il/svs_core/il=14, 1741660119397
Sending Sync interest
Max suppression time updated to: 96
Max suppression time updated to: 96
Max suppression time updated to: 96
Max suppression time updated to: 96
Max suppression time updated to: 96
Received update: /ndn/cy-site/cy/svs_core/cy=14, 1741660120075
Max suppression time updated to: 96
Received update: /ndn/fr2-site/fr2/svs_core/fr2=14, 1741660124186
Max suppression time updated to: 96
Received update: /ndn/hu-site/hu/svs_core/hu=14, 1741660125099
Max suppression time updated to: 96
Received update: /ndn/is-site/is/svs_core/is=14, 1741660125167
Sending Sync interest
Max suppression time updated to: 96
Received update: /ndn/pl-site/pl/svs_core/pl=14, 1741660125203
Max suppression time updated to: 96
Max suppression time updated to: 96
Max suppression time updated to: 96
Received update: /ndn/me-site/me/svs_core/me=14, 1741660125463
Max suppression time updated to: 96
Max suppression time updated to: 96
Received update: /ndn/md-site/md/svs_core/md=14, 1741660127790
Max suppression time updated to: 96
Received update: /ndn/az-site/az/svs_core/az=14, 1741660127913
Max suppression time updated to: 96
Received update: /ndn/lu-site/lu/svs_core/lu=14, 1741660129236
Max suppression time updated to: 96
Received update: /ndn/ie-site/ie/svs_core/ie=14, 1741660130915
Received update: /ndn/uk-site/uk/svs_core/uk=14, 1741660130915
Max suppression time updated to: 98
Received update: /ndn/ua-site/ua/svs_core/ua=14, 1741660131132
Max suppression time updated to: 98
Received update: /ndn/it-site/it/svs_core/it=14, 1741660132403
Max suppression time updated to: 98
Received update: /ndn/si-site/si/svs_core/si=14, 1741660132552
Max suppression time updated to: 98
Received update: /ndn/tr-site/tr/svs_core/tr=14, 1741660134522
Max suppression time updated to: 98
Received update: /ndn/be-site/be/svs_core/be=14, 1741660135322
Max suppression time updated to: 98
Received update: /ndn/at-site/at/svs_core/at=14, 1741660135842
Max suppression time updated to: 98
Received update: /ndn/al-site/al/svs_core/al=14, 1741660141418
Sending Sync interest
Max suppression time updated to: 98
Max suppression time updated to: 98
Received update: /ndn/ge-site/ge/svs_core/ge=14, 1741660141652
Received update: /ndn/nl-site/nl/svs_core/nl=14, 1741660141652
Max suppression time updated to: 98
Received update: /ndn/lv-site/lv/svs_core/lv=14, 1741660141756
Published sequence number: /ndn/gr-site/gr/svs_core/gr=14, 1741660143264
Sending Sync interest
Max suppression time updated to: 98
Received update: /ndn/bg-site/bg/svs_core/bg=14, 1741660143294
Received update: /ndn/es-site/es/svs_core/es=14, 1741660143294
Received update: /ndn/fr1-site/fr1/svs_core/fr1=14, 1741660143294
Max suppression time updated to: 96
Max suppression time updated to: 98
Received update: /ndn/lt-site/lt/svs_core/lt=14, 1741660144611
Max suppression time updated to: 96
Max suppression time updated to: 96
Max suppression time updated to: 96
Max suppression time updated to: 96
Max suppression time updated to: 96
Max suppression time updated to: 96
Max suppression time updated to: 96
Received update: /ndn/fi-site/fi/svs_core/fi=14, 1741660148584
Max suppression time updated to: 96
Received update: /ndn/de2-site/de2/svs_core/de2=14, 1741660148643
Max suppression time updated to: 96
Max suppression time updated to: 96
Max suppression time updated to: 96
Max suppression time updated to: 96
Received update: /ndn/ro-site/ro/svs_core/ro=14, 1741660148813
Max suppression time updated to: 96
Max suppression time updated to: 96
Received update: /ndn/no-site/no/svs_core/no=14, 1741660148973
Max suppression time updated to: 96
Max suppression time updated to: 98
Max suppression time updated to: 98
Max suppression time updated to: 98
Max suppression time updated to: 98
Max suppression time updated to: 98
Received update: /ndn/ch-site/ch/svs_core/ch=14, 1741660156246
Received update: /ndn/se-site/se/svs_core/se=14, 1741660156246
Received update: /ndn/sk-site/sk/svs_core/sk=14, 1741660156246
Max suppression time updated to: 98
Received update: /ndn/de1-site/de1/svs_core/de1=15, 1741660157261
Sending Sync interest
Max suppression time updated to: 98
Max suppression time updated to: 98
Received update: /ndn/cz-site/cz/svs_core/cz=15, 1741660158132
Max suppression time updated to: 98
Max suppression time updated to: 98
Received update: /ndn/ee-site/ee/svs_core/ee=14, 1741660158227
Max suppression time updated to: 98
Max suppression time updated to: 98
Received update: /ndn/mk-site/mk/svs_core/mk=14, 1741660158249
Max suppression time updated to: 98
Max suppression time updated to: 98
Received update: /ndn/hr-site/hr/svs_core/hr=14, 1741660158330
Max suppression time updated to: 98
Max suppression time updated to: 98
Received update: /ndn/am-site/am/svs_core/am=15, 1741660158482
Max suppression time updated to: 98
Received update: /ndn/mt-site/mt/svs_core/mt=15, 1741660159326
Max suppression time updated to: 98
Max suppression time updated to: 98
Max suppression time updated to: 98
Received update: /ndn/by-site/by/svs_core/by=15, 1741660160427
Max suppression time updated to: 98
Max suppression time updated to: 98
Max suppression time updated to: 98
Received update: /ndn/dk-site/dk/svs_core/dk=15, 1741660162457
Received update: /ndn/rs-site/rs/svs_core/rs=15, 1741660162457
Max suppression time updated to: 96
Received update: /ndn/il-site/il/svs_core/il=15, 1741660164388
Max suppression time updated to: 98
Received update: /ndn/fr2-site/fr2/svs_core/fr2=15, 1741660169230
Max suppression time updated to: 98
Received update: /ndn/cy-site/cy/svs_core/cy=15, 1741660169287
Received update: /ndn/pl-site/pl/svs_core/pl=15, 1741660169287
Max suppression time updated to: 96
Max suppression time updated to: 96
Received update: /ndn/me-site/me/svs_core/me=15, 1741660169523
Received update: /ndn/pt-site/pt/svs_core/pt=15, 1741660169523
Max suppression time updated to: 96
Received update: /ndn/az-site/az/svs_core/az=15, 1741660170222
Received update: /ndn/hu-site/hu/svs_core/hu=15, 1741660170222
Max suppression time updated to: 96
Received update: /ndn/lu-site/lu/svs_core/lu=15, 1741660174238
Max suppression time updated to: 96
Received update: /ndn/bg-site/bg/svs_core/bg=15, 1741660174414
Received update: /ndn/ie-site/ie/svs_core/ie=15, 1741660174414
Received update: /ndn/md-site/md/svs_core/md=15, 1741660174414
Max suppression time updated to: 98
Received update: /ndn/uk-site/uk/svs_core/uk=15, 1741660175920
Max suppression time updated to: 98
Received update: /ndn/ua-site/ua/svs_core/ua=15, 1741660176143
Max suppression time updated to: 98
Received update: /ndn/si-site/si/svs_core/si=15, 1741660176320
Max suppression time updated to: 98
Max suppression time updated to: 98
Received update: /ndn/it-site/it/svs_core/it=15, 1741660177441
Max suppression time updated to: 98
Received update: /ndn/tr-site/tr/svs_core/tr=15, 1741660179518
Max suppression time updated to: 98
Max suppression time updated to: 98
Max suppression time updated to: 98
Max suppression time updated to: 98
Received update: /ndn/be-site/be/svs_core/be=15, 1741660180706
Received update: /ndn/es-site/es/svs_core/es=15, 1741660180706
Max suppression time updated to: 98
Received update: /ndn/is-site/is/svs_core/is=15, 1741660180825
Max suppression time updated to: 98
Received update: /ndn/lv-site/lv/svs_core/lv=15, 1741660180857
Max suppression time updated to: 98
Max suppression time updated to: 98
Received update: /ndn/at-site/at/svs_core/at=15, 1741660181097
Max suppression time updated to: 98
Published sequence number: /ndn/gr-site/gr/svs_core/gr=15, 1741660188265
Sending Sync interest
Max suppression time updated to: 98
Received update: /ndn/al-site/al/svs_core/al=15, 1741660188429
Max suppression time updated to: 98
Received update: /ndn/ge-site/ge/svs_core/ge=15, 1741660188433
Max suppression time updated to: 98
Received update: /ndn/fr1-site/fr1/svs_core/fr1=15, 1741660188454
Max suppression time updated to: 98
Received update: /ndn/nl-site/nl/svs_core/nl=15, 1741660188548
Max suppression time updated to: 98
Max suppression time updated to: 98
Max suppression time updated to: 98
Received update: /ndn/de2-site/de2/svs_core/de2=15, 1741660193635
Max suppression time updated to: 98
Received update: /ndn/fi-site/fi/svs_core/fi=15, 1741660193791
Received update: /ndn/no-site/no/svs_core/no=15, 1741660193791
Max suppression time updated to: 98
Max suppression time updated to: 98
Max suppression time updated to: 98
Received update: /ndn/hr-site/hr/svs_core/hr=15, 1741660200768
Max suppression time updated to: 98
Received update: /ndn/ee-site/ee/svs_core/ee=15, 1741660202399
Received update: /ndn/de1-site/de1/svs_core/de1=16, 1741660202399
Max suppression time updated to: 98
Received update: /ndn/ch-site/ch/svs_core/ch=15, 1741660202472
Max suppression time updated to: 98
Received update: /ndn/am-site/am/svs_core/am=16, 1741660202522
Received update: /ndn/se-site/se/svs_core/se=15, 1741660202522
Max suppression time updated to: 98
Max suppression time updated to: 98
Max suppression time updated to: 98
Received update: /ndn/sk-site/sk/svs_core/sk=15, 1741660202644
Max suppression time updated to: 98
Max suppression time updated to: 98
Max suppression time updated to: 98
Max suppression time updated to: 98
Received update: /ndn/mk-site/mk/svs_core/mk=15, 1741660202813
Received update: /ndn/ro-site/ro/svs_core/ro=15, 1741660202813
Max suppression time updated to: 98
Max suppression time updated to: 98
Max suppression time updated to: 98
Max suppression time updated to: 98
Received update: /ndn/lt-site/lt/svs_core/lt=15, 1741660202964
Max suppression time updated to: 98
Max suppression time updated to: 98
Max suppression time updated to: 98
Received update: /ndn/by-site/by/svs_core/by=16, 1741660205429
Max suppression time updated to: 98
Received update: /ndn/rs-site/rs/svs_core/rs=16, 1741660207468
Max suppression time updated to: 98
Max suppression time updated to: 96
Max suppression time updated to: 96
Max suppression time updated to: 96
Received update: /ndn/mt-site/mt/svs_core/mt=16, 1741660207605
Max suppression time updated to: 96
Received update: /ndn/dk-site/dk/svs_core/dk=16, 1741660207614
Max suppression time updated to: 96
Sending Sync interest
Max suppression time updated to: 96
Received update: /ndn/pt-site/pt/svs_core/pt=16, 1741660207815
Max suppression time updated to: 98
Max suppression time updated to: 96
Max suppression time updated to: 98
Received update: /ndn/cz-site/cz/svs_core/cz=16, 1741660208796
Max suppression time updated to: 100
Max suppression time updated to: 100
Max suppression time updated to: 100
Max suppression time updated to: 100
Max suppression time updated to: 100
Received update: /ndn/cy-site/cy/svs_core/cy=16, 1741660210065
Received update: /ndn/il-site/il/svs_core/il=16, 1741660210065
Max suppression time updated to: 100
Received update: /ndn/me-site/me/svs_core/me=16, 1741660211298
Received update: /ndn/pl-site/pl/svs_core/pl=16, 1741660211298
Max suppression time updated to: 100
Received update: /ndn/hu-site/hu/svs_core/hu=16, 1741660215078
Max suppression time updated to: 100
Received update: /ndn/fr2-site/fr2/svs_core/fr2=16, 1741660215237
Max suppression time updated to: 100
Received update: /ndn/az-site/az/svs_core/az=16, 1741660215240
Max suppression time updated to: 100
Max suppression time updated to: 100
Received update: /ndn/md-site/md/svs_core/md=16, 1741660217873
Max suppression time updated to: 100
Max suppression time updated to: 100
Received update: /ndn/bg-site/bg/svs_core/bg=16, 1741660218068
Max suppression time updated to: 100
Received update: /ndn/ie-site/ie/svs_core/ie=16, 1741660218223
Max suppression time updated to: 100
Received update: /ndn/is-site/is/svs_core/is=16, 1741660218374
Max suppression time updated to: 100
Received update: /ndn/lu-site/lu/svs_core/lu=16, 1741660220963
Received update: /ndn/uk-site/uk/svs_core/uk=16, 1741660220963
Max suppression time updated to: 100
Received update: /ndn/si-site/si/svs_core/si=16, 1741660221503
Received update: /ndn/ua-site/ua/svs_core/ua=16, 1741660221503
Max suppression time updated to: 100
Received update: /ndn/it-site/it/svs_core/it=16, 1741660222410
Max suppression time updated to: 100
Received update: /ndn/tr-site/tr/svs_core/tr=16, 1741660224511
Max suppression time updated to: 100
Received update: /ndn/be-site/be/svs_core/be=16, 1741660225309
Sending Sync interest
Max suppression time updated to: 100
Max suppression time updated to: 100
Received update: /ndn/nl-site/nl/svs_core/nl=16, 1741660230844
Max suppression time updated to: 100
Received update: /ndn/at-site/at/svs_core/at=16, 1741660230876
Max suppression time updated to: 100
Received update: /ndn/al-site/al/svs_core/al=16, 1741660231436
Received update: /ndn/es-site/es/svs_core/es=16, 1741660231436
Received update: /ndn/ge-site/ge/svs_core/ge=16, 1741660231436
Published sequence number: /ndn/gr-site/gr/svs_core/gr=16, 1741660233263
Sending Sync interest
Max suppression time updated to: 100
Received update: /ndn/fr1-site/fr1/svs_core/fr1=16, 1741660233284
Sending Sync interest
Max suppression time updated to: 100
Received update: /ndn/lv-site/lv/svs_core/lv=16, 1741660233385
Max suppression time updated to: 100
Max suppression time updated to: 100
Max suppression time updated to: 100
Max suppression time updated to: 100
Max suppression time updated to: 100
Sending Sync interest
Max suppression time updated to: 100
Sending Sync interest
Max suppression time updated to: 100
Max suppression time updated to: 100
Received update: /ndn/fi-site/fi/svs_core/fi=16, 1741660238828
Received update: /ndn/lt-site/lt/svs_core/lt=16, 1741660238828
Received update: /ndn/no-site/no/svs_core/no=16, 1741660238828
Received update: /ndn/de2-site/de2/svs_core/de2=16, 1741660238828
Max suppression time updated to: 100
Received update: /ndn/ro-site/ro/svs_core/ro=16, 1741660239094
Max suppression time updated to: 100
Received update: /ndn/hr-site/hr/svs_core/hr=16, 1741660245948
Max suppression time updated to: 100
Max suppression time updated to: 100
Received update: /ndn/sk-site/sk/svs_core/sk=16, 1741660246073
Max suppression time updated to: 100
Received update: /ndn/ch-site/ch/svs_core/ch=16, 1741660246100
Max suppression time updated to: 100
Received update: /ndn/mk-site/mk/svs_core/mk=16, 1741660246289
Max suppression time updated to: 100
Received update: /ndn/ee-site/ee/svs_core/ee=16, 1741660246494
Max suppression time updated to: 100
Received update: /ndn/se-site/se/svs_core/se=16, 1741660246578
Max suppression time updated to: 100
Max suppression time updated to: 100
Max suppression time updated to: 100
Max suppression time updated to: 100
Stopping SVS client: /ndn/gr-site/gr/svs_core/gr
