SVS client starting: /ndn/no-site/no/svs_core/no
Sending Sync interest
Received update: /ndn/be-site/be/svs_core/be=1, 1742604804455
Received update: /ndn/ee-site/ee/svs_core/ee=1, 1742604804830
Received update: /ndn/tr-site/tr/svs_core/tr=1, 1742604807352
Received update: /ndn/hu-site/hu/svs_core/hu=1, 1742604810312
Received update: /ndn/fr2-site/fr2/svs_core/fr2=1, 1742604811763
Received update: /ndn/de2-site/de2/svs_core/de2=1, 1742604812934
Received update: /ndn/me-site/me/svs_core/me=1, 1742604813312
Received update: /ndn/is-site/is/svs_core/is=1, 1742604814170
Received update: /ndn/az-site/az/svs_core/az=1, 1742604815498
Received update: /ndn/pt-site/pt/svs_core/pt=1, 1742604815498
Received update: /ndn/at-site/at/svs_core/at=1, 1742604818215
Received update: /ndn/bg-site/bg/svs_core/bg=1, 1742604819544
Received update: /ndn/il-site/il/svs_core/il=1, 1742604819544
Received update: /ndn/cz-site/cz/svs_core/cz=1, 1742604819760
Received update: /ndn/sk-site/sk/svs_core/sk=1, 1742604820098
Received update: /ndn/rs-site/rs/svs_core/rs=1, 1742604821671
Received update: /ndn/ua-site/ua/svs_core/ua=1, 1742604822010
Received update: /ndn/ro-site/ro/svs_core/ro=1, 1742604822391
Received update: /ndn/mk-site/mk/svs_core/mk=1, 1742604822456
Received update: /ndn/mt-site/mt/svs_core/mt=1, 1742604822892
Received update: /ndn/it-site/it/svs_core/it=1, 1742604823253
Received update: /ndn/lu-site/lu/svs_core/lu=1, 1742604823738
Received update: /ndn/se-site/se/svs_core/se=1, 1742604824076
Received update: /ndn/lt-site/lt/svs_core/lt=1, 1742604828188
Received update: /ndn/nl-site/nl/svs_core/nl=1, 1742604828191
Received update: /ndn/es-site/es/svs_core/es=1, 1742604828439
Received update: /ndn/cy-site/cy/svs_core/cy=1, 1742604831514
Received update: /ndn/pl-site/pl/svs_core/pl=1, 1742604831514
Received update: /ndn/lv-site/lv/svs_core/lv=1, 1742604832557
Received update: /ndn/am-site/am/svs_core/am=1, 1742604833614
Received update: /ndn/si-site/si/svs_core/si=1, 1742604834292
Received update: /ndn/al-site/al/svs_core/al=1, 1742604834831
Received update: /ndn/ge-site/ge/svs_core/ge=1, 1742604835224
Received update: /ndn/by-site/by/svs_core/by=1, 1742604835516
Received update: /ndn/gr-site/gr/svs_core/gr=1, 1742604835981
Received update: /ndn/de1-site/de1/svs_core/de1=1, 1742604840303
Received update: /ndn/fr1-site/fr1/svs_core/fr1=1, 1742604840846
Received update: /ndn/dk-site/dk/svs_core/dk=1, 1742604841928
Received update: /ndn/fi-site/fi/svs_core/fi=1, 1742604842324
Received update: /ndn/hr-site/hr/svs_core/hr=1, 1742604842471
Sending Sync interest
Received update: /ndn/ie-site/ie/svs_core/ie=1, 1742604842689
Received update: /ndn/md-site/md/svs_core/md=1, 1742604844112
Received update: /ndn/uk-site/uk/svs_core/uk=1, 1742604844112
Published sequence number: /ndn/no-site/no/svs_core/no=1, 1742604846628
Sending Sync interest
Received update: /ndn/ee-site/ee/svs_core/ee=2, 1742604849179
Sending Sync interest
Received update: /ndn/ch-site/ch/svs_core/ch=1, 1742604849681
Received update: /ndn/be-site/be/svs_core/be=2, 1742604850368
Received update: /ndn/hu-site/hu/svs_core/hu=2, 1742604856705
Received update: /ndn/tr-site/tr/svs_core/tr=2, 1742604856705
Received update: /ndn/fr2-site/fr2/svs_core/fr2=2, 1742604856705
Received update: /ndn/az-site/az/svs_core/az=2, 1742604861751
Received update: /ndn/is-site/is/svs_core/is=2, 1742604861751
Received update: /ndn/pt-site/pt/svs_core/pt=2, 1742604861751
Received update: /ndn/de2-site/de2/svs_core/de2=2, 1742604861751
Received update: /ndn/at-site/at/svs_core/at=2, 1742604863205
Received update: /ndn/cz-site/cz/svs_core/cz=2, 1742604864758
Received update: /ndn/bg-site/bg/svs_core/bg=2, 1742604865683
Received update: /ndn/il-site/il/svs_core/il=2, 1742604865683
Received update: /ndn/ro-site/ro/svs_core/ro=2, 1742604866798
Received update: /ndn/me-site/me/svs_core/me=2, 1742604867585
Received update: /ndn/mt-site/mt/svs_core/mt=2, 1742604867585
Received update: /ndn/sk-site/sk/svs_core/sk=2, 1742604867668
Received update: /ndn/mk-site/mk/svs_core/mk=2, 1742604867915
Received update: /ndn/ua-site/ua/svs_core/ua=2, 1742604867915
Received update: /ndn/rs-site/rs/svs_core/rs=2, 1742604868163
Received update: /ndn/it-site/it/svs_core/it=2, 1742604868312
Received update: /ndn/lu-site/lu/svs_core/lu=2, 1742604868675
Received update: /ndn/se-site/se/svs_core/se=2, 1742604869057
Received update: /ndn/es-site/es/svs_core/es=2, 1742604872855
Sending Sync interest
Received update: /ndn/nl-site/nl/svs_core/nl=2, 1742604873178
Received update: /ndn/lt-site/lt/svs_core/lt=2, 1742604873481
Sending Sync interest
Received update: /ndn/lv-site/lv/svs_core/lv=2, 1742604877510
Received update: /ndn/pl-site/pl/svs_core/pl=2, 1742604877743
Received update: /ndn/cy-site/cy/svs_core/cy=2, 1742604878371
Received update: /ndn/al-site/al/svs_core/al=2, 1742604879843
Received update: /ndn/si-site/si/svs_core/si=2, 1742604879843
Received update: /ndn/am-site/am/svs_core/am=2, 1742604880442
Received update: /ndn/ge-site/ge/svs_core/ge=2, 1742604880442
Received update: /ndn/ie-site/ie/svs_core/ie=2, 1742604883981
Received update: /ndn/fr1-site/fr1/svs_core/fr1=2, 1742604883981
Received update: /ndn/by-site/by/svs_core/by=2, 1742604884261
Received update: /ndn/gr-site/gr/svs_core/gr=2, 1742604884303
Received update: /ndn/dk-site/dk/svs_core/dk=2, 1742604886925
Received update: /ndn/de1-site/de1/svs_core/de1=2, 1742604887099
Received update: /ndn/hr-site/hr/svs_core/hr=2, 1742604887436
Received update: /ndn/fi-site/fi/svs_core/fi=2, 1742604887727
Received update: /ndn/md-site/md/svs_core/md=2, 1742604888547
Received update: /ndn/uk-site/uk/svs_core/uk=2, 1742604888547
Published sequence number: /ndn/no-site/no/svs_core/no=2, 1742604891627
Sending Sync interest
Received update: /ndn/be-site/be/svs_core/be=3, 1742604894614
Sending Sync interest
Received update: /ndn/ee-site/ee/svs_core/ee=3, 1742604895074
Received update: /ndn/ch-site/ch/svs_core/ch=2, 1742604895233
Received update: /ndn/az-site/az/svs_core/az=3, 1742604898600
Received update: /ndn/tr-site/tr/svs_core/tr=3, 1742604898729
Received update: /ndn/hu-site/hu/svs_core/hu=3, 1742604901750
Received update: /ndn/fr2-site/fr2/svs_core/fr2=3, 1742604901750
Received update: /ndn/is-site/is/svs_core/is=3, 1742604904153
Received update: /ndn/de2-site/de2/svs_core/de2=3, 1742604904391
Received update: /ndn/me-site/me/svs_core/me=3, 1742604904818
Received update: /ndn/pt-site/pt/svs_core/pt=3, 1742604905404
Received update: /ndn/at-site/at/svs_core/at=3, 1742604908332
Received update: /ndn/bg-site/bg/svs_core/bg=3, 1742604909276
Received update: /ndn/cz-site/cz/svs_core/cz=3, 1742604909707
Received update: /ndn/il-site/il/svs_core/il=3, 1742604909707
Received update: /ndn/sk-site/sk/svs_core/sk=3, 1742604910119
Received update: /ndn/ua-site/ua/svs_core/ua=3, 1742604911507
Received update: /ndn/rs-site/rs/svs_core/rs=3, 1742604911778
Received update: /ndn/mt-site/mt/svs_core/mt=3, 1742604911807
Received update: /ndn/ro-site/ro/svs_core/ro=3, 1742604912239
Sending Sync interest
Received update: /ndn/mk-site/mk/svs_core/mk=3, 1742604912540
Received update: /ndn/it-site/it/svs_core/it=3, 1742604913234
Received update: /ndn/es-site/es/svs_core/es=3, 1742604917901
Received update: /ndn/lu-site/lu/svs_core/lu=3, 1742604917901
Received update: /ndn/lt-site/lt/svs_core/lt=3, 1742604918034
Received update: /ndn/se-site/se/svs_core/se=3, 1742604918103
Received update: /ndn/nl-site/nl/svs_core/nl=3, 1742604918178
Sending Sync interest
Received update: /ndn/pl-site/pl/svs_core/pl=3, 1742604920543
Received update: /ndn/am-site/am/svs_core/am=3, 1742604925748
Received update: /ndn/by-site/by/svs_core/by=3, 1742604925748
Received update: /ndn/cy-site/cy/svs_core/cy=3, 1742604925748
Received update: /ndn/si-site/si/svs_core/si=3, 1742604925748
Received update: /ndn/gr-site/gr/svs_core/gr=3, 1742604926153
Received update: /ndn/lv-site/lv/svs_core/lv=3, 1742604926161
Received update: /ndn/ge-site/ge/svs_core/ge=3, 1742604926206
Received update: /ndn/ie-site/ie/svs_core/ie=3, 1742604926466
Received update: /ndn/al-site/al/svs_core/al=3, 1742604926943
Received update: /ndn/de1-site/de1/svs_core/de1=3, 1742604930391
Received update: /ndn/fr1-site/fr1/svs_core/fr1=3, 1742604930725
Received update: /ndn/fi-site/fi/svs_core/fi=3, 1742604932324
Received update: /ndn/hr-site/hr/svs_core/hr=3, 1742604932474
Received update: /ndn/dk-site/dk/svs_core/dk=3, 1742604932568
Received update: /ndn/uk-site/uk/svs_core/uk=3, 1742604933268
Received update: /ndn/md-site/md/svs_core/md=3, 1742604933291
Received update: /ndn/ch-site/ch/svs_core/ch=3, 1742604935848
Published sequence number: /ndn/no-site/no/svs_core/no=3, 1742604936627
Sending Sync interest
Received update: /ndn/ee-site/ee/svs_core/ee=4, 1742604942850
Received update: /ndn/tr-site/tr/svs_core/tr=4, 1742604942850
Received update: /ndn/be-site/be/svs_core/be=4, 1742604943235
Received update: /ndn/hu-site/hu/svs_core/hu=4, 1742604945539
Received update: /ndn/az-site/az/svs_core/az=4, 1742604946081
Received update: /ndn/fr2-site/fr2/svs_core/fr2=4, 1742604946882
Received update: /ndn/me-site/me/svs_core/me=4, 1742604947589
Received update: /ndn/de2-site/de2/svs_core/de2=4, 1742604947928
Received update: /ndn/at-site/at/svs_core/at=4, 1742604954328
Received update: /ndn/bg-site/bg/svs_core/bg=4, 1742604954328
Received update: /ndn/il-site/il/svs_core/il=4, 1742604954328
Received update: /ndn/is-site/is/svs_core/is=4, 1742604954328
Received update: /ndn/pt-site/pt/svs_core/pt=4, 1742604954635
Received update: /ndn/cz-site/cz/svs_core/cz=4, 1742604954806
Received update: /ndn/sk-site/sk/svs_core/sk=4, 1742604955126
Received update: /ndn/rs-site/rs/svs_core/rs=4, 1742604956654
Received update: /ndn/ua-site/ua/svs_core/ua=4, 1742604956738
Received update: /ndn/ro-site/ro/svs_core/ro=4, 1742604956784
Received update: /ndn/mt-site/mt/svs_core/mt=4, 1742604957444
Received update: /ndn/it-site/it/svs_core/it=4, 1742604959062
Received update: /ndn/mk-site/mk/svs_core/mk=4, 1742604959062
Received update: /ndn/se-site/se/svs_core/se=4, 1742604959062
Received update: /ndn/lu-site/lu/svs_core/lu=4, 1742604959617
Received update: /ndn/lt-site/lt/svs_core/lt=4, 1742604963130
Received update: /ndn/nl-site/nl/svs_core/nl=4, 1742604963219
Received update: /ndn/es-site/es/svs_core/es=4, 1742604963633
Received update: /ndn/pl-site/pl/svs_core/pl=4, 1742604964884
Received update: /ndn/cy-site/cy/svs_core/cy=4, 1742604966590
Received update: /ndn/am-site/am/svs_core/am=4, 1742604968601
Received update: /ndn/lv-site/lv/svs_core/lv=4, 1742604969207
Received update: /ndn/si-site/si/svs_core/si=4, 1742604969944
Received update: /ndn/al-site/al/svs_core/al=4, 1742604970172
Received update: /ndn/ge-site/ge/svs_core/ge=4, 1742604970172
Received update: /ndn/by-site/by/svs_core/by=4, 1742604970542
Received update: /ndn/ie-site/ie/svs_core/ie=4, 1742604971333
Received update: /ndn/gr-site/gr/svs_core/gr=4, 1742604973993
Received update: /ndn/fr1-site/fr1/svs_core/fr1=4, 1742604973993
Received update: /ndn/de1-site/de1/svs_core/de1=4, 1742604975312
Received update: /ndn/dk-site/dk/svs_core/dk=4, 1742604976929
Received update: /ndn/fi-site/fi/svs_core/fi=4, 1742604977331
Received update: /ndn/uk-site/uk/svs_core/uk=4, 1742604978010
Sending Sync interest
Received update: /ndn/hr-site/hr/svs_core/hr=4, 1742604979090
Received update: /ndn/md-site/md/svs_core/md=4, 1742604979090
Received update: /ndn/ch-site/ch/svs_core/ch=4, 1742604980968
Published sequence number: /ndn/no-site/no/svs_core/no=4, 1742604981634
Sending Sync interest
Received update: /ndn/be-site/be/svs_core/be=5, 1742604987815
Received update: /ndn/tr-site/tr/svs_core/tr=5, 1742604987815
Sending Sync interest
Received update: /ndn/ee-site/ee/svs_core/ee=5, 1742604988650
Received update: /ndn/hu-site/hu/svs_core/hu=5, 1742604992726
Received update: /ndn/me-site/me/svs_core/me=5, 1742604992726
Received update: /ndn/fr2-site/fr2/svs_core/fr2=5, 1742604992726
Received update: /ndn/az-site/az/svs_core/az=5, 1742604992977
Received update: /ndn/de2-site/de2/svs_core/de2=5, 1742604993682
Received update: /ndn/is-site/is/svs_core/is=5, 1742604994165
Received update: /ndn/at-site/at/svs_core/at=5, 1742604998212
Sending Sync interest
Received update: /ndn/pt-site/pt/svs_core/pt=5, 1742604998587
Sending Sync interest
Received update: /ndn/bg-site/bg/svs_core/bg=5, 1742604999005
Received update: /ndn/il-site/il/svs_core/il=5, 1742604999328
Received update: /ndn/cz-site/cz/svs_core/cz=5, 1742604999710
Sending Sync interest
Received update: /ndn/sk-site/sk/svs_core/sk=5, 1742605000619
Received update: /ndn/rs-site/rs/svs_core/rs=5, 1742605001744
Received update: /ndn/ro-site/ro/svs_core/ro=5, 1742605002069
Received update: /ndn/ua-site/ua/svs_core/ua=5, 1742605002233
Received update: /ndn/mt-site/mt/svs_core/mt=5, 1742605002937
Received update: /ndn/mk-site/mk/svs_core/mk=5, 1742605003227
Received update: /ndn/it-site/it/svs_core/it=5, 1742605003361
Received update: /ndn/se-site/se/svs_core/se=5, 1742605004058
Received update: /ndn/lu-site/lu/svs_core/lu=5, 1742605004091
Received update: /ndn/es-site/es/svs_core/es=5, 1742605007950
Received update: /ndn/nl-site/nl/svs_core/nl=5, 1742605008562
Received update: /ndn/lt-site/lt/svs_core/lt=5, 1742605008809
Received update: /ndn/pl-site/pl/svs_core/pl=5, 1742605009925
Received update: /ndn/cy-site/cy/svs_core/cy=5, 1742605011640
Received update: /ndn/lv-site/lv/svs_core/lv=5, 1742605012462
Received update: /ndn/al-site/al/svs_core/al=5, 1742605014805
Received update: /ndn/am-site/am/svs_core/am=5, 1742605014903
Received update: /ndn/si-site/si/svs_core/si=5, 1742605014903
Received update: /ndn/by-site/by/svs_core/by=5, 1742605016681
Received update: /ndn/ge-site/ge/svs_core/ge=5, 1742605016681
Received update: /ndn/gr-site/gr/svs_core/gr=5, 1742605016794
Received update: /ndn/ie-site/ie/svs_core/ie=5, 1742605016794
Received update: /ndn/de1-site/de1/svs_core/de1=5, 1742605020312
Received update: /ndn/fr1-site/fr1/svs_core/fr1=5, 1742605020685
Received update: /ndn/dk-site/dk/svs_core/dk=5, 1742605021933
Received update: /ndn/md-site/md/svs_core/md=5, 1742605023529
Received update: /ndn/uk-site/uk/svs_core/uk=5, 1742605023568
Received update: /ndn/fi-site/fi/svs_core/fi=5, 1742605023802
Received update: /ndn/hr-site/hr/svs_core/hr=5, 1742605023848
Received update: /ndn/ch-site/ch/svs_core/ch=5, 1742605025867
Published sequence number: /ndn/no-site/no/svs_core/no=5, 1742605026636
Sending Sync interest
Received update: /ndn/ee-site/ee/svs_core/ee=6, 1742605029187
Received update: /ndn/be-site/be/svs_core/be=6, 1742605029452
Sending Sync interest
Received update: /ndn/tr-site/tr/svs_core/tr=6, 1742605032395
Received update: /ndn/az-site/az/svs_core/az=6, 1742605035352
Received update: /ndn/hu-site/hu/svs_core/hu=6, 1742605035352
Received update: /ndn/de2-site/de2/svs_core/de2=6, 1742605037940
Received update: /ndn/fr2-site/fr2/svs_core/fr2=6, 1742605037940
Received update: /ndn/is-site/is/svs_core/is=6, 1742605039169
Received update: /ndn/pt-site/pt/svs_core/pt=6, 1742605040691
Received update: /ndn/me-site/me/svs_core/me=6, 1742605041118
Received update: /ndn/at-site/at/svs_core/at=6, 1742605044334
Received update: /ndn/il-site/il/svs_core/il=6, 1742605044334
Received update: /ndn/cz-site/cz/svs_core/cz=6, 1742605044727
Received update: /ndn/bg-site/bg/svs_core/bg=6, 1742605045076
Sending Sync interest
Received update: /ndn/sk-site/sk/svs_core/sk=6, 1742605045675
Received update: /ndn/ua-site/ua/svs_core/ua=6, 1742605046602
Received update: /ndn/rs-site/rs/svs_core/rs=6, 1742605046665
Received update: /ndn/mt-site/mt/svs_core/mt=6, 1742605047186
Received update: /ndn/se-site/se/svs_core/se=6, 1742605049151
Received update: /ndn/it-site/it/svs_core/it=6, 1742605049313
Received update: /ndn/ro-site/ro/svs_core/ro=6, 1742605049313
Received update: /ndn/lu-site/lu/svs_core/lu=6, 1742605049481
Received update: /ndn/mk-site/mk/svs_core/mk=6, 1742605049728
Received update: /ndn/es-site/es/svs_core/es=6, 1742605053185
Received update: /ndn/nl-site/nl/svs_core/nl=6, 1742605053185
Received update: /ndn/lt-site/lt/svs_core/lt=6, 1742605054893
Received update: /ndn/pl-site/pl/svs_core/pl=6, 1742605054893
Sending Sync interest
Received update: /ndn/cy-site/cy/svs_core/cy=6, 1742605056509
Received update: /ndn/si-site/si/svs_core/si=6, 1742605059385
Received update: /ndn/ge-site/ge/svs_core/ge=6, 1742605060225
Received update: /ndn/lv-site/lv/svs_core/lv=6, 1742605060225
Received update: /ndn/gr-site/gr/svs_core/gr=6, 1742605061053
Sending Sync interest
Received update: /ndn/ie-site/ie/svs_core/ie=6, 1742605061337
Received update: /ndn/am-site/am/svs_core/am=6, 1742605061537
Received update: /ndn/by-site/by/svs_core/by=6, 1742605061590
Sending Sync interest
Received update: /ndn/al-site/al/svs_core/al=6, 1742605061641
Received update: /ndn/de1-site/de1/svs_core/de1=6, 1742605065315
Received update: /ndn/fr1-site/fr1/svs_core/fr1=6, 1742605065904
Received update: /ndn/dk-site/dk/svs_core/dk=6, 1742605066986
Received update: /ndn/fi-site/fi/svs_core/fi=6, 1742605067481
Received update: /ndn/hr-site/hr/svs_core/hr=6, 1742605068001
Published sequence number: /ndn/no-site/no/svs_core/no=6, 1742605071639
Sending Sync interest
Received update: /ndn/ch-site/ch/svs_core/ch=6, 1742605072001
Received update: /ndn/uk-site/uk/svs_core/uk=6, 1742605072001
Received update: /ndn/ee-site/ee/svs_core/ee=7, 1742605074194
Received update: /ndn/be-site/be/svs_core/be=7, 1742605074626
Received update: /ndn/az-site/az/svs_core/az=7, 1742605078649
Received update: /ndn/md-site/md/svs_core/md=6, 1742605078649
Received update: /ndn/tr-site/tr/svs_core/tr=7, 1742605078649
Received update: /ndn/hu-site/hu/svs_core/hu=7, 1742605082429
Received update: /ndn/me-site/me/svs_core/me=7, 1742605082429
Received update: /ndn/fr2-site/fr2/svs_core/fr2=7, 1742605082583
Received update: /ndn/is-site/is/svs_core/is=7, 1742605084178
Received update: /ndn/at-site/at/svs_core/at=7, 1742605088307
Received update: /ndn/de2-site/de2/svs_core/de2=7, 1742605088307
Received update: /ndn/pt-site/pt/svs_core/pt=7, 1742605088593
Received update: /ndn/bg-site/bg/svs_core/bg=7, 1742605089052
Received update: /ndn/il-site/il/svs_core/il=7, 1742605089341
Received update: /ndn/cz-site/cz/svs_core/cz=7, 1742605089937
Received update: /ndn/sk-site/sk/svs_core/sk=7, 1742605090093
Received update: /ndn/rs-site/rs/svs_core/rs=7, 1742605091754
Received update: /ndn/ua-site/ua/svs_core/ua=7, 1742605091754
Received update: /ndn/ro-site/ro/svs_core/ro=7, 1742605091842
Received update: /ndn/mk-site/mk/svs_core/mk=7, 1742605092895
Received update: /ndn/mt-site/mt/svs_core/mt=7, 1742605092895
Received update: /ndn/it-site/it/svs_core/it=7, 1742605093333
Received update: /ndn/es-site/es/svs_core/es=7, 1742605097919
Received update: /ndn/lu-site/lu/svs_core/lu=7, 1742605097919
Received update: /ndn/se-site/se/svs_core/se=7, 1742605097919
Received update: /ndn/lt-site/lt/svs_core/lt=7, 1742605098147
Received update: /ndn/nl-site/nl/svs_core/nl=7, 1742605098479
Received update: /ndn/pl-site/pl/svs_core/pl=7, 1742605099888
Received update: /ndn/cy-site/cy/svs_core/cy=7, 1742605101601
Received update: /ndn/lv-site/lv/svs_core/lv=7, 1742605102596
Received update: /ndn/am-site/am/svs_core/am=7, 1742605103648
Sending Sync interest
Received update: /ndn/si-site/si/svs_core/si=7, 1742605104468
Received update: /ndn/al-site/al/svs_core/al=7, 1742605104891
Received update: /ndn/ge-site/ge/svs_core/ge=7, 1742605105181
Received update: /ndn/by-site/by/svs_core/by=7, 1742605105513
Received update: /ndn/ie-site/ie/svs_core/ie=7, 1742605106357
Received update: /ndn/gr-site/gr/svs_core/gr=7, 1742605106643
Received update: /ndn/de1-site/de1/svs_core/de1=7, 1742605110319
Received update: /ndn/fr1-site/fr1/svs_core/fr1=7, 1742605110319
Received update: /ndn/fi-site/fi/svs_core/fi=7, 1742605112335
Sending Sync interest
Received update: /ndn/dk-site/dk/svs_core/dk=7, 1742605112580
Received update: /ndn/hr-site/hr/svs_core/hr=7, 1742605112808
Received update: /ndn/uk-site/uk/svs_core/uk=7, 1742605113245
Received update: /ndn/md-site/md/svs_core/md=7, 1742605113305
Sending Sync interest
Published sequence number: /ndn/no-site/no/svs_core/no=7, 1742605116643
Sending Sync interest
Received update: /ndn/ch-site/ch/svs_core/ch=7, 1742605117260
Received update: /ndn/ee-site/ee/svs_core/ee=8, 1742605119195
Received update: /ndn/be-site/be/svs_core/be=8, 1742605125318
Received update: /ndn/hu-site/hu/svs_core/hu=8, 1742605125318
Received update: /ndn/tr-site/tr/svs_core/tr=8, 1742605125318
Received update: /ndn/me-site/me/svs_core/me=8, 1742605127526
Received update: /ndn/az-site/az/svs_core/az=8, 1742605127679
Received update: /ndn/fr2-site/fr2/svs_core/fr2=8, 1742605127844
Received update: /ndn/de2-site/de2/svs_core/de2=8, 1742605128217
Received update: /ndn/is-site/is/svs_core/is=8, 1742605129179
Received update: /ndn/pt-site/pt/svs_core/pt=8, 1742605130633
Received update: /ndn/at-site/at/svs_core/at=8, 1742605133226
Received update: /ndn/bg-site/bg/svs_core/bg=8, 1742605133967
Received update: /ndn/cz-site/cz/svs_core/cz=8, 1742605134967
Received update: /ndn/il-site/il/svs_core/il=8, 1742605134967
Received update: /ndn/sk-site/sk/svs_core/sk=8, 1742605135384
Received update: /ndn/ua-site/ua/svs_core/ua=8, 1742605136663
Received update: /ndn/mt-site/mt/svs_core/mt=8, 1742605136828
Received update: /ndn/ro-site/ro/svs_core/ro=8, 1742605137158
Received update: /ndn/rs-site/rs/svs_core/rs=8, 1742605137158
Received update: /ndn/mk-site/mk/svs_core/mk=8, 1742605137706
Received update: /ndn/it-site/it/svs_core/it=8, 1742605139083
Received update: /ndn/lu-site/lu/svs_core/lu=8, 1742605139083
Received update: /ndn/se-site/se/svs_core/se=8, 1742605139083
Received update: /ndn/es-site/es/svs_core/es=8, 1742605142921
Sending Sync interest
Received update: /ndn/lt-site/lt/svs_core/lt=8, 1742605143686
Received update: /ndn/nl-site/nl/svs_core/nl=8, 1742605143686
Received update: /ndn/pl-site/pl/svs_core/pl=8, 1742605144899
Received update: /ndn/cy-site/cy/svs_core/cy=8, 1742605146605
Received update: /ndn/am-site/am/svs_core/am=8, 1742605148655
Received update: /ndn/al-site/al/svs_core/al=8, 1742605149908
Received update: /ndn/si-site/si/svs_core/si=8, 1742605149908
Received update: /ndn/ge-site/ge/svs_core/ge=8, 1742605150232
Received update: /ndn/lv-site/lv/svs_core/lv=8, 1742605150613
Received update: /ndn/gr-site/gr/svs_core/gr=8, 1742605151017
Received update: /ndn/by-site/by/svs_core/by=8, 1742605151350
Received update: /ndn/fr1-site/fr1/svs_core/fr1=8, 1742605154277
Received update: /ndn/de1-site/de1/svs_core/de1=8, 1742605155322
Received update: /ndn/dk-site/dk/svs_core/dk=8, 1742605156990
Received update: /ndn/fi-site/fi/svs_core/fi=8, 1742605157484
Received update: /ndn/hr-site/hr/svs_core/hr=8, 1742605158202
Published sequence number: /ndn/no-site/no/svs_core/no=8, 1742605161650
Sending Sync interest
Received update: /ndn/be-site/be/svs_core/be=9, 1742605164747
Received update: /ndn/ch-site/ch/svs_core/ch=8, 1742605164747
Received update: /ndn/ie-site/ie/svs_core/ie=8, 1742605164747
Received update: /ndn/uk-site/uk/svs_core/uk=8, 1742605164747
Received update: /ndn/ee-site/ee/svs_core/ee=9, 1742605164782
Sending Sync interest
Received update: /ndn/md-site/md/svs_core/md=8, 1742605165332
Sending Sync interest
Sending Sync interest
Received update: /ndn/hu-site/hu/svs_core/hu=9, 1742605170357
Received update: /ndn/tr-site/tr/svs_core/tr=9, 1742605170357
Received update: /ndn/is-site/is/svs_core/is=9, 1742605174188
Received update: /ndn/de2-site/de2/svs_core/de2=9, 1742605174188
Received update: /ndn/fr2-site/fr2/svs_core/fr2=9, 1742605174188
Received update: /ndn/me-site/me/svs_core/me=9, 1742605174816
Received update: /ndn/pt-site/pt/svs_core/pt=9, 1742605175502
Received update: /ndn/az-site/az/svs_core/az=9, 1742605175611
Received update: /ndn/at-site/at/svs_core/at=9, 1742605180190
Received update: /ndn/bg-site/bg/svs_core/bg=9, 1742605180190
Received update: /ndn/il-site/il/svs_core/il=9, 1742605180190
Received update: /ndn/sk-site/sk/svs_core/sk=9, 1742605180190
Received update: /ndn/ua-site/ua/svs_core/ua=9, 1742605181572
Received update: /ndn/cz-site/cz/svs_core/cz=9, 1742605181616
Received update: /ndn/mt-site/mt/svs_core/mt=9, 1742605181868
Sending Sync interest
Received update: /ndn/rs-site/rs/svs_core/rs=9, 1742605182201
Received update: /ndn/ro-site/ro/svs_core/ro=9, 1742605182320
Received update: /ndn/mk-site/mk/svs_core/mk=9, 1742605182525
Received update: /ndn/it-site/it/svs_core/it=9, 1742605183263
Received update: /ndn/se-site/se/svs_core/se=9, 1742605184085
Received update: /ndn/es-site/es/svs_core/es=9, 1742605188068
Sending Sync interest
Received update: /ndn/lt-site/lt/svs_core/lt=9, 1742605188575
Received update: /ndn/nl-site/nl/svs_core/nl=9, 1742605188575
Received update: /ndn/cy-site/cy/svs_core/cy=9, 1742605192766
Received update: /ndn/lu-site/lu/svs_core/lu=9, 1742605192766
Received update: /ndn/lv-site/lv/svs_core/lv=9, 1742605192766
Received update: /ndn/am-site/am/svs_core/am=9, 1742605193834
Received update: /ndn/pl-site/pl/svs_core/pl=9, 1742605193834
Received update: /ndn/al-site/al/svs_core/al=9, 1742605195203
Received update: /ndn/ge-site/ge/svs_core/ge=9, 1742605195203
Received update: /ndn/si-site/si/svs_core/si=9, 1742605195572
Received update: /ndn/by-site/by/svs_core/by=9, 1742605195646
Received update: /ndn/ie-site/ie/svs_core/ie=9, 1742605196351
Received update: /ndn/gr-site/gr/svs_core/gr=9, 1742605200968
Received update: /ndn/de1-site/de1/svs_core/de1=9, 1742605200968
Received update: /ndn/fr1-site/fr1/svs_core/fr1=9, 1742605200968
Received update: /ndn/dk-site/dk/svs_core/dk=9, 1742605201954
Received update: /ndn/fi-site/fi/svs_core/fi=9, 1742605202340
Received update: /ndn/hr-site/hr/svs_core/hr=9, 1742605202546
Sending Sync interest
Received update: /ndn/md-site/md/svs_core/md=9, 1742605203384
Received update: /ndn/uk-site/uk/svs_core/uk=9, 1742605203384
Published sequence number: /ndn/no-site/no/svs_core/no=9, 1742605206654
Sending Sync interest
Received update: /ndn/ch-site/ch/svs_core/ch=9, 1742605206998
Received update: /ndn/be-site/be/svs_core/be=10, 1742605212316
Received update: /ndn/ee-site/ee/svs_core/ee=10, 1742605212316
Received update: /ndn/tr-site/tr/svs_core/tr=10, 1742605212316
Received update: /ndn/az-site/az/svs_core/az=10, 1742605213576
Received update: /ndn/hu-site/hu/svs_core/hu=10, 1742605216777
Received update: /ndn/fr2-site/fr2/svs_core/fr2=10, 1742605216777
Received update: /ndn/me-site/me/svs_core/me=10, 1742605217953
Received update: /ndn/de2-site/de2/svs_core/de2=10, 1742605217953
Received update: /ndn/at-site/at/svs_core/at=10, 1742605223914
Received update: /ndn/is-site/is/svs_core/is=10, 1742605223914
Received update: /ndn/pt-site/pt/svs_core/pt=10, 1742605223914
Received update: /ndn/bg-site/bg/svs_core/bg=10, 1742605224134
Sending Sync interest
Received update: /ndn/il-site/il/svs_core/il=10, 1742605224393
Received update: /ndn/ua-site/ua/svs_core/ua=10, 1742605226662
Received update: /ndn/mt-site/mt/svs_core/mt=10, 1742605226875
Received update: /ndn/cz-site/cz/svs_core/cz=10, 1742605226987
Received update: /ndn/rs-site/rs/svs_core/rs=10, 1742605227320
Received update: /ndn/mk-site/mk/svs_core/mk=10, 1742605227603
Received update: /ndn/sk-site/sk/svs_core/sk=10, 1742605227603
Received update: /ndn/ro-site/ro/svs_core/ro=10, 1742605227608
Received update: /ndn/it-site/it/svs_core/it=10, 1742605228386
Received update: /ndn/lu-site/lu/svs_core/lu=10, 1742605228743
Received update: /ndn/se-site/se/svs_core/se=10, 1742605229085
Received update: /ndn/nl-site/nl/svs_core/nl=10, 1742605233200
Sending Sync interest
Received update: /ndn/es-site/es/svs_core/es=10, 1742605233776
Received update: /ndn/lt-site/lt/svs_core/lt=10, 1742605233862
Received update: /ndn/cy-site/cy/svs_core/cy=10, 1742605236539
Received update: /ndn/am-site/am/svs_core/am=10, 1742605239352
Received update: /ndn/pl-site/pl/svs_core/pl=10, 1742605239352
Received update: /ndn/si-site/si/svs_core/si=10, 1742605239352
Received update: /ndn/lv-site/lv/svs_core/lv=10, 1742605239734
Received update: /ndn/gr-site/gr/svs_core/gr=10, 1742605241401
Received update: /ndn/ie-site/ie/svs_core/ie=10, 1742605241401
Received update: /ndn/by-site/by/svs_core/by=10, 1742605241572
Received update: /ndn/ge-site/ge/svs_core/ge=10, 1742605241572
Received update: /ndn/al-site/al/svs_core/al=10, 1742605241747
Received update: /ndn/de1-site/de1/svs_core/de1=10, 1742605245381
Received update: /ndn/fr1-site/fr1/svs_core/fr1=10, 1742605245381
Received update: /ndn/dk-site/dk/svs_core/dk=10, 1742605246956
Received update: /ndn/md-site/md/svs_core/md=10, 1742605248404
Received update: /ndn/hr-site/hr/svs_core/hr=10, 1742605248526
Received update: /ndn/uk-site/uk/svs_core/uk=10, 1742605248610
Received update: /ndn/fi-site/fi/svs_core/fi=10, 1742605249159
Published sequence number: /ndn/no-site/no/svs_core/no=10, 1742605251656
Sending Sync interest
Received update: /ndn/ch-site/ch/svs_core/ch=10, 1742605252079
Received update: /ndn/be-site/be/svs_core/be=11, 1742605257406
Received update: /ndn/tr-site/tr/svs_core/tr=11, 1742605257406
Received update: /ndn/ee-site/ee/svs_core/ee=11, 1742605260619
Received update: /ndn/hu-site/hu/svs_core/hu=11, 1742605260619
Received update: /ndn/fr2-site/fr2/svs_core/fr2=11, 1742605261799
Received update: /ndn/az-site/az/svs_core/az=11, 1742605262519
Received update: /ndn/me-site/me/svs_core/me=11, 1742605262575
Received update: /ndn/is-site/is/svs_core/is=11, 1742605264285
Received update: /ndn/de2-site/de2/svs_core/de2=11, 1742605264489
Received update: /ndn/pt-site/pt/svs_core/pt=11, 1742605265430
Received update: /ndn/at-site/at/svs_core/at=11, 1742605268286
Received update: /ndn/bg-site/bg/svs_core/bg=11, 1742605269784
Received update: /ndn/cz-site/cz/svs_core/cz=11, 1742605269784
Received update: /ndn/sk-site/sk/svs_core/sk=11, 1742605270208
Received update: /ndn/ua-site/ua/svs_core/ua=11, 1742605271544
Received update: /ndn/rs-site/rs/svs_core/rs=11, 1742605271711
Received update: /ndn/il-site/il/svs_core/il=11, 1742605272055
Received update: /ndn/ro-site/ro/svs_core/ro=11, 1742605272136
Received update: /ndn/mk-site/mk/svs_core/mk=11, 1742605273416
Received update: /ndn/mt-site/mt/svs_core/mt=11, 1742605273416
Received update: /ndn/it-site/it/svs_core/it=11, 1742605273750
Received update: /ndn/lu-site/lu/svs_core/lu=11, 1742605274043
Received update: /ndn/es-site/es/svs_core/es=11, 1742605277930
Received update: /ndn/lt-site/lt/svs_core/lt=11, 1742605278195
Received update: /ndn/nl-site/nl/svs_core/nl=11, 1742605278195
Received update: /ndn/se-site/se/svs_core/se=11, 1742605278470
Received update: /ndn/pl-site/pl/svs_core/pl=11, 1742605280025
Received update: /ndn/cy-site/cy/svs_core/cy=11, 1742605281610
Received update: /ndn/by-site/by/svs_core/by=11, 1742605285994
Received update: /ndn/gr-site/gr/svs_core/gr=11, 1742605285994
Received update: /ndn/ge-site/ge/svs_core/ge=11, 1742605286539
Received update: /ndn/lv-site/lv/svs_core/lv=11, 1742605286539
Received update: /ndn/si-site/si/svs_core/si=11, 1742605286539
Received update: /ndn/fr1-site/fr1/svs_core/fr1=11, 1742605288981
Received update: /ndn/de1-site/de1/svs_core/de1=11, 1742605290339
Received update: /ndn/am-site/am/svs_core/am=11, 1742605291356
Received update: /ndn/ie-site/ie/svs_core/ie=11, 1742605291356
Received update: /ndn/dk-site/dk/svs_core/dk=11, 1742605291961
Received update: /ndn/fi-site/fi/svs_core/fi=11, 1742605292345
Received update: /ndn/hr-site/hr/svs_core/hr=11, 1742605292517
Sending Sync interest
Received update: /ndn/uk-site/uk/svs_core/uk=11, 1742605293029
Received update: /ndn/al-site/al/svs_core/al=11, 1742605293134
Received update: /ndn/md-site/md/svs_core/md=11, 1742605293352
Published sequence number: /ndn/no-site/no/svs_core/no=11, 1742605296658
Sending Sync interest
Received update: /ndn/be-site/be/svs_core/be=12, 1742605299518
Received update: /ndn/ch-site/ch/svs_core/ch=11, 1742605299518
Sending Sync interest
Received update: /ndn/ee-site/ee/svs_core/ee=12, 1742605300010
Received update: /ndn/az-site/az/svs_core/az=12, 1742605307613
Received update: /ndn/hu-site/hu/svs_core/hu=12, 1742605307613
Received update: /ndn/me-site/me/svs_core/me=12, 1742605307613
Received update: /ndn/tr-site/tr/svs_core/tr=12, 1742605307613
Received update: /ndn/fr2-site/fr2/svs_core/fr2=12, 1742605307613
Received update: /ndn/is-site/is/svs_core/is=12, 1742605309212
Received update: /ndn/de2-site/de2/svs_core/de2=12, 1742605309212
Received update: /ndn/pt-site/pt/svs_core/pt=12, 1742605310651
Sending Sync interest
Received update: /ndn/at-site/at/svs_core/at=12, 1742605313366
Received update: /ndn/bg-site/bg/svs_core/bg=12, 1742605314373
Received update: /ndn/il-site/il/svs_core/il=12, 1742605314373
Received update: /ndn/cz-site/cz/svs_core/cz=12, 1742605315158
Received update: /ndn/sk-site/sk/svs_core/sk=12, 1742605315158
Received update: /ndn/rs-site/rs/svs_core/rs=12, 1742605316731
Received update: /ndn/ro-site/ro/svs_core/ro=12, 1742605316811
Sending Sync interest
Received update: /ndn/ua-site/ua/svs_core/ua=12, 1742605317601
Received update: /ndn/mt-site/mt/svs_core/mt=12, 1742605317677
Received update: /ndn/mk-site/mk/svs_core/mk=12, 1742605318014
Received update: /ndn/it-site/it/svs_core/it=12, 1742605319096
Received update: /ndn/lu-site/lu/svs_core/lu=12, 1742605319096
Received update: /ndn/se-site/se/svs_core/se=12, 1742605319096
Received update: /ndn/nl-site/nl/svs_core/nl=12, 1742605323243
Received update: /ndn/es-site/es/svs_core/es=12, 1742605323289
Received update: /ndn/lt-site/lt/svs_core/lt=12, 1742605324026
Received update: /ndn/cy-site/cy/svs_core/cy=12, 1742605330535
Received update: /ndn/ge-site/ge/svs_core/ge=12, 1742605330535
Received update: /ndn/pl-site/pl/svs_core/pl=12, 1742605330535
Received update: /ndn/si-site/si/svs_core/si=12, 1742605330761
Received update: /ndn/am-site/am/svs_core/am=12, 1742605330800
Received update: /ndn/by-site/by/svs_core/by=12, 1742605330800
Received update: /ndn/al-site/al/svs_core/al=12, 1742605331132
Received update: /ndn/gr-site/gr/svs_core/gr=12, 1742605331500
Received update: /ndn/lv-site/lv/svs_core/lv=12, 1742605331500
Received update: /ndn/ie-site/ie/svs_core/ie=12, 1742605331846
Received update: /ndn/fr1-site/fr1/svs_core/fr1=12, 1742605333978
Received update: /ndn/de1-site/de1/svs_core/de1=12, 1742605335385
Received update: /ndn/dk-site/dk/svs_core/dk=12, 1742605336969
Received update: /ndn/fi-site/fi/svs_core/fi=12, 1742605337351
Sending Sync interest
Received update: /ndn/hr-site/hr/svs_core/hr=12, 1742605337954
Received update: /ndn/uk-site/uk/svs_core/uk=12, 1742605338415
Received update: /ndn/ch-site/ch/svs_core/ch=12, 1742605340928
Received update: /ndn/md-site/md/svs_core/md=12, 1742605340928
Published sequence number: /ndn/no-site/no/svs_core/no=12, 1742605341659
Sending Sync interest
Received update: /ndn/be-site/be/svs_core/be=13, 1742605344579
Sending Sync interest
Received update: /ndn/ee-site/ee/svs_core/ee=13, 1742605345042
Sending Sync interest
Sending Sync interest
Received update: /ndn/hu-site/hu/svs_core/hu=13, 1742605350428
Received update: /ndn/tr-site/tr/svs_core/tr=13, 1742605350428
Received update: /ndn/fr2-site/fr2/svs_core/fr2=13, 1742605351745
Received update: /ndn/az-site/az/svs_core/az=13, 1742605352961
Received update: /ndn/de2-site/de2/svs_core/de2=13, 1742605352961
Received update: /ndn/pt-site/pt/svs_core/pt=13, 1742605355517
Received update: /ndn/is-site/is/svs_core/is=13, 1742605355602
Received update: /ndn/me-site/me/svs_core/me=13, 1742605355602
Received update: /ndn/cz-site/cz/svs_core/cz=13, 1742605360396
Received update: /ndn/il-site/il/svs_core/il=13, 1742605360396
Received update: /ndn/sk-site/sk/svs_core/sk=13, 1742605360396
Received update: /ndn/at-site/at/svs_core/at=13, 1742605360442
Received update: /ndn/bg-site/bg/svs_core/bg=13, 1742605361718
Received update: /ndn/rs-site/rs/svs_core/rs=13, 1742605361718
Received update: /ndn/ua-site/ua/svs_core/ua=13, 1742605361829
Received update: /ndn/mt-site/mt/svs_core/mt=13, 1742605362293
Received update: /ndn/ro-site/ro/svs_core/ro=13, 1742605362449
Received update: /ndn/mk-site/mk/svs_core/mk=13, 1742605362580
Received update: /ndn/it-site/it/svs_core/it=13, 1742605363345
Received update: /ndn/lu-site/lu/svs_core/lu=13, 1742605363720
Received update: /ndn/lt-site/lt/svs_core/lt=13, 1742605368159
Sending Sync interest
Received update: /ndn/es-site/es/svs_core/es=13, 1742605368359
Received update: /ndn/se-site/se/svs_core/se=13, 1742605368359
Received update: /ndn/nl-site/nl/svs_core/nl=13, 1742605368621
Sending Sync interest
Received update: /ndn/pl-site/pl/svs_core/pl=13, 1742605369955
Received update: /ndn/cy-site/cy/svs_core/cy=13, 1742605371535
Received update: /ndn/am-site/am/svs_core/am=13, 1742605373795
Received update: /ndn/si-site/si/svs_core/si=13, 1742605374353
Received update: /ndn/by-site/by/svs_core/by=13, 1742605375668
Received update: /ndn/lv-site/lv/svs_core/lv=13, 1742605375761
Received update: /ndn/ge-site/ge/svs_core/ge=13, 1742605375905
Received update: /ndn/gr-site/gr/svs_core/gr=13, 1742605376152
Received update: /ndn/al-site/al/svs_core/al=13, 1742605376254
Received update: /ndn/ie-site/ie/svs_core/ie=13, 1742605376565
Received update: /ndn/fr1-site/fr1/svs_core/fr1=13, 1742605378983
Received update: /ndn/de1-site/de1/svs_core/de1=13, 1742605380514
Received update: /ndn/dk-site/dk/svs_core/dk=13, 1742605381967
Received update: /ndn/uk-site/uk/svs_core/uk=13, 1742605383034
Sending Sync interest
Published sequence number: /ndn/no-site/no/svs_core/no=13, 1742605386661
Sending Sync interest
Received update: /ndn/fi-site/fi/svs_core/fi=13, 1742605387000
Received update: /ndn/ch-site/ch/svs_core/ch=13, 1742605387209
Received update: /ndn/hr-site/hr/svs_core/hr=13, 1742605387209
Sending Sync interest
Sending Sync interest
Received update: /ndn/md-site/md/svs_core/md=13, 1742605387752
Sending Sync interest
Received update: /ndn/be-site/be/svs_core/be=14, 1742605389529
Received update: /ndn/ee-site/ee/svs_core/ee=14, 1742605389529
Received update: /ndn/tr-site/tr/svs_core/tr=14, 1742605392424
Received update: /ndn/az-site/az/svs_core/az=14, 1742605396794
Received update: /ndn/fr2-site/fr2/svs_core/fr2=14, 1742605396794
Received update: /ndn/hu-site/hu/svs_core/hu=14, 1742605397083
Received update: /ndn/me-site/me/svs_core/me=14, 1742605397550
Received update: /ndn/de2-site/de2/svs_core/de2=14, 1742605397968
Received update: /ndn/is-site/is/svs_core/is=14, 1742605399209
Received update: /ndn/pt-site/pt/svs_core/pt=14, 1742605400439
Received update: /ndn/at-site/at/svs_core/at=14, 1742605404412
Received update: /ndn/il-site/il/svs_core/il=14, 1742605404412
Received update: /ndn/cz-site/cz/svs_core/cz=14, 1742605404805
Received update: /ndn/bg-site/bg/svs_core/bg=14, 1742605405354
Received update: /ndn/rs-site/rs/svs_core/rs=14, 1742605406733
Received update: /ndn/mt-site/mt/svs_core/mt=14, 1742605406854
Received update: /ndn/ro-site/ro/svs_core/ro=14, 1742605406970
Received update: /ndn/sk-site/sk/svs_core/sk=14, 1742605406970
Received update: /ndn/se-site/se/svs_core/se=14, 1742605409095
Received update: /ndn/lu-site/lu/svs_core/lu=14, 1742605409342
Received update: /ndn/mk-site/mk/svs_core/mk=14, 1742605409342
Received update: /ndn/ua-site/ua/svs_core/ua=14, 1742605409342
Received update: /ndn/it-site/it/svs_core/it=14, 1742605409496
Received update: /ndn/es-site/es/svs_core/es=14, 1742605415004
Received update: /ndn/lt-site/lt/svs_core/lt=14, 1742605415004
Received update: /ndn/nl-site/nl/svs_core/nl=14, 1742605415004
Received update: /ndn/pl-site/pl/svs_core/pl=14, 1742605415004
Received update: /ndn/am-site/am/svs_core/am=14, 1742605418811
Received update: /ndn/cy-site/cy/svs_core/cy=14, 1742605418811
Received update: /ndn/gr-site/gr/svs_core/gr=14, 1742605421034
Received update: /ndn/si-site/si/svs_core/si=14, 1742605421034
Received update: /ndn/lv-site/lv/svs_core/lv=14, 1742605421314
Received update: /ndn/by-site/by/svs_core/by=14, 1742605421570
Received update: /ndn/ie-site/ie/svs_core/ie=14, 1742605421692
Received update: /ndn/ge-site/ge/svs_core/ge=14, 1742605421764
Received update: /ndn/al-site/al/svs_core/al=14, 1742605421894
Received update: /ndn/de1-site/de1/svs_core/de1=14, 1742605425476
Received update: /ndn/fr1-site/fr1/svs_core/fr1=14, 1742605425627
Received update: /ndn/fi-site/fi/svs_core/fi=14, 1742605427357
Received update: /ndn/dk-site/dk/svs_core/dk=14, 1742605427438
Received update: /ndn/hr-site/hr/svs_core/hr=14, 1742605427438
Received update: /ndn/md-site/md/svs_core/md=14, 1742605428450
Received update: /ndn/uk-site/uk/svs_core/uk=14, 1742605428450
Published sequence number: /ndn/no-site/no/svs_core/no=14, 1742605431667
Sending Sync interest
Received update: /ndn/ee-site/ee/svs_core/ee=15, 1742605434278
Sending Sync interest
Received update: /ndn/be-site/be/svs_core/be=15, 1742605434491
Received update: /ndn/ch-site/ch/svs_core/ch=14, 1742605434645
Sending Sync interest
Sending Sync interest
Received update: /ndn/tr-site/tr/svs_core/tr=15, 1742605437435
Received update: /ndn/az-site/az/svs_core/az=15, 1742605440341
Received update: /ndn/hu-site/hu/svs_core/hu=15, 1742605440341
Received update: /ndn/fr2-site/fr2/svs_core/fr2=15, 1742605441799
Received update: /ndn/de2-site/de2/svs_core/de2=15, 1742605442968
Received update: /ndn/is-site/is/svs_core/is=15, 1742605444209
Received update: /ndn/me-site/me/svs_core/me=15, 1742605444640
Received update: /ndn/at-site/at/svs_core/at=15, 1742605448299
Received update: /ndn/pt-site/pt/svs_core/pt=15, 1742605448484
Received update: /ndn/bg-site/bg/svs_core/bg=15, 1742605449030
Received update: /ndn/il-site/il/svs_core/il=15, 1742605449413
Received update: /ndn/sk-site/sk/svs_core/sk=15, 1742605450135
Received update: /ndn/cz-site/cz/svs_core/cz=15, 1742605450416
Received update: /ndn/rs-site/rs/svs_core/rs=15, 1742605452119
Received update: /ndn/ua-site/ua/svs_core/ua=15, 1742605452119
Received update: /ndn/mt-site/mt/svs_core/mt=15, 1742605452504
Received update: /ndn/ro-site/ro/svs_core/ro=15, 1742605452849
Received update: /ndn/it-site/it/svs_core/it=15, 1742605453272
Received update: /ndn/mk-site/mk/svs_core/mk=15, 1742605453784
Received update: /ndn/lu-site/lu/svs_core/lu=15, 1742605454098
Received update: /ndn/se-site/se/svs_core/se=15, 1742605454098
Received update: /ndn/es-site/es/svs_core/es=15, 1742605458929
Received update: /ndn/nl-site/nl/svs_core/nl=15, 1742605458929
Received update: /ndn/lt-site/lt/svs_core/lt=15, 1742605459189
Received update: /ndn/cy-site/cy/svs_core/cy=15, 1742605461548
Received update: /ndn/pl-site/pl/svs_core/pl=15, 1742605461548
Received update: /ndn/lv-site/lv/svs_core/lv=15, 1742605462521
Sending Sync interest
Received update: /ndn/al-site/al/svs_core/al=15, 1742605465313
Received update: /ndn/ge-site/ge/svs_core/ge=15, 1742605465313
Received update: /ndn/si-site/si/svs_core/si=15, 1742605465313
Received update: /ndn/am-site/am/svs_core/am=15, 1742605465386
Received update: /ndn/gr-site/gr/svs_core/gr=15, 1742605466181
Received update: /ndn/by-site/by/svs_core/by=15, 1742605466713
Received update: /ndn/ie-site/ie/svs_core/ie=15, 1742605466962
Received update: /ndn/de1-site/de1/svs_core/de1=15, 1742605470944
Received update: /ndn/fr1-site/fr1/svs_core/fr1=15, 1742605470944
Received update: /ndn/dk-site/dk/svs_core/dk=15, 1742605471974
Received update: /ndn/hr-site/hr/svs_core/hr=15, 1742605472441
Received update: /ndn/fi-site/fi/svs_core/fi=15, 1742605473315
Received update: /ndn/uk-site/uk/svs_core/uk=15, 1742605473315
Received update: /ndn/md-site/md/svs_core/md=15, 1742605473340
Received update: /ndn/ch-site/ch/svs_core/ch=15, 1742605475864
Published sequence number: /ndn/no-site/no/svs_core/no=15, 1742605476672
Sending Sync interest
Received update: /ndn/ee-site/ee/svs_core/ee=16, 1742605479282
Sending Sync interest
Received update: /ndn/tr-site/tr/svs_core/tr=16, 1742605482393
Received update: /ndn/be-site/be/svs_core/be=16, 1742605482624
Sending Sync interest
Received update: /ndn/hu-site/hu/svs_core/hu=16, 1742605487619
Received update: /ndn/me-site/me/svs_core/me=16, 1742605487619
Received update: /ndn/az-site/az/svs_core/az=16, 1742605487975
Received update: /ndn/de2-site/de2/svs_core/de2=16, 1742605487975
Received update: /ndn/fr2-site/fr2/svs_core/fr2=16, 1742605488218
Received update: /ndn/pt-site/pt/svs_core/pt=16, 1742605490454
Received update: /ndn/is-site/is/svs_core/is=16, 1742605490738
Received update: /ndn/at-site/at/svs_core/at=16, 1742605494084
Received update: /ndn/bg-site/bg/svs_core/bg=16, 1742605494084
Received update: /ndn/cz-site/cz/svs_core/cz=16, 1742605495142
Received update: /ndn/sk-site/sk/svs_core/sk=16, 1742605495142
Received update: /ndn/rs-site/rs/svs_core/rs=16, 1742605496736
Received update: /ndn/il-site/il/svs_core/il=16, 1742605496800
Received update: /ndn/ua-site/ua/svs_core/ua=16, 1742605496800
Received update: /ndn/ro-site/ro/svs_core/ro=16, 1742605496823
Received update: /ndn/mt-site/mt/svs_core/mt=16, 1742605496899
Received update: /ndn/mk-site/mk/svs_core/mk=16, 1742605497497
Received update: /ndn/it-site/it/svs_core/it=16, 1742605498318
Received update: /ndn/lu-site/lu/svs_core/lu=16, 1742605498761
Received update: /ndn/lt-site/lt/svs_core/lt=16, 1742605503094
Received update: /ndn/nl-site/nl/svs_core/nl=16, 1742605503262
Received update: /ndn/se-site/se/svs_core/se=16, 1742605503479
Received update: /ndn/es-site/es/svs_core/es=16, 1742605503557
Sending Sync interest
Received update: /ndn/pl-site/pl/svs_core/pl=16, 1742605505016
Received update: /ndn/lv-site/lv/svs_core/lv=16, 1742605507526
Received update: /ndn/am-site/am/svs_core/am=16, 1742605508835
Received update: /ndn/si-site/si/svs_core/si=16, 1742605509452
Received update: /ndn/by-site/by/svs_core/by=16, 1742605510841
Received update: /ndn/al-site/al/svs_core/al=16, 1742605510917
Received update: /ndn/gr-site/gr/svs_core/gr=16, 1742605511088
Received update: /ndn/ge-site/ge/svs_core/ge=16, 1742605511107
Received update: /ndn/ie-site/ie/svs_core/ie=16, 1742605511395
Received update: /ndn/fr1-site/fr1/svs_core/fr1=16, 1742605514038
Received update: /ndn/de1-site/de1/svs_core/de1=16, 1742605515361
Received update: /ndn/dk-site/dk/svs_core/dk=16, 1742605516995
Received update: /ndn/fi-site/fi/svs_core/fi=16, 1742605517360
Received update: /ndn/hr-site/hr/svs_core/hr=16, 1742605517441
Received update: /ndn/uk-site/uk/svs_core/uk=16, 1742605518131
Published sequence number: /ndn/no-site/no/svs_core/no=16, 1742605521674
Sending Sync interest
Received update: /ndn/ch-site/ch/svs_core/ch=16, 1742605522077
Sending Sync interest
Received update: /ndn/md-site/md/svs_core/md=16, 1742605548069
Received update: /ndn/cy-site/cy/svs_core/cy=16, 1742605548112
Stopping SVS client: /ndn/no-site/no/svs_core/no
